Building DAG of jobs...
Using shell: /usr/bin/bash
Provided cores: 40
Rules claiming more threads will be scaled down.
Job counts:
	count	jobs
	1	inference_simulation_TMB_multiple
	1
Select jobs to execute...

[Sun Aug 15 14:35:52 2021]
rule inference_simulation_TMB_multiple:
    input: ../data/assessing_models_simulation/datasets/multiple_GenerationCnorm_50_100_10_4_4_NA_NA_NA_dataset0.RDS
    output: ../data/assessing_models_simulation/inference_results/TMB/nlminb/multiple_GenerationCnorm_50_100_10_4_4_fullREDMsinglelambda_NA_NA_NA_dataset0.RDS
    log: logs/inference/nlminb/simulation_GenerationCnorm_50_100_10_4_4_ModelfullREDMsinglelambda_NA_NA_NA_dataset0.log
    jobid: 0
    wildcards: optimiser=nlminb, datasetgeneration=GenerationCnorm, n=50, nlambda=100, lmbda=10, d=4, beta_intensity=4, model=fullREDMsinglelambda, fixed_beta_intercept=NA, fixed_beta_slope=NA, sdRE_input=NA, itnum=0

Rscript 2_inference_TMB/run_TMB.R --input ../data/assessing_models_simulation/datasets/multiple_GenerationCnorm_50_100_10_4_4_NA_NA_NA_dataset0.RDS --output ../data/assessing_models_simulation/inference_results/TMB/nlminb/multiple_GenerationCnorm_50_100_10_4_4_fullREDMsinglelambda_NA_NA_NA_dataset0.RDS --model fullREDMsinglelambda --optimiser nlminb
Model: fullREDMsinglelambda 
Feature type: signatures 
Using nlminb: TRUE 
Simulation boolean: TRUE 
make: Nothing to be done for 'all'.
../data/assessing_models_simulation/datasets/multiple_GenerationCnorm_50_100_10_4_4_NA_NA_NA_dataset0.RDS[1] "../data/assessing_models_simulation/datasets/multiple_GenerationCnorm_50_100_10_4_4_NA_NA_NA_dataset0.RDS"
Reading file ../data/assessing_models_simulation/datasets/multiple_GenerationCnorm_50_100_10_4_4_NA_NA_NA_dataset0.RDS 
Loading required package: nnet
# weights:  12 (6 variable)
initial  value 13908.691325 
iter  10 value 11310.323014
final  value 11297.345489 
converged
Order of parameters:
[1] "beta"       "u_large"    "logs_sd_RE" "cov_par_RE" "log_lambda"
Not matching template order:
[1] "beta"       "logs_sd_RE" "cov_par_RE" "log_lambda" "u_large"   
Your parameter list has been re-ordered.
(Disable this warning with checkParameterOrder=FALSE)
Constructing atomic invpd
Constructing atomic D_lgamma
Constructing atomic invpd
Constructing atomic D_lgamma
Constructing atomic matmul
Constructing atomic invpd
Constructing atomic D_lgamma
Constructing atomic matmul
Optimizing tape... Done
iter: 1  value: 11215.72 mgc: 4.041399 ustep: 1 
iter: 2  value: 11212.6 mgc: 3.54224 ustep: 0.989901 
iter: 3  value: 11196.88 mgc: 5.922523 ustep: 0.9949382 
iter: 4  value: 11193.58 mgc: 1.804601 ustep: 0.9974661 
iter: 5  value: 11192.54 mgc: 1.534621 ustep: 0.9987324 
iter: 6  value: 11192.4 mgc: 0.5819482 ustep: 0.9993661 
iter: 7  value: 11192.39 mgc: 0.03768952 ustep: 0.999683 
iter: 8  value: 11192.39 mgc: 0.0003156951 ustep: 0.9998415 
iter: 9  value: 11192.39 mgc: 1.558769e-07 ustep: 0.9999208 
iter: 10  mgc: 3.4033e-11 
iter: 1  mgc: 3.4033e-11 
Matching hessian patterns... Done
outer mgc:  149.7751 
iter: 1  value: 11078.35 mgc: 1.25958 ustep: 1 
iter: 2  value: 11078.33 mgc: 0.1062313 ustep: 1 
iter: 3  value: 11078.33 mgc: 0.0007616361 ustep: 1 
iter: 4  value: 11078.33 mgc: 3.240159e-08 ustep: 1 
iter: 5  mgc: 1.165734e-15 
iter: 1  mgc: 1.165734e-15 
outer mgc:  50.62166 
iter: 1  value: 10972.54 mgc: 1.411035 ustep: 1 
iter: 2  value: 10972.53 mgc: 0.06287603 ustep: 1 
iter: 3  value: 10972.53 mgc: 0.000291824 ustep: 1 
iter: 4  value: 10972.53 mgc: 2.572814e-08 ustep: 1 
iter: 5  mgc: 2.220446e-15 
iter: 1  value: 10786.3 mgc: 17.60881 ustep: 1 
iter: 2  value: 10784.33 mgc: 0.9182054 ustep: 1 
iter: 3  value: 10784.32 mgc: 0.0625542 ustep: 1 
iter: 4  value: 10784.32 mgc: 7.695167e-05 ustep: 1 
iter: 5  mgc: 6.493559e-10 
iter: 1  mgc: 6.493559e-10 
outer mgc:  99.52426 
iter: 1  value: 10528.9 mgc: 56.0062 ustep: 1 
iter: 2  value: 10527.63 mgc: 1.029325 ustep: 1 
iter: 3  value: 10527.63 mgc: 0.01618817 ustep: 1 
iter: 4  value: 10527.63 mgc: 7.614349e-07 ustep: 1 
iter: 5  mgc: 4.32987e-15 
iter: 1  mgc: 4.32987e-15 
outer mgc:  114.2253 
iter: 1  value: 10398.8 mgc: 41.57141 ustep: 1 
iter: 2  value: 10398.66 mgc: 1.126213 ustep: 1 
iter: 3  value: 10398.66 mgc: 0.006121994 ustep: 1 
iter: 4  value: 10398.66 mgc: 1.353265e-07 ustep: 1 
iter: 5  mgc: 3.197442e-14 
iter: 1  mgc: 3.197442e-14 
outer mgc:  155.9605 
iter: 1  value: 11645.08 mgc: 124.1765 ustep: 1 
iter: 2  value: 11490.33 mgc: 38.35206 ustep: 1 
iter: 3  value: 11488.92 mgc: 3.508119 ustep: 1 
iter: 4  value: 11488.92 mgc: 0.1008381 ustep: 1 
iter: 5  value: 11488.92 mgc: 0.0003254693 ustep: 1 
iter: 6  mgc: 3.160778e-09 
iter: 1  value: 10337.53 mgc: 4.07931 ustep: 1 
iter: 2  value: 10337.5 mgc: 0.1743438 ustep: 1 
iter: 3  value: 10337.5 mgc: 0.0001884855 ustep: 1 
iter: 4  mgc: 2.249021e-10 
iter: 1  mgc: 2.249021e-10 
outer mgc:  37.10105 
iter: 1  value: 10311.68 mgc: 7.02104 ustep: 1 
iter: 2  value: 10311.68 mgc: 0.007966561 ustep: 1 
iter: 3  value: 10311.68 mgc: 4.078812e-08 ustep: 1 
mgc: 1.865175e-14 
iter: 1  mgc: 1.865175e-14 
outer mgc:  35.28926 
iter: 1  value: 10298.18 mgc: 7.314272 ustep: 1 
iter: 2  value: 10298.18 mgc: 0.01510276 ustep: 1 
iter: 3  value: 10298.18 mgc: 1.121377e-06 ustep: 1 
iter: 4  mgc: 2.176037e-14 
iter: 1  mgc: 2.176037e-14 
outer mgc:  61.64655 
iter: 1  value: 10265.33 mgc: 10.0553 ustep: 1 
iter: 2  value: 10265.33 mgc: 0.02321302 ustep: 1 
iter: 3  value: 10265.33 mgc: 6.756732e-07 ustep: 1 
iter: 4  mgc: 1.088019e-14 
iter: 1  mgc: 1.088019e-14 
outer mgc:  35.95727 
iter: 1  value: 10230.73 mgc: 7.592004 ustep: 1 
iter: 2  value: 10230.73 mgc: 0.006806863 ustep: 1 
iter: 3  value: 10230.73 mgc: 1.942571e-07 ustep: 1 
iter: 4  mgc: 1.34337e-14 
iter: 1  mgc: 1.34337e-14 
outer mgc:  17.33996 
iter: 1  value: 10204.38 mgc: 19.93079 ustep: 1 
iter: 2  value: 10204.38 mgc: 0.01071001 ustep: 1 
iter: 3  value: 10204.38 mgc: 6.546151e-07 ustep: 1 
iter: 4  mgc: 1.665335e-14 
iter: 1  mgc: 1.665335e-14 
outer mgc:  29.57548 
iter: 1  value: 10178.6 mgc: 45.98196 ustep: 1 
iter: 2  value: 10178.6 mgc: 0.04141988 ustep: 1 
iter: 3  value: 10178.6 mgc: 1.134879e-07 ustep: 1 
mgc: 1.465494e-14 
iter: 1  mgc: 1.465494e-14 
outer mgc:  46.91789 
iter: 1  value: 10164.05 mgc: 28.45251 ustep: 1 
iter: 2  value: 10164.05 mgc: 0.004455507 ustep: 1 
iter: 3  value: 10164.05 mgc: 1.950662e-08 ustep: 1 
mgc: 1.509903e-14 
iter: 1  mgc: 1.509903e-14 
outer mgc:  22.10376 
iter: 1  value: 10189.63 mgc: 13.69333 ustep: 1 
iter: 2  value: 10189.63 mgc: 0.005226772 ustep: 1 
iter: 3  value: 10189.63 mgc: 2.546247e-08 ustep: 1 
mgc: 6.883383e-15 
iter: 1  value: 10165.99 mgc: 4.56141 ustep: 1 
iter: 2  value: 10165.99 mgc: 0.0005274932 ustep: 1 
iter: 3  mgc: 1.320206e-10 
iter: 1  mgc: 1.320206e-10 
outer mgc:  16.96694 
iter: 1  value: 10166.85 mgc: 5.861454 ustep: 1 
iter: 2  value: 10166.85 mgc: 0.0009979919 ustep: 1 
iter: 3  mgc: 3.689937e-11 
iter: 1  value: 10165.82 mgc: 1.235085 ustep: 1 
iter: 2  value: 10165.82 mgc: 9.431248e-05 ustep: 1 
iter: 3  mgc: 1.605827e-12 
iter: 1  value: 10164.35 mgc: 0.6027661 ustep: 1 
iter: 2  value: 10164.35 mgc: 1.867676e-05 ustep: 1 
iter: 3  mgc: 9.370282e-14 
iter: 1  mgc: 9.370282e-14 
outer mgc:  9.849685 
iter: 1  value: 10163.79 mgc: 0.5668412 ustep: 1 
iter: 2  value: 10163.79 mgc: 3.217897e-05 ustep: 1 
iter: 3  mgc: 1.125711e-12 
iter: 1  mgc: 1.125711e-12 
outer mgc:  11.05318 
iter: 1  value: 10164.35 mgc: 0.9152113 ustep: 1 
iter: 2  value: 10164.35 mgc: 2.320461e-05 ustep: 1 
iter: 3  mgc: 1.074696e-13 
iter: 1  mgc: 1.074696e-13 
outer mgc:  6.547611 
iter: 1  value: 10165.93 mgc: 1.918674 ustep: 1 
iter: 2  value: 10165.93 mgc: 1.498984e-05 ustep: 1 
iter: 3  mgc: 7.482903e-14 
iter: 1  mgc: 7.482903e-14 
outer mgc:  3.462849 
iter: 1  value: 10168.32 mgc: 0.6906596 ustep: 1 
iter: 2  value: 10168.32 mgc: 1.100818e-05 ustep: 1 
iter: 3  mgc: 3.819167e-14 
iter: 1  value: 10171.91 mgc: 1.224948 ustep: 1 
iter: 2  value: 10171.91 mgc: 1.219201e-05 ustep: 1 
iter: 3  mgc: 1.829648e-13 
iter: 1  value: 10183.65 mgc: 3.134482 ustep: 1 
iter: 2  value: 10183.65 mgc: 0.0002092676 ustep: 1 
iter: 3  mgc: 2.717027e-11 
iter: 1  mgc: 2.717027e-11 
outer mgc:  4.268078 
iter: 1  value: 10204.43 mgc: 12.64416 ustep: 1 
iter: 2  value: 10204.43 mgc: 0.00152365 ustep: 1 
iter: 3  mgc: 1.460219e-09 
iter: 1  value: 10192.31 mgc: 5.348875 ustep: 1 
iter: 2  value: 10192.31 mgc: 0.0003057499 ustep: 1 
iter: 3  mgc: 2.166223e-11 
iter: 1  mgc: 2.166223e-11 
outer mgc:  5.527355 
iter: 1  value: 10208.45 mgc: 5.71079 ustep: 1 
iter: 2  value: 10208.45 mgc: 0.001871816 ustep: 1 
iter: 3  mgc: 1.211727e-09 
iter: 1  mgc: 1.211727e-09 
outer mgc:  4.569671 
iter: 1  value: 10225.51 mgc: 4.749509 ustep: 1 
iter: 2  value: 10225.51 mgc: 0.004164539 ustep: 1 
iter: 3  mgc: 7.905796e-09 
iter: 1  mgc: 7.905796e-09 
outer mgc:  3.124445 
iter: 1  value: 10244.36 mgc: 1.429278 ustep: 1 
iter: 2  value: 10244.36 mgc: 0.005395117 ustep: 1 
iter: 3  value: 10244.36 mgc: 2.94629e-08 ustep: 1 
iter: 4  mgc: 1.265654e-14 
iter: 1  value: 10297.98 mgc: 3.517521 ustep: 1 
iter: 2  value: 10297.98 mgc: 0.1078805 ustep: 1 
iter: 3  value: 10297.98 mgc: 3.141534e-05 ustep: 1 
iter: 4  mgc: 5.714651e-11 
iter: 1  mgc: 1.265654e-14 
outer mgc:  2.736018 
iter: 1  value: 10279.48 mgc: 6.866977 ustep: 1 
iter: 2  value: 10279.48 mgc: 0.01632564 ustep: 1 
iter: 3  value: 10279.48 mgc: 3.420254e-06 ustep: 1 
iter: 4  mgc: 3.415046e-13 
iter: 1  value: 10313.59 mgc: 5.89525 ustep: 1 
iter: 2  value: 10313.59 mgc: 0.02841855 ustep: 1 
iter: 3  value: 10313.59 mgc: 3.446025e-05 ustep: 1 
iter: 4  mgc: 6.283274e-11 
iter: 1  mgc: 3.415046e-13 
outer mgc:  2.042931 
iter: 1  value: 10308.61 mgc: 2.610608 ustep: 1 
iter: 2  value: 10308.61 mgc: 0.02068576 ustep: 1 
iter: 3  value: 10308.61 mgc: 1.677202e-05 ustep: 1 
iter: 4  mgc: 1.88255e-11 
iter: 1  mgc: 1.88255e-11 
outer mgc:  2.142236 
iter: 1  value: 10295.83 mgc: 8.381776 ustep: 1 
iter: 2  value: 10295.83 mgc: 0.0130476 ustep: 1 
iter: 3  value: 10295.83 mgc: 4.750549e-06 ustep: 1 
iter: 4  mgc: 3.330669e-13 
iter: 1  mgc: 3.330669e-13 
outer mgc:  2.641993 
iter: 1  value: 10267.66 mgc: 17.67932 ustep: 1 
iter: 2  value: 10267.66 mgc: 0.01028786 ustep: 1 
iter: 3  value: 10267.66 mgc: 2.908308e-06 ustep: 1 
iter: 4  mgc: 2.567946e-13 
iter: 1  mgc: 2.567946e-13 
outer mgc:  2.142664 
iter: 1  value: 10278.42 mgc: 2.907057 ustep: 1 
iter: 2  value: 10278.42 mgc: 0.0075437 ustep: 1 
iter: 3  value: 10278.42 mgc: 1.6421e-07 ustep: 1 
iter: 4  mgc: 1.376677e-14 
iter: 1  mgc: 1.376677e-14 
outer mgc:  3.108337 
iter: 1  value: 10284.76 mgc: 13.77946 ustep: 1 
iter: 2  value: 10284.76 mgc: 0.01535551 ustep: 1 
iter: 3  value: 10284.76 mgc: 1.538208e-06 ustep: 1 
iter: 4  mgc: 6.838974e-14 
iter: 1  mgc: 6.838974e-14 
outer mgc:  3.49848 
iter: 1  value: 10283.04 mgc: 5.729504 ustep: 1 
iter: 2  value: 10283.04 mgc: 0.002901934 ustep: 1 
iter: 3  value: 10283.04 mgc: 1.384317e-08 ustep: 1 
iter: 4  mgc: 1.554312e-14 
iter: 1  mgc: 1.554312e-14 
outer mgc:  1.661122 
iter: 1  value: 10278.87 mgc: 2.008711 ustep: 1 
iter: 2  value: 10278.87 mgc: 0.0002813076 ustep: 1 
iter: 3  mgc: 2.048845e-09 
iter: 1  mgc: 2.048845e-09 
outer mgc:  0.1945959 
iter: 1  value: 10276.61 mgc: 0.4587401 ustep: 1 
iter: 2  value: 10276.61 mgc: 5.203048e-05 ustep: 1 
iter: 3  mgc: 6.557421e-12 
iter: 1  value: 10271.61 mgc: 1.296784 ustep: 1 
iter: 2  value: 10271.61 mgc: 0.0003032919 ustep: 1 
iter: 3  mgc: 1.650853e-10 
iter: 1  mgc: 1.650853e-10 
outer mgc:  0.6469141 
iter: 1  value: 10263.11 mgc: 1.432433 ustep: 1 
iter: 2  value: 10263.11 mgc: 3.804523e-05 ustep: 1 
iter: 3  mgc: 1.799128e-11 
iter: 1  mgc: 1.799128e-11 
outer mgc:  0.8830213 
iter: 1  value: 10252.02 mgc: 9.490812 ustep: 1 
iter: 2  value: 10252.02 mgc: 0.0001727678 ustep: 1 
iter: 3  mgc: 1.698448e-09 
iter: 1  mgc: 1.698448e-09 
outer mgc:  0.4152438 
iter: 1  value: 10239.32 mgc: 4.229875 ustep: 1 
iter: 2  value: 10239.32 mgc: 0.0001841468 ustep: 1 
iter: 3  mgc: 1.663548e-10 
iter: 1  mgc: 1.663548e-10 
outer mgc:  0.2690523 
iter: 1  value: 10231.02 mgc: 7.645748 ustep: 1 
iter: 2  value: 10231.02 mgc: 5.322231e-05 ustep: 1 
iter: 3  mgc: 1.753856e-10 
iter: 1  mgc: 1.753856e-10 
outer mgc:  0.1559163 
iter: 1  value: 10216.37 mgc: 9.077611 ustep: 1 
iter: 2  value: 10216.37 mgc: 7.761028e-05 ustep: 1 
iter: 3  mgc: 1.720668e-11 
iter: 1  mgc: 1.720668e-11 
outer mgc:  0.2653009 
iter: 1  value: 10203.88 mgc: 9.657136 ustep: 1 
iter: 2  value: 10203.88 mgc: 7.92866e-05 ustep: 1 
iter: 3  mgc: 3.352074e-11 
iter: 1  mgc: 3.352074e-11 
outer mgc:  0.03016221 
iter: 1  value: 10192.71 mgc: 10.94253 ustep: 1 
iter: 2  value: 10192.71 mgc: 5.58349e-05 ustep: 1 
iter: 3  mgc: 1.826628e-11 
iter: 1  mgc: 1.826628e-11 
outer mgc:  0.03644912 
iter: 1  value: 10178.8 mgc: 19.38627 ustep: 1 
iter: 2  value: 10178.8 mgc: 6.352275e-05 ustep: 1 
iter: 3  mgc: 2.474909e-11 
iter: 1  mgc: 2.474909e-11 
outer mgc:  0.05377796 
iter: 1  value: 10166.6 mgc: 23.7228 ustep: 1 
iter: 2  value: 10166.6 mgc: 3.175524e-05 ustep: 1 
iter: 3  mgc: 6.067147e-12 
iter: 1  mgc: 6.067147e-12 
outer mgc:  0.03379985 
iter: 1  value: 10155.69 mgc: 29.48989 ustep: 1 
iter: 2  value: 10155.69 mgc: 9.416387e-06 ustep: 1 
iter: 3  mgc: 1.987299e-12 
iter: 1  mgc: 1.987299e-12 
outer mgc:  0.03562458 
iter: 1  value: 10141.73 mgc: 58.53063 ustep: 1 
iter: 2  value: 10141.73 mgc: 9.615983e-06 ustep: 1 
iter: 3  mgc: 3.36009e-12 
iter: 1  mgc: 3.36009e-12 
outer mgc:  0.01892993 
iter: 1  value: 10129.44 mgc: 76.61396 ustep: 1 
iter: 2  value: 10129.44 mgc: 1.439246e-06 ustep: 1 
iter: 3  mgc: 7.42939e-12 
iter: 1  mgc: 7.42939e-12 
outer mgc:  0.01817679 
iter: 1  value: 10118.51 mgc: 93.40077 ustep: 1 
iter: 2  value: 10118.51 mgc: 7.954475e-07 ustep: 1 
iter: 3  mgc: 2.295403e-11 
iter: 1  mgc: 2.295403e-11 
outer mgc:  0.008627767 
iter: 1  value: 10108.73 mgc: 114.2705 ustep: 1 
iter: 2  value: 10108.73 mgc: 4.9932e-07 ustep: 1 
iter: 3  mgc: 1.248335e-11 
iter: 1  mgc: 1.248335e-11 
outer mgc:  0.00335136 
iter: 1  value: 10102.3 mgc: 89.1229 ustep: 1 
iter: 2  value: 10102.3 mgc: 1.992734e-07 ustep: 1 
iter: 3  mgc: 3.586664e-11 
iter: 1  mgc: 3.586664e-11 
outer mgc:  0.001995848 
iter: 1  value: 10098.97 mgc: 50.71599 ustep: 1 
iter: 2  value: 10098.97 mgc: 5.031923e-08 ustep: 1 
mgc: 3.266432e-11 
iter: 1  mgc: 3.266432e-11 
outer mgc:  0.0007287015 
iter: 1  value: 10097.87 mgc: 16.85887 ustep: 1 
iter: 2  mgc: 4.192925e-09 
iter: 1  mgc: 4.192925e-09 
outer mgc:  0.0005402109 
iter: 1  mgc: 4.192925e-09 
iter: 1  mgc: 4.192925e-09 
outer mgc:  0.0005402109 
iter: 1  value: 10097.87 mgc: 0.005693997 ustep: 1 
iter: 2  value: 10097.87 mgc: 1.030653e-08 ustep: 1 
iter: 3  mgc: 4.115108e-11 
outer mgc:  0.2024251 
iter: 1  value: 10097.86 mgc: 0.005691682 ustep: 1 
iter: 2  value: 10097.86 mgc: 1.030625e-08 ustep: 1 
iter: 3  mgc: 2.018119e-11 
outer mgc:  0.2033798 
iter: 1  value: 10097.87 mgc: 0.003340608 ustep: 1 
iter: 2  mgc: 6.124796e-09 
outer mgc:  0.1284728 
iter: 1  value: 10097.86 mgc: 0.003340484 ustep: 1 
iter: 2  mgc: 6.125052e-09 
outer mgc:  0.1290087 
iter: 1  value: 10097.86 mgc: 0.004585979 ustep: 1 
iter: 2  value: 10097.86 mgc: 7.405327e-08 ustep: 1 
iter: 3  mgc: 4.277978e-11 
outer mgc:  0.1550106 
iter: 1  value: 10097.87 mgc: 0.004583103 ustep: 1 
iter: 2  value: 10097.87 mgc: 7.401318e-08 ustep: 1 
iter: 3  mgc: 2.33189e-11 
outer mgc:  0.1548433 
iter: 1  value: 10097.86 mgc: 0.001983196 ustep: 1 
iter: 2  mgc: 5.985348e-09 
outer mgc:  0.05568495 
iter: 1  value: 10097.87 mgc: 0.001981852 ustep: 1 
iter: 2  mgc: 5.976346e-09 
outer mgc:  0.05555092 
iter: 1  value: 10097.87 mgc: 0.006430107 ustep: 1 
iter: 2  value: 10097.87 mgc: 2.413302e-08 ustep: 1 
iter: 3  mgc: 2.649259e-11 
outer mgc:  0.2383526 
iter: 1  value: 10097.86 mgc: 0.006428343 ustep: 1 
iter: 2  value: 10097.86 mgc: 2.414492e-08 ustep: 1 
iter: 3  mgc: 2.77125e-11 
outer mgc:  0.2384433 
iter: 1  value: 10097.87 mgc: 0.0031829 ustep: 1 
iter: 2  mgc: 5.135462e-09 
outer mgc:  0.1352025 
iter: 1  value: 10097.87 mgc: 0.003182018 ustep: 1 
iter: 2  mgc: 5.136307e-09 
outer mgc:  0.1348516 
iter: 1  value: 10097.92 mgc: 147.5575 ustep: 1 
iter: 2  value: 10097.92 mgc: 3.397084e-07 ustep: 1 
iter: 3  mgc: 3.120515e-11 
outer mgc:  0.01807123 
iter: 1  value: 10097.81 mgc: 148.0008 ustep: 1 
iter: 2  value: 10097.81 mgc: 3.392727e-07 ustep: 1 
iter: 3  mgc: 3.639222e-11 
outer mgc:  0.01761172 
iter: 1  value: 10097.9 mgc: 138.2657 ustep: 1 
iter: 2  value: 10097.9 mgc: 1.370978e-06 ustep: 1 
iter: 3  mgc: 3.035749e-11 
outer mgc:  0.0277022 
iter: 1  value: 10097.83 mgc: 138.404 ustep: 1 
iter: 2  value: 10097.83 mgc: 1.36952e-06 ustep: 1 
iter: 3  mgc: 2.751754e-11 
outer mgc:  0.02814125 
iter: 1  value: 10097.91 mgc: 9.441271 ustep: 1 
iter: 2  value: 10097.91 mgc: 5.300922e-07 ustep: 1 
iter: 3  mgc: 3.319445e-11 
outer mgc:  0.01882967 
iter: 1  value: 10097.82 mgc: 9.450717 ustep: 1 
iter: 2  value: 10097.82 mgc: 5.302876e-07 ustep: 1 
iter: 3  mgc: 3.633782e-11 
outer mgc:  0.01900006 
iter: 1  value: 10097.86 mgc: 0.02903738 ustep: 1 
iter: 2  mgc: 2.449224e-11 
outer mgc:  0.0005395417 
iter: 1  value: 10097.87 mgc: 0.02903628 ustep: 1 
iter: 2  mgc: 3.813783e-11 
outer mgc:  0.0005408801 
iter: 1  value: 10097.86 mgc: 0.1031369 ustep: 1 
iter: 2  mgc: 2.197384e-10 
outer mgc:  0.0005294193 
iter: 1  value: 10097.87 mgc: 0.1031348 ustep: 1 
iter: 2  mgc: 2.208238e-10 
outer mgc:  0.0005510052 
iter: 1  value: 10097.87 mgc: 0.3032486 ustep: 1 
iter: 2  mgc: 2.277107e-09 
outer mgc:  0.0007629769 
iter: 1  value: 10097.86 mgc: 0.3034105 ustep: 1 
iter: 2  mgc: 2.277283e-09 
outer mgc:  0.0009452678 
iter: 1  value: 10097.86 mgc: 0.004017529 ustep: 1 
iter: 2  value: 10097.86 mgc: 7.954058e-08 ustep: 1 
iter: 3  mgc: 4.30499e-11 
outer mgc:  0.09714375 
iter: 1  value: 10097.87 mgc: 0.004014666 ustep: 1 
iter: 2  value: 10097.87 mgc: 7.937432e-08 ustep: 1 
iter: 3  mgc: 3.613565e-11 
outer mgc:  0.09730905 
Warning message:
package ‘nnet’ was built under R version 3.6.3 
[Sun Aug 15 14:35:56 2021]
Finished job 0.
1 of 1 steps (100%) done
