Building DAG of jobs...
Using shell: /usr/bin/bash
Provided cores: 40
Rules claiming more threads will be scaled down.
Job counts:
	count	jobs
	1	inference_simulation_TMB_multiple
	1
Select jobs to execute...

[Sun Aug 15 15:54:14 2021]
rule inference_simulation_TMB_multiple:
    input: ../data/assessing_models_simulation/datasets/multiple_GenerationCnorm_100_100_10_7_0.005_NA_NA_NA_dataset1.RDS
    output: ../data/assessing_models_simulation/inference_results/TMB/nlminb/multiple_GenerationCnorm_100_100_10_7_0.005_diagREDMsinglelambda_NA_NA_NA_dataset1.RDS
    log: logs/inference/nlminb/simulation_GenerationCnorm_100_100_10_7_0.005_ModeldiagREDMsinglelambda_NA_NA_NA_dataset1.log
    jobid: 0
    wildcards: optimiser=nlminb, datasetgeneration=GenerationCnorm, n=100, nlambda=100, lmbda=10, d=7, beta_intensity=0.005, model=diagREDMsinglelambda, fixed_beta_intercept=NA, fixed_beta_slope=NA, sdRE_input=NA, itnum=1

Rscript 2_inference_TMB/run_TMB.R --input ../data/assessing_models_simulation/datasets/multiple_GenerationCnorm_100_100_10_7_0.005_NA_NA_NA_dataset1.RDS --output ../data/assessing_models_simulation/inference_results/TMB/nlminb/multiple_GenerationCnorm_100_100_10_7_0.005_diagREDMsinglelambda_NA_NA_NA_dataset1.RDS --model diagREDMsinglelambda --optimiser nlminb
Model: diagREDMsinglelambda 
Feature type: signatures 
Using nlminb: TRUE 
Simulation boolean: TRUE 
make: Nothing to be done for 'all'.
../data/assessing_models_simulation/datasets/multiple_GenerationCnorm_100_100_10_7_0.005_NA_NA_NA_dataset1.RDS[1] "../data/assessing_models_simulation/datasets/multiple_GenerationCnorm_100_100_10_7_0.005_NA_NA_NA_dataset1.RDS"
Reading file ../data/assessing_models_simulation/datasets/multiple_GenerationCnorm_100_100_10_7_0.005_NA_NA_NA_dataset1.RDS 
Loading required package: nnet
# weights:  21 (12 variable)
initial  value 38544.588232 
iter  10 value 36317.960781
final  value 35726.870480 
converged
Constructing atomic invpd
Constructing atomic D_lgamma
Constructing atomic invpd
Constructing atomic D_lgamma
Constructing atomic matmul
Constructing atomic invpd
Constructing atomic D_lgamma
Constructing atomic matmul
Optimizing tape... Done
iter: 1  value: 32690.35 mgc: 6.119871 ustep: 1 
iter: 2  value: 32594.86 mgc: 8.581312 ustep: 1 
iter: 3  value: 32584.53 mgc: 4.656273 ustep: 0.6827823 
iter: 4  value: 32582.22 mgc: 3.903728 ustep: 0.8263238 
iter: 5  value: 32582.2 mgc: 0.2402959 ustep: 0.9090326 
iter: 6  value: 32582.2 mgc: 0.01293066 ustep: 0.9534367 
iter: 7  value: 32582.2 mgc: 0.0003599101 ustep: 0.9764432 
iter: 8  value: 32582.2 mgc: 9.725427e-06 ustep: 0.9881526 
iter: 9  value: 32582.2 mgc: 2.021614e-07 ustep: 0.9940592 
iter: 10  mgc: 2.42352e-09 
iter: 1  mgc: 2.42352e-09 
Matching hessian patterns... Done
outer mgc:  394.7991 
iter: 1  value: 32234.52 mgc: 2.197404 ustep: 1 
iter: 2  value: 32234.15 mgc: 0.5232136 ustep: 1 
iter: 3  value: 32234.15 mgc: 0.008584506 ustep: 1 
iter: 4  value: 32234.15 mgc: 4.733166e-06 ustep: 1 
iter: 5  mgc: 5.774908e-12 
iter: 1  mgc: 5.774908e-12 
outer mgc:  103.7832 
iter: 1  value: 32043.59 mgc: 2.839967 ustep: 1 
iter: 2  value: 32035.77 mgc: 1.901912 ustep: 1 
iter: 3  value: 32035.68 mgc: 0.2631247 ustep: 1 
iter: 4  value: 32035.68 mgc: 0.009353081 ustep: 1 
iter: 5  value: 32035.68 mgc: 2.222221e-05 ustep: 1 
iter: 6  mgc: 1.263048e-10 
iter: 1  value: 31942.4 mgc: 8.735643 ustep: 0.3613154 
iter: 2  value: 31899.27 mgc: 16.42946 ustep: 0.6011351 
iter: 3  value: 31898.22 mgc: 1.519193 ustep: 0.7753515 
iter: 4  value: 31898.2 mgc: 0.1589971 ustep: 0.8805524 
iter: 5  value: 31898.2 mgc: 0.005459941 ustep: 0.9383837 
iter: 6  value: 31898.2 mgc: 0.0002778226 ustep: 0.9687052 
iter: 7  value: 31898.2 mgc: 1.090906e-05 ustep: 0.9842298 
iter: 8  value: 31898.2 mgc: 2.210603e-07 ustep: 0.9920844 
iter: 9  mgc: 2.281722e-09 
iter: 1  mgc: 2.281722e-09 
outer mgc:  179.8225 
iter: 1  value: 32108.98 mgc: 5.294538 ustep: 1 
iter: 2  value: 31990.06 mgc: 4.853261 ustep: 1 
iter: 3  value: 31987.67 mgc: 0.6208837 ustep: 1 
iter: 4  value: 31987.66 mgc: 0.03141442 ustep: 1 
iter: 5  value: 31987.66 mgc: 9.72145e-05 ustep: 1 
iter: 6  mgc: 9.422915e-10 
iter: 1  mgc: 9.422915e-10 
outer mgc:  280.3001 
iter: 1  value: 31696.29 mgc: 4.835805 ustep: 1 
iter: 2  value: 31691.93 mgc: 2.696858 ustep: 1 
iter: 3  value: 31691.92 mgc: 0.2202637 ustep: 1 
iter: 4  value: 31691.92 mgc: 0.002499665 ustep: 1 
iter: 5  value: 31691.92 mgc: 3.425893e-07 ustep: 1 
iter: 6  mgc: 7.327472e-15 
iter: 1  mgc: 7.327472e-15 
outer mgc:  148.6273 
iter: 1  value: 31700.39 mgc: 7.04776 ustep: 1 
iter: 2  value: 31698.15 mgc: 0.6436698 ustep: 1 
iter: 3  value: 31698.15 mgc: 0.02041111 ustep: 1 
iter: 4  value: 31698.15 mgc: 3.277816e-05 ustep: 1 
iter: 5  mgc: 1.060507e-10 
iter: 1  mgc: 1.060507e-10 
outer mgc:  101.4256 
iter: 1  value: 31556.97 mgc: 4.523736 ustep: 1 
iter: 2  value: 31549.13 mgc: 1.821579 ustep: 1 
iter: 3  value: 31549.12 mgc: 0.09846903 ustep: 1 
iter: 4  value: 31549.12 mgc: 0.0003942643 ustep: 1 
iter: 5  mgc: 6.482529e-09 
iter: 1  mgc: 6.482529e-09 
outer mgc:  45.35471 
iter: 1  value: 31549.39 mgc: 6.38449 ustep: 1 
iter: 2  value: 31548.28 mgc: 0.3536969 ustep: 1 
iter: 3  value: 31548.28 mgc: 0.005247564 ustep: 1 
iter: 4  value: 31548.28 mgc: 1.514666e-06 ustep: 1 
iter: 5  mgc: 1.29674e-13 
iter: 1  value: 31535.18 mgc: 2.023749 ustep: 1 
iter: 2  value: 31535.1 mgc: 0.1326416 ustep: 1 
iter: 3  value: 31535.1 mgc: 0.0009379356 ustep: 1 
iter: 4  value: 31535.1 mgc: 5.104975e-08 ustep: 1 
iter: 5  mgc: 3.330669e-15 
iter: 1  mgc: 3.330669e-15 
outer mgc:  35.95826 
iter: 1  value: 31488.15 mgc: 2.083089 ustep: 1 
iter: 2  value: 31488.12 mgc: 0.1291055 ustep: 1 
iter: 3  value: 31488.12 mgc: 0.000338541 ustep: 1 
iter: 4  mgc: 2.933609e-09 
iter: 1  mgc: 2.933609e-09 
outer mgc:  81.06565 
iter: 1  value: 31472.32 mgc: 2.801395 ustep: 1 
iter: 2  value: 31472.3 mgc: 0.102272 ustep: 1 
iter: 3  value: 31472.3 mgc: 0.0001903233 ustep: 1 
iter: 4  mgc: 9.62709e-10 
iter: 1  mgc: 9.62709e-10 
outer mgc:  27.76364 
iter: 1  value: 31433.49 mgc: 1.688863 ustep: 1 
iter: 2  value: 31433.48 mgc: 0.0577391 ustep: 1 
iter: 3  value: 31433.48 mgc: 8.904623e-05 ustep: 1 
iter: 4  mgc: 2.360274e-10 
iter: 1  mgc: 2.360274e-10 
outer mgc:  33.59512 
iter: 1  value: 31394.51 mgc: 1.440354 ustep: 1 
iter: 2  value: 31394.5 mgc: 0.04318133 ustep: 1 
iter: 3  value: 31394.5 mgc: 3.829907e-05 ustep: 1 
iter: 4  mgc: 4.578826e-11 
iter: 1  mgc: 4.578826e-11 
outer mgc:  30.14906 
iter: 1  value: 31369.53 mgc: 1.408333 ustep: 1 
iter: 2  value: 31369.52 mgc: 0.05501293 ustep: 1 
iter: 3  value: 31369.52 mgc: 9.527037e-05 ustep: 1 
iter: 4  mgc: 2.886169e-10 
iter: 1  mgc: 2.886169e-10 
outer mgc:  30.33604 
iter: 1  value: 31357.65 mgc: 2.239212 ustep: 1 
iter: 2  value: 31357.64 mgc: 0.06022003 ustep: 1 
iter: 3  value: 31357.64 mgc: 0.0001346587 ustep: 1 
iter: 4  mgc: 6.969001e-10 
iter: 1  value: 31359.54 mgc: 0.758148 ustep: 1 
iter: 2  value: 31359.54 mgc: 0.01337327 ustep: 1 
iter: 3  value: 31359.54 mgc: 7.946922e-06 ustep: 1 
iter: 4  mgc: 2.861267e-12 
iter: 1  mgc: 2.861267e-12 
outer mgc:  14.92609 
iter: 1  value: 31360.52 mgc: 1.372684 ustep: 1 
iter: 2  value: 31360.52 mgc: 0.01516605 ustep: 1 
iter: 3  value: 31360.52 mgc: 1.830316e-06 ustep: 1 
iter: 4  mgc: 2.509104e-14 
iter: 1  value: 31357.67 mgc: 0.374773 ustep: 1 
iter: 2  value: 31357.67 mgc: 0.001546577 ustep: 1 
iter: 3  value: 31357.67 mgc: 2.469681e-08 ustep: 1 
mgc: 3.996803e-15 
iter: 1  mgc: 3.996803e-15 
outer mgc:  6.582746 
iter: 1  value: 31351.71 mgc: 0.2676743 ustep: 1 
iter: 2  value: 31351.71 mgc: 0.0006908474 ustep: 1 
iter: 3  mgc: 5.239266e-09 
iter: 1  mgc: 5.239266e-09 
outer mgc:  7.698293 
iter: 1  value: 31349.11 mgc: 0.3474047 ustep: 1 
iter: 2  value: 31349.11 mgc: 0.001296465 ustep: 1 
iter: 3  value: 31349.11 mgc: 1.660433e-08 ustep: 1 
mgc: 4.218847e-15 
iter: 1  mgc: 4.218847e-15 
outer mgc:  7.00254 
iter: 1  value: 31336.31 mgc: 0.4351798 ustep: 1 
iter: 2  value: 31336.31 mgc: 0.001473487 ustep: 1 
iter: 3  value: 31336.31 mgc: 1.726496e-08 ustep: 1 
mgc: 4.440892e-15 
iter: 1  mgc: 4.440892e-15 
outer mgc:  6.417294 
iter: 1  value: 31315.69 mgc: 0.67411 ustep: 1 
iter: 2  value: 31315.69 mgc: 0.004508985 ustep: 1 
iter: 3  value: 31315.69 mgc: 5.789197e-07 ustep: 1 
iter: 4  mgc: 1.154632e-14 
iter: 1  mgc: 1.154632e-14 
outer mgc:  11.38132 
iter: 1  value: 31295.7 mgc: 0.8361089 ustep: 1 
iter: 2  value: 31295.7 mgc: 0.01036461 ustep: 1 
iter: 3  value: 31295.7 mgc: 1.546211e-06 ustep: 1 
iter: 4  mgc: 3.552714e-14 
iter: 1  mgc: 3.552714e-14 
outer mgc:  18.27783 
iter: 1  value: 31284.2 mgc: 0.862086 ustep: 1 
iter: 2  value: 31284.2 mgc: 0.01039787 ustep: 1 
iter: 3  value: 31284.2 mgc: 2.661959e-06 ustep: 1 
iter: 4  mgc: 1.798561e-13 
iter: 1  value: 31291.04 mgc: 0.5626755 ustep: 1 
iter: 2  value: 31291.04 mgc: 0.005233768 ustep: 1 
iter: 3  value: 31291.04 mgc: 6.114419e-07 ustep: 1 
iter: 4  mgc: 8.881784e-15 
iter: 1  mgc: 8.881784e-15 
outer mgc:  11.29934 
iter: 1  value: 31284.14 mgc: 0.5913149 ustep: 1 
iter: 2  value: 31284.14 mgc: 0.002385563 ustep: 1 
iter: 3  value: 31284.14 mgc: 4.54038e-08 ustep: 1 
iter: 4  mgc: 3.552714e-15 
iter: 1  mgc: 3.552714e-15 
outer mgc:  17.31476 
iter: 1  value: 31272.25 mgc: 0.4882429 ustep: 1 
iter: 2  value: 31272.25 mgc: 0.001083643 ustep: 1 
iter: 3  mgc: 6.144647e-09 
iter: 1  mgc: 6.144647e-09 
outer mgc:  5.244673 
iter: 1  value: 31263.27 mgc: 0.3217505 ustep: 1 
iter: 2  value: 31263.27 mgc: 0.002474096 ustep: 1 
iter: 3  value: 31263.27 mgc: 1.539744e-07 ustep: 1 
iter: 4  mgc: 4.218847e-15 
iter: 1  value: 31268.91 mgc: 0.1038251 ustep: 1 
iter: 2  value: 31268.91 mgc: 0.0002518497 ustep: 1 
iter: 3  mgc: 1.59097e-09 
iter: 1  mgc: 1.59097e-09 
outer mgc:  5.447794 
iter: 1  value: 31267.21 mgc: 0.1729164 ustep: 1 
iter: 2  value: 31267.21 mgc: 0.0006088347 ustep: 1 
iter: 3  mgc: 8.504879e-09 
iter: 1  mgc: 8.504879e-09 
outer mgc:  7.257471 
iter: 1  value: 31258.65 mgc: 0.1771501 ustep: 1 
iter: 2  value: 31258.65 mgc: 0.0001160306 ustep: 1 
iter: 3  mgc: 4.075362e-11 
iter: 1  mgc: 4.075362e-11 
outer mgc:  3.900409 
iter: 1  value: 31251.94 mgc: 0.2936334 ustep: 1 
iter: 2  value: 31251.94 mgc: 0.000434693 ustep: 1 
iter: 3  mgc: 2.842344e-09 
iter: 1  mgc: 2.842344e-09 
outer mgc:  7.750162 
iter: 1  value: 31244.46 mgc: 0.346344 ustep: 1 
iter: 2  value: 31244.46 mgc: 0.0003731491 ustep: 1 
iter: 3  mgc: 1.445194e-09 
iter: 1  mgc: 1.445194e-09 
outer mgc:  2.684286 
iter: 1  value: 31237.12 mgc: 0.1634534 ustep: 1 
iter: 2  value: 31237.12 mgc: 0.0001093917 ustep: 1 
iter: 3  mgc: 9.870371e-11 
iter: 1  mgc: 9.870371e-11 
outer mgc:  7.307261 
iter: 1  value: 31230.73 mgc: 0.3495904 ustep: 1 
iter: 2  value: 31230.73 mgc: 0.0009531529 ustep: 1 
iter: 3  value: 31230.73 mgc: 1.868485e-08 ustep: 1 
mgc: 4.440892e-15 
iter: 1  mgc: 4.440892e-15 
outer mgc:  2.929586 
iter: 1  value: 31223 mgc: 0.1987999 ustep: 1 
iter: 2  value: 31223 mgc: 0.0002052391 ustep: 1 
iter: 3  mgc: 5.193488e-10 
iter: 1  mgc: 5.193488e-10 
outer mgc:  4.471825 
iter: 1  value: 31215.79 mgc: 0.3082172 ustep: 1 
iter: 2  value: 31215.79 mgc: 0.0007189277 ustep: 1 
iter: 3  value: 31215.79 mgc: 1.001531e-08 ustep: 1 
mgc: 4.884981e-15 
iter: 1  mgc: 4.884981e-15 
outer mgc:  2.225821 
iter: 1  value: 31208.74 mgc: 0.2461927 ustep: 1 
iter: 2  value: 31208.74 mgc: 0.000295228 ustep: 1 
iter: 3  mgc: 8.77812e-10 
iter: 1  mgc: 8.77812e-10 
outer mgc:  5.018315 
iter: 1  value: 31200.7 mgc: 0.245265 ustep: 1 
iter: 2  value: 31200.7 mgc: 0.0001436753 ustep: 1 
iter: 3  mgc: 5.651213e-11 
iter: 1  mgc: 5.651213e-11 
outer mgc:  5.51145 
iter: 1  value: 31193.58 mgc: 0.2377923 ustep: 1 
iter: 2  value: 31193.58 mgc: 0.0003707192 ustep: 1 
iter: 3  mgc: 2.188456e-09 
iter: 1  mgc: 2.188456e-09 
outer mgc:  2.817623 
iter: 1  value: 31186.52 mgc: 0.2869271 ustep: 1 
iter: 2  value: 31186.52 mgc: 0.000129025 ustep: 1 
iter: 3  mgc: 2.792979e-10 
iter: 1  mgc: 2.792979e-10 
outer mgc:  4.739102 
iter: 1  value: 31179.38 mgc: 0.2459747 ustep: 1 
iter: 2  value: 31179.38 mgc: 0.000178057 ustep: 1 
iter: 3  mgc: 4.886127e-10 
iter: 1  mgc: 4.886127e-10 
outer mgc:  3.083448 
iter: 1  value: 31171.74 mgc: 0.2073802 ustep: 1 
iter: 2  value: 31171.74 mgc: 8.543996e-05 ustep: 1 
iter: 3  mgc: 9.935164e-11 
iter: 1  mgc: 9.935164e-11 
outer mgc:  3.143131 
iter: 1  value: 31164.61 mgc: 0.2648374 ustep: 1 
iter: 2  value: 31164.61 mgc: 0.0003622994 ustep: 1 
iter: 3  mgc: 2.105571e-09 
iter: 1  mgc: 2.105571e-09 
outer mgc:  4.755616 
iter: 1  value: 31156.29 mgc: 0.2569171 ustep: 1 
iter: 2  value: 31156.29 mgc: 8.741601e-05 ustep: 1 
iter: 3  mgc: 4.21192e-11 
iter: 1  mgc: 4.21192e-11 
outer mgc:  2.325819 
iter: 1  value: 31149.18 mgc: 0.2478067 ustep: 1 
iter: 2  value: 31149.18 mgc: 0.0002401107 ustep: 1 
iter: 3  mgc: 5.160674e-10 
iter: 1  mgc: 5.160674e-10 
outer mgc:  6.754263 
iter: 1  value: 31140.73 mgc: 0.3137791 ustep: 1 
iter: 2  value: 31140.73 mgc: 0.000137783 ustep: 1 
iter: 3  mgc: 2.663034e-10 
iter: 1  mgc: 2.663034e-10 
outer mgc:  1.841037 
iter: 1  value: 31134.22 mgc: 0.2770296 ustep: 1 
iter: 2  value: 31134.22 mgc: 0.0005063638 ustep: 1 
iter: 3  mgc: 3.625016e-09 
iter: 1  mgc: 3.625016e-09 
outer mgc:  9.958356 
iter: 1  value: 31130.27 mgc: 0.09565858 ustep: 1 
iter: 2  value: 31130.27 mgc: 0.000102816 ustep: 1 
iter: 3  mgc: 1.341149e-10 
iter: 1  mgc: 1.341149e-10 
outer mgc:  2.100173 
iter: 1  value: 31126.89 mgc: 0.1273834 ustep: 1 
iter: 2  value: 31126.89 mgc: 5.10265e-05 ustep: 1 
iter: 3  mgc: 1.955147e-11 
iter: 1  mgc: 1.955147e-11 
outer mgc:  2.384824 
iter: 1  value: 31122.61 mgc: 0.1411056 ustep: 1 
iter: 2  value: 31122.61 mgc: 1.981547e-05 ustep: 1 
iter: 3  mgc: 4.192202e-12 
iter: 1  value: 31115.98 mgc: 0.1704788 ustep: 1 
iter: 2  value: 31115.98 mgc: 5.592365e-05 ustep: 1 
iter: 3  mgc: 3.674661e-11 
iter: 1  value: 31085.13 mgc: 0.8223304 ustep: 1 
iter: 2  value: 31085.13 mgc: 0.001089348 ustep: 1 
iter: 3  value: 31085.13 mgc: 1.237415e-08 ustep: 1 
mgc: 3.552714e-15 
iter: 1  mgc: 3.552714e-15 
outer mgc:  11.38531 
iter: 1  value: 31040.67 mgc: 1.506066 ustep: 1 
iter: 2  value: 31040.67 mgc: 0.001271801 ustep: 1 
iter: 3  value: 31040.67 mgc: 1.450018e-08 ustep: 1 
mgc: 3.996803e-15 
iter: 1  mgc: 3.996803e-15 
outer mgc:  3.281736 
iter: 1  value: 30998.04 mgc: 1.004443 ustep: 1 
iter: 2  value: 30998.04 mgc: 0.0006252547 ustep: 1 
iter: 3  mgc: 3.467252e-09 
iter: 1  mgc: 3.467252e-09 
outer mgc:  11.26966 
iter: 1  value: 30955.94 mgc: 1.273068 ustep: 1 
iter: 2  value: 30955.94 mgc: 0.001336392 ustep: 1 
iter: 3  value: 30955.94 mgc: 1.20511e-08 ustep: 1 
mgc: 4.385381e-15 
iter: 1  mgc: 4.385381e-15 
outer mgc:  8.779102 
iter: 1  value: 30913.15 mgc: 1.514484 ustep: 1 
iter: 2  value: 30913.15 mgc: 0.000805574 ustep: 1 
iter: 3  mgc: 3.880051e-09 
iter: 1  value: 30937 mgc: 0.6311768 ustep: 1 
iter: 2  value: 30937 mgc: 0.0001099648 ustep: 1 
iter: 3  mgc: 3.422285e-11 
iter: 1  mgc: 3.422285e-11 
outer mgc:  3.476369 
iter: 1  value: 30921.27 mgc: 0.5737962 ustep: 1 
iter: 2  value: 30921.27 mgc: 0.0001027451 ustep: 1 
iter: 3  mgc: 5.041456e-11 
iter: 1  value: 30936.29 mgc: 0.2136633 ustep: 1 
iter: 2  value: 30936.29 mgc: 5.885548e-05 ustep: 1 
iter: 3  mgc: 2.355716e-11 
iter: 1  value: 30936.62 mgc: 0.07813509 ustep: 1 
iter: 2  value: 30936.62 mgc: 7.836376e-06 ustep: 1 
iter: 3  mgc: 4.112266e-13 
iter: 1  mgc: 4.112266e-13 
outer mgc:  2.280478 
iter: 1  value: 30935.95 mgc: 0.0775281 ustep: 1 
iter: 2  value: 30935.95 mgc: 7.989591e-06 ustep: 1 
iter: 3  mgc: 3.002043e-13 
iter: 1  mgc: 3.002043e-13 
outer mgc:  2.847379 
iter: 1  value: 30934.32 mgc: 0.08205512 ustep: 1 
iter: 2  value: 30934.32 mgc: 1.371149e-06 ustep: 1 
iter: 3  mgc: 5.77316e-15 
iter: 1  mgc: 5.77316e-15 
outer mgc:  0.9692857 
iter: 1  value: 30930.94 mgc: 0.1029297 ustep: 1 
iter: 2  value: 30930.94 mgc: 7.041044e-06 ustep: 1 
iter: 3  mgc: 3.206324e-13 
iter: 1  mgc: 3.206324e-13 
outer mgc:  1.325451 
iter: 1  value: 30923.75 mgc: 0.2251334 ustep: 1 
iter: 2  value: 30923.75 mgc: 9.651521e-06 ustep: 1 
iter: 3  mgc: 2.975398e-13 
iter: 1  value: 30902.28 mgc: 0.6422575 ustep: 1 
iter: 2  value: 30902.28 mgc: 9.862249e-05 ustep: 1 
iter: 3  mgc: 3.290301e-11 
iter: 1  value: 30828.71 mgc: 2.609925 ustep: 1 
iter: 2  value: 30828.71 mgc: 0.0008252876 ustep: 1 
iter: 3  mgc: 2.353333e-09 
iter: 1  mgc: 2.353333e-09 
outer mgc:  2.724934 
iter: 1  value: 30726.87 mgc: 4.038715 ustep: 1 
iter: 2  value: 30726.87 mgc: 0.001055174 ustep: 1 
iter: 3  mgc: 3.289029e-09 
iter: 1  mgc: 3.289029e-09 
outer mgc:  2.716853 
iter: 1  value: 30628.24 mgc: 4.105786 ustep: 1 
iter: 2  value: 30628.24 mgc: 0.0004821313 ustep: 1 
iter: 3  mgc: 2.660903e-10 
iter: 1  value: 30680.66 mgc: 1.61195 ustep: 1 
iter: 2  value: 30680.66 mgc: 0.000123415 ustep: 1 
iter: 3  mgc: 1.365796e-11 
iter: 1  mgc: 1.365796e-11 
outer mgc:  3.379037 
iter: 1  value: 30639.14 mgc: 1.484947 ustep: 1 
iter: 2  value: 30639.14 mgc: 0.0001255868 ustep: 1 
iter: 3  mgc: 2.8749e-11 
iter: 1  value: 30665.46 mgc: 0.5145724 ustep: 1 
iter: 2  value: 30665.46 mgc: 1.744513e-05 ustep: 1 
iter: 3  mgc: 4.223288e-13 
iter: 1  mgc: 4.223288e-13 
outer mgc:  2.227749 
iter: 1  value: 30649.84 mgc: 0.6301059 ustep: 1 
iter: 2  value: 30649.84 mgc: 1.442824e-05 ustep: 1 
iter: 3  mgc: 6.963319e-13 
iter: 1  mgc: 6.963319e-13 
outer mgc:  3.103793 
iter: 1  value: 30634.02 mgc: 0.5368999 ustep: 1 
iter: 2  value: 30634.02 mgc: 1.009179e-05 ustep: 1 
iter: 3  mgc: 7.638334e-14 
iter: 1  mgc: 7.638334e-14 
outer mgc:  1.182451 
iter: 1  value: 30618.1 mgc: 0.5499474 ustep: 1 
iter: 2  value: 30618.1 mgc: 1.025875e-05 ustep: 1 
iter: 3  mgc: 6.261658e-14 
iter: 1  mgc: 6.261658e-14 
outer mgc:  0.880958 
iter: 1  value: 30602.31 mgc: 0.5711499 ustep: 1 
iter: 2  value: 30602.31 mgc: 7.758736e-06 ustep: 1 
iter: 3  mgc: 3.552714e-14 
iter: 1  value: 30554.91 mgc: 1.897512 ustep: 1 
iter: 2  value: 30554.91 mgc: 6.009668e-05 ustep: 1 
iter: 3  mgc: 1.73328e-12 
iter: 1  mgc: 1.73328e-12 
outer mgc:  1.476797 
iter: 1  value: 30491.47 mgc: 2.629652 ustep: 1 
iter: 2  value: 30491.47 mgc: 8.512659e-05 ustep: 1 
iter: 3  mgc: 2.516209e-12 
iter: 1  mgc: 2.516209e-12 
outer mgc:  2.12537 
iter: 1  value: 30427.24 mgc: 2.697561 ustep: 1 
iter: 2  value: 30427.24 mgc: 6.841735e-05 ustep: 1 
iter: 3  mgc: 1.231903e-12 
iter: 1  mgc: 1.231903e-12 
outer mgc:  1.331246 
iter: 1  value: 30363.54 mgc: 2.766336 ustep: 1 
iter: 2  value: 30363.54 mgc: 4.400937e-05 ustep: 1 
iter: 3  mgc: 4.107825e-13 
iter: 1  mgc: 4.107825e-13 
outer mgc:  0.4872051 
iter: 1  value: 30300.3 mgc: 2.663963 ustep: 1 
iter: 2  value: 30300.3 mgc: 3.259507e-05 ustep: 1 
iter: 3  mgc: 2.462475e-12 
iter: 1  mgc: 2.462475e-12 
outer mgc:  0.7235509 
iter: 1  value: 30236.14 mgc: 2.727544 ustep: 1 
iter: 2  value: 30236.14 mgc: 2.351786e-05 ustep: 1 
iter: 3  mgc: 7.882583e-14 
iter: 1  mgc: 7.882583e-14 
outer mgc:  1.109926 
iter: 1  value: 30203.83 mgc: 1.199488 ustep: 1 
iter: 2  value: 30203.83 mgc: 4.210918e-06 ustep: 1 
iter: 3  mgc: 3.641532e-14 
iter: 1  mgc: 3.641532e-14 
outer mgc:  0.5879129 
iter: 1  value: 30171.4 mgc: 1.205049 ustep: 1 
iter: 2  value: 30171.4 mgc: 3.180541e-06 ustep: 1 
iter: 3  mgc: 1.199041e-14 
iter: 1  mgc: 1.199041e-14 
outer mgc:  0.1829557 
iter: 1  value: 30139.28 mgc: 1.214883 ustep: 1 
iter: 2  value: 30139.28 mgc: 2.309611e-06 ustep: 1 
iter: 3  mgc: 3.552714e-15 
iter: 1  mgc: 3.552714e-15 
outer mgc:  0.06350583 
iter: 1  value: 30063.08 mgc: 3.342091 ustep: 1 
iter: 2  value: 30063.08 mgc: 1.12275e-05 ustep: 1 
iter: 3  mgc: 1.376677e-13 
iter: 1  mgc: 1.376677e-13 
outer mgc:  0.09806342 
iter: 1  value: 30011.61 mgc: 2.112809 ustep: 1 
iter: 2  value: 30011.61 mgc: 3.190711e-06 ustep: 1 
iter: 3  mgc: 4.440892e-15 
iter: 1  mgc: 4.440892e-15 
outer mgc:  0.08679243 
iter: 1  value: 29973.29 mgc: 1.526435 ustep: 1 
iter: 2  value: 29973.29 mgc: 1.21843e-06 ustep: 1 
iter: 3  mgc: 3.108624e-15 
iter: 1  mgc: 3.108624e-15 
outer mgc:  0.01812631 
iter: 1  value: 29939.7 mgc: 1.360641 ustep: 1 
iter: 2  value: 29939.7 mgc: 4.211773e-07 ustep: 1 
iter: 3  mgc: 4.884981e-15 
iter: 1  mgc: 4.884981e-15 
outer mgc:  0.03368415 
iter: 1  value: 29887.58 mgc: 2.347244 ustep: 1 
iter: 2  value: 29887.58 mgc: 3.73026e-07 ustep: 1 
iter: 3  mgc: 4.32987e-15 
iter: 1  mgc: 4.32987e-15 
outer mgc:  0.04637023 
iter: 1  value: 29805.5 mgc: 4.392742 ustep: 1 
iter: 2  value: 29805.5 mgc: 2.034605e-06 ustep: 1 
iter: 3  mgc: 1.376677e-14 
iter: 1  mgc: 1.376677e-14 
outer mgc:  0.06250668 
iter: 1  value: 29622.69 mgc: 16.22818 ustep: 1 
iter: 2  value: 29622.69 mgc: 3.851681e-05 ustep: 1 
iter: 3  mgc: 3.902434e-13 
iter: 1  mgc: 3.902434e-13 
outer mgc:  0.0558329 
iter: 1  value: 28907.58 mgc: 1372.986 ustep: 1 
iter: 2  value: 28907.58 mgc: 0.005475129 ustep: 1 
iter: 3  value: 28907.58 mgc: 3.128084e-08 ustep: 1 
mgc: 3.996803e-15 
iter: 1  value: 29272.51 mgc: 75.9709 ustep: 1 
iter: 2  value: 29272.51 mgc: 0.0006162726 ustep: 1 
iter: 3  mgc: 1.15552e-10 
iter: 1  mgc: 1.15552e-10 
outer mgc:  0.1998812 
iter: 1  value: 28921.3 mgc: 75.76305 ustep: 1 
iter: 2  value: 28921.3 mgc: 0.00227378 ustep: 1 
iter: 3  mgc: 5.194473e-09 
iter: 1  value: 29182.98 mgc: 5.351305 ustep: 1 
iter: 2  value: 29182.98 mgc: 9.095527e-05 ustep: 1 
iter: 3  mgc: 3.407052e-12 
iter: 1  mgc: 3.407052e-12 
outer mgc:  0.175552 
iter: 1  value: 29092.56 mgc: 5.215414 ustep: 1 
iter: 2  value: 29092.56 mgc: 8.961372e-05 ustep: 1 
iter: 3  mgc: 4.050094e-12 
iter: 1  mgc: 4.050094e-12 
outer mgc:  0.01700887 
iter: 1  value: 29109.88 mgc: 0.7278452 ustep: 1 
iter: 2  value: 29109.88 mgc: 1.19453e-05 ustep: 1 
iter: 3  mgc: 1.456613e-13 
iter: 1  mgc: 1.456613e-13 
outer mgc:  0.06850912 
iter: 1  value: 29104.58 mgc: 0.195744 ustep: 1 
iter: 2  value: 29104.58 mgc: 8.928043e-07 ustep: 1 
iter: 3  mgc: 4.440892e-15 
iter: 1  mgc: 4.440892e-15 
outer mgc:  0.007442761 
iter: 1  value: 29103.01 mgc: 0.06037968 ustep: 1 
iter: 2  value: 29103.01 mgc: 1.474175e-08 ustep: 1 
mgc: 3.552714e-15 
iter: 1  mgc: 3.552714e-15 
outer mgc:  0.002945079 
iter: 1  mgc: 3.552714e-15 
iter: 1  mgc: 3.552714e-15 
outer mgc:  0.002945079 
iter: 1  value: 29103.01 mgc: 0.003157275 ustep: 1 
iter: 2  mgc: 1.276456e-09 
outer mgc:  0.1838824 
iter: 1  value: 29103.01 mgc: 0.003154927 ustep: 1 
iter: 2  mgc: 1.274432e-09 
outer mgc:  0.1839528 
iter: 1  value: 29103.01 mgc: 0.001238306 ustep: 1 
iter: 2  mgc: 1.263166e-10 
outer mgc:  0.07624602 
iter: 1  value: 29103.01 mgc: 0.001237272 ustep: 1 
iter: 2  mgc: 1.260744e-10 
outer mgc:  0.07725073 
iter: 1  value: 29103.02 mgc: 0.005505574 ustep: 1 
iter: 2  mgc: 5.074535e-09 
outer mgc:  0.3855757 
iter: 1  value: 29103.01 mgc: 0.005503759 ustep: 1 
iter: 2  mgc: 5.068052e-09 
outer mgc:  0.3794352 
iter: 1  value: 29103.02 mgc: 0.003221891 ustep: 1 
iter: 2  mgc: 3.175462e-09 
outer mgc:  0.2554161 
iter: 1  value: 29103.01 mgc: 0.003221759 ustep: 1 
iter: 2  mgc: 3.173289e-09 
outer mgc:  0.2517237 
iter: 1  value: 29103.01 mgc: 0.003656226 ustep: 1 
iter: 2  value: 29103.01 mgc: 3.812962e-08 ustep: 1 
mgc: 3.164136e-15 
outer mgc:  0.2138635 
iter: 1  value: 29103.02 mgc: 0.00365329 ustep: 1 
iter: 2  value: 29103.02 mgc: 3.805916e-08 ustep: 1 
mgc: 3.552714e-15 
outer mgc:  0.2135698 
iter: 1  value: 29103.01 mgc: 0.002391274 ustep: 1 
iter: 2  value: 29103.01 mgc: 1.594877e-08 ustep: 1 
mgc: 3.552714e-15 
outer mgc:  0.1151067 
iter: 1  value: 29103.01 mgc: 0.002389741 ustep: 1 
iter: 2  value: 29103.01 mgc: 1.593115e-08 ustep: 1 
mgc: 4.884981e-15 
outer mgc:  0.1146892 
iter: 1  value: 29103.01 mgc: 0.003291723 ustep: 1 
iter: 2  mgc: 5.789431e-09 
outer mgc:  0.192643 
iter: 1  value: 29103.01 mgc: 0.003289258 ustep: 1 
iter: 2  mgc: 5.777353e-09 
outer mgc:  0.1930307 
iter: 1  value: 29103.01 mgc: 0.001651488 ustep: 1 
iter: 2  mgc: 1.353591e-09 
outer mgc:  0.09168819 
iter: 1  value: 29103.01 mgc: 0.001650213 ustep: 1 
iter: 2  mgc: 1.351043e-09 
outer mgc:  0.09075178 
iter: 1  value: 29103.01 mgc: 0.004645895 ustep: 1 
iter: 2  value: 29103.01 mgc: 6.864859e-08 ustep: 1 
iter: 3  mgc: 3.330669e-15 
outer mgc:  0.2562134 
iter: 1  value: 29103.02 mgc: 0.004642846 ustep: 1 
iter: 2  value: 29103.02 mgc: 6.860538e-08 ustep: 1 
iter: 3  mgc: 2.442491e-15 
outer mgc:  0.2549384 
iter: 1  value: 29103.01 mgc: 0.002377416 ustep: 1 
iter: 2  value: 29103.01 mgc: 2.275313e-08 ustep: 1 
mgc: 3.108624e-15 
outer mgc:  0.1164377 
iter: 1  value: 29103.01 mgc: 0.002375934 ustep: 1 
iter: 2  value: 29103.01 mgc: 2.273057e-08 ustep: 1 
mgc: 3.108624e-15 
outer mgc:  0.116119 
iter: 1  value: 29103.01 mgc: 0.004709702 ustep: 1 
iter: 2  mgc: 3.77415e-09 
outer mgc:  0.2736807 
iter: 1  value: 29103.01 mgc: 0.00470666 ustep: 1 
iter: 2  mgc: 3.769128e-09 
outer mgc:  0.2774447 
iter: 1  value: 29103.01 mgc: 0.00197194 ustep: 1 
iter: 2  mgc: 3.263139e-10 
outer mgc:  0.1037632 
iter: 1  value: 29103.01 mgc: 0.001970526 ustep: 1 
iter: 2  mgc: 3.257963e-10 
outer mgc:  0.1059896 
iter: 1  value: 29103.06 mgc: 0.003339636 ustep: 1 
mgc: 3.552714e-15 
outer mgc:  0.002945078 
iter: 1  value: 29102.96 mgc: 0.003342978 ustep: 1 
mgc: 4.440892e-15 
outer mgc:  0.00294508 
iter: 1  value: 29103.06 mgc: 0.00534079 ustep: 1 
mgc: 4.662937e-15 
outer mgc:  0.00294508 
iter: 1  value: 29102.96 mgc: 0.005346133 ustep: 1 
mgc: 4.884981e-15 
outer mgc:  0.002945079 
iter: 1  value: 29103.06 mgc: 0.003127425 ustep: 1 
iter: 2  value: 29103.06 mgc: 2.8252e-08 ustep: 1 
mgc: 4.884981e-15 
outer mgc:  0.004448816 
iter: 1  value: 29102.97 mgc: 0.003130554 ustep: 1 
iter: 2  value: 29102.97 mgc: 2.819613e-08 ustep: 1 
mgc: 3.108624e-15 
outer mgc:  0.005212086 
iter: 1  value: 29103.06 mgc: 0.003175033 ustep: 1 
iter: 2  mgc: 3.980132e-09 
outer mgc:  0.002919766 
iter: 1  value: 29102.96 mgc: 0.00317821 ustep: 1 
iter: 2  mgc: 3.97311e-09 
outer mgc:  0.002970339 
iter: 1  value: 29103.05 mgc: 0.004261507 ustep: 1 
iter: 2  value: 29103.05 mgc: 7.854005e-08 ustep: 1 
mgc: 3.941292e-15 
outer mgc:  0.00644834 
iter: 1  value: 29102.97 mgc: 0.004265771 ustep: 1 
iter: 2  value: 29102.97 mgc: 7.839113e-08 ustep: 1 
mgc: 3.552714e-15 
outer mgc:  0.007210998 
iter: 1  value: 29103.06 mgc: 0.003832204 ustep: 1 
mgc: 4.218847e-15 
outer mgc:  0.00294508 
iter: 1  value: 29102.96 mgc: 0.003836038 ustep: 1 
mgc: 3.108624e-15 
outer mgc:  0.002945079 
iter: 1  value: 29103.01 mgc: 0.003969232 ustep: 1 
iter: 2  value: 29103.01 mgc: 7.566138e-08 ustep: 1 
mgc: 3.830269e-15 
outer mgc:  0.5017934 
iter: 1  value: 29103.02 mgc: 0.003966187 ustep: 1 
iter: 2  value: 29103.02 mgc: 7.542796e-08 ustep: 1 
mgc: 3.330669e-15 
outer mgc:  0.5009026 
Warning message:
package ‘nnet’ was built under R version 3.6.3 
[Sun Aug 15 15:54:34 2021]
Finished job 0.
1 of 1 steps (100%) done
