Building DAG of jobs...
Using shell: /usr/bin/bash
Provided cores: 40
Rules claiming more threads will be scaled down.
Job counts:
	count	jobs
	1	inference_simulation_TMB_multiple
	1
Select jobs to execute...

[Sun Aug 15 16:11:38 2021]
rule inference_simulation_TMB_multiple:
    input: ../data/assessing_models_simulation/datasets/multiple_GenerationCnorm_50_100_80_6_0_NA_NA_NA_dataset1.RDS
    output: ../data/assessing_models_simulation/inference_results/TMB/nlminb/multiple_GenerationCnorm_50_100_80_6_0_fullREDMsinglelambda_NA_NA_NA_dataset1.RDS
    log: logs/inference/nlminb/simulation_GenerationCnorm_50_100_80_6_0_ModelfullREDMsinglelambda_NA_NA_NA_dataset1.log
    jobid: 0
    wildcards: optimiser=nlminb, datasetgeneration=GenerationCnorm, n=50, nlambda=100, lmbda=80, d=6, beta_intensity=0, model=fullREDMsinglelambda, fixed_beta_intercept=NA, fixed_beta_slope=NA, sdRE_input=NA, itnum=1

Rscript 2_inference_TMB/run_TMB.R --input ../data/assessing_models_simulation/datasets/multiple_GenerationCnorm_50_100_80_6_0_NA_NA_NA_dataset1.RDS --output ../data/assessing_models_simulation/inference_results/TMB/nlminb/multiple_GenerationCnorm_50_100_80_6_0_fullREDMsinglelambda_NA_NA_NA_dataset1.RDS --model fullREDMsinglelambda --optimiser nlminb
Model: fullREDMsinglelambda 
Feature type: signatures 
Using nlminb: TRUE 
Simulation boolean: TRUE 
make: Nothing to be done for 'all'.
../data/assessing_models_simulation/datasets/multiple_GenerationCnorm_50_100_80_6_0_NA_NA_NA_dataset1.RDS[1] "../data/assessing_models_simulation/datasets/multiple_GenerationCnorm_50_100_80_6_0_NA_NA_NA_dataset1.RDS"
Reading file ../data/assessing_models_simulation/datasets/multiple_GenerationCnorm_50_100_80_6_0_NA_NA_NA_dataset1.RDS 
Loading required package: nnet
# weights:  18 (10 variable)
initial  value 18132.605829 
iter  10 value 17518.090993
final  value 17457.244483 
converged
Order of parameters:
[1] "beta"       "u_large"    "logs_sd_RE" "cov_par_RE" "log_lambda"
Not matching template order:
[1] "beta"       "logs_sd_RE" "cov_par_RE" "log_lambda" "u_large"   
Your parameter list has been re-ordered.
(Disable this warning with checkParameterOrder=FALSE)
Constructing atomic invpd
Constructing atomic D_lgamma
Constructing atomic invpd
Constructing atomic D_lgamma
Constructing atomic matmul
Constructing atomic invpd
Constructing atomic D_lgamma
Constructing atomic matmul
Optimizing tape... Done
iter: 1  value: 18064.39 mgc: 4.25255 ustep: 0.8994163 
iter: 2  value: 18061.05 mgc: 0.7561565 ustep: 0.9483808 
iter: 3  value: 18061.02 mgc: 0.06980067 ustep: 0.973851 
iter: 4  value: 18061.02 mgc: 0.003472148 ustep: 0.9868402 
iter: 5  value: 18061.02 mgc: 9.678136e-05 ustep: 0.993399 
iter: 6  value: 18061.02 mgc: 1.389055e-06 ustep: 0.9966944 
iter: 7  mgc: 9.826876e-09 
iter: 1  mgc: 9.826876e-09 
Matching hessian patterns... Done
outer mgc:  261.8093 
iter: 1  value: 17783.13 mgc: 1.075065 ustep: 1 
iter: 2  value: 17783.09 mgc: 0.1465439 ustep: 1 
iter: 3  value: 17783.09 mgc: 0.001778098 ustep: 1 
iter: 4  value: 17783.09 mgc: 5.988354e-07 ustep: 1 
iter: 5  mgc: 8.615331e-14 
iter: 1  value: 17404.56 mgc: 4.126875 ustep: 1 
iter: 2  value: 17404.45 mgc: 0.4280254 ustep: 1 
iter: 3  value: 17404.45 mgc: 0.005045685 ustep: 1 
iter: 4  value: 17404.45 mgc: 9.826403e-06 ustep: 1 
iter: 5  mgc: 4.036793e-11 
iter: 1  mgc: 4.036793e-11 
outer mgc:  55.14193 
iter: 1  value: 18839.5 mgc: 46.1529 ustep: 0.1794776 
iter: 2  value: 17739.6 mgc: 48.75723 ustep: 0.06768429 
iter: 3  value: 17450.91 mgc: 43.95443 ustep: 0.07257195 
iter: 4  value: 17400.46 mgc: 29.1642 ustep: 0.2694649 
iter: 5  value: 17365.54 mgc: 43.2864 ustep: 0.08743306 
iter: 6  value: 17326.7 mgc: 27.82667 ustep: 0.08391005 
iter: 7  value: 17314.72 mgc: 23.71978 ustep: 0.2897433 
iter: 8  value: 17314.28 mgc: 1.259324 ustep: 0.5383243 
iter: 9  value: 17314.23 mgc: 0.2012324 ustep: 0.7337325 
iter: 10  value: 17314.23 mgc: 0.03360216 ustep: 0.8565962 
iter: 11  value: 17314.23 mgc: 0.002644213 ustep: 0.9255323 
iter: 12  value: 17314.23 mgc: 0.0001066664 ustep: 0.9620497 
iter: 13  value: 17314.23 mgc: 2.14643e-06 ustep: 0.9808432 
iter: 14  value: 17314.23 mgc: 2.137652e-08 ustep: 0.9903763 
iter: 15  mgc: 1.06287e-10 
iter: 1  mgc: 1.06287e-10 
outer mgc:  169.9334 
iter: 1  value: 17667.24 mgc: 19.03442 ustep: 0.2494656 
iter: 2  value: 17375.28 mgc: 32.42088 ustep: 0.4995153 
iter: 3  value: 17369.97 mgc: 8.61047 ustep: 0.7067933 
iter: 4  value: 17369.88 mgc: 1.678527 ustep: 0.8407259 
iter: 5  value: 17369.88 mgc: 0.04570672 ustep: 0.9169194 
iter: 6  value: 17369.88 mgc: 0.0005013609 ustep: 0.9575633 
iter: 7  value: 17369.88 mgc: 9.940453e-06 ustep: 0.9785538 
iter: 8  value: 17369.88 mgc: 1.218619e-07 ustep: 0.9892199 
iter: 9  mgc: 7.422589e-10 
iter: 1  value: 17242.1 mgc: 11.98799 ustep: 1 
iter: 2  value: 17235.26 mgc: 4.016117 ustep: 1 
iter: 3  value: 17235.26 mgc: 0.1359256 ustep: 1 
iter: 4  value: 17235.26 mgc: 0.000209431 ustep: 1 
iter: 5  mgc: 4.807872e-10 
iter: 1  mgc: 4.807872e-10 
outer mgc:  128.3046 
iter: 1  value: 17281.21 mgc: 11.46341 ustep: 1 
iter: 2  value: 17281.11 mgc: 0.8303966 ustep: 1 
iter: 3  value: 17281.11 mgc: 0.005152547 ustep: 1 
iter: 4  value: 17281.11 mgc: 1.683348e-07 ustep: 1 
mgc: 5.417888e-14 
iter: 1  value: 17210.96 mgc: 5.407999 ustep: 1 
iter: 2  value: 17210.96 mgc: 0.1057017 ustep: 1 
iter: 3  value: 17210.96 mgc: 5.167106e-05 ustep: 1 
iter: 4  mgc: 7.694734e-12 
iter: 1  mgc: 7.694734e-12 
outer mgc:  44.52288 
iter: 1  value: 17198.32 mgc: 4.649351 ustep: 1 
iter: 2  value: 17198.27 mgc: 0.2451135 ustep: 1 
iter: 3  value: 17198.27 mgc: 0.0008812271 ustep: 1 
iter: 4  value: 17198.27 mgc: 1.66739e-08 ustep: 1 
mgc: 6.084022e-14 
iter: 1  mgc: 6.084022e-14 
outer mgc:  58.00113 
iter: 1  value: 17163.4 mgc: 5.581983 ustep: 1 
iter: 2  value: 17163.22 mgc: 0.7330274 ustep: 1 
iter: 3  value: 17163.22 mgc: 0.01005792 ustep: 1 
iter: 4  value: 17163.22 mgc: 1.943357e-06 ustep: 1 
iter: 5  mgc: 7.549517e-14 
iter: 1  mgc: 7.549517e-14 
outer mgc:  37.96295 
iter: 1  value: 17139.02 mgc: 5.638575 ustep: 1 
iter: 2  value: 17139 mgc: 0.438751 ustep: 1 
iter: 3  value: 17139 mgc: 0.002189644 ustep: 1 
iter: 4  value: 17139 mgc: 5.509784e-08 ustep: 1 
mgc: 3.697043e-14 
iter: 1  mgc: 3.697043e-14 
outer mgc:  58.34083 
iter: 1  value: 17108.04 mgc: 7.079314 ustep: 1 
iter: 2  value: 17108 mgc: 0.4832802 ustep: 1 
iter: 3  value: 17108 mgc: 0.001728929 ustep: 1 
iter: 4  value: 17108 mgc: 1.895273e-08 ustep: 1 
mgc: 3.463896e-14 
iter: 1  mgc: 3.463896e-14 
outer mgc:  49.04359 
iter: 1  value: 17100.96 mgc: 9.899323 ustep: 1 
iter: 2  value: 17100.95 mgc: 0.1328927 ustep: 1 
iter: 3  value: 17100.95 mgc: 0.0001642424 ustep: 1 
iter: 4  mgc: 1.93682e-09 
iter: 1  value: 17098.3 mgc: 4.017095 ustep: 1 
iter: 2  value: 17098.3 mgc: 0.05083681 ustep: 1 
iter: 3  value: 17098.3 mgc: 1.545572e-05 ustep: 1 
iter: 4  mgc: 2.066347e-12 
iter: 1  mgc: 2.066347e-12 
outer mgc:  35.18487 
iter: 1  value: 17083.73 mgc: 2.641739 ustep: 1 
iter: 2  value: 17083.73 mgc: 0.01602985 ustep: 1 
iter: 3  value: 17083.73 mgc: 2.171926e-06 ustep: 1 
iter: 4  mgc: 1.109113e-13 
iter: 1  mgc: 1.109113e-13 
outer mgc:  35.22816 
iter: 1  value: 17068.8 mgc: 3.35228 ustep: 1 
iter: 2  value: 17068.8 mgc: 0.01352052 ustep: 1 
iter: 3  value: 17068.8 mgc: 6.005805e-07 ustep: 1 
iter: 4  mgc: 2.753353e-14 
iter: 1  mgc: 2.753353e-14 
outer mgc:  23.93722 
iter: 1  value: 17057.36 mgc: 2.238707 ustep: 1 
iter: 2  value: 17057.36 mgc: 0.01964415 ustep: 1 
iter: 3  value: 17057.36 mgc: 5.228627e-06 ustep: 1 
iter: 4  mgc: 3.517187e-13 
iter: 1  mgc: 3.517187e-13 
outer mgc:  16.62091 
iter: 1  value: 17044.9 mgc: 2.248796 ustep: 1 
iter: 2  value: 17044.9 mgc: 0.02477093 ustep: 1 
iter: 3  value: 17044.9 mgc: 1.343838e-05 ustep: 1 
iter: 4  mgc: 2.703449e-12 
iter: 1  mgc: 2.703449e-12 
outer mgc:  17.41643 
iter: 1  value: 17037.75 mgc: 2.56138 ustep: 1 
iter: 2  value: 17037.75 mgc: 0.03074495 ustep: 1 
iter: 3  value: 17037.75 mgc: 2.025497e-05 ustep: 1 
iter: 4  mgc: 4.470202e-12 
iter: 1  mgc: 4.470202e-12 
outer mgc:  25.92755 
iter: 1  value: 17031.35 mgc: 3.813843 ustep: 1 
iter: 2  value: 17031.35 mgc: 0.03357395 ustep: 1 
iter: 3  value: 17031.35 mgc: 3.18083e-06 ustep: 1 
iter: 4  mgc: 1.265654e-13 
iter: 1  value: 17035.27 mgc: 2.015505 ustep: 1 
iter: 2  value: 17035.27 mgc: 0.009546765 ustep: 1 
iter: 3  value: 17035.27 mgc: 1.884527e-07 ustep: 1 
iter: 4  mgc: 4.840572e-14 
iter: 1  mgc: 4.840572e-14 
outer mgc:  19.38448 
iter: 1  value: 17030.24 mgc: 1.327744 ustep: 1 
iter: 2  value: 17030.24 mgc: 0.00678988 ustep: 1 
iter: 3  value: 17030.24 mgc: 1.365363e-07 ustep: 1 
iter: 4  mgc: 3.641532e-14 
iter: 1  mgc: 3.641532e-14 
outer mgc:  15.4803 
iter: 1  value: 17027.22 mgc: 1.400135 ustep: 1 
iter: 2  value: 17027.22 mgc: 0.006107217 ustep: 1 
iter: 3  value: 17027.22 mgc: 2.43009e-07 ustep: 1 
iter: 4  mgc: 3.108624e-14 
iter: 1  mgc: 3.108624e-14 
outer mgc:  15.81939 
iter: 1  value: 17025.65 mgc: 1.275835 ustep: 1 
iter: 2  value: 17025.65 mgc: 0.002182329 ustep: 1 
iter: 3  value: 17025.65 mgc: 3.142196e-08 ustep: 1 
iter: 4  mgc: 3.597123e-14 
iter: 1  mgc: 3.597123e-14 
outer mgc:  9.42896 
iter: 1  value: 17022.3 mgc: 1.719591 ustep: 1 
iter: 2  value: 17022.3 mgc: 0.002978741 ustep: 1 
iter: 3  value: 17022.3 mgc: 2.484301e-08 ustep: 1 
mgc: 4.52971e-14 
iter: 1  mgc: 4.52971e-14 
outer mgc:  8.125518 
iter: 1  value: 17018.69 mgc: 0.8695403 ustep: 1 
iter: 2  value: 17018.69 mgc: 0.00104118 ustep: 1 
iter: 3  value: 17018.69 mgc: 1.909679e-08 ustep: 1 
mgc: 5.240253e-14 
iter: 1  mgc: 5.240253e-14 
outer mgc:  7.493424 
iter: 1  value: 17018.37 mgc: 0.9933648 ustep: 1 
iter: 2  value: 17018.37 mgc: 0.002117665 ustep: 1 
iter: 3  value: 17018.37 mgc: 4.666589e-08 ustep: 1 
mgc: 3.308465e-14 
iter: 1  mgc: 3.308465e-14 
outer mgc:  15.75399 
iter: 1  value: 17017.11 mgc: 0.8233202 ustep: 1 
iter: 2  value: 17017.11 mgc: 0.0008086959 ustep: 1 
iter: 3  mgc: 1.142887e-09 
iter: 1  mgc: 1.142887e-09 
outer mgc:  7.825418 
iter: 1  value: 17016.07 mgc: 0.79761 ustep: 1 
iter: 2  value: 17016.07 mgc: 0.00065127 ustep: 1 
iter: 3  mgc: 1.924457e-09 
iter: 1  mgc: 1.924457e-09 
outer mgc:  11.31599 
iter: 1  value: 17015.69 mgc: 0.6757398 ustep: 1 
iter: 2  value: 17015.69 mgc: 0.0006009066 ustep: 1 
iter: 3  mgc: 4.589991e-10 
iter: 1  mgc: 4.589991e-10 
outer mgc:  4.585478 
iter: 1  value: 17015.29 mgc: 0.5261256 ustep: 1 
iter: 2  value: 17015.29 mgc: 0.0001783193 ustep: 1 
iter: 3  mgc: 2.447429e-10 
iter: 1  mgc: 2.447429e-10 
outer mgc:  3.460886 
iter: 1  value: 17014.4 mgc: 0.5766409 ustep: 1 
iter: 2  value: 17014.4 mgc: 0.0003994226 ustep: 1 
iter: 3  mgc: 3.880753e-10 
iter: 1  mgc: 3.880753e-10 
outer mgc:  5.508394 
iter: 1  value: 17014.09 mgc: 0.490409 ustep: 1 
iter: 2  value: 17014.09 mgc: 0.0004495623 ustep: 1 
iter: 3  mgc: 8.097722e-10 
iter: 1  mgc: 8.097722e-10 
outer mgc:  4.444785 
iter: 1  value: 17013.57 mgc: 0.7713937 ustep: 1 
iter: 2  value: 17013.57 mgc: 0.0006178665 ustep: 1 
iter: 3  mgc: 6.290328e-10 
iter: 1  mgc: 6.290328e-10 
outer mgc:  7.400107 
iter: 1  value: 17013.55 mgc: 0.5182203 ustep: 1 
iter: 2  value: 17013.55 mgc: 0.0002922089 ustep: 1 
iter: 3  mgc: 3.897185e-10 
iter: 1  mgc: 3.897185e-10 
outer mgc:  5.962621 
iter: 1  value: 17013.4 mgc: 0.7664309 ustep: 1 
iter: 2  value: 17013.4 mgc: 0.0006315496 ustep: 1 
iter: 3  mgc: 4.545448e-10 
iter: 1  mgc: 4.545448e-10 
outer mgc:  7.201726 
iter: 1  value: 17013.33 mgc: 0.5503545 ustep: 1 
iter: 2  value: 17013.33 mgc: 0.0003676661 ustep: 1 
iter: 3  mgc: 1.584208e-10 
iter: 1  mgc: 1.584208e-10 
outer mgc:  2.804285 
iter: 1  value: 17012.96 mgc: 1.199099 ustep: 1 
iter: 2  value: 17012.96 mgc: 0.001414826 ustep: 1 
iter: 3  mgc: 2.688004e-09 
iter: 1  mgc: 2.688004e-09 
outer mgc:  7.047328 
iter: 1  value: 17013.18 mgc: 0.8567315 ustep: 1 
iter: 2  value: 17013.18 mgc: 0.001642748 ustep: 1 
iter: 3  value: 17013.18 mgc: 1.200531e-08 ustep: 1 
mgc: 4.662937e-14 
iter: 1  mgc: 4.662937e-14 
outer mgc:  3.639071 
iter: 1  value: 17011.83 mgc: 3.146918 ustep: 1 
iter: 2  value: 17011.83 mgc: 0.00619731 ustep: 1 
iter: 3  value: 17011.83 mgc: 5.43366e-08 ustep: 1 
iter: 4  mgc: 3.108624e-14 
iter: 1  value: 17011.83 mgc: 0.6857191 ustep: 1 
iter: 2  value: 17011.83 mgc: 0.0008494141 ustep: 1 
iter: 3  mgc: 1.474987e-09 
iter: 1  value: 17012.58 mgc: 0.2463484 ustep: 1 
iter: 2  value: 17012.58 mgc: 0.0001119921 ustep: 1 
iter: 3  mgc: 2.527814e-11 
iter: 1  mgc: 2.527814e-11 
outer mgc:  3.489265 
iter: 1  value: 17012.04 mgc: 0.2520924 ustep: 1 
iter: 2  value: 17012.04 mgc: 0.0001151375 ustep: 1 
iter: 3  mgc: 3.266099e-11 
iter: 1  mgc: 3.266099e-11 
outer mgc:  4.575898 
iter: 1  value: 17011.69 mgc: 0.5128708 ustep: 1 
iter: 2  value: 17011.69 mgc: 0.0002091423 ustep: 1 
iter: 3  mgc: 4.574563e-11 
iter: 1  mgc: 4.574563e-11 
outer mgc:  2.997298 
iter: 1  value: 17011.37 mgc: 0.3129556 ustep: 1 
iter: 2  value: 17011.37 mgc: 0.0001014459 ustep: 1 
iter: 3  mgc: 1.172396e-11 
iter: 1  mgc: 1.172396e-11 
outer mgc:  3.745714 
iter: 1  value: 17011.19 mgc: 0.5963302 ustep: 1 
iter: 2  value: 17011.19 mgc: 0.0002485028 ustep: 1 
iter: 3  mgc: 8.567425e-11 
iter: 1  value: 17011.39 mgc: 0.589624 ustep: 1 
iter: 2  value: 17011.39 mgc: 0.0001907377 ustep: 1 
iter: 3  mgc: 2.152625e-10 
iter: 1  value: 17011.94 mgc: 1.529625 ustep: 1 
iter: 2  value: 17011.94 mgc: 0.001209779 ustep: 1 
iter: 3  mgc: 7.840331e-09 
iter: 1  mgc: 7.840331e-09 
outer mgc:  6.385371 
iter: 1  value: 17011.8 mgc: 3.709099 ustep: 1 
iter: 2  value: 17011.8 mgc: 0.01075306 ustep: 1 
iter: 3  value: 17011.8 mgc: 1.667646e-07 ustep: 1 
iter: 4  mgc: 3.641532e-14 
iter: 1  mgc: 3.641532e-14 
outer mgc:  2.815991 
iter: 1  value: 17011.43 mgc: 2.17977 ustep: 1 
iter: 2  value: 17011.43 mgc: 0.004228233 ustep: 1 
iter: 3  value: 17011.43 mgc: 1.430634e-07 ustep: 1 
iter: 4  mgc: 3.175238e-14 
iter: 1  mgc: 3.175238e-14 
outer mgc:  3.493047 
iter: 1  value: 17008.77 mgc: 2.196275 ustep: 1 
iter: 2  value: 17008.77 mgc: 0.006189208 ustep: 1 
iter: 3  value: 17008.77 mgc: 1.173951e-07 ustep: 1 
iter: 4  mgc: 5.301315e-14 
iter: 1  mgc: 5.301315e-14 
outer mgc:  4.217395 
iter: 1  value: 17006.12 mgc: 1.504994 ustep: 1 
iter: 2  value: 17006.12 mgc: 0.007961728 ustep: 1 
iter: 3  value: 17006.12 mgc: 3.907047e-07 ustep: 1 
iter: 4  mgc: 3.708145e-14 
iter: 1  value: 17007.22 mgc: 1.524711 ustep: 1 
iter: 2  value: 17007.22 mgc: 0.001391059 ustep: 1 
iter: 3  mgc: 7.028592e-09 
iter: 1  value: 17007.98 mgc: 0.8534179 ustep: 1 
iter: 2  value: 17007.98 mgc: 0.0004607603 ustep: 1 
iter: 3  mgc: 1.882701e-10 
iter: 1  mgc: 1.882701e-10 
outer mgc:  5.593092 
iter: 1  value: 17007.62 mgc: 0.4650447 ustep: 1 
iter: 2  value: 17007.62 mgc: 0.0001676903 ustep: 1 
iter: 3  mgc: 2.115574e-10 
iter: 1  mgc: 2.115574e-10 
outer mgc:  6.548825 
iter: 1  value: 17007.23 mgc: 0.4139963 ustep: 1 
iter: 2  value: 17007.23 mgc: 0.0001780166 ustep: 1 
iter: 3  mgc: 2.615641e-10 
iter: 1  mgc: 2.615641e-10 
outer mgc:  2.257736 
iter: 1  value: 17006.74 mgc: 0.3367744 ustep: 1 
iter: 2  value: 17006.74 mgc: 8.086631e-05 ustep: 1 
iter: 3  mgc: 4.188916e-11 
iter: 1  mgc: 4.188916e-11 
outer mgc:  2.742417 
iter: 1  value: 17006.12 mgc: 0.2510037 ustep: 1 
iter: 2  value: 17006.12 mgc: 9.435143e-05 ustep: 1 
iter: 3  mgc: 5.975043e-11 
iter: 1  value: 17005.59 mgc: 0.2243715 ustep: 1 
iter: 2  value: 17005.59 mgc: 0.0001559816 ustep: 1 
iter: 3  mgc: 1.243428e-10 
iter: 1  value: 17004.66 mgc: 0.4187757 ustep: 1 
iter: 2  value: 17004.66 mgc: 0.0005262351 ustep: 1 
iter: 3  mgc: 1.426237e-09 
iter: 1  mgc: 1.426237e-09 
outer mgc:  5.343517 
iter: 1  value: 17002.71 mgc: 0.9960674 ustep: 1 
iter: 2  value: 17002.71 mgc: 0.00122528 ustep: 1 
iter: 3  mgc: 8.81619e-09 
iter: 1  mgc: 8.81619e-09 
outer mgc:  6.617597 
iter: 1  value: 17001.1 mgc: 1.170427 ustep: 1 
iter: 2  value: 17001.1 mgc: 0.00717982 ustep: 1 
iter: 3  value: 17001.1 mgc: 2.516185e-07 ustep: 1 
iter: 4  mgc: 3.863576e-14 
iter: 1  mgc: 3.863576e-14 
outer mgc:  2.181211 
iter: 1  value: 16998.95 mgc: 1.288732 ustep: 1 
iter: 2  value: 16998.95 mgc: 0.002894864 ustep: 1 
iter: 3  value: 16998.95 mgc: 2.783986e-08 ustep: 1 
iter: 4  mgc: 3.996803e-14 
iter: 1  mgc: 3.996803e-14 
outer mgc:  3.816944 
iter: 1  value: 16995.51 mgc: 1.472353 ustep: 1 
iter: 2  value: 16995.51 mgc: 0.003530313 ustep: 1 
iter: 3  value: 16995.51 mgc: 5.493671e-08 ustep: 1 
iter: 4  mgc: 4.263256e-14 
iter: 1  mgc: 4.263256e-14 
outer mgc:  6.538948 
iter: 1  value: 16991.9 mgc: 1.842819 ustep: 1 
iter: 2  value: 16991.9 mgc: 0.002742868 ustep: 1 
iter: 3  value: 16991.9 mgc: 6.300523e-08 ustep: 1 
iter: 4  mgc: 4.177214e-14 
iter: 1  mgc: 4.177214e-14 
outer mgc:  4.707208 
iter: 1  value: 16988.34 mgc: 4.189808 ustep: 1 
iter: 2  value: 16988.34 mgc: 0.004130306 ustep: 1 
iter: 3  value: 16988.34 mgc: 7.857921e-08 ustep: 1 
iter: 4  mgc: 4.352074e-14 
iter: 1  mgc: 4.352074e-14 
outer mgc:  3.965023 
iter: 1  value: 16986.42 mgc: 1.498905 ustep: 1 
iter: 2  value: 16986.42 mgc: 0.003988786 ustep: 1 
iter: 3  value: 16986.42 mgc: 9.953048e-08 ustep: 1 
iter: 4  mgc: 3.846923e-14 
iter: 1  value: 16987.7 mgc: 1.388363 ustep: 1 
iter: 2  value: 16987.7 mgc: 0.001283705 ustep: 1 
iter: 3  mgc: 7.364755e-09 
iter: 1  value: 16988.12 mgc: 0.7786344 ustep: 1 
iter: 2  value: 16988.12 mgc: 0.0001499672 ustep: 1 
iter: 3  mgc: 1.110045e-10 
iter: 1  mgc: 1.110045e-10 
outer mgc:  3.733507 
iter: 1  value: 16987.94 mgc: 0.2646846 ustep: 1 
iter: 2  value: 16987.94 mgc: 0.0001343361 ustep: 1 
iter: 3  mgc: 4.205258e-11 
iter: 1  mgc: 4.205258e-11 
outer mgc:  4.067715 
iter: 1  value: 16987.68 mgc: 0.2639413 ustep: 1 
iter: 2  value: 16987.68 mgc: 7.927893e-05 ustep: 1 
iter: 3  mgc: 6.857093e-11 
iter: 1  mgc: 6.857093e-11 
outer mgc:  1.978479 
iter: 1  value: 16987.44 mgc: 0.1582859 ustep: 1 
iter: 2  value: 16987.44 mgc: 3.943275e-05 ustep: 1 
iter: 3  mgc: 5.745626e-12 
iter: 1  mgc: 5.745626e-12 
outer mgc:  1.405038 
iter: 1  value: 16986.71 mgc: 0.2269711 ustep: 1 
iter: 2  value: 16986.71 mgc: 3.174561e-05 ustep: 1 
iter: 3  mgc: 4.196643e-12 
iter: 1  value: 16985.61 mgc: 0.5113469 ustep: 1 
iter: 2  value: 16985.61 mgc: 0.0001229468 ustep: 1 
iter: 3  mgc: 6.254552e-11 
iter: 1  value: 16982.03 mgc: 1.858103 ustep: 1 
iter: 2  value: 16982.03 mgc: 0.001285785 ustep: 1 
iter: 3  mgc: 6.063467e-09 
iter: 1  mgc: 6.063467e-09 
outer mgc:  2.590393 
iter: 1  value: 16976.58 mgc: 3.791812 ustep: 1 
iter: 2  value: 16976.58 mgc: 0.003071904 ustep: 1 
iter: 3  value: 16976.58 mgc: 3.619128e-08 ustep: 1 
iter: 4  mgc: 4.396483e-14 
iter: 1  mgc: 4.396483e-14 
outer mgc:  4.624254 
iter: 1  value: 16967.69 mgc: 6.195463 ustep: 1 
iter: 2  value: 16967.69 mgc: 0.01469215 ustep: 1 
iter: 3  value: 16967.69 mgc: 4.502488e-07 ustep: 1 
iter: 4  mgc: 5.329071e-14 
iter: 1  mgc: 5.329071e-14 
outer mgc:  5.701243 
iter: 1  value: 16958.23 mgc: 4.099957 ustep: 1 
iter: 2  value: 16958.23 mgc: 0.00565931 ustep: 1 
iter: 3  value: 16958.23 mgc: 8.252741e-08 ustep: 1 
iter: 4  mgc: 4.884981e-14 
iter: 1  mgc: 4.884981e-14 
outer mgc:  8.748273 
iter: 1  value: 16950.15 mgc: 9.996115 ustep: 1 
iter: 2  value: 16950.15 mgc: 0.01846592 ustep: 1 
iter: 3  value: 16950.15 mgc: 2.369521e-06 ustep: 1 
iter: 4  mgc: 3.270717e-13 
iter: 1  value: 16955.83 mgc: 3.076829 ustep: 1 
iter: 2  value: 16955.83 mgc: 0.001316414 ustep: 1 
iter: 3  value: 16955.83 mgc: 1.84916e-08 ustep: 1 
iter: 4  mgc: 6.483702e-14 
iter: 1  mgc: 6.483702e-14 
outer mgc:  2.461333 
iter: 1  value: 16955.99 mgc: 2.066271 ustep: 1 
iter: 2  value: 16955.99 mgc: 0.001329334 ustep: 1 
iter: 3  value: 16955.99 mgc: 7.867798e-08 ustep: 1 
iter: 4  mgc: 4.973799e-14 
iter: 1  value: 16955.87 mgc: 1.031444 ustep: 1 
iter: 2  value: 16955.87 mgc: 0.0003366194 ustep: 1 
iter: 3  mgc: 5.739887e-09 
iter: 1  mgc: 5.739887e-09 
outer mgc:  1.498186 
iter: 1  value: 16955.45 mgc: 0.7049174 ustep: 1 
iter: 2  value: 16955.45 mgc: 7.565885e-05 ustep: 1 
iter: 3  mgc: 1.473027e-10 
iter: 1  mgc: 1.473027e-10 
outer mgc:  1.057581 
iter: 1  value: 16954.88 mgc: 0.7914646 ustep: 1 
iter: 2  value: 16954.88 mgc: 0.0001676177 ustep: 1 
iter: 3  mgc: 5.174172e-11 
iter: 1  mgc: 5.174172e-11 
outer mgc:  1.158291 
iter: 1  value: 16953.97 mgc: 0.5251523 ustep: 1 
iter: 2  value: 16953.97 mgc: 0.0001020789 ustep: 1 
iter: 3  mgc: 1.045652e-11 
iter: 1  mgc: 1.045652e-11 
outer mgc:  1.393635 
iter: 1  value: 16953 mgc: 0.3878389 ustep: 1 
iter: 2  value: 16953 mgc: 3.614415e-05 ustep: 1 
iter: 3  mgc: 1.15552e-12 
iter: 1  value: 16951.29 mgc: 0.814344 ustep: 1 
iter: 2  value: 16951.29 mgc: 0.0001097225 ustep: 1 
iter: 3  mgc: 1.579656e-11 
iter: 1  value: 16945.3 mgc: 3.133563 ustep: 1 
iter: 2  value: 16945.3 mgc: 0.001364767 ustep: 1 
iter: 3  mgc: 2.324494e-09 
iter: 1  mgc: 2.324494e-09 
outer mgc:  1.809196 
iter: 1  value: 16938.5 mgc: 4.971594 ustep: 1 
iter: 2  value: 16938.5 mgc: 0.0008309815 ustep: 1 
iter: 3  mgc: 1.181124e-09 
iter: 1  mgc: 1.181124e-09 
outer mgc:  3.966235 
iter: 1  value: 16931.1 mgc: 2.307439 ustep: 1 
iter: 2  value: 16931.1 mgc: 0.0004600232 ustep: 1 
iter: 3  mgc: 2.720011e-10 
iter: 1  mgc: 2.720011e-10 
outer mgc:  6.115763 
iter: 1  value: 16923.96 mgc: 2.558367 ustep: 1 
iter: 2  value: 16923.96 mgc: 0.002262477 ustep: 1 
iter: 3  value: 16923.96 mgc: 4.790101e-08 ustep: 1 
iter: 4  mgc: 7.349676e-14 
iter: 1  value: 16927.81 mgc: 1.178337 ustep: 1 
iter: 2  value: 16927.81 mgc: 0.0004550848 ustep: 1 
iter: 3  mgc: 2.858281e-09 
iter: 1  mgc: 2.858281e-09 
outer mgc:  3.422417 
iter: 1  value: 16924.08 mgc: 1.76359 ustep: 1 
iter: 2  value: 16924.08 mgc: 7.835654e-05 ustep: 1 
iter: 3  mgc: 9.063139e-11 
iter: 1  mgc: 9.063139e-11 
outer mgc:  1.157794 
iter: 1  value: 16920.94 mgc: 1.271064 ustep: 1 
iter: 2  value: 16920.94 mgc: 5.241818e-05 ustep: 1 
iter: 3  mgc: 3.889333e-12 
iter: 1  mgc: 3.889333e-12 
outer mgc:  1.66801 
iter: 1  value: 16917.19 mgc: 1.101929 ustep: 1 
iter: 2  value: 16917.19 mgc: 6.980398e-05 ustep: 1 
iter: 3  mgc: 9.762857e-12 
iter: 1  value: 16909.5 mgc: 2.342072 ustep: 1 
iter: 2  value: 16909.5 mgc: 0.0002462671 ustep: 1 
iter: 3  mgc: 9.657519e-11 
iter: 1  mgc: 9.657519e-11 
outer mgc:  2.727554 
iter: 1  value: 16899.88 mgc: 5.295386 ustep: 1 
iter: 2  value: 16899.88 mgc: 0.0003324448 ustep: 1 
iter: 3  mgc: 1.293124e-09 
iter: 1  mgc: 1.293124e-09 
outer mgc:  1.084336 
iter: 1  value: 16891.55 mgc: 6.97221 ustep: 1 
iter: 2  value: 16891.55 mgc: 0.0005512389 ustep: 1 
iter: 3  mgc: 1.656975e-09 
iter: 1  mgc: 1.656975e-09 
outer mgc:  1.490996 
iter: 1  value: 16882.89 mgc: 5.453842 ustep: 1 
iter: 2  value: 16882.89 mgc: 0.0001851129 ustep: 1 
iter: 3  mgc: 3.80318e-11 
iter: 1  mgc: 3.80318e-11 
outer mgc:  1.307668 
iter: 1  value: 16873.29 mgc: 7.089559 ustep: 1 
iter: 2  value: 16873.29 mgc: 0.000189005 ustep: 1 
iter: 3  mgc: 2.929013e-11 
iter: 1  mgc: 2.929013e-11 
outer mgc:  0.853131 
iter: 1  value: 16864.77 mgc: 8.431028 ustep: 1 
iter: 2  value: 16864.77 mgc: 0.0001172945 ustep: 1 
iter: 3  mgc: 9.487522e-12 
iter: 1  mgc: 9.487522e-12 
outer mgc:  0.5288568 
iter: 1  value: 16857.09 mgc: 10.15766 ustep: 1 
iter: 2  value: 16857.09 mgc: 0.0001949412 ustep: 1 
iter: 3  mgc: 6.831158e-11 
iter: 1  mgc: 6.831158e-11 
outer mgc:  0.3968508 
iter: 1  value: 16848.66 mgc: 11.00228 ustep: 1 
iter: 2  value: 16848.66 mgc: 0.000130359 ustep: 1 
iter: 3  mgc: 8.095746e-12 
iter: 1  mgc: 8.095746e-12 
outer mgc:  0.141725 
iter: 1  value: 16841.36 mgc: 11.84357 ustep: 1 
iter: 2  value: 16841.36 mgc: 3.883141e-05 ustep: 1 
iter: 3  mgc: 4.389378e-12 
iter: 1  mgc: 4.389378e-12 
outer mgc:  0.1341469 
iter: 1  value: 16834.18 mgc: 15.42765 ustep: 1 
iter: 2  value: 16834.18 mgc: 2.621311e-05 ustep: 1 
iter: 3  mgc: 1.580069e-12 
iter: 1  mgc: 1.580069e-12 
outer mgc:  0.08805251 
iter: 1  value: 16823.65 mgc: 27.65901 ustep: 1 
iter: 2  value: 16823.65 mgc: 8.898424e-05 ustep: 1 
iter: 3  mgc: 6.409095e-12 
iter: 1  mgc: 6.409095e-12 
outer mgc:  0.06711213 
iter: 1  value: 16818.54 mgc: 11.14958 ustep: 1 
iter: 2  value: 16818.54 mgc: 2.086744e-05 ustep: 1 
iter: 3  mgc: 1.941558e-12 
iter: 1  mgc: 1.941558e-12 
outer mgc:  0.07766666 
iter: 1  value: 16815.01 mgc: 15.24816 ustep: 1 
iter: 2  value: 16815.01 mgc: 3.288129e-05 ustep: 1 
iter: 3  mgc: 4.422684e-12 
iter: 1  mgc: 4.422684e-12 
outer mgc:  0.08074533 
iter: 1  value: 16812.5 mgc: 10.31739 ustep: 1 
iter: 2  value: 16812.5 mgc: 1.031637e-05 ustep: 1 
iter: 3  mgc: 2.41851e-12 
iter: 1  mgc: 2.41851e-12 
outer mgc:  0.113339 
iter: 1  value: 16811.36 mgc: 5.472415 ustep: 1 
iter: 2  value: 16811.36 mgc: 2.334243e-05 ustep: 1 
iter: 3  mgc: 1.935563e-12 
iter: 1  mgc: 1.935563e-12 
outer mgc:  0.05240836 
iter: 1  value: 16811.56 mgc: 8.542977 ustep: 1 
iter: 2  value: 16811.56 mgc: 0.0001692561 ustep: 1 
iter: 3  mgc: 5.499379e-12 
iter: 1  mgc: 5.499379e-12 
outer mgc:  0.1046719 
iter: 1  value: 16814.01 mgc: 7.493719 ustep: 1 
iter: 2  value: 16814.01 mgc: 4.006108e-05 ustep: 1 
iter: 3  mgc: 2.438938e-12 
iter: 1  mgc: 2.438938e-12 
outer mgc:  0.1015333 
iter: 1  value: 16814.21 mgc: 2.384496 ustep: 1 
iter: 2  value: 16814.21 mgc: 2.625969e-06 ustep: 1 
iter: 3  mgc: 2.980727e-12 
iter: 1  mgc: 2.980727e-12 
outer mgc:  0.02208581 
iter: 1  value: 16814.8 mgc: 1.73963 ustep: 1 
iter: 2  value: 16814.8 mgc: 7.894466e-06 ustep: 1 
iter: 3  mgc: 1.524558e-12 
iter: 1  mgc: 1.524558e-12 
outer mgc:  0.04974568 
iter: 1  value: 16815.42 mgc: 2.286239 ustep: 1 
iter: 2  value: 16815.42 mgc: 3.346889e-05 ustep: 1 
iter: 3  mgc: 1.036948e-12 
iter: 1  mgc: 1.036948e-12 
outer mgc:  0.09212325 
iter: 1  value: 16814.79 mgc: 2.203771 ustep: 1 
iter: 2  value: 16814.79 mgc: 1.294601e-05 ustep: 1 
iter: 3  mgc: 1.048939e-12 
iter: 1  mgc: 1.048939e-12 
outer mgc:  0.06483522 
iter: 1  value: 16812.74 mgc: 4.163385 ustep: 1 
iter: 2  value: 16812.74 mgc: 1.585356e-05 ustep: 1 
iter: 3  mgc: 3.465672e-12 
iter: 1  mgc: 3.465672e-12 
outer mgc:  0.01572538 
iter: 1  value: 16810.78 mgc: 2.855217 ustep: 1 
iter: 2  value: 16810.78 mgc: 4.647458e-06 ustep: 1 
iter: 3  mgc: 2.18181e-12 
iter: 1  mgc: 2.18181e-12 
outer mgc:  0.04119143 
iter: 1  value: 16808.51 mgc: 3.702205 ustep: 1 
iter: 2  value: 16808.51 mgc: 7.273175e-06 ustep: 1 
iter: 3  mgc: 2.13296e-12 
iter: 1  mgc: 2.13296e-12 
outer mgc:  0.06874825 
iter: 1  value: 16806.02 mgc: 4.763446 ustep: 1 
iter: 2  value: 16806.02 mgc: 1.121204e-05 ustep: 1 
iter: 3  mgc: 1.481038e-12 
iter: 1  mgc: 1.481038e-12 
outer mgc:  0.1004804 
iter: 1  value: 16803.9 mgc: 10.23548 ustep: 1 
iter: 2  value: 16803.9 mgc: 1.946465e-05 ustep: 1 
iter: 3  mgc: 1.603606e-12 
iter: 1  mgc: 1.603606e-12 
outer mgc:  0.08984882 
iter: 1  value: 16802.25 mgc: 14.92959 ustep: 1 
iter: 2  value: 16802.25 mgc: 3.383198e-05 ustep: 1 
iter: 3  mgc: 2.109424e-12 
iter: 1  mgc: 2.109424e-12 
outer mgc:  0.07330712 
iter: 1  value: 16802.29 mgc: 15.88843 ustep: 1 
iter: 2  value: 16802.29 mgc: 5.581462e-05 ustep: 1 
iter: 3  mgc: 1.004663e-11 
iter: 1  mgc: 1.004663e-11 
outer mgc:  0.04125627 
iter: 1  value: 16804.04 mgc: 12.15646 ustep: 1 
iter: 2  value: 16804.04 mgc: 6.828806e-05 ustep: 1 
iter: 3  mgc: 1.096367e-11 
iter: 1  mgc: 1.096367e-11 
outer mgc:  0.03957849 
iter: 1  value: 16806.75 mgc: 13.60113 ustep: 1 
iter: 2  value: 16806.75 mgc: 3.447378e-05 ustep: 1 
iter: 3  mgc: 1.924239e-12 
iter: 1  mgc: 1.924239e-12 
outer mgc:  0.07743209 
iter: 1  value: 16810.36 mgc: 23.12883 ustep: 1 
iter: 2  value: 16810.36 mgc: 0.0003637062 ustep: 1 
iter: 3  mgc: 1.308607e-10 
iter: 1  mgc: 1.308607e-10 
outer mgc:  0.09343338 
iter: 1  value: 16810.65 mgc: 33.08169 ustep: 1 
iter: 2  value: 16810.65 mgc: 0.0002302089 ustep: 1 
iter: 3  mgc: 9.514345e-11 
iter: 1  mgc: 9.514345e-11 
outer mgc:  0.1244095 
iter: 1  value: 16805.4 mgc: 16.14371 ustep: 1 
iter: 2  value: 16805.4 mgc: 8.714404e-05 ustep: 1 
iter: 3  mgc: 9.584777e-12 
iter: 1  mgc: 9.584777e-12 
outer mgc:  0.04815089 
iter: 1  value: 16801.05 mgc: 3.550349 ustep: 1 
iter: 2  value: 16801.05 mgc: 6.601494e-06 ustep: 1 
iter: 3  mgc: 2.547074e-12 
iter: 1  value: 16796.76 mgc: 4.037453 ustep: 1 
iter: 2  value: 16796.76 mgc: 6.573796e-06 ustep: 1 
iter: 3  mgc: 2.045697e-12 
iter: 1  mgc: 2.045697e-12 
outer mgc:  0.07709211 
iter: 1  value: 16791.14 mgc: 21.85476 ustep: 1 
iter: 2  value: 16791.14 mgc: 2.491533e-05 ustep: 1 
iter: 3  mgc: 5.737411e-12 
iter: 1  mgc: 5.737411e-12 
outer mgc:  0.09847643 
iter: 1  value: 16785.63 mgc: 23.05209 ustep: 1 
iter: 2  value: 16785.63 mgc: 9.935635e-06 ustep: 1 
iter: 3  mgc: 5.370371e-12 
iter: 1  mgc: 5.370371e-12 
outer mgc:  0.0698623 
iter: 1  value: 16780.02 mgc: 19.86795 ustep: 1 
iter: 2  value: 16780.02 mgc: 2.265939e-05 ustep: 1 
iter: 3  mgc: 4.322764e-12 
iter: 1  mgc: 4.322764e-12 
outer mgc:  0.02286285 
iter: 1  value: 16775.19 mgc: 26.52809 ustep: 1 
iter: 2  value: 16775.19 mgc: 1.25839e-05 ustep: 1 
iter: 3  mgc: 6.052492e-12 
iter: 1  mgc: 6.052492e-12 
outer mgc:  0.02628988 
iter: 1  value: 16770.25 mgc: 18.35081 ustep: 1 
iter: 2  value: 16770.25 mgc: 2.294083e-05 ustep: 1 
iter: 3  mgc: 8.173018e-12 
iter: 1  mgc: 8.173018e-12 
outer mgc:  0.02938064 
iter: 1  value: 16764.09 mgc: 48.25902 ustep: 1 
iter: 2  value: 16764.09 mgc: 9.607833e-06 ustep: 1 
iter: 3  mgc: 7.798207e-12 
iter: 1  mgc: 7.798207e-12 
outer mgc:  0.02396449 
iter: 1  value: 16759.05 mgc: 28.79958 ustep: 1 
iter: 2  value: 16759.05 mgc: 1.588427e-05 ustep: 1 
iter: 3  mgc: 8.46212e-12 
iter: 1  mgc: 8.46212e-12 
outer mgc:  0.009387388 
iter: 1  value: 16754.4 mgc: 43.74566 ustep: 1 
iter: 2  value: 16754.4 mgc: 6.201339e-06 ustep: 1 
iter: 3  mgc: 1.678657e-11 
iter: 1  mgc: 1.678657e-11 
outer mgc:  0.01930813 
iter: 1  value: 16749.67 mgc: 26.24958 ustep: 1 
iter: 2  value: 16749.67 mgc: 2.453763e-06 ustep: 1 
iter: 3  mgc: 9.672763e-12 
iter: 1  mgc: 9.672763e-12 
outer mgc:  0.01694434 
iter: 1  value: 16741.66 mgc: 42.49802 ustep: 1 
iter: 2  value: 16741.66 mgc: 3.406034e-06 ustep: 1 
iter: 3  mgc: 2.294387e-11 
iter: 1  mgc: 2.294387e-11 
outer mgc:  0.01537778 
iter: 1  value: 16732.13 mgc: 62.00776 ustep: 1 
iter: 2  value: 16732.13 mgc: 3.504021e-06 ustep: 1 
iter: 3  mgc: 3.081935e-11 
iter: 1  mgc: 3.081935e-11 
outer mgc:  0.01451954 
iter: 1  value: 16720.44 mgc: 95.39817 ustep: 1 
iter: 2  value: 16720.44 mgc: 6.797433e-06 ustep: 1 
iter: 3  mgc: 2.154832e-11 
iter: 1  mgc: 2.154832e-11 
outer mgc:  0.01269614 
iter: 1  value: 16707.57 mgc: 127.0906 ustep: 1 
iter: 2  value: 16707.57 mgc: 1.17929e-05 ustep: 1 
iter: 3  mgc: 3.612666e-11 
iter: 1  mgc: 3.612666e-11 
outer mgc:  0.01364745 
iter: 1  value: 16696.22 mgc: 245.8059 ustep: 1 
iter: 2  value: 16696.22 mgc: 3.79897e-05 ustep: 1 
iter: 3  mgc: 6.349543e-11 
iter: 1  mgc: 6.349543e-11 
outer mgc:  0.04721597 
iter: 1  value: 16687.58 mgc: 91.78619 ustep: 1 
iter: 2  value: 16687.58 mgc: 2.654535e-05 ustep: 1 
iter: 3  mgc: 6.018075e-11 
iter: 1  mgc: 6.018075e-11 
outer mgc:  0.01390603 
iter: 1  value: 16679.65 mgc: 124.415 ustep: 1 
iter: 2  value: 16679.65 mgc: 3.851796e-06 ustep: 1 
iter: 3  mgc: 9.989187e-11 
iter: 1  mgc: 9.989187e-11 
outer mgc:  0.02169972 
iter: 1  value: 16664.79 mgc: 195.6271 ustep: 1 
iter: 2  value: 16664.79 mgc: 1.205415e-05 ustep: 1 
iter: 3  mgc: 1.501039e-10 
iter: 1  mgc: 1.501039e-10 
outer mgc:  0.02274908 
iter: 1  value: 16655.83 mgc: 53.36063 ustep: 1 
iter: 2  value: 16655.83 mgc: 3.933896e-06 ustep: 1 
iter: 3  mgc: 2.006848e-10 
iter: 1  mgc: 2.006848e-10 
outer mgc:  0.01166399 
iter: 1  value: 16647.55 mgc: 93.9251 ustep: 1 
iter: 2  value: 16647.55 mgc: 2.12923e-06 ustep: 1 
iter: 3  mgc: 1.213607e-10 
iter: 1  mgc: 1.213607e-10 
outer mgc:  0.01684409 
iter: 1  value: 16639.61 mgc: 50.33423 ustep: 1 
iter: 2  value: 16639.61 mgc: 1.648245e-06 ustep: 1 
iter: 3  mgc: 2.381504e-10 
iter: 1  mgc: 2.381504e-10 
outer mgc:  0.0125523 
iter: 1  value: 16626.77 mgc: 150.6628 ustep: 1 
iter: 2  value: 16626.77 mgc: 3.230866e-06 ustep: 1 
iter: 3  mgc: 1.80995e-10 
iter: 1  mgc: 1.80995e-10 
outer mgc:  0.006494798 
iter: 1  value: 16615.03 mgc: 165.2739 ustep: 1 
iter: 2  value: 16615.03 mgc: 1.626322e-06 ustep: 1 
iter: 3  mgc: 5.069904e-10 
iter: 1  mgc: 5.069904e-10 
outer mgc:  0.006441055 
iter: 1  value: 16597.82 mgc: 423.7254 ustep: 1 
iter: 2  value: 16597.82 mgc: 4.416424e-06 ustep: 1 
iter: 3  mgc: 1.731254e-10 
iter: 1  mgc: 1.731254e-10 
outer mgc:  0.00844809 
iter: 1  value: 16582.47 mgc: 282.4105 ustep: 1 
iter: 2  value: 16582.47 mgc: 9.249101e-06 ustep: 1 
iter: 3  mgc: 4.062897e-10 
iter: 1  mgc: 4.062897e-10 
outer mgc:  0.02587538 
iter: 1  value: 16575.12 mgc: 216.8605 ustep: 1 
iter: 2  value: 16575.12 mgc: 3.634646e-06 ustep: 1 
iter: 3  mgc: 2.197496e-10 
iter: 1  mgc: 2.197496e-10 
outer mgc:  0.006238733 
iter: 1  value: 16561.07 mgc: 522.7786 ustep: 1 
iter: 2  value: 16561.07 mgc: 1.369759e-06 ustep: 1 
iter: 3  mgc: 1.982832e-10 
iter: 1  mgc: 1.982832e-10 
outer mgc:  0.01110474 
iter: 1  value: 16548.4 mgc: 202.2233 ustep: 1 
iter: 2  value: 16548.4 mgc: 6.606832e-07 ustep: 1 
iter: 3  mgc: 4.478951e-10 
iter: 1  mgc: 4.478951e-10 
outer mgc:  0.003891429 
iter: 1  value: 16536.56 mgc: 695.2063 ustep: 1 
iter: 2  value: 16536.56 mgc: 9.212201e-07 ustep: 1 
iter: 3  mgc: 3.560785e-10 
iter: 1  mgc: 3.560785e-10 
outer mgc:  0.003180427 
iter: 1  value: 16525.71 mgc: 625.2979 ustep: 1 
iter: 2  value: 16525.71 mgc: 6.932048e-07 ustep: 1 
iter: 3  mgc: 7.706191e-10 
iter: 1  mgc: 7.706191e-10 
outer mgc:  0.004894976 
iter: 1  value: 16516.57 mgc: 913.3196 ustep: 1 
iter: 2  value: 16516.57 mgc: 1.327053e-06 ustep: 1 
iter: 3  mgc: 2.123572e-09 
iter: 1  mgc: 2.123572e-09 
outer mgc:  0.0110287 
iter: 1  value: 16509.58 mgc: 3021.508 ustep: 1 
iter: 2  value: 16509.58 mgc: 3.63616e-07 ustep: 1 
iter: 3  mgc: 3.957909e-09 
iter: 1  mgc: 3.957909e-09 
outer mgc:  0.001873779 
iter: 1  value: 16505.87 mgc: 2078.193 ustep: 1 
iter: 2  value: 16505.87 mgc: 7.487732e-08 ustep: 1 
mgc: 4.70217e-09 
iter: 1  mgc: 4.70217e-09 
outer mgc:  0.002192963 
iter: 1  value: 16501.31 mgc: 4856.286 ustep: 1 
iter: 2  value: 16501.31 mgc: 2.562707e-07 ustep: 1 
iter: 3  mgc: 6.567444e-09 
iter: 1  mgc: 6.567444e-09 
outer mgc:  0.001851567 
iter: 1  value: 16495.33 mgc: 8005.729 ustep: 1 
iter: 2  value: 16495.33 mgc: 1.464663e-06 ustep: 1 
iter: 3  mgc: 7.78788e-09 
iter: 1  mgc: 7.78788e-09 
outer mgc:  0.002558896 
iter: 1  value: 16495.45 mgc: 8204.89 ustep: 1 
iter: 2  value: 16495.45 mgc: 4.441924e-07 ustep: 1 
iter: 3  value: 16495.45 mgc: 1.174417e-08 ustep: 1 
mgc: 6.871498e-09 
iter: 1  mgc: 6.871498e-09 
outer mgc:  0.002321776 
iter: 1  value: 16495.99 mgc: 11814.86 ustep: 1 
iter: 2  value: 16495.99 mgc: 1.443902e-06 ustep: 1 
iter: 3  mgc: 5.088639e-09 
iter: 1  mgc: 5.088639e-09 
outer mgc:  0.00377492 
iter: 1  value: 16496.5 mgc: 669.0797 ustep: 1 
iter: 2  value: 16496.5 mgc: 1.573306e-08 ustep: 1 
mgc: 6.908975e-09 
iter: 1  value: 16498.06 mgc: 740.2633 ustep: 1 
iter: 2  value: 16498.06 mgc: 1.286018e-07 ustep: 1 
mgc: 8.717716e-09 
iter: 1  value: 16503.28 mgc: 1767.343 ustep: 1 
iter: 2  value: 16503.28 mgc: 1.58901e-06 ustep: 1 
iter: 3  mgc: 9.366895e-09 
iter: 1  mgc: 9.366895e-09 
outer mgc:  0.003236789 
iter: 1  value: 16513.46 mgc: 1247.378 ustep: 1 
iter: 2  value: 16513.46 mgc: 1.080754e-06 ustep: 1 
iter: 3  mgc: 1.539489e-09 
iter: 1  mgc: 1.539489e-09 
outer mgc:  0.003330059 
iter: 1  value: 16513.91 mgc: 1466.764 ustep: 1 
iter: 2  value: 16513.91 mgc: 1.237523e-07 ustep: 1 
mgc: 3.237429e-09 
iter: 1  mgc: 3.237429e-09 
outer mgc:  0.002040742 
iter: 1  value: 16515.07 mgc: 1523.691 ustep: 1 
iter: 2  value: 16515.07 mgc: 2.722785e-07 ustep: 1 
iter: 3  mgc: 1.610404e-09 
iter: 1  mgc: 1.610404e-09 
outer mgc:  0.001537848 
iter: 1  value: 16514.1 mgc: 802.1618 ustep: 1 
iter: 2  value: 16514.1 mgc: 1.072348e-07 ustep: 1 
mgc: 1.997173e-09 
iter: 1  mgc: 1.997173e-09 
outer mgc:  0.0009854612 
iter: 1  value: 16513.25 mgc: 125.8182 ustep: 1 
iter: 2  value: 16513.25 mgc: 9.876287e-08 ustep: 1 
mgc: 1.633504e-09 
iter: 1  mgc: 1.633504e-09 
outer mgc:  0.0007423336 
iter: 1  mgc: 1.633504e-09 
iter: 1  mgc: 1.633504e-09 
outer mgc:  0.0007423336 
iter: 1  value: 16513.25 mgc: 0.009948338 ustep: 1 
iter: 2  value: 16513.25 mgc: 6.275294e-08 ustep: 1 
iter: 3  mgc: 2.781645e-09 
outer mgc:  0.3631913 
iter: 1  value: 16513.25 mgc: 0.009937711 ustep: 1 
iter: 2  value: 16513.25 mgc: 6.263206e-08 ustep: 1 
iter: 3  mgc: 1.941858e-09 
outer mgc:  0.362905 
iter: 1  value: 16513.25 mgc: 0.005722521 ustep: 1 
iter: 2  value: 16513.25 mgc: 2.340891e-08 ustep: 1 
iter: 3  mgc: 2.307718e-09 
outer mgc:  0.1902218 
iter: 1  value: 16513.25 mgc: 0.005717087 ustep: 1 
iter: 2  value: 16513.25 mgc: 2.336893e-08 ustep: 1 
iter: 3  mgc: 2.692346e-09 
outer mgc:  0.1903119 
iter: 1  value: 16513.26 mgc: 0.02062199 ustep: 1 
iter: 2  value: 16513.26 mgc: 2.64334e-07 ustep: 1 
iter: 3  mgc: 1.981081e-09 
outer mgc:  0.8151589 
iter: 1  value: 16513.25 mgc: 0.02061187 ustep: 1 
iter: 2  value: 16513.25 mgc: 2.640461e-07 ustep: 1 
iter: 3  mgc: 1.84063e-09 
outer mgc:  0.8148668 
iter: 1  value: 16513.25 mgc: 0.01061972 ustep: 1 
iter: 2  value: 16513.25 mgc: 6.366086e-08 ustep: 1 
iter: 3  mgc: 1.560965e-09 
outer mgc:  0.4280197 
iter: 1  value: 16513.25 mgc: 0.01061523 ustep: 1 
iter: 2  value: 16513.25 mgc: 6.360716e-08 ustep: 1 
iter: 3  mgc: 2.124636e-09 
outer mgc:  0.4271386 
iter: 1  value: 16513.26 mgc: 0.01189514 ustep: 1 
iter: 2  value: 16513.26 mgc: 4.762236e-08 ustep: 1 
iter: 3  mgc: 2.605168e-09 
outer mgc:  0.4558129 
iter: 1  value: 16513.25 mgc: 0.01188605 ustep: 1 
iter: 2  value: 16513.25 mgc: 4.870467e-08 ustep: 1 
iter: 3  mgc: 1.880503e-09 
outer mgc:  0.4566792 
iter: 1  value: 16513.25 mgc: 0.006145918 ustep: 1 
iter: 2  value: 16513.25 mgc: 1.343252e-08 ustep: 1 
mgc: 2.343481e-09 
outer mgc:  0.2309945 
iter: 1  value: 16513.25 mgc: 0.006140361 ustep: 1 
iter: 2  value: 16513.25 mgc: 1.341887e-08 ustep: 1 
mgc: 2.397055e-09 
outer mgc:  0.2311228 
iter: 1  value: 16513.25 mgc: 0.01615475 ustep: 1 
iter: 2  value: 16513.25 mgc: 3.643676e-07 ustep: 1 
iter: 3  mgc: 2.392766e-09 
outer mgc:  0.5631178 
iter: 1  value: 16513.25 mgc: 0.01614089 ustep: 1 
iter: 2  value: 16513.25 mgc: 3.641594e-07 ustep: 1 
iter: 3  mgc: 2.133371e-09 
outer mgc:  0.5618124 
iter: 1  value: 16513.25 mgc: 0.009603287 ustep: 1 
iter: 2  value: 16513.25 mgc: 1.293115e-07 ustep: 1 
iter: 3  mgc: 1.959215e-09 
outer mgc:  0.3148073 
iter: 1  value: 16513.25 mgc: 0.009597338 ustep: 1 
iter: 2  value: 16513.25 mgc: 1.292371e-07 ustep: 1 
iter: 3  mgc: 2.68389e-09 
outer mgc:  0.3140051 
iter: 1  value: 16513.25 mgc: 0.01368627 ustep: 1 
iter: 2  value: 16513.25 mgc: 2.39216e-07 ustep: 1 
iter: 3  mgc: 2.230588e-09 
outer mgc:  0.4747383 
iter: 1  value: 16513.25 mgc: 0.01367337 ustep: 1 
iter: 2  value: 16513.25 mgc: 2.39028e-07 ustep: 1 
iter: 3  mgc: 1.710824e-09 
outer mgc:  0.4743643 
iter: 1  value: 16513.25 mgc: 0.007762641 ustep: 1 
iter: 2  value: 16513.25 mgc: 7.890474e-08 ustep: 1 
iter: 3  mgc: 3.71279e-09 
outer mgc:  0.2655871 
iter: 1  value: 16513.25 mgc: 0.007756619 ustep: 1 
iter: 2  value: 16513.25 mgc: 7.881883e-08 ustep: 1 
iter: 3  mgc: 2.957822e-09 
outer mgc:  0.2658173 
iter: 1  value: 16513.29 mgc: 7875.318 ustep: 1 
iter: 2  value: 16513.29 mgc: 4.327751e-06 ustep: 1 
iter: 3  mgc: 1.319886e-09 
outer mgc:  0.05862059 
iter: 1  value: 16513.21 mgc: 7883.197 ustep: 1 
iter: 2  value: 16513.21 mgc: 4.325195e-06 ustep: 1 
iter: 3  mgc: 1.496699e-09 
outer mgc:  0.05819414 
iter: 1  value: 16513.29 mgc: 11750.6 ustep: 1 
iter: 2  value: 16513.29 mgc: 5.471142e-06 ustep: 1 
iter: 3  mgc: 1.732303e-09 
outer mgc:  0.1289377 
iter: 1  value: 16513.22 mgc: 11785.91 ustep: 1 
iter: 2  value: 16513.22 mgc: 5.476807e-06 ustep: 1 
iter: 3  mgc: 1.93438e-09 
outer mgc:  0.1293868 
iter: 1  value: 16513.3 mgc: 5207.247 ustep: 1 
iter: 2  value: 16513.3 mgc: 4.181792e-06 ustep: 1 
iter: 3  mgc: 1.414999e-09 
outer mgc:  0.04913638 
iter: 1  value: 16513.21 mgc: 5212.457 ustep: 1 
iter: 2  value: 16513.21 mgc: 4.18019e-06 ustep: 1 
iter: 3  mgc: 2.00081e-09 
outer mgc:  0.04752182 
iter: 1  value: 16513.29 mgc: 494.9854 ustep: 1 
iter: 2  value: 16513.29 mgc: 4.050024e-06 ustep: 1 
iter: 3  mgc: 2.417139e-09 
outer mgc:  0.06790731 
iter: 1  value: 16513.22 mgc: 495.4806 ustep: 1 
iter: 2  value: 16513.22 mgc: 4.050015e-06 ustep: 1 
iter: 3  mgc: 3.903786e-09 
outer mgc:  0.0679638 
iter: 1  value: 16513.29 mgc: 825.2156 ustep: 1 
iter: 2  value: 16513.29 mgc: 4.78406e-06 ustep: 1 
iter: 3  mgc: 3.188839e-09 
outer mgc:  0.06350105 
iter: 1  value: 16513.22 mgc: 826.0413 ustep: 1 
iter: 2  value: 16513.22 mgc: 4.781077e-06 ustep: 1 
iter: 3  mgc: 1.459207e-09 
outer mgc:  0.0642226 
iter: 1  value: 16513.25 mgc: 90.97221 ustep: 1 
iter: 2  mgc: 1.558277e-09 
outer mgc:  0.0007308295 
iter: 1  value: 16513.26 mgc: 90.95105 ustep: 1 
iter: 2  mgc: 2.255778e-09 
outer mgc:  0.0007538442 
iter: 1  value: 16513.25 mgc: 7.022306 ustep: 1 
iter: 2  mgc: 3.043563e-09 
outer mgc:  0.0007567446 
iter: 1  value: 16513.25 mgc: 7.022293 ustep: 1 
iter: 2  mgc: 4.043238e-09 
outer mgc:  0.0007279221 
iter: 1  value: 16513.25 mgc: 20.36533 ustep: 1 
iter: 2  mgc: 4.44811e-09 
outer mgc:  0.0007015318 
iter: 1  value: 16513.25 mgc: 20.36416 ustep: 1 
iter: 2  mgc: 2.011612e-09 
outer mgc:  0.0007831353 
iter: 1  value: 16513.25 mgc: 9.078184 ustep: 1 
iter: 2  mgc: 6.096137e-09 
outer mgc:  0.00101754 
iter: 1  value: 16513.26 mgc: 9.078054 ustep: 1 
iter: 2  mgc: 6.100178e-09 
outer mgc:  0.0008646896 
iter: 1  value: 16513.25 mgc: 38.14017 ustep: 1 
iter: 2  value: 16513.25 mgc: 2.089461e-08 ustep: 1 
mgc: 3.105807e-09 
outer mgc:  0.0007684893 
iter: 1  value: 16513.25 mgc: 38.14579 ustep: 1 
iter: 2  value: 16513.25 mgc: 2.090866e-08 ustep: 1 
mgc: 1.6262e-09 
outer mgc:  0.0007582302 
iter: 1  value: 16513.25 mgc: 32.2252 ustep: 1 
iter: 2  value: 16513.25 mgc: 5.067669e-08 ustep: 1 
mgc: 1.825286e-09 
outer mgc:  0.001507067 
iter: 1  value: 16513.26 mgc: 32.05168 ustep: 1 
iter: 2  value: 16513.26 mgc: 5.067062e-08 ustep: 1 
mgc: 1.326769e-09 
outer mgc:  0.002000515 
iter: 1  value: 16513.25 mgc: 1.608084 ustep: 1 
iter: 2  mgc: 1.821606e-09 
outer mgc:  0.0007284259 
iter: 1  value: 16513.25 mgc: 1.608081 ustep: 1 
iter: 2  mgc: 2.15885e-09 
outer mgc:  0.0007562409 
iter: 1  value: 16513.25 mgc: 2.831844 ustep: 1 
iter: 2  mgc: 1.888992e-09 
outer mgc:  0.0007702259 
iter: 1  value: 16513.25 mgc: 2.831905 ustep: 1 
iter: 2  mgc: 2.190123e-09 
outer mgc:  0.0007144396 
iter: 1  value: 16513.25 mgc: 3.275436 ustep: 1 
iter: 2  mgc: 1.938274e-09 
outer mgc:  0.0007269389 
iter: 1  value: 16513.25 mgc: 3.273456 ustep: 1 
iter: 2  mgc: 1.860483e-09 
outer mgc:  0.0007577346 
iter: 1  value: 16513.25 mgc: 1.535047 ustep: 1 
iter: 2  mgc: 1.708907e-09 
outer mgc:  0.0007342741 
iter: 1  value: 16513.25 mgc: 1.537091 ustep: 1 
iter: 2  mgc: 2.047916e-09 
outer mgc:  0.0007503895 
iter: 1  value: 16513.24 mgc: 0.005990787 ustep: 1 
iter: 2  value: 16513.24 mgc: 9.611875e-08 ustep: 1 
iter: 3  mgc: 3.048907e-09 
outer mgc:  0.06617509 
iter: 1  value: 16513.27 mgc: 0.005989424 ustep: 1 
iter: 2  value: 16513.27 mgc: 9.604978e-08 ustep: 1 
iter: 3  mgc: 1.534449e-09 
outer mgc:  0.06521975 
Warning message:
package ‘nnet’ was built under R version 3.6.3 
[Sun Aug 15 16:11:47 2021]
Finished job 0.
1 of 1 steps (100%) done
