Building DAG of jobs...
Using shell: /usr/bin/bash
Provided cores: 1 (use --cores to define parallelism)
Rules claiming more threads will be scaled down.
Job counts:
	count	jobs
	1	inference_simulation_TMB_multiple
	1

[Sun Aug 15 20:28:47 2021]
rule inference_simulation_TMB_multiple:
    input: ../data/assessing_models_simulation/datasets/multiple_GenerationJnorm3_10_100_10_5_0.8_NA_NA_NA_dataset1.RDS
    output: ../data/assessing_models_simulation/inference_results/TMB/nlminb/multiple_GenerationJnorm3_10_100_10_5_0.8_fullREDMsinglelambda_NA_NA_NA_dataset1.RDS
    log: logs/inference/nlminb/simulation_GenerationJnorm3_10_100_10_5_0.8_ModelfullREDMsinglelambda_NA_NA_NA_dataset1.log
    jobid: 0
    wildcards: optimiser=nlminb, datasetgeneration=GenerationJnorm3, n=10, nlambda=100, lmbda=10, d=5, beta_intensity=0.8, model=fullREDMsinglelambda, fixed_beta_intercept=NA, fixed_beta_slope=NA, sdRE_input=NA, itnum=1

Rscript 2_inference_TMB/run_TMB.R --input ../data/assessing_models_simulation/datasets/multiple_GenerationJnorm3_10_100_10_5_0.8_NA_NA_NA_dataset1.RDS --output ../data/assessing_models_simulation/inference_results/TMB/nlminb/multiple_GenerationJnorm3_10_100_10_5_0.8_fullREDMsinglelambda_NA_NA_NA_dataset1.RDS --model fullREDMsinglelambda --optimiser nlminb
Model: fullREDMsinglelambda 
Feature type: signatures 
Using nlminb: TRUE 
Simulation boolean: TRUE 
make: Nothing to be done for 'all'.
../data/assessing_models_simulation/datasets/multiple_GenerationJnorm3_10_100_10_5_0.8_NA_NA_NA_dataset1.RDS[1] "../data/assessing_models_simulation/datasets/multiple_GenerationJnorm3_10_100_10_5_0.8_NA_NA_NA_dataset1.RDS"
Reading file ../data/assessing_models_simulation/datasets/multiple_GenerationJnorm3_10_100_10_5_0.8_NA_NA_NA_dataset1.RDS 
Loading required package: nnet
# weights:  15 (8 variable)
initial  value 3236.579642 
iter  10 value 2911.231951
final  value 2892.975637 
converged
Order of parameters:
[1] "beta"       "u_large"    "logs_sd_RE" "cov_par_RE" "log_lambda"
Not matching template order:
[1] "beta"       "logs_sd_RE" "cov_par_RE" "log_lambda" "u_large"   
Your parameter list has been re-ordered.
(Disable this warning with checkParameterOrder=FALSE)
Constructing atomic invpd
Constructing atomic D_lgamma
Constructing atomic invpd
Constructing atomic D_lgamma
Constructing atomic matmul
Constructing atomic invpd
Constructing atomic D_lgamma
Constructing atomic matmul
Optimizing tape... Done
iter: 1  value: 2733.285 mgc: 6.267947 ustep: 0.6827823 
iter: 2  value: 2718.655 mgc: 6.724134 ustep: 0.8263238 
iter: 3  value: 2717.056 mgc: 1.853472 ustep: 0.6983222 
iter: 4  value: 2716.049 mgc: 2.515406 ustep: 0.8356732 
iter: 5  value: 2716.029 mgc: 0.292085 ustep: 0.9141602 
iter: 6  value: 2716.029 mgc: 0.0207896 ustep: 0.9561216 
iter: 7  value: 2716.029 mgc: 0.0006559586 ustep: 0.9778169 
iter: 8  value: 2716.029 mgc: 1.640514e-05 ustep: 0.9888474 
iter: 9  value: 2716.029 mgc: 3.209372e-07 ustep: 0.9944086 
iter: 10  mgc: 3.209927e-09 
iter: 1  mgc: 3.209927e-09 
Matching hessian patterns... Done
outer mgc:  20.33131 
iter: 1  value: 2687.889 mgc: 1.242938 ustep: 1 
iter: 2  value: 2687.877 mgc: 0.1759365 ustep: 1 
iter: 3  value: 2687.877 mgc: 0.001002964 ustep: 1 
iter: 4  value: 2687.877 mgc: 7.566132e-08 ustep: 1 
iter: 5  mgc: 1.609823e-15 
iter: 1  value: 2670.197 mgc: 2.109045 ustep: 1 
iter: 2  value: 2670.148 mgc: 0.6762209 ustep: 1 
iter: 3  value: 2670.148 mgc: 0.02283137 ustep: 1 
iter: 4  value: 2670.148 mgc: 3.244756e-05 ustep: 1 
iter: 5  mgc: 6.290385e-11 
iter: 1  mgc: 6.290385e-11 
outer mgc:  11.79181 
iter: 1  value: 2680.078 mgc: 3.353236 ustep: 1 
iter: 2  value: 2679.889 mgc: 0.5413773 ustep: 1 
iter: 3  value: 2679.889 mgc: 0.009724169 ustep: 1 
iter: 4  value: 2679.889 mgc: 7.23382e-06 ustep: 1 
iter: 5  mgc: 7.456924e-12 
iter: 1  value: 2660.347 mgc: 1.968445 ustep: 1 
iter: 2  value: 2660.3 mgc: 0.3667409 ustep: 1 
iter: 3  value: 2660.3 mgc: 0.008713669 ustep: 1 
iter: 4  value: 2660.3 mgc: 5.379836e-06 ustep: 1 
iter: 5  mgc: 2.064127e-12 
iter: 1  mgc: 2.064127e-12 
outer mgc:  9.639469 
iter: 1  value: 2652.876 mgc: 2.763505 ustep: 1 
iter: 2  value: 2652.849 mgc: 0.2334286 ustep: 1 
iter: 3  value: 2652.849 mgc: 0.004018558 ustep: 1 
iter: 4  value: 2652.849 mgc: 1.510431e-06 ustep: 1 
iter: 5  mgc: 2.169653e-13 
iter: 1  mgc: 2.169653e-13 
outer mgc:  13.22819 
iter: 1  value: 2639.017 mgc: 2.302357 ustep: 1 
iter: 2  value: 2638.946 mgc: 0.5637711 ustep: 1 
iter: 3  value: 2638.946 mgc: 0.0235903 ustep: 1 
iter: 4  value: 2638.946 mgc: 4.795647e-05 ustep: 1 
iter: 5  mgc: 2.004334e-10 
iter: 1  mgc: 2.004334e-10 
outer mgc:  7.328455 
iter: 1  value: 2632.016 mgc: 3.683949 ustep: 1 
iter: 2  value: 2631.865 mgc: 0.6767038 ustep: 1 
iter: 3  value: 2631.865 mgc: 0.03096911 ustep: 1 
iter: 4  value: 2631.865 mgc: 5.688586e-05 ustep: 1 
iter: 5  mgc: 2.310832e-10 
iter: 1  mgc: 2.310832e-10 
outer mgc:  14.55512 
iter: 1  value: 2621.253 mgc: 6.556633 ustep: 1 
iter: 2  value: 2619.899 mgc: 2.320045 ustep: 1 
iter: 3  value: 2619.888 mgc: 0.2398642 ustep: 1 
iter: 4  value: 2619.888 mgc: 0.003930585 ustep: 1 
iter: 5  value: 2619.888 mgc: 1.134525e-06 ustep: 1 
iter: 6  mgc: 9.636736e-14 
iter: 1  mgc: 9.636736e-14 
outer mgc:  8.83683 
iter: 1  value: 2617.353 mgc: 9.827621 ustep: 1 
iter: 2  value: 2616.807 mgc: 1.143116 ustep: 1 
iter: 3  value: 2616.806 mgc: 0.0705333 ustep: 1 
iter: 4  value: 2616.806 mgc: 0.0004189237 ustep: 1 
iter: 5  value: 2616.806 mgc: 1.478412e-08 ustep: 1 
mgc: 1.199041e-14 
iter: 1  mgc: 1.199041e-14 
outer mgc:  14.05859 
iter: 1  value: 2608.442 mgc: 13.35322 ustep: 1 
iter: 2  value: 2608.322 mgc: 0.595349 ustep: 1 
iter: 3  value: 2608.322 mgc: 0.01154908 ustep: 1 
iter: 4  value: 2608.322 mgc: 7.522677e-06 ustep: 1 
iter: 5  mgc: 5.480505e-12 
iter: 1  mgc: 5.480505e-12 
outer mgc:  4.141002 
iter: 1  value: 2600.519 mgc: 13.56315 ustep: 1 
iter: 2  value: 2600.376 mgc: 0.6869506 ustep: 1 
iter: 3  value: 2600.376 mgc: 0.01671153 ustep: 1 
iter: 4  value: 2600.376 mgc: 1.300624e-05 ustep: 1 
iter: 5  mgc: 9.639622e-12 
iter: 1  mgc: 9.639622e-12 
outer mgc:  5.955283 
iter: 1  value: 2593.117 mgc: 7.062317 ustep: 1 
iter: 2  value: 2593.07 mgc: 0.5024572 ustep: 1 
iter: 3  value: 2593.07 mgc: 0.008995876 ustep: 1 
iter: 4  value: 2593.07 mgc: 3.422038e-06 ustep: 1 
iter: 5  mgc: 4.769518e-13 
iter: 1  mgc: 4.769518e-13 
outer mgc:  4.694403 
iter: 1  value: 2588.343 mgc: 16.06721 ustep: 1 
iter: 2  value: 2588.28 mgc: 0.4985493 ustep: 1 
iter: 3  value: 2588.28 mgc: 0.004156655 ustep: 1 
iter: 4  value: 2588.28 mgc: 1.104608e-06 ustep: 1 
iter: 5  mgc: 1.123546e-13 
iter: 1  mgc: 1.123546e-13 
outer mgc:  5.469646 
iter: 1  value: 2593.52 mgc: 16.48183 ustep: 1 
iter: 2  value: 2593.49 mgc: 0.3272225 ustep: 1 
iter: 3  value: 2593.49 mgc: 0.0110329 ustep: 1 
iter: 4  value: 2593.49 mgc: 1.310697e-05 ustep: 1 
iter: 5  mgc: 1.887657e-11 
iter: 1  value: 2588.262 mgc: 12.06704 ustep: 1 
iter: 2  value: 2588.257 mgc: 0.1430907 ustep: 1 
iter: 3  value: 2588.257 mgc: 0.0008827339 ustep: 1 
iter: 4  value: 2588.257 mgc: 7.044349e-08 ustep: 1 
iter: 5  mgc: 1.421085e-14 
iter: 1  mgc: 1.421085e-14 
outer mgc:  5.049898 
iter: 1  value: 2587.675 mgc: 4.153172 ustep: 1 
iter: 2  value: 2587.675 mgc: 0.008818092 ustep: 1 
iter: 3  value: 2587.675 mgc: 4.516785e-06 ustep: 1 
iter: 4  mgc: 1.973977e-12 
iter: 1  mgc: 1.973977e-12 
outer mgc:  4.848136 
iter: 1  value: 2586.356 mgc: 4.255949 ustep: 1 
iter: 2  value: 2586.356 mgc: 0.01568028 ustep: 1 
iter: 3  value: 2586.356 mgc: 1.572649e-05 ustep: 1 
iter: 4  mgc: 1.62656e-11 
iter: 1  mgc: 1.62656e-11 
outer mgc:  1.66764 
iter: 1  value: 2586.491 mgc: 5.041954 ustep: 1 
iter: 2  value: 2586.491 mgc: 0.006571361 ustep: 1 
iter: 3  value: 2586.491 mgc: 2.988251e-06 ustep: 1 
iter: 4  mgc: 9.330314e-13 
iter: 1  mgc: 9.330314e-13 
outer mgc:  3.098218 
iter: 1  value: 2586.673 mgc: 1.121531 ustep: 1 
iter: 2  value: 2586.673 mgc: 0.008673885 ustep: 1 
iter: 3  value: 2586.673 mgc: 3.244344e-06 ustep: 1 
iter: 4  mgc: 6.145084e-13 
iter: 1  mgc: 6.145084e-13 
outer mgc:  3.186502 
iter: 1  value: 2586.387 mgc: 1.279183 ustep: 1 
iter: 2  value: 2586.387 mgc: 0.005888884 ustep: 1 
iter: 3  value: 2586.387 mgc: 3.959766e-06 ustep: 1 
iter: 4  mgc: 2.214451e-12 
iter: 1  mgc: 2.214451e-12 
outer mgc:  1.129103 
iter: 1  value: 2585.438 mgc: 2.689914 ustep: 1 
iter: 2  value: 2585.438 mgc: 0.003841477 ustep: 1 
iter: 3  value: 2585.438 mgc: 7.274692e-07 ustep: 1 
iter: 4  mgc: 1.887379e-14 
iter: 1  mgc: 1.887379e-14 
outer mgc:  0.7936105 
iter: 1  value: 2584.897 mgc: 2.390227 ustep: 1 
iter: 2  value: 2584.897 mgc: 0.00238212 ustep: 1 
iter: 3  value: 2584.897 mgc: 3.172528e-07 ustep: 1 
iter: 4  mgc: 1.74305e-14 
iter: 1  mgc: 1.74305e-14 
outer mgc:  1.000171 
iter: 1  value: 2584.234 mgc: 1.877251 ustep: 1 
iter: 2  value: 2584.234 mgc: 0.00185267 ustep: 1 
iter: 3  value: 2584.234 mgc: 1.055224e-07 ustep: 1 
iter: 4  mgc: 1.24345e-14 
iter: 1  value: 2582.696 mgc: 4.135138 ustep: 1 
iter: 2  value: 2582.696 mgc: 0.008028543 ustep: 1 
iter: 3  value: 2582.696 mgc: 1.855877e-06 ustep: 1 
iter: 4  mgc: 8.881784e-14 
iter: 1  mgc: 8.881784e-14 
outer mgc:  2.24115 
iter: 1  value: 2580.155 mgc: 10.5923 ustep: 1 
iter: 2  value: 2580.155 mgc: 0.005373937 ustep: 1 
iter: 3  value: 2580.155 mgc: 1.856376e-06 ustep: 1 
iter: 4  mgc: 2.370881e-13 
iter: 1  mgc: 2.370881e-13 
outer mgc:  0.3545526 
iter: 1  value: 2577.203 mgc: 7.101374 ustep: 1 
iter: 2  value: 2577.203 mgc: 0.01599451 ustep: 1 
iter: 3  value: 2577.203 mgc: 1.318054e-05 ustep: 1 
iter: 4  mgc: 7.659207e-12 
iter: 1  mgc: 7.659207e-12 
outer mgc:  0.47751 
iter: 1  value: 2574.7 mgc: 8.38144 ustep: 1 
iter: 2  value: 2574.7 mgc: 0.003941412 ustep: 1 
iter: 3  value: 2574.7 mgc: 8.547568e-07 ustep: 1 
iter: 4  mgc: 3.28626e-14 
iter: 1  mgc: 3.28626e-14 
outer mgc:  0.4096817 
iter: 1  value: 2572.561 mgc: 6.128531 ustep: 1 
iter: 2  value: 2572.561 mgc: 0.002233989 ustep: 1 
iter: 3  value: 2572.561 mgc: 1.297345e-07 ustep: 1 
iter: 4  mgc: 3.819167e-14 
iter: 1  mgc: 3.819167e-14 
outer mgc:  0.5173649 
iter: 1  value: 2569.95 mgc: 11.37761 ustep: 1 
iter: 2  value: 2569.95 mgc: 0.002547597 ustep: 1 
iter: 3  value: 2569.95 mgc: 3.118668e-07 ustep: 1 
iter: 4  mgc: 3.597123e-14 
iter: 1  mgc: 3.597123e-14 
outer mgc:  0.2188643 
iter: 1  value: 2567.604 mgc: 9.693218 ustep: 1 
iter: 2  value: 2567.604 mgc: 0.001463941 ustep: 1 
iter: 3  value: 2567.604 mgc: 6.745736e-08 ustep: 1 
iter: 4  mgc: 2.975398e-14 
iter: 1  mgc: 2.975398e-14 
outer mgc:  0.30485 
iter: 1  value: 2566.192 mgc: 12.54852 ustep: 1 
iter: 2  value: 2566.192 mgc: 0.002513593 ustep: 1 
iter: 3  value: 2566.192 mgc: 4.912334e-07 ustep: 1 
iter: 4  mgc: 4.019007e-14 
iter: 1  mgc: 4.019007e-14 
outer mgc:  0.3527787 
iter: 1  value: 2565.025 mgc: 6.952434 ustep: 1 
iter: 2  value: 2565.025 mgc: 0.00579455 ustep: 1 
iter: 3  value: 2565.025 mgc: 1.798366e-06 ustep: 1 
iter: 4  mgc: 2.007283e-13 
iter: 1  mgc: 2.007283e-13 
outer mgc:  0.08022288 
iter: 1  value: 2564.241 mgc: 3.360898 ustep: 1 
iter: 2  value: 2564.241 mgc: 0.0005807927 ustep: 1 
iter: 3  value: 2564.241 mgc: 1.015037e-08 ustep: 1 
mgc: 5.906386e-14 
iter: 1  mgc: 5.906386e-14 
outer mgc:  0.1634351 
iter: 1  value: 2563.395 mgc: 3.359487 ustep: 1 
iter: 2  value: 2563.395 mgc: 3.342812e-05 ustep: 1 
iter: 3  mgc: 5.973089e-11 
iter: 1  value: 2561.5 mgc: 8.033434 ustep: 1 
iter: 2  value: 2561.5 mgc: 0.0001825604 ustep: 1 
iter: 3  mgc: 1.791903e-09 
iter: 1  mgc: 1.791903e-09 
outer mgc:  0.2265689 
iter: 1  value: 2559.247 mgc: 8.21809 ustep: 1 
iter: 2  value: 2559.247 mgc: 8.445234e-05 ustep: 1 
iter: 3  mgc: 3.228537e-10 
iter: 1  mgc: 3.228537e-10 
outer mgc:  0.07935034 
iter: 1  value: 2557.339 mgc: 14.66003 ustep: 1 
iter: 2  value: 2557.339 mgc: 0.0001663823 ustep: 1 
iter: 3  mgc: 1.138241e-09 
iter: 1  value: 2555.342 mgc: 17.39533 ustep: 1 
iter: 2  value: 2555.342 mgc: 0.0001843416 ustep: 1 
iter: 3  mgc: 1.300992e-09 
iter: 1  mgc: 1.300992e-09 
outer mgc:  0.08393438 
iter: 1  value: 2552.636 mgc: 68.56985 ustep: 1 
iter: 2  value: 2552.636 mgc: 0.0003100593 ustep: 1 
iter: 3  mgc: 5.431598e-09 
iter: 1  mgc: 5.431598e-09 
outer mgc:  0.1706214 
iter: 1  value: 2550.152 mgc: 107.8798 ustep: 1 
iter: 2  value: 2550.152 mgc: 0.0002843721 ustep: 1 
iter: 3  mgc: 1.793885e-09 
iter: 1  mgc: 1.793885e-09 
outer mgc:  0.07305879 
iter: 1  value: 2546.131 mgc: 426.3284 ustep: 1 
iter: 2  value: 2546.131 mgc: 0.0003655304 ustep: 1 
iter: 3  mgc: 1.526598e-09 
iter: 1  mgc: 1.526598e-09 
outer mgc:  0.0436211 
iter: 1  value: 2543.509 mgc: 575.952 ustep: 1 
iter: 2  value: 2543.509 mgc: 0.0003718124 ustep: 1 
iter: 3  mgc: 1.92707e-09 
iter: 1  mgc: 1.92707e-09 
outer mgc:  0.01582132 
iter: 1  value: 2543.125 mgc: 22.56619 ustep: 1 
iter: 2  value: 2543.125 mgc: 7.15367e-06 ustep: 1 
iter: 3  mgc: 2.334355e-12 
iter: 1  mgc: 2.334355e-12 
outer mgc:  0.01358694 
iter: 1  value: 2542.29 mgc: 25.7681 ustep: 1 
iter: 2  value: 2542.29 mgc: 6.92441e-06 ustep: 1 
iter: 3  mgc: 1.538991e-12 
iter: 1  mgc: 1.538991e-12 
outer mgc:  0.04224701 
iter: 1  value: 2540.462 mgc: 18.79322 ustep: 1 
iter: 2  value: 2540.462 mgc: 8.91892e-06 ustep: 1 
iter: 3  mgc: 6.375123e-12 
iter: 1  mgc: 6.375123e-12 
outer mgc:  0.07040268 
iter: 1  value: 2537.795 mgc: 21.7927 ustep: 1 
iter: 2  value: 2537.795 mgc: 1.319183e-05 ustep: 1 
iter: 3  mgc: 1.135625e-11 
iter: 1  mgc: 1.135625e-11 
outer mgc:  0.0726039 
iter: 1  value: 2534.464 mgc: 67.85298 ustep: 1 
iter: 2  value: 2534.464 mgc: 1.403007e-05 ustep: 1 
iter: 3  mgc: 1.186484e-11 
iter: 1  mgc: 1.186484e-11 
outer mgc:  0.04061479 
iter: 1  value: 2531.636 mgc: 51.15155 ustep: 1 
iter: 2  value: 2531.636 mgc: 2.561377e-05 ustep: 1 
iter: 3  mgc: 3.545286e-11 
iter: 1  mgc: 3.545286e-11 
outer mgc:  0.005418158 
iter: 1  value: 2529.166 mgc: 35.18201 ustep: 1 
iter: 2  value: 2529.166 mgc: 4.608601e-06 ustep: 1 
iter: 3  mgc: 3.683942e-12 
iter: 1  mgc: 3.683942e-12 
outer mgc:  0.01539391 
iter: 1  value: 2526.979 mgc: 54.34513 ustep: 1 
iter: 2  value: 2526.979 mgc: 4.459975e-06 ustep: 1 
iter: 3  mgc: 5.053957e-12 
iter: 1  mgc: 5.053957e-12 
outer mgc:  0.02167528 
iter: 1  value: 2523.911 mgc: 150.0809 ustep: 1 
iter: 2  value: 2523.911 mgc: 3.076198e-06 ustep: 1 
iter: 3  mgc: 5.841105e-12 
iter: 1  mgc: 5.841105e-12 
outer mgc:  0.01595753 
iter: 1  value: 2521.258 mgc: 238.4086 ustep: 1 
iter: 2  value: 2521.258 mgc: 1.6709e-06 ustep: 1 
iter: 3  mgc: 5.644374e-12 
iter: 1  mgc: 5.644374e-12 
outer mgc:  0.006427999 
iter: 1  value: 2518.914 mgc: 202.5024 ustep: 1 
iter: 2  value: 2518.914 mgc: 1.427553e-06 ustep: 1 
iter: 3  mgc: 1.496336e-11 
iter: 1  mgc: 1.496336e-11 
outer mgc:  0.005369677 
iter: 1  value: 2516.815 mgc: 152.1922 ustep: 1 
iter: 2  value: 2516.815 mgc: 2.893067e-07 ustep: 1 
iter: 3  mgc: 1.827205e-11 
iter: 1  mgc: 1.827205e-11 
outer mgc:  0.007710421 
iter: 1  value: 2513.801 mgc: 162.0909 ustep: 1 
iter: 2  value: 2513.801 mgc: 2.697615e-07 ustep: 1 
iter: 3  mgc: 1.627876e-11 
iter: 1  mgc: 1.627876e-11 
outer mgc:  0.007755184 
iter: 1  value: 2510.589 mgc: 81.57927 ustep: 1 
iter: 2  value: 2510.589 mgc: 4.065407e-07 ustep: 1 
iter: 3  mgc: 4.140988e-11 
iter: 1  mgc: 4.140988e-11 
outer mgc:  0.004959623 
iter: 1  value: 2507.046 mgc: 238.7793 ustep: 1 
iter: 2  value: 2507.046 mgc: 6.171755e-07 ustep: 1 
iter: 3  mgc: 2.127543e-11 
iter: 1  mgc: 2.127543e-11 
outer mgc:  0.005301531 
iter: 1  value: 2503.336 mgc: 330.0225 ustep: 1 
iter: 2  value: 2503.336 mgc: 3.451708e-07 ustep: 1 
iter: 3  mgc: 4.266587e-11 
iter: 1  mgc: 4.266587e-11 
outer mgc:  0.009569958 
iter: 1  value: 2499.194 mgc: 544.0033 ustep: 1 
iter: 2  value: 2499.194 mgc: 4.823272e-08 ustep: 1 
iter: 3  mgc: 1.114113e-10 
iter: 1  mgc: 1.114113e-10 
outer mgc:  0.01058392 
iter: 1  value: 2494.616 mgc: 1722.849 ustep: 1 
iter: 2  value: 2494.616 mgc: 6.189476e-08 ustep: 1 
iter: 3  mgc: 3.706054e-10 
iter: 1  mgc: 3.706054e-10 
outer mgc:  0.008116975 
iter: 1  value: 2489.814 mgc: 4179.469 ustep: 1 
iter: 2  value: 2489.814 mgc: 2.023772e-07 ustep: 1 
iter: 3  mgc: 5.701519e-10 
iter: 1  mgc: 5.701519e-10 
outer mgc:  0.003858601 
iter: 1  value: 2484.945 mgc: 7254.213 ustep: 1 
iter: 2  value: 2484.945 mgc: 1.488077e-07 ustep: 1 
iter: 3  mgc: 1.685677e-09 
iter: 1  mgc: 1.685677e-09 
outer mgc:  0.002540577 
iter: 1  value: 2479.942 mgc: 9014.024 ustep: 1 
iter: 2  value: 2479.942 mgc: 3.440366e-08 ustep: 1 
iter: 3  mgc: 2.129533e-09 
iter: 1  mgc: 2.129533e-09 
outer mgc:  0.003157395 
iter: 1  value: 2474.766 mgc: 13439.32 ustep: 1 
iter: 2  value: 2474.766 mgc: 2.38981e-08 ustep: 1 
mgc: 5.775045e-09 
iter: 1  mgc: 5.775045e-09 
outer mgc:  0.00224942 
iter: 1  value: 2469.483 mgc: 75081.47 ustep: 1 
iter: 2  value: 2469.483 mgc: 4.179892e-08 ustep: 1 
mgc: 7.991628e-09 
iter: 1  mgc: 7.991628e-09 
outer mgc:  0.001084796 
iter: 1  value: 2463.782 mgc: 575879.9 ustep: 1 
iter: 2  value: 2463.782 mgc: 2.781344e-07 ustep: 1 
iter: 3  value: 2463.782 mgc: 1.890802e-08 ustep: 1 
mgc: 2.42239e-08 
iter: 1  value: 2463.782 mgc: 2.42239e-08 ustep: 1 
mgc: 3.101508e-08 
outer mgc:  0.002908033 
iter: 1  value: 2461 mgc: 498106.6 ustep: 1 
iter: 2  value: 2461 mgc: 4.018274e-07 ustep: 1 
iter: 3  value: 2461 mgc: 5.754006e-08 ustep: 1 
mgc: 8.24184e-08 
iter: 1  value: 2461 mgc: 8.24184e-08 ustep: 1 
mgc: 9.527496e-08 
outer mgc:  0.08855914 
iter: 1  value: 2452.649 mgc: 11703224 ustep: 1 
iter: 2  value: 2452.649 mgc: 6.36259e-06 ustep: 1 
iter: 3  value: 2452.649 mgc: 3.303052e-07 ustep: 1 
mgc: 4.192346e-07 
iter: 1  value: 2452.649 mgc: 4.192346e-07 ustep: 1 
mgc: 2.310943e-07 
outer mgc:  0.4409003 
iter: 1  value: 2449.503 mgc: 11461150 ustep: 1 
iter: 2  value: 2449.503 mgc: 1.395924e-06 ustep: 1 
iter: 3  value: 2449.503 mgc: 7.617463e-07 ustep: 1 
iter: 4  value: 2449.503 mgc: 7.410069e-07 ustep: 1 
iter: 5  value: 2449.503 mgc: 4.037807e-07 ustep: 0.989901 
iter: 6  value: 2449.503 mgc: 5.054184e-07 ustep: 0.9949382 
iter: 7  value: 2449.503 mgc: 5.151876e-07 ustep: 0.9495676 
iter: 8  value: 2449.503 mgc: 7.36559e-07 ustep: 0.9744601 
iter: 9  value: 2449.503 mgc: 8.078516e-07 ustep: 0.6631073 
iter: 10  value: 2449.503 mgc: 6.59811e-07 ustep: 0.1897336 
mgc: 6.309871e-07 
iter: 1  value: 2451.042 mgc: 4395695 ustep: 1 
iter: 2  value: 2451.042 mgc: 3.771001e-07 ustep: 1 
iter: 3  value: 2451.042 mgc: 3.006411e-07 ustep: 1 
iter: 4  value: 2451.042 mgc: 3.759632e-07 ustep: 0.989901 
mgc: 9.537643e-07 
iter: 1  value: 2451.839 mgc: 2048760 ustep: 1 
iter: 2  value: 2451.839 mgc: 3.991417e-07 ustep: 0.9999 
iter: 3  value: 2451.839 mgc: 2.54017e-07 ustep: 0.99995 
iter: 4  value: 2451.839 mgc: 4.354554e-07 ustep: 0.999975 
iter: 5  value: 2451.839 mgc: 4.408555e-07 ustep: 1.628045e-10 
mgc: 2.171034e-07 
iter: 1  value: 2452.243 mgc: 1113469 ustep: 1 
iter: 2  value: 2452.243 mgc: 6.258998e-07 ustep: 1 
iter: 3  value: 2452.243 mgc: 8.015892e-07 ustep: 0.989901 
iter: 4  value: 2452.243 mgc: 2.340305e-07 ustep: 0.1521162 
mgc: 3.767282e-07 
iter: 1  value: 2452.446 mgc: 699825.5 ustep: 1 
iter: 2  value: 2452.446 mgc: 3.99346e-07 ustep: 1 
iter: 3  value: 2452.446 mgc: 3.3658e-07 ustep: 0.989901 
mgc: 1.7651e-07 
iter: 1  value: 2452.547 mgc: 506181.5 ustep: 1 
iter: 2  value: 2452.547 mgc: 2.262914e-07 ustep: 1 
iter: 3  value: 2452.547 mgc: 3.944954e-07 ustep: 0.9999 
mgc: 4.189759e-07 
iter: 1  value: 2452.598 mgc: 412992.4 ustep: 1 
iter: 2  value: 2452.598 mgc: 4.397501e-07 ustep: 1 
iter: 3  value: 2452.598 mgc: 4.239921e-07 ustep: 0.6827823 
mgc: 4.296475e-07 
iter: 1  value: 2452.622 mgc: 367434.4 ustep: 1 
iter: 2  value: 2452.622 mgc: 6.274904e-07 ustep: 0.9999 
iter: 3  value: 2452.622 mgc: 2.630994e-07 ustep: 0.99995 
mgc: 6.277163e-07 
iter: 1  value: 2452.635 mgc: 345008 ustep: 1 
iter: 2  value: 2452.635 mgc: 5.057331e-07 ustep: 1 
iter: 3  value: 2452.635 mgc: 2.691091e-07 ustep: 1 
mgc: 5.129114e-07 
iter: 1  value: 2452.641 mgc: 333924.1 ustep: 1 
iter: 2  value: 2452.641 mgc: 2.819365e-07 ustep: 1 
iter: 3  value: 2452.641 mgc: 3.877881e-07 ustep: 0.989901 
mgc: 3.219132e-07 
iter: 1  value: 2452.644 mgc: 328430.2 ustep: 1 
iter: 2  value: 2452.644 mgc: 4.017226e-07 ustep: 0.9999 
iter: 3  value: 2452.644 mgc: 1.890068e-07 ustep: 0.2653346 
mgc: 2.68447e-07 
iter: 1  value: 2452.646 mgc: 325708.4 ustep: 1 
iter: 2  value: 2452.646 mgc: 3.072922e-07 ustep: 1 
iter: 3  value: 2452.646 mgc: 2.312814e-07 ustep: 4.265015e-09 
mgc: 2.038936e-07 
iter: 1  value: 2452.646 mgc: 324359 ustep: 1 
iter: 2  value: 2452.646 mgc: 5.231593e-07 ustep: 1 
iter: 3  value: 2452.646 mgc: 3.102694e-07 ustep: 0.6827823 
mgc: 3.681716e-07 
iter: 1  value: 2452.647 mgc: 323689.5 ustep: 1 
iter: 2  value: 2452.647 mgc: 4.608079e-07 ustep: 0.9999 
iter: 3  value: 2452.647 mgc: 2.085326e-07 ustep: 0.9928299 
iter: 4  value: 2452.647 mgc: 4.770408e-07 ustep: 0.9964089 
iter: 5  value: 2452.647 mgc: 2.322126e-07 ustep: 0.9575132 
iter: 6  value: 2452.647 mgc: 2.035316e-07 ustep: 0.9785282 
mgc: 3.660168e-07 
iter: 1  value: 2452.647 mgc: 323357.4 ustep: 1 
iter: 2  value: 2452.647 mgc: 3.348001e-07 ustep: 1 
iter: 3  value: 2452.647 mgc: 3.128483e-07 ustep: 1 
mgc: 3.937637e-07 
iter: 1  value: 2452.647 mgc: 323192.5 ustep: 1 
iter: 2  value: 2452.647 mgc: 5.043528e-07 ustep: 1 
iter: 3  value: 2452.647 mgc: 1.929243e-07 ustep: 1 
iter: 4  value: 2452.647 mgc: 2.578444e-07 ustep: 1 
mgc: 2.013203e-07 
iter: 1  value: 2452.647 mgc: 323110.5 ustep: 1 
iter: 2  value: 2452.647 mgc: 2.755281e-07 ustep: 1 
iter: 3  value: 2452.647 mgc: 3.808853e-07 ustep: 1 
iter: 4  value: 2452.647 mgc: 3.094333e-07 ustep: 0.6827823 
iter: 5  value: 2452.647 mgc: 3.933752e-07 ustep: 0.1964641 
mgc: 3.952565e-07 
iter: 1  value: 2452.647 mgc: 323069.5 ustep: 1 
iter: 2  value: 2452.647 mgc: 4.229885e-07 ustep: 1 
iter: 3  value: 2452.647 mgc: 2.248123e-07 ustep: 0.9999 
iter: 4  value: 2452.647 mgc: 4.586228e-07 ustep: 0.9928299 
iter: 5  value: 2452.647 mgc: 3.97146e-07 ustep: 0.1611412 
mgc: 2.716789e-07 
iter: 1  value: 2452.647 mgc: 323048.5 ustep: 1 
iter: 2  value: 2452.647 mgc: 2.689473e-07 ustep: 1 
iter: 3  value: 2452.647 mgc: 2.762272e-07 ustep: 0.989901 
mgc: 4.400834e-07 
iter: 1  value: 2452.647 mgc: 323036 ustep: 1 
iter: 2  value: 2452.647 mgc: 3.625279e-07 ustep: 1 
mgc: 4.039896e-07 
iter: 1  value: 2452.648 mgc: 195499.7 ustep: 1 
iter: 2  value: 2452.648 mgc: 2.414431e-07 ustep: 1 
mgc: 2.647047e-07 
iter: 1  value: 2452.648 mgc: 97077.57 ustep: 1 
iter: 2  value: 2452.648 mgc: 4.080448e-07 ustep: 1 
iter: 3  value: 2452.648 mgc: 6.640887e-07 ustep: 0.8994163 
iter: 4  value: 2452.648 mgc: 2.004257e-07 ustep: 0.0228684 
mgc: 3.401766e-07 
iter: 1  value: 2452.648 mgc: 48260.06 ustep: 1 
iter: 2  value: 2452.648 mgc: 4.76344e-07 ustep: 0.9999 
mgc: 4.603871e-07 
iter: 1  value: 2452.649 mgc: 23993.96 ustep: 1 
iter: 2  value: 2452.649 mgc: 5.307697e-07 ustep: 0.9999 
mgc: 3.141417e-07 
iter: 1  value: 2452.649 mgc: 11986.87 ustep: 1 
iter: 2  value: 2452.649 mgc: 4.874402e-07 ustep: 1 
iter: 3  value: 2452.649 mgc: 5.672802e-07 ustep: 1 
iter: 4  value: 2452.649 mgc: 3.064503e-07 ustep: 4.265015e-09 
mgc: 4.153434e-07 
iter: 1  value: 2452.649 mgc: 4.153434e-07 ustep: 1.066041e-09 
mgc: 2.565718e-07 
outer mgc:  1.355101 
iter: 1  value: 2452.649 mgc: 6018.054 ustep: 1 
iter: 2  value: 2452.649 mgc: 4.88107e-07 ustep: 1 
mgc: 3.341586e-07 
iter: 1  value: 2452.649 mgc: 2944.096 ustep: 1 
iter: 2  value: 2452.649 mgc: 3.287151e-07 ustep: 0.6827823 
mgc: 2.840279e-07 
iter: 1  value: 2452.649 mgc: 1461.78 ustep: 1 
iter: 2  value: 2452.649 mgc: 5.508626e-07 ustep: 1 
iter: 3  value: 2452.649 mgc: 2.589962e-07 ustep: 1 
iter: 4  value: 2452.649 mgc: 5.000412e-07 ustep: 0.6827823 
mgc: 2.659151e-07 
iter: 1  value: 2452.649 mgc: 687.8655 ustep: 1 
iter: 2  value: 2452.649 mgc: 3.743102e-07 ustep: 1 
iter: 3  value: 2452.649 mgc: 6.208403e-07 ustep: 1 
iter: 4  value: 2452.649 mgc: 2.781495e-07 ustep: 0.1336527 
mgc: 2.334271e-07 
iter: 1  value: 2452.649 mgc: 305.79 ustep: 1 
iter: 2  value: 2452.649 mgc: 3.210638e-07 ustep: 1 
mgc: 3.934498e-07 
iter: 1  value: 2452.649 mgc: 136.2372 ustep: 1 
iter: 2  value: 2452.649 mgc: 2.750791e-07 ustep: 0.989901 
iter: 3  value: 2452.649 mgc: 1.286378e-07 ustep: 0.9287607 
mgc: 4.178837e-07 
iter: 1  value: 2452.649 mgc: 0.003187326 ustep: 1 
iter: 2  value: 2452.649 mgc: 1.420093e-07 ustep: 1 
iter: 3  value: 2452.649 mgc: 4.795543e-07 ustep: 1 
mgc: 2.253785e-07 
iter: 1  value: 2452.649 mgc: 0.0003185476 ustep: 1 
iter: 2  value: 2452.649 mgc: 3.154123e-07 ustep: 1 
mgc: 2.453302e-07 
iter: 1  value: 2452.649 mgc: 3.164961e-05 ustep: 1 
iter: 2  value: 2452.649 mgc: 2.343634e-07 ustep: 1 
iter: 3  value: 2452.649 mgc: 4.79244e-07 ustep: 0.989901 
iter: 4  value: 2452.649 mgc: 2.497648e-07 ustep: 0.9949382 
mgc: 4.114221e-07 
iter: 1  value: 2452.649 mgc: 3.043726e-06 ustep: 1 
iter: 2  value: 2452.649 mgc: 3.528552e-07 ustep: 1 
mgc: 3.987013e-07 
iter: 1  value: 2452.649 mgc: 4.153434e-07 ustep: 1.066041e-09 
mgc: 2.565718e-07 
iter: 1  value: 2452.649 mgc: 2.565718e-07 ustep: 2.664569e-10 
mgc: 1.477947e-07 
outer mgc:  1.28552 
iter: 1  value: 2452.649 mgc: 0.01208854 ustep: 1 
iter: 2  value: 2452.649 mgc: 1.524341e-06 ustep: 0.8994163 
iter: 3  value: 2452.649 mgc: 6.792088e-07 ustep: 0.1690026 
mgc: 3.267581e-07 
outer mgc:  1.650327 
iter: 1  value: 2452.648 mgc: 0.01208651 ustep: 1 
iter: 2  value: 2452.648 mgc: 1.535363e-06 ustep: 1 
iter: 3  value: 2452.648 mgc: 2.272481e-07 ustep: 0.01776843 
mgc: 2.537081e-07 
outer mgc:  3.6018 
iter: 1  value: 2452.649 mgc: 0.006169258 ustep: 1 
iter: 2  value: 2452.649 mgc: 3.597387e-07 ustep: 1 
iter: 3  value: 2452.649 mgc: 2.174243e-07 ustep: 1 
iter: 4  value: 2452.649 mgc: 1.36206e-07 ustep: 0.9999 
mgc: 2.042136e-07 
outer mgc:  2.613815 
iter: 1  value: 2452.648 mgc: 0.00616819 ustep: 1 
iter: 2  value: 2452.648 mgc: 3.750611e-07 ustep: 0.0692153 
iter: 3  value: 2452.648 mgc: 4.831051e-07 ustep: 0.2631617 
iter: 4  value: 2452.648 mgc: 4.469946e-07 ustep: 0.5130416 
iter: 5  value: 2452.648 mgc: 5.091271e-07 ustep: 0.270121 
iter: 6  value: 2452.648 mgc: 6.016758e-07 ustep: 0.5197797 
iter: 7  value: 2452.648 mgc: 1.549795e-07 ustep: 0.1474326 
mgc: 3.048947e-07 
outer mgc:  1.66448 
iter: 1  value: 2452.648 mgc: 0.007209738 ustep: 1 
iter: 2  value: 2452.648 mgc: 2.178689e-06 ustep: 0.989901 
iter: 3  value: 2452.648 mgc: 2.562396e-07 ustep: 0.9287607 
mgc: 2.500029e-07 
outer mgc:  0.899019 
iter: 1  value: 2452.649 mgc: 0.0072027 ustep: 1 
iter: 2  value: 2452.649 mgc: 2.179281e-06 ustep: 1 
iter: 3  value: 2452.649 mgc: 1.74926e-07 ustep: 0.989901 
iter: 4  value: 2452.649 mgc: 2.735603e-07 ustep: 0.2811189 
mgc: 3.337593e-07 
outer mgc:  1.759762 
iter: 1  value: 2452.648 mgc: 0.00453384 ustep: 1 
iter: 2  value: 2452.648 mgc: 8.827016e-07 ustep: 1 
iter: 3  value: 2452.648 mgc: 3.079136e-07 ustep: 1 
mgc: 3.253212e-07 
outer mgc:  1.009761 
iter: 1  value: 2452.649 mgc: 0.004530358 ustep: 1 
iter: 2  value: 2452.649 mgc: 8.993981e-07 ustep: 1 
iter: 3  value: 2452.649 mgc: 2.760605e-07 ustep: 1 
mgc: 4.751742e-07 
outer mgc:  1.967146 
iter: 1  value: 2452.649 mgc: 0.01188867 ustep: 1 
iter: 2  value: 2452.649 mgc: 1.190716e-06 ustep: 1 
iter: 3  value: 2452.649 mgc: 4.856248e-07 ustep: 1 
mgc: 2.714125e-07 
outer mgc:  0.2904001 
iter: 1  value: 2452.649 mgc: 0.01188621 ustep: 1 
iter: 2  value: 2452.649 mgc: 1.188448e-06 ustep: 1 
iter: 3  value: 2452.649 mgc: 6.385639e-07 ustep: 0.9999 
iter: 4  value: 2452.649 mgc: 3.794257e-07 ustep: 0.9928299 
iter: 5  value: 2452.649 mgc: 2.24052e-07 ustep: 0.9399799 
iter: 6  value: 2452.649 mgc: 2.301109e-07 ustep: 0.9695286 
iter: 7  value: 2452.649 mgc: 4.298052e-07 ustep: 0.984648 
mgc: 2.849816e-07 
outer mgc:  1.302812 
iter: 1  value: 2452.649 mgc: 0.005893081 ustep: 1 
iter: 2  value: 2452.649 mgc: 5.184848e-07 ustep: 0.9999 
iter: 3  value: 2452.649 mgc: 3.536772e-07 ustep: 0.9152321 
mgc: 2.8223e-07 
outer mgc:  4.999128 
iter: 1  value: 2452.649 mgc: 0.005893034 ustep: 1 
iter: 2  value: 2452.649 mgc: 5.167564e-07 ustep: 0.989901 
iter: 3  value: 2452.649 mgc: 5.676226e-07 ustep: 0.04040545 
mgc: 2.380634e-07 
outer mgc:  0.8257857 
iter: 1  value: 2452.648 mgc: 0.007932928 ustep: 1 
iter: 2  value: 2452.648 mgc: 1.963679e-06 ustep: 1 
iter: 3  value: 2452.648 mgc: 3.265047e-07 ustep: 1 
mgc: 6.192302e-07 
outer mgc:  1.266325 
iter: 1  value: 2452.649 mgc: 0.007925996 ustep: 1 
iter: 2  value: 2452.649 mgc: 1.965084e-06 ustep: 1 
iter: 3  value: 2452.649 mgc: 3.236661e-07 ustep: 1 
mgc: 3.230236e-07 
outer mgc:  0.3020524 
iter: 1  value: 2452.648 mgc: 0.005293488 ustep: 1 
iter: 2  value: 2452.648 mgc: 7.969419e-07 ustep: 1 
iter: 3  value: 2452.648 mgc: 1.700216e-07 ustep: 1 
iter: 4  value: 2452.648 mgc: 2.921445e-07 ustep: 0.8994163 
iter: 5  value: 2452.648 mgc: 4.208675e-07 ustep: 0.3094714 
mgc: 3.906521e-07 
outer mgc:  0.06825172 
iter: 1  value: 2452.649 mgc: 0.005290531 ustep: 1 
iter: 2  value: 2452.649 mgc: 7.991811e-07 ustep: 0.9999 
iter: 3  value: 2452.649 mgc: 2.645051e-07 ustep: 0.99995 
mgc: 2.132742e-07 
outer mgc:  3.187709 
iter: 1  value: 2452.655 mgc: 2361833 ustep: 1 
iter: 2  value: 2452.655 mgc: 1.405158e-06 ustep: 1 
iter: 3  value: 2452.655 mgc: 4.940408e-07 ustep: 1 
mgc: 2.104544e-07 
outer mgc:  0.89227 
iter: 1  value: 2452.642 mgc: 2364196 ustep: 1 
iter: 2  value: 2452.642 mgc: 1.41427e-06 ustep: 1 
iter: 3  value: 2452.642 mgc: 4.300265e-07 ustep: 1 
mgc: 4.105252e-07 
outer mgc:  3.308377 
iter: 1  value: 2452.653 mgc: 1184962 ustep: 1 
iter: 2  value: 2452.653 mgc: 1.154185e-06 ustep: 1 
iter: 3  value: 2452.653 mgc: 4.525848e-07 ustep: 0.8994163 
mgc: 5.346762e-07 
outer mgc:  3.314138 
iter: 1  value: 2452.644 mgc: 1186147 ustep: 1 
iter: 2  value: 2452.644 mgc: 1.149997e-06 ustep: 0.989901 
iter: 3  value: 2452.644 mgc: 2.40059e-07 ustep: 0.9949382 
mgc: 3.350781e-07 
outer mgc:  1.921002 
iter: 1  value: 2452.658 mgc: 1771314 ustep: 1 
iter: 2  value: 2452.658 mgc: 5.624963e-07 ustep: 1 
iter: 3  value: 2452.658 mgc: 4.090359e-07 ustep: 0.9999 
mgc: 3.459047e-07 
outer mgc:  1.160794 
iter: 1  value: 2452.639 mgc: 1776635 ustep: 1 
iter: 2  value: 2452.639 mgc: 3.221779e-07 ustep: 0.0692153 
mgc: 3.287925e-07 
outer mgc:  0.3602494 
iter: 1  value: 2452.652 mgc: 284570.3 ustep: 1 
iter: 2  value: 2452.652 mgc: 1.39132e-06 ustep: 1 
iter: 3  value: 2452.652 mgc: 4.745461e-07 ustep: 1 
iter: 4  value: 2452.652 mgc: 5.646634e-07 ustep: 1 
iter: 5  value: 2452.652 mgc: 4.677713e-07 ustep: 0.989901 
mgc: 1.978349e-07 
outer mgc:  0.7878828 
iter: 1  value: 2452.645 mgc: 284855 ustep: 1 
iter: 2  value: 2452.645 mgc: 1.395172e-06 ustep: 1 
iter: 3  value: 2452.645 mgc: 2.789439e-07 ustep: 1 
mgc: 2.059508e-07 
outer mgc:  0.9357547 
iter: 1  value: 2452.653 mgc: 794918.6 ustep: 1 
iter: 2  value: 2452.653 mgc: 2.93334e-07 ustep: 0.9999 
iter: 3  value: 2452.653 mgc: 4.761675e-07 ustep: 0.9928299 
iter: 4  value: 2452.653 mgc: 5.149231e-07 ustep: 0.7549345 
mgc: 2.036323e-07 
outer mgc:  0.6859383 
iter: 1  value: 2452.645 mgc: 794493.7 ustep: 1 
iter: 2  value: 2452.645 mgc: 3.355541e-07 ustep: 0.989901 
iter: 3  value: 2452.645 mgc: 6.35137e-07 ustep: 0.9287607 
mgc: 3.165203e-07 
outer mgc:  4.881313 
iter: 1  value: 2452.649 mgc: 894.5118 ustep: 1 
iter: 2  value: 2452.649 mgc: 3.81503e-07 ustep: 0.03522464 
mgc: 2.737508e-07 
outer mgc:  1.404297 
iter: 1  value: 2452.649 mgc: 894.5131 ustep: 1 
iter: 2  value: 2452.649 mgc: 4.920559e-07 ustep: 1 
mgc: 2.901711e-07 
outer mgc:  0.9585348 
iter: 1  value: 2452.649 mgc: 1255.289 ustep: 1 
iter: 2  value: 2452.649 mgc: 1.9918e-07 ustep: 1 
mgc: 2.668417e-07 
outer mgc:  1.196397 
iter: 1  value: 2452.649 mgc: 1255.29 ustep: 1 
iter: 2  value: 2452.649 mgc: 2.390051e-07 ustep: 1 
iter: 3  value: 2452.649 mgc: 4.995272e-07 ustep: 1 
iter: 4  value: 2452.649 mgc: 3.716624e-07 ustep: 1 
mgc: 6.233239e-07 
outer mgc:  2.654685 
iter: 1  value: 2452.649 mgc: 88.05705 ustep: 1 
iter: 2  value: 2452.649 mgc: 2.890397e-07 ustep: 1 
mgc: 2.717867e-07 
outer mgc:  1.748846 
iter: 1  value: 2452.649 mgc: 88.05704 ustep: 1 
iter: 2  value: 2452.649 mgc: 3.447749e-07 ustep: 1 
mgc: 4.723415e-07 
outer mgc:  1.145223 
iter: 1  value: 2452.649 mgc: 190.5687 ustep: 1 
iter: 2  value: 2452.649 mgc: 7.236356e-07 ustep: 1 
iter: 3  value: 2452.649 mgc: 3.095376e-07 ustep: 0.989901 
mgc: 5.240002e-07 
outer mgc:  1.180022 
iter: 1  value: 2452.649 mgc: 190.5687 ustep: 1 
iter: 2  value: 2452.649 mgc: 5.30032e-07 ustep: 0.9999 
mgc: 4.882318e-07 
outer mgc:  2.175709 
iter: 1  value: 2452.649 mgc: 2.486684 ustep: 0.9999 
iter: 2  value: 2452.649 mgc: 2.839694e-07 ustep: 0.01907891 
mgc: 2.294299e-07 
outer mgc:  1.910877 
iter: 1  value: 2452.649 mgc: 2.4874 ustep: 0.989901 
iter: 2  value: 2452.649 mgc: 3.007362e-07 ustep: 1.25679e-06 
mgc: 3.180302e-07 
outer mgc:  0.1797141 
iter: 1  value: 2452.644 mgc: 0.004836085 ustep: 1 
iter: 2  value: 2452.644 mgc: 2.793385e-07 ustep: 0.989901 
iter: 3  value: 2452.644 mgc: 4.177819e-07 ustep: 0.9949382 
mgc: 3.941846e-07 
outer mgc:  1.529125 
iter: 1  value: 2452.653 mgc: 0.004834121 ustep: 1 
iter: 2  value: 2452.653 mgc: 2.356555e-07 ustep: 1 
iter: 3  value: 2452.653 mgc: 2.118936e-07 ustep: 0.989901 
mgc: 3.134673e-07 
outer mgc:  2.178054 
[Sun Aug 15 20:28:49 2021]
Finished job 0.
1 of 1 steps (100%) done
