Building DAG of jobs...
Using shell: /usr/bin/bash
Provided cores: 1 (use --cores to define parallelism)
Rules claiming more threads will be scaled down.
Job counts:
	count	jobs
	1	inference_simulation_TMB_multiple
	1

[Mon Aug 16 01:03:42 2021]
rule inference_simulation_TMB_multiple:
    input: ../data/assessing_models_simulation/datasets/multiple_GenerationJnorm3_20_100_80_6_4_NA_NA_NA_dataset1.RDS
    output: ../data/assessing_models_simulation/inference_results/TMB/nlminb/multiple_GenerationJnorm3_20_100_80_6_4_diagREDM_NA_NA_NA_dataset1.RDS
    log: logs/inference/nlminb/simulation_GenerationJnorm3_20_100_80_6_4_ModeldiagREDM_NA_NA_NA_dataset1.log
    jobid: 0
    wildcards: optimiser=nlminb, datasetgeneration=GenerationJnorm3, n=20, nlambda=100, lmbda=80, d=6, beta_intensity=4, model=diagREDM, fixed_beta_intercept=NA, fixed_beta_slope=NA, sdRE_input=NA, itnum=1

Rscript 2_inference_TMB/run_TMB.R --input ../data/assessing_models_simulation/datasets/multiple_GenerationJnorm3_20_100_80_6_4_NA_NA_NA_dataset1.RDS --output ../data/assessing_models_simulation/inference_results/TMB/nlminb/multiple_GenerationJnorm3_20_100_80_6_4_diagREDM_NA_NA_NA_dataset1.RDS --model diagREDM --optimiser nlminb
Model: diagREDM 
Feature type: signatures 
Using nlminb: TRUE 
Simulation boolean: TRUE 
make: Nothing to be done for 'all'.
../data/assessing_models_simulation/datasets/multiple_GenerationJnorm3_20_100_80_6_4_NA_NA_NA_dataset1.RDS[1] "../data/assessing_models_simulation/datasets/multiple_GenerationJnorm3_20_100_80_6_4_NA_NA_NA_dataset1.RDS"
Reading file ../data/assessing_models_simulation/datasets/multiple_GenerationJnorm3_20_100_80_6_4_NA_NA_NA_dataset1.RDS 
Loading required package: nnet
# weights:  18 (10 variable)
initial  value 7355.172621 
iter  10 value 5134.192155
iter  20 value 4911.849108
iter  30 value 4911.387323
iter  40 value 4910.971123
final  value 4910.970092 
converged
Constructing atomic invpd
Constructing atomic D_lgamma
Constructing atomic invpd
Constructing atomic D_lgamma
Constructing atomic matmul
Constructing atomic invpd
Constructing atomic D_lgamma
Constructing atomic matmul
Optimizing tape... Done
iter: 1  value: 9192.295 mgc: 78.27477 ustep: 0.6827823 
iter: 2  value: 8430.987 mgc: 73.89372 ustep: 0.05900369 
iter: 3  value: 7994.87 mgc: 90.11672 ustep: 0.04803745 
iter: 4  value: 7543.885 mgc: 90.89172 ustep: 0.1092702 
iter: 5  value: 7399.308 mgc: 52.27228 ustep: 0.09120703 
iter: 6  value: 7191.912 mgc: 80.61714 ustep: 0.1645644 
iter: 7  value: 7145.931 mgc: 49.64879 ustep: 0.4057248 
iter: 8  value: 7077.452 mgc: 57.12029 ustep: 0.1941243 
iter: 9  value: 6975.728 mgc: 49.71326 ustep: 0.06873053 
iter: 10  value: 6937.174 mgc: 41.81371 ustep: 0.2622389 
iter: 11  value: 6920.325 mgc: 32.67547 ustep: 0.1642211 
iter: 12  value: 6883.943 mgc: 35.33046 ustep: 0.4053015 
iter: 13  value: 6873.753 mgc: 16.58509 ustep: 0.6366693 
iter: 14  value: 6873.396 mgc: 2.208445 ustep: 0.7979358 
iter: 15  value: 6873.384 mgc: 0.1604304 ustep: 0.8932832 
iter: 16  value: 6873.383 mgc: 0.01711372 ustep: 0.9451421 
iter: 17  value: 6873.383 mgc: 0.0007691385 ustep: 0.972187 
iter: 18  value: 6873.383 mgc: 3.32794e-05 ustep: 0.9859968 
iter: 19  value: 6873.383 mgc: 7.557498e-07 ustep: 0.9929744 
iter: 20  mgc: 8.64741e-09 
iter: 1  mgc: 8.64741e-09 
Matching hessian patterns... Done
outer mgc:  580.4904 
iter: 1  value: 6321.861 mgc: 31.79782 ustep: 1 
iter: 2  value: 6265.989 mgc: 19.3302 ustep: 1 
iter: 3  value: 6265.178 mgc: 3.517386 ustep: 1 
iter: 4  value: 6265.174 mgc: 0.2721157 ustep: 1 
iter: 5  value: 6265.174 mgc: 0.002141372 ustep: 1 
iter: 6  value: 6265.174 mgc: 1.358703e-07 ustep: 1 
iter: 7  mgc: 6.748935e-12 
iter: 1  value: 5752.408 mgc: 69.29251 ustep: 0.0605964 
iter: 2  value: 5267.136 mgc: 90.29183 ustep: 0.2462387 
iter: 3  value: 5212.853 mgc: 43.81143 ustep: 0.4962749 
iter: 4  value: 5210.348 mgc: 7.964922 ustep: 0.7044973 
iter: 5  value: 5210.291 mgc: 0.4527225 ustep: 0.8393595 
iter: 6  value: 5210.29 mgc: 0.02007253 ustep: 0.916174 
iter: 7  value: 5210.29 mgc: 0.001737594 ustep: 0.9571741 
iter: 8  value: 5210.29 mgc: 8.175704e-05 ustep: 0.9783549 
iter: 9  value: 5210.29 mgc: 2.024889e-06 ustep: 0.9891193 
iter: 10  value: 5210.29 mgc: 2.555037e-08 ustep: 0.9945453 
iter: 11  mgc: 1.617873e-10 
iter: 1  mgc: 1.617873e-10 
outer mgc:  114.9739 
iter: 1  value: 5017.218 mgc: 26.37538 ustep: 1 
iter: 2  value: 4954.255 mgc: 10.79232 ustep: 1 
iter: 3  value: 4951.737 mgc: 1.545678 ustep: 1 
iter: 4  value: 4951.726 mgc: 0.1114755 ustep: 1 
iter: 5  value: 4951.726 mgc: 0.000889655 ustep: 1 
iter: 6  value: 4951.726 mgc: 6.279245e-08 ustep: 1 
iter: 7  mgc: 2.746248e-12 
iter: 1  mgc: 2.746248e-12 
outer mgc:  75.36523 
iter: 1  value: 5204.461 mgc: 78.10564 ustep: 0.02684916 
iter: 2  value: 5107.425 mgc: 28.24643 ustep: 0.1639407 
iter: 3  value: 5071.981 mgc: 44.89274 ustep: 0.4049555 
iter: 4  value: 5069.988 mgc: 7.808443 ustep: 0.6363975 
iter: 5  value: 5069.953 mgc: 0.4759711 ustep: 0.7977655 
iter: 6  value: 5069.952 mgc: 0.01721171 ustep: 0.8931879 
iter: 7  value: 5069.952 mgc: 0.001083966 ustep: 0.9450917 
iter: 8  value: 5069.952 mgc: 6.696271e-05 ustep: 0.972161 
iter: 9  value: 5069.952 mgc: 2.012341e-06 ustep: 0.9859837 
iter: 10  value: 5069.952 mgc: 3.008719e-08 ustep: 0.9929678 
iter: 11  mgc: 2.248792e-10 
iter: 1  value: 5221.427 mgc: 50.64947 ustep: 1 
iter: 2  value: 4972.576 mgc: 76.12971 ustep: 1 
iter: 3  value: 4931.193 mgc: 53.79123 ustep: 1 
iter: 4  value: 4929.953 mgc: 6.089953 ustep: 1 
iter: 5  value: 4929.952 mgc: 0.2504067 ustep: 1 
iter: 6  value: 4929.952 mgc: 0.0004699019 ustep: 1 
iter: 7  mgc: 1.499765e-09 
iter: 1  mgc: 1.499765e-09 
outer mgc:  93.43059 
iter: 1  value: 4866.377 mgc: 21.00228 ustep: 1 
iter: 2  value: 4862.169 mgc: 5.083741 ustep: 1 
iter: 3  value: 4862.156 mgc: 0.3684814 ustep: 1 
iter: 4  value: 4862.156 mgc: 0.004081775 ustep: 1 
iter: 5  value: 4862.156 mgc: 5.176365e-07 ustep: 1 
iter: 6  mgc: 2.351119e-12 
iter: 1  mgc: 2.351119e-12 
outer mgc:  39.31278 
iter: 1  value: 4838.531 mgc: 25.18287 ustep: 1 
iter: 2  value: 4837.77 mgc: 1.796527 ustep: 1 
iter: 3  value: 4837.769 mgc: 0.06167057 ustep: 1 
iter: 4  value: 4837.769 mgc: 0.000111941 ustep: 1 
iter: 5  mgc: 3.704764e-10 
iter: 1  mgc: 3.704764e-10 
outer mgc:  33.32926 
iter: 1  value: 4796.449 mgc: 10.60981 ustep: 1 
iter: 2  value: 4796.245 mgc: 0.7267607 ustep: 1 
iter: 3  value: 4796.245 mgc: 0.012025 ustep: 1 
iter: 4  value: 4796.245 mgc: 7.575181e-06 ustep: 1 
iter: 5  mgc: 3.080147e-12 
iter: 1  mgc: 3.080147e-12 
outer mgc:  16.97564 
iter: 1  value: 5190.257 mgc: 32.43189 ustep: 0.2494656 
iter: 2  value: 5106.888 mgc: 55.01135 ustep: 0.4995153 
iter: 3  value: 4915.192 mgc: 75.77895 ustep: 0.07121848 
iter: 4  value: 4863.632 mgc: 65.01242 ustep: 0.1437971 
iter: 5  value: 4821.74 mgc: 58.53065 ustep: 0.379268 
iter: 6  value: 4813.374 mgc: 22.21074 ustep: 0.6158858 
iter: 7  value: 4813.256 mgc: 1.467033 ustep: 0.7848054 
iter: 8  value: 4813.256 mgc: 0.04859672 ustep: 0.8859039 
iter: 9  value: 4813.256 mgc: 0.0005467685 ustep: 0.9412305 
iter: 10  value: 4813.256 mgc: 3.958233e-06 ustep: 0.9701733 
iter: 11  value: 4813.256 mgc: 1.959181e-08 ustep: 0.9849753 
iter: 12  mgc: 7.736481e-11 
iter: 1  value: 4806.475 mgc: 27.53444 ustep: 1 
iter: 2  value: 4799.09 mgc: 10.36243 ustep: 1 
iter: 3  value: 4799.082 mgc: 0.4705653 ustep: 1 
iter: 4  value: 4799.082 mgc: 0.001758188 ustep: 1 
iter: 5  value: 4799.082 mgc: 2.41198e-08 ustep: 1 
mgc: 1.221689e-12 
iter: 1  value: 4789.309 mgc: 12.77559 ustep: 1 
iter: 2  value: 4789.2 mgc: 0.9327689 ustep: 1 
iter: 3  value: 4789.2 mgc: 0.00950427 ustep: 1 
iter: 4  value: 4789.2 mgc: 2.693275e-06 ustep: 1 
iter: 5  mgc: 1.353917e-12 
iter: 1  mgc: 1.353917e-12 
outer mgc:  26.1858 
iter: 1  value: 4779.572 mgc: 9.240274 ustep: 1 
iter: 2  value: 4779.449 mgc: 0.8322689 ustep: 1 
iter: 3  value: 4779.449 mgc: 0.01149299 ustep: 1 
iter: 4  value: 4779.449 mgc: 4.191056e-06 ustep: 1 
iter: 5  mgc: 1.660672e-12 
iter: 1  mgc: 1.660672e-12 
outer mgc:  13.79153 
iter: 1  value: 4763.82 mgc: 9.451942 ustep: 1 
iter: 2  value: 4763.775 mgc: 0.5114852 ustep: 1 
iter: 3  value: 4763.775 mgc: 0.001868204 ustep: 1 
iter: 4  value: 4763.775 mgc: 9.803849e-08 ustep: 1 
mgc: 1.330602e-12 
iter: 1  value: 4748.082 mgc: 8.972192 ustep: 1 
iter: 2  value: 4748.014 mgc: 0.6864642 ustep: 1 
iter: 3  value: 4748.014 mgc: 0.004743564 ustep: 1 
iter: 4  value: 4748.014 mgc: 2.468933e-07 ustep: 1 
iter: 5  mgc: 1.233014e-12 
iter: 1  value: 4843.854 mgc: 32.01648 ustep: 1 
iter: 2  value: 4832.297 mgc: 13.64106 ustep: 1 
iter: 3  value: 4832.244 mgc: 1.316867 ustep: 1 
iter: 4  value: 4832.244 mgc: 0.02020971 ustep: 1 
iter: 5  value: 4832.244 mgc: 5.117183e-06 ustep: 1 
iter: 6  mgc: 1.047606e-12 
iter: 1  mgc: 1.233014e-12 
outer mgc:  12.20047 
iter: 1  value: 4736.875 mgc: 16.85375 ustep: 1 
iter: 2  value: 4735.355 mgc: 2.505181 ustep: 1 
iter: 3  value: 4735.355 mgc: 0.05148471 ustep: 1 
iter: 4  value: 4735.355 mgc: 3.077913e-05 ustep: 1 
iter: 5  mgc: 1.564837e-11 
iter: 1  mgc: 1.564837e-11 
outer mgc:  16.28424 
iter: 1  value: 4737.98 mgc: 19.72161 ustep: 1 
iter: 2  value: 4734.544 mgc: 5.528207 ustep: 1 
iter: 3  value: 4734.54 mgc: 0.3116724 ustep: 1 
iter: 4  value: 4734.54 mgc: 0.001207952 ustep: 1 
iter: 5  value: 4734.54 mgc: 1.866807e-08 ustep: 1 
mgc: 1.834088e-12 
iter: 1  mgc: 1.834088e-12 
outer mgc:  13.3461 
iter: 1  value: 4729.446 mgc: 20.87746 ustep: 1 
iter: 2  value: 4727.909 mgc: 2.175968 ustep: 1 
iter: 3  value: 4727.909 mgc: 0.05417623 ustep: 1 
iter: 4  value: 4727.909 mgc: 6.223242e-05 ustep: 1 
iter: 5  mgc: 8.526771e-11 
iter: 1  mgc: 8.526771e-11 
outer mgc:  20.48923 
iter: 1  value: 4729.716 mgc: 25.50811 ustep: 1 
iter: 2  value: 4706.872 mgc: 11.89402 ustep: 1 
iter: 3  value: 4706.722 mgc: 1.036957 ustep: 1 
iter: 4  value: 4706.722 mgc: 0.02273222 ustep: 1 
iter: 5  value: 4706.722 mgc: 1.116831e-05 ustep: 1 
iter: 6  mgc: 2.655542e-12 
iter: 1  mgc: 2.655542e-12 
outer mgc:  20.33679 
iter: 1  value: 4700.207 mgc: 7.902263 ustep: 1 
iter: 2  value: 4699.585 mgc: 1.728015 ustep: 1 
iter: 3  value: 4699.584 mgc: 0.07478517 ustep: 1 
iter: 4  value: 4699.584 mgc: 0.0001633302 ustep: 1 
iter: 5  mgc: 7.858052e-10 
iter: 1  mgc: 7.858052e-10 
outer mgc:  15.00126 
iter: 1  value: 4684.902 mgc: 8.078762 ustep: 1 
iter: 2  value: 4684.521 mgc: 0.8890075 ustep: 1 
iter: 3  value: 4684.521 mgc: 0.0311535 ustep: 1 
iter: 4  value: 4684.521 mgc: 4.40924e-05 ustep: 1 
iter: 5  mgc: 8.874312e-11 
iter: 1  mgc: 8.874312e-11 
outer mgc:  7.979431 
iter: 1  value: 4695.276 mgc: 16.66611 ustep: 1 
iter: 2  value: 4693.54 mgc: 2.814223 ustep: 1 
iter: 3  value: 4693.539 mgc: 0.08845241 ustep: 1 
iter: 4  value: 4693.539 mgc: 0.0001833248 ustep: 1 
iter: 5  mgc: 8.607209e-10 
iter: 1  value: 4685.447 mgc: 9.210354 ustep: 1 
iter: 2  value: 4685.307 mgc: 0.7741367 ustep: 1 
iter: 3  value: 4685.307 mgc: 0.01235654 ustep: 1 
iter: 4  value: 4685.307 mgc: 3.658117e-06 ustep: 1 
iter: 5  mgc: 5.602185e-13 
iter: 1  value: 4681.77 mgc: 3.912508 ustep: 1 
iter: 2  value: 4681.768 mgc: 0.09133409 ustep: 1 
iter: 3  value: 4681.768 mgc: 0.0001426987 ustep: 1 
iter: 4  mgc: 3.76764e-10 
iter: 1  mgc: 3.76764e-10 
outer mgc:  7.15456 
iter: 1  value: 4681.129 mgc: 3.291313 ustep: 1 
iter: 2  value: 4681.121 mgc: 0.1675388 ustep: 1 
iter: 3  value: 4681.121 mgc: 0.000801822 ustep: 1 
iter: 4  value: 4681.121 mgc: 3.094743e-08 ustep: 1 
mgc: 1.096012e-12 
iter: 1  mgc: 1.096012e-12 
outer mgc:  8.908868 
iter: 1  value: 4678.523 mgc: 2.284217 ustep: 1 
iter: 2  value: 4678.522 mgc: 0.06784341 ustep: 1 
iter: 3  value: 4678.522 mgc: 8.226378e-05 ustep: 1 
iter: 4  mgc: 2.761116e-10 
iter: 1  mgc: 2.761116e-10 
outer mgc:  3.5497 
iter: 1  value: 4676.376 mgc: 1.648486 ustep: 1 
iter: 2  value: 4676.376 mgc: 0.02707164 ustep: 1 
iter: 3  value: 4676.376 mgc: 3.047456e-05 ustep: 1 
iter: 4  mgc: 4.188205e-11 
iter: 1  mgc: 4.188205e-11 
outer mgc:  7.049618 
iter: 1  value: 4675.248 mgc: 4.939527 ustep: 1 
iter: 2  value: 4675.241 mgc: 0.1524031 ustep: 1 
iter: 3  value: 4675.241 mgc: 0.000329977 ustep: 1 
iter: 4  mgc: 3.364466e-09 
iter: 1  mgc: 3.364466e-09 
outer mgc:  4.885913 
iter: 1  value: 4685.207 mgc: 16.36266 ustep: 1 
iter: 2  value: 4680.797 mgc: 4.006373 ustep: 1 
iter: 3  value: 4680.792 mgc: 0.1656286 ustep: 1 
iter: 4  value: 4680.792 mgc: 0.0004503483 ustep: 1 
iter: 5  mgc: 6.201502e-09 
iter: 1  value: 4673.803 mgc: 6.840207 ustep: 1 
iter: 2  value: 4673.752 mgc: 0.4065241 ustep: 1 
iter: 3  value: 4673.752 mgc: 0.002074019 ustep: 1 
iter: 4  value: 4673.752 mgc: 1.067126e-07 ustep: 1 
iter: 5  mgc: 3.255174e-13 
iter: 1  mgc: 3.255174e-13 
outer mgc:  2.948493 
iter: 1  value: 4673.296 mgc: 4.724246 ustep: 1 
iter: 2  value: 4673.272 mgc: 0.2699282 ustep: 1 
iter: 3  value: 4673.272 mgc: 0.00138337 ustep: 1 
iter: 4  value: 4673.272 mgc: 4.363568e-08 ustep: 1 
mgc: 2.924883e-13 
iter: 1  mgc: 2.924883e-13 
outer mgc:  5.832772 
iter: 1  value: 4672.357 mgc: 2.031386 ustep: 1 
iter: 2  value: 4672.357 mgc: 0.03247284 ustep: 1 
iter: 3  value: 4672.357 mgc: 2.356743e-05 ustep: 1 
iter: 4  mgc: 1.239389e-11 
iter: 1  value: 4672.666 mgc: 1.027206 ustep: 1 
iter: 2  value: 4672.666 mgc: 0.02500326 ustep: 1 
iter: 3  value: 4672.666 mgc: 9.706421e-06 ustep: 1 
iter: 4  mgc: 1.527001e-12 
iter: 1  value: 4680.652 mgc: 4.071437 ustep: 1 
iter: 2  value: 4680.622 mgc: 0.3641763 ustep: 1 
iter: 3  value: 4680.622 mgc: 0.00469062 ustep: 1 
iter: 4  value: 4680.622 mgc: 8.228251e-07 ustep: 1 
iter: 5  mgc: 4.085621e-14 
iter: 1  mgc: 4.085621e-14 
outer mgc:  8.901099 
iter: 1  value: 5120.017 mgc: 11.38828 ustep: 1 
iter: 2  value: 5119.668 mgc: 1.304802 ustep: 1 
iter: 3  value: 5119.667 mgc: 0.02654438 ustep: 1 
iter: 4  value: 5119.667 mgc: 9.54952e-06 ustep: 1 
iter: 5  mgc: 1.610712e-12 
iter: 1  value: 4682.481 mgc: 2.485281 ustep: 1 
iter: 2  value: 4682.476 mgc: 0.1168809 ustep: 1 
iter: 3  value: 4682.476 mgc: 0.0003442766 ustep: 1 
iter: 4  mgc: 2.92699e-09 
iter: 1  mgc: 2.92699e-09 
outer mgc:  5.151459 
iter: 1  value: 4669.614 mgc: 2.582662 ustep: 1 
iter: 2  value: 4669.609 mgc: 0.1297652 ustep: 1 
iter: 3  value: 4669.609 mgc: 0.0005204768 ustep: 1 
iter: 4  mgc: 8.020761e-09 
iter: 1  mgc: 8.020761e-09 
outer mgc:  5.727406 
iter: 1  value: 4666.009 mgc: 4.889454 ustep: 1 
iter: 2  value: 4665.985 mgc: 0.2481169 ustep: 1 
iter: 3  value: 4665.985 mgc: 0.001089685 ustep: 1 
iter: 4  value: 4665.985 mgc: 2.722343e-08 ustep: 1 
mgc: 4.263256e-14 
iter: 1  value: 4669.285 mgc: 1.934479 ustep: 1 
iter: 2  value: 4669.284 mgc: 0.05492574 ustep: 1 
iter: 3  value: 4669.284 mgc: 6.517336e-05 ustep: 1 
iter: 4  mgc: 1.053193e-10 
iter: 1  mgc: 1.053193e-10 
outer mgc:  6.567866 
iter: 1  value: 4668.37 mgc: 1.984194 ustep: 1 
iter: 2  value: 4668.369 mgc: 0.03256094 ustep: 1 
iter: 3  value: 4668.369 mgc: 2.129562e-05 ustep: 1 
iter: 4  mgc: 8.380185e-12 
iter: 1  mgc: 8.380185e-12 
outer mgc:  2.226046 
iter: 1  value: 4668.332 mgc: 1.304993 ustep: 1 
iter: 2  value: 4668.332 mgc: 0.02589385 ustep: 1 
iter: 3  value: 4668.332 mgc: 1.892912e-05 ustep: 1 
iter: 4  mgc: 1.008837e-11 
iter: 1  mgc: 1.008837e-11 
outer mgc:  5.259477 
iter: 1  value: 4665.774 mgc: 1.329493 ustep: 1 
iter: 2  value: 4665.774 mgc: 0.0231941 ustep: 1 
iter: 3  value: 4665.774 mgc: 8.788057e-06 ustep: 1 
iter: 4  mgc: 1.313172e-12 
iter: 1  mgc: 1.313172e-12 
outer mgc:  1.121622 
iter: 1  value: 4664.453 mgc: 0.6394096 ustep: 1 
iter: 2  value: 4664.453 mgc: 0.0105927 ustep: 1 
iter: 3  value: 4664.453 mgc: 2.71161e-06 ustep: 1 
iter: 4  mgc: 1.74083e-13 
iter: 1  mgc: 1.74083e-13 
outer mgc:  1.558649 
iter: 1  value: 4663.179 mgc: 0.9199292 ustep: 1 
iter: 2  value: 4663.179 mgc: 0.008572963 ustep: 1 
iter: 3  value: 4663.179 mgc: 1.050404e-06 ustep: 1 
iter: 4  mgc: 3.290423e-14 
iter: 1  mgc: 3.290423e-14 
outer mgc:  3.406033 
iter: 1  value: 4660.759 mgc: 0.4419481 ustep: 1 
iter: 2  value: 4660.759 mgc: 0.00323389 ustep: 1 
iter: 3  value: 4660.759 mgc: 2.80253e-07 ustep: 1 
iter: 4  mgc: 5.151435e-14 
iter: 1  mgc: 5.151435e-14 
outer mgc:  1.093828 
iter: 1  value: 4659.245 mgc: 0.458888 ustep: 1 
iter: 2  value: 4659.245 mgc: 0.004238747 ustep: 1 
iter: 3  value: 4659.245 mgc: 3.913435e-07 ustep: 1 
iter: 4  mgc: 2.708944e-14 
iter: 1  value: 4657.483 mgc: 0.4443907 ustep: 1 
iter: 2  value: 4657.483 mgc: 0.001979901 ustep: 1 
iter: 3  value: 4657.483 mgc: 6.581436e-08 ustep: 1 
mgc: 2.942091e-14 
iter: 1  mgc: 2.942091e-14 
outer mgc:  1.780949 
iter: 1  value: 4653.93 mgc: 0.7754813 ustep: 1 
iter: 2  value: 4653.93 mgc: 0.00408326 ustep: 1 
iter: 3  value: 4653.93 mgc: 1.754082e-07 ustep: 1 
iter: 4  mgc: 3.552714e-14 
iter: 1  value: 4645.671 mgc: 2.294156 ustep: 1 
iter: 2  value: 4645.671 mgc: 0.009341778 ustep: 1 
iter: 3  value: 4645.671 mgc: 3.223962e-07 ustep: 1 
iter: 4  mgc: 3.197442e-14 
iter: 1  mgc: 3.197442e-14 
outer mgc:  0.5889323 
iter: 1  value: 4636.634 mgc: 3.802965 ustep: 1 
iter: 2  value: 4636.634 mgc: 0.01339067 ustep: 1 
iter: 3  value: 4636.634 mgc: 2.261922e-06 ustep: 1 
iter: 4  mgc: 6.750156e-14 
iter: 1  value: 4641.704 mgc: 1.169665 ustep: 1 
iter: 2  value: 4641.704 mgc: 0.00257404 ustep: 1 
iter: 3  value: 4641.704 mgc: 8.341878e-08 ustep: 1 
mgc: 1.865175e-14 
iter: 1  mgc: 1.865175e-14 
outer mgc:  1.538488 
iter: 1  value: 4637.591 mgc: 1.215286 ustep: 1 
iter: 2  value: 4637.591 mgc: 0.003597641 ustep: 1 
iter: 3  value: 4637.591 mgc: 1.988264e-07 ustep: 1 
iter: 4  mgc: 3.108624e-14 
iter: 1  mgc: 3.108624e-14 
outer mgc:  1.567447 
iter: 1  value: 4633.66 mgc: 1.189555 ustep: 1 
iter: 2  value: 4633.66 mgc: 0.001843997 ustep: 1 
iter: 3  value: 4633.66 mgc: 4.670104e-08 ustep: 1 
mgc: 2.120526e-14 
iter: 1  value: 4629.224 mgc: 1.398061 ustep: 1 
iter: 2  value: 4629.224 mgc: 0.002469491 ustep: 1 
iter: 3  value: 4629.224 mgc: 8.438833e-08 ustep: 1 
mgc: 3.830269e-14 
iter: 1  mgc: 3.830269e-14 
outer mgc:  0.8845834 
iter: 1  value: 4621.307 mgc: 3.142533 ustep: 1 
iter: 2  value: 4621.307 mgc: 0.003989263 ustep: 1 
iter: 3  value: 4621.307 mgc: 4.751189e-07 ustep: 1 
iter: 4  mgc: 2.842171e-14 
iter: 1  mgc: 2.842171e-14 
outer mgc:  0.8932743 
iter: 1  value: 4611.663 mgc: 3.22952 ustep: 1 
iter: 2  value: 4611.663 mgc: 0.005141492 ustep: 1 
iter: 3  value: 4611.663 mgc: 6.928685e-07 ustep: 1 
iter: 4  mgc: 5.240253e-14 
iter: 1  mgc: 5.240253e-14 
outer mgc:  0.3312192 
iter: 1  value: 4602.412 mgc: 3.263359 ustep: 1 
iter: 2  value: 4602.412 mgc: 0.003234104 ustep: 1 
iter: 3  value: 4602.412 mgc: 2.80743e-07 ustep: 1 
iter: 4  mgc: 2.220446e-14 
iter: 1  mgc: 2.220446e-14 
outer mgc:  0.9997849 
iter: 1  value: 4594.816 mgc: 2.379609 ustep: 1 
iter: 2  value: 4594.816 mgc: 0.001393206 ustep: 1 
iter: 3  value: 4594.816 mgc: 4.736809e-08 ustep: 1 
mgc: 5.195844e-14 
iter: 1  mgc: 5.195844e-14 
outer mgc:  0.5868257 
iter: 1  value: 4590.662 mgc: 1.313586 ustep: 1 
iter: 2  value: 4590.662 mgc: 0.000857303 ustep: 1 
iter: 3  mgc: 7.581931e-09 
iter: 1  mgc: 7.581931e-09 
outer mgc:  0.2213978 
iter: 1  value: 4586.205 mgc: 1.295262 ustep: 1 
iter: 2  value: 4586.205 mgc: 5.21999e-05 ustep: 1 
iter: 3  mgc: 5.303979e-11 
iter: 1  mgc: 5.303979e-11 
outer mgc:  0.1420692 
iter: 1  value: 4581.632 mgc: 1.303182 ustep: 1 
iter: 2  value: 4581.632 mgc: 5.646583e-06 ustep: 1 
iter: 3  mgc: 4.2788e-13 
iter: 1  value: 4574.675 mgc: 2.258086 ustep: 1 
iter: 2  value: 4574.675 mgc: 1.306076e-05 ustep: 1 
iter: 3  mgc: 2.373657e-12 
iter: 1  mgc: 2.373657e-12 
outer mgc:  0.1459015 
iter: 1  value: 4563.246 mgc: 4.828686 ustep: 1 
iter: 2  value: 4563.246 mgc: 7.679718e-06 ustep: 1 
iter: 3  mgc: 1.309175e-12 
iter: 1  mgc: 1.309175e-12 
outer mgc:  0.04040064 
iter: 1  value: 4551.752 mgc: 4.842875 ustep: 1 
iter: 2  value: 4551.752 mgc: 1.200031e-06 ustep: 1 
iter: 3  mgc: 3.774758e-14 
iter: 1  mgc: 3.774758e-14 
outer mgc:  0.01344024 
iter: 1  value: 4540.327 mgc: 4.853917 ustep: 1 
iter: 2  value: 4540.327 mgc: 6.44596e-07 ustep: 1 
iter: 3  mgc: 2.930989e-14 
iter: 1  mgc: 2.930989e-14 
outer mgc:  0.01339055 
iter: 1  value: 4528.859 mgc: 4.836342 ustep: 1 
iter: 2  value: 4528.859 mgc: 1.629102e-06 ustep: 1 
iter: 3  mgc: 4.13003e-14 
iter: 1  mgc: 4.13003e-14 
outer mgc:  0.01433073 
iter: 1  value: 4517.426 mgc: 4.850388 ustep: 1 
iter: 2  value: 4517.426 mgc: 8.155168e-07 ustep: 1 
iter: 3  mgc: 3.641532e-14 
iter: 1  mgc: 3.641532e-14 
outer mgc:  0.00466528 
iter: 1  value: 4505.976 mgc: 4.843728 ustep: 1 
iter: 2  value: 4505.976 mgc: 4.831149e-08 ustep: 1 
mgc: 4.973799e-14 
iter: 1  mgc: 4.973799e-14 
outer mgc:  0.002443457 
iter: 1  value: 4494.528 mgc: 4.844371 ustep: 1 
iter: 2  mgc: 9.229248e-09 
iter: 1  mgc: 9.229248e-09 
outer mgc:  0.0005761089 
iter: 1  value: 4483.08 mgc: 4.845087 ustep: 1 
iter: 2  mgc: 2.347634e-09 
iter: 1  mgc: 2.347634e-09 
outer mgc:  0.0002833274 
iter: 1  value: 4471.633 mgc: 4.844752 ustep: 1 
iter: 2  mgc: 6.661618e-10 
iter: 1  mgc: 6.661618e-10 
outer mgc:  0.0003408161 
iter: 1  value: 4460.185 mgc: 4.844956 ustep: 1 
iter: 2  mgc: 3.873826e-10 
iter: 1  mgc: 3.873826e-10 
outer mgc:  0.000116631 
iter: 1  value: 4448.738 mgc: 4.844784 ustep: 1 
iter: 2  mgc: 1.860814e-10 
iter: 1  mgc: 1.860814e-10 
outer mgc:  7.7972e-05 
iter: 1  value: 4437.29 mgc: 4.844898 ustep: 1 
iter: 2  mgc: 6.548051e-11 
iter: 1  mgc: 6.548051e-11 
outer mgc:  6.138661e-05 
iter: 1  value: 4425.843 mgc: 4.844823 ustep: 1 
iter: 2  mgc: 3.10334e-11 
iter: 1  mgc: 3.10334e-11 
outer mgc:  3.371424e-05 
iter: 1  value: 4414.396 mgc: 4.844877 ustep: 1 
iter: 2  mgc: 1.466294e-11 
iter: 1  mgc: 1.466294e-11 
outer mgc:  2.265853e-05 
iter: 1  value: 4402.948 mgc: 4.844841 ustep: 1 
iter: 2  mgc: 5.828671e-12 
iter: 1  mgc: 5.828671e-12 
outer mgc:  1.609026e-05 
iter: 1  mgc: 5.828671e-12 
iter: 1  mgc: 5.828671e-12 
outer mgc:  1.609026e-05 
iter: 1  value: 4402.948 mgc: 0.01586543 ustep: 1 
iter: 2  value: 4402.948 mgc: 2.734231e-06 ustep: 1 
iter: 3  mgc: 1.207923e-13 
outer mgc:  0.07294028 
iter: 1  value: 4402.949 mgc: 0.01585599 ustep: 1 
iter: 2  value: 4402.949 mgc: 2.740151e-06 ustep: 1 
iter: 3  mgc: 1.727507e-13 
outer mgc:  0.07296242 
iter: 1  value: 4402.948 mgc: 0.01013632 ustep: 1 
iter: 2  value: 4402.948 mgc: 1.293209e-06 ustep: 1 
iter: 3  mgc: 5.562217e-14 
outer mgc:  0.06967535 
iter: 1  value: 4402.949 mgc: 0.01013327 ustep: 1 
iter: 2  value: 4402.949 mgc: 1.295137e-06 ustep: 1 
iter: 3  mgc: 6.705747e-14 
outer mgc:  0.06970192 
iter: 1  value: 4402.95 mgc: 0.01258634 ustep: 1 
iter: 2  value: 4402.95 mgc: 1.28553e-06 ustep: 1 
iter: 3  mgc: 5.373479e-14 
outer mgc:  0.07259704 
iter: 1  value: 4402.947 mgc: 0.01258885 ustep: 1 
iter: 2  value: 4402.947 mgc: 1.283003e-06 ustep: 1 
iter: 3  mgc: 4.873879e-14 
outer mgc:  0.07260013 
iter: 1  value: 4402.951 mgc: 0.01058139 ustep: 1 
iter: 2  value: 4402.951 mgc: 1.121317e-06 ustep: 1 
iter: 3  mgc: 5.018208e-14 
outer mgc:  0.07257728 
iter: 1  value: 4402.946 mgc: 0.01058485 ustep: 1 
iter: 2  value: 4402.946 mgc: 1.118639e-06 ustep: 1 
iter: 3  mgc: 6.594725e-14 
outer mgc:  0.07259313 
iter: 1  value: 4402.948 mgc: 0.01105174 ustep: 1 
iter: 2  value: 4402.948 mgc: 1.820009e-06 ustep: 1 
iter: 3  mgc: 8.459899e-14 
outer mgc:  0.04690348 
iter: 1  value: 4402.949 mgc: 0.01104574 ustep: 1 
iter: 2  value: 4402.949 mgc: 1.822236e-06 ustep: 1 
iter: 3  mgc: 8.437695e-14 
outer mgc:  0.04687704 
iter: 1  value: 4402.947 mgc: 0.003277361 ustep: 1 
iter: 2  value: 4402.947 mgc: 1.927951e-07 ustep: 1 
iter: 3  mgc: 3.974598e-14 
outer mgc:  0.02471797 
iter: 1  value: 4402.95 mgc: 0.003272832 ustep: 1 
iter: 2  value: 4402.95 mgc: 1.923378e-07 ustep: 1 
iter: 3  mgc: 3.641532e-14 
outer mgc:  0.02467239 
iter: 1  value: 4402.948 mgc: 0.008396988 ustep: 1 
iter: 2  value: 4402.948 mgc: 9.341107e-07 ustep: 1 
iter: 3  mgc: 4.707346e-14 
outer mgc:  0.05227997 
iter: 1  value: 4402.949 mgc: 0.008394561 ustep: 1 
iter: 2  value: 4402.949 mgc: 9.350719e-07 ustep: 1 
iter: 3  mgc: 4.52971e-14 
outer mgc:  0.05224717 
iter: 1  value: 4402.948 mgc: 0.0005838644 ustep: 1 
iter: 2  mgc: 4.283282e-09 
outer mgc:  0.006245385 
iter: 1  value: 4402.949 mgc: 0.0005832944 ustep: 1 
iter: 2  mgc: 4.273519e-09 
outer mgc:  0.00622756 
iter: 1  value: 4402.949 mgc: 0.003182163 ustep: 1 
iter: 2  value: 4402.949 mgc: 1.056591e-08 ustep: 1 
mgc: 5.018208e-14 
outer mgc:  0.03146533 
iter: 1  value: 4402.948 mgc: 0.003179314 ustep: 1 
iter: 2  value: 4402.948 mgc: 1.054773e-08 ustep: 1 
mgc: 3.663736e-14 
outer mgc:  0.03142343 
iter: 1  mgc: 5.829115e-12 
outer mgc:  1.609026e-05 
iter: 1  mgc: 5.829115e-12 
outer mgc:  1.609026e-05 
iter: 1  value: 4402.953 mgc: 0.003200341 ustep: 1 
iter: 2  value: 4402.953 mgc: 1.151264e-07 ustep: 1 
iter: 3  mgc: 4.685141e-14 
outer mgc:  0.002583281 
iter: 1  value: 4402.944 mgc: 0.003203543 ustep: 1 
iter: 2  value: 4402.944 mgc: 1.151194e-07 ustep: 1 
iter: 3  mgc: 4.862777e-14 
outer mgc:  0.002593528 
iter: 1  value: 4402.954 mgc: 0.00425647 ustep: 1 
iter: 2  value: 4402.954 mgc: 3.608432e-08 ustep: 1 
mgc: 4.041212e-14 
outer mgc:  0.00206813 
iter: 1  value: 4402.943 mgc: 0.004260728 ustep: 1 
iter: 2  value: 4402.943 mgc: 3.607738e-08 ustep: 1 
mgc: 4.063416e-14 
outer mgc:  0.002058039 
iter: 1  value: 4402.952 mgc: 0.003438266 ustep: 1 
iter: 2  value: 4402.952 mgc: 2.36548e-07 ustep: 1 
iter: 3  mgc: 6.741829e-14 
outer mgc:  0.003496123 
iter: 1  value: 4402.944 mgc: 0.003441706 ustep: 1 
iter: 2  value: 4402.944 mgc: 2.366044e-07 ustep: 1 
iter: 3  mgc: 5.05429e-14 
outer mgc:  0.003497329 
iter: 1  value: 4402.953 mgc: 0.002863981 ustep: 1 
iter: 2  value: 4402.953 mgc: 8.007055e-08 ustep: 1 
iter: 3  mgc: 5.817569e-14 
outer mgc:  0.002778409 
iter: 1  value: 4402.944 mgc: 0.002866846 ustep: 1 
iter: 2  value: 4402.944 mgc: 8.011415e-08 ustep: 1 
iter: 3  mgc: 6.57252e-14 
outer mgc:  0.002774957 
iter: 1  value: 4402.958 mgc: 0.002261112 ustep: 1 
mgc: 5.639933e-14 
outer mgc:  1.609026e-05 
iter: 1  value: 4402.938 mgc: 0.002263375 ustep: 1 
mgc: 5.462297e-14 
outer mgc:  1.609026e-05 
iter: 1  value: 4402.94 mgc: 0.002614094 ustep: 1 
iter: 2  value: 4402.94 mgc: 1.376735e-07 ustep: 1 
iter: 3  mgc: 3.508305e-14 
outer mgc:  0.01521793 
iter: 1  value: 4402.957 mgc: 0.002613585 ustep: 1 
iter: 2  value: 4402.957 mgc: 1.376567e-07 ustep: 1 
iter: 3  mgc: 3.130829e-14 
outer mgc:  0.01523115 
iter: 1  value: 4402.944 mgc: 0.002467656 ustep: 1 
iter: 2  value: 4402.944 mgc: 5.962381e-08 ustep: 1 
mgc: 4.940492e-14 
outer mgc:  0.004543897 
iter: 1  value: 4402.953 mgc: 0.002467008 ustep: 1 
iter: 2  value: 4402.953 mgc: 5.963921e-08 ustep: 1 
mgc: 5.417888e-14 
outer mgc:  0.004536404 
[Mon Aug 16 01:03:46 2021]
Finished job 0.
1 of 1 steps (100%) done
