Building DAG of jobs...
Using shell: /usr/bin/bash
Provided cores: 1 (use --cores to define parallelism)
Rules claiming more threads will be scaled down.
Job counts:
	count	jobs
	1	inference_simulation_TMB_multiple
	1

[Mon Aug 16 07:21:41 2021]
rule inference_simulation_TMB_multiple:
    input: ../data/assessing_models_simulation/datasets/multiple_GenerationJnorm2_50_100_80_5_0.4_NA_NA_NA_dataset0.RDS
    output: ../data/assessing_models_simulation/inference_results/TMB/nlminb/multiple_GenerationJnorm2_50_100_80_5_0.4_fullREDMsinglelambda_NA_NA_NA_dataset0.RDS
    log: logs/inference/nlminb/simulation_GenerationJnorm2_50_100_80_5_0.4_ModelfullREDMsinglelambda_NA_NA_NA_dataset0.log
    jobid: 0
    wildcards: optimiser=nlminb, datasetgeneration=GenerationJnorm2, n=50, nlambda=100, lmbda=80, d=5, beta_intensity=0.4, model=fullREDMsinglelambda, fixed_beta_intercept=NA, fixed_beta_slope=NA, sdRE_input=NA, itnum=0

Rscript 2_inference_TMB/run_TMB.R --input ../data/assessing_models_simulation/datasets/multiple_GenerationJnorm2_50_100_80_5_0.4_NA_NA_NA_dataset0.RDS --output ../data/assessing_models_simulation/inference_results/TMB/nlminb/multiple_GenerationJnorm2_50_100_80_5_0.4_fullREDMsinglelambda_NA_NA_NA_dataset0.RDS --model fullREDMsinglelambda --optimiser nlminb
Model: fullREDMsinglelambda 
Feature type: signatures 
Using nlminb: TRUE 
Simulation boolean: TRUE 
make: Nothing to be done for 'all'.
../data/assessing_models_simulation/datasets/multiple_GenerationJnorm2_50_100_80_5_0.4_NA_NA_NA_dataset0.RDS[1] "../data/assessing_models_simulation/datasets/multiple_GenerationJnorm2_50_100_80_5_0.4_NA_NA_NA_dataset0.RDS"
Reading file ../data/assessing_models_simulation/datasets/multiple_GenerationJnorm2_50_100_80_5_0.4_NA_NA_NA_dataset0.RDS 
Loading required package: nnet
# weights:  15 (8 variable)
initial  value 16218.305844 
iter  10 value 15090.825051
final  value 15086.067465 
converged
Order of parameters:
[1] "beta"       "u_large"    "logs_sd_RE" "cov_par_RE" "log_lambda"
Not matching template order:
[1] "beta"       "logs_sd_RE" "cov_par_RE" "log_lambda" "u_large"   
Your parameter list has been re-ordered.
(Disable this warning with checkParameterOrder=FALSE)
Constructing atomic invpd
Constructing atomic D_lgamma
Constructing atomic invpd
Constructing atomic D_lgamma
Constructing atomic matmul
Constructing atomic invpd
Constructing atomic D_lgamma
Constructing atomic matmul
Optimizing tape... Done
iter: 1  value: 15113.66 mgc: 5.838185 ustep: 1 
iter: 2  value: 15056.12 mgc: 3.778527 ustep: 1 
iter: 3  value: 15055.03 mgc: 0.5375382 ustep: 1 
iter: 4  value: 15055.03 mgc: 0.06953963 ustep: 1 
iter: 5  value: 15055.03 mgc: 0.0009783266 ustep: 1 
iter: 6  value: 15055.03 mgc: 4.155582e-07 ustep: 1 
iter: 7  mgc: 5.090373e-14 
iter: 1  mgc: 5.090373e-14 
Matching hessian patterns... Done
outer mgc:  175.5623 
iter: 1  value: 14848.52 mgc: 1.507248 ustep: 1 
iter: 2  value: 14848.48 mgc: 0.2202559 ustep: 1 
iter: 3  value: 14848.48 mgc: 0.002593508 ustep: 1 
iter: 4  value: 14848.48 mgc: 3.71985e-07 ustep: 1 
iter: 5  mgc: 4.218847e-15 
iter: 1  value: 14557.73 mgc: 10.03435 ustep: 1 
iter: 2  value: 14548.97 mgc: 9.310822 ustep: 1 
iter: 3  value: 14548.94 mgc: 0.4192073 ustep: 1 
iter: 4  value: 14548.94 mgc: 0.002746032 ustep: 1 
iter: 5  value: 14548.94 mgc: 1.497926e-07 ustep: 1 
iter: 6  mgc: 3.241851e-14 
iter: 1  mgc: 3.241851e-14 
outer mgc:  75.21751 
iter: 1  value: 15337.39 mgc: 24.77802 ustep: 0.2494656 
iter: 2  value: 15237.35 mgc: 24.11864 ustep: 0.4995153 
iter: 3  value: 15036.19 mgc: 26.98022 ustep: 0.1421311 
iter: 4  value: 15007.86 mgc: 14.73651 ustep: 0.1115727 
iter: 5  value: 15004.19 mgc: 5.008954 ustep: 0.3340915 
iter: 6  value: 15003.75 mgc: 1.110159 ustep: 0.5780487 
iter: 7  value: 15003.73 mgc: 0.1277974 ustep: 0.7603191 
iter: 8  value: 15003.73 mgc: 0.008003154 ustep: 0.8719756 
iter: 9  value: 15003.73 mgc: 0.0003202464 ustep: 0.933803 
iter: 10  value: 15003.73 mgc: 1.444752e-05 ustep: 0.9663382 
iter: 11  value: 15003.73 mgc: 3.318217e-07 ustep: 0.9830267 
iter: 12  mgc: 3.828452e-09 
iter: 1  value: 14507.32 mgc: 9.623367 ustep: 1 
iter: 2  value: 14505.69 mgc: 1.30549 ustep: 1 
iter: 3  value: 14505.69 mgc: 0.0379135 ustep: 1 
iter: 4  value: 14505.69 mgc: 5.402128e-05 ustep: 1 
iter: 5  mgc: 1.34798e-10 
iter: 1  mgc: 1.34798e-10 
outer mgc:  47.05665 
iter: 1  value: 14477.21 mgc: 5.937384 ustep: 1 
iter: 2  value: 14476.76 mgc: 0.8692609 ustep: 1 
iter: 3  value: 14476.76 mgc: 0.01300798 ustep: 1 
iter: 4  value: 14476.76 mgc: 4.86843e-06 ustep: 1 
iter: 5  mgc: 6.82121e-13 
iter: 1  mgc: 6.82121e-13 
outer mgc:  89.23305 
iter: 1  value: 14459.03 mgc: 11.13471 ustep: 1 
iter: 2  value: 14456.18 mgc: 2.654355 ustep: 1 
iter: 3  value: 14456.18 mgc: 0.1161508 ustep: 1 
iter: 4  value: 14456.18 mgc: 0.0002571384 ustep: 1 
iter: 5  mgc: 1.77157e-09 
iter: 1  mgc: 1.77157e-09 
outer mgc:  61.62457 
iter: 1  value: 14421.64 mgc: 10.87138 ustep: 1 
iter: 2  value: 14421.31 mgc: 0.9118403 ustep: 1 
iter: 3  value: 14421.31 mgc: 0.006553109 ustep: 1 
iter: 4  value: 14421.31 mgc: 7.781638e-07 ustep: 1 
iter: 5  mgc: 3.508305e-14 
iter: 1  mgc: 3.508305e-14 
outer mgc:  38.61798 
iter: 1  value: 14394.51 mgc: 6.629242 ustep: 1 
iter: 2  value: 14394.34 mgc: 0.6205906 ustep: 1 
iter: 3  value: 14394.34 mgc: 0.004269244 ustep: 1 
iter: 4  value: 14394.34 mgc: 3.245873e-07 ustep: 1 
iter: 5  mgc: 3.730349e-14 
iter: 1  mgc: 3.730349e-14 
outer mgc:  49.18355 
iter: 1  value: 14403.59 mgc: 10.70486 ustep: 1 
iter: 2  value: 14403.3 mgc: 0.6055977 ustep: 1 
iter: 3  value: 14403.3 mgc: 0.005575025 ustep: 1 
iter: 4  value: 14403.3 mgc: 5.014406e-07 ustep: 1 
iter: 5  mgc: 4.52971e-14 
iter: 1  value: 14384.41 mgc: 4.182541 ustep: 1 
iter: 2  value: 14384.39 mgc: 0.15939 ustep: 1 
iter: 3  value: 14384.39 mgc: 0.000369143 ustep: 1 
iter: 4  mgc: 1.850406e-09 
iter: 1  mgc: 1.850406e-09 
outer mgc:  30.77729 
iter: 1  value: 14379.63 mgc: 6.121198 ustep: 1 
iter: 2  value: 14379.62 mgc: 0.2367444 ustep: 1 
iter: 3  value: 14379.62 mgc: 0.0005590035 ustep: 1 
iter: 4  mgc: 3.148521e-09 
iter: 1  mgc: 3.148521e-09 
outer mgc:  42.96822 
iter: 1  value: 14366.38 mgc: 3.690303 ustep: 1 
iter: 2  value: 14366.38 mgc: 0.066422 ustep: 1 
iter: 3  value: 14366.38 mgc: 3.040505e-05 ustep: 1 
iter: 4  mgc: 1.399969e-11 
iter: 1  mgc: 1.399969e-11 
outer mgc:  9.746989 
iter: 1  value: 14357.36 mgc: 2.837864 ustep: 1 
iter: 2  value: 14357.36 mgc: 0.03959103 ustep: 1 
iter: 3  value: 14357.36 mgc: 4.031076e-05 ustep: 1 
iter: 4  mgc: 3.424372e-11 
iter: 1  mgc: 3.424372e-11 
outer mgc:  20.68368 
iter: 1  value: 14345.36 mgc: 4.966047 ustep: 1 
iter: 2  value: 14345.34 mgc: 0.1317842 ustep: 1 
iter: 3  value: 14345.34 mgc: 0.0004352893 ustep: 1 
iter: 4  mgc: 6.415768e-09 
iter: 1  mgc: 6.415768e-09 
outer mgc:  18.85759 
iter: 1  value: 14337.61 mgc: 9.114047 ustep: 1 
iter: 2  value: 14337.53 mgc: 0.4431604 ustep: 1 
iter: 3  value: 14337.53 mgc: 0.002487589 ustep: 1 
iter: 4  value: 14337.53 mgc: 1.420655e-07 ustep: 1 
iter: 5  mgc: 5.134781e-14 
iter: 1  value: 14339.27 mgc: 5.967063 ustep: 1 
iter: 2  value: 14339.26 mgc: 0.1481665 ustep: 1 
iter: 3  value: 14339.26 mgc: 0.0003901355 ustep: 1 
iter: 4  mgc: 4.850202e-09 
iter: 1  mgc: 4.850202e-09 
outer mgc:  15.12893 
iter: 1  value: 14336.65 mgc: 4.572554 ustep: 1 
iter: 2  value: 14336.65 mgc: 0.1318983 ustep: 1 
iter: 3  value: 14336.65 mgc: 9.925869e-05 ustep: 1 
iter: 4  mgc: 5.278533e-11 
iter: 1  mgc: 5.278533e-11 
outer mgc:  40.10658 
iter: 1  value: 14331.49 mgc: 3.018031 ustep: 1 
iter: 2  value: 14331.49 mgc: 0.01711713 ustep: 1 
iter: 3  value: 14331.49 mgc: 2.3536e-06 ustep: 1 
iter: 4  mgc: 1.909584e-13 
iter: 1  mgc: 1.909584e-13 
outer mgc:  14.54577 
iter: 1  value: 14328.13 mgc: 1.47991 ustep: 1 
iter: 2  value: 14328.13 mgc: 0.01818551 ustep: 1 
iter: 3  value: 14328.13 mgc: 9.14333e-06 ustep: 1 
iter: 4  mgc: 3.454459e-12 
iter: 1  mgc: 3.454459e-12 
outer mgc:  6.811256 
iter: 1  value: 14323.84 mgc: 1.429108 ustep: 1 
iter: 2  value: 14323.84 mgc: 0.02206463 ustep: 1 
iter: 3  value: 14323.84 mgc: 1.69631e-05 ustep: 1 
iter: 4  mgc: 1.553468e-11 
iter: 1  mgc: 1.553468e-11 
outer mgc:  9.365247 
iter: 1  value: 14320.28 mgc: 1.575987 ustep: 1 
iter: 2  value: 14320.28 mgc: 0.004707538 ustep: 1 
iter: 3  value: 14320.28 mgc: 5.416416e-07 ustep: 1 
iter: 4  mgc: 7.41629e-14 
iter: 1  mgc: 7.41629e-14 
outer mgc:  11.14292 
iter: 1  value: 14316.9 mgc: 1.408224 ustep: 1 
iter: 2  value: 14316.9 mgc: 0.01014656 ustep: 1 
iter: 3  value: 14316.9 mgc: 1.736051e-06 ustep: 1 
iter: 4  mgc: 7.660539e-14 
iter: 1  mgc: 7.660539e-14 
outer mgc:  13.66515 
iter: 1  value: 14314.23 mgc: 1.05993 ustep: 1 
iter: 2  value: 14314.23 mgc: 0.002183354 ustep: 1 
iter: 3  value: 14314.23 mgc: 7.108566e-08 ustep: 1 
mgc: 5.062617e-14 
iter: 1  mgc: 5.062617e-14 
outer mgc:  13.46353 
iter: 1  value: 14313.44 mgc: 1.31963 ustep: 1 
iter: 2  value: 14313.44 mgc: 0.01193045 ustep: 1 
iter: 3  value: 14313.44 mgc: 2.358314e-06 ustep: 1 
iter: 4  mgc: 1.0969e-13 
iter: 1  mgc: 1.0969e-13 
outer mgc:  7.036987 
iter: 1  value: 14312.02 mgc: 1.790674 ustep: 1 
iter: 2  value: 14312.02 mgc: 0.03218901 ustep: 1 
iter: 3  value: 14312.02 mgc: 1.324907e-05 ustep: 1 
iter: 4  mgc: 4.267697e-12 
iter: 1  mgc: 4.267697e-12 
outer mgc:  7.066411 
iter: 1  value: 14309.33 mgc: 2.891406 ustep: 1 
iter: 2  value: 14309.33 mgc: 0.01629874 ustep: 1 
iter: 3  value: 14309.33 mgc: 1.785393e-06 ustep: 1 
iter: 4  mgc: 7.349676e-14 
iter: 1  mgc: 7.349676e-14 
outer mgc:  14.96065 
iter: 1  value: 14307.49 mgc: 2.785416 ustep: 1 
iter: 2  value: 14307.49 mgc: 0.01338557 ustep: 1 
iter: 3  value: 14307.49 mgc: 1.087222e-06 ustep: 1 
iter: 4  mgc: 4.796163e-14 
iter: 1  mgc: 4.796163e-14 
outer mgc:  11.73016 
iter: 1  value: 14307.87 mgc: 1.273914 ustep: 1 
iter: 2  value: 14307.87 mgc: 0.02128963 ustep: 1 
iter: 3  value: 14307.87 mgc: 8.689981e-06 ustep: 1 
iter: 4  mgc: 1.453726e-12 
iter: 1  mgc: 1.453726e-12 
outer mgc:  4.931704 
iter: 1  value: 14307.17 mgc: 2.526872 ustep: 1 
iter: 2  value: 14307.17 mgc: 0.05819791 ustep: 1 
iter: 3  value: 14307.17 mgc: 6.995548e-05 ustep: 1 
iter: 4  mgc: 1.200391e-10 
iter: 1  value: 14307.27 mgc: 0.6455228 ustep: 1 
iter: 2  value: 14307.27 mgc: 0.003955035 ustep: 1 
iter: 3  value: 14307.27 mgc: 2.513373e-07 ustep: 1 
iter: 4  mgc: 7.105427e-14 
iter: 1  mgc: 7.105427e-14 
outer mgc:  4.453322 
iter: 1  value: 14306.89 mgc: 0.5609095 ustep: 1 
iter: 2  value: 14306.89 mgc: 0.001070559 ustep: 1 
iter: 3  mgc: 6.536709e-09 
iter: 1  value: 14307.07 mgc: 0.2652219 ustep: 1 
iter: 2  value: 14307.07 mgc: 0.0001611248 ustep: 1 
iter: 3  mgc: 1.587752e-10 
iter: 1  mgc: 1.587752e-10 
outer mgc:  3.896914 
iter: 1  value: 14306.78 mgc: 0.2935501 ustep: 1 
iter: 2  value: 14306.78 mgc: 0.0003337834 ustep: 1 
iter: 3  mgc: 3.883465e-09 
iter: 1  mgc: 3.883465e-09 
outer mgc:  1.997521 
iter: 1  value: 14306.25 mgc: 0.2324009 ustep: 1 
iter: 2  value: 14306.25 mgc: 0.000459129 ustep: 1 
iter: 3  mgc: 5.631925e-09 
iter: 1  mgc: 5.631925e-09 
outer mgc:  2.723857 
iter: 1  value: 14305.32 mgc: 0.4452313 ustep: 1 
iter: 2  value: 14305.32 mgc: 0.0003694766 ustep: 1 
iter: 3  mgc: 1.402742e-09 
iter: 1  mgc: 1.402742e-09 
outer mgc:  1.440949 
iter: 1  value: 14304.79 mgc: 0.7773441 ustep: 1 
iter: 2  value: 14304.79 mgc: 0.001195471 ustep: 1 
iter: 3  value: 14304.79 mgc: 1.318871e-08 ustep: 1 
mgc: 6.483702e-14 
iter: 1  mgc: 6.483702e-14 
outer mgc:  1.678863 
iter: 1  value: 14303.94 mgc: 0.7359184 ustep: 1 
iter: 2  value: 14303.94 mgc: 0.001233984 ustep: 1 
iter: 3  mgc: 4.800825e-09 
iter: 1  mgc: 4.800825e-09 
outer mgc:  1.87643 
iter: 1  value: 14303.31 mgc: 0.4492069 ustep: 1 
iter: 2  value: 14303.31 mgc: 0.0003581675 ustep: 1 
iter: 3  mgc: 5.24381e-10 
iter: 1  mgc: 5.24381e-10 
outer mgc:  4.131086 
iter: 1  value: 14302.6 mgc: 0.4023937 ustep: 1 
iter: 2  value: 14302.6 mgc: 0.0003084063 ustep: 1 
iter: 3  mgc: 2.240445e-09 
iter: 1  mgc: 2.240445e-09 
outer mgc:  2.080259 
iter: 1  value: 14302.03 mgc: 0.3198018 ustep: 1 
iter: 2  value: 14302.03 mgc: 0.0002674018 ustep: 1 
iter: 3  mgc: 4.095422e-10 
iter: 1  mgc: 4.095422e-10 
outer mgc:  1.433009 
iter: 1  value: 14301.24 mgc: 0.901644 ustep: 1 
iter: 2  value: 14301.24 mgc: 0.002532592 ustep: 1 
iter: 3  value: 14301.24 mgc: 8.679485e-08 ustep: 1 
iter: 4  mgc: 5.817569e-14 
iter: 1  mgc: 5.817569e-14 
outer mgc:  3.203944 
iter: 1  value: 14300.76 mgc: 0.3747231 ustep: 1 
iter: 2  value: 14300.76 mgc: 0.0003793952 ustep: 1 
iter: 3  mgc: 1.613947e-09 
iter: 1  mgc: 1.613947e-09 
outer mgc:  4.508622 
iter: 1  value: 14300.22 mgc: 0.4595373 ustep: 1 
iter: 2  value: 14300.22 mgc: 0.0009206904 ustep: 1 
iter: 3  mgc: 7.419204e-09 
iter: 1  mgc: 7.419204e-09 
outer mgc:  2.514789 
iter: 1  value: 14299.56 mgc: 0.2638119 ustep: 1 
iter: 2  value: 14299.56 mgc: 0.0002308233 ustep: 1 
iter: 3  mgc: 6.777339e-10 
iter: 1  value: 14298.59 mgc: 0.5005334 ustep: 1 
iter: 2  value: 14298.59 mgc: 0.0003315013 ustep: 1 
iter: 3  mgc: 4.018986e-09 
iter: 1  mgc: 4.018986e-09 
outer mgc:  2.529982 
iter: 1  value: 14297.45 mgc: 0.6507763 ustep: 1 
iter: 2  value: 14297.45 mgc: 0.001236348 ustep: 1 
iter: 3  value: 14297.45 mgc: 6.134092e-08 ustep: 1 
mgc: 6.000755e-14 
iter: 1  mgc: 6.000755e-14 
outer mgc:  4.563773 
iter: 1  value: 14296.08 mgc: 0.518884 ustep: 1 
iter: 2  value: 14296.08 mgc: 0.0007349081 ustep: 1 
iter: 3  value: 14296.08 mgc: 1.499144e-08 ustep: 1 
mgc: 4.574119e-14 
iter: 1  mgc: 4.574119e-14 
outer mgc:  1.708107 
iter: 1  value: 14294.12 mgc: 1.468173 ustep: 1 
iter: 2  value: 14294.12 mgc: 0.006606875 ustep: 1 
iter: 3  value: 14294.12 mgc: 7.689781e-07 ustep: 1 
iter: 4  mgc: 7.349676e-14 
iter: 1  value: 14295.12 mgc: 1.519495 ustep: 1 
iter: 2  value: 14295.12 mgc: 0.003879751 ustep: 1 
iter: 3  value: 14295.12 mgc: 2.511866e-07 ustep: 1 
iter: 4  mgc: 6.217249e-14 
iter: 1  value: 14295.74 mgc: 0.7840712 ustep: 1 
iter: 2  value: 14295.74 mgc: 0.0007608387 ustep: 1 
iter: 3  value: 14295.74 mgc: 1.070981e-08 ustep: 1 
mgc: 5.906386e-14 
iter: 1  mgc: 5.906386e-14 
outer mgc:  3.882995 
iter: 1  value: 14295.41 mgc: 0.3155524 ustep: 1 
iter: 2  value: 14295.41 mgc: 0.0001059011 ustep: 1 
iter: 3  mgc: 1.123754e-10 
iter: 1  mgc: 1.123754e-10 
outer mgc:  1.339664 
iter: 1  value: 14294.85 mgc: 0.4611068 ustep: 1 
iter: 2  value: 14294.85 mgc: 0.000169476 ustep: 1 
iter: 3  mgc: 1.797058e-10 
iter: 1  mgc: 1.797058e-10 
outer mgc:  2.016776 
iter: 1  value: 14294.3 mgc: 0.2168253 ustep: 1 
iter: 2  value: 14294.3 mgc: 5.463213e-05 ustep: 1 
iter: 3  mgc: 1.636469e-11 
iter: 1  value: 14293.77 mgc: 0.1579553 ustep: 1 
iter: 2  value: 14293.77 mgc: 5.393717e-05 ustep: 1 
iter: 3  mgc: 2.581935e-11 
iter: 1  value: 14292.29 mgc: 0.4535372 ustep: 1 
iter: 2  value: 14292.29 mgc: 0.0004221857 ustep: 1 
iter: 3  mgc: 1.654559e-09 
iter: 1  mgc: 1.654559e-09 
outer mgc:  1.444419 
iter: 1  value: 14288.8 mgc: 1.053226 ustep: 1 
iter: 2  value: 14288.8 mgc: 0.003989351 ustep: 1 
iter: 3  value: 14288.8 mgc: 5.711412e-07 ustep: 1 
iter: 4  mgc: 4.674039e-14 
iter: 1  mgc: 4.674039e-14 
outer mgc:  1.504701 
iter: 1  value: 14286.11 mgc: 0.8227001 ustep: 1 
iter: 2  value: 14286.11 mgc: 0.0005438111 ustep: 1 
iter: 3  mgc: 5.882254e-09 
iter: 1  mgc: 5.882254e-09 
outer mgc:  2.867462 
iter: 1  value: 14284.61 mgc: 0.5871179 ustep: 1 
iter: 2  value: 14284.61 mgc: 0.002093263 ustep: 1 
iter: 3  value: 14284.61 mgc: 1.491859e-07 ustep: 1 
iter: 4  mgc: 6.350476e-14 
iter: 1  mgc: 6.350476e-14 
outer mgc:  1.991247 
iter: 1  value: 14282.84 mgc: 0.6427685 ustep: 1 
iter: 2  value: 14282.84 mgc: 0.0001683298 ustep: 1 
iter: 3  mgc: 1.005397e-09 
iter: 1  mgc: 1.005397e-09 
outer mgc:  2.477543 
iter: 1  value: 14280.64 mgc: 0.5612367 ustep: 1 
iter: 2  value: 14280.64 mgc: 0.0003699632 ustep: 1 
iter: 3  mgc: 4.502915e-09 
iter: 1  mgc: 4.502915e-09 
outer mgc:  2.432307 
iter: 1  value: 14278.33 mgc: 0.7223619 ustep: 1 
iter: 2  value: 14278.33 mgc: 0.000239975 ustep: 1 
iter: 3  mgc: 2.494558e-10 
iter: 1  mgc: 2.494558e-10 
outer mgc:  2.687275 
iter: 1  value: 14276.38 mgc: 0.7690795 ustep: 1 
iter: 2  value: 14276.38 mgc: 0.0002714166 ustep: 1 
iter: 3  mgc: 1.623452e-09 
iter: 1  value: 14272.51 mgc: 1.840024 ustep: 1 
iter: 2  value: 14272.51 mgc: 0.001053041 ustep: 1 
iter: 3  value: 14272.51 mgc: 2.391597e-08 ustep: 1 
mgc: 6.306067e-14 
iter: 1  mgc: 6.306067e-14 
outer mgc:  2.384054 
iter: 1  value: 14267.22 mgc: 1.988282 ustep: 1 
iter: 2  value: 14267.22 mgc: 0.001187993 ustep: 1 
iter: 3  mgc: 8.426589e-09 
iter: 1  mgc: 8.426589e-09 
outer mgc:  2.106897 
iter: 1  value: 14261.52 mgc: 3.316187 ustep: 1 
iter: 2  value: 14261.52 mgc: 0.002189816 ustep: 1 
iter: 3  value: 14261.52 mgc: 7.97157e-08 ustep: 1 
iter: 4  mgc: 1.088019e-13 
iter: 1  mgc: 1.088019e-13 
outer mgc:  2.781366 
iter: 1  value: 14260.05 mgc: 0.5702246 ustep: 1 
iter: 2  value: 14260.05 mgc: 0.0002709692 ustep: 1 
iter: 3  mgc: 1.536243e-09 
iter: 1  value: 14258.08 mgc: 0.9875112 ustep: 1 
iter: 2  value: 14258.08 mgc: 0.0003501501 ustep: 1 
iter: 3  mgc: 2.845334e-09 
iter: 1  mgc: 2.845334e-09 
outer mgc:  1.640845 
iter: 1  value: 14251.08 mgc: 5.976331 ustep: 1 
iter: 2  value: 14251.08 mgc: 0.005735517 ustep: 1 
iter: 3  value: 14251.08 mgc: 1.834923e-06 ustep: 1 
iter: 4  mgc: 1.603162e-13 
iter: 1  mgc: 1.603162e-13 
outer mgc:  1.038351 
iter: 1  value: 14245.49 mgc: 10.13769 ustep: 1 
iter: 2  value: 14245.49 mgc: 0.002926647 ustep: 1 
iter: 3  value: 14245.49 mgc: 2.665633e-07 ustep: 1 
iter: 4  mgc: 2.020606e-13 
iter: 1  mgc: 2.020606e-13 
outer mgc:  1.741747 
iter: 1  value: 14245.33 mgc: 4.562025 ustep: 1 
iter: 2  value: 14245.33 mgc: 0.005167512 ustep: 1 
iter: 3  value: 14245.33 mgc: 2.220237e-07 ustep: 1 
iter: 4  mgc: 1.236788e-13 
iter: 1  mgc: 1.236788e-13 
outer mgc:  2.500447 
iter: 1  value: 14242.91 mgc: 19.66484 ustep: 1 
iter: 2  value: 14242.91 mgc: 0.009901214 ustep: 1 
iter: 3  value: 14242.91 mgc: 2.413221e-07 ustep: 1 
iter: 4  mgc: 1.447731e-13 
iter: 1  value: 14244.09 mgc: 14.95069 ustep: 1 
iter: 2  value: 14244.09 mgc: 0.006354836 ustep: 1 
iter: 3  value: 14244.09 mgc: 8.758458e-08 ustep: 1 
mgc: 1.003642e-13 
iter: 1  mgc: 1.003642e-13 
outer mgc:  1.971588 
iter: 1  value: 14242.07 mgc: 3.607527 ustep: 1 
iter: 2  value: 14242.07 mgc: 0.0006935085 ustep: 1 
iter: 3  mgc: 3.590343e-09 
iter: 1  mgc: 3.590343e-09 
outer mgc:  1.022521 
iter: 1  value: 14239.82 mgc: 6.614171 ustep: 1 
iter: 2  value: 14239.82 mgc: 0.0009870615 ustep: 1 
iter: 3  mgc: 7.381576e-09 
iter: 1  mgc: 7.381576e-09 
outer mgc:  1.426927 
iter: 1  value: 14238.62 mgc: 0.5365424 ustep: 1 
iter: 2  value: 14238.62 mgc: 1.625494e-05 ustep: 1 
iter: 3  mgc: 6.638023e-12 
iter: 1  value: 14236.7 mgc: 0.9397888 ustep: 1 
iter: 2  value: 14236.7 mgc: 4.535263e-05 ustep: 1 
iter: 3  mgc: 5.159373e-11 
iter: 1  mgc: 5.159373e-11 
outer mgc:  0.4840778 
iter: 1  value: 14233.14 mgc: 3.066586 ustep: 1 
iter: 2  value: 14233.14 mgc: 0.0001208275 ustep: 1 
iter: 3  mgc: 1.924252e-10 
iter: 1  mgc: 1.924252e-10 
outer mgc:  0.6454194 
iter: 1  value: 14230.09 mgc: 0.8517297 ustep: 1 
iter: 2  value: 14230.09 mgc: 4.14816e-06 ustep: 1 
iter: 3  mgc: 2.218226e-13 
iter: 1  value: 14223.54 mgc: 2.070957 ustep: 1 
iter: 2  value: 14223.54 mgc: 1.33902e-05 ustep: 1 
iter: 3  mgc: 3.254758e-12 
iter: 1  mgc: 3.254758e-12 
outer mgc:  1.570613 
iter: 1  value: 14215.69 mgc: 2.987173 ustep: 1 
iter: 2  value: 14215.69 mgc: 4.730377e-05 ustep: 1 
iter: 3  mgc: 3.583467e-11 
iter: 1  mgc: 3.583467e-11 
outer mgc:  0.8234639 
iter: 1  value: 14208.57 mgc: 2.711201 ustep: 1 
iter: 2  value: 14208.57 mgc: 2.84692e-05 ustep: 1 
iter: 3  mgc: 2.226663e-11 
iter: 1  mgc: 2.226663e-11 
outer mgc:  0.1725224 
iter: 1  value: 14202.29 mgc: 1.927081 ustep: 1 
iter: 2  value: 14202.29 mgc: 1.147013e-05 ustep: 1 
iter: 3  mgc: 3.557821e-12 
iter: 1  mgc: 3.557821e-12 
outer mgc:  0.1691781 
iter: 1  value: 14191.51 mgc: 3.325403 ustep: 1 
iter: 2  value: 14191.51 mgc: 3.301631e-06 ustep: 1 
iter: 3  mgc: 9.889867e-13 
iter: 1  mgc: 9.889867e-13 
outer mgc:  0.3599555 
iter: 1  value: 14182.51 mgc: 3.758653 ustep: 1 
iter: 2  value: 14182.51 mgc: 5.912484e-06 ustep: 1 
iter: 3  mgc: 1.565414e-12 
iter: 1  mgc: 1.565414e-12 
outer mgc:  0.1130036 
iter: 1  value: 14175.05 mgc: 3.388071 ustep: 1 
iter: 2  value: 14175.05 mgc: 7.005295e-06 ustep: 1 
iter: 3  mgc: 2.394529e-12 
iter: 1  mgc: 2.394529e-12 
outer mgc:  0.02961743 
iter: 1  value: 14164.32 mgc: 4.980769 ustep: 1 
iter: 2  value: 14164.32 mgc: 7.219244e-06 ustep: 1 
iter: 3  mgc: 2.240208e-12 
iter: 1  mgc: 2.240208e-12 
outer mgc:  0.07281396 
iter: 1  value: 14155.44 mgc: 5.309641 ustep: 1 
iter: 2  value: 14155.44 mgc: 7.926767e-06 ustep: 1 
iter: 3  mgc: 5.693224e-12 
iter: 1  mgc: 5.693224e-12 
outer mgc:  0.07428024 
iter: 1  value: 14147.92 mgc: 3.465526 ustep: 1 
iter: 2  value: 14147.92 mgc: 1.950039e-06 ustep: 1 
iter: 3  mgc: 4.765077e-12 
iter: 1  mgc: 4.765077e-12 
outer mgc:  0.04368449 
iter: 1  value: 14137.04 mgc: 4.123718 ustep: 1 
iter: 2  value: 14137.04 mgc: 2.079788e-07 ustep: 1 
iter: 3  mgc: 1.011538e-11 
iter: 1  mgc: 1.011538e-11 
outer mgc:  0.01451617 
iter: 1  value: 14128.12 mgc: 3.359735 ustep: 1 
iter: 2  value: 14128.12 mgc: 5.346201e-08 ustep: 1 
iter: 3  mgc: 1.122924e-11 
iter: 1  mgc: 1.122924e-11 
outer mgc:  0.01818477 
iter: 1  value: 14117.82 mgc: 6.039905 ustep: 1 
iter: 2  value: 14117.82 mgc: 6.03189e-08 ustep: 1 
iter: 3  mgc: 1.550449e-11 
iter: 1  mgc: 1.550449e-11 
outer mgc:  0.01527938 
iter: 1  value: 14109.3 mgc: 8.357594 ustep: 1 
iter: 2  value: 14109.3 mgc: 7.228266e-08 ustep: 1 
iter: 3  mgc: 3.553136e-11 
iter: 1  mgc: 3.553136e-11 
outer mgc:  0.002928215 
iter: 1  value: 14098.82 mgc: 11.74946 ustep: 1 
iter: 2  value: 14098.82 mgc: 4.847987e-08 ustep: 1 
iter: 3  mgc: 3.295748e-11 
iter: 1  mgc: 3.295748e-11 
outer mgc:  0.003733586 
iter: 1  value: 14090.18 mgc: 12.92207 ustep: 1 
iter: 2  value: 14090.18 mgc: 3.301686e-08 ustep: 1 
mgc: 5.284127e-11 
iter: 1  mgc: 5.284127e-11 
outer mgc:  0.005327606 
iter: 1  value: 14079.82 mgc: 14.48002 ustep: 1 
iter: 2  value: 14079.82 mgc: 1.621718e-08 ustep: 1 
mgc: 9.877565e-11 
iter: 1  mgc: 9.877565e-11 
outer mgc:  0.002092647 
iter: 1  value: 14071.26 mgc: 12.84321 ustep: 1 
iter: 2  mgc: 6.299083e-09 
iter: 1  mgc: 6.299083e-09 
outer mgc:  0.001343474 
iter: 1  mgc: 6.299083e-09 
iter: 1  mgc: 6.299083e-09 
outer mgc:  0.001343474 
iter: 1  value: 14071.26 mgc: 0.01830269 ustep: 1 
iter: 2  value: 14071.26 mgc: 5.885784e-07 ustep: 1 
iter: 3  mgc: 1.862851e-10 
outer mgc:  0.5550046 
iter: 1  value: 14071.25 mgc: 0.01828962 ustep: 1 
iter: 2  value: 14071.25 mgc: 5.878024e-07 ustep: 1 
iter: 3  mgc: 1.866189e-10 
outer mgc:  0.5536698 
iter: 1  value: 14071.26 mgc: 0.009046002 ustep: 1 
iter: 2  value: 14071.26 mgc: 1.322111e-07 ustep: 1 
iter: 3  mgc: 1.344782e-10 
outer mgc:  0.2799728 
iter: 1  value: 14071.25 mgc: 0.00903953 ustep: 1 
iter: 2  value: 14071.25 mgc: 1.320421e-07 ustep: 1 
iter: 3  mgc: 1.545375e-10 
outer mgc:  0.2799406 
iter: 1  value: 14071.25 mgc: 0.02388336 ustep: 1 
iter: 2  value: 14071.25 mgc: 4.982541e-06 ustep: 1 
iter: 3  mgc: 2.567175e-10 
outer mgc:  0.1231739 
iter: 1  value: 14071.26 mgc: 0.02387894 ustep: 1 
iter: 2  value: 14071.26 mgc: 4.989885e-06 ustep: 1 
iter: 3  mgc: 1.942062e-10 
outer mgc:  0.1225971 
iter: 1  value: 14071.25 mgc: 0.01197627 ustep: 1 
iter: 2  value: 14071.25 mgc: 1.652649e-06 ustep: 1 
iter: 3  mgc: 1.17232e-10 
outer mgc:  0.159056 
iter: 1  value: 14071.26 mgc: 0.01197388 ustep: 1 
iter: 2  value: 14071.26 mgc: 1.653053e-06 ustep: 1 
iter: 3  mgc: 1.025042e-10 
outer mgc:  0.1586897 
iter: 1  value: 14071.25 mgc: 0.02152634 ustep: 1 
iter: 2  value: 14071.25 mgc: 4.44608e-06 ustep: 1 
iter: 3  mgc: 1.306129e-10 
outer mgc:  0.1744472 
iter: 1  value: 14071.26 mgc: 0.02151259 ustep: 1 
iter: 2  value: 14071.26 mgc: 4.455022e-06 ustep: 1 
iter: 3  mgc: 1.438485e-10 
outer mgc:  0.1731917 
iter: 1  value: 14071.25 mgc: 0.01272148 ustep: 1 
iter: 2  value: 14071.25 mgc: 1.557408e-06 ustep: 1 
iter: 3  mgc: 1.524847e-10 
outer mgc:  0.1930564 
iter: 1  value: 14071.26 mgc: 0.01271579 ustep: 1 
iter: 2  value: 14071.26 mgc: 1.559514e-06 ustep: 1 
iter: 3  mgc: 1.709055e-10 
outer mgc:  0.190316 
iter: 1  value: 14071.26 mgc: 0.02500953 ustep: 1 
iter: 2  value: 14071.26 mgc: 2.253559e-06 ustep: 1 
iter: 3  mgc: 1.193043e-10 
outer mgc:  0.5465407 
iter: 1  value: 14071.26 mgc: 0.02500882 ustep: 1 
iter: 2  value: 14071.26 mgc: 2.2493e-06 ustep: 1 
iter: 3  mgc: 1.79321e-10 
outer mgc:  0.5470298 
iter: 1  value: 14071.26 mgc: 0.01324473 ustep: 1 
iter: 2  value: 14071.26 mgc: 7.35214e-07 ustep: 1 
iter: 3  mgc: 1.353968e-10 
outer mgc:  0.4016477 
iter: 1  value: 14071.26 mgc: 0.01324039 ustep: 1 
iter: 2  value: 14071.26 mgc: 7.34428e-07 ustep: 1 
iter: 3  mgc: 1.935976e-10 
outer mgc:  0.4021901 
iter: 1  value: 14071.29 mgc: 504.5918 ustep: 1 
iter: 2  value: 14071.29 mgc: 8.009491e-06 ustep: 1 
iter: 3  mgc: 1.525882e-10 
outer mgc:  0.1463549 
iter: 1  value: 14071.23 mgc: 505.0967 ustep: 1 
iter: 2  value: 14071.23 mgc: 8.019552e-06 ustep: 1 
iter: 3  mgc: 2.19243e-10 
outer mgc:  0.1465205 
iter: 1  value: 14071.28 mgc: 113.7585 ustep: 1 
iter: 2  value: 14071.28 mgc: 1.012096e-06 ustep: 1 
iter: 3  mgc: 1.563929e-10 
outer mgc:  0.03597072 
iter: 1  value: 14071.23 mgc: 113.8723 ustep: 1 
iter: 2  value: 14071.23 mgc: 1.012489e-06 ustep: 1 
iter: 3  mgc: 1.440252e-10 
outer mgc:  0.0359383 
iter: 1  value: 14071.28 mgc: 96.85279 ustep: 1 
iter: 2  value: 14071.28 mgc: 8.767021e-07 ustep: 1 
iter: 3  mgc: 1.426754e-10 
outer mgc:  0.04156857 
iter: 1  value: 14071.23 mgc: 96.94969 ustep: 1 
iter: 2  value: 14071.23 mgc: 8.781895e-07 ustep: 1 
iter: 3  mgc: 1.687672e-10 
outer mgc:  0.04097111 
iter: 1  value: 14071.28 mgc: 557.9683 ustep: 1 
iter: 2  value: 14071.28 mgc: 6.058772e-06 ustep: 1 
iter: 3  mgc: 1.50838e-10 
outer mgc:  0.1756048 
iter: 1  value: 14071.23 mgc: 559.6447 ustep: 1 
iter: 2  value: 14071.23 mgc: 6.040944e-06 ustep: 1 
iter: 3  mgc: 8.000201e-11 
outer mgc:  0.173726 
iter: 1  value: 14071.27 mgc: 88.01836 ustep: 1 
iter: 2  value: 14071.27 mgc: 2.718725e-07 ustep: 1 
iter: 3  mgc: 1.405418e-10 
outer mgc:  0.01523326 
iter: 1  value: 14071.24 mgc: 87.95954 ustep: 1 
iter: 2  value: 14071.24 mgc: 2.719019e-07 ustep: 1 
iter: 3  mgc: 1.446183e-10 
outer mgc:  0.01552135 
iter: 1  value: 14071.25 mgc: 69.23107 ustep: 1 
iter: 2  value: 14071.25 mgc: 4.205933e-07 ustep: 1 
iter: 3  mgc: 1.032538e-10 
outer mgc:  0.0187909 
iter: 1  value: 14071.26 mgc: 69.24544 ustep: 1 
iter: 2  value: 14071.26 mgc: 4.204573e-07 ustep: 1 
iter: 3  mgc: 1.445672e-10 
outer mgc:  0.02037347 
iter: 1  value: 14071.27 mgc: 45.83957 ustep: 1 
iter: 2  value: 14071.27 mgc: 1.508569e-07 ustep: 1 
iter: 3  mgc: 1.360208e-10 
outer mgc:  0.008416972 
iter: 1  value: 14071.24 mgc: 45.83699 ustep: 1 
iter: 2  value: 14071.24 mgc: 1.506563e-07 ustep: 1 
iter: 3  mgc: 1.992424e-10 
outer mgc:  0.008541051 
iter: 1  value: 14071.26 mgc: 0.1930533 ustep: 1 
iter: 2  mgc: 1.766491e-10 
outer mgc:  0.001341664 
iter: 1  value: 14071.26 mgc: 0.1930522 ustep: 1 
iter: 2  mgc: 1.248459e-10 
outer mgc:  0.001345284 
iter: 1  value: 14071.26 mgc: 1.144446 ustep: 1 
iter: 2  mgc: 1.28658e-10 
outer mgc:  0.001348574 
iter: 1  value: 14071.26 mgc: 1.144447 ustep: 1 
iter: 2  mgc: 1.772182e-10 
outer mgc:  0.001338375 
iter: 1  value: 14071.26 mgc: 1.129919 ustep: 1 
iter: 2  mgc: 9.545209e-11 
outer mgc:  0.001326511 
iter: 1  value: 14071.26 mgc: 1.12992 ustep: 1 
iter: 2  mgc: 1.771938e-10 
outer mgc:  0.001360437 
iter: 1  value: 14071.23 mgc: 0.00408325 ustep: 1 
iter: 2  value: 14071.23 mgc: 9.968518e-08 ustep: 1 
iter: 3  mgc: 1.449416e-10 
outer mgc:  0.03725222 
iter: 1  value: 14071.28 mgc: 0.004083211 ustep: 1 
iter: 2  value: 14071.28 mgc: 9.982189e-08 ustep: 1 
iter: 3  mgc: 1.573612e-10 
outer mgc:  0.03710991 
[Mon Aug 16 07:21:46 2021]
Finished job 0.
1 of 1 steps (100%) done
