Building DAG of jobs...
Using shell: /usr/bin/bash
Provided cores: 1 (use --cores to define parallelism)
Rules claiming more threads will be scaled down.
Job counts:
	count	jobs
	1	inference_simulation_TMB_multiple
	1

[Mon Aug 16 02:00:46 2021]
rule inference_simulation_TMB_multiple:
    input: ../data/assessing_models_simulation/datasets/multiple_GenerationJnorm3_10_100_80_4_0.4_NA_NA_NA_dataset1.RDS
    output: ../data/assessing_models_simulation/inference_results/TMB/nlminb/multiple_GenerationJnorm3_10_100_80_4_0.4_diagREDMsinglelambda_NA_NA_NA_dataset1.RDS
    log: logs/inference/nlminb/simulation_GenerationJnorm3_10_100_80_4_0.4_ModeldiagREDMsinglelambda_NA_NA_NA_dataset1.log
    jobid: 0
    wildcards: optimiser=nlminb, datasetgeneration=GenerationJnorm3, n=10, nlambda=100, lmbda=80, d=4, beta_intensity=0.4, model=diagREDMsinglelambda, fixed_beta_intercept=NA, fixed_beta_slope=NA, sdRE_input=NA, itnum=1

Rscript 2_inference_TMB/run_TMB.R --input ../data/assessing_models_simulation/datasets/multiple_GenerationJnorm3_10_100_80_4_0.4_NA_NA_NA_dataset1.RDS --output ../data/assessing_models_simulation/inference_results/TMB/nlminb/multiple_GenerationJnorm3_10_100_80_4_0.4_diagREDMsinglelambda_NA_NA_NA_dataset1.RDS --model diagREDMsinglelambda --optimiser nlminb
Model: diagREDMsinglelambda 
Feature type: signatures 
Using nlminb: TRUE 
Simulation boolean: TRUE 
make: Nothing to be done for 'all'.
../data/assessing_models_simulation/datasets/multiple_GenerationJnorm3_10_100_80_4_0.4_NA_NA_NA_dataset1.RDS[1] "../data/assessing_models_simulation/datasets/multiple_GenerationJnorm3_10_100_80_4_0.4_NA_NA_NA_dataset1.RDS"
Reading file ../data/assessing_models_simulation/datasets/multiple_GenerationJnorm3_10_100_80_4_0.4_NA_NA_NA_dataset1.RDS 
Loading required package: nnet
# weights:  12 (6 variable)
initial  value 2804.473493 
iter  10 value 2181.239703
final  value 2181.199200 
converged
Constructing atomic invpd
Constructing atomic D_lgamma
Constructing atomic invpd
Constructing atomic D_lgamma
Constructing atomic matmul
Constructing atomic invpd
Constructing atomic D_lgamma
Constructing atomic matmul
Optimizing tape... Done
iter: 1  value: 2240.694 mgc: 5.543395 ustep: 0.4367355 
iter: 2  value: 2235.441 mgc: 1.808085 ustep: 0.6608936 
iter: 3  value: 2235.025 mgc: 0.2825866 ustep: 0.8129723 
iter: 4  value: 2235.014 mgc: 0.03756716 ustep: 0.9016596 
iter: 5  value: 2235.014 mgc: 0.003275427 ustep: 0.9495626 
iter: 6  value: 2235.014 mgc: 0.0001621302 ustep: 0.9744576 
iter: 7  value: 2235.014 mgc: 4.203354e-06 ustep: 0.9871475 
iter: 8  value: 2235.014 mgc: 5.914704e-08 ustep: 0.9935536 
iter: 9  mgc: 4.466373e-10 
iter: 1  mgc: 4.466373e-10 
Matching hessian patterns... Done
outer mgc:  17.19548 
iter: 1  value: 2209.202 mgc: 1.800601 ustep: 1 
iter: 2  value: 2208.948 mgc: 0.7914838 ustep: 1 
iter: 3  value: 2208.947 mgc: 0.03465727 ustep: 1 
iter: 4  value: 2208.947 mgc: 9.286152e-05 ustep: 1 
iter: 5  mgc: 6.89069e-10 
iter: 1  value: 2172.454 mgc: 16.5506 ustep: 0.1089412 
iter: 2  value: 2157.375 mgc: 18.34545 ustep: 0.3301295 
iter: 3  value: 2157.168 mgc: 0.9584095 ustep: 0.5746115 
iter: 4  value: 2157.157 mgc: 0.08365302 ustep: 0.7580555 
iter: 5  value: 2157.157 mgc: 0.01057478 ustep: 0.8706768 
iter: 6  value: 2157.157 mgc: 0.0007411852 ustep: 0.9331073 
iter: 7  value: 2157.157 mgc: 2.49254e-05 ustep: 0.9659782 
iter: 8  value: 2157.157 mgc: 4.257132e-07 ustep: 0.9828436 
iter: 9  mgc: 3.612456e-09 
iter: 1  mgc: 3.612456e-09 
outer mgc:  14.96211 
iter: 1  value: 2478.511 mgc: 22.25401 ustep: 1 
iter: 2  value: 2478.076 mgc: 1.92919 ustep: 1 
iter: 3  value: 2478.075 mgc: 0.06636334 ustep: 1 
iter: 4  value: 2478.075 mgc: 2.92104e-05 ustep: 1 
iter: 5  mgc: 1.921391e-11 
iter: 1  value: 2150.916 mgc: 3.666677 ustep: 1 
iter: 2  value: 2150.914 mgc: 0.1223125 ustep: 1 
iter: 3  value: 2150.914 mgc: 0.0004540686 ustep: 1 
iter: 4  mgc: 4.732082e-09 
iter: 1  mgc: 4.732082e-09 
outer mgc:  4.076407 
iter: 1  value: 2146.32 mgc: 1.91612 ustep: 1 
iter: 2  value: 2146.315 mgc: 0.1263243 ustep: 1 
iter: 3  value: 2146.315 mgc: 0.0006185021 ustep: 1 
iter: 4  value: 2146.315 mgc: 2.043701e-08 ustep: 1 
mgc: 3.551066e-14 
iter: 1  value: 2142.147 mgc: 6.099116 ustep: 1 
iter: 2  value: 2141.847 mgc: 1.111646 ustep: 1 
iter: 3  value: 2141.847 mgc: 0.03316355 ustep: 1 
iter: 4  value: 2141.847 mgc: 4.175706e-05 ustep: 1 
iter: 5  mgc: 6.577638e-11 
iter: 1  mgc: 6.577638e-11 
outer mgc:  18.59757 
iter: 1  value: 2130.952 mgc: 12.69859 ustep: 1 
iter: 2  value: 2130.736 mgc: 1.413771 ustep: 1 
iter: 3  value: 2130.736 mgc: 0.01886561 ustep: 1 
iter: 4  value: 2130.736 mgc: 4.614399e-06 ustep: 1 
iter: 5  mgc: 5.32796e-13 
iter: 1  mgc: 5.32796e-13 
outer mgc:  11.72964 
iter: 1  value: 2141.224 mgc: 13.40972 ustep: 1 
iter: 2  value: 2140.196 mgc: 2.580818 ustep: 1 
iter: 3  value: 2140.195 mgc: 0.09850304 ustep: 1 
iter: 4  value: 2140.195 mgc: 0.0001872405 ustep: 1 
iter: 5  mgc: 6.879287e-10 
iter: 1  value: 2130.155 mgc: 5.74766 ustep: 1 
iter: 2  value: 2130.117 mgc: 0.5455351 ustep: 1 
iter: 3  value: 2130.117 mgc: 0.005412979 ustep: 1 
iter: 4  value: 2130.117 mgc: 6.423624e-07 ustep: 1 
iter: 5  mgc: 6.283862e-14 
iter: 1  mgc: 6.283862e-14 
outer mgc:  15.0054 
iter: 1  value: 2125.731 mgc: 3.513358 ustep: 1 
iter: 2  value: 2125.728 mgc: 0.1415338 ustep: 1 
iter: 3  value: 2125.728 mgc: 0.0004471135 ustep: 1 
iter: 4  mgc: 4.392368e-09 
iter: 1  mgc: 4.392368e-09 
outer mgc:  2.648986 
iter: 1  value: 2124.095 mgc: 1.93575 ustep: 1 
iter: 2  value: 2124.095 mgc: 0.04918203 ustep: 1 
iter: 3  value: 2124.095 mgc: 1.914447e-05 ustep: 1 
iter: 4  mgc: 7.731815e-12 
iter: 1  mgc: 7.731815e-12 
outer mgc:  7.954622 
iter: 1  value: 2121.643 mgc: 6.725629 ustep: 1 
iter: 2  value: 2121.636 mgc: 0.2231031 ustep: 1 
iter: 3  value: 2121.636 mgc: 0.000700257 ustep: 1 
iter: 4  mgc: 9.537967e-09 
iter: 1  mgc: 9.537967e-09 
outer mgc:  2.930634 
iter: 1  value: 2121.254 mgc: 9.408035 ustep: 1 
iter: 2  value: 2121.027 mgc: 1.171203 ustep: 1 
iter: 3  value: 2121.027 mgc: 0.02002271 ustep: 1 
iter: 4  value: 2121.027 mgc: 7.972485e-06 ustep: 1 
iter: 5  mgc: 1.3054e-12 
iter: 1  value: 2120.994 mgc: 5.285475 ustep: 1 
iter: 2  value: 2120.981 mgc: 0.2796523 ustep: 1 
iter: 3  value: 2120.981 mgc: 0.001169141 ustep: 1 
iter: 4  value: 2120.981 mgc: 2.700656e-08 ustep: 1 
mgc: 6.583623e-14 
iter: 1  mgc: 6.583623e-14 
outer mgc:  2.136895 
iter: 1  value: 2120.237 mgc: 3.612222 ustep: 1 
iter: 2  value: 2120.236 mgc: 0.06960114 ustep: 1 
iter: 3  value: 2120.236 mgc: 5.538951e-05 ustep: 1 
iter: 4  mgc: 4.030487e-11 
iter: 1  mgc: 4.030487e-11 
outer mgc:  4.119669 
iter: 1  value: 2119.496 mgc: 1.226847 ustep: 1 
iter: 2  value: 2119.496 mgc: 0.008676517 ustep: 1 
iter: 3  value: 2119.496 mgc: 1.529041e-06 ustep: 1 
iter: 4  mgc: 1.174616e-13 
iter: 1  mgc: 1.174616e-13 
outer mgc:  2.292641 
iter: 1  value: 2118.783 mgc: 3.930909 ustep: 1 
iter: 2  value: 2118.78 mgc: 0.1586029 ustep: 1 
iter: 3  value: 2118.78 mgc: 0.0003421066 ustep: 1 
iter: 4  mgc: 2.168427e-09 
iter: 1  mgc: 2.168427e-09 
outer mgc:  2.199909 
iter: 1  value: 2117.991 mgc: 2.816533 ustep: 1 
iter: 2  value: 2117.991 mgc: 0.06216672 ustep: 1 
iter: 3  value: 2117.991 mgc: 7.683789e-05 ustep: 1 
iter: 4  mgc: 1.57017e-10 
iter: 1  mgc: 1.57017e-10 
outer mgc:  0.8059036 
iter: 1  value: 2117.484 mgc: 1.319828 ustep: 1 
iter: 2  value: 2117.484 mgc: 0.008348263 ustep: 1 
iter: 3  value: 2117.484 mgc: 1.110698e-06 ustep: 1 
iter: 4  mgc: 7.904788e-14 
iter: 1  mgc: 7.904788e-14 
outer mgc:  1.308843 
iter: 1  value: 2116.751 mgc: 1.214355 ustep: 1 
iter: 2  value: 2116.751 mgc: 0.01325043 ustep: 1 
iter: 3  value: 2116.751 mgc: 2.57646e-06 ustep: 1 
iter: 4  mgc: 9.325873e-14 
iter: 1  mgc: 9.325873e-14 
outer mgc:  1.616898 
iter: 1  value: 2116.33 mgc: 1.786778 ustep: 1 
iter: 2  value: 2116.33 mgc: 0.02253719 ustep: 1 
iter: 3  value: 2116.33 mgc: 7.492661e-06 ustep: 1 
iter: 4  mgc: 8.082424e-13 
iter: 1  mgc: 8.082424e-13 
outer mgc:  1.480709 
iter: 1  value: 2115.964 mgc: 2.370535 ustep: 1 
iter: 2  value: 2115.964 mgc: 0.03075803 ustep: 1 
iter: 3  value: 2115.964 mgc: 5.761465e-06 ustep: 1 
iter: 4  mgc: 1.625367e-13 
iter: 1  mgc: 1.625367e-13 
outer mgc:  1.788497 
iter: 1  value: 2115.594 mgc: 0.9074661 ustep: 1 
iter: 2  value: 2115.594 mgc: 0.01125152 ustep: 1 
iter: 3  value: 2115.594 mgc: 6.096294e-07 ustep: 1 
iter: 4  mgc: 3.974598e-14 
iter: 1  mgc: 3.974598e-14 
outer mgc:  0.7645443 
iter: 1  value: 2115.038 mgc: 0.5743917 ustep: 1 
iter: 2  value: 2115.038 mgc: 0.005194882 ustep: 1 
iter: 3  value: 2115.038 mgc: 4.274881e-07 ustep: 1 
iter: 4  mgc: 2.464695e-14 
iter: 1  value: 2115.347 mgc: 0.2854589 ustep: 1 
iter: 2  value: 2115.347 mgc: 0.001265547 ustep: 1 
iter: 3  value: 2115.347 mgc: 2.621701e-08 ustep: 1 
mgc: 6.106227e-14 
iter: 1  mgc: 6.106227e-14 
outer mgc:  0.2814114 
iter: 1  value: 2115.192 mgc: 0.3142114 ustep: 1 
iter: 2  value: 2115.192 mgc: 0.001341185 ustep: 1 
iter: 3  value: 2115.192 mgc: 2.824917e-08 ustep: 1 
mgc: 7.349676e-14 
iter: 1  value: 2115.307 mgc: 0.1970296 ustep: 1 
iter: 2  value: 2115.307 mgc: 0.0006554668 ustep: 1 
iter: 3  mgc: 6.764227e-09 
iter: 1  mgc: 6.764227e-09 
outer mgc:  0.277801 
iter: 1  value: 2115.287 mgc: 0.1012853 ustep: 1 
iter: 2  value: 2115.287 mgc: 5.379722e-05 ustep: 1 
iter: 3  mgc: 2.024736e-11 
iter: 1  mgc: 2.024736e-11 
outer mgc:  0.05348271 
iter: 1  value: 2115.256 mgc: 0.07832984 ustep: 1 
iter: 2  value: 2115.256 mgc: 2.029298e-05 ustep: 1 
iter: 3  mgc: 1.134315e-12 
iter: 1  mgc: 1.134315e-12 
outer mgc:  0.04287431 
iter: 1  value: 2115.214 mgc: 0.1222415 ustep: 1 
iter: 2  value: 2115.214 mgc: 5.464106e-05 ustep: 1 
iter: 3  mgc: 2.043254e-11 
iter: 1  mgc: 2.043254e-11 
outer mgc:  0.0282242 
iter: 1  value: 2115.213 mgc: 0.02528946 ustep: 1 
iter: 2  value: 2115.213 mgc: 7.668518e-06 ustep: 1 
iter: 3  mgc: 9.512391e-13 
iter: 1  mgc: 9.512391e-13 
outer mgc:  0.006166991 
iter: 1  value: 2115.212 mgc: 0.006373253 ustep: 1 
iter: 2  value: 2115.212 mgc: 5.600895e-07 ustep: 1 
iter: 3  mgc: 5.706546e-14 
iter: 1  mgc: 5.706546e-14 
outer mgc:  0.002654622 
iter: 1  value: 2115.211 mgc: 0.003599364 ustep: 1 
iter: 2  value: 2115.211 mgc: 6.873749e-08 ustep: 1 
mgc: 7.194245e-14 
iter: 1  mgc: 7.194245e-14 
outer mgc:  0.00151546 
iter: 1  value: 2115.212 mgc: 0.0009338411 ustep: 1 
iter: 2  mgc: 5.918288e-09 
iter: 1  mgc: 5.918288e-09 
outer mgc:  0.0002755035 
iter: 1  mgc: 5.918288e-09 
iter: 1  mgc: 5.918288e-09 
outer mgc:  0.0002755035 
iter: 1  value: 2115.211 mgc: 0.01555278 ustep: 1 
iter: 2  value: 2115.211 mgc: 3.930525e-06 ustep: 1 
iter: 3  mgc: 2.575717e-13 
outer mgc:  0.0409603 
iter: 1  value: 2115.213 mgc: 0.01553759 ustep: 1 
iter: 2  value: 2115.213 mgc: 3.934574e-06 ustep: 1 
iter: 3  mgc: 2.495781e-13 
outer mgc:  0.04149447 
iter: 1  value: 2115.212 mgc: 0.006999362 ustep: 1 
iter: 2  value: 2115.212 mgc: 7.596379e-07 ustep: 1 
iter: 3  mgc: 6.195044e-14 
outer mgc:  0.03508422 
iter: 1  value: 2115.212 mgc: 0.006993091 ustep: 1 
iter: 2  value: 2115.212 mgc: 7.590386e-07 ustep: 1 
iter: 3  mgc: 4.352074e-14 
outer mgc:  0.03485447 
iter: 1  value: 2115.212 mgc: 0.02194495 ustep: 1 
iter: 2  value: 2115.212 mgc: 3.055293e-06 ustep: 1 
iter: 3  mgc: 7.027712e-14 
outer mgc:  0.06278999 
iter: 1  value: 2115.212 mgc: 0.02193025 ustep: 1 
iter: 2  value: 2115.212 mgc: 3.060922e-06 ustep: 1 
iter: 3  mgc: 6.972201e-14 
outer mgc:  0.06333768 
iter: 1  value: 2115.212 mgc: 0.007814774 ustep: 1 
iter: 2  value: 2115.212 mgc: 4.503257e-07 ustep: 1 
iter: 3  mgc: 5.877243e-14 
outer mgc:  0.04151549 
iter: 1  value: 2115.212 mgc: 0.007808223 ustep: 1 
iter: 2  value: 2115.212 mgc: 4.498423e-07 ustep: 1 
iter: 3  mgc: 5.301315e-14 
outer mgc:  0.04165462 
iter: 1  value: 2115.213 mgc: 0.02635974 ustep: 1 
iter: 2  value: 2115.213 mgc: 3.643538e-06 ustep: 1 
iter: 3  mgc: 1.199041e-13 
outer mgc:  0.03729202 
iter: 1  value: 2115.211 mgc: 0.02635875 ustep: 1 
iter: 2  value: 2115.211 mgc: 3.633834e-06 ustep: 1 
iter: 3  mgc: 8.393286e-14 
outer mgc:  0.0374612 
iter: 1  value: 2115.213 mgc: 0.01253672 ustep: 1 
iter: 2  value: 2115.213 mgc: 4.885042e-07 ustep: 1 
iter: 3  mgc: 4.196643e-14 
outer mgc:  0.06486516 
iter: 1  value: 2115.211 mgc: 0.01254267 ustep: 1 
iter: 2  value: 2115.211 mgc: 4.883906e-07 ustep: 1 
iter: 3  mgc: 4.751755e-14 
outer mgc:  0.06524603 
iter: 1  value: 2115.214 mgc: 0.004815526 ustep: 1 
iter: 2  value: 2115.214 mgc: 2.497709e-07 ustep: 1 
iter: 3  mgc: 5.040413e-14 
outer mgc:  0.00158792 
iter: 1  value: 2115.21 mgc: 0.004820351 ustep: 1 
iter: 2  value: 2115.21 mgc: 2.498361e-07 ustep: 1 
iter: 3  mgc: 7.682743e-14 
outer mgc:  0.00138695 
iter: 1  value: 2115.215 mgc: 0.005545961 ustep: 1 
iter: 2  value: 2115.215 mgc: 1.020899e-07 ustep: 1 
mgc: 4.851675e-14 
outer mgc:  0.000669076 
iter: 1  value: 2115.209 mgc: 0.005551504 ustep: 1 
iter: 2  value: 2115.209 mgc: 1.020603e-07 ustep: 1 
mgc: 5.973e-14 
outer mgc:  0.0008964805 
iter: 1  value: 2115.213 mgc: 0.002933591 ustep: 1 
iter: 2  value: 2115.213 mgc: 5.676856e-08 ustep: 1 
mgc: 7.793766e-14 
outer mgc:  0.002865239 
iter: 1  value: 2115.211 mgc: 0.002936517 ustep: 1 
iter: 2  value: 2115.211 mgc: 5.682418e-08 ustep: 1 
mgc: 3.28626e-14 
outer mgc:  0.002991018 
iter: 1  value: 2115.208 mgc: 0.002736958 ustep: 1 
iter: 2  value: 2115.208 mgc: 7.222435e-08 ustep: 1 
mgc: 4.840572e-14 
outer mgc:  0.003086386 
iter: 1  value: 2115.215 mgc: 0.002737025 ustep: 1 
iter: 2  value: 2115.215 mgc: 7.227694e-08 ustep: 1 
mgc: 5.373479e-14 
outer mgc:  0.003325294 
[Mon Aug 16 02:00:48 2021]
Finished job 0.
1 of 1 steps (100%) done
