Building DAG of jobs...
Using shell: /usr/bin/bash
Provided cores: 40
Rules claiming more threads will be scaled down.
Job counts:
	count	jobs
	1	inference_simulation_TMB_multiple
	1
Select jobs to execute...

[Sun Aug 15 16:09:22 2021]
rule inference_simulation_TMB_multiple:
    input: ../data/assessing_models_simulation/datasets/multiple_GenerationCnorm_10_100_10_5_0.8_NA_NA_NA_dataset0.RDS
    output: ../data/assessing_models_simulation/inference_results/TMB/nlminb/multiple_GenerationCnorm_10_100_10_5_0.8_diagREDMsinglelambda_NA_NA_NA_dataset0.RDS
    log: logs/inference/nlminb/simulation_GenerationCnorm_10_100_10_5_0.8_ModeldiagREDMsinglelambda_NA_NA_NA_dataset0.log
    jobid: 0
    wildcards: optimiser=nlminb, datasetgeneration=GenerationCnorm, n=10, nlambda=100, lmbda=10, d=5, beta_intensity=0.8, model=diagREDMsinglelambda, fixed_beta_intercept=NA, fixed_beta_slope=NA, sdRE_input=NA, itnum=0

Rscript 2_inference_TMB/run_TMB.R --input ../data/assessing_models_simulation/datasets/multiple_GenerationCnorm_10_100_10_5_0.8_NA_NA_NA_dataset0.RDS --output ../data/assessing_models_simulation/inference_results/TMB/nlminb/multiple_GenerationCnorm_10_100_10_5_0.8_diagREDMsinglelambda_NA_NA_NA_dataset0.RDS --model diagREDMsinglelambda --optimiser nlminb
Model: diagREDMsinglelambda 
Feature type: signatures 
Using nlminb: TRUE 
Simulation boolean: TRUE 
make: Nothing to be done for 'all'.
../data/assessing_models_simulation/datasets/multiple_GenerationCnorm_10_100_10_5_0.8_NA_NA_NA_dataset0.RDS[1] "../data/assessing_models_simulation/datasets/multiple_GenerationCnorm_10_100_10_5_0.8_NA_NA_NA_dataset0.RDS"
Reading file ../data/assessing_models_simulation/datasets/multiple_GenerationCnorm_10_100_10_5_0.8_NA_NA_NA_dataset0.RDS 
Loading required package: nnet
# weights:  15 (8 variable)
initial  value 3151.279433 
iter  10 value 3043.630268
final  value 3036.600550 
converged
Constructing atomic invpd
Constructing atomic D_lgamma
Constructing atomic invpd
Constructing atomic D_lgamma
Constructing atomic matmul
Constructing atomic invpd
Constructing atomic D_lgamma
Constructing atomic matmul
Optimizing tape... Done
iter: 1  value: 2760.785 mgc: 5.15897 ustep: 1 
iter: 2  value: 2757.658 mgc: 1.157624 ustep: 1 
iter: 3  value: 2757.622 mgc: 0.1889119 ustep: 1 
iter: 4  value: 2757.622 mgc: 0.003210127 ustep: 1 
iter: 5  value: 2757.622 mgc: 1.285006e-06 ustep: 1 
iter: 6  mgc: 2.128679e-13 
iter: 1  mgc: 2.128679e-13 
Matching hessian patterns... Done
outer mgc:  26.77711 
iter: 1  value: 2731.242 mgc: 1.370223 ustep: 1 
iter: 2  value: 2731.226 mgc: 0.1376714 ustep: 1 
iter: 3  value: 2731.226 mgc: 0.001957089 ustep: 1 
iter: 4  value: 2731.226 mgc: 5.073185e-07 ustep: 1 
iter: 5  mgc: 3.519407e-14 
iter: 1  mgc: 3.519407e-14 
outer mgc:  7.115781 
iter: 1  value: 2719.588 mgc: 2.501641 ustep: 1 
iter: 2  value: 2716.926 mgc: 3.99592 ustep: 1 
iter: 3  value: 2716.879 mgc: 0.4516672 ustep: 1 
iter: 4  value: 2716.879 mgc: 0.01555963 ustep: 1 
iter: 5  value: 2716.879 mgc: 2.207859e-05 ustep: 1 
iter: 6  mgc: 4.429185e-11 
iter: 1  mgc: 4.429185e-11 
outer mgc:  3.357469 
iter: 1  value: 2713.088 mgc: 1.748634 ustep: 1 
iter: 2  value: 2712.966 mgc: 0.3795605 ustep: 1 
iter: 3  value: 2712.966 mgc: 0.02118732 ustep: 1 
iter: 4  value: 2712.966 mgc: 7.967633e-05 ustep: 1 
iter: 5  mgc: 1.136535e-09 
iter: 1  mgc: 1.136535e-09 
outer mgc:  4.836027 
iter: 1  value: 2703.214 mgc: 1.48335 ustep: 1 
iter: 2  value: 2703.204 mgc: 0.1208663 ustep: 1 
iter: 3  value: 2703.204 mgc: 0.001181423 ustep: 1 
iter: 4  value: 2703.204 mgc: 1.449484e-07 ustep: 1 
iter: 5  mgc: 3.941292e-15 
iter: 1  mgc: 3.941292e-15 
outer mgc:  9.721338 
iter: 1  value: 2698.231 mgc: 2.196627 ustep: 1 
iter: 2  value: 2698.225 mgc: 0.1065772 ustep: 1 
iter: 3  value: 2698.225 mgc: 0.0006598802 ustep: 1 
iter: 4  value: 2698.225 mgc: 2.371682e-08 ustep: 1 
mgc: 3.108624e-15 
iter: 1  mgc: 3.108624e-15 
outer mgc:  2.234794 
iter: 1  value: 2697.931 mgc: 3.168325 ustep: 1 
iter: 2  value: 2697.786 mgc: 0.5836037 ustep: 1 
iter: 3  value: 2697.786 mgc: 0.01210843 ustep: 1 
iter: 4  value: 2697.786 mgc: 5.563361e-06 ustep: 1 
iter: 5  mgc: 1.191547e-12 
iter: 1  value: 2696.541 mgc: 1.577428 ustep: 1 
iter: 2  value: 2696.535 mgc: 0.1188316 ustep: 1 
iter: 3  value: 2696.535 mgc: 0.0005126011 ustep: 1 
iter: 4  mgc: 9.62532e-09 
iter: 1  mgc: 9.62532e-09 
outer mgc:  2.103246 
iter: 1  value: 2694.067 mgc: 1.651262 ustep: 1 
iter: 2  value: 2694.065 mgc: 0.04865781 ustep: 1 
iter: 3  value: 2694.065 mgc: 5.229929e-05 ustep: 1 
iter: 4  mgc: 1.475227e-10 
iter: 1  mgc: 1.475227e-10 
outer mgc:  2.12905 
iter: 1  value: 2687.803 mgc: 1.623923 ustep: 1 
iter: 2  value: 2687.802 mgc: 0.04312548 ustep: 1 
iter: 3  value: 2687.802 mgc: 3.650617e-05 ustep: 1 
iter: 4  mgc: 4.177303e-11 
iter: 1  value: 2676.666 mgc: 2.577845 ustep: 1 
iter: 2  value: 2676.665 mgc: 0.08001321 ustep: 1 
iter: 3  value: 2676.665 mgc: 0.0001055658 ustep: 1 
iter: 4  mgc: 5.514875e-10 
iter: 1  mgc: 5.514875e-10 
outer mgc:  3.043031 
iter: 1  value: 2677.435 mgc: 7.91621 ustep: 1 
iter: 2  value: 2677.434 mgc: 0.1051076 ustep: 1 
iter: 3  value: 2677.434 mgc: 6.812278e-05 ustep: 1 
iter: 4  mgc: 4.453526e-11 
iter: 1  value: 2676.747 mgc: 1.365048 ustep: 1 
iter: 2  value: 2676.747 mgc: 0.03013084 ustep: 1 
iter: 3  value: 2676.747 mgc: 1.44421e-05 ustep: 1 
iter: 4  mgc: 3.324119e-12 
iter: 1  mgc: 3.324119e-12 
outer mgc:  3.718824 
iter: 1  value: 2675.481 mgc: 0.6850586 ustep: 1 
iter: 2  value: 2675.481 mgc: 0.0103352 ustep: 1 
iter: 3  value: 2675.481 mgc: 1.918621e-06 ustep: 1 
iter: 4  mgc: 6.594725e-14 
iter: 1  mgc: 6.594725e-14 
outer mgc:  0.7213933 
iter: 1  value: 2674.077 mgc: 0.1473316 ustep: 1 
iter: 2  value: 2674.077 mgc: 0.0002564087 ustep: 1 
iter: 3  mgc: 1.126896e-09 
iter: 1  mgc: 1.126896e-09 
outer mgc:  1.323313 
iter: 1  value: 2671.279 mgc: 0.8175263 ustep: 1 
iter: 2  value: 2671.279 mgc: 0.004601737 ustep: 1 
iter: 3  value: 2671.279 mgc: 3.006183e-07 ustep: 1 
iter: 4  mgc: 3.996803e-15 
iter: 1  mgc: 3.996803e-15 
outer mgc:  1.074094 
iter: 1  value: 2668.926 mgc: 0.9726849 ustep: 1 
iter: 2  value: 2668.926 mgc: 0.005234052 ustep: 1 
iter: 3  value: 2668.926 mgc: 2.832005e-07 ustep: 1 
iter: 4  mgc: 2.442491e-15 
iter: 1  mgc: 2.442491e-15 
outer mgc:  2.276921 
iter: 1  value: 2665.671 mgc: 0.6049731 ustep: 1 
iter: 2  value: 2665.671 mgc: 0.003119722 ustep: 1 
iter: 3  value: 2665.671 mgc: 2.551556e-07 ustep: 1 
iter: 4  mgc: 3.108624e-15 
iter: 1  mgc: 3.108624e-15 
outer mgc:  1.002438 
iter: 1  value: 2662.769 mgc: 0.557395 ustep: 1 
iter: 2  value: 2662.769 mgc: 0.001972137 ustep: 1 
iter: 3  value: 2662.769 mgc: 5.038317e-08 ustep: 1 
mgc: 2.997602e-15 
iter: 1  mgc: 2.997602e-15 
outer mgc:  1.434701 
iter: 1  value: 2659.674 mgc: 0.8015279 ustep: 1 
iter: 2  value: 2659.674 mgc: 0.003574377 ustep: 1 
iter: 3  value: 2659.674 mgc: 2.286575e-07 ustep: 1 
iter: 4  mgc: 2.664535e-15 
iter: 1  mgc: 2.664535e-15 
outer mgc:  0.7441389 
iter: 1  value: 2656.579 mgc: 0.9188245 ustep: 1 
iter: 2  value: 2656.579 mgc: 0.001811173 ustep: 1 
iter: 3  value: 2656.579 mgc: 1.005087e-08 ustep: 1 
mgc: 1.998401e-15 
iter: 1  mgc: 1.998401e-15 
outer mgc:  0.5575821 
iter: 1  value: 2653.362 mgc: 0.6969861 ustep: 1 
iter: 2  value: 2653.362 mgc: 0.0008158803 ustep: 1 
iter: 3  mgc: 7.751347e-09 
iter: 1  value: 2647.662 mgc: 1.275678 ustep: 1 
iter: 2  value: 2647.662 mgc: 0.001957179 ustep: 1 
iter: 3  value: 2647.662 mgc: 3.044394e-08 ustep: 1 
mgc: 2.775558e-15 
iter: 1  mgc: 2.775558e-15 
outer mgc:  1.368455 
iter: 1  value: 2638.599 mgc: 2.201987 ustep: 1 
iter: 2  value: 2638.599 mgc: 0.00269007 ustep: 1 
iter: 3  value: 2638.599 mgc: 3.135571e-08 ustep: 1 
mgc: 3.330669e-15 
iter: 1  mgc: 3.330669e-15 
outer mgc:  1.230534 
iter: 1  value: 2629.358 mgc: 2.248778 ustep: 1 
iter: 2  value: 2629.358 mgc: 0.001337733 ustep: 1 
iter: 3  mgc: 4.27615e-09 
iter: 1  mgc: 4.27615e-09 
outer mgc:  1.079053 
iter: 1  value: 2620.855 mgc: 2.164874 ustep: 1 
iter: 2  value: 2620.855 mgc: 0.001086659 ustep: 1 
iter: 3  mgc: 1.478693e-09 
iter: 1  value: 2627.347 mgc: 0.376217 ustep: 1 
iter: 2  value: 2627.347 mgc: 6.604374e-05 ustep: 1 
iter: 3  mgc: 8.018031e-12 
iter: 1  mgc: 8.018031e-12 
outer mgc:  0.7912495 
iter: 1  value: 2625.231 mgc: 0.5796219 ustep: 1 
iter: 2  value: 2625.231 mgc: 3.858542e-05 ustep: 1 
iter: 3  mgc: 2.761347e-12 
iter: 1  mgc: 2.761347e-12 
outer mgc:  0.6781571 
iter: 1  value: 2623.089 mgc: 0.4897122 ustep: 1 
iter: 2  value: 2623.089 mgc: 3.357128e-05 ustep: 1 
iter: 3  mgc: 1.833644e-12 
iter: 1  value: 2619.335 mgc: 0.8605142 ustep: 1 
iter: 2  value: 2619.335 mgc: 8.699315e-05 ustep: 1 
iter: 3  mgc: 9.789058e-12 
iter: 1  mgc: 9.789058e-12 
outer mgc:  0.1492521 
iter: 1  value: 2613.418 mgc: 1.44321 ustep: 1 
iter: 2  value: 2613.418 mgc: 0.0001700117 ustep: 1 
iter: 3  mgc: 2.61644e-11 
iter: 1  mgc: 2.61644e-11 
outer mgc:  0.1050554 
iter: 1  value: 2600.641 mgc: 3.655272 ustep: 1 
iter: 2  value: 2600.641 mgc: 0.0004399787 ustep: 1 
iter: 3  mgc: 8.237322e-11 
iter: 1  mgc: 8.237322e-11 
outer mgc:  0.1801859 
iter: 1  value: 2590.72 mgc: 2.632414 ustep: 1 
iter: 2  value: 2590.72 mgc: 0.0001348556 ustep: 1 
iter: 3  mgc: 4.579892e-12 
iter: 1  mgc: 4.579892e-12 
outer mgc:  0.05461734 
iter: 1  value: 2582.712 mgc: 2.049912 ustep: 1 
iter: 2  value: 2582.712 mgc: 6.171759e-05 ustep: 1 
iter: 3  mgc: 6.248335e-13 
iter: 1  mgc: 6.248335e-13 
outer mgc:  0.03229618 
iter: 1  value: 2574.71 mgc: 2.048967 ustep: 1 
iter: 2  value: 2574.71 mgc: 3.813013e-05 ustep: 1 
iter: 3  mgc: 1.567635e-13 
iter: 1  mgc: 1.567635e-13 
outer mgc:  0.01610384 
iter: 1  value: 2567.555 mgc: 1.808796 ustep: 1 
iter: 2  value: 2567.555 mgc: 2.058599e-05 ustep: 1 
iter: 3  mgc: 3.064216e-14 
iter: 1  mgc: 3.064216e-14 
outer mgc:  0.009731879 
iter: 1  value: 2562.359 mgc: 1.249543 ustep: 1 
iter: 2  value: 2562.359 mgc: 7.481074e-06 ustep: 1 
iter: 3  mgc: 3.108624e-15 
iter: 1  mgc: 3.108624e-15 
outer mgc:  0.004034041 
iter: 1  value: 2558.905 mgc: 0.8007143 ustep: 1 
iter: 2  value: 2558.905 mgc: 2.476444e-06 ustep: 1 
iter: 3  mgc: 2.220446e-15 
iter: 1  mgc: 2.220446e-15 
outer mgc:  0.003775407 
iter: 1  value: 2556.624 mgc: 0.5208986 ustep: 1 
iter: 2  value: 2556.624 mgc: 7.771368e-07 ustep: 1 
mgc: 2.442491e-15 
iter: 1  mgc: 2.442491e-15 
outer mgc:  0.003952997 
iter: 1  value: 2554.164 mgc: 0.580075 ustep: 1 
iter: 2  value: 2554.164 mgc: 5.626109e-07 ustep: 1 
mgc: 3.552714e-15 
iter: 1  mgc: 3.552714e-15 
outer mgc:  0.005676599 
iter: 1  value: 2550.639 mgc: 0.8962844 ustep: 1 
iter: 2  value: 2550.639 mgc: 4.367799e-07 ustep: 1 
mgc: 2.63678e-15 
iter: 1  mgc: 2.63678e-15 
outer mgc:  0.008650881 
iter: 1  value: 2545.142 mgc: 1.599622 ustep: 1 
iter: 2  value: 2545.142 mgc: 6.347871e-08 ustep: 1 
mgc: 1.887379e-15 
iter: 1  mgc: 1.887379e-15 
outer mgc:  0.01316361 
iter: 1  value: 2534.711 mgc: 4.025045 ustep: 1 
iter: 2  value: 2534.711 mgc: 6.823715e-06 ustep: 1 
iter: 3  mgc: 2.220446e-15 
iter: 1  mgc: 2.220446e-15 
outer mgc:  0.02122151 
iter: 1  value: 2496.494 mgc: 56.1876 ustep: 1 
iter: 2  value: 2496.494 mgc: 0.001075045 ustep: 1 
iter: 3  mgc: 4.109526e-10 
iter: 1  mgc: 4.109526e-10 
outer mgc:  0.02158122 
iter: 1  value: 2343.616 mgc: 389339.1 ustep: 1 
iter: 2  value: 2342.641 mgc: 2.382199 ustep: 1 
iter: 3  value: 2342.63 mgc: 0.2505626 ustep: 1 
iter: 4  value: 2342.63 mgc: 0.005653407 ustep: 1 
iter: 5  value: 2342.63 mgc: 3.181888e-06 ustep: 1 
iter: 6  mgc: 1.01158e-12 
iter: 1  value: 2481.404 mgc: 7.910055 ustep: 1 
iter: 2  value: 2481.404 mgc: 0.0007285364 ustep: 1 
iter: 3  mgc: 4.346909e-10 
iter: 1  mgc: 4.346909e-10 
outer mgc:  0.07508113 
iter: 1  value: 2466.245 mgc: 7.906237 ustep: 1 
iter: 2  value: 2466.245 mgc: 0.00152371 ustep: 1 
iter: 3  mgc: 4.322307e-09 
iter: 1  value: 2474.296 mgc: 2.689581 ustep: 1 
iter: 2  value: 2474.296 mgc: 0.0002769333 ustep: 1 
iter: 3  mgc: 9.181633e-11 
iter: 1  mgc: 9.181633e-11 
outer mgc:  0.07600678 
iter: 1  value: 2472.852 mgc: 0.4240285 ustep: 1 
iter: 2  value: 2472.852 mgc: 1.138421e-05 ustep: 1 
iter: 3  mgc: 1.656453e-13 
iter: 1  mgc: 1.656453e-13 
outer mgc:  0.01210352 
iter: 1  value: 2473.072 mgc: 0.06463512 ustep: 1 
iter: 2  value: 2473.072 mgc: 3.468102e-07 ustep: 1 
iter: 3  mgc: 2.664535e-15 
iter: 1  mgc: 2.664535e-15 
outer mgc:  0.001324387 
iter: 1  value: 2473.024 mgc: 0.0128569 ustep: 1 
iter: 2  mgc: 1.719846e-09 
iter: 1  mgc: 1.719846e-09 
outer mgc:  0.0001657505 
iter: 1  mgc: 1.719846e-09 
iter: 1  mgc: 1.719846e-09 
outer mgc:  0.0001657505 
iter: 1  value: 2473.024 mgc: 0.004985078 ustep: 1 
iter: 2  mgc: 2.01351e-09 
outer mgc:  0.03340881 
iter: 1  value: 2473.024 mgc: 0.004983112 ustep: 1 
iter: 2  mgc: 2.011047e-09 
outer mgc:  0.03350404 
iter: 1  value: 2473.024 mgc: 0.00219212 ustep: 1 
iter: 2  mgc: 2.635906e-10 
outer mgc:  0.01673971 
iter: 1  value: 2473.024 mgc: 0.002190751 ustep: 1 
iter: 2  mgc: 2.632878e-10 
outer mgc:  0.01677323 
iter: 1  value: 2473.023 mgc: 0.003733279 ustep: 1 
iter: 2  value: 2473.023 mgc: 1.762062e-08 ustep: 1 
mgc: 3.219647e-15 
outer mgc:  0.02199869 
iter: 1  value: 2473.024 mgc: 0.003730836 ustep: 1 
iter: 2  value: 2473.024 mgc: 1.759902e-08 ustep: 1 
mgc: 2.88658e-15 
outer mgc:  0.02174629 
iter: 1  value: 2473.024 mgc: 0.001499354 ustep: 1 
iter: 2  mgc: 3.27242e-09 
outer mgc:  0.01001823 
iter: 1  value: 2473.024 mgc: 0.001498101 ustep: 1 
iter: 2  mgc: 3.266096e-09 
outer mgc:  0.009909688 
iter: 1  value: 2473.024 mgc: 0.004698495 ustep: 1 
iter: 2  mgc: 2.564786e-09 
outer mgc:  0.03805516 
iter: 1  value: 2473.024 mgc: 0.004696684 ustep: 1 
iter: 2  mgc: 2.562481e-09 
outer mgc:  0.03816977 
iter: 1  value: 2473.024 mgc: 0.002672758 ustep: 1 
iter: 2  mgc: 6.688645e-10 
outer mgc:  0.02169825 
iter: 1  value: 2473.024 mgc: 0.002672405 ustep: 1 
iter: 2  mgc: 6.684724e-10 
outer mgc:  0.02172562 
iter: 1  value: 2473.024 mgc: 0.004301259 ustep: 1 
iter: 2  mgc: 9.12995e-10 
outer mgc:  0.03035922 
iter: 1  value: 2473.024 mgc: 0.004298341 ustep: 1 
iter: 2  mgc: 9.114127e-10 
outer mgc:  0.03056725 
iter: 1  value: 2473.024 mgc: 0.002129631 ustep: 1 
iter: 2  mgc: 2.123866e-10 
outer mgc:  0.01522502 
iter: 1  value: 2473.024 mgc: 0.002128183 ustep: 1 
iter: 2  mgc: 2.121245e-10 
outer mgc:  0.01540544 
iter: 1  value: 2473.029 mgc: 0.004123753 ustep: 1 
mgc: 1.998401e-15 
outer mgc:  0.000165767 
iter: 1  value: 2473.019 mgc: 0.004127879 ustep: 1 
mgc: 2.220446e-15 
outer mgc:  0.000165734 
iter: 1  value: 2473.028 mgc: 0.002431484 ustep: 1 
iter: 2  mgc: 7.487915e-09 
outer mgc:  0.000589944 
iter: 1  value: 2473.019 mgc: 0.002433913 ustep: 1 
iter: 2  mgc: 7.476572e-09 
outer mgc:  0.0002581198 
iter: 1  value: 2473.029 mgc: 0.002659506 ustep: 1 
mgc: 1.776357e-15 
outer mgc:  0.0001657509 
iter: 1  value: 2473.019 mgc: 0.002662167 ustep: 1 
mgc: 2.442491e-15 
outer mgc:  0.0001657501 
iter: 1  value: 2473.029 mgc: 0.002304446 ustep: 1 
mgc: 1.998401e-15 
outer mgc:  0.0001657511 
iter: 1  value: 2473.019 mgc: 0.002306751 ustep: 1 
mgc: 1.998401e-15 
outer mgc:  0.0001657499 
iter: 1  value: 2473.024 mgc: 0.003365162 ustep: 1 
iter: 2  mgc: 7.119063e-09 
outer mgc:  0.03744076 
iter: 1  value: 2473.024 mgc: 0.003362876 ustep: 1 
iter: 2  mgc: 7.104947e-09 
outer mgc:  0.03775793 
Warning message:
package ‘nnet’ was built under R version 3.6.3 
[Sun Aug 15 16:09:24 2021]
Finished job 0.
1 of 1 steps (100%) done
