Building DAG of jobs...
Using shell: /usr/bin/bash
Provided cores: 1 (use --cores to define parallelism)
Rules claiming more threads will be scaled down.
Job counts:
	count	jobs
	1	inference_simulation_TMB_multiple
	1

[Sat Aug 14 02:20:47 2021]
rule inference_simulation_TMB_multiple:
    input: ../data/assessing_models_simulation/datasets/multiple_GenerationJnorm2_10_100_10_3_0.02_NA_NA_NA_dataset0.RDS
    output: ../data/assessing_models_simulation/inference_results/TMB/nlminb/multiple_GenerationJnorm2_10_100_10_3_0.02_fullREM_NA_NA_NA_dataset0.RDS
    log: logs/inference/nlminb/simulation_GenerationJnorm2_10_100_10_3_0.02_ModelfullREM_NA_NA_NA_dataset0.log
    jobid: 0
    wildcards: optimiser=nlminb, datasetgeneration=GenerationJnorm2, n=10, nlambda=100, lmbda=10, d=3, beta_intensity=0.02, model=fullREM, fixed_beta_intercept=NA, fixed_beta_slope=NA, sdRE_input=NA, itnum=0

Rscript 2_inference_TMB/run_TMB.R --input ../data/assessing_models_simulation/datasets/multiple_GenerationJnorm2_10_100_10_3_0.02_NA_NA_NA_dataset0.RDS --output ../data/assessing_models_simulation/inference_results/TMB/nlminb/multiple_GenerationJnorm2_10_100_10_3_0.02_fullREM_NA_NA_NA_dataset0.RDS --model fullREM --optimiser nlminb
Model: fullREM 
Feature type: signatures 
Using nlminb: TRUE 
Simulation boolean: TRUE 
make: Nothing to be done for 'all'.
../data/assessing_models_simulation/datasets/multiple_GenerationJnorm2_10_100_10_3_0.02_NA_NA_NA_dataset0.RDS[1] "../data/assessing_models_simulation/datasets/multiple_GenerationJnorm2_10_100_10_3_0.02_NA_NA_NA_dataset0.RDS"
Reading file ../data/assessing_models_simulation/datasets/multiple_GenerationJnorm2_10_100_10_3_0.02_NA_NA_NA_dataset0.RDS 
Loading required package: nnet
# weights:  9 (4 variable)
initial  value 2247.760743 
final  value 2200.765186 
converged
Order of parameters:
[1] "beta"       "u_large"    "logs_sd_RE" "cov_par_RE"
Not matching template order:
[1] "beta"       "u_large"    "cov_par_RE" "logs_sd_RE"
Your parameter list has been re-ordered.
(Disable this warning with checkParameterOrder=FALSE)
Constructing atomic invpd
Constructing atomic D_lgamma
Constructing atomic invpd
Constructing atomic D_lgamma
Constructing atomic matmul
Constructing atomic invpd
Constructing atomic D_lgamma
Constructing atomic matmul
Optimizing tape... Done
iter: 1  value: 758.2787 mgc: 82.84608 ustep: 1 
iter: 2  value: 295.7872 mgc: 69.79024 ustep: 0.1336527 
iter: 3  value: 218.4929 mgc: 66.43562 ustep: 0.3656489 
iter: 4  value: 216.7634 mgc: 10.31335 ustep: 0.6047286 
iter: 5  value: 216.752 mgc: 0.857122 ustep: 0.7776652 
iter: 6  value: 216.752 mgc: 0.0134293 ustep: 0.8818651 
iter: 7  value: 216.752 mgc: 5.398752e-05 ustep: 0.9390828 
iter: 8  value: 216.752 mgc: 1.058576e-07 ustep: 0.969066 
mgc: 1.070163e-10 
iter: 1  mgc: 1.070163e-10 
Matching hessian patterns... Done
outer mgc:  25.06732 
iter: 1  value: 243.3331 mgc: 30.74472 ustep: 1 
iter: 2  value: 241.9235 mgc: 3.718178 ustep: 1 
iter: 3  value: 241.9224 mgc: 0.1571522 ustep: 1 
iter: 4  value: 241.9224 mgc: 0.0003798083 ustep: 1 
iter: 5  mgc: 2.235768e-09 
iter: 1  value: 211.6369 mgc: 9.43937 ustep: 1 
iter: 2  value: 211.6251 mgc: 0.308143 ustep: 1 
iter: 3  value: 211.6251 mgc: 0.001481141 ustep: 1 
iter: 4  value: 211.6251 mgc: 3.496217e-08 ustep: 1 
mgc: 2.625677e-14 
iter: 1  mgc: 2.625677e-14 
outer mgc:  8.836717 
iter: 1  value: 208.7039 mgc: 4.224229 ustep: 1 
iter: 2  value: 208.7037 mgc: 0.07086189 ustep: 1 
iter: 3  value: 208.7037 mgc: 7.023743e-05 ustep: 1 
iter: 4  mgc: 6.926271e-11 
iter: 1  mgc: 6.926271e-11 
outer mgc:  9.263534 
iter: 1  value: 203.7044 mgc: 9.834832 ustep: 1 
iter: 2  value: 203.6905 mgc: 0.3352148 ustep: 1 
iter: 3  value: 203.6905 mgc: 0.001611951 ustep: 1 
iter: 4  value: 203.6905 mgc: 3.796699e-08 ustep: 1 
mgc: 2.287059e-14 
iter: 1  mgc: 2.287059e-14 
outer mgc:  15.01898 
iter: 1  value: 203.4997 mgc: 11.74697 ustep: 1 
iter: 2  value: 203.4229 mgc: 1.529497 ustep: 1 
iter: 3  value: 203.4229 mgc: 0.02095938 ustep: 1 
iter: 4  value: 203.4229 mgc: 3.95542e-06 ustep: 1 
iter: 5  mgc: 1.447731e-13 
iter: 1  value: 200.9114 mgc: 9.490055 ustep: 1 
iter: 2  value: 200.902 mgc: 0.5108285 ustep: 1 
iter: 3  value: 200.902 mgc: 0.002919209 ustep: 1 
iter: 4  value: 200.902 mgc: 9.674169e-08 ustep: 1 
mgc: 2.420286e-14 
iter: 1  mgc: 2.420286e-14 
outer mgc:  15.38707 
iter: 1  value: 200.6363 mgc: 21.77763 ustep: 1 
iter: 2  value: 200.1231 mgc: 2.863555 ustep: 1 
iter: 3  value: 200.123 mgc: 0.06525428 ustep: 1 
iter: 4  value: 200.123 mgc: 3.646502e-05 ustep: 1 
iter: 5  mgc: 1.144507e-11 
iter: 1  mgc: 1.144507e-11 
outer mgc:  10.0501 
iter: 1  value: 199.3342 mgc: 22.14704 ustep: 1 
iter: 2  value: 199.1344 mgc: 1.907813 ustep: 1 
iter: 3  value: 199.1344 mgc: 0.02848351 ustep: 1 
iter: 4  value: 199.1344 mgc: 8.646868e-06 ustep: 1 
iter: 5  mgc: 8.033574e-13 
iter: 1  mgc: 8.033574e-13 
outer mgc:  6.718155 
iter: 1  value: 200.1407 mgc: 20.10358 ustep: 1 
iter: 2  value: 200.0722 mgc: 1.055666 ustep: 1 
iter: 3  value: 200.0722 mgc: 0.01179747 ustep: 1 
iter: 4  value: 200.0722 mgc: 1.509224e-06 ustep: 1 
iter: 5  mgc: 1.776357e-14 
iter: 1  value: 197.9392 mgc: 8.680186 ustep: 1 
iter: 2  value: 197.9363 mgc: 0.2168598 ustep: 1 
iter: 3  value: 197.9363 mgc: 0.0005070902 ustep: 1 
iter: 4  mgc: 2.757896e-09 
iter: 1  mgc: 2.757896e-09 
outer mgc:  2.239086 
iter: 1  value: 198.029 mgc: 3.739608 ustep: 1 
iter: 2  value: 198.0289 mgc: 0.03769842 ustep: 1 
iter: 3  value: 198.0289 mgc: 9.187172e-06 ustep: 1 
iter: 4  mgc: 2.164935e-13 
iter: 1  value: 198.3223 mgc: 4.817351 ustep: 1 
iter: 2  value: 198.3219 mgc: 0.05551005 ustep: 1 
iter: 3  value: 198.3219 mgc: 2.203869e-05 ustep: 1 
iter: 4  mgc: 5.953016e-12 
iter: 1  value: 197.8983 mgc: 1.171862 ustep: 1 
iter: 2  value: 197.8983 mgc: 0.003612712 ustep: 1 
iter: 3  value: 197.8983 mgc: 8.414441e-08 ustep: 1 
mgc: 1.598721e-14 
iter: 1  mgc: 1.598721e-14 
outer mgc:  0.8618632 
iter: 1  value: 197.8731 mgc: 0.244353 ustep: 1 
iter: 2  value: 197.8731 mgc: 0.0003953199 ustep: 1 
iter: 3  mgc: 1.665572e-09 
iter: 1  mgc: 1.665572e-09 
outer mgc:  0.875385 
iter: 1  value: 197.833 mgc: 0.6586276 ustep: 1 
iter: 2  value: 197.833 mgc: 0.001492776 ustep: 1 
iter: 3  value: 197.833 mgc: 1.127706e-08 ustep: 1 
mgc: 2.04281e-14 
iter: 1  mgc: 2.04281e-14 
outer mgc:  1.055162 
iter: 1  value: 197.7706 mgc: 0.6970726 ustep: 1 
iter: 2  value: 197.7706 mgc: 0.001345843 ustep: 1 
iter: 3  mgc: 7.63278e-09 
iter: 1  mgc: 7.63278e-09 
outer mgc:  0.9839571 
iter: 1  value: 197.7388 mgc: 0.4497903 ustep: 1 
iter: 2  value: 197.7388 mgc: 0.002488871 ustep: 1 
iter: 3  value: 197.7388 mgc: 7.75611e-08 ustep: 1 
mgc: 1.554312e-14 
iter: 1  mgc: 1.554312e-14 
outer mgc:  0.8445076 
iter: 1  value: 197.7694 mgc: 2.316891 ustep: 1 
iter: 2  value: 197.7694 mgc: 0.0209554 ustep: 1 
iter: 3  value: 197.7694 mgc: 4.723353e-06 ustep: 1 
iter: 4  mgc: 2.43805e-13 
iter: 1  value: 197.7439 mgc: 1.381993 ustep: 1 
iter: 2  value: 197.7439 mgc: 0.006524666 ustep: 1 
iter: 3  value: 197.7439 mgc: 3.599209e-07 ustep: 1 
iter: 4  mgc: 1.665335e-14 
iter: 1  value: 197.7276 mgc: 0.8287376 ustep: 1 
iter: 2  value: 197.7276 mgc: 0.00239992 ustep: 1 
iter: 3  value: 197.7276 mgc: 7.229863e-08 ustep: 1 
mgc: 1.731948e-14 
iter: 1  mgc: 1.731948e-14 
outer mgc:  0.859643 
iter: 1  value: 197.7185 mgc: 0.5611724 ustep: 1 
iter: 2  value: 197.7185 mgc: 0.000934305 ustep: 1 
iter: 3  mgc: 9.92391e-09 
iter: 1  mgc: 9.92391e-09 
outer mgc:  0.528665 
iter: 1  value: 197.7109 mgc: 0.0918544 ustep: 1 
iter: 2  value: 197.7109 mgc: 5.335544e-05 ustep: 1 
iter: 3  mgc: 5.285572e-11 
iter: 1  value: 197.706 mgc: 0.1294133 ustep: 1 
iter: 2  value: 197.706 mgc: 9.313477e-05 ustep: 1 
iter: 3  mgc: 3.242184e-11 
iter: 1  mgc: 3.242184e-11 
outer mgc:  0.2797591 
iter: 1  value: 197.7262 mgc: 0.6533574 ustep: 1 
iter: 2  value: 197.7262 mgc: 0.001592673 ustep: 1 
iter: 3  value: 197.7262 mgc: 2.029006e-08 ustep: 1 
mgc: 2.353673e-14 
iter: 1  value: 197.7102 mgc: 0.2617161 ustep: 1 
iter: 2  value: 197.7102 mgc: 0.000254307 ustep: 1 
iter: 3  mgc: 4.478502e-10 
iter: 1  mgc: 4.478502e-10 
outer mgc:  0.1049909 
iter: 1  value: 197.7085 mgc: 0.3552548 ustep: 1 
iter: 2  value: 197.7085 mgc: 0.000936502 ustep: 1 
iter: 3  mgc: 7.213102e-09 
iter: 1  value: 197.7088 mgc: 0.1700393 ustep: 1 
iter: 2  value: 197.7088 mgc: 0.0001790287 ustep: 1 
iter: 3  mgc: 2.588602e-10 
iter: 1  mgc: 2.588602e-10 
outer mgc:  0.05990448 
iter: 1  value: 197.7048 mgc: 0.1413332 ustep: 1 
iter: 2  value: 197.7048 mgc: 5.929652e-05 ustep: 1 
iter: 3  mgc: 7.845524e-11 
iter: 1  value: 197.7071 mgc: 0.06775737 ustep: 1 
iter: 2  value: 197.7071 mgc: 1.356837e-05 ustep: 1 
iter: 3  mgc: 3.577583e-12 
iter: 1  mgc: 3.577583e-12 
outer mgc:  0.04727221 
iter: 1  value: 197.708 mgc: 0.02783868 ustep: 1 
iter: 2  value: 197.708 mgc: 6.481456e-06 ustep: 1 
iter: 3  mgc: 3.407274e-13 
iter: 1  mgc: 3.407274e-13 
outer mgc:  0.01285843 
iter: 1  value: 197.7073 mgc: 0.01608477 ustep: 1 
iter: 2  value: 197.7073 mgc: 4.907138e-07 ustep: 1 
iter: 3  mgc: 2.442491e-14 
iter: 1  mgc: 2.442491e-14 
outer mgc:  0.01240887 
iter: 1  value: 197.7077 mgc: 0.008563912 ustep: 1 
iter: 2  value: 197.7077 mgc: 1.940943e-07 ustep: 1 
iter: 3  mgc: 1.64313e-14 
iter: 1  mgc: 1.64313e-14 
outer mgc:  0.004563247 
iter: 1  value: 197.7076 mgc: 0.003912993 ustep: 1 
iter: 2  value: 197.7076 mgc: 8.658383e-08 ustep: 1 
mgc: 1.04361e-14 
iter: 1  mgc: 1.04361e-14 
outer mgc:  0.001665858 
iter: 1  value: 197.7076 mgc: 0.001026404 ustep: 1 
iter: 2  mgc: 6.703869e-09 
iter: 1  mgc: 6.703869e-09 
outer mgc:  9.51451e-05 
iter: 1  value: 197.7076 mgc: 1.947258e-05 ustep: 1 
iter: 2  mgc: 2.124301e-12 
iter: 1  mgc: 2.124301e-12 
outer mgc:  1.254187e-05 
iter: 1  value: 197.7076 mgc: 5.40538e-06 ustep: 1 
iter: 2  mgc: 1.518785e-13 
iter: 1  mgc: 1.518785e-13 
outer mgc:  2.251503e-06 
iter: 1  mgc: 1.518785e-13 
iter: 1  mgc: 1.518785e-13 
outer mgc:  2.251503e-06 
iter: 1  value: 197.7076 mgc: 0.05118098 ustep: 1 
iter: 2  value: 197.7076 mgc: 9.84548e-06 ustep: 1 
iter: 3  mgc: 8.002488e-13 
outer mgc:  0.02347667 
iter: 1  value: 197.7078 mgc: 0.05118079 ustep: 1 
iter: 2  value: 197.7078 mgc: 9.853521e-06 ustep: 1 
iter: 3  mgc: 8.144596e-13 
outer mgc:  0.02347682 
iter: 1  value: 197.7076 mgc: 0.02721129 ustep: 1 
iter: 2  value: 197.7076 mgc: 2.618467e-06 ustep: 1 
iter: 3  mgc: 6.417089e-14 
outer mgc:  0.09080597 
iter: 1  value: 197.7078 mgc: 0.02721025 ustep: 1 
iter: 2  value: 197.7078 mgc: 2.6178e-06 ustep: 1 
iter: 3  mgc: 5.884182e-14 
outer mgc:  0.09080004 
iter: 1  value: 197.7077 mgc: 0.05435993 ustep: 1 
iter: 2  value: 197.7077 mgc: 8.433276e-06 ustep: 1 
iter: 3  mgc: 7.61613e-13 
outer mgc:  0.02709665 
iter: 1  value: 197.7076 mgc: 0.05435248 ustep: 1 
iter: 2  value: 197.7076 mgc: 8.438381e-06 ustep: 1 
iter: 3  mgc: 7.678302e-13 
outer mgc:  0.02709678 
iter: 1  value: 197.7078 mgc: 0.03142329 ustep: 1 
iter: 2  value: 197.7078 mgc: 2.643297e-06 ustep: 1 
iter: 3  mgc: 7.549517e-14 
outer mgc:  0.1173157 
iter: 1  value: 197.7076 mgc: 0.0314201 ustep: 1 
iter: 2  value: 197.7076 mgc: 2.642633e-06 ustep: 1 
iter: 3  mgc: 6.439294e-14 
outer mgc:  0.1173131 
iter: 1  value: 197.7071 mgc: 0.003042426 ustep: 1 
iter: 2  value: 197.7071 mgc: 6.521552e-08 ustep: 1 
mgc: 1.709743e-14 
outer mgc:  0.006520656 
iter: 1  value: 197.7082 mgc: 0.003040003 ustep: 1 
iter: 2  value: 197.7082 mgc: 6.511335e-08 ustep: 1 
mgc: 2.531308e-14 
outer mgc:  0.006522284 
iter: 1  value: 197.7085 mgc: 0.006349803 ustep: 1 
iter: 2  value: 197.7085 mgc: 1.863561e-07 ustep: 1 
iter: 3  mgc: 2.131628e-14 
outer mgc:  0.02517625 
iter: 1  value: 197.7068 mgc: 0.006363124 ustep: 1 
iter: 2  value: 197.7068 mgc: 1.869795e-07 ustep: 1 
iter: 3  mgc: 3.68594e-14 
outer mgc:  0.02521834 
iter: 1  value: 197.7084 mgc: 0.008185852 ustep: 1 
iter: 2  value: 197.7084 mgc: 7.113341e-07 ustep: 1 
iter: 3  mgc: 2.131628e-14 
outer mgc:  0.02481914 
iter: 1  value: 197.707 mgc: 0.008203995 ustep: 1 
iter: 2  value: 197.707 mgc: 7.140351e-07 ustep: 1 
iter: 3  mgc: 1.310063e-14 
outer mgc:  0.02486316 
[Sat Aug 14 02:20:50 2021]
Finished job 0.
1 of 1 steps (100%) done
