Building DAG of jobs...
Using shell: /usr/bin/bash
Provided cores: 1 (use --cores to define parallelism)
Rules claiming more threads will be scaled down.
Job counts:
	count	jobs
	1	inference_simulation_TMB_multiple
	1

[Sun Aug 15 21:56:40 2021]
rule inference_simulation_TMB_multiple:
    input: ../data/assessing_models_simulation/datasets/multiple_GenerationJnorm3_100_100_80_5_0.1_NA_NA_NA_dataset0.RDS
    output: ../data/assessing_models_simulation/inference_results/TMB/nlminb/multiple_GenerationJnorm3_100_100_80_5_0.1_diagREDM_NA_NA_NA_dataset0.RDS
    log: logs/inference/nlminb/simulation_GenerationJnorm3_100_100_80_5_0.1_ModeldiagREDM_NA_NA_NA_dataset0.log
    jobid: 0
    wildcards: optimiser=nlminb, datasetgeneration=GenerationJnorm3, n=100, nlambda=100, lmbda=80, d=5, beta_intensity=0.1, model=diagREDM, fixed_beta_intercept=NA, fixed_beta_slope=NA, sdRE_input=NA, itnum=0

Rscript 2_inference_TMB/run_TMB.R --input ../data/assessing_models_simulation/datasets/multiple_GenerationJnorm3_100_100_80_5_0.1_NA_NA_NA_dataset0.RDS --output ../data/assessing_models_simulation/inference_results/TMB/nlminb/multiple_GenerationJnorm3_100_100_80_5_0.1_diagREDM_NA_NA_NA_dataset0.RDS --model diagREDM --optimiser nlminb
Model: diagREDM 
Feature type: signatures 
Using nlminb: TRUE 
Simulation boolean: TRUE 
make: Nothing to be done for 'all'.
../data/assessing_models_simulation/datasets/multiple_GenerationJnorm3_100_100_80_5_0.1_NA_NA_NA_dataset0.RDS[1] "../data/assessing_models_simulation/datasets/multiple_GenerationJnorm3_100_100_80_5_0.1_NA_NA_NA_dataset0.RDS"
Reading file ../data/assessing_models_simulation/datasets/multiple_GenerationJnorm3_100_100_80_5_0.1_NA_NA_NA_dataset0.RDS 
Loading required package: nnet
# weights:  15 (8 variable)
initial  value 31990.797385 
iter  10 value 28973.670198
final  value 28691.131774 
converged
Constructing atomic invpd
Constructing atomic D_lgamma
Constructing atomic invpd
Constructing atomic D_lgamma
Constructing atomic matmul
Constructing atomic invpd
Constructing atomic D_lgamma
Constructing atomic matmul
Optimizing tape... Done
iter: 1  value: 34783.74 mgc: 122.5358 ustep: 1 
iter: 2  value: 30186.24 mgc: 100.8694 ustep: 0.03652751 
iter: 3  value: 29023.97 mgc: 129.4922 ustep: 0.01072415 
iter: 4  value: 28376.6 mgc: 120.6681 ustep: 0.05323554 
iter: 5  value: 28121.97 mgc: 30.82202 ustep: 0.1229502 
iter: 6  value: 28031.39 mgc: 129.4856 ustep: 0.1941937 
iter: 7  value: 27776.65 mgc: 63.55075 ustep: 0.0830838 
iter: 8  value: 27499.39 mgc: 108.9557 ustep: 0.07577668 
iter: 9  value: 27298.31 mgc: 84.03591 ustep: 0.05599616 
iter: 10  value: 27265.21 mgc: 50.05653 ustep: 0.2367114 
iter: 11  value: 27263.31 mgc: 2.965812 ustep: 0.4865813 
iter: 12  value: 27263.11 mgc: 0.3925448 ustep: 0.6975841 
iter: 13  value: 27263.09 mgc: 0.1017181 ustep: 0.8352315 
iter: 14  value: 27263.09 mgc: 0.01450321 ustep: 0.9139186 
iter: 15  value: 27263.09 mgc: 0.001345795 ustep: 0.9559953 
iter: 16  value: 27263.09 mgc: 6.625167e-05 ustep: 0.9777523 
iter: 17  value: 27263.09 mgc: 1.699703e-06 ustep: 0.9888147 
iter: 18  value: 27263.09 mgc: 2.216308e-08 ustep: 0.9943922 
iter: 19  mgc: 1.453485e-10 
iter: 1  mgc: 1.453485e-10 
Matching hessian patterns... Done
outer mgc:  444.8793 
iter: 1  value: 27355.28 mgc: 32.93539 ustep: 1 
iter: 2  value: 27341.3 mgc: 5.048249 ustep: 1 
iter: 3  value: 27341.29 mgc: 0.1911812 ustep: 1 
iter: 4  value: 27341.29 mgc: 0.0006824045 ustep: 1 
iter: 5  value: 27341.29 mgc: 1.38285e-08 ustep: 1 
mgc: 8.93019e-12 
iter: 1  value: 27154.23 mgc: 14.39857 ustep: 1 
iter: 2  value: 27153.79 mgc: 0.9763381 ustep: 1 
iter: 3  value: 27153.79 mgc: 0.008410453 ustep: 1 
iter: 4  value: 27153.79 mgc: 8.116508e-07 ustep: 1 
iter: 5  mgc: 9.57967e-12 
iter: 1  mgc: 9.57967e-12 
outer mgc:  133.4348 
iter: 1  value: 27146.85 mgc: 17.13972 ustep: 1 
iter: 2  value: 27145.45 mgc: 1.362709 ustep: 1 
iter: 3  value: 27145.45 mgc: 0.02789374 ustep: 1 
iter: 4  value: 27145.45 mgc: 1.835821e-05 ustep: 1 
iter: 5  mgc: 1.370004e-11 
iter: 1  mgc: 1.370004e-11 
outer mgc:  217.3736 
iter: 1  value: 27095.81 mgc: 11.89538 ustep: 1 
iter: 2  value: 27095.26 mgc: 0.7043901 ustep: 1 
iter: 3  value: 27095.26 mgc: 0.008238445 ustep: 1 
iter: 4  value: 27095.26 mgc: 1.316738e-06 ustep: 1 
iter: 5  mgc: 7.929157e-12 
iter: 1  mgc: 7.929157e-12 
outer mgc:  80.05443 
iter: 1  value: 27062.4 mgc: 13.52209 ustep: 1 
iter: 2  value: 27061.31 mgc: 0.9129822 ustep: 1 
iter: 3  value: 27061.31 mgc: 0.0134992 ustep: 1 
iter: 4  value: 27061.31 mgc: 4.36074e-06 ustep: 1 
iter: 5  mgc: 8.952089e-12 
iter: 1  mgc: 8.952089e-12 
outer mgc:  86.2402 
iter: 1  value: 27031.18 mgc: 12.21956 ustep: 1 
iter: 2  value: 27029.92 mgc: 1.093065 ustep: 1 
iter: 3  value: 27029.92 mgc: 0.01133762 ustep: 1 
iter: 4  value: 27029.92 mgc: 1.615454e-06 ustep: 0.8994163 
iter: 5  value: 27029.92 mgc: 2.110629e-08 ustep: 0.772724 
iter: 6  mgc: 1.975033e-09 
iter: 1  mgc: 1.975033e-09 
outer mgc:  91.22226 
iter: 1  value: 27002.58 mgc: 22.83304 ustep: 1 
iter: 2  value: 26991.45 mgc: 4.000547 ustep: 1 
iter: 3  value: 26991.42 mgc: 0.1851543 ustep: 1 
iter: 4  value: 26991.42 mgc: 0.0007949241 ustep: 1 
iter: 5  value: 26991.42 mgc: 2.476302e-08 ustep: 0.989901 
mgc: 2.194739e-11 
iter: 1  mgc: 2.194739e-11 
outer mgc:  135.7717 
iter: 1  value: 26934.68 mgc: 16.20969 ustep: 1 
iter: 2  value: 26921.89 mgc: 3.7742 ustep: 1 
iter: 3  value: 26921.87 mgc: 0.1484676 ustep: 1 
iter: 4  value: 26921.87 mgc: 0.0005060727 ustep: 1 
iter: 5  mgc: 5.943967e-09 
iter: 1  mgc: 5.943967e-09 
outer mgc:  62.96815 
iter: 1  value: 26905.94 mgc: 13.71871 ustep: 1 
iter: 2  value: 26905.6 mgc: 0.6562294 ustep: 1 
iter: 3  value: 26905.6 mgc: 0.005036772 ustep: 1 
iter: 4  value: 26905.6 mgc: 5.928901e-07 ustep: 1 
iter: 5  mgc: 1.05212e-11 
iter: 1  mgc: 1.05212e-11 
outer mgc:  139.6643 
iter: 1  value: 26866.56 mgc: 16.98332 ustep: 1 
iter: 2  value: 26864.16 mgc: 1.757251 ustep: 1 
iter: 3  value: 26864.16 mgc: 0.03711752 ustep: 1 
iter: 4  value: 26864.16 mgc: 2.911973e-05 ustep: 1 
iter: 5  mgc: 1.889844e-11 
iter: 1  mgc: 1.889844e-11 
outer mgc:  119.8572 
iter: 1  value: 26978 mgc: 35.23355 ustep: 1 
iter: 2  value: 26960.57 mgc: 6.723359 ustep: 1 
iter: 3  value: 26960.56 mgc: 0.2447764 ustep: 1 
iter: 4  value: 26960.56 mgc: 0.001082433 ustep: 1 
iter: 5  value: 26960.56 mgc: 2.154866e-08 ustep: 1 
mgc: 5.111911e-12 
iter: 1  value: 26858.14 mgc: 6.692902 ustep: 1 
iter: 2  value: 26858.12 mgc: 0.1326708 ustep: 1 
iter: 3  value: 26858.12 mgc: 0.0001250824 ustep: 0.9999 
iter: 4  mgc: 8.86934e-10 
iter: 1  mgc: 8.86934e-10 
outer mgc:  75.32772 
iter: 1  value: 26853.03 mgc: 5.737612 ustep: 1 
iter: 2  value: 26853.02 mgc: 0.1224865 ustep: 1 
iter: 3  value: 26853.02 mgc: 0.0002694508 ustep: 1 
iter: 4  mgc: 1.508297e-09 
iter: 1  mgc: 1.508297e-09 
outer mgc:  33.95245 
iter: 1  value: 26850.86 mgc: 4.977352 ustep: 1 
iter: 2  value: 26850.85 mgc: 0.0765822 ustep: 1 
iter: 3  value: 26850.85 mgc: 6.253413e-05 ustep: 1 
iter: 4  mgc: 7.397816e-11 
iter: 1  mgc: 7.397816e-11 
outer mgc:  11.44345 
iter: 1  value: 26849.93 mgc: 5.545452 ustep: 1 
iter: 2  value: 26849.93 mgc: 0.09718542 ustep: 1 
iter: 3  value: 26849.93 mgc: 0.000103148 ustep: 0.9999 
iter: 4  mgc: 4.739236e-10 
iter: 1  value: 26849.99 mgc: 3.469006 ustep: 1 
iter: 2  value: 26849.99 mgc: 0.03456345 ustep: 1 
iter: 3  value: 26849.99 mgc: 1.255622e-05 ustep: 1 
iter: 4  mgc: 5.519585e-12 
iter: 1  mgc: 5.519585e-12 
outer mgc:  6.459964 
iter: 1  value: 26849.93 mgc: 1.618631 ustep: 1 
iter: 2  value: 26849.93 mgc: 0.00935285 ustep: 1 
iter: 3  value: 26849.93 mgc: 8.565904e-07 ustep: 0.6827823 
iter: 4  value: 26849.93 mgc: 1.554994e-08 ustep: 0.8263238 
mgc: 5.54661e-10 
iter: 1  mgc: 5.54661e-10 
outer mgc:  21.82261 
iter: 1  value: 26849.6 mgc: 1.239212 ustep: 1 
iter: 2  value: 26849.6 mgc: 0.005329718 ustep: 1 
iter: 3  value: 26849.6 mgc: 2.517132e-07 ustep: 0.989901 
iter: 4  mgc: 1.824829e-10 
iter: 1  mgc: 1.824829e-10 
outer mgc:  10.95023 
iter: 1  value: 26849.44 mgc: 1.167534 ustep: 1 
iter: 2  value: 26849.44 mgc: 0.005213323 ustep: 1 
iter: 3  value: 26849.44 mgc: 3.574677e-07 ustep: 1 
iter: 4  mgc: 3.865797e-12 
iter: 1  mgc: 3.865797e-12 
outer mgc:  2.608829 
iter: 1  value: 26849.94 mgc: 1.284262 ustep: 1 
iter: 2  value: 26849.94 mgc: 0.01140816 ustep: 1 
iter: 3  value: 26849.94 mgc: 1.728972e-06 ustep: 0.989901 
iter: 4  mgc: 9.361898e-10 
iter: 1  value: 26849.39 mgc: 0.2862743 ustep: 1 
iter: 2  value: 26849.39 mgc: 0.0005819744 ustep: 1 
iter: 3  mgc: 4.469371e-09 
iter: 1  mgc: 4.469371e-09 
outer mgc:  6.379741 
iter: 1  value: 26849.36 mgc: 0.3506855 ustep: 1 
iter: 2  value: 26849.36 mgc: 0.0003195554 ustep: 1 
iter: 3  mgc: 9.045638e-10 
iter: 1  mgc: 9.045638e-10 
outer mgc:  3.238835 
iter: 1  value: 26849.37 mgc: 0.244021 ustep: 1 
iter: 2  value: 26849.37 mgc: 0.0002506743 ustep: 1 
iter: 3  mgc: 5.086629e-10 
iter: 1  mgc: 5.086629e-10 
outer mgc:  4.14078 
iter: 1  value: 26849.33 mgc: 0.123099 ustep: 1 
iter: 2  value: 26849.33 mgc: 4.638332e-05 ustep: 1 
iter: 3  mgc: 1.549783e-11 
iter: 1  value: 26849.34 mgc: 0.3658802 ustep: 1 
iter: 2  value: 26849.34 mgc: 0.0005180674 ustep: 1 
iter: 3  mgc: 3.126951e-09 
iter: 1  value: 26849.58 mgc: 1.452432 ustep: 1 
iter: 2  value: 26849.58 mgc: 0.008031075 ustep: 1 
iter: 3  value: 26849.58 mgc: 7.58415e-07 ustep: 1 
iter: 4  mgc: 2.777334e-12 
iter: 1  value: 26852.54 mgc: 5.355626 ustep: 1 
iter: 2  value: 26852.53 mgc: 0.110068 ustep: 1 
iter: 3  value: 26852.53 mgc: 0.0001480232 ustep: 1 
iter: 4  mgc: 6.750986e-10 
iter: 1  mgc: 6.750986e-10 
outer mgc:  41.94728 
iter: 1  value: 28236.4 mgc: 7.336865 ustep: 1 
iter: 2  value: 28225.76 mgc: 2.203289 ustep: 1 
iter: 3  value: 28225.7 mgc: 0.3516905 ustep: 1 
iter: 4  value: 28225.7 mgc: 0.00305391 ustep: 1 
iter: 5  value: 28225.7 mgc: 9.156374e-07 ustep: 1 
iter: 6  mgc: 8.248957e-14 
iter: 1  value: 26844.87 mgc: 2.4991 ustep: 1 
iter: 2  value: 26844.87 mgc: 0.05849878 ustep: 1 
iter: 3  value: 26844.87 mgc: 9.506046e-05 ustep: 1 
iter: 4  mgc: 2.527516e-10 
iter: 1  mgc: 2.527516e-10 
outer mgc:  19.53271 
iter: 1  value: 26858.51 mgc: 3.531121 ustep: 1 
iter: 2  value: 26858.49 mgc: 0.1820506 ustep: 1 
iter: 3  value: 26858.49 mgc: 0.00137023 ustep: 1 
iter: 4  value: 26858.49 mgc: 1.271411e-07 ustep: 1 
iter: 5  mgc: 1.070255e-13 
iter: 1  value: 27803.21 mgc: 5.704058 ustep: 1 
iter: 2  value: 27800.05 mgc: 1.339588 ustep: 1 
iter: 3  value: 27800.04 mgc: 0.06728481 ustep: 1 
iter: 4  value: 27800.04 mgc: 0.0003881783 ustep: 1 
iter: 5  value: 27800.04 mgc: 1.324761e-08 ustep: 1 
mgc: 1.44329e-15 
iter: 1  mgc: 1.070255e-13 
outer mgc:  47.85625 
iter: 1  value: 27186.34 mgc: 18.23726 ustep: 1 
iter: 2  value: 27033.83 mgc: 15.25253 ustep: 1 
iter: 3  value: 27032.63 mgc: 1.535511 ustep: 1 
iter: 4  value: 27032.63 mgc: 0.06632275 ustep: 1 
iter: 5  value: 27032.63 mgc: 0.0001618683 ustep: 1 
iter: 6  mgc: 9.510268e-10 
iter: 1  value: 26859.87 mgc: 5.843073 ustep: 1 
iter: 2  value: 26859.8 mgc: 0.2412206 ustep: 1 
iter: 3  value: 26859.8 mgc: 0.001000139 ustep: 1 
iter: 4  value: 26859.8 mgc: 3.120323e-08 ustep: 1 
mgc: 8.082424e-14 
iter: 1  mgc: 8.082424e-14 
outer mgc:  25.57978 
iter: 1  value: 26863.14 mgc: 5.801972 ustep: 1 
iter: 2  value: 26863.04 mgc: 0.3144666 ustep: 1 
iter: 3  value: 26863.04 mgc: 0.001431807 ustep: 1 
iter: 4  value: 26863.04 mgc: 9.158394e-08 ustep: 1 
iter: 5  mgc: 6.594725e-14 
iter: 1  value: 26857.22 mgc: 1.388626 ustep: 1 
iter: 2  value: 26857.22 mgc: 0.02025718 ustep: 1 
iter: 3  value: 26857.22 mgc: 8.709256e-06 ustep: 1 
iter: 4  mgc: 1.740552e-12 
iter: 1  mgc: 1.740552e-12 
outer mgc:  22.32452 
iter: 1  value: 26858.05 mgc: 2.444997 ustep: 1 
iter: 2  value: 26858.04 mgc: 0.06032469 ustep: 1 
iter: 3  value: 26858.04 mgc: 7.137785e-05 ustep: 1 
iter: 4  mgc: 1.640488e-10 
iter: 1  mgc: 1.640488e-10 
outer mgc:  30.79091 
iter: 1  value: 26858.85 mgc: 1.485311 ustep: 1 
iter: 2  value: 26858.85 mgc: 0.03223048 ustep: 1 
iter: 3  value: 26858.85 mgc: 2.740692e-05 ustep: 1 
iter: 4  mgc: 2.002221e-11 
iter: 1  mgc: 2.002221e-11 
outer mgc:  17.03515 
iter: 1  value: 26860.8 mgc: 3.912133 ustep: 1 
iter: 2  value: 26860.79 mgc: 0.149961 ustep: 1 
iter: 3  value: 26860.79 mgc: 0.000306044 ustep: 1 
iter: 4  mgc: 1.679334e-09 
iter: 1  mgc: 1.679334e-09 
outer mgc:  27.57279 
iter: 1  value: 26862.72 mgc: 2.171533 ustep: 1 
iter: 2  value: 26862.72 mgc: 0.09321644 ustep: 1 
iter: 3  value: 26862.72 mgc: 0.000375332 ustep: 1 
iter: 4  mgc: 6.161427e-09 
iter: 1  mgc: 6.161427e-09 
outer mgc:  16.23965 
iter: 1  value: 26861.87 mgc: 2.488893 ustep: 1 
iter: 2  value: 26861.86 mgc: 0.09066508 ustep: 1 
iter: 3  value: 26861.86 mgc: 0.0002204314 ustep: 1 
iter: 4  mgc: 1.335273e-09 
iter: 1  mgc: 1.335273e-09 
outer mgc:  26.49168 
iter: 1  value: 26862.17 mgc: 2.163716 ustep: 1 
iter: 2  value: 26862.17 mgc: 0.0473419 ustep: 1 
iter: 3  value: 26862.17 mgc: 5.962229e-05 ustep: 1 
iter: 4  mgc: 1.169698e-10 
iter: 1  mgc: 1.169698e-10 
outer mgc:  29.66449 
iter: 1  value: 26860.97 mgc: 1.289852 ustep: 1 
iter: 2  value: 26860.97 mgc: 0.01004195 ustep: 1 
iter: 3  value: 26860.97 mgc: 1.87294e-06 ustep: 1 
iter: 4  mgc: 7.971401e-14 
iter: 1  mgc: 7.971401e-14 
outer mgc:  12.35897 
iter: 1  value: 26863.48 mgc: 0.5030971 ustep: 1 
iter: 2  value: 26863.48 mgc: 0.005598973 ustep: 1 
iter: 3  value: 26863.48 mgc: 1.498818e-06 ustep: 1 
iter: 4  mgc: 1.016964e-13 
iter: 1  mgc: 1.016964e-13 
outer mgc:  11.20994 
iter: 1  value: 26857.92 mgc: 1.02683 ustep: 1 
iter: 2  value: 26857.92 mgc: 0.01910227 ustep: 1 
iter: 3  value: 26857.92 mgc: 1.557262e-05 ustep: 1 
iter: 4  mgc: 1.023048e-11 
iter: 1  value: 26861.92 mgc: 0.6942761 ustep: 1 
iter: 2  value: 26861.92 mgc: 0.009154196 ustep: 1 
iter: 3  value: 26861.92 mgc: 4.274314e-06 ustep: 1 
iter: 4  mgc: 9.254819e-13 
iter: 1  mgc: 9.254819e-13 
outer mgc:  9.814723 
iter: 1  value: 26859.75 mgc: 0.5780386 ustep: 1 
iter: 2  value: 26859.75 mgc: 0.003992766 ustep: 1 
iter: 3  value: 26859.75 mgc: 2.809077e-07 ustep: 1 
iter: 4  mgc: 4.796163e-14 
iter: 1  mgc: 4.796163e-14 
outer mgc:  9.813078 
iter: 1  value: 26859.4 mgc: 0.7670266 ustep: 1 
iter: 2  value: 26859.4 mgc: 0.00476194 ustep: 1 
iter: 3  value: 26859.4 mgc: 3.719422e-07 ustep: 1 
iter: 4  mgc: 4.772571e-14 
iter: 1  mgc: 4.772571e-14 
outer mgc:  6.544317 
iter: 1  value: 26857.69 mgc: 0.231365 ustep: 1 
iter: 2  value: 26857.69 mgc: 0.001545065 ustep: 1 
iter: 3  value: 26857.69 mgc: 2.88628e-08 ustep: 1 
mgc: 4.884981e-14 
iter: 1  mgc: 4.884981e-14 
outer mgc:  1.25074 
iter: 1  value: 26856.74 mgc: 0.3356006 ustep: 1 
iter: 2  value: 26856.74 mgc: 0.002869245 ustep: 1 
iter: 3  value: 26856.74 mgc: 2.601202e-07 ustep: 1 
iter: 4  mgc: 4.662937e-14 
iter: 1  value: 26857.35 mgc: 0.09705338 ustep: 1 
iter: 2  value: 26857.35 mgc: 0.0002118719 ustep: 1 
iter: 3  mgc: 1.399271e-09 
iter: 1  mgc: 1.399271e-09 
outer mgc:  2.962399 
iter: 1  value: 26857.26 mgc: 0.1449764 ustep: 1 
iter: 2  value: 26857.26 mgc: 0.000226123 ustep: 1 
iter: 3  mgc: 1.295143e-09 
iter: 1  mgc: 1.295143e-09 
outer mgc:  2.028333 
iter: 1  value: 26857.13 mgc: 0.1377011 ustep: 1 
iter: 2  value: 26857.13 mgc: 0.0002418832 ustep: 1 
iter: 3  mgc: 2.952175e-09 
iter: 1  mgc: 2.952175e-09 
outer mgc:  1.79568 
iter: 1  value: 26857.07 mgc: 0.128534 ustep: 1 
iter: 2  value: 26857.07 mgc: 0.0001677286 ustep: 1 
iter: 3  mgc: 1.087128e-09 
iter: 1  mgc: 1.087128e-09 
outer mgc:  1.123977 
iter: 1  value: 26856.83 mgc: 0.1298385 ustep: 1 
iter: 2  value: 26856.83 mgc: 0.0005542537 ustep: 1 
iter: 3  value: 26856.83 mgc: 1.606509e-08 ustep: 1 
mgc: 4.962697e-14 
iter: 1  mgc: 4.962697e-14 
outer mgc:  0.919568 
iter: 1  value: 26856.67 mgc: 0.1505059 ustep: 1 
iter: 2  value: 26856.67 mgc: 0.000427101 ustep: 1 
iter: 3  mgc: 6.076233e-09 
iter: 1  mgc: 6.076233e-09 
outer mgc:  1.238556 
iter: 1  value: 26856.56 mgc: 0.1140844 ustep: 1 
iter: 2  value: 26856.56 mgc: 0.0003451431 ustep: 1 
iter: 3  mgc: 2.219209e-09 
iter: 1  mgc: 2.219209e-09 
outer mgc:  2.305115 
iter: 1  value: 26856.4 mgc: 0.1432002 ustep: 1 
iter: 2  value: 26856.4 mgc: 0.0005539711 ustep: 1 
iter: 3  value: 26856.4 mgc: 1.572941e-08 ustep: 1 
mgc: 4.751755e-14 
iter: 1  mgc: 4.751755e-14 
outer mgc:  2.034015 
iter: 1  value: 26856.4 mgc: 0.1207119 ustep: 1 
iter: 2  value: 26856.4 mgc: 0.0001486316 ustep: 1 
iter: 3  mgc: 3.800578e-10 
iter: 1  mgc: 3.800578e-10 
outer mgc:  0.3937828 
iter: 1  value: 26856.27 mgc: 0.1335602 ustep: 1 
iter: 2  value: 26856.27 mgc: 0.0001844581 ustep: 1 
iter: 3  mgc: 8.17471e-10 
iter: 1  value: 26856.34 mgc: 0.05600562 ustep: 1 
iter: 2  value: 26856.34 mgc: 3.228733e-05 ustep: 1 
iter: 3  mgc: 2.504441e-11 
iter: 1  mgc: 2.504441e-11 
outer mgc:  0.3970032 
iter: 1  value: 26856.32 mgc: 0.03493389 ustep: 1 
iter: 2  value: 26856.32 mgc: 1.216796e-05 ustep: 1 
iter: 3  mgc: 3.112621e-12 
iter: 1  mgc: 3.112621e-12 
outer mgc:  0.4799196 
iter: 1  value: 26856.33 mgc: 0.0262556 ustep: 1 
iter: 2  value: 26856.33 mgc: 5.764105e-06 ustep: 1 
iter: 3  mgc: 7.802647e-13 
iter: 1  mgc: 7.802647e-13 
outer mgc:  0.2118546 
iter: 1  value: 26856.26 mgc: 0.01222645 ustep: 1 
iter: 2  value: 26856.26 mgc: 5.959116e-06 ustep: 1 
iter: 3  mgc: 5.346834e-13 
iter: 1  mgc: 5.346834e-13 
outer mgc:  0.2813465 
iter: 1  value: 26856.14 mgc: 0.02195995 ustep: 1 
iter: 2  value: 26856.14 mgc: 1.788399e-05 ustep: 1 
iter: 3  mgc: 7.623235e-12 
iter: 1  mgc: 7.623235e-12 
outer mgc:  0.2064797 
iter: 1  value: 26856.08 mgc: 0.03168414 ustep: 1 
iter: 2  value: 26856.08 mgc: 3.608329e-05 ustep: 1 
iter: 3  mgc: 6.106382e-11 
iter: 1  mgc: 6.106382e-11 
outer mgc:  0.4125744 
iter: 1  value: 26856.16 mgc: 0.04351116 ustep: 1 
iter: 2  value: 26856.16 mgc: 2.617649e-05 ustep: 1 
iter: 3  mgc: 2.587375e-11 
iter: 1  mgc: 2.587375e-11 
outer mgc:  0.1166834 
iter: 1  value: 26856.06 mgc: 0.02811809 ustep: 1 
iter: 2  value: 26856.06 mgc: 1.398306e-05 ustep: 1 
iter: 3  mgc: 7.981171e-12 
iter: 1  mgc: 7.981171e-12 
outer mgc:  0.183733 
iter: 1  value: 26855.97 mgc: 0.02146761 ustep: 1 
iter: 2  value: 26855.97 mgc: 1.168859e-05 ustep: 1 
iter: 3  mgc: 7.096546e-12 
iter: 1  mgc: 7.096546e-12 
outer mgc:  0.1427524 
iter: 1  value: 26855.96 mgc: 0.02139757 ustep: 1 
iter: 2  value: 26855.96 mgc: 6.196418e-06 ustep: 1 
iter: 3  mgc: 1.231903e-12 
iter: 1  mgc: 1.231903e-12 
outer mgc:  0.06506239 
iter: 1  value: 26856 mgc: 0.0168668 ustep: 1 
iter: 2  value: 26856 mgc: 4.292126e-06 ustep: 1 
iter: 3  mgc: 5.140333e-13 
iter: 1  value: 26855.99 mgc: 0.01632409 ustep: 1 
iter: 2  value: 26855.99 mgc: 3.826193e-06 ustep: 1 
iter: 3  mgc: 4.147793e-13 
iter: 1  mgc: 4.147793e-13 
outer mgc:  0.1954571 
iter: 1  value: 26856.02 mgc: 0.0092797 ustep: 1 
iter: 2  value: 26856.02 mgc: 1.567214e-06 ustep: 1 
iter: 3  mgc: 1.29674e-13 
iter: 1  mgc: 1.29674e-13 
outer mgc:  0.03294767 
iter: 1  value: 26856 mgc: 0.006775258 ustep: 1 
iter: 2  value: 26856 mgc: 1.953937e-06 ustep: 1 
iter: 3  mgc: 2.016165e-13 
iter: 1  value: 26856.01 mgc: 0.006046819 ustep: 1 
iter: 2  value: 26856.01 mgc: 9.051112e-07 ustep: 1 
iter: 3  mgc: 5.107026e-14 
iter: 1  value: 26856.01 mgc: 0.003445044 ustep: 1 
iter: 2  value: 26856.01 mgc: 2.064904e-07 ustep: 1 
iter: 3  mgc: 5.123679e-14 
iter: 1  mgc: 5.123679e-14 
outer mgc:  0.06306667 
iter: 1  value: 26856.01 mgc: 0.002388808 ustep: 1 
iter: 2  value: 26856.01 mgc: 8.006299e-08 ustep: 1 
iter: 3  mgc: 3.68594e-14 
iter: 1  mgc: 3.68594e-14 
outer mgc:  0.01532977 
iter: 1  value: 26856.01 mgc: 0.001745082 ustep: 1 
iter: 2  value: 26856.01 mgc: 4.013438e-08 ustep: 1 
mgc: 4.72955e-14 
iter: 1  mgc: 4.72955e-14 
outer mgc:  0.0128353 
iter: 1  value: 26856 mgc: 0.001510425 ustep: 1 
iter: 2  value: 26856 mgc: 4.81843e-08 ustep: 1 
iter: 3  mgc: 4.285461e-14 
iter: 1  mgc: 4.285461e-14 
outer mgc:  0.01713545 
iter: 1  value: 26856 mgc: 0.001470978 ustep: 1 
iter: 2  value: 26856 mgc: 8.76313e-08 ustep: 1 
iter: 3  mgc: 4.92939e-14 
iter: 1  mgc: 4.92939e-14 
outer mgc:  0.006312666 
iter: 1  value: 26856 mgc: 0.001728385 ustep: 1 
iter: 2  value: 26856 mgc: 4.812961e-08 ustep: 1 
iter: 3  mgc: 4.307665e-14 
iter: 1  mgc: 4.92939e-14 
iter: 1  mgc: 4.92939e-14 
outer mgc:  0.006312666 
iter: 1  value: 26856 mgc: 0.01288187 ustep: 1 
iter: 2  value: 26856 mgc: 4.352427e-06 ustep: 1 
iter: 3  mgc: 5.000445e-13 
outer mgc:  0.2092838 
iter: 1  value: 26856.01 mgc: 0.01286861 ustep: 1 
iter: 2  value: 26856.01 mgc: 4.358543e-06 ustep: 1 
iter: 3  mgc: 5.013767e-13 
outer mgc:  0.204084 
iter: 1  value: 26856 mgc: 0.005754803 ustep: 1 
iter: 2  value: 26856 mgc: 1.146314e-06 ustep: 1 
iter: 3  mgc: 6.838974e-14 
outer mgc:  0.2196821 
iter: 1  value: 26856.01 mgc: 0.005749687 ustep: 1 
iter: 2  value: 26856.01 mgc: 1.146234e-06 ustep: 1 
iter: 3  mgc: 6.128431e-14 
outer mgc:  0.2322021 
iter: 1  value: 26856.01 mgc: 0.02153745 ustep: 1 
iter: 2  value: 26856.01 mgc: 4.265678e-06 ustep: 1 
iter: 3  mgc: 3.492762e-13 
outer mgc:  0.2629004 
iter: 1  value: 26856 mgc: 0.02153345 ustep: 1 
iter: 2  value: 26856 mgc: 4.274771e-06 ustep: 1 
iter: 3  mgc: 3.552714e-13 
outer mgc:  0.2743204 
iter: 1  value: 26856 mgc: 0.01078813 ustep: 1 
iter: 2  value: 26856 mgc: 1.15147e-06 ustep: 1 
iter: 3  mgc: 4.52971e-14 
outer mgc:  0.4438064 
iter: 1  value: 26856 mgc: 0.01078738 ustep: 1 
iter: 2  value: 26856 mgc: 1.151913e-06 ustep: 1 
iter: 3  mgc: 5.698827e-14 
outer mgc:  0.4504414 
iter: 1  value: 26856 mgc: 0.01955291 ustep: 1 
iter: 2  value: 26856 mgc: 5.030535e-06 ustep: 1 
iter: 3  mgc: 8.082424e-13 
outer mgc:  0.1380791 
iter: 1  value: 26856.01 mgc: 0.019549 ustep: 1 
iter: 2  value: 26856.01 mgc: 5.03992e-06 ustep: 1 
iter: 3  mgc: 8.042456e-13 
outer mgc:  0.1311251 
iter: 1  value: 26856 mgc: 0.00898104 ustep: 1 
iter: 2  value: 26856 mgc: 1.342034e-06 ustep: 1 
iter: 3  mgc: 6.727952e-14 
outer mgc:  0.1775484 
iter: 1  value: 26856.01 mgc: 0.008979161 ustep: 1 
iter: 2  value: 26856.01 mgc: 1.342188e-06 ustep: 1 
iter: 3  mgc: 6.57252e-14 
outer mgc:  0.170958 
iter: 1  value: 26856.01 mgc: 0.02119491 ustep: 1 
iter: 2  value: 26856.01 mgc: 4.609344e-06 ustep: 1 
iter: 3  mgc: 3.668177e-13 
outer mgc:  0.239267 
iter: 1  value: 26856 mgc: 0.02119444 ustep: 1 
iter: 2  value: 26856 mgc: 4.619117e-06 ustep: 1 
iter: 3  mgc: 3.863576e-13 
outer mgc:  0.2451069 
iter: 1  value: 26856.01 mgc: 0.01039577 ustep: 1 
iter: 2  value: 26856.01 mgc: 1.429435e-06 ustep: 1 
iter: 3  mgc: 4.996004e-14 
outer mgc:  0.4944712 
iter: 1  value: 26856 mgc: 0.01039514 ustep: 1 
iter: 2  value: 26856 mgc: 1.430961e-06 ustep: 1 
iter: 3  mgc: 4.674039e-14 
outer mgc:  0.4864418 
iter: 1  value: 26856.02 mgc: 0.004048695 ustep: 1 
iter: 2  value: 26856.02 mgc: 5.615021e-07 ustep: 1 
iter: 3  mgc: 4.440892e-14 
outer mgc:  0.02126788 
iter: 1  value: 26855.98 mgc: 0.004052746 ustep: 1 
iter: 2  value: 26855.98 mgc: 5.616884e-07 ustep: 1 
iter: 3  mgc: 4.92939e-14 
outer mgc:  0.01532445 
iter: 1  value: 26856.02 mgc: 0.004659338 ustep: 1 
iter: 2  value: 26856.02 mgc: 3.688554e-07 ustep: 1 
iter: 3  mgc: 4.515832e-14 
outer mgc:  0.02634203 
iter: 1  value: 26855.99 mgc: 0.004664 ustep: 1 
iter: 2  value: 26855.99 mgc: 3.691061e-07 ustep: 1 
iter: 3  mgc: 4.972411e-14 
outer mgc:  0.02076309 
iter: 1  value: 26856.02 mgc: 0.003293972 ustep: 1 
iter: 2  value: 26856.02 mgc: 2.60455e-07 ustep: 1 
iter: 3  mgc: 5.162537e-14 
outer mgc:  0.02420663 
iter: 1  value: 26855.99 mgc: 0.003297268 ustep: 1 
iter: 2  value: 26855.99 mgc: 2.606069e-07 ustep: 1 
iter: 3  mgc: 4.72955e-14 
outer mgc:  0.02161281 
iter: 1  value: 26856.01 mgc: 0.005227972 ustep: 1 
iter: 2  value: 26856.01 mgc: 3.035661e-07 ustep: 1 
iter: 3  mgc: 5.684342e-14 
outer mgc:  0.02487516 
iter: 1  value: 26855.99 mgc: 0.005233202 ustep: 1 
iter: 2  value: 26855.99 mgc: 3.038641e-07 ustep: 1 
iter: 3  mgc: 5.040413e-14 
outer mgc:  0.03104607 
iter: 1  value: 26855.97 mgc: 0.003501339 ustep: 1 
iter: 2  value: 26855.97 mgc: 3.677891e-07 ustep: 1 
iter: 3  mgc: 4.400473e-14 
outer mgc:  0.02981777 
iter: 1  value: 26856.04 mgc: 0.003500592 ustep: 1 
iter: 2  value: 26856.04 mgc: 3.67433e-07 ustep: 1 
iter: 3  mgc: 3.708145e-14 
outer mgc:  0.03253164 
iter: 1  value: 26855.97 mgc: 0.003472143 ustep: 1 
iter: 2  value: 26855.97 mgc: 2.605562e-07 ustep: 1 
iter: 3  mgc: 4.796163e-14 
outer mgc:  0.0368955 
iter: 1  value: 26856.04 mgc: 0.003471663 ustep: 1 
iter: 2  value: 26856.04 mgc: 2.603656e-07 ustep: 1 
iter: 3  mgc: 4.42979e-14 
outer mgc:  0.03597169 
[Sun Aug 15 21:56:47 2021]
Finished job 0.
1 of 1 steps (100%) done
