Building DAG of jobs...
Using shell: /usr/bin/bash
Provided cores: 1 (use --cores to define parallelism)
Rules claiming more threads will be scaled down.
Job counts:
	count	jobs
	1	inference_simulation_TMB_multiple
	1

[Sat Aug 14 00:03:19 2021]
rule inference_simulation_TMB_multiple:
    input: ../data/assessing_models_simulation/datasets/multiple_GenerationJnorm3_50_100_80_3_2_NA_NA_NA_dataset1.RDS
    output: ../data/assessing_models_simulation/inference_results/TMB/nlminb/multiple_GenerationJnorm3_50_100_80_3_2_diagREDM_NA_NA_NA_dataset1.RDS
    log: logs/inference/nlminb/simulation_GenerationJnorm3_50_100_80_3_2_ModeldiagREDM_NA_NA_NA_dataset1.log
    jobid: 0
    wildcards: optimiser=nlminb, datasetgeneration=GenerationJnorm3, n=50, nlambda=100, lmbda=80, d=3, beta_intensity=2, model=diagREDM, fixed_beta_intercept=NA, fixed_beta_slope=NA, sdRE_input=NA, itnum=1

Rscript 2_inference_TMB/run_TMB.R --input ../data/assessing_models_simulation/datasets/multiple_GenerationJnorm3_50_100_80_3_2_NA_NA_NA_dataset1.RDS --output ../data/assessing_models_simulation/inference_results/TMB/nlminb/multiple_GenerationJnorm3_50_100_80_3_2_diagREDM_NA_NA_NA_dataset1.RDS --model diagREDM --optimiser nlminb
Model: diagREDM 
Feature type: signatures 
Using nlminb: TRUE 
Simulation boolean: TRUE 
make: Nothing to be done for 'all'.
../data/assessing_models_simulation/datasets/multiple_GenerationJnorm3_50_100_80_3_2_NA_NA_NA_dataset1.RDS[1] "../data/assessing_models_simulation/datasets/multiple_GenerationJnorm3_50_100_80_3_2_NA_NA_NA_dataset1.RDS"
Reading file ../data/assessing_models_simulation/datasets/multiple_GenerationJnorm3_50_100_80_3_2_NA_NA_NA_dataset1.RDS 
Loading required package: nnet
# weights:  9 (4 variable)
initial  value 10945.474232 
iter  10 value 9048.422916
iter  10 value 9048.422913
final  value 9048.422913 
converged
Constructing atomic invpd
Constructing atomic D_lgamma
Constructing atomic invpd
Constructing atomic D_lgamma
Constructing atomic matmul
Constructing atomic invpd
Constructing atomic D_lgamma
Constructing atomic matmul
Optimizing tape... Done
iter: 1  value: 16355.26 mgc: 106.0138 ustep: 1 
iter: 2  value: 13562.5 mgc: 81.38723 ustep: 0.03421081 
iter: 3  value: 12833.27 mgc: 47.12256 ustep: 0.03728561 
iter: 4  value: 12316.53 mgc: 56.75465 ustep: 0.03495355 
iter: 5  value: 11833.3 mgc: 62.71913 ustep: 0.04078983 
iter: 6  value: 11634.74 mgc: 56.20015 ustep: 0.03408654 
iter: 7  value: 11451.06 mgc: 28.54557 ustep: 0.1847069 
iter: 8  value: 11415.43 mgc: 38.67725 ustep: 0.4298325 
iter: 9  value: 11413.47 mgc: 7.774796 ustep: 0.6556505 
iter: 10  value: 11413.44 mgc: 0.898203 ustep: 0.8097415 
iter: 11  value: 11413.44 mgc: 0.02512864 ustep: 0.8998664 
iter: 12  value: 11413.44 mgc: 0.0001641839 ustep: 0.948618 
iter: 13  value: 11413.44 mgc: 5.022008e-07 ustep: 0.9739728 
iter: 14  mgc: 7.729659e-10 
iter: 1  mgc: 7.729659e-10 
Matching hessian patterns... Done
outer mgc:  1693.264 
iter: 1  value: 9902.981 mgc: 32.26439 ustep: 1 
iter: 2  value: 9864.752 mgc: 11.32005 ustep: 1 
iter: 3  value: 9864.56 mgc: 1.33901 ustep: 1 
iter: 4  value: 9864.56 mgc: 0.02925272 ustep: 1 
iter: 5  value: 9864.56 mgc: 1.503664e-05 ustep: 1 
iter: 6  mgc: 8.49934e-12 
iter: 1  value: 9019.842 mgc: 53.46447 ustep: 1 
iter: 2  value: 8829.202 mgc: 25.8958 ustep: 1 
iter: 3  value: 8826.973 mgc: 2.506543 ustep: 1 
iter: 4  value: 8826.972 mgc: 0.07416782 ustep: 1 
iter: 5  value: 8826.972 mgc: 8.606352e-05 ustep: 1 
iter: 6  mgc: 1.790572e-10 
iter: 1  mgc: 1.790572e-10 
outer mgc:  214.8895 
iter: 1  value: 9091.444 mgc: 42.07486 ustep: 1 
iter: 2  value: 9082.238 mgc: 4.650093 ustep: 1 
iter: 3  value: 9082.215 mgc: 0.3993698 ustep: 1 
iter: 4  value: 9082.215 mgc: 0.003935709 ustep: 1 
iter: 5  value: 9082.215 mgc: 3.940978e-07 ustep: 1 
iter: 6  mgc: 6.250667e-12 
iter: 1  value: 8752.058 mgc: 19.10523 ustep: 1 
iter: 2  value: 8751.396 mgc: 1.260145 ustep: 1 
iter: 3  value: 8751.396 mgc: 0.021308 ustep: 1 
iter: 4  value: 8751.396 mgc: 1.251481e-05 ustep: 1 
iter: 5  mgc: 7.583961e-12 
iter: 1  mgc: 7.583961e-12 
outer mgc:  138.8295 
iter: 1  value: 8754.495 mgc: 17.42877 ustep: 1 
iter: 2  value: 8749.94 mgc: 3.727731 ustep: 1 
iter: 3  value: 8749.936 mgc: 0.1227373 ustep: 1 
iter: 4  value: 8749.936 mgc: 0.0004079589 ustep: 1 
iter: 5  mgc: 4.762926e-09 
iter: 1  mgc: 4.762926e-09 
outer mgc:  178.5023 
iter: 1  value: 8703.485 mgc: 16.39117 ustep: 1 
iter: 2  value: 8703.368 mgc: 0.7267749 ustep: 1 
iter: 3  value: 8703.368 mgc: 0.001756657 ustep: 1 
iter: 4  value: 8703.368 mgc: 7.191203e-08 ustep: 1 
mgc: 6.536993e-12 
iter: 1  mgc: 6.536993e-12 
outer mgc:  33.46894 
iter: 1  value: 8730.579 mgc: 14.9199 ustep: 1 
iter: 2  value: 8729.031 mgc: 2.063649 ustep: 1 
iter: 3  value: 8729.03 mgc: 0.08429147 ustep: 1 
iter: 4  value: 8729.03 mgc: 0.0001863199 ustep: 1 
iter: 5  mgc: 9.151986e-10 
iter: 1  value: 8695.958 mgc: 5.220467 ustep: 1 
iter: 2  value: 8695.944 mgc: 0.1835656 ustep: 1 
iter: 3  value: 8695.944 mgc: 0.0007618742 ustep: 1 
iter: 4  value: 8695.944 mgc: 1.556047e-08 ustep: 1 
mgc: 5.569767e-12 
iter: 1  mgc: 5.569767e-12 
outer mgc:  29.68427 
iter: 1  value: 8689.897 mgc: 7.080974 ustep: 1 
iter: 2  value: 8689.895 mgc: 0.09351553 ustep: 1 
iter: 3  value: 8689.895 mgc: 2.044259e-05 ustep: 1 
iter: 4  mgc: 9.364953e-12 
iter: 1  mgc: 9.364953e-12 
outer mgc:  50.19916 
iter: 1  value: 8681.185 mgc: 4.687993 ustep: 1 
iter: 2  value: 8681.174 mgc: 0.1659693 ustep: 1 
iter: 3  value: 8681.174 mgc: 0.0004397509 ustep: 1 
iter: 4  mgc: 5.041338e-09 
iter: 1  mgc: 5.041338e-09 
outer mgc:  11.96802 
iter: 1  value: 8671.751 mgc: 4.239574 ustep: 1 
iter: 2  value: 8671.751 mgc: 0.02960586 ustep: 1 
iter: 3  value: 8671.751 mgc: 6.096506e-06 ustep: 1 
iter: 4  mgc: 5.154099e-12 
iter: 1  mgc: 5.154099e-12 
outer mgc:  32.29915 
iter: 1  value: 8674.224 mgc: 15.67377 ustep: 1 
iter: 2  value: 8674.125 mgc: 0.8068209 ustep: 1 
iter: 3  value: 8674.125 mgc: 0.0027665 ustep: 1 
iter: 4  value: 8674.125 mgc: 8.351075e-08 ustep: 1 
mgc: 5.650147e-12 
iter: 1  value: 8670.513 mgc: 6.860247 ustep: 1 
iter: 2  value: 8670.508 mgc: 0.1006522 ustep: 1 
iter: 3  value: 8670.508 mgc: 8.789605e-05 ustep: 1 
iter: 4  mgc: 1.78817e-10 
iter: 1  mgc: 1.78817e-10 
outer mgc:  20.99467 
iter: 1  value: 8669.529 mgc: 10.02652 ustep: 1 
iter: 2  value: 8669.517 mgc: 0.2206955 ustep: 1 
iter: 3  value: 8669.517 mgc: 0.0004328953 ustep: 1 
iter: 4  mgc: 2.982435e-09 
iter: 1  mgc: 2.982435e-09 
outer mgc:  8.884949 
iter: 1  value: 8674.699 mgc: 2.38774 ustep: 1 
iter: 2  value: 8674.699 mgc: 0.02294559 ustep: 1 
iter: 3  value: 8674.699 mgc: 2.358239e-06 ustep: 1 
iter: 4  mgc: 5.066891e-12 
iter: 1  value: 8669.043 mgc: 0.4299321 ustep: 1 
iter: 2  value: 8669.043 mgc: 0.0007038069 ustep: 1 
iter: 3  mgc: 2.259075e-09 
iter: 1  mgc: 2.259075e-09 
outer mgc:  6.485088 
iter: 1  value: 8668.909 mgc: 2.011811 ustep: 1 
iter: 2  value: 8668.909 mgc: 0.01566024 ustep: 1 
iter: 3  value: 8668.909 mgc: 1.994617e-06 ustep: 1 
iter: 4  mgc: 5.538459e-12 
iter: 1  mgc: 5.538459e-12 
outer mgc:  7.282806 
iter: 1  value: 8668.387 mgc: 0.8366243 ustep: 1 
iter: 2  value: 8668.387 mgc: 0.004266228 ustep: 1 
iter: 3  value: 8668.387 mgc: 1.91022e-07 ustep: 1 
iter: 4  mgc: 6.157741e-12 
iter: 1  mgc: 6.157741e-12 
outer mgc:  3.863981 
iter: 1  value: 8667.869 mgc: 1.817488 ustep: 1 
iter: 2  value: 8667.868 mgc: 0.02777624 ustep: 1 
iter: 3  value: 8667.868 mgc: 4.898222e-06 ustep: 1 
iter: 4  mgc: 5.857759e-12 
iter: 1  mgc: 5.857759e-12 
outer mgc:  6.400845 
iter: 1  value: 8667.383 mgc: 3.333038 ustep: 1 
iter: 2  value: 8667.38 mgc: 0.07685173 ustep: 1 
iter: 3  value: 8667.38 mgc: 6.290421e-05 ustep: 1 
iter: 4  mgc: 8.545431e-11 
iter: 1  mgc: 8.545431e-11 
outer mgc:  3.670479 
iter: 1  value: 8667.425 mgc: 2.30135 ustep: 1 
iter: 2  value: 8667.425 mgc: 0.007137435 ustep: 1 
iter: 3  value: 8667.425 mgc: 2.649496e-07 ustep: 1 
iter: 4  mgc: 3.642087e-12 
iter: 1  value: 8667.556 mgc: 2.449661 ustep: 1 
iter: 2  value: 8667.555 mgc: 0.01637398 ustep: 1 
iter: 3  value: 8667.555 mgc: 1.951737e-06 ustep: 1 
iter: 4  mgc: 6.306067e-12 
iter: 1  value: 8667.297 mgc: 0.5029066 ustep: 1 
iter: 2  value: 8667.297 mgc: 0.0007073512 ustep: 1 
iter: 3  mgc: 3.634222e-09 
iter: 1  mgc: 3.634222e-09 
outer mgc:  1.628875 
iter: 1  value: 8667.291 mgc: 0.1422094 ustep: 1 
iter: 2  value: 8667.291 mgc: 5.895443e-05 ustep: 1 
iter: 3  mgc: 1.669509e-11 
iter: 1  mgc: 1.669509e-11 
outer mgc:  1.498135 
iter: 1  value: 8667.23 mgc: 0.3353078 ustep: 1 
iter: 2  value: 8667.23 mgc: 0.0001524423 ustep: 1 
iter: 3  mgc: 1.897902e-10 
iter: 1  mgc: 1.897902e-10 
outer mgc:  1.796261 
iter: 1  value: 8667.218 mgc: 0.2097429 ustep: 1 
iter: 2  value: 8667.218 mgc: 0.0002792021 ustep: 1 
iter: 3  mgc: 4.869281e-10 
iter: 1  value: 8667.189 mgc: 0.2120334 ustep: 1 
iter: 2  value: 8667.189 mgc: 0.0002213385 ustep: 1 
iter: 3  mgc: 4.055718e-10 
iter: 1  value: 8667.167 mgc: 0.7322795 ustep: 1 
iter: 2  value: 8667.167 mgc: 0.00271748 ustep: 1 
iter: 3  value: 8667.167 mgc: 5.945266e-08 ustep: 1 
mgc: 4.382106e-12 
iter: 1  mgc: 4.382106e-12 
outer mgc:  1.893352 
iter: 1  value: 8666.912 mgc: 0.4774679 ustep: 1 
iter: 2  value: 8666.912 mgc: 0.000558796 ustep: 1 
iter: 3  mgc: 1.516806e-09 
iter: 1  value: 8666.34 mgc: 1.290957 ustep: 1 
iter: 2  value: 8666.34 mgc: 0.01040111 ustep: 1 
iter: 3  value: 8666.34 mgc: 1.836192e-06 ustep: 1 
iter: 4  mgc: 1.085465e-12 
iter: 1  value: 8672.591 mgc: 6.366571 ustep: 1 
iter: 2  value: 8672.572 mgc: 0.2954725 ustep: 1 
iter: 3  value: 8672.572 mgc: 0.002153026 ustep: 1 
iter: 4  value: 8672.572 mgc: 1.250289e-07 ustep: 1 
iter: 5  mgc: 1.532108e-13 
iter: 1  mgc: 1.532108e-13 
outer mgc:  14.21209 
iter: 1  value: 8665.713 mgc: 9.802638 ustep: 1 
iter: 2  value: 8665.689 mgc: 0.4196206 ustep: 1 
iter: 3  value: 8665.689 mgc: 0.002021135 ustep: 1 
iter: 4  value: 8665.689 mgc: 5.008571e-08 ustep: 1 
mgc: 2.762235e-13 
iter: 1  value: 8666.294 mgc: 3.735238 ustep: 1 
iter: 2  value: 8666.293 mgc: 0.07498671 ustep: 1 
iter: 3  value: 8666.293 mgc: 7.375637e-05 ustep: 1 
iter: 4  mgc: 7.258816e-11 
iter: 1  mgc: 7.258816e-11 
outer mgc:  10.86452 
iter: 1  value: 8666.925 mgc: 3.974738 ustep: 1 
iter: 2  value: 8666.912 mgc: 0.1652568 ustep: 1 
iter: 3  value: 8666.912 mgc: 0.0004208506 ustep: 1 
iter: 4  mgc: 2.745618e-09 
iter: 1  mgc: 2.745618e-09 
outer mgc:  9.201975 
iter: 1  value: 8669.121 mgc: 0.9392806 ustep: 1 
iter: 2  value: 8669.121 mgc: 0.01524619 ustep: 1 
iter: 3  value: 8669.121 mgc: 7.064896e-06 ustep: 1 
iter: 4  mgc: 1.409317e-12 
iter: 1  value: 8682.045 mgc: 3.708851 ustep: 1 
iter: 2  value: 8682.029 mgc: 0.2705397 ustep: 1 
iter: 3  value: 8682.029 mgc: 0.002430576 ustep: 1 
iter: 4  value: 8682.029 mgc: 2.015001e-07 ustep: 1 
iter: 5  mgc: 6.394885e-14 
iter: 1  mgc: 6.394885e-14 
outer mgc:  13.83883 
iter: 1  value: 8673.091 mgc: 3.257856 ustep: 1 
iter: 2  value: 8673.078 mgc: 0.3581179 ustep: 1 
iter: 3  value: 8673.078 mgc: 0.002989443 ustep: 1 
iter: 4  value: 8673.078 mgc: 2.140082e-07 ustep: 1 
iter: 5  mgc: 4.352074e-14 
iter: 1  mgc: 4.352074e-14 
outer mgc:  5.677522 
iter: 1  value: 8676.547 mgc: 1.6907 ustep: 1 
iter: 2  value: 8676.546 mgc: 0.07938821 ustep: 1 
iter: 3  value: 8676.546 mgc: 7.603041e-05 ustep: 1 
iter: 4  mgc: 1.624523e-10 
iter: 1  mgc: 1.624523e-10 
outer mgc:  2.870979 
iter: 1  value: 8678.043 mgc: 1.367289 ustep: 1 
iter: 2  value: 8678.043 mgc: 0.04171773 ustep: 1 
iter: 3  value: 8678.043 mgc: 1.962303e-05 ustep: 1 
iter: 4  mgc: 9.487078e-12 
iter: 1  mgc: 9.487078e-12 
outer mgc:  2.302209 
iter: 1  value: 8676.543 mgc: 0.72587 ustep: 1 
iter: 2  value: 8676.543 mgc: 0.009460392 ustep: 1 
iter: 3  value: 8676.543 mgc: 1.975565e-06 ustep: 1 
iter: 4  mgc: 1.174616e-13 
iter: 1  mgc: 1.174616e-13 
outer mgc:  0.6679639 
iter: 1  value: 8676.561 mgc: 0.2799496 ustep: 1 
iter: 2  value: 8676.561 mgc: 0.000737048 ustep: 1 
iter: 3  mgc: 7.136174e-09 
iter: 1  mgc: 7.136174e-09 
outer mgc:  0.4689422 
iter: 1  value: 8676.639 mgc: 0.1797258 ustep: 1 
iter: 2  value: 8676.639 mgc: 0.0005206813 ustep: 1 
iter: 3  mgc: 5.507396e-09 
iter: 1  mgc: 5.507396e-09 
outer mgc:  0.4526348 
iter: 1  value: 8676.638 mgc: 0.06519295 ustep: 1 
iter: 2  value: 8676.638 mgc: 8.442685e-05 ustep: 1 
iter: 3  mgc: 1.629594e-10 
iter: 1  mgc: 1.629594e-10 
outer mgc:  0.1470656 
iter: 1  value: 8676.679 mgc: 0.01573078 ustep: 1 
iter: 2  value: 8676.679 mgc: 5.031056e-06 ustep: 1 
iter: 3  mgc: 7.147061e-13 
iter: 1  mgc: 7.147061e-13 
outer mgc:  0.04128756 
iter: 1  value: 8676.686 mgc: 0.004838736 ustep: 1 
iter: 2  value: 8676.686 mgc: 3.143148e-07 ustep: 1 
iter: 3  mgc: 4.218847e-14 
iter: 1  mgc: 4.218847e-14 
outer mgc:  0.01548279 
iter: 1  value: 8676.683 mgc: 0.0007313993 ustep: 1 
iter: 2  value: 8676.683 mgc: 1.169371e-08 ustep: 1 
mgc: 3.297362e-14 
iter: 1  mgc: 3.297362e-14 
outer mgc:  0.006106073 
iter: 1  value: 8676.681 mgc: 0.0004246622 ustep: 1 
iter: 2  mgc: 2.120466e-09 
iter: 1  mgc: 2.120466e-09 
outer mgc:  0.0005481172 
iter: 1  mgc: 2.120466e-09 
iter: 1  mgc: 2.120466e-09 
outer mgc:  0.0005481172 
iter: 1  value: 8676.678 mgc: 0.01442177 ustep: 1 
iter: 2  value: 8676.678 mgc: 4.09725e-06 ustep: 1 
iter: 3  mgc: 3.517187e-13 
outer mgc:  0.1256336 
iter: 1  value: 8676.684 mgc: 0.01440923 ustep: 1 
iter: 2  value: 8676.684 mgc: 4.103885e-06 ustep: 1 
iter: 3  mgc: 3.645972e-13 
outer mgc:  0.1263885 
iter: 1  value: 8676.678 mgc: 0.008593571 ustep: 1 
iter: 2  value: 8676.678 mgc: 1.53009e-06 ustep: 1 
iter: 3  mgc: 5.77316e-14 
outer mgc:  0.1548847 
iter: 1  value: 8676.684 mgc: 0.00858522 ustep: 1 
iter: 2  value: 8676.684 mgc: 1.530326e-06 ustep: 1 
iter: 3  mgc: 6.261658e-14 
outer mgc:  0.1537529 
iter: 1  value: 8676.683 mgc: 0.0181319 ustep: 1 
iter: 2  value: 8676.683 mgc: 2.18752e-06 ustep: 1 
iter: 3  mgc: 1.283418e-13 
outer mgc:  0.1376626 
iter: 1  value: 8676.679 mgc: 0.0181327 ustep: 1 
iter: 2  value: 8676.679 mgc: 2.182149e-06 ustep: 1 
iter: 3  mgc: 1.327827e-13 
outer mgc:  0.137587 
iter: 1  value: 8676.688 mgc: 0.01239845 ustep: 1 
iter: 2  value: 8676.688 mgc: 1.197856e-06 ustep: 1 
iter: 3  mgc: 4.335421e-14 
outer mgc:  0.2226332 
iter: 1  value: 8676.674 mgc: 0.01240453 ustep: 1 
iter: 2  value: 8676.674 mgc: 1.196278e-06 ustep: 1 
iter: 3  mgc: 5.329071e-14 
outer mgc:  0.22166 
iter: 1  value: 8676.689 mgc: 0.003783003 ustep: 1 
iter: 2  value: 8676.689 mgc: 2.868608e-07 ustep: 1 
iter: 3  mgc: 4.52971e-14 
outer mgc:  0.01122775 
iter: 1  value: 8676.673 mgc: 0.003786791 ustep: 1 
iter: 2  value: 8676.673 mgc: 2.870945e-07 ustep: 1 
iter: 3  mgc: 4.263256e-14 
outer mgc:  0.01122998 
iter: 1  value: 8676.687 mgc: 0.003719872 ustep: 1 
iter: 2  value: 8676.687 mgc: 7.133208e-08 ustep: 1 
iter: 3  mgc: 5.173639e-14 
outer mgc:  0.01504242 
iter: 1  value: 8676.675 mgc: 0.003723597 ustep: 1 
iter: 2  value: 8676.675 mgc: 7.139415e-08 ustep: 1 
iter: 3  mgc: 4.884981e-14 
outer mgc:  0.01484292 
iter: 1  value: 8676.67 mgc: 0.002789053 ustep: 1 
iter: 2  value: 8676.67 mgc: 2.10145e-07 ustep: 1 
iter: 3  mgc: 5.351275e-14 
outer mgc:  0.01261468 
iter: 1  value: 8676.692 mgc: 0.002788256 ustep: 1 
iter: 2  value: 8676.692 mgc: 2.101424e-07 ustep: 1 
iter: 3  mgc: 2.908784e-14 
outer mgc:  0.01286699 
iter: 1  value: 8676.672 mgc: 0.002722397 ustep: 1 
iter: 2  value: 8676.672 mgc: 5.176398e-08 ustep: 1 
iter: 3  mgc: 3.019807e-14 
outer mgc:  0.005544961 
iter: 1  value: 8676.69 mgc: 0.002722067 ustep: 1 
iter: 2  value: 8676.69 mgc: 5.172875e-08 ustep: 1 
iter: 3  mgc: 3.68594e-14 
outer mgc:  0.005870694 
[Sat Aug 14 00:03:23 2021]
Finished job 0.
1 of 1 steps (100%) done
