Building DAG of jobs...
Using shell: /usr/bin/bash
Provided cores: 80
Rules claiming more threads will be scaled down.
Job counts:
	count	jobs
	1	inference_simulation_TMB_multiple
	1
Select jobs to execute...

[Sun Aug 15 13:35:16 2021]
rule inference_simulation_TMB_multiple:
    input: ../data/assessing_models_simulation/datasets/multiple_GenerationCnorm_20_100_10_4_0.05_NA_NA_NA_dataset1.RDS
    output: ../data/assessing_models_simulation/inference_results/TMB/nlminb/multiple_GenerationCnorm_20_100_10_4_0.05_diagREDMsinglelambda_NA_NA_NA_dataset1.RDS
    log: logs/inference/nlminb/simulation_GenerationCnorm_20_100_10_4_0.05_ModeldiagREDMsinglelambda_NA_NA_NA_dataset1.log
    jobid: 0
    wildcards: optimiser=nlminb, datasetgeneration=GenerationCnorm, n=20, nlambda=100, lmbda=10, d=4, beta_intensity=0.05, model=diagREDMsinglelambda, fixed_beta_intercept=NA, fixed_beta_slope=NA, sdRE_input=NA, itnum=1

Rscript 2_inference_TMB/run_TMB.R --input ../data/assessing_models_simulation/datasets/multiple_GenerationCnorm_20_100_10_4_0.05_NA_NA_NA_dataset1.RDS --output ../data/assessing_models_simulation/inference_results/TMB/nlminb/multiple_GenerationCnorm_20_100_10_4_0.05_diagREDMsinglelambda_NA_NA_NA_dataset1.RDS --model diagREDMsinglelambda --optimiser nlminb
Model: diagREDMsinglelambda 
Feature type: signatures 
Using nlminb: TRUE 
Simulation boolean: TRUE 
make: Nothing to be done for 'all'.
../data/assessing_models_simulation/datasets/multiple_GenerationCnorm_20_100_10_4_0.05_NA_NA_NA_dataset1.RDS[1] "../data/assessing_models_simulation/datasets/multiple_GenerationCnorm_20_100_10_4_0.05_NA_NA_NA_dataset1.RDS"
Reading file ../data/assessing_models_simulation/datasets/multiple_GenerationCnorm_20_100_10_4_0.05_NA_NA_NA_dataset1.RDS 
Loading required package: nnet
# weights:  12 (6 variable)
initial  value 5682.420586 
iter  10 value 4703.271236
final  value 4702.860686 
converged
Constructing atomic invpd
Constructing atomic D_lgamma
Constructing atomic invpd
Constructing atomic D_lgamma
Constructing atomic matmul
Constructing atomic invpd
Constructing atomic D_lgamma
Constructing atomic matmul
Optimizing tape... Done
iter: 1  value: 4454.166 mgc: 6.159452 ustep: 0.2767624 
iter: 2  value: 4424.299 mgc: 2.144347 ustep: 0.5261296 
iter: 3  value: 4412.329 mgc: 0.8915097 ustep: 0.7253754 
iter: 4  value: 4411.301 mgc: 0.2611609 ustep: 0.8517045 
iter: 5  value: 4411.277 mgc: 0.04427291 ustep: 0.9228861 
iter: 6  value: 4411.277 mgc: 0.003841519 ustep: 0.9606735 
iter: 7  value: 4411.277 mgc: 0.0001796216 ustep: 0.9801415 
iter: 8  value: 4411.277 mgc: 4.481325e-06 ustep: 0.990022 
iter: 9  value: 4411.277 mgc: 5.75204e-08 ustep: 0.994999 
iter: 10  mgc: 3.729828e-10 
iter: 1  mgc: 3.729828e-10 
Matching hessian patterns... Done
outer mgc:  28.41332 
iter: 1  value: 4374.742 mgc: 1.68887 ustep: 1 
iter: 2  value: 4374.658 mgc: 0.4439931 ustep: 1 
iter: 3  value: 4374.658 mgc: 0.01582896 ustep: 1 
iter: 4  value: 4374.658 mgc: 2.406018e-05 ustep: 1 
iter: 5  mgc: 5.624573e-11 
iter: 1  value: 4354.305 mgc: 4.160842 ustep: 1 
iter: 2  value: 4352.248 mgc: 3.250132 ustep: 1 
iter: 3  value: 4352.228 mgc: 0.3032205 ustep: 1 
iter: 4  value: 4352.228 mgc: 0.005090271 ustep: 1 
iter: 5  value: 4352.228 mgc: 1.667369e-06 ustep: 1 
iter: 6  mgc: 1.724731e-13 
iter: 1  mgc: 1.724731e-13 
outer mgc:  21.68804 
iter: 1  value: 4353.606 mgc: 3.086643 ustep: 1 
iter: 2  value: 4346.649 mgc: 2.244291 ustep: 1 
iter: 3  value: 4346.517 mgc: 0.3360052 ustep: 1 
iter: 4  value: 4346.517 mgc: 0.014296 ustep: 1 
iter: 5  value: 4346.517 mgc: 2.983513e-05 ustep: 1 
iter: 6  mgc: 1.305423e-10 
iter: 1  mgc: 1.305423e-10 
outer mgc:  23.65205 
iter: 1  value: 4325.337 mgc: 7.748987 ustep: 0.3990752 
iter: 2  value: 4322.663 mgc: 13.42586 ustep: 0.6317608 
iter: 3  value: 4302.096 mgc: 12.17264 ustep: 0.1743612 
iter: 4  value: 4300.67 mgc: 2.852664 ustep: 0.4176241 
iter: 5  value: 4300.612 mgc: 0.7754158 ustep: 0.6462738 
iter: 6  value: 4300.611 mgc: 0.05284729 ustep: 0.8039312 
iter: 7  value: 4300.611 mgc: 0.003314046 ustep: 0.8966324 
iter: 8  value: 4300.611 mgc: 0.0001129772 ustep: 0.9469121 
iter: 9  value: 4300.611 mgc: 2.531065e-06 ustep: 0.9730968 
iter: 10  value: 4300.611 mgc: 2.921154e-08 ustep: 0.986458 
iter: 11  mgc: 2.29777e-10 
iter: 1  mgc: 2.29777e-10 
outer mgc:  5.874027 
iter: 1  value: 4307.522 mgc: 11.92712 ustep: 1 
iter: 2  value: 4290.518 mgc: 10.07247 ustep: 1 
iter: 3  value: 4290.155 mgc: 2.339633 ustep: 1 
iter: 4  value: 4290.155 mgc: 0.1139156 ustep: 1 
iter: 5  value: 4290.155 mgc: 0.0004670483 ustep: 1 
iter: 6  mgc: 7.651635e-09 
iter: 1  value: 4289.209 mgc: 4.914631 ustep: 1 
iter: 2  value: 4288.748 mgc: 0.6878433 ustep: 1 
iter: 3  value: 4288.747 mgc: 0.02467977 ustep: 1 
iter: 4  value: 4288.747 mgc: 6.614483e-05 ustep: 1 
iter: 5  mgc: 4.948956e-10 
iter: 1  mgc: 4.948956e-10 
outer mgc:  4.35212 
iter: 1  value: 4289.833 mgc: 4.485327 ustep: 1 
iter: 2  value: 4288.399 mgc: 1.183993 ustep: 1 
iter: 3  value: 4288.391 mgc: 0.1050933 ustep: 1 
iter: 4  value: 4288.391 mgc: 0.001112441 ustep: 1 
iter: 5  value: 4288.391 mgc: 1.300132e-07 ustep: 1 
iter: 6  mgc: 7.271961e-15 
iter: 1  value: 4286.293 mgc: 2.411517 ustep: 1 
iter: 2  value: 4286.206 mgc: 0.2699017 ustep: 1 
iter: 3  value: 4286.206 mgc: 0.006647013 ustep: 1 
iter: 4  value: 4286.206 mgc: 4.811285e-06 ustep: 1 
iter: 5  mgc: 2.645439e-12 
iter: 1  mgc: 2.645439e-12 
outer mgc:  5.603533 
iter: 1  value: 4282.772 mgc: 3.052406 ustep: 1 
iter: 2  value: 4282.739 mgc: 0.268134 ustep: 1 
iter: 3  value: 4282.739 mgc: 0.00150819 ustep: 1 
iter: 4  value: 4282.739 mgc: 2.002236e-07 ustep: 1 
iter: 5  mgc: 6.328271e-15 
iter: 1  mgc: 6.328271e-15 
outer mgc:  10.88477 
iter: 1  value: 4278.356 mgc: 2.090445 ustep: 1 
iter: 2  value: 4278.352 mgc: 0.0929817 ustep: 1 
iter: 3  value: 4278.352 mgc: 0.0001505847 ustep: 1 
iter: 4  mgc: 1.546274e-09 
iter: 1  mgc: 1.546274e-09 
outer mgc:  2.489326 
iter: 1  value: 4273.494 mgc: 1.663928 ustep: 1 
iter: 2  value: 4273.492 mgc: 0.08186174 ustep: 1 
iter: 3  value: 4273.492 mgc: 0.0002395935 ustep: 1 
iter: 4  mgc: 2.409682e-09 
iter: 1  mgc: 2.409682e-09 
outer mgc:  5.758892 
iter: 1  value: 4268.925 mgc: 1.510433 ustep: 1 
iter: 2  value: 4268.922 mgc: 0.08385482 ustep: 1 
iter: 3  value: 4268.922 mgc: 0.0003364118 ustep: 1 
iter: 4  mgc: 5.510719e-09 
iter: 1  mgc: 5.510719e-09 
outer mgc:  3.268489 
iter: 1  value: 4271.641 mgc: 2.687749 ustep: 1 
iter: 2  value: 4271.624 mgc: 0.1259791 ustep: 1 
iter: 3  value: 4271.624 mgc: 0.0008210479 ustep: 1 
iter: 4  value: 4271.624 mgc: 3.547128e-08 ustep: 1 
iter: 5  mgc: 3.552714e-15 
iter: 1  value: 4269.281 mgc: 1.022722 ustep: 1 
iter: 2  value: 4269.28 mgc: 0.02179794 ustep: 1 
iter: 3  value: 4269.28 mgc: 2.513326e-05 ustep: 1 
iter: 4  mgc: 3.500261e-11 
iter: 1  mgc: 3.500261e-11 
outer mgc:  2.500643 
iter: 1  value: 4267.924 mgc: 0.7019649 ustep: 1 
iter: 2  value: 4267.924 mgc: 0.01404603 ustep: 1 
iter: 3  value: 4267.924 mgc: 9.145369e-06 ustep: 1 
iter: 4  mgc: 4.593215e-12 
iter: 1  mgc: 4.593215e-12 
outer mgc:  1.280148 
iter: 1  value: 4266.548 mgc: 0.3126469 ustep: 1 
iter: 2  value: 4266.548 mgc: 0.002818538 ustep: 1 
iter: 3  value: 4266.548 mgc: 3.156647e-07 ustep: 1 
iter: 4  mgc: 6.550316e-15 
iter: 1  mgc: 6.550316e-15 
outer mgc:  1.090712 
iter: 1  value: 4265.373 mgc: 0.3397074 ustep: 1 
iter: 2  value: 4265.373 mgc: 0.005407737 ustep: 1 
iter: 3  value: 4265.373 mgc: 1.737746e-06 ustep: 1 
iter: 4  mgc: 1.796341e-13 
iter: 1  mgc: 1.796341e-13 
outer mgc:  1.01378 
iter: 1  value: 4264.017 mgc: 0.2989019 ustep: 1 
iter: 2  value: 4264.017 mgc: 0.002448315 ustep: 1 
iter: 3  value: 4264.017 mgc: 2.206181e-07 ustep: 1 
iter: 4  mgc: 5.218048e-15 
iter: 1  mgc: 5.218048e-15 
outer mgc:  0.8603653 
iter: 1  value: 4262.253 mgc: 0.4015379 ustep: 1 
iter: 2  value: 4262.253 mgc: 0.002558366 ustep: 1 
iter: 3  value: 4262.253 mgc: 3.016645e-07 ustep: 1 
iter: 4  mgc: 6.217249e-15 
iter: 1  mgc: 6.217249e-15 
outer mgc:  1.297222 
iter: 1  value: 4261.104 mgc: 0.3815371 ustep: 1 
iter: 2  value: 4261.104 mgc: 0.002248074 ustep: 1 
iter: 3  value: 4261.104 mgc: 2.797725e-07 ustep: 1 
iter: 4  mgc: 7.549517e-15 
iter: 1  mgc: 7.549517e-15 
outer mgc:  1.108033 
iter: 1  value: 4260.925 mgc: 1.08019 ustep: 1 
iter: 2  value: 4260.925 mgc: 0.0108925 ustep: 1 
iter: 3  value: 4260.925 mgc: 1.294763e-06 ustep: 1 
iter: 4  mgc: 6.603051e-14 
iter: 1  value: 4260.976 mgc: 0.2060077 ustep: 1 
iter: 2  value: 4260.976 mgc: 0.0003074055 ustep: 1 
iter: 3  mgc: 1.102023e-09 
iter: 1  mgc: 1.102023e-09 
outer mgc:  0.6519694 
iter: 1  value: 4260.664 mgc: 0.1418411 ustep: 1 
iter: 2  value: 4260.664 mgc: 0.0002581545 ustep: 1 
iter: 3  mgc: 2.686267e-09 
iter: 1  mgc: 2.686267e-09 
outer mgc:  0.6464787 
iter: 1  value: 4260.153 mgc: 0.1458656 ustep: 1 
iter: 2  value: 4260.153 mgc: 0.0002949949 ustep: 1 
iter: 3  mgc: 2.790106e-09 
iter: 1  value: 4259.378 mgc: 0.2160429 ustep: 1 
iter: 2  value: 4259.378 mgc: 0.000402533 ustep: 1 
iter: 3  mgc: 1.72315e-09 
iter: 1  value: 4256.478 mgc: 0.8822259 ustep: 1 
iter: 2  value: 4256.478 mgc: 0.003634268 ustep: 1 
iter: 3  value: 4256.478 mgc: 1.013533e-07 ustep: 1 
iter: 4  mgc: 6.550316e-15 
iter: 1  mgc: 6.550316e-15 
outer mgc:  1.464234 
iter: 1  value: 4252.138 mgc: 1.330222 ustep: 1 
iter: 2  value: 4252.138 mgc: 0.004578853 ustep: 1 
iter: 3  value: 4252.138 mgc: 1.06598e-06 ustep: 1 
iter: 4  mgc: 5.417888e-14 
iter: 1  mgc: 5.417888e-14 
outer mgc:  1.321277 
iter: 1  value: 4247.423 mgc: 1.204698 ustep: 1 
iter: 2  value: 4247.423 mgc: 0.001651512 ustep: 1 
iter: 3  mgc: 7.346728e-09 
iter: 1  mgc: 7.346728e-09 
outer mgc:  0.7103904 
iter: 1  value: 4243.284 mgc: 1.423566 ustep: 1 
iter: 2  value: 4243.284 mgc: 0.0004390906 ustep: 1 
iter: 3  mgc: 5.60697e-10 
iter: 1  mgc: 5.60697e-10 
outer mgc:  0.2870982 
iter: 1  value: 4234.963 mgc: 3.794995 ustep: 1 
iter: 2  value: 4234.963 mgc: 0.001134701 ustep: 1 
iter: 3  mgc: 8.198406e-09 
iter: 1  mgc: 8.198406e-09 
outer mgc:  1.125143 
iter: 1  value: 4228.616 mgc: 2.155834 ustep: 1 
iter: 2  value: 4228.616 mgc: 0.0002954493 ustep: 1 
iter: 3  mgc: 2.81464e-09 
iter: 1  mgc: 2.81464e-09 
outer mgc:  0.4198521 
iter: 1  value: 4224.513 mgc: 1.201655 ustep: 1 
iter: 2  value: 4224.513 mgc: 0.0006162779 ustep: 1 
iter: 3  value: 4224.513 mgc: 1.024852e-08 ustep: 1 
mgc: 6.27276e-15 
iter: 1  value: 4226.869 mgc: 0.443584 ustep: 1 
iter: 2  value: 4226.869 mgc: 0.0001603885 ustep: 1 
iter: 3  mgc: 7.071705e-10 
iter: 1  mgc: 7.071705e-10 
outer mgc:  0.4122631 
iter: 1  value: 4225.335 mgc: 0.4657886 ustep: 1 
iter: 2  value: 4225.335 mgc: 0.0002041308 ustep: 1 
iter: 3  mgc: 1.268068e-09 
iter: 1  mgc: 1.268068e-09 
outer mgc:  0.1893336 
iter: 1  value: 4223.593 mgc: 0.5077448 ustep: 1 
iter: 2  value: 4223.593 mgc: 4.657975e-06 ustep: 1 
iter: 3  mgc: 3.388401e-13 
iter: 1  value: 4221.779 mgc: 0.530453 ustep: 1 
iter: 2  value: 4221.779 mgc: 4.649468e-06 ustep: 1 
iter: 3  mgc: 4.019007e-13 
iter: 1  mgc: 4.019007e-13 
outer mgc:  0.05180331 
iter: 1  value: 4218.205 mgc: 1.135364 ustep: 1 
iter: 2  value: 4218.205 mgc: 5.156077e-06 ustep: 1 
iter: 3  mgc: 5.018208e-14 
iter: 1  mgc: 5.018208e-14 
outer mgc:  0.06973192 
iter: 1  value: 4210.016 mgc: 3.33367 ustep: 1 
iter: 2  value: 4210.016 mgc: 5.365703e-06 ustep: 1 
iter: 3  mgc: 5.684342e-14 
iter: 1  mgc: 5.684342e-14 
outer mgc:  0.02239747 
iter: 1  value: 4203.602 mgc: 2.369437 ustep: 1 
iter: 2  value: 4203.602 mgc: 7.104097e-07 ustep: 1 
iter: 3  mgc: 2.4869e-14 
iter: 1  mgc: 2.4869e-14 
outer mgc:  0.00804848 
iter: 1  value: 4197.18 mgc: 2.369659 ustep: 1 
iter: 2  value: 4197.18 mgc: 3.015087e-07 ustep: 1 
iter: 3  mgc: 6.661338e-15 
iter: 1  mgc: 6.661338e-15 
outer mgc:  0.009657683 
iter: 1  value: 4190.767 mgc: 2.372653 ustep: 1 
iter: 2  value: 4190.767 mgc: 3.241132e-07 ustep: 1 
iter: 3  mgc: 5.107026e-15 
iter: 1  mgc: 5.107026e-15 
outer mgc:  0.01107952 
iter: 1  value: 4184.343 mgc: 2.370265 ustep: 1 
iter: 2  value: 4184.343 mgc: 3.331389e-07 ustep: 1 
iter: 3  mgc: 5.329071e-15 
iter: 1  mgc: 5.329071e-15 
outer mgc:  0.008096611 
iter: 1  value: 4177.927 mgc: 2.372346 ustep: 1 
iter: 2  value: 4177.927 mgc: 1.333312e-07 ustep: 1 
iter: 3  mgc: 4.607426e-15 
iter: 1  mgc: 4.607426e-15 
outer mgc:  0.003440201 
iter: 1  value: 4171.506 mgc: 2.371135 ustep: 1 
iter: 2  value: 4171.506 mgc: 2.341454e-08 ustep: 1 
mgc: 7.993606e-15 
iter: 1  mgc: 7.993606e-15 
outer mgc:  0.001206506 
iter: 1  value: 4165.087 mgc: 2.371664 ustep: 1 
iter: 2  mgc: 1.928896e-09 
iter: 1  mgc: 1.928896e-09 
outer mgc:  0.0003266375 
iter: 1  value: 4158.667 mgc: 2.371556 ustep: 1 
iter: 2  mgc: 1.651834e-10 
iter: 1  mgc: 1.651834e-10 
outer mgc:  7.016836e-05 
iter: 1  value: 4152.247 mgc: 2.371608 ustep: 1 
iter: 2  mgc: 3.859713e-11 
iter: 1  mgc: 3.859713e-11 
outer mgc:  3.834839e-05 
iter: 1  value: 4145.828 mgc: 2.371601 ustep: 1 
iter: 2  mgc: 4.991119e-12 
iter: 1  mgc: 4.991119e-12 
outer mgc:  6.35833e-06 
iter: 1  value: 4139.408 mgc: 2.371606 ustep: 1 
iter: 2  mgc: 2.073453e-12 
iter: 1  mgc: 2.073453e-12 
outer mgc:  8.892668e-06 
iter: 1  value: 4132.988 mgc: 2.371606 ustep: 1 
iter: 2  mgc: 4.019007e-13 
iter: 1  mgc: 4.019007e-13 
outer mgc:  3.560648e-06 
iter: 1  value: 4126.568 mgc: 2.371607 ustep: 1 
iter: 2  mgc: 1.247891e-13 
iter: 1  mgc: 1.247891e-13 
outer mgc:  1.419759e-06 
iter: 1  value: 4120.149 mgc: 2.371607 ustep: 1 
iter: 2  mgc: 3.28626e-14 
iter: 1  mgc: 3.28626e-14 
outer mgc:  7.211773e-07 
iter: 1  mgc: 3.28626e-14 
iter: 1  mgc: 3.28626e-14 
outer mgc:  7.211773e-07 
iter: 1  value: 4120.149 mgc: 0.003665975 ustep: 1 
iter: 2  value: 4120.149 mgc: 2.208051e-08 ustep: 1 
mgc: 9.325873e-15 
outer mgc:  0.04890898 
iter: 1  value: 4120.148 mgc: 0.003663098 ustep: 1 
iter: 2  value: 4120.148 mgc: 2.205138e-08 ustep: 1 
mgc: 5.329071e-15 
outer mgc:  0.04886531 
iter: 1  value: 4120.149 mgc: 0.001534368 ustep: 1 
iter: 2  mgc: 4.14634e-09 
outer mgc:  0.0178162 
iter: 1  value: 4120.148 mgc: 0.001533133 ustep: 1 
iter: 2  mgc: 4.139975e-09 
outer mgc:  0.01779738 
iter: 1  value: 4120.149 mgc: 0.007004379 ustep: 1 
iter: 2  value: 4120.149 mgc: 2.50448e-07 ustep: 1 
iter: 3  mgc: 7.549517e-15 
outer mgc:  0.05467146 
iter: 1  value: 4120.148 mgc: 0.007004964 ustep: 1 
iter: 2  value: 4120.148 mgc: 2.487835e-07 ustep: 1 
iter: 3  mgc: 6.439294e-15 
outer mgc:  0.05467186 
iter: 1  value: 4120.15 mgc: 0.00369509 ustep: 1 
iter: 2  value: 4120.15 mgc: 1.630542e-07 ustep: 1 
iter: 3  mgc: 6.217249e-15 
outer mgc:  0.04274078 
iter: 1  value: 4120.147 mgc: 0.003695622 ustep: 1 
iter: 2  value: 4120.147 mgc: 1.629453e-07 ustep: 1 
iter: 3  mgc: 5.77316e-15 
outer mgc:  0.04274471 
iter: 1  value: 4120.146 mgc: 0.003756502 ustep: 1 
iter: 2  value: 4120.146 mgc: 4.447643e-07 ustep: 1 
iter: 3  mgc: 8.881784e-15 
outer mgc:  0.0316354 
iter: 1  value: 4120.151 mgc: 0.003752763 ustep: 1 
iter: 2  value: 4120.151 mgc: 4.444607e-07 ustep: 1 
iter: 3  mgc: 7.549517e-15 
outer mgc:  0.03162443 
iter: 1  value: 4120.147 mgc: 0.002152192 ustep: 1 
iter: 2  value: 4120.147 mgc: 1.875293e-07 ustep: 1 
iter: 3  mgc: 7.993606e-15 
outer mgc:  0.02278896 
iter: 1  value: 4120.15 mgc: 0.002150326 ustep: 1 
iter: 2  value: 4120.15 mgc: 1.874266e-07 ustep: 1 
iter: 3  mgc: 4.662937e-15 
outer mgc:  0.02277545 
iter: 1  value: 4120.159 mgc: 0.002633127 ustep: 1 
mgc: 7.771561e-15 
outer mgc:  7.217813e-07 
iter: 1  value: 4120.139 mgc: 0.002635761 ustep: 1 
mgc: 5.995204e-15 
outer mgc:  7.20574e-07 
iter: 1  value: 4120.153 mgc: 0.00384032 ustep: 1 
iter: 2  value: 4120.153 mgc: 7.266015e-08 ustep: 1 
iter: 3  mgc: 5.273559e-15 
outer mgc:  0.003210171 
iter: 1  value: 4120.144 mgc: 0.003844162 ustep: 1 
iter: 2  value: 4120.144 mgc: 7.261684e-08 ustep: 1 
iter: 3  mgc: 5.329071e-15 
outer mgc:  0.003211264 
iter: 1  value: 4120.155 mgc: 0.002425519 ustep: 1 
iter: 2  value: 4120.155 mgc: 1.913707e-07 ustep: 1 
iter: 3  mgc: 5.77316e-15 
outer mgc:  0.002114661 
iter: 1  value: 4120.142 mgc: 0.002427946 ustep: 1 
iter: 2  value: 4120.142 mgc: 1.91282e-07 ustep: 1 
iter: 3  mgc: 5.329071e-15 
outer mgc:  0.002114394 
iter: 1  value: 4120.143 mgc: 0.004148356 ustep: 1 
iter: 2  value: 4120.143 mgc: 1.554816e-07 ustep: 1 
iter: 3  mgc: 5.77316e-15 
outer mgc:  0.03724171 
iter: 1  value: 4120.154 mgc: 0.004146348 ustep: 1 
iter: 2  value: 4120.154 mgc: 1.551709e-07 ustep: 1 
iter: 3  mgc: 7.938095e-15 
outer mgc:  0.03723916 
Warning message:
package ‘nnet’ was built under R version 3.6.3 
[Sun Aug 15 13:35:20 2021]
Finished job 0.
1 of 1 steps (100%) done
