Building DAG of jobs...
Using shell: /usr/bin/bash
Provided cores: 1 (use --cores to define parallelism)
Rules claiming more threads will be scaled down.
Job counts:
	count	jobs
	1	inference_simulation_TMB_multiple
	1

[Sun Aug 15 09:49:53 2021]
rule inference_simulation_TMB_multiple:
    input: ../data/assessing_models_simulation/datasets/multiple_GenerationJnorm3_100_100_10_6_0.6_NA_NA_NA_dataset1.RDS
    output: ../data/assessing_models_simulation/inference_results/TMB/nlminb/multiple_GenerationJnorm3_100_100_10_6_0.6_fullREDMsinglelambda_NA_NA_NA_dataset1.RDS
    log: logs/inference/nlminb/simulation_GenerationJnorm3_100_100_10_6_0.6_ModelfullREDMsinglelambda_NA_NA_NA_dataset1.log
    jobid: 0
    wildcards: optimiser=nlminb, datasetgeneration=GenerationJnorm3, n=100, nlambda=100, lmbda=10, d=6, beta_intensity=0.6, model=fullREDMsinglelambda, fixed_beta_intercept=NA, fixed_beta_slope=NA, sdRE_input=NA, itnum=1

Rscript 2_inference_TMB/run_TMB.R --input ../data/assessing_models_simulation/datasets/multiple_GenerationJnorm3_100_100_10_6_0.6_NA_NA_NA_dataset1.RDS --output ../data/assessing_models_simulation/inference_results/TMB/nlminb/multiple_GenerationJnorm3_100_100_10_6_0.6_fullREDMsinglelambda_NA_NA_NA_dataset1.RDS --model fullREDMsinglelambda --optimiser nlminb
Model: fullREDMsinglelambda 
Feature type: signatures 
Using nlminb: TRUE 
Simulation boolean: TRUE 
make: Nothing to be done for 'all'.
../data/assessing_models_simulation/datasets/multiple_GenerationJnorm3_100_100_10_6_0.6_NA_NA_NA_dataset1.RDS[1] "../data/assessing_models_simulation/datasets/multiple_GenerationJnorm3_100_100_10_6_0.6_NA_NA_NA_dataset1.RDS"
Reading file ../data/assessing_models_simulation/datasets/multiple_GenerationJnorm3_100_100_10_6_0.6_NA_NA_NA_dataset1.RDS 
Loading required package: nnet
# weights:  18 (10 variable)
initial  value 35856.690498 
iter  10 value 33024.532282
final  value 32863.085851 
converged
Order of parameters:
[1] "beta"       "u_large"    "logs_sd_RE" "cov_par_RE" "log_lambda"
Not matching template order:
[1] "beta"       "logs_sd_RE" "cov_par_RE" "log_lambda" "u_large"   
Your parameter list has been re-ordered.
(Disable this warning with checkParameterOrder=FALSE)
Constructing atomic invpd
Constructing atomic D_lgamma
Constructing atomic invpd
Constructing atomic D_lgamma
Constructing atomic matmul
Constructing atomic invpd
Constructing atomic D_lgamma
Constructing atomic matmul
Optimizing tape... Done
iter: 1  value: 29447.42 mgc: 5.541908 ustep: 0.6781705 
iter: 2  value: 29415.19 mgc: 8.324869 ustep: 0.8235287 
iter: 3  value: 29409.55 mgc: 2.781926 ustep: 0.9074941 
iter: 4  value: 29401.16 mgc: 7.087955 ustep: 0.7822743 
iter: 5  value: 29396.13 mgc: 2.172848 ustep: 0.4169002 
iter: 6  value: 29395.88 mgc: 0.6522448 ustep: 0.6457135 
iter: 7  value: 29395.86 mgc: 0.1340444 ustep: 0.8035826 
iter: 8  value: 29395.86 mgc: 0.02903532 ustep: 0.8964381 
iter: 9  value: 29395.86 mgc: 0.004910592 ustep: 0.9468095 
iter: 10  value: 29395.86 mgc: 0.0005422971 ustep: 0.973044 
iter: 11  value: 29395.86 mgc: 3.429624e-05 ustep: 0.9864313 
iter: 12  value: 29395.86 mgc: 1.148143e-06 ustep: 0.9931932 
iter: 13  value: 29395.86 mgc: 1.964766e-08 ustep: 0.9965911 
iter: 14  mgc: 2.042542e-10 
iter: 1  mgc: 2.042542e-10 
Matching hessian patterns... Done
outer mgc:  230.4308 
iter: 1  value: 29120.38 mgc: 2.276091 ustep: 1 
iter: 2  value: 29120.18 mgc: 0.3988367 ustep: 1 
iter: 3  value: 29120.18 mgc: 0.005937005 ustep: 1 
iter: 4  value: 29120.18 mgc: 3.118212e-06 ustep: 1 
iter: 5  mgc: 9.06164e-13 
iter: 1  mgc: 9.06164e-13 
outer mgc:  135.4806 
iter: 1  value: 28934.41 mgc: 2.789516 ustep: 1 
iter: 2  value: 28934.12 mgc: 0.2149282 ustep: 1 
iter: 3  value: 28934.12 mgc: 0.004974503 ustep: 1 
iter: 4  value: 28934.12 mgc: 3.045093e-06 ustep: 1 
iter: 5  mgc: 1.234401e-12 
iter: 1  value: 28811.86 mgc: 4.210516 ustep: 1 
iter: 2  value: 28810.34 mgc: 0.2883528 ustep: 1 
iter: 3  value: 28810.34 mgc: 0.01326026 ustep: 1 
iter: 4  value: 28810.34 mgc: 2.84268e-05 ustep: 1 
iter: 5  mgc: 2.174579e-10 
iter: 1  mgc: 2.174579e-10 
outer mgc:  187.1873 
iter: 1  value: 28576.82 mgc: 6.097454 ustep: 1 
iter: 2  value: 28570.6 mgc: 7.70201 ustep: 1 
iter: 3  value: 28570.56 mgc: 0.7497776 ustep: 1 
iter: 4  value: 28570.56 mgc: 0.01719453 ustep: 1 
iter: 5  value: 28570.56 mgc: 1.089835e-05 ustep: 1 
iter: 6  mgc: 4.274803e-12 
iter: 1  mgc: 4.274803e-12 
outer mgc:  279.0589 
iter: 1  value: 28491.08 mgc: 24.0047 ustep: 1 
iter: 2  value: 28490.33 mgc: 0.5273607 ustep: 1 
iter: 3  value: 28490.33 mgc: 0.01156382 ustep: 1 
iter: 4  value: 28490.33 mgc: 8.570449e-06 ustep: 1 
iter: 5  mgc: 4.728329e-12 
iter: 1  mgc: 4.728329e-12 
outer mgc:  165.0627 
iter: 1  value: 28816.57 mgc: 7.874974 ustep: 1 
iter: 2  value: 28814.84 mgc: 0.8136736 ustep: 1 
iter: 3  value: 28814.84 mgc: 0.0374622 ustep: 1 
iter: 4  value: 28814.84 mgc: 6.902377e-06 ustep: 1 
iter: 5  mgc: 1.403322e-12 
iter: 1  value: 28397.1 mgc: 4.062008 ustep: 1 
iter: 2  value: 28396.96 mgc: 0.3348043 ustep: 1 
iter: 3  value: 28396.96 mgc: 0.001796884 ustep: 1 
iter: 4  value: 28396.96 mgc: 6.941774e-08 ustep: 1 
iter: 5  mgc: 7.105427e-15 
iter: 1  mgc: 7.105427e-15 
outer mgc:  83.5268 
iter: 1  value: 28396.09 mgc: 3.119078 ustep: 1 
iter: 2  value: 28396.08 mgc: 0.08831712 ustep: 1 
iter: 3  value: 28396.08 mgc: 0.0002947969 ustep: 1 
iter: 4  mgc: 7.023748e-09 
iter: 1  value: 28378.65 mgc: 1.653523 ustep: 1 
iter: 2  value: 28378.65 mgc: 0.02432277 ustep: 1 
iter: 3  value: 28378.65 mgc: 2.925565e-05 ustep: 1 
iter: 4  mgc: 5.474687e-11 
iter: 1  mgc: 5.474687e-11 
outer mgc:  32.03373 
iter: 1  value: 28364.34 mgc: 1.730405 ustep: 1 
iter: 2  value: 28364.34 mgc: 0.04335209 ustep: 1 
iter: 3  value: 28364.34 mgc: 0.0001008734 ustep: 1 
iter: 4  mgc: 7.961054e-10 
iter: 1  mgc: 7.961054e-10 
outer mgc:  43.0038 
iter: 1  value: 28353.93 mgc: 1.54881 ustep: 1 
iter: 2  value: 28353.93 mgc: 0.04244563 ustep: 1 
iter: 3  value: 28353.93 mgc: 0.0001398205 ustep: 1 
iter: 4  mgc: 1.456669e-09 
iter: 1  mgc: 1.456669e-09 
outer mgc:  17.91902 
iter: 1  value: 28336.67 mgc: 1.126771 ustep: 1 
iter: 2  value: 28336.67 mgc: 0.01062456 ustep: 1 
iter: 3  value: 28336.67 mgc: 7.476081e-06 ustep: 1 
iter: 4  mgc: 3.882672e-12 
iter: 1  mgc: 3.882672e-12 
outer mgc:  21.37427 
iter: 1  value: 28327.87 mgc: 2.289596 ustep: 1 
iter: 2  value: 28327.87 mgc: 0.03791977 ustep: 1 
iter: 3  value: 28327.87 mgc: 4.148546e-05 ustep: 1 
iter: 4  mgc: 5.480016e-11 
iter: 1  mgc: 5.480016e-11 
outer mgc:  20.99383 
iter: 1  value: 28333.96 mgc: 1.899417 ustep: 1 
iter: 2  value: 28333.96 mgc: 0.02777091 ustep: 1 
iter: 3  value: 28333.96 mgc: 1.926228e-05 ustep: 1 
iter: 4  mgc: 1.356176e-11 
iter: 1  mgc: 1.356176e-11 
outer mgc:  39.09764 
iter: 1  value: 28336.38 mgc: 1.933559 ustep: 1 
iter: 2  value: 28336.38 mgc: 0.05331205 ustep: 1 
iter: 3  value: 28336.38 mgc: 0.0001041163 ustep: 1 
iter: 4  mgc: 5.419049e-10 
iter: 1  mgc: 5.419049e-10 
outer mgc:  35.28652 
iter: 1  value: 28349.56 mgc: 2.886157 ustep: 1 
iter: 2  value: 28349.52 mgc: 0.09567772 ustep: 1 
iter: 3  value: 28349.52 mgc: 0.0003041962 ustep: 1 
iter: 4  mgc: 3.406081e-09 
iter: 1  value: 28336.39 mgc: 1.652007 ustep: 1 
iter: 2  value: 28336.38 mgc: 0.03309587 ustep: 1 
iter: 3  value: 28336.38 mgc: 2.025314e-05 ustep: 1 
iter: 4  mgc: 6.212475e-12 
iter: 1  mgc: 6.212475e-12 
outer mgc:  17.14735 
iter: 1  value: 28326.62 mgc: 1.867262 ustep: 1 
iter: 2  value: 28326.62 mgc: 0.02939671 ustep: 1 
iter: 3  value: 28326.62 mgc: 7.826862e-06 ustep: 1 
iter: 4  mgc: 1.195044e-12 
iter: 1  mgc: 1.195044e-12 
outer mgc:  17.30599 
iter: 1  value: 28329.95 mgc: 1.208234 ustep: 1 
iter: 2  value: 28329.95 mgc: 0.03537498 ustep: 1 
iter: 3  value: 28329.95 mgc: 4.478622e-05 ustep: 1 
iter: 4  mgc: 7.883441e-11 
iter: 1  mgc: 7.883441e-11 
outer mgc:  19.42356 
iter: 1  value: 28334.92 mgc: 1.404618 ustep: 1 
iter: 2  value: 28334.92 mgc: 0.01437663 ustep: 1 
iter: 3  value: 28334.92 mgc: 7.382579e-06 ustep: 1 
iter: 4  mgc: 1.848965e-12 
iter: 1  mgc: 1.848965e-12 
outer mgc:  19.05344 
iter: 1  value: 28335.05 mgc: 1.309206 ustep: 1 
iter: 2  value: 28335.05 mgc: 0.05908118 ustep: 1 
iter: 3  value: 28335.05 mgc: 0.000227737 ustep: 1 
iter: 4  mgc: 3.090673e-09 
iter: 1  mgc: 3.090673e-09 
outer mgc:  12.87882 
iter: 1  value: 28338.35 mgc: 1.407256 ustep: 1 
iter: 2  value: 28338.35 mgc: 0.01411985 ustep: 1 
iter: 3  value: 28338.35 mgc: 8.865455e-06 ustep: 1 
iter: 4  mgc: 3.219869e-12 
iter: 1  mgc: 3.219869e-12 
outer mgc:  11.77097 
iter: 1  value: 28338.22 mgc: 1.443234 ustep: 1 
iter: 2  value: 28338.22 mgc: 0.0251517 ustep: 1 
iter: 3  value: 28338.22 mgc: 2.993568e-05 ustep: 1 
iter: 4  mgc: 4.241762e-11 
iter: 1  mgc: 4.241762e-11 
outer mgc:  12.09643 
iter: 1  value: 28337.1 mgc: 1.104605 ustep: 1 
iter: 2  value: 28337.1 mgc: 0.02239026 ustep: 1 
iter: 3  value: 28337.1 mgc: 1.859119e-05 ustep: 1 
iter: 4  mgc: 1.227773e-11 
iter: 1  value: 28334.98 mgc: 0.7618988 ustep: 1 
iter: 2  value: 28334.98 mgc: 0.005799084 ustep: 1 
iter: 3  value: 28334.98 mgc: 1.123955e-06 ustep: 1 
iter: 4  mgc: 4.840572e-14 
iter: 1  mgc: 4.840572e-14 
outer mgc:  21.97077 
iter: 1  value: 28335.87 mgc: 0.3907837 ustep: 1 
iter: 2  value: 28335.87 mgc: 0.0008488197 ustep: 1 
iter: 3  mgc: 5.42138e-09 
iter: 1  mgc: 5.42138e-09 
outer mgc:  2.409741 
iter: 1  value: 28336.8 mgc: 0.2924727 ustep: 1 
iter: 2  value: 28336.8 mgc: 0.0009858428 ustep: 1 
iter: 3  value: 28336.8 mgc: 4.406143e-08 ustep: 1 
iter: 4  mgc: 5.329071e-15 
iter: 1  mgc: 5.329071e-15 
outer mgc:  1.614444 
iter: 1  value: 28335.74 mgc: 0.295942 ustep: 1 
iter: 2  value: 28335.74 mgc: 0.0022751 ustep: 1 
iter: 3  value: 28335.74 mgc: 1.64733e-07 ustep: 1 
iter: 4  mgc: 6.661338e-15 
iter: 1  mgc: 6.661338e-15 
outer mgc:  7.632333 
iter: 1  value: 28336.52 mgc: 0.2257577 ustep: 1 
iter: 2  value: 28336.52 mgc: 0.0005685033 ustep: 1 
iter: 3  value: 28336.52 mgc: 1.557463e-08 ustep: 1 
mgc: 5.77316e-15 
iter: 1  mgc: 5.77316e-15 
outer mgc:  2.589422 
iter: 1  value: 28337.79 mgc: 0.1689041 ustep: 1 
iter: 2  value: 28337.79 mgc: 0.0008321286 ustep: 1 
iter: 3  value: 28337.79 mgc: 3.408131e-08 ustep: 1 
mgc: 8.881784e-15 
iter: 1  mgc: 8.881784e-15 
outer mgc:  2.868765 
iter: 1  value: 28337.52 mgc: 0.1807589 ustep: 1 
iter: 2  value: 28337.52 mgc: 0.0005628392 ustep: 1 
iter: 3  value: 28337.52 mgc: 2.014026e-08 ustep: 1 
mgc: 7.382983e-15 
iter: 1  mgc: 7.382983e-15 
outer mgc:  1.590768 
iter: 1  value: 28337.41 mgc: 0.2843113 ustep: 1 
iter: 2  value: 28337.41 mgc: 0.001379614 ustep: 1 
iter: 3  value: 28337.41 mgc: 9.086106e-08 ustep: 1 
iter: 4  mgc: 6.217249e-15 
iter: 1  mgc: 6.217249e-15 
outer mgc:  2.802331 
iter: 1  value: 28338.02 mgc: 0.2717828 ustep: 1 
iter: 2  value: 28338.02 mgc: 0.001843572 ustep: 1 
iter: 3  value: 28338.02 mgc: 1.636854e-07 ustep: 1 
iter: 4  mgc: 5.995204e-15 
iter: 1  mgc: 5.995204e-15 
outer mgc:  2.212681 
iter: 1  value: 28336.07 mgc: 0.2947911 ustep: 1 
iter: 2  value: 28336.07 mgc: 0.00165426 ustep: 1 
iter: 3  value: 28336.07 mgc: 1.776107e-07 ustep: 1 
iter: 4  mgc: 4.884981e-15 
iter: 1  value: 28335.59 mgc: 0.1351592 ustep: 1 
iter: 2  value: 28335.59 mgc: 0.0005578379 ustep: 1 
iter: 3  value: 28335.59 mgc: 1.493602e-08 ustep: 1 
mgc: 5.995204e-15 
iter: 1  value: 28337.11 mgc: 0.04754775 ustep: 1 
iter: 2  value: 28337.11 mgc: 6.849386e-05 ustep: 1 
iter: 3  mgc: 2.265974e-10 
iter: 1  mgc: 2.265974e-10 
outer mgc:  1.078415 
iter: 1  value: 28337.89 mgc: 0.06826796 ustep: 1 
iter: 2  value: 28337.89 mgc: 2.871214e-05 ustep: 1 
iter: 3  mgc: 3.192446e-11 
iter: 1  mgc: 3.192446e-11 
outer mgc:  1.81215 
iter: 1  value: 28337.47 mgc: 0.07429117 ustep: 1 
iter: 2  value: 28337.47 mgc: 4.955087e-05 ustep: 1 
iter: 3  mgc: 1.464753e-10 
iter: 1  mgc: 1.464753e-10 
outer mgc:  0.9855374 
iter: 1  value: 28337.61 mgc: 0.04993533 ustep: 1 
iter: 2  value: 28337.61 mgc: 1.836147e-05 ustep: 1 
iter: 3  mgc: 2.45195e-11 
iter: 1  mgc: 2.45195e-11 
outer mgc:  1.42744 
iter: 1  value: 28337.59 mgc: 0.06206412 ustep: 1 
iter: 2  value: 28337.59 mgc: 1.088032e-05 ustep: 1 
iter: 3  mgc: 4.3755e-12 
iter: 1  mgc: 4.3755e-12 
outer mgc:  0.6013873 
iter: 1  value: 28337.99 mgc: 0.08127331 ustep: 1 
iter: 2  value: 28337.99 mgc: 2.103144e-05 ustep: 1 
iter: 3  mgc: 3.192591e-11 
iter: 1  value: 28338.34 mgc: 0.1284556 ustep: 1 
iter: 2  value: 28338.34 mgc: 8.305278e-05 ustep: 1 
iter: 3  mgc: 1.004438e-10 
iter: 1  value: 28339.41 mgc: 0.3628711 ustep: 1 
iter: 2  value: 28339.41 mgc: 0.0008080223 ustep: 1 
iter: 3  value: 28339.41 mgc: 1.016592e-08 ustep: 1 
mgc: 4.884981e-15 
iter: 1  mgc: 4.884981e-15 
outer mgc:  2.196446 
iter: 1  value: 28343.1 mgc: 0.5531841 ustep: 1 
iter: 2  value: 28343.1 mgc: 0.00241323 ustep: 1 
iter: 3  value: 28343.1 mgc: 1.100901e-07 ustep: 1 
iter: 4  mgc: 5.218048e-15 
iter: 1  mgc: 5.218048e-15 
outer mgc:  3.162644 
iter: 1  value: 28348.46 mgc: 0.6672171 ustep: 1 
iter: 2  value: 28348.46 mgc: 0.009095463 ustep: 1 
iter: 3  value: 28348.46 mgc: 1.608668e-06 ustep: 1 
iter: 4  mgc: 5.506706e-14 
iter: 1  value: 28343.73 mgc: 0.1673207 ustep: 1 
iter: 2  value: 28343.73 mgc: 0.0004230995 ustep: 1 
iter: 3  mgc: 4.484281e-09 
iter: 1  mgc: 4.484281e-09 
outer mgc:  1.176051 
iter: 1  value: 28344.54 mgc: 0.1321838 ustep: 1 
iter: 2  value: 28344.54 mgc: 0.0003068678 ustep: 1 
iter: 3  mgc: 4.231007e-09 
iter: 1  mgc: 4.231007e-09 
outer mgc:  1.087523 
iter: 1  value: 28346.74 mgc: 0.2771854 ustep: 1 
iter: 2  value: 28346.74 mgc: 0.0003245547 ustep: 1 
iter: 3  mgc: 1.47879e-09 
iter: 1  value: 28344.79 mgc: 0.07238791 ustep: 1 
iter: 2  value: 28344.79 mgc: 3.942164e-05 ustep: 1 
iter: 3  mgc: 7.165779e-11 
iter: 1  mgc: 7.165779e-11 
outer mgc:  1.998732 
iter: 1  value: 28344.69 mgc: 0.0464643 ustep: 1 
iter: 2  value: 28344.69 mgc: 1.49591e-05 ustep: 1 
iter: 3  mgc: 2.000178e-12 
iter: 1  mgc: 2.000178e-12 
outer mgc:  0.3573438 
iter: 1  value: 28344.99 mgc: 0.02793189 ustep: 1 
iter: 2  value: 28344.99 mgc: 8.704808e-06 ustep: 1 
iter: 3  mgc: 2.632117e-12 
iter: 1  mgc: 2.632117e-12 
outer mgc:  0.5393709 
iter: 1  value: 28345.02 mgc: 0.03369041 ustep: 1 
iter: 2  value: 28345.02 mgc: 7.094521e-06 ustep: 1 
iter: 3  mgc: 8.228973e-13 
iter: 1  mgc: 8.228973e-13 
outer mgc:  0.2916681 
iter: 1  value: 28345.2 mgc: 0.02396216 ustep: 1 
iter: 2  value: 28345.2 mgc: 7.09567e-06 ustep: 1 
iter: 3  mgc: 2.330136e-12 
iter: 1  mgc: 2.330136e-12 
outer mgc:  0.1856054 
iter: 1  value: 28345.32 mgc: 0.02613971 ustep: 1 
iter: 2  value: 28345.32 mgc: 4.568314e-06 ustep: 1 
iter: 3  mgc: 1.61382e-12 
iter: 1  mgc: 1.61382e-12 
outer mgc:  0.1266537 
iter: 1  value: 28345.44 mgc: 0.03028699 ustep: 1 
iter: 2  value: 28345.44 mgc: 1.437204e-05 ustep: 1 
iter: 3  mgc: 4.167333e-12 
iter: 1  mgc: 4.167333e-12 
outer mgc:  0.1184156 
iter: 1  value: 28345.58 mgc: 0.02270832 ustep: 1 
iter: 2  value: 28345.58 mgc: 1.892834e-05 ustep: 1 
iter: 3  mgc: 1.622746e-11 
iter: 1  mgc: 1.622746e-11 
outer mgc:  0.09468405 
iter: 1  value: 28345.5 mgc: 0.03951445 ustep: 1 
iter: 2  value: 28345.5 mgc: 1.831205e-05 ustep: 1 
iter: 3  mgc: 5.147438e-12 
iter: 1  mgc: 5.147438e-12 
outer mgc:  0.2599213 
iter: 1  value: 28345.43 mgc: 0.02058793 ustep: 1 
iter: 2  value: 28345.43 mgc: 3.481805e-06 ustep: 1 
iter: 3  mgc: 5.861978e-13 
iter: 1  mgc: 5.861978e-13 
outer mgc:  0.1643316 
iter: 1  value: 28345.6 mgc: 0.01841103 ustep: 1 
iter: 2  value: 28345.6 mgc: 5.454841e-06 ustep: 1 
iter: 3  mgc: 5.77316e-13 
iter: 1  mgc: 5.77316e-13 
outer mgc:  0.07041334 
iter: 1  value: 28345.64 mgc: 0.01205563 ustep: 1 
iter: 2  value: 28345.64 mgc: 4.079385e-06 ustep: 1 
iter: 3  mgc: 5.57665e-13 
iter: 1  value: 28345.59 mgc: 0.005947932 ustep: 1 
iter: 2  value: 28345.59 mgc: 6.572884e-07 ustep: 1 
iter: 3  mgc: 1.44329e-14 
iter: 1  mgc: 1.44329e-14 
outer mgc:  0.1299058 
iter: 1  value: 28345.57 mgc: 0.005410874 ustep: 1 
iter: 2  value: 28345.57 mgc: 2.602435e-07 ustep: 1 
iter: 3  mgc: 6.217249e-15 
iter: 1  mgc: 6.217249e-15 
outer mgc:  0.06635132 
iter: 1  value: 28345.51 mgc: 0.004369613 ustep: 1 
iter: 2  value: 28345.51 mgc: 2.880718e-07 ustep: 1 
iter: 3  mgc: 4.440892e-15 
iter: 1  mgc: 4.440892e-15 
outer mgc:  0.0273011 
iter: 1  value: 28345.5 mgc: 0.003861851 ustep: 1 
iter: 2  value: 28345.5 mgc: 6.118844e-07 ustep: 1 
iter: 3  mgc: 2.620126e-14 
iter: 1  mgc: 2.620126e-14 
outer mgc:  0.0283069 
iter: 1  value: 28345.54 mgc: 0.006346067 ustep: 1 
iter: 2  value: 28345.54 mgc: 5.844317e-07 ustep: 1 
iter: 3  mgc: 2.620126e-14 
iter: 1  mgc: 2.620126e-14 
outer mgc:  0.04496194 
iter: 1  value: 28345.53 mgc: 0.003747427 ustep: 1 
iter: 2  value: 28345.53 mgc: 2.185591e-07 ustep: 1 
iter: 3  mgc: 7.105427e-15 
iter: 1  mgc: 7.105427e-15 
outer mgc:  0.02636528 
iter: 1  value: 28345.52 mgc: 0.005339046 ustep: 1 
iter: 2  value: 28345.52 mgc: 3.803093e-07 ustep: 1 
iter: 3  mgc: 8.437695e-15 
iter: 1  value: 28345.54 mgc: 0.002167154 ustep: 1 
iter: 2  value: 28345.54 mgc: 1.276113e-07 ustep: 1 
iter: 3  mgc: 6.328271e-15 
iter: 1  value: 28345.53 mgc: 0.0008704241 ustep: 1 
iter: 2  value: 28345.53 mgc: 2.059116e-08 ustep: 1 
iter: 3  mgc: 6.716849e-15 
iter: 1  mgc: 6.716849e-15 
outer mgc:  0.01642195 
iter: 1  value: 28345.53 mgc: 0.0009813304 ustep: 1 
iter: 2  mgc: 6.944521e-09 
iter: 1  mgc: 6.944521e-09 
outer mgc:  0.01870449 
iter: 1  value: 28345.53 mgc: 0.0008125311 ustep: 1 
iter: 2  mgc: 4.493907e-09 
iter: 1  mgc: 4.493907e-09 
outer mgc:  0.007982268 
iter: 1  value: 28345.52 mgc: 0.0007960613 ustep: 1 
iter: 2  mgc: 5.559874e-09 
iter: 1  mgc: 5.559874e-09 
outer mgc:  0.008995499 
iter: 1  value: 28345.52 mgc: 0.001315668 ustep: 1 
iter: 2  value: 28345.52 mgc: 1.778387e-08 ustep: 1 
iter: 3  mgc: 7.327472e-15 
iter: 1  mgc: 7.327472e-15 
outer mgc:  0.006111018 
iter: 1  value: 28345.5 mgc: 0.001023419 ustep: 1 
iter: 2  value: 28345.5 mgc: 2.138883e-08 ustep: 1 
iter: 3  mgc: 5.77316e-15 
iter: 1  mgc: 5.77316e-15 
outer mgc:  0.009209762 
iter: 1  value: 28345.5 mgc: 0.001433696 ustep: 1 
iter: 2  value: 28345.5 mgc: 7.708396e-08 ustep: 1 
iter: 3  mgc: 6.217249e-15 
iter: 1  mgc: 5.77316e-15 
iter: 1  mgc: 5.77316e-15 
outer mgc:  0.009209762 
iter: 1  value: 28345.51 mgc: 0.005963351 ustep: 1 
iter: 2  value: 28345.51 mgc: 3.469878e-07 ustep: 1 
iter: 3  mgc: 7.327472e-15 
outer mgc:  0.2561046 
iter: 1  value: 28345.49 mgc: 0.005959452 ustep: 1 
iter: 2  value: 28345.49 mgc: 3.477066e-07 ustep: 1 
iter: 3  mgc: 4.662937e-15 
outer mgc:  0.2715234 
iter: 1  value: 28345.51 mgc: 0.003544549 ustep: 1 
iter: 2  value: 28345.51 mgc: 1.503698e-07 ustep: 1 
iter: 3  mgc: 5.77316e-15 
outer mgc:  0.2002061 
iter: 1  value: 28345.49 mgc: 0.003545028 ustep: 1 
iter: 2  value: 28345.49 mgc: 1.50109e-07 ustep: 1 
iter: 3  mgc: 7.105427e-15 
outer mgc:  0.2156801 
iter: 1  value: 28345.5 mgc: 0.002765283 ustep: 1 
iter: 2  value: 28345.5 mgc: 2.728964e-07 ustep: 1 
iter: 3  mgc: 5.717649e-15 
outer mgc:  0.1134178 
iter: 1  value: 28345.51 mgc: 0.002762521 ustep: 1 
iter: 2  value: 28345.51 mgc: 2.725663e-07 ustep: 1 
iter: 3  mgc: 4.496403e-15 
outer mgc:  0.1191037 
iter: 1  value: 28345.5 mgc: 0.001504207 ustep: 1 
iter: 2  value: 28345.5 mgc: 1.126125e-07 ustep: 1 
iter: 3  mgc: 4.440892e-15 
outer mgc:  0.05450158 
iter: 1  value: 28345.51 mgc: 0.001502985 ustep: 1 
iter: 2  value: 28345.51 mgc: 1.124684e-07 ustep: 1 
iter: 3  mgc: 4.551914e-15 
outer mgc:  0.05682799 
iter: 1  value: 28345.5 mgc: 0.003620732 ustep: 1 
iter: 2  value: 28345.5 mgc: 5.221563e-07 ustep: 1 
iter: 3  mgc: 1.332268e-14 
outer mgc:  0.154231 
iter: 1  value: 28345.51 mgc: 0.003617493 ustep: 1 
iter: 2  value: 28345.51 mgc: 5.219577e-07 ustep: 1 
iter: 3  mgc: 1.332268e-14 
outer mgc:  0.1571443 
iter: 1  value: 28345.5 mgc: 0.00247036 ustep: 1 
iter: 2  value: 28345.5 mgc: 2.90814e-07 ustep: 1 
iter: 3  mgc: 5.77316e-15 
outer mgc:  0.09626585 
iter: 1  value: 28345.51 mgc: 0.002468493 ustep: 1 
iter: 2  value: 28345.51 mgc: 2.907765e-07 ustep: 1 
iter: 3  mgc: 6.217249e-15 
outer mgc:  0.0997277 
iter: 1  value: 28345.5 mgc: 0.005709035 ustep: 1 
iter: 2  value: 28345.5 mgc: 9.41327e-07 ustep: 1 
iter: 3  mgc: 3.241851e-14 
outer mgc:  0.152378 
iter: 1  value: 28345.51 mgc: 0.005706026 ustep: 1 
iter: 2  value: 28345.51 mgc: 9.43306e-07 ustep: 1 
iter: 3  mgc: 3.397282e-14 
outer mgc:  0.1455164 
iter: 1  value: 28345.5 mgc: 0.003262125 ustep: 1 
iter: 2  value: 28345.5 mgc: 3.827015e-07 ustep: 1 
iter: 3  mgc: 6.883383e-15 
outer mgc:  0.1261904 
iter: 1  value: 28345.51 mgc: 0.003260681 ustep: 1 
iter: 2  value: 28345.51 mgc: 3.830376e-07 ustep: 1 
iter: 3  mgc: 8.21565e-15 
outer mgc:  0.1177544 
iter: 1  value: 28345.5 mgc: 0.004258539 ustep: 1 
iter: 2  value: 28345.5 mgc: 2.269226e-07 ustep: 1 
iter: 3  mgc: 5.329071e-15 
outer mgc:  0.2177599 
iter: 1  value: 28345.51 mgc: 0.004254925 ustep: 1 
iter: 2  value: 28345.51 mgc: 2.26696e-07 ustep: 1 
iter: 3  mgc: 4.884981e-15 
outer mgc:  0.19923 
iter: 1  value: 28345.5 mgc: 0.002585452 ustep: 1 
iter: 2  value: 28345.5 mgc: 8.267816e-08 ustep: 1 
iter: 3  mgc: 6.217249e-15 
outer mgc:  0.1407878 
iter: 1  value: 28345.5 mgc: 0.002584079 ustep: 1 
iter: 2  value: 28345.5 mgc: 8.2646e-08 ustep: 1 
iter: 3  mgc: 5.329071e-15 
outer mgc:  0.1272772 
iter: 1  value: 28345.56 mgc: 0.01284961 ustep: 1 
iter: 2  value: 28345.56 mgc: 1.067543e-06 ustep: 1 
iter: 3  mgc: 8.326673e-15 
outer mgc:  0.0521312 
iter: 1  value: 28345.45 mgc: 0.01288017 ustep: 1 
iter: 2  value: 28345.45 mgc: 1.067617e-06 ustep: 1 
iter: 3  mgc: 7.993606e-15 
outer mgc:  0.05592031 
iter: 1  value: 28345.58 mgc: 0.008018783 ustep: 1 
iter: 2  value: 28345.58 mgc: 3.236982e-06 ustep: 1 
iter: 3  mgc: 7.833734e-13 
outer mgc:  0.02100144 
iter: 1  value: 28345.43 mgc: 0.008034874 ustep: 1 
iter: 2  value: 28345.43 mgc: 3.228674e-06 ustep: 1 
iter: 3  mgc: 7.811529e-13 
outer mgc:  0.02153588 
iter: 1  value: 28345.56 mgc: 0.006317999 ustep: 1 
iter: 2  value: 28345.56 mgc: 1.734462e-06 ustep: 1 
iter: 3  mgc: 1.389999e-13 
outer mgc:  0.04690039 
iter: 1  value: 28345.45 mgc: 0.006330814 ustep: 1 
iter: 2  value: 28345.45 mgc: 1.732559e-06 ustep: 1 
iter: 3  mgc: 1.403322e-13 
outer mgc:  0.04447043 
iter: 1  value: 28345.55 mgc: 0.007466507 ustep: 1 
iter: 2  value: 28345.55 mgc: 7.212116e-07 ustep: 1 
iter: 3  mgc: 2.620126e-14 
outer mgc:  0.05719191 
iter: 1  value: 28345.46 mgc: 0.007482808 ustep: 1 
iter: 2  value: 28345.46 mgc: 7.213531e-07 ustep: 1 
iter: 3  mgc: 2.353673e-14 
outer mgc:  0.05758374 
iter: 1  value: 28345.57 mgc: 0.01213553 ustep: 1 
iter: 2  value: 28345.57 mgc: 2.256564e-06 ustep: 1 
iter: 3  mgc: 1.008083e-13 
outer mgc:  0.03585099 
iter: 1  value: 28345.44 mgc: 0.01216622 ustep: 1 
iter: 2  value: 28345.44 mgc: 2.250387e-06 ustep: 1 
iter: 3  mgc: 1.008083e-13 
outer mgc:  0.03731255 
iter: 1  value: 28345.49 mgc: 0.004020186 ustep: 1 
iter: 2  value: 28345.49 mgc: 7.699648e-07 ustep: 1 
iter: 3  mgc: 4.52971e-14 
outer mgc:  0.01660005 
iter: 1  value: 28345.52 mgc: 0.004015532 ustep: 1 
iter: 2  value: 28345.52 mgc: 7.69168e-07 ustep: 1 
iter: 3  mgc: 4.840572e-14 
outer mgc:  0.01421026 
iter: 1  value: 28345.49 mgc: 0.004656555 ustep: 1 
iter: 2  value: 28345.49 mgc: 7.485031e-07 ustep: 1 
iter: 3  mgc: 2.353673e-14 
outer mgc:  0.02190591 
iter: 1  value: 28345.52 mgc: 0.004650115 ustep: 1 
iter: 2  value: 28345.52 mgc: 7.482339e-07 ustep: 1 
iter: 3  mgc: 2.353673e-14 
outer mgc:  0.023332 
iter: 1  value: 28345.49 mgc: 0.004112539 ustep: 1 
iter: 2  value: 28345.49 mgc: 4.663778e-07 ustep: 1 
iter: 3  mgc: 7.549517e-15 
outer mgc:  0.01808499 
iter: 1  value: 28345.52 mgc: 0.004109737 ustep: 1 
iter: 2  value: 28345.52 mgc: 4.665951e-07 ustep: 1 
iter: 3  mgc: 9.325873e-15 
outer mgc:  0.01702088 
iter: 1  value: 28345.51 mgc: 0.003135071 ustep: 1 
iter: 2  value: 28345.51 mgc: 2.919678e-07 ustep: 1 
iter: 3  mgc: 5.329071e-15 
outer mgc:  0.0259519 
iter: 1  value: 28345.5 mgc: 0.003133483 ustep: 1 
iter: 2  value: 28345.5 mgc: 2.916067e-07 ustep: 1 
iter: 3  mgc: 5.77316e-15 
outer mgc:  0.02223306 
iter: 1  value: 28345.53 mgc: 0.003402768 ustep: 1 
iter: 2  value: 28345.53 mgc: 2.967723e-07 ustep: 1 
iter: 3  mgc: 5.440093e-15 
outer mgc:  0.0108154 
iter: 1  value: 28345.47 mgc: 0.003404757 ustep: 1 
iter: 2  value: 28345.47 mgc: 2.960809e-07 ustep: 1 
iter: 3  mgc: 6.217249e-15 
outer mgc:  0.01056586 
iter: 1  value: 28345.49 mgc: 0.004085864 ustep: 1 
iter: 2  value: 28345.49 mgc: 4.090157e-07 ustep: 1 
iter: 3  mgc: 6.217249e-15 
outer mgc:  0.01907359 
iter: 1  value: 28345.52 mgc: 0.004081208 ustep: 1 
iter: 2  value: 28345.52 mgc: 4.090122e-07 ustep: 1 
iter: 3  mgc: 9.769963e-15 
outer mgc:  0.01845983 
iter: 1  value: 28345.47 mgc: 0.003299613 ustep: 1 
iter: 2  value: 28345.47 mgc: 9.483361e-08 ustep: 1 
iter: 3  mgc: 6.217249e-15 
outer mgc:  0.009190851 
iter: 1  value: 28345.54 mgc: 0.003297309 ustep: 1 
iter: 2  value: 28345.54 mgc: 9.502647e-08 ustep: 1 
iter: 3  mgc: 4.884981e-15 
outer mgc:  0.01042487 
iter: 1  value: 28345.5 mgc: 0.005789369 ustep: 1 
iter: 2  value: 28345.5 mgc: 3.435851e-07 ustep: 1 
iter: 3  mgc: 4.662937e-15 
outer mgc:  0.009828732 
iter: 1  value: 28345.51 mgc: 0.005788639 ustep: 1 
iter: 2  value: 28345.51 mgc: 3.434642e-07 ustep: 1 
iter: 3  mgc: 5.329071e-15 
outer mgc:  0.008595243 
iter: 1  value: 28345.51 mgc: 0.005020419 ustep: 1 
iter: 2  value: 28345.51 mgc: 2.207072e-07 ustep: 1 
iter: 3  mgc: 7.993606e-15 
outer mgc:  0.01005464 
iter: 1  value: 28345.5 mgc: 0.005019111 ustep: 1 
iter: 2  value: 28345.5 mgc: 2.204663e-07 ustep: 1 
iter: 3  mgc: 4.440892e-15 
outer mgc:  0.01255237 
iter: 1  value: 28345.5 mgc: 0.005149027 ustep: 1 
iter: 2  value: 28345.5 mgc: 2.115392e-07 ustep: 1 
iter: 3  mgc: 7.771561e-15 
outer mgc:  0.01028048 
iter: 1  value: 28345.5 mgc: 0.005148321 ustep: 1 
iter: 2  value: 28345.5 mgc: 2.114354e-07 ustep: 1 
iter: 3  mgc: 7.105427e-15 
outer mgc:  0.01252751 
iter: 1  value: 28345.45 mgc: 0.004389907 ustep: 1 
iter: 2  value: 28345.45 mgc: 7.823158e-07 ustep: 1 
iter: 3  mgc: 4.485301e-14 
outer mgc:  0.294246 
iter: 1  value: 28345.56 mgc: 0.004387166 ustep: 1 
iter: 2  value: 28345.56 mgc: 7.801008e-07 ustep: 1 
iter: 3  mgc: 4.352074e-14 
outer mgc:  0.2906395 
[Sun Aug 15 09:50:09 2021]
Finished job 0.
1 of 1 steps (100%) done
