Building DAG of jobs...
Using shell: /usr/bin/bash
Provided cores: 1 (use --cores to define parallelism)
Rules claiming more threads will be scaled down.
Job counts:
	count	jobs
	1	inference_simulation_TMB_multiple
	1

[Sat Aug 14 02:36:33 2021]
rule inference_simulation_TMB_multiple:
    input: ../data/assessing_models_simulation/datasets/multiple_GenerationJnorm3_50_100_10_3_4_NA_NA_NA_dataset1.RDS
    output: ../data/assessing_models_simulation/inference_results/TMB/nlminb/multiple_GenerationJnorm3_50_100_10_3_4_fullREDMsinglelambda_NA_NA_NA_dataset1.RDS
    log: logs/inference/nlminb/simulation_GenerationJnorm3_50_100_10_3_4_ModelfullREDMsinglelambda_NA_NA_NA_dataset1.log
    jobid: 0
    wildcards: optimiser=nlminb, datasetgeneration=GenerationJnorm3, n=50, nlambda=100, lmbda=10, d=3, beta_intensity=4, model=fullREDMsinglelambda, fixed_beta_intercept=NA, fixed_beta_slope=NA, sdRE_input=NA, itnum=1

Rscript 2_inference_TMB/run_TMB.R --input ../data/assessing_models_simulation/datasets/multiple_GenerationJnorm3_50_100_10_3_4_NA_NA_NA_dataset1.RDS --output ../data/assessing_models_simulation/inference_results/TMB/nlminb/multiple_GenerationJnorm3_50_100_10_3_4_fullREDMsinglelambda_NA_NA_NA_dataset1.RDS --model fullREDMsinglelambda --optimiser nlminb
Model: fullREDMsinglelambda 
Feature type: signatures 
Using nlminb: TRUE 
Simulation boolean: TRUE 
make: Nothing to be done for 'all'.
../data/assessing_models_simulation/datasets/multiple_GenerationJnorm3_50_100_10_3_4_NA_NA_NA_dataset1.RDS[1] "../data/assessing_models_simulation/datasets/multiple_GenerationJnorm3_50_100_10_3_4_NA_NA_NA_dataset1.RDS"
Reading file ../data/assessing_models_simulation/datasets/multiple_GenerationJnorm3_50_100_10_3_4_NA_NA_NA_dataset1.RDS 
Loading required package: nnet
# weights:  9 (4 variable)
initial  value 10786.175450 
final  value 8799.453690 
converged
Order of parameters:
[1] "beta"       "u_large"    "logs_sd_RE" "cov_par_RE" "log_lambda"
Not matching template order:
[1] "beta"       "logs_sd_RE" "cov_par_RE" "log_lambda" "u_large"   
Your parameter list has been re-ordered.
(Disable this warning with checkParameterOrder=FALSE)
Constructing atomic invpd
Constructing atomic D_lgamma
Constructing atomic invpd
Constructing atomic D_lgamma
Constructing atomic matmul
Constructing atomic invpd
Constructing atomic D_lgamma
Constructing atomic matmul
Optimizing tape... Done
iter: 1  value: 8187.337 mgc: 5.624232 ustep: 0.6827823 
iter: 2  value: 8174.128 mgc: 5.31672 ustep: 0.8263238 
iter: 3  value: 8156.978 mgc: 5.539003 ustep: 0.3325983 
iter: 4  value: 8155.665 mgc: 1.809131 ustep: 0.5767557 
iter: 5  value: 8155.59 mgc: 0.2631699 ustep: 0.7594684 
iter: 6  value: 8155.583 mgc: 0.05286028 ustep: 0.8714877 
iter: 7  value: 8155.582 mgc: 0.007901582 ustep: 0.9335417 
iter: 8  value: 8155.582 mgc: 0.0008487383 ustep: 0.966203 
iter: 9  value: 8155.582 mgc: 4.695493e-05 ustep: 0.982958 
iter: 10  value: 8155.582 mgc: 1.324907e-06 ustep: 0.9914432 
iter: 11  value: 8155.582 mgc: 1.891185e-08 ustep: 0.9957128 
iter: 12  mgc: 1.357101e-10 
iter: 1  mgc: 1.357101e-10 
Matching hessian patterns... Done
outer mgc:  62.94845 
iter: 1  value: 8084.866 mgc: 1.889946 ustep: 1 
iter: 2  value: 8084.561 mgc: 0.4651361 ustep: 1 
iter: 3  value: 8084.561 mgc: 0.01053393 ustep: 1 
iter: 4  value: 8084.561 mgc: 6.507317e-06 ustep: 1 
iter: 5  mgc: 3.223866e-12 
iter: 1  mgc: 3.223866e-12 
outer mgc:  41.86035 
iter: 1  value: 8001.919 mgc: 1.920331 ustep: 1 
iter: 2  value: 8001.885 mgc: 0.1427821 ustep: 1 
iter: 3  value: 8001.885 mgc: 0.0007075573 ustep: 1 
iter: 4  value: 8001.885 mgc: 4.30966e-08 ustep: 1 
iter: 5  mgc: 2.220446e-15 
iter: 1  value: 7874.374 mgc: 39.52334 ustep: 1 
iter: 2  value: 7866.803 mgc: 3.55491 ustep: 1 
iter: 3  value: 7866.796 mgc: 0.06856159 ustep: 1 
iter: 4  value: 7866.796 mgc: 0.000125912 ustep: 1 
iter: 5  mgc: 3.896341e-10 
iter: 1  mgc: 3.896341e-10 
outer mgc:  80.45743 
iter: 1  value: 7875.591 mgc: 189.8762 ustep: 1 
iter: 2  value: 7875.591 mgc: 0.1491612 ustep: 1 
iter: 3  value: 7875.591 mgc: 2.285615e-07 ustep: 1 
mgc: 3.108624e-15 
iter: 1  value: 7839.743 mgc: 5.212088 ustep: 1 
iter: 2  value: 7839.741 mgc: 0.2020707 ustep: 1 
iter: 3  value: 7839.741 mgc: 0.0001086996 ustep: 1 
iter: 4  mgc: 2.38225e-10 
iter: 1  mgc: 2.38225e-10 
outer mgc:  75.58785 
iter: 1  value: 7882.488 mgc: 9.542469 ustep: 1 
iter: 2  value: 7882.487 mgc: 0.05010578 ustep: 1 
iter: 3  value: 7882.487 mgc: 8.11931e-06 ustep: 1 
iter: 4  mgc: 4.7784e-13 
iter: 1  value: 7814.676 mgc: 2.571259 ustep: 1 
iter: 2  value: 7814.676 mgc: 0.01161953 ustep: 1 
iter: 3  value: 7814.676 mgc: 1.600777e-06 ustep: 1 
iter: 4  mgc: 4.796163e-14 
iter: 1  mgc: 4.796163e-14 
outer mgc:  33.64983 
iter: 1  value: 7792.246 mgc: 1.779966 ustep: 1 
iter: 2  value: 7792.246 mgc: 0.006729561 ustep: 1 
iter: 3  value: 7792.246 mgc: 9.115084e-08 ustep: 1 
iter: 4  mgc: 5.107026e-15 
iter: 1  mgc: 5.107026e-15 
outer mgc:  20.6545 
iter: 1  value: 7786.727 mgc: 3.58743 ustep: 1 
iter: 2  value: 7786.727 mgc: 0.01479502 ustep: 1 
iter: 3  value: 7786.727 mgc: 1.220942e-06 ustep: 1 
iter: 4  mgc: 1.887379e-14 
iter: 1  value: 7789.239 mgc: 1.770691 ustep: 1 
iter: 2  value: 7789.239 mgc: 0.003572937 ustep: 1 
iter: 3  value: 7789.239 mgc: 9.577455e-08 ustep: 1 
iter: 4  mgc: 5.77316e-15 
iter: 1  mgc: 5.77316e-15 
outer mgc:  25.51282 
iter: 1  value: 7780.152 mgc: 2.323351 ustep: 1 
iter: 2  value: 7780.152 mgc: 0.003826727 ustep: 1 
iter: 3  value: 7780.152 mgc: 1.37387e-07 ustep: 1 
iter: 4  mgc: 3.552714e-15 
iter: 1  mgc: 3.552714e-15 
outer mgc:  12.48579 
iter: 1  value: 7766.535 mgc: 3.559923 ustep: 1 
iter: 2  value: 7766.535 mgc: 0.007421462 ustep: 1 
iter: 3  value: 7766.535 mgc: 2.541878e-07 ustep: 1 
iter: 4  mgc: 5.07927e-15 
iter: 1  mgc: 5.07927e-15 
outer mgc:  17.77891 
iter: 1  value: 7767.411 mgc: 3.25514 ustep: 1 
iter: 2  value: 7767.411 mgc: 0.02474123 ustep: 1 
iter: 3  value: 7767.411 mgc: 8.215026e-07 ustep: 1 
iter: 4  mgc: 9.325873e-15 
iter: 1  value: 7762.689 mgc: 1.669699 ustep: 1 
iter: 2  value: 7762.689 mgc: 0.004171565 ustep: 1 
iter: 3  value: 7762.689 mgc: 4.956309e-08 ustep: 1 
iter: 4  mgc: 5.329071e-15 
iter: 1  mgc: 5.329071e-15 
outer mgc:  18.14257 
iter: 1  value: 7760.986 mgc: 1.559422 ustep: 1 
iter: 2  value: 7760.986 mgc: 0.005915266 ustep: 1 
iter: 3  value: 7760.986 mgc: 3.609634e-07 ustep: 1 
iter: 4  mgc: 5.107026e-15 
iter: 1  mgc: 5.107026e-15 
outer mgc:  15.91607 
iter: 1  value: 7782.711 mgc: 2.978823 ustep: 1 
iter: 2  value: 7782.711 mgc: 0.004842985 ustep: 1 
iter: 3  value: 7782.711 mgc: 5.550715e-08 ustep: 1 
iter: 4  mgc: 6.217249e-15 
iter: 1  value: 7760.397 mgc: 0.5007333 ustep: 1 
iter: 2  value: 7760.397 mgc: 6.368356e-05 ustep: 1 
iter: 3  mgc: 2.038658e-11 
iter: 1  mgc: 2.038658e-11 
outer mgc:  9.305985 
iter: 1  value: 7760.384 mgc: 0.5487203 ustep: 1 
iter: 2  value: 7760.384 mgc: 0.0002000315 ustep: 1 
iter: 3  mgc: 2.859211e-10 
iter: 1  mgc: 2.859211e-10 
outer mgc:  8.016437 
iter: 1  value: 7763.825 mgc: 1.033758 ustep: 1 
iter: 2  value: 7763.825 mgc: 0.0007929964 ustep: 1 
iter: 3  mgc: 2.777637e-09 
iter: 1  mgc: 2.777637e-09 
outer mgc:  3.485398 
iter: 1  value: 7767.411 mgc: 1.398529 ustep: 1 
iter: 2  value: 7767.411 mgc: 0.003350859 ustep: 1 
iter: 3  value: 7767.411 mgc: 7.935042e-08 ustep: 1 
iter: 4  mgc: 6.217249e-15 
iter: 1  value: 7763.06 mgc: 0.8902726 ustep: 1 
iter: 2  value: 7763.06 mgc: 0.0008655902 ustep: 1 
iter: 3  mgc: 2.891052e-09 
iter: 1  mgc: 2.891052e-09 
outer mgc:  4.114074 
iter: 1  value: 7769.305 mgc: 1.483893 ustep: 1 
iter: 2  value: 7769.305 mgc: 0.002636675 ustep: 1 
iter: 3  value: 7769.305 mgc: 7.841882e-08 ustep: 1 
iter: 4  mgc: 5.714179e-15 
iter: 1  value: 7764.147 mgc: 0.4176595 ustep: 1 
iter: 2  value: 7764.147 mgc: 9.550161e-05 ustep: 1 
iter: 3  mgc: 9.022738e-11 
iter: 1  mgc: 9.022738e-11 
outer mgc:  6.444316 
iter: 1  value: 7764.069 mgc: 0.2523209 ustep: 1 
iter: 2  value: 7764.069 mgc: 3.161909e-05 ustep: 1 
iter: 3  mgc: 8.988366e-12 
iter: 1  mgc: 8.988366e-12 
outer mgc:  1.866568 
iter: 1  value: 7765.587 mgc: 0.5366811 ustep: 1 
iter: 2  value: 7765.587 mgc: 0.0001952773 ustep: 1 
iter: 3  mgc: 1.957954e-10 
iter: 1  mgc: 1.957954e-10 
outer mgc:  3.731835 
iter: 1  value: 7770.087 mgc: 1.020523 ustep: 1 
iter: 2  value: 7770.087 mgc: 0.002000903 ustep: 1 
iter: 3  value: 7770.087 mgc: 1.797397e-08 ustep: 1 
mgc: 6.439294e-15 
iter: 1  mgc: 6.439294e-15 
outer mgc:  2.459346 
iter: 1  value: 7774.102 mgc: 0.9314042 ustep: 1 
iter: 2  value: 7774.102 mgc: 0.002804356 ustep: 1 
iter: 3  value: 7774.102 mgc: 1.985132e-07 ustep: 1 
iter: 4  mgc: 4.884981e-15 
iter: 1  value: 7770.087 mgc: 0.2127204 ustep: 1 
iter: 2  value: 7770.087 mgc: 2.519489e-05 ustep: 1 
iter: 3  mgc: 4.6676e-12 
iter: 1  value: 7770.061 mgc: 0.09847454 ustep: 1 
iter: 2  value: 7770.061 mgc: 5.471681e-06 ustep: 1 
iter: 3  mgc: 2.187139e-13 
iter: 1  mgc: 2.187139e-13 
outer mgc:  2.016752 
iter: 1  value: 7770.127 mgc: 0.07338435 ustep: 1 
iter: 2  value: 7770.127 mgc: 4.744055e-06 ustep: 1 
iter: 3  mgc: 3.508305e-14 
iter: 1  mgc: 3.508305e-14 
outer mgc:  2.006956 
iter: 1  value: 7771.192 mgc: 0.2295803 ustep: 1 
iter: 2  value: 7771.192 mgc: 0.0002081682 ustep: 1 
iter: 3  mgc: 1.042836e-09 
iter: 1  mgc: 1.042836e-09 
outer mgc:  1.182706 
iter: 1  value: 7773.639 mgc: 0.3759325 ustep: 1 
iter: 2  value: 7773.639 mgc: 0.0009303383 ustep: 1 
iter: 3  value: 7773.639 mgc: 2.264428e-08 ustep: 1 
mgc: 6.661338e-15 
iter: 1  value: 7776.504 mgc: 0.4728577 ustep: 1 
iter: 2  value: 7776.504 mgc: 0.001479437 ustep: 1 
iter: 3  value: 7776.504 mgc: 6.497308e-08 ustep: 1 
iter: 4  mgc: 6.217249e-15 
iter: 1  mgc: 6.217249e-15 
outer mgc:  0.9662364 
iter: 1  value: 7780.631 mgc: 1.516435 ustep: 1 
iter: 2  value: 7780.631 mgc: 0.005883057 ustep: 1 
iter: 3  value: 7780.631 mgc: 1.025246e-07 ustep: 1 
iter: 4  mgc: 6.661338e-15 
iter: 1  mgc: 6.661338e-15 
outer mgc:  0.4157149 
iter: 1  value: 7777.523 mgc: 0.5238607 ustep: 1 
iter: 2  value: 7777.523 mgc: 0.000434755 ustep: 1 
iter: 3  mgc: 3.154357e-10 
iter: 1  mgc: 3.154357e-10 
outer mgc:  0.1981322 
iter: 1  value: 7776.776 mgc: 0.550332 ustep: 1 
iter: 2  value: 7776.776 mgc: 0.0003350694 ustep: 1 
iter: 3  mgc: 3.57821e-09 
iter: 1  mgc: 3.57821e-09 
outer mgc:  0.4071815 
iter: 1  value: 7775.372 mgc: 0.2933658 ustep: 1 
iter: 2  value: 7775.372 mgc: 0.0001208059 ustep: 1 
iter: 3  mgc: 2.365592e-10 
iter: 1  value: 7773.875 mgc: 0.3192662 ustep: 1 
iter: 2  value: 7773.875 mgc: 0.0001435796 ustep: 1 
iter: 3  mgc: 3.770069e-10 
iter: 1  mgc: 3.770069e-10 
outer mgc:  0.2505819 
iter: 1  value: 7768.645 mgc: 0.922893 ustep: 1 
iter: 2  value: 7768.645 mgc: 0.0005374087 ustep: 1 
iter: 3  mgc: 1.925905e-09 
iter: 1  mgc: 1.925905e-09 
outer mgc:  0.157336 
iter: 1  value: 7761.884 mgc: 1.404458 ustep: 1 
iter: 2  value: 7761.884 mgc: 0.0005757681 ustep: 1 
iter: 3  mgc: 2.909673e-10 
iter: 1  mgc: 2.909673e-10 
outer mgc:  0.1410959 
iter: 1  value: 7757.044 mgc: 0.8838648 ustep: 1 
iter: 2  value: 7757.044 mgc: 0.0001527382 ustep: 1 
iter: 3  mgc: 4.345857e-11 
iter: 1  mgc: 4.345857e-11 
outer mgc:  0.1387249 
iter: 1  value: 7752.856 mgc: 0.7475902 ustep: 1 
iter: 2  value: 7752.856 mgc: 8.491499e-05 ustep: 1 
iter: 3  mgc: 6.076473e-12 
iter: 1  mgc: 6.076473e-12 
outer mgc:  0.1043287 
iter: 1  value: 7747.229 mgc: 1.109868 ustep: 1 
iter: 2  value: 7747.229 mgc: 0.0001233143 ustep: 1 
iter: 3  mgc: 9.821477e-12 
iter: 1  mgc: 9.821477e-12 
outer mgc:  0.05509209 
iter: 1  value: 7742.498 mgc: 0.9079758 ustep: 1 
iter: 2  value: 7742.498 mgc: 5.659049e-05 ustep: 1 
iter: 3  mgc: 1.788791e-12 
iter: 1  mgc: 1.788791e-12 
outer mgc:  0.02891664 
iter: 1  value: 7738.167 mgc: 0.7947085 ustep: 1 
iter: 2  value: 7738.167 mgc: 2.957855e-05 ustep: 1 
iter: 3  mgc: 5.804246e-13 
iter: 1  mgc: 5.804246e-13 
outer mgc:  0.01892129 
iter: 1  value: 7734.182 mgc: 0.7061086 ustep: 1 
iter: 2  value: 7734.182 mgc: 1.638812e-05 ustep: 1 
iter: 3  mgc: 2.047251e-13 
iter: 1  mgc: 2.047251e-13 
outer mgc:  0.01417679 
iter: 1  value: 7730.488 mgc: 0.6503142 ustep: 1 
iter: 2  value: 7730.488 mgc: 1.02738e-05 ustep: 1 
iter: 3  mgc: 8.837375e-14 
iter: 1  mgc: 8.837375e-14 
outer mgc:  0.01061844 
iter: 1  value: 7727.62 mgc: 0.5040917 ustep: 1 
iter: 2  value: 7727.62 mgc: 4.93505e-06 ustep: 1 
iter: 3  mgc: 3.153033e-14 
iter: 1  mgc: 3.153033e-14 
outer mgc:  0.00605532 
iter: 1  value: 7725.648 mgc: 0.3462436 ustep: 1 
iter: 2  value: 7725.648 mgc: 2.020479e-06 ustep: 1 
iter: 3  mgc: 4.263256e-14 
iter: 1  mgc: 4.263256e-14 
outer mgc:  0.002866319 
iter: 1  value: 7724.631 mgc: 0.1752161 ustep: 1 
iter: 2  value: 7724.631 mgc: 4.717927e-07 ustep: 1 
iter: 3  mgc: 4.518608e-14 
iter: 1  mgc: 4.518608e-14 
outer mgc:  0.0005463598 
iter: 1  value: 7724.302 mgc: 0.05590911 ustep: 1 
iter: 2  value: 7724.302 mgc: 4.737443e-08 ustep: 1 
mgc: 3.330669e-14 
iter: 1  mgc: 3.330669e-14 
outer mgc:  0.0001785175 
iter: 1  mgc: 3.330669e-14 
iter: 1  mgc: 3.330669e-14 
outer mgc:  0.0001785175 
iter: 1  value: 7724.304 mgc: 0.00524879 ustep: 1 
iter: 2  value: 7724.304 mgc: 1.689471e-08 ustep: 1 
iter: 3  mgc: 3.030909e-14 
outer mgc:  0.1657581 
iter: 1  value: 7724.301 mgc: 0.005246951 ustep: 1 
iter: 2  value: 7724.301 mgc: 1.689146e-08 ustep: 1 
iter: 3  mgc: 2.475797e-14 
outer mgc:  0.1656874 
iter: 1  value: 7724.303 mgc: 0.002898637 ustep: 1 
iter: 2  mgc: 9.770968e-10 
outer mgc:  0.09037552 
iter: 1  value: 7724.302 mgc: 0.002898696 ustep: 1 
iter: 2  mgc: 9.763947e-10 
outer mgc:  0.09031984 
iter: 1  value: 7724.305 mgc: 0.005198689 ustep: 1 
iter: 2  value: 7724.305 mgc: 6.602462e-08 ustep: 1 
iter: 3  mgc: 4.973799e-14 
outer mgc:  0.1947517 
iter: 1  value: 7724.299 mgc: 0.005198295 ustep: 1 
iter: 2  value: 7724.299 mgc: 6.595841e-08 ustep: 1 
iter: 3  mgc: 3.108624e-14 
outer mgc:  0.1947653 
iter: 1  value: 7724.303 mgc: 0.002810659 ustep: 1 
iter: 2  mgc: 7.23144e-09 
outer mgc:  0.09980557 
iter: 1  value: 7724.301 mgc: 0.002810302 ustep: 1 
iter: 2  mgc: 7.234296e-09 
outer mgc:  0.09978928 
iter: 1  value: 7724.347 mgc: 0.1933051 ustep: 1 
iter: 2  value: 7724.347 mgc: 5.784651e-07 ustep: 1 
iter: 3  mgc: 3.863576e-14 
outer mgc:  0.008402865 
iter: 1  value: 7724.257 mgc: 0.1938863 ustep: 1 
iter: 2  value: 7724.257 mgc: 5.777292e-07 ustep: 1 
iter: 3  mgc: 6.306067e-14 
outer mgc:  0.008458356 
iter: 1  value: 7724.342 mgc: 0.1999013 ustep: 1 
iter: 2  value: 7724.342 mgc: 6.338798e-07 ustep: 1 
iter: 3  mgc: 2.758904e-14 
outer mgc:  0.01120984 
iter: 1  value: 7724.262 mgc: 0.2004939 ustep: 1 
iter: 2  value: 7724.262 mgc: 6.330823e-07 ustep: 1 
iter: 3  mgc: 7.904788e-14 
outer mgc:  0.01109229 
iter: 1  value: 7724.295 mgc: 0.00113607 ustep: 1 
iter: 2  mgc: 2.036726e-11 
outer mgc:  0.0001093118 
iter: 1  value: 7724.309 mgc: 0.00113591 ustep: 1 
iter: 2  mgc: 2.038325e-11 
outer mgc:  0.000247751 
iter: 1  value: 7724.297 mgc: 0.004243959 ustep: 1 
iter: 2  value: 7724.297 mgc: 1.223846e-07 ustep: 1 
iter: 3  mgc: 6.44762e-14 
outer mgc:  0.07600579 
iter: 1  value: 7724.307 mgc: 0.004240997 ustep: 1 
iter: 2  value: 7724.307 mgc: 1.220402e-07 ustep: 1 
iter: 3  mgc: 3.430589e-14 
outer mgc:  0.07634164 
[Sat Aug 14 02:36:36 2021]
Finished job 0.
1 of 1 steps (100%) done
