Building DAG of jobs...
Using shell: /usr/bin/bash
Provided cores: 1 (use --cores to define parallelism)
Rules claiming more threads will be scaled down.
Job counts:
	count	jobs
	1	inference_simulation_TMB_multiple
	1

[Mon Aug 16 00:27:22 2021]
rule inference_simulation_TMB_multiple:
    input: ../data/assessing_models_simulation/datasets/multiple_GenerationJnorm3_100_100_10_5_0.1_NA_NA_NA_dataset1.RDS
    output: ../data/assessing_models_simulation/inference_results/TMB/nlminb/multiple_GenerationJnorm3_100_100_10_5_0.1_fullREDMsinglelambda_NA_NA_NA_dataset1.RDS
    log: logs/inference/nlminb/simulation_GenerationJnorm3_100_100_10_5_0.1_ModelfullREDMsinglelambda_NA_NA_NA_dataset1.log
    jobid: 0
    wildcards: optimiser=nlminb, datasetgeneration=GenerationJnorm3, n=100, nlambda=100, lmbda=10, d=5, beta_intensity=0.1, model=fullREDMsinglelambda, fixed_beta_intercept=NA, fixed_beta_slope=NA, sdRE_input=NA, itnum=1

Rscript 2_inference_TMB/run_TMB.R --input ../data/assessing_models_simulation/datasets/multiple_GenerationJnorm3_100_100_10_5_0.1_NA_NA_NA_dataset1.RDS --output ../data/assessing_models_simulation/inference_results/TMB/nlminb/multiple_GenerationJnorm3_100_100_10_5_0.1_fullREDMsinglelambda_NA_NA_NA_dataset1.RDS --model fullREDMsinglelambda --optimiser nlminb
Model: fullREDMsinglelambda 
Feature type: signatures 
Using nlminb: TRUE 
Simulation boolean: TRUE 
make: Nothing to be done for 'all'.
../data/assessing_models_simulation/datasets/multiple_GenerationJnorm3_100_100_10_5_0.1_NA_NA_NA_dataset1.RDS[1] "../data/assessing_models_simulation/datasets/multiple_GenerationJnorm3_100_100_10_5_0.1_NA_NA_NA_dataset1.RDS"
Reading file ../data/assessing_models_simulation/datasets/multiple_GenerationJnorm3_100_100_10_5_0.1_NA_NA_NA_dataset1.RDS 
Loading required package: nnet
# weights:  15 (8 variable)
initial  value 32129.209046 
iter  10 value 31035.459075
final  value 30810.002364 
converged
Order of parameters:
[1] "beta"       "u_large"    "logs_sd_RE" "cov_par_RE" "log_lambda"
Not matching template order:
[1] "beta"       "logs_sd_RE" "cov_par_RE" "log_lambda" "u_large"   
Your parameter list has been re-ordered.
(Disable this warning with checkParameterOrder=FALSE)
Constructing atomic invpd
Constructing atomic D_lgamma
Constructing atomic invpd
Constructing atomic D_lgamma
Constructing atomic matmul
Constructing atomic invpd
Constructing atomic D_lgamma
Constructing atomic matmul
Optimizing tape... Done
iter: 1  value: 28096.57 mgc: 6.971502 ustep: 0.989901 
iter: 2  value: 28077.45 mgc: 9.655909 ustep: 0.9949382 
iter: 3  value: 27947.75 mgc: 7.847206 ustep: 0.7753508 
iter: 4  value: 27917.3 mgc: 8.317406 ustep: 0.880552 
iter: 5  value: 27904.62 mgc: 7.022502 ustep: 0.7516981 
iter: 6  value: 27891.53 mgc: 4.735426 ustep: 0.8670185 
iter: 7  value: 27886.96 mgc: 6.571054 ustep: 0.7375242 
iter: 8  value: 27849.93 mgc: 5.4191 ustep: 0.6241802 
iter: 9  value: 27849.4 mgc: 1.423594 ustep: 0.7900718 
iter: 10  value: 27849.38 mgc: 0.2242444 ustep: 0.8888709 
iter: 11  value: 27849.37 mgc: 0.02373647 ustep: 0.9428052 
iter: 12  value: 27849.37 mgc: 0.003311187 ustep: 0.9709845 
iter: 13  value: 27849.37 mgc: 0.0004681688 ustep: 0.9853869 
iter: 14  value: 27849.37 mgc: 3.91923e-05 ustep: 0.9926673 
iter: 15  value: 27849.37 mgc: 1.72853e-06 ustep: 0.9963273 
iter: 16  value: 27849.37 mgc: 3.903281e-08 ustep: 0.9981621 
iter: 17  mgc: 4.455751e-10 
iter: 1  mgc: 4.455751e-10 
Matching hessian patterns... Done
outer mgc:  273.1527 
iter: 1  value: 27531.59 mgc: 2.297246 ustep: 1 
iter: 2  value: 27531.35 mgc: 0.5000116 ustep: 1 
iter: 3  value: 27531.35 mgc: 0.008756049 ustep: 1 
iter: 4  value: 27531.35 mgc: 2.811224e-06 ustep: 1 
iter: 5  mgc: 3.693157e-13 
iter: 1  value: 27358.44 mgc: 4.231308 ustep: 1 
iter: 2  value: 27358.02 mgc: 1.007209 ustep: 1 
iter: 3  value: 27358.02 mgc: 0.01708092 ustep: 1 
iter: 4  value: 27358.02 mgc: 6.675288e-06 ustep: 1 
iter: 5  mgc: 5.166756e-12 
iter: 1  mgc: 5.166756e-12 
outer mgc:  113.5368 
iter: 1  value: 27360.4 mgc: 10.93393 ustep: 1 
iter: 2  value: 27351.9 mgc: 1.315534 ustep: 1 
iter: 3  value: 27351.88 mgc: 0.1336906 ustep: 1 
iter: 4  value: 27351.88 mgc: 0.0005503183 ustep: 1 
iter: 5  value: 27351.88 mgc: 3.859745e-08 ustep: 1 
iter: 6  mgc: 2.553513e-15 
iter: 1  mgc: 2.553513e-15 
outer mgc:  157.0059 
iter: 1  value: 27179.36 mgc: 4.905314 ustep: 1 
iter: 2  value: 27179.22 mgc: 0.2969088 ustep: 1 
iter: 3  value: 27179.22 mgc: 0.001778847 ustep: 1 
iter: 4  value: 27179.22 mgc: 1.057111e-07 ustep: 1 
iter: 5  mgc: 5.329071e-15 
iter: 1  mgc: 5.329071e-15 
outer mgc:  27.92691 
iter: 1  value: 27180.21 mgc: 8.334581 ustep: 1 
iter: 2  value: 27179.84 mgc: 0.4805791 ustep: 1 
iter: 3  value: 27179.84 mgc: 0.00503818 ustep: 1 
iter: 4  value: 27179.84 mgc: 1.265438e-06 ustep: 1 
iter: 5  mgc: 1.088019e-13 
iter: 1  value: 27170.09 mgc: 3.211732 ustep: 1 
iter: 2  value: 27170.06 mgc: 0.1428708 ustep: 1 
iter: 3  value: 27170.06 mgc: 0.0004411564 ustep: 1 
iter: 4  mgc: 7.862381e-09 
iter: 1  mgc: 7.862381e-09 
outer mgc:  41.17106 
iter: 1  value: 27132.93 mgc: 2.337397 ustep: 1 
iter: 2  value: 27132.93 mgc: 0.03547579 ustep: 1 
iter: 3  value: 27132.93 mgc: 3.631773e-05 ustep: 1 
iter: 4  mgc: 1.575446e-10 
iter: 1  mgc: 1.575446e-10 
outer mgc:  41.82146 
iter: 1  value: 27105.82 mgc: 2.833398 ustep: 1 
iter: 2  value: 27105.81 mgc: 0.08033846 ustep: 1 
iter: 3  value: 27105.81 mgc: 0.0001476286 ustep: 1 
iter: 4  mgc: 1.967599e-09 
iter: 1  mgc: 1.967599e-09 
outer mgc:  22.42112 
iter: 1  value: 27099.39 mgc: 3.869551 ustep: 1 
iter: 2  value: 27099.38 mgc: 0.1583451 ustep: 1 
iter: 3  value: 27099.38 mgc: 0.0002247414 ustep: 1 
iter: 4  mgc: 4.661163e-10 
iter: 1  value: 27098.81 mgc: 1.340732 ustep: 1 
iter: 2  value: 27098.81 mgc: 0.02069694 ustep: 1 
iter: 3  value: 27098.81 mgc: 4.927815e-06 ustep: 1 
iter: 4  mgc: 2.642331e-13 
iter: 1  mgc: 2.642331e-13 
outer mgc:  16.98857 
iter: 1  value: 27094.07 mgc: 1.025209 ustep: 1 
iter: 2  value: 27094.07 mgc: 0.008669757 ustep: 1 
iter: 3  value: 27094.07 mgc: 6.661087e-07 ustep: 1 
iter: 4  mgc: 4.440892e-15 
iter: 1  mgc: 4.440892e-15 
outer mgc:  13.24038 
iter: 1  value: 27086 mgc: 0.7938096 ustep: 1 
iter: 2  value: 27086 mgc: 0.004735282 ustep: 1 
iter: 3  value: 27086 mgc: 2.307625e-07 ustep: 1 
iter: 4  mgc: 3.996803e-15 
iter: 1  mgc: 3.996803e-15 
outer mgc:  16.32265 
iter: 1  value: 27080.67 mgc: 0.7763682 ustep: 1 
iter: 2  value: 27080.67 mgc: 0.00964 ustep: 1 
iter: 3  value: 27080.67 mgc: 1.754117e-06 ustep: 1 
iter: 4  mgc: 6.394885e-14 
iter: 1  mgc: 6.394885e-14 
outer mgc:  14.61915 
iter: 1  value: 27076.86 mgc: 0.7904303 ustep: 1 
iter: 2  value: 27076.86 mgc: 0.006134124 ustep: 1 
iter: 3  value: 27076.86 mgc: 5.500633e-07 ustep: 1 
iter: 4  mgc: 5.329071e-15 
iter: 1  mgc: 5.329071e-15 
outer mgc:  12.21551 
iter: 1  value: 27072.07 mgc: 0.8329327 ustep: 1 
iter: 2  value: 27072.07 mgc: 0.005795555 ustep: 1 
iter: 3  value: 27072.07 mgc: 8.701762e-07 ustep: 1 
iter: 4  mgc: 1.909584e-14 
iter: 1  mgc: 1.909584e-14 
outer mgc:  16.3374 
iter: 1  value: 27070.42 mgc: 0.8344724 ustep: 1 
iter: 2  value: 27070.42 mgc: 0.005126908 ustep: 1 
iter: 3  value: 27070.42 mgc: 3.467224e-07 ustep: 1 
iter: 4  mgc: 5.495604e-15 
iter: 1  mgc: 5.495604e-15 
outer mgc:  11.75119 
iter: 1  value: 27067.75 mgc: 0.7256528 ustep: 1 
iter: 2  value: 27067.75 mgc: 0.01361392 ustep: 1 
iter: 3  value: 27067.75 mgc: 3.977974e-06 ustep: 1 
iter: 4  mgc: 3.690381e-13 
iter: 1  mgc: 3.690381e-13 
outer mgc:  11.02547 
iter: 1  value: 27063.79 mgc: 0.7076001 ustep: 1 
iter: 2  value: 27063.79 mgc: 0.007072776 ustep: 1 
iter: 3  value: 27063.79 mgc: 7.534543e-07 ustep: 1 
iter: 4  mgc: 7.105427e-15 
iter: 1  mgc: 7.105427e-15 
outer mgc:  9.214921 
iter: 1  value: 27061.48 mgc: 0.8748979 ustep: 1 
iter: 2  value: 27061.48 mgc: 0.01201803 ustep: 1 
iter: 3  value: 27061.48 mgc: 3.512173e-06 ustep: 1 
iter: 4  mgc: 3.148592e-13 
iter: 1  value: 27061.95 mgc: 0.4598262 ustep: 1 
iter: 2  value: 27061.95 mgc: 0.001722196 ustep: 1 
iter: 3  value: 27061.95 mgc: 5.848654e-08 ustep: 1 
iter: 4  mgc: 5.77316e-15 
iter: 1  mgc: 5.77316e-15 
outer mgc:  9.802353 
iter: 1  value: 27059.24 mgc: 0.4204135 ustep: 1 
iter: 2  value: 27059.24 mgc: 0.001010071 ustep: 1 
iter: 3  value: 27059.24 mgc: 1.782825e-08 ustep: 1 
mgc: 5.662137e-15 
iter: 1  mgc: 5.662137e-15 
outer mgc:  7.575464 
iter: 1  value: 27057.38 mgc: 0.2696084 ustep: 1 
iter: 2  value: 27057.38 mgc: 0.001376271 ustep: 1 
iter: 3  value: 27057.38 mgc: 4.979247e-08 ustep: 1 
mgc: 5.107026e-15 
iter: 1  mgc: 5.107026e-15 
outer mgc:  3.984644 
iter: 1  value: 27053.7 mgc: 0.3002245 ustep: 1 
iter: 2  value: 27053.7 mgc: 0.001972882 ustep: 1 
iter: 3  value: 27053.7 mgc: 8.854884e-08 ustep: 1 
iter: 4  mgc: 6.661338e-15 
iter: 1  mgc: 6.661338e-15 
outer mgc:  5.535721 
iter: 1  value: 27047.86 mgc: 0.8643462 ustep: 1 
iter: 2  value: 27047.86 mgc: 0.007923369 ustep: 1 
iter: 3  value: 27047.86 mgc: 7.037857e-07 ustep: 1 
iter: 4  mgc: 8.21565e-15 
iter: 1  mgc: 8.21565e-15 
outer mgc:  12.49656 
iter: 1  value: 27036.09 mgc: 0.7714923 ustep: 1 
iter: 2  value: 27036.09 mgc: 0.007108766 ustep: 1 
iter: 3  value: 27036.09 mgc: 5.075752e-07 ustep: 1 
iter: 4  mgc: 6.439294e-15 
iter: 1  mgc: 6.439294e-15 
outer mgc:  11.32888 
iter: 1  value: 27032.59 mgc: 1.540485 ustep: 1 
iter: 2  value: 27032.59 mgc: 0.007880403 ustep: 1 
iter: 3  value: 27032.59 mgc: 6.400975e-07 ustep: 1 
iter: 4  mgc: 7.327472e-15 
iter: 1  mgc: 7.327472e-15 
outer mgc:  8.657747 
iter: 1  value: 27027.63 mgc: 1.626983 ustep: 1 
iter: 2  value: 27027.63 mgc: 0.01432737 ustep: 1 
iter: 3  value: 27027.63 mgc: 2.507762e-06 ustep: 1 
iter: 4  mgc: 4.662937e-14 
iter: 1  mgc: 4.662937e-14 
outer mgc:  6.256498 
iter: 1  value: 27019.72 mgc: 0.6124343 ustep: 1 
iter: 2  value: 27019.72 mgc: 0.004136263 ustep: 1 
iter: 3  value: 27019.72 mgc: 3.908572e-07 ustep: 1 
iter: 4  mgc: 6.217249e-15 
iter: 1  value: 27023.1 mgc: 0.6385718 ustep: 1 
iter: 2  value: 27023.1 mgc: 0.001967737 ustep: 1 
iter: 3  value: 27023.1 mgc: 9.649378e-08 ustep: 1 
iter: 4  mgc: 6.217249e-15 
iter: 1  mgc: 6.217249e-15 
outer mgc:  11.17682 
iter: 1  value: 27020.41 mgc: 0.5861125 ustep: 1 
iter: 2  value: 27020.41 mgc: 0.001254451 ustep: 1 
iter: 3  value: 27020.41 mgc: 1.209478e-08 ustep: 1 
mgc: 6.883383e-15 
iter: 1  mgc: 6.883383e-15 
outer mgc:  7.131566 
iter: 1  value: 27015.02 mgc: 0.4672889 ustep: 1 
iter: 2  value: 27015.02 mgc: 0.001005035 ustep: 1 
iter: 3  value: 27015.02 mgc: 1.647799e-08 ustep: 1 
mgc: 7.993606e-15 
iter: 1  mgc: 7.993606e-15 
outer mgc:  1.618768 
iter: 1  value: 27008.68 mgc: 0.7679434 ustep: 1 
iter: 2  value: 27008.68 mgc: 0.001958889 ustep: 1 
iter: 3  value: 27008.68 mgc: 4.642253e-08 ustep: 1 
mgc: 5.995204e-15 
iter: 1  mgc: 5.995204e-15 
outer mgc:  6.038065 
iter: 1  value: 27006.26 mgc: 0.3148599 ustep: 1 
iter: 2  value: 27006.26 mgc: 0.0006995658 ustep: 1 
iter: 3  value: 27006.26 mgc: 1.271405e-08 ustep: 1 
mgc: 5.551115e-15 
iter: 1  mgc: 5.551115e-15 
outer mgc:  2.263724 
iter: 1  value: 27000.54 mgc: 0.7123147 ustep: 1 
iter: 2  value: 27000.54 mgc: 0.002579806 ustep: 1 
iter: 3  value: 27000.54 mgc: 6.324589e-08 ustep: 1 
mgc: 7.549517e-15 
iter: 1  mgc: 7.549517e-15 
outer mgc:  2.944787 
iter: 1  value: 26995.93 mgc: 0.9073025 ustep: 1 
iter: 2  value: 26995.93 mgc: 0.001861386 ustep: 1 
iter: 3  value: 26995.93 mgc: 4.429802e-08 ustep: 1 
iter: 4  mgc: 6.661338e-15 
iter: 1  mgc: 6.661338e-15 
outer mgc:  1.753732 
iter: 1  value: 26989.9 mgc: 0.2777702 ustep: 1 
iter: 2  value: 26989.9 mgc: 0.0006510119 ustep: 1 
iter: 3  mgc: 7.17065e-09 
iter: 1  mgc: 7.17065e-09 
outer mgc:  3.524215 
iter: 1  value: 26984.6 mgc: 0.2441433 ustep: 1 
iter: 2  value: 26984.6 mgc: 0.0004043922 ustep: 1 
iter: 3  mgc: 4.613211e-09 
iter: 1  mgc: 4.613211e-09 
outer mgc:  3.66145 
iter: 1  value: 26979.93 mgc: 0.2843029 ustep: 1 
iter: 2  value: 26979.93 mgc: 0.0006326736 ustep: 1 
iter: 3  mgc: 2.12415e-09 
iter: 1  mgc: 2.12415e-09 
outer mgc:  1.609736 
iter: 1  value: 26976.76 mgc: 0.5359953 ustep: 1 
iter: 2  value: 26976.76 mgc: 0.0006233951 ustep: 1 
iter: 3  mgc: 7.663562e-09 
iter: 1  mgc: 7.663562e-09 
outer mgc:  2.254075 
iter: 1  value: 26971.65 mgc: 0.2344267 ustep: 1 
iter: 2  value: 26971.65 mgc: 0.0003166702 ustep: 1 
iter: 3  mgc: 1.817007e-09 
iter: 1  mgc: 1.817007e-09 
outer mgc:  2.253081 
iter: 1  value: 26966.96 mgc: 0.4086311 ustep: 1 
iter: 2  value: 26966.96 mgc: 0.0003741084 ustep: 1 
iter: 3  mgc: 4.142763e-09 
iter: 1  mgc: 4.142763e-09 
outer mgc:  1.257696 
iter: 1  value: 26960.66 mgc: 0.409746 ustep: 1 
iter: 2  value: 26960.66 mgc: 0.0009932982 ustep: 1 
iter: 3  value: 26960.66 mgc: 2.511563e-08 ustep: 1 
mgc: 8.437695e-15 
iter: 1  mgc: 8.437695e-15 
outer mgc:  3.199864 
iter: 1  value: 26955.83 mgc: 0.5384279 ustep: 1 
iter: 2  value: 26955.83 mgc: 0.0003807263 ustep: 1 
iter: 3  mgc: 4.166935e-09 
iter: 1  mgc: 4.166935e-09 
outer mgc:  3.986786 
iter: 1  value: 26954.32 mgc: 0.4490997 ustep: 1 
iter: 2  value: 26954.32 mgc: 0.0008858626 ustep: 1 
iter: 3  value: 26954.32 mgc: 3.858759e-08 ustep: 1 
mgc: 7.605028e-15 
iter: 1  mgc: 7.605028e-15 
outer mgc:  2.847647 
iter: 1  value: 26948.94 mgc: 0.4251325 ustep: 1 
iter: 2  value: 26948.94 mgc: 0.0006493744 ustep: 1 
iter: 3  mgc: 2.601989e-09 
iter: 1  mgc: 2.601989e-09 
outer mgc:  1.464839 
iter: 1  value: 26944.42 mgc: 0.4461752 ustep: 1 
iter: 2  value: 26944.42 mgc: 0.002128512 ustep: 1 
iter: 3  value: 26944.42 mgc: 9.647387e-08 ustep: 1 
iter: 4  mgc: 1.287859e-14 
iter: 1  value: 26948.12 mgc: 0.1547601 ustep: 1 
iter: 2  value: 26948.12 mgc: 0.0002442604 ustep: 1 
iter: 3  mgc: 1.311472e-09 
iter: 1  mgc: 1.311472e-09 
outer mgc:  2.104497 
iter: 1  value: 26947.98 mgc: 0.0682119 ustep: 1 
iter: 2  value: 26947.98 mgc: 6.995263e-05 ustep: 1 
iter: 3  mgc: 1.096163e-10 
iter: 1  mgc: 1.096163e-10 
outer mgc:  0.8450959 
iter: 1  value: 26947.34 mgc: 0.05008246 ustep: 1 
iter: 2  value: 26947.34 mgc: 5.754093e-06 ustep: 1 
iter: 3  mgc: 1.159517e-12 
iter: 1  mgc: 1.159517e-12 
outer mgc:  1.324754 
iter: 1  value: 26946.76 mgc: 0.04151015 ustep: 1 
iter: 2  value: 26946.76 mgc: 5.892231e-06 ustep: 1 
iter: 3  mgc: 1.051159e-12 
iter: 1  mgc: 1.051159e-12 
outer mgc:  0.4409741 
iter: 1  value: 26945.24 mgc: 0.06847531 ustep: 1 
iter: 2  value: 26945.24 mgc: 1.698787e-05 ustep: 1 
iter: 3  mgc: 8.819168e-12 
iter: 1  value: 26943.47 mgc: 0.08050536 ustep: 1 
iter: 2  value: 26943.47 mgc: 1.163062e-05 ustep: 1 
iter: 3  mgc: 5.135004e-12 
iter: 1  value: 26934.63 mgc: 0.4378409 ustep: 1 
iter: 2  value: 26934.63 mgc: 0.0003042425 ustep: 1 
iter: 3  mgc: 3.36054e-09 
iter: 1  mgc: 3.36054e-09 
outer mgc:  0.9971449 
iter: 1  value: 26922.05 mgc: 0.6495876 ustep: 1 
iter: 2  value: 26922.05 mgc: 0.0007527551 ustep: 1 
iter: 3  mgc: 6.236485e-09 
iter: 1  mgc: 6.236485e-09 
outer mgc:  1.843327 
iter: 1  value: 26911.18 mgc: 0.7938804 ustep: 1 
iter: 2  value: 26911.18 mgc: 0.001311699 ustep: 1 
iter: 3  value: 26911.18 mgc: 3.519767e-08 ustep: 1 
mgc: 1.554312e-14 
iter: 1  mgc: 1.554312e-14 
outer mgc:  1.38402 
iter: 1  value: 26899.84 mgc: 0.5881828 ustep: 1 
iter: 2  value: 26899.84 mgc: 0.000591655 ustep: 1 
iter: 3  mgc: 7.625149e-09 
iter: 1  mgc: 7.625149e-09 
outer mgc:  1.401527 
iter: 1  value: 26892.21 mgc: 0.6166969 ustep: 1 
iter: 2  value: 26892.21 mgc: 0.0006561577 ustep: 1 
iter: 3  mgc: 9.009787e-09 
iter: 1  mgc: 9.009787e-09 
outer mgc:  1.077827 
iter: 1  value: 26883.91 mgc: 0.5409956 ustep: 1 
iter: 2  value: 26883.91 mgc: 0.0001879834 ustep: 1 
iter: 3  mgc: 8.604606e-10 
iter: 1  mgc: 8.604606e-10 
outer mgc:  2.625299 
iter: 1  value: 26870.45 mgc: 0.6158124 ustep: 1 
iter: 2  value: 26870.45 mgc: 0.000245688 ustep: 1 
iter: 3  mgc: 1.212055e-09 
iter: 1  mgc: 1.212055e-09 
outer mgc:  1.224958 
iter: 1  value: 26856.17 mgc: 0.8883055 ustep: 1 
iter: 2  value: 26856.17 mgc: 0.0006848087 ustep: 1 
iter: 3  mgc: 4.034352e-09 
iter: 1  mgc: 4.034352e-09 
outer mgc:  1.827944 
iter: 1  value: 26839.91 mgc: 0.8778949 ustep: 1 
iter: 2  value: 26839.91 mgc: 0.0002462073 ustep: 1 
iter: 3  mgc: 7.881302e-10 
iter: 1  mgc: 7.881302e-10 
outer mgc:  2.124366 
iter: 1  value: 26820.87 mgc: 1.099879 ustep: 1 
iter: 2  value: 26820.87 mgc: 0.001122599 ustep: 1 
iter: 3  value: 26820.87 mgc: 2.5998e-08 ustep: 1 
mgc: 3.508305e-14 
iter: 1  mgc: 3.508305e-14 
outer mgc:  0.8008333 
iter: 1  value: 26807.39 mgc: 1.228341 ustep: 1 
iter: 2  value: 26807.39 mgc: 0.0002121059 ustep: 1 
iter: 3  mgc: 1.036363e-09 
iter: 1  mgc: 1.036363e-09 
outer mgc:  1.83259 
iter: 1  value: 26794.44 mgc: 0.7277417 ustep: 1 
iter: 2  value: 26794.44 mgc: 0.0001198561 ustep: 1 
iter: 3  mgc: 2.151586e-10 
iter: 1  mgc: 2.151586e-10 
outer mgc:  0.757218 
iter: 1  value: 26781.1 mgc: 0.8054548 ustep: 1 
iter: 2  value: 26781.1 mgc: 0.0001361948 ustep: 1 
iter: 3  mgc: 4.24194e-11 
iter: 1  mgc: 4.24194e-11 
outer mgc:  0.7703192 
iter: 1  value: 26769.64 mgc: 1.435106 ustep: 1 
iter: 2  value: 26769.64 mgc: 9.666846e-05 ustep: 1 
iter: 3  mgc: 1.387148e-10 
iter: 1  value: 26753.61 mgc: 2.500215 ustep: 1 
iter: 2  value: 26753.61 mgc: 0.0001254505 ustep: 1 
iter: 3  mgc: 2.295735e-10 
iter: 1  mgc: 2.295735e-10 
outer mgc:  0.8600677 
iter: 1  value: 26730.73 mgc: 5.040811 ustep: 1 
iter: 2  value: 26730.73 mgc: 0.0002539315 ustep: 1 
iter: 3  mgc: 8.33015e-10 
iter: 1  mgc: 8.33015e-10 
outer mgc:  0.864043 
iter: 1  value: 26710.55 mgc: 8.463687 ustep: 1 
iter: 2  value: 26710.55 mgc: 0.0002555959 ustep: 1 
iter: 3  mgc: 2.678542e-09 
iter: 1  mgc: 2.678542e-09 
outer mgc:  0.4794251 
iter: 1  value: 26690.74 mgc: 4.758136 ustep: 1 
iter: 2  value: 26690.74 mgc: 0.0002357465 ustep: 1 
iter: 3  mgc: 1.230933e-09 
iter: 1  mgc: 1.230933e-09 
outer mgc:  0.3482016 
iter: 1  value: 26671.99 mgc: 1.695122 ustep: 1 
iter: 2  value: 26671.99 mgc: 6.794561e-05 ustep: 1 
iter: 3  mgc: 6.225798e-12 
iter: 1  value: 26648.38 mgc: 2.997133 ustep: 1 
iter: 2  value: 26648.38 mgc: 0.0001141272 ustep: 1 
iter: 3  mgc: 1.026046e-11 
iter: 1  mgc: 1.026046e-11 
outer mgc:  0.4380523 
iter: 1  value: 26621.07 mgc: 1.863827 ustep: 1 
iter: 2  value: 26621.07 mgc: 2.76344e-05 ustep: 1 
iter: 3  mgc: 4.332756e-12 
iter: 1  mgc: 4.332756e-12 
outer mgc:  0.1889875 
iter: 1  value: 26582.68 mgc: 2.541562 ustep: 1 
iter: 2  value: 26582.68 mgc: 1.088263e-05 ustep: 1 
iter: 3  mgc: 1.326494e-12 
iter: 1  mgc: 1.326494e-12 
outer mgc:  0.1456101 
iter: 1  value: 26550.8 mgc: 3.970712 ustep: 1 
iter: 2  value: 26550.8 mgc: 1.078646e-05 ustep: 1 
iter: 3  mgc: 2.112088e-12 
iter: 1  mgc: 2.112088e-12 
outer mgc:  0.3154312 
iter: 1  value: 26522.53 mgc: 3.641663 ustep: 1 
iter: 2  value: 26522.53 mgc: 4.6089e-06 ustep: 1 
iter: 3  mgc: 6.259021e-13 
iter: 1  mgc: 6.259021e-13 
outer mgc:  0.1395481 
iter: 1  value: 26481 mgc: 3.550254 ustep: 1 
iter: 2  value: 26481 mgc: 3.268399e-06 ustep: 1 
iter: 3  mgc: 1.071143e-12 
iter: 1  mgc: 1.071143e-12 
outer mgc:  0.04992981 
iter: 1  value: 26446.7 mgc: 3.578124 ustep: 1 
iter: 2  value: 26446.7 mgc: 1.224948e-06 ustep: 1 
iter: 3  mgc: 1.798339e-12 
iter: 1  mgc: 1.798339e-12 
outer mgc:  0.05694732 
iter: 1  value: 26407.36 mgc: 4.259807 ustep: 1 
iter: 2  value: 26407.36 mgc: 6.253451e-07 ustep: 1 
iter: 3  mgc: 3.970047e-12 
iter: 1  mgc: 3.970047e-12 
outer mgc:  0.03539864 
iter: 1  value: 26374.46 mgc: 10.00298 ustep: 1 
iter: 2  value: 26374.46 mgc: 4.406958e-07 ustep: 1 
iter: 3  mgc: 4.328093e-12 
iter: 1  mgc: 4.328093e-12 
outer mgc:  0.006160929 
iter: 1  value: 26334.06 mgc: 10.49657 ustep: 1 
iter: 2  value: 26334.06 mgc: 2.520971e-07 ustep: 1 
iter: 3  mgc: 1.309663e-11 
iter: 1  mgc: 1.309663e-11 
outer mgc:  0.01969264 
iter: 1  value: 26300.43 mgc: 29.41652 ustep: 1 
iter: 2  value: 26300.43 mgc: 1.408513e-07 ustep: 1 
iter: 3  mgc: 1.843037e-11 
iter: 1  mgc: 1.843037e-11 
outer mgc:  0.003728973 
iter: 1  value: 26260.06 mgc: 29.19508 ustep: 1 
iter: 2  value: 26260.06 mgc: 9.390947e-08 ustep: 1 
iter: 3  mgc: 4.464651e-11 
iter: 1  mgc: 4.464651e-11 
outer mgc:  0.01240543 
iter: 1  value: 26226.48 mgc: 71.62131 ustep: 1 
iter: 2  value: 26226.48 mgc: 4.454059e-08 ustep: 1 
iter: 3  mgc: 4.429257e-11 
iter: 1  mgc: 4.429257e-11 
outer mgc:  0.003848082 
iter: 1  value: 26186.07 mgc: 83.18157 ustep: 1 
iter: 2  value: 26186.07 mgc: 3.547773e-08 ustep: 1 
iter: 3  mgc: 1.368772e-10 
iter: 1  mgc: 1.368772e-10 
outer mgc:  0.007035673 
iter: 1  value: 26152.46 mgc: 173.6417 ustep: 1 
iter: 2  value: 26152.46 mgc: 1.410943e-08 ustep: 1 
mgc: 2.729981e-10 
iter: 1  mgc: 2.729981e-10 
outer mgc:  0.003079404 
iter: 1  value: 26111.83 mgc: 282.0915 ustep: 1 
iter: 2  value: 26111.83 mgc: 1.448287e-08 ustep: 1 
mgc: 5.137077e-10 
iter: 1  mgc: 5.137077e-10 
outer mgc:  0.003976547 
iter: 1  value: 26078.06 mgc: 562.522 ustep: 1 
iter: 2  mgc: 6.07594e-09 
iter: 1  mgc: 6.07594e-09 
outer mgc:  0.002249941 
iter: 1  mgc: 6.07594e-09 
iter: 1  mgc: 6.07594e-09 
outer mgc:  0.002249941 
iter: 1  value: 26078.06 mgc: 0.004826879 ustep: 1 
iter: 2  value: 26078.06 mgc: 9.50751e-08 ustep: 1 
iter: 3  mgc: 8.11224e-10 
outer mgc:  0.2430064 
iter: 1  value: 26078.06 mgc: 0.004823653 ustep: 1 
iter: 2  value: 26078.06 mgc: 9.501744e-08 ustep: 1 
iter: 3  mgc: 8.95966e-10 
outer mgc:  0.2448215 
iter: 1  value: 26078.06 mgc: 0.002823982 ustep: 1 
iter: 2  value: 26078.06 mgc: 4.270566e-08 ustep: 1 
iter: 3  mgc: 8.741652e-10 
outer mgc:  0.1341663 
iter: 1  value: 26078.06 mgc: 0.00282259 ustep: 1 
iter: 2  value: 26078.06 mgc: 4.277367e-08 ustep: 1 
iter: 3  mgc: 1.00298e-09 
outer mgc:  0.1357006 
iter: 1  value: 26078.06 mgc: 0.004943296 ustep: 1 
iter: 2  value: 26078.06 mgc: 4.658053e-07 ustep: 1 
iter: 3  mgc: 6.82536e-10 
outer mgc:  0.2044674 
iter: 1  value: 26078.07 mgc: 0.004940401 ustep: 1 
iter: 2  value: 26078.07 mgc: 4.664581e-07 ustep: 1 
iter: 3  mgc: 7.396088e-10 
outer mgc:  0.2054058 
iter: 1  value: 26078.06 mgc: 0.003130046 ustep: 1 
iter: 2  value: 26078.06 mgc: 1.887968e-07 ustep: 1 
iter: 3  mgc: 8.033102e-10 
outer mgc:  0.1390621 
iter: 1  value: 26078.07 mgc: 0.003129224 ustep: 1 
iter: 2  value: 26078.07 mgc: 1.888423e-07 ustep: 1 
iter: 3  mgc: 9.189847e-10 
outer mgc:  0.1396768 
iter: 1  value: 26078.06 mgc: 0.004356182 ustep: 1 
iter: 2  value: 26078.06 mgc: 3.722847e-07 ustep: 1 
iter: 3  mgc: 1.073879e-09 
outer mgc:  0.1976794 
iter: 1  value: 26078.07 mgc: 0.004352914 ustep: 1 
iter: 2  value: 26078.07 mgc: 3.722394e-07 ustep: 1 
iter: 3  mgc: 8.539485e-10 
outer mgc:  0.1966078 
iter: 1  value: 26078.06 mgc: 0.002654737 ustep: 1 
iter: 2  value: 26078.06 mgc: 1.478125e-07 ustep: 1 
iter: 3  mgc: 8.45654e-10 
outer mgc:  0.127896 
iter: 1  value: 26078.07 mgc: 0.002653197 ustep: 1 
iter: 2  value: 26078.07 mgc: 1.477881e-07 ustep: 1 
iter: 3  mgc: 9.822636e-10 
outer mgc:  0.1268822 
iter: 1  value: 26078.07 mgc: 0.005884885 ustep: 1 
iter: 2  value: 26078.07 mgc: 2.047554e-07 ustep: 1 
iter: 3  mgc: 1.658944e-09 
outer mgc:  0.3249561 
iter: 1  value: 26078.06 mgc: 0.005882425 ustep: 1 
iter: 2  value: 26078.06 mgc: 2.049133e-07 ustep: 1 
iter: 3  mgc: 7.452465e-10 
outer mgc:  0.3225436 
iter: 1  value: 26078.07 mgc: 0.003165455 ustep: 1 
iter: 2  value: 26078.07 mgc: 7.637883e-08 ustep: 1 
iter: 3  mgc: 1.201014e-09 
outer mgc:  0.1952024 
iter: 1  value: 26078.06 mgc: 0.003165121 ustep: 1 
iter: 2  value: 26078.06 mgc: 7.615355e-08 ustep: 1 
iter: 3  mgc: 1.268404e-09 
outer mgc:  0.1936819 
iter: 1  value: 26078.14 mgc: 2582.525 ustep: 1 
iter: 2  value: 26078.14 mgc: 3.151089e-06 ustep: 1 
iter: 3  mgc: 1.028313e-09 
outer mgc:  0.07158156 
iter: 1  value: 26077.99 mgc: 2585.108 ustep: 1 
iter: 2  value: 26077.99 mgc: 3.144796e-06 ustep: 1 
iter: 3  mgc: 7.546479e-10 
outer mgc:  0.07231242 
iter: 1  value: 26078.14 mgc: 4073.14 ustep: 1 
iter: 2  value: 26078.14 mgc: 5.406685e-07 ustep: 1 
iter: 3  mgc: 7.247736e-10 
outer mgc:  0.0176903 
iter: 1  value: 26077.99 mgc: 4077.215 ustep: 1 
iter: 2  value: 26077.99 mgc: 5.399317e-07 ustep: 1 
iter: 3  mgc: 1.03703e-09 
outer mgc:  0.01775788 
iter: 1  value: 26078.15 mgc: 3587.932 ustep: 1 
iter: 2  value: 26078.15 mgc: 4.599573e-07 ustep: 1 
iter: 3  mgc: 8.54232e-10 
outer mgc:  0.01185729 
iter: 1  value: 26077.98 mgc: 3598.712 ustep: 1 
iter: 2  value: 26077.98 mgc: 4.582091e-07 ustep: 1 
iter: 3  mgc: 6.200628e-10 
outer mgc:  0.01043948 
iter: 1  value: 26078.12 mgc: 1019.431 ustep: 1 
iter: 2  value: 26078.12 mgc: 2.0521e-06 ustep: 1 
iter: 3  mgc: 8.2514e-10 
outer mgc:  0.09198033 
iter: 1  value: 26078 mgc: 1020.451 ustep: 1 
iter: 2  value: 26078 mgc: 2.052012e-06 ustep: 1 
iter: 3  mgc: 9.082521e-10 
outer mgc:  0.08732802 
iter: 1  value: 26078.06 mgc: 3940.433 ustep: 1 
iter: 2  value: 26078.06 mgc: 2.741024e-07 ustep: 1 
iter: 3  mgc: 6.132109e-10 
outer mgc:  0.01502326 
iter: 1  value: 26078.07 mgc: 3941.713 ustep: 1 
iter: 2  value: 26078.07 mgc: 2.743614e-07 ustep: 1 
iter: 3  mgc: 9.271637e-10 
outer mgc:  0.01692056 
iter: 1  value: 26078.06 mgc: 38.43494 ustep: 1 
iter: 2  mgc: 8.541337e-10 
outer mgc:  0.002153428 
iter: 1  value: 26078.06 mgc: 38.43488 ustep: 1 
iter: 2  mgc: 8.556951e-10 
outer mgc:  0.002346455 
iter: 1  value: 26078.07 mgc: 4.078211 ustep: 1 
iter: 2  mgc: 7.295715e-10 
outer mgc:  0.002239709 
iter: 1  value: 26078.06 mgc: 4.078287 ustep: 1 
iter: 2  mgc: 7.066934e-10 
outer mgc:  0.002260173 
iter: 1  value: 26078.06 mgc: 0.9233519 ustep: 1 
iter: 2  mgc: 9.298092e-10 
outer mgc:  0.002245115 
iter: 1  value: 26078.07 mgc: 0.9233519 ustep: 1 
iter: 2  mgc: 1.177347e-09 
outer mgc:  0.002254771 
iter: 1  value: 26078.06 mgc: 4.986045 ustep: 1 
iter: 2  mgc: 1.162051e-09 
outer mgc:  0.002224315 
iter: 1  value: 26078.06 mgc: 4.986046 ustep: 1 
iter: 2  mgc: 1.003275e-09 
outer mgc:  0.002275568 
iter: 1  value: 26078.06 mgc: 0.2528653 ustep: 1 
iter: 2  mgc: 8.098562e-10 
outer mgc:  0.00224783 
iter: 1  value: 26078.06 mgc: 0.2529382 ustep: 1 
iter: 2  mgc: 7.383618e-10 
outer mgc:  0.002252055 
iter: 1  value: 26078.03 mgc: 0.004621693 ustep: 1 
iter: 2  value: 26078.03 mgc: 2.70095e-07 ustep: 1 
iter: 3  mgc: 1.129179e-09 
outer mgc:  0.2854694 
iter: 1  value: 26078.1 mgc: 0.004618732 ustep: 1 
iter: 2  value: 26078.1 mgc: 2.701418e-07 ustep: 1 
iter: 3  mgc: 8.150796e-10 
outer mgc:  0.2873956 
[Mon Aug 16 00:27:34 2021]
Finished job 0.
1 of 1 steps (100%) done
