Building DAG of jobs...
Using shell: /usr/bin/bash
Provided cores: 40
Rules claiming more threads will be scaled down.
Job counts:
	count	jobs
	1	inference_simulation_TMB_multiple
	1
Select jobs to execute...

[Sun Aug 15 16:11:34 2021]
rule inference_simulation_TMB_multiple:
    input: ../data/assessing_models_simulation/datasets/multiple_GenerationCnorm_100_100_80_7_0.1_NA_NA_NA_dataset1.RDS
    output: ../data/assessing_models_simulation/inference_results/TMB/nlminb/multiple_GenerationCnorm_100_100_80_7_0.1_fullREDMsinglelambda_NA_NA_NA_dataset1.RDS
    log: logs/inference/nlminb/simulation_GenerationCnorm_100_100_80_7_0.1_ModelfullREDMsinglelambda_NA_NA_NA_dataset1.log
    jobid: 0
    wildcards: optimiser=nlminb, datasetgeneration=GenerationCnorm, n=100, nlambda=100, lmbda=80, d=7, beta_intensity=0.1, model=fullREDMsinglelambda, fixed_beta_intercept=NA, fixed_beta_slope=NA, sdRE_input=NA, itnum=1

Rscript 2_inference_TMB/run_TMB.R --input ../data/assessing_models_simulation/datasets/multiple_GenerationCnorm_100_100_80_7_0.1_NA_NA_NA_dataset1.RDS --output ../data/assessing_models_simulation/inference_results/TMB/nlminb/multiple_GenerationCnorm_100_100_80_7_0.1_fullREDMsinglelambda_NA_NA_NA_dataset1.RDS --model fullREDMsinglelambda --optimiser nlminb
Model: fullREDMsinglelambda 
Feature type: signatures 
Using nlminb: TRUE 
Simulation boolean: TRUE 
make: Nothing to be done for 'all'.
../data/assessing_models_simulation/datasets/multiple_GenerationCnorm_100_100_80_7_0.1_NA_NA_NA_dataset1.RDS[1] "../data/assessing_models_simulation/datasets/multiple_GenerationCnorm_100_100_80_7_0.1_NA_NA_NA_dataset1.RDS"
Reading file ../data/assessing_models_simulation/datasets/multiple_GenerationCnorm_100_100_80_7_0.1_NA_NA_NA_dataset1.RDS 
Loading required package: nnet
# weights:  21 (12 variable)
initial  value 39110.848086 
iter  10 value 35832.288517
iter  20 value 35276.891507
iter  20 value 35276.891487
iter  20 value 35276.891487
final  value 35276.891487 
converged
Order of parameters:
[1] "beta"       "u_large"    "logs_sd_RE" "cov_par_RE" "log_lambda"
Not matching template order:
[1] "beta"       "logs_sd_RE" "cov_par_RE" "log_lambda" "u_large"   
Your parameter list has been re-ordered.
(Disable this warning with checkParameterOrder=FALSE)
Constructing atomic invpd
Constructing atomic D_lgamma
Constructing atomic invpd
Constructing atomic D_lgamma
Constructing atomic matmul
Constructing atomic invpd
Constructing atomic D_lgamma
Constructing atomic matmul
Optimizing tape... Done
iter: 1  value: 36762.34 mgc: 6.036258 ustep: 0.8994163 
iter: 2  value: 36745.68 mgc: 1.313796 ustep: 0.9483808 
iter: 3  value: 36745.52 mgc: 0.189558 ustep: 0.973851 
iter: 4  value: 36745.52 mgc: 0.009041974 ustep: 0.9868402 
iter: 5  value: 36745.52 mgc: 9.801846e-05 ustep: 0.993399 
iter: 6  value: 36745.52 mgc: 1.588088e-06 ustep: 0.9966944 
iter: 7  value: 36745.52 mgc: 2.426179e-08 ustep: 0.998346 
iter: 8  mgc: 1.873175e-10 
iter: 1  mgc: 1.873175e-10 
Matching hessian patterns... Done
outer mgc:  548.4718 
iter: 1  value: 36151.08 mgc: 1.816309 ustep: 1 
iter: 2  value: 36149.84 mgc: 1.089279 ustep: 1 
iter: 3  value: 36149.84 mgc: 0.08623843 ustep: 1 
iter: 4  value: 36149.84 mgc: 0.0007833394 ustep: 1 
iter: 5  value: 36149.84 mgc: 6.826244e-08 ustep: 1 
iter: 6  mgc: 2.88658e-15 
iter: 1  value: 35382.85 mgc: 3.440125 ustep: 1 
iter: 2  value: 35382.39 mgc: 0.5528029 ustep: 1 
iter: 3  value: 35382.39 mgc: 0.01615114 ustep: 1 
iter: 4  value: 35382.39 mgc: 1.632992e-05 ustep: 1 
iter: 5  mgc: 1.706776e-11 
iter: 1  mgc: 1.706776e-11 
outer mgc:  252.7301 
iter: 1  value: 36781.45 mgc: 24.6819 ustep: 0.6827823 
iter: 2  value: 36543.77 mgc: 34.64606 ustep: 0.1236625 
iter: 3  value: 36271.34 mgc: 39.46255 ustep: 0.1037191 
iter: 4  value: 35839.48 mgc: 28.63448 ustep: 0.3221222 
iter: 5  value: 35720.97 mgc: 18.59785 ustep: 0.2033324 
iter: 6  value: 35617.87 mgc: 22.49613 ustep: 0.1391809 
iter: 7  value: 35539.5 mgc: 24.07182 ustep: 0.2082294 
iter: 8  value: 35488.06 mgc: 21.03488 ustep: 0.2626651 
iter: 9  value: 35395.19 mgc: 20.1068 ustep: 0.3017989 
iter: 10  value: 35384.63 mgc: 9.127552 ustep: 0.3287051 
iter: 11  value: 35365.62 mgc: 21.30319 ustep: 0.3467967 
iter: 12  value: 35337.86 mgc: 17.74698 ustep: 0.1992436 
iter: 13  value: 35336.51 mgc: 2.935965 ustep: 0.4464225 
iter: 14  value: 35336.27 mgc: 0.4216675 ustep: 0.6681817 
iter: 15  value: 35336.26 mgc: 0.1006565 ustep: 0.8174421 
iter: 16  value: 35336.25 mgc: 0.01359706 ustep: 0.9041346 
iter: 17  value: 35336.25 mgc: 0.0009620435 ustep: 0.9508649 
iter: 18  value: 35336.25 mgc: 3.7838e-05 ustep: 0.9751255 
iter: 19  value: 35336.25 mgc: 9.67012e-07 ustep: 0.9874857 
iter: 20  value: 35336.25 mgc: 1.251562e-08 ustep: 0.9937238 
iter: 21  mgc: 8.136786e-11 
iter: 1  value: 35153.59 mgc: 15.92752 ustep: 1 
iter: 2  value: 35101.74 mgc: 7.192568 ustep: 1 
iter: 3  value: 35100.98 mgc: 1.053783 ustep: 1 
iter: 4  value: 35100.98 mgc: 0.07255535 ustep: 1 
iter: 5  value: 35100.98 mgc: 0.0004412005 ustep: 1 
iter: 6  value: 35100.98 mgc: 1.662183e-08 ustep: 1 
mgc: 2.284284e-14 
iter: 1  mgc: 2.284284e-14 
outer mgc:  104.754 
iter: 1  value: 34811.67 mgc: 7.926152 ustep: 1 
iter: 2  value: 34809.69 mgc: 2.466651 ustep: 1 
iter: 3  value: 34809.69 mgc: 0.08805834 ustep: 1 
iter: 4  value: 34809.69 mgc: 0.0001370256 ustep: 1 
iter: 5  mgc: 3.374971e-10 
iter: 1  mgc: 3.374971e-10 
outer mgc:  228.7818 
iter: 1  value: 34891.1 mgc: 31.63667 ustep: 1 
iter: 2  value: 34855.74 mgc: 6.407169 ustep: 1 
iter: 3  value: 34855.67 mgc: 0.5044259 ustep: 1 
iter: 4  value: 34855.67 mgc: 0.003929669 ustep: 1 
iter: 5  value: 34855.67 mgc: 2.774697e-07 ustep: 1 
iter: 6  mgc: 6.306067e-14 
iter: 1  value: 34719 mgc: 12.09286 ustep: 1 
iter: 2  value: 34718.34 mgc: 0.653609 ustep: 1 
iter: 3  value: 34718.34 mgc: 0.004921047 ustep: 1 
iter: 4  value: 34718.34 mgc: 3.120656e-07 ustep: 1 
iter: 5  mgc: 3.164136e-14 
iter: 1  mgc: 3.164136e-14 
outer mgc:  56.77003 
iter: 1  value: 34643.69 mgc: 7.866247 ustep: 1 
iter: 2  value: 34643.53 mgc: 0.4016206 ustep: 1 
iter: 3  value: 34643.53 mgc: 0.001790543 ustep: 1 
iter: 4  value: 34643.53 mgc: 2.869383e-08 ustep: 1 
mgc: 3.996803e-14 
iter: 1  mgc: 3.996803e-14 
outer mgc:  131.3578 
iter: 1  value: 34573.45 mgc: 6.73202 ustep: 1 
iter: 2  value: 34573.35 mgc: 0.4556102 ustep: 1 
iter: 3  value: 34573.35 mgc: 0.002566341 ustep: 1 
iter: 4  value: 34573.35 mgc: 9.530459e-08 ustep: 1 
mgc: 5.77316e-14 
iter: 1  mgc: 5.77316e-14 
outer mgc:  187.0259 
iter: 1  value: 34618.59 mgc: 11.48491 ustep: 1 
iter: 2  value: 34618.21 mgc: 0.9846757 ustep: 1 
iter: 3  value: 34618.21 mgc: 0.0102701 ustep: 1 
iter: 4  value: 34618.21 mgc: 1.032471e-06 ustep: 1 
iter: 5  mgc: 5.151435e-14 
iter: 1  value: 34536.57 mgc: 4.354657 ustep: 1 
iter: 2  value: 34536.56 mgc: 0.1464663 ustep: 1 
iter: 3  value: 34536.56 mgc: 0.0002014876 ustep: 1 
iter: 4  mgc: 3.164997e-10 
iter: 1  mgc: 3.164997e-10 
outer mgc:  52.85955 
iter: 1  value: 34512.75 mgc: 3.731418 ustep: 1 
iter: 2  value: 34512.75 mgc: 0.05260153 ustep: 1 
iter: 3  value: 34512.75 mgc: 6.245581e-05 ustep: 1 
iter: 4  mgc: 1.263547e-10 
iter: 1  mgc: 1.263547e-10 
outer mgc:  79.67691 
iter: 1  value: 34485.06 mgc: 4.370999 ustep: 1 
iter: 2  value: 34485.06 mgc: 0.04529696 ustep: 1 
iter: 3  value: 34485.06 mgc: 5.3704e-05 ustep: 1 
iter: 4  mgc: 5.880363e-11 
iter: 1  mgc: 5.880363e-11 
outer mgc:  50.22793 
iter: 1  value: 34454.25 mgc: 2.192102 ustep: 1 
iter: 2  value: 34454.25 mgc: 0.01827507 ustep: 1 
iter: 3  value: 34454.25 mgc: 8.454602e-06 ustep: 1 
iter: 4  mgc: 2.558842e-12 
iter: 1  mgc: 2.558842e-12 
outer mgc:  64.73736 
iter: 1  value: 34401.97 mgc: 5.266412 ustep: 1 
iter: 2  value: 34401.95 mgc: 0.1114497 ustep: 1 
iter: 3  value: 34401.95 mgc: 0.0001466976 ustep: 1 
iter: 4  mgc: 2.653391e-10 
iter: 1  mgc: 2.653391e-10 
outer mgc:  97.41251 
iter: 1  value: 34359.95 mgc: 3.991417 ustep: 1 
iter: 2  value: 34359.93 mgc: 0.08915317 ustep: 1 
iter: 3  value: 34359.93 mgc: 0.0003311653 ustep: 1 
iter: 4  mgc: 5.400982e-09 
iter: 1  mgc: 5.400982e-09 
outer mgc:  56.92575 
iter: 1  value: 34351.39 mgc: 5.412247 ustep: 1 
iter: 2  value: 34351.38 mgc: 0.07647115 ustep: 1 
iter: 3  value: 34351.38 mgc: 0.0001291612 ustep: 1 
iter: 4  mgc: 3.951639e-10 
iter: 1  value: 34349.29 mgc: 3.647303 ustep: 1 
iter: 2  value: 34349.29 mgc: 0.03060725 ustep: 1 
iter: 3  value: 34349.29 mgc: 2.062572e-05 ustep: 1 
iter: 4  mgc: 9.291234e-12 
iter: 1  mgc: 9.291234e-12 
outer mgc:  79.99718 
iter: 1  value: 34337.82 mgc: 4.078137 ustep: 1 
iter: 2  value: 34337.82 mgc: 0.05556064 ustep: 1 
iter: 3  value: 34337.82 mgc: 8.632392e-06 ustep: 1 
iter: 4  mgc: 2.379208e-13 
iter: 1  mgc: 2.379208e-13 
outer mgc:  102.7153 
iter: 1  value: 34329.28 mgc: 2.951671 ustep: 1 
iter: 2  value: 34329.27 mgc: 0.01515165 ustep: 1 
iter: 3  value: 34329.27 mgc: 1.334199e-06 ustep: 1 
iter: 4  mgc: 5.201395e-14 
iter: 1  mgc: 5.201395e-14 
outer mgc:  35.2418 
iter: 1  value: 34319.43 mgc: 1.308806 ustep: 1 
iter: 2  value: 34319.43 mgc: 0.005233738 ustep: 1 
iter: 3  value: 34319.43 mgc: 5.928257e-07 ustep: 1 
iter: 4  mgc: 4.796163e-14 
iter: 1  mgc: 4.796163e-14 
outer mgc:  46.7294 
iter: 1  value: 34310.78 mgc: 1.830445 ustep: 1 
iter: 2  value: 34310.78 mgc: 0.00902032 ustep: 1 
iter: 3  value: 34310.78 mgc: 2.842691e-07 ustep: 1 
iter: 4  mgc: 6.128431e-14 
iter: 1  mgc: 6.128431e-14 
outer mgc:  16.75954 
iter: 1  value: 34302.33 mgc: 1.860573 ustep: 1 
iter: 2  value: 34302.33 mgc: 0.003474087 ustep: 1 
iter: 3  value: 34302.33 mgc: 1.71096e-07 ustep: 1 
iter: 4  mgc: 4.241052e-14 
iter: 1  mgc: 4.241052e-14 
outer mgc:  29.98405 
iter: 1  value: 34291.34 mgc: 2.448324 ustep: 1 
iter: 2  value: 34291.34 mgc: 0.04400222 ustep: 1 
iter: 3  value: 34291.34 mgc: 1.415792e-05 ustep: 1 
iter: 4  mgc: 1.31406e-12 
iter: 1  mgc: 1.31406e-12 
outer mgc:  41.88229 
iter: 1  value: 34280.32 mgc: 3.594367 ustep: 1 
iter: 2  value: 34280.32 mgc: 0.02714577 ustep: 1 
iter: 3  value: 34280.32 mgc: 5.416476e-06 ustep: 1 
iter: 4  mgc: 1.331157e-13 
iter: 1  mgc: 1.331157e-13 
outer mgc:  38.89355 
iter: 1  value: 34271.85 mgc: 4.039502 ustep: 1 
iter: 2  value: 34271.85 mgc: 0.0298631 ustep: 1 
iter: 3  value: 34271.85 mgc: 1.680365e-05 ustep: 1 
iter: 4  mgc: 5.042633e-12 
iter: 1  mgc: 5.042633e-12 
outer mgc:  66.82075 
iter: 1  value: 34264.39 mgc: 2.537309 ustep: 1 
iter: 2  value: 34264.39 mgc: 0.01178939 ustep: 1 
iter: 3  value: 34264.39 mgc: 5.354321e-07 ustep: 1 
iter: 4  mgc: 5.12923e-14 
iter: 1  mgc: 5.12923e-14 
outer mgc:  75.07507 
iter: 1  value: 34261.45 mgc: 2.215159 ustep: 1 
iter: 2  value: 34261.45 mgc: 0.009417415 ustep: 1 
iter: 3  value: 34261.45 mgc: 5.669965e-07 ustep: 1 
iter: 4  mgc: 6.128431e-14 
iter: 1  mgc: 6.128431e-14 
outer mgc:  35.22016 
iter: 1  value: 34257.98 mgc: 1.931502 ustep: 1 
iter: 2  value: 34257.98 mgc: 0.009317229 ustep: 1 
iter: 3  value: 34257.98 mgc: 1.459279e-06 ustep: 1 
iter: 4  mgc: 4.973799e-14 
iter: 1  mgc: 4.973799e-14 
outer mgc:  16.16104 
iter: 1  value: 34251.1 mgc: 1.755206 ustep: 1 
iter: 2  value: 34251.1 mgc: 0.006398318 ustep: 1 
iter: 3  value: 34251.1 mgc: 5.932719e-07 ustep: 1 
iter: 4  mgc: 4.973799e-14 
iter: 1  mgc: 4.973799e-14 
outer mgc:  9.567773 
iter: 1  value: 34243.44 mgc: 2.105009 ustep: 1 
iter: 2  value: 34243.43 mgc: 0.009244004 ustep: 1 
iter: 3  value: 34243.43 mgc: 4.420109e-07 ustep: 1 
iter: 4  mgc: 4.940492e-14 
iter: 1  mgc: 4.940492e-14 
outer mgc:  16.53602 
iter: 1  value: 34240.35 mgc: 1.485325 ustep: 1 
iter: 2  value: 34240.35 mgc: 0.003467319 ustep: 1 
iter: 3  value: 34240.35 mgc: 3.384919e-08 ustep: 1 
iter: 4  mgc: 6.394885e-14 
iter: 1  mgc: 6.394885e-14 
outer mgc:  20.33148 
iter: 1  value: 34236.15 mgc: 2.357924 ustep: 1 
iter: 2  value: 34236.15 mgc: 0.007804674 ustep: 1 
iter: 3  value: 34236.15 mgc: 2.318212e-07 ustep: 1 
iter: 4  mgc: 4.862777e-14 
iter: 1  mgc: 4.862777e-14 
outer mgc:  19.94752 
iter: 1  value: 34233.28 mgc: 2.441226 ustep: 1 
iter: 2  value: 34233.28 mgc: 0.007745452 ustep: 1 
iter: 3  value: 34233.28 mgc: 1.584031e-07 ustep: 1 
iter: 4  mgc: 3.663736e-14 
iter: 1  mgc: 3.663736e-14 
outer mgc:  27.90117 
iter: 1  value: 34232.26 mgc: 2.99763 ustep: 1 
iter: 2  value: 34232.26 mgc: 0.01181308 ustep: 1 
iter: 3  value: 34232.26 mgc: 6.461825e-07 ustep: 1 
iter: 4  mgc: 4.685141e-14 
iter: 1  mgc: 4.685141e-14 
outer mgc:  16.30137 
iter: 1  value: 34229.98 mgc: 3.014056 ustep: 1 
iter: 2  value: 34229.98 mgc: 0.01086164 ustep: 1 
iter: 3  value: 34229.98 mgc: 4.061031e-07 ustep: 1 
iter: 4  mgc: 5.151435e-14 
iter: 1  mgc: 5.151435e-14 
outer mgc:  9.247989 
iter: 1  value: 34226.5 mgc: 1.342211 ustep: 1 
iter: 2  value: 34226.5 mgc: 0.006075851 ustep: 1 
iter: 3  value: 34226.5 mgc: 3.784039e-07 ustep: 1 
iter: 4  mgc: 4.907186e-14 
iter: 1  mgc: 4.907186e-14 
outer mgc:  22.29774 
iter: 1  value: 34222.76 mgc: 1.219679 ustep: 1 
iter: 2  value: 34222.76 mgc: 0.001995411 ustep: 1 
iter: 3  value: 34222.76 mgc: 5.510998e-08 ustep: 1 
mgc: 4.396483e-14 
iter: 1  mgc: 4.396483e-14 
outer mgc:  17.88197 
iter: 1  value: 34219.03 mgc: 1.054172 ustep: 1 
iter: 2  value: 34219.03 mgc: 0.005429077 ustep: 1 
iter: 3  value: 34219.03 mgc: 2.94915e-07 ustep: 1 
iter: 4  mgc: 4.352074e-14 
iter: 1  mgc: 4.352074e-14 
outer mgc:  12.96568 
iter: 1  value: 34219.13 mgc: 1.628376 ustep: 1 
iter: 2  value: 34219.13 mgc: 0.0043628 ustep: 1 
iter: 3  value: 34219.13 mgc: 1.204668e-07 ustep: 1 
iter: 4  mgc: 5.062617e-14 
iter: 1  mgc: 5.062617e-14 
outer mgc:  6.382665 
iter: 1  value: 34216.25 mgc: 1.303036 ustep: 1 
iter: 2  value: 34216.25 mgc: 0.008066808 ustep: 1 
iter: 3  value: 34216.25 mgc: 8.258232e-07 ustep: 1 
iter: 4  mgc: 4.840572e-14 
iter: 1  mgc: 4.840572e-14 
outer mgc:  21.09596 
iter: 1  value: 34213.33 mgc: 1.0243 ustep: 1 
iter: 2  value: 34213.33 mgc: 0.00455032 ustep: 1 
iter: 3  value: 34213.33 mgc: 1.96141e-07 ustep: 1 
iter: 4  mgc: 8.038015e-14 
iter: 1  mgc: 8.038015e-14 
outer mgc:  25.70783 
iter: 1  value: 34209.67 mgc: 1.398907 ustep: 1 
iter: 2  value: 34209.67 mgc: 0.004452783 ustep: 1 
iter: 3  value: 34209.67 mgc: 8.858153e-08 ustep: 1 
iter: 4  mgc: 4.707346e-14 
iter: 1  mgc: 4.707346e-14 
outer mgc:  8.566526 
iter: 1  value: 34206.76 mgc: 0.9463538 ustep: 1 
iter: 2  value: 34206.76 mgc: 0.008061115 ustep: 1 
iter: 3  value: 34206.76 mgc: 7.043165e-07 ustep: 1 
iter: 4  mgc: 5.329071e-14 
iter: 1  mgc: 5.329071e-14 
outer mgc:  8.853879 
iter: 1  value: 34204.37 mgc: 1.129238 ustep: 1 
iter: 2  value: 34204.37 mgc: 0.003268905 ustep: 1 
iter: 3  value: 34204.37 mgc: 6.336226e-08 ustep: 1 
iter: 4  mgc: 5.062617e-14 
iter: 1  mgc: 5.062617e-14 
outer mgc:  16.65873 
iter: 1  value: 34202.39 mgc: 0.9660449 ustep: 1 
iter: 2  value: 34202.39 mgc: 0.001612221 ustep: 1 
iter: 3  value: 34202.39 mgc: 1.088825e-08 ustep: 1 
mgc: 5.950795e-14 
iter: 1  mgc: 5.950795e-14 
outer mgc:  14.49694 
iter: 1  value: 34199.27 mgc: 0.874032 ustep: 1 
iter: 2  value: 34199.27 mgc: 0.001767002 ustep: 1 
iter: 3  value: 34199.27 mgc: 2.991139e-08 ustep: 1 
mgc: 5.639933e-14 
iter: 1  mgc: 5.639933e-14 
outer mgc:  11.7256 
iter: 1  value: 34196.44 mgc: 0.5315016 ustep: 1 
iter: 2  value: 34196.44 mgc: 0.001228925 ustep: 1 
iter: 3  mgc: 9.479066e-09 
iter: 1  mgc: 9.479066e-09 
outer mgc:  9.25068 
iter: 1  value: 34193.23 mgc: 1.112468 ustep: 1 
iter: 2  value: 34193.23 mgc: 0.001933053 ustep: 1 
iter: 3  value: 34193.23 mgc: 1.973663e-08 ustep: 1 
mgc: 5.317968e-14 
iter: 1  mgc: 5.317968e-14 
outer mgc:  8.097369 
iter: 1  value: 34189.45 mgc: 0.7960108 ustep: 1 
iter: 2  value: 34189.45 mgc: 0.002718004 ustep: 1 
iter: 3  value: 34189.45 mgc: 4.442149e-08 ustep: 1 
iter: 4  mgc: 4.263256e-14 
iter: 1  mgc: 4.263256e-14 
outer mgc:  12.93331 
iter: 1  value: 34186.69 mgc: 1.542801 ustep: 1 
iter: 2  value: 34186.69 mgc: 0.001259116 ustep: 1 
iter: 3  value: 34186.69 mgc: 1.100783e-08 ustep: 1 
mgc: 5.762057e-14 
iter: 1  mgc: 5.762057e-14 
outer mgc:  17.96152 
iter: 1  value: 34186.06 mgc: 2.106569 ustep: 1 
iter: 2  value: 34186.06 mgc: 0.003305916 ustep: 1 
iter: 3  value: 34186.06 mgc: 6.59942e-08 ustep: 1 
mgc: 3.796963e-14 
iter: 1  mgc: 3.796963e-14 
outer mgc:  7.525288 
iter: 1  value: 34181.86 mgc: 2.29004 ustep: 1 
iter: 2  value: 34181.86 mgc: 0.004737541 ustep: 1 
iter: 3  value: 34181.86 mgc: 6.044239e-08 ustep: 1 
iter: 4  mgc: 4.507505e-14 
iter: 1  mgc: 4.507505e-14 
outer mgc:  8.481283 
iter: 1  value: 34177.18 mgc: 1.960592 ustep: 1 
iter: 2  value: 34177.18 mgc: 0.003995539 ustep: 1 
iter: 3  value: 34177.18 mgc: 6.509206e-08 ustep: 1 
mgc: 6.483702e-14 
iter: 1  mgc: 6.483702e-14 
outer mgc:  15.40906 
iter: 1  value: 34174.2 mgc: 0.7609918 ustep: 1 
iter: 2  value: 34174.2 mgc: 0.0005430102 ustep: 1 
iter: 3  mgc: 2.95121e-09 
iter: 1  mgc: 2.95121e-09 
outer mgc:  17.23971 
iter: 1  value: 34171.44 mgc: 2.003977 ustep: 1 
iter: 2  value: 34171.44 mgc: 0.001812061 ustep: 1 
iter: 3  value: 34171.44 mgc: 4.579764e-08 ustep: 1 
iter: 4  mgc: 4.662937e-14 
iter: 1  mgc: 4.662937e-14 
outer mgc:  5.313001 
iter: 1  value: 34169.4 mgc: 1.054355 ustep: 1 
iter: 2  value: 34169.4 mgc: 0.004615708 ustep: 1 
iter: 3  value: 34169.4 mgc: 1.573624e-07 ustep: 1 
iter: 4  mgc: 5.728751e-14 
iter: 1  value: 34170.58 mgc: 0.6320554 ustep: 1 
iter: 2  value: 34170.58 mgc: 0.0007615978 ustep: 1 
iter: 3  mgc: 3.396089e-09 
iter: 1  mgc: 3.396089e-09 
outer mgc:  7.305564 
iter: 1  value: 34168.99 mgc: 0.2449681 ustep: 1 
iter: 2  value: 34168.99 mgc: 0.0001411874 ustep: 1 
iter: 3  mgc: 1.295888e-10 
iter: 1  mgc: 1.295888e-10 
outer mgc:  6.424628 
iter: 1  value: 34168.17 mgc: 0.3817874 ustep: 1 
iter: 2  value: 34168.17 mgc: 0.0001662933 ustep: 1 
iter: 3  mgc: 3.771694e-11 
iter: 1  mgc: 3.771694e-11 
outer mgc:  10.9614 
iter: 1  value: 34166.78 mgc: 0.3091744 ustep: 1 
iter: 2  value: 34166.78 mgc: 0.0002090019 ustep: 1 
iter: 3  mgc: 1.576708e-10 
iter: 1  mgc: 1.576708e-10 
outer mgc:  1.957828 
iter: 1  value: 34165.29 mgc: 0.1967221 ustep: 1 
iter: 2  value: 34165.29 mgc: 9.332889e-05 ustep: 1 
iter: 3  mgc: 5.88054e-11 
iter: 1  mgc: 5.88054e-11 
outer mgc:  4.434631 
iter: 1  value: 34164.22 mgc: 0.1681849 ustep: 1 
iter: 2  value: 34164.22 mgc: 2.860053e-05 ustep: 1 
iter: 3  mgc: 4.940492e-12 
iter: 1  value: 34162.97 mgc: 0.1807896 ustep: 1 
iter: 2  value: 34162.97 mgc: 5.274358e-05 ustep: 1 
iter: 3  mgc: 1.33662e-11 
iter: 1  value: 34159.44 mgc: 0.5318886 ustep: 1 
iter: 2  value: 34159.44 mgc: 0.0004454113 ustep: 1 
iter: 3  mgc: 9.259402e-10 
iter: 1  mgc: 9.259402e-10 
outer mgc:  9.332166 
iter: 1  value: 34152.25 mgc: 1.12818 ustep: 1 
iter: 2  value: 34152.25 mgc: 0.001535926 ustep: 1 
iter: 3  value: 34152.25 mgc: 1.517745e-08 ustep: 1 
mgc: 5.284662e-14 
iter: 1  mgc: 5.284662e-14 
outer mgc:  12.94348 
iter: 1  value: 34143.74 mgc: 1.307896 ustep: 1 
iter: 2  value: 34143.74 mgc: 0.002763413 ustep: 1 
iter: 3  value: 34143.74 mgc: 2.757494e-08 ustep: 1 
iter: 4  mgc: 4.662937e-14 
iter: 1  mgc: 4.662937e-14 
outer mgc:  11.04233 
iter: 1  value: 34134.09 mgc: 2.388134 ustep: 1 
iter: 2  value: 34134.09 mgc: 0.00867794 ustep: 1 
iter: 3  value: 34134.09 mgc: 3.124041e-07 ustep: 1 
iter: 4  mgc: 4.440892e-14 
iter: 1  mgc: 4.440892e-14 
outer mgc:  9.613238 
iter: 1  value: 34128.5 mgc: 1.262792 ustep: 1 
iter: 2  value: 34128.5 mgc: 0.003441692 ustep: 1 
iter: 3  value: 34128.5 mgc: 6.140425e-07 ustep: 1 
iter: 4  mgc: 4.574119e-14 
iter: 1  mgc: 4.574119e-14 
outer mgc:  15.34052 
iter: 1  value: 34119.89 mgc: 2.142027 ustep: 1 
iter: 2  value: 34119.89 mgc: 0.003197023 ustep: 1 
iter: 3  value: 34119.89 mgc: 4.593664e-08 ustep: 1 
iter: 4  mgc: 5.062617e-14 
iter: 1  mgc: 5.062617e-14 
outer mgc:  10.11815 
iter: 1  value: 34106.2 mgc: 1.288574 ustep: 1 
iter: 2  value: 34106.2 mgc: 0.00514507 ustep: 1 
iter: 3  value: 34106.2 mgc: 9.404984e-07 ustep: 1 
iter: 4  mgc: 7.727152e-14 
iter: 1  mgc: 7.727152e-14 
outer mgc:  11.22758 
iter: 1  value: 34096.8 mgc: 2.15927 ustep: 1 
iter: 2  value: 34096.8 mgc: 0.001974686 ustep: 1 
iter: 3  value: 34096.8 mgc: 2.661168e-07 ustep: 1 
iter: 4  mgc: 4.174439e-14 
iter: 1  mgc: 4.174439e-14 
outer mgc:  9.15703 
iter: 1  value: 34089.31 mgc: 4.078555 ustep: 1 
iter: 2  value: 34089.31 mgc: 0.005872494 ustep: 1 
iter: 3  value: 34089.31 mgc: 1.615505e-07 ustep: 1 
iter: 4  mgc: 4.618528e-14 
iter: 1  value: 34093.35 mgc: 2.463977 ustep: 1 
iter: 2  value: 34093.35 mgc: 0.002759149 ustep: 1 
iter: 3  value: 34093.35 mgc: 3.781983e-08 ustep: 1 
mgc: 9.148238e-14 
iter: 1  value: 34095.51 mgc: 1.622387 ustep: 1 
iter: 2  value: 34095.51 mgc: 0.002127568 ustep: 1 
iter: 3  value: 34095.51 mgc: 2.048371e-08 ustep: 1 
mgc: 7.238654e-14 
iter: 1  value: 34096.84 mgc: 1.11571 ustep: 1 
iter: 2  value: 34096.84 mgc: 0.001060565 ustep: 1 
iter: 3  mgc: 5.419133e-09 
iter: 1  mgc: 5.419133e-09 
outer mgc:  20.29564 
iter: 1  value: 34096.47 mgc: 0.3985282 ustep: 1 
iter: 2  value: 34096.47 mgc: 0.0001445858 ustep: 1 
iter: 3  mgc: 3.575584e-11 
iter: 1  mgc: 3.575584e-11 
outer mgc:  3.460523 
iter: 1  value: 34096.35 mgc: 0.4683552 ustep: 1 
iter: 2  value: 34096.35 mgc: 9.645644e-05 ustep: 1 
iter: 3  mgc: 8.555556e-11 
iter: 1  mgc: 8.555556e-11 
outer mgc:  7.640666 
iter: 1  value: 34095.96 mgc: 0.2252989 ustep: 1 
iter: 2  value: 34095.96 mgc: 3.098906e-05 ustep: 1 
iter: 3  mgc: 2.350009e-12 
iter: 1  mgc: 2.350009e-12 
outer mgc:  3.242714 
iter: 1  value: 34095.67 mgc: 0.2412577 ustep: 1 
iter: 2  value: 34095.67 mgc: 2.598154e-05 ustep: 1 
iter: 3  mgc: 2.954081e-12 
iter: 1  mgc: 2.954081e-12 
outer mgc:  3.06683 
iter: 1  value: 34095.02 mgc: 0.2939267 ustep: 1 
iter: 2  value: 34095.02 mgc: 5.701919e-05 ustep: 1 
iter: 3  mgc: 9.155454e-12 
iter: 1  value: 34094.3 mgc: 0.2726949 ustep: 1 
iter: 2  value: 34094.3 mgc: 4.36565e-05 ustep: 1 
iter: 3  mgc: 5.817791e-12 
iter: 1  value: 34092.14 mgc: 0.839736 ustep: 1 
iter: 2  value: 34092.14 mgc: 0.0004151404 ustep: 1 
iter: 3  mgc: 5.503026e-10 
iter: 1  mgc: 5.503026e-10 
outer mgc:  4.048125 
iter: 1  value: 34087.99 mgc: 1.070793 ustep: 1 
iter: 2  value: 34087.99 mgc: 0.0007499485 ustep: 1 
iter: 3  mgc: 9.988592e-10 
iter: 1  mgc: 9.988592e-10 
outer mgc:  2.28089 
iter: 1  value: 34080.93 mgc: 1.02576 ustep: 1 
iter: 2  value: 34080.93 mgc: 0.0006819851 ustep: 1 
iter: 3  mgc: 1.320378e-09 
iter: 1  mgc: 1.320378e-09 
outer mgc:  9.810788 
iter: 1  value: 34073.57 mgc: 0.495127 ustep: 1 
iter: 2  value: 34073.57 mgc: 0.0003349343 ustep: 1 
iter: 3  mgc: 8.224652e-10 
iter: 1  mgc: 8.224652e-10 
outer mgc:  7.485222 
iter: 1  value: 34067.37 mgc: 0.6010516 ustep: 1 
iter: 2  value: 34067.37 mgc: 0.0004117996 ustep: 1 
iter: 3  mgc: 3.62792e-10 
iter: 1  mgc: 3.62792e-10 
outer mgc:  3.790413 
iter: 1  value: 34062.88 mgc: 0.9627232 ustep: 1 
iter: 2  value: 34062.88 mgc: 0.000208595 ustep: 1 
iter: 3  mgc: 1.890589e-09 
iter: 1  mgc: 1.890589e-09 
outer mgc:  2.458355 
iter: 1  value: 34057.01 mgc: 1.19154 ustep: 1 
iter: 2  value: 34057.01 mgc: 0.0005047134 ustep: 1 
iter: 3  mgc: 2.264208e-09 
iter: 1  mgc: 2.264208e-09 
outer mgc:  2.893726 
iter: 1  value: 34049.29 mgc: 1.944774 ustep: 1 
iter: 2  value: 34049.29 mgc: 0.0008082682 ustep: 1 
iter: 3  mgc: 3.970342e-09 
iter: 1  mgc: 3.970342e-09 
outer mgc:  4.583898 
iter: 1  value: 34042.92 mgc: 0.8046913 ustep: 1 
iter: 2  value: 34042.92 mgc: 0.0003135686 ustep: 1 
iter: 3  mgc: 8.059606e-10 
iter: 1  mgc: 8.059606e-10 
outer mgc:  2.320862 
iter: 1  value: 34038.62 mgc: 0.8617961 ustep: 1 
iter: 2  value: 34038.62 mgc: 0.0003094264 ustep: 1 
iter: 3  mgc: 1.998141e-09 
iter: 1  mgc: 1.998141e-09 
outer mgc:  2.401009 
iter: 1  value: 34033.16 mgc: 0.8279485 ustep: 1 
iter: 2  value: 34033.16 mgc: 0.000219133 ustep: 1 
iter: 3  mgc: 2.237153e-10 
iter: 1  mgc: 2.237153e-10 
outer mgc:  3.994728 
iter: 1  value: 34026.84 mgc: 0.6516675 ustep: 1 
iter: 2  value: 34026.84 mgc: 0.0001405952 ustep: 1 
iter: 3  mgc: 1.479421e-10 
iter: 1  mgc: 1.479421e-10 
outer mgc:  3.039507 
iter: 1  value: 34020.85 mgc: 0.4764946 ustep: 1 
iter: 2  value: 34020.85 mgc: 4.987901e-05 ustep: 1 
iter: 3  mgc: 3.011813e-12 
iter: 1  value: 34003.4 mgc: 1.301203 ustep: 1 
iter: 2  value: 34003.4 mgc: 0.0003117874 ustep: 1 
iter: 3  mgc: 2.002283e-10 
iter: 1  value: 33974.74 mgc: 2.640228 ustep: 1 
iter: 2  value: 33974.74 mgc: 0.0007048558 ustep: 1 
iter: 3  mgc: 6.655285e-10 
iter: 1  mgc: 6.655285e-10 
outer mgc:  7.341467 
iter: 1  value: 33926.81 mgc: 4.419389 ustep: 1 
iter: 2  value: 33926.81 mgc: 0.002064405 ustep: 1 
iter: 3  mgc: 7.466873e-09 
iter: 1  mgc: 7.466873e-09 
outer mgc:  6.169452 
iter: 1  value: 33888.15 mgc: 5.273429 ustep: 1 
iter: 2  value: 33888.15 mgc: 0.003545791 ustep: 1 
iter: 3  value: 33888.15 mgc: 2.850969e-08 ustep: 1 
iter: 4  mgc: 1.234568e-13 
iter: 1  value: 33911 mgc: 2.383817 ustep: 1 
iter: 2  value: 33911 mgc: 0.00088084 ustep: 1 
iter: 3  mgc: 1.554094e-09 
iter: 1  mgc: 1.554094e-09 
outer mgc:  11.38462 
iter: 1  value: 33893.63 mgc: 7.909106 ustep: 1 
iter: 2  value: 33893.63 mgc: 0.002712821 ustep: 1 
iter: 3  value: 33893.63 mgc: 6.559442e-08 ustep: 1 
iter: 4  mgc: 1.030287e-13 
iter: 1  value: 33902.95 mgc: 3.422547 ustep: 1 
iter: 2  value: 33902.95 mgc: 0.0005602159 ustep: 1 
iter: 3  mgc: 3.19952e-09 
iter: 1  mgc: 3.19952e-09 
outer mgc:  2.785895 
iter: 1  value: 33897.71 mgc: 3.619594 ustep: 1 
iter: 2  value: 33897.71 mgc: 0.0008362824 ustep: 1 
iter: 3  value: 33897.71 mgc: 2.99783e-08 ustep: 1 
iter: 4  mgc: 1.190159e-13 
iter: 1  value: 33900.31 mgc: 2.638309 ustep: 1 
iter: 2  value: 33900.31 mgc: 0.0004050615 ustep: 1 
iter: 3  mgc: 4.609307e-09 
iter: 1  value: 33901.85 mgc: 2.075505 ustep: 1 
iter: 2  value: 33901.85 mgc: 0.0002386849 ustep: 1 
iter: 3  mgc: 7.934577e-10 
iter: 1  value: 33902.76 mgc: 1.750201 ustep: 1 
iter: 2  value: 33902.76 mgc: 0.0001706535 ustep: 1 
iter: 3  mgc: 5.180016e-10 
iter: 1  value: 33902.89 mgc: 0.5614481 ustep: 1 
iter: 2  value: 33902.89 mgc: 1.765253e-05 ustep: 1 
iter: 3  mgc: 5.676348e-12 
iter: 1  mgc: 5.676348e-12 
outer mgc:  3.463504 
iter: 1  value: 33902.7 mgc: 0.3518709 ustep: 1 
iter: 2  value: 33902.7 mgc: 8.370909e-06 ustep: 1 
iter: 3  mgc: 3.694822e-13 
iter: 1  mgc: 3.694822e-13 
outer mgc:  2.061276 
iter: 1  value: 33902.39 mgc: 0.2194406 ustep: 1 
iter: 2  value: 33902.39 mgc: 4.950982e-06 ustep: 1 
iter: 3  mgc: 3.03757e-13 
iter: 1  mgc: 3.03757e-13 
outer mgc:  1.538996 
iter: 1  value: 33901.75 mgc: 0.302944 ustep: 1 
iter: 2  value: 33901.75 mgc: 4.412117e-06 ustep: 1 
iter: 3  mgc: 8.764101e-13 
iter: 1  mgc: 8.764101e-13 
outer mgc:  1.422147 
iter: 1  value: 33900.47 mgc: 0.1576879 ustep: 1 
iter: 2  value: 33900.47 mgc: 4.979026e-06 ustep: 1 
iter: 3  mgc: 1.072697e-12 
iter: 1  value: 33898.56 mgc: 0.2825839 ustep: 1 
iter: 2  value: 33898.56 mgc: 5.364673e-06 ustep: 1 
iter: 3  mgc: 1.823208e-12 
iter: 1  value: 33889.2 mgc: 1.441364 ustep: 1 
iter: 2  value: 33889.2 mgc: 0.0001367387 ustep: 1 
iter: 3  mgc: 1.224331e-09 
iter: 1  value: 33876.75 mgc: 2.020922 ustep: 1 
iter: 2  value: 33876.75 mgc: 0.0002674818 ustep: 1 
iter: 3  mgc: 4.795202e-09 
iter: 1  mgc: 4.795202e-09 
outer mgc:  3.256307 
iter: 1  value: 33847.92 mgc: 3.505827 ustep: 1 
iter: 2  value: 33847.92 mgc: 0.0009719702 ustep: 1 
iter: 3  mgc: 2.92771e-09 
iter: 1  mgc: 2.92771e-09 
outer mgc:  4.275641 
iter: 1  value: 33826.19 mgc: 6.131358 ustep: 1 
iter: 2  value: 33826.19 mgc: 0.001095392 ustep: 1 
iter: 3  mgc: 1.305216e-09 
iter: 1  mgc: 1.305216e-09 
outer mgc:  1.980115 
iter: 1  value: 33803.23 mgc: 4.623929 ustep: 1 
iter: 2  value: 33803.23 mgc: 0.0003923843 ustep: 1 
iter: 3  mgc: 4.335559e-09 
iter: 1  mgc: 4.335559e-09 
outer mgc:  2.690581 
iter: 1  value: 33777.64 mgc: 4.428147 ustep: 1 
iter: 2  value: 33777.64 mgc: 0.0002957556 ustep: 1 
iter: 3  mgc: 5.359828e-10 
iter: 1  mgc: 5.359828e-10 
outer mgc:  1.716432 
iter: 1  value: 33752.24 mgc: 8.452055 ustep: 1 
iter: 2  value: 33752.24 mgc: 0.0002869789 ustep: 1 
iter: 3  mgc: 4.011893e-10 
iter: 1  mgc: 4.011893e-10 
outer mgc:  1.581562 
iter: 1  value: 33732.27 mgc: 9.675411 ustep: 1 
iter: 2  value: 33732.27 mgc: 0.0003074572 ustep: 1 
iter: 3  mgc: 7.499183e-10 
iter: 1  mgc: 7.499183e-10 
outer mgc:  2.233744 
iter: 1  value: 33713.08 mgc: 5.491965 ustep: 1 
iter: 2  value: 33713.08 mgc: 7.769281e-05 ustep: 1 
iter: 3  mgc: 1.877609e-11 
iter: 1  mgc: 1.877609e-11 
outer mgc:  1.194788 
iter: 1  value: 33692.93 mgc: 4.851513 ustep: 1 
iter: 2  value: 33692.93 mgc: 4.735675e-05 ustep: 1 
iter: 3  mgc: 2.764211e-11 
iter: 1  mgc: 2.764211e-11 
outer mgc:  0.8269951 
iter: 1  value: 33674.52 mgc: 2.984434 ustep: 1 
iter: 2  value: 33674.52 mgc: 2.890701e-05 ustep: 1 
iter: 3  mgc: 1.559197e-12 
iter: 1  value: 33636.08 mgc: 8.580639 ustep: 1 
iter: 2  value: 33636.08 mgc: 0.0001135064 ustep: 1 
iter: 3  mgc: 3.043477e-11 
iter: 1  mgc: 3.043477e-11 
outer mgc:  1.303104 
iter: 1  value: 33589.32 mgc: 20.64023 ustep: 1 
iter: 2  value: 33589.32 mgc: 0.0007429164 ustep: 1 
iter: 3  mgc: 3.711581e-09 
iter: 1  mgc: 3.711581e-09 
outer mgc:  1.997254 
iter: 1  value: 33560.51 mgc: 26.30211 ustep: 1 
iter: 2  value: 33560.51 mgc: 0.0004403154 ustep: 1 
iter: 3  mgc: 8.125813e-10 
iter: 1  mgc: 8.125813e-10 
outer mgc:  2.071401 
iter: 1  value: 33548.4 mgc: 29.13462 ustep: 1 
iter: 2  value: 33548.4 mgc: 0.0001950812 ustep: 1 
iter: 3  mgc: 7.804202e-10 
iter: 1  mgc: 7.804202e-10 
outer mgc:  1.338458 
iter: 1  value: 33542.17 mgc: 7.120909 ustep: 1 
iter: 2  value: 33542.17 mgc: 0.0001118342 ustep: 1 
iter: 3  mgc: 2.676703e-11 
iter: 1  mgc: 2.676703e-11 
outer mgc:  0.2760052 
iter: 1  value: 33535.2 mgc: 5.865415 ustep: 1 
iter: 2  value: 33535.2 mgc: 5.932809e-06 ustep: 1 
iter: 3  mgc: 1.359357e-12 
iter: 1  mgc: 1.359357e-12 
outer mgc:  0.1376889 
iter: 1  value: 33518.23 mgc: 7.982676 ustep: 1 
iter: 2  value: 33518.23 mgc: 1.865336e-05 ustep: 1 
iter: 3  mgc: 2.629674e-12 
iter: 1  mgc: 2.629674e-12 
outer mgc:  0.3117637 
iter: 1  value: 33481.78 mgc: 11.43093 ustep: 1 
iter: 2  value: 33481.78 mgc: 0.000119427 ustep: 1 
iter: 3  mgc: 1.771427e-11 
iter: 1  mgc: 1.771427e-11 
outer mgc:  0.4950152 
iter: 1  value: 33458 mgc: 9.529958 ustep: 1 
iter: 2  value: 33458 mgc: 2.842429e-05 ustep: 1 
iter: 3  mgc: 5.057288e-12 
iter: 1  mgc: 5.057288e-12 
outer mgc:  0.3693607 
iter: 1  value: 33446.72 mgc: 5.807529 ustep: 1 
iter: 2  value: 33446.72 mgc: 1.310928e-05 ustep: 1 
iter: 3  mgc: 4.401368e-12 
iter: 1  mgc: 4.401368e-12 
outer mgc:  0.213094 
iter: 1  value: 33438.97 mgc: 5.507608 ustep: 1 
iter: 2  value: 33438.97 mgc: 7.516343e-06 ustep: 1 
iter: 3  mgc: 4.236611e-12 
iter: 1  mgc: 4.236611e-12 
outer mgc:  0.1193316 
iter: 1  value: 33433.11 mgc: 3.947199 ustep: 1 
iter: 2  value: 33433.11 mgc: 5.984841e-06 ustep: 1 
iter: 3  mgc: 3.983036e-12 
iter: 1  mgc: 3.983036e-12 
outer mgc:  0.1126554 
iter: 1  value: 33429.77 mgc: 7.602351 ustep: 1 
iter: 2  value: 33429.77 mgc: 1.125186e-05 ustep: 1 
iter: 3  mgc: 3.592737e-12 
iter: 1  mgc: 3.592737e-12 
outer mgc:  0.07271339 
iter: 1  value: 33433.25 mgc: 5.397022 ustep: 1 
iter: 2  value: 33433.25 mgc: 3.270418e-06 ustep: 1 
iter: 3  mgc: 3.346878e-12 
iter: 1  mgc: 3.346878e-12 
outer mgc:  0.05873682 
iter: 1  value: 33436.56 mgc: 3.247453 ustep: 1 
iter: 2  value: 33436.56 mgc: 1.235231e-06 ustep: 1 
iter: 3  mgc: 2.704947e-12 
iter: 1  mgc: 2.704947e-12 
outer mgc:  0.04802502 
iter: 1  value: 33444.54 mgc: 5.871443 ustep: 1 
iter: 2  value: 33444.54 mgc: 9.115103e-06 ustep: 1 
iter: 3  mgc: 5.160317e-12 
iter: 1  mgc: 5.160317e-12 
outer mgc:  0.05087886 
iter: 1  value: 33446.4 mgc: 2.288803 ustep: 1 
iter: 2  value: 33446.4 mgc: 2.65053e-06 ustep: 1 
iter: 3  mgc: 2.858269e-12 
iter: 1  mgc: 2.858269e-12 
outer mgc:  0.05033242 
iter: 1  value: 33444.21 mgc: 4.034464 ustep: 1 
iter: 2  value: 33444.21 mgc: 1.031293e-05 ustep: 1 
iter: 3  mgc: 2.832845e-12 
iter: 1  mgc: 2.832845e-12 
outer mgc:  0.06872055 
iter: 1  value: 33441.36 mgc: 2.106845 ustep: 1 
iter: 2  value: 33441.36 mgc: 6.192967e-07 ustep: 1 
iter: 3  mgc: 3.733458e-12 
iter: 1  value: 33436.83 mgc: 3.449034 ustep: 1 
iter: 2  value: 33436.83 mgc: 1.514949e-06 ustep: 1 
iter: 3  mgc: 4.003908e-12 
iter: 1  mgc: 4.003908e-12 
outer mgc:  0.09359744 
iter: 1  value: 33425.37 mgc: 8.516808 ustep: 1 
iter: 2  value: 33425.37 mgc: 3.22606e-06 ustep: 1 
iter: 3  mgc: 3.022915e-12 
iter: 1  mgc: 3.022915e-12 
outer mgc:  0.08380812 
iter: 1  value: 33415.7 mgc: 9.389464 ustep: 1 
iter: 2  value: 33415.7 mgc: 4.746241e-06 ustep: 1 
iter: 3  mgc: 4.909989e-12 
iter: 1  mgc: 4.909989e-12 
outer mgc:  0.1143205 
iter: 1  value: 33411.13 mgc: 10.3072 ustep: 1 
iter: 2  value: 33411.13 mgc: 9.10893e-06 ustep: 1 
iter: 3  mgc: 3.27692e-12 
iter: 1  mgc: 3.27692e-12 
outer mgc:  0.1377254 
iter: 1  value: 33417.12 mgc: 20.17016 ustep: 1 
iter: 2  value: 33417.12 mgc: 3.196668e-05 ustep: 1 
iter: 3  mgc: 5.526912e-12 
iter: 1  mgc: 5.526912e-12 
outer mgc:  0.1137848 
iter: 1  value: 33425.12 mgc: 12.96706 ustep: 1 
iter: 2  value: 33425.12 mgc: 9.558014e-06 ustep: 1 
iter: 3  mgc: 4.609646e-12 
iter: 1  mgc: 4.609646e-12 
outer mgc:  0.08362133 
iter: 1  value: 33456.51 mgc: 36.09561 ustep: 1 
iter: 2  value: 33456.51 mgc: 7.578092e-05 ustep: 1 
iter: 3  mgc: 1.484057e-11 
iter: 1  mgc: 1.484057e-11 
outer mgc:  0.09640304 
iter: 1  value: 33473.55 mgc: 15.60678 ustep: 1 
iter: 2  value: 33473.55 mgc: 7.341207e-06 ustep: 1 
iter: 3  mgc: 3.582468e-12 
iter: 1  mgc: 3.582468e-12 
outer mgc:  0.2001172 
iter: 1  value: 33503.72 mgc: 31.90159 ustep: 1 
iter: 2  value: 33503.72 mgc: 4.598556e-05 ustep: 1 
iter: 3  mgc: 6.949108e-12 
iter: 1  mgc: 6.949108e-12 
outer mgc:  0.3198728 
iter: 1  value: 33485.04 mgc: 13.72351 ustep: 1 
iter: 2  value: 33485.04 mgc: 0.0001070159 ustep: 1 
iter: 3  mgc: 2.467049e-11 
iter: 1  mgc: 2.467049e-11 
outer mgc:  0.2706792 
iter: 1  value: 33477.56 mgc: 19.69195 ustep: 1 
iter: 2  value: 33477.56 mgc: 6.369145e-05 ustep: 1 
iter: 3  mgc: 1.769074e-11 
iter: 1  mgc: 1.769074e-11 
outer mgc:  0.1654997 
iter: 1  value: 33467.13 mgc: 12.80855 ustep: 1 
iter: 2  value: 33467.13 mgc: 9.56484e-06 ustep: 1 
iter: 3  mgc: 4.056755e-12 
iter: 1  mgc: 4.056755e-12 
outer mgc:  0.08292529 
iter: 1  value: 33459.09 mgc: 8.03787 ustep: 1 
iter: 2  value: 33459.09 mgc: 5.576727e-06 ustep: 1 
iter: 3  mgc: 3.30358e-12 
iter: 1  mgc: 3.30358e-12 
outer mgc:  0.1282094 
iter: 1  value: 33445.44 mgc: 20.3136 ustep: 1 
iter: 2  value: 33445.44 mgc: 1.714166e-05 ustep: 1 
iter: 3  mgc: 3.10113e-12 
iter: 1  mgc: 3.10113e-12 
outer mgc:  0.1371904 
iter: 1  value: 33436.81 mgc: 18.69656 ustep: 1 
iter: 2  value: 33436.81 mgc: 6.678836e-06 ustep: 1 
iter: 3  mgc: 3.77498e-12 
iter: 1  mgc: 3.77498e-12 
outer mgc:  0.1029928 
iter: 1  value: 33426.2 mgc: 31.18368 ustep: 1 
iter: 2  value: 33426.2 mgc: 9.708501e-06 ustep: 1 
iter: 3  mgc: 6.752821e-12 
iter: 1  mgc: 6.752821e-12 
outer mgc:  0.07525596 
iter: 1  value: 33412.02 mgc: 39.30942 ustep: 1 
iter: 2  value: 33412.02 mgc: 1.014852e-05 ustep: 1 
iter: 3  mgc: 6.801226e-12 
iter: 1  mgc: 6.801226e-12 
outer mgc:  0.1827083 
iter: 1  value: 33398.18 mgc: 59.47872 ustep: 1 
iter: 2  value: 33398.18 mgc: 2.556137e-05 ustep: 1 
iter: 3  mgc: 5.011991e-12 
iter: 1  mgc: 5.011991e-12 
outer mgc:  0.2352154 
iter: 1  value: 33380.21 mgc: 34.05315 ustep: 1 
iter: 2  value: 33380.21 mgc: 1.834653e-05 ustep: 1 
iter: 3  mgc: 1.013456e-11 
iter: 1  mgc: 1.013456e-11 
outer mgc:  0.2761646 
iter: 1  value: 33371.74 mgc: 75.50376 ustep: 1 
iter: 2  value: 33371.74 mgc: 3.898188e-05 ustep: 1 
iter: 3  mgc: 1.018741e-11 
iter: 1  mgc: 1.018741e-11 
outer mgc:  0.08172115 
iter: 1  value: 33367.35 mgc: 13.00337 ustep: 1 
iter: 2  value: 33367.35 mgc: 1.959245e-05 ustep: 1 
iter: 3  mgc: 5.116796e-12 
iter: 1  mgc: 5.116796e-12 
outer mgc:  0.04928963 
iter: 1  value: 33362.86 mgc: 17.14418 ustep: 1 
iter: 2  value: 33362.86 mgc: 5.269984e-06 ustep: 1 
iter: 3  mgc: 6.559198e-12 
iter: 1  value: 33357.92 mgc: 17.91203 ustep: 1 
iter: 2  value: 33357.92 mgc: 6.469056e-06 ustep: 1 
iter: 3  mgc: 5.42677e-12 
iter: 1  mgc: 5.42677e-12 
outer mgc:  0.1448923 
iter: 1  value: 33352.51 mgc: 40.41817 ustep: 1 
iter: 2  value: 33352.51 mgc: 3.339771e-05 ustep: 1 
iter: 3  mgc: 3.058442e-12 
iter: 1  mgc: 3.058442e-12 
outer mgc:  0.1111745 
iter: 1  value: 33346.73 mgc: 23.2252 ustep: 1 
iter: 2  value: 33346.73 mgc: 3.21883e-05 ustep: 1 
iter: 3  mgc: 7.515322e-12 
iter: 1  mgc: 7.515322e-12 
outer mgc:  0.1155583 
iter: 1  value: 33342.22 mgc: 21.96354 ustep: 1 
iter: 2  value: 33342.22 mgc: 1.314627e-05 ustep: 1 
iter: 3  mgc: 3.087308e-12 
iter: 1  value: 33338 mgc: 20.96717 ustep: 1 
iter: 2  value: 33338 mgc: 1.282044e-05 ustep: 1 
iter: 3  mgc: 4.363176e-12 
iter: 1  mgc: 4.363176e-12 
outer mgc:  0.08682407 
iter: 1  value: 33333.78 mgc: 16.22453 ustep: 1 
iter: 2  value: 33333.78 mgc: 1.843361e-05 ustep: 1 
iter: 3  mgc: 4.142464e-12 
iter: 1  mgc: 4.142464e-12 
outer mgc:  0.0926874 
iter: 1  value: 33331.68 mgc: 3.744693 ustep: 1 
iter: 2  value: 33331.68 mgc: 3.392294e-07 ustep: 1 
iter: 3  mgc: 5.302425e-12 
iter: 1  value: 33327.55 mgc: 7.994766 ustep: 1 
iter: 2  value: 33327.55 mgc: 1.307544e-06 ustep: 1 
iter: 3  mgc: 8.26228e-12 
iter: 1  mgc: 8.26228e-12 
outer mgc:  0.05852745 
iter: 1  value: 33319.86 mgc: 19.76127 ustep: 1 
iter: 2  value: 33319.86 mgc: 1.392845e-05 ustep: 1 
iter: 3  mgc: 5.190459e-12 
iter: 1  mgc: 5.190459e-12 
outer mgc:  0.03175874 
iter: 1  value: 33313.5 mgc: 12.75362 ustep: 1 
iter: 2  value: 33313.5 mgc: 4.920875e-06 ustep: 1 
iter: 3  mgc: 1.071854e-11 
iter: 1  mgc: 1.071854e-11 
outer mgc:  0.027793 
iter: 1  value: 33307.46 mgc: 7.50798 ustep: 1 
iter: 2  value: 33307.46 mgc: 1.949348e-06 ustep: 1 
iter: 3  mgc: 6.279421e-12 
iter: 1  mgc: 6.279421e-12 
outer mgc:  0.02172551 
iter: 1  value: 33286.7 mgc: 23.34671 ustep: 1 
iter: 2  value: 33286.7 mgc: 8.900744e-06 ustep: 1 
iter: 3  mgc: 8.543166e-12 
iter: 1  mgc: 8.543166e-12 
outer mgc:  0.03030803 
iter: 1  value: 33267.11 mgc: 18.339 ustep: 1 
iter: 2  value: 33267.11 mgc: 3.100257e-06 ustep: 1 
iter: 3  mgc: 7.492673e-12 
iter: 1  mgc: 7.492673e-12 
outer mgc:  0.03511949 
iter: 1  value: 33233.53 mgc: 30.26584 ustep: 1 
iter: 2  value: 33233.53 mgc: 4.620196e-06 ustep: 1 
iter: 3  mgc: 1.025002e-11 
iter: 1  mgc: 1.025002e-11 
outer mgc:  0.03694716 
iter: 1  value: 33203.89 mgc: 31.58461 ustep: 1 
iter: 2  value: 33203.89 mgc: 2.029411e-06 ustep: 1 
iter: 3  mgc: 1.099834e-11 
iter: 1  mgc: 1.099834e-11 
outer mgc:  0.03107965 
iter: 1  mgc: 1.099834e-11 
iter: 1  mgc: 1.099834e-11 
outer mgc:  0.03107965 
iter: 1  value: 33203.89 mgc: 0.009472327 ustep: 1 
iter: 2  value: 33203.89 mgc: 6.441216e-08 ustep: 1 
iter: 3  mgc: 1.206857e-11 
outer mgc:  0.6794002 
iter: 1  value: 33203.89 mgc: 0.009464045 ustep: 1 
iter: 2  value: 33203.89 mgc: 6.428347e-08 ustep: 1 
iter: 3  mgc: 1.397771e-11 
outer mgc:  0.6486973 
iter: 1  value: 33203.89 mgc: 0.004625409 ustep: 1 
iter: 2  value: 33203.89 mgc: 1.09323e-08 ustep: 1 
iter: 3  mgc: 1.024425e-11 
outer mgc:  0.2911856 
iter: 1  value: 33203.89 mgc: 0.004621639 ustep: 1 
iter: 2  value: 33203.89 mgc: 1.091525e-08 ustep: 1 
iter: 3  mgc: 1.960654e-11 
outer mgc:  0.2832252 
iter: 1  value: 33203.89 mgc: 0.008776778 ustep: 1 
iter: 2  value: 33203.89 mgc: 6.132637e-08 ustep: 1 
iter: 3  mgc: 1.292033e-11 
outer mgc:  0.6164571 
iter: 1  value: 33203.89 mgc: 0.008767958 ustep: 1 
iter: 2  value: 33203.89 mgc: 6.120047e-08 ustep: 1 
iter: 3  mgc: 2.161515e-11 
outer mgc:  0.6022348 
iter: 1  value: 33203.89 mgc: 0.004614971 ustep: 1 
iter: 2  value: 33203.89 mgc: 1.500491e-08 ustep: 1 
iter: 3  mgc: 1.354561e-11 
outer mgc:  0.3141975 
iter: 1  value: 33203.89 mgc: 0.004610417 ustep: 1 
iter: 2  value: 33203.89 mgc: 1.497373e-08 ustep: 1 
iter: 3  mgc: 1.518696e-11 
outer mgc:  0.3207461 
iter: 1  value: 33203.9 mgc: 0.02226708 ustep: 1 
iter: 2  value: 33203.9 mgc: 3.150549e-07 ustep: 1 
iter: 3  mgc: 1.474754e-11 
outer mgc:  1.468122 
iter: 1  value: 33203.88 mgc: 0.02225964 ustep: 1 
iter: 2  value: 33203.88 mgc: 3.157602e-07 ustep: 1 
iter: 3  mgc: 1.3062e-11 
outer mgc:  1.468385 
iter: 1  value: 33203.89 mgc: 0.01322301 ustep: 1 
iter: 2  value: 33203.89 mgc: 1.089522e-07 ustep: 1 
iter: 3  mgc: 9.060197e-12 
outer mgc:  0.985411 
iter: 1  value: 33203.88 mgc: 0.01322227 ustep: 1 
iter: 2  value: 33203.88 mgc: 1.088627e-07 ustep: 1 
iter: 3  mgc: 1.357137e-11 
outer mgc:  1.000911 
iter: 1  value: 33203.89 mgc: 0.006152194 ustep: 1 
iter: 2  value: 33203.89 mgc: 8.104629e-08 ustep: 1 
iter: 3  mgc: 1.167733e-11 
outer mgc:  0.4175174 
iter: 1  value: 33203.89 mgc: 0.006145097 ustep: 1 
iter: 2  value: 33203.89 mgc: 8.078885e-08 ustep: 1 
iter: 3  mgc: 1.474376e-11 
outer mgc:  0.4209607 
iter: 1  value: 33203.89 mgc: 0.002980417 ustep: 1 
iter: 2  value: 33203.89 mgc: 2.118181e-08 ustep: 1 
mgc: 1.377254e-11 
outer mgc:  0.182698 
iter: 1  value: 33203.89 mgc: 0.002977621 ustep: 1 
iter: 2  value: 33203.89 mgc: 2.113204e-08 ustep: 1 
mgc: 1.313616e-11 
outer mgc:  0.1966912 
iter: 1  value: 33203.89 mgc: 0.01641004 ustep: 1 
iter: 2  value: 33203.89 mgc: 1.456869e-07 ustep: 1 
iter: 3  mgc: 1.026557e-11 
outer mgc:  1.201303 
iter: 1  value: 33203.88 mgc: 0.0163974 ustep: 1 
iter: 2  value: 33203.88 mgc: 1.454183e-07 ustep: 1 
iter: 3  mgc: 1.244937e-11 
outer mgc:  1.191509 
iter: 1  value: 33203.89 mgc: 0.008902557 ustep: 1 
iter: 2  value: 33203.89 mgc: 4.814946e-08 ustep: 1 
iter: 3  mgc: 1.403855e-11 
outer mgc:  0.6720533 
iter: 1  value: 33203.89 mgc: 0.008896991 ustep: 1 
iter: 2  value: 33203.89 mgc: 4.80826e-08 ustep: 1 
iter: 3  mgc: 8.737011e-12 
outer mgc:  0.6521082 
iter: 1  value: 33203.89 mgc: 0.0156137 ustep: 1 
iter: 2  value: 33203.89 mgc: 2.757431e-07 ustep: 1 
iter: 3  mgc: 1.062928e-11 
outer mgc:  1.014983 
iter: 1  value: 33203.89 mgc: 0.01560196 ustep: 1 
iter: 2  value: 33203.89 mgc: 2.754473e-07 ustep: 1 
iter: 3  mgc: 1.587752e-11 
outer mgc:  1.056937 
iter: 1  value: 33203.89 mgc: 0.007001819 ustep: 1 
iter: 2  value: 33203.89 mgc: 6.364121e-08 ustep: 1 
iter: 3  mgc: 1.15814e-11 
outer mgc:  0.4386464 
iter: 1  value: 33203.89 mgc: 0.006995949 ustep: 1 
iter: 2  value: 33203.89 mgc: 6.354524e-08 ustep: 1 
iter: 3  mgc: 1.373746e-11 
outer mgc:  0.4566041 
iter: 1  value: 33203.97 mgc: 54.07757 ustep: 1 
iter: 2  value: 33203.97 mgc: 7.455909e-06 ustep: 1 
iter: 3  mgc: 1.17657e-11 
outer mgc:  0.1656669 
iter: 1  value: 33203.8 mgc: 54.24004 ustep: 1 
iter: 2  value: 33203.8 mgc: 7.424129e-06 ustep: 1 
iter: 3  mgc: 1.206413e-11 
outer mgc:  0.227348 
iter: 1  value: 33203.97 mgc: 26.81812 ustep: 1 
iter: 2  value: 33203.97 mgc: 5.524653e-06 ustep: 1 
iter: 3  mgc: 1.299938e-11 
outer mgc:  0.1644291 
iter: 1  value: 33203.8 mgc: 26.89869 ustep: 1 
iter: 2  value: 33203.8 mgc: 5.521183e-06 ustep: 1 
iter: 3  mgc: 1.922151e-11 
outer mgc:  0.1964334 
iter: 1  value: 33203.95 mgc: 26.44385 ustep: 1 
iter: 2  value: 33203.95 mgc: 3.727482e-06 ustep: 1 
iter: 3  mgc: 1.728351e-11 
outer mgc:  0.3751992 
iter: 1  value: 33203.82 mgc: 26.52331 ustep: 1 
iter: 2  value: 33203.82 mgc: 3.729434e-06 ustep: 1 
iter: 3  mgc: 1.427392e-11 
outer mgc:  0.3492771 
iter: 1  value: 33203.98 mgc: 23.22033 ustep: 1 
iter: 2  value: 33203.98 mgc: 3.27097e-06 ustep: 1 
iter: 3  mgc: 1.244094e-11 
outer mgc:  0.11127 
iter: 1  value: 33203.8 mgc: 23.29009 ustep: 1 
iter: 2  value: 33203.8 mgc: 3.269558e-06 ustep: 1 
iter: 3  mgc: 1.457412e-11 
outer mgc:  0.06327449 
iter: 1  value: 33203.96 mgc: 41.41747 ustep: 1 
iter: 2  value: 33203.96 mgc: 9.888798e-06 ustep: 1 
iter: 3  mgc: 9.019008e-12 
outer mgc:  0.3301649 
iter: 1  value: 33203.81 mgc: 41.54191 ustep: 1 
iter: 2  value: 33203.81 mgc: 9.85425e-06 ustep: 1 
iter: 3  mgc: 1.779066e-11 
outer mgc:  0.3413891 
iter: 1  value: 33203.95 mgc: 27.63715 ustep: 1 
iter: 2  value: 33203.95 mgc: 7.800264e-06 ustep: 1 
iter: 3  mgc: 1.259215e-11 
outer mgc:  0.2855497 
iter: 1  value: 33203.82 mgc: 27.6648 ustep: 1 
iter: 2  value: 33203.82 mgc: 7.801795e-06 ustep: 1 
iter: 3  mgc: 9.224344e-12 
outer mgc:  0.3068954 
iter: 1  value: 33203.88 mgc: 0.1079379 ustep: 1 
iter: 2  mgc: 1.853073e-10 
outer mgc:  0.03112047 
iter: 1  value: 33203.9 mgc: 0.107919 ustep: 1 
iter: 2  mgc: 1.889706e-10 
outer mgc:  0.03103882 
iter: 1  value: 33203.87 mgc: 0.7896391 ustep: 1 
iter: 2  mgc: 7.637142e-09 
outer mgc:  0.03135499 
iter: 1  value: 33203.9 mgc: 0.7893475 ustep: 1 
iter: 2  mgc: 7.642749e-09 
outer mgc:  0.03080415 
iter: 1  value: 33203.89 mgc: 2.139447 ustep: 1 
iter: 2  value: 33203.89 mgc: 3.289541e-08 ustep: 1 
mgc: 1.080869e-11 
outer mgc:  0.03037428 
iter: 1  value: 33203.89 mgc: 2.138813 ustep: 1 
iter: 2  value: 33203.89 mgc: 3.295543e-08 ustep: 1 
mgc: 1.200195e-11 
outer mgc:  0.03178384 
iter: 1  value: 33203.88 mgc: 0.1440959 ustep: 1 
iter: 2  mgc: 2.410245e-10 
outer mgc:  0.03112199 
iter: 1  value: 33203.89 mgc: 0.1440879 ustep: 1 
iter: 2  mgc: 2.434075e-10 
outer mgc:  0.03103731 
iter: 1  value: 33203.89 mgc: 0.2684246 ustep: 1 
iter: 2  mgc: 6.744152e-10 
outer mgc:  0.03104547 
iter: 1  value: 33203.89 mgc: 0.2684137 ustep: 1 
iter: 2  mgc: 6.732486e-10 
outer mgc:  0.03111383 
iter: 1  value: 33203.89 mgc: 0.4335312 ustep: 1 
iter: 2  mgc: 1.976633e-09 
outer mgc:  0.03120028 
iter: 1  value: 33203.89 mgc: 0.4335374 ustep: 1 
iter: 2  mgc: 1.976703e-09 
outer mgc:  0.03095902 
iter: 1  value: 33203.89 mgc: 0.05923061 ustep: 1 
iter: 2  mgc: 2.640288e-11 
outer mgc:  0.03109488 
iter: 1  value: 33203.89 mgc: 0.05922846 ustep: 1 
iter: 2  mgc: 2.690292e-11 
outer mgc:  0.03106442 
iter: 1  value: 33203.89 mgc: 0.304446 ustep: 1 
iter: 2  mgc: 7.816157e-10 
outer mgc:  0.031169 
iter: 1  value: 33203.89 mgc: 0.3044482 ustep: 1 
iter: 2  mgc: 7.814638e-10 
outer mgc:  0.03099029 
iter: 1  value: 33203.89 mgc: 0.5891939 ustep: 1 
iter: 2  mgc: 2.102658e-09 
outer mgc:  0.0310542 
iter: 1  value: 33203.89 mgc: 0.5891955 ustep: 1 
iter: 2  mgc: 2.101425e-09 
outer mgc:  0.03110509 
iter: 1  value: 33203.89 mgc: 0.06691252 ustep: 1 
iter: 2  mgc: 3.30157e-11 
outer mgc:  0.03107674 
iter: 1  value: 33203.89 mgc: 0.0669038 ustep: 1 
iter: 2  mgc: 3.300837e-11 
outer mgc:  0.03108255 
iter: 1  value: 33203.89 mgc: 0.04619391 ustep: 1 
iter: 2  mgc: 3.953815e-11 
outer mgc:  0.03109404 
iter: 1  value: 33203.89 mgc: 0.046194 ustep: 1 
iter: 2  mgc: 3.931078e-11 
outer mgc:  0.03106526 
iter: 1  value: 33203.89 mgc: 0.1357205 ustep: 1 
iter: 2  mgc: 2.52169e-10 
outer mgc:  0.03106768 
iter: 1  value: 33203.89 mgc: 0.135721 ustep: 1 
iter: 2  mgc: 2.530518e-10 
outer mgc:  0.03109163 
iter: 1  value: 33203.89 mgc: 0.2644334 ustep: 1 
iter: 2  mgc: 1.353067e-09 
outer mgc:  0.03118277 
iter: 1  value: 33203.89 mgc: 0.2644336 ustep: 1 
iter: 2  mgc: 1.352666e-09 
outer mgc:  0.03097653 
iter: 1  value: 33203.89 mgc: 0.03259969 ustep: 1 
iter: 2  mgc: 2.297096e-11 
outer mgc:  0.0310785 
iter: 1  value: 33203.89 mgc: 0.03259746 ustep: 1 
iter: 2  mgc: 2.784528e-11 
outer mgc:  0.0310808 
iter: 1  value: 33203.89 mgc: 0.01564353 ustep: 1 
iter: 2  mgc: 1.356004e-11 
outer mgc:  0.03108053 
iter: 1  value: 33203.89 mgc: 0.01565634 ustep: 1 
iter: 2  mgc: 2.55227e-11 
outer mgc:  0.03107878 
iter: 1  value: 33203.86 mgc: 0.006031337 ustep: 1 
iter: 2  value: 33203.86 mgc: 5.020914e-08 ustep: 1 
iter: 3  mgc: 1.40945e-11 
outer mgc:  0.1331291 
iter: 1  value: 33203.92 mgc: 0.006030697 ustep: 1 
iter: 2  value: 33203.92 mgc: 5.024635e-08 ustep: 1 
iter: 3  mgc: 1.078093e-11 
outer mgc:  0.1474713 
Warning message:
package ‘nnet’ was built under R version 3.6.3 
[Sun Aug 15 16:11:57 2021]
Finished job 0.
1 of 1 steps (100%) done
