Building DAG of jobs...
Using shell: /usr/bin/bash
Provided cores: 1 (use --cores to define parallelism)
Rules claiming more threads will be scaled down.
Job counts:
	count	jobs
	1	inference_simulation_TMB_multiple
	1

[Sun Aug 15 01:12:17 2021]
rule inference_simulation_TMB_multiple:
    input: ../data/assessing_models_simulation/datasets/multiple_GenerationJnorm3_50_100_10_7_0.8_NA_NA_NA_dataset0.RDS
    output: ../data/assessing_models_simulation/inference_results/TMB/nlminb/multiple_GenerationJnorm3_50_100_10_7_0.8_fullREM_NA_NA_NA_dataset0.RDS
    log: logs/inference/nlminb/simulation_GenerationJnorm3_50_100_10_7_0.8_ModelfullREM_NA_NA_NA_dataset0.log
    jobid: 0
    wildcards: optimiser=nlminb, datasetgeneration=GenerationJnorm3, n=50, nlambda=100, lmbda=10, d=7, beta_intensity=0.8, model=fullREM, fixed_beta_intercept=NA, fixed_beta_slope=NA, sdRE_input=NA, itnum=0

Rscript 2_inference_TMB/run_TMB.R --input ../data/assessing_models_simulation/datasets/multiple_GenerationJnorm3_50_100_10_7_0.8_NA_NA_NA_dataset0.RDS --output ../data/assessing_models_simulation/inference_results/TMB/nlminb/multiple_GenerationJnorm3_50_100_10_7_0.8_fullREM_NA_NA_NA_dataset0.RDS --model fullREM --optimiser nlminb
Model: fullREM 
Feature type: signatures 
Using nlminb: TRUE 
Simulation boolean: TRUE 
make: Nothing to be done for 'all'.
../data/assessing_models_simulation/datasets/multiple_GenerationJnorm3_50_100_10_7_0.8_NA_NA_NA_dataset0.RDS[1] "../data/assessing_models_simulation/datasets/multiple_GenerationJnorm3_50_100_10_7_0.8_NA_NA_NA_dataset0.RDS"
Reading file ../data/assessing_models_simulation/datasets/multiple_GenerationJnorm3_50_100_10_7_0.8_NA_NA_NA_dataset0.RDS 
Loading required package: nnet
# weights:  21 (12 variable)
initial  value 19562.234728 
iter  10 value 17964.107258
iter  20 value 17561.547799
iter  20 value 17561.547765
iter  20 value 17561.547765
final  value 17561.547765 
converged
Order of parameters:
[1] "beta"       "u_large"    "logs_sd_RE" "cov_par_RE"
Not matching template order:
[1] "beta"       "u_large"    "cov_par_RE" "logs_sd_RE"
Your parameter list has been re-ordered.
(Disable this warning with checkParameterOrder=FALSE)
Constructing atomic invpd
Constructing atomic D_lgamma
Constructing atomic invpd
Constructing atomic D_lgamma
Constructing atomic matmul
Constructing atomic invpd
Constructing atomic D_lgamma
Constructing atomic matmul
Optimizing tape... Done
iter: 1  value: 8204.983 mgc: 111.5158 ustep: 1 
iter: 2  value: 7031.122 mgc: 121.4151 ustep: 0.1336527 
iter: 3  value: 5276.962 mgc: 121.5698 ustep: 0.1075309 
iter: 4  value: 4874.818 mgc: 122.7309 ustep: 0.09457213 
iter: 5  value: 4419.751 mgc: 110.7769 ustep: 0.08778208 
iter: 6  value: 4195.597 mgc: 101.8133 ustep: 0.2963508 
iter: 7  value: 4121.968 mgc: 52.52837 ustep: 0.5444267 
iter: 8  value: 4092.951 mgc: 47.85242 ustep: 0.737879 
iter: 9  value: 4092.609 mgc: 1.465067 ustep: 0.8590129 
iter: 10  value: 4092.569 mgc: 0.05611179 ustep: 0.9268368 
iter: 11  value: 4092.564 mgc: 0.02117972 ustep: 0.9627274 
iter: 12  value: 4092.564 mgc: 0.00470722 ustep: 0.9811886 
iter: 13  value: 4092.564 mgc: 0.0005360393 ustep: 0.9905506 
iter: 14  value: 4092.564 mgc: 3.158879e-05 ustep: 0.9952646 
iter: 15  value: 4092.564 mgc: 1.021441e-06 ustep: 0.9976297 
iter: 16  value: 4092.564 mgc: 1.735945e-08 ustep: 0.9988143 
iter: 17  mgc: 1.484013e-10 
iter: 1  mgc: 1.484013e-10 
Matching hessian patterns... Done
outer mgc:  759.28 
iter: 1  value: 3305.069 mgc: 23.16379 ustep: 1 
iter: 2  value: 3303.99 mgc: 2.97197 ustep: 1 
iter: 3  value: 3303.989 mgc: 0.1170916 ustep: 1 
iter: 4  value: 3303.989 mgc: 0.00021401 ustep: 1 
iter: 5  mgc: 7.164659e-10 
iter: 1  value: 2914.685 mgc: 40.86246 ustep: 1 
iter: 2  value: 2907.263 mgc: 5.2223 ustep: 1 
iter: 3  value: 2907.255 mgc: 0.145069 ustep: 1 
iter: 4  value: 2907.255 mgc: 0.0003640864 ustep: 1 
iter: 5  mgc: 8.564193e-09 
iter: 1  mgc: 8.564193e-09 
outer mgc:  285.9095 
iter: 1  value: 3273.421 mgc: 66.78424 ustep: 1 
iter: 2  value: 3166.982 mgc: 31.28363 ustep: 1 
iter: 3  value: 3166.192 mgc: 1.275869 ustep: 1 
iter: 4  value: 3166.191 mgc: 0.05152759 ustep: 1 
iter: 5  value: 3166.191 mgc: 0.000143813 ustep: 1 
iter: 6  mgc: 1.800795e-09 
iter: 1  value: 2760.824 mgc: 27.80357 ustep: 1 
iter: 2  value: 2759.395 mgc: 2.943821 ustep: 1 
iter: 3  value: 2759.395 mgc: 0.03555993 ustep: 1 
iter: 4  value: 2759.395 mgc: 3.381882e-05 ustep: 1 
iter: 5  mgc: 3.063716e-11 
iter: 1  mgc: 3.063716e-11 
outer mgc:  123.1937 
iter: 1  value: 2710.737 mgc: 20.87737 ustep: 1 
iter: 2  value: 2709.864 mgc: 1.391013 ustep: 1 
iter: 3  value: 2709.864 mgc: 0.0328672 ustep: 1 
iter: 4  value: 2709.864 mgc: 1.999005e-05 ustep: 1 
iter: 5  mgc: 7.424727e-12 
iter: 1  mgc: 7.424727e-12 
outer mgc:  214.4969 
iter: 1  value: 2622.676 mgc: 22.94606 ustep: 1 
iter: 2  value: 2622.098 mgc: 1.881652 ustep: 1 
iter: 3  value: 2622.098 mgc: 0.01154815 ustep: 1 
iter: 4  value: 2622.098 mgc: 1.682694e-06 ustep: 1 
iter: 5  mgc: 3.691492e-14 
iter: 1  mgc: 3.691492e-14 
outer mgc:  96.24662 
iter: 1  value: 2564.118 mgc: 17.8471 ustep: 1 
iter: 2  value: 2563.553 mgc: 1.497135 ustep: 1 
iter: 3  value: 2563.553 mgc: 0.01967595 ustep: 1 
iter: 4  value: 2563.553 mgc: 2.09322e-05 ustep: 1 
iter: 5  mgc: 8.541301e-11 
iter: 1  mgc: 8.541301e-11 
outer mgc:  73.74802 
iter: 1  value: 2542.121 mgc: 16.98982 ustep: 1 
iter: 2  value: 2540.372 mgc: 1.984162 ustep: 1 
iter: 3  value: 2540.371 mgc: 0.04147124 ustep: 1 
iter: 4  value: 2540.371 mgc: 3.844243e-05 ustep: 1 
iter: 5  mgc: 3.455645e-11 
iter: 1  mgc: 3.455645e-11 
outer mgc:  94.52219 
iter: 1  value: 2534.155 mgc: 31.77803 ustep: 1 
iter: 2  value: 2527.524 mgc: 4.993287 ustep: 1 
iter: 3  value: 2527.517 mgc: 0.24057 ustep: 1 
iter: 4  value: 2527.517 mgc: 0.0008011095 ustep: 1 
iter: 5  value: 2527.517 mgc: 1.82596e-08 ustep: 1 
mgc: 3.4861e-14 
iter: 1  mgc: 3.4861e-14 
outer mgc:  103.2894 
iter: 1  value: 2544.994 mgc: 33.29666 ustep: 1 
iter: 2  value: 2539.844 mgc: 3.030267 ustep: 1 
iter: 3  value: 2539.835 mgc: 0.1587025 ustep: 1 
iter: 4  value: 2539.835 mgc: 0.000581151 ustep: 1 
iter: 5  value: 2539.835 mgc: 1.574294e-08 ustep: 1 
mgc: 4.041212e-14 
iter: 1  value: 2494.131 mgc: 13.06202 ustep: 1 
iter: 2  value: 2493.97 mgc: 0.5827781 ustep: 1 
iter: 3  value: 2493.97 mgc: 0.005756261 ustep: 1 
iter: 4  value: 2493.97 mgc: 7.488201e-07 ustep: 1 
iter: 5  mgc: 3.497203e-14 
iter: 1  mgc: 3.497203e-14 
outer mgc:  27.51546 
iter: 1  value: 2489.227 mgc: 12.6492 ustep: 1 
iter: 2  value: 2489.148 mgc: 0.4615291 ustep: 1 
iter: 3  value: 2489.148 mgc: 0.002096007 ustep: 1 
iter: 4  value: 2489.148 mgc: 7.626782e-08 ustep: 1 
iter: 5  mgc: 2.919887e-14 
iter: 1  mgc: 2.919887e-14 
outer mgc:  62.90796 
iter: 1  value: 2478.72 mgc: 7.525791 ustep: 1 
iter: 2  value: 2478.708 mgc: 0.2081073 ustep: 1 
iter: 3  value: 2478.708 mgc: 0.0005162355 ustep: 1 
iter: 4  mgc: 3.942442e-09 
iter: 1  mgc: 3.942442e-09 
outer mgc:  51.34358 
iter: 1  value: 2475.627 mgc: 6.689163 ustep: 1 
iter: 2  value: 2475.612 mgc: 0.1560775 ustep: 1 
iter: 3  value: 2475.612 mgc: 0.0005733855 ustep: 1 
iter: 4  value: 2475.612 mgc: 3.831366e-08 ustep: 1 
iter: 5  mgc: 4.285461e-14 
iter: 1  mgc: 4.285461e-14 
outer mgc:  37.29052 
iter: 1  value: 2473.149 mgc: 8.17453 ustep: 1 
iter: 2  value: 2473.072 mgc: 0.3527865 ustep: 1 
iter: 3  value: 2473.072 mgc: 0.001933601 ustep: 1 
iter: 4  value: 2473.072 mgc: 1.011398e-07 ustep: 1 
iter: 5  mgc: 3.419487e-14 
iter: 1  mgc: 3.419487e-14 
outer mgc:  38.8064 
iter: 1  value: 2470.625 mgc: 5.235754 ustep: 1 
iter: 2  value: 2470.619 mgc: 0.1405763 ustep: 1 
iter: 3  value: 2470.619 mgc: 0.0006326269 ustep: 1 
iter: 4  value: 2470.619 mgc: 1.303471e-08 ustep: 1 
mgc: 3.741452e-14 
iter: 1  mgc: 3.741452e-14 
outer mgc:  27.43786 
iter: 1  value: 2467.851 mgc: 6.666599 ustep: 1 
iter: 2  value: 2467.834 mgc: 0.2258514 ustep: 1 
iter: 3  value: 2467.834 mgc: 0.0006392463 ustep: 1 
iter: 4  mgc: 6.371633e-09 
iter: 1  mgc: 6.371633e-09 
outer mgc:  38.41236 
iter: 1  value: 2465.757 mgc: 10.49621 ustep: 1 
iter: 2  value: 2465.712 mgc: 0.2835886 ustep: 1 
iter: 3  value: 2465.712 mgc: 0.0007476703 ustep: 1 
iter: 4  value: 2465.712 mgc: 3.575645e-08 ustep: 1 
mgc: 3.330669e-14 
iter: 1  mgc: 3.330669e-14 
outer mgc:  22.32765 
iter: 1  value: 2467.371 mgc: 15.42734 ustep: 1 
iter: 2  value: 2467.232 mgc: 0.8051469 ustep: 1 
iter: 3  value: 2467.232 mgc: 0.004282659 ustep: 1 
iter: 4  value: 2467.232 mgc: 1.261797e-07 ustep: 1 
iter: 5  mgc: 2.198242e-14 
iter: 1  mgc: 2.198242e-14 
outer mgc:  20.22354 
iter: 1  value: 2467.014 mgc: 8.798749 ustep: 1 
iter: 2  value: 2466.991 mgc: 0.2688797 ustep: 1 
iter: 3  value: 2466.991 mgc: 0.0005825369 ustep: 1 
iter: 4  mgc: 8.431453e-09 
iter: 1  mgc: 8.431453e-09 
outer mgc:  36.03305 
iter: 1  value: 2463.742 mgc: 2.989644 ustep: 1 
iter: 2  value: 2463.741 mgc: 0.03385337 ustep: 1 
iter: 3  value: 2463.741 mgc: 1.622593e-05 ustep: 1 
iter: 4  mgc: 3.804512e-12 
iter: 1  mgc: 3.804512e-12 
outer mgc:  3.235999 
iter: 1  value: 2462.92 mgc: 2.532307 ustep: 1 
iter: 2  value: 2462.92 mgc: 0.02818131 ustep: 1 
iter: 3  value: 2462.92 mgc: 6.390836e-06 ustep: 1 
iter: 4  mgc: 1.263878e-12 
iter: 1  mgc: 1.263878e-12 
outer mgc:  11.97901 
iter: 1  value: 2462.745 mgc: 2.559891 ustep: 1 
iter: 2  value: 2462.745 mgc: 0.02206694 ustep: 1 
iter: 3  value: 2462.745 mgc: 3.188919e-06 ustep: 1 
iter: 4  mgc: 1.176836e-13 
iter: 1  value: 2462.834 mgc: 1.934485 ustep: 1 
iter: 2  value: 2462.834 mgc: 0.01412792 ustep: 1 
iter: 3  value: 2462.834 mgc: 2.12138e-06 ustep: 1 
iter: 4  mgc: 5.062617e-14 
iter: 1  mgc: 5.062617e-14 
outer mgc:  7.599471 
iter: 1  value: 2462.563 mgc: 1.394229 ustep: 1 
iter: 2  value: 2462.563 mgc: 0.006206691 ustep: 1 
iter: 3  value: 2462.563 mgc: 4.035224e-07 ustep: 1 
iter: 4  mgc: 3.905209e-14 
iter: 1  mgc: 3.905209e-14 
outer mgc:  1.373171 
iter: 1  value: 2462.578 mgc: 0.6571163 ustep: 1 
iter: 2  value: 2462.578 mgc: 0.001855844 ustep: 1 
iter: 3  value: 2462.578 mgc: 7.522648e-08 ustep: 1 
iter: 4  mgc: 4.32987e-14 
iter: 1  mgc: 4.32987e-14 
outer mgc:  2.236948 
iter: 1  value: 2462.581 mgc: 0.6141873 ustep: 1 
iter: 2  value: 2462.581 mgc: 0.001249348 ustep: 1 
iter: 3  value: 2462.581 mgc: 9.944445e-08 ustep: 1 
iter: 4  mgc: 5.506706e-14 
iter: 1  mgc: 5.506706e-14 
outer mgc:  2.948313 
iter: 1  value: 2462.383 mgc: 0.9198934 ustep: 1 
iter: 2  value: 2462.383 mgc: 0.004057058 ustep: 1 
iter: 3  value: 2462.383 mgc: 2.465473e-07 ustep: 1 
iter: 4  mgc: 3.130829e-14 
iter: 1  mgc: 3.130829e-14 
outer mgc:  2.90314 
iter: 1  value: 2462.307 mgc: 0.5911304 ustep: 1 
iter: 2  value: 2462.307 mgc: 0.001725965 ustep: 1 
iter: 3  value: 2462.307 mgc: 6.501643e-08 ustep: 1 
iter: 4  mgc: 3.433365e-14 
iter: 1  mgc: 3.433365e-14 
outer mgc:  4.342025 
iter: 1  value: 2462.293 mgc: 0.4849133 ustep: 1 
iter: 2  value: 2462.293 mgc: 0.001243737 ustep: 1 
iter: 3  value: 2462.293 mgc: 2.018255e-08 ustep: 1 
mgc: 4.42979e-14 
iter: 1  mgc: 4.42979e-14 
outer mgc:  2.611369 
iter: 1  value: 2462.303 mgc: 0.7380052 ustep: 1 
iter: 2  value: 2462.303 mgc: 0.001337219 ustep: 1 
iter: 3  value: 2462.303 mgc: 2.270275e-08 ustep: 1 
mgc: 4.596323e-14 
iter: 1  mgc: 4.596323e-14 
outer mgc:  3.597436 
iter: 1  value: 2462.274 mgc: 0.3202801 ustep: 1 
iter: 2  value: 2462.274 mgc: 0.0003928643 ustep: 1 
iter: 3  mgc: 1.520873e-09 
iter: 1  mgc: 1.520873e-09 
outer mgc:  1.026861 
iter: 1  value: 2462.307 mgc: 0.111739 ustep: 1 
iter: 2  value: 2462.307 mgc: 7.003755e-05 ustep: 1 
iter: 3  mgc: 5.391301e-10 
iter: 1  mgc: 5.391301e-10 
outer mgc:  0.857737 
iter: 1  value: 2462.266 mgc: 0.2354946 ustep: 1 
iter: 2  value: 2462.266 mgc: 0.0001846371 ustep: 1 
iter: 3  mgc: 5.206082e-10 
iter: 1  mgc: 5.206082e-10 
outer mgc:  0.5965001 
iter: 1  value: 2462.196 mgc: 0.1497455 ustep: 1 
iter: 2  value: 2462.196 mgc: 9.86741e-05 ustep: 1 
iter: 3  mgc: 1.620332e-10 
iter: 1  mgc: 1.620332e-10 
outer mgc:  0.7190103 
iter: 1  value: 2462.251 mgc: 0.0666105 ustep: 1 
iter: 2  value: 2462.251 mgc: 4.921211e-05 ustep: 1 
iter: 3  mgc: 2.652827e-10 
iter: 1  mgc: 2.652827e-10 
outer mgc:  0.2849707 
iter: 1  value: 2462.27 mgc: 0.08976065 ustep: 1 
iter: 2  value: 2462.27 mgc: 7.076337e-05 ustep: 1 
iter: 3  mgc: 1.489764e-10 
iter: 1  mgc: 1.489764e-10 
outer mgc:  0.7066569 
iter: 1  value: 2462.2 mgc: 0.2623389 ustep: 1 
iter: 2  value: 2462.2 mgc: 0.0002717843 ustep: 1 
iter: 3  mgc: 7.92955e-10 
iter: 1  value: 2462.234 mgc: 0.2118833 ustep: 1 
iter: 2  value: 2462.234 mgc: 0.0001524625 ustep: 1 
iter: 3  mgc: 2.475274e-10 
iter: 1  mgc: 2.475274e-10 
outer mgc:  0.9988957 
iter: 1  value: 2462.225 mgc: 0.1500965 ustep: 1 
iter: 2  value: 2462.225 mgc: 9.984622e-05 ustep: 1 
iter: 3  mgc: 1.06451e-10 
iter: 1  mgc: 1.06451e-10 
outer mgc:  0.3098842 
iter: 1  value: 2462.217 mgc: 0.1211824 ustep: 1 
iter: 2  value: 2462.217 mgc: 6.276651e-05 ustep: 1 
iter: 3  mgc: 3.042278e-11 
iter: 1  mgc: 3.042278e-11 
outer mgc:  0.2750129 
iter: 1  value: 2462.197 mgc: 0.149931 ustep: 1 
iter: 2  value: 2462.197 mgc: 9.545443e-05 ustep: 1 
iter: 3  mgc: 5.470016e-11 
iter: 1  mgc: 5.470016e-11 
outer mgc:  0.2439195 
iter: 1  value: 2462.21 mgc: 0.1786002 ustep: 1 
iter: 2  value: 2462.21 mgc: 8.103465e-05 ustep: 1 
iter: 3  mgc: 8.701523e-11 
iter: 1  mgc: 8.701523e-11 
outer mgc:  0.2128485 
iter: 1  value: 2462.221 mgc: 0.08776245 ustep: 1 
iter: 2  value: 2462.221 mgc: 2.364511e-05 ustep: 1 
iter: 3  mgc: 1.843703e-11 
iter: 1  mgc: 1.843703e-11 
outer mgc:  0.3195038 
iter: 1  value: 2462.209 mgc: 0.03690036 ustep: 1 
iter: 2  value: 2462.209 mgc: 7.064554e-06 ustep: 1 
iter: 3  mgc: 7.150947e-13 
iter: 1  mgc: 7.150947e-13 
outer mgc:  0.2950786 
iter: 1  value: 2462.209 mgc: 0.03619723 ustep: 1 
iter: 2  value: 2462.209 mgc: 4.719634e-06 ustep: 1 
iter: 3  mgc: 8.01359e-13 
iter: 1  mgc: 8.01359e-13 
outer mgc:  0.1918336 
iter: 1  value: 2462.213 mgc: 0.03763741 ustep: 1 
iter: 2  value: 2462.213 mgc: 8.127747e-06 ustep: 1 
iter: 3  mgc: 3.250067e-12 
iter: 1  mgc: 3.250067e-12 
outer mgc:  0.1141723 
iter: 1  value: 2462.187 mgc: 0.04327328 ustep: 1 
iter: 2  value: 2462.187 mgc: 6.045507e-06 ustep: 1 
iter: 3  mgc: 3.431033e-12 
iter: 1  mgc: 3.431033e-12 
outer mgc:  0.05662031 
iter: 1  value: 2462.21 mgc: 0.06142062 ustep: 1 
iter: 2  value: 2462.21 mgc: 1.543211e-05 ustep: 1 
iter: 3  mgc: 5.010214e-12 
iter: 1  value: 2462.192 mgc: 0.01407368 ustep: 1 
iter: 2  value: 2462.192 mgc: 8.1082e-07 ustep: 1 
iter: 3  mgc: 4.52971e-14 
iter: 1  mgc: 4.52971e-14 
outer mgc:  0.05133448 
iter: 1  value: 2462.195 mgc: 0.02178569 ustep: 1 
iter: 2  value: 2462.195 mgc: 2.29705e-06 ustep: 1 
iter: 3  mgc: 6.153845e-14 
iter: 1  mgc: 6.153845e-14 
outer mgc:  0.1062723 
iter: 1  value: 2462.198 mgc: 0.01569851 ustep: 1 
iter: 2  value: 2462.198 mgc: 1.024609e-06 ustep: 1 
iter: 3  mgc: 3.508305e-14 
iter: 1  mgc: 3.508305e-14 
outer mgc:  0.03966216 
iter: 1  value: 2462.197 mgc: 0.009297249 ustep: 1 
iter: 2  value: 2462.197 mgc: 5.465729e-07 ustep: 1 
iter: 3  mgc: 4.485301e-14 
iter: 1  mgc: 4.485301e-14 
outer mgc:  0.03690759 
iter: 1  value: 2462.201 mgc: 0.004567589 ustep: 1 
iter: 2  value: 2462.201 mgc: 1.366729e-07 ustep: 1 
iter: 3  mgc: 3.996803e-14 
iter: 1  mgc: 3.996803e-14 
outer mgc:  0.0237184 
iter: 1  value: 2462.2 mgc: 0.01045329 ustep: 1 
iter: 2  value: 2462.2 mgc: 3.503067e-07 ustep: 1 
iter: 3  mgc: 4.507505e-14 
iter: 1  mgc: 4.507505e-14 
outer mgc:  0.02839825 
iter: 1  value: 2462.197 mgc: 0.009553856 ustep: 1 
iter: 2  value: 2462.197 mgc: 4.01834e-07 ustep: 1 
iter: 3  mgc: 3.441691e-14 
iter: 1  mgc: 3.441691e-14 
outer mgc:  0.03099472 
iter: 1  value: 2462.199 mgc: 0.007969291 ustep: 1 
iter: 2  value: 2462.199 mgc: 2.933912e-07 ustep: 1 
iter: 3  mgc: 2.997602e-14 
iter: 1  mgc: 2.997602e-14 
outer mgc:  0.04111599 
iter: 1  value: 2462.201 mgc: 0.008016791 ustep: 1 
iter: 2  value: 2462.201 mgc: 4.329195e-07 ustep: 1 
iter: 3  mgc: 2.84564e-14 
iter: 1  mgc: 2.84564e-14 
outer mgc:  0.03859235 
iter: 1  value: 2462.202 mgc: 0.009523002 ustep: 1 
iter: 2  value: 2462.202 mgc: 2.794121e-07 ustep: 1 
iter: 3  mgc: 3.108624e-14 
iter: 1  mgc: 3.108624e-14 
outer mgc:  0.0173657 
iter: 1  value: 2462.198 mgc: 0.01015182 ustep: 1 
iter: 2  value: 2462.198 mgc: 4.344762e-07 ustep: 1 
iter: 3  mgc: 2.697842e-14 
iter: 1  mgc: 2.697842e-14 
outer mgc:  0.02307471 
iter: 1  value: 2462.197 mgc: 0.007390634 ustep: 1 
iter: 2  value: 2462.197 mgc: 2.375197e-07 ustep: 1 
iter: 3  mgc: 2.697842e-14 
iter: 1  mgc: 2.697842e-14 
outer mgc:  0.02709669 
iter: 1  value: 2462.196 mgc: 0.0103224 ustep: 1 
iter: 2  value: 2462.196 mgc: 4.416021e-07 ustep: 1 
iter: 3  mgc: 4.796163e-14 
iter: 1  mgc: 4.796163e-14 
outer mgc:  0.02247563 
iter: 1  value: 2462.201 mgc: 0.01355075 ustep: 1 
iter: 2  value: 2462.201 mgc: 1.110695e-06 ustep: 1 
iter: 3  mgc: 4.796163e-14 
iter: 1  mgc: 4.796163e-14 
outer mgc:  0.01902049 
iter: 1  value: 2462.2 mgc: 0.004912297 ustep: 1 
iter: 2  value: 2462.2 mgc: 1.580589e-07 ustep: 1 
iter: 3  mgc: 2.88658e-14 
iter: 1  mgc: 2.88658e-14 
outer mgc:  0.03645702 
iter: 1  value: 2462.199 mgc: 0.006364325 ustep: 1 
iter: 2  value: 2462.199 mgc: 2.039997e-07 ustep: 1 
iter: 3  mgc: 4.596323e-14 
iter: 1  mgc: 4.596323e-14 
outer mgc:  0.02139986 
iter: 1  value: 2462.198 mgc: 0.005097227 ustep: 1 
iter: 2  value: 2462.198 mgc: 1.88816e-07 ustep: 1 
iter: 3  mgc: 4.085621e-14 
iter: 1  mgc: 4.085621e-14 
outer mgc:  0.005321788 
iter: 1  value: 2462.197 mgc: 0.004698763 ustep: 1 
iter: 2  value: 2462.197 mgc: 1.174589e-07 ustep: 1 
iter: 3  mgc: 3.197442e-14 
iter: 1  value: 2462.197 mgc: 0.00284353 ustep: 1 
iter: 2  value: 2462.197 mgc: 2.457786e-08 ustep: 1 
mgc: 4.13003e-14 
iter: 1  mgc: 4.13003e-14 
outer mgc:  0.01457153 
iter: 1  value: 2462.198 mgc: 0.004570059 ustep: 1 
iter: 2  value: 2462.198 mgc: 9.419679e-08 ustep: 1 
iter: 3  mgc: 5.417888e-14 
iter: 1  mgc: 5.417888e-14 
outer mgc:  0.01173564 
iter: 1  value: 2462.198 mgc: 0.002867836 ustep: 1 
iter: 2  value: 2462.198 mgc: 4.404541e-08 ustep: 1 
iter: 3  mgc: 2.575717e-14 
iter: 1  mgc: 2.575717e-14 
outer mgc:  0.001911991 
iter: 1  value: 2462.198 mgc: 0.001738044 ustep: 1 
iter: 2  value: 2462.198 mgc: 1.478017e-08 ustep: 1 
mgc: 2.553513e-14 
iter: 1  mgc: 2.553513e-14 
outer mgc:  0.004686327 
iter: 1  value: 2462.198 mgc: 0.002781911 ustep: 1 
iter: 2  value: 2462.198 mgc: 4.904055e-08 ustep: 1 
iter: 3  mgc: 2.930989e-14 
iter: 1  value: 2462.198 mgc: 0.001035944 ustep: 1 
iter: 2  mgc: 4.838898e-09 
iter: 1  mgc: 4.838898e-09 
outer mgc:  0.003399118 
iter: 1  value: 2462.198 mgc: 0.001092621 ustep: 1 
iter: 2  mgc: 5.632911e-09 
iter: 1  value: 2462.198 mgc: 0.0009828142 ustep: 1 
iter: 2  mgc: 4.314366e-09 
iter: 1  mgc: 4.314366e-09 
outer mgc:  0.00533812 
iter: 1  value: 2462.198 mgc: 0.0005815009 ustep: 1 
iter: 2  mgc: 1.448496e-09 
iter: 1  mgc: 1.448496e-09 
outer mgc:  0.0005700035 
iter: 1  value: 2462.198 mgc: 0.0002142936 ustep: 1 
iter: 2  mgc: 1.779781e-10 
iter: 1  mgc: 1.779781e-10 
outer mgc:  0.001619577 
iter: 1  mgc: 1.779781e-10 
iter: 1  mgc: 1.779781e-10 
outer mgc:  0.001619577 
iter: 1  value: 2462.197 mgc: 0.04602222 ustep: 1 
iter: 2  value: 2462.197 mgc: 9.47141e-06 ustep: 1 
iter: 3  mgc: 6.751266e-13 
outer mgc:  0.09944532 
iter: 1  value: 2462.199 mgc: 0.04601413 ustep: 1 
iter: 2  value: 2462.199 mgc: 9.483069e-06 ustep: 1 
iter: 3  mgc: 6.801226e-13 
outer mgc:  0.09793219 
iter: 1  value: 2462.198 mgc: 0.02556909 ustep: 1 
iter: 2  value: 2462.198 mgc: 3.930158e-06 ustep: 1 
iter: 3  mgc: 1.161293e-13 
outer mgc:  0.2997802 
iter: 1  value: 2462.198 mgc: 0.02555819 ustep: 1 
iter: 2  value: 2462.198 mgc: 3.933294e-06 ustep: 1 
iter: 3  mgc: 1.115219e-13 
outer mgc:  0.2965545 
iter: 1  value: 2462.198 mgc: 0.04706632 ustep: 1 
iter: 2  value: 2462.198 mgc: 9.257476e-06 ustep: 1 
iter: 3  mgc: 8.251733e-13 
outer mgc:  0.05351373 
iter: 1  value: 2462.198 mgc: 0.04704848 ustep: 1 
iter: 2  value: 2462.198 mgc: 9.268883e-06 ustep: 1 
iter: 3  mgc: 8.28726e-13 
outer mgc:  0.05286626 
iter: 1  value: 2462.199 mgc: 0.02687159 ustep: 1 
iter: 2  value: 2462.199 mgc: 3.989135e-06 ustep: 1 
iter: 3  mgc: 2.200462e-13 
outer mgc:  0.3209388 
iter: 1  value: 2462.197 mgc: 0.02686619 ustep: 1 
iter: 2  value: 2462.197 mgc: 3.991802e-06 ustep: 1 
iter: 3  mgc: 2.148282e-13 
outer mgc:  0.321085 
iter: 1  value: 2462.196 mgc: 0.03481894 ustep: 1 
iter: 2  value: 2462.196 mgc: 6.984965e-06 ustep: 1 
iter: 3  mgc: 7.444045e-13 
outer mgc:  0.02231345 
iter: 1  value: 2462.2 mgc: 0.03480695 ustep: 1 
iter: 2  value: 2462.2 mgc: 6.991133e-06 ustep: 1 
iter: 3  mgc: 7.409628e-13 
outer mgc:  0.02203573 
iter: 1  value: 2462.197 mgc: 0.01271683 ustep: 1 
iter: 2  value: 2462.197 mgc: 7.852885e-07 ustep: 1 
iter: 3  mgc: 3.275158e-14 
outer mgc:  0.06189807 
iter: 1  value: 2462.199 mgc: 0.01270778 ustep: 1 
iter: 2  value: 2462.199 mgc: 7.844467e-07 ustep: 1 
iter: 3  mgc: 4.540812e-14 
outer mgc:  0.06180278 
iter: 1  value: 2462.197 mgc: 0.03661699 ustep: 1 
iter: 2  value: 2462.197 mgc: 7.505504e-06 ustep: 1 
iter: 3  mgc: 8.119061e-13 
outer mgc:  0.04509289 
iter: 1  value: 2462.199 mgc: 0.0366011 ustep: 1 
iter: 2  value: 2462.199 mgc: 7.515367e-06 ustep: 1 
iter: 3  mgc: 8.106849e-13 
outer mgc:  0.04490218 
iter: 1  value: 2462.197 mgc: 0.01257731 ustep: 1 
iter: 2  value: 2462.197 mgc: 1.026768e-06 ustep: 1 
iter: 3  mgc: 3.175238e-14 
outer mgc:  0.1214792 
iter: 1  value: 2462.199 mgc: 0.0125684 ustep: 1 
iter: 2  value: 2462.199 mgc: 1.025834e-06 ustep: 1 
iter: 3  mgc: 3.397282e-14 
outer mgc:  0.1210534 
iter: 1  value: 2462.2 mgc: 0.05265771 ustep: 1 
iter: 2  value: 2462.2 mgc: 9.4566e-06 ustep: 1 
iter: 3  mgc: 9.931708e-13 
outer mgc:  0.05662268 
iter: 1  value: 2462.196 mgc: 0.05266638 ustep: 1 
iter: 2  value: 2462.196 mgc: 9.468109e-06 ustep: 1 
iter: 3  mgc: 9.900206e-13 
outer mgc:  0.05631537 
iter: 1  value: 2462.198 mgc: 0.02723534 ustep: 1 
iter: 2  value: 2462.198 mgc: 2.302521e-06 ustep: 1 
iter: 3  mgc: 6.705747e-14 
outer mgc:  0.4209778 
iter: 1  value: 2462.198 mgc: 0.02723596 ustep: 1 
iter: 2  value: 2462.198 mgc: 2.3049e-06 ustep: 1 
iter: 3  mgc: 6.061818e-14 
outer mgc:  0.4236965 
iter: 1  value: 2462.201 mgc: 0.05672803 ustep: 1 
iter: 2  value: 2462.201 mgc: 9.049345e-06 ustep: 1 
iter: 3  mgc: 7.236434e-13 
outer mgc:  0.104013 
iter: 1  value: 2462.195 mgc: 0.05673427 ustep: 1 
iter: 2  value: 2462.195 mgc: 9.056962e-06 ustep: 1 
iter: 3  mgc: 7.185363e-13 
outer mgc:  0.1040475 
iter: 1  value: 2462.2 mgc: 0.02842475 ustep: 1 
iter: 2  value: 2462.2 mgc: 3.169154e-06 ustep: 1 
iter: 3  mgc: 9.170442e-14 
outer mgc:  0.3899524 
iter: 1  value: 2462.196 mgc: 0.0284162 ustep: 1 
iter: 2  value: 2462.196 mgc: 3.171777e-06 ustep: 1 
iter: 3  mgc: 9.647838e-14 
outer mgc:  0.3907354 
iter: 1  value: 2462.195 mgc: 0.003698822 ustep: 1 
iter: 2  value: 2462.195 mgc: 1.007833e-06 ustep: 1 
iter: 3  mgc: 7.505108e-14 
outer mgc:  0.04010568 
iter: 1  value: 2462.201 mgc: 0.003695071 ustep: 1 
iter: 2  value: 2462.201 mgc: 1.006409e-06 ustep: 1 
iter: 3  mgc: 7.549517e-14 
outer mgc:  0.03929615 
iter: 1  value: 2462.196 mgc: 0.001926694 ustep: 1 
iter: 2  value: 2462.196 mgc: 4.756253e-07 ustep: 1 
iter: 3  mgc: 4.951595e-14 
outer mgc:  0.04387703 
iter: 1  value: 2462.2 mgc: 0.001924037 ustep: 1 
iter: 2  value: 2462.2 mgc: 4.747344e-07 ustep: 1 
iter: 3  mgc: 5.02931e-14 
outer mgc:  0.04344324 
iter: 1  value: 2462.195 mgc: 0.001671058 ustep: 1 
iter: 2  value: 2462.195 mgc: 3.875886e-07 ustep: 1 
iter: 3  mgc: 4.82947e-14 
outer mgc:  0.04563139 
iter: 1  value: 2462.201 mgc: 0.001670497 ustep: 1 
iter: 2  value: 2462.201 mgc: 3.875841e-07 ustep: 1 
iter: 3  mgc: 3.907985e-14 
outer mgc:  0.04592095 
iter: 1  value: 2462.194 mgc: 0.002888778 ustep: 1 
iter: 2  value: 2462.194 mgc: 9.024093e-07 ustep: 1 
iter: 3  mgc: 8.903989e-14 
outer mgc:  0.03021986 
iter: 1  value: 2462.202 mgc: 0.002885814 ustep: 1 
iter: 2  value: 2462.202 mgc: 9.012396e-07 ustep: 1 
iter: 3  mgc: 8.881784e-14 
outer mgc:  0.02954366 
iter: 1  value: 2462.196 mgc: 0.002633126 ustep: 1 
iter: 2  value: 2462.196 mgc: 3.717595e-07 ustep: 1 
iter: 3  mgc: 3.441691e-14 
outer mgc:  0.04062124 
iter: 1  value: 2462.199 mgc: 0.002631203 ustep: 1 
iter: 2  value: 2462.199 mgc: 3.711074e-07 ustep: 1 
iter: 3  mgc: 3.352874e-14 
outer mgc:  0.04034828 
iter: 1  value: 2462.195 mgc: 0.002556056 ustep: 1 
iter: 2  value: 2462.195 mgc: 5.754636e-07 ustep: 1 
iter: 3  mgc: 5.906386e-14 
outer mgc:  0.03474158 
iter: 1  value: 2462.2 mgc: 0.002553871 ustep: 1 
iter: 2  value: 2462.2 mgc: 5.74452e-07 ustep: 1 
iter: 3  mgc: 6.616929e-14 
outer mgc:  0.03489181 
iter: 1  value: 2462.198 mgc: 0.002621708 ustep: 1 
iter: 2  value: 2462.198 mgc: 2.848682e-07 ustep: 1 
iter: 3  mgc: 6.239453e-14 
outer mgc:  0.0405375 
iter: 1  value: 2462.198 mgc: 0.002619158 ustep: 1 
iter: 2  value: 2462.198 mgc: 2.84009e-07 ustep: 1 
iter: 3  mgc: 3.463896e-14 
outer mgc:  0.03996031 
iter: 1  value: 2462.196 mgc: 0.003393642 ustep: 1 
iter: 2  value: 2462.196 mgc: 4.578948e-07 ustep: 1 
iter: 3  mgc: 3.463896e-14 
outer mgc:  0.03979388 
iter: 1  value: 2462.2 mgc: 0.003390069 ustep: 1 
iter: 2  value: 2462.2 mgc: 4.562056e-07 ustep: 1 
iter: 3  mgc: 2.953193e-14 
outer mgc:  0.03937449 
iter: 1  value: 2462.196 mgc: 0.002173994 ustep: 1 
iter: 2  value: 2462.196 mgc: 2.870317e-07 ustep: 1 
iter: 3  mgc: 4.884981e-14 
outer mgc:  0.0396563 
iter: 1  value: 2462.199 mgc: 0.002173479 ustep: 1 
iter: 2  value: 2462.199 mgc: 2.874309e-07 ustep: 1 
iter: 3  mgc: 4.840572e-14 
outer mgc:  0.03968227 
iter: 1  value: 2462.197 mgc: 0.002153206 ustep: 1 
iter: 2  value: 2462.197 mgc: 2.13892e-07 ustep: 1 
iter: 3  mgc: 3.508305e-14 
outer mgc:  0.03882669 
iter: 1  value: 2462.199 mgc: 0.00215292 ustep: 1 
iter: 2  value: 2462.199 mgc: 2.135754e-07 ustep: 1 
iter: 3  mgc: 3.241851e-14 
outer mgc:  0.03908963 
iter: 1  value: 2462.194 mgc: 0.003296773 ustep: 1 
iter: 2  value: 2462.194 mgc: 2.35277e-07 ustep: 1 
iter: 3  mgc: 2.525757e-14 
outer mgc:  0.02105324 
iter: 1  value: 2462.201 mgc: 0.003294402 ustep: 1 
iter: 2  value: 2462.201 mgc: 2.35012e-07 ustep: 1 
iter: 3  mgc: 3.4861e-14 
outer mgc:  0.01997634 
iter: 1  value: 2462.199 mgc: 0.003587532 ustep: 1 
iter: 2  value: 2462.199 mgc: 2.699263e-07 ustep: 1 
iter: 3  mgc: 5.750955e-14 
outer mgc:  0.03994974 
iter: 1  value: 2462.197 mgc: 0.003585999 ustep: 1 
iter: 2  value: 2462.197 mgc: 2.704718e-07 ustep: 1 
iter: 3  mgc: 4.241052e-14 
outer mgc:  0.04007897 
iter: 1  value: 2462.196 mgc: 0.002960243 ustep: 1 
iter: 2  value: 2462.196 mgc: 2.375831e-07 ustep: 1 
iter: 3  mgc: 3.974598e-14 
outer mgc:  0.03578651 
iter: 1  value: 2462.2 mgc: 0.002959878 ustep: 1 
iter: 2  value: 2462.2 mgc: 2.372143e-07 ustep: 1 
iter: 3  mgc: 3.341771e-14 
outer mgc:  0.03575469 
iter: 1  value: 2462.197 mgc: 0.00279962 ustep: 1 
iter: 2  value: 2462.197 mgc: 2.383521e-07 ustep: 1 
iter: 3  mgc: 2.930989e-14 
outer mgc:  0.03645359 
iter: 1  value: 2462.199 mgc: 0.00280017 ustep: 1 
iter: 2  value: 2462.199 mgc: 2.380949e-07 ustep: 1 
iter: 3  mgc: 2.309264e-14 
outer mgc:  0.03660371 
iter: 1  value: 2462.199 mgc: 0.003044979 ustep: 1 
iter: 2  value: 2462.199 mgc: 1.481944e-07 ustep: 1 
iter: 3  mgc: 4.307665e-14 
outer mgc:  0.04083278 
iter: 1  value: 2462.196 mgc: 0.00304478 ustep: 1 
iter: 2  value: 2462.196 mgc: 1.483208e-07 ustep: 1 
iter: 3  mgc: 3.719247e-14 
outer mgc:  0.04104877 
iter: 1  value: 2462.206 mgc: 0.008106286 ustep: 1 
iter: 2  value: 2462.206 mgc: 2.000004e-06 ustep: 1 
iter: 3  mgc: 1.363354e-13 
outer mgc:  0.1518686 
iter: 1  value: 2462.19 mgc: 0.008125697 ustep: 1 
iter: 2  value: 2462.19 mgc: 2.00708e-06 ustep: 1 
iter: 3  mgc: 1.358913e-13 
outer mgc:  0.1520748 
iter: 1  value: 2462.202 mgc: 0.004773293 ustep: 1 
iter: 2  value: 2462.202 mgc: 1.386755e-06 ustep: 1 
iter: 3  mgc: 1.221245e-13 
outer mgc:  0.1278356 
iter: 1  value: 2462.194 mgc: 0.004784319 ustep: 1 
iter: 2  value: 2462.194 mgc: 1.391071e-06 ustep: 1 
iter: 3  mgc: 1.234568e-13 
outer mgc:  0.1276747 
iter: 1  value: 2462.21 mgc: 0.002425106 ustep: 1 
iter: 2  value: 2462.21 mgc: 1.240611e-06 ustep: 1 
iter: 3  mgc: 3.295142e-13 
outer mgc:  0.06477762 
iter: 1  value: 2462.185 mgc: 0.00243046 ustep: 1 
iter: 2  value: 2462.185 mgc: 1.243826e-06 ustep: 1 
iter: 3  mgc: 3.291811e-13 
outer mgc:  0.06469926 
iter: 1  value: 2462.208 mgc: 0.005119658 ustep: 1 
iter: 2  value: 2462.208 mgc: 2.516784e-06 ustep: 1 
iter: 3  mgc: 6.912249e-13 
outer mgc:  0.09412189 
iter: 1  value: 2462.188 mgc: 0.005130976 ustep: 1 
iter: 2  value: 2462.188 mgc: 2.523327e-06 ustep: 1 
iter: 3  mgc: 6.905587e-13 
outer mgc:  0.09397121 
iter: 1  value: 2462.203 mgc: 0.005298077 ustep: 1 
iter: 2  value: 2462.203 mgc: 1.437478e-06 ustep: 1 
iter: 3  mgc: 1.123546e-13 
outer mgc:  0.1037822 
iter: 1  value: 2462.192 mgc: 0.005310215 ustep: 1 
iter: 2  value: 2462.192 mgc: 1.442216e-06 ustep: 1 
iter: 3  mgc: 1.14575e-13 
outer mgc:  0.1036533 
iter: 1  value: 2462.204 mgc: 0.009262484 ustep: 1 
iter: 2  value: 2462.204 mgc: 1.077288e-06 ustep: 1 
iter: 3  mgc: 6.306067e-14 
outer mgc:  0.1669304 
iter: 1  value: 2462.192 mgc: 0.00928442 ustep: 1 
iter: 2  value: 2462.192 mgc: 1.08116e-06 ustep: 1 
iter: 3  mgc: 6.261658e-14 
outer mgc:  0.1664452 
[Sun Aug 15 01:12:20 2021]
Finished job 0.
1 of 1 steps (100%) done
