Building DAG of jobs...
Using shell: /usr/bin/bash
Provided cores: 1 (use --cores to define parallelism)
Rules claiming more threads will be scaled down.
Job counts:
	count	jobs
	1	inference_simulation_TMB_multiple
	1

[Sat Aug 14 12:03:48 2021]
rule inference_simulation_TMB_multiple:
    input: ../data/assessing_models_simulation/datasets/multiple_GenerationJnorm3_50_100_80_7_4_NA_NA_NA_dataset0.RDS
    output: ../data/assessing_models_simulation/inference_results/TMB/nlminb/multiple_GenerationJnorm3_50_100_80_7_4_fullREM_NA_NA_NA_dataset0.RDS
    log: logs/inference/nlminb/simulation_GenerationJnorm3_50_100_80_7_4_ModelfullREM_NA_NA_NA_dataset0.log
    jobid: 0
    wildcards: optimiser=nlminb, datasetgeneration=GenerationJnorm3, n=50, nlambda=100, lmbda=80, d=7, beta_intensity=4, model=fullREM, fixed_beta_intercept=NA, fixed_beta_slope=NA, sdRE_input=NA, itnum=0

Rscript 2_inference_TMB/run_TMB.R --input ../data/assessing_models_simulation/datasets/multiple_GenerationJnorm3_50_100_80_7_4_NA_NA_NA_dataset0.RDS --output ../data/assessing_models_simulation/inference_results/TMB/nlminb/multiple_GenerationJnorm3_50_100_80_7_4_fullREM_NA_NA_NA_dataset0.RDS --model fullREM --optimiser nlminb
Model: fullREM 
Feature type: signatures 
Using nlminb: TRUE 
Simulation boolean: TRUE 
make: Nothing to be done for 'all'.
../data/assessing_models_simulation/datasets/multiple_GenerationJnorm3_50_100_80_7_4_NA_NA_NA_dataset0.RDS[1] "../data/assessing_models_simulation/datasets/multiple_GenerationJnorm3_50_100_80_7_4_NA_NA_NA_dataset0.RDS"
Reading file ../data/assessing_models_simulation/datasets/multiple_GenerationJnorm3_50_100_80_7_4_NA_NA_NA_dataset0.RDS 
Loading required package: nnet
# weights:  21 (12 variable)
initial  value 19482.452412 
iter  10 value 10624.234292
iter  20 value 10203.354020
iter  30 value 10199.619331
iter  40 value 10198.572519
iter  50 value 10198.459057
iter  50 value 10198.459003
iter  50 value 10198.459003
final  value 10198.459003 
converged
Order of parameters:
[1] "beta"       "u_large"    "logs_sd_RE" "cov_par_RE"
Not matching template order:
[1] "beta"       "u_large"    "cov_par_RE" "logs_sd_RE"
Your parameter list has been re-ordered.
(Disable this warning with checkParameterOrder=FALSE)
Constructing atomic invpd
Constructing atomic D_lgamma
Constructing atomic invpd
Constructing atomic D_lgamma
Constructing atomic matmul
Constructing atomic invpd
Constructing atomic D_lgamma
Constructing atomic matmul
Optimizing tape... Done
iter: 1  value: 68680.61 mgc: 146.9027 ustep: 1 
iter: 2  value: 65179.77 mgc: 57.23456 ustep: 0.2494656 
iter: 3  value: 64101.93 mgc: 83.37762 ustep: 0.2925213 
iter: 4  value: 63823.96 mgc: 131.8743 ustep: 0.5408983 
iter: 5  value: 63270.19 mgc: 99.94209 ustep: 0.1530981 
iter: 6  value: 63144.55 mgc: 76.77159 ustep: 0.2198104 
iter: 7  value: 62757.62 mgc: 74.75839 ustep: 0.1462885 
iter: 8  value: 62507.14 mgc: 58.176 ustep: 0.1135302 
iter: 9  value: 62460.76 mgc: 40.06619 ustep: 0.3370087 
iter: 10  value: 62432.92 mgc: 30.81286 ustep: 0.5805665 
iter: 11  value: 62428.76 mgc: 7.425258 ustep: 0.7619729 
iter: 12  value: 62428.41 mgc: 0.5176855 ustep: 0.8729233 
iter: 13  value: 62428.39 mgc: 0.06046241 ustep: 0.9343102 
iter: 14  value: 62428.39 mgc: 0.00781371 ustep: 0.9666006 
iter: 15  value: 62428.39 mgc: 0.000532563 ustep: 0.9831602 
iter: 16  value: 62428.39 mgc: 1.858573e-05 ustep: 0.9915452 
iter: 17  value: 62428.39 mgc: 3.278976e-07 ustep: 0.995764 
iter: 18  mgc: 2.908775e-09 
iter: 1  mgc: 2.908775e-09 
Matching hessian patterns... Done
outer mgc:  7371.069 
iter: 1  value: 55539.37 mgc: 11.95155 ustep: 0.6827823 
iter: 2  value: 55243.63 mgc: 77.22399 ustep: 0.8263238 
iter: 3  value: 55129.83 mgc: 48.87158 ustep: 0.4507029 
iter: 4  value: 55094.87 mgc: 18.98231 ustep: 0.671377 
iter: 5  value: 55089.17 mgc: 5.140652 ustep: 0.819394 
iter: 6  value: 55088.53 mgc: 1.528567 ustep: 0.9052133 
iter: 7  value: 55088.5 mgc: 0.2915843 ustep: 0.9514319 
iter: 8  value: 55088.5 mgc: 0.02014813 ustep: 0.9754161 
iter: 9  value: 55088.5 mgc: 0.0003460733 ustep: 0.9876328 
iter: 10  value: 55088.5 mgc: 6.539351e-06 ustep: 0.9937978 
iter: 11  value: 55088.5 mgc: 1.078036e-07 ustep: 0.9968944 
iter: 12  mgc: 8.920356e-10 
iter: 1  mgc: 8.920356e-10 
outer mgc:  3858.749 
iter: 1  value: 50681.89 mgc: 26.90767 ustep: 1 
iter: 2  value: 50677.79 mgc: 2.721404 ustep: 1 
iter: 3  value: 50677.78 mgc: 0.08255408 ustep: 1 
iter: 4  value: 50677.78 mgc: 0.001407553 ustep: 1 
iter: 5  value: 50677.78 mgc: 4.241329e-07 ustep: 1 
iter: 6  mgc: 6.028511e-14 
iter: 1  value: 43195.19 mgc: 80.81189 ustep: 0.8994163 
iter: 2  value: 40514.55 mgc: 83.19389 ustep: 0.1690026 
iter: 3  value: 40309.29 mgc: 65.2661 ustep: 0.2326164 
iter: 4  value: 39926.32 mgc: 90.10006 ustep: 0.1517493 
iter: 5  value: 39923.62 mgc: 53.06372 ustep: 0.2187043 
iter: 6  value: 39734.22 mgc: 82.30514 ustep: 0.1458144 
iter: 7  value: 39584.96 mgc: 52.5283 ustep: 0.1133077 
iter: 8  value: 39553.74 mgc: 29.69982 ustep: 0.3366785 
iter: 9  value: 39550.38 mgc: 2.770203 ustep: 0.580282 
iter: 10  value: 39549.63 mgc: 0.845287 ustep: 0.7617863 
iter: 11  value: 39549.53 mgc: 0.3041382 ustep: 0.8728164 
iter: 12  value: 39549.52 mgc: 0.07374389 ustep: 0.934253 
iter: 13  value: 39549.52 mgc: 0.009385214 ustep: 0.966571 
iter: 14  value: 39549.52 mgc: 0.0005525093 ustep: 0.9831451 
iter: 15  value: 39549.52 mgc: 1.600741e-05 ustep: 0.9915376 
iter: 16  value: 39549.52 mgc: 2.360531e-07 ustep: 0.9957602 
iter: 17  mgc: 1.759257e-09 
iter: 1  value: 31549.61 mgc: 102.3373 ustep: 0.1336527 
iter: 2  value: 25106.77 mgc: 184.7503 ustep: 0.1075309 
iter: 3  value: 20820.63 mgc: 110.0092 ustep: 0.09457213 
iter: 4  value: 19443.94 mgc: 97.88783 ustep: 0.3075951 
iter: 5  value: 19341.26 mgc: 77.24448 ustep: 0.3326265 
iter: 6  value: 19259.22 mgc: 71.99966 ustep: 0.5767802 
iter: 7  value: 19250.17 mgc: 15.95446 ustep: 0.7594845 
iter: 8  value: 19250.01 mgc: 0.8169744 ustep: 0.8714969 
iter: 9  value: 19250.01 mgc: 0.05530391 ustep: 0.9335466 
iter: 10  value: 19250.01 mgc: 0.004388455 ustep: 0.9662056 
iter: 11  value: 19250.01 mgc: 0.0002301003 ustep: 0.9829593 
iter: 12  value: 19250.01 mgc: 5.960117e-06 ustep: 0.9914439 
iter: 13  value: 19250.01 mgc: 8.058392e-08 ustep: 0.9957132 
iter: 14  mgc: 5.650531e-10 
iter: 1  value: 24129.65 mgc: 178.1422 ustep: 0.2494656 
iter: 2  value: 20337.71 mgc: 143.4147 ustep: 0.1588666 
iter: 3  value: 5049.594 mgc: 153.7541 ustep: 0.1193656 
iter: 4  value: 3870.155 mgc: 106.6804 ustep: 0.1910054 
iter: 5  value: 3718.997 mgc: 176.6965 ustep: 0.437098 
iter: 6  value: 2863.934 mgc: 76.80626 ustep: 0.1264879 
iter: 7  value: 2788.781 mgc: 30.20184 ustep: 0.3557158 
iter: 8  value: 2783.933 mgc: 9.197552 ustep: 0.5964595 
iter: 9  value: 2783.077 mgc: 0.3561509 ustep: 0.7723307 
iter: 10  value: 2782.684 mgc: 0.2008674 ustep: 0.8788356 
iter: 11  value: 2782.517 mgc: 0.1036461 ustep: 0.9374686 
iter: 12  value: 2782.463 mgc: 0.04883644 ustep: 0.9682328 
iter: 13  value: 2782.452 mgc: 0.02017293 ustep: 0.9839898 
iter: 14  value: 2782.451 mgc: 0.006595227 ustep: 0.9919634 
iter: 15  value: 2782.451 mgc: 0.001422794 ustep: 0.995974 
iter: 16  value: 2782.451 mgc: 0.0001639787 ustep: 0.9979852 
iter: 17  value: 2782.451 mgc: 9.227313e-06 ustep: 0.9989922 
iter: 18  value: 2782.451 mgc: 2.592367e-07 ustep: 0.999496 
iter: 19  mgc: 3.678049e-09 
iter: 1  mgc: 3.678049e-09 
outer mgc:  1304.597 
iter: 1  value: 984339.2 mgc: 141051.9 ustep: 1 
iter: 2  value: 970675.1 mgc: 242.9592 ustep: 0.6827823 
iter: 3  value: 400342.5 mgc: 180.7907 ustep: 0.5831969 
iter: 4  value: 324069.1 mgc: 233.9317 ustep: 0.5138385 
iter: 5  value: 179684.2 mgc: 213.2962 ustep: 0.2704787 
iter: 6  value: 140902.8 mgc: 198.8531 ustep: 0.3072382 
iter: 7  value: 134541.4 mgc: 207.2143 ustep: 0.3323855 
iter: 8  value: 91804.03 mgc: 200.7571 ustep: 0.349251 
iter: 9  value: 54603.57 mgc: 174.0027 ustep: 0.2002582 
iter: 10  value: 37696.65 mgc: 178.9691 ustep: 0.1378432 
iter: 11  value: 29430.17 mgc: 105.6518 ustep: 0.2070955 
iter: 12  value: 24514.16 mgc: 152.59 ustep: 0.1408131 
iter: 13  value: 20132.67 mgc: 96.60108 ustep: 0.2096077 
iter: 14  value: 20019.43 mgc: 126.5483 ustep: 0.2636881 
iter: 15  value: 15843.51 mgc: 96.63282 ustep: 0.1648267 
iter: 16  value: 15405.66 mgc: 58.03481 ustep: 0.2292943 
iter: 17  value: 14296.08 mgc: 95.86382 ustep: 0.1503373 
iter: 18  value: 12228.66 mgc: 102.6872 ustep: 0.3877948 
iter: 19  value: 10649.18 mgc: 52.53444 ustep: 0.6227694 
iter: 20  value: 9920.55 mgc: 74.25396 ustep: 0.5407929 
iter: 21  value: 9404.039 mgc: 78.60637 ustep: 0.2827346 
iter: 22  value: 9204.682 mgc: 64.6343 ustep: 0.3156986 
iter: 23  value: 8399.041 mgc: 52.95966 ustep: 0.3380859 
iter: 24  value: 7659.716 mgc: 12.01827 ustep: 0.5814934 
iter: 25  value: 7344.98 mgc: 11.94548 ustep: 0.512692 
iter: 26  value: 7324.869 mgc: 71.72919 ustep: 0.7160535 
iter: 27  value: 7118.887 mgc: 89.58108 ustep: 0.2085827 
iter: 28  value: 7112.591 mgc: 61.90094 ustep: 0.2629275 
iter: 29  value: 6364.4 mgc: 73.70659 ustep: 0.1645089 
iter: 30  value: 6122.172 mgc: 22.12407 ustep: 0.4056565 
iter: 31  value: 6005.592 mgc: 15.3274 ustep: 0.636948 
iter: 32  value: 5620.012 mgc: 77.61666 ustep: 0.5506237 
iter: 33  value: 5485.472 mgc: 20.40983 ustep: 0.4920787 
iter: 34  value: 5341.549 mgc: 17.13848 ustep: 0.7015131 
iter: 35  value: 5208.971 mgc: 36.6778 ustep: 0.5969267 
iter: 36  value: 5177.857 mgc: 9.30385 ustep: 0.7726331 
iter: 37  value: 5073.466 mgc: 76.68244 ustep: 0.8790076 
iter: 38  value: 4748.183 mgc: 94.40721 ustep: 0.9375603 
iter: 39  value: 4716.498 mgc: 10.47131 ustep: 0.8218171 
iter: 40  value: 4704.268 mgc: 3.063448 ustep: 0.6942357 
iter: 41  value: 4697.199 mgc: 2.065057 ustep: 0.5915596 
iter: 42  value: 4692.678 mgc: 2.008832 ustep: 0.5194818 
iter: 43  value: 4689.652 mgc: 1.639919 ustep: 0.7207788 
iter: 44  value: 4686.116 mgc: 1.03781 ustep: 0.849002 
iter: 45  value: 4679.428 mgc: 0.5420227 ustep: 0.9214209 
iter: 46  value: 4666.857 mgc: 0.5285959 ustep: 0.9599107 
iter: 47  value: 4645.223 mgc: 0.502503 ustep: 0.9797524 
iter: 48  value: 4613.209 mgc: 0.4547835 ustep: 0.9898254 
iter: 49  value: 4576.186 mgc: 0.3761148 ustep: 0.9949002 
iter: 50  value: 4546.163 mgc: 0.6950009 ustep: 0.9974471 
iter: 51  value: 4544.527 mgc: 1.145912 ustep: 0.9641665 
iter: 52  value: 4541.86 mgc: 0.1633707 ustep: 0.9819216 
iter: 53  value: 4537.756 mgc: 0.1515456 ustep: 0.9909205 
iter: 54  value: 4537.291 mgc: 0.1313598 ustep: 0.9324557 
iter: 55  value: 4536.42 mgc: 0.1295813 ustep: 0.9656409 
iter: 56  value: 4534.979 mgc: 0.1249338 ustep: 0.982672 
iter: 57  value: 4533.233 mgc: 0.1163439 ustep: 0.991299 
iter: 58  value: 4530.921 mgc: 0.3517292 ustep: 0.9956404 
iter: 59  value: 4530.725 mgc: 0.1148455 ustep: 0.9531934 
iter: 60  value: 4530.423 mgc: 0.07905297 ustep: 0.9763186 
iter: 61  value: 4529.995 mgc: 0.07537115 ustep: 0.9880896 
iter: 62  value: 4529.876 mgc: 0.03119847 ustep: 0.9940275 
iter: 63  value: 4529.755 mgc: 0.0251899 ustep: 0.9970096 
iter: 64  value: 4529.676 mgc: 0.01715843 ustep: 0.9985038 
iter: 65  value: 4529.649 mgc: 0.009771625 ustep: 0.9992517 
iter: 66  value: 4529.645 mgc: 0.005143565 ustep: 0.9996258 
iter: 67  value: 4529.645 mgc: 0.0009448696 ustep: 0.9998129 
iter: 68  value: 4529.645 mgc: 3.505372e-05 ustep: 0.9999065 
iter: 69  value: 4529.645 mgc: 1.656889e-06 ustep: 0.9999532 
iter: 70  value: 4529.645 mgc: 4.161036e-08 ustep: 0.9999766 
iter: 71  mgc: 5.311345e-10 
iter: 1  value: 135654.7 mgc: 130893 ustep: 1 
iter: 2  value: 117508 mgc: 239.6522 ustep: 0.2494656 
iter: 3  value: 105700.1 mgc: 111.4247 ustep: 0.2925213 
iter: 4  value: 54735.76 mgc: 187.6044 ustep: 0.1768161 
iter: 5  value: 44103.48 mgc: 105.3068 ustep: 0.238762 
iter: 6  value: 23772.36 mgc: 198.9042 ustep: 0.1543533 
iter: 7  value: 20977.2 mgc: 104.8163 ustep: 0.2208367 
iter: 8  value: 10860.75 mgc: 171.3962 ustep: 0.146728 
iter: 9  value: 10455.63 mgc: 92.70871 ustep: 0.2145568 
iter: 10  value: 5596.929 mgc: 155.7983 ustep: 0.1440331 
iter: 11  value: 4402.015 mgc: 89.63682 ustep: 0.1124701 
iter: 12  value: 3168.711 mgc: 71.75341 ustep: 0.3354321 
iter: 13  value: 3049.269 mgc: 28.04776 ustep: 0.3512794 
iter: 14  value: 2840.422 mgc: 78.87463 ustep: 0.2010969 
iter: 15  value: 2726.172 mgc: 34.05735 ustep: 0.2573394 
iter: 16  value: 2665.681 mgc: 64.10993 ustep: 0.5073356 
iter: 17  value: 2651.725 mgc: 31.03796 ustep: 0.2675665 
iter: 18  value: 2620.564 mgc: 39.91796 ustep: 0.5173166 
iter: 19  value: 2620.336 mgc: 1.969225 ustep: 0.7192753 
iter: 20  value: 2620.329 mgc: 0.1196535 ustep: 0.8481162 
iter: 21  value: 2620.315 mgc: 0.01958207 ustep: 0.9209401 
iter: 22  value: 2620.287 mgc: 0.01955907 ustep: 0.9596603 
iter: 23  value: 2620.232 mgc: 0.01951564 ustep: 0.9796246 
iter: 24  value: 2620.122 mgc: 0.01943689 ustep: 0.9897609 
iter: 25  value: 2619.908 mgc: 0.01929286 ustep: 0.9948678 
iter: 26  value: 2619.5 mgc: 0.01901697 ustep: 0.9974308 
iter: 27  value: 2618.761 mgc: 0.01848151 ustep: 0.9987147 
iter: 28  value: 2617.545 mgc: 0.01746827 ustep: 0.9993572 
iter: 29  value: 2615.862 mgc: 0.01565068 ustep: 0.9996786 
iter: 30  value: 2614.148 mgc: 0.01269726 ustep: 0.9998393 
iter: 31  value: 2613.071 mgc: 0.008659913 ustep: 0.9999197 
iter: 32  value: 2612.734 mgc: 0.006052814 ustep: 0.9999598 
iter: 33  value: 2612.69 mgc: 0.002929833 ustep: 0.9999799 
iter: 34  value: 2612.688 mgc: 0.000523085 ustep: 0.99999 
iter: 35  value: 2612.688 mgc: 3.834857e-05 ustep: 0.999995 
iter: 36  value: 2612.688 mgc: 2.391181e-06 ustep: 0.9999975 
iter: 37  value: 2612.688 mgc: 7.697654e-08 ustep: 0.9999987 
iter: 38  mgc: 1.259323e-09 
iter: 1  mgc: 1.259323e-09 
outer mgc:  559.4246 
iter: 1  value: 7996.834 mgc: 6174.326 ustep: 0.989901 
iter: 2  value: 7505.672 mgc: 66.15503 ustep: 0.4832504 
iter: 3  value: 4946.605 mgc: 95.31114 ustep: 0.2569142 
iter: 4  value: 3982.889 mgc: 89.6625 ustep: 0.297771 
iter: 5  value: 3934 mgc: 71.66284 ustep: 0.3259714 
iter: 6  value: 3510.077 mgc: 80.45678 ustep: 0.1906422 
iter: 7  value: 3480.944 mgc: 55.76148 ustep: 0.4366823 
iter: 8  value: 3436.29 mgc: 56.9589 ustep: 0.2368218 
iter: 9  value: 3329.164 mgc: 33.60034 ustep: 0.1535323 
iter: 10  value: 3308.081 mgc: 34.7092 ustep: 0.3918928 
iter: 11  value: 3307.116 mgc: 2.59652 ustep: 0.6260508 
iter: 12  value: 3306.884 mgc: 0.2909665 ustep: 0.7912546 
iter: 13  value: 3306.536 mgc: 0.09952954 ustep: 0.889536 
iter: 14  value: 3305.835 mgc: 0.09935253 ustep: 0.9431578 
iter: 15  value: 3304.43 mgc: 0.09898902 ustep: 0.971166 
iter: 16  value: 3301.672 mgc: 0.09825652 ustep: 0.985479 
iter: 17  value: 3296.41 mgc: 0.09680216 ustep: 0.9927137 
iter: 18  value: 3286.876 mgc: 0.09396699 ustep: 0.9963505 
iter: 19  value: 3286.123 mgc: 0.08860608 ustep: 0.9571701 
iter: 20  value: 3284.627 mgc: 0.08816591 ustep: 0.9783529 
iter: 21  value: 3281.732 mgc: 0.08729065 ustep: 0.9891183 
iter: 22  value: 3276.726 mgc: 0.08556477 ustep: 0.9945448 
iter: 23  value: 3276.214 mgc: 0.09025788 ustep: 0.9476458 
iter: 24  value: 3275.238 mgc: 0.08190592 ustep: 0.9734736 
iter: 25  value: 3273.341 mgc: 0.08124356 ustep: 0.986649 
iter: 26  value: 3273.259 mgc: 0.07993109 ustep: 0.9933027 
iter: 27  value: 3265.852 mgc: 3.360743 ustep: 0.9966461 
iter: 28  value: 3256.603 mgc: 1.203632 ustep: 0.9983218 
iter: 29  value: 3255.939 mgc: 0.4241318 ustep: 0.970931 
iter: 30  value: 3255.005 mgc: 0.1502878 ustep: 0.9853598 
iter: 31  value: 3253.326 mgc: 0.06267137 ustep: 0.9926536 
iter: 32  value: 3253.139 mgc: 0.0608375 ustep: 0.9392465 
iter: 33  value: 3252.764 mgc: 0.06062797 ustep: 0.9691504 
iter: 34  value: 3252.052 mgc: 0.06020585 ustep: 0.9844559 
iter: 35  value: 3251.012 mgc: 0.05936665 ustep: 0.9921983 
iter: 36  value: 3249.15 mgc: 0.05772767 ustep: 0.9960919 
iter: 37  value: 3248.997 mgc: 0.0546186 ustep: 0.9556804 
iter: 38  value: 3248.695 mgc: 0.05435563 ustep: 0.9775913 
iter: 39  value: 3248.111 mgc: 0.0538308 ustep: 0.9887333 
iter: 40  value: 3247.423 mgc: 0.05279525 ustep: 0.9943513 
iter: 41  value: 3246.249 mgc: 0.2041844 ustep: 0.9971719 
iter: 42  value: 3245.308 mgc: 0.2037793 ustep: 0.9985851 
iter: 43  value: 3244.216 mgc: 0.06463942 ustep: 0.9992924 
iter: 44  value: 3244.18 mgc: 0.02577937 ustep: 0.9810912 
iter: 45  value: 3244.114 mgc: 0.02550812 ustep: 0.9905014 
iter: 46  value: 3243.991 mgc: 0.02499635 ustep: 0.9952399 
iter: 47  value: 3243.777 mgc: 0.02401047 ustep: 0.9976173 
iter: 48  value: 3243.764 mgc: 0.02181606 ustep: 0.9653791 
iter: 49  value: 3243.74 mgc: 0.02139286 ustep: 0.9825388 
iter: 50  value: 3243.712 mgc: 0.01971423 ustep: 0.9912318 
iter: 51  value: 3243.71 mgc: 0.009046661 ustep: 0.9956067 
iter: 52  value: 3243.71 mgc: 0.0009456558 ustep: 0.9978012 
iter: 53  value: 3243.71 mgc: 2.093645e-05 ustep: 0.9989001 
iter: 54  value: 3243.71 mgc: 1.006941e-06 ustep: 0.9994499 
iter: 55  value: 3243.71 mgc: 2.498809e-08 ustep: 0.999725 
iter: 56  mgc: 3.141272e-10 
iter: 1  value: 2532.989 mgc: 3521.546 ustep: 0.9999 
iter: 2  value: 2416.259 mgc: 88.94251 ustep: 0.2653346 
iter: 3  value: 2070.455 mgc: 82.59823 ustep: 0.3036614 
iter: 4  value: 1999.564 mgc: 47.99667 ustep: 0.5510997 
iter: 5  value: 1911.357 mgc: 39.98866 ustep: 0.1558913 
iter: 6  value: 1892.91 mgc: 36.89505 ustep: 0.3948913 
iter: 7  value: 1868.108 mgc: 29.86332 ustep: 0.6284409 
iter: 8  value: 1861.015 mgc: 16.7181 ustep: 0.7927634 
iter: 9  value: 1860.782 mgc: 1.349163 ustep: 0.8903836 
iter: 10  value: 1860.72 mgc: 0.1133414 ustep: 0.943607 
iter: 11  value: 1860.675 mgc: 0.05614063 ustep: 0.9713972 
iter: 12  value: 1860.622 mgc: 0.02647923 ustep: 0.9855963 
iter: 13  value: 1860.533 mgc: 0.01253601 ustep: 0.9927728 
iter: 14  value: 1860.371 mgc: 0.01231655 ustep: 0.9963802 
iter: 15  value: 1860.083 mgc: 0.01189197 ustep: 0.9981886 
iter: 16  value: 1859.961 mgc: 0.01109874 ustep: 0.999094 
iter: 17  value: 1859.268 mgc: 0.319176 ustep: 0.9995469 
iter: 18  value: 1858.743 mgc: 0.1152121 ustep: 0.9997735 
iter: 19  value: 1858.717 mgc: 0.04027331 ustep: 0.9892586 
iter: 20  value: 1858.697 mgc: 0.01627952 ustep: 0.9946154 
iter: 21  value: 1858.67 mgc: 0.005908347 ustep: 0.9973043 
iter: 22  value: 1858.625 mgc: 0.004425619 ustep: 0.9986514 
iter: 23  value: 1858.57 mgc: 0.004038459 ustep: 0.9993255 
iter: 24  value: 1858.512 mgc: 0.004217629 ustep: 0.9996627 
iter: 25  value: 1858.469 mgc: 0.002449045 ustep: 0.9998314 
iter: 26  value: 1858.452 mgc: 0.001385884 ustep: 0.9999157 
iter: 27  value: 1858.448 mgc: 0.0005484981 ustep: 0.9999578 
iter: 28  value: 1858.448 mgc: 0.0001410853 ustep: 0.9999789 
iter: 29  value: 1858.448 mgc: 2.082044e-05 ustep: 0.9999895 
iter: 30  value: 1858.448 mgc: 1.658541e-06 ustep: 0.9999947 
iter: 31  value: 1858.448 mgc: 6.879484e-08 ustep: 0.9999974 
iter: 32  mgc: 1.456867e-09 
iter: 1  mgc: 1.456867e-09 
outer mgc:  126.0323 
iter: 1  value: 1813.694 mgc: 1481.814 ustep: 1 
iter: 2  value: 1787.741 mgc: 8.371523 ustep: 1 
iter: 3  value: 1787.279 mgc: 1.243161 ustep: 1 
iter: 4  value: 1787.277 mgc: 0.05113289 ustep: 1 
iter: 5  value: 1787.277 mgc: 0.0001897326 ustep: 1 
iter: 6  mgc: 2.639284e-09 
iter: 1  mgc: 2.639284e-09 
outer mgc:  264.5177 
iter: 1  value: 1613.667 mgc: 2038.112 ustep: 1 
iter: 2  value: 1534.173 mgc: 51.42475 ustep: 1 
iter: 3  value: 1523.565 mgc: 10.08564 ustep: 1 
iter: 4  value: 1520.064 mgc: 3.524868 ustep: 1 
iter: 5  value: 1518.876 mgc: 1.265996 ustep: 1 
iter: 6  value: 1518.499 mgc: 0.4513785 ustep: 1 
iter: 7  value: 1518.402 mgc: 0.1534292 ustep: 1 
iter: 8  value: 1518.387 mgc: 0.04495565 ustep: 1 
iter: 9  value: 1518.387 mgc: 0.008594327 ustep: 1 
iter: 10  value: 1518.387 mgc: 0.0005257907 ustep: 1 
iter: 11  value: 1518.387 mgc: 2.307216e-06 ustep: 1 
iter: 12  mgc: 4.492604e-11 
iter: 1  mgc: 4.492604e-11 
outer mgc:  107.4365 
iter: 1  value: 1431.56 mgc: 305.9214 ustep: 1 
iter: 2  value: 1427.98 mgc: 2.270916 ustep: 1 
iter: 3  value: 1427.598 mgc: 0.6687769 ustep: 1 
iter: 4  value: 1427.583 mgc: 0.1227197 ustep: 1 
iter: 5  value: 1427.583 mgc: 0.006201566 ustep: 1 
iter: 6  value: 1427.583 mgc: 1.755888e-05 ustep: 1 
iter: 7  mgc: 1.415479e-10 
iter: 1  mgc: 1.415479e-10 
outer mgc:  147.437 
iter: 1  value: 1254.353 mgc: 4915.995 ustep: 1 
iter: 2  value: 1240.418 mgc: 12.84239 ustep: 1 
iter: 3  value: 1238.008 mgc: 4.271254 ustep: 1 
iter: 4  value: 1237.503 mgc: 1.340385 ustep: 1 
iter: 5  value: 1237.458 mgc: 0.316736 ustep: 1 
iter: 6  value: 1237.457 mgc: 0.03294003 ustep: 1 
iter: 7  value: 1237.457 mgc: 0.0004621805 ustep: 1 
iter: 8  value: 1237.457 mgc: 9.414198e-08 ustep: 1 
iter: 9  mgc: 1.200373e-12 
iter: 1  mgc: 1.200373e-12 
outer mgc:  67.05126 
iter: 1  value: 1757.279 mgc: 9128.128 ustep: 1 
iter: 2  value: 1272.626 mgc: 32.96012 ustep: 1 
iter: 3  value: 1265.276 mgc: 4.312524 ustep: 1 
iter: 4  value: 1265.242 mgc: 0.3530841 ustep: 1 
iter: 5  value: 1265.242 mgc: 0.004641063 ustep: 1 
iter: 6  value: 1265.242 mgc: 1.074523e-06 ustep: 1 
iter: 7  mgc: 3.715361e-12 
iter: 1  value: 1180.003 mgc: 2816.355 ustep: 1 
iter: 2  value: 1176.534 mgc: 2.509492 ustep: 1 
iter: 3  value: 1176.532 mgc: 0.08506863 ustep: 1 
iter: 4  value: 1176.532 mgc: 0.0001290575 ustep: 1 
iter: 5  mgc: 2.989758e-10 
iter: 1  mgc: 2.989758e-10 
outer mgc:  102.8797 
iter: 1  value: 1181.036 mgc: 2823.329 ustep: 1 
iter: 2  value: 1180.978 mgc: 0.3459745 ustep: 1 
iter: 3  value: 1180.978 mgc: 0.002773729 ustep: 1 
iter: 4  value: 1180.978 mgc: 4.128582e-07 ustep: 1 
iter: 5  mgc: 2.206235e-12 
iter: 1  value: 1152.487 mgc: 643.8921 ustep: 1 
iter: 2  value: 1152.482 mgc: 0.09140986 ustep: 1 
iter: 3  value: 1152.482 mgc: 6.570271e-05 ustep: 1 
iter: 4  mgc: 3.580913e-10 
iter: 1  mgc: 3.580913e-10 
outer mgc:  62.59193 
iter: 1  value: 1126.657 mgc: 1224.838 ustep: 1 
iter: 2  value: 1126.648 mgc: 0.08663374 ustep: 1 
iter: 3  value: 1126.648 mgc: 0.0006281936 ustep: 1 
iter: 4  value: 1126.648 mgc: 1.669028e-07 ustep: 1 
iter: 5  mgc: 1.834977e-12 
iter: 1  mgc: 1.834977e-12 
outer mgc:  43.63885 
iter: 1  value: 1075.119 mgc: 4746.064 ustep: 1 
iter: 2  value: 1075.03 mgc: 0.4158778 ustep: 1 
iter: 3  value: 1075.03 mgc: 0.003283605 ustep: 1 
iter: 4  value: 1075.03 mgc: 6.556009e-07 ustep: 1 
iter: 5  mgc: 3.058886e-12 
iter: 1  mgc: 3.058886e-12 
outer mgc:  56.69349 
iter: 1  value: 1028.865 mgc: 8963.187 ustep: 1 
iter: 2  value: 1028.581 mgc: 0.3859868 ustep: 1 
iter: 3  value: 1028.581 mgc: 0.004852625 ustep: 1 
iter: 4  value: 1028.581 mgc: 2.245585e-06 ustep: 1 
iter: 5  mgc: 9.215184e-12 
iter: 1  mgc: 9.215184e-12 
outer mgc:  34.01144 
iter: 1  value: 985.2522 mgc: 13716.97 ustep: 1 
iter: 2  value: 984.6999 mgc: 1.059707 ustep: 1 
iter: 3  value: 984.6998 mgc: 0.01533802 ustep: 1 
iter: 4  value: 984.6998 mgc: 5.340693e-06 ustep: 1 
iter: 5  mgc: 1.03606e-11 
iter: 1  mgc: 1.03606e-11 
outer mgc:  34.3132 
iter: 1  value: 918.996 mgc: 40420.05 ustep: 1 
iter: 2  value: 918.2272 mgc: 1.022131 ustep: 1 
iter: 3  value: 918.227 mgc: 0.01239913 ustep: 1 
iter: 4  value: 918.227 mgc: 6.921835e-06 ustep: 1 
iter: 5  mgc: 3.242562e-11 
iter: 1  mgc: 3.242562e-11 
outer mgc:  103.353 
iter: 1  value: 847.2311 mgc: 112266.8 ustep: 1 
iter: 2  value: 847.1388 mgc: 0.4285609 ustep: 1 
iter: 3  value: 847.1388 mgc: 0.005629242 ustep: 1 
iter: 4  value: 847.1388 mgc: 9.736671e-07 ustep: 1 
iter: 5  mgc: 8.299261e-11 
iter: 1  mgc: 8.299261e-11 
outer mgc:  54.33271 
iter: 1  value: 811.8761 mgc: 72842.65 ustep: 1 
iter: 2  value: 811.0695 mgc: 1.110333 ustep: 1 
iter: 3  value: 811.0692 mgc: 0.02192925 ustep: 1 
iter: 4  value: 811.0692 mgc: 1.297146e-05 ustep: 1 
iter: 5  mgc: 1.779377e-10 
iter: 1  mgc: 1.779377e-10 
outer mgc:  108.2918 
iter: 1  value: 778.7529 mgc: 33219.62 ustep: 1 
iter: 2  value: 778.4599 mgc: 0.8677604 ustep: 1 
iter: 3  value: 778.4599 mgc: 0.008974275 ustep: 1 
iter: 4  value: 778.4599 mgc: 1.442066e-06 ustep: 1 
iter: 5  mgc: 1.848519e-10 
iter: 1  mgc: 1.848519e-10 
outer mgc:  72.9995 
iter: 1  value: 766.1022 mgc: 463332.1 ustep: 1 
iter: 2  value: 765.9467 mgc: 0.5479703 ustep: 1 
iter: 3  value: 765.9467 mgc: 0.005089565 ustep: 1 
iter: 4  value: 765.9467 mgc: 6.694581e-07 ustep: 1 
iter: 5  mgc: 3.039857e-10 
iter: 1  mgc: 3.039857e-10 
outer mgc:  50.95111 
iter: 1  value: 779.0563 mgc: 275914.1 ustep: 1 
iter: 2  value: 778.913 mgc: 0.4705399 ustep: 1 
iter: 3  value: 778.913 mgc: 0.003392636 ustep: 1 
iter: 4  value: 778.913 mgc: 1.618518e-07 ustep: 1 
iter: 5  mgc: 2.811245e-10 
iter: 1  mgc: 2.811245e-10 
outer mgc:  28.52276 
iter: 1  value: 779.8588 mgc: 221704.7 ustep: 1 
iter: 2  value: 779.78 mgc: 0.5072151 ustep: 1 
iter: 3  value: 779.78 mgc: 0.004050917 ustep: 1 
iter: 4  value: 779.78 mgc: 2.445542e-07 ustep: 1 
iter: 5  mgc: 2.500653e-10 
iter: 1  mgc: 2.500653e-10 
outer mgc:  21.82006 
iter: 1  value: 767.6796 mgc: 150384 ustep: 1 
iter: 2  value: 767.2388 mgc: 0.8514311 ustep: 1 
iter: 3  value: 767.2388 mgc: 0.009497333 ustep: 1 
iter: 4  value: 767.2388 mgc: 1.330618e-06 ustep: 1 
iter: 5  mgc: 3.539355e-10 
iter: 1  mgc: 3.539355e-10 
outer mgc:  14.85161 
iter: 1  value: 774.3447 mgc: 169371.9 ustep: 1 
iter: 2  value: 774.2767 mgc: 0.3950423 ustep: 1 
iter: 3  value: 774.2767 mgc: 0.003083604 ustep: 1 
iter: 4  value: 774.2767 mgc: 1.88448e-07 ustep: 1 
iter: 5  mgc: 6.372476e-10 
iter: 1  value: 764.2082 mgc: 27292.01 ustep: 1 
iter: 2  value: 764.2066 mgc: 0.06516941 ustep: 1 
iter: 3  value: 764.2066 mgc: 4.904553e-05 ustep: 1 
iter: 4  mgc: 4.472765e-10 
iter: 1  mgc: 4.472765e-10 
outer mgc:  40.79634 
iter: 1  value: 758.2609 mgc: 62183.52 ustep: 1 
iter: 2  value: 758.2608 mgc: 0.01870096 ustep: 1 
iter: 3  value: 758.2608 mgc: 5.330595e-06 ustep: 1 
iter: 4  mgc: 3.61568e-10 
iter: 1  mgc: 3.61568e-10 
outer mgc:  16.49364 
iter: 1  value: 753.1273 mgc: 30574.72 ustep: 1 
iter: 2  value: 753.1273 mgc: 0.005830422 ustep: 1 
iter: 3  value: 753.1273 mgc: 9.97283e-07 ustep: 1 
iter: 4  mgc: 7.076206e-10 
iter: 1  mgc: 7.076206e-10 
outer mgc:  5.34334 
iter: 1  value: 750.3842 mgc: 105759.1 ustep: 1 
iter: 2  value: 750.3842 mgc: 0.004050015 ustep: 1 
iter: 3  value: 750.3842 mgc: 1.492444e-07 ustep: 1 
iter: 4  mgc: 6.934129e-10 
iter: 1  mgc: 6.934129e-10 
outer mgc:  10.55763 
iter: 1  value: 745.9987 mgc: 370294.2 ustep: 1 
iter: 2  value: 745.9987 mgc: 0.01621377 ustep: 1 
iter: 3  value: 745.9987 mgc: 2.944863e-06 ustep: 1 
iter: 4  mgc: 4.340093e-10 
iter: 1  value: 736.1664 mgc: 2036820 ustep: 1 
iter: 2  value: 736.1636 mgc: 0.1165929 ustep: 1 
iter: 3  value: 736.1636 mgc: 0.0001288083 ustep: 1 
iter: 4  mgc: 8.428738e-10 
iter: 1  mgc: 8.428738e-10 
outer mgc:  20.28243 
iter: 1  value: 721.0337 mgc: 1425796 ustep: 1 
iter: 2  value: 721.0323 mgc: 0.07268985 ustep: 1 
iter: 3  value: 721.0323 mgc: 5.239996e-05 ustep: 1 
iter: 4  mgc: 1.685849e-09 
iter: 1  mgc: 1.685849e-09 
outer mgc:  16.31194 
iter: 1  value: 710.9222 mgc: 735109.4 ustep: 1 
iter: 2  value: 710.7396 mgc: 0.6419862 ustep: 1 
iter: 3  value: 710.7396 mgc: 0.006679446 ustep: 1 
iter: 4  value: 710.7396 mgc: 8.278202e-07 ustep: 1 
iter: 5  mgc: 3.760159e-09 
iter: 1  mgc: 3.760159e-09 
outer mgc:  13.78962 
iter: 1  value: 718.5492 mgc: 1533597 ustep: 1 
iter: 2  value: 717.8142 mgc: 1.650299 ustep: 1 
iter: 3  value: 717.8139 mgc: 0.02831272 ustep: 1 
iter: 4  value: 717.8139 mgc: 1.494641e-05 ustep: 1 
iter: 5  mgc: 1.827725e-09 
iter: 1  value: 710.5269 mgc: 584519.8 ustep: 1 
iter: 2  value: 710.4346 mgc: 0.6022418 ustep: 1 
iter: 3  value: 710.4346 mgc: 0.003886213 ustep: 1 
iter: 4  value: 710.4346 mgc: 3.064808e-07 ustep: 1 
iter: 5  mgc: 1.212715e-09 
iter: 1  mgc: 1.212715e-09 
outer mgc:  16.48904 
iter: 1  value: 702.2196 mgc: 1848748 ustep: 1 
iter: 2  value: 702.2179 mgc: 0.06607962 ustep: 1 
iter: 3  value: 702.2179 mgc: 4.676996e-05 ustep: 1 
iter: 4  mgc: 1.754736e-09 
iter: 1  mgc: 1.754736e-09 
outer mgc:  14.24453 
iter: 1  value: 697.912 mgc: 987970.9 ustep: 1 
iter: 2  value: 697.9089 mgc: 0.05596912 ustep: 1 
iter: 3  value: 697.9089 mgc: 0.0001243909 ustep: 1 
iter: 4  mgc: 3.350776e-09 
iter: 1  mgc: 3.350776e-09 
outer mgc:  6.273683 
iter: 1  value: 694.3294 mgc: 303974.1 ustep: 1 
iter: 2  value: 694.3293 mgc: 0.01627957 ustep: 1 
iter: 3  value: 694.3293 mgc: 9.743568e-06 ustep: 1 
iter: 4  mgc: 2.451658e-09 
iter: 1  mgc: 2.451658e-09 
outer mgc:  5.899969 
iter: 1  value: 689.4726 mgc: 1214791 ustep: 1 
iter: 2  value: 689.4721 mgc: 0.04839424 ustep: 1 
iter: 3  value: 689.4721 mgc: 4.056719e-05 ustep: 1 
iter: 4  mgc: 3.524486e-09 
iter: 1  mgc: 3.524486e-09 
outer mgc:  14.9723 
iter: 1  value: 691.8369 mgc: 645066 ustep: 1 
iter: 2  value: 691.8366 mgc: 0.02975727 ustep: 1 
iter: 3  value: 691.8366 mgc: 1.140537e-05 ustep: 1 
iter: 4  mgc: 3.734427e-09 
iter: 1  mgc: 3.734427e-09 
outer mgc:  10.63731 
iter: 1  value: 689.7994 mgc: 526616.6 ustep: 1 
iter: 2  value: 689.7983 mgc: 0.0276476 ustep: 1 
iter: 3  value: 689.7983 mgc: 1.546146e-05 ustep: 1 
iter: 4  mgc: 4.013267e-09 
iter: 1  mgc: 4.013267e-09 
outer mgc:  4.152469 
iter: 1  value: 686.0106 mgc: 281843.1 ustep: 1 
iter: 2  value: 686.0102 mgc: 0.02847166 ustep: 1 
iter: 3  value: 686.0102 mgc: 1.054464e-05 ustep: 1 
iter: 4  mgc: 6.050679e-09 
iter: 1  mgc: 6.050679e-09 
outer mgc:  3.950547 
iter: 1  value: 681.5284 mgc: 1556120 ustep: 1 
iter: 2  value: 681.5283 mgc: 0.02149926 ustep: 1 
iter: 3  value: 681.5283 mgc: 4.60548e-06 ustep: 1 
iter: 4  mgc: 6.730038e-09 
iter: 1  mgc: 6.730038e-09 
outer mgc:  11.17593 
iter: 1  value: 682.8863 mgc: 361426.5 ustep: 1 
iter: 2  value: 682.8863 mgc: 0.00935583 ustep: 1 
iter: 3  value: 682.8863 mgc: 9.138442e-07 ustep: 1 
iter: 4  mgc: 4.7409e-09 
iter: 1  mgc: 4.7409e-09 
outer mgc:  4.872096 
iter: 1  value: 679.2251 mgc: 967560.4 ustep: 1 
iter: 2  value: 679.2251 mgc: 0.007993788 ustep: 1 
iter: 3  value: 679.2251 mgc: 1.067902e-06 ustep: 1 
iter: 4  mgc: 3.135916e-09 
iter: 1  value: 675.2283 mgc: 2006991 ustep: 1 
iter: 2  value: 675.2282 mgc: 0.01483492 ustep: 1 
iter: 3  value: 675.2282 mgc: 6.352749e-06 ustep: 1 
iter: 4  mgc: 3.74809e-09 
iter: 1  mgc: 3.74809e-09 
outer mgc:  7.315285 
iter: 1  value: 669.4119 mgc: 2856299 ustep: 1 
iter: 2  value: 669.4118 mgc: 0.01848553 ustep: 1 
iter: 3  value: 669.4118 mgc: 1.637043e-05 ustep: 1 
iter: 4  mgc: 4.026132e-09 
iter: 1  value: 662.6541 mgc: 5148919 ustep: 1 
iter: 2  value: 662.6535 mgc: 0.02985728 ustep: 1 
iter: 3  value: 662.6535 mgc: 4.80423e-05 ustep: 1 
iter: 4  mgc: 6.915701e-09 
iter: 1  mgc: 6.915701e-09 
outer mgc:  8.79954 
iter: 1  value: 752.3395 mgc: 5587623 ustep: 1 
iter: 2  value: 752.2418 mgc: 0.7908702 ustep: 1 
iter: 3  value: 752.2418 mgc: 0.008512695 ustep: 1 
iter: 4  value: 752.2418 mgc: 9.62559e-07 ustep: 1 
iter: 5  mgc: 2.927186e-09 
iter: 1  value: 661.5635 mgc: 1274292 ustep: 1 
iter: 2  value: 661.5609 mgc: 0.05222178 ustep: 1 
iter: 3  value: 661.5609 mgc: 6.086227e-05 ustep: 1 
iter: 4  mgc: 3.914602e-09 
iter: 1  mgc: 3.914602e-09 
outer mgc:  15.65954 
iter: 1  value: 657.7303 mgc: 291763.2 ustep: 1 
iter: 2  value: 657.7302 mgc: 0.02176604 ustep: 1 
iter: 3  value: 657.7302 mgc: 4.492525e-06 ustep: 1 
iter: 4  mgc: 3.63164e-09 
iter: 1  mgc: 3.63164e-09 
outer mgc:  4.209802 
iter: 1  value: 659.026 mgc: 443862.4 ustep: 1 
iter: 2  value: 659.026 mgc: 0.004818222 ustep: 1 
iter: 3  value: 659.026 mgc: 5.211923e-07 ustep: 1 
iter: 4  value: 659.026 mgc: 1.074607e-08 ustep: 1 
mgc: 4.722918e-09 
iter: 1  mgc: 4.722918e-09 
outer mgc:  2.594701 
iter: 1  value: 657.4305 mgc: 340248.9 ustep: 1 
iter: 2  value: 657.4305 mgc: 0.004893261 ustep: 1 
iter: 3  value: 657.4305 mgc: 2.923761e-07 ustep: 1 
iter: 4  mgc: 5.085732e-09 
iter: 1  mgc: 5.085732e-09 
outer mgc:  4.016338 
iter: 1  value: 658.3044 mgc: 1259630 ustep: 1 
iter: 2  value: 658.3044 mgc: 0.004387607 ustep: 1 
iter: 3  value: 658.3044 mgc: 6.612156e-07 ustep: 1 
iter: 4  mgc: 4.158493e-09 
iter: 1  mgc: 4.158493e-09 
outer mgc:  3.364706 
iter: 1  value: 662.2303 mgc: 761143.5 ustep: 1 
iter: 2  value: 662.2302 mgc: 0.01010464 ustep: 1 
iter: 3  value: 662.2302 mgc: 1.816341e-06 ustep: 1 
iter: 4  mgc: 6.2819e-09 
iter: 1  mgc: 6.2819e-09 
outer mgc:  5.34766 
iter: 1  value: 662.4973 mgc: 718763.4 ustep: 1 
iter: 2  value: 662.4973 mgc: 0.00253638 ustep: 1 
iter: 3  value: 662.4973 mgc: 9.024648e-08 ustep: 1 
iter: 4  mgc: 3.505968e-09 
iter: 1  mgc: 3.505968e-09 
outer mgc:  2.724969 
iter: 1  value: 660.4203 mgc: 681675.4 ustep: 1 
iter: 2  value: 660.4202 mgc: 0.007902945 ustep: 1 
iter: 3  value: 660.4202 mgc: 1.121296e-06 ustep: 1 
iter: 4  mgc: 3.696796e-09 
iter: 1  mgc: 3.696796e-09 
outer mgc:  2.818897 
iter: 1  value: 660.8863 mgc: 317646.7 ustep: 1 
iter: 2  value: 660.8863 mgc: 0.0003816319 ustep: 1 
iter: 3  mgc: 5.722039e-09 
iter: 1  mgc: 5.722039e-09 
outer mgc:  1.576953 
iter: 1  value: 661.988 mgc: 496344.8 ustep: 1 
iter: 2  value: 661.988 mgc: 0.0003541738 ustep: 1 
iter: 3  mgc: 8.546707e-09 
iter: 1  value: 663.676 mgc: 726703.7 ustep: 1 
iter: 2  value: 663.676 mgc: 0.0006131387 ustep: 1 
iter: 3  mgc: 9.314859e-09 
iter: 1  mgc: 9.314859e-09 
outer mgc:  3.369572 
iter: 1  value: 668.8842 mgc: 911869.1 ustep: 1 
iter: 2  value: 668.8842 mgc: 0.001127886 ustep: 1 
iter: 3  value: 668.8842 mgc: 2.015893e-08 ustep: 1 
mgc: 2.3828e-09 
iter: 1  value: 675.8193 mgc: 1089379 ustep: 1 
iter: 2  value: 675.8193 mgc: 0.001776125 ustep: 1 
iter: 3  value: 675.8193 mgc: 8.665229e-08 ustep: 1 
iter: 4  mgc: 2.471149e-09 
iter: 1  mgc: 2.471149e-09 
outer mgc:  2.069601 
iter: 1  value: 689.326 mgc: 1912874 ustep: 1 
iter: 2  value: 689.3258 mgc: 0.0248192 ustep: 1 
iter: 3  value: 689.3258 mgc: 9.874498e-06 ustep: 1 
iter: 4  mgc: 1.344874e-09 
iter: 1  mgc: 1.344874e-09 
outer mgc:  2.099376 
iter: 1  value: 686.0183 mgc: 564123.5 ustep: 1 
iter: 2  value: 686.0183 mgc: 0.002721895 ustep: 1 
iter: 3  value: 686.0183 mgc: 1.127396e-07 ustep: 1 
iter: 4  mgc: 1.317191e-09 
iter: 1  mgc: 1.317191e-09 
outer mgc:  1.613226 
iter: 1  value: 683.9843 mgc: 1502365 ustep: 1 
iter: 2  value: 683.9843 mgc: 0.004791502 ustep: 1 
iter: 3  value: 683.9843 mgc: 3.291026e-07 ustep: 1 
iter: 4  mgc: 2.706849e-09 
iter: 1  mgc: 2.706849e-09 
outer mgc:  1.853447 
iter: 1  value: 685.2725 mgc: 1066609 ustep: 1 
iter: 2  value: 685.2725 mgc: 0.004055213 ustep: 1 
iter: 3  value: 685.2725 mgc: 4.557589e-07 ustep: 1 
iter: 4  mgc: 1.142869e-09 
iter: 1  mgc: 1.142869e-09 
outer mgc:  1.084373 
iter: 1  value: 677.427 mgc: 645166.1 ustep: 1 
iter: 2  value: 677.427 mgc: 0.001766285 ustep: 1 
iter: 3  value: 677.427 mgc: 1.177914e-07 ustep: 1 
iter: 4  mgc: 1.495487e-09 
iter: 1  mgc: 1.495487e-09 
outer mgc:  1.171207 
iter: 1  value: 676.1278 mgc: 544988.2 ustep: 1 
iter: 2  value: 676.1278 mgc: 0.001069112 ustep: 1 
iter: 3  value: 676.1278 mgc: 1.228897e-08 ustep: 1 
mgc: 2.314443e-09 
iter: 1  mgc: 2.314443e-09 
outer mgc:  0.76848 
iter: 1  value: 673.9216 mgc: 462093.6 ustep: 1 
iter: 2  value: 673.9216 mgc: 0.000492075 ustep: 1 
iter: 3  mgc: 8.114866e-09 
iter: 1  value: 671.746 mgc: 544624.1 ustep: 1 
iter: 2  value: 671.746 mgc: 0.0005678897 ustep: 1 
iter: 3  mgc: 7.433445e-09 
iter: 1  mgc: 7.433445e-09 
outer mgc:  1.155654 
iter: 1  value: 664.0149 mgc: 1232111 ustep: 1 
iter: 2  value: 664.0149 mgc: 0.001273118 ustep: 1 
iter: 3  value: 664.0149 mgc: 2.850986e-08 ustep: 1 
mgc: 4.316329e-09 
iter: 1  mgc: 4.316329e-09 
outer mgc:  0.9277729 
iter: 1  value: 658.0292 mgc: 422616.3 ustep: 1 
iter: 2  value: 658.0292 mgc: 0.0002055 ustep: 1 
iter: 3  mgc: 6.897845e-09 
iter: 1  value: 649.5838 mgc: 905637.7 ustep: 1 
iter: 2  value: 649.5838 mgc: 0.0004681449 ustep: 1 
iter: 3  mgc: 9.260153e-09 
iter: 1  mgc: 9.260153e-09 
outer mgc:  1.21518 
iter: 1  value: 634.0063 mgc: 2662742 ustep: 1 
iter: 2  value: 634.0063 mgc: 0.0006468765 ustep: 1 
iter: 3  value: 634.0063 mgc: 1.263313e-08 ustep: 1 
mgc: 1.925462e-08 
iter: 1  value: 634.0063 mgc: 1.925462e-08 ustep: 1 
mgc: 1.300968e-08 
outer mgc:  0.726358 
iter: 1  value: 623.7901 mgc: 3026991 ustep: 1 
iter: 2  value: 623.7901 mgc: 0.0007743211 ustep: 1 
iter: 3  value: 623.7901 mgc: 1.964132e-08 ustep: 1 
mgc: 2.884003e-08 
iter: 1  value: 613.4817 mgc: 5020506 ustep: 1 
iter: 2  value: 613.4817 mgc: 0.001073309 ustep: 1 
iter: 3  value: 613.4817 mgc: 4.102029e-08 ustep: 1 
mgc: 2.438413e-08 
iter: 1  value: 613.4817 mgc: 2.438413e-08 ustep: 1 
mgc: 3.256187e-08 
outer mgc:  0.7716608 
iter: 1  value: 592.101 mgc: 40300032 ustep: 1 
iter: 2  value: 592.101 mgc: 0.004352085 ustep: 1 
iter: 3  value: 592.101 mgc: 6.218347e-07 ustep: 1 
iter: 4  value: 592.101 mgc: 5.639487e-08 ustep: 1 
mgc: 4.929921e-08 
iter: 1  value: 592.101 mgc: 4.929921e-08 ustep: 1 
mgc: 7.499578e-08 
outer mgc:  0.9475199 
iter: 1  value: 569.3271 mgc: 135205086 ustep: 1 
iter: 2  value: 569.3271 mgc: 0.006752542 ustep: 1 
iter: 3  value: 569.3271 mgc: 1.865746e-06 ustep: 0.2494656 
iter: 4  value: 569.3271 mgc: 2.291481e-07 ustep: 3.21311e-10 
mgc: 2.360075e-07 
iter: 1  value: 583.4819 mgc: 29348164 ustep: 1 
iter: 2  value: 583.4819 mgc: 0.0009853553 ustep: 1 
iter: 3  value: 583.4819 mgc: 6.246329e-08 ustep: 0.008923143 
mgc: 8.530283e-08 
iter: 1  value: 587.8904 mgc: 11827156 ustep: 1 
iter: 2  value: 587.8904 mgc: 0.0002792886 ustep: 1 
iter: 3  value: 587.8904 mgc: 7.676854e-08 ustep: 1 
iter: 4  value: 587.8904 mgc: 7.301544e-08 ustep: 0.9999 
iter: 5  value: 587.8904 mgc: 1.208099e-07 ustep: 0.99995 
iter: 6  value: 587.8904 mgc: 6.411098e-08 ustep: 0.999975 
iter: 7  value: 587.8904 mgc: 6.373758e-08 ustep: 0.9963653 
iter: 8  value: 587.8904 mgc: 6.960394e-08 ustep: 4.801437e-05 
mgc: 8.185928e-08 
iter: 1  value: 587.8904 mgc: 8.185928e-08 ustep: 3.413036e-08 
mgc: 7.653944e-08 
outer mgc:  1.583692 
iter: 1  value: 579.659 mgc: 31460211 ustep: 1 
iter: 2  value: 579.659 mgc: 0.00104573 ustep: 1 
iter: 3  value: 579.659 mgc: 6.508757e-08 ustep: 1 
iter: 4  value: 579.659 mgc: 1.258175e-07 ustep: 1 
iter: 5  value: 579.659 mgc: 9.627077e-08 ustep: 0.4367355 
iter: 6  value: 579.659 mgc: 7.942884e-08 ustep: 0.004211849 
mgc: 6.229241e-08 
iter: 1  value: 584.6274 mgc: 10440259 ustep: 1 
iter: 2  value: 584.6274 mgc: 0.0001823936 ustep: 1 
iter: 3  value: 584.6274 mgc: 6.425937e-08 ustep: 1 
iter: 4  value: 584.6274 mgc: 8.352175e-08 ustep: 0.9999 
iter: 5  value: 584.6274 mgc: 1.045927e-07 ustep: 0.9928299 
iter: 6  value: 584.6274 mgc: 1.02997e-07 ustep: 0.7549345 
mgc: 1.270522e-07 
iter: 1  value: 586.3518 mgc: 4728380 ustep: 1 
iter: 2  value: 586.3518 mgc: 4.847395e-05 ustep: 1 
iter: 3  value: 586.3518 mgc: 7.719699e-08 ustep: 0.9999 
iter: 4  value: 586.3518 mgc: 6.607635e-08 ustep: 0.99995 
iter: 5  value: 586.3518 mgc: 7.313855e-08 ustep: 1.004334e-05 
mgc: 4.471519e-08 
iter: 1  value: 587.0818 mgc: 2523217 ustep: 1 
iter: 2  value: 587.0818 mgc: 1.696627e-05 ustep: 0.4367355 
iter: 3  value: 587.0818 mgc: 1.374272e-06 ustep: 0.6608936 
iter: 4  value: 587.0818 mgc: 1.251455e-07 ustep: 0.8129723 
iter: 5  value: 587.0818 mgc: 7.691275e-08 ustep: 0.4399012 
iter: 6  value: 587.0818 mgc: 7.669674e-08 ustep: 0.1271715 
mgc: 7.918611e-08 
iter: 1  value: 587.0818 mgc: 7.918611e-08 ustep: 0.03522464 
mgc: 6.962144e-08 
outer mgc:  8.119434 
iter: 1  value: 587.4928 mgc: 2114371 ustep: 1 
iter: 2  value: 587.4928 mgc: 1.649578e-05 ustep: 1 
iter: 3  value: 587.4928 mgc: 6.021709e-08 ustep: 0.9999 
iter: 4  value: 587.4928 mgc: 6.29818e-08 ustep: 5.726558e-10 
mgc: 6.29818e-08 
iter: 1  value: 587.4928 mgc: 6.29818e-08 ustep: 3.498385e-05 
mgc: 7.343395e-08 
outer mgc:  2.90739 
iter: 1  value: 587.3696 mgc: 2269554 ustep: 1 
iter: 2  value: 587.3696 mgc: 5.016283e-05 ustep: 0.9999 
iter: 3  value: 587.3696 mgc: 5.069452e-08 ustep: 0.7087798 
mgc: 6.981223e-08 
iter: 1  value: 587.3696 mgc: 6.981223e-08 ustep: 0.2494656 
mgc: 7.931821e-08 
outer mgc:  2.981653 
iter: 1  value: 587.001 mgc: 1299340 ustep: 1 
iter: 2  value: 587.001 mgc: 3.359658e-06 ustep: 1 
iter: 3  value: 587.001 mgc: 6.859645e-08 ustep: 0.2494656 
mgc: 8.777488e-08 
iter: 1  value: 587.1338 mgc: 1111994 ustep: 1 
iter: 2  value: 587.1338 mgc: 3.027319e-06 ustep: 1 
iter: 3  value: 587.1338 mgc: 7.810815e-08 ustep: 1 
iter: 4  value: 587.1338 mgc: 6.866629e-08 ustep: 0.9999 
iter: 5  value: 587.1338 mgc: 8.018933e-08 ustep: 0.9152321 
iter: 6  value: 587.1338 mgc: 9.010373e-08 ustep: 0.9566819 
iter: 7  value: 587.1338 mgc: 9.528157e-08 ustep: 0.05791039 
mgc: 8.338878e-08 
iter: 1  value: 587.1914 mgc: 1083306 ustep: 1 
iter: 2  value: 587.1914 mgc: 3.654705e-06 ustep: 1 
iter: 3  value: 587.1914 mgc: 7.034765e-08 ustep: 0.9999 
iter: 4  value: 587.1914 mgc: 1.002097e-07 ustep: 0.99995 
iter: 5  value: 587.1914 mgc: 1.082238e-07 ustep: 0.999975 
iter: 6  value: 587.1914 mgc: 7.81664e-08 ustep: 0.9999875 
iter: 7  value: 587.1914 mgc: 5.530459e-08 ustep: 0.9974007 
iter: 8  value: 587.1914 mgc: 7.379672e-08 ustep: 0.963843 
iter: 9  value: 587.1914 mgc: 1.245142e-07 ustep: 0.6323043 
iter: 10  value: 587.1914 mgc: 7.014455e-08 ustep: 0.3272063 
iter: 11  value: 587.1914 mgc: 5.802873e-08 ustep: 5.172903e-05 
Not improving much - will try early exit...PD hess?: TRUE 
mgc: 6.371989e-08 
iter: 1  value: 587.2203 mgc: 1068944 ustep: 1 
iter: 2  value: 587.2203 mgc: 4.827312e-06 ustep: 1 
iter: 3  value: 587.2203 mgc: 6.89806e-08 ustep: 1 
iter: 4  value: 587.2203 mgc: 8.160332e-08 ustep: 1 
iter: 5  value: 587.2203 mgc: 4.648091e-08 ustep: 1 
iter: 6  value: 587.2203 mgc: 5.872833e-08 ustep: 0.9999 
iter: 7  value: 587.2203 mgc: 1.068736e-07 ustep: 0.4603057 
iter: 8  value: 587.2203 mgc: 1.335189e-07 ustep: 0.6784905 
iter: 9  value: 587.2203 mgc: 5.594151e-08 ustep: 0.823723 
mgc: 8.414369e-08 
iter: 1  value: 587.2524 mgc: 971857.4 ustep: 1 
iter: 2  value: 587.2524 mgc: 4.958767e-06 ustep: 1 
iter: 3  value: 587.2524 mgc: 8.397683e-08 ustep: 1 
iter: 4  value: 587.2524 mgc: 1.655943e-07 ustep: 0.03522464 
mgc: 8.795474e-08 
iter: 1  value: 587.2524 mgc: 8.795474e-08 ustep: 0.03522464 
mgc: 6.922605e-08 
outer mgc:  4.551542 
iter: 1  value: 587.1899 mgc: 557556 ustep: 1 
iter: 2  value: 587.1899 mgc: 8.335083e-07 ustep: 1 
iter: 3  value: 587.1899 mgc: 5.348474e-08 ustep: 0.989901 
iter: 4  value: 587.1899 mgc: 7.216956e-08 ustep: 0.9949382 
iter: 5  value: 587.1899 mgc: 8.864478e-08 ustep: 0.1702087 
mgc: 9.447354e-08 
iter: 1  value: 587.2237 mgc: 256095.9 ustep: 1 
iter: 2  value: 587.2237 mgc: 1.232295e-07 ustep: 1 
iter: 3  value: 587.2237 mgc: 8.53838e-08 ustep: 1 
iter: 4  value: 587.2237 mgc: 7.9744e-08 ustep: 0.01776843 
mgc: 6.854586e-08 
iter: 1  value: 587.2392 mgc: 117791.2 ustep: 1 
iter: 2  value: 587.2392 mgc: 6.025915e-08 ustep: 0.9999 
iter: 3  value: 587.2392 mgc: 6.199534e-08 ustep: 0.99995 
iter: 4  value: 587.2392 mgc: 8.595386e-08 ustep: 0.999975 
iter: 5  value: 587.2392 mgc: 8.413387e-08 ustep: 0.9999875 
iter: 6  value: 587.2392 mgc: 8.614419e-08 ustep: 0.9999938 
iter: 7  value: 587.2392 mgc: 7.919249e-08 ustep: 0.9999969 
iter: 8  value: 587.2392 mgc: 8.595119e-08 ustep: 3.064655e-09 
mgc: 4.711798e-08 
iter: 1  value: 587.2463 mgc: 54225 ustep: 1 
iter: 2  value: 587.2463 mgc: 9.051594e-08 ustep: 1 
iter: 3  value: 587.2463 mgc: 6.206016e-08 ustep: 1 
iter: 4  value: 587.2463 mgc: 7.121351e-08 ustep: 0.0692153 
mgc: 6.520886e-08 
iter: 1  value: 587.2496 mgc: 24967.21 ustep: 1 
iter: 2  value: 587.2496 mgc: 7.507659e-08 ustep: 1 
iter: 3  value: 587.2496 mgc: 5.751835e-08 ustep: 1 
iter: 4  value: 587.2496 mgc: 9.787622e-08 ustep: 1 
iter: 5  value: 587.2496 mgc: 1.155919e-07 ustep: 1 
iter: 6  value: 587.2496 mgc: 8.129743e-08 ustep: 1 
mgc: 5.999449e-08 
iter: 1  value: 587.2511 mgc: 11499.52 ustep: 1 
iter: 2  value: 587.2511 mgc: 7.400122e-08 ustep: 1 
iter: 3  value: 587.2511 mgc: 6.037662e-08 ustep: 1 
iter: 4  value: 587.2511 mgc: 1.154999e-07 ustep: 0.989901 
mgc: 1.403583e-07 
iter: 1  value: 587.2518 mgc: 5298.797 ustep: 1 
iter: 2  value: 587.2518 mgc: 6.727832e-08 ustep: 1 
mgc: 1.294449e-07 
iter: 1  value: 587.2521 mgc: 2438.737 ustep: 1 
iter: 2  value: 587.2521 mgc: 7.304655e-08 ustep: 0.9999 
mgc: 1.256489e-07 
iter: 1  value: 587.2523 mgc: 1109.49 ustep: 1 
iter: 2  value: 587.2523 mgc: 6.163474e-08 ustep: 0.9999 
iter: 3  value: 587.2523 mgc: 7.482751e-08 ustep: 0.7087798 
iter: 4  value: 587.2523 mgc: 6.211854e-08 ustep: 0.205846 
mgc: 6.693576e-08 
iter: 1  value: 587.2523 mgc: 509.1532 ustep: 1 
iter: 2  value: 587.2523 mgc: 8.833031e-08 ustep: 0.8994163 
iter: 3  value: 587.2523 mgc: 7.341634e-08 ustep: 0.523213 
mgc: 8.868112e-08 
iter: 1  value: 587.2524 mgc: 243.9471 ustep: 1 
iter: 2  value: 587.2524 mgc: 7.915861e-08 ustep: 1 
iter: 3  value: 587.2524 mgc: 7.516279e-08 ustep: 0.989901 
iter: 4  value: 587.2524 mgc: 8.260154e-08 ustep: 0.7330198 
iter: 5  value: 587.2524 mgc: 6.630999e-08 ustep: 0.8561802 
iter: 6  value: 587.2524 mgc: 1.009937e-07 ustep: 0.9253075 
iter: 7  value: 587.2524 mgc: 9.338835e-08 ustep: 0.02518751 
mgc: 8.897689e-08 
iter: 1  value: 587.2524 mgc: 113.0947 ustep: 1 
iter: 2  value: 587.2524 mgc: 8.463939e-08 ustep: 0.989901 
iter: 3  value: 587.2524 mgc: 1.015535e-07 ustep: 0.7330198 
iter: 4  value: 587.2524 mgc: 6.137234e-08 ustep: 0.8561802 
iter: 5  value: 587.2524 mgc: 6.476451e-08 ustep: 9.636037e-09 
mgc: 6.560565e-08 
iter: 1  value: 587.2524 mgc: 47.3368 ustep: 1 
iter: 2  value: 587.2524 mgc: 7.674379e-08 ustep: 1 
iter: 3  value: 587.2524 mgc: 6.664248e-08 ustep: 1 
iter: 4  value: 587.2524 mgc: 5.706416e-08 ustep: 1 
iter: 5  value: 587.2524 mgc: 8.867378e-08 ustep: 0.9999 
iter: 6  value: 587.2524 mgc: 5.546162e-08 ustep: 0.99995 
iter: 7  value: 587.2524 mgc: 1.033283e-07 ustep: 0.9949009 
iter: 8  value: 587.2524 mgc: 7.126715e-08 ustep: 0.1700186 
mgc: 4.820054e-08 
iter: 1  value: 587.2524 mgc: 17.16525 ustep: 1 
iter: 2  value: 587.2524 mgc: 6.289383e-08 ustep: 1 
iter: 3  value: 587.2524 mgc: 6.888924e-08 ustep: 0.9999 
iter: 4  value: 587.2524 mgc: 7.812182e-08 ustep: 0.07417373 
mgc: 1.078322e-07 
iter: 1  value: 587.2524 mgc: 6.785716 ustep: 1 
iter: 2  value: 587.2524 mgc: 8.11252e-08 ustep: 1 
iter: 3  value: 587.2524 mgc: 1.064136e-07 ustep: 0.9999 
iter: 4  value: 587.2524 mgc: 4.28488e-08 ustep: 0.002404288 
mgc: 1.144223e-07 
iter: 1  value: 587.2524 mgc: 2.466718 ustep: 1 
iter: 2  value: 587.2524 mgc: 5.743632e-08 ustep: 0.9999 
iter: 3  value: 587.2524 mgc: 7.24672e-08 ustep: 0.99995 
iter: 4  value: 587.2524 mgc: 7.014596e-08 ustep: 0.4827771 
iter: 5  value: 587.2524 mgc: 6.676217e-08 ustep: 0.4475533 
mgc: 7.030639e-08 
iter: 1  value: 587.2524 mgc: 7.030639e-08 ustep: 0.1336527 
mgc: 5.573353e-08 
outer mgc:  2.579891 
iter: 1  value: 587.2524 mgc: 2.270287 ustep: 1 
iter: 2  value: 587.2524 mgc: 7.918561e-08 ustep: 1 
iter: 3  value: 587.2524 mgc: 9.340637e-08 ustep: 1 
iter: 4  value: 587.2524 mgc: 1.228597e-07 ustep: 1 
iter: 5  value: 587.2524 mgc: 7.548566e-08 ustep: 0.01776843 
mgc: 6.539045e-08 
iter: 1  value: 587.2524 mgc: 0.2270285 ustep: 1 
iter: 2  value: 587.2524 mgc: 8.283164e-08 ustep: 0.01776843 
mgc: 7.4335e-08 
iter: 1  value: 587.2524 mgc: 0.02270282 ustep: 1 
iter: 2  value: 587.2524 mgc: 7.262624e-08 ustep: 1 
iter: 3  value: 587.2524 mgc: 6.119575e-08 ustep: 1 
iter: 4  value: 587.2524 mgc: 6.632518e-08 ustep: 1 
mgc: 9.964581e-08 
iter: 1  value: 587.2524 mgc: 0.002270309 ustep: 1 
iter: 2  value: 587.2524 mgc: 8.576493e-08 ustep: 0.4367355 
iter: 3  value: 587.2524 mgc: 7.458176e-08 ustep: 0.0002636562 
mgc: 1.161226e-07 
iter: 1  value: 587.2524 mgc: 0.0002269896 ustep: 0.9999 
iter: 2  value: 587.2524 mgc: 9.551693e-08 ustep: 0.99995 
mgc: 4.622647e-08 
iter: 1  value: 587.2524 mgc: 7.030639e-08 ustep: 0.1336527 
mgc: 5.573353e-08 
iter: 1  value: 587.2524 mgc: 7.030639e-08 ustep: 0.1336527 
mgc: 5.573353e-08 
outer mgc:  2.579891 
iter: 1  value: 587.2491 mgc: 0.02076336 ustep: 1 
iter: 2  value: 587.2491 mgc: 3.148768e-06 ustep: 1 
iter: 3  value: 587.2491 mgc: 8.01853e-08 ustep: 1 
iter: 4  value: 587.2491 mgc: 7.852849e-08 ustep: 1 
iter: 5  value: 587.2491 mgc: 8.370139e-08 ustep: 0.9999 
iter: 6  value: 587.2491 mgc: 6.138279e-08 ustep: 0.9152321 
iter: 7  value: 587.2491 mgc: 6.074552e-08 ustep: 0.09337625 
mgc: 7.254535e-08 
outer mgc:  1.242535 
iter: 1  value: 587.2559 mgc: 0.02075124 ustep: 1 
iter: 2  value: 587.2559 mgc: 3.146175e-06 ustep: 1 
iter: 3  value: 587.2559 mgc: 9.714066e-08 ustep: 1 
iter: 4  value: 587.2559 mgc: 6.695392e-08 ustep: 0.9999 
iter: 5  value: 587.2559 mgc: 9.994959e-08 ustep: 0.9152321 
iter: 6  value: 587.2559 mgc: 1.102755e-07 ustep: 0.5436463 
mgc: 7.582206e-08 
outer mgc:  6.788476 
iter: 1  value: 587.2521 mgc: 0.000547593 ustep: 1 
iter: 2  value: 587.2521 mgc: 6.561947e-08 ustep: 1 
iter: 3  value: 587.2521 mgc: 8.157241e-08 ustep: 0.9999 
iter: 4  value: 587.2521 mgc: 7.972359e-08 ustep: 0.07417373 
mgc: 1.305796e-07 
outer mgc:  1.792685 
iter: 1  value: 587.2527 mgc: 0.0005470258 ustep: 1 
iter: 2  value: 587.2527 mgc: 9.232749e-08 ustep: 0.6827823 
iter: 3  value: 587.2527 mgc: 8.985e-08 ustep: 0.001706183 
mgc: 6.57556e-08 
outer mgc:  2.463674 
iter: 1  value: 587.2484 mgc: 0.01173324 ustep: 1 
iter: 2  value: 587.2484 mgc: 1.501299e-06 ustep: 0.0692153 
iter: 3  value: 587.2484 mgc: 3.325603e-07 ustep: 2.835573e-10 
mgc: 3.341348e-07 
outer mgc:  2.047148 
iter: 1  value: 587.2565 mgc: 0.01172447 ustep: 1 
iter: 2  value: 587.2565 mgc: 1.598288e-06 ustep: 0.03522464 
iter: 3  value: 587.2565 mgc: 4.356914e-07 ustep: 0.0004057271 
mgc: 4.279591e-07 
outer mgc:  2.84444 
iter: 1  value: 587.2523 mgc: 0.0001476852 ustep: 0.9999 
iter: 2  value: 587.2523 mgc: 1.096062e-07 ustep: 0.9152321 
iter: 3  value: 587.2523 mgc: 9.375675e-08 ustep: 0.1780503 
mgc: 7.6892e-08 
outer mgc:  3.072651 
iter: 1  value: 587.2525 mgc: 0.0001475715 ustep: 1 
iter: 2  value: 587.2525 mgc: 8.217446e-08 ustep: 1.706347e-08 
mgc: 8.873687e-08 
outer mgc:  7.274508 
iter: 1  value: 587.2489 mgc: 0.01875344 ustep: 1 
iter: 2  value: 587.2489 mgc: 3.452492e-06 ustep: 1 
iter: 3  value: 587.2489 mgc: 6.103135e-08 ustep: 0.9999 
iter: 4  value: 587.2489 mgc: 8.447844e-08 ustep: 0.99995 
iter: 5  value: 587.2489 mgc: 5.547011e-08 ustep: 0.9949009 
iter: 6  value: 587.2489 mgc: 7.306539e-08 ustep: 0.9493823 
iter: 7  value: 587.2489 mgc: 6.575799e-08 ustep: 0.8398069 
iter: 8  value: 587.2489 mgc: 7.525633e-08 ustep: 0.9164181 
iter: 9  value: 587.2489 mgc: 8.80145e-08 ustep: 0.04804137 
mgc: 6.071522e-08 
outer mgc:  3.094387 
iter: 1  value: 587.256 mgc: 0.0187433 ustep: 1 
iter: 2  value: 587.256 mgc: 3.413222e-06 ustep: 0.9999 
iter: 3  value: 587.256 mgc: 7.915573e-08 ustep: 0.9152321 
mgc: 5.810843e-08 
outer mgc:  9.338878 
iter: 1  value: 587.2524 mgc: 7.049604e-08 ustep: 0.000139956 
mgc: 5.525417e-08 
outer mgc:  2.767196 
iter: 1  value: 587.2524 mgc: 7.011693e-08 ustep: 1.749033e-05 
mgc: 7.468417e-08 
outer mgc:  2.488499 
iter: 1  value: 587.2525 mgc: 0.030788 ustep: 1 
iter: 2  value: 587.2525 mgc: 4.780859e-06 ustep: 1 
iter: 3  value: 587.2525 mgc: 1.167275e-07 ustep: 0.6827823 
iter: 4  value: 587.2525 mgc: 1.114919e-07 ustep: 0.3543617 
iter: 5  value: 587.2525 mgc: 6.094568e-08 ustep: 0.2023718 
mgc: 6.172714e-08 
outer mgc:  10.55327 
iter: 1  value: 587.2524 mgc: 0.03078632 ustep: 1 
iter: 2  value: 587.2524 mgc: 4.784451e-06 ustep: 1 
iter: 3  value: 587.2524 mgc: 7.76681e-08 ustep: 1 
iter: 4  value: 587.2524 mgc: 1.437824e-07 ustep: 0.9999 
iter: 5  value: 587.2524 mgc: 7.827744e-08 ustep: 0.99995 
iter: 6  value: 587.2524 mgc: 8.685581e-08 ustep: 0.4827771 
iter: 7  value: 587.2524 mgc: 8.95006e-08 ustep: 0.01836316 
mgc: 1.17885e-07 
outer mgc:  5.811028 
iter: 1  value: 587.2515 mgc: 0.002041243 ustep: 1 
iter: 2  value: 587.2515 mgc: 8.207763e-08 ustep: 0.989901 
iter: 3  value: 587.2515 mgc: 5.890103e-08 ustep: 4.02366e-05 
mgc: 5.793501e-08 
outer mgc:  0.4877471 
iter: 1  value: 587.2533 mgc: 0.002039268 ustep: 1 
iter: 2  value: 587.2533 mgc: 6.994271e-08 ustep: 1 
iter: 3  value: 587.2533 mgc: 7.072617e-08 ustep: 4.265015e-09 
mgc: 4.067312e-08 
outer mgc:  2.27366 
iter: 1  value: 587.25 mgc: 0.02905785 ustep: 1 
iter: 2  value: 587.25 mgc: 7.622771e-06 ustep: 1 
iter: 3  value: 587.25 mgc: 1.674946e-07 ustep: 0.03522464 
mgc: 7.153401e-08 
outer mgc:  0.6836759 
iter: 1  value: 587.2549 mgc: 0.02904011 ustep: 1 
iter: 2  value: 587.2549 mgc: 7.62973e-06 ustep: 1 
iter: 3  value: 587.2549 mgc: 7.313711e-08 ustep: 1 
iter: 4  value: 587.2549 mgc: 7.006798e-08 ustep: 0.6827823 
iter: 5  value: 587.2549 mgc: 5.223826e-08 ustep: 0.8263238 
iter: 6  value: 587.2549 mgc: 7.011926e-08 ustep: 0.002335618 
mgc: 5.250052e-08 
outer mgc:  1.01987 
iter: 1  value: 587.25 mgc: 0.01029868 ustep: 1 
iter: 2  value: 587.25 mgc: 1.262081e-06 ustep: 1 
iter: 3  value: 587.25 mgc: 6.337007e-08 ustep: 0.8994163 
iter: 4  value: 587.25 mgc: 8.051876e-08 ustep: 0.9483808 
iter: 5  value: 587.25 mgc: 8.036658e-08 ustep: 0.365699 
mgc: 7.684319e-08 
outer mgc:  5.617769 
iter: 1  value: 587.2549 mgc: 0.01029096 ustep: 1 
iter: 2  value: 587.2549 mgc: 1.261021e-06 ustep: 1 
iter: 3  value: 587.2549 mgc: 6.617991e-08 ustep: 0.9999 
iter: 4  value: 587.2549 mgc: 5.946837e-08 ustep: 0.9928299 
iter: 5  value: 587.2549 mgc: 6.729666e-08 ustep: 0.5049086 
iter: 6  value: 587.2549 mgc: 5.465111e-08 ustep: 0.2664837 
mgc: 6.752688e-08 
outer mgc:  2.730138 
iter: 1  value: 587.2564 mgc: 0.02993677 ustep: 1 
iter: 2  value: 587.2564 mgc: 2.602897e-06 ustep: 0.9999 
iter: 3  value: 587.2564 mgc: 6.668425e-08 ustep: 0.7087798 
iter: 4  value: 587.2564 mgc: 5.97504e-08 ustep: 0.8419064 
iter: 5  value: 587.2564 mgc: 6.0996e-08 ustep: 0.001216324 
mgc: 6.891827e-08 
outer mgc:  1.111321 
iter: 1  value: 587.2487 mgc: 0.02993295 ustep: 1 
iter: 2  value: 587.2487 mgc: 2.604425e-06 ustep: 1 
iter: 3  value: 587.2487 mgc: 7.348263e-08 ustep: 1 
iter: 4  value: 587.2487 mgc: 9.119094e-08 ustep: 0.9999 
iter: 5  value: 587.2487 mgc: 7.110357e-08 ustep: 0.9152321 
iter: 6  value: 587.2487 mgc: 9.108994e-08 ustep: 0.7917909 
iter: 7  value: 587.2487 mgc: 1.00399e-07 ustep: 0.4237854 
mgc: 7.925879e-08 
outer mgc:  0.7736215 
iter: 1  value: 587.2562 mgc: 0.01093798 ustep: 1 
iter: 2  value: 587.2562 mgc: 1.253543e-06 ustep: 0.989901 
iter: 3  value: 587.2562 mgc: 8.319277e-08 ustep: 1.226108e-09 
mgc: 8.319277e-08 
outer mgc:  2.193184 
iter: 1  value: 587.2487 mgc: 0.01094598 ustep: 1 
iter: 2  value: 587.2487 mgc: 1.254472e-06 ustep: 1 
iter: 3  value: 587.2487 mgc: 7.575801e-08 ustep: 0.9999 
iter: 4  value: 587.2487 mgc: 1.262293e-07 ustep: 0.9928299 
iter: 5  value: 587.2487 mgc: 7.43433e-08 ustep: 0.9964089 
iter: 6  value: 587.2487 mgc: 1.031328e-07 ustep: 7.328846e-10 
mgc: 6.354922e-08 
outer mgc:  4.195303 
iter: 1  value: 587.2766 mgc: 264527.4 ustep: 1 
iter: 2  value: 587.2766 mgc: 1.441517e-07 ustep: 1 
iter: 3  value: 587.2766 mgc: 6.342115e-08 ustep: 0.8994163 
iter: 4  value: 587.2766 mgc: 6.54013e-08 ustep: 0.772724 
mgc: 4.551131e-08 
outer mgc:  0.7554886 
iter: 1  value: 587.2282 mgc: 264721.5 ustep: 1 
iter: 2  value: 587.2282 mgc: 1.870219e-07 ustep: 1 
iter: 3  value: 587.2282 mgc: 8.063408e-08 ustep: 1 
iter: 4  value: 587.2282 mgc: 7.597602e-08 ustep: 1 
mgc: 8.5586e-08 
outer mgc:  0.4788974 
iter: 1  value: 587.2527 mgc: 15338.27 ustep: 1 
iter: 2  value: 587.2527 mgc: 1.309485e-07 ustep: 1 
iter: 3  value: 587.2527 mgc: 8.472314e-08 ustep: 1 
iter: 4  value: 587.2527 mgc: 9.790095e-08 ustep: 0.6827823 
iter: 5  value: 587.2527 mgc: 1.849698e-07 ustep: 1.665949e-06 
mgc: 9.746442e-08 
outer mgc:  3.736425 
iter: 1  value: 587.2521 mgc: 15338.05 ustep: 1 
iter: 2  value: 587.2521 mgc: 5.353604e-08 ustep: 1 
mgc: 8.540585e-08 
outer mgc:  0.4794501 
iter: 1  value: 587.2546 mgc: 783.8329 ustep: 1 
iter: 2  value: 587.2546 mgc: 6.74371e-08 ustep: 0.989901 
mgc: 7.349651e-08 
outer mgc:  3.517245 
iter: 1  value: 587.2502 mgc: 783.9013 ustep: 1 
iter: 2  value: 587.2502 mgc: 1.47308e-07 ustep: 0.9999 
iter: 3  value: 587.2502 mgc: 8.040907e-08 ustep: 0.0003007624 
mgc: 9.811793e-08 
outer mgc:  6.164016 
iter: 1  value: 587.2518 mgc: 4200.285 ustep: 1 
iter: 2  value: 587.2518 mgc: 8.46088e-08 ustep: 1 
iter: 3  value: 587.2518 mgc: 1.181703e-07 ustep: 0.989901 
iter: 4  value: 587.2518 mgc: 8.897819e-08 ustep: 0.9287607 
iter: 5  value: 587.2518 mgc: 1.041585e-07 ustep: 0.05046075 
mgc: 7.611968e-08 
outer mgc:  2.818909 
iter: 1  value: 587.253 mgc: 4200.961 ustep: 1 
iter: 2  value: 587.253 mgc: 7.660967e-08 ustep: 1 
iter: 3  value: 587.253 mgc: 6.480283e-08 ustep: 0.8994163 
iter: 4  value: 587.253 mgc: 5.052709e-08 ustep: 2.751442e-09 
mgc: 4.771117e-08 
outer mgc:  4.54879 
iter: 1  value: 587.2504 mgc: 3862.667 ustep: 1 
iter: 2  value: 587.2504 mgc: 7.643497e-08 ustep: 1 
iter: 3  value: 587.2504 mgc: 8.969478e-08 ustep: 1 
iter: 4  value: 587.2504 mgc: 9.936224e-08 ustep: 0.9999 
iter: 5  value: 587.2504 mgc: 1.02291e-07 ustep: 0.99995 
iter: 6  value: 587.2504 mgc: 6.760439e-08 ustep: 0.9284992 
mgc: 5.555507e-08 
outer mgc:  2.723699 
iter: 1  value: 587.2544 mgc: 3862.324 ustep: 1 
iter: 2  value: 587.2544 mgc: 5.412806e-08 ustep: 1 
iter: 3  value: 587.2544 mgc: 6.479582e-08 ustep: 0.9999 
mgc: 5.800886e-08 
outer mgc:  3.506988 
iter: 1  value: 587.237 mgc: 1969.995 ustep: 1 
iter: 2  value: 587.237 mgc: 7.664432e-08 ustep: 0.8994163 
iter: 3  value: 587.237 mgc: 7.029375e-08 ustep: 0.08840056 
mgc: 8.489027e-08 
outer mgc:  0.8533417 
iter: 1  value: 587.2678 mgc: 1968.753 ustep: 1 
iter: 2  value: 587.2678 mgc: 9.027655e-08 ustep: 1 
iter: 3  value: 587.2678 mgc: 9.301401e-08 ustep: 0.1336527 
mgc: 9.230592e-08 
outer mgc:  1.140695 
iter: 1  value: 587.2529 mgc: 484.885 ustep: 1 
iter: 2  value: 587.2529 mgc: 9.496134e-08 ustep: 1 
iter: 3  value: 587.2529 mgc: 9.876507e-08 ustep: 1 
iter: 4  value: 587.2529 mgc: 7.147003e-08 ustep: 1 
iter: 5  value: 587.2529 mgc: 6.676539e-08 ustep: 0.4367355 
iter: 6  value: 587.2529 mgc: 8.056676e-08 ustep: 0.6608936 
mgc: 1.051479e-07 
outer mgc:  8.841506 
iter: 1  value: 587.2519 mgc: 484.8824 ustep: 1 
iter: 2  value: 587.2519 mgc: 8.567429e-08 ustep: 0.9999 
iter: 3  value: 587.2519 mgc: 5.853505e-08 ustep: 0.2653346 
mgc: 6.438321e-08 
outer mgc:  0.4795607 
iter: 1  value: 587.2524 mgc: 368.59 ustep: 1 
iter: 2  value: 587.2524 mgc: 1.126357e-07 ustep: 1 
iter: 3  value: 587.2524 mgc: 6.473803e-08 ustep: 0.0002799205 
mgc: 9.1628e-08 
outer mgc:  0.4795832 
iter: 1  value: 587.2524 mgc: 368.5668 ustep: 1 
iter: 2  value: 587.2524 mgc: 5.971158e-08 ustep: 1 
iter: 3  value: 587.2524 mgc: 7.39805e-08 ustep: 1 
mgc: 7.610296e-08 
outer mgc:  0.4793226 
iter: 1  value: 587.2506 mgc: 436.0153 ustep: 1 
iter: 2  value: 587.2506 mgc: 6.7582e-08 ustep: 1 
iter: 3  value: 587.2506 mgc: 1.079718e-07 ustep: 1 
mgc: 1.128397e-07 
outer mgc:  5.385828 
iter: 1  value: 587.2542 mgc: 435.9883 ustep: 1 
iter: 2  value: 587.2542 mgc: 7.747478e-08 ustep: 0.6827823 
iter: 3  value: 587.2542 mgc: 7.861575e-08 ustep: 0.3543617 
mgc: 6.186329e-08 
outer mgc:  1.626918 
iter: 1  value: 587.2563 mgc: 247.9087 ustep: 1 
iter: 2  value: 587.2563 mgc: 1.229493e-07 ustep: 1 
iter: 3  value: 587.2563 mgc: 7.502647e-08 ustep: 1 
iter: 4  value: 587.2563 mgc: 5.618365e-08 ustep: 1 
mgc: 6.933573e-08 
outer mgc:  2.182921 
iter: 1  value: 587.2485 mgc: 247.9564 ustep: 1 
iter: 2  value: 587.2485 mgc: 1.159912e-07 ustep: 1 
iter: 3  value: 587.2485 mgc: 9.292852e-08 ustep: 0.0692153 
mgc: 6.305732e-08 
outer mgc:  5.192476 
iter: 1  value: 587.2511 mgc: 23.49877 ustep: 1 
iter: 2  value: 587.2511 mgc: 7.801157e-08 ustep: 0.9999 
iter: 3  value: 587.2511 mgc: 8.394912e-08 ustep: 0.99995 
iter: 4  value: 587.2511 mgc: 7.805654e-08 ustep: 0.9949009 
iter: 5  value: 587.2511 mgc: 5.698873e-08 ustep: 0.7749387 
mgc: 5.599249e-08 
outer mgc:  0.6528333 
iter: 1  value: 587.2536 mgc: 23.49837 ustep: 1 
iter: 2  value: 587.2536 mgc: 1.026798e-07 ustep: 1 
iter: 3  value: 587.2536 mgc: 8.664879e-08 ustep: 1 
iter: 4  value: 587.2536 mgc: 5.952047e-08 ustep: 1 
mgc: 9.746552e-08 
outer mgc:  4.235722 
iter: 1  value: 587.2529 mgc: 41.25227 ustep: 1 
iter: 2  value: 587.2529 mgc: 1.094655e-07 ustep: 4.265015e-09 
mgc: 4.024043e-08 
outer mgc:  1.192084 
iter: 1  value: 587.2519 mgc: 41.2523 ustep: 1 
iter: 2  value: 587.2519 mgc: 7.858954e-08 ustep: 1 
iter: 3  value: 587.2519 mgc: 8.564857e-08 ustep: 0.9999 
iter: 4  value: 587.2519 mgc: 8.497076e-08 ustep: 0.9928299 
iter: 5  value: 587.2519 mgc: 5.605154e-08 ustep: 0.9964089 
iter: 6  value: 587.2519 mgc: 7.577987e-08 ustep: 0.998203 
iter: 7  value: 587.2519 mgc: 6.518233e-08 ustep: 0.3545155 
mgc: 8.284693e-08 
outer mgc:  10.71989 
iter: 1  value: 587.2525 mgc: 50.53846 ustep: 1 
iter: 2  value: 587.2525 mgc: 1.048072e-07 ustep: 2.185652e-06 
mgc: 6.782709e-08 
outer mgc:  0.5986365 
iter: 1  value: 587.2523 mgc: 50.53882 ustep: 1 
iter: 2  value: 587.2523 mgc: 1.878633e-07 ustep: 1 
iter: 3  value: 587.2523 mgc: 1.379615e-07 ustep: 1 
iter: 4  value: 587.2523 mgc: 7.991711e-08 ustep: 0.9999 
iter: 5  value: 587.2523 mgc: 7.479803e-08 ustep: 0.7087798 
iter: 6  value: 587.2523 mgc: 7.136858e-08 ustep: 0.1088359 
mgc: 6.51278e-08 
outer mgc:  3.491719 
iter: 1  value: 587.2522 mgc: 51.28414 ustep: 1 
iter: 2  value: 587.2522 mgc: 7.322049e-08 ustep: 1 
iter: 3  value: 587.2522 mgc: 1.039346e-07 ustep: 0.2494656 
mgc: 8.693156e-08 
outer mgc:  7.744049 
iter: 1  value: 587.2526 mgc: 51.28226 ustep: 1 
iter: 2  value: 587.2526 mgc: 4.859954e-08 ustep: 1 
iter: 3  value: 587.2526 mgc: 6.452692e-08 ustep: 1 
iter: 4  value: 587.2526 mgc: 5.915029e-08 ustep: 1 
mgc: 6.439645e-08 
outer mgc:  3.89475 
iter: 1  value: 587.2487 mgc: 35.65983 ustep: 1 
iter: 2  value: 587.2487 mgc: 8.426965e-08 ustep: 1 
mgc: 5.157189e-08 
outer mgc:  6.521571 
iter: 1  value: 587.2561 mgc: 35.65194 ustep: 1 
iter: 2  value: 587.2561 mgc: 1.09118e-07 ustep: 0.9999 
iter: 3  value: 587.2561 mgc: 9.187406e-08 ustep: 0.99995 
iter: 4  value: 587.2561 mgc: 7.165549e-08 ustep: 0.7325304 
iter: 5  value: 587.2561 mgc: 7.465063e-08 ustep: 0.6203254 
mgc: 7.071578e-08 
outer mgc:  14.56329 
iter: 1  value: 587.2765 mgc: 304407 ustep: 1 
iter: 2  value: 587.2765 mgc: 1.359492e-06 ustep: 1 
iter: 3  value: 587.2765 mgc: 1.014609e-07 ustep: 0.9999 
iter: 4  value: 587.2765 mgc: 7.614451e-08 ustep: 0.99995 
iter: 5  value: 587.2765 mgc: 7.305772e-08 ustep: 0.9949009 
mgc: 4.292921e-08 
outer mgc:  10.18058 
iter: 1  value: 587.2283 mgc: 304711.6 ustep: 1 
iter: 2  value: 587.2283 mgc: 1.352161e-06 ustep: 0.8994163 
iter: 3  value: 587.2283 mgc: 7.51112e-08 ustep: 0.9483808 
iter: 4  value: 587.2283 mgc: 8.684001e-08 ustep: 0.02803935 
mgc: 4.705763e-08 
outer mgc:  4.033664 
iter: 1  value: 587.2892 mgc: 421681.3 ustep: 1 
iter: 2  value: 587.2892 mgc: 4.387638e-07 ustep: 0.9999 
iter: 3  value: 587.2892 mgc: 1.04094e-07 ustep: 0.99995 
iter: 4  value: 587.2892 mgc: 8.230131e-08 ustep: 0.999975 
iter: 5  value: 587.2892 mgc: 5.364389e-08 ustep: 0.504163 
mgc: 9.905944e-08 
outer mgc:  3.376796 
iter: 1  value: 587.2156 mgc: 422948.3 ustep: 1 
iter: 2  value: 587.2156 mgc: 4.562004e-07 ustep: 1 
iter: 3  value: 587.2156 mgc: 8.100766e-08 ustep: 4.371736e-06 
mgc: 6.19983e-08 
outer mgc:  2.479564 
iter: 1  value: 587.2767 mgc: 290338.1 ustep: 1 
iter: 2  value: 587.2767 mgc: 8.435108e-07 ustep: 1 
iter: 3  value: 587.2767 mgc: 7.954637e-08 ustep: 0.9999 
iter: 4  value: 587.2767 mgc: 6.702557e-08 ustep: 0.7087798 
iter: 5  value: 587.2767 mgc: 8.420332e-08 ustep: 0.6023299 
iter: 6  value: 587.2767 mgc: 5.857992e-08 ustep: 0.7761215 
mgc: 1.05433e-07 
outer mgc:  1.258703 
iter: 1  value: 587.2281 mgc: 290628.6 ustep: 1 
iter: 2  value: 587.2281 mgc: 8.215114e-07 ustep: 1 
iter: 3  value: 587.2281 mgc: 7.172266e-08 ustep: 0.8994163 
iter: 4  value: 587.2281 mgc: 1.3582e-07 ustep: 0.772724 
iter: 5  value: 587.2281 mgc: 6.012181e-08 ustep: 8.042747e-06 
mgc: 6.813599e-08 
outer mgc:  1.630909 
iter: 1  value: 587.2584 mgc: 15266.48 ustep: 1 
iter: 2  value: 587.2584 mgc: 2.122828e-06 ustep: 1 
iter: 3  value: 587.2584 mgc: 9.570974e-08 ustep: 0.9999 
iter: 4  value: 587.2584 mgc: 6.329187e-08 ustep: 0.9928299 
mgc: 7.047527e-08 
outer mgc:  0.7126771 
iter: 1  value: 587.2464 mgc: 15281.76 ustep: 1 
iter: 2  value: 587.2464 mgc: 2.128506e-06 ustep: 1 
iter: 3  value: 587.2464 mgc: 8.783944e-08 ustep: 1 
iter: 4  value: 587.2464 mgc: 1.511783e-07 ustep: 1 
iter: 5  value: 587.2464 mgc: 9.038379e-08 ustep: 1 
iter: 6  value: 587.2464 mgc: 7.159758e-08 ustep: 0.0005598185 
mgc: 9.062386e-08 
outer mgc:  3.964178 
iter: 1  value: 587.2666 mgc: 5354.752 ustep: 1 
iter: 2  value: 587.2666 mgc: 1.03494e-06 ustep: 1 
iter: 3  value: 587.2666 mgc: 6.678701e-08 ustep: 0.1336527 
mgc: 5.539451e-08 
outer mgc:  4.226606 
iter: 1  value: 587.2382 mgc: 5360.11 ustep: 1 
iter: 2  value: 587.2382 mgc: 1.03673e-06 ustep: 0.9999 
iter: 3  value: 587.2382 mgc: 5.389843e-08 ustep: 0.7087798 
iter: 4  value: 587.2382 mgc: 7.779914e-08 ustep: 0.8419064 
mgc: 6.825235e-08 
outer mgc:  1.239279 
iter: 1  value: 587.2672 mgc: 864.2881 ustep: 1 
iter: 2  value: 587.2672 mgc: 6.677688e-07 ustep: 1 
iter: 3  value: 587.2672 mgc: 7.550745e-08 ustep: 0.9999 
iter: 4  value: 587.2672 mgc: 6.176014e-08 ustep: 0.4603057 
mgc: 8.744111e-08 
outer mgc:  0.4679465 
iter: 1  value: 587.2376 mgc: 865.1528 ustep: 1 
iter: 2  value: 587.2376 mgc: 6.696821e-07 ustep: 1 
iter: 3  value: 587.2376 mgc: 7.696295e-08 ustep: 1 
iter: 4  value: 587.2376 mgc: 1.000719e-07 ustep: 1 
iter: 5  value: 587.2376 mgc: 7.571396e-08 ustep: 0.6827823 
iter: 6  value: 587.2376 mgc: 5.805685e-08 ustep: 0.05320432 
mgc: 8.310924e-08 
outer mgc:  6.717125 
[Sat Aug 14 12:03:53 2021]
Finished job 0.
1 of 1 steps (100%) done
