Building DAG of jobs...
Using shell: /usr/bin/bash
Provided cores: 80
Rules claiming more threads will be scaled down.
Job counts:
	count	jobs
	1	inference_simulation_TMB_multiple
	1
Select jobs to execute...

[Sun Aug 15 16:08:45 2021]
rule inference_simulation_TMB_multiple:
    input: ../data/assessing_models_simulation/datasets/multiple_GenerationCnorm_10_100_10_5_0.6_NA_NA_NA_dataset1.RDS
    output: ../data/assessing_models_simulation/inference_results/TMB/nlminb/multiple_GenerationCnorm_10_100_10_5_0.6_diagREDM_NA_NA_NA_dataset1.RDS
    log: logs/inference/nlminb/simulation_GenerationCnorm_10_100_10_5_0.6_ModeldiagREDM_NA_NA_NA_dataset1.log
    jobid: 0
    wildcards: optimiser=nlminb, datasetgeneration=GenerationCnorm, n=10, nlambda=100, lmbda=10, d=5, beta_intensity=0.6, model=diagREDM, fixed_beta_intercept=NA, fixed_beta_slope=NA, sdRE_input=NA, itnum=1

Rscript 2_inference_TMB/run_TMB.R --input ../data/assessing_models_simulation/datasets/multiple_GenerationCnorm_10_100_10_5_0.6_NA_NA_NA_dataset1.RDS --output ../data/assessing_models_simulation/inference_results/TMB/nlminb/multiple_GenerationCnorm_10_100_10_5_0.6_diagREDM_NA_NA_NA_dataset1.RDS --model diagREDM --optimiser nlminb
Model: diagREDM 
Feature type: signatures 
Using nlminb: TRUE 
Simulation boolean: TRUE 
make: Nothing to be done for 'all'.
../data/assessing_models_simulation/datasets/multiple_GenerationCnorm_10_100_10_5_0.6_NA_NA_NA_dataset1.RDS[1] "../data/assessing_models_simulation/datasets/multiple_GenerationCnorm_10_100_10_5_0.6_NA_NA_NA_dataset1.RDS"
Reading file ../data/assessing_models_simulation/datasets/multiple_GenerationCnorm_10_100_10_5_0.6_NA_NA_NA_dataset1.RDS 
Loading required package: nnet
# weights:  15 (8 variable)
initial  value 3008.039458 
iter  10 value 2606.837669
final  value 2605.470679 
converged
Constructing atomic invpd
Constructing atomic D_lgamma
Constructing atomic invpd
Constructing atomic D_lgamma
Constructing atomic matmul
Constructing atomic invpd
Constructing atomic D_lgamma
Constructing atomic matmul
Optimizing tape... Done
iter: 1  value: 2738.335 mgc: 83.96232 ustep: 1 
iter: 2  value: 2675.488 mgc: 37.79998 ustep: 1 
iter: 3  value: 2664.044 mgc: 24.29904 ustep: 1 
iter: 4  value: 2663.901 mgc: 2.222582 ustep: 1 
iter: 5  value: 2663.901 mgc: 0.07836163 ustep: 1 
iter: 6  value: 2663.901 mgc: 0.0001129755 ustep: 1 
iter: 7  mgc: 2.365214e-10 
iter: 1  mgc: 2.365214e-10 
Matching hessian patterns... Done
outer mgc:  116.4392 
iter: 1  value: 2550.5 mgc: 22.78658 ustep: 1 
iter: 2  value: 2549.923 mgc: 2.583578 ustep: 1 
iter: 3  value: 2549.923 mgc: 0.02422792 ustep: 1 
iter: 4  value: 2549.923 mgc: 9.022311e-06 ustep: 1 
iter: 5  mgc: 9.187984e-12 
iter: 1  mgc: 9.187984e-12 
outer mgc:  58.73281 
iter: 1  value: 2518.098 mgc: 17.92803 ustep: 1 
iter: 2  value: 2517.424 mgc: 2.123528 ustep: 1 
iter: 3  value: 2517.424 mgc: 0.07318707 ustep: 1 
iter: 4  value: 2517.424 mgc: 9.809247e-05 ustep: 1 
iter: 5  mgc: 2.652175e-10 
iter: 1  mgc: 2.652175e-10 
outer mgc:  42.8259 
iter: 1  value: 2531.856 mgc: 42.35996 ustep: 1 
iter: 2  value: 2527.577 mgc: 8.920837 ustep: 1 
iter: 3  value: 2527.571 mgc: 0.2063988 ustep: 1 
iter: 4  value: 2527.571 mgc: 0.0008418196 ustep: 1 
iter: 5  value: 2527.571 mgc: 2.049838e-08 ustep: 1 
mgc: 5.243805e-12 
iter: 1  value: 2507.696 mgc: 24.55578 ustep: 1 
iter: 2  value: 2507.467 mgc: 2.286852 ustep: 1 
iter: 3  value: 2507.467 mgc: 0.03312446 ustep: 1 
iter: 4  value: 2507.467 mgc: 1.892852e-05 ustep: 1 
iter: 5  mgc: 5.513645e-12 
iter: 1  mgc: 5.513645e-12 
outer mgc:  36.04373 
iter: 1  value: 2488.315 mgc: 7.696341 ustep: 1 
iter: 2  value: 2488.311 mgc: 0.2393667 ustep: 1 
iter: 3  value: 2488.311 mgc: 0.0003805981 ustep: 1 
iter: 4  mgc: 3.054184e-09 
iter: 1  mgc: 3.054184e-09 
outer mgc:  20.68687 
iter: 1  value: 2480.413 mgc: 26.679 ustep: 1 
iter: 2  value: 2480.173 mgc: 2.671005 ustep: 1 
iter: 3  value: 2480.173 mgc: 0.02032983 ustep: 1 
iter: 4  value: 2480.173 mgc: 4.90064e-06 ustep: 1 
iter: 5  mgc: 5.355785e-12 
iter: 1  mgc: 5.355785e-12 
outer mgc:  8.993318 
iter: 1  value: 2481.778 mgc: 27.34014 ustep: 1 
iter: 2  value: 2480.51 mgc: 4.861021 ustep: 1 
iter: 3  value: 2480.509 mgc: 0.09222853 ustep: 1 
iter: 4  value: 2480.509 mgc: 0.0001264714 ustep: 1 
iter: 5  mgc: 2.484912e-10 
iter: 1  value: 2478.058 mgc: 10.24999 ustep: 1 
iter: 2  value: 2478.043 mgc: 0.4510109 ustep: 1 
iter: 3  value: 2478.043 mgc: 0.001639322 ustep: 1 
iter: 4  value: 2478.043 mgc: 4.217909e-08 ustep: 1 
mgc: 4.509171e-12 
iter: 1  mgc: 4.509171e-12 
outer mgc:  4.964448 
iter: 1  value: 2476.039 mgc: 15.4115 ustep: 1 
iter: 2  value: 2476.003 mgc: 0.7970298 ustep: 1 
iter: 3  value: 2476.003 mgc: 0.004965008 ustep: 1 
iter: 4  value: 2476.003 mgc: 4.051283e-07 ustep: 1 
iter: 5  mgc: 5.359047e-12 
iter: 1  mgc: 5.359047e-12 
outer mgc:  3.295259 
iter: 1  value: 2474.623 mgc: 13.66348 ustep: 1 
iter: 2  value: 2474.576 mgc: 0.7961733 ustep: 1 
iter: 3  value: 2474.576 mgc: 0.007510423 ustep: 1 
iter: 4  value: 2474.576 mgc: 8.859908e-07 ustep: 1 
iter: 5  mgc: 2.617795e-12 
iter: 1  mgc: 2.617795e-12 
outer mgc:  5.238556 
iter: 1  value: 2472.621 mgc: 11.28436 ustep: 1 
iter: 2  value: 2472.606 mgc: 0.4479991 ustep: 1 
iter: 3  value: 2472.606 mgc: 0.001947718 ustep: 1 
iter: 4  value: 2472.606 mgc: 6.313581e-08 ustep: 1 
mgc: 3.629208e-12 
iter: 1  mgc: 3.629208e-12 
outer mgc:  5.353822 
iter: 1  value: 2471.579 mgc: 15.47841 ustep: 1 
iter: 2  value: 2471.553 mgc: 0.8547733 ustep: 1 
iter: 3  value: 2471.553 mgc: 0.003583113 ustep: 1 
iter: 4  value: 2471.553 mgc: 2.158547e-07 ustep: 1 
iter: 5  mgc: 3.956571e-12 
iter: 1  mgc: 3.956571e-12 
outer mgc:  11.07131 
iter: 1  value: 2469.595 mgc: 7.332275 ustep: 1 
iter: 2  value: 2469.593 mgc: 0.1679494 ustep: 1 
iter: 3  value: 2469.593 mgc: 0.0002253686 ustep: 1 
iter: 4  mgc: 3.24617e-10 
iter: 1  mgc: 3.24617e-10 
outer mgc:  2.223522 
iter: 1  value: 2469.847 mgc: 6.894245 ustep: 1 
iter: 2  value: 2469.796 mgc: 0.5924396 ustep: 1 
iter: 3  value: 2469.796 mgc: 0.006273684 ustep: 1 
iter: 4  value: 2469.796 mgc: 7.289761e-07 ustep: 1 
iter: 5  mgc: 2.115974e-12 
iter: 1  value: 2469.162 mgc: 2.987447 ustep: 1 
iter: 2  value: 2469.16 mgc: 0.094907 ustep: 1 
iter: 3  value: 2469.16 mgc: 0.0001639774 ustep: 1 
iter: 4  mgc: 5.140241e-10 
iter: 1  mgc: 5.140241e-10 
outer mgc:  2.347207 
iter: 1  value: 2468.745 mgc: 1.75437 ustep: 1 
iter: 2  value: 2468.744 mgc: 0.03311966 ustep: 1 
iter: 3  value: 2468.744 mgc: 1.059061e-05 ustep: 1 
iter: 4  mgc: 2.677969e-12 
iter: 1  mgc: 2.677969e-12 
outer mgc:  1.809093 
iter: 1  value: 2467.85 mgc: 4.165567 ustep: 1 
iter: 2  value: 2467.849 mgc: 0.06941488 ustep: 1 
iter: 3  value: 2467.849 mgc: 8.861696e-05 ustep: 1 
iter: 4  mgc: 1.703543e-10 
iter: 1  mgc: 1.703543e-10 
outer mgc:  4.436596 
iter: 1  value: 2466.811 mgc: 2.300809 ustep: 1 
iter: 2  value: 2466.811 mgc: 0.01677889 ustep: 1 
iter: 3  value: 2466.811 mgc: 1.26691e-06 ustep: 1 
iter: 4  mgc: 1.130929e-12 
iter: 1  value: 2463.604 mgc: 2.358977 ustep: 1 
iter: 2  value: 2463.604 mgc: 0.03887221 ustep: 1 
iter: 3  value: 2463.604 mgc: 1.618556e-05 ustep: 1 
iter: 4  mgc: 5.731526e-12 
iter: 1  value: 2430.153 mgc: 14.04515 ustep: 1 
iter: 2  value: 2429.978 mgc: 1.052093 ustep: 1 
iter: 3  value: 2429.977 mgc: 0.03318092 ustep: 1 
iter: 4  value: 2429.977 mgc: 0.0001010629 ustep: 1 
iter: 5  mgc: 9.487744e-10 
iter: 1  mgc: 9.487744e-10 
outer mgc:  16.68259 
iter: 1  value: 3207.781 mgc: 7617.134 ustep: 1 
iter: 2  value: 3207.736 mgc: 0.4861586 ustep: 1 
iter: 3  value: 3207.736 mgc: 0.001542106 ustep: 1 
iter: 4  value: 3207.736 mgc: 1.722554e-08 ustep: 1 
mgc: 2.220446e-15 
iter: 1  value: 2437.82 mgc: 14.89002 ustep: 1 
iter: 2  value: 2435.08 mgc: 2.488405 ustep: 1 
iter: 3  value: 2435.057 mgc: 0.2776672 ustep: 1 
iter: 4  value: 2435.057 mgc: 0.005820119 ustep: 1 
iter: 5  value: 2435.057 mgc: 2.723829e-06 ustep: 1 
iter: 6  mgc: 5.992984e-13 
iter: 1  mgc: 5.992984e-13 
outer mgc:  27.88947 
iter: 1  value: 2450.365 mgc: 26.20867 ustep: 1 
iter: 2  value: 2450.305 mgc: 0.3972899 ustep: 1 
iter: 3  value: 2450.305 mgc: 0.001669114 ustep: 1 
iter: 4  value: 2450.305 mgc: 5.59229e-08 ustep: 1 
iter: 5  mgc: 1.110223e-15 
iter: 1  value: 2415.883 mgc: 7.353892 ustep: 1 
iter: 2  value: 2415.815 mgc: 0.5316203 ustep: 1 
iter: 3  value: 2415.815 mgc: 0.004289546 ustep: 1 
iter: 4  value: 2415.815 mgc: 1.357924e-06 ustep: 1 
iter: 5  mgc: 1.368905e-13 
iter: 1  mgc: 1.368905e-13 
outer mgc:  12.98309 
iter: 1  value: 2403.451 mgc: 1.811013 ustep: 1 
iter: 2  value: 2403.436 mgc: 0.2103871 ustep: 1 
iter: 3  value: 2403.436 mgc: 0.002318075 ustep: 1 
iter: 4  value: 2403.436 mgc: 3.203498e-07 ustep: 1 
iter: 5  mgc: 7.993606e-15 
iter: 1  mgc: 7.993606e-15 
outer mgc:  3.152962 
iter: 1  value: 2400.237 mgc: 3.999122 ustep: 1 
iter: 2  value: 2400.235 mgc: 0.08005547 ustep: 1 
iter: 3  value: 2400.235 mgc: 0.0002545738 ustep: 1 
iter: 4  mgc: 2.563701e-09 
iter: 1  value: 2401.427 mgc: 2.442474 ustep: 1 
iter: 2  value: 2401.426 mgc: 0.03945158 ustep: 1 
iter: 3  value: 2401.426 mgc: 6.965057e-05 ustep: 1 
iter: 4  mgc: 2.936528e-10 
iter: 1  mgc: 2.936528e-10 
outer mgc:  6.761614 
iter: 1  value: 2401.098 mgc: 2.588152 ustep: 1 
iter: 2  value: 2401.087 mgc: 0.1308504 ustep: 1 
iter: 3  value: 2401.087 mgc: 0.00086133 ustep: 1 
iter: 4  value: 2401.087 mgc: 4.005926e-08 ustep: 1 
iter: 5  mgc: 5.107026e-15 
iter: 1  mgc: 5.107026e-15 
outer mgc:  3.454968 
iter: 1  value: 2398.533 mgc: 1.354174 ustep: 1 
iter: 2  value: 2398.525 mgc: 0.107184 ustep: 1 
iter: 3  value: 2398.525 mgc: 0.0005759273 ustep: 1 
iter: 4  value: 2398.525 mgc: 1.863399e-08 ustep: 1 
mgc: 5.551115e-15 
iter: 1  mgc: 5.551115e-15 
outer mgc:  2.562661 
iter: 1  value: 2400.606 mgc: 3.526723 ustep: 1 
iter: 2  value: 2400.603 mgc: 0.08162367 ustep: 1 
iter: 3  value: 2400.603 mgc: 0.0003534499 ustep: 1 
iter: 4  mgc: 6.878425e-09 
iter: 1  value: 2398.184 mgc: 0.7127863 ustep: 1 
iter: 2  value: 2398.184 mgc: 0.009560409 ustep: 1 
iter: 3  value: 2398.184 mgc: 5.136635e-06 ustep: 1 
iter: 4  mgc: 1.491862e-12 
iter: 1  mgc: 1.491862e-12 
outer mgc:  1.340126 
iter: 1  value: 2397.393 mgc: 0.8438308 ustep: 1 
iter: 2  value: 2397.393 mgc: 0.0141255 ustep: 1 
iter: 3  value: 2397.393 mgc: 9.0752e-06 ustep: 1 
iter: 4  mgc: 3.726963e-12 
iter: 1  mgc: 3.726963e-12 
outer mgc:  2.702379 
iter: 1  value: 2396.752 mgc: 0.6664842 ustep: 1 
iter: 2  value: 2396.752 mgc: 0.002869505 ustep: 1 
iter: 3  value: 2396.752 mgc: 2.984915e-07 ustep: 1 
iter: 4  mgc: 6.27276e-15 
iter: 1  mgc: 6.27276e-15 
outer mgc:  1.014424 
iter: 1  value: 2394.924 mgc: 0.5718442 ustep: 1 
iter: 2  value: 2394.924 mgc: 0.004586204 ustep: 1 
iter: 3  value: 2394.924 mgc: 1.049576e-06 ustep: 1 
iter: 4  mgc: 5.706546e-14 
iter: 1  value: 2393.186 mgc: 0.5117894 ustep: 1 
iter: 2  value: 2393.186 mgc: 0.006982239 ustep: 1 
iter: 3  value: 2393.186 mgc: 1.441683e-06 ustep: 1 
iter: 4  mgc: 6.261658e-14 
iter: 1  mgc: 6.261658e-14 
outer mgc:  1.401108 
iter: 1  value: 2390.304 mgc: 1.154302 ustep: 1 
iter: 2  value: 2390.304 mgc: 0.03127577 ustep: 1 
iter: 3  value: 2390.304 mgc: 2.86048e-05 ustep: 1 
iter: 4  mgc: 2.401168e-11 
iter: 1  mgc: 2.401168e-11 
outer mgc:  2.761245 
iter: 1  value: 2388.076 mgc: 1.469584 ustep: 1 
iter: 2  value: 2388.076 mgc: 0.03693934 ustep: 1 
iter: 3  value: 2388.076 mgc: 2.313547e-05 ustep: 1 
iter: 4  mgc: 9.007461e-12 
iter: 1  mgc: 9.007461e-12 
outer mgc:  1.9549 
iter: 1  value: 2384.216 mgc: 1.409289 ustep: 1 
iter: 2  value: 2384.216 mgc: 0.009710381 ustep: 1 
iter: 3  value: 2384.216 mgc: 1.583869e-06 ustep: 1 
iter: 4  mgc: 5.728751e-14 
iter: 1  mgc: 5.728751e-14 
outer mgc:  0.9889109 
iter: 1  value: 2380.805 mgc: 1.086537 ustep: 1 
iter: 2  value: 2380.805 mgc: 0.008402803 ustep: 1 
iter: 3  value: 2380.805 mgc: 1.58323e-06 ustep: 1 
iter: 4  mgc: 5.617729e-14 
iter: 1  mgc: 5.617729e-14 
outer mgc:  1.260314 
iter: 1  value: 2377.257 mgc: 1.046924 ustep: 1 
iter: 2  value: 2377.257 mgc: 0.009512842 ustep: 1 
iter: 3  value: 2377.257 mgc: 9.397826e-07 ustep: 1 
iter: 4  mgc: 7.993606e-15 
iter: 1  value: 2379.079 mgc: 0.5710516 ustep: 1 
iter: 2  value: 2379.079 mgc: 0.003549405 ustep: 1 
iter: 3  value: 2379.079 mgc: 1.448603e-07 ustep: 1 
iter: 4  mgc: 3.552714e-15 
iter: 1  mgc: 3.552714e-15 
outer mgc:  1.378729 
iter: 1  value: 2377.738 mgc: 0.8511172 ustep: 1 
iter: 2  value: 2377.738 mgc: 0.002262681 ustep: 1 
iter: 3  value: 2377.738 mgc: 6.857009e-08 ustep: 1 
mgc: 5.77316e-15 
iter: 1  mgc: 5.77316e-15 
outer mgc:  2.040323 
iter: 1  value: 2377.011 mgc: 0.2672795 ustep: 1 
iter: 2  value: 2377.011 mgc: 0.0002592724 ustep: 1 
iter: 3  mgc: 1.002964e-09 
iter: 1  mgc: 1.002964e-09 
outer mgc:  0.4737268 
iter: 1  value: 2376.004 mgc: 0.2757318 ustep: 1 
iter: 2  value: 2376.004 mgc: 0.0002120482 ustep: 1 
iter: 3  mgc: 4.312573e-10 
iter: 1  mgc: 4.312573e-10 
outer mgc:  0.3574742 
iter: 1  value: 2374.981 mgc: 0.3170213 ustep: 1 
iter: 2  value: 2374.981 mgc: 6.376254e-05 ustep: 1 
iter: 3  mgc: 6.966872e-11 
iter: 1  value: 2371.908 mgc: 0.9892593 ustep: 1 
iter: 2  value: 2371.908 mgc: 0.0005266011 ustep: 1 
iter: 3  mgc: 4.253331e-09 
iter: 1  mgc: 4.253331e-09 
outer mgc:  0.3784135 
iter: 1  value: 2367.897 mgc: 1.474194 ustep: 1 
iter: 2  value: 2367.897 mgc: 0.0007130787 ustep: 1 
iter: 3  mgc: 6.812687e-09 
iter: 1  mgc: 6.812687e-09 
outer mgc:  0.5005614 
iter: 1  value: 2364.003 mgc: 1.402793 ustep: 1 
iter: 2  value: 2364.003 mgc: 0.0003218758 ustep: 1 
iter: 3  mgc: 1.2956e-09 
iter: 1  mgc: 1.2956e-09 
outer mgc:  0.1882495 
iter: 1  value: 2360.344 mgc: 1.445088 ustep: 1 
iter: 2  value: 2360.344 mgc: 0.0001113829 ustep: 1 
iter: 3  mgc: 4.787681e-11 
iter: 1  mgc: 4.787681e-11 
outer mgc:  0.1329206 
iter: 1  value: 2352.785 mgc: 3.905228 ustep: 1 
iter: 2  value: 2352.785 mgc: 0.0008267766 ustep: 1 
iter: 3  mgc: 6.132503e-09 
iter: 1  mgc: 6.132503e-09 
outer mgc:  0.05110134 
iter: 1  value: 2346.633 mgc: 3.013922 ustep: 1 
iter: 2  value: 2346.633 mgc: 0.0008627344 ustep: 1 
iter: 3  value: 2346.633 mgc: 1.105504e-08 ustep: 1 
mgc: 6.203371e-15 
iter: 1  mgc: 6.203371e-15 
outer mgc:  0.03496815 
iter: 1  value: 2340.855 mgc: 2.697505 ustep: 1 
iter: 2  value: 2340.855 mgc: 0.0005484476 ustep: 1 
iter: 3  mgc: 5.129575e-09 
iter: 1  mgc: 5.129575e-09 
outer mgc:  0.03062156 
iter: 1  value: 2336.384 mgc: 1.870878 ustep: 1 
iter: 2  value: 2336.384 mgc: 0.0001180855 ustep: 1 
iter: 3  mgc: 2.574008e-10 
iter: 1  mgc: 2.574008e-10 
outer mgc:  0.03150158 
iter: 1  value: 2331.766 mgc: 1.899547 ustep: 1 
iter: 2  value: 2331.766 mgc: 6.447744e-05 ustep: 1 
iter: 3  mgc: 3.887735e-11 
iter: 1  mgc: 3.887735e-11 
outer mgc:  0.02143024 
iter: 1  value: 2325.166 mgc: 2.965344 ustep: 1 
iter: 2  value: 2325.166 mgc: 5.053752e-05 ustep: 1 
iter: 3  mgc: 2.331246e-11 
iter: 1  mgc: 2.331246e-11 
outer mgc:  0.01416801 
iter: 1  value: 2319.088 mgc: 2.681478 ustep: 1 
iter: 2  value: 2319.088 mgc: 4.621274e-05 ustep: 1 
iter: 3  mgc: 3.815259e-11 
iter: 1  mgc: 3.815259e-11 
outer mgc:  0.0147269 
iter: 1  value: 2313.073 mgc: 2.672647 ustep: 1 
iter: 2  value: 2313.073 mgc: 2.040935e-05 ustep: 1 
iter: 3  mgc: 7.26974e-12 
iter: 1  mgc: 7.26974e-12 
outer mgc:  0.0153519 
iter: 1  value: 2307.099 mgc: 2.668026 ustep: 1 
iter: 2  value: 2307.099 mgc: 1.353736e-05 ustep: 1 
iter: 3  mgc: 1.675993e-12 
iter: 1  mgc: 1.675993e-12 
outer mgc:  0.009368479 
iter: 1  value: 2301.321 mgc: 2.560456 ustep: 1 
iter: 2  value: 2301.321 mgc: 6.005255e-06 ustep: 1 
iter: 3  mgc: 3.38396e-13 
iter: 1  mgc: 3.38396e-13 
outer mgc:  0.003297041 
iter: 1  value: 2295.535 mgc: 2.562077 ustep: 1 
iter: 2  value: 2295.535 mgc: 1.148824e-06 ustep: 1 
iter: 3  mgc: 2.264855e-14 
iter: 1  mgc: 2.264855e-14 
outer mgc:  0.003127213 
iter: 1  value: 2289.737 mgc: 2.563615 ustep: 1 
iter: 2  value: 2289.737 mgc: 1.166464e-06 ustep: 1 
iter: 3  mgc: 2.442491e-14 
iter: 1  mgc: 2.442491e-14 
outer mgc:  0.004543398 
iter: 1  value: 2283.93 mgc: 2.564922 ustep: 1 
iter: 2  value: 2283.93 mgc: 1.176913e-06 ustep: 1 
iter: 3  mgc: 1.199041e-14 
iter: 1  mgc: 1.199041e-14 
outer mgc:  0.00416981 
iter: 1  value: 2278.12 mgc: 2.565125 ustep: 1 
iter: 2  value: 2278.12 mgc: 5.797927e-07 ustep: 1 
iter: 3  mgc: 5.107026e-15 
iter: 1  mgc: 5.107026e-15 
outer mgc:  0.002472032 
iter: 1  value: 2272.312 mgc: 2.56492 ustep: 1 
iter: 2  value: 2272.312 mgc: 7.851424e-08 ustep: 1 
mgc: 3.552714e-15 
iter: 1  mgc: 3.552714e-15 
outer mgc:  0.0009041383 
iter: 1  value: 2266.507 mgc: 2.564501 ustep: 1 
iter: 2  value: 2266.507 mgc: 3.497262e-08 ustep: 1 
mgc: 6.328271e-15 
iter: 1  mgc: 6.328271e-15 
outer mgc:  0.0007140684 
iter: 1  value: 2259.191 mgc: 3.485591 ustep: 1 
iter: 2  value: 2259.191 mgc: 1.16097e-07 ustep: 1 
iter: 3  mgc: 5.551115e-15 
iter: 1  mgc: 5.551115e-15 
outer mgc:  0.001033182 
iter: 1  value: 2253.088 mgc: 2.737604 ustep: 1 
iter: 2  value: 2253.088 mgc: 6.213424e-08 ustep: 1 
mgc: 5.676015e-15 
iter: 1  mgc: 5.676015e-15 
outer mgc:  0.0009425964 
iter: 1  value: 2246.984 mgc: 2.737798 ustep: 1 
iter: 2  value: 2246.984 mgc: 1.156116e-08 ustep: 1 
mgc: 8.437695e-15 
iter: 1  mgc: 8.437695e-15 
outer mgc:  0.0005470531 
iter: 1  value: 2240.879 mgc: 2.737974 ustep: 1 
iter: 2  mgc: 1.076234e-09 
iter: 1  mgc: 1.076234e-09 
outer mgc:  0.0002418753 
iter: 1  value: 2233.146 mgc: 3.762353 ustep: 1 
iter: 2  mgc: 9.443225e-09 
iter: 1  mgc: 9.443225e-09 
outer mgc:  0.0001753798 
iter: 1  value: 2226.931 mgc: 2.802012 ustep: 1 
iter: 2  mgc: 5.983119e-09 
iter: 1  mgc: 5.983119e-09 
outer mgc:  0.0002369029 
iter: 1  mgc: 5.983119e-09 
iter: 1  mgc: 5.983119e-09 
outer mgc:  0.0002369029 
iter: 1  value: 2226.933 mgc: 0.006629439 ustep: 1 
iter: 2  value: 2226.933 mgc: 5.807786e-08 ustep: 1 
iter: 3  mgc: 5.551115e-15 
outer mgc:  0.05555705 
iter: 1  value: 2226.93 mgc: 0.006627632 ustep: 1 
iter: 2  value: 2226.93 mgc: 5.803161e-08 ustep: 1 
iter: 3  mgc: 5.77316e-15 
outer mgc:  0.05587694 
iter: 1  value: 2226.932 mgc: 0.003847849 ustep: 1 
iter: 2  value: 2226.932 mgc: 4.920962e-08 ustep: 1 
mgc: 3.469447e-15 
outer mgc:  0.03376357 
iter: 1  value: 2226.931 mgc: 0.003848062 ustep: 1 
iter: 2  value: 2226.931 mgc: 4.91697e-08 ustep: 1 
mgc: 3.441691e-15 
outer mgc:  0.03328739 
iter: 1  value: 2226.93 mgc: 0.004116512 ustep: 1 
iter: 2  value: 2226.93 mgc: 1.958835e-07 ustep: 1 
iter: 3  mgc: 4.884981e-15 
outer mgc:  0.02392447 
iter: 1  value: 2226.932 mgc: 0.004113752 ustep: 1 
iter: 2  value: 2226.932 mgc: 1.956726e-07 ustep: 1 
iter: 3  mgc: 3.996803e-15 
outer mgc:  0.02389548 
iter: 1  value: 2226.931 mgc: 0.00332359 ustep: 1 
iter: 2  value: 2226.931 mgc: 1.147248e-07 ustep: 1 
iter: 3  mgc: 3.552714e-15 
outer mgc:  0.01889296 
iter: 1  value: 2226.932 mgc: 0.003321452 ustep: 1 
iter: 2  value: 2226.932 mgc: 1.147197e-07 ustep: 1 
iter: 3  mgc: 2.88658e-15 
outer mgc:  0.01870699 
iter: 1  value: 2226.932 mgc: 0.003960073 ustep: 1 
iter: 2  mgc: 5.039364e-09 
outer mgc:  0.02513717 
iter: 1  value: 2226.931 mgc: 0.003956905 ustep: 1 
iter: 2  mgc: 5.030232e-09 
outer mgc:  0.02521759 
iter: 1  value: 2226.931 mgc: 0.002072848 ustep: 1 
iter: 2  mgc: 3.312824e-09 
outer mgc:  0.01311877 
iter: 1  value: 2226.931 mgc: 0.002071327 ustep: 1 
iter: 2  mgc: 3.307511e-09 
outer mgc:  0.0130232 
iter: 1  value: 2226.93 mgc: 0.003787944 ustep: 1 
iter: 2  value: 2226.93 mgc: 1.668519e-07 ustep: 1 
iter: 3  mgc: 6.286638e-15 
outer mgc:  0.02114126 
iter: 1  value: 2226.932 mgc: 0.003784755 ustep: 1 
iter: 2  value: 2226.932 mgc: 1.66635e-07 ustep: 1 
iter: 3  mgc: 5.329071e-15 
outer mgc:  0.02103275 
iter: 1  value: 2226.931 mgc: 0.002161407 ustep: 1 
iter: 2  value: 2226.931 mgc: 6.659187e-08 ustep: 1 
iter: 3  mgc: 2.331468e-15 
outer mgc:  0.01203257 
iter: 1  value: 2226.932 mgc: 0.002159647 ustep: 1 
iter: 2  value: 2226.932 mgc: 6.650554e-08 ustep: 1 
iter: 3  mgc: 5.551115e-15 
outer mgc:  0.01223643 
iter: 1  value: 2226.936 mgc: 0.003696402 ustep: 1 
mgc: 6.619705e-15 
outer mgc:  0.0002369029 
iter: 1  value: 2226.926 mgc: 0.003700101 ustep: 1 
mgc: 4.440892e-15 
outer mgc:  0.0002369029 
iter: 1  value: 2226.935 mgc: 0.003574606 ustep: 1 
iter: 2  value: 2226.935 mgc: 1.14097e-07 ustep: 1 
iter: 3  mgc: 3.330669e-15 
outer mgc:  0.0007328924 
iter: 1  value: 2226.928 mgc: 0.003578171 ustep: 1 
iter: 2  value: 2226.928 mgc: 1.140211e-07 ustep: 1 
iter: 3  mgc: 4.440892e-15 
outer mgc:  0.000814179 
iter: 1  value: 2226.936 mgc: 0.002490146 ustep: 1 
mgc: 6.14786e-15 
outer mgc:  0.0002369029 
iter: 1  value: 2226.926 mgc: 0.002492638 ustep: 1 
mgc: 3.996803e-15 
outer mgc:  0.0002369029 
iter: 1  value: 2226.935 mgc: 0.002754857 ustep: 1 
iter: 2  value: 2226.935 mgc: 7.722958e-08 ustep: 1 
iter: 3  mgc: 3.996803e-15 
outer mgc:  0.0005729185 
iter: 1  value: 2226.928 mgc: 0.002757614 ustep: 1 
iter: 2  value: 2226.928 mgc: 7.713602e-08 ustep: 1 
iter: 3  mgc: 4.218847e-15 
outer mgc:  0.0004743368 
iter: 1  value: 2226.931 mgc: 0.002627656 ustep: 1 
iter: 2  value: 2226.931 mgc: 2.348513e-08 ustep: 1 
mgc: 3.247402e-15 
outer mgc:  0.01600319 
iter: 1  value: 2226.932 mgc: 0.002625812 ustep: 1 
iter: 2  value: 2226.932 mgc: 2.343654e-08 ustep: 1 
mgc: 3.441691e-15 
outer mgc:  0.01611306 
iter: 1  value: 2226.93 mgc: 0.002127529 ustep: 1 
iter: 2  value: 2226.93 mgc: 3.891931e-08 ustep: 1 
mgc: 4.440892e-15 
outer mgc:  0.01281253 
iter: 1  value: 2226.932 mgc: 0.0021259 ustep: 1 
iter: 2  value: 2226.932 mgc: 3.882289e-08 ustep: 1 
mgc: 4.440892e-15 
outer mgc:  0.01273224 
Warning message:
package ‘nnet’ was built under R version 3.6.3 
[Sun Aug 15 16:08:48 2021]
Finished job 0.
1 of 1 steps (100%) done
