Building DAG of jobs...
Using shell: /usr/bin/bash
Provided cores: 40
Rules claiming more threads will be scaled down.
Job counts:
	count	jobs
	1	inference_simulation_TMB_multiple
	1
Select jobs to execute...

[Sun Aug 15 14:38:28 2021]
rule inference_simulation_TMB_multiple:
    input: ../data/assessing_models_simulation/datasets/multiple_GenerationCnorm_50_100_10_3_0.6_NA_NA_NA_dataset1.RDS
    output: ../data/assessing_models_simulation/inference_results/TMB/nlminb/multiple_GenerationCnorm_50_100_10_3_0.6_fullREDMsinglelambda_NA_NA_NA_dataset1.RDS
    log: logs/inference/nlminb/simulation_GenerationCnorm_50_100_10_3_0.6_ModelfullREDMsinglelambda_NA_NA_NA_dataset1.log
    jobid: 0
    wildcards: optimiser=nlminb, datasetgeneration=GenerationCnorm, n=50, nlambda=100, lmbda=10, d=3, beta_intensity=0.6, model=fullREDMsinglelambda, fixed_beta_intercept=NA, fixed_beta_slope=NA, sdRE_input=NA, itnum=1

Rscript 2_inference_TMB/run_TMB.R --input ../data/assessing_models_simulation/datasets/multiple_GenerationCnorm_50_100_10_3_0.6_NA_NA_NA_dataset1.RDS --output ../data/assessing_models_simulation/inference_results/TMB/nlminb/multiple_GenerationCnorm_50_100_10_3_0.6_fullREDMsinglelambda_NA_NA_NA_dataset1.RDS --model fullREDMsinglelambda --optimiser nlminb
Model: fullREDMsinglelambda 
Feature type: signatures 
Using nlminb: TRUE 
Simulation boolean: TRUE 
make: Nothing to be done for 'all'.
../data/assessing_models_simulation/datasets/multiple_GenerationCnorm_50_100_10_3_0.6_NA_NA_NA_dataset1.RDS[1] "../data/assessing_models_simulation/datasets/multiple_GenerationCnorm_50_100_10_3_0.6_NA_NA_NA_dataset1.RDS"
Reading file ../data/assessing_models_simulation/datasets/multiple_GenerationCnorm_50_100_10_3_0.6_NA_NA_NA_dataset1.RDS 
Loading required package: nnet
# weights:  9 (4 variable)
initial  value 11095.984116 
final  value 10391.818228 
converged
Order of parameters:
[1] "beta"       "u_large"    "logs_sd_RE" "cov_par_RE" "log_lambda"
Not matching template order:
[1] "beta"       "logs_sd_RE" "cov_par_RE" "log_lambda" "u_large"   
Your parameter list has been re-ordered.
(Disable this warning with checkParameterOrder=FALSE)
Constructing atomic invpd
Constructing atomic D_lgamma
Constructing atomic invpd
Constructing atomic D_lgamma
Constructing atomic matmul
Constructing atomic invpd
Constructing atomic D_lgamma
Constructing atomic matmul
Optimizing tape... Done
iter: 1  value: 9302.766 mgc: 7.457754 ustep: 0.4367355 
iter: 2  value: 9278.412 mgc: 2.971884 ustep: 0.6608936 
iter: 3  value: 9277.078 mgc: 0.391597 ustep: 0.8129723 
iter: 4  value: 9277.043 mgc: 0.07868994 ustep: 0.9016596 
iter: 5  value: 9277.043 mgc: 0.008008309 ustep: 0.9495626 
iter: 6  value: 9277.043 mgc: 0.0004032073 ustep: 0.9744576 
iter: 7  value: 9277.043 mgc: 1.107747e-05 ustep: 0.9871475 
iter: 8  value: 9277.043 mgc: 1.699672e-07 ustep: 0.9935536 
iter: 9  mgc: 1.306536e-09 
iter: 1  mgc: 1.306536e-09 
Matching hessian patterns... Done
outer mgc:  46.75169 
iter: 1  value: 9187.509 mgc: 1.89436 ustep: 1 
iter: 2  value: 9187.371 mgc: 0.2088939 ustep: 1 
iter: 3  value: 9187.371 mgc: 0.005567295 ustep: 1 
iter: 4  value: 9187.371 mgc: 4.096803e-06 ustep: 1 
iter: 5  mgc: 2.375322e-12 
iter: 1  value: 9246.78 mgc: 29.22531 ustep: 1 
iter: 2  value: 9241.698 mgc: 3.733712 ustep: 1 
iter: 3  value: 9241.688 mgc: 0.2904017 ustep: 1 
iter: 4  value: 9241.688 mgc: 0.002888914 ustep: 1 
iter: 5  value: 9241.688 mgc: 3.331909e-07 ustep: 1 
iter: 6  mgc: 1.065814e-14 
iter: 1  mgc: 2.375322e-12 
outer mgc:  36.81619 
iter: 1  value: 9126.304 mgc: 4.481068 ustep: 1 
iter: 2  value: 9125.797 mgc: 0.6052147 ustep: 1 
iter: 3  value: 9125.797 mgc: 0.02122456 ustep: 1 
iter: 4  value: 9125.797 mgc: 2.636506e-05 ustep: 1 
iter: 5  mgc: 4.879702e-11 
iter: 1  mgc: 4.879702e-11 
outer mgc:  24.74381 
iter: 1  value: 9104.453 mgc: 8.656566 ustep: 1 
iter: 2  value: 9104.087 mgc: 1.430912 ustep: 1 
iter: 3  value: 9104.087 mgc: 0.03792692 ustep: 1 
iter: 4  value: 9104.087 mgc: 3.201738e-05 ustep: 1 
iter: 5  mgc: 2.56275e-11 
iter: 1  value: 9104.097 mgc: 2.366217 ustep: 1 
iter: 2  value: 9104.084 mgc: 0.2497262 ustep: 1 
iter: 3  value: 9104.084 mgc: 0.00303575 ustep: 1 
iter: 4  value: 9104.084 mgc: 4.742299e-07 ustep: 1 
iter: 5  mgc: 1.065814e-14 
iter: 1  mgc: 1.065814e-14 
outer mgc:  25.25801 
iter: 1  value: 9095.459 mgc: 2.509857 ustep: 1 
iter: 2  value: 9095.437 mgc: 0.1354024 ustep: 1 
iter: 3  value: 9095.437 mgc: 0.0008110026 ustep: 1 
iter: 4  value: 9095.437 mgc: 1.341872e-08 ustep: 1 
mgc: 3.996803e-15 
iter: 1  mgc: 3.996803e-15 
outer mgc:  41.26011 
iter: 1  value: 9078.715 mgc: 2.38509 ustep: 1 
iter: 2  value: 9078.705 mgc: 0.07258991 ustep: 1 
iter: 3  value: 9078.705 mgc: 0.0001876354 ustep: 1 
iter: 4  mgc: 2.457724e-09 
iter: 1  mgc: 2.457724e-09 
outer mgc:  17.44808 
iter: 1  value: 9070.694 mgc: 3.039933 ustep: 1 
iter: 2  value: 9070.68 mgc: 0.1641271 ustep: 1 
iter: 3  value: 9070.68 mgc: 0.0005611189 ustep: 1 
iter: 4  value: 9070.68 mgc: 1.032524e-08 ustep: 1 
mgc: 5.939693e-15 
iter: 1  mgc: 5.939693e-15 
outer mgc:  26.12134 
iter: 1  value: 9059.317 mgc: 5.491007 ustep: 1 
iter: 2  value: 9059.302 mgc: 0.2116697 ustep: 1 
iter: 3  value: 9059.302 mgc: 0.0005745984 ustep: 1 
iter: 4  value: 9059.302 mgc: 1.683323e-08 ustep: 1 
mgc: 4.163336e-15 
iter: 1  mgc: 4.163336e-15 
outer mgc:  11.65474 
iter: 1  value: 9053.242 mgc: 9.327904 ustep: 1 
iter: 2  value: 9053.2 mgc: 0.5000819 ustep: 1 
iter: 3  value: 9053.2 mgc: 0.003540275 ustep: 1 
iter: 4  value: 9053.2 mgc: 2.569481e-07 ustep: 1 
iter: 5  mgc: 4.440892e-15 
iter: 1  value: 9055.897 mgc: 3.911645 ustep: 1 
iter: 2  value: 9055.892 mgc: 0.1373317 ustep: 1 
iter: 3  value: 9055.892 mgc: 0.0004888196 ustep: 1 
iter: 4  mgc: 7.51088e-09 
iter: 1  mgc: 7.51088e-09 
outer mgc:  2.6395 
iter: 1  value: 9053.36 mgc: 1.283558 ustep: 1 
iter: 2  value: 9053.36 mgc: 0.03720988 ustep: 1 
iter: 3  value: 9053.36 mgc: 4.654221e-06 ustep: 1 
iter: 4  mgc: 9.729995e-13 
iter: 1  mgc: 9.729995e-13 
outer mgc:  2.761117 
iter: 1  value: 9052.262 mgc: 1.796755 ustep: 1 
iter: 2  value: 9052.262 mgc: 0.02226502 ustep: 1 
iter: 3  value: 9052.262 mgc: 1.14296e-05 ustep: 1 
iter: 4  mgc: 4.33148e-12 
iter: 1  mgc: 4.33148e-12 
outer mgc:  2.348167 
iter: 1  value: 9048.131 mgc: 1.83214 ustep: 1 
iter: 2  value: 9048.131 mgc: 0.02154492 ustep: 1 
iter: 3  value: 9048.131 mgc: 4.525394e-06 ustep: 1 
iter: 4  mgc: 7.865791e-13 
iter: 1  mgc: 7.865791e-13 
outer mgc:  7.38997 
iter: 1  value: 9044.927 mgc: 1.487435 ustep: 1 
iter: 2  value: 9044.927 mgc: 0.00408036 ustep: 1 
iter: 3  value: 9044.927 mgc: 2.038848e-07 ustep: 1 
iter: 4  mgc: 8.104628e-15 
iter: 1  value: 9047.15 mgc: 0.6162079 ustep: 1 
iter: 2  value: 9047.15 mgc: 0.001392836 ustep: 1 
iter: 3  value: 9047.15 mgc: 4.491157e-08 ustep: 1 
iter: 4  mgc: 7.105427e-15 
iter: 1  mgc: 7.105427e-15 
outer mgc:  7.787632 
iter: 1  value: 9046.445 mgc: 0.2775332 ustep: 1 
iter: 2  value: 9046.445 mgc: 0.0004598515 ustep: 1 
iter: 3  mgc: 5.457847e-09 
iter: 1  mgc: 5.457847e-09 
outer mgc:  1.613649 
iter: 1  value: 9045.286 mgc: 0.9161886 ustep: 1 
iter: 2  value: 9045.286 mgc: 0.004950476 ustep: 1 
iter: 3  value: 9045.286 mgc: 4.509859e-07 ustep: 1 
iter: 4  mgc: 1.038405e-14 
iter: 1  mgc: 1.038405e-14 
outer mgc:  3.064692 
iter: 1  value: 9045.109 mgc: 0.5042751 ustep: 1 
iter: 2  value: 9045.109 mgc: 0.0006982699 ustep: 1 
iter: 3  value: 9045.109 mgc: 1.442877e-08 ustep: 1 
mgc: 9.769963e-15 
iter: 1  mgc: 9.769963e-15 
outer mgc:  1.742982 
iter: 1  value: 9044.884 mgc: 0.1754103 ustep: 1 
iter: 2  value: 9044.884 mgc: 0.0001070386 ustep: 1 
iter: 3  mgc: 3.038698e-10 
iter: 1  mgc: 3.038698e-10 
outer mgc:  1.215431 
iter: 1  value: 9043.674 mgc: 0.2794071 ustep: 1 
iter: 2  value: 9043.674 mgc: 0.0002360199 ustep: 1 
iter: 3  mgc: 1.018191e-09 
iter: 1  value: 9041.174 mgc: 0.6569357 ustep: 1 
iter: 2  value: 9041.174 mgc: 0.001084814 ustep: 1 
iter: 3  value: 9041.174 mgc: 2.202397e-08 ustep: 1 
mgc: 7.105427e-15 
iter: 1  mgc: 7.105427e-15 
outer mgc:  3.434177 
iter: 1  value: 9036.978 mgc: 0.9040166 ustep: 1 
iter: 2  value: 9036.978 mgc: 0.001026179 ustep: 1 
iter: 3  value: 9036.978 mgc: 4.101109e-08 ustep: 1 
mgc: 8.437695e-15 
iter: 1  mgc: 8.437695e-15 
outer mgc:  3.396578 
iter: 1  value: 9033.655 mgc: 0.8923142 ustep: 1 
iter: 2  value: 9033.655 mgc: 0.001405197 ustep: 1 
iter: 3  value: 9033.655 mgc: 4.063356e-08 ustep: 1 
iter: 4  mgc: 9.256484e-15 
iter: 1  mgc: 9.256484e-15 
outer mgc:  1.608099 
iter: 1  value: 9032.761 mgc: 2.853665 ustep: 1 
iter: 2  value: 9032.761 mgc: 0.006053206 ustep: 1 
iter: 3  value: 9032.761 mgc: 1.179813e-06 ustep: 1 
iter: 4  mgc: 1.16851e-13 
iter: 1  mgc: 1.16851e-13 
outer mgc:  3.723747 
iter: 1  value: 9030.437 mgc: 1.27252 ustep: 1 
iter: 2  value: 9030.437 mgc: 0.001255091 ustep: 1 
iter: 3  value: 9030.437 mgc: 3.247703e-08 ustep: 1 
iter: 4  mgc: 1.310063e-14 
iter: 1  mgc: 1.310063e-14 
outer mgc:  1.736738 
iter: 1  value: 9027.808 mgc: 0.4710864 ustep: 1 
iter: 2  value: 9027.808 mgc: 0.0006883777 ustep: 1 
iter: 3  value: 9027.808 mgc: 1.098968e-08 ustep: 1 
mgc: 7.868706e-15 
iter: 1  mgc: 7.868706e-15 
outer mgc:  0.8437701 
iter: 1  value: 9026.433 mgc: 1.153916 ustep: 1 
iter: 2  value: 9026.433 mgc: 0.001936984 ustep: 1 
iter: 3  value: 9026.433 mgc: 7.907214e-08 ustep: 1 
iter: 4  mgc: 9.048318e-15 
iter: 1  mgc: 9.048318e-15 
outer mgc:  1.245509 
iter: 1  value: 9024.909 mgc: 0.3428743 ustep: 1 
iter: 2  value: 9024.909 mgc: 5.886814e-05 ustep: 1 
iter: 3  mgc: 7.431389e-11 
iter: 1  value: 9020.632 mgc: 0.9452789 ustep: 1 
iter: 2  value: 9020.632 mgc: 0.0003607448 ustep: 1 
iter: 3  mgc: 2.589529e-09 
iter: 1  mgc: 2.589529e-09 
outer mgc:  0.8284516 
iter: 1  value: 9008.914 mgc: 2.471398 ustep: 1 
iter: 2  value: 9008.914 mgc: 0.0009635551 ustep: 1 
iter: 3  value: 9008.914 mgc: 2.282073e-08 ustep: 1 
mgc: 1.927625e-14 
iter: 1  mgc: 1.927625e-14 
outer mgc:  1.956445 
iter: 1  value: 9002.177 mgc: 2.109747 ustep: 1 
iter: 2  value: 9002.177 mgc: 0.000755517 ustep: 1 
iter: 3  value: 9002.177 mgc: 1.118405e-08 ustep: 1 
mgc: 2.531308e-14 
iter: 1  mgc: 2.531308e-14 
outer mgc:  0.535873 
iter: 1  value: 8995.488 mgc: 1.146716 ustep: 1 
iter: 2  value: 8995.488 mgc: 0.0001669671 ustep: 1 
iter: 3  mgc: 3.579443e-10 
iter: 1  mgc: 3.579443e-10 
outer mgc:  0.2981355 
iter: 1  value: 8989.748 mgc: 1.031472 ustep: 1 
iter: 2  value: 8989.748 mgc: 3.372661e-05 ustep: 1 
iter: 3  mgc: 2.715694e-11 
iter: 1  mgc: 2.715694e-11 
outer mgc:  0.3343683 
iter: 1  value: 8977.604 mgc: 3.347533 ustep: 1 
iter: 2  value: 8977.604 mgc: 0.0006115823 ustep: 1 
iter: 3  mgc: 8.249057e-09 
iter: 1  mgc: 8.249057e-09 
outer mgc:  0.8618396 
iter: 1  value: 8966.799 mgc: 3.432325 ustep: 1 
iter: 2  value: 8966.799 mgc: 0.0007246572 ustep: 1 
iter: 3  value: 8966.799 mgc: 1.877805e-08 ustep: 1 
mgc: 9.514611e-14 
iter: 1  mgc: 9.514611e-14 
outer mgc:  0.2102289 
iter: 1  value: 8961.346 mgc: 1.515345 ustep: 1 
iter: 2  value: 8961.346 mgc: 1.920165e-05 ustep: 1 
iter: 3  mgc: 4.977352e-12 
iter: 1  mgc: 4.977352e-12 
outer mgc:  0.1513999 
iter: 1  value: 8950.067 mgc: 2.860223 ustep: 1 
iter: 2  value: 8950.067 mgc: 3.925524e-05 ustep: 1 
iter: 3  mgc: 1.988143e-11 
iter: 1  mgc: 1.988143e-11 
outer mgc:  0.037133 
iter: 1  value: 8941.061 mgc: 2.149664 ustep: 1 
iter: 2  value: 8941.061 mgc: 4.714219e-06 ustep: 1 
iter: 3  mgc: 4.906076e-13 
iter: 1  mgc: 4.906076e-13 
outer mgc:  0.03293831 
iter: 1  value: 8930.799 mgc: 2.114768 ustep: 1 
iter: 2  value: 8930.799 mgc: 1.608725e-06 ustep: 1 
iter: 3  mgc: 5.998813e-13 
iter: 1  mgc: 5.998813e-13 
outer mgc:  0.02227835 
iter: 1  value: 8922.296 mgc: 2.127448 ustep: 1 
iter: 2  value: 8922.296 mgc: 5.131715e-07 ustep: 1 
iter: 3  mgc: 6.115108e-13 
iter: 1  mgc: 6.115108e-13 
outer mgc:  0.007133451 
iter: 1  value: 8911.759 mgc: 2.304211 ustep: 1 
iter: 2  value: 8911.759 mgc: 5.710678e-07 ustep: 1 
iter: 3  mgc: 1.396772e-12 
iter: 1  mgc: 1.396772e-12 
outer mgc:  0.01714746 
iter: 1  value: 8903.067 mgc: 2.733442 ustep: 1 
iter: 2  value: 8903.067 mgc: 2.657774e-07 ustep: 1 
iter: 3  mgc: 2.073897e-12 
iter: 1  mgc: 2.073897e-12 
outer mgc:  0.005764693 
iter: 1  value: 8892.56 mgc: 2.632131 ustep: 1 
iter: 2  value: 8892.56 mgc: 1.667227e-07 ustep: 1 
iter: 3  mgc: 2.606693e-12 
iter: 1  mgc: 2.606693e-12 
outer mgc:  0.01136442 
iter: 1  value: 8883.885 mgc: 3.304727 ustep: 1 
iter: 2  value: 8883.885 mgc: 8.717219e-08 ustep: 1 
iter: 3  mgc: 3.9313e-12 
iter: 1  mgc: 3.9313e-12 
outer mgc:  0.003753699 
iter: 1  value: 8873.369 mgc: 2.951959 ustep: 1 
iter: 2  value: 8873.369 mgc: 3.994191e-08 ustep: 1 
iter: 3  mgc: 6.001422e-12 
iter: 1  mgc: 6.001422e-12 
outer mgc:  0.006079501 
iter: 1  value: 8864.686 mgc: 3.601971 ustep: 1 
iter: 2  value: 8864.686 mgc: 2.164658e-08 ustep: 1 
mgc: 1.281195e-11 
iter: 1  mgc: 1.281195e-11 
outer mgc:  0.001643398 
iter: 1  value: 8854.19 mgc: 2.877194 ustep: 1 
iter: 2  mgc: 8.473685e-09 
iter: 1  mgc: 8.473685e-09 
outer mgc:  0.002733943 
iter: 1  value: 8845.52 mgc: 3.417064 ustep: 1 
iter: 2  mgc: 4.382864e-09 
iter: 1  mgc: 4.382864e-09 
outer mgc:  0.0006523757 
iter: 1  value: 8835.029 mgc: 2.680061 ustep: 1 
iter: 2  mgc: 1.66779e-09 
iter: 1  mgc: 1.66779e-09 
outer mgc:  0.00112739 
iter: 1  value: 8826.362 mgc: 2.996881 ustep: 1 
iter: 2  mgc: 7.286337e-10 
iter: 1  mgc: 7.286337e-10 
outer mgc:  0.0002533673 
iter: 1  value: 8815.875 mgc: 2.506644 ustep: 1 
iter: 2  mgc: 3.140985e-10 
iter: 1  mgc: 3.140985e-10 
outer mgc:  0.000450723 
iter: 1  value: 8807.21 mgc: 2.743759 ustep: 1 
iter: 2  mgc: 1.52925e-10 
iter: 1  mgc: 1.52925e-10 
outer mgc:  9.525381e-05 
iter: 1  mgc: 1.52925e-10 
iter: 1  mgc: 1.52925e-10 
outer mgc:  9.525381e-05 
iter: 1  value: 8807.214 mgc: 0.005760516 ustep: 1 
iter: 2  value: 8807.214 mgc: 2.648262e-07 ustep: 1 
iter: 3  mgc: 7.294221e-11 
outer mgc:  0.1803472 
iter: 1  value: 8807.206 mgc: 0.005759474 ustep: 1 
iter: 2  value: 8807.206 mgc: 2.639882e-07 ustep: 1 
iter: 3  mgc: 1.005893e-10 
outer mgc:  0.1803004 
iter: 1  value: 8807.213 mgc: 0.003238673 ustep: 1 
iter: 2  value: 8807.213 mgc: 1.174354e-07 ustep: 1 
iter: 3  mgc: 6.621093e-11 
outer mgc:  0.1092923 
iter: 1  value: 8807.207 mgc: 0.00323828 ustep: 1 
iter: 2  value: 8807.207 mgc: 1.172479e-07 ustep: 1 
iter: 3  mgc: 6.344392e-11 
outer mgc:  0.1092923 
iter: 1  value: 8807.207 mgc: 0.005135533 ustep: 1 
iter: 2  value: 8807.207 mgc: 2.714509e-07 ustep: 1 
iter: 3  mgc: 6.937073e-11 
outer mgc:  0.1241991 
iter: 1  value: 8807.213 mgc: 0.005132568 ustep: 1 
iter: 2  value: 8807.213 mgc: 2.713304e-07 ustep: 1 
iter: 3  mgc: 9.985565e-11 
outer mgc:  0.1242275 
iter: 1  value: 8807.209 mgc: 0.002985109 ustep: 1 
iter: 2  value: 8807.209 mgc: 7.731836e-08 ustep: 1 
iter: 3  mgc: 5.419054e-11 
outer mgc:  0.06753883 
iter: 1  value: 8807.211 mgc: 0.002983618 ustep: 1 
iter: 2  value: 8807.211 mgc: 7.721585e-08 ustep: 1 
iter: 3  mgc: 6.902038e-11 
outer mgc:  0.06752298 
iter: 1  value: 8807.244 mgc: 392.9926 ustep: 1 
iter: 2  value: 8807.244 mgc: 1.599712e-06 ustep: 1 
iter: 3  mgc: 8.020296e-11 
outer mgc:  0.08204275 
iter: 1  value: 8807.176 mgc: 394.1733 ustep: 1 
iter: 2  value: 8807.176 mgc: 1.601665e-06 ustep: 1 
iter: 3  mgc: 6.283463e-11 
outer mgc:  0.08173609 
iter: 1  value: 8807.24 mgc: 393.3861 ustep: 1 
iter: 2  value: 8807.24 mgc: 2.568023e-06 ustep: 1 
iter: 3  mgc: 6.12419e-11 
outer mgc:  0.0853112 
iter: 1  value: 8807.18 mgc: 393.7797 ustep: 1 
iter: 2  value: 8807.18 mgc: 2.570001e-06 ustep: 1 
iter: 3  mgc: 7.799592e-11 
outer mgc:  0.08528907 
iter: 1  value: 8807.21 mgc: 2.314386e-05 ustep: 1 
mgc: 7.831991e-11 
outer mgc:  9.525355e-05 
iter: 1  value: 8807.21 mgc: 2.314412e-05 ustep: 1 
mgc: 9.307988e-11 
outer mgc:  9.525287e-05 
iter: 1  value: 8807.197 mgc: 0.003442063 ustep: 1 
iter: 2  value: 8807.197 mgc: 1.346292e-07 ustep: 1 
iter: 3  mgc: 7.185275e-11 
outer mgc:  0.0649742 
iter: 1  value: 8807.223 mgc: 0.003439543 ustep: 1 
iter: 2  value: 8807.223 mgc: 1.345129e-07 ustep: 1 
iter: 3  mgc: 9.433698e-11 
outer mgc:  0.06482688 
Warning message:
package ‘nnet’ was built under R version 3.6.3 
[Sun Aug 15 14:38:31 2021]
Finished job 0.
1 of 1 steps (100%) done
