Building DAG of jobs...
Using shell: /usr/bin/bash
Provided cores: 1 (use --cores to define parallelism)
Rules claiming more threads will be scaled down.
Job counts:
	count	jobs
	1	inference_simulation_TMB_multiple
	1

[Fri Aug 13 10:36:47 2021]
rule inference_simulation_TMB_multiple:
    input: ../data/assessing_models_simulation/datasets/multiple_GenerationInoRE_10_100_80_5_0.8_NA_NA_NA_dataset0.RDS
    output: ../data/assessing_models_simulation/inference_results/TMB/nlminb/multiple_GenerationInoRE_10_100_80_5_0.8_diagREDM_NA_NA_NA_dataset0.RDS
    log: logs/inference/nlminb/simulation_GenerationInoRE_10_100_80_5_0.8_ModeldiagREDM_NA_NA_NA_dataset0.log
    jobid: 0
    wildcards: optimiser=nlminb, datasetgeneration=GenerationInoRE, n=10, nlambda=100, lmbda=80, d=5, beta_intensity=0.8, model=diagREDM, fixed_beta_intercept=NA, fixed_beta_slope=NA, sdRE_input=NA, itnum=0

Rscript 2_inference_TMB/run_TMB.R --input ../data/assessing_models_simulation/datasets/multiple_GenerationInoRE_10_100_80_5_0.8_NA_NA_NA_dataset0.RDS --output ../data/assessing_models_simulation/inference_results/TMB/nlminb/multiple_GenerationInoRE_10_100_80_5_0.8_diagREDM_NA_NA_NA_dataset0.RDS --model diagREDM --optimiser nlminb
Model: diagREDM 
Feature type: signatures 
Using nlminb: TRUE 
Simulation boolean: TRUE 
make: Nothing to be done for 'all'.
../data/assessing_models_simulation/datasets/multiple_GenerationInoRE_10_100_80_5_0.8_NA_NA_NA_dataset0.RDS[1] "../data/assessing_models_simulation/datasets/multiple_GenerationInoRE_10_100_80_5_0.8_NA_NA_NA_dataset0.RDS"
Reading file ../data/assessing_models_simulation/datasets/multiple_GenerationInoRE_10_100_80_5_0.8_NA_NA_NA_dataset0.RDS 
Loading required package: nnet
# weights:  15 (8 variable)
initial  value 3328.317603 
iter  10 value 3243.451501
final  value 3238.228318 
converged
Constructing atomic invpd
Constructing atomic D_lgamma
Constructing atomic invpd
Constructing atomic D_lgamma
Constructing atomic matmul
Constructing atomic invpd
Constructing atomic D_lgamma
Constructing atomic matmul
Optimizing tape... Done
iter: 1  value: 3433.729 mgc: 28.44491 ustep: 1 
iter: 2  value: 3399.743 mgc: 8.780965 ustep: 1 
iter: 3  value: 3399.582 mgc: 0.821824 ustep: 1 
iter: 4  value: 3399.581 mgc: 0.007703917 ustep: 1 
iter: 5  value: 3399.581 mgc: 5.601124e-07 ustep: 1 
iter: 6  mgc: 2.975856e-12 
iter: 1  mgc: 2.975856e-12 
Matching hessian patterns... Done
outer mgc:  106.5241 
iter: 1  value: 3314.211 mgc: 15.47524 ustep: 1 
iter: 2  value: 3313.891 mgc: 1.656929 ustep: 1 
iter: 3  value: 3313.891 mgc: 0.02989584 ustep: 1 
iter: 4  value: 3313.891 mgc: 1.118364e-05 ustep: 1 
iter: 5  mgc: 3.960693e-12 
iter: 1  mgc: 3.960693e-12 
outer mgc:  46.84456 
iter: 1  value: 3276.519 mgc: 11.91466 ustep: 1 
iter: 2  value: 3276.451 mgc: 0.5713979 ustep: 1 
iter: 3  value: 3276.451 mgc: 0.0024967 ustep: 1 
iter: 4  value: 3276.451 mgc: 8.849901e-08 ustep: 1 
mgc: 2.3678e-12 
iter: 1  mgc: 2.3678e-12 
outer mgc:  25.5531 
iter: 1  value: 3260.254 mgc: 12.20916 ustep: 1 
iter: 2  value: 3260.011 mgc: 1.183165 ustep: 1 
iter: 3  value: 3260.011 mgc: 0.01186018 ustep: 1 
iter: 4  value: 3260.011 mgc: 1.949868e-06 ustep: 1 
iter: 5  mgc: 2.531975e-12 
iter: 1  mgc: 2.531975e-12 
outer mgc:  29.6952 
iter: 1  value: 3250.711 mgc: 3.278221 ustep: 1 
iter: 2  value: 3250.71 mgc: 0.0860248 ustep: 1 
iter: 3  value: 3250.71 mgc: 9.142444e-05 ustep: 1 
iter: 4  mgc: 1.144749e-10 
iter: 1  mgc: 1.144749e-10 
outer mgc:  25.5044 
iter: 1  value: 3246.245 mgc: 18.15862 ustep: 1 
iter: 2  value: 3243.528 mgc: 4.601408 ustep: 1 
iter: 3  value: 3243.523 mgc: 0.1784831 ustep: 1 
iter: 4  value: 3243.523 mgc: 0.0005309891 ustep: 1 
iter: 5  mgc: 5.106005e-09 
iter: 1  mgc: 5.106005e-09 
outer mgc:  23.1 
iter: 1  value: 3239.459 mgc: 16.44927 ustep: 1 
iter: 2  value: 3238.432 mgc: 3.089498 ustep: 1 
iter: 3  value: 3238.432 mgc: 0.07145981 ustep: 1 
iter: 4  value: 3238.432 mgc: 5.567623e-05 ustep: 1 
iter: 5  mgc: 3.449301e-11 
iter: 1  mgc: 3.449301e-11 
outer mgc:  36.04717 
iter: 1  value: 3231.935 mgc: 18.5643 ustep: 1 
iter: 2  value: 3231.082 mgc: 3.087049 ustep: 1 
iter: 3  value: 3231.082 mgc: 0.05762671 ustep: 1 
iter: 4  value: 3231.082 mgc: 3.16628e-05 ustep: 1 
iter: 5  mgc: 1.279032e-11 
iter: 1  mgc: 1.279032e-11 
outer mgc:  29.57696 
iter: 1  value: 3218.744 mgc: 11.48496 ustep: 1 
iter: 2  value: 3218.648 mgc: 0.8833123 ustep: 1 
iter: 3  value: 3218.648 mgc: 0.006878638 ustep: 1 
iter: 4  value: 3218.648 mgc: 1.037423e-06 ustep: 1 
iter: 5  mgc: 2.564476e-12 
iter: 1  mgc: 2.564476e-12 
outer mgc:  13.53643 
iter: 1  value: 3231.296 mgc: 17.30704 ustep: 1 
iter: 2  value: 3230.864 mgc: 1.449028 ustep: 1 
iter: 3  value: 3230.864 mgc: 0.01216955 ustep: 1 
iter: 4  value: 3230.864 mgc: 1.167051e-06 ustep: 1 
iter: 5  mgc: 3.170575e-12 
iter: 1  value: 3216.858 mgc: 5.514146 ustep: 1 
iter: 2  value: 3216.853 mgc: 0.1725792 ustep: 1 
iter: 3  value: 3216.853 mgc: 0.0002550972 ustep: 1 
iter: 4  mgc: 6.610839e-10 
iter: 1  mgc: 6.610839e-10 
outer mgc:  7.062978 
iter: 1  value: 3214.557 mgc: 3.780398 ustep: 1 
iter: 2  value: 3214.555 mgc: 0.109487 ustep: 1 
iter: 3  value: 3214.555 mgc: 0.0001103876 ustep: 1 
iter: 4  mgc: 1.237362e-10 
iter: 1  mgc: 1.237362e-10 
outer mgc:  4.941883 
iter: 1  value: 3210.617 mgc: 3.939977 ustep: 1 
iter: 2  value: 3210.616 mgc: 0.06547607 ustep: 1 
iter: 3  value: 3210.616 mgc: 2.84052e-05 ustep: 1 
iter: 4  mgc: 6.451728e-12 
iter: 1  value: 3206.904 mgc: 2.746272 ustep: 1 
iter: 2  value: 3206.904 mgc: 0.05171561 ustep: 1 
iter: 3  value: 3206.904 mgc: 1.998871e-05 ustep: 1 
iter: 4  mgc: 4.28324e-12 
iter: 1  mgc: 4.28324e-12 
outer mgc:  13.42537 
iter: 1  value: 3205.949 mgc: 25.52993 ustep: 1 
iter: 2  value: 3205.759 mgc: 1.533752 ustep: 1 
iter: 3  value: 3205.759 mgc: 0.007737044 ustep: 1 
iter: 4  value: 3205.759 mgc: 2.702166e-07 ustep: 1 
iter: 5  mgc: 3.408829e-12 
iter: 1  value: 3204.772 mgc: 15.72795 ustep: 1 
iter: 2  value: 3204.708 mgc: 0.8288623 ustep: 1 
iter: 3  value: 3204.708 mgc: 0.003340158 ustep: 1 
iter: 4  value: 3204.708 mgc: 6.690046e-08 ustep: 1 
mgc: 3.860356e-12 
iter: 1  mgc: 3.860356e-12 
outer mgc:  14.48253 
iter: 1  value: 3200.926 mgc: 13.00479 ustep: 1 
iter: 2  value: 3200.903 mgc: 0.3758348 ustep: 1 
iter: 3  value: 3200.903 mgc: 0.0004413939 ustep: 1 
iter: 4  mgc: 1.523447e-09 
iter: 1  mgc: 1.523447e-09 
outer mgc:  11.9586 
iter: 1  value: 3198.887 mgc: 13.49996 ustep: 1 
iter: 2  value: 3198.817 mgc: 0.8719912 ustep: 1 
iter: 3  value: 3198.817 mgc: 0.002918282 ustep: 1 
iter: 4  value: 3198.817 mgc: 4.454294e-08 ustep: 1 
mgc: 2.363887e-12 
iter: 1  mgc: 2.363887e-12 
outer mgc:  12.40704 
iter: 1  value: 3194.82 mgc: 6.158438 ustep: 1 
iter: 2  value: 3194.814 mgc: 0.2527338 ustep: 1 
iter: 3  value: 3194.814 mgc: 0.0003692932 ustep: 1 
iter: 4  mgc: 1.071053e-09 
iter: 1  mgc: 1.071053e-09 
outer mgc:  8.368898 
iter: 1  value: 3195.128 mgc: 12.22377 ustep: 1 
iter: 2  value: 3195.06 mgc: 0.802179 ustep: 1 
iter: 3  value: 3195.06 mgc: 0.003205835 ustep: 1 
iter: 4  value: 3195.06 mgc: 5.59013e-08 ustep: 1 
mgc: 4.207745e-12 
iter: 1  value: 3194.135 mgc: 6.049382 ustep: 1 
iter: 2  value: 3194.131 mgc: 0.1640523 ustep: 1 
iter: 3  value: 3194.131 mgc: 0.0001256387 ustep: 1 
iter: 4  mgc: 8.421119e-11 
iter: 1  mgc: 8.421119e-11 
outer mgc:  7.485658 
iter: 1  value: 3192.904 mgc: 4.640312 ustep: 1 
iter: 2  value: 3192.904 mgc: 0.05564621 ustep: 1 
iter: 3  value: 3192.904 mgc: 6.127043e-06 ustep: 1 
iter: 4  mgc: 2.502526e-12 
iter: 1  mgc: 2.502526e-12 
outer mgc:  6.887749 
iter: 1  value: 3192.047 mgc: 4.412064 ustep: 1 
iter: 2  value: 3192.047 mgc: 0.05727385 ustep: 1 
iter: 3  value: 3192.047 mgc: 1.325176e-05 ustep: 1 
iter: 4  mgc: 2.669087e-12 
iter: 1  mgc: 2.669087e-12 
outer mgc:  6.409188 
iter: 1  value: 3190.672 mgc: 2.752038 ustep: 1 
iter: 2  value: 3190.672 mgc: 0.01712739 ustep: 1 
iter: 3  value: 3190.672 mgc: 1.464683e-06 ustep: 1 
iter: 4  mgc: 2.564171e-12 
iter: 1  mgc: 2.564171e-12 
outer mgc:  2.599324 
iter: 1  value: 3191.276 mgc: 2.422537 ustep: 1 
iter: 2  value: 3191.276 mgc: 0.01746888 ustep: 1 
iter: 3  value: 3191.276 mgc: 1.508173e-06 ustep: 1 
iter: 4  mgc: 2.667644e-12 
iter: 1  value: 3190.521 mgc: 0.503132 ustep: 1 
iter: 2  value: 3190.521 mgc: 0.0008001118 ustep: 1 
iter: 3  mgc: 3.154865e-09 
iter: 1  mgc: 3.154865e-09 
outer mgc:  2.29534 
iter: 1  value: 3190.282 mgc: 0.7910744 ustep: 1 
iter: 2  value: 3190.282 mgc: 0.001759796 ustep: 1 
iter: 3  mgc: 7.424729e-09 
iter: 1  mgc: 7.424729e-09 
outer mgc:  1.500652 
iter: 1  value: 3190.035 mgc: 0.7048156 ustep: 1 
iter: 2  value: 3190.035 mgc: 0.001070829 ustep: 1 
iter: 3  mgc: 2.383676e-09 
iter: 1  value: 3189.764 mgc: 0.2059521 ustep: 1 
iter: 2  value: 3189.764 mgc: 6.913722e-05 ustep: 1 
iter: 3  mgc: 1.70095e-11 
iter: 1  value: 3188.583 mgc: 0.9765984 ustep: 1 
iter: 2  value: 3188.583 mgc: 0.001247271 ustep: 1 
iter: 3  mgc: 6.245352e-09 
iter: 1  value: 3185.534 mgc: 2.880595 ustep: 1 
iter: 2  value: 3185.534 mgc: 0.008879857 ustep: 1 
iter: 3  value: 3185.534 mgc: 3.514525e-07 ustep: 1 
mgc: 3.051337e-12 
iter: 1  mgc: 3.051337e-12 
outer mgc:  3.730272 
iter: 1  value: 3181.97 mgc: 6.243096 ustep: 1 
iter: 2  value: 3181.97 mgc: 0.03074902 ustep: 1 
iter: 3  value: 3181.97 mgc: 3.8382e-06 ustep: 1 
iter: 4  mgc: 2.319922e-12 
iter: 1  value: 3184.312 mgc: 2.566646 ustep: 1 
iter: 2  value: 3184.312 mgc: 0.008851162 ustep: 1 
iter: 3  value: 3184.312 mgc: 1.513036e-07 ustep: 1 
mgc: 1.912692e-12 
iter: 1  value: 3185.216 mgc: 2.666634 ustep: 1 
iter: 2  value: 3185.216 mgc: 0.01056881 ustep: 1 
iter: 3  value: 3185.216 mgc: 3.045088e-07 ustep: 1 
iter: 4  mgc: 2.483347e-12 
iter: 1  value: 3185.406 mgc: 1.653958 ustep: 1 
iter: 2  value: 3185.406 mgc: 0.0049489 ustep: 1 
iter: 3  value: 3185.406 mgc: 6.902018e-08 ustep: 1 
mgc: 2.72582e-12 
iter: 1  mgc: 2.72582e-12 
outer mgc:  2.985069 
iter: 1  value: 3185.074 mgc: 1.385335 ustep: 1 
iter: 2  value: 3185.074 mgc: 0.004192136 ustep: 1 
iter: 3  value: 3185.074 mgc: 4.511161e-08 ustep: 1 
mgc: 2.265077e-12 
iter: 1  mgc: 2.265077e-12 
outer mgc:  1.864468 
iter: 1  value: 3184.717 mgc: 0.8609554 ustep: 1 
iter: 2  value: 3184.717 mgc: 0.001177058 ustep: 1 
iter: 3  mgc: 3.933225e-09 
iter: 1  mgc: 3.933225e-09 
outer mgc:  1.072404 
iter: 1  value: 3184.379 mgc: 0.5832099 ustep: 1 
iter: 2  value: 3184.379 mgc: 0.0002657034 ustep: 1 
iter: 3  mgc: 1.244853e-10 
iter: 1  value: 3183.864 mgc: 0.6640267 ustep: 1 
iter: 2  value: 3183.864 mgc: 0.0002537074 ustep: 1 
iter: 3  mgc: 1.528968e-10 
iter: 1  value: 3182.597 mgc: 1.756544 ustep: 1 
iter: 2  value: 3182.597 mgc: 0.001231378 ustep: 1 
iter: 3  mgc: 6.554906e-09 
iter: 1  mgc: 6.554906e-09 
outer mgc:  3.041825 
iter: 1  value: 3180.787 mgc: 3.08572 ustep: 1 
iter: 2  value: 3180.787 mgc: 0.005529593 ustep: 1 
iter: 3  value: 3180.787 mgc: 1.246758e-07 ustep: 1 
mgc: 2.428724e-12 
iter: 1  mgc: 2.428724e-12 
outer mgc:  2.567668 
iter: 1  value: 3179.366 mgc: 3.228339 ustep: 1 
iter: 2  value: 3179.366 mgc: 0.002236792 ustep: 1 
iter: 3  value: 3179.366 mgc: 2.372588e-08 ustep: 1 
mgc: 2.085443e-12 
iter: 1  mgc: 2.085443e-12 
outer mgc:  2.479845 
iter: 1  value: 3177.737 mgc: 2.996735 ustep: 1 
iter: 2  value: 3177.737 mgc: 0.004858742 ustep: 1 
iter: 3  value: 3177.737 mgc: 9.642365e-08 ustep: 1 
mgc: 1.797673e-12 
iter: 1  mgc: 1.797673e-12 
outer mgc:  1.77092 
iter: 1  value: 3176.145 mgc: 3.016383 ustep: 1 
iter: 2  value: 3176.145 mgc: 0.000931807 ustep: 1 
iter: 3  mgc: 3.446026e-09 
iter: 1  value: 3171.501 mgc: 12.43568 ustep: 1 
iter: 2  value: 3171.501 mgc: 0.0079455 ustep: 1 
iter: 3  value: 3171.501 mgc: 1.227549e-07 ustep: 1 
mgc: 8.886225e-13 
iter: 1  mgc: 8.886225e-13 
outer mgc:  8.459997 
iter: 1  value: 3164.856 mgc: 20.79924 ustep: 1 
iter: 2  value: 3164.856 mgc: 0.002533341 ustep: 1 
iter: 3  value: 3164.856 mgc: 2.85655e-08 ustep: 1 
mgc: 4.245493e-13 
iter: 1  value: 3154.137 mgc: 331.5545 ustep: 1 
iter: 2  value: 3154.136 mgc: 0.09271747 ustep: 1 
iter: 3  value: 3154.136 mgc: 5.509164e-05 ustep: 1 
iter: 4  mgc: 2.11266e-11 
iter: 1  mgc: 4.245493e-13 
outer mgc:  9.659393 
iter: 1  value: 3153.258 mgc: 88.95452 ustep: 1 
iter: 2  value: 3153.258 mgc: 0.03198219 ustep: 1 
iter: 3  value: 3153.258 mgc: 6.161153e-06 ustep: 1 
iter: 4  mgc: 2.255973e-13 
iter: 1  mgc: 2.255973e-13 
outer mgc:  10.04575 
iter: 1  value: 3153.379 mgc: 6.728392 ustep: 1 
iter: 2  value: 3153.379 mgc: 0.104558 ustep: 1 
iter: 3  value: 3153.379 mgc: 3.431102e-05 ustep: 1 
iter: 4  mgc: 6.667555e-12 
iter: 1  mgc: 6.667555e-12 
outer mgc:  12.67859 
iter: 1  value: 3148.471 mgc: 7.090726 ustep: 1 
iter: 2  value: 3148.471 mgc: 0.03381816 ustep: 1 
iter: 3  value: 3148.471 mgc: 3.172246e-06 ustep: 1 
iter: 4  mgc: 4.618528e-14 
iter: 1  mgc: 4.618528e-14 
outer mgc:  2.936077 
iter: 1  value: 3143.384 mgc: 3.564141 ustep: 1 
iter: 2  value: 3143.384 mgc: 0.03369134 ustep: 1 
iter: 3  value: 3143.384 mgc: 3.702401e-06 ustep: 1 
iter: 4  mgc: 4.973799e-14 
iter: 1  mgc: 4.973799e-14 
outer mgc:  0.8188656 
iter: 1  value: 3141.739 mgc: 2.032752 ustep: 1 
iter: 2  value: 3141.739 mgc: 0.006864973 ustep: 1 
iter: 3  value: 3141.739 mgc: 1.000192e-07 ustep: 1 
mgc: 4.884981e-14 
iter: 1  value: 3142.758 mgc: 0.6747966 ustep: 1 
iter: 2  value: 3142.758 mgc: 0.0006565958 ustep: 1 
iter: 3  mgc: 1.23967e-09 
iter: 1  mgc: 1.23967e-09 
outer mgc:  2.223931 
iter: 1  value: 3141.724 mgc: 1.145271 ustep: 1 
iter: 2  value: 3141.724 mgc: 0.0007817039 ustep: 1 
iter: 3  mgc: 2.102757e-09 
iter: 1  mgc: 2.102757e-09 
outer mgc:  0.2946388 
iter: 1  value: 3140.743 mgc: 1.051629 ustep: 1 
iter: 2  value: 3140.743 mgc: 0.0006009959 ustep: 1 
iter: 3  mgc: 4.31938e-10 
iter: 1  mgc: 4.31938e-10 
outer mgc:  0.1891793 
iter: 1  value: 3139.067 mgc: 2.216121 ustep: 1 
iter: 2  value: 3139.067 mgc: 0.001621035 ustep: 1 
iter: 3  mgc: 1.244385e-09 
iter: 1  mgc: 1.244385e-09 
outer mgc:  0.4485325 
iter: 1  value: 3137.679 mgc: 2.301343 ustep: 1 
iter: 2  value: 3137.679 mgc: 0.0009931987 ustep: 1 
iter: 3  mgc: 3.019283e-10 
iter: 1  mgc: 3.019283e-10 
outer mgc:  0.1074859 
iter: 1  value: 3136.351 mgc: 2.338564 ustep: 1 
iter: 2  value: 3136.351 mgc: 0.0004403794 ustep: 1 
iter: 3  mgc: 5.417944e-11 
iter: 1  mgc: 5.417944e-11 
outer mgc:  0.1312793 
iter: 1  value: 3135.352 mgc: 2.078169 ustep: 1 
iter: 2  value: 3135.352 mgc: 0.000299979 ustep: 1 
iter: 3  mgc: 3.380141e-10 
iter: 1  mgc: 3.380141e-10 
outer mgc:  0.1260201 
iter: 1  value: 3134.569 mgc: 1.644537 ustep: 1 
iter: 2  value: 3134.569 mgc: 0.0002806597 ustep: 1 
iter: 3  mgc: 3.113083e-10 
iter: 1  mgc: 3.113083e-10 
outer mgc:  0.06310524 
iter: 1  value: 3134.217 mgc: 0.6228961 ustep: 1 
iter: 2  value: 3134.217 mgc: 1.049118e-05 ustep: 1 
iter: 3  mgc: 4.343192e-13 
iter: 1  mgc: 4.343192e-13 
outer mgc:  0.0317277 
iter: 1  value: 3133.885 mgc: 0.5081311 ustep: 1 
iter: 2  value: 3133.885 mgc: 1.022538e-05 ustep: 1 
iter: 3  mgc: 3.730349e-14 
iter: 1  mgc: 3.730349e-14 
outer mgc:  0.01736164 
iter: 1  value: 3133.645 mgc: 0.3307323 ustep: 1 
iter: 2  value: 3133.645 mgc: 4.739693e-06 ustep: 1 
iter: 3  mgc: 4.796163e-14 
iter: 1  mgc: 4.796163e-14 
outer mgc:  0.02024554 
iter: 1  value: 3133.399 mgc: 0.332385 ustep: 1 
iter: 2  value: 3133.399 mgc: 4.462772e-06 ustep: 1 
iter: 3  mgc: 5.062617e-14 
iter: 1  mgc: 5.062617e-14 
outer mgc:  0.01335519 
iter: 1  value: 3133.194 mgc: 0.274128 ustep: 1 
iter: 2  value: 3133.194 mgc: 2.615384e-06 ustep: 1 
iter: 3  mgc: 5.373479e-14 
iter: 1  mgc: 5.373479e-14 
outer mgc:  0.003147479 
iter: 1  value: 3133.119 mgc: 0.09545175 ustep: 1 
iter: 2  value: 3133.119 mgc: 2.99824e-07 ustep: 1 
mgc: 2.753353e-14 
iter: 1  mgc: 2.753353e-14 
outer mgc:  0.0007961232 
iter: 1  value: 3133.088 mgc: 0.03258887 ustep: 1 
iter: 2  value: 3133.088 mgc: 8.610185e-08 ustep: 1 
mgc: 4.263256e-14 
iter: 1  mgc: 4.263256e-14 
outer mgc:  0.001588189 
iter: 1  value: 3133.046 mgc: 0.02938693 ustep: 1 
iter: 2  value: 3133.046 mgc: 1.195885e-07 ustep: 1 
mgc: 5.700995e-14 
iter: 1  mgc: 5.700995e-14 
outer mgc:  0.002397971 
iter: 1  value: 3132.956 mgc: 0.06500801 ustep: 1 
iter: 2  value: 3132.956 mgc: 2.8685e-07 ustep: 1 
mgc: 3.463896e-14 
iter: 1  mgc: 3.463896e-14 
outer mgc:  0.00339605 
iter: 1  value: 3132.749 mgc: 0.174393 ustep: 1 
iter: 2  value: 3132.749 mgc: 6.74035e-07 ustep: 1 
iter: 3  mgc: 3.863576e-14 
iter: 1  mgc: 3.863576e-14 
outer mgc:  0.00463682 
iter: 1  value: 3132.266 mgc: 0.4522642 ustep: 1 
iter: 2  value: 3132.266 mgc: 1.361968e-06 ustep: 1 
iter: 3  mgc: 4.307665e-14 
iter: 1  mgc: 4.307665e-14 
outer mgc:  0.007205938 
iter: 1  value: 3131.219 mgc: 1.096141 ustep: 1 
iter: 2  value: 3131.219 mgc: 1.759584e-06 ustep: 1 
iter: 3  mgc: 3.774758e-14 
iter: 1  mgc: 3.774758e-14 
outer mgc:  0.01104617 
iter: 1  value: 3129.221 mgc: 2.405259 ustep: 1 
iter: 2  value: 3129.221 mgc: 5.697686e-07 ustep: 1 
iter: 3  mgc: 2.753353e-14 
iter: 1  mgc: 2.753353e-14 
outer mgc:  0.01363274 
iter: 1  value: 3126.021 mgc: 4.538624 ustep: 1 
iter: 2  value: 3126.021 mgc: 9.865206e-07 ustep: 1 
iter: 3  mgc: 4.152234e-14 
iter: 1  mgc: 4.152234e-14 
outer mgc:  0.01165105 
iter: 1  value: 3122.208 mgc: 5.875405 ustep: 1 
iter: 2  value: 3122.208 mgc: 7.161499e-06 ustep: 1 
iter: 3  mgc: 1.847411e-13 
iter: 1  mgc: 1.847411e-13 
outer mgc:  0.004771957 
iter: 1  value: 3119.206 mgc: 4.159197 ustep: 1 
iter: 2  value: 3119.206 mgc: 3.505939e-06 ustep: 1 
iter: 3  mgc: 3.819167e-14 
iter: 1  mgc: 3.819167e-14 
outer mgc:  0.0004092449 
iter: 1  value: 3117.157 mgc: 2.508502 ustep: 1 
iter: 2  value: 3117.157 mgc: 3.305192e-07 ustep: 1 
mgc: 3.974598e-14 
iter: 1  mgc: 3.974598e-14 
outer mgc:  0.002047492 
iter: 1  value: 3115.092 mgc: 2.508376 ustep: 1 
iter: 2  mgc: 7.832534e-09 
iter: 1  mgc: 7.832534e-09 
outer mgc:  0.002389318 
iter: 1  value: 3111.248 mgc: 5.646904 ustep: 1 
iter: 2  value: 3111.248 mgc: 1.00877e-07 ustep: 1 
mgc: 3.907985e-14 
iter: 1  mgc: 3.907985e-14 
outer mgc:  0.0015936 
iter: 1  value: 3107.762 mgc: 4.9221 ustep: 1 
iter: 2  value: 3107.762 mgc: 1.790109e-07 ustep: 1 
mgc: 3.474998e-14 
iter: 1  mgc: 3.474998e-14 
outer mgc:  0.0004296493 
iter: 1  value: 3104.746 mgc: 4.051294 ustep: 1 
iter: 2  value: 3104.746 mgc: 5.576514e-08 ustep: 1 
mgc: 4.174439e-14 
iter: 1  mgc: 4.174439e-14 
outer mgc:  0.0003134539 
iter: 1  value: 3101.946 mgc: 3.680675 ustep: 1 
iter: 2  mgc: 3.841236e-09 
iter: 1  mgc: 3.841236e-09 
outer mgc:  0.0005096362 
iter: 1  value: 3099.15 mgc: 3.680704 ustep: 1 
iter: 2  mgc: 1.382166e-09 
iter: 1  mgc: 1.382166e-09 
outer mgc:  0.000409186 
iter: 1  mgc: 1.382166e-09 
iter: 1  mgc: 1.382166e-09 
outer mgc:  0.000409186 
iter: 1  value: 3099.15 mgc: 0.02177375 ustep: 1 
iter: 2  value: 3099.15 mgc: 6.239991e-08 ustep: 1 
mgc: 3.552714e-14 
outer mgc:  0.1871994 
iter: 1  value: 3099.149 mgc: 0.02175827 ustep: 1 
iter: 2  value: 3099.149 mgc: 6.221929e-08 ustep: 1 
mgc: 5.950795e-14 
outer mgc:  0.1876031 
iter: 1  value: 3099.15 mgc: 0.01382049 ustep: 1 
iter: 2  value: 3099.15 mgc: 2.795918e-08 ustep: 1 
mgc: 3.264056e-14 
outer mgc:  0.1105298 
iter: 1  value: 3099.15 mgc: 0.01381294 ustep: 1 
iter: 2  value: 3099.15 mgc: 2.78964e-08 ustep: 1 
mgc: 4.707346e-14 
outer mgc:  0.1108076 
iter: 1  value: 3099.149 mgc: 0.01906979 ustep: 1 
iter: 2  value: 3099.149 mgc: 1.051863e-06 ustep: 1 
iter: 3  mgc: 3.996803e-14 
outer mgc:  0.1170866 
iter: 1  value: 3099.151 mgc: 0.01905343 ustep: 1 
iter: 2  value: 3099.151 mgc: 1.051707e-06 ustep: 1 
iter: 3  mgc: 4.884981e-14 
outer mgc:  0.1177243 
iter: 1  value: 3099.149 mgc: 0.01095504 ustep: 1 
iter: 2  value: 3099.149 mgc: 3.436687e-07 ustep: 1 
iter: 3  mgc: 5.329071e-14 
outer mgc:  0.07761825 
iter: 1  value: 3099.15 mgc: 0.01094734 ustep: 1 
iter: 2  value: 3099.15 mgc: 3.434938e-07 ustep: 1 
iter: 3  mgc: 2.997602e-14 
outer mgc:  0.07800701 
iter: 1  value: 3099.149 mgc: 0.01511624 ustep: 1 
iter: 2  value: 3099.149 mgc: 8.699852e-07 ustep: 1 
iter: 3  mgc: 3.907985e-14 
outer mgc:  0.09405907 
iter: 1  value: 3099.151 mgc: 0.015101 ustep: 1 
iter: 2  value: 3099.151 mgc: 8.692978e-07 ustep: 1 
iter: 3  mgc: 5.084821e-14 
outer mgc:  0.09483498 
iter: 1  value: 3099.149 mgc: 0.01005161 ustep: 1 
iter: 2  value: 3099.149 mgc: 3.945015e-07 ustep: 1 
iter: 3  mgc: 3.907985e-14 
outer mgc:  0.06953241 
iter: 1  value: 3099.15 mgc: 0.01004257 ustep: 1 
iter: 2  value: 3099.15 mgc: 3.941781e-07 ustep: 1 
iter: 3  mgc: 4.107825e-14 
outer mgc:  0.06997441 
iter: 1  value: 3099.15 mgc: 0.0181871 ustep: 1 
iter: 2  value: 3099.15 mgc: 3.190761e-08 ustep: 1 
mgc: 5.151435e-14 
outer mgc:  0.160634 
iter: 1  value: 3099.149 mgc: 0.01817096 ustep: 1 
iter: 2  value: 3099.149 mgc: 3.18214e-08 ustep: 1 
mgc: 5.084821e-14 
outer mgc:  0.1603292 
iter: 1  value: 3099.15 mgc: 0.01057415 ustep: 1 
iter: 2  value: 3099.15 mgc: 1.130769e-08 ustep: 1 
mgc: 5.506706e-14 
outer mgc:  0.09441482 
iter: 1  value: 3099.15 mgc: 0.01056565 ustep: 1 
iter: 2  value: 3099.15 mgc: 1.128301e-08 ustep: 1 
mgc: 5.062617e-14 
outer mgc:  0.09498857 
iter: 1  value: 3099.155 mgc: 0.007881188 ustep: 1 
iter: 2  mgc: 1.885021e-09 
outer mgc:  0.0004177305 
iter: 1  value: 3099.145 mgc: 0.007889072 ustep: 1 
iter: 2  mgc: 1.88149e-09 
outer mgc:  0.0004006503 
iter: 1  value: 3099.153 mgc: 0.007650606 ustep: 1 
iter: 2  value: 3099.153 mgc: 1.708771e-07 ustep: 1 
mgc: 3.180789e-14 
outer mgc:  0.0004750945 
iter: 1  value: 3099.146 mgc: 0.007658263 ustep: 1 
iter: 2  value: 3099.146 mgc: 1.70766e-07 ustep: 1 
mgc: 4.507505e-14 
outer mgc:  0.0009374557 
iter: 1  value: 3099.153 mgc: 0.005889377 ustep: 1 
iter: 2  value: 3099.153 mgc: 9.62418e-08 ustep: 1 
mgc: 3.197442e-14 
outer mgc:  0.0005713924 
iter: 1  value: 3099.146 mgc: 0.005895268 ustep: 1 
iter: 2  value: 3099.146 mgc: 9.616744e-08 ustep: 1 
mgc: 4.085621e-14 
outer mgc:  0.001116512 
iter: 1  value: 3099.155 mgc: 0.00490561 ustep: 1 
mgc: 5.151435e-14 
outer mgc:  0.0004091861 
iter: 1  value: 3099.145 mgc: 0.004910518 ustep: 1 
mgc: 3.108624e-14 
outer mgc:  0.0004091859 
iter: 1  value: 3099.149 mgc: 0.002715054 ustep: 1 
iter: 2  value: 3099.149 mgc: 1.167325e-08 ustep: 1 
mgc: 3.508305e-14 
outer mgc:  0.004190568 
iter: 1  value: 3099.15 mgc: 0.002715102 ustep: 1 
iter: 2  value: 3099.15 mgc: 1.167649e-08 ustep: 1 
mgc: 2.775558e-14 
outer mgc:  0.004001082 
iter: 1  value: 3099.149 mgc: 0.003930792 ustep: 1 
iter: 2  value: 3099.149 mgc: 1.864007e-08 ustep: 1 
mgc: 3.774758e-14 
outer mgc:  0.002964902 
iter: 1  value: 3099.151 mgc: 0.003930862 ustep: 1 
iter: 2  value: 3099.151 mgc: 1.864788e-08 ustep: 1 
mgc: 4.440892e-14 
outer mgc:  0.002904366 
[Fri Aug 13 10:36:49 2021]
Finished job 0.
1 of 1 steps (100%) done
