Building DAG of jobs...
Using shell: /usr/bin/bash
Provided cores: 1 (use --cores to define parallelism)
Rules claiming more threads will be scaled down.
Job counts:
	count	jobs
	1	inference_simulation_TMB_multiple
	1

[Mon Aug 16 07:29:06 2021]
rule inference_simulation_TMB_multiple:
    input: ../data/assessing_models_simulation/datasets/multiple_GenerationJnorm2_50_100_80_5_0.6_NA_NA_NA_dataset1.RDS
    output: ../data/assessing_models_simulation/inference_results/TMB/nlminb/multiple_GenerationJnorm2_50_100_80_5_0.6_fullREM_NA_NA_NA_dataset1.RDS
    log: logs/inference/nlminb/simulation_GenerationJnorm2_50_100_80_5_0.6_ModelfullREM_NA_NA_NA_dataset1.log
    jobid: 0
    wildcards: optimiser=nlminb, datasetgeneration=GenerationJnorm2, n=50, nlambda=100, lmbda=80, d=5, beta_intensity=0.6, model=fullREM, fixed_beta_intercept=NA, fixed_beta_slope=NA, sdRE_input=NA, itnum=1

Rscript 2_inference_TMB/run_TMB.R --input ../data/assessing_models_simulation/datasets/multiple_GenerationJnorm2_50_100_80_5_0.6_NA_NA_NA_dataset1.RDS --output ../data/assessing_models_simulation/inference_results/TMB/nlminb/multiple_GenerationJnorm2_50_100_80_5_0.6_fullREM_NA_NA_NA_dataset1.RDS --model fullREM --optimiser nlminb
Model: fullREM 
Feature type: signatures 
Using nlminb: TRUE 
Simulation boolean: TRUE 
make: Nothing to be done for 'all'.
../data/assessing_models_simulation/datasets/multiple_GenerationJnorm2_50_100_80_5_0.6_NA_NA_NA_dataset1.RDS[1] "../data/assessing_models_simulation/datasets/multiple_GenerationJnorm2_50_100_80_5_0.6_NA_NA_NA_dataset1.RDS"
Reading file ../data/assessing_models_simulation/datasets/multiple_GenerationJnorm2_50_100_80_5_0.6_NA_NA_NA_dataset1.RDS 
Loading required package: nnet
# weights:  15 (8 variable)
initial  value 15941.482523 
iter  10 value 14912.368758
final  value 14893.021532 
converged
Order of parameters:
[1] "beta"       "u_large"    "logs_sd_RE" "cov_par_RE"
Not matching template order:
[1] "beta"       "u_large"    "cov_par_RE" "logs_sd_RE"
Your parameter list has been re-ordered.
(Disable this warning with checkParameterOrder=FALSE)
Constructing atomic invpd
Constructing atomic D_lgamma
Constructing atomic invpd
Constructing atomic D_lgamma
Constructing atomic matmul
Constructing atomic invpd
Constructing atomic D_lgamma
Constructing atomic matmul
Optimizing tape... Done
iter: 1  value: 2530.604 mgc: 86.99332 ustep: 1 
iter: 2  value: 1896.905 mgc: 61.31342 ustep: 1 
iter: 3  value: 1841.091 mgc: 42.93851 ustep: 1 
iter: 4  value: 1840.944 mgc: 2.4439 ustep: 1 
iter: 5  value: 1840.944 mgc: 0.0224434 ustep: 1 
iter: 6  value: 1840.944 mgc: 1.277628e-05 ustep: 1 
iter: 7  mgc: 8.324369e-12 
iter: 1  mgc: 8.324369e-12 
Matching hessian patterns... Done
outer mgc:  302.8088 
iter: 1  value: 1585.732 mgc: 20.88262 ustep: 1 
iter: 2  value: 1584.984 mgc: 1.745285 ustep: 1 
iter: 3  value: 1584.984 mgc: 0.02012815 ustep: 1 
iter: 4  value: 1584.984 mgc: 1.063725e-05 ustep: 1 
iter: 5  mgc: 5.673739e-12 
iter: 1  mgc: 5.673739e-12 
outer mgc:  140.2917 
iter: 1  value: 1506.161 mgc: 11.82115 ustep: 1 
iter: 2  value: 1506.053 mgc: 0.4119507 ustep: 1 
iter: 3  value: 1506.053 mgc: 0.003745379 ustep: 1 
iter: 4  value: 1506.053 mgc: 3.010833e-06 ustep: 1 
iter: 5  mgc: 1.949108e-12 
iter: 1  mgc: 1.949108e-12 
outer mgc:  233.7642 
iter: 1  value: 1430.054 mgc: 27.81531 ustep: 1 
iter: 2  value: 1427.957 mgc: 2.397023 ustep: 1 
iter: 3  value: 1427.956 mgc: 0.05750549 ustep: 1 
iter: 4  value: 1427.956 mgc: 0.0001080662 ustep: 1 
iter: 5  mgc: 3.839452e-10 
iter: 1  mgc: 3.839452e-10 
outer mgc:  158.177 
iter: 1  value: 1351.169 mgc: 14.66249 ustep: 1 
iter: 2  value: 1350.938 mgc: 0.629679 ustep: 1 
iter: 3  value: 1350.938 mgc: 0.006952146 ustep: 1 
iter: 4  value: 1350.938 mgc: 2.323639e-06 ustep: 1 
iter: 5  mgc: 1.129763e-12 
iter: 1  mgc: 1.129763e-12 
outer mgc:  98.6102 
iter: 1  value: 1359.008 mgc: 27.94739 ustep: 1 
iter: 2  value: 1348.471 mgc: 5.772657 ustep: 1 
iter: 3  value: 1348.461 mgc: 0.2275709 ustep: 1 
iter: 4  value: 1348.461 mgc: 0.0006762836 ustep: 1 
iter: 5  mgc: 6.036373e-09 
iter: 1  value: 1324.434 mgc: 17.60894 ustep: 1 
iter: 2  value: 1323.488 mgc: 1.764131 ustep: 1 
iter: 3  value: 1323.488 mgc: 0.02056744 ustep: 1 
iter: 4  value: 1323.488 mgc: 5.111321e-06 ustep: 1 
iter: 5  mgc: 3.6815e-13 
iter: 1  mgc: 3.6815e-13 
outer mgc:  83.15005 
iter: 1  value: 1292.494 mgc: 8.378948 ustep: 1 
iter: 2  value: 1292.41 mgc: 0.3824448 ustep: 1 
iter: 3  value: 1292.41 mgc: 0.002067164 ustep: 1 
iter: 4  value: 1292.41 mgc: 5.614495e-07 ustep: 1 
iter: 5  mgc: 4.751755e-14 
iter: 1  mgc: 4.751755e-14 
outer mgc:  29.95641 
iter: 1  value: 1271.821 mgc: 18.83117 ustep: 1 
iter: 2  value: 1271.025 mgc: 1.439587 ustep: 1 
iter: 3  value: 1271.024 mgc: 0.02216059 ustep: 1 
iter: 4  value: 1271.024 mgc: 8.207336e-06 ustep: 1 
iter: 5  mgc: 1.596279e-12 
iter: 1  mgc: 1.596279e-12 
outer mgc:  60.35563 
iter: 1  value: 1238.377 mgc: 22.91489 ustep: 1 
iter: 2  value: 1233.933 mgc: 2.783736 ustep: 1 
iter: 3  value: 1233.927 mgc: 0.08886678 ustep: 1 
iter: 4  value: 1233.927 mgc: 0.0005768694 ustep: 1 
iter: 5  value: 1233.927 mgc: 2.452089e-08 ustep: 1 
mgc: 2.617351e-14 
iter: 1  mgc: 2.617351e-14 
outer mgc:  71.79199 
iter: 1  value: 1289.565 mgc: 43.40328 ustep: 1 
iter: 2  value: 1288.131 mgc: 2.478861 ustep: 1 
iter: 3  value: 1288.131 mgc: 0.04922499 ustep: 1 
iter: 4  value: 1288.131 mgc: 2.172328e-05 ustep: 1 
iter: 5  mgc: 1.039835e-11 
iter: 1  value: 1225.271 mgc: 13.35531 ustep: 1 
iter: 2  value: 1225.195 mgc: 0.4914851 ustep: 1 
iter: 3  value: 1225.195 mgc: 0.00109127 ustep: 1 
iter: 4  value: 1225.195 mgc: 1.570423e-08 ustep: 1 
mgc: 3.68594e-14 
iter: 1  mgc: 3.68594e-14 
outer mgc:  52.56688 
iter: 1  value: 1221.273 mgc: 14.42374 ustep: 1 
iter: 2  value: 1221.226 mgc: 0.3642117 ustep: 1 
iter: 3  value: 1221.226 mgc: 0.0007049299 ustep: 1 
iter: 4  mgc: 1.155687e-09 
iter: 1  mgc: 1.155687e-09 
outer mgc:  84.17903 
iter: 1  value: 1210.227 mgc: 10.06453 ustep: 1 
iter: 2  value: 1210.211 mgc: 0.1984078 ustep: 1 
iter: 3  value: 1210.211 mgc: 0.0001913113 ustep: 1 
iter: 4  mgc: 8.769638e-10 
iter: 1  mgc: 8.769638e-10 
outer mgc:  46.88888 
iter: 1  value: 1208.081 mgc: 10.13918 ustep: 1 
iter: 2  value: 1208.024 mgc: 0.4421024 ustep: 1 
iter: 3  value: 1208.024 mgc: 0.00159358 ustep: 1 
iter: 4  value: 1208.024 mgc: 2.867246e-08 ustep: 1 
mgc: 2.531308e-14 
iter: 1  mgc: 2.531308e-14 
outer mgc:  56.16413 
iter: 1  value: 1199.447 mgc: 4.384099 ustep: 1 
iter: 2  value: 1199.444 mgc: 0.08341233 ustep: 1 
iter: 3  value: 1199.444 mgc: 5.002133e-05 ustep: 1 
iter: 4  mgc: 2.933698e-11 
iter: 1  mgc: 2.933698e-11 
outer mgc:  33.41875 
iter: 1  value: 1199.393 mgc: 6.890796 ustep: 1 
iter: 2  value: 1199.389 mgc: 0.1229193 ustep: 1 
iter: 3  value: 1199.389 mgc: 0.0001107255 ustep: 1 
iter: 4  mgc: 2.05838e-10 
iter: 1  value: 1199.71 mgc: 6.039224 ustep: 1 
iter: 2  value: 1199.709 mgc: 0.08098406 ustep: 1 
iter: 3  value: 1199.709 mgc: 2.592011e-05 ustep: 1 
iter: 4  mgc: 1.378342e-12 
iter: 1  value: 1197.702 mgc: 2.778565 ustep: 1 
iter: 2  value: 1197.702 mgc: 0.01692821 ustep: 1 
iter: 3  value: 1197.702 mgc: 1.165625e-06 ustep: 1 
iter: 4  mgc: 2.575717e-14 
iter: 1  mgc: 2.575717e-14 
outer mgc:  9.116734 
iter: 1  value: 1196.396 mgc: 2.452676 ustep: 1 
iter: 2  value: 1196.396 mgc: 0.005635145 ustep: 1 
iter: 3  value: 1196.396 mgc: 1.922984e-07 ustep: 1 
iter: 4  mgc: 2.753353e-14 
iter: 1  mgc: 2.753353e-14 
outer mgc:  11.032 
iter: 1  value: 1195.554 mgc: 2.468169 ustep: 1 
iter: 2  value: 1195.554 mgc: 0.007657804 ustep: 1 
iter: 3  value: 1195.554 mgc: 2.678886e-07 ustep: 1 
iter: 4  mgc: 3.597123e-14 
iter: 1  mgc: 3.597123e-14 
outer mgc:  15.24371 
iter: 1  value: 1194.066 mgc: 1.869802 ustep: 1 
iter: 2  value: 1194.066 mgc: 0.004695852 ustep: 1 
iter: 3  value: 1194.066 mgc: 1.235052e-07 ustep: 1 
mgc: 2.309264e-14 
iter: 1  mgc: 2.309264e-14 
outer mgc:  7.286435 
iter: 1  value: 1191.867 mgc: 2.022997 ustep: 1 
iter: 2  value: 1191.867 mgc: 0.005202244 ustep: 1 
iter: 3  value: 1191.867 mgc: 1.815774e-07 ustep: 1 
iter: 4  mgc: 3.641532e-14 
iter: 1  mgc: 3.641532e-14 
outer mgc:  16.63622 
iter: 1  value: 1189.148 mgc: 3.606976 ustep: 1 
iter: 2  value: 1189.148 mgc: 0.0147237 ustep: 1 
iter: 3  value: 1189.148 mgc: 5.816026e-06 ustep: 1 
iter: 4  mgc: 2.557954e-12 
iter: 1  mgc: 2.557954e-12 
outer mgc:  9.273488 
iter: 1  value: 1186.518 mgc: 4.559077 ustep: 1 
iter: 2  value: 1186.517 mgc: 0.05653035 ustep: 1 
iter: 3  value: 1186.517 mgc: 4.792784e-05 ustep: 1 
iter: 4  mgc: 3.900569e-11 
iter: 1  mgc: 3.900569e-11 
outer mgc:  20.31899 
iter: 1  value: 1182.624 mgc: 4.658685 ustep: 1 
iter: 2  value: 1182.623 mgc: 0.05163454 ustep: 1 
iter: 3  value: 1182.623 mgc: 3.525123e-05 ustep: 1 
iter: 4  mgc: 1.692602e-11 
iter: 1  value: 1185.189 mgc: 2.839746 ustep: 1 
iter: 2  value: 1185.189 mgc: 0.03041404 ustep: 1 
iter: 3  value: 1185.189 mgc: 1.044053e-05 ustep: 1 
iter: 4  mgc: 1.317169e-12 
iter: 1  mgc: 1.317169e-12 
outer mgc:  26.31305 
iter: 1  value: 1183.519 mgc: 3.670519 ustep: 1 
iter: 2  value: 1183.518 mgc: 0.02720035 ustep: 1 
iter: 3  value: 1183.518 mgc: 5.527907e-06 ustep: 1 
iter: 4  mgc: 3.401723e-13 
iter: 1  mgc: 3.401723e-13 
outer mgc:  23.76056 
iter: 1  value: 1182.074 mgc: 3.014593 ustep: 1 
iter: 2  value: 1182.074 mgc: 0.01427749 ustep: 1 
iter: 3  value: 1182.074 mgc: 1.180649e-06 ustep: 1 
iter: 4  mgc: 3.241851e-14 
iter: 1  mgc: 3.241851e-14 
outer mgc:  16.70706 
iter: 1  value: 1182.567 mgc: 2.505644 ustep: 1 
iter: 2  value: 1182.567 mgc: 0.03250213 ustep: 1 
iter: 3  value: 1182.567 mgc: 5.606587e-06 ustep: 1 
iter: 4  mgc: 2.944311e-13 
iter: 1  mgc: 2.944311e-13 
outer mgc:  10.81895 
iter: 1  value: 1182.415 mgc: 2.713816 ustep: 1 
iter: 2  value: 1182.415 mgc: 0.03627066 ustep: 1 
iter: 3  value: 1182.415 mgc: 7.373856e-06 ustep: 1 
iter: 4  mgc: 6.412648e-13 
iter: 1  mgc: 6.412648e-13 
outer mgc:  12.57174 
iter: 1  value: 1181.854 mgc: 2.885834 ustep: 1 
iter: 2  value: 1181.854 mgc: 0.01022374 ustep: 1 
iter: 3  value: 1181.854 mgc: 9.938324e-07 ustep: 1 
iter: 4  mgc: 2.398082e-14 
iter: 1  value: 1182.091 mgc: 1.639797 ustep: 1 
iter: 2  value: 1182.091 mgc: 0.002844538 ustep: 1 
iter: 3  value: 1182.091 mgc: 3.931688e-08 ustep: 1 
mgc: 2.4869e-14 
iter: 1  mgc: 2.4869e-14 
outer mgc:  8.423558 
iter: 1  value: 1181.699 mgc: 0.9437815 ustep: 1 
iter: 2  value: 1181.699 mgc: 0.001898977 ustep: 1 
iter: 3  value: 1181.699 mgc: 2.013264e-08 ustep: 1 
mgc: 3.130829e-14 
iter: 1  mgc: 3.130829e-14 
outer mgc:  5.857315 
iter: 1  value: 1181.359 mgc: 0.9915954 ustep: 1 
iter: 2  value: 1181.359 mgc: 0.001644501 ustep: 1 
iter: 3  mgc: 5.580624e-09 
iter: 1  mgc: 5.580624e-09 
outer mgc:  5.376453 
iter: 1  value: 1181.131 mgc: 0.549458 ustep: 1 
iter: 2  value: 1181.131 mgc: 0.0005489443 ustep: 1 
iter: 3  mgc: 6.186304e-09 
iter: 1  mgc: 6.186304e-09 
outer mgc:  3.096331 
iter: 1  value: 1180.615 mgc: 0.5785044 ustep: 1 
iter: 2  value: 1180.615 mgc: 0.001282117 ustep: 1 
iter: 3  value: 1180.615 mgc: 2.045218e-08 ustep: 1 
mgc: 1.953993e-14 
iter: 1  mgc: 1.953993e-14 
outer mgc:  1.24667 
iter: 1  value: 1180.368 mgc: 0.7416612 ustep: 1 
iter: 2  value: 1180.368 mgc: 0.001588564 ustep: 1 
iter: 3  value: 1180.368 mgc: 3.304019e-08 ustep: 1 
mgc: 3.552714e-14 
iter: 1  mgc: 3.552714e-14 
outer mgc:  2.34395 
iter: 1  value: 1180.204 mgc: 0.4770194 ustep: 1 
iter: 2  value: 1180.204 mgc: 0.0005985552 ustep: 1 
iter: 3  value: 1180.204 mgc: 2.412329e-08 ustep: 1 
mgc: 2.065015e-14 
iter: 1  mgc: 2.065015e-14 
outer mgc:  3.138412 
iter: 1  value: 1179.956 mgc: 0.4767351 ustep: 1 
iter: 2  value: 1179.956 mgc: 0.0008810461 ustep: 1 
iter: 3  value: 1179.956 mgc: 1.076774e-08 ustep: 1 
mgc: 2.930989e-14 
iter: 1  mgc: 2.930989e-14 
outer mgc:  2.360925 
iter: 1  value: 1179.776 mgc: 0.2059459 ustep: 1 
iter: 2  value: 1179.776 mgc: 0.0002097969 ustep: 1 
iter: 3  mgc: 3.419202e-09 
iter: 1  mgc: 3.419202e-09 
outer mgc:  0.6627309 
iter: 1  value: 1179.554 mgc: 0.437181 ustep: 1 
iter: 2  value: 1179.554 mgc: 0.0002493787 ustep: 1 
iter: 3  mgc: 6.094156e-10 
iter: 1  mgc: 6.094156e-10 
outer mgc:  1.853143 
iter: 1  value: 1179.284 mgc: 0.3554946 ustep: 1 
iter: 2  value: 1179.284 mgc: 0.0002504533 ustep: 1 
iter: 3  mgc: 6.516396e-10 
iter: 1  mgc: 6.516396e-10 
outer mgc:  1.713702 
iter: 1  value: 1179.121 mgc: 0.3298431 ustep: 1 
iter: 2  value: 1179.121 mgc: 0.0003417522 ustep: 1 
iter: 3  mgc: 1.117331e-09 
iter: 1  mgc: 1.117331e-09 
outer mgc:  1.941877 
iter: 1  value: 1178.919 mgc: 0.1854967 ustep: 1 
iter: 2  value: 1178.919 mgc: 0.0002082483 ustep: 1 
iter: 3  mgc: 2.147695e-10 
iter: 1  mgc: 2.147695e-10 
outer mgc:  1.040192 
iter: 1  value: 1178.788 mgc: 0.3981557 ustep: 1 
iter: 2  value: 1178.788 mgc: 0.0004583414 ustep: 1 
iter: 3  mgc: 1.960386e-09 
iter: 1  value: 1178.867 mgc: 0.2058192 ustep: 1 
iter: 2  value: 1178.867 mgc: 6.993539e-05 ustep: 1 
iter: 3  mgc: 3.79643e-11 
iter: 1  value: 1178.908 mgc: 0.1759426 ustep: 1 
iter: 2  value: 1178.908 mgc: 7.600474e-05 ustep: 1 
iter: 3  mgc: 2.10747e-11 
iter: 1  value: 1178.911 mgc: 0.08392656 ustep: 1 
iter: 2  value: 1178.911 mgc: 1.728368e-05 ustep: 1 
iter: 3  mgc: 1.094236e-12 
iter: 1  mgc: 1.094236e-12 
outer mgc:  0.7689668 
iter: 1  value: 1178.897 mgc: 0.1433061 ustep: 1 
iter: 2  value: 1178.897 mgc: 2.874635e-05 ustep: 1 
iter: 3  mgc: 3.395506e-12 
iter: 1  mgc: 3.395506e-12 
outer mgc:  1.158891 
iter: 1  value: 1178.894 mgc: 0.07888243 ustep: 1 
iter: 2  value: 1178.894 mgc: 5.567272e-06 ustep: 1 
iter: 3  mgc: 1.512124e-13 
iter: 1  mgc: 1.512124e-13 
outer mgc:  0.3360566 
iter: 1  value: 1178.871 mgc: 0.05827302 ustep: 1 
iter: 2  value: 1178.871 mgc: 8.868475e-06 ustep: 1 
iter: 3  mgc: 1.307399e-12 
iter: 1  mgc: 1.307399e-12 
outer mgc:  0.5359278 
iter: 1  value: 1178.846 mgc: 0.08258609 ustep: 1 
iter: 2  value: 1178.846 mgc: 2.413377e-05 ustep: 1 
iter: 3  mgc: 7.005507e-12 
iter: 1  mgc: 7.005507e-12 
outer mgc:  0.477619 
iter: 1  value: 1178.841 mgc: 0.06382285 ustep: 1 
iter: 2  value: 1178.841 mgc: 9.033926e-06 ustep: 1 
iter: 3  mgc: 1.971756e-13 
iter: 1  mgc: 1.971756e-13 
outer mgc:  0.2916289 
iter: 1  value: 1178.808 mgc: 0.0414757 ustep: 1 
iter: 2  value: 1178.808 mgc: 5.675927e-06 ustep: 1 
iter: 3  mgc: 5.674905e-13 
iter: 1  mgc: 5.674905e-13 
outer mgc:  0.230567 
iter: 1  value: 1178.773 mgc: 0.08509162 ustep: 1 
iter: 2  value: 1178.773 mgc: 2.579443e-05 ustep: 1 
iter: 3  mgc: 7.554846e-12 
iter: 1  mgc: 7.554846e-12 
outer mgc:  0.2139308 
iter: 1  value: 1178.75 mgc: 0.05130143 ustep: 1 
iter: 2  value: 1178.75 mgc: 5.374251e-06 ustep: 1 
iter: 3  mgc: 4.624079e-13 
iter: 1  mgc: 4.624079e-13 
outer mgc:  0.3365115 
iter: 1  value: 1178.697 mgc: 0.07840922 ustep: 1 
iter: 2  value: 1178.697 mgc: 6.691018e-06 ustep: 1 
iter: 3  mgc: 3.650413e-13 
iter: 1  mgc: 3.650413e-13 
outer mgc:  0.2331711 
iter: 1  value: 1178.676 mgc: 0.043285 ustep: 1 
iter: 2  value: 1178.676 mgc: 3.939783e-06 ustep: 1 
iter: 3  mgc: 1.081357e-12 
iter: 1  mgc: 1.081357e-12 
outer mgc:  0.171398 
iter: 1  value: 1178.656 mgc: 0.04681494 ustep: 1 
iter: 2  value: 1178.656 mgc: 5.707063e-06 ustep: 1 
iter: 3  mgc: 1.446343e-13 
iter: 1  mgc: 1.446343e-13 
outer mgc:  0.1385614 
iter: 1  value: 1178.603 mgc: 0.04047692 ustep: 1 
iter: 2  value: 1178.603 mgc: 2.696636e-06 ustep: 1 
iter: 3  mgc: 1.558753e-13 
iter: 1  mgc: 1.558753e-13 
outer mgc:  0.1938677 
iter: 1  value: 1178.569 mgc: 0.0693293 ustep: 1 
iter: 2  value: 1178.569 mgc: 1.182102e-05 ustep: 1 
iter: 3  mgc: 2.534639e-12 
iter: 1  mgc: 2.534639e-12 
outer mgc:  0.1853636 
iter: 1  value: 1178.562 mgc: 0.02632378 ustep: 1 
iter: 2  value: 1178.562 mgc: 2.488681e-06 ustep: 1 
iter: 3  mgc: 7.638334e-14 
iter: 1  mgc: 7.638334e-14 
outer mgc:  0.1398045 
iter: 1  value: 1178.508 mgc: 0.05114694 ustep: 1 
iter: 2  value: 1178.508 mgc: 6.773119e-06 ustep: 1 
iter: 3  mgc: 5.586642e-13 
iter: 1  mgc: 5.586642e-13 
outer mgc:  0.3211722 
iter: 1  value: 1178.496 mgc: 0.04165342 ustep: 1 
iter: 2  value: 1178.496 mgc: 7.970753e-06 ustep: 1 
iter: 3  mgc: 3.250733e-13 
iter: 1  mgc: 3.250733e-13 
outer mgc:  0.2160243 
iter: 1  value: 1178.484 mgc: 0.04264041 ustep: 1 
iter: 2  value: 1178.484 mgc: 7.702782e-06 ustep: 1 
iter: 3  mgc: 5.533352e-13 
iter: 1  mgc: 5.533352e-13 
outer mgc:  0.1720004 
iter: 1  value: 1178.474 mgc: 0.03334828 ustep: 1 
iter: 2  value: 1178.474 mgc: 4.268799e-06 ustep: 1 
iter: 3  mgc: 3.561595e-13 
iter: 1  mgc: 3.561595e-13 
outer mgc:  0.09859542 
iter: 1  value: 1178.465 mgc: 0.0317416 ustep: 1 
iter: 2  value: 1178.465 mgc: 3.131619e-06 ustep: 1 
iter: 3  mgc: 1.464384e-13 
iter: 1  mgc: 1.464384e-13 
outer mgc:  0.04833628 
iter: 1  value: 1178.436 mgc: 0.02882658 ustep: 1 
iter: 2  value: 1178.436 mgc: 2.626313e-06 ustep: 1 
iter: 3  mgc: 4.085621e-14 
iter: 1  value: 1178.453 mgc: 0.01447581 ustep: 1 
iter: 2  value: 1178.453 mgc: 8.258383e-07 ustep: 1 
iter: 3  mgc: 2.398082e-14 
iter: 1  mgc: 2.398082e-14 
outer mgc:  0.04211273 
iter: 1  value: 1178.461 mgc: 0.01190048 ustep: 1 
iter: 2  value: 1178.461 mgc: 3.514082e-07 ustep: 1 
iter: 3  mgc: 2.930989e-14 
iter: 1  value: 1178.456 mgc: 0.005932919 ustep: 1 
iter: 2  value: 1178.456 mgc: 7.075184e-08 ustep: 1 
mgc: 3.042011e-14 
iter: 1  mgc: 3.042011e-14 
outer mgc:  0.009615218 
iter: 1  value: 1178.456 mgc: 0.004707542 ustep: 1 
iter: 2  value: 1178.456 mgc: 6.588948e-08 ustep: 1 
iter: 3  mgc: 2.930989e-14 
iter: 1  value: 1178.456 mgc: 0.003667369 ustep: 1 
iter: 2  value: 1178.456 mgc: 3.051725e-08 ustep: 1 
mgc: 3.28626e-14 
iter: 1  value: 1178.456 mgc: 0.001430775 ustep: 1 
iter: 2  mgc: 4.617605e-09 
iter: 1  mgc: 4.617605e-09 
outer mgc:  0.009643418 
iter: 1  value: 1178.456 mgc: 0.001789077 ustep: 1 
iter: 2  mgc: 5.245431e-09 
iter: 1  mgc: 5.245431e-09 
outer mgc:  0.0107787 
iter: 1  value: 1178.456 mgc: 0.0009600213 ustep: 1 
iter: 2  mgc: 1.238134e-09 
iter: 1  mgc: 1.238134e-09 
outer mgc:  0.003903013 
iter: 1  value: 1178.456 mgc: 0.0005088934 ustep: 1 
iter: 2  mgc: 8.250289e-10 
iter: 1  mgc: 8.250289e-10 
outer mgc:  0.003508087 
iter: 1  value: 1178.456 mgc: 0.001347191 ustep: 1 
iter: 2  mgc: 4.282456e-09 
iter: 1  mgc: 4.282456e-09 
outer mgc:  0.001799867 
iter: 1  value: 1178.456 mgc: 0.001014452 ustep: 1 
iter: 2  mgc: 4.157334e-09 
iter: 1  mgc: 4.282456e-09 
iter: 1  mgc: 4.282456e-09 
outer mgc:  0.001799867 
iter: 1  value: 1178.455 mgc: 0.04994138 ustep: 1 
iter: 2  value: 1178.455 mgc: 4.695769e-06 ustep: 1 
iter: 3  mgc: 6.705747e-14 
outer mgc:  0.5698555 
iter: 1  value: 1178.457 mgc: 0.04992466 ustep: 1 
iter: 2  value: 1178.457 mgc: 4.697046e-06 ustep: 1 
iter: 3  mgc: 7.01661e-14 
outer mgc:  0.5709722 
iter: 1  value: 1178.456 mgc: 0.02630778 ustep: 1 
iter: 2  value: 1178.456 mgc: 1.377201e-06 ustep: 1 
iter: 3  mgc: 2.753353e-14 
outer mgc:  0.5353993 
iter: 1  value: 1178.456 mgc: 0.02630178 ustep: 1 
iter: 2  value: 1178.456 mgc: 1.377861e-06 ustep: 1 
iter: 3  mgc: 3.330669e-14 
outer mgc:  0.5367627 
iter: 1  value: 1178.456 mgc: 0.04665244 ustep: 1 
iter: 2  value: 1178.456 mgc: 8.615327e-06 ustep: 1 
iter: 3  mgc: 6.283862e-13 
outer mgc:  0.1461486 
iter: 1  value: 1178.455 mgc: 0.04663998 ustep: 1 
iter: 2  value: 1178.455 mgc: 8.623214e-06 ustep: 1 
iter: 3  mgc: 6.32383e-13 
outer mgc:  0.1489646 
iter: 1  value: 1178.457 mgc: 0.02745699 ustep: 1 
iter: 2  value: 1178.457 mgc: 2.887927e-06 ustep: 1 
iter: 3  mgc: 7.405188e-14 
outer mgc:  0.4361843 
iter: 1  value: 1178.455 mgc: 0.02745239 ustep: 1 
iter: 2  value: 1178.455 mgc: 2.888438e-06 ustep: 1 
iter: 3  mgc: 7.149836e-14 
outer mgc:  0.4336221 
iter: 1  value: 1178.455 mgc: 0.05067572 ustep: 1 
iter: 2  value: 1178.455 mgc: 8.52997e-06 ustep: 1 
iter: 3  mgc: 6.683543e-13 
outer mgc:  0.08378092 
iter: 1  value: 1178.456 mgc: 0.05067646 ustep: 1 
iter: 2  value: 1178.456 mgc: 8.537061e-06 ustep: 1 
iter: 3  mgc: 6.76792e-13 
outer mgc:  0.08300297 
iter: 1  value: 1178.456 mgc: 0.02791742 ustep: 1 
iter: 2  value: 1178.456 mgc: 3.56966e-06 ustep: 1 
iter: 3  mgc: 1.461054e-13 
outer mgc:  0.2529963 
iter: 1  value: 1178.455 mgc: 0.02792281 ustep: 1 
iter: 2  value: 1178.455 mgc: 3.571167e-06 ustep: 1 
iter: 3  mgc: 1.472156e-13 
outer mgc:  0.2530297 
iter: 1  value: 1178.458 mgc: 0.05583693 ustep: 1 
iter: 2  value: 1178.458 mgc: 4.177404e-06 ustep: 1 
iter: 3  mgc: 6.084022e-14 
outer mgc:  0.619164 
iter: 1  value: 1178.454 mgc: 0.05583274 ustep: 1 
iter: 2  value: 1178.454 mgc: 4.179894e-06 ustep: 1 
iter: 3  mgc: 6.439294e-14 
outer mgc:  0.6155789 
iter: 1  value: 1178.456 mgc: 0.0262204 ustep: 1 
iter: 2  value: 1178.456 mgc: 1.102565e-06 ustep: 1 
iter: 3  mgc: 2.930989e-14 
outer mgc:  0.6283714 
iter: 1  value: 1178.456 mgc: 0.02621424 ustep: 1 
iter: 2  value: 1178.456 mgc: 1.102267e-06 ustep: 1 
iter: 3  mgc: 2.831069e-14 
outer mgc:  0.6261875 
iter: 1  value: 1178.458 mgc: 0.00459498 ustep: 1 
iter: 2  value: 1178.458 mgc: 2.706597e-07 ustep: 1 
iter: 3  mgc: 2.309264e-14 
outer mgc:  0.03812252 
iter: 1  value: 1178.454 mgc: 0.0045963 ustep: 1 
iter: 2  value: 1178.454 mgc: 2.695871e-07 ustep: 1 
iter: 3  mgc: 2.309264e-14 
outer mgc:  0.03726059 
iter: 1  value: 1178.464 mgc: 0.003739449 ustep: 1 
iter: 2  value: 1178.464 mgc: 2.7663e-07 ustep: 1 
iter: 3  mgc: 3.075318e-14 
outer mgc:  0.02849931 
iter: 1  value: 1178.448 mgc: 0.003736313 ustep: 1 
iter: 2  value: 1178.448 mgc: 2.77148e-07 ustep: 1 
iter: 3  mgc: 3.774758e-14 
outer mgc:  0.02834897 
iter: 1  value: 1178.459 mgc: 0.003736968 ustep: 1 
iter: 2  value: 1178.459 mgc: 1.973584e-07 ustep: 1 
iter: 3  mgc: 2.842171e-14 
outer mgc:  0.03346306 
iter: 1  value: 1178.453 mgc: 0.003739736 ustep: 1 
iter: 2  value: 1178.453 mgc: 1.965466e-07 ustep: 1 
iter: 3  mgc: 2.4869e-14 
outer mgc:  0.03337607 
iter: 1  value: 1178.447 mgc: 0.008104542 ustep: 1 
iter: 2  value: 1178.447 mgc: 2.137621e-07 ustep: 1 
mgc: 2.176037e-14 
outer mgc:  0.004893177 
iter: 1  value: 1178.464 mgc: 0.008101285 ustep: 1 
iter: 2  value: 1178.464 mgc: 2.138873e-07 ustep: 1 
mgc: 2.930989e-14 
outer mgc:  0.007158563 
iter: 1  value: 1178.457 mgc: 0.01003104 ustep: 1 
iter: 2  value: 1178.457 mgc: 1.731892e-07 ustep: 1 
iter: 3  mgc: 3.197442e-14 
outer mgc:  0.02359836 
iter: 1  value: 1178.454 mgc: 0.01002781 ustep: 1 
iter: 2  value: 1178.454 mgc: 1.732434e-07 ustep: 1 
iter: 3  mgc: 2.753353e-14 
outer mgc:  0.02296194 
iter: 1  value: 1178.457 mgc: 0.009886398 ustep: 1 
iter: 2  value: 1178.457 mgc: 2.103193e-07 ustep: 1 
iter: 3  mgc: 2.353673e-14 
outer mgc:  0.02014348 
iter: 1  value: 1178.455 mgc: 0.009882966 ustep: 1 
iter: 2  value: 1178.455 mgc: 2.102126e-07 ustep: 1 
iter: 3  mgc: 1.998401e-14 
outer mgc:  0.02022504 
iter: 1  value: 1178.474 mgc: 0.03271084 ustep: 1 
iter: 2  value: 1178.474 mgc: 2.800564e-06 ustep: 1 
iter: 3  mgc: 1.150191e-13 
outer mgc:  0.163141 
iter: 1  value: 1178.438 mgc: 0.03281127 ustep: 1 
iter: 2  value: 1178.438 mgc: 2.807927e-06 ustep: 1 
iter: 3  mgc: 1.056932e-13 
outer mgc:  0.1599771 
iter: 1  value: 1178.465 mgc: 0.007439504 ustep: 1 
iter: 2  value: 1178.465 mgc: 1.095121e-06 ustep: 1 
iter: 3  mgc: 3.197442e-14 
outer mgc:  0.06773881 
iter: 1  value: 1178.447 mgc: 0.007453897 ustep: 1 
iter: 2  value: 1178.447 mgc: 1.096988e-06 ustep: 1 
iter: 3  mgc: 3.241851e-14 
outer mgc:  0.06884821 
iter: 1  value: 1178.467 mgc: 0.007086568 ustep: 1 
iter: 2  value: 1178.467 mgc: 1.556209e-06 ustep: 1 
iter: 3  mgc: 1.669775e-13 
outer mgc:  0.06343514 
iter: 1  value: 1178.445 mgc: 0.007101796 ustep: 1 
iter: 2  value: 1178.445 mgc: 1.557842e-06 ustep: 1 
iter: 3  mgc: 1.683098e-13 
outer mgc:  0.06191163 
iter: 1  value: 1178.47 mgc: 0.04559121 ustep: 1 
iter: 2  value: 1178.47 mgc: 5.164736e-06 ustep: 1 
iter: 3  mgc: 3.13527e-13 
outer mgc:  0.1623657 
iter: 1  value: 1178.441 mgc: 0.04571591 ustep: 1 
iter: 2  value: 1178.441 mgc: 5.174722e-06 ustep: 1 
iter: 3  mgc: 3.03757e-13 
outer mgc:  0.1657672 
[Mon Aug 16 07:29:08 2021]
Finished job 0.
1 of 1 steps (100%) done
