Building DAG of jobs...
Using shell: /usr/bin/bash
Provided cores: 1 (use --cores to define parallelism)
Rules claiming more threads will be scaled down.
Job counts:
	count	jobs
	1	inference_simulation_TMB_multiple
	1

[Sun Aug 15 22:54:52 2021]
rule inference_simulation_TMB_multiple:
    input: ../data/assessing_models_simulation/datasets/multiple_GenerationJnorm3_20_100_10_4_0.8_NA_NA_NA_dataset0.RDS
    output: ../data/assessing_models_simulation/inference_results/TMB/nlminb/multiple_GenerationJnorm3_20_100_10_4_0.8_diagREDMsinglelambda_NA_NA_NA_dataset0.RDS
    log: logs/inference/nlminb/simulation_GenerationJnorm3_20_100_10_4_0.8_ModeldiagREDMsinglelambda_NA_NA_NA_dataset0.log
    jobid: 0
    wildcards: optimiser=nlminb, datasetgeneration=GenerationJnorm3, n=20, nlambda=100, lmbda=10, d=4, beta_intensity=0.8, model=diagREDMsinglelambda, fixed_beta_intercept=NA, fixed_beta_slope=NA, sdRE_input=NA, itnum=0

Rscript 2_inference_TMB/run_TMB.R --input ../data/assessing_models_simulation/datasets/multiple_GenerationJnorm3_20_100_10_4_0.8_NA_NA_NA_dataset0.RDS --output ../data/assessing_models_simulation/inference_results/TMB/nlminb/multiple_GenerationJnorm3_20_100_10_4_0.8_diagREDMsinglelambda_NA_NA_NA_dataset0.RDS --model diagREDMsinglelambda --optimiser nlminb
Model: diagREDMsinglelambda 
Feature type: signatures 
Using nlminb: TRUE 
Simulation boolean: TRUE 
make: Nothing to be done for 'all'.
../data/assessing_models_simulation/datasets/multiple_GenerationJnorm3_20_100_10_4_0.8_NA_NA_NA_dataset0.RDS[1] "../data/assessing_models_simulation/datasets/multiple_GenerationJnorm3_20_100_10_4_0.8_NA_NA_NA_dataset0.RDS"
Reading file ../data/assessing_models_simulation/datasets/multiple_GenerationJnorm3_20_100_10_4_0.8_NA_NA_NA_dataset0.RDS 
Loading required package: nnet
# weights:  12 (6 variable)
initial  value 5596.470336 
iter  10 value 4916.129168
final  value 4856.316163 
converged
Constructing atomic invpd
Constructing atomic D_lgamma
Constructing atomic invpd
Constructing atomic D_lgamma
Constructing atomic matmul
Constructing atomic invpd
Constructing atomic D_lgamma
Constructing atomic matmul
Optimizing tape... Done
iter: 1  value: 4439.031 mgc: 5.304582 ustep: 1 
iter: 2  value: 4420.13 mgc: 7.077848 ustep: 1 
iter: 3  value: 4410.234 mgc: 5.467899 ustep: 0.8994163 
iter: 4  value: 4402.971 mgc: 6.632782 ustep: 0.772724 
iter: 5  value: 4394.974 mgc: 3.012954 ustep: 0.4101874 
iter: 6  value: 4394.273 mgc: 1.480075 ustep: 0.6404947 
iter: 7  value: 4394.266 mgc: 0.09944981 ustep: 0.8003291 
iter: 8  value: 4394.266 mgc: 0.01627512 ustep: 0.8946217 
iter: 9  value: 4394.265 mgc: 0.001538998 ustep: 0.9458498 
iter: 10  value: 4394.265 mgc: 8.006049e-05 ustep: 0.9725509 
iter: 11  value: 4394.265 mgc: 2.180995e-06 ustep: 0.9861813 
iter: 12  value: 4394.265 mgc: 3.025887e-08 ustep: 0.9930673 
iter: 13  mgc: 2.113908e-10 
iter: 1  mgc: 2.113908e-10 
Matching hessian patterns... Done
outer mgc:  20.64113 
iter: 1  value: 4355.602 mgc: 2.055036 ustep: 1 
iter: 2  value: 4355.433 mgc: 0.4348453 ustep: 1 
iter: 3  value: 4355.433 mgc: 0.009163869 ustep: 1 
iter: 4  value: 4355.433 mgc: 4.593192e-06 ustep: 1 
iter: 5  mgc: 2.392142e-12 
iter: 1  value: 4366.003 mgc: 17.27025 ustep: 0.1782962 
iter: 2  value: 4338.034 mgc: 13.76507 ustep: 0.4223091 
iter: 3  value: 4337.201 mgc: 2.964805 ustep: 0.6498882 
iter: 4  value: 4337.191 mgc: 0.2238945 ustep: 0.8061758 
iter: 5  value: 4337.191 mgc: 0.01314434 ustep: 0.8978831 
iter: 6  value: 4337.191 mgc: 0.0003729861 ustep: 0.9475722 
iter: 7  value: 4337.191 mgc: 1.236458e-05 ustep: 0.9734359 
iter: 8  value: 4337.191 mgc: 2.07959e-07 ustep: 0.9866299 
iter: 9  mgc: 1.857309e-09 
iter: 1  mgc: 2.392142e-12 
outer mgc:  24.02322 
iter: 1  value: 4361.313 mgc: 5.832529 ustep: 1 
iter: 2  value: 4329.499 mgc: 10.05415 ustep: 0.196635 
iter: 3  value: 4326.336 mgc: 6.370064 ustep: 0.4434911 
iter: 4  value: 4325.331 mgc: 8.183485 ustep: 0.4220172 
iter: 5  value: 4322.714 mgc: 6.420316 ustep: 0.4080669 
iter: 6  value: 4318.247 mgc: 7.126607 ustep: 0.6388373 
iter: 7  value: 4316.869 mgc: 3.445701 ustep: 0.7992931 
iter: 8  value: 4316.851 mgc: 0.3339736 ustep: 0.8940425 
iter: 9  value: 4316.851 mgc: 0.009297972 ustep: 0.9455437 
iter: 10  value: 4316.851 mgc: 0.0002757919 ustep: 0.9723935 
iter: 11  value: 4316.851 mgc: 5.397244e-06 ustep: 0.9861015 
iter: 12  value: 4316.851 mgc: 5.690174e-08 ustep: 0.9930271 
iter: 13  mgc: 3.083516e-10 
iter: 1  mgc: 3.083516e-10 
outer mgc:  11.32243 
iter: 1  value: 4285.625 mgc: 8.589535 ustep: 1 
iter: 2  value: 4282.141 mgc: 3.08048 ustep: 1 
iter: 3  value: 4282.135 mgc: 0.1586067 ustep: 1 
iter: 4  value: 4282.135 mgc: 0.001291464 ustep: 1 
iter: 5  value: 4282.135 mgc: 2.207042e-08 ustep: 1 
mgc: 6.883383e-15 
iter: 1  mgc: 6.883383e-15 
outer mgc:  13.9172 
iter: 1  value: 4274.892 mgc: 5.520275 ustep: 1 
iter: 2  value: 4272.053 mgc: 2.213751 ustep: 1 
iter: 3  value: 4272.045 mgc: 0.1298125 ustep: 1 
iter: 4  value: 4272.045 mgc: 0.0007717561 ustep: 1 
iter: 5  value: 4272.045 mgc: 2.929297e-08 ustep: 1 
mgc: 5.551115e-15 
iter: 1  mgc: 5.551115e-15 
outer mgc:  14.31069 
iter: 1  value: 4296.817 mgc: 4.163688 ustep: 1 
iter: 2  value: 4296.579 mgc: 0.5211828 ustep: 1 
iter: 3  value: 4296.579 mgc: 0.01023767 ustep: 1 
iter: 4  value: 4296.579 mgc: 4.401232e-06 ustep: 1 
iter: 5  mgc: 8.157919e-13 
iter: 1  value: 4267.222 mgc: 3.069255 ustep: 1 
iter: 2  value: 4266.959 mgc: 0.5231791 ustep: 1 
iter: 3  value: 4266.959 mgc: 0.01574244 ustep: 1 
iter: 4  value: 4266.959 mgc: 1.545177e-05 ustep: 1 
iter: 5  mgc: 1.499606e-11 
iter: 1  mgc: 1.499606e-11 
outer mgc:  4.247253 
iter: 1  value: 4262.968 mgc: 2.94577 ustep: 1 
iter: 2  value: 4262.928 mgc: 0.1702055 ustep: 1 
iter: 3  value: 4262.928 mgc: 0.001363023 ustep: 1 
iter: 4  value: 4262.928 mgc: 1.194319e-07 ustep: 1 
iter: 5  mgc: 7.52523e-15 
iter: 1  mgc: 7.52523e-15 
outer mgc:  6.455575 
iter: 1  value: 4263.572 mgc: 2.517361 ustep: 1 
iter: 2  value: 4263.563 mgc: 0.1120338 ustep: 1 
iter: 3  value: 4263.563 mgc: 0.0005061762 ustep: 1 
iter: 4  value: 4263.563 mgc: 2.249453e-08 ustep: 1 
mgc: 2.88658e-15 
iter: 1  mgc: 2.88658e-15 
outer mgc:  5.855349 
iter: 1  value: 4260.485 mgc: 1.197697 ustep: 1 
iter: 2  value: 4260.484 mgc: 0.03689946 ustep: 1 
iter: 3  value: 4260.484 mgc: 5.218475e-05 ustep: 1 
iter: 4  mgc: 1.237048e-10 
iter: 1  mgc: 1.237048e-10 
outer mgc:  1.312982 
iter: 1  value: 4258.586 mgc: 0.9360589 ustep: 1 
iter: 2  value: 4258.586 mgc: 0.02969577 ustep: 1 
iter: 3  value: 4258.586 mgc: 2.270062e-05 ustep: 1 
iter: 4  mgc: 1.624434e-11 
iter: 1  mgc: 1.624434e-11 
outer mgc:  2.906032 
iter: 1  value: 4258.538 mgc: 1.01536 ustep: 1 
iter: 2  value: 4258.538 mgc: 0.01276119 ustep: 1 
iter: 3  value: 4258.538 mgc: 4.826434e-06 ustep: 1 
iter: 4  mgc: 8.673062e-13 
iter: 1  mgc: 8.673062e-13 
outer mgc:  1.680265 
iter: 1  value: 4257.629 mgc: 0.5193281 ustep: 1 
iter: 2  value: 4257.629 mgc: 0.005382232 ustep: 1 
iter: 3  value: 4257.629 mgc: 5.831062e-07 ustep: 1 
iter: 4  mgc: 1.110223e-14 
iter: 1  mgc: 1.110223e-14 
outer mgc:  1.898853 
iter: 1  value: 4256.481 mgc: 0.4915173 ustep: 1 
iter: 2  value: 4256.481 mgc: 0.003773442 ustep: 1 
iter: 3  value: 4256.481 mgc: 7.761584e-07 ustep: 1 
iter: 4  mgc: 3.064216e-14 
iter: 1  mgc: 3.064216e-14 
outer mgc:  1.234472 
iter: 1  value: 4256.539 mgc: 0.8170404 ustep: 1 
iter: 2  value: 4256.539 mgc: 0.008810663 ustep: 1 
iter: 3  value: 4256.539 mgc: 2.659524e-06 ustep: 1 
iter: 4  mgc: 2.153833e-13 
iter: 1  value: 4256.484 mgc: 0.205946 ustep: 1 
iter: 2  value: 4256.484 mgc: 0.0005973024 ustep: 1 
iter: 3  value: 4256.484 mgc: 1.29002e-08 ustep: 1 
mgc: 5.995204e-15 
iter: 1  mgc: 5.995204e-15 
outer mgc:  0.6742641 
iter: 1  value: 4256.227 mgc: 0.1620999 ustep: 1 
iter: 2  value: 4256.227 mgc: 0.0006794555 ustep: 1 
iter: 3  value: 4256.227 mgc: 1.104356e-08 ustep: 1 
mgc: 6.439294e-15 
iter: 1  mgc: 6.439294e-15 
outer mgc:  0.2914781 
iter: 1  value: 4255.936 mgc: 0.1017871 ustep: 1 
iter: 2  value: 4255.936 mgc: 0.0004301984 ustep: 1 
iter: 3  value: 4255.936 mgc: 1.00926e-08 ustep: 1 
mgc: 4.884981e-15 
iter: 1  value: 4255.44 mgc: 0.1660283 ustep: 1 
iter: 2  value: 4255.44 mgc: 0.001149575 ustep: 1 
iter: 3  value: 4255.44 mgc: 7.348057e-08 ustep: 1 
iter: 4  mgc: 5.329071e-15 
iter: 1  mgc: 5.329071e-15 
outer mgc:  0.232847 
iter: 1  value: 4254.712 mgc: 0.2158825 ustep: 1 
iter: 2  value: 4254.712 mgc: 0.001721352 ustep: 1 
iter: 3  value: 4254.712 mgc: 1.620127e-07 ustep: 1 
iter: 4  mgc: 7.21645e-15 
iter: 1  mgc: 7.21645e-15 
outer mgc:  0.2729906 
iter: 1  value: 4254.984 mgc: 0.1334089 ustep: 1 
iter: 2  value: 4254.984 mgc: 0.0001037389 ustep: 1 
iter: 3  mgc: 1.95695e-10 
iter: 1  mgc: 1.95695e-10 
outer mgc:  0.1766211 
iter: 1  value: 4254.911 mgc: 0.1003695 ustep: 1 
iter: 2  value: 4254.911 mgc: 0.0003368242 ustep: 1 
iter: 3  mgc: 6.503817e-09 
iter: 1  value: 4254.877 mgc: 0.03953044 ustep: 1 
iter: 2  value: 4254.877 mgc: 5.068039e-05 ustep: 1 
iter: 3  mgc: 1.369727e-10 
iter: 1  mgc: 1.369727e-10 
outer mgc:  0.1841765 
iter: 1  value: 4254.913 mgc: 0.0307193 ustep: 1 
iter: 2  value: 4254.913 mgc: 2.573314e-05 ustep: 1 
iter: 3  mgc: 1.389999e-11 
iter: 1  mgc: 1.389999e-11 
outer mgc:  0.05820273 
iter: 1  value: 4254.91 mgc: 0.02609567 ustep: 1 
iter: 2  value: 4254.91 mgc: 1.419996e-05 ustep: 1 
iter: 3  mgc: 4.736211e-12 
iter: 1  mgc: 4.736211e-12 
outer mgc:  0.03117606 
iter: 1  value: 4254.919 mgc: 0.02152004 ustep: 1 
iter: 2  value: 4254.919 mgc: 9.160274e-06 ustep: 1 
iter: 3  mgc: 4.301448e-12 
iter: 1  mgc: 4.301448e-12 
outer mgc:  0.03167132 
iter: 1  value: 4254.933 mgc: 0.01691547 ustep: 1 
iter: 2  value: 4254.933 mgc: 3.43458e-06 ustep: 1 
iter: 3  mgc: 2.424727e-13 
iter: 1  mgc: 2.424727e-13 
outer mgc:  0.01976206 
iter: 1  value: 4254.926 mgc: 0.005298928 ustep: 1 
iter: 2  value: 4254.926 mgc: 6.479893e-07 ustep: 1 
iter: 3  mgc: 9.992007e-15 
iter: 1  mgc: 9.992007e-15 
outer mgc:  0.007772984 
iter: 1  value: 4254.925 mgc: 0.003176281 ustep: 1 
iter: 2  value: 4254.925 mgc: 1.372898e-07 ustep: 1 
iter: 3  mgc: 6.661338e-15 
iter: 1  mgc: 6.661338e-15 
outer mgc:  0.002505229 
iter: 1  value: 4254.926 mgc: 0.00113453 ustep: 1 
iter: 2  value: 4254.926 mgc: 2.958531e-08 ustep: 1 
mgc: 5.77316e-15 
iter: 1  mgc: 5.77316e-15 
outer mgc:  0.001589084 
iter: 1  mgc: 5.77316e-15 
iter: 1  mgc: 5.77316e-15 
outer mgc:  0.001589084 
iter: 1  value: 4254.925 mgc: 0.003734865 ustep: 1 
iter: 2  value: 4254.925 mgc: 5.100646e-07 ustep: 1 
iter: 3  mgc: 1.04361e-14 
outer mgc:  0.03306665 
iter: 1  value: 4254.928 mgc: 0.003730932 ustep: 1 
iter: 2  value: 4254.928 mgc: 5.097969e-07 ustep: 1 
iter: 3  mgc: 1.065814e-14 
outer mgc:  0.02987822 
iter: 1  value: 4254.925 mgc: 0.002326807 ustep: 1 
iter: 2  value: 4254.925 mgc: 1.812048e-07 ustep: 1 
iter: 3  mgc: 5.884182e-15 
outer mgc:  0.02275058 
iter: 1  value: 4254.927 mgc: 0.002325257 ustep: 1 
iter: 2  value: 4254.927 mgc: 1.811201e-07 ustep: 1 
iter: 3  mgc: 6.439294e-15 
outer mgc:  0.02049587 
iter: 1  value: 4254.926 mgc: 0.00589645 ustep: 1 
iter: 2  value: 4254.926 mgc: 6.030337e-07 ustep: 1 
iter: 3  mgc: 1.121325e-14 
outer mgc:  0.04392765 
iter: 1  value: 4254.926 mgc: 0.005893578 ustep: 1 
iter: 2  value: 4254.926 mgc: 6.031282e-07 ustep: 1 
iter: 3  mgc: 1.176836e-14 
outer mgc:  0.0450749 
iter: 1  value: 4254.926 mgc: 0.003210713 ustep: 1 
iter: 2  value: 4254.926 mgc: 2.121288e-07 ustep: 1 
iter: 3  mgc: 6.217249e-15 
outer mgc:  0.03201188 
iter: 1  value: 4254.927 mgc: 0.003210119 ustep: 1 
iter: 2  value: 4254.927 mgc: 2.120478e-07 ustep: 1 
iter: 3  mgc: 6.196432e-15 
outer mgc:  0.03137478 
iter: 1  value: 4254.927 mgc: 0.006902575 ustep: 1 
iter: 2  value: 4254.927 mgc: 7.53054e-07 ustep: 1 
iter: 3  mgc: 1.332268e-14 
outer mgc:  0.03227502 
iter: 1  value: 4254.926 mgc: 0.006901688 ustep: 1 
iter: 2  value: 4254.926 mgc: 7.547542e-07 ustep: 1 
iter: 3  mgc: 1.199041e-14 
outer mgc:  0.03354027 
iter: 1  value: 4254.928 mgc: 0.003624169 ustep: 1 
iter: 2  value: 4254.928 mgc: 2.486992e-07 ustep: 1 
iter: 3  mgc: 3.996803e-15 
outer mgc:  0.03525724 
iter: 1  value: 4254.925 mgc: 0.003625328 ustep: 1 
iter: 2  value: 4254.925 mgc: 2.493626e-07 ustep: 1 
iter: 3  mgc: 6.328271e-15 
outer mgc:  0.03637836 
iter: 1  value: 4254.933 mgc: 0.003217498 ustep: 1 
iter: 2  value: 4254.933 mgc: 3.446823e-07 ustep: 1 
iter: 3  mgc: 7.549517e-15 
outer mgc:  0.002214401 
iter: 1  value: 4254.92 mgc: 0.003220718 ustep: 1 
iter: 2  value: 4254.92 mgc: 3.44475e-07 ustep: 1 
iter: 3  mgc: 6.661338e-15 
outer mgc:  0.003146045 
iter: 1  value: 4254.932 mgc: 0.002729809 ustep: 1 
iter: 2  value: 4254.932 mgc: 6.686504e-08 ustep: 1 
iter: 3  mgc: 5.107026e-15 
outer mgc:  0.001427709 
iter: 1  value: 4254.92 mgc: 0.002732541 ustep: 1 
iter: 2  value: 4254.92 mgc: 6.684076e-08 ustep: 1 
iter: 3  mgc: 8.21565e-15 
outer mgc:  0.002575966 
iter: 1  value: 4254.93 mgc: 0.002462878 ustep: 1 
iter: 2  value: 4254.93 mgc: 5.936429e-08 ustep: 1 
iter: 3  mgc: 7.993606e-15 
outer mgc:  0.003640353 
iter: 1  value: 4254.923 mgc: 0.002465342 ustep: 1 
iter: 2  value: 4254.923 mgc: 5.938364e-08 ustep: 1 
iter: 3  mgc: 3.996803e-15 
outer mgc:  0.004212282 
iter: 1  value: 4254.917 mgc: 0.003354316 ustep: 1 
iter: 2  value: 4254.917 mgc: 2.661407e-07 ustep: 1 
iter: 3  mgc: 4.440892e-15 
outer mgc:  0.0344196 
iter: 1  value: 4254.935 mgc: 0.003353 ustep: 1 
iter: 2  value: 4254.935 mgc: 2.655588e-07 ustep: 1 
iter: 3  mgc: 4.440892e-15 
outer mgc:  0.03327041 
[Sun Aug 15 22:54:54 2021]
Finished job 0.
1 of 1 steps (100%) done
