Building DAG of jobs...
Using shell: /usr/bin/bash
Provided cores: 1 (use --cores to define parallelism)
Rules claiming more threads will be scaled down.
Job counts:
	count	jobs
	1	inference_simulation_TMB_multiple
	1

[Sat Aug 14 00:47:21 2021]
rule inference_simulation_TMB_multiple:
    input: ../data/assessing_models_simulation/datasets/multiple_GenerationJnorm3_50_100_80_4_0.005_NA_NA_NA_dataset0.RDS
    output: ../data/assessing_models_simulation/inference_results/TMB/nlminb/multiple_GenerationJnorm3_50_100_80_4_0.005_diagREDMsinglelambda_NA_NA_NA_dataset0.RDS
    log: logs/inference/nlminb/simulation_GenerationJnorm3_50_100_80_4_0.005_ModeldiagREDMsinglelambda_NA_NA_NA_dataset0.log
    jobid: 0
    wildcards: optimiser=nlminb, datasetgeneration=GenerationJnorm3, n=50, nlambda=100, lmbda=80, d=4, beta_intensity=0.005, model=diagREDMsinglelambda, fixed_beta_intercept=NA, fixed_beta_slope=NA, sdRE_input=NA, itnum=0

Rscript 2_inference_TMB/run_TMB.R --input ../data/assessing_models_simulation/datasets/multiple_GenerationJnorm3_50_100_80_4_0.005_NA_NA_NA_dataset0.RDS --output ../data/assessing_models_simulation/inference_results/TMB/nlminb/multiple_GenerationJnorm3_50_100_80_4_0.005_diagREDMsinglelambda_NA_NA_NA_dataset0.RDS --model diagREDMsinglelambda --optimiser nlminb
Model: diagREDMsinglelambda 
Feature type: signatures 
Using nlminb: TRUE 
Simulation boolean: TRUE 
make: Nothing to be done for 'all'.
../data/assessing_models_simulation/datasets/multiple_GenerationJnorm3_50_100_80_4_0.005_NA_NA_NA_dataset0.RDS[1] "../data/assessing_models_simulation/datasets/multiple_GenerationJnorm3_50_100_80_4_0.005_NA_NA_NA_dataset0.RDS"
Reading file ../data/assessing_models_simulation/datasets/multiple_GenerationJnorm3_50_100_80_4_0.005_NA_NA_NA_dataset0.RDS 
Loading required package: nnet
# weights:  12 (6 variable)
initial  value 13736.790824 
iter  10 value 12929.101196
final  value 12929.090311 
converged
Constructing atomic invpd
Constructing atomic D_lgamma
Constructing atomic invpd
Constructing atomic D_lgamma
Constructing atomic matmul
Constructing atomic invpd
Constructing atomic D_lgamma
Constructing atomic matmul
Optimizing tape... Done
iter: 1  value: 12918.23 mgc: 6.266282 ustep: 0.8994163 
iter: 2  value: 12873.83 mgc: 7.739305 ustep: 0.772724 
iter: 3  value: 12848.93 mgc: 4.775376 ustep: 0.6521695 
iter: 4  value: 12846.44 mgc: 4.103372 ustep: 0.8075894 
iter: 5  value: 12842.52 mgc: 4.583296 ustep: 0.8986699 
iter: 6  value: 12841.68 mgc: 1.977887 ustep: 0.9479872 
iter: 7  value: 12841.6 mgc: 0.6264723 ustep: 0.973649 
iter: 8  value: 12841.6 mgc: 0.02359098 ustep: 0.9867379 
iter: 9  value: 12841.6 mgc: 0.0001453403 ustep: 0.9933475 
iter: 10  value: 12841.6 mgc: 4.302823e-07 ustep: 0.9966685 
iter: 11  mgc: 8.458734e-10 
iter: 1  mgc: 8.458734e-10 
Matching hessian patterns... Done
outer mgc:  128.6557 
iter: 1  value: 12697.64 mgc: 1.272262 ustep: 1 
iter: 2  value: 12697.62 mgc: 0.1139492 ustep: 1 
iter: 3  value: 12697.62 mgc: 0.001691364 ustep: 1 
iter: 4  value: 12697.62 mgc: 3.795843e-07 ustep: 1 
iter: 5  mgc: 1.959544e-14 
iter: 1  value: 12515.25 mgc: 5.466989 ustep: 1 
iter: 2  value: 12515.07 mgc: 0.7435629 ustep: 1 
iter: 3  value: 12515.07 mgc: 0.007721854 ustep: 1 
iter: 4  value: 12515.07 mgc: 4.440992e-06 ustep: 1 
iter: 5  mgc: 2.481015e-12 
iter: 1  mgc: 2.481015e-12 
outer mgc:  25.26001 
iter: 1  value: 13234.32 mgc: 18.83129 ustep: 0.2494656 
iter: 2  value: 13096.45 mgc: 40.43581 ustep: 0.2243314 
iter: 3  value: 12883.9 mgc: 23.50178 ustep: 0.473689 
iter: 4  value: 12846.41 mgc: 14.99101 ustep: 0.1355438 
iter: 5  value: 12834.66 mgc: 8.737317 ustep: 0.1084384 
iter: 6  value: 12834.54 mgc: 0.8318253 ustep: 0.329367 
iter: 7  value: 12834.53 mgc: 0.19498 ustep: 0.5739476 
iter: 8  value: 12834.53 mgc: 0.02229889 ustep: 0.7576176 
iter: 9  value: 12834.53 mgc: 0.00126932 ustep: 0.8704252 
iter: 10  value: 12834.53 mgc: 3.654383e-05 ustep: 0.9329725 
iter: 11  value: 12834.53 mgc: 5.267112e-07 ustep: 0.9659084 
iter: 12  mgc: 5.47077e-09 
iter: 1  value: 12499.06 mgc: 3.026176 ustep: 1 
iter: 2  value: 12499 mgc: 0.2337883 ustep: 1 
iter: 3  value: 12499 mgc: 0.002644227 ustep: 1 
iter: 4  value: 12499 mgc: 5.397439e-07 ustep: 1 
iter: 5  mgc: 3.08642e-14 
iter: 1  mgc: 3.08642e-14 
outer mgc:  29.50805 
iter: 1  value: 12487.53 mgc: 6.53712 ustep: 1 
iter: 2  value: 12487.34 mgc: 0.4623574 ustep: 1 
iter: 3  value: 12487.34 mgc: 0.006260316 ustep: 1 
iter: 4  value: 12487.34 mgc: 1.295088e-06 ustep: 1 
iter: 5  mgc: 5.366541e-14 
iter: 1  mgc: 5.366541e-14 
outer mgc:  39.17238 
iter: 1  value: 12462.39 mgc: 6.013512 ustep: 1 
iter: 2  value: 12456.97 mgc: 2.04672 ustep: 1 
iter: 3  value: 12456.95 mgc: 0.1543324 ustep: 1 
iter: 4  value: 12456.95 mgc: 0.001672787 ustep: 1 
iter: 5  value: 12456.95 mgc: 2.035354e-07 ustep: 1 
iter: 6  mgc: 2.992051e-14 
iter: 1  mgc: 2.992051e-14 
outer mgc:  21.59724 
iter: 1  value: 12435.06 mgc: 9.115113 ustep: 1 
iter: 2  value: 12434.74 mgc: 1.04817 ustep: 1 
iter: 3  value: 12434.74 mgc: 0.008144595 ustep: 1 
iter: 4  value: 12434.74 mgc: 1.710279e-06 ustep: 1 
iter: 5  mgc: 8.104628e-14 
iter: 1  mgc: 8.104628e-14 
outer mgc:  40.06839 
iter: 1  value: 12410.41 mgc: 3.318952 ustep: 1 
iter: 2  value: 12410.4 mgc: 0.1742106 ustep: 1 
iter: 3  value: 12410.4 mgc: 0.000624277 ustep: 1 
iter: 4  mgc: 8.57796e-09 
iter: 1  mgc: 8.57796e-09 
outer mgc:  23.02049 
iter: 1  value: 12406.96 mgc: 5.743618 ustep: 1 
iter: 2  value: 12406.58 mgc: 0.651562 ustep: 1 
iter: 3  value: 12406.58 mgc: 0.01282549 ustep: 1 
iter: 4  value: 12406.58 mgc: 5.64782e-06 ustep: 1 
iter: 5  mgc: 1.084466e-12 
iter: 1  value: 12403.83 mgc: 3.013351 ustep: 1 
iter: 2  value: 12403.8 mgc: 0.1742398 ustep: 1 
iter: 3  value: 12403.8 mgc: 0.0008939451 ustep: 1 
iter: 4  value: 12403.8 mgc: 3.049405e-08 ustep: 1 
mgc: 2.930989e-14 
iter: 1  mgc: 2.930989e-14 
outer mgc:  21.07507 
iter: 1  value: 12399.89 mgc: 3.526846 ustep: 1 
iter: 2  value: 12399.82 mgc: 0.2812262 ustep: 1 
iter: 3  value: 12399.82 mgc: 0.002099069 ustep: 1 
iter: 4  value: 12399.82 mgc: 1.912593e-07 ustep: 1 
iter: 5  mgc: 3.019807e-14 
iter: 1  mgc: 3.019807e-14 
outer mgc:  14.90397 
iter: 1  value: 12397.34 mgc: 4.411659 ustep: 1 
iter: 2  value: 12397.29 mgc: 0.2709833 ustep: 1 
iter: 3  value: 12397.29 mgc: 0.002385132 ustep: 1 
iter: 4  value: 12397.29 mgc: 1.996852e-07 ustep: 1 
iter: 5  mgc: 2.575717e-14 
iter: 1  value: 12396.66 mgc: 2.322543 ustep: 1 
iter: 2  value: 12396.65 mgc: 0.09076869 ustep: 1 
iter: 3  value: 12396.65 mgc: 0.0002771591 ustep: 1 
iter: 4  mgc: 2.817325e-09 
iter: 1  mgc: 2.817325e-09 
outer mgc:  7.141505 
iter: 1  value: 12395.78 mgc: 2.677862 ustep: 1 
iter: 2  value: 12395.78 mgc: 0.05583183 ustep: 1 
iter: 3  value: 12395.78 mgc: 4.735422e-05 ustep: 1 
iter: 4  mgc: 3.744272e-11 
iter: 1  value: 12395.68 mgc: 1.186951 ustep: 1 
iter: 2  value: 12395.68 mgc: 0.01218484 ustep: 1 
iter: 3  value: 12395.68 mgc: 2.295769e-06 ustep: 1 
iter: 4  mgc: 7.860379e-14 
iter: 1  mgc: 7.860379e-14 
outer mgc:  6.296027 
iter: 1  value: 12394.62 mgc: 0.6738376 ustep: 1 
iter: 2  value: 12394.62 mgc: 0.006381334 ustep: 1 
iter: 3  value: 12394.62 mgc: 6.560471e-07 ustep: 1 
iter: 4  mgc: 3.697043e-14 
iter: 1  mgc: 3.697043e-14 
outer mgc:  6.714011 
iter: 1  value: 12392.39 mgc: 0.3444257 ustep: 1 
iter: 2  value: 12392.39 mgc: 0.002627918 ustep: 1 
iter: 3  value: 12392.39 mgc: 2.232641e-07 ustep: 1 
iter: 4  mgc: 3.419487e-14 
iter: 1  mgc: 3.419487e-14 
outer mgc:  5.14241 
iter: 1  value: 12391.03 mgc: 1.23556 ustep: 1 
iter: 2  value: 12391.03 mgc: 0.01964173 ustep: 1 
iter: 3  value: 12391.03 mgc: 8.319975e-06 ustep: 1 
iter: 4  mgc: 1.972644e-12 
iter: 1  mgc: 1.972644e-12 
outer mgc:  4.984632 
iter: 1  value: 12389.5 mgc: 1.40406 ustep: 1 
iter: 2  value: 12389.5 mgc: 0.0197691 ustep: 1 
iter: 3  value: 12389.5 mgc: 6.484506e-06 ustep: 1 
iter: 4  mgc: 7.796541e-13 
iter: 1  mgc: 7.796541e-13 
outer mgc:  3.473804 
iter: 1  value: 12388.84 mgc: 1.740999 ustep: 1 
iter: 2  value: 12388.84 mgc: 0.0508394 ustep: 1 
iter: 3  value: 12388.84 mgc: 5.178082e-05 ustep: 1 
iter: 4  mgc: 5.85012e-11 
iter: 1  mgc: 5.85012e-11 
outer mgc:  7.467525 
iter: 1  value: 12388.04 mgc: 2.142858 ustep: 1 
iter: 2  value: 12388.04 mgc: 0.05986915 ustep: 1 
iter: 3  value: 12388.04 mgc: 4.638293e-05 ustep: 1 
iter: 4  mgc: 2.308598e-11 
iter: 1  value: 12388.49 mgc: 1.224525 ustep: 1 
iter: 2  value: 12388.49 mgc: 0.01862059 ustep: 1 
iter: 3  value: 12388.49 mgc: 5.492357e-06 ustep: 1 
iter: 4  mgc: 5.745404e-13 
iter: 1  mgc: 5.745404e-13 
outer mgc:  5.068002 
iter: 1  value: 12388.29 mgc: 0.3558053 ustep: 1 
iter: 2  value: 12388.29 mgc: 0.0008360645 ustep: 1 
iter: 3  value: 12388.29 mgc: 1.732949e-08 ustep: 1 
mgc: 3.808065e-14 
iter: 1  mgc: 3.808065e-14 
outer mgc:  6.444447 
iter: 1  value: 12387.84 mgc: 0.2741954 ustep: 1 
iter: 2  value: 12387.84 mgc: 0.001024143 ustep: 1 
iter: 3  value: 12387.84 mgc: 1.502017e-08 ustep: 1 
mgc: 3.241851e-14 
iter: 1  mgc: 3.241851e-14 
outer mgc:  1.940714 
iter: 1  value: 12387.53 mgc: 0.3496418 ustep: 1 
iter: 2  value: 12387.53 mgc: 0.001784027 ustep: 1 
iter: 3  value: 12387.53 mgc: 6.43526e-08 ustep: 1 
mgc: 3.108624e-14 
iter: 1  mgc: 3.108624e-14 
outer mgc:  2.195698 
iter: 1  value: 12387.2 mgc: 0.4584184 ustep: 1 
iter: 2  value: 12387.2 mgc: 0.003143836 ustep: 1 
iter: 3  value: 12387.2 mgc: 2.617541e-07 ustep: 1 
iter: 4  mgc: 3.28626e-14 
iter: 1  mgc: 3.28626e-14 
outer mgc:  4.584426 
iter: 1  value: 12386.63 mgc: 0.4666445 ustep: 1 
iter: 2  value: 12386.63 mgc: 0.00245095 ustep: 1 
iter: 3  value: 12386.63 mgc: 5.875748e-08 ustep: 1 
iter: 4  mgc: 4.474199e-14 
iter: 1  mgc: 4.474199e-14 
outer mgc:  1.954778 
iter: 1  value: 12386.62 mgc: 0.4789083 ustep: 1 
iter: 2  value: 12386.62 mgc: 0.003786054 ustep: 1 
iter: 3  value: 12386.62 mgc: 4.439021e-07 ustep: 1 
iter: 4  mgc: 2.908784e-14 
iter: 1  mgc: 2.908784e-14 
outer mgc:  2.803773 
iter: 1  value: 12386.41 mgc: 0.6912636 ustep: 1 
iter: 2  value: 12386.41 mgc: 0.01008829 ustep: 1 
iter: 3  value: 12386.41 mgc: 2.223068e-06 ustep: 1 
iter: 4  mgc: 1.59428e-13 
iter: 1  value: 12386.48 mgc: 0.3603715 ustep: 1 
iter: 2  value: 12386.48 mgc: 0.002858872 ustep: 1 
iter: 3  value: 12386.48 mgc: 1.999464e-07 ustep: 1 
iter: 4  mgc: 2.997602e-14 
iter: 1  mgc: 2.997602e-14 
outer mgc:  0.9603123 
iter: 1  value: 12386.42 mgc: 0.2748671 ustep: 1 
iter: 2  value: 12386.42 mgc: 0.0007395631 ustep: 1 
iter: 3  mgc: 8.238003e-09 
iter: 1  mgc: 8.238003e-09 
outer mgc:  1.205924 
iter: 1  value: 12386.22 mgc: 0.2268397 ustep: 1 
iter: 2  value: 12386.22 mgc: 0.001197357 ustep: 1 
iter: 3  value: 12386.22 mgc: 3.404973e-08 ustep: 1 
mgc: 3.153033e-14 
iter: 1  mgc: 3.153033e-14 
outer mgc:  0.8537599 
iter: 1  value: 12386.14 mgc: 0.2254022 ustep: 1 
iter: 2  value: 12386.14 mgc: 0.0005231165 ustep: 1 
iter: 3  mgc: 3.57272e-09 
iter: 1  mgc: 3.57272e-09 
outer mgc:  1.615961 
iter: 1  value: 12386.04 mgc: 0.09849672 ustep: 1 
iter: 2  value: 12386.04 mgc: 0.0001342832 ustep: 1 
iter: 3  mgc: 2.876632e-10 
iter: 1  mgc: 2.876632e-10 
outer mgc:  0.4163057 
iter: 1  value: 12386.04 mgc: 0.2332678 ustep: 1 
iter: 2  value: 12386.04 mgc: 0.001262008 ustep: 1 
iter: 3  value: 12386.04 mgc: 3.688323e-08 ustep: 1 
mgc: 2.800538e-14 
iter: 1  value: 12386.06 mgc: 0.1457599 ustep: 1 
iter: 2  value: 12386.06 mgc: 0.0003907756 ustep: 1 
iter: 3  mgc: 3.500933e-09 
iter: 1  mgc: 3.500933e-09 
outer mgc:  1.105832 
iter: 1  value: 12386.02 mgc: 0.1385238 ustep: 1 
iter: 2  value: 12386.02 mgc: 0.0002101967 ustep: 1 
iter: 3  mgc: 6.937508e-10 
iter: 1  mgc: 6.937508e-10 
outer mgc:  0.2215908 
iter: 1  value: 12386 mgc: 0.05865396 ustep: 1 
iter: 2  value: 12386 mgc: 5.619859e-05 ustep: 1 
iter: 3  mgc: 6.525713e-11 
iter: 1  value: 12385.98 mgc: 0.09415416 ustep: 1 
iter: 2  value: 12385.98 mgc: 0.0001454741 ustep: 1 
iter: 3  mgc: 4.396572e-10 
iter: 1  mgc: 4.396572e-10 
outer mgc:  0.6546163 
iter: 1  value: 12385.85 mgc: 0.2242143 ustep: 1 
iter: 2  value: 12385.85 mgc: 0.00057929 ustep: 1 
iter: 3  mgc: 7.943443e-09 
iter: 1  mgc: 7.943443e-09 
outer mgc:  0.8389621 
iter: 1  value: 12385.68 mgc: 0.1602768 ustep: 1 
iter: 2  value: 12385.68 mgc: 0.0002484828 ustep: 1 
iter: 3  mgc: 8.88696e-10 
iter: 1  mgc: 8.88696e-10 
outer mgc:  0.4830657 
iter: 1  value: 12385.68 mgc: 0.07403122 ustep: 1 
iter: 2  value: 12385.68 mgc: 5.970082e-05 ustep: 1 
iter: 3  mgc: 3.423928e-11 
iter: 1  mgc: 3.423928e-11 
outer mgc:  0.2747818 
iter: 1  value: 12385.69 mgc: 0.02545729 ustep: 1 
iter: 2  value: 12385.69 mgc: 1.302388e-05 ustep: 1 
iter: 3  mgc: 3.897771e-12 
iter: 1  mgc: 3.897771e-12 
outer mgc:  0.1808182 
iter: 1  value: 12385.69 mgc: 0.02672574 ustep: 1 
iter: 2  value: 12385.69 mgc: 1.157383e-05 ustep: 1 
iter: 3  mgc: 1.864731e-12 
iter: 1  mgc: 1.864731e-12 
outer mgc:  0.08905043 
iter: 1  value: 12385.74 mgc: 0.02866114 ustep: 1 
iter: 2  value: 12385.74 mgc: 1.426439e-05 ustep: 1 
iter: 3  mgc: 4.940048e-12 
iter: 1  mgc: 4.940048e-12 
outer mgc:  0.05005939 
iter: 1  value: 12385.73 mgc: 0.02322394 ustep: 1 
iter: 2  value: 12385.73 mgc: 1.209759e-05 ustep: 1 
iter: 3  mgc: 3.330669e-12 
iter: 1  value: 12385.73 mgc: 0.007839779 ustep: 1 
iter: 2  value: 12385.73 mgc: 1.451198e-06 ustep: 1 
iter: 3  mgc: 4.440892e-14 
iter: 1  mgc: 4.440892e-14 
outer mgc:  0.04148487 
iter: 1  value: 12385.73 mgc: 0.005677256 ustep: 1 
iter: 2  value: 12385.73 mgc: 1.909561e-07 ustep: 1 
iter: 3  mgc: 3.308465e-14 
iter: 1  mgc: 3.308465e-14 
outer mgc:  0.02313586 
iter: 1  value: 12385.73 mgc: 0.008971422 ustep: 1 
iter: 2  value: 12385.73 mgc: 1.028182e-06 ustep: 1 
iter: 3  mgc: 3.93019e-14 
iter: 1  value: 12385.73 mgc: 0.005301449 ustep: 1 
iter: 2  value: 12385.73 mgc: 3.528659e-07 ustep: 1 
iter: 3  mgc: 3.819167e-14 
iter: 1  mgc: 3.819167e-14 
outer mgc:  0.02903642 
iter: 1  value: 12385.72 mgc: 0.002646919 ustep: 1 
iter: 2  value: 12385.72 mgc: 1.06396e-07 ustep: 1 
iter: 3  mgc: 2.697842e-14 
iter: 1  mgc: 2.697842e-14 
outer mgc:  0.008623855 
iter: 1  value: 12385.73 mgc: 0.002042089 ustep: 1 
iter: 2  value: 12385.73 mgc: 7.546723e-08 ustep: 1 
iter: 3  mgc: 2.620126e-14 
iter: 1  mgc: 2.620126e-14 
outer mgc:  0.004053367 
iter: 1  mgc: 2.620126e-14 
iter: 1  mgc: 2.620126e-14 
outer mgc:  0.004053367 
iter: 1  value: 12385.73 mgc: 0.01774396 ustep: 1 
iter: 2  value: 12385.73 mgc: 2.879634e-06 ustep: 1 
iter: 3  mgc: 1.072475e-13 
outer mgc:  0.1751407 
iter: 1  value: 12385.73 mgc: 0.01774036 ustep: 1 
iter: 2  value: 12385.73 mgc: 2.886377e-06 ustep: 1 
iter: 3  mgc: 9.85878e-14 
outer mgc:  0.1705926 
iter: 1  value: 12385.73 mgc: 0.009052747 ustep: 1 
iter: 2  value: 12385.73 mgc: 7.416873e-07 ustep: 1 
iter: 3  mgc: 2.353673e-14 
outer mgc:  0.2393435 
iter: 1  value: 12385.73 mgc: 0.009051704 ustep: 1 
iter: 2  value: 12385.73 mgc: 7.419991e-07 ustep: 1 
iter: 3  mgc: 2.88658e-14 
outer mgc:  0.242029 
iter: 1  value: 12385.72 mgc: 0.01265612 ustep: 1 
iter: 2  value: 12385.72 mgc: 3.102867e-06 ustep: 1 
iter: 3  mgc: 2.269296e-13 
outer mgc:  0.1227082 
iter: 1  value: 12385.73 mgc: 0.01264526 ustep: 1 
iter: 2  value: 12385.73 mgc: 3.107189e-06 ustep: 1 
iter: 3  mgc: 2.113865e-13 
outer mgc:  0.1307939 
iter: 1  value: 12385.73 mgc: 0.006894357 ustep: 1 
iter: 2  value: 12385.73 mgc: 1.091176e-06 ustep: 1 
iter: 3  mgc: 3.597123e-14 
outer mgc:  0.1182321 
iter: 1  value: 12385.73 mgc: 0.006888946 ustep: 1 
iter: 2  value: 12385.73 mgc: 1.091428e-06 ustep: 1 
iter: 3  mgc: 3.019807e-14 
outer mgc:  0.1166179 
iter: 1  value: 12385.73 mgc: 0.01684037 ustep: 1 
iter: 2  value: 12385.73 mgc: 3.283474e-06 ustep: 1 
iter: 3  mgc: 1.876832e-13 
outer mgc:  0.1488873 
iter: 1  value: 12385.73 mgc: 0.01683371 ustep: 1 
iter: 2  value: 12385.73 mgc: 3.290826e-06 ustep: 1 
iter: 3  mgc: 1.862399e-13 
outer mgc:  0.1479 
iter: 1  value: 12385.73 mgc: 0.008734111 ustep: 1 
iter: 2  value: 12385.73 mgc: 9.911242e-07 ustep: 1 
iter: 3  mgc: 2.664535e-14 
outer mgc:  0.2015326 
iter: 1  value: 12385.73 mgc: 0.008731874 ustep: 1 
iter: 2  value: 12385.73 mgc: 9.916916e-07 ustep: 1 
iter: 3  mgc: 3.674838e-14 
outer mgc:  0.2092807 
iter: 1  value: 12385.74 mgc: 0.003982143 ustep: 1 
iter: 2  value: 12385.74 mgc: 1.259988e-07 ustep: 1 
iter: 3  mgc: 3.996803e-14 
outer mgc:  0.01107028 
iter: 1  value: 12385.72 mgc: 0.003986127 ustep: 1 
iter: 2  value: 12385.72 mgc: 1.260739e-07 ustep: 1 
iter: 3  mgc: 3.28626e-14 
outer mgc:  0.01305007 
iter: 1  value: 12385.74 mgc: 0.003759241 ustep: 1 
iter: 2  value: 12385.74 mgc: 2.524057e-07 ustep: 1 
iter: 3  mgc: 3.952394e-14 
outer mgc:  0.007755014 
iter: 1  value: 12385.72 mgc: 0.003763002 ustep: 1 
iter: 2  value: 12385.72 mgc: 2.525821e-07 ustep: 1 
iter: 3  mgc: 2.575717e-14 
outer mgc:  0.01014633 
iter: 1  value: 12385.74 mgc: 0.005495595 ustep: 1 
iter: 2  value: 12385.74 mgc: 5.773942e-07 ustep: 1 
iter: 3  mgc: 3.774758e-14 
outer mgc:  0.01279956 
iter: 1  value: 12385.72 mgc: 0.005501093 ustep: 1 
iter: 2  value: 12385.72 mgc: 5.777769e-07 ustep: 1 
iter: 3  mgc: 2.509104e-14 
outer mgc:  0.01070811 
iter: 1  value: 12385.7 mgc: 0.002707366 ustep: 1 
iter: 2  value: 12385.7 mgc: 1.386215e-07 ustep: 1 
iter: 3  mgc: 3.419487e-14 
outer mgc:  0.0347743 
iter: 1  value: 12385.76 mgc: 0.002707269 ustep: 1 
iter: 2  value: 12385.76 mgc: 1.3865e-07 ustep: 1 
iter: 3  mgc: 2.975398e-14 
outer mgc:  0.03676681 
[Sat Aug 14 00:47:24 2021]
Finished job 0.
1 of 1 steps (100%) done
