Building DAG of jobs...
Using shell: /usr/bin/bash
Provided cores: 40
Rules claiming more threads will be scaled down.
Job counts:
	count	jobs
	1	inference_simulation_TMB_multiple
	1
Select jobs to execute...

[Sun Aug 15 14:27:34 2021]
rule inference_simulation_TMB_multiple:
    input: ../data/assessing_models_simulation/datasets/multiple_GenerationCnorm_20_100_10_5_0.4_NA_NA_NA_dataset0.RDS
    output: ../data/assessing_models_simulation/inference_results/TMB/nlminb/multiple_GenerationCnorm_20_100_10_5_0.4_diagREDMsinglelambda_NA_NA_NA_dataset0.RDS
    log: logs/inference/nlminb/simulation_GenerationCnorm_20_100_10_5_0.4_ModeldiagREDMsinglelambda_NA_NA_NA_dataset0.log
    jobid: 0
    wildcards: optimiser=nlminb, datasetgeneration=GenerationCnorm, n=20, nlambda=100, lmbda=10, d=5, beta_intensity=0.4, model=diagREDMsinglelambda, fixed_beta_intercept=NA, fixed_beta_slope=NA, sdRE_input=NA, itnum=0

Rscript 2_inference_TMB/run_TMB.R --input ../data/assessing_models_simulation/datasets/multiple_GenerationCnorm_20_100_10_5_0.4_NA_NA_NA_dataset0.RDS --output ../data/assessing_models_simulation/inference_results/TMB/nlminb/multiple_GenerationCnorm_20_100_10_5_0.4_diagREDMsinglelambda_NA_NA_NA_dataset0.RDS --model diagREDMsinglelambda --optimiser nlminb
Model: diagREDMsinglelambda 
Feature type: signatures 
Using nlminb: TRUE 
Simulation boolean: TRUE 
make: Nothing to be done for 'all'.
../data/assessing_models_simulation/datasets/multiple_GenerationCnorm_20_100_10_5_0.4_NA_NA_NA_dataset0.RDS[1] "../data/assessing_models_simulation/datasets/multiple_GenerationCnorm_20_100_10_5_0.4_NA_NA_NA_dataset0.RDS"
Reading file ../data/assessing_models_simulation/datasets/multiple_GenerationCnorm_20_100_10_5_0.4_NA_NA_NA_dataset0.RDS 
Loading required package: nnet
# weights:  15 (8 variable)
initial  value 6516.614107 
iter  10 value 6199.365687
final  value 6177.958919 
converged
Constructing atomic invpd
Constructing atomic D_lgamma
Constructing atomic invpd
Constructing atomic D_lgamma
Constructing atomic matmul
Constructing atomic invpd
Constructing atomic D_lgamma
Constructing atomic matmul
Optimizing tape... Done
iter: 1  value: 5809.1 mgc: 4.2254 ustep: 1 
iter: 2  value: 5793.075 mgc: 3.378598 ustep: 1 
iter: 3  value: 5792.767 mgc: 1.111827 ustep: 1 
iter: 4  value: 5792.766 mgc: 0.07169801 ustep: 1 
iter: 5  value: 5792.766 mgc: 0.0005403474 ustep: 1 
iter: 6  value: 5792.766 mgc: 2.969621e-08 ustep: 1 
iter: 7  mgc: 9.436896e-16 
iter: 1  mgc: 9.436896e-16 
Matching hessian patterns... Done
outer mgc:  57.90924 
iter: 1  value: 5736.794 mgc: 1.180845 ustep: 1 
iter: 2  value: 5736.755 mgc: 0.1045646 ustep: 1 
iter: 3  value: 5736.755 mgc: 0.001666138 ustep: 1 
iter: 4  value: 5736.755 mgc: 6.763705e-07 ustep: 1 
iter: 5  mgc: 1.043055e-13 
iter: 1  mgc: 1.043055e-13 
outer mgc:  16.93495 
iter: 1  value: 5705.543 mgc: 2.119755 ustep: 1 
iter: 2  value: 5705.235 mgc: 1.259076 ustep: 1 
iter: 3  value: 5705.233 mgc: 0.1109006 ustep: 1 
iter: 4  value: 5705.233 mgc: 0.001272845 ustep: 1 
iter: 5  value: 5705.233 mgc: 1.75771e-07 ustep: 1 
iter: 6  mgc: 4.773959e-15 
iter: 1  mgc: 4.773959e-15 
outer mgc:  8.951072 
iter: 1  value: 5706.569 mgc: 3.375351 ustep: 1 
iter: 2  value: 5705.427 mgc: 0.7779487 ustep: 1 
iter: 3  value: 5705.425 mgc: 0.04893434 ustep: 1 
iter: 4  value: 5705.425 mgc: 0.0002419219 ustep: 1 
iter: 5  mgc: 6.343792e-09 
iter: 1  mgc: 6.343792e-09 
outer mgc:  32.52086 
iter: 1  value: 5674.02 mgc: 4.251833 ustep: 1 
iter: 2  value: 5663.822 mgc: 6.770014 ustep: 1 
iter: 3  value: 5663.715 mgc: 0.4685027 ustep: 1 
iter: 4  value: 5663.715 mgc: 0.01486048 ustep: 1 
iter: 5  value: 5663.715 mgc: 1.867226e-05 ustep: 1 
iter: 6  mgc: 3.330092e-11 
iter: 1  mgc: 3.330092e-11 
outer mgc:  14.34399 
iter: 1  value: 5662.669 mgc: 7.910354 ustep: 1 
iter: 2  value: 5662.366 mgc: 0.5863176 ustep: 1 
iter: 3  value: 5662.366 mgc: 0.0172371 ustep: 1 
iter: 4  value: 5662.366 mgc: 1.545625e-05 ustep: 1 
iter: 5  mgc: 1.225575e-11 
iter: 1  value: 5661.873 mgc: 3.174619 ustep: 1 
iter: 2  value: 5661.824 mgc: 0.1802699 ustep: 1 
iter: 3  value: 5661.824 mgc: 0.002574408 ustep: 1 
iter: 4  value: 5661.824 mgc: 5.267809e-07 ustep: 1 
iter: 5  mgc: 2.450817e-14 
iter: 1  mgc: 2.450817e-14 
outer mgc:  12.52454 
iter: 1  value: 5646.616 mgc: 3.61795 ustep: 1 
iter: 2  value: 5646.227 mgc: 0.7608403 ustep: 1 
iter: 3  value: 5646.227 mgc: 0.01110819 ustep: 1 
iter: 4  value: 5646.227 mgc: 4.427321e-06 ustep: 1 
iter: 5  mgc: 6.907808e-13 
iter: 1  mgc: 6.907808e-13 
outer mgc:  8.011604 
iter: 1  value: 5637.322 mgc: 3.158982 ustep: 1 
iter: 2  value: 5637.194 mgc: 0.3919522 ustep: 1 
iter: 3  value: 5637.194 mgc: 0.006623202 ustep: 1 
iter: 4  value: 5637.194 mgc: 2.151248e-06 ustep: 1 
iter: 5  mgc: 2.231548e-13 
iter: 1  mgc: 2.231548e-13 
outer mgc:  8.084847 
iter: 1  value: 5632.022 mgc: 4.224714 ustep: 1 
iter: 2  value: 5632.003 mgc: 0.2752625 ustep: 1 
iter: 3  value: 5632.003 mgc: 0.001874968 ustep: 1 
iter: 4  value: 5632.003 mgc: 9.491437e-08 ustep: 1 
iter: 5  mgc: 3.441691e-15 
iter: 1  mgc: 3.441691e-15 
outer mgc:  12.31388 
iter: 1  value: 5620.947 mgc: 2.747816 ustep: 1 
iter: 2  value: 5620.94 mgc: 0.1168021 ustep: 1 
iter: 3  value: 5620.94 mgc: 0.0002572138 ustep: 1 
iter: 4  mgc: 1.201895e-09 
iter: 1  mgc: 1.201895e-09 
outer mgc:  15.80114 
iter: 1  value: 5609.508 mgc: 2.906174 ustep: 1 
iter: 2  value: 5609.496 mgc: 0.1511578 ustep: 1 
iter: 3  value: 5609.496 mgc: 0.0003667141 ustep: 1 
iter: 4  mgc: 2.17184e-09 
iter: 1  mgc: 2.17184e-09 
outer mgc:  12.10971 
iter: 1  value: 5608.467 mgc: 3.148574 ustep: 1 
iter: 2  value: 5608.466 mgc: 0.04460187 ustep: 1 
iter: 3  value: 5608.466 mgc: 9.71244e-06 ustep: 1 
iter: 4  mgc: 1.321165e-12 
iter: 1  value: 5606.887 mgc: 1.984712 ustep: 1 
iter: 2  value: 5606.887 mgc: 0.03105641 ustep: 1 
iter: 3  value: 5606.887 mgc: 1.529045e-05 ustep: 1 
iter: 4  mgc: 3.875344e-12 
iter: 1  mgc: 3.875344e-12 
outer mgc:  4.993483 
iter: 1  value: 5604.745 mgc: 1.524839 ustep: 1 
iter: 2  value: 5604.744 mgc: 0.02241356 ustep: 1 
iter: 3  value: 5604.744 mgc: 8.500075e-06 ustep: 1 
iter: 4  mgc: 1.370903e-12 
iter: 1  value: 5606.068 mgc: 0.9035223 ustep: 1 
iter: 2  value: 5606.068 mgc: 0.004701597 ustep: 1 
iter: 3  value: 5606.068 mgc: 1.100322e-07 ustep: 1 
iter: 4  mgc: 3.774758e-15 
iter: 1  mgc: 3.774758e-15 
outer mgc:  4.576372 
iter: 1  value: 5603.79 mgc: 0.6442714 ustep: 1 
iter: 2  value: 5603.79 mgc: 0.00260603 ustep: 1 
iter: 3  value: 5603.79 mgc: 2.697178e-08 ustep: 1 
mgc: 3.663736e-15 
iter: 1  mgc: 3.663736e-15 
outer mgc:  1.230163 
iter: 1  value: 5601.808 mgc: 0.3825273 ustep: 1 
iter: 2  value: 5601.808 mgc: 0.001435356 ustep: 1 
iter: 3  value: 5601.808 mgc: 1.744117e-08 ustep: 1 
mgc: 3.330669e-15 
iter: 1  mgc: 3.330669e-15 
outer mgc:  1.349764 
iter: 1  value: 5599.504 mgc: 0.3707031 ustep: 1 
iter: 2  value: 5599.504 mgc: 0.001238432 ustep: 1 
iter: 3  value: 5599.504 mgc: 1.449632e-08 ustep: 1 
mgc: 2.997602e-15 
iter: 1  value: 5595.91 mgc: 0.415677 ustep: 1 
iter: 2  value: 5595.91 mgc: 0.0008476914 ustep: 1 
iter: 3  mgc: 8.702474e-09 
iter: 1  value: 5584.884 mgc: 1.232019 ustep: 1 
iter: 2  value: 5584.884 mgc: 0.008884801 ustep: 1 
iter: 3  value: 5584.884 mgc: 4.208073e-07 ustep: 1 
iter: 4  mgc: 5.329071e-15 
iter: 1  mgc: 5.329071e-15 
outer mgc:  5.216062 
iter: 1  value: 5566.29 mgc: 3.5072 ustep: 1 
iter: 2  value: 5566.29 mgc: 0.01525408 ustep: 1 
iter: 3  value: 5566.29 mgc: 7.018232e-07 ustep: 1 
iter: 4  mgc: 4.440892e-15 
iter: 1  mgc: 4.440892e-15 
outer mgc:  4.959283 
iter: 1  value: 5552.839 mgc: 2.399276 ustep: 1 
iter: 2  value: 5552.839 mgc: 0.007864694 ustep: 1 
iter: 3  value: 5552.839 mgc: 1.411047e-07 ustep: 1 
mgc: 3.552714e-15 
iter: 1  value: 5562.393 mgc: 0.6922471 ustep: 1 
iter: 2  value: 5562.393 mgc: 0.001147297 ustep: 1 
iter: 3  mgc: 4.88173e-09 
iter: 1  mgc: 4.88173e-09 
outer mgc:  1.850882 
iter: 1  value: 5558.354 mgc: 0.3726239 ustep: 1 
iter: 2  value: 5558.354 mgc: 0.0001508731 ustep: 1 
iter: 3  mgc: 9.245404e-11 
iter: 1  mgc: 9.245404e-11 
outer mgc:  2.770685 
iter: 1  value: 5553.872 mgc: 0.5642204 ustep: 1 
iter: 2  value: 5553.872 mgc: 0.0003303644 ustep: 1 
iter: 3  mgc: 2.533285e-10 
iter: 1  mgc: 2.533285e-10 
outer mgc:  1.431737 
iter: 1  value: 5549.56 mgc: 0.5037351 ustep: 1 
iter: 2  value: 5549.56 mgc: 0.0002499665 ustep: 1 
iter: 3  mgc: 1.520575e-10 
iter: 1  mgc: 1.520575e-10 
outer mgc:  2.727432 
iter: 1  value: 5544.555 mgc: 0.6874076 ustep: 1 
iter: 2  value: 5544.555 mgc: 0.0001884712 ustep: 1 
iter: 3  mgc: 8.231948e-11 
iter: 1  mgc: 8.231948e-11 
outer mgc:  1.262419 
iter: 1  value: 5539.586 mgc: 0.6062722 ustep: 1 
iter: 2  value: 5539.586 mgc: 0.0001961515 ustep: 1 
iter: 3  mgc: 7.081757e-11 
iter: 1  mgc: 7.081757e-11 
outer mgc:  0.7644982 
iter: 1  value: 5534.495 mgc: 0.4982894 ustep: 1 
iter: 2  value: 5534.495 mgc: 0.0001205662 ustep: 1 
iter: 3  mgc: 1.935563e-11 
iter: 1  value: 5524.301 mgc: 1.10281 ustep: 1 
iter: 2  value: 5524.301 mgc: 0.0003348211 ustep: 1 
iter: 3  mgc: 1.008962e-10 
iter: 1  mgc: 1.008962e-10 
outer mgc:  1.576145 
iter: 1  value: 5508.792 mgc: 2.130317 ustep: 1 
iter: 2  value: 5508.792 mgc: 0.000653394 ustep: 1 
iter: 3  mgc: 2.06017e-10 
iter: 1  mgc: 2.06017e-10 
outer mgc:  1.356915 
iter: 1  value: 5493.3 mgc: 1.887584 ustep: 1 
iter: 2  value: 5493.3 mgc: 0.0002494908 ustep: 1 
iter: 3  mgc: 1.616973e-11 
iter: 1  mgc: 1.616973e-11 
outer mgc:  1.184451 
iter: 1  value: 5477.523 mgc: 1.924985 ustep: 1 
iter: 2  value: 5477.523 mgc: 0.0001397991 ustep: 1 
iter: 3  mgc: 2.725375e-12 
iter: 1  mgc: 2.725375e-12 
outer mgc:  0.6779132 
iter: 1  value: 5461.686 mgc: 1.794437 ustep: 1 
iter: 2  value: 5461.686 mgc: 8.633774e-05 ustep: 1 
iter: 3  mgc: 5.320189e-13 
iter: 1  mgc: 5.320189e-13 
outer mgc:  0.3841791 
iter: 1  value: 5445.802 mgc: 1.903261 ustep: 1 
iter: 2  value: 5445.802 mgc: 4.866405e-05 ustep: 1 
iter: 3  mgc: 8.615331e-14 
iter: 1  mgc: 8.615331e-14 
outer mgc:  0.2330887 
iter: 1  value: 5429.875 mgc: 1.997763 ustep: 1 
iter: 2  value: 5429.875 mgc: 2.425167e-05 ustep: 1 
iter: 3  mgc: 9.769963e-15 
iter: 1  mgc: 9.769963e-15 
outer mgc:  0.3346202 
iter: 1  value: 5413.92 mgc: 1.968451 ustep: 1 
iter: 2  value: 5413.92 mgc: 1.206802e-05 ustep: 1 
iter: 3  mgc: 3.996803e-15 
iter: 1  value: 5397.742 mgc: 1.994863 ustep: 1 
iter: 2  value: 5397.742 mgc: 6.373924e-06 ustep: 1 
iter: 3  mgc: 4.218847e-15 
iter: 1  mgc: 4.218847e-15 
outer mgc:  0.3204257 
iter: 1  value: 5373.042 mgc: 3.410297 ustep: 1 
iter: 2  value: 5373.042 mgc: 6.615865e-06 ustep: 1 
iter: 3  mgc: 3.774758e-15 
iter: 1  mgc: 3.774758e-15 
outer mgc:  0.06605446 
iter: 1  value: 5348.653 mgc: 3.346914 ustep: 1 
iter: 2  value: 5348.653 mgc: 2.245229e-06 ustep: 1 
mgc: 3.552714e-15 
iter: 1  mgc: 3.552714e-15 
outer mgc:  0.04759738 
iter: 1  value: 5324.259 mgc: 3.351531 ustep: 1 
iter: 2  value: 5324.259 mgc: 7.904608e-07 ustep: 1 
mgc: 3.108624e-15 
iter: 1  mgc: 3.108624e-15 
outer mgc:  0.0267361 
iter: 1  value: 5299.86 mgc: 3.355904 ustep: 1 
iter: 2  value: 5299.86 mgc: 2.791411e-07 ustep: 1 
mgc: 3.996803e-15 
iter: 1  mgc: 3.996803e-15 
outer mgc:  0.006714174 
iter: 1  value: 5275.459 mgc: 3.356419 ustep: 1 
iter: 2  value: 5275.459 mgc: 9.857868e-08 ustep: 1 
mgc: 4.662937e-15 
iter: 1  mgc: 4.662937e-15 
outer mgc:  0.003701463 
iter: 1  value: 5245.083 mgc: 4.536541 ustep: 1 
iter: 2  value: 5245.083 mgc: 4.793025e-08 ustep: 1 
mgc: 4.440892e-15 
iter: 1  mgc: 4.440892e-15 
outer mgc:  0.003526667 
iter: 1  value: 5216.735 mgc: 4.116099 ustep: 1 
iter: 2  value: 5216.735 mgc: 1.182884e-08 ustep: 1 
mgc: 2.88658e-15 
iter: 1  mgc: 2.88658e-15 
outer mgc:  0.002256153 
iter: 1  value: 5188.386 mgc: 4.116262 ustep: 1 
iter: 2  mgc: 3.513343e-09 
iter: 1  mgc: 3.513343e-09 
outer mgc:  0.001536575 
iter: 1  value: 5160.037 mgc: 4.116356 ustep: 1 
iter: 2  mgc: 1.043758e-09 
iter: 1  mgc: 1.043758e-09 
outer mgc:  0.0009504679 
iter: 1  value: 5131.688 mgc: 4.116375 ustep: 1 
iter: 2  mgc: 3.09996e-10 
iter: 1  mgc: 3.09996e-10 
outer mgc:  0.0006336777 
iter: 1  value: 5103.339 mgc: 4.116401 ustep: 1 
iter: 2  mgc: 9.208367e-11 
iter: 1  mgc: 9.208367e-11 
outer mgc:  0.0004013577 
iter: 1  value: 5074.99 mgc: 4.116398 ustep: 1 
iter: 2  mgc: 2.73519e-11 
iter: 1  mgc: 2.73519e-11 
outer mgc:  0.0002328612 
iter: 1  value: 5046.641 mgc: 4.116409 ustep: 1 
iter: 2  mgc: 8.124168e-12 
iter: 1  mgc: 8.124168e-12 
outer mgc:  0.0001413359 
iter: 1  value: 5018.292 mgc: 4.116407 ustep: 1 
iter: 2  mgc: 2.414069e-12 
iter: 1  mgc: 2.414069e-12 
outer mgc:  8.164294e-05 
iter: 1  value: 4989.943 mgc: 4.116411 ustep: 1 
iter: 2  mgc: 7.1676e-13 
iter: 1  mgc: 7.1676e-13 
outer mgc:  4.66218e-05 
iter: 1  value: 4961.594 mgc: 4.11641 ustep: 1 
iter: 2  mgc: 2.113865e-13 
iter: 1  mgc: 2.113865e-13 
outer mgc:  2.634458e-05 
iter: 1  mgc: 2.113865e-13 
iter: 1  mgc: 2.113865e-13 
outer mgc:  2.634458e-05 
iter: 1  value: 4961.594 mgc: 0.003879306 ustep: 1 
mgc: 2.664535e-15 
outer mgc:  0.04976926 
iter: 1  value: 4961.594 mgc: 0.003876196 ustep: 1 
mgc: 3.552714e-15 
outer mgc:  0.04967718 
iter: 1  value: 4961.594 mgc: 0.001852731 ustep: 1 
mgc: 3.552714e-15 
outer mgc:  0.02187548 
iter: 1  value: 4961.594 mgc: 0.001851368 ustep: 1 
mgc: 3.996803e-15 
outer mgc:  0.02182958 
iter: 1  value: 4961.594 mgc: 0.00482158 ustep: 1 
mgc: 3.330669e-15 
outer mgc:  0.06702031 
iter: 1  value: 4961.594 mgc: 0.004818407 ustep: 1 
mgc: 2.664535e-15 
outer mgc:  0.06693657 
iter: 1  value: 4961.594 mgc: 0.003110198 ustep: 1 
mgc: 2.553513e-15 
outer mgc:  0.04066347 
iter: 1  value: 4961.594 mgc: 0.003108753 ustep: 1 
mgc: 5.995204e-15 
outer mgc:  0.04061666 
iter: 1  value: 4961.594 mgc: 0.006206283 ustep: 1 
mgc: 4.662937e-15 
outer mgc:  0.09854498 
iter: 1  value: 4961.594 mgc: 0.006204445 ustep: 1 
mgc: 4.662937e-15 
outer mgc:  0.09848273 
iter: 1  value: 4961.594 mgc: 0.003582046 ustep: 1 
mgc: 3.552714e-15 
outer mgc:  0.04904029 
iter: 1  value: 4961.594 mgc: 0.003581693 ustep: 1 
mgc: 4.440892e-15 
outer mgc:  0.04900051 
iter: 1  value: 4961.594 mgc: 0.004685249 ustep: 1 
mgc: 5.107026e-15 
outer mgc:  0.06479421 
iter: 1  value: 4961.594 mgc: 0.00468178 ustep: 1 
mgc: 3.108624e-15 
outer mgc:  0.06477935 
iter: 1  value: 4961.594 mgc: 0.002644891 ustep: 1 
mgc: 5.218048e-15 
outer mgc:  0.03029295 
iter: 1  value: 4961.594 mgc: 0.00264344 ustep: 1 
mgc: 5.77316e-15 
outer mgc:  0.03029614 
iter: 1  value: 4961.604 mgc: 0.002906896 ustep: 1 
mgc: 3.108624e-15 
outer mgc:  2.634456e-05 
iter: 1  value: 4961.584 mgc: 0.002909804 ustep: 1 
mgc: 3.38618e-15 
outer mgc:  2.634459e-05 
iter: 1  value: 4961.604 mgc: 0.003531172 ustep: 1 
mgc: 4.218847e-15 
outer mgc:  2.634459e-05 
iter: 1  value: 4961.584 mgc: 0.003534705 ustep: 1 
mgc: 3.996803e-15 
outer mgc:  2.634456e-05 
iter: 1  value: 4961.604 mgc: 0.004043585 ustep: 1 
mgc: 3.330669e-15 
outer mgc:  2.634451e-05 
iter: 1  value: 4961.584 mgc: 0.004047631 ustep: 1 
mgc: 3.330669e-15 
outer mgc:  2.634465e-05 
iter: 1  value: 4961.604 mgc: 0.002653185 ustep: 1 
mgc: 3.441691e-15 
outer mgc:  2.634456e-05 
iter: 1  value: 4961.584 mgc: 0.00265584 ustep: 1 
mgc: 3.330669e-15 
outer mgc:  2.634459e-05 
iter: 1  value: 4961.594 mgc: 0.003022113 ustep: 1 
mgc: 2.88658e-15 
outer mgc:  0.07213664 
iter: 1  value: 4961.594 mgc: 0.003019605 ustep: 1 
mgc: 3.108624e-15 
outer mgc:  0.07212056 
Warning message:
package ‘nnet’ was built under R version 3.6.3 
[Sun Aug 15 14:27:37 2021]
Finished job 0.
1 of 1 steps (100%) done
