Building DAG of jobs...
Using shell: /usr/bin/bash
Provided cores: 1 (use --cores to define parallelism)
Rules claiming more threads will be scaled down.
Job counts:
	count	jobs
	1	inference_simulation_TMB_multiple
	1

[Mon Aug 16 00:05:46 2021]
rule inference_simulation_TMB_multiple:
    input: ../data/assessing_models_simulation/datasets/multiple_GenerationJnorm3_50_100_80_3_0.8_NA_NA_NA_dataset0.RDS
    output: ../data/assessing_models_simulation/inference_results/TMB/nlminb/multiple_GenerationJnorm3_50_100_80_3_0.8_diagREDMsinglelambda_NA_NA_NA_dataset0.RDS
    log: logs/inference/nlminb/simulation_GenerationJnorm3_50_100_80_3_0.8_ModeldiagREDMsinglelambda_NA_NA_NA_dataset0.log
    jobid: 0
    wildcards: optimiser=nlminb, datasetgeneration=GenerationJnorm3, n=50, nlambda=100, lmbda=80, d=3, beta_intensity=0.8, model=diagREDMsinglelambda, fixed_beta_intercept=NA, fixed_beta_slope=NA, sdRE_input=NA, itnum=0

Rscript 2_inference_TMB/run_TMB.R --input ../data/assessing_models_simulation/datasets/multiple_GenerationJnorm3_50_100_80_3_0.8_NA_NA_NA_dataset0.RDS --output ../data/assessing_models_simulation/inference_results/TMB/nlminb/multiple_GenerationJnorm3_50_100_80_3_0.8_diagREDMsinglelambda_NA_NA_NA_dataset0.RDS --model diagREDMsinglelambda --optimiser nlminb
Model: diagREDMsinglelambda 
Feature type: signatures 
Using nlminb: TRUE 
Simulation boolean: TRUE 
make: Nothing to be done for 'all'.
../data/assessing_models_simulation/datasets/multiple_GenerationJnorm3_50_100_80_3_0.8_NA_NA_NA_dataset0.RDS[1] "../data/assessing_models_simulation/datasets/multiple_GenerationJnorm3_50_100_80_3_0.8_NA_NA_NA_dataset0.RDS"
Reading file ../data/assessing_models_simulation/datasets/multiple_GenerationJnorm3_50_100_80_3_0.8_NA_NA_NA_dataset0.RDS 
Loading required package: nnet
# weights:  9 (4 variable)
initial  value 10844.401901 
final  value 10495.496324 
converged
Constructing atomic invpd
Constructing atomic D_lgamma
Constructing atomic invpd
Constructing atomic D_lgamma
Constructing atomic matmul
Constructing atomic invpd
Constructing atomic D_lgamma
Constructing atomic matmul
Optimizing tape... Done
iter: 1  value: 10565.55 mgc: 2.454357 ustep: 1 
iter: 2  value: 10507.11 mgc: 4.526741 ustep: 1 
iter: 3  value: 10487.23 mgc: 3.147428 ustep: 1 
iter: 4  value: 10481.57 mgc: 2.569649 ustep: 1 
iter: 5  value: 10480.81 mgc: 1.240351 ustep: 1 
iter: 6  value: 10480.76 mgc: 0.2881032 ustep: 1 
iter: 7  value: 10480.76 mgc: 0.006435565 ustep: 1 
iter: 8  value: 10480.76 mgc: 2.947141e-06 ustep: 1 
iter: 9  mgc: 6.672995e-13 
iter: 1  mgc: 6.672995e-13 
Matching hessian patterns... Done
outer mgc:  67.65271 
iter: 1  value: 10400.87 mgc: 1.169313 ustep: 1 
iter: 2  value: 10400.87 mgc: 0.07105865 ustep: 1 
iter: 3  value: 10400.87 mgc: 0.0003485105 ustep: 1 
iter: 4  mgc: 9.964285e-09 
iter: 1  mgc: 9.964285e-09 
outer mgc:  28.3928 
iter: 1  value: 10337.02 mgc: 0.946782 ustep: 1 
iter: 2  value: 10337.02 mgc: 0.04270417 ustep: 1 
iter: 3  value: 10337.02 mgc: 0.000117346 ustep: 1 
iter: 4  mgc: 8.70794e-10 
iter: 1  value: 10263.1 mgc: 6.610975 ustep: 1 
iter: 2  value: 10262.85 mgc: 0.6576843 ustep: 1 
iter: 3  value: 10262.85 mgc: 0.006392169 ustep: 1 
iter: 4  value: 10262.85 mgc: 1.133589e-06 ustep: 1 
iter: 5  mgc: 3.108624e-14 
iter: 1  mgc: 3.108624e-14 
outer mgc:  130.5391 
iter: 1  value: 11502.31 mgc: 14.45837 ustep: 0.1029898 
iter: 2  value: 11099.26 mgc: 29.29374 ustep: 0.1759606 
iter: 3  value: 11010.03 mgc: 17.93582 ustep: 0.4195347 
iter: 4  value: 11007.89 mgc: 2.68406 ustep: 0.6477502 
iter: 5  value: 11007.88 mgc: 0.1946134 ustep: 0.8048488 
iter: 6  value: 11007.88 mgc: 0.003376958 ustep: 0.8971439 
iter: 7  value: 11007.88 mgc: 2.216691e-05 ustep: 0.9471821 
iter: 8  value: 11007.88 mgc: 7.424417e-08 ustep: 0.9732355 
iter: 9  mgc: 1.345342e-10 
iter: 1  value: 10208.31 mgc: 7.355087 ustep: 1 
iter: 2  value: 10196.04 mgc: 3.102094 ustep: 1 
iter: 3  value: 10196.02 mgc: 0.1869198 ustep: 1 
iter: 4  value: 10196.02 mgc: 0.0009916166 ustep: 1 
iter: 5  value: 10196.02 mgc: 2.892469e-08 ustep: 1 
mgc: 2.009504e-14 
iter: 1  mgc: 2.009504e-14 
outer mgc:  40.92835 
iter: 1  value: 10177.54 mgc: 7.132643 ustep: 1 
iter: 2  value: 10176.08 mgc: 1.296052 ustep: 1 
iter: 3  value: 10176.08 mgc: 0.04051061 ustep: 1 
iter: 4  value: 10176.08 mgc: 5.644201e-05 ustep: 1 
iter: 5  mgc: 1.097358e-10 
iter: 1  mgc: 1.097358e-10 
outer mgc:  39.88263 
iter: 1  value: 10163.41 mgc: 5.446563 ustep: 1 
iter: 2  value: 10162.96 mgc: 0.7015013 ustep: 1 
iter: 3  value: 10162.96 mgc: 0.01073839 ustep: 1 
iter: 4  value: 10162.96 mgc: 2.752083e-06 ustep: 1 
iter: 5  mgc: 1.71696e-13 
iter: 1  mgc: 1.71696e-13 
outer mgc:  43.68144 
iter: 1  value: 10152.01 mgc: 3.249644 ustep: 1 
iter: 2  value: 10152 mgc: 0.1906079 ustep: 1 
iter: 3  value: 10152 mgc: 0.0007551295 ustep: 1 
iter: 4  mgc: 8.028183e-09 
iter: 1  mgc: 8.028183e-09 
outer mgc:  27.03481 
iter: 1  value: 10215.65 mgc: 13.65525 ustep: 1 
iter: 2  value: 10200.1 mgc: 5.314292 ustep: 1 
iter: 3  value: 10200.09 mgc: 0.1908566 ustep: 1 
iter: 4  value: 10200.09 mgc: 0.0004581908 ustep: 1 
iter: 5  mgc: 2.808575e-09 
iter: 1  value: 10149.31 mgc: 2.579034 ustep: 1 
iter: 2  value: 10149.3 mgc: 0.06162003 ustep: 1 
iter: 3  value: 10149.3 mgc: 7.34872e-05 ustep: 1 
iter: 4  mgc: 5.360901e-11 
iter: 1  mgc: 5.360901e-11 
outer mgc:  12.21008 
iter: 1  value: 10146.91 mgc: 0.3159552 ustep: 1 
iter: 2  value: 10146.91 mgc: 0.002110471 ustep: 1 
iter: 3  value: 10146.91 mgc: 8.350801e-08 ustep: 1 
mgc: 5.684342e-14 
iter: 1  mgc: 5.684342e-14 
outer mgc:  9.512034 
iter: 1  value: 10144.6 mgc: 1.571601 ustep: 1 
iter: 2  value: 10144.6 mgc: 0.04331305 ustep: 1 
iter: 3  value: 10144.6 mgc: 3.259155e-05 ustep: 1 
iter: 4  mgc: 1.962164e-11 
iter: 1  mgc: 1.962164e-11 
outer mgc:  14.34767 
iter: 1  value: 10142.78 mgc: 4.330773 ustep: 1 
iter: 2  value: 10142.77 mgc: 0.129987 ustep: 1 
iter: 3  value: 10142.77 mgc: 0.0002275311 ustep: 1 
iter: 4  mgc: 4.388843e-10 
iter: 1  mgc: 4.388843e-10 
outer mgc:  15.19053 
iter: 1  value: 10140 mgc: 2.269021 ustep: 1 
iter: 2  value: 10140 mgc: 0.05813762 ustep: 1 
iter: 3  value: 10140 mgc: 4.640145e-05 ustep: 1 
iter: 4  mgc: 3.085143e-11 
iter: 1  value: 10141.9 mgc: 2.15043 ustep: 1 
iter: 2  value: 10141.89 mgc: 0.05650173 ustep: 1 
iter: 3  value: 10141.89 mgc: 4.105377e-05 ustep: 1 
iter: 4  mgc: 2.745315e-11 
iter: 1  mgc: 2.745315e-11 
outer mgc:  9.054046 
iter: 1  value: 10140.61 mgc: 0.8486706 ustep: 1 
iter: 2  value: 10140.61 mgc: 0.01072756 ustep: 1 
iter: 3  value: 10140.61 mgc: 2.177719e-06 ustep: 1 
iter: 4  mgc: 9.947598e-14 
iter: 1  mgc: 9.947598e-14 
outer mgc:  4.62196 
iter: 1  value: 10140.52 mgc: 1.202103 ustep: 1 
iter: 2  value: 10140.52 mgc: 0.02005898 ustep: 1 
iter: 3  value: 10140.52 mgc: 7.917158e-06 ustep: 1 
iter: 4  mgc: 1.227463e-12 
iter: 1  mgc: 1.227463e-12 
outer mgc:  3.879689 
iter: 1  value: 10140.07 mgc: 0.4686617 ustep: 1 
iter: 2  value: 10140.07 mgc: 0.001709343 ustep: 1 
iter: 3  value: 10140.07 mgc: 3.486653e-08 ustep: 1 
mgc: 4.241052e-14 
iter: 1  mgc: 4.241052e-14 
outer mgc:  1.404692 
iter: 1  value: 10139.55 mgc: 0.352158 ustep: 1 
iter: 2  value: 10139.55 mgc: 0.001982472 ustep: 1 
iter: 3  value: 10139.55 mgc: 6.106299e-08 ustep: 1 
mgc: 4.884981e-14 
iter: 1  mgc: 4.884981e-14 
outer mgc:  0.8231436 
iter: 1  value: 10138.93 mgc: 0.2854298 ustep: 1 
iter: 2  value: 10138.93 mgc: 0.001539018 ustep: 1 
iter: 3  value: 10138.93 mgc: 4.67966e-08 ustep: 1 
mgc: 4.787837e-14 
iter: 1  mgc: 4.787837e-14 
outer mgc:  1.209211 
iter: 1  value: 10138.29 mgc: 0.5521754 ustep: 1 
iter: 2  value: 10138.29 mgc: 0.002119792 ustep: 1 
iter: 3  value: 10138.29 mgc: 4.634073e-08 ustep: 1 
mgc: 5.417888e-14 
iter: 1  value: 10138.8 mgc: 0.2694166 ustep: 1 
iter: 2  value: 10138.8 mgc: 0.0006189741 ustep: 1 
iter: 3  mgc: 2.923901e-09 
iter: 1  value: 10138.9 mgc: 0.1344907 ustep: 1 
iter: 2  value: 10138.9 mgc: 0.000153481 ustep: 1 
iter: 3  mgc: 2.400871e-10 
iter: 1  mgc: 2.400871e-10 
outer mgc:  0.5484368 
iter: 1  value: 10138.79 mgc: 0.07058587 ustep: 1 
iter: 2  value: 10138.79 mgc: 7.012807e-05 ustep: 1 
iter: 3  mgc: 7.953815e-11 
iter: 1  mgc: 7.953815e-11 
outer mgc:  0.3344151 
iter: 1  value: 10138.64 mgc: 0.08512523 ustep: 1 
iter: 2  value: 10138.64 mgc: 4.775511e-05 ustep: 1 
iter: 3  mgc: 2.605649e-11 
iter: 1  mgc: 2.605649e-11 
outer mgc:  0.5618241 
iter: 1  value: 10138.57 mgc: 0.05778767 ustep: 1 
iter: 2  value: 10138.57 mgc: 3.493676e-05 ustep: 1 
iter: 3  mgc: 1.635581e-11 
iter: 1  mgc: 1.635581e-11 
outer mgc:  0.1681651 
iter: 1  value: 10138.49 mgc: 0.03958449 ustep: 1 
iter: 2  value: 10138.49 mgc: 1.500425e-05 ustep: 1 
iter: 3  mgc: 4.408918e-12 
iter: 1  mgc: 4.408918e-12 
outer mgc:  0.2033081 
iter: 1  value: 10138.51 mgc: 0.02218585 ustep: 1 
iter: 2  value: 10138.51 mgc: 3.971928e-06 ustep: 1 
iter: 3  mgc: 1.749711e-13 
iter: 1  mgc: 1.749711e-13 
outer mgc:  0.04582988 
iter: 1  value: 10138.52 mgc: 0.005415586 ustep: 1 
iter: 2  value: 10138.52 mgc: 3.397168e-07 ustep: 1 
iter: 3  mgc: 4.92939e-14 
iter: 1  mgc: 4.92939e-14 
outer mgc:  0.006249171 
iter: 1  value: 10138.52 mgc: 0.001147975 ustep: 1 
iter: 2  value: 10138.52 mgc: 1.742499e-08 ustep: 1 
mgc: 6.883383e-14 
iter: 1  mgc: 6.883383e-14 
outer mgc:  0.003563444 
iter: 1  mgc: 6.883383e-14 
iter: 1  mgc: 6.883383e-14 
outer mgc:  0.003563444 
iter: 1  value: 10138.51 mgc: 0.02101617 ustep: 1 
iter: 2  value: 10138.51 mgc: 4.160196e-06 ustep: 1 
iter: 3  mgc: 2.478018e-13 
outer mgc:  0.1652167 
iter: 1  value: 10138.52 mgc: 0.0210068 ustep: 1 
iter: 2  value: 10138.52 mgc: 4.168402e-06 ustep: 1 
iter: 3  mgc: 2.817746e-13 
outer mgc:  0.1723405 
iter: 1  value: 10138.52 mgc: 0.01282552 ustep: 1 
iter: 2  value: 10138.52 mgc: 1.795311e-06 ustep: 1 
iter: 3  mgc: 6.666889e-14 
outer mgc:  0.2669989 
iter: 1  value: 10138.51 mgc: 0.01282238 ustep: 1 
iter: 2  value: 10138.51 mgc: 1.797634e-06 ustep: 1 
iter: 3  mgc: 7.438494e-14 
outer mgc:  0.2683592 
iter: 1  value: 10138.52 mgc: 0.02361648 ustep: 1 
iter: 2  value: 10138.52 mgc: 4.792022e-06 ustep: 1 
iter: 3  mgc: 3.557155e-13 
outer mgc:  0.1402468 
iter: 1  value: 10138.52 mgc: 0.02360913 ustep: 1 
iter: 2  value: 10138.52 mgc: 4.799761e-06 ustep: 1 
iter: 3  mgc: 3.814726e-13 
outer mgc:  0.1402363 
iter: 1  value: 10138.52 mgc: 0.01241605 ustep: 1 
iter: 2  value: 10138.52 mgc: 1.319011e-06 ustep: 1 
iter: 3  mgc: 6.439294e-14 
outer mgc:  0.2707056 
iter: 1  value: 10138.52 mgc: 0.01241166 ustep: 1 
iter: 2  value: 10138.52 mgc: 1.319735e-06 ustep: 1 
iter: 3  mgc: 5.906386e-14 
outer mgc:  0.2712763 
iter: 1  value: 10138.52 mgc: 0.005091001 ustep: 1 
iter: 2  value: 10138.52 mgc: 4.031236e-07 ustep: 1 
iter: 3  mgc: 6.794565e-14 
outer mgc:  0.01424188 
iter: 1  value: 10138.51 mgc: 0.005096094 ustep: 1 
iter: 2  value: 10138.51 mgc: 4.035173e-07 ustep: 1 
iter: 3  mgc: 5.517808e-14 
outer mgc:  0.01434919 
iter: 1  value: 10138.52 mgc: 0.004301274 ustep: 1 
iter: 2  value: 10138.52 mgc: 3.53421e-07 ustep: 1 
iter: 3  mgc: 5.373479e-14 
outer mgc:  0.01695656 
iter: 1  value: 10138.51 mgc: 0.004305577 ustep: 1 
iter: 2  value: 10138.51 mgc: 3.538433e-07 ustep: 1 
iter: 3  mgc: 4.574119e-14 
outer mgc:  0.01643956 
iter: 1  value: 10138.5 mgc: 0.002778196 ustep: 1 
iter: 2  value: 10138.5 mgc: 1.130837e-07 ustep: 1 
iter: 3  mgc: 6.838974e-14 
outer mgc:  0.01333744 
iter: 1  value: 10138.54 mgc: 0.002777672 ustep: 1 
iter: 2  value: 10138.54 mgc: 1.131237e-07 ustep: 1 
iter: 3  mgc: 4.485301e-14 
outer mgc:  0.01384848 
[Mon Aug 16 00:05:52 2021]
Finished job 0.
1 of 1 steps (100%) done
