Building DAG of jobs...
Using shell: /usr/bin/bash
Provided cores: 1 (use --cores to define parallelism)
Rules claiming more threads will be scaled down.
Job counts:
	count	jobs
	1	inference_simulation_TMB_multiple
	1

[Sun Aug 15 11:21:16 2021]
rule inference_simulation_TMB_multiple:
    input: ../data/assessing_models_simulation/datasets/multiple_GenerationJnorm2_100_100_80_6_0.05_NA_NA_NA_dataset1.RDS
    output: ../data/assessing_models_simulation/inference_results/TMB/nlminb/multiple_GenerationJnorm2_100_100_80_6_0.05_diagREDM_NA_NA_NA_dataset1.RDS
    log: logs/inference/nlminb/simulation_GenerationJnorm2_100_100_80_6_0.05_ModeldiagREDM_NA_NA_NA_dataset1.log
    jobid: 0
    wildcards: optimiser=nlminb, datasetgeneration=GenerationJnorm2, n=100, nlambda=100, lmbda=80, d=6, beta_intensity=0.05, model=diagREDM, fixed_beta_intercept=NA, fixed_beta_slope=NA, sdRE_input=NA, itnum=1

Rscript 2_inference_TMB/run_TMB.R --input ../data/assessing_models_simulation/datasets/multiple_GenerationJnorm2_100_100_80_6_0.05_NA_NA_NA_dataset1.RDS --output ../data/assessing_models_simulation/inference_results/TMB/nlminb/multiple_GenerationJnorm2_100_100_80_6_0.05_diagREDM_NA_NA_NA_dataset1.RDS --model diagREDM --optimiser nlminb
Model: diagREDM 
Feature type: signatures 
Using nlminb: TRUE 
Simulation boolean: TRUE 
make: Nothing to be done for 'all'.
../data/assessing_models_simulation/datasets/multiple_GenerationJnorm2_100_100_80_6_0.05_NA_NA_NA_dataset1.RDS[1] "../data/assessing_models_simulation/datasets/multiple_GenerationJnorm2_100_100_80_6_0.05_NA_NA_NA_dataset1.RDS"
Reading file ../data/assessing_models_simulation/datasets/multiple_GenerationJnorm2_100_100_80_6_0.05_NA_NA_NA_dataset1.RDS 
Loading required package: nnet
# weights:  18 (10 variable)
initial  value 35449.961099 
iter  10 value 35053.823512
final  value 35033.736218 
converged
Constructing atomic invpd
Constructing atomic D_lgamma
Constructing atomic invpd
Constructing atomic D_lgamma
Constructing atomic matmul
Constructing atomic invpd
Constructing atomic D_lgamma
Constructing atomic matmul
Optimizing tape... Done
iter: 1  value: 34845.56 mgc: 87.67677 ustep: 1 
iter: 2  value: 34839.13 mgc: 74.0725 ustep: 1 
iter: 3  value: 34598.65 mgc: 55.23254 ustep: 0.07216478 
iter: 4  value: 34542.59 mgc: 24.07774 ustep: 0.2687082 
iter: 5  value: 34493.01 mgc: 20.75262 ustep: 0.5184189 
iter: 6  value: 34438.37 mgc: 9.022039 ustep: 0.1199612 
iter: 7  value: 34289.6 mgc: 38.25483 ustep: 0.02467121 
iter: 8  value: 34039.87 mgc: 87.82803 ustep: 0.03246528 
iter: 9  value: 33979.57 mgc: 61.21231 ustep: 0.09459738 
iter: 10  value: 33950.9 mgc: 50.30942 ustep: 0.3076361 
iter: 11  value: 33950.3 mgc: 2.735464 ustep: 0.5546941 
iter: 12  value: 33950.29 mgc: 0.2840308 ustep: 0.7448034 
iter: 13  value: 33950.29 mgc: 0.02081394 ustep: 0.8630336 
iter: 14  value: 33950.29 mgc: 0.0007834415 ustep: 0.9290031 
iter: 15  value: 33950.29 mgc: 2.9934e-05 ustep: 0.9638517 
iter: 16  value: 33950.29 mgc: 7.044219e-07 ustep: 0.9817613 
iter: 17  mgc: 8.309025e-09 
iter: 1  mgc: 8.309025e-09 
Matching hessian patterns... Done
outer mgc:  114.3388 
iter: 1  value: 34050.47 mgc: 15.42503 ustep: 1 
iter: 2  value: 34049.51 mgc: 0.9868323 ustep: 1 
iter: 3  value: 34049.51 mgc: 0.01378321 ustep: 1 
iter: 4  value: 34049.51 mgc: 4.527915e-06 ustep: 0.8994163 
iter: 5  value: 34049.51 mgc: 4.127813e-08 ustep: 5.641139e-06 
mgc: 4.127559e-08 
iter: 1  value: 33919.62 mgc: 4.958732 ustep: 1 
iter: 2  value: 33919.61 mgc: 0.1079368 ustep: 1 
iter: 3  value: 33919.61 mgc: 0.0001402928 ustep: 0.9999 
iter: 4  mgc: 1.604715e-09 
iter: 1  mgc: 1.604715e-09 
outer mgc:  63.49783 
iter: 1  value: 33894.81 mgc: 8.771474 ustep: 1 
iter: 2  value: 33894.73 mgc: 0.299939 ustep: 1 
iter: 3  value: 33894.73 mgc: 0.0009858337 ustep: 1 
iter: 4  value: 33894.73 mgc: 1.898955e-08 ustep: 0.03522464 
mgc: 1.157645e-08 
iter: 1  value: 33894.73 mgc: 1.157645e-08 ustep: 0.002237842 
mgc: 1.128926e-08 
outer mgc:  60.4058 
iter: 1  value: 33845.44 mgc: 5.880488 ustep: 1 
iter: 2  value: 33845.4 mgc: 0.1654492 ustep: 1 
iter: 3  value: 33845.4 mgc: 0.0004985312 ustep: 1 
iter: 4  value: 33845.4 mgc: 4.294772e-08 ustep: 0.2494656 
mgc: 2.482253e-08 
iter: 1  value: 33845.4 mgc: 2.482253e-08 ustep: 0.004471122 
mgc: 2.45804e-08 
outer mgc:  107.0487 
iter: 1  value: 33828.91 mgc: 20.16383 ustep: 1 
iter: 2  value: 33825.42 mgc: 1.735216 ustep: 1 
iter: 3  value: 33825.42 mgc: 0.06440533 ustep: 1 
iter: 4  value: 33825.42 mgc: 0.0001103296 ustep: 1 
iter: 5  mgc: 3.256518e-10 
iter: 1  mgc: 3.256518e-10 
outer mgc:  329.7486 
iter: 1  value: 33715.52 mgc: 21.81767 ustep: 1 
iter: 2  value: 33707.72 mgc: 3.395166 ustep: 1 
iter: 3  value: 33707.72 mgc: 0.1072109 ustep: 1 
iter: 4  value: 33707.72 mgc: 0.0002113964 ustep: 1 
iter: 5  mgc: 1.406721e-09 
iter: 1  mgc: 1.406721e-09 
outer mgc:  162.8682 
iter: 1  value: 33865.16 mgc: 32.20019 ustep: 1 
iter: 2  value: 33837.51 mgc: 5.529329 ustep: 1 
iter: 3  value: 33837.48 mgc: 0.2708832 ustep: 1 
iter: 4  value: 33837.48 mgc: 0.001655813 ustep: 1 
iter: 5  value: 33837.48 mgc: 6.582381e-08 ustep: 1 
mgc: 3.947287e-12 
iter: 1  value: 33658.24 mgc: 10.32967 ustep: 1 
iter: 2  value: 33658.04 mgc: 0.5132805 ustep: 1 
iter: 3  value: 33658.04 mgc: 0.002567984 ustep: 1 
iter: 4  value: 33658.04 mgc: 1.277752e-07 ustep: 0.6827823 
iter: 5  mgc: 3.075536e-09 
iter: 1  mgc: 3.075536e-09 
outer mgc:  46.80498 
iter: 1  value: 33640.93 mgc: 6.648948 ustep: 1 
iter: 2  value: 33640.9 mgc: 0.1595983 ustep: 1 
iter: 3  value: 33640.9 mgc: 0.000284866 ustep: 1 
iter: 4  mgc: 1.295549e-09 
iter: 1  mgc: 1.295549e-09 
outer mgc:  86.11234 
iter: 1  value: 33620.11 mgc: 7.144341 ustep: 1 
iter: 2  value: 33620.08 mgc: 0.1965991 ustep: 1 
iter: 3  value: 33620.08 mgc: 0.0005518641 ustep: 1 
iter: 4  mgc: 4.426334e-09 
iter: 1  mgc: 4.426334e-09 
outer mgc:  85.72019 
iter: 1  value: 33611.43 mgc: 6.550859 ustep: 1 
iter: 2  value: 33611.35 mgc: 0.2934839 ustep: 1 
iter: 3  value: 33611.35 mgc: 0.001185344 ustep: 1 
iter: 4  value: 33611.35 mgc: 2.13322e-08 ustep: 1 
mgc: 5.647705e-12 
iter: 1  mgc: 5.647705e-12 
outer mgc:  99.07361 
iter: 1  value: 33594.34 mgc: 9.968653 ustep: 1 
iter: 2  value: 33594.07 mgc: 0.5820153 ustep: 1 
iter: 3  value: 33594.07 mgc: 0.002824613 ustep: 1 
iter: 4  value: 33594.07 mgc: 9.575698e-08 ustep: 0.989901 
iter: 5  mgc: 5.283823e-11 
iter: 1  mgc: 5.283823e-11 
outer mgc:  94.05391 
iter: 1  value: 33585.46 mgc: 10.05386 ustep: 1 
iter: 2  value: 33585.32 mgc: 0.3055046 ustep: 1 
iter: 3  value: 33585.32 mgc: 0.001192016 ustep: 1 
iter: 4  value: 33585.32 mgc: 2.299546e-08 ustep: 0.989901 
mgc: 1.703082e-11 
iter: 1  mgc: 1.703082e-11 
outer mgc:  67.69084 
iter: 1  value: 33576.14 mgc: 12.79831 ustep: 1 
iter: 2  value: 33575.79 mgc: 0.4989773 ustep: 1 
iter: 3  value: 33575.79 mgc: 0.002613147 ustep: 1 
iter: 4  value: 33575.79 mgc: 1.105443e-07 ustep: 1 
iter: 5  mgc: 3.542056e-12 
iter: 1  mgc: 3.542056e-12 
outer mgc:  88.42541 
iter: 1  value: 33569.38 mgc: 9.849925 ustep: 1 
iter: 2  value: 33569.17 mgc: 0.4681276 ustep: 1 
iter: 3  value: 33569.17 mgc: 0.001539671 ustep: 1 
iter: 4  value: 33569.17 mgc: 3.094858e-08 ustep: 1 
mgc: 4.458656e-12 
iter: 1  mgc: 4.458656e-12 
outer mgc:  73.75965 
iter: 1  value: 33579.84 mgc: 16.62604 ustep: 1 
iter: 2  value: 33579.09 mgc: 0.852841 ustep: 1 
iter: 3  value: 33579.09 mgc: 0.00628522 ustep: 1 
iter: 4  value: 33579.09 mgc: 5.072288e-07 ustep: 0.989901 
iter: 5  mgc: 2.223493e-10 
iter: 1  value: 33561.43 mgc: 6.824582 ustep: 1 
iter: 2  value: 33561.41 mgc: 0.1617369 ustep: 1 
iter: 3  value: 33561.41 mgc: 0.0002384733 ustep: 1 
iter: 4  mgc: 5.286949e-10 
iter: 1  mgc: 5.286949e-10 
outer mgc:  22.59059 
iter: 1  value: 33561.48 mgc: 2.499366 ustep: 1 
iter: 2  value: 33561.48 mgc: 0.01757363 ustep: 1 
iter: 3  value: 33561.48 mgc: 2.483488e-06 ustep: 0.8994163 
iter: 4  mgc: 7.931593e-09 
iter: 1  value: 33559.86 mgc: 1.116337 ustep: 1 
iter: 2  value: 33559.86 mgc: 0.003772994 ustep: 1 
iter: 3  value: 33559.86 mgc: 1.082154e-07 ustep: 0.9999 
iter: 4  mgc: 3.634426e-12 
iter: 1  mgc: 3.634426e-12 
outer mgc:  14.99774 
iter: 1  value: 33559.55 mgc: 3.040865 ustep: 1 
iter: 2  value: 33559.55 mgc: 0.0352677 ustep: 1 
iter: 3  value: 33559.55 mgc: 1.003923e-05 ustep: 1 
iter: 4  mgc: 3.918421e-12 
iter: 1  value: 33559.31 mgc: 1.507306 ustep: 1 
iter: 2  value: 33559.31 mgc: 0.008930845 ustep: 1 
iter: 3  value: 33559.31 mgc: 6.412524e-07 ustep: 1 
iter: 4  mgc: 3.252953e-12 
iter: 1  mgc: 3.252953e-12 
outer mgc:  5.970781 
iter: 1  value: 33558.93 mgc: 0.5731862 ustep: 1 
iter: 2  value: 33558.93 mgc: 0.00100702 ustep: 1 
iter: 3  mgc: 7.414979e-09 
iter: 1  mgc: 7.414979e-09 
outer mgc:  9.326178 
iter: 1  value: 33558.43 mgc: 0.7806179 ustep: 1 
iter: 2  value: 33558.43 mgc: 0.002521807 ustep: 1 
iter: 3  value: 33558.43 mgc: 5.071704e-08 ustep: 1 
mgc: 2.785105e-12 
iter: 1  mgc: 2.785105e-12 
outer mgc:  6.927487 
iter: 1  value: 33557.98 mgc: 0.5580039 ustep: 1 
iter: 2  value: 33557.98 mgc: 0.001250208 ustep: 1 
iter: 3  value: 33557.98 mgc: 1.337083e-08 ustep: 0.6827823 
mgc: 2.115779e-10 
iter: 1  mgc: 2.115779e-10 
outer mgc:  3.898968 
iter: 1  value: 33557.61 mgc: 0.6201568 ustep: 1 
iter: 2  value: 33557.61 mgc: 0.001514606 ustep: 1 
iter: 3  value: 33557.61 mgc: 2.392915e-08 ustep: 0.989901 
mgc: 9.714701e-12 
iter: 1  mgc: 9.714701e-12 
outer mgc:  6.519024 
iter: 1  value: 33557.34 mgc: 0.5840632 ustep: 1 
iter: 2  value: 33557.34 mgc: 0.001255541 ustep: 1 
iter: 3  value: 33557.34 mgc: 1.022037e-08 ustep: 1 
mgc: 3.341327e-12 
iter: 1  mgc: 3.341327e-12 
outer mgc:  3.862083 
iter: 1  value: 33557.14 mgc: 0.5750419 ustep: 1 
iter: 2  value: 33557.14 mgc: 0.001379341 ustep: 1 
iter: 3  value: 33557.14 mgc: 1.552637e-08 ustep: 0.989901 
mgc: 6.732392e-12 
iter: 1  mgc: 6.732392e-12 
outer mgc:  4.767681 
iter: 1  value: 33556.91 mgc: 0.3418868 ustep: 1 
iter: 2  value: 33556.91 mgc: 0.0005383536 ustep: 1 
iter: 3  mgc: 2.202958e-09 
iter: 1  mgc: 2.202958e-09 
outer mgc:  3.549638 
iter: 1  value: 33556.67 mgc: 0.2716404 ustep: 1 
iter: 2  value: 33556.67 mgc: 0.0002479293 ustep: 1 
iter: 3  mgc: 5.901453e-10 
iter: 1  value: 33556.56 mgc: 0.8340601 ustep: 1 
iter: 2  value: 33556.56 mgc: 0.003021821 ustep: 1 
iter: 3  value: 33556.56 mgc: 9.230558e-08 ustep: 1 
iter: 4  mgc: 3.123279e-12 
iter: 1  value: 33556.74 mgc: 1.388328 ustep: 1 
iter: 2  value: 33556.74 mgc: 0.008508417 ustep: 1 
iter: 3  value: 33556.74 mgc: 7.373931e-07 ustep: 1 
iter: 4  mgc: 2.82796e-12 
iter: 1  mgc: 2.82796e-12 
outer mgc:  19.59877 
iter: 1  value: 33554.97 mgc: 1.297482 ustep: 1 
iter: 2  value: 33554.97 mgc: 0.00692697 ustep: 1 
iter: 3  value: 33554.97 mgc: 4.88762e-07 ustep: 1 
iter: 4  mgc: 1.567191e-12 
iter: 1  value: 33551.71 mgc: 0.9522918 ustep: 1 
iter: 2  value: 33551.71 mgc: 0.009049713 ustep: 1 
iter: 3  value: 33551.71 mgc: 1.071327e-06 ustep: 1 
iter: 4  mgc: 1.118661e-12 
iter: 1  value: 33584.44 mgc: 6.681323 ustep: 1 
iter: 2  value: 33584.31 mgc: 1.025021 ustep: 1 
iter: 3  value: 33584.31 mgc: 0.04014193 ustep: 1 
iter: 4  value: 33584.31 mgc: 6.876892e-05 ustep: 1 
iter: 5  mgc: 2.031011e-10 
iter: 1  mgc: 2.031011e-10 
outer mgc:  49.98202 
iter: 1  value: 34721.69 mgc: 12.3893 ustep: 1 
iter: 2  value: 34721.07 mgc: 1.047486 ustep: 1 
iter: 3  value: 34721.07 mgc: 0.01666089 ustep: 1 
iter: 4  value: 34721.07 mgc: 3.96233e-06 ustep: 1 
iter: 5  mgc: 2.318146e-13 
iter: 1  value: 33594.25 mgc: 3.468235 ustep: 1 
iter: 2  value: 33594.23 mgc: 0.1096811 ustep: 1 
iter: 3  value: 33594.23 mgc: 0.0002061942 ustep: 1 
iter: 4  mgc: 7.509255e-10 
iter: 1  mgc: 7.509255e-10 
outer mgc:  29.75953 
iter: 1  value: 33570.88 mgc: 4.939624 ustep: 1 
iter: 2  value: 33570.6 mgc: 0.5866283 ustep: 1 
iter: 3  value: 33570.6 mgc: 0.005378397 ustep: 1 
iter: 4  value: 33570.6 mgc: 4.783627e-07 ustep: 1 
iter: 5  mgc: 5.639933e-14 
iter: 1  value: 33580.92 mgc: 2.699103 ustep: 1 
iter: 2  value: 33580.89 mgc: 0.1495646 ustep: 1 
iter: 3  value: 33580.89 mgc: 0.0003357237 ustep: 1 
iter: 4  mgc: 2.646215e-09 
iter: 1  mgc: 2.646215e-09 
outer mgc:  27.67843 
iter: 1  value: 33567.44 mgc: 3.334681 ustep: 1 
iter: 2  value: 33567.4 mgc: 0.1636681 ustep: 1 
iter: 3  value: 33567.4 mgc: 0.0003964729 ustep: 1 
iter: 4  mgc: 2.88463e-09 
iter: 1  mgc: 2.88463e-09 
outer mgc:  28.0492 
iter: 1  value: 33559.88 mgc: 3.766107 ustep: 1 
iter: 2  value: 33559.85 mgc: 0.1493195 ustep: 1 
iter: 3  value: 33559.85 mgc: 0.000374282 ustep: 1 
iter: 4  mgc: 3.079135e-09 
iter: 1  mgc: 3.079135e-09 
outer mgc:  25.07265 
iter: 1  value: 33558.47 mgc: 3.993884 ustep: 1 
iter: 2  value: 33558.44 mgc: 0.1174559 ustep: 1 
iter: 3  value: 33558.44 mgc: 0.0002582183 ustep: 1 
iter: 4  mgc: 1.793282e-09 
iter: 1  mgc: 1.793282e-09 
outer mgc:  21.64877 
iter: 1  value: 33562.9 mgc: 1.854006 ustep: 1 
iter: 2  value: 33562.9 mgc: 0.03716659 ustep: 1 
iter: 3  value: 33562.9 mgc: 2.399213e-05 ustep: 1 
iter: 4  mgc: 1.077272e-11 
iter: 1  mgc: 1.077272e-11 
outer mgc:  14.57606 
iter: 1  value: 33552.61 mgc: 1.377886 ustep: 1 
iter: 2  value: 33552.61 mgc: 0.02766188 ustep: 1 
iter: 3  value: 33552.61 mgc: 1.20439e-05 ustep: 1 
iter: 4  mgc: 2.689404e-12 
iter: 1  value: 33559.97 mgc: 0.8625891 ustep: 1 
iter: 2  value: 33559.97 mgc: 0.009193871 ustep: 1 
iter: 3  value: 33559.97 mgc: 1.437906e-06 ustep: 1 
iter: 4  mgc: 5.973e-14 
iter: 1  mgc: 5.973e-14 
outer mgc:  9.417125 
iter: 1  value: 33555.17 mgc: 1.059611 ustep: 1 
iter: 2  value: 33555.16 mgc: 0.01086071 ustep: 1 
iter: 3  value: 33555.16 mgc: 2.706538e-06 ustep: 1 
iter: 4  mgc: 2.019496e-13 
iter: 1  mgc: 2.019496e-13 
outer mgc:  9.889649 
iter: 1  value: 33551.74 mgc: 1.512674 ustep: 1 
iter: 2  value: 33551.74 mgc: 0.02744673 ustep: 1 
iter: 3  value: 33551.74 mgc: 1.538693e-05 ustep: 1 
iter: 4  mgc: 7.251422e-12 
iter: 1  mgc: 7.251422e-12 
outer mgc:  9.902132 
iter: 1  value: 33550.02 mgc: 1.244775 ustep: 1 
iter: 2  value: 33550.01 mgc: 0.01505784 ustep: 1 
iter: 3  value: 33550.01 mgc: 3.137292e-06 ustep: 1 
iter: 4  mgc: 2.106093e-13 
iter: 1  mgc: 2.106093e-13 
outer mgc:  12.58068 
iter: 1  value: 33551.41 mgc: 1.358883 ustep: 1 
iter: 2  value: 33551.41 mgc: 0.02333727 ustep: 1 
iter: 3  value: 33551.41 mgc: 1.027717e-05 ustep: 1 
iter: 4  mgc: 2.015721e-12 
iter: 1  mgc: 2.015721e-12 
outer mgc:  8.907163 
iter: 1  value: 33549.6 mgc: 0.8721642 ustep: 1 
iter: 2  value: 33549.6 mgc: 0.007311958 ustep: 1 
iter: 3  value: 33549.6 mgc: 8.271558e-07 ustep: 1 
iter: 4  mgc: 3.819167e-14 
iter: 1  mgc: 3.819167e-14 
outer mgc:  10.75293 
iter: 1  value: 33547.64 mgc: 1.293097 ustep: 1 
iter: 2  value: 33547.64 mgc: 0.0190628 ustep: 1 
iter: 3  value: 33547.64 mgc: 5.310402e-06 ustep: 1 
iter: 4  mgc: 4.18332e-13 
iter: 1  value: 33549.02 mgc: 0.5214926 ustep: 1 
iter: 2  value: 33549.02 mgc: 0.003061878 ustep: 1 
iter: 3  value: 33549.02 mgc: 1.413292e-07 ustep: 1 
iter: 4  mgc: 3.819167e-14 
iter: 1  mgc: 3.819167e-14 
outer mgc:  4.673242 
iter: 1  value: 33548 mgc: 0.486641 ustep: 1 
iter: 2  value: 33548 mgc: 0.00308573 ustep: 1 
iter: 3  value: 33548 mgc: 1.43123e-07 ustep: 1 
iter: 4  mgc: 3.330669e-14 
iter: 1  mgc: 3.330669e-14 
outer mgc:  5.297986 
iter: 1  value: 33546.54 mgc: 0.3143814 ustep: 1 
iter: 2  value: 33546.54 mgc: 0.001065356 ustep: 1 
iter: 3  value: 33546.54 mgc: 1.585951e-08 ustep: 1 
mgc: 3.197442e-14 
iter: 1  mgc: 3.197442e-14 
outer mgc:  2.247118 
iter: 1  value: 33545.92 mgc: 0.3251577 ustep: 1 
iter: 2  value: 33545.92 mgc: 0.001263439 ustep: 1 
iter: 3  value: 33545.92 mgc: 2.129495e-08 ustep: 1 
mgc: 3.108624e-14 
iter: 1  mgc: 3.108624e-14 
outer mgc:  3.981942 
iter: 1  value: 33545.12 mgc: 0.2360244 ustep: 1 
iter: 2  value: 33545.12 mgc: 0.0006277582 ustep: 1 
iter: 3  mgc: 6.542583e-09 
iter: 1  mgc: 6.542583e-09 
outer mgc:  2.264959 
iter: 1  value: 33545.11 mgc: 0.26962 ustep: 1 
iter: 2  value: 33545.11 mgc: 0.0006161687 ustep: 1 
iter: 3  mgc: 2.97844e-09 
iter: 1  value: 33544.81 mgc: 0.2175529 ustep: 1 
iter: 2  value: 33544.81 mgc: 0.0004669836 ustep: 1 
iter: 3  mgc: 2.588526e-09 
iter: 1  mgc: 2.588526e-09 
outer mgc:  2.740301 
iter: 1  value: 33544.68 mgc: 0.1275717 ustep: 1 
iter: 2  value: 33544.68 mgc: 0.0001731124 ustep: 1 
iter: 3  mgc: 4.092473e-10 
iter: 1  mgc: 4.092473e-10 
outer mgc:  0.6455929 
iter: 1  value: 33544.27 mgc: 0.0484921 ustep: 1 
iter: 2  value: 33544.27 mgc: 2.322771e-05 ustep: 1 
iter: 3  mgc: 7.877698e-12 
iter: 1  value: 33543.73 mgc: 0.06476776 ustep: 1 
iter: 2  value: 33543.73 mgc: 4.126073e-05 ustep: 1 
iter: 3  mgc: 2.474376e-11 
iter: 1  mgc: 2.474376e-11 
outer mgc:  1.495238 
iter: 1  value: 33543.33 mgc: 0.1265912 ustep: 1 
iter: 2  value: 33543.33 mgc: 0.0001405954 ustep: 1 
iter: 3  mgc: 2.498646e-10 
iter: 1  mgc: 2.498646e-10 
outer mgc:  1.246757 
iter: 1  value: 33543.25 mgc: 0.1079479 ustep: 1 
iter: 2  value: 33543.25 mgc: 0.0001479995 ustep: 1 
iter: 3  mgc: 3.102523e-10 
iter: 1  mgc: 3.102523e-10 
outer mgc:  0.6692952 
iter: 1  value: 33542.56 mgc: 0.09143981 ustep: 1 
iter: 2  value: 33542.56 mgc: 6.859186e-05 ustep: 1 
iter: 3  mgc: 6.316192e-11 
iter: 1  mgc: 6.316192e-11 
outer mgc:  0.9578555 
iter: 1  value: 33542.31 mgc: 0.09811182 ustep: 1 
iter: 2  value: 33542.31 mgc: 9.685658e-05 ustep: 1 
iter: 3  mgc: 1.957334e-10 
iter: 1  mgc: 1.957334e-10 
outer mgc:  0.7424643 
iter: 1  value: 33542.02 mgc: 0.07430749 ustep: 1 
iter: 2  value: 33542.02 mgc: 8.659245e-05 ustep: 1 
iter: 3  mgc: 2.312621e-10 
iter: 1  mgc: 2.312621e-10 
outer mgc:  0.3256275 
iter: 1  value: 33542.1 mgc: 0.06382559 ustep: 1 
iter: 2  value: 33542.1 mgc: 6.697277e-05 ustep: 1 
iter: 3  mgc: 9.904699e-11 
iter: 1  value: 33542.08 mgc: 0.04193953 ustep: 1 
iter: 2  value: 33542.08 mgc: 3.438913e-05 ustep: 1 
iter: 3  mgc: 3.143796e-11 
iter: 1  value: 33542.05 mgc: 0.0317208 ustep: 1 
iter: 2  value: 33542.05 mgc: 1.300838e-05 ustep: 1 
iter: 3  mgc: 3.99325e-12 
iter: 1  mgc: 3.99325e-12 
outer mgc:  0.3696925 
iter: 1  value: 33542.04 mgc: 0.02489655 ustep: 1 
iter: 2  value: 33542.04 mgc: 7.046406e-06 ustep: 1 
iter: 3  mgc: 5.941914e-13 
iter: 1  mgc: 5.941914e-13 
outer mgc:  0.2013057 
iter: 1  value: 33542.04 mgc: 0.01681427 ustep: 1 
iter: 2  value: 33542.04 mgc: 3.56022e-06 ustep: 1 
iter: 3  mgc: 1.634248e-13 
iter: 1  mgc: 1.634248e-13 
outer mgc:  0.2096523 
iter: 1  value: 33542.04 mgc: 0.01275235 ustep: 1 
iter: 2  value: 33542.04 mgc: 2.275643e-06 ustep: 1 
iter: 3  mgc: 6.794565e-14 
iter: 1  mgc: 6.794565e-14 
outer mgc:  0.1167846 
iter: 1  value: 33542.04 mgc: 0.01119531 ustep: 1 
iter: 2  value: 33542.04 mgc: 1.807021e-06 ustep: 1 
iter: 3  mgc: 9.525714e-14 
iter: 1  mgc: 9.525714e-14 
outer mgc:  0.08559716 
iter: 1  value: 33542 mgc: 0.00903954 ustep: 1 
iter: 2  value: 33542 mgc: 1.44546e-06 ustep: 1 
iter: 3  mgc: 4.973799e-14 
iter: 1  mgc: 4.973799e-14 
outer mgc:  0.09529876 
iter: 1  value: 33541.94 mgc: 0.01337666 ustep: 1 
iter: 2  value: 33541.94 mgc: 1.773367e-06 ustep: 1 
iter: 3  mgc: 5.506706e-14 
iter: 1  mgc: 5.506706e-14 
outer mgc:  0.1016205 
iter: 1  value: 33541.93 mgc: 0.008820431 ustep: 1 
iter: 2  value: 33541.93 mgc: 9.097125e-07 ustep: 1 
iter: 3  mgc: 4.618528e-14 
iter: 1  mgc: 4.618528e-14 
outer mgc:  0.05646415 
iter: 1  value: 33541.97 mgc: 0.01054877 ustep: 1 
iter: 2  value: 33541.97 mgc: 1.632775e-06 ustep: 1 
iter: 3  mgc: 5.950795e-14 
iter: 1  value: 33541.95 mgc: 0.004557972 ustep: 1 
iter: 2  value: 33541.95 mgc: 4.096246e-07 ustep: 1 
iter: 3  mgc: 2.309264e-14 
iter: 1  mgc: 2.309264e-14 
outer mgc:  0.07489183 
iter: 1  value: 33541.94 mgc: 0.009349844 ustep: 1 
iter: 2  value: 33541.94 mgc: 9.019641e-07 ustep: 1 
iter: 3  mgc: 3.641532e-14 
iter: 1  mgc: 3.641532e-14 
outer mgc:  0.04187702 
iter: 1  value: 33541.96 mgc: 0.006551967 ustep: 1 
iter: 2  value: 33541.96 mgc: 5.013631e-07 ustep: 1 
iter: 3  mgc: 2.975398e-14 
iter: 1  value: 33541.95 mgc: 0.002591958 ustep: 1 
iter: 2  value: 33541.95 mgc: 8.278811e-08 ustep: 1 
iter: 3  mgc: 3.597123e-14 
iter: 1  mgc: 3.597123e-14 
outer mgc:  0.02173285 
iter: 1  value: 33541.95 mgc: 0.004115569 ustep: 1 
iter: 2  value: 33541.95 mgc: 1.775805e-07 ustep: 1 
iter: 3  mgc: 2.753353e-14 
iter: 1  mgc: 2.753353e-14 
outer mgc:  0.02227507 
iter: 1  value: 33541.95 mgc: 0.001651723 ustep: 1 
iter: 2  value: 33541.95 mgc: 3.305974e-08 ustep: 1 
mgc: 2.842171e-14 
iter: 1  mgc: 2.842171e-14 
outer mgc:  0.01318459 
iter: 1  value: 33541.95 mgc: 0.001363923 ustep: 1 
iter: 2  value: 33541.95 mgc: 1.825984e-08 ustep: 1 
mgc: 3.641532e-14 
iter: 1  mgc: 3.641532e-14 
outer mgc:  0.006903692 
iter: 1  value: 33541.95 mgc: 0.001938894 ustep: 1 
iter: 2  value: 33541.95 mgc: 4.161998e-08 ustep: 1 
mgc: 4.263256e-14 
iter: 1  mgc: 3.641532e-14 
iter: 1  mgc: 3.641532e-14 
outer mgc:  0.006903692 
iter: 1  value: 33541.95 mgc: 0.01630358 ustep: 1 
iter: 2  value: 33541.95 mgc: 3.381335e-06 ustep: 1 
iter: 3  mgc: 1.412204e-13 
outer mgc:  0.4431524 
iter: 1  value: 33541.95 mgc: 0.01628935 ustep: 1 
iter: 2  value: 33541.95 mgc: 3.386777e-06 ustep: 1 
iter: 3  mgc: 1.376677e-13 
outer mgc:  0.4569067 
iter: 1  value: 33541.95 mgc: 0.008820606 ustep: 1 
iter: 2  value: 33541.95 mgc: 9.459214e-07 ustep: 1 
iter: 3  mgc: 2.398082e-14 
outer mgc:  0.4075509 
iter: 1  value: 33541.95 mgc: 0.008815368 ustep: 1 
iter: 2  value: 33541.95 mgc: 9.463051e-07 ustep: 1 
iter: 3  mgc: 3.197442e-14 
outer mgc:  0.4109746 
iter: 1  value: 33541.95 mgc: 0.02090287 ustep: 1 
iter: 2  value: 33541.95 mgc: 4.626784e-06 ustep: 1 
iter: 3  mgc: 4.199974e-13 
outer mgc:  0.2473765 
iter: 1  value: 33541.95 mgc: 0.02090116 ustep: 1 
iter: 2  value: 33541.95 mgc: 4.6357e-06 ustep: 1 
iter: 3  mgc: 4.156675e-13 
outer mgc:  0.2584899 
iter: 1  value: 33541.95 mgc: 0.01002573 ustep: 1 
iter: 2  value: 33541.95 mgc: 1.299283e-06 ustep: 1 
iter: 3  mgc: 5.895284e-14 
outer mgc:  0.3492506 
iter: 1  value: 33541.95 mgc: 0.01002126 ustep: 1 
iter: 2  value: 33541.95 mgc: 1.299252e-06 ustep: 1 
iter: 3  mgc: 5.939693e-14 
outer mgc:  0.3461773 
iter: 1  value: 33541.94 mgc: 0.01693259 ustep: 1 
iter: 2  value: 33541.94 mgc: 3.736442e-06 ustep: 1 
iter: 3  mgc: 2.620126e-13 
outer mgc:  0.2908344 
iter: 1  value: 33541.96 mgc: 0.01691996 ustep: 1 
iter: 2  value: 33541.96 mgc: 3.745294e-06 ustep: 1 
iter: 3  mgc: 2.593481e-13 
outer mgc:  0.2914105 
iter: 1  value: 33541.95 mgc: 0.00895116 ustep: 1 
iter: 2  value: 33541.95 mgc: 1.046383e-06 ustep: 1 
iter: 3  mgc: 4.707346e-14 
outer mgc:  0.2567846 
iter: 1  value: 33541.96 mgc: 0.00894608 ustep: 1 
iter: 2  value: 33541.96 mgc: 1.047183e-06 ustep: 1 
iter: 3  mgc: 4.440892e-14 
outer mgc:  0.258149 
iter: 1  value: 33541.95 mgc: 0.01689027 ustep: 1 
iter: 2  value: 33541.95 mgc: 3.786974e-06 ustep: 1 
iter: 3  mgc: 2.227107e-13 
outer mgc:  0.3653615 
iter: 1  value: 33541.95 mgc: 0.01687956 ustep: 1 
iter: 2  value: 33541.95 mgc: 3.792796e-06 ustep: 1 
iter: 3  mgc: 2.287059e-13 
outer mgc:  0.3581101 
iter: 1  value: 33541.95 mgc: 0.00929513 ustep: 1 
iter: 2  value: 33541.95 mgc: 1.161283e-06 ustep: 1 
iter: 3  mgc: 4.263256e-14 
outer mgc:  0.366342 
iter: 1  value: 33541.95 mgc: 0.009289527 ustep: 1 
iter: 2  value: 33541.95 mgc: 1.161591e-06 ustep: 1 
iter: 3  mgc: 5.595524e-14 
outer mgc:  0.371707 
iter: 1  value: 33541.95 mgc: 0.01829216 ustep: 1 
iter: 2  value: 33541.95 mgc: 3.732209e-06 ustep: 1 
iter: 3  mgc: 2.224887e-13 
outer mgc:  0.3955495 
iter: 1  value: 33541.95 mgc: 0.01828075 ustep: 1 
iter: 2  value: 33541.95 mgc: 3.740258e-06 ustep: 1 
iter: 3  mgc: 2.069456e-13 
outer mgc:  0.3901078 
iter: 1  value: 33541.95 mgc: 0.009537414 ustep: 1 
iter: 2  value: 33541.95 mgc: 1.232777e-06 ustep: 1 
iter: 3  mgc: 3.019807e-14 
outer mgc:  0.4076235 
iter: 1  value: 33541.95 mgc: 0.009532589 ustep: 1 
iter: 2  value: 33541.95 mgc: 1.233257e-06 ustep: 1 
iter: 3  mgc: 5.107026e-14 
outer mgc:  0.4052357 
iter: 1  value: 33541.97 mgc: 0.004997282 ustep: 1 
iter: 2  value: 33541.97 mgc: 2.646139e-07 ustep: 1 
iter: 3  mgc: 2.930989e-14 
outer mgc:  0.01478366 
iter: 1  value: 33541.93 mgc: 0.005002282 ustep: 1 
iter: 2  value: 33541.93 mgc: 2.64611e-07 ustep: 1 
iter: 3  mgc: 2.575717e-14 
outer mgc:  0.01471388 
iter: 1  value: 33541.97 mgc: 0.005314656 ustep: 1 
iter: 2  value: 33541.97 mgc: 3.209101e-07 ustep: 1 
iter: 3  mgc: 2.398082e-14 
outer mgc:  0.02644171 
iter: 1  value: 33541.94 mgc: 0.005319973 ustep: 1 
iter: 2  value: 33541.94 mgc: 3.211168e-07 ustep: 1 
iter: 3  mgc: 3.153033e-14 
outer mgc:  0.02653057 
iter: 1  value: 33541.97 mgc: 0.00764392 ustep: 1 
iter: 2  value: 33541.97 mgc: 6.131854e-07 ustep: 1 
iter: 3  mgc: 3.330669e-14 
outer mgc:  0.01550574 
iter: 1  value: 33541.93 mgc: 0.007651568 ustep: 1 
iter: 2  value: 33541.93 mgc: 6.138459e-07 ustep: 1 
iter: 3  mgc: 2.442491e-14 
outer mgc:  0.01639723 
iter: 1  value: 33541.97 mgc: 0.00527734 ustep: 1 
iter: 2  value: 33541.97 mgc: 2.363133e-07 ustep: 1 
iter: 3  mgc: 3.28626e-14 
outer mgc:  0.01676564 
iter: 1  value: 33541.93 mgc: 0.00528262 ustep: 1 
iter: 2  value: 33541.93 mgc: 2.363745e-07 ustep: 1 
iter: 3  mgc: 3.996803e-14 
outer mgc:  0.0186653 
iter: 1  value: 33541.97 mgc: 0.004936881 ustep: 1 
iter: 2  value: 33541.97 mgc: 2.809295e-07 ustep: 1 
iter: 3  mgc: 3.375078e-14 
outer mgc:  0.01697209 
iter: 1  value: 33541.93 mgc: 0.004941821 ustep: 1 
iter: 2  value: 33541.93 mgc: 2.81007e-07 ustep: 1 
iter: 3  mgc: 3.064216e-14 
outer mgc:  0.02017021 
iter: 1  value: 33541.91 mgc: 0.004135676 ustep: 1 
iter: 2  value: 33541.91 mgc: 2.555441e-07 ustep: 1 
iter: 3  mgc: 3.730349e-14 
outer mgc:  0.03880125 
iter: 1  value: 33541.99 mgc: 0.004134693 ustep: 1 
iter: 2  value: 33541.99 mgc: 2.55491e-07 ustep: 1 
iter: 3  mgc: 2.930989e-14 
outer mgc:  0.03889913 
iter: 1  value: 33541.91 mgc: 0.004402228 ustep: 1 
iter: 2  value: 33541.91 mgc: 3.330086e-07 ustep: 1 
iter: 3  mgc: 3.375078e-14 
outer mgc:  0.05237354 
iter: 1  value: 33541.99 mgc: 0.004400944 ustep: 1 
iter: 2  value: 33541.99 mgc: 3.325243e-07 ustep: 1 
iter: 3  mgc: 2.531308e-14 
outer mgc:  0.05207553 
[Sun Aug 15 11:21:26 2021]
Finished job 0.
1 of 1 steps (100%) done
