Building DAG of jobs...
Using shell: /usr/bin/bash
Provided cores: 40
Rules claiming more threads will be scaled down.
Job counts:
	count	jobs
	1	inference_simulation_TMB_multiple
	1
Select jobs to execute...

[Sun Aug 15 15:35:21 2021]
rule inference_simulation_TMB_multiple:
    input: ../data/assessing_models_simulation/datasets/multiple_GenerationCnorm_50_100_80_6_0.6_NA_NA_NA_dataset0.RDS
    output: ../data/assessing_models_simulation/inference_results/TMB/nlminb/multiple_GenerationCnorm_50_100_80_6_0.6_fullREDMsinglelambda_NA_NA_NA_dataset0.RDS
    log: logs/inference/nlminb/simulation_GenerationCnorm_50_100_80_6_0.6_ModelfullREDMsinglelambda_NA_NA_NA_dataset0.log
    jobid: 0
    wildcards: optimiser=nlminb, datasetgeneration=GenerationCnorm, n=50, nlambda=100, lmbda=80, d=6, beta_intensity=0.6, model=fullREDMsinglelambda, fixed_beta_intercept=NA, fixed_beta_slope=NA, sdRE_input=NA, itnum=0

Rscript 2_inference_TMB/run_TMB.R --input ../data/assessing_models_simulation/datasets/multiple_GenerationCnorm_50_100_80_6_0.6_NA_NA_NA_dataset0.RDS --output ../data/assessing_models_simulation/inference_results/TMB/nlminb/multiple_GenerationCnorm_50_100_80_6_0.6_fullREDMsinglelambda_NA_NA_NA_dataset0.RDS --model fullREDMsinglelambda --optimiser nlminb
Model: fullREDMsinglelambda 
Feature type: signatures 
Using nlminb: TRUE 
Simulation boolean: TRUE 
make: Nothing to be done for 'all'.
../data/assessing_models_simulation/datasets/multiple_GenerationCnorm_50_100_80_6_0.6_NA_NA_NA_dataset0.RDS[1] "../data/assessing_models_simulation/datasets/multiple_GenerationCnorm_50_100_80_6_0.6_NA_NA_NA_dataset0.RDS"
Reading file ../data/assessing_models_simulation/datasets/multiple_GenerationCnorm_50_100_80_6_0.6_NA_NA_NA_dataset0.RDS 
Loading required package: nnet
# weights:  18 (10 variable)
initial  value 17989.265071 
iter  10 value 16693.090909
final  value 16608.792982 
converged
Order of parameters:
[1] "beta"       "u_large"    "logs_sd_RE" "cov_par_RE" "log_lambda"
Not matching template order:
[1] "beta"       "logs_sd_RE" "cov_par_RE" "log_lambda" "u_large"   
Your parameter list has been re-ordered.
(Disable this warning with checkParameterOrder=FALSE)
Constructing atomic invpd
Constructing atomic D_lgamma
Constructing atomic invpd
Constructing atomic D_lgamma
Constructing atomic matmul
Constructing atomic invpd
Constructing atomic D_lgamma
Constructing atomic matmul
Optimizing tape... Done
iter: 1  value: 17224.15 mgc: 4.451566 ustep: 1 
iter: 2  value: 17218.85 mgc: 0.93623 ustep: 1 
iter: 3  value: 17218.82 mgc: 0.1171699 ustep: 1 
iter: 4  value: 17218.82 mgc: 0.002675595 ustep: 1 
iter: 5  value: 17218.82 mgc: 2.148249e-06 ustep: 1 
iter: 6  mgc: 1.698263e-12 
iter: 1  mgc: 1.698263e-12 
Matching hessian patterns... Done
outer mgc:  246.411 
iter: 1  value: 16950.71 mgc: 1.460354 ustep: 1 
iter: 2  value: 16950.66 mgc: 0.2267924 ustep: 1 
iter: 3  value: 16950.66 mgc: 0.002626583 ustep: 1 
iter: 4  value: 16950.66 mgc: 3.882372e-07 ustep: 1 
iter: 5  mgc: 6.106227e-15 
iter: 1  value: 16596.5 mgc: 5.106804 ustep: 1 
iter: 2  value: 16596.19 mgc: 0.6385761 ustep: 1 
iter: 3  value: 16596.19 mgc: 0.02499291 ustep: 1 
iter: 4  value: 16596.19 mgc: 5.101521e-05 ustep: 1 
iter: 5  mgc: 2.159125e-10 
iter: 1  mgc: 2.159125e-10 
outer mgc:  118.4853 
iter: 1  value: 17277.19 mgc: 19.13862 ustep: 1 
iter: 2  value: 16842.52 mgc: 14.90672 ustep: 1 
iter: 3  value: 16817.92 mgc: 15.20234 ustep: 1 
iter: 4  value: 16783.06 mgc: 14.84222 ustep: 1 
iter: 5  value: 16774.4 mgc: 6.981372 ustep: 1 
iter: 6  value: 16771.96 mgc: 4.958612 ustep: 1 
iter: 7  value: 16771.94 mgc: 0.2632827 ustep: 1 
iter: 8  value: 16771.94 mgc: 0.003948802 ustep: 1 
iter: 9  value: 16771.94 mgc: 8.18883e-07 ustep: 1 
iter: 10  mgc: 5.062617e-14 
iter: 1  value: 16502.23 mgc: 9.752388 ustep: 1 
iter: 2  value: 16499.35 mgc: 1.27482 ustep: 1 
iter: 3  value: 16499.35 mgc: 0.0797817 ustep: 1 
iter: 4  value: 16499.35 mgc: 0.0002943718 ustep: 1 
iter: 5  mgc: 4.834145e-09 
iter: 1  mgc: 4.834145e-09 
outer mgc:  45.92989 
iter: 1  value: 16434.65 mgc: 11.73057 ustep: 1 
iter: 2  value: 16430.75 mgc: 2.08304 ustep: 1 
iter: 3  value: 16430.75 mgc: 0.05706287 ustep: 1 
iter: 4  value: 16430.75 mgc: 5.006187e-05 ustep: 1 
iter: 5  mgc: 3.967561e-11 
iter: 1  mgc: 3.967561e-11 
outer mgc:  120.9455 
iter: 1  value: 16339.56 mgc: 13.74089 ustep: 1 
iter: 2  value: 16339.08 mgc: 0.9020076 ustep: 1 
iter: 3  value: 16339.08 mgc: 0.01211632 ustep: 1 
iter: 4  value: 16339.08 mgc: 2.760503e-06 ustep: 1 
iter: 5  mgc: 1.409983e-13 
iter: 1  mgc: 1.409983e-13 
outer mgc:  83.79001 
iter: 1  value: 16317.06 mgc: 16.77226 ustep: 1 
iter: 2  value: 16315.61 mgc: 1.808089 ustep: 1 
iter: 3  value: 16315.61 mgc: 0.02046353 ustep: 1 
iter: 4  value: 16315.61 mgc: 3.333391e-06 ustep: 1 
iter: 5  mgc: 5.950795e-14 
iter: 1  value: 16305.32 mgc: 8.806617 ustep: 1 
iter: 2  value: 16304.96 mgc: 0.6190842 ustep: 1 
iter: 3  value: 16304.96 mgc: 0.00625924 ustep: 1 
iter: 4  value: 16304.96 mgc: 7.052208e-07 ustep: 1 
iter: 5  mgc: 4.907186e-14 
iter: 1  mgc: 4.907186e-14 
outer mgc:  41.354 
iter: 1  value: 16269.38 mgc: 4.199964 ustep: 1 
iter: 2  value: 16269.37 mgc: 0.1649402 ustep: 1 
iter: 3  value: 16269.37 mgc: 0.0003859986 ustep: 1 
iter: 4  mgc: 1.793846e-09 
iter: 1  mgc: 1.793846e-09 
outer mgc:  45.06024 
iter: 1  value: 16244.3 mgc: 5.33485 ustep: 1 
iter: 2  value: 16244.28 mgc: 0.2043139 ustep: 1 
iter: 3  value: 16244.28 mgc: 0.000344196 ustep: 1 
iter: 4  mgc: 1.379785e-09 
iter: 1  mgc: 1.379785e-09 
outer mgc:  81.78895 
iter: 1  value: 16223.97 mgc: 7.829586 ustep: 1 
iter: 2  value: 16223.93 mgc: 0.2751908 ustep: 1 
iter: 3  value: 16223.93 mgc: 0.0004689725 ustep: 1 
iter: 4  mgc: 1.489576e-09 
iter: 1  mgc: 1.489576e-09 
outer mgc:  102.4813 
iter: 1  value: 16203.22 mgc: 6.426315 ustep: 1 
iter: 2  value: 16203.21 mgc: 0.1255187 ustep: 1 
iter: 3  value: 16203.21 mgc: 0.0001111081 ustep: 1 
iter: 4  mgc: 9.088463e-11 
iter: 1  mgc: 9.088463e-11 
outer mgc:  34.63691 
iter: 1  value: 16192.28 mgc: 5.183079 ustep: 1 
iter: 2  value: 16192.28 mgc: 0.07080773 ustep: 1 
iter: 3  value: 16192.28 mgc: 2.66722e-05 ustep: 1 
iter: 4  mgc: 1.645128e-12 
iter: 1  mgc: 1.645128e-12 
outer mgc:  26.80057 
iter: 1  value: 16174.77 mgc: 3.150141 ustep: 1 
iter: 2  value: 16174.77 mgc: 0.03153533 ustep: 1 
iter: 3  value: 16174.77 mgc: 4.171284e-06 ustep: 1 
iter: 4  mgc: 1.501022e-13 
iter: 1  mgc: 1.501022e-13 
outer mgc:  24.20355 
iter: 1  value: 16162.24 mgc: 5.295205 ustep: 1 
iter: 2  value: 16162.24 mgc: 0.08377623 ustep: 1 
iter: 3  value: 16162.24 mgc: 1.351658e-05 ustep: 1 
iter: 4  mgc: 1.466383e-12 
iter: 1  mgc: 1.466383e-12 
outer mgc:  26.87391 
iter: 1  value: 16150.85 mgc: 5.105709 ustep: 1 
iter: 2  value: 16150.85 mgc: 0.04188181 ustep: 1 
iter: 3  value: 16150.85 mgc: 4.427465e-06 ustep: 1 
iter: 4  mgc: 1.945111e-13 
iter: 1  mgc: 1.945111e-13 
outer mgc:  21.09692 
iter: 1  value: 16152.61 mgc: 7.548475 ustep: 1 
iter: 2  value: 16152.61 mgc: 0.05826279 ustep: 1 
iter: 3  value: 16152.61 mgc: 1.383642e-05 ustep: 1 
iter: 4  mgc: 6.993295e-12 
iter: 1  value: 16148.99 mgc: 2.794742 ustep: 1 
iter: 2  value: 16148.99 mgc: 0.01533112 ustep: 1 
iter: 3  value: 16148.99 mgc: 7.46557e-07 ustep: 1 
iter: 4  mgc: 4.773959e-14 
iter: 1  mgc: 4.773959e-14 
outer mgc:  16.39454 
iter: 1  value: 16146.93 mgc: 2.630417 ustep: 1 
iter: 2  value: 16146.93 mgc: 0.01220147 ustep: 1 
iter: 3  value: 16146.93 mgc: 8.316045e-07 ustep: 1 
iter: 4  mgc: 5.062617e-14 
iter: 1  mgc: 5.062617e-14 
outer mgc:  17.80481 
iter: 1  value: 16144.69 mgc: 2.965394 ustep: 1 
iter: 2  value: 16144.69 mgc: 0.01528242 ustep: 1 
iter: 3  value: 16144.69 mgc: 5.783201e-07 ustep: 1 
iter: 4  mgc: 4.263256e-14 
iter: 1  mgc: 4.263256e-14 
outer mgc:  7.94532 
iter: 1  value: 16142.58 mgc: 1.167656 ustep: 1 
iter: 2  value: 16142.58 mgc: 0.002713369 ustep: 1 
iter: 3  value: 16142.58 mgc: 2.06872e-08 ustep: 1 
mgc: 6.211698e-14 
iter: 1  mgc: 6.211698e-14 
outer mgc:  5.113853 
iter: 1  value: 16140.35 mgc: 0.7936958 ustep: 1 
iter: 2  value: 16140.35 mgc: 0.001256787 ustep: 1 
iter: 3  mgc: 4.440861e-09 
iter: 1  mgc: 4.440861e-09 
outer mgc:  7.509321 
iter: 1  value: 16138.58 mgc: 1.217819 ustep: 1 
iter: 2  value: 16138.58 mgc: 0.003846494 ustep: 1 
iter: 3  value: 16138.58 mgc: 5.387377e-08 ustep: 1 
mgc: 4.807266e-14 
iter: 1  mgc: 4.807266e-14 
outer mgc:  4.272646 
iter: 1  value: 16136.47 mgc: 1.234362 ustep: 1 
iter: 2  value: 16136.47 mgc: 0.004445899 ustep: 1 
iter: 3  value: 16136.47 mgc: 8.456106e-08 ustep: 1 
mgc: 5.639933e-14 
iter: 1  mgc: 5.639933e-14 
outer mgc:  8.991685 
iter: 1  value: 16134.76 mgc: 0.9365344 ustep: 1 
iter: 2  value: 16134.76 mgc: 0.003076598 ustep: 1 
iter: 3  value: 16134.76 mgc: 3.80745e-08 ustep: 1 
mgc: 5.329071e-14 
iter: 1  mgc: 5.329071e-14 
outer mgc:  6.842112 
iter: 1  value: 16133.98 mgc: 1.466632 ustep: 1 
iter: 2  value: 16133.98 mgc: 0.002741929 ustep: 1 
iter: 3  value: 16133.98 mgc: 5.142568e-08 ustep: 1 
mgc: 3.952394e-14 
iter: 1  mgc: 3.952394e-14 
outer mgc:  7.074702 
iter: 1  value: 16133.06 mgc: 1.019305 ustep: 1 
iter: 2  value: 16133.06 mgc: 0.00157005 ustep: 1 
iter: 3  value: 16133.06 mgc: 1.168636e-08 ustep: 1 
mgc: 5.240253e-14 
iter: 1  mgc: 5.240253e-14 
outer mgc:  16.72198 
iter: 1  value: 16132.17 mgc: 0.8895019 ustep: 1 
iter: 2  value: 16132.17 mgc: 0.002394418 ustep: 1 
iter: 3  value: 16132.17 mgc: 1.919627e-08 ustep: 1 
mgc: 4.485301e-14 
iter: 1  mgc: 4.485301e-14 
outer mgc:  9.149469 
iter: 1  value: 16131.78 mgc: 1.410629 ustep: 1 
iter: 2  value: 16131.78 mgc: 0.004184833 ustep: 1 
iter: 3  value: 16131.78 mgc: 6.378693e-08 ustep: 1 
iter: 4  mgc: 6.261658e-14 
iter: 1  mgc: 6.261658e-14 
outer mgc:  12.14193 
iter: 1  value: 16131.04 mgc: 0.8033155 ustep: 1 
iter: 2  value: 16131.04 mgc: 0.001202268 ustep: 1 
iter: 3  mgc: 8.445639e-09 
iter: 1  mgc: 8.445639e-09 
outer mgc:  3.749186 
iter: 1  value: 16130.74 mgc: 1.279935 ustep: 1 
iter: 2  value: 16130.74 mgc: 0.002016487 ustep: 1 
iter: 3  mgc: 8.386538e-09 
iter: 1  mgc: 8.386538e-09 
outer mgc:  7.818569 
iter: 1  value: 16129.61 mgc: 0.7206451 ustep: 1 
iter: 2  value: 16129.61 mgc: 0.001514873 ustep: 1 
iter: 3  mgc: 6.430944e-09 
iter: 1  mgc: 6.430944e-09 
outer mgc:  6.737793 
iter: 1  value: 16128.69 mgc: 0.718018 ustep: 1 
iter: 2  value: 16128.69 mgc: 0.001174378 ustep: 1 
iter: 3  mgc: 3.743999e-09 
iter: 1  mgc: 3.743999e-09 
outer mgc:  4.854529 
iter: 1  value: 16128.32 mgc: 0.9116013 ustep: 1 
iter: 2  value: 16128.32 mgc: 0.00138888 ustep: 1 
iter: 3  mgc: 8.649144e-09 
iter: 1  mgc: 8.649144e-09 
outer mgc:  4.581844 
iter: 1  value: 16127.64 mgc: 0.5588197 ustep: 1 
iter: 2  value: 16127.64 mgc: 0.0007061777 ustep: 1 
iter: 3  mgc: 1.383015e-09 
iter: 1  mgc: 1.383015e-09 
outer mgc:  2.367443 
iter: 1  value: 16126.68 mgc: 1.239135 ustep: 1 
iter: 2  value: 16126.68 mgc: 0.003269333 ustep: 1 
iter: 3  value: 16126.68 mgc: 2.632461e-08 ustep: 1 
mgc: 4.62963e-14 
iter: 1  mgc: 4.62963e-14 
outer mgc:  9.714569 
iter: 1  value: 16125.88 mgc: 1.068248 ustep: 1 
iter: 2  value: 16125.88 mgc: 0.001268518 ustep: 1 
iter: 3  mgc: 5.021995e-09 
iter: 1  mgc: 5.021995e-09 
outer mgc:  6.637232 
iter: 1  value: 16125.23 mgc: 1.130662 ustep: 1 
iter: 2  value: 16125.23 mgc: 0.001182208 ustep: 1 
iter: 3  mgc: 1.809132e-09 
iter: 1  mgc: 1.809132e-09 
outer mgc:  2.485092 
iter: 1  value: 16124.74 mgc: 1.237061 ustep: 1 
iter: 2  value: 16124.74 mgc: 0.003955875 ustep: 1 
iter: 3  value: 16124.74 mgc: 1.75971e-07 ustep: 1 
iter: 4  mgc: 4.907186e-14 
iter: 1  value: 16124.92 mgc: 0.2776623 ustep: 1 
iter: 2  value: 16124.92 mgc: 0.0002131889 ustep: 1 
iter: 3  mgc: 4.325593e-10 
iter: 1  mgc: 4.325593e-10 
outer mgc:  2.49641 
iter: 1  value: 16124.58 mgc: 0.3516406 ustep: 1 
iter: 2  value: 16124.58 mgc: 0.0001853681 ustep: 1 
iter: 3  mgc: 1.629719e-10 
iter: 1  mgc: 1.629719e-10 
outer mgc:  5.244808 
iter: 1  value: 16124.39 mgc: 0.3011269 ustep: 1 
iter: 2  value: 16124.39 mgc: 0.000205791 ustep: 1 
iter: 3  mgc: 9.907319e-11 
iter: 1  mgc: 9.907319e-11 
outer mgc:  2.008688 
iter: 1  value: 16124.17 mgc: 0.1816393 ustep: 1 
iter: 2  value: 16124.17 mgc: 4.548795e-05 ustep: 1 
iter: 3  mgc: 7.218226e-12 
iter: 1  mgc: 7.218226e-12 
outer mgc:  2.035988 
iter: 1  value: 16123.84 mgc: 0.2914979 ustep: 1 
iter: 2  value: 16123.84 mgc: 8.171974e-05 ustep: 1 
iter: 3  mgc: 2.038403e-11 
iter: 1  value: 16123.07 mgc: 0.5649914 ustep: 1 
iter: 2  value: 16123.07 mgc: 0.0004127795 ustep: 1 
iter: 3  mgc: 4.463363e-10 
iter: 1  value: 16120.08 mgc: 2.864418 ustep: 1 
iter: 2  value: 16120.08 mgc: 0.006495224 ustep: 1 
iter: 3  value: 16120.08 mgc: 9.445911e-08 ustep: 1 
iter: 4  mgc: 4.934941e-14 
iter: 1  mgc: 4.934941e-14 
outer mgc:  6.75466 
iter: 1  value: 16113.46 mgc: 4.415448 ustep: 1 
iter: 2  value: 16113.46 mgc: 0.01487533 ustep: 1 
iter: 3  value: 16113.46 mgc: 7.078529e-07 ustep: 1 
iter: 4  mgc: 6.394885e-14 
iter: 1  mgc: 6.394885e-14 
outer mgc:  10.0537 
iter: 1  value: 16105.01 mgc: 3.990066 ustep: 1 
iter: 2  value: 16105.01 mgc: 0.03077057 ustep: 1 
iter: 3  value: 16105.01 mgc: 1.17061e-05 ustep: 1 
iter: 4  mgc: 5.841549e-12 
iter: 1  value: 16109.39 mgc: 1.61081 ustep: 1 
iter: 2  value: 16109.39 mgc: 0.004207599 ustep: 1 
iter: 3  value: 16109.39 mgc: 1.573869e-07 ustep: 1 
iter: 4  mgc: 5.195844e-14 
iter: 1  mgc: 5.195844e-14 
outer mgc:  11.24562 
iter: 1  value: 16103.4 mgc: 3.571102 ustep: 1 
iter: 2  value: 16103.4 mgc: 0.02404022 ustep: 1 
iter: 3  value: 16103.4 mgc: 3.284677e-06 ustep: 1 
iter: 4  mgc: 4.671818e-13 
iter: 1  mgc: 4.671818e-13 
outer mgc:  10.67907 
iter: 1  value: 16101.35 mgc: 11.94334 ustep: 1 
iter: 2  value: 16101.35 mgc: 0.05809232 ustep: 1 
iter: 3  value: 16101.35 mgc: 1.095564e-05 ustep: 1 
iter: 4  mgc: 2.59881e-12 
iter: 1  value: 16103.92 mgc: 3.869291 ustep: 1 
iter: 2  value: 16103.92 mgc: 0.005178368 ustep: 1 
iter: 3  value: 16103.92 mgc: 6.145496e-08 ustep: 1 
iter: 4  mgc: 5.162537e-14 
iter: 1  value: 16103.29 mgc: 1.280483 ustep: 1 
iter: 2  value: 16103.29 mgc: 0.0006477374 ustep: 1 
iter: 3  mgc: 7.404557e-10 
iter: 1  mgc: 7.404557e-10 
outer mgc:  5.809313 
iter: 1  value: 16103.1 mgc: 1.081836 ustep: 1 
iter: 2  value: 16103.1 mgc: 0.000559493 ustep: 1 
iter: 3  mgc: 5.934606e-10 
iter: 1  mgc: 5.934606e-10 
outer mgc:  6.682956 
iter: 1  value: 16102.27 mgc: 0.920851 ustep: 1 
iter: 2  value: 16102.27 mgc: 0.0008879683 ustep: 1 
iter: 3  mgc: 2.056154e-09 
iter: 1  mgc: 2.056154e-09 
outer mgc:  2.635839 
iter: 1  value: 16101.34 mgc: 0.698656 ustep: 1 
iter: 2  value: 16101.34 mgc: 0.0002639931 ustep: 1 
iter: 3  mgc: 8.983658e-11 
iter: 1  mgc: 8.983658e-11 
outer mgc:  3.164699 
iter: 1  value: 16100.03 mgc: 0.5442036 ustep: 1 
iter: 2  value: 16100.03 mgc: 0.0002338773 ustep: 1 
iter: 3  mgc: 6.097223e-10 
iter: 1  mgc: 6.097223e-10 
outer mgc:  1.986297 
iter: 1  value: 16097.62 mgc: 1.902498 ustep: 1 
iter: 2  value: 16097.62 mgc: 0.003588409 ustep: 1 
iter: 3  value: 16097.62 mgc: 3.096717e-08 ustep: 1 
mgc: 4.973799e-14 
iter: 1  mgc: 4.973799e-14 
outer mgc:  1.703903 
iter: 1  value: 16094.65 mgc: 2.603929 ustep: 1 
iter: 2  value: 16094.65 mgc: 0.002974486 ustep: 1 
iter: 3  mgc: 7.975051e-09 
iter: 1  mgc: 7.975051e-09 
outer mgc:  3.765058 
iter: 1  value: 16091.6 mgc: 1.409455 ustep: 1 
iter: 2  value: 16091.6 mgc: 0.00064245 ustep: 1 
iter: 3  mgc: 1.179962e-09 
iter: 1  mgc: 1.179962e-09 
outer mgc:  4.587452 
iter: 1  value: 16089.29 mgc: 1.48538 ustep: 1 
iter: 2  value: 16089.29 mgc: 0.001105519 ustep: 1 
iter: 3  mgc: 9.786012e-09 
iter: 1  mgc: 9.786012e-09 
outer mgc:  1.69578 
iter: 1  value: 16086.96 mgc: 1.660291 ustep: 1 
iter: 2  value: 16086.96 mgc: 0.004032502 ustep: 1 
iter: 3  value: 16086.96 mgc: 3.978943e-08 ustep: 1 
mgc: 5.329071e-14 
iter: 1  value: 16089.25 mgc: 0.9184789 ustep: 1 
iter: 2  value: 16089.25 mgc: 0.0006394069 ustep: 1 
iter: 3  mgc: 2.275324e-09 
iter: 1  value: 16089.24 mgc: 0.1453734 ustep: 1 
iter: 2  value: 16089.24 mgc: 1.633507e-05 ustep: 1 
iter: 3  mgc: 1.224798e-12 
iter: 1  mgc: 1.224798e-12 
outer mgc:  1.477659 
iter: 1  value: 16089.12 mgc: 0.1798013 ustep: 1 
iter: 2  value: 16089.12 mgc: 2.008619e-05 ustep: 1 
iter: 3  mgc: 9.592327e-13 
iter: 1  mgc: 9.592327e-13 
outer mgc:  2.163331 
iter: 1  value: 16089.02 mgc: 0.07975765 ustep: 1 
iter: 2  value: 16089.02 mgc: 3.877333e-06 ustep: 1 
iter: 3  mgc: 6.195044e-14 
iter: 1  mgc: 6.195044e-14 
outer mgc:  0.6715141 
iter: 1  value: 16088.73 mgc: 0.1115394 ustep: 1 
iter: 2  value: 16088.73 mgc: 1.556443e-05 ustep: 1 
iter: 3  mgc: 1.651346e-12 
iter: 1  mgc: 1.651346e-12 
outer mgc:  1.334198 
iter: 1  value: 16088.32 mgc: 0.1134732 ustep: 1 
iter: 2  value: 16088.32 mgc: 7.493198e-06 ustep: 1 
iter: 3  mgc: 1.184608e-13 
iter: 1  value: 16087.59 mgc: 0.1520833 ustep: 1 
iter: 2  value: 16087.59 mgc: 1.694279e-05 ustep: 1 
iter: 3  mgc: 1.078915e-12 
iter: 1  value: 16084.26 mgc: 0.7263433 ustep: 1 
iter: 2  value: 16084.26 mgc: 0.0003615839 ustep: 1 
iter: 3  mgc: 4.702141e-10 
iter: 1  value: 16075.24 mgc: 2.326621 ustep: 1 
iter: 2  value: 16075.24 mgc: 0.003092262 ustep: 1 
iter: 3  value: 16075.24 mgc: 2.803122e-08 ustep: 1 
mgc: 4.973799e-14 
iter: 1  mgc: 4.973799e-14 
outer mgc:  2.787355 
iter: 1  value: 16061.99 mgc: 6.386472 ustep: 1 
iter: 2  value: 16061.99 mgc: 0.0155346 ustep: 1 
iter: 3  value: 16061.99 mgc: 1.426531e-07 ustep: 1 
iter: 4  mgc: 4.707346e-14 
iter: 1  mgc: 4.707346e-14 
outer mgc:  7.439822 
iter: 1  value: 16048.29 mgc: 4.644844 ustep: 1 
iter: 2  value: 16048.29 mgc: 0.01733442 ustep: 1 
iter: 3  value: 16048.29 mgc: 3.569685e-07 ustep: 1 
iter: 4  mgc: 4.174439e-14 
iter: 1  value: 16054.92 mgc: 2.207446 ustep: 1 
iter: 2  value: 16054.92 mgc: 0.004951858 ustep: 1 
iter: 3  value: 16054.92 mgc: 3.586082e-08 ustep: 1 
mgc: 9.4591e-14 
iter: 1  mgc: 9.4591e-14 
outer mgc:  5.430281 
iter: 1  value: 16050.26 mgc: 5.949599 ustep: 1 
iter: 2  value: 16050.26 mgc: 0.004410803 ustep: 1 
iter: 3  value: 16050.26 mgc: 1.179424e-08 ustep: 1 
mgc: 4.152234e-14 
iter: 1  value: 16053.22 mgc: 2.600888 ustep: 1 
iter: 2  value: 16053.22 mgc: 0.001024233 ustep: 1 
iter: 3  mgc: 2.959193e-09 
iter: 1  value: 16054.81 mgc: 1.548841 ustep: 1 
iter: 2  value: 16054.81 mgc: 0.001131516 ustep: 1 
iter: 3  mgc: 3.674614e-09 
iter: 1  value: 16054.81 mgc: 0.5156214 ustep: 1 
iter: 2  value: 16054.81 mgc: 0.0001302059 ustep: 1 
iter: 3  mgc: 4.525202e-11 
iter: 1  mgc: 4.525202e-11 
outer mgc:  2.936577 
iter: 1  value: 16054.66 mgc: 0.437485 ustep: 1 
iter: 2  value: 16054.66 mgc: 7.52301e-05 ustep: 1 
iter: 3  mgc: 2.519163e-11 
iter: 1  mgc: 2.519163e-11 
outer mgc:  3.527062 
iter: 1  value: 16054.41 mgc: 0.2505889 ustep: 1 
iter: 2  value: 16054.41 mgc: 2.26506e-05 ustep: 1 
iter: 3  mgc: 7.434053e-13 
iter: 1  mgc: 7.434053e-13 
outer mgc:  1.920361 
iter: 1  value: 16054.17 mgc: 0.188446 ustep: 1 
iter: 2  value: 16054.17 mgc: 5.814391e-06 ustep: 1 
iter: 3  mgc: 1.211031e-12 
iter: 1  mgc: 1.211031e-12 
outer mgc:  2.082844 
iter: 1  value: 16053.89 mgc: 0.09574792 ustep: 1 
iter: 2  value: 16053.89 mgc: 1.821832e-06 ustep: 1 
iter: 3  mgc: 1.89182e-13 
iter: 1  mgc: 1.89182e-13 
outer mgc:  0.7806744 
iter: 1  value: 16053.28 mgc: 0.2115524 ustep: 1 
iter: 2  value: 16053.28 mgc: 6.698387e-06 ustep: 1 
iter: 3  mgc: 1.610712e-12 
iter: 1  value: 16052.67 mgc: 0.07792602 ustep: 1 
iter: 2  value: 16052.67 mgc: 1.98789e-06 ustep: 1 
iter: 3  mgc: 6.150636e-14 
iter: 1  value: 16049.67 mgc: 0.3900342 ustep: 1 
iter: 2  value: 16049.67 mgc: 4.573677e-05 ustep: 1 
iter: 3  mgc: 2.948441e-11 
iter: 1  value: 16037.76 mgc: 1.636499 ustep: 1 
iter: 2  value: 16037.76 mgc: 0.0006066825 ustep: 1 
iter: 3  mgc: 4.317193e-09 
iter: 1  mgc: 4.317193e-09 
outer mgc:  2.665145 
iter: 1  value: 16020.78 mgc: 2.459337 ustep: 1 
iter: 2  value: 16020.78 mgc: 0.002162564 ustep: 1 
iter: 3  value: 16020.78 mgc: 2.506083e-08 ustep: 1 
iter: 4  mgc: 7.005507e-14 
iter: 1  mgc: 7.005507e-14 
outer mgc:  2.465576 
iter: 1  value: 16003.1 mgc: 10.23767 ustep: 1 
iter: 2  value: 16003.1 mgc: 0.00240655 ustep: 1 
iter: 3  value: 16003.1 mgc: 3.673825e-08 ustep: 1 
iter: 4  mgc: 9.414691e-14 
iter: 1  value: 16015.48 mgc: 2.383083 ustep: 1 
iter: 2  value: 16015.48 mgc: 0.0002443516 ustep: 1 
iter: 3  mgc: 2.587743e-10 
iter: 1  mgc: 2.587743e-10 
outer mgc:  0.9773876 
iter: 1  value: 16009.87 mgc: 2.557624 ustep: 1 
iter: 2  value: 16009.87 mgc: 0.000343277 ustep: 1 
iter: 3  mgc: 1.706501e-09 
iter: 1  mgc: 1.706501e-09 
outer mgc:  3.278347 
iter: 1  value: 16005.99 mgc: 0.6067549 ustep: 1 
iter: 2  value: 16005.99 mgc: 9.938665e-05 ustep: 1 
iter: 3  mgc: 5.739342e-10 
iter: 1  value: 16000.3 mgc: 0.9273037 ustep: 1 
iter: 2  value: 16000.3 mgc: 0.000195368 ustep: 1 
iter: 3  mgc: 1.89036e-09 
iter: 1  mgc: 1.89036e-09 
outer mgc:  2.886841 
iter: 1  value: 15990.1 mgc: 2.662931 ustep: 1 
iter: 2  value: 15990.1 mgc: 0.0002043509 ustep: 1 
iter: 3  mgc: 2.633627e-11 
iter: 1  mgc: 2.633627e-11 
outer mgc:  1.134478 
iter: 1  value: 15980.54 mgc: 4.810111 ustep: 1 
iter: 2  value: 15980.54 mgc: 0.0003617954 ustep: 1 
iter: 3  mgc: 1.466622e-10 
iter: 1  mgc: 1.466622e-10 
outer mgc:  1.243935 
iter: 1  value: 15970.57 mgc: 4.929684 ustep: 1 
iter: 2  value: 15970.57 mgc: 0.001231946 ustep: 1 
iter: 3  mgc: 3.041496e-10 
iter: 1  mgc: 3.041496e-10 
outer mgc:  2.077765 
iter: 1  value: 15961.54 mgc: 3.206502 ustep: 1 
iter: 2  value: 15961.54 mgc: 0.0001743551 ustep: 1 
iter: 3  mgc: 1.032536e-10 
iter: 1  mgc: 1.032536e-10 
outer mgc:  2.50529 
iter: 1  value: 15951.64 mgc: 1.880456 ustep: 1 
iter: 2  value: 15951.64 mgc: 8.309025e-05 ustep: 1 
iter: 3  mgc: 6.241718e-11 
iter: 1  mgc: 6.241718e-11 
outer mgc:  0.6707677 
iter: 1  value: 15943.58 mgc: 3.775875 ustep: 1 
iter: 2  value: 15943.58 mgc: 5.703048e-05 ustep: 1 
iter: 3  mgc: 1.838529e-12 
iter: 1  value: 15922.95 mgc: 14.79672 ustep: 1 
iter: 2  value: 15922.95 mgc: 0.0004361264 ustep: 1 
iter: 3  mgc: 4.741096e-11 
iter: 1  mgc: 4.741096e-11 
outer mgc:  1.923623 
iter: 1  value: 15896.86 mgc: 11.67653 ustep: 1 
iter: 2  value: 15896.86 mgc: 0.0003301262 ustep: 1 
iter: 3  mgc: 1.123679e-10 
iter: 1  mgc: 1.123679e-10 
outer mgc:  1.730352 
iter: 1  value: 15870.45 mgc: 28.19246 ustep: 1 
iter: 2  value: 15870.45 mgc: 0.001282607 ustep: 1 
iter: 3  mgc: 5.043618e-09 
iter: 1  mgc: 5.043618e-09 
outer mgc:  2.075749 
iter: 1  value: 15852.59 mgc: 66.97975 ustep: 1 
iter: 2  value: 15852.59 mgc: 0.00107523 ustep: 1 
iter: 3  mgc: 1.754489e-09 
iter: 1  mgc: 1.754489e-09 
outer mgc:  2.198206 
iter: 1  value: 15851.32 mgc: 105.5517 ustep: 1 
iter: 2  value: 15851.32 mgc: 0.001420786 ustep: 1 
iter: 3  value: 15851.32 mgc: 3.724214e-08 ustep: 1 
iter: 4  mgc: 1.398881e-12 
iter: 1  mgc: 1.398881e-12 
outer mgc:  0.7966461 
iter: 1  value: 15840.49 mgc: 23.69809 ustep: 1 
iter: 2  value: 15840.49 mgc: 0.0002636784 ustep: 1 
iter: 3  mgc: 1.370242e-09 
iter: 1  mgc: 1.370242e-09 
outer mgc:  0.4102079 
iter: 1  value: 15832.06 mgc: 11.5563 ustep: 1 
iter: 2  value: 15832.06 mgc: 1.531985e-05 ustep: 1 
iter: 3  mgc: 1.294964e-12 
iter: 1  mgc: 1.294964e-12 
outer mgc:  0.2629184 
iter: 1  value: 15824.67 mgc: 4.847077 ustep: 1 
iter: 2  value: 15824.67 mgc: 7.996292e-06 ustep: 1 
iter: 3  mgc: 2.478906e-12 
iter: 1  value: 15807.66 mgc: 14.82142 ustep: 1 
iter: 2  value: 15807.66 mgc: 3.653085e-05 ustep: 1 
iter: 3  mgc: 3.287978e-12 
iter: 1  mgc: 3.287978e-12 
outer mgc:  0.6198701 
iter: 1  value: 15785.59 mgc: 26.13088 ustep: 1 
iter: 2  value: 15785.59 mgc: 4.265041e-05 ustep: 1 
iter: 3  mgc: 4.013678e-12 
iter: 1  mgc: 4.013678e-12 
outer mgc:  0.2170533 
iter: 1  value: 15766.35 mgc: 43.51883 ustep: 1 
iter: 2  value: 15766.35 mgc: 1.539458e-05 ustep: 1 
iter: 3  mgc: 4.697576e-12 
iter: 1  mgc: 4.697576e-12 
outer mgc:  0.0609564 
iter: 1  value: 15748.57 mgc: 44.02067 ustep: 1 
iter: 2  value: 15748.57 mgc: 1.921659e-05 ustep: 1 
iter: 3  mgc: 6.854073e-12 
iter: 1  mgc: 6.854073e-12 
outer mgc:  0.06740598 
iter: 1  value: 15732.17 mgc: 36.66876 ustep: 1 
iter: 2  value: 15732.17 mgc: 7.81765e-06 ustep: 1 
iter: 3  mgc: 7.876477e-12 
iter: 1  mgc: 7.876477e-12 
outer mgc:  0.03913032 
iter: 1  value: 15716.91 mgc: 49.94561 ustep: 1 
iter: 2  value: 15716.91 mgc: 1.367488e-05 ustep: 1 
iter: 3  mgc: 9.443113e-12 
iter: 1  mgc: 9.443113e-12 
outer mgc:  0.02801177 
iter: 1  value: 15702.74 mgc: 45.54984 ustep: 1 
iter: 2  value: 15702.74 mgc: 4.182844e-06 ustep: 1 
iter: 3  mgc: 2.889419e-11 
iter: 1  mgc: 2.889419e-11 
outer mgc:  0.01027911 
iter: 1  value: 15687.16 mgc: 60.7262 ustep: 1 
iter: 2  value: 15687.16 mgc: 6.949532e-06 ustep: 1 
iter: 3  mgc: 2.320832e-11 
iter: 1  mgc: 2.320832e-11 
outer mgc:  0.01032459 
iter: 1  value: 15673.72 mgc: 54.97825 ustep: 1 
iter: 2  value: 15673.72 mgc: 6.11718e-06 ustep: 1 
iter: 3  mgc: 3.650364e-11 
iter: 1  mgc: 3.650364e-11 
outer mgc:  0.008954289 
iter: 1  value: 15659.7 mgc: 56.73193 ustep: 1 
iter: 2  value: 15659.7 mgc: 1.031906e-05 ustep: 1 
iter: 3  mgc: 3.586065e-11 
iter: 1  mgc: 3.586065e-11 
outer mgc:  0.007067611 
iter: 1  value: 15646.59 mgc: 35.03777 ustep: 1 
iter: 2  value: 15646.59 mgc: 1.67155e-05 ustep: 1 
iter: 3  mgc: 3.346337e-11 
iter: 1  mgc: 3.346337e-11 
outer mgc:  0.008869858 
iter: 1  value: 15636.71 mgc: 24.59869 ustep: 1 
iter: 2  value: 15636.71 mgc: 2.40222e-05 ustep: 1 
iter: 3  mgc: 6.265926e-11 
iter: 1  mgc: 6.265926e-11 
outer mgc:  0.01154006 
iter: 1  value: 15634.12 mgc: 62.24831 ustep: 1 
iter: 2  value: 15634.12 mgc: 2.439292e-05 ustep: 1 
iter: 3  mgc: 5.110934e-11 
iter: 1  mgc: 5.110934e-11 
outer mgc:  0.01298344 
iter: 1  value: 15636.86 mgc: 35.02154 ustep: 1 
iter: 2  value: 15636.86 mgc: 2.102659e-06 ustep: 1 
iter: 3  mgc: 3.951728e-11 
iter: 1  value: 15640.68 mgc: 43.67401 ustep: 1 
iter: 2  value: 15640.68 mgc: 3.975379e-06 ustep: 1 
iter: 3  mgc: 2.994605e-11 
iter: 1  mgc: 2.994605e-11 
outer mgc:  0.01331001 
iter: 1  value: 15647.43 mgc: 33.99914 ustep: 1 
iter: 2  value: 15647.43 mgc: 7.129436e-07 ustep: 1 
iter: 3  mgc: 1.699729e-11 
iter: 1  mgc: 1.699729e-11 
outer mgc:  0.01110326 
iter: 1  value: 15674.08 mgc: 78.04309 ustep: 1 
iter: 2  value: 15674.08 mgc: 6.705388e-06 ustep: 1 
iter: 3  mgc: 2.586796e-11 
iter: 1  mgc: 2.586796e-11 
outer mgc:  0.003822667 
iter: 1  value: 15677.06 mgc: 2.744351 ustep: 1 
iter: 2  value: 15677.06 mgc: 3.2709e-06 ustep: 1 
iter: 3  mgc: 1.652234e-11 
iter: 1  mgc: 1.652234e-11 
outer mgc:  0.004886855 
iter: 1  value: 15677.96 mgc: 5.247675 ustep: 1 
iter: 2  value: 15677.96 mgc: 2.113692e-06 ustep: 1 
iter: 3  mgc: 1.793721e-11 
iter: 1  mgc: 1.793721e-11 
outer mgc:  0.004152738 
iter: 1  value: 15678.03 mgc: 2.033054 ustep: 1 
iter: 2  value: 15678.03 mgc: 9.784502e-07 ustep: 1 
iter: 3  mgc: 1.844835e-11 
iter: 1  mgc: 1.844835e-11 
outer mgc:  0.004096318 
iter: 1  value: 15677.58 mgc: 4.018855 ustep: 1 
iter: 2  value: 15677.58 mgc: 1.341726e-06 ustep: 1 
iter: 3  mgc: 1.978247e-11 
iter: 1  value: 15676.94 mgc: 5.620304 ustep: 1 
iter: 2  value: 15676.94 mgc: 2.637293e-06 ustep: 1 
iter: 3  mgc: 1.116884e-11 
iter: 1  mgc: 1.116884e-11 
outer mgc:  0.004468357 
iter: 1  value: 15675.88 mgc: 6.171902 ustep: 1 
iter: 2  value: 15675.88 mgc: 9.331175e-07 ustep: 1 
iter: 3  mgc: 1.276002e-11 
iter: 1  value: 15673.99 mgc: 10.739 ustep: 1 
iter: 2  value: 15673.99 mgc: 3.051181e-06 ustep: 1 
iter: 3  mgc: 1.2498e-11 
iter: 1  mgc: 1.2498e-11 
outer mgc:  0.006522237 
iter: 1  value: 15671.37 mgc: 26.03582 ustep: 1 
iter: 2  value: 15671.37 mgc: 3.926175e-06 ustep: 1 
iter: 3  mgc: 1.440537e-11 
iter: 1  mgc: 1.440537e-11 
outer mgc:  0.004296711 
iter: 1  value: 15669.37 mgc: 18.15094 ustep: 1 
iter: 2  value: 15669.37 mgc: 1.46725e-06 ustep: 1 
iter: 3  mgc: 1.077627e-11 
iter: 1  mgc: 1.077627e-11 
outer mgc:  0.003069085 
iter: 1  value: 15670.05 mgc: 20.11796 ustep: 1 
iter: 2  value: 15670.05 mgc: 4.55409e-07 ustep: 1 
iter: 3  mgc: 1.104842e-11 
iter: 1  mgc: 1.104842e-11 
outer mgc:  0.003329531 
iter: 1  value: 15670.01 mgc: 19.01229 ustep: 1 
iter: 2  value: 15670.01 mgc: 3.535273e-06 ustep: 1 
iter: 3  mgc: 1.199041e-11 
iter: 1  mgc: 1.199041e-11 
outer mgc:  0.003027931 
iter: 1  value: 15670.17 mgc: 1.472911 ustep: 1 
iter: 2  mgc: 8.615045e-09 
iter: 1  value: 15670.65 mgc: 3.301415 ustep: 1 
iter: 2  value: 15670.65 mgc: 8.492806e-08 ustep: 1 
mgc: 1.328626e-11 
iter: 1  value: 15672.59 mgc: 13.73578 ustep: 1 
iter: 2  value: 15672.59 mgc: 1.266186e-06 ustep: 1 
iter: 3  mgc: 1.142775e-11 
iter: 1  mgc: 1.142775e-11 
outer mgc:  0.002018645 
iter: 1  value: 15672.3 mgc: 2.308018 ustep: 1 
iter: 2  value: 15672.3 mgc: 1.436743e-06 ustep: 1 
iter: 3  mgc: 8.396839e-12 
iter: 1  mgc: 8.396839e-12 
outer mgc:  0.0009557119 
iter: 1  value: 15672.61 mgc: 0.4807196 ustep: 1 
iter: 2  value: 15672.61 mgc: 1.123586e-08 ustep: 1 
mgc: 1.280931e-11 
iter: 1  value: 15673.47 mgc: 1.310641 ustep: 1 
iter: 2  value: 15673.47 mgc: 8.489795e-08 ustep: 1 
iter: 3  mgc: 1.053857e-11 
iter: 1  mgc: 1.053857e-11 
outer mgc:  0.001057697 
iter: 1  value: 15673.08 mgc: 2.973519 ustep: 1 
iter: 2  value: 15673.08 mgc: 4.260543e-08 ustep: 1 
mgc: 1.106759e-11 
iter: 1  mgc: 1.106759e-11 
outer mgc:  0.001071966 
iter: 1  mgc: 1.106759e-11 
iter: 1  mgc: 1.106759e-11 
outer mgc:  0.001071966 
iter: 1  value: 15673.08 mgc: 0.02329046 ustep: 1 
iter: 2  value: 15673.08 mgc: 3.318164e-07 ustep: 1 
iter: 3  mgc: 1.034106e-11 
outer mgc:  0.8778646 
iter: 1  value: 15673.08 mgc: 0.02328272 ustep: 1 
iter: 2  value: 15673.08 mgc: 3.30357e-07 ustep: 1 
iter: 3  mgc: 1.157713e-11 
outer mgc:  0.8769378 
iter: 1  value: 15673.08 mgc: 0.01318166 ustep: 1 
iter: 2  value: 15673.08 mgc: 1.244374e-07 ustep: 1 
iter: 3  mgc: 2.005261e-11 
outer mgc:  0.52129 
iter: 1  value: 15673.08 mgc: 0.01317754 ustep: 1 
iter: 2  value: 15673.08 mgc: 1.240431e-07 ustep: 1 
iter: 3  mgc: 1.289369e-11 
outer mgc:  0.5216621 
iter: 1  value: 15673.08 mgc: 0.01754726 ustep: 1 
iter: 2  value: 15673.08 mgc: 9.180825e-08 ustep: 1 
iter: 3  mgc: 1.093214e-11 
outer mgc:  0.6461096 
iter: 1  value: 15673.08 mgc: 0.01753481 ustep: 1 
iter: 2  value: 15673.08 mgc: 9.166607e-08 ustep: 1 
iter: 3  mgc: 1.219179e-11 
outer mgc:  0.6465963 
iter: 1  value: 15673.08 mgc: 0.008816995 ustep: 1 
iter: 2  value: 15673.08 mgc: 2.236415e-08 ustep: 1 
iter: 3  mgc: 1.017275e-11 
outer mgc:  0.3092801 
iter: 1  value: 15673.08 mgc: 0.008810394 ustep: 1 
iter: 2  value: 15673.08 mgc: 2.232869e-08 ustep: 1 
iter: 3  mgc: 1.718892e-11 
outer mgc:  0.3090161 
iter: 1  value: 15673.09 mgc: 0.008091133 ustep: 1 
iter: 2  value: 15673.09 mgc: 1.625695e-08 ustep: 1 
mgc: 1.239719e-11 
outer mgc:  0.3138456 
iter: 1  value: 15673.08 mgc: 0.00808357 ustep: 1 
iter: 2  value: 15673.08 mgc: 1.622761e-08 ustep: 1 
mgc: 1.405542e-11 
outer mgc:  0.3133966 
iter: 1  value: 15673.08 mgc: 0.003437875 ustep: 1 
iter: 2  mgc: 3.354399e-09 
outer mgc:  0.1229376 
iter: 1  value: 15673.08 mgc: 0.0034347 ustep: 1 
iter: 2  mgc: 3.34977e-09 
outer mgc:  0.122218 
iter: 1  value: 15673.08 mgc: 0.01517904 ustep: 1 
iter: 2  value: 15673.08 mgc: 2.222902e-07 ustep: 1 
iter: 3  mgc: 1.388889e-11 
outer mgc:  0.4943278 
iter: 1  value: 15673.09 mgc: 0.01516566 ustep: 1 
iter: 2  value: 15673.09 mgc: 2.219157e-07 ustep: 1 
iter: 3  mgc: 1.715694e-11 
outer mgc:  0.4943317 
iter: 1  value: 15673.08 mgc: 0.008469364 ustep: 1 
iter: 2  value: 15673.08 mgc: 7.304829e-08 ustep: 1 
iter: 3  mgc: 1.273908e-11 
outer mgc:  0.2900024 
iter: 1  value: 15673.08 mgc: 0.008462865 ustep: 1 
iter: 2  value: 15673.08 mgc: 7.294928e-08 ustep: 1 
iter: 3  mgc: 8.053114e-12 
outer mgc:  0.2893266 
iter: 1  value: 15673.08 mgc: 0.01019995 ustep: 1 
iter: 2  value: 15673.08 mgc: 5.073261e-08 ustep: 1 
iter: 3  mgc: 1.196288e-11 
outer mgc:  0.3573562 
iter: 1  value: 15673.08 mgc: 0.01019206 ustep: 1 
iter: 2  value: 15673.08 mgc: 5.063665e-08 ustep: 1 
iter: 3  mgc: 1.605996e-11 
outer mgc:  0.3569716 
iter: 1  value: 15673.08 mgc: 0.004572133 ustep: 1 
iter: 2  value: 15673.08 mgc: 1.121298e-08 ustep: 1 
mgc: 1.149081e-11 
outer mgc:  0.1578493 
iter: 1  value: 15673.08 mgc: 0.004568097 ustep: 1 
iter: 2  value: 15673.08 mgc: 1.119445e-08 ustep: 1 
mgc: 1.042633e-11 
outer mgc:  0.1590454 
iter: 1  value: 15673.11 mgc: 33.75021 ustep: 1 
iter: 2  value: 15673.11 mgc: 5.71761e-06 ustep: 1 
iter: 3  mgc: 2.490133e-11 
outer mgc:  0.1990235 
iter: 1  value: 15673.05 mgc: 33.78397 ustep: 1 
iter: 2  value: 15673.05 mgc: 5.729989e-06 ustep: 1 
iter: 3  mgc: 1.089751e-11 
outer mgc:  0.1986004 
iter: 1  value: 15673.12 mgc: 64.98266 ustep: 1 
iter: 2  value: 15673.12 mgc: 1.018039e-05 ustep: 1 
iter: 3  mgc: 2.669598e-11 
outer mgc:  0.1398831 
iter: 1  value: 15673.04 mgc: 65.17789 ustep: 1 
iter: 2  value: 15673.04 mgc: 1.016335e-05 ustep: 1 
iter: 3  mgc: 1.213873e-11 
outer mgc:  0.1386893 
iter: 1  value: 15673.13 mgc: 56.24631 ustep: 1 
iter: 2  value: 15673.13 mgc: 2.659225e-06 ustep: 1 
iter: 3  mgc: 1.061805e-11 
outer mgc:  0.036023 
iter: 1  value: 15673.03 mgc: 56.4153 ustep: 1 
iter: 2  value: 15673.03 mgc: 2.651758e-06 ustep: 1 
iter: 3  mgc: 1.293543e-11 
outer mgc:  0.03563705 
iter: 1  value: 15673.12 mgc: 11.3994 ustep: 1 
iter: 2  value: 15673.12 mgc: 5.261507e-06 ustep: 1 
iter: 3  mgc: 1.150902e-11 
outer mgc:  0.121877 
iter: 1  value: 15673.05 mgc: 11.41081 ustep: 1 
iter: 2  value: 15673.05 mgc: 5.272031e-06 ustep: 1 
iter: 3  mgc: 1.672962e-11 
outer mgc:  0.1214213 
iter: 1  value: 15673.13 mgc: 5.069862 ustep: 1 
iter: 2  value: 15673.13 mgc: 6.842789e-06 ustep: 1 
iter: 3  mgc: 1.561329e-11 
outer mgc:  0.07753619 
iter: 1  value: 15673.04 mgc: 5.074935 ustep: 1 
iter: 2  value: 15673.04 mgc: 6.832766e-06 ustep: 1 
iter: 3  mgc: 8.223644e-12 
outer mgc:  0.07840236 
iter: 1  value: 15673.08 mgc: 0.01174013 ustep: 1 
iter: 2  mgc: 7.505212e-12 
outer mgc:  0.001071918 
iter: 1  value: 15673.08 mgc: 0.01173957 ustep: 1 
iter: 2  mgc: 8.903999e-12 
outer mgc:  0.001072012 
iter: 1  value: 15673.08 mgc: 0.01469484 ustep: 1 
iter: 2  mgc: 9.176215e-12 
outer mgc:  0.001071899 
iter: 1  value: 15673.08 mgc: 0.01469405 ustep: 1 
iter: 2  mgc: 1.624123e-11 
outer mgc:  0.001072032 
iter: 1  value: 15673.08 mgc: 0.5214391 ustep: 1 
iter: 2  mgc: 2.42935e-10 
outer mgc:  0.001072568 
iter: 1  value: 15673.08 mgc: 0.5214603 ustep: 1 
iter: 2  mgc: 2.377383e-10 
outer mgc:  0.001071363 
iter: 1  value: 15673.08 mgc: 0.07217215 ustep: 1 
iter: 2  mgc: 6.919194e-10 
outer mgc:  0.00107266 
iter: 1  value: 15673.08 mgc: 0.0721728 ustep: 1 
iter: 2  mgc: 6.92598e-10 
outer mgc:  0.001071271 
iter: 1  value: 15673.08 mgc: 0.2542204 ustep: 1 
iter: 2  mgc: 8.527574e-09 
outer mgc:  0.001071837 
iter: 1  value: 15673.08 mgc: 0.2542332 ustep: 1 
iter: 2  mgc: 8.531456e-09 
outer mgc:  0.001072093 
iter: 1  value: 15673.08 mgc: 0.1559944 ustep: 1 
iter: 2  mgc: 4.130804e-09 
outer mgc:  0.001066438 
iter: 1  value: 15673.08 mgc: 0.1557471 ustep: 1 
iter: 2  mgc: 4.127396e-09 
outer mgc:  0.001077491 
iter: 1  value: 15673.08 mgc: 0.01056921 ustep: 1 
iter: 2  mgc: 2.834683e-11 
outer mgc:  0.001070452 
iter: 1  value: 15673.08 mgc: 0.01056871 ustep: 1 
iter: 2  mgc: 2.354617e-11 
outer mgc:  0.001073479 
iter: 1  value: 15673.08 mgc: 0.06482908 ustep: 1 
iter: 2  mgc: 9.220095e-10 
outer mgc:  0.001064573 
iter: 1  value: 15673.08 mgc: 0.06497438 ustep: 1 
iter: 2  mgc: 9.220544e-10 
outer mgc:  0.001079358 
iter: 1  value: 15673.08 mgc: 0.04474872 ustep: 1 
iter: 2  mgc: 4.026089e-10 
outer mgc:  0.001081636 
iter: 1  value: 15673.08 mgc: 0.04485669 ustep: 1 
iter: 2  mgc: 4.024333e-10 
outer mgc:  0.001062296 
iter: 1  value: 15673.08 mgc: 0.03661864 ustep: 1 
iter: 2  mgc: 6.999468e-11 
outer mgc:  0.001074071 
iter: 1  value: 15673.08 mgc: 0.03670039 ustep: 1 
iter: 2  mgc: 7.062217e-11 
outer mgc:  0.00106986 
iter: 1  value: 15673.07 mgc: 0.004460497 ustep: 1 
iter: 2  value: 15673.07 mgc: 4.077867e-08 ustep: 1 
iter: 3  mgc: 1.351703e-11 
outer mgc:  0.05698716 
iter: 1  value: 15673.09 mgc: 0.004461041 ustep: 1 
iter: 2  value: 15673.09 mgc: 4.080889e-08 ustep: 1 
iter: 3  mgc: 1.602246e-11 
outer mgc:  0.05692111 
Warning message:
package ‘nnet’ was built under R version 3.6.3 
[Sun Aug 15 15:35:29 2021]
Finished job 0.
1 of 1 steps (100%) done
