Building DAG of jobs...
Using shell: /usr/bin/bash
Provided cores: 40
Rules claiming more threads will be scaled down.
Job counts:
	count	jobs
	1	inference_simulation_TMB_multiple
	1
Select jobs to execute...

[Sun Aug 15 14:46:16 2021]
rule inference_simulation_TMB_multiple:
    input: ../data/assessing_models_simulation/datasets/multiple_GenerationCnorm_100_100_80_5_0.005_NA_NA_NA_dataset0.RDS
    output: ../data/assessing_models_simulation/inference_results/TMB/nlminb/multiple_GenerationCnorm_100_100_80_5_0.005_fullREM_NA_NA_NA_dataset0.RDS
    log: logs/inference/nlminb/simulation_GenerationCnorm_100_100_80_5_0.005_ModelfullREM_NA_NA_NA_dataset0.log
    jobid: 0
    wildcards: optimiser=nlminb, datasetgeneration=GenerationCnorm, n=100, nlambda=100, lmbda=80, d=5, beta_intensity=0.005, model=fullREM, fixed_beta_intercept=NA, fixed_beta_slope=NA, sdRE_input=NA, itnum=0

Rscript 2_inference_TMB/run_TMB.R --input ../data/assessing_models_simulation/datasets/multiple_GenerationCnorm_100_100_80_5_0.005_NA_NA_NA_dataset0.RDS --output ../data/assessing_models_simulation/inference_results/TMB/nlminb/multiple_GenerationCnorm_100_100_80_5_0.005_fullREM_NA_NA_NA_dataset0.RDS --model fullREM --optimiser nlminb
Model: fullREM 
Feature type: signatures 
Using nlminb: TRUE 
Simulation boolean: TRUE 
make: Nothing to be done for 'all'.
../data/assessing_models_simulation/datasets/multiple_GenerationCnorm_100_100_80_5_0.005_NA_NA_NA_dataset0.RDS[1] "../data/assessing_models_simulation/datasets/multiple_GenerationCnorm_100_100_80_5_0.005_NA_NA_NA_dataset0.RDS"
Reading file ../data/assessing_models_simulation/datasets/multiple_GenerationCnorm_100_100_80_5_0.005_NA_NA_NA_dataset0.RDS 
Loading required package: nnet
# weights:  15 (8 variable)
initial  value 32214.509255 
iter  10 value 29147.557990
final  value 29051.269427 
converged
Order of parameters:
[1] "beta"       "u_large"    "logs_sd_RE" "cov_par_RE"
Not matching template order:
[1] "beta"       "u_large"    "cov_par_RE" "logs_sd_RE"
Your parameter list has been re-ordered.
(Disable this warning with checkParameterOrder=FALSE)
Constructing atomic invpd
Constructing atomic D_lgamma
Constructing atomic invpd
Constructing atomic D_lgamma
Constructing atomic matmul
Constructing atomic invpd
Constructing atomic D_lgamma
Constructing atomic matmul
Optimizing tape... Done
iter: 1  value: 8930.084 mgc: 95.13895 ustep: 1 
iter: 2  value: 5703.278 mgc: 97.2204 ustep: 1 
iter: 3  value: 5058.366 mgc: 97.45744 ustep: 1 
iter: 4  value: 4931.241 mgc: 78.38579 ustep: 1 
iter: 5  value: 4898.119 mgc: 40.02165 ustep: 1 
iter: 6  value: 4897.701 mgc: 4.423254 ustep: 1 
iter: 7  value: 4897.701 mgc: 0.0786383 ustep: 1 
iter: 8  value: 4897.701 mgc: 7.827793e-05 ustep: 1 
iter: 9  mgc: 6.015508e-10 
iter: 1  mgc: 6.015508e-10 
Matching hessian patterns... Done
outer mgc:  1973.157 
iter: 1  value: 3208.888 mgc: 38.8626 ustep: 1 
iter: 2  value: 3201.771 mgc: 3.503385 ustep: 1 
iter: 3  value: 3201.77 mgc: 0.06937981 ustep: 1 
iter: 4  value: 3201.77 mgc: 6.671336e-05 ustep: 1 
iter: 5  mgc: 8.065856e-11 
iter: 1  mgc: 8.065856e-11 
outer mgc:  747.6479 
iter: 1  value: 2789.473 mgc: 33.83505 ustep: 1 
iter: 2  value: 2775.91 mgc: 4.082504 ustep: 1 
iter: 3  value: 2775.9 mgc: 0.1568872 ustep: 1 
iter: 4  value: 2775.9 mgc: 0.0003605061 ustep: 1 
iter: 5  mgc: 2.085455e-09 
iter: 1  mgc: 2.085455e-09 
outer mgc:  95.96245 
iter: 1  value: 2704.908 mgc: 10.79903 ustep: 1 
iter: 2  value: 2704.249 mgc: 0.6847322 ustep: 1 
iter: 3  value: 2704.248 mgc: 0.01689134 ustep: 1 
iter: 4  value: 2704.248 mgc: 1.074531e-05 ustep: 1 
iter: 5  mgc: 4.368506e-12 
iter: 1  mgc: 4.368506e-12 
outer mgc:  276.5614 
iter: 1  value: 2700.852 mgc: 23.85389 ustep: 1 
iter: 2  value: 2668.631 mgc: 6.740045 ustep: 1 
iter: 3  value: 2668.589 mgc: 0.3109292 ustep: 1 
iter: 4  value: 2668.589 mgc: 0.0008107581 ustep: 1 
iter: 5  mgc: 6.636331e-09 
iter: 1  mgc: 6.636331e-09 
outer mgc:  332.3082 
iter: 1  value: 2534.355 mgc: 14.7274 ustep: 1 
iter: 2  value: 2533.481 mgc: 1.187957 ustep: 1 
iter: 3  value: 2533.481 mgc: 0.02238874 ustep: 1 
iter: 4  value: 2533.481 mgc: 8.236514e-06 ustep: 1 
iter: 5  mgc: 1.11644e-12 
iter: 1  mgc: 1.11644e-12 
outer mgc:  111.0797 
iter: 1  value: 2526.595 mgc: 8.242988 ustep: 1 
iter: 2  value: 2526.513 mgc: 0.342807 ustep: 1 
iter: 3  value: 2526.513 mgc: 0.0009351077 ustep: 1 
iter: 4  value: 2526.513 mgc: 5.096844e-08 ustep: 1 
iter: 5  mgc: 4.107825e-14 
iter: 1  value: 2511.486 mgc: 4.024905 ustep: 1 
iter: 2  value: 2511.481 mgc: 0.06732722 ustep: 1 
iter: 3  value: 2511.481 mgc: 4.512622e-05 ustep: 1 
iter: 4  mgc: 2.635625e-11 
iter: 1  mgc: 2.635625e-11 
outer mgc:  102.571 
iter: 1  value: 2493.981 mgc: 8.790555 ustep: 1 
iter: 2  value: 2493.973 mgc: 0.1493654 ustep: 1 
iter: 3  value: 2493.973 mgc: 0.0001079204 ustep: 1 
iter: 4  mgc: 5.77236e-11 
iter: 1  mgc: 5.77236e-11 
outer mgc:  126.2775 
iter: 1  value: 2463.605 mgc: 5.855133 ustep: 1 
iter: 2  value: 2463.596 mgc: 0.127225 ustep: 1 
iter: 3  value: 2463.596 mgc: 0.000134449 ustep: 1 
iter: 4  mgc: 2.115148e-10 
iter: 1  mgc: 2.115148e-10 
outer mgc:  72.98332 
iter: 1  value: 2443.364 mgc: 7.899182 ustep: 1 
iter: 2  value: 2443.353 mgc: 0.1273633 ustep: 1 
iter: 3  value: 2443.353 mgc: 0.0001229046 ustep: 1 
iter: 4  mgc: 9.492851e-11 
iter: 1  mgc: 9.492851e-11 
outer mgc:  90.82373 
iter: 1  value: 2394.947 mgc: 11.49451 ustep: 1 
iter: 2  value: 2394.842 mgc: 0.3867556 ustep: 1 
iter: 3  value: 2394.842 mgc: 0.0007657268 ustep: 1 
iter: 4  mgc: 6.982057e-09 
iter: 1  mgc: 6.982057e-09 
outer mgc:  110.968 
iter: 1  value: 2382.831 mgc: 9.157297 ustep: 1 
iter: 2  value: 2382.735 mgc: 0.4161389 ustep: 1 
iter: 3  value: 2382.735 mgc: 0.0005538605 ustep: 1 
iter: 4  value: 2382.735 mgc: 1.141789e-08 ustep: 1 
mgc: 2.398082e-14 
iter: 1  mgc: 2.398082e-14 
outer mgc:  154.063 
iter: 1  value: 2353.288 mgc: 8.624293 ustep: 1 
iter: 2  value: 2353.25 mgc: 0.2448345 ustep: 1 
iter: 3  value: 2353.25 mgc: 0.0002849899 ustep: 1 
iter: 4  mgc: 4.214817e-10 
iter: 1  mgc: 4.214817e-10 
outer mgc:  86.74329 
iter: 1  value: 2350.061 mgc: 8.528837 ustep: 1 
iter: 2  value: 2350.057 mgc: 0.1106421 ustep: 1 
iter: 3  value: 2350.057 mgc: 3.136843e-05 ustep: 1 
iter: 4  mgc: 1.722755e-11 
iter: 1  mgc: 1.722755e-11 
outer mgc:  146.0718 
iter: 1  value: 2330.675 mgc: 9.853263 ustep: 1 
iter: 2  value: 2330.673 mgc: 0.07438868 ustep: 1 
iter: 3  value: 2330.673 mgc: 1.803922e-05 ustep: 1 
iter: 4  mgc: 1.149081e-12 
iter: 1  mgc: 1.149081e-12 
outer mgc:  73.67522 
iter: 1  value: 2323.293 mgc: 9.715031 ustep: 1 
iter: 2  value: 2323.289 mgc: 0.08681332 ustep: 1 
iter: 3  value: 2323.289 mgc: 0.0001038085 ustep: 1 
iter: 4  mgc: 2.515828e-10 
iter: 1  mgc: 2.515828e-10 
outer mgc:  52.52345 
iter: 1  value: 2314.628 mgc: 4.149021 ustep: 1 
iter: 2  value: 2314.624 mgc: 0.1083267 ustep: 1 
iter: 3  value: 2314.624 mgc: 7.814603e-05 ustep: 1 
iter: 4  mgc: 4.091083e-11 
iter: 1  mgc: 4.091083e-11 
outer mgc:  64.10766 
iter: 1  value: 2304.62 mgc: 7.133986 ustep: 1 
iter: 2  value: 2304.618 mgc: 0.05462405 ustep: 1 
iter: 3  value: 2304.618 mgc: 4.490612e-05 ustep: 1 
iter: 4  mgc: 1.218279e-10 
iter: 1  mgc: 1.218279e-10 
outer mgc:  61.05349 
iter: 1  value: 2303.414 mgc: 7.008508 ustep: 1 
iter: 2  value: 2303.413 mgc: 0.05663515 ustep: 1 
iter: 3  value: 2303.413 mgc: 9.691628e-06 ustep: 1 
iter: 4  mgc: 4.288792e-13 
iter: 1  value: 2302.137 mgc: 5.403548 ustep: 1 
iter: 2  value: 2302.137 mgc: 0.05020524 ustep: 1 
iter: 3  value: 2302.137 mgc: 6.463689e-06 ustep: 1 
iter: 4  mgc: 6.927792e-14 
iter: 1  mgc: 6.927792e-14 
outer mgc:  88.17808 
iter: 1  value: 2298.848 mgc: 5.925293 ustep: 1 
iter: 2  value: 2298.848 mgc: 0.01807458 ustep: 1 
iter: 3  value: 2298.848 mgc: 7.23647e-07 ustep: 1 
iter: 4  mgc: 4.085621e-14 
iter: 1  mgc: 4.085621e-14 
outer mgc:  35.76947 
iter: 1  value: 2296.335 mgc: 1.40524 ustep: 1 
iter: 2  value: 2296.335 mgc: 0.005258327 ustep: 1 
iter: 3  value: 2296.335 mgc: 8.542568e-08 ustep: 1 
mgc: 3.375078e-14 
iter: 1  mgc: 3.375078e-14 
outer mgc:  13.83614 
iter: 1  value: 2294.105 mgc: 2.537646 ustep: 1 
iter: 2  value: 2294.105 mgc: 0.01882192 ustep: 1 
iter: 3  value: 2294.105 mgc: 4.520989e-07 ustep: 1 
iter: 4  mgc: 3.463896e-14 
iter: 1  mgc: 3.463896e-14 
outer mgc:  33.4044 
iter: 1  value: 2292.506 mgc: 1.978776 ustep: 1 
iter: 2  value: 2292.506 mgc: 0.01150638 ustep: 1 
iter: 3  value: 2292.506 mgc: 3.796669e-07 ustep: 1 
iter: 4  mgc: 3.375078e-14 
iter: 1  mgc: 3.375078e-14 
outer mgc:  27.31444 
iter: 1  value: 2291.846 mgc: 1.975568 ustep: 1 
iter: 2  value: 2291.846 mgc: 0.00365308 ustep: 1 
iter: 3  value: 2291.846 mgc: 6.29416e-08 ustep: 1 
mgc: 3.197442e-14 
iter: 1  mgc: 3.197442e-14 
outer mgc:  37.3773 
iter: 1  value: 2290.607 mgc: 1.331191 ustep: 1 
iter: 2  value: 2290.607 mgc: 0.001503168 ustep: 1 
iter: 3  mgc: 5.683606e-09 
iter: 1  mgc: 5.683606e-09 
outer mgc:  7.623169 
iter: 1  value: 2289.966 mgc: 0.7241737 ustep: 1 
iter: 2  value: 2289.966 mgc: 0.0003053105 ustep: 1 
iter: 3  mgc: 2.577298e-10 
iter: 1  mgc: 2.577298e-10 
outer mgc:  14.40747 
iter: 1  value: 2288.335 mgc: 0.7190245 ustep: 1 
iter: 2  value: 2288.335 mgc: 0.00046558 ustep: 1 
iter: 3  mgc: 7.393761e-10 
iter: 1  mgc: 7.393761e-10 
outer mgc:  8.666021 
iter: 1  value: 2287.681 mgc: 0.6353568 ustep: 1 
iter: 2  value: 2287.681 mgc: 0.001171475 ustep: 1 
iter: 3  mgc: 4.145417e-09 
iter: 1  value: 2287.495 mgc: 0.6746469 ustep: 1 
iter: 2  value: 2287.495 mgc: 0.0009015458 ustep: 1 
iter: 3  mgc: 1.860478e-09 
iter: 1  mgc: 1.860478e-09 
outer mgc:  12.40127 
iter: 1  value: 2283.323 mgc: 1.854784 ustep: 1 
iter: 2  value: 2283.323 mgc: 0.00975702 ustep: 1 
iter: 3  value: 2283.323 mgc: 3.317534e-07 ustep: 1 
iter: 4  mgc: 2.442491e-14 
iter: 1  mgc: 2.442491e-14 
outer mgc:  19.75046 
iter: 1  value: 2281.845 mgc: 2.333798 ustep: 1 
iter: 2  value: 2281.845 mgc: 0.01542971 ustep: 1 
iter: 3  value: 2281.845 mgc: 1.277484e-06 ustep: 1 
iter: 4  mgc: 3.28626e-14 
iter: 1  value: 2282.078 mgc: 1.72588 ustep: 1 
iter: 2  value: 2282.078 mgc: 0.006088963 ustep: 1 
iter: 3  value: 2282.078 mgc: 2.085623e-07 ustep: 1 
iter: 4  mgc: 3.008704e-14 
iter: 1  mgc: 3.008704e-14 
outer mgc:  15.77011 
iter: 1  value: 2280.658 mgc: 1.357489 ustep: 1 
iter: 2  value: 2280.658 mgc: 0.004799688 ustep: 1 
iter: 3  value: 2280.658 mgc: 7.234246e-08 ustep: 1 
mgc: 3.941292e-14 
iter: 1  mgc: 3.941292e-14 
outer mgc:  21.41893 
iter: 1  value: 2278.793 mgc: 1.635037 ustep: 1 
iter: 2  value: 2278.793 mgc: 0.004923589 ustep: 1 
iter: 3  value: 2278.793 mgc: 9.160556e-08 ustep: 1 
mgc: 3.28626e-14 
iter: 1  mgc: 3.28626e-14 
outer mgc:  29.66616 
iter: 1  value: 2278.296 mgc: 1.312949 ustep: 1 
iter: 2  value: 2278.296 mgc: 0.003622425 ustep: 1 
iter: 3  value: 2278.296 mgc: 8.175819e-08 ustep: 1 
iter: 4  mgc: 3.197442e-14 
iter: 1  mgc: 3.197442e-14 
outer mgc:  18.8272 
iter: 1  value: 2277.036 mgc: 0.999746 ustep: 1 
iter: 2  value: 2277.036 mgc: 0.005483371 ustep: 1 
iter: 3  value: 2277.036 mgc: 1.54397e-07 ustep: 1 
iter: 4  mgc: 2.797762e-14 
iter: 1  mgc: 2.797762e-14 
outer mgc:  7.577676 
iter: 1  value: 2276.872 mgc: 3.769557 ustep: 1 
iter: 2  value: 2276.872 mgc: 0.01494542 ustep: 1 
iter: 3  value: 2276.872 mgc: 9.76335e-07 ustep: 1 
iter: 4  mgc: 2.975398e-14 
iter: 1  value: 2276.573 mgc: 0.7813025 ustep: 1 
iter: 2  value: 2276.573 mgc: 0.0006418782 ustep: 1 
iter: 3  mgc: 1.816164e-09 
iter: 1  mgc: 1.816164e-09 
outer mgc:  5.20935 
iter: 1  value: 2276.09 mgc: 0.7474724 ustep: 1 
iter: 2  value: 2276.09 mgc: 0.001200366 ustep: 1 
iter: 3  mgc: 4.168872e-09 
iter: 1  value: 2276.335 mgc: 0.2844278 ustep: 1 
iter: 2  value: 2276.335 mgc: 0.0001747334 ustep: 1 
iter: 3  mgc: 8.867043e-11 
iter: 1  mgc: 8.867043e-11 
outer mgc:  5.387849 
iter: 1  value: 2276.241 mgc: 0.3447201 ustep: 1 
iter: 2  value: 2276.241 mgc: 8.116535e-05 ustep: 1 
iter: 3  mgc: 1.036149e-11 
iter: 1  mgc: 1.036149e-11 
outer mgc:  6.253278 
iter: 1  value: 2276.003 mgc: 0.249975 ustep: 1 
iter: 2  value: 2276.003 mgc: 4.910362e-05 ustep: 1 
iter: 3  mgc: 6.654233e-12 
iter: 1  mgc: 6.654233e-12 
outer mgc:  3.702511 
iter: 1  value: 2275.705 mgc: 0.298826 ustep: 1 
iter: 2  value: 2275.705 mgc: 5.104337e-05 ustep: 1 
iter: 3  mgc: 5.023759e-12 
iter: 1  mgc: 5.023759e-12 
outer mgc:  6.233807 
iter: 1  value: 2275.172 mgc: 0.2775562 ustep: 1 
iter: 2  value: 2275.172 mgc: 0.0001695809 ustep: 1 
iter: 3  mgc: 8.196999e-11 
iter: 1  value: 2274.736 mgc: 0.1657436 ustep: 1 
iter: 2  value: 2274.736 mgc: 8.169239e-05 ustep: 1 
iter: 3  mgc: 1.50866e-11 
iter: 1  mgc: 1.50866e-11 
outer mgc:  7.131967 
iter: 1  value: 2274.527 mgc: 0.469802 ustep: 1 
iter: 2  value: 2274.527 mgc: 0.0008095475 ustep: 1 
iter: 3  mgc: 3.78208e-09 
iter: 1  mgc: 3.78208e-09 
outer mgc:  7.494185 
iter: 1  value: 2273.984 mgc: 0.8410325 ustep: 1 
iter: 2  value: 2273.984 mgc: 0.002680825 ustep: 1 
iter: 3  value: 2273.984 mgc: 4.298842e-08 ustep: 1 
mgc: 2.88658e-14 
iter: 1  mgc: 2.88658e-14 
outer mgc:  15.04581 
iter: 1  value: 2272.895 mgc: 0.7057544 ustep: 1 
iter: 2  value: 2272.895 mgc: 0.0009321745 ustep: 1 
iter: 3  mgc: 4.035109e-09 
iter: 1  mgc: 4.035109e-09 
outer mgc:  18.43397 
iter: 1  value: 2271.295 mgc: 1.336976 ustep: 1 
iter: 2  value: 2271.295 mgc: 0.002087157 ustep: 1 
iter: 3  value: 2271.295 mgc: 2.110049e-08 ustep: 1 
mgc: 3.208545e-14 
iter: 1  mgc: 3.208545e-14 
outer mgc:  23.31923 
iter: 1  value: 2270.946 mgc: 1.31367 ustep: 1 
iter: 2  value: 2270.946 mgc: 0.0007862353 ustep: 1 
iter: 3  mgc: 4.13708e-09 
iter: 1  mgc: 4.13708e-09 
outer mgc:  5.178444 
iter: 1  value: 2270.502 mgc: 0.8898437 ustep: 1 
iter: 2  value: 2270.502 mgc: 0.001169328 ustep: 1 
iter: 3  mgc: 6.223656e-09 
iter: 1  mgc: 6.223656e-09 
outer mgc:  15.28826 
iter: 1  value: 2268.602 mgc: 1.27419 ustep: 1 
iter: 2  value: 2268.602 mgc: 0.001672031 ustep: 1 
iter: 3  value: 2268.602 mgc: 1.606314e-08 ustep: 1 
mgc: 2.842171e-14 
iter: 1  mgc: 2.842171e-14 
outer mgc:  13.22739 
iter: 1  value: 2267.779 mgc: 0.5873974 ustep: 1 
iter: 2  value: 2267.779 mgc: 0.0008529191 ustep: 1 
iter: 3  mgc: 1.64857e-09 
iter: 1  mgc: 1.64857e-09 
outer mgc:  4.60687 
iter: 1  value: 2267.536 mgc: 1.406014 ustep: 1 
iter: 2  value: 2267.536 mgc: 0.001765248 ustep: 1 
iter: 3  value: 2267.536 mgc: 1.690824e-08 ustep: 1 
mgc: 2.575717e-14 
iter: 1  mgc: 2.575717e-14 
outer mgc:  16.61097 
iter: 1  value: 2266.77 mgc: 1.061214 ustep: 1 
iter: 2  value: 2266.77 mgc: 0.001329309 ustep: 1 
iter: 3  mgc: 6.064496e-09 
iter: 1  mgc: 6.064496e-09 
outer mgc:  19.65418 
iter: 1  value: 2266.494 mgc: 0.6883769 ustep: 1 
iter: 2  value: 2266.494 mgc: 0.0006861724 ustep: 1 
iter: 3  mgc: 7.927943e-10 
iter: 1  mgc: 7.927943e-10 
outer mgc:  3.786203 
iter: 1  value: 2265.72 mgc: 0.3484685 ustep: 1 
iter: 2  value: 2265.72 mgc: 0.0002223074 ustep: 1 
iter: 3  mgc: 1.175615e-10 
iter: 1  mgc: 1.175615e-10 
outer mgc:  5.391203 
iter: 1  value: 2265.307 mgc: 0.3505801 ustep: 1 
iter: 2  value: 2265.307 mgc: 6.693951e-05 ustep: 1 
iter: 3  mgc: 1.577849e-11 
iter: 1  value: 2264.728 mgc: 0.2259792 ustep: 1 
iter: 2  value: 2264.728 mgc: 6.275069e-05 ustep: 1 
iter: 3  mgc: 6.751133e-11 
iter: 1  value: 2263.392 mgc: 0.5784127 ustep: 1 
iter: 2  value: 2263.392 mgc: 0.000404802 ustep: 1 
iter: 3  mgc: 2.722365e-09 
iter: 1  mgc: 2.722365e-09 
outer mgc:  10.32092 
iter: 1  value: 2261.366 mgc: 1.736302 ustep: 1 
iter: 2  value: 2261.366 mgc: 0.002733614 ustep: 1 
iter: 3  value: 2261.366 mgc: 1.108285e-08 ustep: 1 
mgc: 3.552714e-14 
iter: 1  mgc: 3.552714e-14 
outer mgc:  24.86425 
iter: 1  value: 2260.971 mgc: 1.150131 ustep: 1 
iter: 2  value: 2260.971 mgc: 0.005274485 ustep: 1 
iter: 3  value: 2260.971 mgc: 1.165774e-07 ustep: 1 
iter: 4  mgc: 3.907985e-14 
iter: 1  value: 2260.778 mgc: 0.7491476 ustep: 1 
iter: 2  value: 2260.778 mgc: 0.001458025 ustep: 1 
iter: 3  mgc: 8.927673e-09 
iter: 1  mgc: 8.927673e-09 
outer mgc:  7.991371 
iter: 1  value: 2256.484 mgc: 0.9667454 ustep: 1 
iter: 2  value: 2256.484 mgc: 0.002852994 ustep: 1 
iter: 3  value: 2256.484 mgc: 2.515123e-08 ustep: 1 
mgc: 2.842171e-14 
iter: 1  mgc: 2.842171e-14 
outer mgc:  5.333999 
iter: 1  value: 2255.294 mgc: 1.0697 ustep: 1 
iter: 2  value: 2255.294 mgc: 0.001310233 ustep: 1 
iter: 3  mgc: 5.644359e-09 
iter: 1  mgc: 5.644359e-09 
outer mgc:  11.95774 
iter: 1  value: 2254.798 mgc: 0.5091448 ustep: 1 
iter: 2  value: 2254.798 mgc: 0.0005274168 ustep: 1 
iter: 3  mgc: 1.408153e-09 
iter: 1  mgc: 1.408153e-09 
outer mgc:  5.566938 
iter: 1  value: 2254.058 mgc: 1.088725 ustep: 1 
iter: 2  value: 2254.058 mgc: 0.001314301 ustep: 1 
iter: 3  value: 2254.058 mgc: 1.800105e-08 ustep: 1 
iter: 4  mgc: 3.28626e-14 
iter: 1  mgc: 3.28626e-14 
outer mgc:  8.291424 
iter: 1  value: 2252.33 mgc: 0.5976613 ustep: 1 
iter: 2  value: 2252.33 mgc: 0.0006274352 ustep: 1 
iter: 3  mgc: 1.088138e-09 
iter: 1  mgc: 1.088138e-09 
outer mgc:  9.620383 
iter: 1  value: 2251.285 mgc: 0.9860164 ustep: 1 
iter: 2  value: 2251.285 mgc: 0.001002707 ustep: 1 
iter: 3  value: 2251.285 mgc: 1.174993e-08 ustep: 1 
mgc: 5.329071e-14 
iter: 1  mgc: 5.329071e-14 
outer mgc:  7.50662 
iter: 1  value: 2250.055 mgc: 0.5817987 ustep: 1 
iter: 2  value: 2250.055 mgc: 0.001179202 ustep: 1 
iter: 3  mgc: 6.697912e-09 
iter: 1  mgc: 6.697912e-09 
outer mgc:  4.017802 
iter: 1  value: 2247.643 mgc: 0.5471128 ustep: 1 
iter: 2  value: 2247.643 mgc: 0.001627315 ustep: 1 
iter: 3  value: 2247.643 mgc: 1.738367e-08 ustep: 1 
iter: 4  mgc: 2.997602e-14 
iter: 1  mgc: 2.997602e-14 
outer mgc:  3.461149 
iter: 1  value: 2246.849 mgc: 0.4748056 ustep: 1 
iter: 2  value: 2246.849 mgc: 0.0007255277 ustep: 1 
iter: 3  mgc: 2.246779e-09 
iter: 1  mgc: 2.246779e-09 
outer mgc:  5.595009 
iter: 1  value: 2246.177 mgc: 0.5325863 ustep: 1 
iter: 2  value: 2246.177 mgc: 0.0002823756 ustep: 1 
iter: 3  mgc: 1.864398e-10 
iter: 1  mgc: 1.864398e-10 
outer mgc:  4.387774 
iter: 1  value: 2244.856 mgc: 0.5877142 ustep: 1 
iter: 2  value: 2244.856 mgc: 0.0004381354 ustep: 1 
iter: 3  mgc: 6.843015e-10 
iter: 1  mgc: 6.843015e-10 
outer mgc:  5.415779 
iter: 1  value: 2243.382 mgc: 0.714123 ustep: 1 
iter: 2  value: 2243.382 mgc: 0.0003444683 ustep: 1 
iter: 3  mgc: 9.481385e-10 
iter: 1  mgc: 9.481385e-10 
outer mgc:  2.197903 
iter: 1  value: 2241.667 mgc: 0.4359878 ustep: 1 
iter: 2  value: 2241.667 mgc: 0.0002373007 ustep: 1 
iter: 3  mgc: 1.633662e-10 
iter: 1  mgc: 1.633662e-10 
outer mgc:  2.68253 
iter: 1  value: 2240.352 mgc: 0.3751688 ustep: 1 
iter: 2  value: 2240.352 mgc: 0.0001404586 ustep: 1 
iter: 3  mgc: 5.679013e-11 
iter: 1  mgc: 5.679013e-11 
outer mgc:  1.554329 
iter: 1  value: 2239.759 mgc: 0.3960836 ustep: 1 
iter: 2  value: 2239.759 mgc: 0.0001568758 ustep: 1 
iter: 3  mgc: 1.211724e-10 
iter: 1  mgc: 1.211724e-10 
outer mgc:  2.538008 
iter: 1  value: 2238.65 mgc: 0.4321484 ustep: 1 
iter: 2  value: 2238.65 mgc: 0.0001013508 ustep: 1 
iter: 3  mgc: 3.404743e-11 
iter: 1  mgc: 3.404743e-11 
outer mgc:  1.164833 
iter: 1  value: 2236.747 mgc: 0.3995599 ustep: 1 
iter: 2  value: 2236.747 mgc: 9.321997e-05 ustep: 1 
iter: 3  mgc: 1.741896e-11 
iter: 1  mgc: 1.741896e-11 
outer mgc:  1.354873 
iter: 1  value: 2235.767 mgc: 0.3371572 ustep: 1 
iter: 2  value: 2235.767 mgc: 0.000189238 ustep: 1 
iter: 3  mgc: 8.204992e-11 
iter: 1  mgc: 8.204992e-11 
outer mgc:  0.8447447 
iter: 1  value: 2234.086 mgc: 0.3254569 ustep: 1 
iter: 2  value: 2234.086 mgc: 0.0001025263 ustep: 1 
iter: 3  mgc: 2.416289e-11 
iter: 1  mgc: 2.416289e-11 
outer mgc:  0.6917952 
iter: 1  value: 2233.049 mgc: 0.3299089 ustep: 1 
iter: 2  value: 2233.049 mgc: 8.274418e-05 ustep: 1 
iter: 3  mgc: 1.464673e-11 
iter: 1  mgc: 1.464673e-11 
outer mgc:  0.9176988 
iter: 1  value: 2232.417 mgc: 0.4443602 ustep: 1 
iter: 2  value: 2232.417 mgc: 0.0002698517 ustep: 1 
iter: 3  mgc: 1.707691e-10 
iter: 1  value: 2232.79 mgc: 0.2421295 ustep: 1 
iter: 2  value: 2232.79 mgc: 6.587868e-05 ustep: 1 
iter: 3  mgc: 1.026934e-11 
iter: 1  mgc: 1.026934e-11 
outer mgc:  0.4505785 
iter: 1  value: 2231.929 mgc: 0.286629 ustep: 1 
iter: 2  value: 2231.929 mgc: 0.0001215561 ustep: 1 
iter: 3  mgc: 3.427303e-11 
iter: 1  value: 2232.53 mgc: 0.09006916 ustep: 1 
iter: 2  value: 2232.53 mgc: 1.190627e-05 ustep: 1 
iter: 3  mgc: 3.304024e-13 
iter: 1  mgc: 3.304024e-13 
outer mgc:  0.3643989 
iter: 1  value: 2232.379 mgc: 0.05934747 ustep: 1 
iter: 2  value: 2232.379 mgc: 1.473208e-05 ustep: 1 
iter: 3  mgc: 8.180123e-13 
iter: 1  mgc: 8.180123e-13 
outer mgc:  0.4460115 
iter: 1  value: 2232.284 mgc: 0.07555409 ustep: 1 
iter: 2  value: 2232.284 mgc: 5.794918e-06 ustep: 1 
iter: 3  mgc: 7.238654e-14 
iter: 1  mgc: 7.238654e-14 
outer mgc:  0.1658536 
iter: 1  value: 2232.315 mgc: 0.046263 ustep: 1 
iter: 2  value: 2232.315 mgc: 2.036382e-06 ustep: 1 
iter: 3  mgc: 3.375078e-14 
iter: 1  mgc: 3.375078e-14 
outer mgc:  0.3121547 
iter: 1  value: 2232.368 mgc: 0.04511582 ustep: 1 
iter: 2  value: 2232.368 mgc: 4.051071e-06 ustep: 1 
iter: 3  mgc: 5.906386e-14 
iter: 1  value: 2232.335 mgc: 0.01827837 ustep: 1 
iter: 2  value: 2232.335 mgc: 6.482801e-07 ustep: 1 
iter: 3  mgc: 4.085621e-14 
iter: 1  mgc: 4.085621e-14 
outer mgc:  0.1351238 
iter: 1  value: 2232.329 mgc: 0.01249548 ustep: 1 
iter: 2  value: 2232.329 mgc: 4.735699e-07 ustep: 1 
iter: 3  mgc: 3.563816e-14 
iter: 1  mgc: 3.563816e-14 
outer mgc:  0.04233995 
iter: 1  value: 2232.33 mgc: 0.01489552 ustep: 1 
iter: 2  value: 2232.33 mgc: 1.894413e-07 ustep: 1 
iter: 3  mgc: 4.263256e-14 
iter: 1  value: 2232.329 mgc: 0.005856569 ustep: 1 
iter: 2  value: 2232.329 mgc: 2.930822e-08 ustep: 1 
iter: 3  mgc: 5.05429e-14 
iter: 1  mgc: 5.05429e-14 
outer mgc:  0.03707012 
iter: 1  value: 2232.328 mgc: 0.003952565 ustep: 1 
iter: 2  value: 2232.328 mgc: 3.17322e-08 ustep: 1 
mgc: 4.218847e-14 
iter: 1  mgc: 4.218847e-14 
outer mgc:  0.01429819 
iter: 1  value: 2232.331 mgc: 0.001825164 ustep: 1 
iter: 2  mgc: 3.277535e-09 
iter: 1  mgc: 3.277535e-09 
outer mgc:  0.007362556 
iter: 1  mgc: 3.277535e-09 
iter: 1  mgc: 3.277535e-09 
outer mgc:  0.007362556 
iter: 1  value: 2232.333 mgc: 0.04507861 ustep: 1 
iter: 2  value: 2232.333 mgc: 4.671947e-06 ustep: 1 
iter: 3  mgc: 6.972201e-14 
outer mgc:  1.208307 
iter: 1  value: 2232.33 mgc: 0.04506183 ustep: 1 
iter: 2  value: 2232.33 mgc: 4.674178e-06 ustep: 1 
iter: 3  mgc: 7.549517e-14 
outer mgc:  1.206412 
iter: 1  value: 2232.329 mgc: 0.02112013 ustep: 1 
iter: 2  value: 2232.329 mgc: 9.582468e-07 ustep: 1 
iter: 3  mgc: 3.641532e-14 
outer mgc:  0.9998552 
iter: 1  value: 2232.334 mgc: 0.02110876 ustep: 1 
iter: 2  value: 2232.334 mgc: 9.573164e-07 ustep: 1 
iter: 3  mgc: 4.796163e-14 
outer mgc:  0.9957344 
iter: 1  value: 2232.326 mgc: 0.0372065 ustep: 1 
iter: 2  value: 2232.326 mgc: 3.886854e-06 ustep: 1 
iter: 3  mgc: 4.92939e-14 
outer mgc:  1.255843 
iter: 1  value: 2232.337 mgc: 0.03718724 ustep: 1 
iter: 2  value: 2232.337 mgc: 3.887648e-06 ustep: 1 
iter: 3  mgc: 4.884981e-14 
outer mgc:  1.263465 
iter: 1  value: 2232.329 mgc: 0.0204183 ustep: 1 
iter: 2  value: 2232.329 mgc: 1.156622e-06 ustep: 1 
iter: 3  mgc: 5.684342e-14 
outer mgc:  1.041194 
iter: 1  value: 2232.334 mgc: 0.02040779 ustep: 1 
iter: 2  value: 2232.334 mgc: 1.155801e-06 ustep: 1 
iter: 3  mgc: 4.618528e-14 
outer mgc:  1.055593 
iter: 1  value: 2232.345 mgc: 0.05557177 ustep: 1 
iter: 2  value: 2232.345 mgc: 1.769126e-06 ustep: 1 
iter: 3  mgc: 3.197442e-14 
outer mgc:  2.175618 
iter: 1  value: 2232.32 mgc: 0.05556677 ustep: 1 
iter: 2  value: 2232.32 mgc: 1.77073e-06 ustep: 1 
iter: 3  mgc: 3.926026e-14 
outer mgc:  2.162847 
iter: 1  value: 2232.342 mgc: 0.03397988 ustep: 1 
iter: 2  value: 2232.342 mgc: 7.766583e-07 ustep: 1 
iter: 3  mgc: 3.996803e-14 
outer mgc:  1.783911 
iter: 1  value: 2232.322 mgc: 0.0339807 ustep: 1 
iter: 2  value: 2232.322 mgc: 7.780136e-07 ustep: 1 
iter: 3  mgc: 3.019807e-14 
outer mgc:  1.77012 
iter: 1  value: 2232.326 mgc: 0.02032551 ustep: 1 
iter: 2  value: 2232.326 mgc: 9.548937e-07 ustep: 1 
iter: 3  mgc: 4.174439e-14 
outer mgc:  1.024076 
iter: 1  value: 2232.337 mgc: 0.02030969 ustep: 1 
iter: 2  value: 2232.337 mgc: 9.535433e-07 ustep: 1 
iter: 3  mgc: 4.174439e-14 
outer mgc:  1.031029 
iter: 1  value: 2232.329 mgc: 0.008142258 ustep: 1 
iter: 2  value: 2232.329 mgc: 1.525356e-07 ustep: 1 
iter: 3  mgc: 5.240253e-14 
outer mgc:  0.4688525 
iter: 1  value: 2232.334 mgc: 0.00813516 ustep: 1 
iter: 2  value: 2232.334 mgc: 1.522459e-07 ustep: 1 
iter: 3  mgc: 4.440892e-14 
outer mgc:  0.4737208 
iter: 1  value: 2232.314 mgc: 0.008941659 ustep: 1 
iter: 2  value: 2232.314 mgc: 2.272826e-07 ustep: 1 
iter: 3  mgc: 3.458345e-14 
outer mgc:  0.01394863 
iter: 1  value: 2232.348 mgc: 0.008936386 ustep: 1 
iter: 2  value: 2232.348 mgc: 2.274051e-07 ustep: 1 
iter: 3  mgc: 3.630429e-14 
outer mgc:  0.01277107 
iter: 1  value: 2232.321 mgc: 0.01177688 ustep: 1 
iter: 2  value: 2232.321 mgc: 5.428307e-08 ustep: 1 
mgc: 3.977374e-14 
outer mgc:  0.01359116 
iter: 1  value: 2232.341 mgc: 0.0117724 ustep: 1 
iter: 2  value: 2232.341 mgc: 5.429804e-08 ustep: 1 
mgc: 4.440892e-14 
outer mgc:  0.01074403 
iter: 1  value: 2232.316 mgc: 0.02649836 ustep: 1 
iter: 2  value: 2232.316 mgc: 2.231518e-07 ustep: 1 
iter: 3  mgc: 2.753353e-14 
outer mgc:  0.03769794 
iter: 1  value: 2232.346 mgc: 0.0264975 ustep: 1 
iter: 2  value: 2232.346 mgc: 2.231309e-07 ustep: 1 
iter: 3  mgc: 3.56104e-14 
outer mgc:  0.04057443 
iter: 1  value: 2232.317 mgc: 0.00449149 ustep: 1 
iter: 2  value: 2232.317 mgc: 2.858501e-08 ustep: 1 
mgc: 3.28626e-14 
outer mgc:  0.009599 
iter: 1  value: 2232.345 mgc: 0.004489884 ustep: 1 
iter: 2  value: 2232.345 mgc: 2.860317e-08 ustep: 1 
mgc: 4.662937e-14 
outer mgc:  0.00715369 
iter: 1  value: 2232.334 mgc: 0.01507608 ustep: 1 
iter: 2  value: 2232.334 mgc: 3.218229e-07 ustep: 1 
iter: 3  mgc: 4.396483e-14 
outer mgc:  0.01234654 
iter: 1  value: 2232.328 mgc: 0.01507586 ustep: 1 
iter: 2  value: 2232.328 mgc: 3.218663e-07 ustep: 1 
iter: 3  mgc: 3.641532e-14 
outer mgc:  0.01366991 
iter: 1  value: 2232.321 mgc: 0.01157938 ustep: 1 
iter: 2  value: 2232.321 mgc: 1.879408e-07 ustep: 1 
iter: 3  mgc: 3.907985e-14 
outer mgc:  0.01126539 
iter: 1  value: 2232.341 mgc: 0.01156572 ustep: 1 
iter: 2  value: 2232.341 mgc: 1.879629e-07 ustep: 1 
iter: 3  mgc: 4.091172e-14 
outer mgc:  0.01332009 
iter: 1  value: 2232.361 mgc: 0.04056464 ustep: 1 
iter: 2  value: 2232.361 mgc: 3.646124e-06 ustep: 1 
iter: 3  mgc: 7.505108e-14 
outer mgc:  0.5668696 
iter: 1  value: 2232.301 mgc: 0.04067612 ustep: 1 
iter: 2  value: 2232.301 mgc: 3.657959e-06 ustep: 1 
iter: 3  mgc: 7.349676e-14 
outer mgc:  0.5672653 
iter: 1  value: 2232.371 mgc: 0.06037062 ustep: 1 
iter: 2  value: 2232.371 mgc: 9.163591e-06 ustep: 1 
iter: 3  mgc: 3.774758e-13 
outer mgc:  0.5879438 
iter: 1  value: 2232.292 mgc: 0.06043102 ustep: 1 
iter: 2  value: 2232.292 mgc: 9.179009e-06 ustep: 1 
iter: 3  mgc: 3.712586e-13 
outer mgc:  0.5880974 
iter: 1  value: 2232.372 mgc: 0.1271593 ustep: 1 
iter: 2  value: 2232.372 mgc: 5.448235e-06 ustep: 1 
iter: 3  mgc: 3.606004e-13 
outer mgc:  0.882744 
iter: 1  value: 2232.291 mgc: 0.1275283 ustep: 1 
iter: 2  value: 2232.291 mgc: 5.462335e-06 ustep: 1 
iter: 3  mgc: 3.215206e-13 
outer mgc:  0.8769761 
iter: 1  value: 2232.395 mgc: 0.07856507 ustep: 1 
iter: 2  value: 2232.395 mgc: 6.979451e-06 ustep: 1 
iter: 3  mgc: 1.2923e-13 
outer mgc:  0.4503239 
iter: 1  value: 2232.267 mgc: 0.07880138 ustep: 1 
iter: 2  value: 2232.267 mgc: 6.982803e-06 ustep: 1 
iter: 3  mgc: 1.272316e-13 
outer mgc:  0.4543135 
Warning message:
package ‘nnet’ was built under R version 3.6.3 
[Sun Aug 15 14:46:19 2021]
Finished job 0.
1 of 1 steps (100%) done
