Building DAG of jobs...
Using shell: /usr/bin/bash
Provided cores: 1 (use --cores to define parallelism)
Rules claiming more threads will be scaled down.
Job counts:
	count	jobs
	1	inference_simulation_TMB_multiple
	1

[Sat Aug 14 20:36:55 2021]
rule inference_simulation_TMB_multiple:
    input: ../data/assessing_models_simulation/datasets/multiple_GenerationJnorm2_100_100_10_7_0.4_NA_NA_NA_dataset1.RDS
    output: ../data/assessing_models_simulation/inference_results/TMB/nlminb/multiple_GenerationJnorm2_100_100_10_7_0.4_diagREDMsinglelambda_NA_NA_NA_dataset1.RDS
    log: logs/inference/nlminb/simulation_GenerationJnorm2_100_100_10_7_0.4_ModeldiagREDMsinglelambda_NA_NA_NA_dataset1.log
    jobid: 0
    wildcards: optimiser=nlminb, datasetgeneration=GenerationJnorm2, n=100, nlambda=100, lmbda=10, d=7, beta_intensity=0.4, model=diagREDMsinglelambda, fixed_beta_intercept=NA, fixed_beta_slope=NA, sdRE_input=NA, itnum=1

Rscript 2_inference_TMB/run_TMB.R --input ../data/assessing_models_simulation/datasets/multiple_GenerationJnorm2_100_100_10_7_0.4_NA_NA_NA_dataset1.RDS --output ../data/assessing_models_simulation/inference_results/TMB/nlminb/multiple_GenerationJnorm2_100_100_10_7_0.4_diagREDMsinglelambda_NA_NA_NA_dataset1.RDS --model diagREDMsinglelambda --optimiser nlminb
Model: diagREDMsinglelambda 
Feature type: signatures 
Using nlminb: TRUE 
Simulation boolean: TRUE 
make: Nothing to be done for 'all'.
../data/assessing_models_simulation/datasets/multiple_GenerationJnorm2_100_100_10_7_0.4_NA_NA_NA_dataset1.RDS[1] "../data/assessing_models_simulation/datasets/multiple_GenerationJnorm2_100_100_10_7_0.4_NA_NA_NA_dataset1.RDS"
Reading file ../data/assessing_models_simulation/datasets/multiple_GenerationJnorm2_100_100_10_7_0.4_NA_NA_NA_dataset1.RDS 
Loading required package: nnet
# weights:  21 (12 variable)
initial  value 38962.958915 
iter  10 value 36572.658281
final  value 36223.877809 
converged
Constructing atomic invpd
Constructing atomic D_lgamma
Constructing atomic invpd
Constructing atomic D_lgamma
Constructing atomic matmul
Constructing atomic invpd
Constructing atomic D_lgamma
Constructing atomic matmul
Optimizing tape... Done
iter: 1  value: 32886.78 mgc: 6.448799 ustep: 0.8994163 
iter: 2  value: 32799.07 mgc: 14.73845 ustep: 0.9483808 
iter: 3  value: 32713.74 mgc: 10.09816 ustep: 0.973851 
iter: 4  value: 32644.04 mgc: 12.90076 ustep: 0.6611057 
iter: 5  value: 32607.08 mgc: 4.276201 ustep: 0.5676271 
iter: 6  value: 32598.06 mgc: 5.147213 ustep: 0.7534349 
iter: 7  value: 32595.39 mgc: 4.666282 ustep: 0.8680195 
iter: 8  value: 32595.34 mgc: 0.5371249 ustep: 0.9316825 
iter: 9  value: 32595.34 mgc: 0.04170423 ustep: 0.9652405 
iter: 10  value: 32595.34 mgc: 0.0007929161 ustep: 0.9824683 
iter: 11  value: 32595.34 mgc: 7.838917e-06 ustep: 0.9911963 
iter: 12  value: 32595.34 mgc: 7.46485e-08 ustep: 0.9955888 
iter: 13  mgc: 5.256274e-10 
iter: 1  mgc: 5.256274e-10 
Matching hessian patterns... Done
outer mgc:  435.4422 
iter: 1  value: 32206.84 mgc: 3.763 ustep: 1 
iter: 2  value: 32205.74 mgc: 1.126034 ustep: 1 
iter: 3  value: 32205.74 mgc: 0.02301246 ustep: 1 
iter: 4  value: 32205.74 mgc: 2.15978e-05 ustep: 1 
iter: 5  mgc: 5.27396e-11 
iter: 1  mgc: 5.27396e-11 
outer mgc:  149.9499 
iter: 1  value: 32027.61 mgc: 3.643675 ustep: 1 
iter: 2  value: 32026.24 mgc: 1.490275 ustep: 1 
iter: 3  value: 32026.23 mgc: 0.1863545 ustep: 1 
iter: 4  value: 32026.23 mgc: 0.004789428 ustep: 1 
iter: 5  value: 32026.23 mgc: 3.468123e-06 ustep: 1 
iter: 6  mgc: 1.824985e-12 
iter: 1  mgc: 1.824985e-12 
outer mgc:  97.82619 
iter: 1  value: 32049.92 mgc: 7.113923 ustep: 1 
iter: 2  value: 31980.72 mgc: 5.309446 ustep: 1 
iter: 3  value: 31979.07 mgc: 0.8159453 ustep: 1 
iter: 4  value: 31979.06 mgc: 0.0611997 ustep: 1 
iter: 5  value: 31979.06 mgc: 0.0004947689 ustep: 1 
iter: 6  value: 31979.06 mgc: 3.372114e-08 ustep: 1 
iter: 7  mgc: 4.218847e-15 
iter: 1  mgc: 4.218847e-15 
outer mgc:  128.6656 
iter: 1  value: 31764.21 mgc: 4.250521 ustep: 1 
iter: 2  value: 31762.39 mgc: 1.685595 ustep: 1 
iter: 3  value: 31762.38 mgc: 0.1102389 ustep: 1 
iter: 4  value: 31762.38 mgc: 0.0006604427 ustep: 1 
iter: 5  value: 31762.38 mgc: 2.433574e-08 ustep: 1 
mgc: 7.105427e-15 
iter: 1  mgc: 7.105427e-15 
outer mgc:  63.33188 
iter: 1  value: 31795.61 mgc: 6.833831 ustep: 1 
iter: 2  value: 31765.96 mgc: 3.961673 ustep: 1 
iter: 3  value: 31765.75 mgc: 0.4082247 ustep: 1 
iter: 4  value: 31765.75 mgc: 0.008437866 ustep: 1 
iter: 5  value: 31765.75 mgc: 3.986783e-06 ustep: 1 
iter: 6  mgc: 8.919532e-13 
iter: 1  value: 31769.43 mgc: 4.61351 ustep: 1 
iter: 2  value: 31767.93 mgc: 0.7398588 ustep: 1 
iter: 3  value: 31767.93 mgc: 0.02969733 ustep: 1 
iter: 4  value: 31767.93 mgc: 5.748251e-05 ustep: 1 
iter: 5  mgc: 2.159397e-10 
iter: 1  mgc: 2.159397e-10 
outer mgc:  72.61866 
iter: 1  value: 31677.66 mgc: 3.264402 ustep: 1 
iter: 2  value: 31677.45 mgc: 0.3455417 ustep: 1 
iter: 3  value: 31677.45 mgc: 0.003108603 ustep: 1 
iter: 4  value: 31677.45 mgc: 3.312801e-07 ustep: 1 
iter: 5  mgc: 6.883383e-15 
iter: 1  mgc: 6.883383e-15 
outer mgc:  58.0729 
iter: 1  value: 31680.82 mgc: 4.522887 ustep: 1 
iter: 2  value: 31680.66 mgc: 0.1652936 ustep: 1 
iter: 3  value: 31680.66 mgc: 0.001207181 ustep: 1 
iter: 4  value: 31680.66 mgc: 6.698848e-08 ustep: 1 
iter: 5  mgc: 3.663736e-15 
iter: 1  mgc: 3.663736e-15 
outer mgc:  61.85179 
iter: 1  value: 31635.63 mgc: 3.381766 ustep: 1 
iter: 2  value: 31635.44 mgc: 0.2893551 ustep: 1 
iter: 3  value: 31635.44 mgc: 0.002337211 ustep: 1 
iter: 4  value: 31635.44 mgc: 1.740469e-07 ustep: 1 
iter: 5  mgc: 5.662137e-15 
iter: 1  mgc: 5.662137e-15 
outer mgc:  24.65033 
iter: 1  value: 31643.34 mgc: 1.414948 ustep: 1 
iter: 2  value: 31643.33 mgc: 0.05689454 ustep: 1 
iter: 3  value: 31643.33 mgc: 0.0002383112 ustep: 1 
iter: 4  mgc: 4.076341e-09 
iter: 1  value: 31638.04 mgc: 0.7755878 ustep: 1 
iter: 2  value: 31638.04 mgc: 0.01545193 ustep: 1 
iter: 3  value: 31638.04 mgc: 1.616105e-05 ustep: 1 
iter: 4  mgc: 1.720313e-11 
iter: 1  mgc: 1.720313e-11 
outer mgc:  23.83094 
iter: 1  value: 31617.28 mgc: 0.6514781 ustep: 1 
iter: 2  value: 31617.28 mgc: 0.006671459 ustep: 1 
iter: 3  value: 31617.28 mgc: 1.541442e-06 ustep: 1 
iter: 4  mgc: 8.082424e-14 
iter: 1  mgc: 8.082424e-14 
outer mgc:  23.23332 
iter: 1  value: 31603.33 mgc: 1.653093 ustep: 1 
iter: 2  value: 31603.33 mgc: 0.02938899 ustep: 1 
iter: 3  value: 31603.33 mgc: 5.218549e-05 ustep: 1 
iter: 4  mgc: 1.808425e-10 
iter: 1  mgc: 1.808425e-10 
outer mgc:  17.3652 
iter: 1  value: 31581.41 mgc: 1.490914 ustep: 1 
iter: 2  value: 31581.4 mgc: 0.05614313 ustep: 1 
iter: 3  value: 31581.4 mgc: 0.0001183996 ustep: 1 
iter: 4  mgc: 6.590031e-10 
iter: 1  mgc: 6.590031e-10 
outer mgc:  26.82584 
iter: 1  value: 31561.74 mgc: 1.012996 ustep: 1 
iter: 2  value: 31561.74 mgc: 0.05920851 ustep: 1 
iter: 3  value: 31561.74 mgc: 0.0001436066 ustep: 1 
iter: 4  mgc: 9.496239e-10 
iter: 1  mgc: 9.496239e-10 
outer mgc:  12.57293 
iter: 1  value: 31562 mgc: 1.568231 ustep: 1 
iter: 2  value: 31562 mgc: 0.06279913 ustep: 1 
iter: 3  value: 31562 mgc: 0.0001557134 ustep: 1 
iter: 4  mgc: 9.775123e-10 
iter: 1  value: 31561.63 mgc: 0.8284441 ustep: 1 
iter: 2  value: 31561.63 mgc: 0.0221818 ustep: 1 
iter: 3  value: 31561.63 mgc: 2.003138e-05 ustep: 1 
iter: 4  mgc: 1.644196e-11 
iter: 1  mgc: 1.644196e-11 
outer mgc:  17.91244 
iter: 1  value: 31547.28 mgc: 0.7931646 ustep: 1 
iter: 2  value: 31547.28 mgc: 0.0100972 ustep: 1 
iter: 3  value: 31547.28 mgc: 3.888875e-06 ustep: 1 
iter: 4  mgc: 5.679901e-13 
iter: 1  mgc: 5.679901e-13 
outer mgc:  26.0939 
iter: 1  value: 31543.7 mgc: 0.850878 ustep: 1 
iter: 2  value: 31543.7 mgc: 0.0101907 ustep: 1 
iter: 3  value: 31543.7 mgc: 5.084203e-06 ustep: 1 
iter: 4  mgc: 1.632916e-12 
iter: 1  mgc: 1.632916e-12 
outer mgc:  7.906031 
iter: 1  value: 31531.84 mgc: 0.2620795 ustep: 1 
iter: 2  value: 31531.84 mgc: 0.001781359 ustep: 1 
iter: 3  value: 31531.84 mgc: 1.175176e-07 ustep: 1 
iter: 4  mgc: 5.77316e-15 
iter: 1  mgc: 5.77316e-15 
outer mgc:  10.84803 
iter: 1  value: 31525.29 mgc: 0.5509211 ustep: 1 
iter: 2  value: 31525.29 mgc: 0.008369507 ustep: 1 
iter: 3  value: 31525.29 mgc: 3.351007e-06 ustep: 1 
iter: 4  mgc: 5.120349e-13 
iter: 1  mgc: 5.120349e-13 
outer mgc:  7.763889 
iter: 1  value: 31519.25 mgc: 0.4260341 ustep: 1 
iter: 2  value: 31519.25 mgc: 0.008604703 ustep: 1 
iter: 3  value: 31519.25 mgc: 4.438198e-06 ustep: 1 
iter: 4  mgc: 1.156852e-12 
iter: 1  mgc: 1.156852e-12 
outer mgc:  8.222356 
iter: 1  value: 31508.2 mgc: 0.2617842 ustep: 1 
iter: 2  value: 31508.2 mgc: 0.002271895 ustep: 1 
iter: 3  value: 31508.2 mgc: 1.731419e-07 ustep: 1 
iter: 4  mgc: 5.329071e-15 
iter: 1  mgc: 5.329071e-15 
outer mgc:  13.24159 
iter: 1  value: 31504.11 mgc: 0.671415 ustep: 1 
iter: 2  value: 31504.11 mgc: 0.005288617 ustep: 1 
iter: 3  value: 31504.11 mgc: 1.632087e-06 ustep: 1 
iter: 4  mgc: 1.554312e-13 
iter: 1  mgc: 1.554312e-13 
outer mgc:  8.469905 
iter: 1  value: 31494.44 mgc: 0.700637 ustep: 1 
iter: 2  value: 31494.44 mgc: 0.005404106 ustep: 1 
iter: 3  value: 31494.44 mgc: 1.220925e-06 ustep: 1 
iter: 4  mgc: 6.084022e-14 
iter: 1  mgc: 6.084022e-14 
outer mgc:  19.2359 
iter: 1  value: 31493.6 mgc: 0.481881 ustep: 1 
iter: 2  value: 31493.6 mgc: 0.0038522 ustep: 1 
iter: 3  value: 31493.6 mgc: 2.351359e-07 ustep: 1 
iter: 4  mgc: 4.218847e-15 
iter: 1  mgc: 4.218847e-15 
outer mgc:  6.060614 
iter: 1  value: 31486.88 mgc: 0.2431462 ustep: 1 
iter: 2  value: 31486.88 mgc: 0.001214839 ustep: 1 
iter: 3  value: 31486.88 mgc: 2.247568e-08 ustep: 1 
mgc: 4.884981e-15 
iter: 1  mgc: 4.884981e-15 
outer mgc:  10.98959 
iter: 1  value: 31484.46 mgc: 0.4446455 ustep: 1 
iter: 2  value: 31484.46 mgc: 0.003413002 ustep: 1 
iter: 3  value: 31484.46 mgc: 6.538902e-07 ustep: 1 
iter: 4  mgc: 2.264855e-14 
iter: 1  mgc: 2.264855e-14 
outer mgc:  3.852426 
iter: 1  value: 31478.49 mgc: 0.3037918 ustep: 1 
iter: 2  value: 31478.49 mgc: 0.00160975 ustep: 1 
iter: 3  value: 31478.49 mgc: 7.038663e-08 ustep: 1 
iter: 4  mgc: 4.440892e-15 
iter: 1  mgc: 4.440892e-15 
outer mgc:  5.067209 
iter: 1  value: 31473.65 mgc: 0.3467382 ustep: 1 
iter: 2  value: 31473.65 mgc: 0.002204401 ustep: 1 
iter: 3  value: 31473.65 mgc: 1.128839e-07 ustep: 1 
iter: 4  mgc: 5.77316e-15 
iter: 1  mgc: 5.77316e-15 
outer mgc:  3.642488 
iter: 1  value: 31469.08 mgc: 0.3491751 ustep: 1 
iter: 2  value: 31469.08 mgc: 0.001811497 ustep: 1 
iter: 3  value: 31469.08 mgc: 5.69686e-08 ustep: 1 
iter: 4  mgc: 4.218847e-15 
iter: 1  mgc: 4.218847e-15 
outer mgc:  2.613643 
iter: 1  value: 31461.29 mgc: 0.1381955 ustep: 1 
iter: 2  value: 31461.29 mgc: 0.0001596875 ustep: 1 
iter: 3  mgc: 5.335745e-10 
iter: 1  mgc: 5.335745e-10 
outer mgc:  7.600141 
iter: 1  value: 31456.91 mgc: 0.4274703 ustep: 1 
iter: 2  value: 31456.91 mgc: 0.002083255 ustep: 1 
iter: 3  value: 31456.91 mgc: 6.255662e-08 ustep: 1 
mgc: 3.552714e-15 
iter: 1  mgc: 3.552714e-15 
outer mgc:  3.22197 
iter: 1  value: 31452.02 mgc: 0.3825522 ustep: 1 
iter: 2  value: 31452.02 mgc: 0.001195868 ustep: 1 
iter: 3  value: 31452.02 mgc: 4.697002e-08 ustep: 1 
iter: 4  mgc: 4.163336e-15 
iter: 1  value: 31455.28 mgc: 0.2292388 ustep: 1 
iter: 2  value: 31455.28 mgc: 0.0003813751 ustep: 1 
iter: 3  mgc: 3.283075e-09 
iter: 1  value: 31456.15 mgc: 0.09771946 ustep: 1 
iter: 2  value: 31456.15 mgc: 6.872073e-05 ustep: 1 
iter: 3  mgc: 1.131397e-10 
iter: 1  mgc: 1.131397e-10 
outer mgc:  1.58614 
iter: 1  value: 31455.49 mgc: 0.1109237 ustep: 1 
iter: 2  value: 31455.49 mgc: 0.0001822843 ustep: 1 
iter: 3  mgc: 4.565246e-10 
iter: 1  mgc: 4.565246e-10 
outer mgc:  2.464619 
iter: 1  value: 31454.19 mgc: 0.08490857 ustep: 1 
iter: 2  value: 31454.19 mgc: 5.651857e-05 ustep: 1 
iter: 3  mgc: 2.472511e-11 
iter: 1  mgc: 2.472511e-11 
outer mgc:  1.223677 
iter: 1  value: 31452.05 mgc: 0.1786773 ustep: 1 
iter: 2  value: 31452.05 mgc: 0.0004058176 ustep: 1 
iter: 3  mgc: 2.315396e-09 
iter: 1  mgc: 2.315396e-09 
outer mgc:  1.392747 
iter: 1  value: 31447.13 mgc: 0.1766759 ustep: 1 
iter: 2  value: 31447.13 mgc: 0.0002772855 ustep: 1 
iter: 3  mgc: 1.765868e-09 
iter: 1  mgc: 1.765868e-09 
outer mgc:  1.896995 
iter: 1  value: 31443.85 mgc: 0.1679305 ustep: 1 
iter: 2  value: 31443.85 mgc: 0.0007691865 ustep: 1 
iter: 3  value: 31443.85 mgc: 1.967682e-08 ustep: 1 
mgc: 3.941292e-15 
iter: 1  value: 31445.81 mgc: 0.06359039 ustep: 1 
iter: 2  value: 31445.81 mgc: 0.0001128541 ustep: 1 
iter: 3  mgc: 4.339533e-10 
iter: 1  mgc: 4.339533e-10 
outer mgc:  1.485832 
iter: 1  value: 31444.21 mgc: 0.1208095 ustep: 1 
iter: 2  value: 31444.21 mgc: 0.0001959858 ustep: 1 
iter: 3  mgc: 3.723457e-10 
iter: 1  mgc: 3.723457e-10 
outer mgc:  1.900543 
iter: 1  value: 31442.21 mgc: 0.1282734 ustep: 1 
iter: 2  value: 31442.21 mgc: 0.0001099306 ustep: 1 
iter: 3  mgc: 1.475815e-10 
iter: 1  mgc: 1.475815e-10 
outer mgc:  2.020636 
iter: 1  value: 31440.34 mgc: 0.1343563 ustep: 1 
iter: 2  value: 31440.34 mgc: 0.00021004 ustep: 1 
iter: 3  mgc: 5.766534e-10 
iter: 1  mgc: 5.766534e-10 
outer mgc:  0.8668018 
iter: 1  value: 31435.94 mgc: 0.1690087 ustep: 1 
iter: 2  value: 31435.94 mgc: 0.0001760157 ustep: 1 
iter: 3  mgc: 4.846914e-10 
iter: 1  value: 31429.64 mgc: 0.3111455 ustep: 1 
iter: 2  value: 31429.64 mgc: 0.0008954301 ustep: 1 
iter: 3  mgc: 9.635235e-09 
iter: 1  value: 31416.22 mgc: 0.6551116 ustep: 1 
iter: 2  value: 31416.22 mgc: 0.003404193 ustep: 1 
iter: 3  value: 31416.22 mgc: 1.272283e-07 ustep: 1 
iter: 4  mgc: 4.440892e-15 
iter: 1  mgc: 4.440892e-15 
outer mgc:  3.586485 
iter: 1  value: 31394.94 mgc: 1.174581 ustep: 1 
iter: 2  value: 31394.94 mgc: 0.007360969 ustep: 1 
iter: 3  value: 31394.94 mgc: 5.170606e-07 ustep: 1 
iter: 4  mgc: 5.329071e-15 
iter: 1  value: 31406.46 mgc: 0.58967 ustep: 1 
iter: 2  value: 31406.46 mgc: 0.001876594 ustep: 1 
iter: 3  value: 31406.46 mgc: 5.562054e-08 ustep: 1 
mgc: 3.996803e-15 
iter: 1  mgc: 3.996803e-15 
outer mgc:  2.124157 
iter: 1  value: 31400.09 mgc: 0.2956272 ustep: 1 
iter: 2  value: 31400.09 mgc: 0.001344892 ustep: 1 
iter: 3  value: 31400.09 mgc: 7.438504e-08 ustep: 1 
iter: 4  mgc: 4.218847e-15 
iter: 1  value: 31404.12 mgc: 0.1542024 ustep: 1 
iter: 2  value: 31404.12 mgc: 0.0004319727 ustep: 1 
iter: 3  mgc: 3.267538e-09 
iter: 1  mgc: 3.267538e-09 
outer mgc:  5.45852 
iter: 1  value: 31403.37 mgc: 0.1936404 ustep: 1 
iter: 2  value: 31403.37 mgc: 0.0006667781 ustep: 1 
iter: 3  mgc: 8.433598e-09 
iter: 1  mgc: 8.433598e-09 
outer mgc:  3.564526 
iter: 1  value: 31399.86 mgc: 0.09009997 ustep: 1 
iter: 2  value: 31399.86 mgc: 5.480227e-05 ustep: 1 
iter: 3  mgc: 3.567924e-11 
iter: 1  mgc: 3.567924e-11 
outer mgc:  0.9506477 
iter: 1  value: 31396.44 mgc: 0.1706218 ustep: 1 
iter: 2  value: 31396.44 mgc: 0.0001970752 ustep: 1 
iter: 3  mgc: 4.673133e-10 
iter: 1  mgc: 4.673133e-10 
outer mgc:  0.7386876 
iter: 1  value: 31392.89 mgc: 0.1340009 ustep: 1 
iter: 2  value: 31392.89 mgc: 9.217102e-05 ustep: 1 
iter: 3  mgc: 6.944756e-11 
iter: 1  mgc: 6.944756e-11 
outer mgc:  1.072525 
iter: 1  value: 31389.42 mgc: 0.1856975 ustep: 1 
iter: 2  value: 31389.42 mgc: 0.000215614 ustep: 1 
iter: 3  mgc: 4.698801e-10 
iter: 1  mgc: 4.698801e-10 
outer mgc:  0.5470282 
iter: 1  value: 31385.91 mgc: 0.12708 ustep: 1 
iter: 2  value: 31385.91 mgc: 8.13251e-05 ustep: 1 
iter: 3  mgc: 5.822542e-11 
iter: 1  mgc: 5.822542e-11 
outer mgc:  0.5516573 
iter: 1  value: 31382.68 mgc: 0.1689288 ustep: 1 
iter: 2  value: 31382.68 mgc: 0.000168246 ustep: 1 
iter: 3  mgc: 2.498393e-10 
iter: 1  mgc: 2.498393e-10 
outer mgc:  0.603648 
iter: 1  value: 31379.52 mgc: 0.1334164 ustep: 1 
iter: 2  value: 31379.52 mgc: 8.397136e-05 ustep: 1 
iter: 3  mgc: 6.105871e-11 
iter: 1  mgc: 6.105871e-11 
outer mgc:  0.6064606 
iter: 1  value: 31376.25 mgc: 0.1790081 ustep: 1 
iter: 2  value: 31376.25 mgc: 0.0001689879 ustep: 1 
iter: 3  mgc: 2.373115e-10 
iter: 1  mgc: 2.373115e-10 
outer mgc:  1.163914 
iter: 1  value: 31372.73 mgc: 0.1414381 ustep: 1 
iter: 2  value: 31372.73 mgc: 8.698715e-05 ustep: 1 
iter: 3  mgc: 6.201795e-11 
iter: 1  mgc: 6.201795e-11 
outer mgc:  0.4830596 
iter: 1  value: 31369.52 mgc: 0.159046 ustep: 1 
iter: 2  value: 31369.52 mgc: 0.0001410081 ustep: 1 
iter: 3  mgc: 3.716774e-10 
iter: 1  mgc: 3.716774e-10 
outer mgc:  1.009492 
iter: 1  value: 31365.94 mgc: 0.1278413 ustep: 1 
iter: 2  value: 31365.94 mgc: 5.767921e-05 ustep: 1 
iter: 3  mgc: 2.553069e-11 
iter: 1  mgc: 2.553069e-11 
outer mgc:  0.6485474 
iter: 1  value: 31362.8 mgc: 0.1441877 ustep: 1 
iter: 2  value: 31362.8 mgc: 9.390043e-05 ustep: 1 
iter: 3  mgc: 6.565681e-11 
iter: 1  mgc: 6.565681e-11 
outer mgc:  0.6043486 
iter: 1  value: 31360.12 mgc: 0.125323 ustep: 1 
iter: 2  value: 31360.12 mgc: 8.191758e-05 ustep: 1 
iter: 3  mgc: 1.951981e-10 
iter: 1  mgc: 1.951981e-10 
outer mgc:  0.3310348 
iter: 1  value: 31356.98 mgc: 0.1241346 ustep: 1 
iter: 2  value: 31356.98 mgc: 6.527502e-05 ustep: 1 
iter: 3  mgc: 3.235279e-11 
iter: 1  mgc: 3.235279e-11 
outer mgc:  0.4143259 
iter: 1  value: 31353.9 mgc: 0.1407941 ustep: 1 
iter: 2  value: 31353.9 mgc: 4.977709e-05 ustep: 1 
iter: 3  mgc: 4.64544e-11 
iter: 1  mgc: 4.64544e-11 
outer mgc:  0.4029558 
iter: 1  value: 31352.09 mgc: 0.1166878 ustep: 1 
iter: 2  value: 31352.09 mgc: 2.574105e-05 ustep: 1 
iter: 3  mgc: 2.514788e-11 
iter: 1  mgc: 2.514788e-11 
outer mgc:  0.2767657 
iter: 1  value: 31351.39 mgc: 0.05295281 ustep: 1 
iter: 2  value: 31351.39 mgc: 6.872544e-05 ustep: 1 
iter: 3  mgc: 1.270335e-10 
iter: 1  value: 31351.8 mgc: 0.02256277 ustep: 1 
iter: 2  value: 31351.8 mgc: 1.268082e-05 ustep: 1 
iter: 3  mgc: 4.316547e-12 
iter: 1  mgc: 4.316547e-12 
outer mgc:  0.1554664 
iter: 1  value: 31352.01 mgc: 0.02578657 ustep: 1 
iter: 2  value: 31352.01 mgc: 4.738246e-06 ustep: 1 
iter: 3  mgc: 8.260059e-13 
iter: 1  mgc: 8.260059e-13 
outer mgc:  0.1560586 
iter: 1  value: 31352.42 mgc: 0.04413857 ustep: 1 
iter: 2  value: 31352.42 mgc: 7.581742e-06 ustep: 1 
iter: 3  mgc: 8.077983e-13 
iter: 1  value: 31352.13 mgc: 0.01455773 ustep: 1 
iter: 2  value: 31352.13 mgc: 1.522656e-06 ustep: 1 
iter: 3  mgc: 5.240253e-14 
iter: 1  mgc: 5.240253e-14 
outer mgc:  0.1236841 
iter: 1  value: 31352.08 mgc: 0.008499458 ustep: 1 
iter: 2  value: 31352.08 mgc: 1.396437e-06 ustep: 1 
iter: 3  mgc: 5.684342e-14 
iter: 1  mgc: 5.684342e-14 
outer mgc:  0.0495336 
iter: 1  value: 31351.99 mgc: 0.01152744 ustep: 1 
iter: 2  value: 31351.99 mgc: 2.347452e-07 ustep: 1 
iter: 3  mgc: 5.329071e-15 
iter: 1  mgc: 5.329071e-15 
outer mgc:  0.01345368 
iter: 1  value: 31351.92 mgc: 0.01030774 ustep: 1 
iter: 2  value: 31351.92 mgc: 1.880722e-07 ustep: 1 
iter: 3  mgc: 4.218847e-15 
iter: 1  mgc: 4.218847e-15 
outer mgc:  0.01469014 
iter: 1  value: 31351.87 mgc: 0.01047506 ustep: 1 
iter: 2  value: 31351.87 mgc: 2.859679e-07 ustep: 1 
iter: 3  mgc: 5.77316e-15 
iter: 1  mgc: 5.77316e-15 
outer mgc:  0.003740289 
iter: 1  value: 31351.83 mgc: 0.007111984 ustep: 1 
iter: 2  value: 31351.83 mgc: 1.098262e-07 ustep: 1 
iter: 3  mgc: 6.661338e-15 
iter: 1  mgc: 6.661338e-15 
outer mgc:  0.004574945 
iter: 1  mgc: 6.661338e-15 
iter: 1  mgc: 6.661338e-15 
outer mgc:  0.004574945 
iter: 1  value: 31351.82 mgc: 0.002355662 ustep: 1 
iter: 2  value: 31351.82 mgc: 7.504285e-08 ustep: 1 
iter: 3  mgc: 4.440892e-15 
outer mgc:  0.1307219 
iter: 1  value: 31351.83 mgc: 0.002353588 ustep: 1 
iter: 2  value: 31351.83 mgc: 7.487142e-08 ustep: 1 
iter: 3  mgc: 4.884981e-15 
outer mgc:  0.1333931 
iter: 1  value: 31351.83 mgc: 0.001489223 ustep: 1 
iter: 2  value: 31351.83 mgc: 2.869337e-08 ustep: 1 
iter: 3  mgc: 3.996803e-15 
outer mgc:  0.07857507 
iter: 1  value: 31351.83 mgc: 0.001488039 ustep: 1 
iter: 2  value: 31351.83 mgc: 2.863267e-08 ustep: 1 
iter: 3  mgc: 3.996803e-15 
outer mgc:  0.07845958 
iter: 1  value: 31351.82 mgc: 0.003307226 ustep: 1 
iter: 2  value: 31351.82 mgc: 1.912383e-07 ustep: 1 
iter: 3  mgc: 3.552714e-15 
outer mgc:  0.162116 
iter: 1  value: 31351.83 mgc: 0.003304491 ustep: 1 
iter: 2  value: 31351.83 mgc: 1.909506e-07 ustep: 1 
iter: 3  mgc: 5.329071e-15 
outer mgc:  0.1591105 
iter: 1  value: 31351.83 mgc: 0.001817953 ustep: 1 
iter: 2  value: 31351.83 mgc: 7.19863e-08 ustep: 1 
iter: 3  mgc: 3.885781e-15 
outer mgc:  0.08562466 
iter: 1  value: 31351.83 mgc: 0.001816611 ustep: 1 
iter: 2  value: 31351.83 mgc: 7.191061e-08 ustep: 1 
iter: 3  mgc: 5.329071e-15 
outer mgc:  0.08675308 
iter: 1  value: 31351.83 mgc: 0.005990772 ustep: 1 
iter: 2  value: 31351.83 mgc: 7.136093e-07 ustep: 1 
iter: 3  mgc: 1.532108e-14 
outer mgc:  0.1901752 
iter: 1  value: 31351.83 mgc: 0.005987384 ustep: 1 
iter: 2  value: 31351.83 mgc: 7.149325e-07 ustep: 1 
iter: 3  mgc: 1.598721e-14 
outer mgc:  0.184202 
iter: 1  value: 31351.83 mgc: 0.003205716 ustep: 1 
iter: 2  value: 31351.83 mgc: 2.910317e-07 ustep: 1 
iter: 3  mgc: 6.217249e-15 
outer mgc:  0.1501347 
iter: 1  value: 31351.83 mgc: 0.003204713 ustep: 1 
iter: 2  value: 31351.83 mgc: 2.912154e-07 ustep: 1 
iter: 3  mgc: 5.884182e-15 
outer mgc:  0.1523909 
iter: 1  value: 31351.84 mgc: 0.005434424 ustep: 1 
iter: 2  value: 31351.84 mgc: 1.03224e-07 ustep: 1 
iter: 3  mgc: 4.218847e-15 
outer mgc:  0.3139378 
iter: 1  value: 31351.82 mgc: 0.005431088 ustep: 1 
iter: 2  value: 31351.82 mgc: 1.033291e-07 ustep: 1 
iter: 3  mgc: 4.440892e-15 
outer mgc:  0.3046122 
iter: 1  value: 31351.83 mgc: 0.003308825 ustep: 1 
iter: 2  value: 31351.83 mgc: 4.145619e-08 ustep: 1 
iter: 3  mgc: 4.884981e-15 
outer mgc:  0.1878427 
iter: 1  value: 31351.82 mgc: 0.003307417 ustep: 1 
iter: 2  value: 31351.82 mgc: 4.136003e-08 ustep: 1 
iter: 3  mgc: 4.884981e-15 
outer mgc:  0.1870911 
iter: 1  value: 31351.83 mgc: 0.003415518 ustep: 1 
iter: 2  value: 31351.83 mgc: 4.246543e-08 ustep: 1 
iter: 3  mgc: 5.662137e-15 
outer mgc:  0.1798247 
iter: 1  value: 31351.83 mgc: 0.00341291 ustep: 1 
iter: 2  value: 31351.83 mgc: 4.238764e-08 ustep: 1 
iter: 3  mgc: 4.884981e-15 
outer mgc:  0.185298 
iter: 1  value: 31351.83 mgc: 0.001934479 ustep: 1 
iter: 2  value: 31351.83 mgc: 1.417361e-08 ustep: 1 
mgc: 5.329071e-15 
outer mgc:  0.09430845 
iter: 1  value: 31351.83 mgc: 0.001933052 ustep: 1 
iter: 2  value: 31351.83 mgc: 1.415179e-08 ustep: 1 
mgc: 5.329071e-15 
outer mgc:  0.09198444 
iter: 1  value: 31351.82 mgc: 0.004082926 ustep: 1 
iter: 2  value: 31351.82 mgc: 2.577264e-07 ustep: 1 
iter: 3  mgc: 6.661338e-15 
outer mgc:  0.199424 
iter: 1  value: 31351.83 mgc: 0.004079499 ustep: 1 
iter: 2  value: 31351.83 mgc: 2.574775e-07 ustep: 1 
iter: 3  mgc: 3.552714e-15 
outer mgc:  0.2008976 
iter: 1  value: 31351.83 mgc: 0.002535473 ustep: 1 
iter: 2  value: 31351.83 mgc: 1.2342e-07 ustep: 1 
iter: 3  mgc: 4.884981e-15 
outer mgc:  0.1237853 
iter: 1  value: 31351.83 mgc: 0.002533811 ustep: 1 
iter: 2  value: 31351.83 mgc: 1.233404e-07 ustep: 1 
iter: 3  mgc: 6.661338e-15 
outer mgc:  0.117949 
iter: 1  value: 31351.87 mgc: 0.002754063 ustep: 1 
iter: 2  value: 31351.87 mgc: 8.773293e-08 ustep: 1 
iter: 3  mgc: 3.996803e-15 
outer mgc:  0.005138929 
iter: 1  value: 31351.79 mgc: 0.002756818 ustep: 1 
iter: 2  value: 31351.79 mgc: 8.753986e-08 ustep: 1 
iter: 3  mgc: 3.663736e-15 
outer mgc:  0.005285282 
iter: 1  value: 31351.86 mgc: 0.004096093 ustep: 1 
iter: 2  value: 31351.86 mgc: 5.100731e-07 ustep: 1 
iter: 3  mgc: 9.769963e-15 
outer mgc:  0.01085453 
iter: 1  value: 31351.79 mgc: 0.004100191 ustep: 1 
iter: 2  value: 31351.79 mgc: 5.091388e-07 ustep: 1 
iter: 3  mgc: 7.993606e-15 
outer mgc:  0.009462389 
iter: 1  value: 31351.85 mgc: 0.0032759 ustep: 1 
iter: 2  value: 31351.85 mgc: 2.593973e-07 ustep: 1 
iter: 3  mgc: 4.440892e-15 
outer mgc:  0.01857235 
iter: 1  value: 31351.81 mgc: 0.003279177 ustep: 1 
iter: 2  value: 31351.81 mgc: 2.594306e-07 ustep: 1 
iter: 3  mgc: 4.884981e-15 
outer mgc:  0.01719145 
iter: 1  value: 31351.87 mgc: 0.006096845 ustep: 1 
iter: 2  value: 31351.87 mgc: 1.084847e-07 ustep: 1 
mgc: 5.329071e-15 
outer mgc:  0.00657986 
iter: 1  value: 31351.78 mgc: 0.006102945 ustep: 1 
iter: 2  value: 31351.78 mgc: 1.083013e-07 ustep: 1 
mgc: 3.552714e-15 
outer mgc:  0.00518635 
iter: 1  value: 31351.87 mgc: 0.003328174 ustep: 1 
iter: 2  value: 31351.87 mgc: 1.891519e-08 ustep: 1 
mgc: 4.662937e-15 
outer mgc:  0.004360725 
iter: 1  value: 31351.78 mgc: 0.003331504 ustep: 1 
iter: 2  value: 31351.78 mgc: 1.888684e-08 ustep: 1 
mgc: 3.552714e-15 
outer mgc:  0.004788836 
iter: 1  value: 31351.86 mgc: 0.004614709 ustep: 1 
iter: 2  value: 31351.86 mgc: 4.876635e-07 ustep: 1 
iter: 3  mgc: 6.439294e-15 
outer mgc:  0.01192002 
iter: 1  value: 31351.79 mgc: 0.004619326 ustep: 1 
iter: 2  value: 31351.79 mgc: 4.871127e-07 ustep: 1 
iter: 3  mgc: 6.217249e-15 
outer mgc:  0.01052848 
iter: 1  value: 31351.79 mgc: 0.00612141 ustep: 1 
iter: 2  value: 31351.79 mgc: 5.171253e-07 ustep: 1 
iter: 3  mgc: 7.105427e-15 
outer mgc:  0.4083303 
iter: 1  value: 31351.87 mgc: 0.006117194 ustep: 1 
iter: 2  value: 31351.87 mgc: 5.159169e-07 ustep: 1 
iter: 3  mgc: 7.993606e-15 
outer mgc:  0.4096846 
[Sat Aug 14 20:37:15 2021]
Finished job 0.
1 of 1 steps (100%) done
