Building DAG of jobs...
Using shell: /usr/bin/bash
Provided cores: 40
Rules claiming more threads will be scaled down.
Job counts:
	count	jobs
	1	inference_simulation_TMB_multiple
	1
Select jobs to execute...

[Sun Aug 15 15:41:37 2021]
rule inference_simulation_TMB_multiple:
    input: ../data/assessing_models_simulation/datasets/multiple_GenerationCnorm_50_100_10_4_0.2_NA_NA_NA_dataset0.RDS
    output: ../data/assessing_models_simulation/inference_results/TMB/nlminb/multiple_GenerationCnorm_50_100_10_4_0.2_diagREDMsinglelambda_NA_NA_NA_dataset0.RDS
    log: logs/inference/nlminb/simulation_GenerationCnorm_50_100_10_4_0.2_ModeldiagREDMsinglelambda_NA_NA_NA_dataset0.log
    jobid: 0
    wildcards: optimiser=nlminb, datasetgeneration=GenerationCnorm, n=50, nlambda=100, lmbda=10, d=4, beta_intensity=0.2, model=diagREDMsinglelambda, fixed_beta_intercept=NA, fixed_beta_slope=NA, sdRE_input=NA, itnum=0

Rscript 2_inference_TMB/run_TMB.R --input ../data/assessing_models_simulation/datasets/multiple_GenerationCnorm_50_100_10_4_0.2_NA_NA_NA_dataset0.RDS --output ../data/assessing_models_simulation/inference_results/TMB/nlminb/multiple_GenerationCnorm_50_100_10_4_0.2_diagREDMsinglelambda_NA_NA_NA_dataset0.RDS --model diagREDMsinglelambda --optimiser nlminb
Model: diagREDMsinglelambda 
Feature type: signatures 
Using nlminb: TRUE 
Simulation boolean: TRUE 
make: Nothing to be done for 'all'.
../data/assessing_models_simulation/datasets/multiple_GenerationCnorm_50_100_10_4_0.2_NA_NA_NA_dataset0.RDS[1] "../data/assessing_models_simulation/datasets/multiple_GenerationCnorm_50_100_10_4_0.2_NA_NA_NA_dataset0.RDS"
Reading file ../data/assessing_models_simulation/datasets/multiple_GenerationCnorm_50_100_10_4_0.2_NA_NA_NA_dataset0.RDS 
Loading required package: nnet
# weights:  12 (6 variable)
initial  value 13887.896910 
iter  10 value 12058.611340
final  value 12028.008101 
converged
Constructing atomic invpd
Constructing atomic D_lgamma
Constructing atomic invpd
Constructing atomic D_lgamma
Constructing atomic matmul
Constructing atomic invpd
Constructing atomic D_lgamma
Constructing atomic matmul
Optimizing tape... Done
iter: 1  value: 11336.37 mgc: 4.545934 ustep: 1 
iter: 2  value: 11318.53 mgc: 5.242647 ustep: 1 
iter: 3  value: 11316.23 mgc: 3.123965 ustep: 0.6827823 
iter: 4  value: 11314.42 mgc: 3.239962 ustep: 0.8263238 
iter: 5  value: 11314.4 mgc: 0.2856896 ustep: 0.9090326 
iter: 6  value: 11314.4 mgc: 0.01282947 ustep: 0.9534367 
iter: 7  value: 11314.4 mgc: 0.0003339483 ustep: 0.9764432 
iter: 8  value: 11314.4 mgc: 4.948172e-06 ustep: 0.9881526 
iter: 9  value: 11314.4 mgc: 4.485469e-08 ustep: 0.9940592 
iter: 10  mgc: 2.838337e-10 
iter: 1  mgc: 2.838337e-10 
Matching hessian patterns... Done
outer mgc:  82.46699 
iter: 1  value: 11214.43 mgc: 2.094122 ustep: 1 
iter: 2  value: 11214.38 mgc: 0.1852538 ustep: 1 
iter: 3  value: 11214.38 mgc: 0.004373492 ustep: 1 
iter: 4  value: 11214.38 mgc: 2.902998e-06 ustep: 1 
iter: 5  mgc: 1.241424e-12 
iter: 1  value: 11148.98 mgc: 2.072265 ustep: 1 
iter: 2  value: 11148.91 mgc: 0.2787675 ustep: 1 
iter: 3  value: 11148.91 mgc: 0.009789663 ustep: 1 
iter: 4  value: 11148.91 mgc: 1.402759e-05 ustep: 1 
iter: 5  mgc: 3.559936e-11 
iter: 1  mgc: 3.559936e-11 
outer mgc:  59.54043 
iter: 1  value: 11169.95 mgc: 3.737487 ustep: 1 
iter: 2  value: 11163.83 mgc: 1.555591 ustep: 1 
iter: 3  value: 11163.8 mgc: 0.1164089 ustep: 1 
iter: 4  value: 11163.8 mgc: 0.001332057 ustep: 1 
iter: 5  value: 11163.8 mgc: 2.203856e-07 ustep: 1 
iter: 6  mgc: 5.315193e-15 
iter: 1  mgc: 5.315193e-15 
outer mgc:  62.88334 
iter: 1  value: 11213.93 mgc: 11.26968 ustep: 0.6827823 
iter: 2  value: 11082.99 mgc: 17.0037 ustep: 0.8263238 
iter: 3  value: 11053.2 mgc: 13.93052 ustep: 0.1301851 
iter: 4  value: 11045.37 mgc: 9.61369 ustep: 0.3608756 
iter: 5  value: 11044.25 mgc: 4.029513 ustep: 0.6007692 
iter: 6  value: 11044.23 mgc: 0.3181712 ustep: 0.7751155 
iter: 7  value: 11044.23 mgc: 0.01455371 ustep: 0.8804184 
iter: 8  value: 11044.23 mgc: 0.000512697 ustep: 0.9383123 
iter: 9  value: 11044.23 mgc: 1.355132e-05 ustep: 0.9686683 
iter: 10  value: 11044.23 mgc: 1.768159e-07 ustep: 0.9842111 
iter: 11  mgc: 1.146597e-09 
iter: 1  mgc: 1.146597e-09 
outer mgc:  30.90396 
iter: 1  value: 11113.04 mgc: 4.462257 ustep: 1 
iter: 2  value: 11109.47 mgc: 1.626017 ustep: 1 
iter: 3  value: 11109.46 mgc: 0.1152019 ustep: 1 
iter: 4  value: 11109.46 mgc: 0.0008451512 ustep: 1 
iter: 5  value: 11109.46 mgc: 5.627517e-08 ustep: 1 
iter: 6  mgc: 3.885781e-15 
iter: 1  value: 11045.92 mgc: 2.35864 ustep: 1 
iter: 2  value: 11045.47 mgc: 0.5430599 ustep: 1 
iter: 3  value: 11045.47 mgc: 0.02113659 ustep: 1 
iter: 4  value: 11045.47 mgc: 3.967528e-05 ustep: 1 
iter: 5  mgc: 1.414113e-10 
iter: 1  mgc: 1.414113e-10 
outer mgc:  16.95054 
iter: 1  value: 11028.87 mgc: 4.673722 ustep: 1 
iter: 2  value: 11027.63 mgc: 0.9994181 ustep: 1 
iter: 3  value: 11027.63 mgc: 0.02391983 ustep: 1 
iter: 4  value: 11027.63 mgc: 2.126836e-05 ustep: 1 
iter: 5  mgc: 1.12142e-11 
iter: 1  mgc: 1.12142e-11 
outer mgc:  32.26265 
iter: 1  value: 11009.12 mgc: 3.635105 ustep: 1 
iter: 2  value: 11008.56 mgc: 0.6930025 ustep: 1 
iter: 3  value: 11008.56 mgc: 0.02278468 ustep: 1 
iter: 4  value: 11008.56 mgc: 3.638724e-05 ustep: 1 
iter: 5  mgc: 1.039411e-10 
iter: 1  mgc: 1.039411e-10 
outer mgc:  17.43117 
iter: 1  value: 11002.26 mgc: 3.690785 ustep: 1 
iter: 2  value: 11002.04 mgc: 0.5165653 ustep: 1 
iter: 3  value: 11002.04 mgc: 0.004879432 ustep: 1 
iter: 4  value: 11002.04 mgc: 8.836235e-07 ustep: 1 
iter: 5  mgc: 4.590772e-14 
iter: 1  mgc: 4.590772e-14 
outer mgc:  20.71845 
iter: 1  value: 10994.51 mgc: 2.009167 ustep: 1 
iter: 2  value: 10994.4 mgc: 0.2648126 ustep: 1 
iter: 3  value: 10994.4 mgc: 0.003503321 ustep: 1 
iter: 4  value: 10994.4 mgc: 7.027131e-07 ustep: 1 
iter: 5  mgc: 2.803313e-14 
iter: 1  mgc: 2.803313e-14 
outer mgc:  7.222372 
iter: 1  value: 10984.31 mgc: 2.254018 ustep: 1 
iter: 2  value: 10984.31 mgc: 0.06880858 ustep: 1 
iter: 3  value: 10984.31 mgc: 7.1095e-05 ustep: 1 
iter: 4  mgc: 1.902586e-10 
iter: 1  value: 10988.67 mgc: 0.8236868 ustep: 1 
iter: 2  value: 10988.67 mgc: 0.009599507 ustep: 1 
iter: 3  value: 10988.67 mgc: 2.241886e-06 ustep: 1 
iter: 4  mgc: 2.008393e-13 
iter: 1  mgc: 2.008393e-13 
outer mgc:  5.114931 
iter: 1  value: 10986.84 mgc: 1.058907 ustep: 1 
iter: 2  value: 10986.84 mgc: 0.0221748 ustep: 1 
iter: 3  value: 10986.84 mgc: 1.353729e-05 ustep: 1 
iter: 4  mgc: 7.189471e-12 
iter: 1  mgc: 7.189471e-12 
outer mgc:  7.400917 
iter: 1  value: 10982.99 mgc: 0.932978 ustep: 1 
iter: 2  value: 10982.99 mgc: 0.01556075 ustep: 1 
iter: 3  value: 10982.99 mgc: 9.689406e-06 ustep: 1 
iter: 4  mgc: 4.304113e-12 
iter: 1  mgc: 4.304113e-12 
outer mgc:  4.550774 
iter: 1  value: 10975.14 mgc: 1.047981 ustep: 1 
iter: 2  value: 10975.14 mgc: 0.02139208 ustep: 1 
iter: 3  value: 10975.14 mgc: 1.436059e-05 ustep: 1 
iter: 4  mgc: 6.020739e-12 
iter: 1  mgc: 6.020739e-12 
outer mgc:  5.836109 
iter: 1  value: 10965.84 mgc: 2.148605 ustep: 1 
iter: 2  value: 10965.84 mgc: 0.05195256 ustep: 1 
iter: 3  value: 10965.84 mgc: 4.421229e-05 ustep: 1 
iter: 4  mgc: 4.821521e-11 
iter: 1  value: 10970.04 mgc: 1.001953 ustep: 1 
iter: 2  value: 10970.04 mgc: 0.01371556 ustep: 1 
iter: 3  value: 10970.04 mgc: 4.785658e-06 ustep: 1 
iter: 4  mgc: 6.872281e-13 
iter: 1  mgc: 6.872281e-13 
outer mgc:  4.812349 
iter: 1  value: 10964.95 mgc: 0.5773754 ustep: 1 
iter: 2  value: 10964.95 mgc: 0.004872935 ustep: 1 
iter: 3  value: 10964.95 mgc: 4.101134e-07 ustep: 1 
iter: 4  mgc: 6.77236e-15 
iter: 1  mgc: 6.77236e-15 
outer mgc:  3.126738 
iter: 1  value: 10962.56 mgc: 0.9451779 ustep: 1 
iter: 2  value: 10962.56 mgc: 0.008889249 ustep: 1 
iter: 3  value: 10962.56 mgc: 1.797904e-06 ustep: 1 
iter: 4  mgc: 7.81597e-14 
iter: 1  mgc: 7.81597e-14 
outer mgc:  6.983808 
iter: 1  value: 10955.95 mgc: 0.6605071 ustep: 1 
iter: 2  value: 10955.95 mgc: 0.01246531 ustep: 1 
iter: 3  value: 10955.95 mgc: 5.010812e-06 ustep: 1 
iter: 4  mgc: 8.002488e-13 
iter: 1  mgc: 8.002488e-13 
outer mgc:  7.145072 
iter: 1  value: 10953.64 mgc: 0.638718 ustep: 1 
iter: 2  value: 10953.64 mgc: 0.007187029 ustep: 1 
iter: 3  value: 10953.64 mgc: 1.056471e-06 ustep: 1 
iter: 4  mgc: 2.065015e-14 
iter: 1  mgc: 2.065015e-14 
outer mgc:  4.272045 
iter: 1  value: 10949.31 mgc: 0.4172956 ustep: 1 
iter: 2  value: 10949.31 mgc: 0.003497141 ustep: 1 
iter: 3  value: 10949.31 mgc: 3.330915e-07 ustep: 1 
iter: 4  mgc: 6.661338e-15 
iter: 1  mgc: 6.661338e-15 
outer mgc:  5.342972 
iter: 1  value: 10942.65 mgc: 0.644543 ustep: 1 
iter: 2  value: 10942.65 mgc: 0.004343376 ustep: 1 
iter: 3  value: 10942.65 mgc: 1.933672e-07 ustep: 1 
iter: 4  mgc: 7.993606e-15 
iter: 1  mgc: 7.993606e-15 
outer mgc:  4.932275 
iter: 1  value: 10938.09 mgc: 0.9408833 ustep: 1 
iter: 2  value: 10938.09 mgc: 0.007079223 ustep: 1 
iter: 3  value: 10938.09 mgc: 5.152563e-07 ustep: 1 
iter: 4  mgc: 6.133982e-15 
iter: 1  mgc: 6.133982e-15 
outer mgc:  7.893388 
iter: 1  value: 10935.91 mgc: 0.5435504 ustep: 1 
iter: 2  value: 10935.91 mgc: 0.002771629 ustep: 1 
iter: 3  value: 10935.91 mgc: 6.025422e-08 ustep: 1 
iter: 4  mgc: 7.771561e-15 
iter: 1  mgc: 7.771561e-15 
outer mgc:  2.135047 
iter: 1  value: 10932.47 mgc: 0.2216446 ustep: 1 
iter: 2  value: 10932.47 mgc: 0.0002232287 ustep: 1 
iter: 3  mgc: 3.910094e-10 
iter: 1  mgc: 3.910094e-10 
outer mgc:  1.841245 
iter: 1  value: 10929.25 mgc: 0.3997825 ustep: 1 
iter: 2  value: 10929.25 mgc: 0.0005546123 ustep: 1 
iter: 3  mgc: 2.686398e-09 
iter: 1  value: 10919.48 mgc: 1.143531 ustep: 1 
iter: 2  value: 10919.48 mgc: 0.004186805 ustep: 1 
iter: 3  value: 10919.48 mgc: 8.862506e-08 ustep: 1 
iter: 4  mgc: 7.771561e-15 
iter: 1  mgc: 7.771561e-15 
outer mgc:  5.247731 
iter: 1  value: 10905.05 mgc: 1.63715 ustep: 1 
iter: 2  value: 10905.05 mgc: 0.006055199 ustep: 1 
iter: 3  value: 10905.05 mgc: 3.280185e-07 ustep: 1 
iter: 4  mgc: 5.107026e-15 
iter: 1  mgc: 5.107026e-15 
outer mgc:  5.45275 
iter: 1  value: 10892.36 mgc: 1.636003 ustep: 1 
iter: 2  value: 10892.36 mgc: 0.003997405 ustep: 1 
iter: 3  value: 10892.36 mgc: 1.200671e-07 ustep: 1 
iter: 4  mgc: 7.105427e-15 
iter: 1  value: 10899.79 mgc: 0.5774598 ustep: 1 
iter: 2  value: 10899.79 mgc: 0.001551977 ustep: 1 
iter: 3  value: 10899.79 mgc: 1.762928e-08 ustep: 1 
mgc: 7.896461e-15 
iter: 1  mgc: 7.896461e-15 
outer mgc:  2.524342 
iter: 1  value: 10894.17 mgc: 0.7788421 ustep: 1 
iter: 2  value: 10894.17 mgc: 0.0009207759 ustep: 1 
iter: 3  mgc: 2.112307e-09 
iter: 1  mgc: 2.112307e-09 
outer mgc:  4.727304 
iter: 1  value: 10888.82 mgc: 0.6605351 ustep: 1 
iter: 2  value: 10888.82 mgc: 0.0002295462 ustep: 1 
iter: 3  mgc: 2.910818e-10 
iter: 1  mgc: 2.910818e-10 
outer mgc:  1.250198 
iter: 1  value: 10883.57 mgc: 0.6561258 ustep: 1 
iter: 2  value: 10883.57 mgc: 0.0003039091 ustep: 1 
iter: 3  mgc: 6.582859e-10 
iter: 1  mgc: 6.582859e-10 
outer mgc:  1.38161 
iter: 1  value: 10878.08 mgc: 0.6713631 ustep: 1 
iter: 2  value: 10878.08 mgc: 0.0001611792 ustep: 1 
iter: 3  mgc: 2.050529e-10 
iter: 1  value: 10870.37 mgc: 0.9707987 ustep: 1 
iter: 2  value: 10870.37 mgc: 0.0002825112 ustep: 1 
iter: 3  mgc: 5.554139e-10 
iter: 1  mgc: 5.554139e-10 
outer mgc:  1.67603 
iter: 1  value: 10856.42 mgc: 1.74849 ustep: 1 
iter: 2  value: 10856.42 mgc: 0.0005096657 ustep: 1 
iter: 3  mgc: 9.7842e-10 
iter: 1  mgc: 9.7842e-10 
outer mgc:  1.614818 
iter: 1  value: 10844.22 mgc: 1.796034 ustep: 1 
iter: 2  value: 10844.22 mgc: 0.0002817059 ustep: 1 
iter: 3  mgc: 3.39803e-10 
iter: 1  mgc: 3.39803e-10 
outer mgc:  0.4757008 
iter: 1  value: 10831.73 mgc: 1.872054 ustep: 1 
iter: 2  value: 10831.73 mgc: 0.0001580687 ustep: 1 
iter: 3  mgc: 2.282263e-11 
iter: 1  mgc: 2.282263e-11 
outer mgc:  0.487338 
iter: 1  value: 10820.26 mgc: 1.905013 ustep: 1 
iter: 2  value: 10820.26 mgc: 2.308522e-05 ustep: 1 
iter: 3  mgc: 3.78364e-13 
iter: 1  mgc: 3.78364e-13 
outer mgc:  0.3984256 
iter: 1  value: 10809.27 mgc: 1.900794 ustep: 1 
iter: 2  value: 10809.27 mgc: 1.118602e-05 ustep: 1 
iter: 3  mgc: 6.924461e-13 
iter: 1  mgc: 6.924461e-13 
outer mgc:  0.3436026 
iter: 1  value: 10798.93 mgc: 1.891994 ustep: 1 
iter: 2  value: 10798.93 mgc: 3.255046e-05 ustep: 1 
iter: 3  mgc: 4.795719e-12 
iter: 1  mgc: 4.795719e-12 
outer mgc:  0.1286895 
iter: 1  value: 10779.19 mgc: 4.767937 ustep: 1 
iter: 2  value: 10779.19 mgc: 0.0002840213 ustep: 1 
iter: 3  mgc: 5.200698e-10 
iter: 1  mgc: 5.200698e-10 
outer mgc:  0.09584495 
iter: 1  value: 10766.92 mgc: 2.396327 ustep: 1 
iter: 2  value: 10766.92 mgc: 8.09867e-05 ustep: 1 
iter: 3  mgc: 4.690648e-11 
iter: 1  mgc: 4.690648e-11 
outer mgc:  0.0793567 
iter: 1  value: 10758.65 mgc: 1.34628 ustep: 1 
iter: 2  value: 10758.65 mgc: 3.642581e-06 ustep: 1 
iter: 3  mgc: 5.373479e-14 
iter: 1  mgc: 5.373479e-14 
outer mgc:  0.0294149 
iter: 1  value: 10750.08 mgc: 1.352611 ustep: 1 
iter: 2  value: 10750.08 mgc: 6.019889e-07 ustep: 1 
iter: 3  mgc: 7.993606e-15 
iter: 1  mgc: 7.993606e-15 
outer mgc:  0.04167398 
iter: 1  value: 10728.25 mgc: 4.516731 ustep: 1 
iter: 2  value: 10728.25 mgc: 1.426766e-05 ustep: 1 
iter: 3  mgc: 1.389555e-12 
iter: 1  mgc: 1.389555e-12 
outer mgc:  0.02125399 
iter: 1  value: 10712.91 mgc: 2.787973 ustep: 1 
iter: 2  value: 10712.91 mgc: 2.612594e-06 ustep: 1 
iter: 3  mgc: 4.618528e-14 
iter: 1  mgc: 4.618528e-14 
outer mgc:  0.002825473 
iter: 1  value: 10697.71 mgc: 2.78588 ustep: 1 
iter: 2  value: 10697.71 mgc: 2.320493e-07 ustep: 1 
iter: 3  mgc: 5.800915e-15 
iter: 1  mgc: 5.800915e-15 
outer mgc:  0.009815323 
iter: 1  value: 10682.61 mgc: 2.784835 ustep: 1 
iter: 2  value: 10682.61 mgc: 3.658465e-08 ustep: 1 
mgc: 5.800915e-15 
iter: 1  mgc: 5.800915e-15 
outer mgc:  0.007893887 
iter: 1  value: 10664.31 mgc: 3.628523 ustep: 1 
iter: 2  value: 10664.31 mgc: 2.126811e-07 ustep: 1 
iter: 3  mgc: 6.661338e-15 
iter: 1  mgc: 6.661338e-15 
outer mgc:  0.002024602 
iter: 1  value: 10647.88 mgc: 3.122844 ustep: 1 
iter: 2  value: 10647.88 mgc: 6.576057e-08 ustep: 1 
iter: 3  mgc: 5.967449e-15 
iter: 1  mgc: 5.967449e-15 
outer mgc:  0.001264653 
iter: 1  value: 10631.41 mgc: 3.123301 ustep: 1 
iter: 2  mgc: 2.211165e-09 
iter: 1  mgc: 2.211165e-09 
outer mgc:  0.001893697 
iter: 1  value: 10614.93 mgc: 3.123456 ustep: 1 
iter: 2  mgc: 4.185623e-09 
iter: 1  mgc: 4.185623e-09 
outer mgc:  0.001101492 
iter: 1  value: 10598.45 mgc: 3.123407 ustep: 1 
iter: 2  mgc: 5.654026e-09 
iter: 1  mgc: 5.654026e-09 
outer mgc:  0.0001663609 
iter: 1  value: 10581.97 mgc: 3.123303 ustep: 1 
iter: 2  mgc: 1.48442e-09 
iter: 1  mgc: 1.48442e-09 
outer mgc:  0.0003120375 
iter: 1  mgc: 1.48442e-09 
iter: 1  mgc: 1.48442e-09 
outer mgc:  0.0003120375 
iter: 1  value: 10581.97 mgc: 0.006578723 ustep: 1 
iter: 2  value: 10581.97 mgc: 1.097217e-07 ustep: 1 
iter: 3  mgc: 6.106227e-15 
outer mgc:  0.1536967 
iter: 1  value: 10581.97 mgc: 0.006578753 ustep: 1 
iter: 2  value: 10581.97 mgc: 1.102646e-07 ustep: 1 
iter: 3  mgc: 6.161738e-15 
outer mgc:  0.1535864 
iter: 1  value: 10581.97 mgc: 0.003459996 ustep: 1 
iter: 2  value: 10581.97 mgc: 2.669474e-08 ustep: 1 
mgc: 5.52336e-15 
outer mgc:  0.1101086 
iter: 1  value: 10581.97 mgc: 0.003460137 ustep: 1 
iter: 2  value: 10581.97 mgc: 2.685122e-08 ustep: 1 
mgc: 7.632783e-15 
outer mgc:  0.1101445 
iter: 1  value: 10581.97 mgc: 0.005154449 ustep: 1 
iter: 2  value: 10581.97 mgc: 3.841497e-08 ustep: 1 
mgc: 4.884981e-15 
outer mgc:  0.1558483 
iter: 1  value: 10581.97 mgc: 0.005151114 ustep: 1 
iter: 2  value: 10581.97 mgc: 3.837986e-08 ustep: 1 
mgc: 8.881784e-15 
outer mgc:  0.1551112 
iter: 1  value: 10581.97 mgc: 0.003411237 ustep: 1 
iter: 2  value: 10581.97 mgc: 1.119171e-08 ustep: 1 
mgc: 6.231127e-15 
outer mgc:  0.09657413 
iter: 1  value: 10581.97 mgc: 0.003409845 ustep: 1 
iter: 2  value: 10581.97 mgc: 1.118179e-08 ustep: 1 
mgc: 5.911938e-15 
outer mgc:  0.09642301 
iter: 1  value: 10581.97 mgc: 0.00408489 ustep: 1 
iter: 2  value: 10581.97 mgc: 8.879074e-08 ustep: 1 
iter: 3  mgc: 5.634382e-15 
outer mgc:  0.1147989 
iter: 1  value: 10581.98 mgc: 0.004082125 ustep: 1 
iter: 2  value: 10581.98 mgc: 8.869689e-08 ustep: 1 
iter: 3  mgc: 7.46625e-15 
outer mgc:  0.1149583 
iter: 1  value: 10581.97 mgc: 0.001766775 ustep: 1 
iter: 2  value: 10581.97 mgc: 1.699907e-08 ustep: 1 
mgc: 5.89806e-15 
outer mgc:  0.04939308 
iter: 1  value: 10581.97 mgc: 0.001765431 ustep: 1 
iter: 2  value: 10581.97 mgc: 1.697274e-08 ustep: 1 
mgc: 6.883383e-15 
outer mgc:  0.04929416 
iter: 1  value: 10581.99 mgc: 0.004172453 ustep: 1 
iter: 2  value: 10581.99 mgc: 3.817474e-08 ustep: 1 
mgc: 6.439294e-15 
outer mgc:  0.007234625 
iter: 1  value: 10581.96 mgc: 0.004176627 ustep: 1 
iter: 2  value: 10581.96 mgc: 3.811581e-08 ustep: 1 
mgc: 9.325873e-15 
outer mgc:  0.006896217 
iter: 1  value: 10582 mgc: 0.003347393 ustep: 1 
mgc: 6.883383e-15 
outer mgc:  0.000312039 
iter: 1  value: 10581.95 mgc: 0.003350742 ustep: 1 
mgc: 6.803585e-15 
outer mgc:  0.0003120361 
iter: 1  value: 10582 mgc: 0.003197568 ustep: 1 
iter: 2  value: 10582 mgc: 2.366341e-08 ustep: 1 
mgc: 7.105427e-15 
outer mgc:  0.002514216 
iter: 1  value: 10581.95 mgc: 0.003200765 ustep: 1 
iter: 2  value: 10581.95 mgc: 2.362297e-08 ustep: 1 
mgc: 7.105427e-15 
outer mgc:  0.002171618 
iter: 1  value: 10581.96 mgc: 0.004436379 ustep: 1 
iter: 2  value: 10581.96 mgc: 4.076829e-08 ustep: 1 
mgc: 5.551115e-15 
outer mgc:  0.1073408 
iter: 1  value: 10581.98 mgc: 0.004434024 ustep: 1 
iter: 2  value: 10581.98 mgc: 4.070914e-08 ustep: 1 
mgc: 6.855627e-15 
outer mgc:  0.1076628 
Warning message:
package ‘nnet’ was built under R version 3.6.3 
[Sun Aug 15 15:41:40 2021]
Finished job 0.
1 of 1 steps (100%) done
