Building DAG of jobs...
Using shell: /usr/bin/bash
Provided cores: 80
Rules claiming more threads will be scaled down.
Job counts:
	count	jobs
	1	inference_simulation_TMB_multiple
	1
Select jobs to execute...

[Sun Aug 15 15:35:04 2021]
rule inference_simulation_TMB_multiple:
    input: ../data/assessing_models_simulation/datasets/multiple_GenerationCnorm_10_100_10_3_0.6_NA_NA_NA_dataset1.RDS
    output: ../data/assessing_models_simulation/inference_results/TMB/nlminb/multiple_GenerationCnorm_10_100_10_3_0.6_diagREDMsinglelambda_NA_NA_NA_dataset1.RDS
    log: logs/inference/nlminb/simulation_GenerationCnorm_10_100_10_3_0.6_ModeldiagREDMsinglelambda_NA_NA_NA_dataset1.log
    jobid: 0
    wildcards: optimiser=nlminb, datasetgeneration=GenerationCnorm, n=10, nlambda=100, lmbda=10, d=3, beta_intensity=0.6, model=diagREDMsinglelambda, fixed_beta_intercept=NA, fixed_beta_slope=NA, sdRE_input=NA, itnum=1

Rscript 2_inference_TMB/run_TMB.R --input ../data/assessing_models_simulation/datasets/multiple_GenerationCnorm_10_100_10_3_0.6_NA_NA_NA_dataset1.RDS --output ../data/assessing_models_simulation/inference_results/TMB/nlminb/multiple_GenerationCnorm_10_100_10_3_0.6_diagREDMsinglelambda_NA_NA_NA_dataset1.RDS --model diagREDMsinglelambda --optimiser nlminb
Model: diagREDMsinglelambda 
Feature type: signatures 
Using nlminb: TRUE 
Simulation boolean: TRUE 
make: Nothing to be done for 'all'.
../data/assessing_models_simulation/datasets/multiple_GenerationCnorm_10_100_10_3_0.6_NA_NA_NA_dataset1.RDS[1] "../data/assessing_models_simulation/datasets/multiple_GenerationCnorm_10_100_10_3_0.6_NA_NA_NA_dataset1.RDS"
Reading file ../data/assessing_models_simulation/datasets/multiple_GenerationCnorm_10_100_10_3_0.6_NA_NA_NA_dataset1.RDS 
Loading required package: nnet
# weights:  9 (4 variable)
initial  value 2259.845478 
iter  10 value 1632.400300
iter  10 value 1632.400299
final  value 1632.400299 
converged
Constructing atomic invpd
Constructing atomic D_lgamma
Constructing atomic invpd
Constructing atomic D_lgamma
Constructing atomic matmul
Constructing atomic invpd
Constructing atomic D_lgamma
Constructing atomic matmul
Optimizing tape... Done
iter: 1  value: 1596.085 mgc: 3.048993 ustep: 0.6827823 
iter: 2  value: 1578.287 mgc: 4.653582 ustep: 0.8263238 
iter: 3  value: 1573.955 mgc: 2.98014 ustep: 0.6983222 
iter: 4  value: 1571.718 mgc: 2.784437 ustep: 0.8356732 
iter: 5  value: 1571.646 mgc: 0.6207792 ustep: 0.9141602 
iter: 6  value: 1571.646 mgc: 0.009375579 ustep: 0.9561216 
iter: 7  value: 1571.646 mgc: 0.0001846868 ustep: 0.9778169 
iter: 8  value: 1571.646 mgc: 3.036859e-06 ustep: 0.9888474 
iter: 9  value: 1571.646 mgc: 2.763828e-08 ustep: 0.9944086 
iter: 10  mgc: 1.320584e-10 
iter: 1  mgc: 1.320584e-10 
Matching hessian patterns... Done
outer mgc:  8.427909 
iter: 1  value: 1557.463 mgc: 1.383292 ustep: 1 
iter: 2  value: 1557.452 mgc: 0.1036199 ustep: 1 
iter: 3  value: 1557.452 mgc: 0.001306082 ustep: 1 
iter: 4  value: 1557.452 mgc: 1.40172e-07 ustep: 1 
iter: 5  mgc: 2.553513e-15 
iter: 1  value: 1562.89 mgc: 6.989421 ustep: 0.8994163 
iter: 2  value: 1546.614 mgc: 7.70944 ustep: 0.9483808 
iter: 3  value: 1545.13 mgc: 4.352247 ustep: 0.973851 
iter: 4  value: 1545.118 mgc: 0.4078609 ustep: 0.9868402 
iter: 5  value: 1545.118 mgc: 0.001865583 ustep: 0.993399 
iter: 6  value: 1545.118 mgc: 1.829501e-06 ustep: 0.9966944 
iter: 7  mgc: 1.276964e-09 
iter: 1  mgc: 1.276964e-09 
outer mgc:  6.787508 
iter: 1  value: 1603.089 mgc: 10.85796 ustep: 0.4367355 
iter: 2  value: 1593.125 mgc: 6.554701 ustep: 0.6608936 
iter: 3  value: 1581.618 mgc: 8.278903 ustep: 0.3423004 
iter: 4  value: 1574.214 mgc: 5.597316 ustep: 0.3558417 
iter: 5  value: 1573.638 mgc: 2.341085 ustep: 0.596565 
iter: 6  value: 1573.63 mgc: 0.2645275 ustep: 0.772399 
iter: 7  value: 1573.63 mgc: 0.01881986 ustep: 0.8788744 
iter: 8  value: 1573.63 mgc: 0.0008193218 ustep: 0.9374893 
iter: 9  value: 1573.63 mgc: 2.189334e-05 ustep: 0.9682435 
iter: 10  value: 1573.63 mgc: 3.20405e-07 ustep: 0.9839952 
iter: 11  mgc: 2.413994e-09 
iter: 1  value: 1541.675 mgc: 2.55564 ustep: 1 
iter: 2  value: 1541.646 mgc: 0.3455717 ustep: 1 
iter: 3  value: 1541.646 mgc: 0.0119845 ustep: 1 
iter: 4  value: 1541.646 mgc: 1.681388e-05 ustep: 1 
iter: 5  mgc: 3.315226e-11 
iter: 1  mgc: 3.315226e-11 
outer mgc:  3.496988 
iter: 1  value: 1537.94 mgc: 2.503443 ustep: 1 
iter: 2  value: 1537.839 mgc: 0.5320649 ustep: 1 
iter: 3  value: 1537.839 mgc: 0.01221074 ustep: 1 
iter: 4  value: 1537.839 mgc: 1.199517e-05 ustep: 1 
iter: 5  mgc: 1.63034e-11 
iter: 1  value: 1530.864 mgc: 5.013235 ustep: 1 
iter: 2  value: 1526.994 mgc: 3.296442 ustep: 1 
iter: 3  value: 1526.982 mgc: 0.1963098 ustep: 1 
iter: 4  value: 1526.982 mgc: 0.001586374 ustep: 1 
iter: 5  value: 1526.982 mgc: 1.09133e-07 ustep: 1 
iter: 6  mgc: 5.995204e-15 
iter: 1  value: 1527.866 mgc: 14.88976 ustep: 1 
iter: 2  value: 1527.852 mgc: 0.6307998 ustep: 1 
iter: 3  value: 1527.852 mgc: 0.001354455 ustep: 1 
iter: 4  mgc: 7.614671e-09 
iter: 1  mgc: 5.995204e-15 
outer mgc:  4.636188 
iter: 1  value: 1569.222 mgc: 93.95793 ustep: 1 
iter: 2  value: 1569.168 mgc: 2.370544 ustep: 1 
iter: 3  value: 1569.168 mgc: 0.01408886 ustep: 1 
iter: 4  value: 1569.168 mgc: 1.402505e-06 ustep: 1 
iter: 5  mgc: 1.421085e-14 
iter: 1  value: 1523.182 mgc: 1.764766 ustep: 1 
iter: 2  value: 1523.178 mgc: 0.1228228 ustep: 1 
iter: 3  value: 1523.178 mgc: 0.000840129 ustep: 1 
iter: 4  value: 1523.178 mgc: 4.147324e-08 ustep: 1 
mgc: 6.883383e-15 
iter: 1  mgc: 6.883383e-15 
outer mgc:  2.708007 
iter: 1  value: 1522.188 mgc: 2.725537 ustep: 1 
iter: 2  value: 1522.115 mgc: 0.4004671 ustep: 1 
iter: 3  value: 1522.115 mgc: 0.005185629 ustep: 1 
iter: 4  value: 1522.115 mgc: 1.126083e-06 ustep: 1 
iter: 5  mgc: 7.727152e-14 
iter: 1  mgc: 7.727152e-14 
outer mgc:  4.854345 
iter: 1  value: 1517.999 mgc: 4.396104 ustep: 1 
iter: 2  value: 1517.995 mgc: 0.08821295 ustep: 1 
iter: 3  value: 1517.995 mgc: 0.0003253847 ustep: 1 
iter: 4  mgc: 3.9214e-09 
iter: 1  mgc: 3.9214e-09 
outer mgc:  1.695377 
iter: 1  value: 1516.327 mgc: 1.904868 ustep: 1 
iter: 2  value: 1516.327 mgc: 0.03278442 ustep: 1 
iter: 3  value: 1516.327 mgc: 2.005588e-05 ustep: 1 
iter: 4  mgc: 1.058024e-11 
iter: 1  mgc: 1.058024e-11 
outer mgc:  3.208859 
iter: 1  value: 1514.845 mgc: 0.5454063 ustep: 1 
iter: 2  value: 1514.845 mgc: 0.00401807 ustep: 1 
iter: 3  value: 1514.845 mgc: 1.359379e-07 ustep: 1 
iter: 4  mgc: 6.661338e-15 
iter: 1  mgc: 6.661338e-15 
outer mgc:  0.7151664 
iter: 1  value: 1513.352 mgc: 0.7653847 ustep: 1 
iter: 2  value: 1513.352 mgc: 0.00572125 ustep: 1 
iter: 3  value: 1513.352 mgc: 5.110688e-07 ustep: 1 
iter: 4  mgc: 6.883383e-15 
iter: 1  mgc: 6.883383e-15 
outer mgc:  3.024753 
iter: 1  value: 1511.364 mgc: 1.840245 ustep: 1 
iter: 2  value: 1511.364 mgc: 0.01960713 ustep: 1 
iter: 3  value: 1511.364 mgc: 3.646293e-06 ustep: 1 
iter: 4  mgc: 2.277067e-13 
iter: 1  mgc: 2.277067e-13 
outer mgc:  0.5239366 
iter: 1  value: 1509.727 mgc: 1.565086 ustep: 1 
iter: 2  value: 1509.727 mgc: 0.009914751 ustep: 1 
iter: 3  value: 1509.727 mgc: 5.966181e-07 ustep: 1 
iter: 4  mgc: 5.218048e-15 
iter: 1  mgc: 5.218048e-15 
outer mgc:  1.02059 
iter: 1  value: 1507.675 mgc: 1.281522 ustep: 1 
iter: 2  value: 1507.675 mgc: 0.005522777 ustep: 1 
iter: 3  value: 1507.675 mgc: 1.713905e-07 ustep: 1 
mgc: 4.218847e-15 
iter: 1  mgc: 4.218847e-15 
outer mgc:  0.5982747 
iter: 1  value: 1505.646 mgc: 1.248476 ustep: 1 
iter: 2  value: 1505.646 mgc: 0.00371463 ustep: 1 
iter: 3  value: 1505.646 mgc: 5.472296e-08 ustep: 1 
mgc: 3.330669e-15 
iter: 1  value: 1502.317 mgc: 2.236094 ustep: 1 
iter: 2  value: 1502.317 mgc: 0.006639077 ustep: 1 
iter: 3  value: 1502.317 mgc: 1.003289e-07 ustep: 1 
mgc: 7.549517e-15 
iter: 1  mgc: 7.549517e-15 
outer mgc:  1.36039 
iter: 1  value: 1496.723 mgc: 3.948644 ustep: 1 
iter: 2  value: 1496.723 mgc: 0.007320412 ustep: 1 
iter: 3  value: 1496.723 mgc: 4.320362e-08 ustep: 1 
mgc: 4.274359e-15 
iter: 1  mgc: 4.274359e-15 
outer mgc:  0.5593712 
iter: 1  value: 1492.796 mgc: 2.69123 ustep: 1 
iter: 2  value: 1492.796 mgc: 0.001707053 ustep: 1 
iter: 3  mgc: 1.140067e-09 
iter: 1  mgc: 1.140067e-09 
outer mgc:  0.2391361 
iter: 1  value: 1488.832 mgc: 2.665872 ustep: 1 
iter: 2  value: 1488.832 mgc: 0.0007843887 ustep: 1 
iter: 3  mgc: 1.105072e-10 
iter: 1  mgc: 1.105072e-10 
outer mgc:  0.2596353 
iter: 1  value: 1484.801 mgc: 2.725868 ustep: 1 
iter: 2  value: 1484.801 mgc: 0.0003754867 ustep: 1 
iter: 3  mgc: 1.150902e-11 
iter: 1  mgc: 1.150902e-11 
outer mgc:  0.09961154 
iter: 1  value: 1477.569 mgc: 5.758874 ustep: 1 
iter: 2  value: 1477.569 mgc: 0.0003993195 ustep: 1 
iter: 3  mgc: 3.077538e-12 
iter: 1  mgc: 3.077538e-12 
outer mgc:  0.07164041 
iter: 1  value: 1471.17 mgc: 4.864075 ustep: 1 
iter: 2  value: 1471.17 mgc: 8.045716e-05 ustep: 1 
iter: 3  mgc: 3.552714e-14 
iter: 1  mgc: 3.552714e-14 
outer mgc:  0.03519031 
iter: 1  value: 1464.754 mgc: 4.866589 ustep: 1 
iter: 2  value: 1464.754 mgc: 2.255637e-05 ustep: 1 
iter: 3  mgc: 5.606626e-15 
iter: 1  mgc: 5.606626e-15 
outer mgc:  0.02008252 
iter: 1  value: 1458.33 mgc: 4.889341 ustep: 1 
iter: 2  value: 1458.33 mgc: 6.365426e-06 ustep: 1 
mgc: 4.440892e-15 
iter: 1  mgc: 4.440892e-15 
outer mgc:  0.01256131 
iter: 1  value: 1451.902 mgc: 4.882862 ustep: 1 
iter: 2  value: 1451.902 mgc: 1.769239e-06 ustep: 1 
mgc: 4.884981e-15 
iter: 1  mgc: 4.884981e-15 
outer mgc:  0.003511064 
iter: 1  value: 1445.471 mgc: 4.890922 ustep: 1 
iter: 2  value: 1445.471 mgc: 4.945364e-07 ustep: 1 
mgc: 3.108624e-15 
iter: 1  mgc: 3.108624e-15 
outer mgc:  0.003061778 
iter: 1  value: 1439.039 mgc: 4.889476 ustep: 1 
iter: 2  value: 1439.039 mgc: 1.376207e-07 ustep: 1 
mgc: 4.884981e-15 
iter: 1  mgc: 4.884981e-15 
outer mgc:  0.0007132536 
iter: 1  value: 1432.606 mgc: 4.891503 ustep: 1 
iter: 2  value: 1432.606 mgc: 3.834405e-08 ustep: 1 
mgc: 4.413137e-15 
iter: 1  mgc: 4.413137e-15 
outer mgc:  0.0007912169 
iter: 1  value: 1426.173 mgc: 4.891302 ustep: 1 
iter: 2  value: 1426.173 mgc: 1.067313e-08 ustep: 1 
mgc: 4.218847e-15 
iter: 1  mgc: 4.218847e-15 
outer mgc:  0.0002123454 
iter: 1  value: 1419.74 mgc: 4.891795 ustep: 1 
iter: 2  mgc: 2.971536e-09 
iter: 1  mgc: 2.971536e-09 
outer mgc:  0.0002117828 
iter: 1  value: 1413.306 mgc: 4.891763 ustep: 1 
iter: 2  mgc: 8.271508e-10 
iter: 1  mgc: 8.271508e-10 
outer mgc:  6.454116e-05 
iter: 1  value: 1406.873 mgc: 4.891889 ustep: 1 
iter: 2  mgc: 2.302594e-10 
iter: 1  mgc: 2.302594e-10 
outer mgc:  5.851647e-05 
iter: 1  value: 1400.44 mgc: 4.891885 ustep: 1 
iter: 2  mgc: 6.409717e-11 
iter: 1  mgc: 6.409717e-11 
outer mgc:  1.872679e-05 
iter: 1  value: 1394.006 mgc: 4.891919 ustep: 1 
iter: 2  mgc: 1.784706e-11 
iter: 1  mgc: 1.784706e-11 
outer mgc:  1.586444e-05 
iter: 1  value: 1387.573 mgc: 4.891919 ustep: 1 
iter: 2  mgc: 4.966694e-12 
iter: 1  mgc: 4.966694e-12 
outer mgc:  5.256724e-06 
iter: 1  value: 1381.139 mgc: 4.891928 ustep: 1 
iter: 2  mgc: 1.38467e-12 
iter: 1  mgc: 1.38467e-12 
outer mgc:  4.331422e-06 
iter: 1  value: 1374.706 mgc: 4.891928 ustep: 1 
iter: 2  mgc: 3.854694e-13 
iter: 1  mgc: 3.854694e-13 
outer mgc:  1.497834e-06 
iter: 1  value: 1368.272 mgc: 4.89193 ustep: 1 
iter: 2  mgc: 1.083578e-13 
iter: 1  mgc: 1.083578e-13 
outer mgc:  1.193857e-06 
iter: 1  value: 1361.839 mgc: 4.89193 ustep: 1 
iter: 2  mgc: 3.197442e-14 
iter: 1  mgc: 3.197442e-14 
outer mgc:  4.242566e-07 
iter: 1  mgc: 3.197442e-14 
iter: 1  mgc: 3.197442e-14 
outer mgc:  4.242566e-07 
iter: 1  value: 1361.839 mgc: 0.00609148 ustep: 1 
mgc: 3.996803e-15 
outer mgc:  0.05283521 
iter: 1  value: 1361.839 mgc: 0.006093994 ustep: 1 
mgc: 6.217249e-15 
outer mgc:  0.05286634 
iter: 1  value: 1361.839 mgc: 0.00353527 ustep: 1 
mgc: 1.154632e-14 
outer mgc:  0.02628043 
iter: 1  value: 1361.839 mgc: 0.003536052 ustep: 1 
mgc: 5.107026e-15 
outer mgc:  0.02629668 
iter: 1  value: 1361.839 mgc: 0.004151033 ustep: 1 
mgc: 9.992007e-15 
outer mgc:  0.02818206 
iter: 1  value: 1361.839 mgc: 0.00414769 ustep: 1 
mgc: 6.217249e-15 
outer mgc:  0.02815053 
iter: 1  value: 1361.839 mgc: 0.002556976 ustep: 1 
mgc: 5.329071e-15 
outer mgc:  0.01532806 
iter: 1  value: 1361.839 mgc: 0.002555256 ustep: 1 
mgc: 4.884981e-15 
outer mgc:  0.01531109 
iter: 1  value: 1361.844 mgc: 0.005480197 ustep: 1 
mgc: 5.551115e-15 
outer mgc:  4.246418e-07 
iter: 1  value: 1361.834 mgc: 0.00548568 ustep: 1 
mgc: 5.995204e-15 
outer mgc:  4.238716e-07 
iter: 1  value: 1361.844 mgc: 0.002061953 ustep: 1 
mgc: 4.884981e-15 
outer mgc:  4.244016e-07 
iter: 1  value: 1361.834 mgc: 0.002064016 ustep: 1 
mgc: 8.437695e-15 
outer mgc:  4.241116e-07 
iter: 1  value: 1361.839 mgc: 0.003641602 ustep: 1 
mgc: 5.77316e-15 
outer mgc:  0.01704741 
iter: 1  value: 1361.839 mgc: 0.003638506 ustep: 1 
mgc: 4.440892e-15 
outer mgc:  0.01704322 
Warning message:
package ‘nnet’ was built under R version 3.6.3 
[Sun Aug 15 15:35:07 2021]
Finished job 0.
1 of 1 steps (100%) done
