Building DAG of jobs...
Using shell: /usr/bin/bash
Provided cores: 80
Rules claiming more threads will be scaled down.
Job counts:
	count	jobs
	1	inference_simulation_TMB_multiple
	1
Select jobs to execute...

[Sun Aug 15 15:47:40 2021]
rule inference_simulation_TMB_multiple:
    input: ../data/assessing_models_simulation/datasets/multiple_GenerationCnorm_50_100_10_6_0.05_NA_NA_NA_dataset1.RDS
    output: ../data/assessing_models_simulation/inference_results/TMB/nlminb/multiple_GenerationCnorm_50_100_10_6_0.05_diagREDM_NA_NA_NA_dataset1.RDS
    log: logs/inference/nlminb/simulation_GenerationCnorm_50_100_10_6_0.05_ModeldiagREDM_NA_NA_NA_dataset1.log
    jobid: 0
    wildcards: optimiser=nlminb, datasetgeneration=GenerationCnorm, n=50, nlambda=100, lmbda=10, d=6, beta_intensity=0.05, model=diagREDM, fixed_beta_intercept=NA, fixed_beta_slope=NA, sdRE_input=NA, itnum=1

Rscript 2_inference_TMB/run_TMB.R --input ../data/assessing_models_simulation/datasets/multiple_GenerationCnorm_50_100_10_6_0.05_NA_NA_NA_dataset1.RDS --output ../data/assessing_models_simulation/inference_results/TMB/nlminb/multiple_GenerationCnorm_50_100_10_6_0.05_diagREDM_NA_NA_NA_dataset1.RDS --model diagREDM --optimiser nlminb
Model: diagREDM 
Feature type: signatures 
Using nlminb: TRUE 
Simulation boolean: TRUE 
make: Nothing to be done for 'all'.
../data/assessing_models_simulation/datasets/multiple_GenerationCnorm_50_100_10_6_0.05_NA_NA_NA_dataset1.RDS[1] "../data/assessing_models_simulation/datasets/multiple_GenerationCnorm_50_100_10_6_0.05_NA_NA_NA_dataset1.RDS"
Reading file ../data/assessing_models_simulation/datasets/multiple_GenerationCnorm_50_100_10_6_0.05_NA_NA_NA_dataset1.RDS 
Loading required package: nnet
# weights:  18 (10 variable)
initial  value 17863.841908 
iter  10 value 15982.177852
final  value 15773.173714 
converged
Constructing atomic invpd
Constructing atomic D_lgamma
Constructing atomic invpd
Constructing atomic D_lgamma
Constructing atomic matmul
Constructing atomic invpd
Constructing atomic D_lgamma
Constructing atomic matmul
Optimizing tape... Done
iter: 1  value: 16585.12 mgc: 77.37028 ustep: 1 
iter: 2  value: 15815.55 mgc: 103.8947 ustep: 1 
iter: 3  value: 15778.35 mgc: 52.06256 ustep: 1 
iter: 4  value: 15725.49 mgc: 95.98198 ustep: 0.4367355 
iter: 5  value: 15700.09 mgc: 71.56296 ustep: 0.4176298 
iter: 6  value: 15611.29 mgc: 42.72547 ustep: 0.1217815 
iter: 7  value: 15567.67 mgc: 59.52553 ustep: 0.3490371 
iter: 8  value: 15565.52 mgc: 6.885682 ustep: 0.5908346 
iter: 9  value: 15565.46 mgc: 1.190843 ustep: 0.7686808 
iter: 10  value: 15565.46 mgc: 0.07748865 ustep: 0.8767567 
iter: 11  value: 15565.46 mgc: 0.001242362 ustep: 0.9363593 
iter: 12  value: 15565.46 mgc: 4.900227e-05 ustep: 0.9676598 
iter: 13  value: 15565.46 mgc: 1.285315e-06 ustep: 0.9836986 
iter: 14  value: 15565.46 mgc: 1.694193e-08 ustep: 0.9918167 
iter: 15  mgc: 1.119979e-10 
iter: 1  mgc: 1.119979e-10 
Matching hessian patterns... Done
outer mgc:  635.3576 
iter: 1  value: 15026.07 mgc: 29.09021 ustep: 1 
iter: 2  value: 15013.23 mgc: 7.346393 ustep: 1 
iter: 3  value: 15013.2 mgc: 0.3542231 ustep: 1 
iter: 4  value: 15013.2 mgc: 0.002199195 ustep: 1 
iter: 5  value: 15013.2 mgc: 8.636532e-08 ustep: 0.03522464 
mgc: 4.521195e-08 
iter: 1  value: 15013.2 mgc: 4.521195e-08 ustep: 0.989901 
mgc: 2.408235e-11 
outer mgc:  226.4725 
iter: 1  value: 14890.36 mgc: 18.58293 ustep: 1 
iter: 2  value: 14889.64 mgc: 1.743167 ustep: 1 
iter: 3  value: 14889.64 mgc: 0.01617544 ustep: 1 
iter: 4  value: 14889.64 mgc: 5.12691e-06 ustep: 1 
iter: 5  mgc: 6.516565e-12 
iter: 1  mgc: 6.516565e-12 
outer mgc:  97.70713 
iter: 1  value: 14884.74 mgc: 18.9063 ustep: 1 
iter: 2  value: 14883.84 mgc: 1.518232 ustep: 1 
iter: 3  value: 14883.84 mgc: 0.05097153 ustep: 1 
iter: 4  value: 14883.84 mgc: 6.721205e-05 ustep: 1 
iter: 5  mgc: 1.176814e-10 
iter: 1  mgc: 1.176814e-10 
outer mgc:  203.7155 
iter: 1  value: 14826.02 mgc: 14.73178 ustep: 1 
iter: 2  value: 14825.78 mgc: 0.7993322 ustep: 1 
iter: 3  value: 14825.78 mgc: 0.007734814 ustep: 1 
iter: 4  value: 14825.78 mgc: 7.828801e-07 ustep: 1 
iter: 5  mgc: 9.615753e-12 
iter: 1  mgc: 9.615753e-12 
outer mgc:  59.30564 
iter: 1  value: 14817.81 mgc: 9.336313 ustep: 1 
iter: 2  value: 14817.75 mgc: 0.3844137 ustep: 1 
iter: 3  value: 14817.75 mgc: 0.001419398 ustep: 1 
iter: 4  value: 14817.75 mgc: 4.487417e-08 ustep: 1 
iter: 5  mgc: 4.943934e-12 
iter: 1  mgc: 4.943934e-12 
outer mgc:  98.50015 
iter: 1  value: 14793.34 mgc: 14.26443 ustep: 1 
iter: 2  value: 14793.09 mgc: 0.5956329 ustep: 1 
iter: 3  value: 14793.09 mgc: 0.003849274 ustep: 1 
iter: 4  value: 14793.09 mgc: 4.282695e-07 ustep: 1 
iter: 5  mgc: 4.847428e-12 
iter: 1  mgc: 4.847428e-12 
outer mgc:  38.86915 
iter: 1  value: 14776.58 mgc: 4.50799 ustep: 1 
iter: 2  value: 14776.55 mgc: 0.1830016 ustep: 1 
iter: 3  value: 14776.55 mgc: 0.0006799379 ustep: 1 
iter: 4  value: 14776.55 mgc: 1.271055e-08 ustep: 1 
mgc: 3.72026e-12 
iter: 1  mgc: 3.72026e-12 
outer mgc:  43.79441 
iter: 1  value: 14757.24 mgc: 21.66877 ustep: 1 
iter: 2  value: 14755.01 mgc: 1.938784 ustep: 1 
iter: 3  value: 14755.01 mgc: 0.04735387 ustep: 1 
iter: 4  value: 14755.01 mgc: 7.136435e-05 ustep: 1 
iter: 5  mgc: 1.740788e-10 
iter: 1  mgc: 1.740788e-10 
outer mgc:  51.31146 
iter: 1  value: 14733.47 mgc: 6.969173 ustep: 1 
iter: 2  value: 14733.41 mgc: 0.3071045 ustep: 1 
iter: 3  value: 14733.41 mgc: 0.001832758 ustep: 1 
iter: 4  value: 14733.41 mgc: 8.152628e-08 ustep: 1 
iter: 5  mgc: 2.053024e-12 
iter: 1  mgc: 2.053024e-12 
outer mgc:  73.08833 
iter: 1  value: 14724.48 mgc: 14.81962 ustep: 1 
iter: 2  value: 14724.24 mgc: 0.8223015 ustep: 1 
iter: 3  value: 14724.24 mgc: 0.005883631 ustep: 1 
iter: 4  value: 14724.24 mgc: 3.252177e-07 ustep: 1 
iter: 5  mgc: 1.046822e-12 
iter: 1  mgc: 1.046822e-12 
outer mgc:  98.23176 
iter: 1  value: 14677.19 mgc: 12.23265 ustep: 1 
iter: 2  value: 14677.07 mgc: 0.7665939 ustep: 1 
iter: 3  value: 14677.07 mgc: 0.006689153 ustep: 1 
iter: 4  value: 14677.07 mgc: 6.085687e-07 ustep: 1 
iter: 5  mgc: 6.364076e-13 
iter: 1  value: 14640.67 mgc: 9.977334 ustep: 1 
iter: 2  value: 14640.59 mgc: 0.3962786 ustep: 1 
iter: 3  value: 14640.59 mgc: 0.002706676 ustep: 1 
iter: 4  value: 14640.59 mgc: 1.829584e-07 ustep: 1 
iter: 5  mgc: 3.845813e-13 
iter: 1  value: 14367.76 mgc: 25.36043 ustep: 1 
iter: 2  value: 14364.52 mgc: 2.96177 ustep: 1 
iter: 3  value: 14364.51 mgc: 0.1495296 ustep: 1 
iter: 4  value: 14364.51 mgc: 0.0006000567 ustep: 1 
iter: 5  mgc: 9.671825e-09 
iter: 1  value: 20771.35 mgc: 5853.947 ustep: 1 
iter: 2  value: 20771.18 mgc: 1.290022 ustep: 1 
iter: 3  value: 20771.18 mgc: 0.006550288 ustep: 1 
iter: 4  value: 20771.18 mgc: 1.653988e-07 ustep: 1 
iter: 5  mgc: 1.776357e-15 
iter: 1  mgc: 9.671825e-09 
outer mgc:  201.9255 
iter: 1  value: 18106.94 mgc: 559.6449 ustep: 1 
iter: 2  value: 18106.78 mgc: 0.7866461 ustep: 1 
iter: 3  value: 18106.78 mgc: 0.007884129 ustep: 1 
iter: 4  value: 18106.78 mgc: 9.067461e-07 ustep: 1 
iter: 5  mgc: 1.232348e-14 
iter: 1  value: 14354.4 mgc: 7.56974 ustep: 1 
iter: 2  value: 14354.36 mgc: 0.1684978 ustep: 1 
iter: 3  value: 14354.36 mgc: 0.002344586 ustep: 1 
iter: 4  value: 14354.36 mgc: 5.240104e-07 ustep: 1 
iter: 5  mgc: 2.819966e-14 
iter: 1  mgc: 2.819966e-14 
outer mgc:  106.2464 
iter: 1  value: 14180.7 mgc: 3.21871 ustep: 1 
iter: 2  value: 14180.17 mgc: 0.4580137 ustep: 1 
iter: 3  value: 14180.17 mgc: 0.008230281 ustep: 1 
iter: 4  value: 14180.17 mgc: 2.835586e-06 ustep: 1 
iter: 5  mgc: 3.35787e-13 
iter: 1  mgc: 3.35787e-13 
outer mgc:  66.00103 
iter: 1  value: 14081.11 mgc: 3.799945 ustep: 1 
iter: 2  value: 14081.02 mgc: 0.4383492 ustep: 1 
iter: 3  value: 14081.02 mgc: 0.0162994 ustep: 1 
iter: 4  value: 14081.02 mgc: 2.772979e-05 ustep: 1 
iter: 5  mgc: 8.080181e-11 
iter: 1  mgc: 8.080181e-11 
outer mgc:  20.78842 
iter: 1  value: 14130.05 mgc: 5.464935 ustep: 1 
iter: 2  value: 14130.03 mgc: 0.1184253 ustep: 1 
iter: 3  value: 14130.03 mgc: 0.0007127969 ustep: 1 
iter: 4  value: 14130.03 mgc: 2.629083e-08 ustep: 1 
mgc: 3.892719e-15 
iter: 1  value: 14075.86 mgc: 2.0913 ustep: 1 
iter: 2  value: 14075.86 mgc: 0.0211316 ustep: 1 
iter: 3  value: 14075.86 mgc: 2.644937e-05 ustep: 1 
iter: 4  mgc: 4.132097e-11 
iter: 1  mgc: 4.132097e-11 
outer mgc:  32.95619 
iter: 1  value: 14061.5 mgc: 3.323354 ustep: 1 
iter: 2  value: 14061.5 mgc: 0.06077658 ustep: 1 
iter: 3  value: 14061.5 mgc: 0.0003341756 ustep: 1 
iter: 4  mgc: 9.840292e-09 
iter: 1  mgc: 9.840292e-09 
outer mgc:  43.82856 
iter: 1  value: 14042.61 mgc: 1.620079 ustep: 1 
iter: 2  value: 14042.6 mgc: 0.04692878 ustep: 1 
iter: 3  value: 14042.6 mgc: 4.786383e-05 ustep: 1 
iter: 4  mgc: 1.337253e-10 
iter: 1  mgc: 1.337253e-10 
outer mgc:  12.26512 
iter: 1  value: 14030.59 mgc: 1.407052 ustep: 1 
iter: 2  value: 14030.58 mgc: 0.03747149 ustep: 1 
iter: 3  value: 14030.58 mgc: 4.131298e-05 ustep: 1 
iter: 4  mgc: 1.242477e-10 
iter: 1  mgc: 1.242477e-10 
outer mgc:  28.78225 
iter: 1  value: 14020.02 mgc: 2.527335 ustep: 1 
iter: 2  value: 14020.02 mgc: 0.03411822 ustep: 1 
iter: 3  value: 14020.02 mgc: 2.47414e-05 ustep: 1 
iter: 4  mgc: 1.21223e-11 
iter: 1  mgc: 1.21223e-11 
outer mgc:  23.60464 
iter: 1  value: 14017.83 mgc: 1.490958 ustep: 1 
iter: 2  value: 14017.83 mgc: 0.04303993 ustep: 1 
iter: 3  value: 14017.83 mgc: 6.766647e-05 ustep: 1 
iter: 4  mgc: 1.697172e-10 
iter: 1  mgc: 1.697172e-10 
outer mgc:  12.44547 
iter: 1  value: 14018.01 mgc: 1.959186 ustep: 1 
iter: 2  value: 14018.01 mgc: 0.07146177 ustep: 1 
iter: 3  value: 14018.01 mgc: 0.0001813645 ustep: 1 
iter: 4  mgc: 1.13487e-09 
iter: 1  value: 14014.89 mgc: 0.8002014 ustep: 1 
iter: 2  value: 14014.89 mgc: 0.01362519 ustep: 1 
iter: 3  value: 14014.89 mgc: 7.50678e-06 ustep: 1 
iter: 4  mgc: 2.23821e-12 
iter: 1  mgc: 2.23821e-12 
outer mgc:  10.10211 
iter: 1  value: 14016.5 mgc: 1.266662 ustep: 1 
iter: 2  value: 14016.5 mgc: 0.006614124 ustep: 1 
iter: 3  value: 14016.5 mgc: 7.617956e-07 ustep: 1 
iter: 4  mgc: 1.110223e-14 
iter: 1  value: 14014.35 mgc: 0.4103875 ustep: 1 
iter: 2  value: 14014.35 mgc: 0.0006739174 ustep: 1 
iter: 3  mgc: 7.692804e-09 
iter: 1  mgc: 7.692804e-09 
outer mgc:  4.490662 
iter: 1  value: 14012.19 mgc: 0.2729344 ustep: 1 
iter: 2  value: 14012.19 mgc: 0.000566729 ustep: 1 
iter: 3  value: 14012.19 mgc: 1.96057e-08 ustep: 1 
mgc: 3.996803e-15 
iter: 1  mgc: 3.996803e-15 
outer mgc:  4.433889 
iter: 1  value: 14007.91 mgc: 0.438796 ustep: 1 
iter: 2  value: 14007.91 mgc: 0.0009870265 ustep: 1 
iter: 3  value: 14007.91 mgc: 4.900457e-08 ustep: 1 
iter: 4  mgc: 4.884981e-15 
iter: 1  mgc: 4.884981e-15 
outer mgc:  6.742384 
iter: 1  value: 13996.72 mgc: 0.7982606 ustep: 1 
iter: 2  value: 13996.72 mgc: 0.006600744 ustep: 1 
iter: 3  value: 13996.72 mgc: 2.066187e-06 ustep: 1 
iter: 4  mgc: 2.038369e-13 
iter: 1  mgc: 2.038369e-13 
outer mgc:  5.293217 
iter: 1  value: 13988.25 mgc: 0.6061167 ustep: 1 
iter: 2  value: 13988.25 mgc: 0.003238249 ustep: 1 
iter: 3  value: 13988.25 mgc: 1.78527e-07 ustep: 1 
iter: 4  mgc: 5.77316e-15 
iter: 1  mgc: 5.77316e-15 
outer mgc:  5.688567 
iter: 1  value: 13980.88 mgc: 0.9155041 ustep: 1 
iter: 2  value: 13980.88 mgc: 0.01020058 ustep: 1 
iter: 3  value: 13980.88 mgc: 1.458447e-06 ustep: 1 
iter: 4  mgc: 2.88658e-14 
iter: 1  mgc: 2.88658e-14 
outer mgc:  9.373196 
iter: 1  value: 13972.24 mgc: 0.7894515 ustep: 1 
iter: 2  value: 13972.24 mgc: 0.008984384 ustep: 1 
iter: 3  value: 13972.24 mgc: 2.179918e-06 ustep: 1 
iter: 4  mgc: 1.341149e-13 
iter: 1  mgc: 1.341149e-13 
outer mgc:  4.729795 
iter: 1  value: 13962.38 mgc: 0.5266372 ustep: 1 
iter: 2  value: 13962.38 mgc: 0.002242679 ustep: 1 
iter: 3  value: 13962.38 mgc: 5.882356e-08 ustep: 1 
iter: 4  mgc: 3.561387e-15 
iter: 1  mgc: 3.561387e-15 
outer mgc:  5.877933 
iter: 1  value: 13952.43 mgc: 1.01587 ustep: 1 
iter: 2  value: 13952.43 mgc: 0.001904746 ustep: 1 
iter: 3  value: 13952.43 mgc: 6.377268e-08 ustep: 1 
iter: 4  mgc: 4.662937e-15 
iter: 1  value: 13960.38 mgc: 0.6471521 ustep: 1 
iter: 2  value: 13960.38 mgc: 0.0005055292 ustep: 1 
iter: 3  mgc: 2.131111e-09 
iter: 1  value: 13961.44 mgc: 0.2084395 ustep: 1 
iter: 2  value: 13961.44 mgc: 4.684911e-05 ustep: 1 
iter: 3  mgc: 2.468359e-11 
iter: 1  mgc: 2.468359e-11 
outer mgc:  2.213791 
iter: 1  value: 13960.71 mgc: 0.1375941 ustep: 1 
iter: 2  value: 13960.71 mgc: 9.788274e-05 ustep: 1 
iter: 3  mgc: 9.740542e-11 
iter: 1  mgc: 9.740542e-11 
outer mgc:  3.363123 
iter: 1  value: 13957.69 mgc: 0.2647871 ustep: 1 
iter: 2  value: 13957.69 mgc: 0.0002751609 ustep: 1 
iter: 3  mgc: 8.821082e-10 
iter: 1  mgc: 8.821082e-10 
outer mgc:  2.249027 
iter: 1  value: 13955.07 mgc: 0.1723932 ustep: 1 
iter: 2  value: 13955.07 mgc: 0.0001592016 ustep: 1 
iter: 3  mgc: 5.009531e-10 
iter: 1  mgc: 5.009531e-10 
outer mgc:  2.212073 
iter: 1  value: 13948.86 mgc: 0.3186828 ustep: 1 
iter: 2  value: 13948.86 mgc: 0.0006706331 ustep: 1 
iter: 3  mgc: 7.964041e-09 
iter: 1  value: 13930.58 mgc: 0.8511491 ustep: 1 
iter: 2  value: 13930.58 mgc: 0.004596947 ustep: 1 
iter: 3  value: 13930.58 mgc: 2.236363e-07 ustep: 1 
iter: 4  mgc: 3.330669e-15 
iter: 1  mgc: 3.330669e-15 
outer mgc:  4.571501 
iter: 1  value: 13909.45 mgc: 1.055542 ustep: 1 
iter: 2  value: 13909.45 mgc: 0.00463445 ustep: 1 
iter: 3  value: 13909.45 mgc: 1.127772e-07 ustep: 1 
iter: 4  mgc: 4.884981e-15 
iter: 1  value: 13920.21 mgc: 0.500711 ustep: 1 
iter: 2  value: 13920.21 mgc: 0.001642568 ustep: 1 
iter: 3  value: 13920.21 mgc: 3.788885e-08 ustep: 1 
iter: 4  mgc: 5.329071e-15 
iter: 1  mgc: 5.329071e-15 
outer mgc:  7.439926 
iter: 1  value: 13909 mgc: 0.5952267 ustep: 1 
iter: 2  value: 13909 mgc: 0.001423925 ustep: 1 
iter: 3  value: 13909 mgc: 1.141399e-08 ustep: 1 
mgc: 3.996803e-15 
iter: 1  mgc: 3.996803e-15 
outer mgc:  4.057184 
iter: 1  value: 13898.89 mgc: 0.6781246 ustep: 1 
iter: 2  value: 13898.89 mgc: 0.00199642 ustep: 1 
iter: 3  value: 13898.89 mgc: 2.891166e-08 ustep: 1 
mgc: 3.552714e-15 
iter: 1  mgc: 3.552714e-15 
outer mgc:  7.617259 
iter: 1  value: 13892.92 mgc: 0.3893187 ustep: 1 
iter: 2  value: 13892.92 mgc: 0.0004822048 ustep: 1 
iter: 3  mgc: 7.620387e-10 
iter: 1  mgc: 7.620387e-10 
outer mgc:  1.881766 
iter: 1  value: 13887.72 mgc: 0.3941486 ustep: 1 
iter: 2  value: 13887.72 mgc: 0.0003607165 ustep: 1 
iter: 3  mgc: 1.500654e-09 
iter: 1  value: 13891.93 mgc: 0.2523355 ustep: 1 
iter: 2  value: 13891.93 mgc: 0.0001342991 ustep: 1 
iter: 3  mgc: 8.83662e-11 
iter: 1  value: 13892.5 mgc: 0.09130952 ustep: 1 
iter: 2  value: 13892.5 mgc: 1.791949e-05 ustep: 1 
iter: 3  mgc: 1.634692e-12 
iter: 1  mgc: 1.634692e-12 
outer mgc:  1.807192 
iter: 1  value: 13891.69 mgc: 0.09433525 ustep: 1 
iter: 2  value: 13891.69 mgc: 1.246217e-05 ustep: 1 
iter: 3  mgc: 5.249134e-13 
iter: 1  mgc: 5.249134e-13 
outer mgc:  1.578004 
iter: 1  value: 13890.61 mgc: 0.08842193 ustep: 1 
iter: 2  value: 13890.61 mgc: 6.907387e-06 ustep: 1 
iter: 3  mgc: 5.258016e-13 
iter: 1  mgc: 5.258016e-13 
outer mgc:  0.6697467 
iter: 1  value: 13888.48 mgc: 0.09965948 ustep: 1 
iter: 2  value: 13888.48 mgc: 2.402472e-05 ustep: 1 
iter: 3  mgc: 3.73257e-12 
iter: 1  value: 13884.51 mgc: 0.1678647 ustep: 1 
iter: 2  value: 13884.51 mgc: 6.498656e-05 ustep: 1 
iter: 3  mgc: 3.199707e-11 
iter: 1  value: 13865.89 mgc: 0.7882836 ustep: 1 
iter: 2  value: 13865.89 mgc: 0.001214385 ustep: 1 
iter: 3  value: 13865.89 mgc: 1.034752e-08 ustep: 1 
mgc: 4.440892e-15 
iter: 1  value: 13830.66 mgc: 1.541327 ustep: 1 
iter: 2  value: 13830.66 mgc: 0.00302367 ustep: 1 
iter: 3  value: 13830.66 mgc: 5.116489e-08 ustep: 1 
mgc: 4.218847e-15 
iter: 1  mgc: 4.218847e-15 
outer mgc:  2.150703 
iter: 1  value: 13769.83 mgc: 3.256598 ustep: 1 
iter: 2  value: 13769.83 mgc: 0.005374822 ustep: 1 
iter: 3  value: 13769.83 mgc: 7.393646e-08 ustep: 1 
mgc: 3.330669e-15 
iter: 1  mgc: 3.330669e-15 
outer mgc:  5.129038 
iter: 1  value: 13710.85 mgc: 2.762369 ustep: 1 
iter: 2  value: 13710.85 mgc: 0.001736331 ustep: 1 
iter: 3  mgc: 1.21125e-09 
iter: 1  value: 13747.02 mgc: 0.8198479 ustep: 1 
iter: 2  value: 13747.02 mgc: 0.0002926079 ustep: 1 
iter: 3  mgc: 4.786216e-11 
iter: 1  mgc: 4.786216e-11 
outer mgc:  2.374533 
iter: 1  value: 13727.72 mgc: 0.9255155 ustep: 1 
iter: 2  value: 13727.72 mgc: 0.0002325337 ustep: 1 
iter: 3  mgc: 8.016343e-11 
iter: 1  value: 13740.7 mgc: 0.2654676 ustep: 1 
iter: 2  value: 13740.7 mgc: 2.737901e-05 ustep: 1 
iter: 3  mgc: 2.13296e-12 
iter: 1  mgc: 2.13296e-12 
outer mgc:  1.255599 
iter: 1  value: 13733.82 mgc: 0.2972862 ustep: 1 
iter: 2  value: 13733.82 mgc: 3.048465e-05 ustep: 1 
iter: 3  mgc: 3.081979e-13 
iter: 1  mgc: 3.081979e-13 
outer mgc:  0.7900382 
iter: 1  value: 13726.27 mgc: 0.342525 ustep: 1 
iter: 2  value: 13726.27 mgc: 2.3371e-05 ustep: 1 
iter: 3  mgc: 2.180478e-13 
iter: 1  value: 13709.71 mgc: 0.7797201 ustep: 1 
iter: 2  value: 13709.71 mgc: 9.655458e-05 ustep: 1 
iter: 3  mgc: 3.611333e-12 
iter: 1  mgc: 3.611333e-12 
outer mgc:  1.085337 
iter: 1  value: 13685.42 mgc: 1.090725 ustep: 1 
iter: 2  value: 13685.42 mgc: 0.0001697984 ustep: 1 
iter: 3  mgc: 5.014655e-12 
iter: 1  value: 13657.3 mgc: 1.281408 ustep: 1 
iter: 2  value: 13657.3 mgc: 0.0001424682 ustep: 1 
iter: 3  mgc: 6.318501e-12 
iter: 1  mgc: 6.318501e-12 
outer mgc:  1.588226 
iter: 1  value: 13604.51 mgc: 2.557211 ustep: 1 
iter: 2  value: 13604.51 mgc: 0.0002277686 ustep: 1 
iter: 3  mgc: 5.078737e-11 
iter: 1  mgc: 5.078737e-11 
outer mgc:  0.9048066 
iter: 1  value: 13552.79 mgc: 2.593585 ustep: 1 
iter: 2  value: 13552.79 mgc: 9.60122e-05 ustep: 1 
iter: 3  mgc: 7.829293e-13 
iter: 1  mgc: 7.829293e-13 
outer mgc:  0.995313 
iter: 1  value: 13512.45 mgc: 2.072071 ustep: 1 
iter: 2  value: 13512.45 mgc: 3.198421e-05 ustep: 1 
iter: 3  mgc: 2.63789e-13 
iter: 1  mgc: 2.63789e-13 
outer mgc:  1.042349 
iter: 1  value: 13472.74 mgc: 2.008897 ustep: 1 
iter: 2  value: 13472.74 mgc: 2.387602e-05 ustep: 1 
iter: 3  mgc: 9.836576e-13 
iter: 1  value: 13497.44 mgc: 0.6747424 ustep: 1 
iter: 2  value: 13497.44 mgc: 4.258316e-06 ustep: 1 
iter: 3  mgc: 2.975398e-14 
iter: 1  mgc: 2.975398e-14 
outer mgc:  0.5701746 
iter: 1  value: 13482.51 mgc: 0.6634783 ustep: 1 
iter: 2  value: 13482.51 mgc: 9.998558e-06 ustep: 1 
iter: 3  mgc: 1.425526e-13 
iter: 1  mgc: 1.425526e-13 
outer mgc:  0.3971938 
iter: 1  value: 13467.74 mgc: 0.6871687 ustep: 1 
iter: 2  value: 13467.74 mgc: 1.47377e-05 ustep: 1 
iter: 3  mgc: 3.259615e-13 
iter: 1  value: 13432.44 mgc: 1.809088 ustep: 1 
iter: 2  value: 13432.44 mgc: 8.958492e-05 ustep: 1 
iter: 3  mgc: 1.352829e-11 
iter: 1  mgc: 1.352829e-11 
outer mgc:  0.627917 
iter: 1  value: 13382.03 mgc: 2.678768 ustep: 1 
iter: 2  value: 13382.03 mgc: 0.0001525155 ustep: 1 
iter: 3  mgc: 4.62137e-11 
iter: 1  mgc: 4.62137e-11 
outer mgc:  0.2952798 
iter: 1  value: 13331.79 mgc: 2.723014 ustep: 1 
iter: 2  value: 13331.79 mgc: 0.0002044546 ustep: 1 
iter: 3  mgc: 1.10246e-10 
iter: 1  mgc: 1.10246e-10 
outer mgc:  0.1171374 
iter: 1  value: 13292.12 mgc: 2.001997 ustep: 1 
iter: 2  value: 13292.12 mgc: 4.902503e-05 ustep: 1 
iter: 3  mgc: 7.800871e-12 
iter: 1  mgc: 7.800871e-12 
outer mgc:  0.06437526 
iter: 1  value: 13271.37 mgc: 0.9298997 ustep: 1 
iter: 2  value: 13271.37 mgc: 7.772864e-08 ustep: 1 
mgc: 4.440892e-15 
iter: 1  mgc: 4.440892e-15 
outer mgc:  0.05574473 
iter: 1  value: 13210.32 mgc: 3.270122 ustep: 1 
iter: 2  value: 13210.32 mgc: 7.17286e-06 ustep: 1 
iter: 3  mgc: 1.629807e-13 
iter: 1  mgc: 1.629807e-13 
outer mgc:  0.09542105 
iter: 1  value: 13149.21 mgc: 3.271403 ustep: 1 
iter: 2  value: 13149.21 mgc: 8.940022e-06 ustep: 1 
iter: 3  mgc: 2.420286e-13 
iter: 1  mgc: 2.420286e-13 
outer mgc:  0.05040076 
iter: 1  value: 13088.27 mgc: 3.268589 ustep: 1 
iter: 2  value: 13088.27 mgc: 3.045833e-06 ustep: 1 
iter: 3  mgc: 2.88658e-14 
iter: 1  mgc: 2.88658e-14 
outer mgc:  0.01731566 
iter: 1  value: 13027.44 mgc: 3.273215 ustep: 1 
iter: 2  value: 13027.44 mgc: 8.452475e-07 ustep: 1 
iter: 3  mgc: 5.77316e-15 
iter: 1  mgc: 5.77316e-15 
outer mgc:  0.02170345 
iter: 1  value: 12966.74 mgc: 3.271455 ustep: 1 
iter: 2  mgc: 4.619002e-09 
iter: 1  mgc: 4.619002e-09 
outer mgc:  0.01949107 
iter: 1  value: 12906.09 mgc: 3.27359 ustep: 1 
iter: 2  value: 12906.09 mgc: 9.87534e-08 ustep: 1 
iter: 3  mgc: 5.77316e-15 
iter: 1  mgc: 5.77316e-15 
outer mgc:  0.01337676 
iter: 1  value: 12828.05 mgc: 4.585873 ustep: 1 
iter: 2  value: 12828.05 mgc: 2.498909e-07 ustep: 1 
iter: 3  mgc: 4.440892e-15 
iter: 1  mgc: 4.440892e-15 
outer mgc:  0.001096816 
iter: 1  value: 12762.54 mgc: 3.617623 ustep: 1 
iter: 2  value: 12762.54 mgc: 3.591283e-08 ustep: 1 
mgc: 3.885781e-15 
iter: 1  mgc: 3.885781e-15 
outer mgc:  0.003795698 
iter: 1  value: 12697 mgc: 3.617378 ustep: 1 
iter: 2  mgc: 4.942713e-11 
iter: 1  mgc: 4.942713e-11 
outer mgc:  0.00399885 
iter: 1  value: 12631.45 mgc: 3.617325 ustep: 1 
iter: 2  mgc: 6.238875e-09 
iter: 1  mgc: 6.238875e-09 
outer mgc:  0.002091349 
iter: 1  value: 12565.91 mgc: 3.617332 ustep: 1 
iter: 2  mgc: 5.80962e-09 
iter: 1  mgc: 5.80962e-09 
outer mgc:  0.0002791114 
iter: 1  value: 12490.67 mgc: 4.353789 ustep: 1 
iter: 2  mgc: 1.988534e-09 
iter: 1  mgc: 1.988534e-09 
outer mgc:  0.0007754706 
iter: 1  mgc: 1.988534e-09 
iter: 1  mgc: 1.988534e-09 
outer mgc:  0.0007754706 
iter: 1  value: 12490.67 mgc: 0.005295278 ustep: 1 
iter: 2  mgc: 5.134732e-09 
outer mgc:  0.1873861 
iter: 1  value: 12490.66 mgc: 0.005292937 ustep: 1 
iter: 2  mgc: 5.128611e-09 
outer mgc:  0.1860286 
iter: 1  value: 12490.67 mgc: 0.002688042 ustep: 1 
iter: 2  mgc: 7.34351e-10 
outer mgc:  0.07936153 
iter: 1  value: 12490.67 mgc: 0.002686301 ustep: 1 
iter: 2  mgc: 7.335423e-10 
outer mgc:  0.07772925 
iter: 1  value: 12490.67 mgc: 0.006092508 ustep: 1 
iter: 2  mgc: 7.605746e-09 
outer mgc:  0.2356461 
iter: 1  value: 12490.66 mgc: 0.006090878 ustep: 1 
iter: 2  mgc: 7.603204e-09 
outer mgc:  0.2353084 
iter: 1  value: 12490.67 mgc: 0.003245153 ustep: 1 
iter: 2  mgc: 3.623349e-09 
outer mgc:  0.1342215 
iter: 1  value: 12490.67 mgc: 0.003245588 ustep: 1 
iter: 2  mgc: 3.622276e-09 
outer mgc:  0.1344846 
iter: 1  value: 12490.66 mgc: 0.004357831 ustep: 1 
iter: 2  value: 12490.66 mgc: 4.403108e-08 ustep: 1 
mgc: 4.32987e-15 
outer mgc:  0.1194246 
iter: 1  value: 12490.67 mgc: 0.004354878 ustep: 1 
iter: 2  value: 12490.67 mgc: 4.398107e-08 ustep: 1 
mgc: 3.219647e-15 
outer mgc:  0.1194916 
iter: 1  value: 12490.66 mgc: 0.002175132 ustep: 1 
iter: 2  value: 12490.66 mgc: 1.269033e-08 ustep: 1 
mgc: 4.662937e-15 
outer mgc:  0.05900029 
iter: 1  value: 12490.67 mgc: 0.002173493 ustep: 1 
iter: 2  value: 12490.67 mgc: 1.267141e-08 ustep: 1 
mgc: 4.440892e-15 
outer mgc:  0.05855143 
iter: 1  value: 12490.67 mgc: 0.002705519 ustep: 1 
iter: 2  mgc: 5.421947e-10 
outer mgc:  0.0871574 
iter: 1  value: 12490.67 mgc: 0.002703258 ustep: 1 
iter: 2  mgc: 5.412257e-10 
outer mgc:  0.08810722 
iter: 1  value: 12490.67 mgc: 0.001792453 ustep: 1 
iter: 2  mgc: 1.670343e-10 
outer mgc:  0.0485983 
iter: 1  value: 12490.67 mgc: 0.001791092 ustep: 1 
iter: 2  mgc: 1.667794e-10 
outer mgc:  0.04959635 
iter: 1  value: 12490.67 mgc: 0.002557264 ustep: 1 
iter: 2  mgc: 5.659595e-10 
outer mgc:  0.08057853 
iter: 1  value: 12490.67 mgc: 0.002555213 ustep: 1 
iter: 2  mgc: 5.650218e-10 
outer mgc:  0.0809305 
iter: 1  value: 12490.67 mgc: 0.001082894 ustep: 1 
iter: 2  mgc: 6.410517e-11 
outer mgc:  0.03409419 
iter: 1  value: 12490.67 mgc: 0.001081958 ustep: 1 
iter: 2  mgc: 6.399214e-11 
outer mgc:  0.03459069 
iter: 1  value: 12490.69 mgc: 0.004607232 ustep: 1 
mgc: 4.440892e-15 
outer mgc:  0.0007754699 
iter: 1  value: 12490.64 mgc: 0.004611841 ustep: 1 
mgc: 3.830269e-15 
outer mgc:  0.0007754714 
iter: 1  value: 12490.69 mgc: 0.004227477 ustep: 1 
mgc: 3.552714e-15 
outer mgc:  0.0007754702 
iter: 1  value: 12490.64 mgc: 0.004231707 ustep: 1 
mgc: 4.662937e-15 
outer mgc:  0.000775471 
iter: 1  value: 12490.69 mgc: 0.003245404 ustep: 1 
iter: 2  value: 12490.69 mgc: 2.399971e-08 ustep: 1 
mgc: 2.997602e-15 
outer mgc:  0.00146388 
iter: 1  value: 12490.64 mgc: 0.003248647 ustep: 1 
iter: 2  value: 12490.64 mgc: 2.39671e-08 ustep: 1 
mgc: 5.329071e-15 
outer mgc:  0.001391541 
iter: 1  value: 12490.69 mgc: 0.002968967 ustep: 1 
mgc: 3.774758e-15 
outer mgc:  0.0007754706 
iter: 1  value: 12490.64 mgc: 0.002971938 ustep: 1 
mgc: 3.996803e-15 
outer mgc:  0.0007754707 
iter: 1  value: 12490.69 mgc: 0.002830911 ustep: 1 
mgc: 3.996803e-15 
outer mgc:  0.0007754706 
iter: 1  value: 12490.64 mgc: 0.002833743 ustep: 1 
mgc: 3.774758e-15 
outer mgc:  0.0007754706 
iter: 1  value: 12490.66 mgc: 0.003306501 ustep: 1 
iter: 2  value: 12490.66 mgc: 1.049354e-08 ustep: 1 
mgc: 3.996803e-15 
outer mgc:  0.1053021 
iter: 1  value: 12490.67 mgc: 0.003304055 ustep: 1 
iter: 2  value: 12490.67 mgc: 1.046782e-08 ustep: 1 
mgc: 4.662937e-15 
outer mgc:  0.1057954 
iter: 1  value: 12490.66 mgc: 0.003504735 ustep: 1 
iter: 2  mgc: 5.412471e-09 
outer mgc:  0.1036147 
iter: 1  value: 12490.67 mgc: 0.00350262 ustep: 1 
iter: 2  mgc: 5.400016e-09 
outer mgc:  0.1034064 
Warning message:
package ‘nnet’ was built under R version 3.6.3 
[Sun Aug 15 15:47:49 2021]
Finished job 0.
1 of 1 steps (100%) done
