Building DAG of jobs...
Using shell: /usr/bin/bash
Provided cores: 40
Rules claiming more threads will be scaled down.
Job counts:
	count	jobs
	1	inference_simulation_TMB_multiple
	1
Select jobs to execute...

[Sun Aug 15 15:58:54 2021]
rule inference_simulation_TMB_multiple:
    input: ../data/assessing_models_simulation/datasets/multiple_GenerationCnorm_100_100_10_5_0.02_NA_NA_NA_dataset1.RDS
    output: ../data/assessing_models_simulation/inference_results/TMB/nlminb/multiple_GenerationCnorm_100_100_10_5_0.02_diagREDM_NA_NA_NA_dataset1.RDS
    log: logs/inference/nlminb/simulation_GenerationCnorm_100_100_10_5_0.02_ModeldiagREDM_NA_NA_NA_dataset1.log
    jobid: 0
    wildcards: optimiser=nlminb, datasetgeneration=GenerationCnorm, n=100, nlambda=100, lmbda=10, d=5, beta_intensity=0.02, model=diagREDM, fixed_beta_intercept=NA, fixed_beta_slope=NA, sdRE_input=NA, itnum=1

Rscript 2_inference_TMB/run_TMB.R --input ../data/assessing_models_simulation/datasets/multiple_GenerationCnorm_100_100_10_5_0.02_NA_NA_NA_dataset1.RDS --output ../data/assessing_models_simulation/inference_results/TMB/nlminb/multiple_GenerationCnorm_100_100_10_5_0.02_diagREDM_NA_NA_NA_dataset1.RDS --model diagREDM --optimiser nlminb
Model: diagREDM 
Feature type: signatures 
Using nlminb: TRUE 
Simulation boolean: TRUE 
make: Nothing to be done for 'all'.
../data/assessing_models_simulation/datasets/multiple_GenerationCnorm_100_100_10_5_0.02_NA_NA_NA_dataset1.RDS[1] "../data/assessing_models_simulation/datasets/multiple_GenerationCnorm_100_100_10_5_0.02_NA_NA_NA_dataset1.RDS"
Reading file ../data/assessing_models_simulation/datasets/multiple_GenerationCnorm_100_100_10_5_0.02_NA_NA_NA_dataset1.RDS 
Loading required package: nnet
# weights:  15 (8 variable)
initial  value 32010.110640 
iter  10 value 29161.122932
final  value 28708.952583 
converged
Constructing atomic invpd
Constructing atomic D_lgamma
Constructing atomic invpd
Constructing atomic D_lgamma
Constructing atomic matmul
Constructing atomic invpd
Constructing atomic D_lgamma
Constructing atomic matmul
Optimizing tape... Done
iter: 1  value: 31989.69 mgc: 101.2379 ustep: 1 
iter: 2  value: 29615.31 mgc: 108.9073 ustep: 0.03914947 
iter: 3  value: 28862.2 mgc: 50.95279 ustep: 0.05278272 
iter: 4  value: 28600.61 mgc: 43.38046 ustep: 0.07332458 
iter: 5  value: 28217.6 mgc: 99.71189 ustep: 0.270858 
iter: 6  value: 28077.46 mgc: 45.16166 ustep: 0.05880195 
iter: 7  value: 27997.86 mgc: 16.1414 ustep: 0.2425669 
iter: 8  value: 27921.98 mgc: 13.35655 ustep: 0.1559608 
iter: 9  value: 27881.33 mgc: 18.69859 ustep: 0.1180284 
iter: 10  value: 27841.51 mgc: 12.67128 ustep: 0.3436183 
iter: 11  value: 27778.41 mgc: 38.78252 ustep: 0.1205775 
iter: 12  value: 27669.33 mgc: 23.5281 ustep: 0.0400671 
iter: 13  value: 27582.7 mgc: 61.80354 ustep: 0.04168755 
iter: 14  value: 27517.49 mgc: 85.8287 ustep: 0.05550715 
iter: 15  value: 27500.32 mgc: 75.18392 ustep: 0.235676 
iter: 16  value: 27449.5 mgc: 74.81037 ustep: 0.4855162 
iter: 17  value: 27427 mgc: 45.52608 ustep: 0.6968202 
iter: 18  value: 27426.62 mgc: 5.590648 ustep: 0.8347741 
iter: 19  value: 27426.62 mgc: 0.04129975 ustep: 0.9136684 
iter: 20  value: 27426.62 mgc: 0.0002779216 ustep: 0.9558644 
iter: 21  value: 27426.62 mgc: 5.62098e-06 ustep: 0.9776854 
iter: 22  value: 27426.62 mgc: 7.516932e-08 ustep: 0.9887809 
iter: 23  mgc: 5.928049e-10 
iter: 1  mgc: 5.928049e-10 
Matching hessian patterns... Done
outer mgc:  554.6548 
iter: 1  value: 27135.01 mgc: 28.80727 ustep: 1 
iter: 2  value: 27130.93 mgc: 1.877175 ustep: 1 
iter: 3  value: 27130.93 mgc: 0.06388787 ustep: 1 
iter: 4  value: 27130.93 mgc: 8.393854e-05 ustep: 0.989901 
iter: 5  value: 27130.93 mgc: 4.551857e-08 ustep: 0.9949382 
iter: 6  mgc: 1.919553e-11 
iter: 1  mgc: 1.919553e-11 
outer mgc:  384.3565 
iter: 1  value: 27274.5 mgc: 34.5943 ustep: 1 
iter: 2  value: 27268.68 mgc: 4.802052 ustep: 1 
iter: 3  value: 27268.68 mgc: 0.1258565 ustep: 1 
iter: 4  value: 27268.68 mgc: 0.0002612884 ustep: 1 
iter: 5  mgc: 1.13035e-09 
iter: 1  value: 27054.04 mgc: 14.00482 ustep: 1 
iter: 2  value: 27053.93 mgc: 0.5753619 ustep: 1 
iter: 3  value: 27053.93 mgc: 0.002159756 ustep: 1 
iter: 4  value: 27053.93 mgc: 6.32007e-08 ustep: 1 
mgc: 1.043324e-11 
iter: 1  mgc: 1.043324e-11 
outer mgc:  116.2199 
iter: 1  value: 27028.7 mgc: 6.827843 ustep: 1 
iter: 2  value: 27028.61 mgc: 0.330972 ustep: 1 
iter: 3  value: 27028.61 mgc: 0.001473137 ustep: 1 
iter: 4  value: 27028.61 mgc: 7.068584e-08 ustep: 0.989901 
iter: 5  mgc: 1.010712e-10 
iter: 1  mgc: 1.010712e-10 
outer mgc:  171.6361 
iter: 1  value: 27012.97 mgc: 18.26701 ustep: 1 
iter: 2  value: 27011.74 mgc: 1.437227 ustep: 1 
iter: 3  value: 27011.74 mgc: 0.02832103 ustep: 1 
iter: 4  value: 27011.74 mgc: 1.344412e-05 ustep: 1 
iter: 5  mgc: 8.446355e-12 
iter: 1  mgc: 8.446355e-12 
outer mgc:  163.377 
iter: 1  value: 26976.76 mgc: 8.173509 ustep: 1 
iter: 2  value: 26976.62 mgc: 0.3762002 ustep: 1 
iter: 3  value: 26976.62 mgc: 0.001318373 ustep: 1 
iter: 4  value: 26976.62 mgc: 7.136691e-08 ustep: 1 
iter: 5  mgc: 8.056167e-12 
iter: 1  mgc: 8.056167e-12 
outer mgc:  40.88115 
iter: 1  value: 26967.41 mgc: 26.59359 ustep: 1 
iter: 2  value: 26961.29 mgc: 3.555855 ustep: 1 
iter: 3  value: 26961.28 mgc: 0.08002437 ustep: 1 
iter: 4  value: 26961.28 mgc: 0.0001078286 ustep: 0.8994163 
iter: 5  value: 26961.28 mgc: 1.298089e-06 ustep: 0.772724 
iter: 6  value: 26961.28 mgc: 1.037392e-07 ustep: 0.4101874 
iter: 7  value: 26961.28 mgc: 3.232725e-08 ustep: 0.6404947 
iter: 8  mgc: 6.545667e-09 
iter: 1  mgc: 6.545667e-09 
outer mgc:  173.405 
iter: 1  value: 26923.04 mgc: 21.99082 ustep: 1 
iter: 2  value: 26909.63 mgc: 4.448997 ustep: 1 
iter: 3  value: 26909.61 mgc: 0.1763011 ustep: 1 
iter: 4  value: 26909.61 mgc: 0.000567801 ustep: 1 
iter: 5  value: 26909.61 mgc: 1.426467e-08 ustep: 0.008923143 
mgc: 1.270404e-08 
iter: 1  value: 26909.61 mgc: 1.270404e-08 ustep: 0.01776843 
mgc: 1.026044e-08 
outer mgc:  85.42182 
iter: 1  value: 26897.5 mgc: 9.055997 ustep: 1 
iter: 2  value: 26897.37 mgc: 0.4147289 ustep: 1 
iter: 3  value: 26897.37 mgc: 0.001983123 ustep: 1 
iter: 4  value: 26897.37 mgc: 1.1379e-07 ustep: 1 
iter: 5  mgc: 3.116396e-12 
iter: 1  mgc: 3.116396e-12 
outer mgc:  147.1404 
iter: 1  value: 26884.26 mgc: 20.5247 ustep: 1 
iter: 2  value: 26880.8 mgc: 2.169918 ustep: 1 
iter: 3  value: 26880.79 mgc: 0.06266182 ustep: 1 
iter: 4  value: 26880.79 mgc: 6.827625e-05 ustep: 0.9999 
iter: 5  mgc: 3.811901e-10 
iter: 1  mgc: 3.811901e-10 
outer mgc:  200.9073 
iter: 1  value: 26848.66 mgc: 23.76487 ustep: 1 
iter: 2  value: 26845.71 mgc: 2.624725 ustep: 1 
iter: 3  value: 26845.71 mgc: 0.0450108 ustep: 1 
iter: 4  value: 26845.71 mgc: 1.700769e-05 ustep: 1 
iter: 5  mgc: 3.100631e-12 
iter: 1  mgc: 3.100631e-12 
outer mgc:  53.96963 
iter: 1  value: 26801.15 mgc: 9.658967 ustep: 1 
iter: 2  value: 26801.06 mgc: 0.3191874 ustep: 1 
iter: 3  value: 26801.06 mgc: 0.001567654 ustep: 1 
iter: 4  value: 26801.06 mgc: 5.344185e-08 ustep: 1 
mgc: 8.569812e-13 
iter: 1  value: 26571.56 mgc: 13.59087 ustep: 1 
iter: 2  value: 26570.93 mgc: 0.9827604 ustep: 1 
iter: 3  value: 26570.93 mgc: 0.01310407 ustep: 1 
iter: 4  value: 26570.93 mgc: 4.683239e-06 ustep: 1 
iter: 5  mgc: 1.123462e-12 
iter: 1  value: 27429.96 mgc: 7.890355 ustep: 1 
iter: 2  value: 27411.59 mgc: 2.135855 ustep: 1 
iter: 3  value: 27411.53 mgc: 0.1929535 ustep: 1 
iter: 4  value: 27411.53 mgc: 0.003456771 ustep: 1 
iter: 5  value: 27411.53 mgc: 1.252634e-06 ustep: 1 
iter: 6  mgc: 1.618705e-13 
iter: 1  mgc: 1.123462e-12 
outer mgc:  224.5115 
iter: 1  value: 26451.43 mgc: 7.004015 ustep: 1 
iter: 2  value: 26423.09 mgc: 3.647272 ustep: 1 
iter: 3  value: 26422.92 mgc: 0.3958811 ustep: 1 
iter: 4  value: 26422.92 mgc: 0.01056268 ustep: 1 
iter: 5  value: 26422.92 mgc: 1.40358e-05 ustep: 1 
iter: 6  mgc: 2.447798e-11 
iter: 1  mgc: 2.447798e-11 
outer mgc:  213.772 
iter: 1  value: 27675.83 mgc: 12.94153 ustep: 0.4228516 
iter: 2  value: 27266.2 mgc: 16.39881 ustep: 0.3400036 
iter: 3  value: 27216.73 mgc: 10.66578 ustep: 0.3296815 
iter: 4  value: 27167.42 mgc: 10.74664 ustep: 0.178363 
iter: 5  value: 27164.55 mgc: 1.841029 ustep: 0.4223882 
iter: 6  value: 27164.22 mgc: 0.5303517 ustep: 0.649949 
iter: 7  value: 27164.2 mgc: 0.0812816 ustep: 0.8062135 
iter: 8  value: 27164.2 mgc: 0.007803064 ustep: 0.8979042 
iter: 9  value: 27164.2 mgc: 0.0006501659 ustep: 0.9475833 
iter: 10  value: 27164.2 mgc: 2.752053e-05 ustep: 0.9734416 
iter: 11  value: 27164.2 mgc: 5.865078e-07 ustep: 0.9866328 
iter: 12  mgc: 6.271028e-09 
iter: 1  value: 26180.87 mgc: 6.848507 ustep: 1 
iter: 2  value: 26104.02 mgc: 5.151304 ustep: 1 
iter: 3  value: 26103.54 mgc: 0.7474746 ustep: 1 
iter: 4  value: 26103.54 mgc: 0.02458673 ustep: 1 
iter: 5  value: 26103.54 mgc: 5.006523e-05 ustep: 1 
iter: 6  mgc: 2.255673e-10 
iter: 1  mgc: 2.255673e-10 
outer mgc:  65.7876 
iter: 1  value: 26086.05 mgc: 5.057961 ustep: 1 
iter: 2  value: 26084.48 mgc: 0.9963564 ustep: 1 
iter: 3  value: 26084.48 mgc: 0.04169518 ustep: 1 
iter: 4  value: 26084.48 mgc: 0.0001091459 ustep: 1 
iter: 5  mgc: 1.021959e-09 
iter: 1  value: 26032.27 mgc: 1.862135 ustep: 1 
iter: 2  value: 26032.24 mgc: 0.1533611 ustep: 1 
iter: 3  value: 26032.24 mgc: 0.001788357 ustep: 1 
iter: 4  value: 26032.24 mgc: 2.526689e-07 ustep: 1 
iter: 5  mgc: 6.328271e-15 
iter: 1  mgc: 6.328271e-15 
outer mgc:  30.74538 
iter: 1  value: 25997.4 mgc: 4.705103 ustep: 1 
iter: 2  value: 25994.75 mgc: 1.138281 ustep: 1 
iter: 3  value: 25994.75 mgc: 0.02693157 ustep: 1 
iter: 4  value: 25994.75 mgc: 2.097577e-05 ustep: 1 
iter: 5  mgc: 1.583556e-11 
iter: 1  mgc: 1.583556e-11 
outer mgc:  51.79839 
iter: 1  value: 25964.53 mgc: 4.529235 ustep: 1 
iter: 2  value: 25964.28 mgc: 0.2928593 ustep: 1 
iter: 3  value: 25964.28 mgc: 0.00264992 ustep: 1 
iter: 4  value: 25964.28 mgc: 2.388105e-07 ustep: 1 
iter: 5  mgc: 6.994405e-15 
iter: 1  mgc: 6.994405e-15 
outer mgc:  26.83349 
iter: 1  value: 25918.05 mgc: 2.47808 ustep: 1 
iter: 2  value: 25918 mgc: 0.1633512 ustep: 1 
iter: 3  value: 25918 mgc: 0.002069721 ustep: 1 
iter: 4  value: 25918 mgc: 3.673786e-07 ustep: 1 
iter: 5  mgc: 1.154632e-14 
iter: 1  mgc: 1.154632e-14 
outer mgc:  31.93438 
iter: 1  value: 25898.9 mgc: 3.997827 ustep: 1 
iter: 2  value: 25898.78 mgc: 0.2220232 ustep: 1 
iter: 3  value: 25898.78 mgc: 0.001116922 ustep: 1 
iter: 4  value: 25898.78 mgc: 2.917527e-08 ustep: 1 
mgc: 5.884182e-15 
iter: 1  value: 25909.74 mgc: 1.603553 ustep: 1 
iter: 2  value: 25909.73 mgc: 0.06558918 ustep: 1 
iter: 3  value: 25909.73 mgc: 0.000150647 ustep: 1 
iter: 4  mgc: 7.655212e-10 
iter: 1  mgc: 7.655212e-10 
outer mgc:  19.19134 
iter: 1  value: 25899.57 mgc: 1.654055 ustep: 1 
iter: 2  value: 25899.56 mgc: 0.06804831 ustep: 1 
iter: 3  value: 25899.56 mgc: 0.0001389437 ustep: 1 
iter: 4  mgc: 6.029282e-10 
iter: 1  mgc: 6.029282e-10 
outer mgc:  33.55891 
iter: 1  value: 25890.16 mgc: 0.9638061 ustep: 1 
iter: 2  value: 25890.16 mgc: 0.02438339 ustep: 1 
iter: 3  value: 25890.16 mgc: 1.622076e-05 ustep: 1 
iter: 4  mgc: 8.513634e-12 
iter: 1  mgc: 8.513634e-12 
outer mgc:  9.661622 
iter: 1  value: 25882.29 mgc: 1.02075 ustep: 1 
iter: 2  value: 25882.29 mgc: 0.007030753 ustep: 1 
iter: 3  value: 25882.29 mgc: 1.185582e-06 ustep: 1 
iter: 4  mgc: 4.241052e-14 
iter: 1  mgc: 4.241052e-14 
outer mgc:  22.62418 
iter: 1  value: 25869.09 mgc: 0.9545983 ustep: 1 
iter: 2  value: 25869.09 mgc: 0.01070492 ustep: 1 
iter: 3  value: 25869.09 mgc: 1.02356e-06 ustep: 1 
iter: 4  mgc: 1.398881e-14 
iter: 1  mgc: 1.398881e-14 
outer mgc:  9.707678 
iter: 1  value: 25858.89 mgc: 0.8318536 ustep: 1 
iter: 2  value: 25858.89 mgc: 0.004050838 ustep: 1 
iter: 3  value: 25858.89 mgc: 3.825081e-07 ustep: 1 
iter: 4  mgc: 9.992007e-15 
iter: 1  mgc: 9.992007e-15 
outer mgc:  7.819716 
iter: 1  value: 25836.17 mgc: 1.118139 ustep: 1 
iter: 2  value: 25836.17 mgc: 0.01589619 ustep: 1 
iter: 3  value: 25836.17 mgc: 5.089425e-06 ustep: 1 
iter: 4  mgc: 4.62741e-13 
iter: 1  mgc: 4.62741e-13 
outer mgc:  16.91728 
iter: 1  value: 25811.6 mgc: 0.9947829 ustep: 1 
iter: 2  value: 25811.6 mgc: 0.01858372 ustep: 1 
iter: 3  value: 25811.6 mgc: 1.734063e-05 ustep: 1 
iter: 4  mgc: 1.532574e-11 
iter: 1  mgc: 1.532574e-11 
outer mgc:  11.04502 
iter: 1  value: 25788.8 mgc: 1.295511 ustep: 1 
iter: 2  value: 25788.8 mgc: 0.01283772 ustep: 1 
iter: 3  value: 25788.8 mgc: 2.569163e-06 ustep: 1 
iter: 4  mgc: 2.846612e-13 
iter: 1  mgc: 2.846612e-13 
outer mgc:  20.90529 
iter: 1  value: 25765.68 mgc: 1.117553 ustep: 1 
iter: 2  value: 25765.68 mgc: 0.006701641 ustep: 1 
iter: 3  value: 25765.68 mgc: 2.103238e-07 ustep: 1 
iter: 4  mgc: 4.551914e-15 
iter: 1  mgc: 4.551914e-15 
outer mgc:  29.2607 
iter: 1  value: 25748.42 mgc: 1.9122 ustep: 1 
iter: 2  value: 25748.42 mgc: 0.01429664 ustep: 1 
iter: 3  value: 25748.42 mgc: 2.122768e-06 ustep: 1 
iter: 4  mgc: 5.950795e-14 
iter: 1  value: 25762.11 mgc: 1.31483 ustep: 1 
iter: 2  value: 25762.11 mgc: 0.006625403 ustep: 1 
iter: 3  value: 25762.11 mgc: 1.285215e-07 ustep: 1 
iter: 4  mgc: 7.993606e-15 
iter: 1  mgc: 7.993606e-15 
outer mgc:  33.30214 
iter: 1  value: 25760.54 mgc: 0.9271279 ustep: 1 
iter: 2  value: 25760.54 mgc: 0.003970818 ustep: 1 
iter: 3  value: 25760.54 mgc: 6.832256e-08 ustep: 1 
iter: 4  mgc: 5.828671e-15 
iter: 1  mgc: 5.828671e-15 
outer mgc:  6.915289 
iter: 1  value: 25750.79 mgc: 0.3466519 ustep: 1 
iter: 2  value: 25750.79 mgc: 0.0008595462 ustep: 1 
iter: 3  value: 25750.79 mgc: 1.657856e-08 ustep: 1 
mgc: 6.217249e-15 
iter: 1  mgc: 6.217249e-15 
outer mgc:  4.902007 
iter: 1  value: 25741.34 mgc: 0.442068 ustep: 1 
iter: 2  value: 25741.34 mgc: 0.001100497 ustep: 1 
iter: 3  value: 25741.34 mgc: 1.360564e-08 ustep: 1 
mgc: 5.107026e-15 
iter: 1  mgc: 5.107026e-15 
outer mgc:  10.97235 
iter: 1  value: 25729.08 mgc: 0.6689854 ustep: 1 
iter: 2  value: 25729.08 mgc: 0.002043322 ustep: 1 
iter: 3  value: 25729.08 mgc: 3.042016e-08 ustep: 1 
mgc: 5.77316e-15 
iter: 1  mgc: 5.77316e-15 
outer mgc:  8.277865 
iter: 1  value: 25718.54 mgc: 0.5715558 ustep: 1 
iter: 2  value: 25718.54 mgc: 0.001652669 ustep: 1 
iter: 3  value: 25718.54 mgc: 3.171063e-08 ustep: 1 
mgc: 5.995204e-15 
iter: 1  mgc: 5.995204e-15 
outer mgc:  5.54777 
iter: 1  value: 25711.82 mgc: 0.8479896 ustep: 1 
iter: 2  value: 25711.82 mgc: 0.001526405 ustep: 1 
iter: 3  value: 25711.82 mgc: 2.074084e-08 ustep: 1 
mgc: 3.996803e-15 
iter: 1  value: 25717.46 mgc: 0.1886452 ustep: 1 
iter: 2  value: 25717.46 mgc: 0.0001206943 ustep: 1 
iter: 3  mgc: 4.524921e-11 
iter: 1  mgc: 4.524921e-11 
outer mgc:  5.309464 
iter: 1  value: 25714.9 mgc: 0.1851198 ustep: 1 
iter: 2  value: 25714.9 mgc: 9.246392e-05 ustep: 1 
iter: 3  mgc: 2.9032e-11 
iter: 1  mgc: 2.9032e-11 
outer mgc:  2.615728 
iter: 1  value: 25711.86 mgc: 0.1687112 ustep: 1 
iter: 2  value: 25711.86 mgc: 4.886525e-05 ustep: 1 
iter: 3  mgc: 2.504308e-11 
iter: 1  mgc: 2.504308e-11 
outer mgc:  3.625809 
iter: 1  value: 25708.78 mgc: 0.1747764 ustep: 1 
iter: 2  value: 25708.78 mgc: 8.662992e-05 ustep: 1 
iter: 3  mgc: 2.261125e-11 
iter: 1  value: 25704.67 mgc: 0.1391775 ustep: 1 
iter: 2  value: 25704.67 mgc: 4.084227e-05 ustep: 1 
iter: 3  mgc: 3.50755e-11 
iter: 1  value: 25685.93 mgc: 0.6751769 ustep: 1 
iter: 2  value: 25685.93 mgc: 0.000783271 ustep: 1 
iter: 3  value: 25685.93 mgc: 1.066459e-08 ustep: 1 
mgc: 7.21645e-15 
iter: 1  mgc: 7.21645e-15 
outer mgc:  5.436192 
iter: 1  value: 25659.91 mgc: 0.9746607 ustep: 1 
iter: 2  value: 25659.91 mgc: 0.002638942 ustep: 1 
iter: 3  value: 25659.91 mgc: 8.844391e-08 ustep: 1 
iter: 4  mgc: 3.996803e-15 
iter: 1  value: 25630.64 mgc: 1.053948 ustep: 1 
iter: 2  value: 25630.64 mgc: 0.002049327 ustep: 1 
iter: 3  value: 25630.64 mgc: 3.745253e-08 ustep: 1 
mgc: 5.440093e-15 
iter: 1  mgc: 5.440093e-15 
outer mgc:  4.087015 
iter: 1  value: 25579.5 mgc: 2.243495 ustep: 1 
iter: 2  value: 25579.5 mgc: 0.004945831 ustep: 1 
iter: 3  value: 25579.5 mgc: 1.211311e-07 ustep: 1 
iter: 4  mgc: 4.107825e-15 
iter: 1  mgc: 4.107825e-15 
outer mgc:  5.508173 
iter: 1  value: 25527.42 mgc: 3.226835 ustep: 1 
iter: 2  value: 25527.42 mgc: 0.004248889 ustep: 1 
iter: 3  value: 25527.42 mgc: 2.096226e-08 ustep: 1 
mgc: 5.107026e-15 
iter: 1  value: 25566.78 mgc: 0.5523023 ustep: 1 
iter: 2  value: 25566.78 mgc: 0.0002674549 ustep: 1 
iter: 3  mgc: 3.386678e-10 
iter: 1  mgc: 3.386678e-10 
outer mgc:  6.256269 
iter: 1  value: 25559.12 mgc: 0.5175118 ustep: 1 
iter: 2  value: 25559.12 mgc: 0.0001000097 ustep: 1 
iter: 3  mgc: 2.858513e-11 
iter: 1  mgc: 2.858513e-11 
outer mgc:  7.681781 
iter: 1  value: 25547.61 mgc: 0.8528838 ustep: 1 
iter: 2  value: 25547.61 mgc: 0.0004376495 ustep: 1 
iter: 3  mgc: 1.929528e-10 
iter: 1  mgc: 1.929528e-10 
outer mgc:  9.772179 
iter: 1  value: 25533.99 mgc: 0.6380641 ustep: 1 
iter: 2  value: 25533.99 mgc: 0.0001404842 ustep: 1 
iter: 3  mgc: 3.08118e-11 
iter: 1  mgc: 3.08118e-11 
outer mgc:  1.914154 
iter: 1  value: 25518.68 mgc: 0.5825326 ustep: 1 
iter: 2  value: 25518.68 mgc: 0.0001413371 ustep: 1 
iter: 3  mgc: 5.153389e-11 
iter: 1  value: 25496.74 mgc: 0.8549587 ustep: 1 
iter: 2  value: 25496.74 mgc: 0.000243135 ustep: 1 
iter: 3  mgc: 1.364584e-10 
iter: 1  mgc: 1.364584e-10 
outer mgc:  1.805343 
iter: 1  value: 25461.44 mgc: 1.986721 ustep: 1 
iter: 2  value: 25461.44 mgc: 0.0007617197 ustep: 1 
iter: 3  mgc: 2.451479e-10 
iter: 1  mgc: 2.451479e-10 
outer mgc:  3.238772 
iter: 1  value: 25429.65 mgc: 2.100035 ustep: 1 
iter: 2  value: 25429.65 mgc: 0.0004670256 ustep: 1 
iter: 3  mgc: 3.932232e-11 
iter: 1  mgc: 3.932232e-11 
outer mgc:  2.276395 
iter: 1  value: 25395.03 mgc: 1.787783 ustep: 1 
iter: 2  value: 25395.03 mgc: 0.000232031 ustep: 1 
iter: 3  mgc: 5.120926e-11 
iter: 1  value: 25349.45 mgc: 2.455094 ustep: 1 
iter: 2  value: 25349.45 mgc: 0.0002362959 ustep: 1 
iter: 3  mgc: 6.974377e-11 
iter: 1  mgc: 6.974377e-11 
outer mgc:  1.373763 
iter: 1  value: 25275.57 mgc: 5.591627 ustep: 1 
iter: 2  value: 25275.57 mgc: 0.0003460879 ustep: 1 
iter: 3  mgc: 9.425527e-11 
iter: 1  mgc: 9.425527e-11 
outer mgc:  1.493761 
iter: 1  value: 25214.01 mgc: 4.651178 ustep: 1 
iter: 2  value: 25214.01 mgc: 0.0002005768 ustep: 1 
iter: 3  mgc: 4.633494e-11 
iter: 1  value: 25254.87 mgc: 1.268765 ustep: 1 
iter: 2  value: 25254.87 mgc: 2.558599e-05 ustep: 1 
iter: 3  mgc: 9.037215e-13 
iter: 1  mgc: 9.037215e-13 
outer mgc:  1.293986 
iter: 1  value: 25235.1 mgc: 1.065919 ustep: 1 
iter: 2  value: 25235.1 mgc: 5.952024e-06 ustep: 1 
iter: 3  mgc: 5.551115e-14 
iter: 1  mgc: 5.551115e-14 
outer mgc:  0.4731265 
iter: 1  value: 25215.29 mgc: 1.143846 ustep: 1 
iter: 2  value: 25215.29 mgc: 7.156172e-06 ustep: 1 
iter: 3  mgc: 8.126833e-14 
iter: 1  value: 25180.67 mgc: 2.131689 ustep: 1 
iter: 2  value: 25180.67 mgc: 2.038362e-05 ustep: 1 
iter: 3  mgc: 6.084022e-13 
iter: 1  mgc: 6.084022e-13 
outer mgc:  0.611405 
iter: 1  value: 25127.44 mgc: 3.867038 ustep: 1 
iter: 2  value: 25127.44 mgc: 2.073357e-05 ustep: 1 
iter: 3  mgc: 5.768719e-13 
iter: 1  mgc: 5.768719e-13 
outer mgc:  0.6160177 
iter: 1  value: 25086.22 mgc: 3.000369 ustep: 1 
iter: 2  value: 25086.22 mgc: 1.427906e-05 ustep: 1 
iter: 3  mgc: 1.714184e-13 
iter: 1  mgc: 1.714184e-13 
outer mgc:  0.3151314 
iter: 1  value: 25030.93 mgc: 4.450121 ustep: 1 
iter: 2  value: 25030.93 mgc: 2.86113e-05 ustep: 1 
iter: 3  mgc: 7.220891e-13 
iter: 1  mgc: 7.220891e-13 
outer mgc:  0.132764 
iter: 1  value: 24979.31 mgc: 4.182893 ustep: 1 
iter: 2  value: 24979.31 mgc: 1.172119e-05 ustep: 1 
iter: 3  mgc: 1.714184e-13 
iter: 1  mgc: 1.714184e-13 
outer mgc:  0.2053216 
iter: 1  value: 24890.12 mgc: 9.100132 ustep: 1 
iter: 2  value: 24890.12 mgc: 0.0001099332 ustep: 1 
iter: 3  mgc: 1.980638e-11 
iter: 1  mgc: 1.980638e-11 
outer mgc:  0.176937 
iter: 1  value: 24801 mgc: 9.093675 ustep: 1 
iter: 2  value: 24801 mgc: 0.0001952238 ustep: 1 
iter: 3  mgc: 8.005507e-11 
iter: 1  mgc: 8.005507e-11 
outer mgc:  0.1157459 
iter: 1  value: 24775.82 mgc: 1.740794 ustep: 1 
iter: 2  value: 24775.82 mgc: 1.275844e-05 ustep: 1 
iter: 3  mgc: 3.623768e-13 
iter: 1  mgc: 3.623768e-13 
outer mgc:  0.03231384 
iter: 1  value: 24770.09 mgc: 0.3002157 ustep: 1 
iter: 2  value: 24770.09 mgc: 3.512207e-06 ustep: 1 
iter: 3  mgc: 9.769963e-15 
iter: 1  mgc: 9.769963e-15 
outer mgc:  0.02192898 
iter: 1  value: 24764.47 mgc: 0.3033668 ustep: 1 
iter: 2  value: 24764.47 mgc: 1.129961e-06 ustep: 1 
iter: 3  mgc: 5.107026e-15 
iter: 1  mgc: 5.107026e-15 
outer mgc:  0.01815547 
iter: 1  value: 24753.09 mgc: 0.6751567 ustep: 1 
iter: 2  value: 24753.09 mgc: 7.407934e-07 ustep: 1 
iter: 3  mgc: 4.884981e-15 
iter: 1  mgc: 4.884981e-15 
outer mgc:  0.01535493 
iter: 1  value: 24726.18 mgc: 1.755813 ustep: 1 
iter: 2  value: 24726.18 mgc: 7.49301e-07 ustep: 1 
iter: 3  mgc: 5.329071e-15 
iter: 1  mgc: 5.329071e-15 
outer mgc:  0.01252794 
iter: 1  value: 24699.6 mgc: 1.757024 ustep: 1 
iter: 2  value: 24699.6 mgc: 1.148989e-07 ustep: 1 
iter: 3  mgc: 4.440892e-15 
iter: 1  mgc: 4.440892e-15 
outer mgc:  0.01027208 
iter: 1  value: 24623.25 mgc: 6.550126 ustep: 1 
iter: 2  value: 24623.25 mgc: 2.265737e-07 ustep: 1 
iter: 3  mgc: 6.106227e-15 
iter: 1  mgc: 6.106227e-15 
outer mgc:  0.01181166 
iter: 1  value: 24552.03 mgc: 5.990344 ustep: 1 
iter: 2  value: 24552.03 mgc: 7.789745e-07 ustep: 1 
iter: 3  mgc: 5.77316e-15 
iter: 1  mgc: 5.77316e-15 
outer mgc:  0.006442576 
iter: 1  value: 24484.83 mgc: 5.532184 ustep: 1 
iter: 2  value: 24484.83 mgc: 4.178268e-07 ustep: 1 
iter: 3  mgc: 4.884981e-15 
iter: 1  mgc: 4.884981e-15 
outer mgc:  0.001032778 
iter: 1  value: 24431.45 mgc: 4.077543 ustep: 1 
iter: 2  value: 24431.45 mgc: 4.119116e-08 ustep: 1 
mgc: 4.440892e-15 
iter: 1  mgc: 4.440892e-15 
outer mgc:  0.002774531 
iter: 1  value: 24377.96 mgc: 4.07739 ustep: 1 
iter: 2  mgc: 1.109974e-10 
iter: 1  mgc: 1.109974e-10 
outer mgc:  0.002973296 
iter: 1  value: 24298.51 mgc: 6.922619 ustep: 1 
iter: 2  value: 24298.51 mgc: 2.690768e-08 ustep: 1 
mgc: 4.440892e-15 
iter: 1  mgc: 4.440892e-15 
outer mgc:  0.001470827 
iter: 1  value: 24229.55 mgc: 5.685984 ustep: 1 
iter: 2  value: 24229.55 mgc: 1.953859e-08 ustep: 1 
mgc: 4.246603e-15 
iter: 1  mgc: 4.246603e-15 
outer mgc:  4.651002e-05 
iter: 1  mgc: 4.246603e-15 
iter: 1  mgc: 4.246603e-15 
outer mgc:  4.651002e-05 
iter: 1  value: 24229.55 mgc: 0.005120579 ustep: 1 
iter: 2  value: 24229.55 mgc: 2.956493e-08 ustep: 1 
mgc: 4.218847e-15 
outer mgc:  0.2930537 
iter: 1  value: 24229.56 mgc: 0.005117645 ustep: 1 
iter: 2  value: 24229.56 mgc: 2.956108e-08 ustep: 1 
mgc: 5.329071e-15 
outer mgc:  0.2927958 
iter: 1  value: 24229.55 mgc: 0.002832593 ustep: 1 
iter: 2  mgc: 9.463313e-09 
outer mgc:  0.1609066 
iter: 1  value: 24229.55 mgc: 0.002831231 ustep: 1 
iter: 2  mgc: 9.462373e-09 
outer mgc:  0.1607496 
iter: 1  value: 24229.56 mgc: 0.005867471 ustep: 1 
iter: 2  value: 24229.56 mgc: 1.023541e-08 ustep: 1 
mgc: 5.329071e-15 
outer mgc:  0.4921539 
iter: 1  value: 24229.55 mgc: 0.005866839 ustep: 1 
iter: 2  value: 24229.55 mgc: 1.022523e-08 ustep: 1 
mgc: 5.107026e-15 
outer mgc:  0.4920364 
iter: 1  value: 24229.55 mgc: 0.003035101 ustep: 1 
iter: 2  mgc: 3.485045e-09 
outer mgc:  0.2464187 
iter: 1  value: 24229.55 mgc: 0.003035292 ustep: 1 
iter: 2  mgc: 3.482027e-09 
outer mgc:  0.2463919 
iter: 1  value: 24229.55 mgc: 0.005175296 ustep: 1 
iter: 2  mgc: 2.100214e-09 
outer mgc:  0.3055567 
iter: 1  value: 24229.55 mgc: 0.005172319 ustep: 1 
iter: 2  mgc: 2.097396e-09 
outer mgc:  0.305202 
iter: 1  value: 24229.55 mgc: 0.002709372 ustep: 1 
iter: 2  mgc: 9.709503e-10 
outer mgc:  0.1565062 
iter: 1  value: 24229.55 mgc: 0.002707956 ustep: 1 
iter: 2  mgc: 9.697442e-10 
outer mgc:  0.1562916 
iter: 1  value: 24229.55 mgc: 0.002262864 ustep: 1 
iter: 2  value: 24229.55 mgc: 1.205485e-08 ustep: 1 
mgc: 3.885781e-15 
outer mgc:  0.1458837 
iter: 1  value: 24229.56 mgc: 0.002261032 ustep: 1 
iter: 2  value: 24229.56 mgc: 1.202404e-08 ustep: 1 
mgc: 4.884981e-15 
outer mgc:  0.1456858 
iter: 1  value: 24229.55 mgc: 0.0009169578 ustep: 1 
iter: 2  mgc: 1.749378e-09 
outer mgc:  0.05777682 
iter: 1  value: 24229.55 mgc: 0.0009161534 ustep: 1 
iter: 2  mgc: 1.745558e-09 
outer mgc:  0.05771514 
iter: 1  value: 24229.6 mgc: 0.005762992 ustep: 1 
iter: 2  value: 24229.6 mgc: 2.811404e-08 ustep: 1 
mgc: 5.440093e-15 
outer mgc:  0.002229542 
iter: 1  value: 24229.51 mgc: 0.005768758 ustep: 1 
iter: 2  value: 24229.51 mgc: 2.807029e-08 ustep: 1 
mgc: 5.329071e-15 
outer mgc:  0.002204059 
iter: 1  value: 24229.6 mgc: 0.00623965 ustep: 1 
mgc: 5.551115e-15 
outer mgc:  4.649694e-05 
iter: 1  value: 24229.5 mgc: 0.006245893 ustep: 1 
mgc: 4.440892e-15 
outer mgc:  4.652309e-05 
iter: 1  value: 24229.6 mgc: 0.004087628 ustep: 1 
mgc: 5.107026e-15 
outer mgc:  4.650951e-05 
iter: 1  value: 24229.5 mgc: 0.004091717 ustep: 1 
mgc: 6.217249e-15 
outer mgc:  4.651054e-05 
iter: 1  value: 24229.6 mgc: 0.002679876 ustep: 1 
iter: 2  value: 24229.6 mgc: 1.166807e-08 ustep: 1 
mgc: 5.77316e-15 
outer mgc:  0.001619321 
iter: 1  value: 24229.51 mgc: 0.002682557 ustep: 1 
iter: 2  value: 24229.51 mgc: 1.165016e-08 ustep: 1 
mgc: 5.870304e-15 
outer mgc:  0.001711048 
iter: 1  value: 24229.55 mgc: 0.003499181 ustep: 1 
iter: 2  mgc: 4.369637e-09 
outer mgc:  0.1715428 
iter: 1  value: 24229.56 mgc: 0.003497045 ustep: 1 
iter: 2  mgc: 4.362471e-09 
outer mgc:  0.1713997 
iter: 1  value: 24229.55 mgc: 0.003420787 ustep: 1 
iter: 2  mgc: 6.743315e-09 
outer mgc:  0.1646212 
iter: 1  value: 24229.56 mgc: 0.003418371 ustep: 1 
iter: 2  mgc: 6.727835e-09 
outer mgc:  0.1645944 
Warning message:
package ‘nnet’ was built under R version 3.6.3 
[Sun Aug 15 15:59:03 2021]
Finished job 0.
1 of 1 steps (100%) done
