Building DAG of jobs...
Using shell: /usr/bin/bash
Provided cores: 1 (use --cores to define parallelism)
Rules claiming more threads will be scaled down.
Job counts:
	count	jobs
	1	inference_simulation_TMB_multiple
	1

[Fri Aug 13 11:22:03 2021]
rule inference_simulation_TMB_multiple:
    input: ../data/assessing_models_simulation/datasets/multiple_GenerationInoRE_50_100_10_4_0.2_NA_NA_NA_dataset0.RDS
    output: ../data/assessing_models_simulation/inference_results/TMB/nlminb/multiple_GenerationInoRE_50_100_10_4_0.2_fullREDMsinglelambda_NA_NA_NA_dataset0.RDS
    log: logs/inference/nlminb/simulation_GenerationInoRE_50_100_10_4_0.2_ModelfullREDMsinglelambda_NA_NA_NA_dataset0.log
    jobid: 0
    wildcards: optimiser=nlminb, datasetgeneration=GenerationInoRE, n=50, nlambda=100, lmbda=10, d=4, beta_intensity=0.2, model=fullREDMsinglelambda, fixed_beta_intercept=NA, fixed_beta_slope=NA, sdRE_input=NA, itnum=0

Rscript 2_inference_TMB/run_TMB.R --input ../data/assessing_models_simulation/datasets/multiple_GenerationInoRE_50_100_10_4_0.2_NA_NA_NA_dataset0.RDS --output ../data/assessing_models_simulation/inference_results/TMB/nlminb/multiple_GenerationInoRE_50_100_10_4_0.2_fullREDMsinglelambda_NA_NA_NA_dataset0.RDS --model fullREDMsinglelambda --optimiser nlminb
Model: fullREDMsinglelambda 
Feature type: signatures 
Using nlminb: TRUE 
Simulation boolean: TRUE 
make: Nothing to be done for 'all'.
../data/assessing_models_simulation/datasets/multiple_GenerationInoRE_50_100_10_4_0.2_NA_NA_NA_dataset0.RDS[1] "../data/assessing_models_simulation/datasets/multiple_GenerationInoRE_50_100_10_4_0.2_NA_NA_NA_dataset0.RDS"
Reading file ../data/assessing_models_simulation/datasets/multiple_GenerationInoRE_50_100_10_4_0.2_NA_NA_NA_dataset0.RDS 
Loading required package: nnet
# weights:  12 (6 variable)
initial  value 13735.404530 
iter  10 value 11838.235713
final  value 11838.235218 
converged
Order of parameters:
[1] "beta"       "u_large"    "logs_sd_RE" "cov_par_RE" "log_lambda"
Not matching template order:
[1] "beta"       "logs_sd_RE" "cov_par_RE" "log_lambda" "u_large"   
Your parameter list has been re-ordered.
(Disable this warning with checkParameterOrder=FALSE)
Constructing atomic invpd
Constructing atomic D_lgamma
Constructing atomic invpd
Constructing atomic D_lgamma
Constructing atomic matmul
Constructing atomic invpd
Constructing atomic D_lgamma
Constructing atomic matmul
Optimizing tape... Done
iter: 1  value: 11362.42 mgc: 5.514211 ustep: 0.53933 
iter: 2  value: 11250.62 mgc: 9.55514 ustep: 0.7344174 
iter: 3  value: 11226.53 mgc: 3.56673 ustep: 0.621779 
iter: 4  value: 11225.55 mgc: 1.130785 ustep: 0.7885508 
iter: 5  value: 11225.52 mgc: 0.08755984 ustep: 0.888015 
iter: 6  value: 11225.51 mgc: 0.01417949 ustep: 0.9423513 
iter: 7  value: 11225.51 mgc: 0.001219351 ustep: 0.9707507 
iter: 8  value: 11225.51 mgc: 5.38159e-05 ustep: 0.9852683 
iter: 9  value: 11225.51 mgc: 1.171285e-06 ustep: 0.9926076 
iter: 10  value: 11225.51 mgc: 1.269793e-08 ustep: 0.9962973 
iter: 11  mgc: 8.158663e-11 
iter: 1  mgc: 8.158663e-11 
Matching hessian patterns... Done
outer mgc:  74.36353 
iter: 1  value: 11111.1 mgc: 1.276328 ustep: 1 
iter: 2  value: 11111.05 mgc: 0.2118997 ustep: 1 
iter: 3  value: 11111.05 mgc: 0.00266631 ustep: 1 
iter: 4  value: 11111.05 mgc: 6.661552e-07 ustep: 1 
iter: 5  mgc: 1.633416e-14 
iter: 1  value: 11036.87 mgc: 4.804795 ustep: 1 
iter: 2  value: 11031.7 mgc: 2.121162 ustep: 1 
iter: 3  value: 11031.69 mgc: 0.129712 ustep: 1 
iter: 4  value: 11031.69 mgc: 0.00104775 ustep: 1 
iter: 5  value: 11031.69 mgc: 1.07672e-07 ustep: 1 
iter: 6  mgc: 7.854828e-15 
iter: 1  mgc: 7.854828e-15 
outer mgc:  46.02912 
iter: 1  value: 10949.36 mgc: 8.539833 ustep: 1 
iter: 2  value: 10948.65 mgc: 1.866342 ustep: 1 
iter: 3  value: 10948.65 mgc: 0.0701016 ustep: 1 
iter: 4  value: 10948.65 mgc: 0.0001085816 ustep: 1 
iter: 5  mgc: 2.606302e-10 
iter: 1  mgc: 2.606302e-10 
outer mgc:  125.8179 
iter: 1  value: 10983.44 mgc: 25.9651 ustep: 1 
iter: 2  value: 10980.48 mgc: 2.312634 ustep: 1 
iter: 3  value: 10980.48 mgc: 0.02210788 ustep: 1 
iter: 4  value: 10980.48 mgc: 3.136305e-06 ustep: 1 
iter: 5  mgc: 8.537615e-14 
iter: 1  value: 10898.1 mgc: 6.5712 ustep: 1 
iter: 2  value: 10892.78 mgc: 1.757838 ustep: 1 
iter: 3  value: 10892.77 mgc: 0.06590698 ustep: 1 
iter: 4  value: 10892.77 mgc: 0.0001183705 ustep: 1 
iter: 5  mgc: 5.419523e-10 
iter: 1  mgc: 5.419523e-10 
outer mgc:  31.86278 
iter: 1  value: 10855.17 mgc: 7.917007 ustep: 1 
iter: 2  value: 10855.15 mgc: 0.277371 ustep: 1 
iter: 3  value: 10855.15 mgc: 0.001500919 ustep: 1 
iter: 4  mgc: 6.974667e-09 
iter: 1  mgc: 6.974667e-09 
outer mgc:  35.97485 
iter: 1  value: 10921.74 mgc: 7.184443 ustep: 1 
iter: 2  value: 10921.59 mgc: 0.4334565 ustep: 1 
iter: 3  value: 10921.59 mgc: 0.001207568 ustep: 1 
iter: 4  value: 10921.59 mgc: 1.033605e-08 ustep: 1 
mgc: 6.217249e-15 
iter: 1  value: 10847.04 mgc: 1.194241 ustep: 1 
iter: 2  value: 10847.04 mgc: 0.008457353 ustep: 1 
iter: 3  value: 10847.04 mgc: 2.805972e-06 ustep: 1 
iter: 4  mgc: 7.899237e-14 
iter: 1  mgc: 7.899237e-14 
outer mgc:  6.601576 
iter: 1  value: 10839.9 mgc: 0.6563481 ustep: 1 
iter: 2  value: 10839.9 mgc: 0.00286347 ustep: 1 
iter: 3  value: 10839.9 mgc: 1.742927e-07 ustep: 1 
iter: 4  mgc: 8.881784e-15 
iter: 1  mgc: 8.881784e-15 
outer mgc:  6.230089 
iter: 1  value: 10834.56 mgc: 1.056572 ustep: 1 
iter: 2  value: 10834.56 mgc: 0.009427391 ustep: 1 
iter: 3  value: 10834.56 mgc: 2.10706e-06 ustep: 1 
iter: 4  mgc: 8.104628e-14 
iter: 1  mgc: 8.104628e-14 
outer mgc:  9.320716 
iter: 1  value: 10827.65 mgc: 1.454859 ustep: 1 
iter: 2  value: 10827.65 mgc: 0.008564659 ustep: 1 
iter: 3  value: 10827.65 mgc: 1.121135e-06 ustep: 1 
iter: 4  mgc: 1.332268e-14 
iter: 1  mgc: 1.332268e-14 
outer mgc:  3.271839 
iter: 1  value: 10820.32 mgc: 1.47105 ustep: 1 
iter: 2  value: 10820.32 mgc: 0.007088377 ustep: 1 
iter: 3  value: 10820.32 mgc: 8.880513e-07 ustep: 1 
iter: 4  mgc: 1.34337e-14 
iter: 1  mgc: 1.34337e-14 
outer mgc:  7.433478 
iter: 1  value: 10813.96 mgc: 1.817907 ustep: 1 
iter: 2  value: 10813.96 mgc: 0.007254296 ustep: 1 
iter: 3  value: 10813.96 mgc: 9.282757e-07 ustep: 1 
iter: 4  mgc: 1.776357e-14 
iter: 1  mgc: 1.776357e-14 
outer mgc:  4.788641 
iter: 1  value: 10809 mgc: 0.8494943 ustep: 1 
iter: 2  value: 10808.99 mgc: 0.003128538 ustep: 1 
iter: 3  value: 10808.99 mgc: 1.760762e-07 ustep: 1 
iter: 4  mgc: 7.105427e-15 
iter: 1  mgc: 7.105427e-15 
outer mgc:  6.000732 
iter: 1  value: 10807.98 mgc: 0.818607 ustep: 1 
iter: 2  value: 10807.98 mgc: 0.003289127 ustep: 1 
iter: 3  value: 10807.98 mgc: 1.466638e-07 ustep: 1 
iter: 4  mgc: 8.881784e-15 
iter: 1  mgc: 8.881784e-15 
outer mgc:  7.756857 
iter: 1  value: 10804.8 mgc: 0.7553413 ustep: 1 
iter: 2  value: 10804.8 mgc: 0.00328445 ustep: 1 
iter: 3  value: 10804.8 mgc: 2.188514e-07 ustep: 1 
iter: 4  mgc: 5.77316e-15 
iter: 1  mgc: 5.77316e-15 
outer mgc:  5.855123 
iter: 1  value: 10803.85 mgc: 0.4590173 ustep: 1 
iter: 2  value: 10803.85 mgc: 0.001950166 ustep: 1 
iter: 3  value: 10803.85 mgc: 5.928596e-08 ustep: 1 
iter: 4  mgc: 6.328271e-15 
iter: 1  mgc: 6.328271e-15 
outer mgc:  1.453401 
iter: 1  value: 10801.44 mgc: 0.8060705 ustep: 1 
iter: 2  value: 10801.44 mgc: 0.001247336 ustep: 1 
iter: 3  mgc: 9.880327e-09 
iter: 1  mgc: 9.880327e-09 
outer mgc:  1.973785 
iter: 1  value: 10798.73 mgc: 0.9151856 ustep: 1 
iter: 2  value: 10798.73 mgc: 0.001733948 ustep: 1 
iter: 3  value: 10798.73 mgc: 3.730651e-08 ustep: 1 
mgc: 6.217249e-15 
iter: 1  value: 10800.33 mgc: 0.2431807 ustep: 1 
iter: 2  value: 10800.33 mgc: 0.0002819334 ustep: 1 
iter: 3  mgc: 1.216309e-09 
iter: 1  mgc: 1.216309e-09 
outer mgc:  3.810733 
iter: 1  value: 10798.93 mgc: 0.3505236 ustep: 1 
iter: 2  value: 10798.93 mgc: 0.0005479681 ustep: 1 
iter: 3  mgc: 6.089366e-09 
iter: 1  mgc: 6.089366e-09 
outer mgc:  1.851919 
iter: 1  value: 10797.41 mgc: 0.3934709 ustep: 1 
iter: 2  value: 10797.41 mgc: 0.0001617287 ustep: 1 
iter: 3  mgc: 3.58269e-10 
iter: 1  mgc: 3.58269e-10 
outer mgc:  0.9753225 
iter: 1  value: 10795.92 mgc: 0.2515411 ustep: 1 
iter: 2  value: 10795.92 mgc: 0.0001467735 ustep: 1 
iter: 3  mgc: 3.36513e-10 
iter: 1  mgc: 3.36513e-10 
outer mgc:  1.124857 
iter: 1  value: 10793.51 mgc: 0.8884392 ustep: 1 
iter: 2  value: 10793.51 mgc: 0.000205978 ustep: 1 
iter: 3  mgc: 5.447045e-10 
iter: 1  mgc: 5.447045e-10 
outer mgc:  4.426506 
iter: 1  value: 10789.96 mgc: 0.8909854 ustep: 1 
iter: 2  value: 10789.96 mgc: 0.0007209908 ustep: 1 
iter: 3  value: 10789.96 mgc: 1.07696e-08 ustep: 1 
mgc: 6.439294e-15 
iter: 1  value: 10785.65 mgc: 1.407018 ustep: 1 
iter: 2  value: 10785.65 mgc: 0.0009730247 ustep: 1 
iter: 3  value: 10785.65 mgc: 1.346114e-08 ustep: 1 
mgc: 8.368306e-15 
iter: 1  mgc: 8.368306e-15 
outer mgc:  3.776358 
iter: 1  value: 10771.68 mgc: 4.298053 ustep: 1 
iter: 2  value: 10771.68 mgc: 0.01085671 ustep: 1 
iter: 3  value: 10771.68 mgc: 1.843932e-06 ustep: 1 
iter: 4  mgc: 5.373479e-14 
iter: 1  value: 10779.71 mgc: 1.565946 ustep: 1 
iter: 2  value: 10779.71 mgc: 0.00162215 ustep: 1 
iter: 3  value: 10779.71 mgc: 3.312065e-08 ustep: 1 
mgc: 9.65894e-15 
iter: 1  mgc: 9.65894e-15 
outer mgc:  4.069721 
iter: 1  value: 10776.09 mgc: 1.339204 ustep: 1 
iter: 2  value: 10776.09 mgc: 0.001472281 ustep: 1 
iter: 3  value: 10776.09 mgc: 3.190576e-08 ustep: 1 
mgc: 8.881784e-15 
iter: 1  mgc: 8.881784e-15 
outer mgc:  2.110824 
iter: 1  value: 10773.52 mgc: 0.8370323 ustep: 1 
iter: 2  value: 10773.52 mgc: 0.001405543 ustep: 1 
iter: 3  value: 10773.52 mgc: 2.348692e-08 ustep: 1 
mgc: 9.65894e-15 
iter: 1  mgc: 9.65894e-15 
outer mgc:  4.149799 
iter: 1  value: 10770.62 mgc: 0.7566264 ustep: 1 
iter: 2  value: 10770.62 mgc: 0.001917841 ustep: 1 
iter: 3  value: 10770.62 mgc: 6.376532e-08 ustep: 1 
mgc: 7.771561e-15 
iter: 1  mgc: 7.771561e-15 
outer mgc:  0.9378272 
iter: 1  value: 10768.17 mgc: 0.4381325 ustep: 1 
iter: 2  value: 10768.17 mgc: 0.0002073008 ustep: 1 
iter: 3  mgc: 5.671654e-10 
iter: 1  mgc: 5.671654e-10 
outer mgc:  0.4885049 
iter: 1  value: 10765.65 mgc: 0.9087065 ustep: 1 
iter: 2  value: 10765.65 mgc: 8.099371e-05 ustep: 1 
iter: 3  mgc: 1.124736e-10 
iter: 1  value: 10762.19 mgc: 1.295618 ustep: 1 
iter: 2  value: 10762.19 mgc: 9.897806e-05 ustep: 1 
iter: 3  mgc: 1.27419e-10 
iter: 1  mgc: 1.27419e-10 
outer mgc:  0.9927251 
iter: 1  value: 10756.89 mgc: 1.731076 ustep: 1 
iter: 2  value: 10756.89 mgc: 0.0001121919 ustep: 1 
iter: 3  mgc: 2.21779e-10 
iter: 1  value: 10748.76 mgc: 2.918953 ustep: 1 
iter: 2  value: 10748.76 mgc: 0.000232202 ustep: 1 
iter: 3  mgc: 5.42463e-10 
iter: 1  mgc: 5.42463e-10 
outer mgc:  0.6881292 
iter: 1  value: 10737.75 mgc: 4.549422 ustep: 1 
iter: 2  value: 10737.75 mgc: 0.0004240015 ustep: 1 
iter: 3  mgc: 1.146016e-09 
iter: 1  mgc: 1.146016e-09 
outer mgc:  1.205688 
iter: 1  value: 10726.08 mgc: 9.342222 ustep: 1 
iter: 2  value: 10726.08 mgc: 0.00235365 ustep: 1 
iter: 3  value: 10726.08 mgc: 6.139799e-08 ustep: 1 
mgc: 3.663736e-14 
iter: 1  mgc: 3.663736e-14 
outer mgc:  1.436259 
iter: 1  value: 10721.94 mgc: 11.39072 ustep: 1 
iter: 2  value: 10721.94 mgc: 0.001527352 ustep: 1 
iter: 3  mgc: 4.723074e-09 
iter: 1  mgc: 4.723074e-09 
outer mgc:  0.3456829 
iter: 1  value: 10717.47 mgc: 4.715926 ustep: 1 
iter: 2  value: 10717.47 mgc: 0.0001806948 ustep: 1 
iter: 3  mgc: 2.143983e-10 
iter: 1  mgc: 2.143983e-10 
outer mgc:  0.349531 
iter: 1  value: 10712.56 mgc: 1.223174 ustep: 1 
iter: 2  value: 10712.56 mgc: 4.502279e-05 ustep: 1 
iter: 3  mgc: 2.229683e-11 
iter: 1  value: 10705.38 mgc: 2.01266 ustep: 1 
iter: 2  value: 10705.38 mgc: 9.93231e-05 ustep: 1 
iter: 3  mgc: 1.121383e-10 
iter: 1  mgc: 1.121383e-10 
outer mgc:  0.4901646 
iter: 1  value: 10692.56 mgc: 4.264859 ustep: 1 
iter: 2  value: 10692.56 mgc: 0.0001688151 ustep: 1 
iter: 3  mgc: 5.269207e-10 
iter: 1  mgc: 5.269207e-10 
outer mgc:  0.1818549 
iter: 1  value: 10680.76 mgc: 4.413339 ustep: 1 
iter: 2  value: 10680.76 mgc: 9.251334e-05 ustep: 1 
iter: 3  mgc: 1.183847e-10 
iter: 1  mgc: 1.183847e-10 
outer mgc:  0.08392197 
iter: 1  value: 10670.67 mgc: 3.417681 ustep: 1 
iter: 2  value: 10670.67 mgc: 4.618697e-05 ustep: 1 
iter: 3  mgc: 1.018341e-11 
iter: 1  mgc: 1.018341e-11 
outer mgc:  0.1022982 
iter: 1  value: 10654.72 mgc: 5.383825 ustep: 1 
iter: 2  value: 10654.72 mgc: 6.440869e-05 ustep: 1 
iter: 3  mgc: 6.567191e-12 
iter: 1  mgc: 6.567191e-12 
outer mgc:  0.1344082 
iter: 1  value: 10642.1 mgc: 9.449127 ustep: 1 
iter: 2  value: 10642.1 mgc: 4.295948e-05 ustep: 1 
iter: 3  mgc: 1.983302e-11 
iter: 1  mgc: 1.983302e-11 
outer mgc:  0.0829762 
iter: 1  value: 10632.46 mgc: 3.928448 ustep: 1 
iter: 2  value: 10632.46 mgc: 1.409911e-05 ustep: 1 
iter: 3  mgc: 5.386802e-13 
iter: 1  mgc: 5.386802e-13 
outer mgc:  0.03149312 
iter: 1  value: 10620.12 mgc: 5.531724 ustep: 1 
iter: 2  value: 10620.12 mgc: 1.937352e-05 ustep: 1 
iter: 3  mgc: 1.182165e-12 
iter: 1  mgc: 1.182165e-12 
outer mgc:  0.01355818 
iter: 1  value: 10609.24 mgc: 5.720422 ustep: 1 
iter: 2  value: 10609.24 mgc: 1.201118e-05 ustep: 1 
iter: 3  mgc: 7.172041e-13 
iter: 1  mgc: 7.172041e-13 
outer mgc:  0.01399899 
iter: 1  value: 10597.29 mgc: 7.196195 ustep: 1 
iter: 2  value: 10597.29 mgc: 1.048947e-05 ustep: 1 
iter: 3  mgc: 1.604938e-12 
iter: 1  mgc: 1.604938e-12 
outer mgc:  0.0115121 
iter: 1  value: 10584.88 mgc: 8.069983 ustep: 1 
iter: 2  value: 10584.88 mgc: 8.642747e-06 ustep: 1 
iter: 3  mgc: 2.481571e-12 
iter: 1  mgc: 2.481571e-12 
outer mgc:  0.006414309 
iter: 1  value: 10571.29 mgc: 10.15045 ustep: 1 
iter: 2  value: 10571.29 mgc: 7.44923e-06 ustep: 1 
iter: 3  mgc: 3.89544e-12 
iter: 1  mgc: 3.89544e-12 
outer mgc:  0.005474698 
iter: 1  value: 10556.48 mgc: 13.46237 ustep: 1 
iter: 2  value: 10556.48 mgc: 6.830846e-06 ustep: 1 
iter: 3  mgc: 5.491607e-12 
iter: 1  mgc: 5.491607e-12 
outer mgc:  0.006830635 
iter: 1  value: 10540.1 mgc: 19.89424 ustep: 1 
iter: 2  value: 10540.1 mgc: 5.519356e-06 ustep: 1 
iter: 3  mgc: 1.11231e-11 
iter: 1  mgc: 1.11231e-11 
outer mgc:  0.003732064 
iter: 1  value: 10522.34 mgc: 30.25243 ustep: 1 
iter: 2  value: 10522.34 mgc: 4.927676e-06 ustep: 1 
iter: 3  mgc: 8.238188e-12 
iter: 1  mgc: 8.238188e-12 
outer mgc:  0.008269656 
iter: 1  value: 10502.64 mgc: 48.47936 ustep: 1 
iter: 2  value: 10502.64 mgc: 2.737607e-06 ustep: 1 
iter: 3  mgc: 1.92466e-11 
iter: 1  mgc: 1.92466e-11 
outer mgc:  0.005614768 
iter: 1  value: 10482.04 mgc: 102.5476 ustep: 1 
iter: 2  value: 10482.04 mgc: 3.75793e-06 ustep: 1 
iter: 3  mgc: 5.772843e-11 
iter: 1  mgc: 5.772843e-11 
outer mgc:  0.01864608 
iter: 1  value: 10464.74 mgc: 102.6133 ustep: 1 
iter: 2  value: 10464.74 mgc: 1.593374e-06 ustep: 1 
iter: 3  mgc: 8.165091e-11 
iter: 1  mgc: 8.165091e-11 
outer mgc:  0.009202758 
iter: 1  value: 10439.16 mgc: 268.7015 ustep: 1 
iter: 2  value: 10439.16 mgc: 1.672586e-06 ustep: 1 
iter: 3  mgc: 1.406974e-10 
iter: 1  mgc: 1.406974e-10 
outer mgc:  0.002326848 
iter: 1  value: 10418.74 mgc: 248.3989 ustep: 1 
iter: 2  value: 10418.74 mgc: 3.097465e-07 ustep: 1 
iter: 3  mgc: 2.667098e-10 
iter: 1  mgc: 2.667098e-10 
outer mgc:  0.002349598 
iter: 1  value: 10393.12 mgc: 649.419 ustep: 1 
iter: 2  value: 10393.12 mgc: 4.18706e-07 ustep: 1 
iter: 3  mgc: 1.328453e-09 
iter: 1  mgc: 1.328453e-09 
outer mgc:  0.001118512 
iter: 1  value: 10372.72 mgc: 717.3194 ustep: 1 
iter: 2  value: 10372.72 mgc: 1.157844e-07 ustep: 1 
mgc: 1.503169e-09 
iter: 1  mgc: 1.503169e-09 
outer mgc:  0.0008697811 
iter: 1  value: 10345.28 mgc: 2216.841 ustep: 1 
iter: 2  value: 10345.28 mgc: 1.337503e-07 ustep: 1 
mgc: 6.02764e-09 
iter: 1  mgc: 6.02764e-09 
outer mgc:  0.0007245285 
iter: 1  value: 10323.76 mgc: 2751.55 ustep: 1 
iter: 2  value: 10323.76 mgc: 4.221735e-08 ustep: 1 
mgc: 5.553345e-09 
iter: 1  mgc: 5.553345e-09 
outer mgc:  0.0006059785 
iter: 1  value: 10292.73 mgc: 9684.072 ustep: 1 
iter: 2  value: 10292.73 mgc: 4.413057e-08 ustep: 1 
mgc: 3.000202e-08 
iter: 1  value: 10292.73 mgc: 3.000202e-08 ustep: 1 
mgc: 2.479796e-08 
outer mgc:  0.0004096091 
iter: 1  value: 10281.99 mgc: 4987.244 ustep: 1 
iter: 2  value: 10281.99 mgc: 2.627561e-08 ustep: 1 
mgc: 2.601836e-08 
iter: 1  value: 10281.99 mgc: 2.601836e-08 ustep: 1 
mgc: 4.506554e-08 
outer mgc:  0.0009756224 
iter: 1  value: 10247.79 mgc: 39482.38 ustep: 1 
iter: 2  value: 10247.79 mgc: 1.461221e-07 ustep: 0.9999 
iter: 3  value: 10247.79 mgc: 1.229594e-07 ustep: 0.9928299 
iter: 4  value: 10247.79 mgc: 2.005656e-07 ustep: 0.9964089 
iter: 5  value: 10247.79 mgc: 1.534622e-07 ustep: 0.9575132 
iter: 6  value: 10247.79 mgc: 1.297392e-07 ustep: 0.8533819 
iter: 7  value: 10247.79 mgc: 1.203726e-07 ustep: 0.01989368 
mgc: 1.146678e-07 
iter: 1  value: 10247.79 mgc: 1.146678e-07 ustep: 1 
iter: 2  value: 10247.79 mgc: 1.20895e-07 ustep: 1 
iter: 3  value: 10247.79 mgc: 1.355703e-07 ustep: 1 
iter: 4  value: 10247.79 mgc: 1.553457e-07 ustep: 1 
iter: 5  value: 10247.79 mgc: 1.595141e-07 ustep: 1 
iter: 6  value: 10247.79 mgc: 2.005652e-07 ustep: 1 
iter: 7  value: 10247.79 mgc: 1.276535e-07 ustep: 1 
iter: 8  value: 10247.79 mgc: 1.450111e-07 ustep: 1 
iter: 9  value: 10247.79 mgc: 1.585117e-07 ustep: 1 
iter: 10  value: 10247.79 mgc: 1.783582e-07 ustep: 1 
iter: 11  value: 10247.79 mgc: 1.448642e-07 ustep: 1 
Not improving much - will try early exit...PD hess?: TRUE 
mgc: 1.053428e-07 
outer mgc:  0.0004695153 
iter: 1  value: 10202.07 mgc: 219405.2 ustep: 1 
iter: 2  value: 10202.07 mgc: 7.547918e-07 ustep: 1 
iter: 3  value: 10202.07 mgc: 1.174922e-06 ustep: 1 
iter: 4  value: 10202.07 mgc: 1.382155e-06 ustep: 0.0692153 
iter: 5  value: 10202.07 mgc: 1.275599e-06 ustep: 7.087519e-11 
mgc: 7.582518e-07 
iter: 1  value: 10202.07 mgc: 7.582518e-07 ustep: 0.1336527 
iter: 2  value: 10202.07 mgc: 8.561983e-07 ustep: 4.226141e-10 
mgc: 5.395487e-07 
outer mgc:  0.003531403 
iter: 1  value: 10222.34 mgc: 54271.49 ustep: 1 
iter: 2  value: 10222.34 mgc: 7.338466e-07 ustep: 0.9999 
iter: 3  value: 10222.34 mgc: 4.603813e-07 ustep: 0.99995 
iter: 4  value: 10222.34 mgc: 3.487694e-07 ustep: 0.9949009 
iter: 5  value: 10222.34 mgc: 2.00083e-07 ustep: 5.539803e-09 
mgc: 4.057908e-07 
iter: 1  value: 10211.54 mgc: 38981.89 ustep: 1 
iter: 2  value: 10211.54 mgc: 4.955696e-07 ustep: 0.4367355 
iter: 3  value: 10211.54 mgc: 6.620532e-07 ustep: 0.2368445 
iter: 4  value: 10211.54 mgc: 7.633592e-07 ustep: 0.04080898 
iter: 5  value: 10211.54 mgc: 6.424794e-07 ustep: 6.711358e-09 
mgc: 5.307126e-07 
iter: 1  value: 10206.61 mgc: 27218.96 ustep: 1 
iter: 2  value: 10206.61 mgc: 6.601068e-07 ustep: 1 
iter: 3  value: 10206.61 mgc: 7.780446e-07 ustep: 1 
iter: 4  value: 10206.61 mgc: 9.988919e-07 ustep: 1 
iter: 5  value: 10206.61 mgc: 5.429644e-07 ustep: 1 
iter: 6  value: 10206.61 mgc: 6.248223e-07 ustep: 0.989901 
iter: 7  value: 10206.61 mgc: 8.057346e-07 ustep: 0.07918605 
iter: 8  value: 10206.61 mgc: 5.463018e-07 ustep: 0.001289327 
mgc: 9.409089e-07 
iter: 1  value: 10204.28 mgc: 24883 ustep: 1 
iter: 2  value: 10204.28 mgc: 6.465433e-07 ustep: 1 
iter: 3  value: 10204.28 mgc: 9.075765e-07 ustep: 0.2494656 
iter: 4  value: 10204.28 mgc: 5.612162e-07 ustep: 0.005389084 
mgc: 5.413277e-07 
iter: 1  value: 10203.16 mgc: 23507.11 ustep: 1 
iter: 2  value: 10203.16 mgc: 5.456404e-07 ustep: 0.989901 
iter: 3  value: 10203.16 mgc: 6.438516e-07 ustep: 0.9949382 
iter: 4  value: 10203.16 mgc: 7.699522e-07 ustep: 0.00581074 
mgc: 7.158367e-07 
iter: 1  value: 10202.58 mgc: 22716.89 ustep: 1 
iter: 2  value: 10202.58 mgc: 7.380893e-07 ustep: 1 
iter: 3  value: 10202.58 mgc: 9.472763e-07 ustep: 0.9999 
iter: 4  value: 10202.58 mgc: 7.588546e-07 ustep: 0.9152321 
iter: 5  value: 10202.58 mgc: 1.252575e-06 ustep: 0.02420421 
iter: 6  value: 10202.58 mgc: 1.206975e-06 ustep: 1.963262e-11 
mgc: 1.206975e-06 
iter: 1  value: 10202.31 mgc: 22331.28 ustep: 1 
iter: 2  value: 10202.31 mgc: 8.748125e-07 ustep: 1 
iter: 3  value: 10202.31 mgc: 9.336264e-07 ustep: 1 
iter: 4  value: 10202.31 mgc: 9.406889e-07 ustep: 0.1336527 
iter: 5  value: 10202.31 mgc: 6.942343e-07 ustep: 5.281098e-11 
mgc: 6.942343e-07 
iter: 1  value: 10202.31 mgc: 6.942343e-07 ustep: 1.664691e-11 
mgc: 6.942343e-07 
outer mgc:  0.001848247 
iter: 1  value: 10202.57 mgc: 127188.2 ustep: 1 
iter: 2  value: 10202.57 mgc: 6.836175e-07 ustep: 1 
iter: 3  value: 10202.57 mgc: 8.979416e-07 ustep: 0.4367355 
iter: 4  value: 10202.57 mgc: 9.465336e-07 ustep: 0.4176298 
iter: 5  value: 10202.57 mgc: 1.081173e-06 ustep: 0.6462782 
iter: 6  value: 10202.57 mgc: 7.045788e-07 ustep: 2.481868e-05 
mgc: 9.266981e-07 
iter: 1  value: 10202.41 mgc: 35806.84 ustep: 1 
iter: 2  value: 10202.41 mgc: 1.063735e-06 ustep: 1 
iter: 3  value: 10202.41 mgc: 6.33331e-07 ustep: 0.4367355 
iter: 4  value: 10202.41 mgc: 8.896517e-07 ustep: 0.6608936 
iter: 5  value: 10202.41 mgc: 8.670667e-07 ustep: 0.1889943 
iter: 6  value: 10202.41 mgc: 8.83533e-07 ustep: 0.4347913 
iter: 7  value: 10202.41 mgc: 6.473893e-07 ustep: 0.01667807 
mgc: 5.781221e-07 
iter: 1  value: 10202.32 mgc: 121135.1 ustep: 1 
iter: 2  value: 10202.32 mgc: 6.59455e-07 ustep: 0.9999 
iter: 3  value: 10202.32 mgc: 7.416228e-07 ustep: 0.009584436 
mgc: 4.297141e-07 
iter: 1  value: 10202.31 mgc: 133683.5 ustep: 1 
iter: 2  value: 10202.31 mgc: 6.596934e-07 ustep: 1 
iter: 3  value: 10202.31 mgc: 9.819563e-07 ustep: 0.9999 
iter: 4  value: 10202.31 mgc: 5.778577e-07 ustep: 7.518403e-05 
mgc: 7.80896e-07 
iter: 1  value: 10202.31 mgc: 135714.1 ustep: 1 
iter: 2  value: 10202.31 mgc: 4.176966e-07 ustep: 0.989901 
iter: 3  value: 10202.31 mgc: 5.625285e-07 ustep: 0.9949382 
iter: 4  value: 10202.31 mgc: 1.579533e-06 ustep: 0.9974661 
iter: 5  value: 10202.31 mgc: 8.058949e-07 ustep: 0.8109747 
iter: 6  value: 10202.31 mgc: 1.070591e-06 ustep: 0.01785542 
mgc: 9.257924e-07 
iter: 1  value: 10202.31 mgc: 135926.3 ustep: 1 
iter: 2  value: 10202.31 mgc: 1.016266e-06 ustep: 1 
iter: 3  value: 10202.31 mgc: 5.354612e-07 ustep: 1 
iter: 4  value: 10202.31 mgc: 7.093426e-07 ustep: 1 
iter: 5  value: 10202.31 mgc: 1.123961e-06 ustep: 1 
iter: 6  value: 10202.31 mgc: 7.967074e-07 ustep: 0.8994163 
iter: 7  value: 10202.31 mgc: 8.504352e-07 ustep: 4.29655e-11 
mgc: 8.504352e-07 
iter: 1  value: 10202.31 mgc: 16370.62 ustep: 1 
iter: 2  value: 10202.31 mgc: 1.101945e-06 ustep: 1 
iter: 3  value: 10202.31 mgc: 6.089337e-07 ustep: 0.9999 
iter: 4  value: 10202.31 mgc: 4.33518e-07 ustep: 0.7087798 
iter: 5  value: 10202.31 mgc: 6.870449e-07 ustep: 0.05597954 
iter: 6  value: 10202.31 mgc: 6.633879e-07 ustep: 0.008399973 
mgc: 7.107564e-07 
iter: 1  value: 10202.31 mgc: 1637.052 ustep: 1 
iter: 2  value: 10202.31 mgc: 7.372221e-07 ustep: 1 
iter: 3  value: 10202.31 mgc: 1.490673e-06 ustep: 0.9999 
iter: 4  value: 10202.31 mgc: 1.091853e-06 ustep: 0.01907891 
iter: 5  value: 10202.31 mgc: 7.914369e-07 ustep: 9.065966e-06 
mgc: 7.79658e-07 
iter: 1  value: 10202.31 mgc: 163.705 ustep: 1 
iter: 2  value: 10202.31 mgc: 7.840897e-07 ustep: 1 
iter: 3  value: 10202.31 mgc: 7.428249e-07 ustep: 0.989901 
iter: 4  value: 10202.31 mgc: 4.885429e-07 ustep: 0.9287607 
iter: 5  value: 10202.31 mgc: 9.472938e-07 ustep: 1.201706e-11 
mgc: 9.472938e-07 
iter: 1  value: 10202.31 mgc: 16.3705 ustep: 1 
iter: 2  value: 10202.31 mgc: 7.128551e-07 ustep: 1 
iter: 3  value: 10202.31 mgc: 5.694355e-07 ustep: 0.1336527 
iter: 4  value: 10202.31 mgc: 5.904373e-07 ustep: 0.003547002 
mgc: 7.170722e-07 
iter: 1  value: 10202.31 mgc: 1.637051 ustep: 0.9999 
iter: 2  value: 10202.31 mgc: 1.090668e-06 ustep: 0.9152321 
iter: 3  value: 10202.31 mgc: 7.901821e-07 ustep: 0.324428 
iter: 4  value: 10202.31 mgc: 6.158506e-07 ustep: 2.506265e-08 
mgc: 6.416115e-07 
iter: 1  value: 10202.31 mgc: 0.1637064 ustep: 0.989901 
iter: 2  value: 10202.31 mgc: 1.364885e-06 ustep: 0.9949382 
iter: 3  value: 10202.31 mgc: 1.025265e-06 ustep: 0.00581074 
mgc: 6.232054e-07 
iter: 1  value: 10202.31 mgc: 0.01637091 ustep: 1 
iter: 2  value: 10202.31 mgc: 8.710849e-07 ustep: 1 
iter: 3  value: 10202.31 mgc: 1.099266e-06 ustep: 1 
iter: 4  value: 10202.31 mgc: 5.715239e-07 ustep: 1 
iter: 5  value: 10202.31 mgc: 8.355255e-07 ustep: 0.989901 
iter: 6  value: 10202.31 mgc: 9.803449e-07 ustep: 0.9949382 
iter: 7  value: 10202.31 mgc: 8.223218e-07 ustep: 0.0003640185 
mgc: 7.943237e-07 
iter: 1  value: 10202.31 mgc: 6.942343e-07 ustep: 1.664691e-11 
mgc: 6.942343e-07 
iter: 1  value: 10202.31 mgc: 6.942343e-07 ustep: 1.664691e-11 
mgc: 6.942343e-07 
outer mgc:  0.001848247 
iter: 1  value: 10202.3 mgc: 0.004772938 ustep: 1 
iter: 2  value: 10202.3 mgc: 7.6107e-07 ustep: 1 
iter: 3  value: 10202.3 mgc: 9.552701e-07 ustep: 1 
iter: 4  value: 10202.3 mgc: 8.232401e-07 ustep: 0.4367355 
iter: 5  value: 10202.3 mgc: 8.591393e-07 ustep: 0.4176298 
iter: 6  value: 10202.3 mgc: 7.049088e-07 ustep: 6.179168e-08 
mgc: 5.972115e-07 
outer mgc:  0.1299731 
iter: 1  value: 10202.31 mgc: 0.004769106 ustep: 1 
iter: 2  value: 10202.31 mgc: 7.190482e-07 ustep: 0.9999 
iter: 3  value: 10202.31 mgc: 1.349818e-06 ustep: 0.99995 
iter: 4  value: 10202.31 mgc: 9.002471e-07 ustep: 0.7325304 
iter: 5  value: 10202.31 mgc: 9.008265e-07 ustep: 0.6203254 
iter: 6  value: 10202.31 mgc: 5.522059e-07 ustep: 2.246389e-11 
mgc: 5.522059e-07 
outer mgc:  0.1303725 
iter: 1  value: 10202.31 mgc: 0.002941424 ustep: 1 
iter: 2  value: 10202.31 mgc: 6.964343e-07 ustep: 1 
iter: 3  value: 10202.31 mgc: 8.673208e-07 ustep: 1 
iter: 4  value: 10202.31 mgc: 7.955549e-07 ustep: 1 
iter: 5  value: 10202.31 mgc: 8.537232e-07 ustep: 1 
iter: 6  value: 10202.31 mgc: 7.552202e-07 ustep: 5.463041e-07 
mgc: 9.172423e-07 
outer mgc:  0.07939513 
iter: 1  value: 10202.31 mgc: 0.002939748 ustep: 1 
iter: 2  value: 10202.31 mgc: 6.526053e-07 ustep: 1.749033e-05 
mgc: 5.910235e-07 
outer mgc:  0.07974918 
iter: 1  value: 10202.32 mgc: 0.006175593 ustep: 1 
iter: 2  value: 10202.32 mgc: 1.085956e-06 ustep: 1 
iter: 3  value: 10202.32 mgc: 1.009666e-06 ustep: 1 
iter: 4  value: 10202.32 mgc: 5.508201e-07 ustep: 0.6827823 
iter: 5  value: 10202.32 mgc: 5.180176e-07 ustep: 0.01357228 
mgc: 8.567411e-07 
outer mgc:  0.287201 
iter: 1  value: 10202.3 mgc: 0.006173918 ustep: 1 
iter: 2  value: 10202.3 mgc: 5.605894e-07 ustep: 1 
iter: 3  value: 10202.3 mgc: 6.464449e-07 ustep: 0.9999 
iter: 4  value: 10202.3 mgc: 7.851725e-07 ustep: 0.9928299 
iter: 5  value: 10202.3 mgc: 7.668097e-07 ustep: 4.078035e-11 
mgc: 7.668097e-07 
outer mgc:  0.2866042 
iter: 1  value: 10202.31 mgc: 0.003164196 ustep: 1 
iter: 2  value: 10202.31 mgc: 7.574607e-07 ustep: 0.989901 
iter: 3  value: 10202.31 mgc: 7.640163e-07 ustep: 3.829675e-11 
mgc: 5.573418e-07 
outer mgc:  0.1447802 
iter: 1  value: 10202.3 mgc: 0.003163551 ustep: 1 
iter: 2  value: 10202.3 mgc: 1.075698e-06 ustep: 1 
iter: 3  value: 10202.3 mgc: 9.62198e-07 ustep: 0.1336527 
iter: 4  value: 10202.3 mgc: 9.717179e-07 ustep: 0.02803456 
iter: 5  value: 10202.3 mgc: 8.517703e-07 ustep: 2.127356e-11 
mgc: 8.517703e-07 
outer mgc:  0.1444067 
iter: 1  value: 10202.31 mgc: 0.003678191 ustep: 0.01776843 
iter: 2  value: 10202.31 mgc: 8.998968e-05 ustep: 1.037774e-12 
mgc: 8.998968e-05 
outer mgc:  0.110752 
iter: 1  value: 10202.31 mgc: 0.003675524 ustep: 0.8994163 
iter: 2  value: 10202.31 mgc: 1.910983e-06 ustep: 2.14806e-11 
mgc: 1.910983e-06 
outer mgc:  0.1098537 
iter: 1  value: 10202.31 mgc: 0.001830092 ustep: 0.0692153 
iter: 2  value: 10202.31 mgc: 6.41427e-05 ustep: 1.106761e-12 
mgc: 6.414355e-05 
outer mgc:  0.05269199 
iter: 1  value: 10202.31 mgc: 0.001828698 ustep: 1.62405e-14 
mgc: 0.001828692 
outer mgc:  0.05200999 
iter: 1  value: 10202.34 mgc: 3221399 ustep: 1 
iter: 2  value: 10202.34 mgc: 1.542176e-06 ustep: 0.9999 
iter: 3  value: 10202.34 mgc: 5.353724e-07 ustep: 0.4603057 
iter: 4  value: 10202.34 mgc: 6.947597e-07 ustep: 0.06843359 
iter: 5  value: 10202.34 mgc: 1.099408e-06 ustep: 3.698274e-05 
mgc: 7.113392e-07 
outer mgc:  0.02685272 
iter: 1  value: 10202.28 mgc: 3224622 ustep: 1 
iter: 2  value: 10202.28 mgc: 1.558949e-06 ustep: 1 
iter: 3  value: 10202.28 mgc: 4.640138e-07 ustep: 1 
iter: 4  value: 10202.28 mgc: 5.568103e-07 ustep: 1 
iter: 5  value: 10202.28 mgc: 7.325555e-07 ustep: 1 
iter: 6  value: 10202.28 mgc: 8.179249e-07 ustep: 0.000139956 
mgc: 1.336852e-06 
outer mgc:  0.02675784 
iter: 1  value: 10202.36 mgc: 3286459 ustep: 1 
iter: 2  value: 10202.36 mgc: 8.938142e-07 ustep: 1 
iter: 3  value: 10202.36 mgc: 8.583678e-07 ustep: 0.6827823 
iter: 4  value: 10202.36 mgc: 8.30553e-07 ustep: 0.1964641 
iter: 5  value: 10202.36 mgc: 6.179464e-07 ustep: 3.56981e-05 
mgc: 1.241966e-06 
outer mgc:  0.009184967 
iter: 1  value: 10202.26 mgc: 3296333 ustep: 1 
iter: 2  value: 10202.26 mgc: 7.791772e-07 ustep: 0.9999 
iter: 3  value: 10202.26 mgc: 1.033027e-06 ustep: 0.99995 
iter: 4  value: 10202.26 mgc: 7.198326e-07 ustep: 0.9284992 
iter: 5  value: 10202.26 mgc: 7.719481e-07 ustep: 0.001614138 
mgc: 9.698189e-07 
outer mgc:  0.007338772 
iter: 1  value: 10202.36 mgc: 68348.54 ustep: 1 
iter: 2  value: 10202.36 mgc: 8.779089e-07 ustep: 0.9999 
iter: 3  value: 10202.36 mgc: 9.2855e-07 ustep: 0.002404288 
mgc: 7.727527e-07 
outer mgc:  0.00182902 
iter: 1  value: 10202.26 mgc: 68416.92 ustep: 1 
iter: 2  value: 10202.26 mgc: 7.251111e-07 ustep: 0.989901 
iter: 3  value: 10202.26 mgc: 9.39903e-07 ustep: 0.002573424 
mgc: 5.348258e-07 
outer mgc:  0.005051791 
iter: 1  value: 10202.31 mgc: 0.5486071 ustep: 0.6827823 
iter: 2  value: 10202.31 mgc: 1.423217e-06 ustep: 0.1964641 
iter: 3  value: 10202.31 mgc: 9.820494e-07 ustep: 0.4432984 
iter: 4  value: 10202.31 mgc: 7.607456e-07 ustep: 2.035672e-09 
mgc: 6.186335e-07 
outer mgc:  0.001848063 
iter: 1  value: 10202.31 mgc: 0.5486067 ustep: 2.536055e-16 
mgc: 0.5486051 
outer mgc:  0.005884211 
iter: 1  value: 10202.31 mgc: 1.050386 ustep: 1 
iter: 2  value: 10202.31 mgc: 9.147175e-07 ustep: 0.000139956 
mgc: 1.373864e-06 
outer mgc:  0.001848063 
iter: 1  value: 10202.31 mgc: 1.050386 ustep: 1 
iter: 2  value: 10202.31 mgc: 6.551643e-07 ustep: 0.9999 
iter: 3  value: 10202.31 mgc: 7.878504e-07 ustep: 0.7087798 
iter: 4  value: 10202.31 mgc: 8.284466e-07 ustep: 0.0001124067 
mgc: 7.349474e-07 
outer mgc:  0.001848074 
iter: 1  value: 10202.31 mgc: 12.55075 ustep: 0.989901 
iter: 2  value: 10202.31 mgc: 1.204395e-06 ustep: 3.829675e-11 
mgc: 1.045006e-06 
outer mgc:  0.001848428 
iter: 1  value: 10202.31 mgc: 12.55003 ustep: 1 
iter: 2  value: 10202.31 mgc: 4.624169e-07 ustep: 1 
iter: 3  value: 10202.31 mgc: 1.153158e-06 ustep: 0.9999 
iter: 4  value: 10202.31 mgc: 1.167912e-06 ustep: 0.2653346 
iter: 5  value: 10202.31 mgc: 7.391496e-07 ustep: 2.099459e-11 
mgc: 7.391496e-07 
outer mgc:  0.001847777 
iter: 1  value: 10202.3 mgc: 0.00477449 ustep: 1 
iter: 2  value: 10202.3 mgc: 5.680858e-07 ustep: 1 
iter: 3  value: 10202.3 mgc: 9.491301e-07 ustep: 0.0692153 
iter: 4  value: 10202.3 mgc: 7.512137e-07 ustep: 1.417645e-10 
mgc: 3.529168e-07 
outer mgc:  0.113643 
iter: 1  value: 10202.32 mgc: 0.00476874 ustep: 1 
iter: 2  value: 10202.32 mgc: 1.043217e-06 ustep: 1 
iter: 3  value: 10202.32 mgc: 9.933605e-07 ustep: 0.9999 
iter: 4  value: 10202.32 mgc: 7.747304e-07 ustep: 0.99995 
iter: 5  value: 10202.32 mgc: 6.738633e-07 ustep: 0.4827771 
iter: 6  value: 10202.32 mgc: 8.479582e-07 ustep: 0.4475533 
iter: 7  value: 10202.32 mgc: 7.452231e-07 ustep: 3.20662e-11 
mgc: 7.452231e-07 
outer mgc:  0.1104471 
[Fri Aug 13 11:22:12 2021]
Finished job 0.
1 of 1 steps (100%) done
