Building DAG of jobs...
Using shell: /usr/bin/bash
Provided cores: 1 (use --cores to define parallelism)
Rules claiming more threads will be scaled down.
Job counts:
	count	jobs
	1	inference_simulation_TMB_multiple
	1

[Sun Aug 15 11:21:15 2021]
rule inference_simulation_TMB_multiple:
    input: ../data/assessing_models_simulation/datasets/multiple_GenerationJnorm3_100_100_10_6_2_NA_NA_NA_dataset1.RDS
    output: ../data/assessing_models_simulation/inference_results/TMB/nlminb/multiple_GenerationJnorm3_100_100_10_6_2_diagREDM_NA_NA_NA_dataset1.RDS
    log: logs/inference/nlminb/simulation_GenerationJnorm3_100_100_10_6_2_ModeldiagREDM_NA_NA_NA_dataset1.log
    jobid: 0
    wildcards: optimiser=nlminb, datasetgeneration=GenerationJnorm3, n=100, nlambda=100, lmbda=10, d=6, beta_intensity=2, model=diagREDM, fixed_beta_intercept=NA, fixed_beta_slope=NA, sdRE_input=NA, itnum=1

Rscript 2_inference_TMB/run_TMB.R --input ../data/assessing_models_simulation/datasets/multiple_GenerationJnorm3_100_100_10_6_2_NA_NA_NA_dataset1.RDS --output ../data/assessing_models_simulation/inference_results/TMB/nlminb/multiple_GenerationJnorm3_100_100_10_6_2_diagREDM_NA_NA_NA_dataset1.RDS --model diagREDM --optimiser nlminb
Model: diagREDM 
Feature type: signatures 
Using nlminb: TRUE 
Simulation boolean: TRUE 
make: Nothing to be done for 'all'.
../data/assessing_models_simulation/datasets/multiple_GenerationJnorm3_100_100_10_6_2_NA_NA_NA_dataset1.RDS[1] "../data/assessing_models_simulation/datasets/multiple_GenerationJnorm3_100_100_10_6_2_NA_NA_NA_dataset1.RDS"
Reading file ../data/assessing_models_simulation/datasets/multiple_GenerationJnorm3_100_100_10_6_2_NA_NA_NA_dataset1.RDS 
Loading required package: nnet
# weights:  18 (10 variable)
initial  value 35731.267335 
iter  10 value 28373.009162
iter  20 value 27412.118267
final  value 27412.111553 
converged
Constructing atomic invpd
Constructing atomic D_lgamma
Constructing atomic invpd
Constructing atomic D_lgamma
Constructing atomic matmul
Constructing atomic invpd
Constructing atomic D_lgamma
Constructing atomic matmul
Optimizing tape... Done
iter: 1  value: 33374.96 mgc: 118.2508 ustep: 0.07309914 
iter: 2  value: 30579.32 mgc: 108.6353 ustep: 0.03029856 
iter: 3  value: 30560.05 mgc: 96.34589 ustep: 0.02345348 
iter: 4  value: 30519.83 mgc: 90.31569 ustep: 0.02321389 
iter: 5  value: 30094.69 mgc: 18.98736 ustep: 0.079365 
iter: 6  value: 29877.21 mgc: 56.80577 ustep: 0.04051739 
iter: 7  value: 29564.17 mgc: 34.15441 ustep: 0.1063279 
iter: 8  value: 29490.34 mgc: 42.45105 ustep: 0.0939534 
iter: 9  value: 29078.89 mgc: 99.83628 ustep: 0.04521172 
iter: 10  value: 28884.27 mgc: 37.37342 ustep: 0.2127092 
iter: 11  value: 28496.77 mgc: 14.95192 ustep: 0.461258 
iter: 12  value: 28325.42 mgc: 44.31941 ustep: 0.03272224 
iter: 13  value: 28189.86 mgc: 17.11244 ustep: 0.0949904 
iter: 14  value: 28171.2 mgc: 31.77715 ustep: 0.1682827 
iter: 15  value: 28064.82 mgc: 59.21963 ustep: 0.4102817 
iter: 16  value: 27978.9 mgc: 8.75928 ustep: 0.1385277 
iter: 17  value: 27802.06 mgc: 42.12901 ustep: 0.04368903 
iter: 18  value: 27781.35 mgc: 42.05578 ustep: 0.2090983 
iter: 19  value: 27780.23 mgc: 4.308323 ustep: 0.457327 
iter: 20  value: 27780.12 mgc: 0.4815835 ustep: 0.6762919 
iter: 21  value: 27780.11 mgc: 0.05143437 ustep: 0.8223875 
iter: 22  value: 27780.11 mgc: 0.005795511 ustep: 0.9068651 
iter: 23  value: 27780.11 mgc: 0.0006192651 ustep: 0.9522994 
iter: 24  value: 27780.11 mgc: 3.401688e-05 ustep: 0.9758607 
iter: 25  value: 27780.11 mgc: 9.414946e-07 ustep: 0.9878578 
iter: 26  value: 27780.11 mgc: 1.307729e-08 ustep: 0.9218757 
iter: 27  mgc: 1.156155e-09 
iter: 1  mgc: 1.156155e-09 
Matching hessian patterns... Done
outer mgc:  1441.189 
iter: 1  value: 26301.02 mgc: 29.91583 ustep: 1 
iter: 2  value: 26061.66 mgc: 20.84868 ustep: 1 
iter: 3  value: 26055.42 mgc: 2.726734 ustep: 1 
iter: 4  value: 26055.4 mgc: 0.1784 ustep: 1 
iter: 5  value: 26055.4 mgc: 0.002384516 ustep: 1 
iter: 6  value: 26055.4 mgc: 4.425868e-07 ustep: 0.0692153 
iter: 7  value: 26055.4 mgc: 2.755955e-07 ustep: 0.141593 
iter: 8  value: 26055.4 mgc: 1.255631e-07 ustep: 0.1113181 
mgc: 6.936056e-08 
iter: 1  value: 26317.72 mgc: 53.893 ustep: 1 
iter: 2  value: 24824.15 mgc: 98.46275 ustep: 1 
iter: 3  value: 24752.07 mgc: 15.77038 ustep: 1 
iter: 4  value: 24749.98 mgc: 2.765564 ustep: 1 
iter: 5  value: 24749.97 mgc: 0.2513665 ustep: 1 
iter: 6  value: 24749.97 mgc: 0.003647919 ustep: 1 
iter: 7  value: 24749.97 mgc: 8.003971e-07 ustep: 1 
iter: 8  mgc: 5.607181e-12 
iter: 1  mgc: 5.607181e-12 
outer mgc:  449.4774 
iter: 1  value: 30768.38 mgc: 81.40349 ustep: 0.08315186 
iter: 2  value: 30103.27 mgc: 131.6391 ustep: 0.1564393 
iter: 3  value: 29764.92 mgc: 83.5031 ustep: 0.04033898 
iter: 4  value: 29047.16 mgc: 60.78245 ustep: 0.03027492 
iter: 5  value: 28845.74 mgc: 59.95921 ustep: 0.04667964 
iter: 6  value: 28453.54 mgc: 19.15996 ustep: 0.09995021 
iter: 7  value: 28127.01 mgc: 65.35549 ustep: 0.01969104 
iter: 8  value: 27931.3 mgc: 55.72037 ustep: 0.1404107 
iter: 9  value: 27587.11 mgc: 32.42653 ustep: 0.3747767 
iter: 10  value: 27187.79 mgc: 15.54811 ustep: 0.3772496 
iter: 11  value: 27124.77 mgc: 39.0044 ustep: 0.3788704 
iter: 12  value: 27048.09 mgc: 120.7381 ustep: 0.2125348 
iter: 13  value: 26952.13 mgc: 85.80631 ustep: 0.2658541 
iter: 14  value: 26739.62 mgc: 85.54802 ustep: 0.01991797 
iter: 15  value: 26682.46 mgc: 51.74418 ustep: 0.1412169 
iter: 16  value: 26522.21 mgc: 66.19982 ustep: 0.2099479 
iter: 17  value: 26378.04 mgc: 11.16119 ustep: 0.2639402 
iter: 18  value: 26368.01 mgc: 16.78908 ustep: 0.5137998 
iter: 19  value: 26367.14 mgc: 7.047179 ustep: 0.7168266 
iter: 20  value: 26367.12 mgc: 0.2769552 ustep: 0.8466715 
iter: 21  value: 26367.12 mgc: 0.02446399 ustep: 0.9201555 
iter: 22  value: 26367.12 mgc: 0.001497547 ustep: 0.9592514 
iter: 23  value: 26367.12 mgc: 5.931337e-05 ustep: 0.9794159 
iter: 24  value: 26367.12 mgc: 1.410932e-06 ustep: 0.0005568952 
mgc: 1.410253e-06 
iter: 1  value: 24410.37 mgc: 29.13846 ustep: 1 
iter: 2  value: 24391.84 mgc: 13.29723 ustep: 1 
iter: 3  value: 24391.76 mgc: 1.081734 ustep: 1 
iter: 4  value: 24391.76 mgc: 0.01551572 ustep: 1 
iter: 5  value: 24391.76 mgc: 3.372707e-06 ustep: 0.1336527 
iter: 6  value: 24391.76 mgc: 6.452164e-07 ustep: 0.3656489 
iter: 7  value: 24391.76 mgc: 6.182508e-08 ustep: 0.6047286 
iter: 8  mgc: 6.454321e-09 
iter: 1  mgc: 6.454321e-09 
outer mgc:  158.6462 
iter: 1  value: 24322.27 mgc: 19.09417 ustep: 1 
iter: 2  value: 24321.47 mgc: 1.201699 ustep: 1 
iter: 3  value: 24321.46 mgc: 0.01486659 ustep: 1 
iter: 4  value: 24321.46 mgc: 9.424068e-06 ustep: 1 
iter: 5  mgc: 5.966894e-12 
iter: 1  mgc: 5.966894e-12 
outer mgc:  115.6658 
iter: 1  value: 24271.05 mgc: 22.52527 ustep: 1 
iter: 2  value: 24267.25 mgc: 2.976717 ustep: 1 
iter: 3  value: 24267.24 mgc: 0.08017713 ustep: 1 
iter: 4  value: 24267.24 mgc: 0.0002419928 ustep: 1 
iter: 5  mgc: 2.238722e-09 
iter: 1  mgc: 2.238722e-09 
outer mgc:  154.3036 
iter: 1  value: 24199.75 mgc: 11.86207 ustep: 1 
iter: 2  value: 24197.47 mgc: 1.695616 ustep: 1 
iter: 3  value: 24197.47 mgc: 0.05080133 ustep: 1 
iter: 4  value: 24197.47 mgc: 0.0001128895 ustep: 1 
iter: 5  mgc: 5.598951e-10 
iter: 1  mgc: 5.598951e-10 
outer mgc:  110.0754 
iter: 1  value: 24141.68 mgc: 14.92902 ustep: 1 
iter: 2  value: 24140.36 mgc: 1.578429 ustep: 1 
iter: 3  value: 24140.36 mgc: 0.03573297 ustep: 1 
iter: 4  value: 24140.36 mgc: 4.270085e-05 ustep: 1 
iter: 5  mgc: 7.702103e-11 
iter: 1  mgc: 7.702103e-11 
outer mgc:  39.5298 
iter: 1  value: 24097.69 mgc: 14.98995 ustep: 1 
iter: 2  value: 24097.01 mgc: 1.127406 ustep: 1 
iter: 3  value: 24097.01 mgc: 0.0127168 ustep: 1 
iter: 4  value: 24097.01 mgc: 5.858422e-06 ustep: 1 
iter: 5  mgc: 2.940717e-12 
iter: 1  mgc: 2.940717e-12 
outer mgc:  52.43561 
iter: 1  value: 24047.23 mgc: 13.07011 ustep: 1 
iter: 2  value: 24046.69 mgc: 0.837578 ustep: 1 
iter: 3  value: 24046.69 mgc: 0.008239554 ustep: 1 
iter: 4  value: 24046.69 mgc: 3.530585e-06 ustep: 1 
iter: 5  mgc: 1.332601e-12 
iter: 1  value: 23954.22 mgc: 20.66768 ustep: 1 
iter: 2  value: 23951.34 mgc: 2.53777 ustep: 1 
iter: 3  value: 23951.34 mgc: 0.04872787 ustep: 1 
iter: 4  value: 23951.34 mgc: 6.801164e-05 ustep: 1 
iter: 5  mgc: 2.874182e-10 
iter: 1  value: 25667.07 mgc: 26.62831 ustep: 0.08850017 
iter: 2  value: 25331.45 mgc: 28.74862 ustep: 0.29756 
iter: 3  value: 24953.25 mgc: 28.24742 ustep: 0.09226451 
iter: 4  value: 24797.24 mgc: 29.93878 ustep: 0.09932812 
iter: 5  value: 24771.1 mgc: 36.99387 ustep: 0.1724757 
iter: 6  value: 24670.02 mgc: 26.40048 ustep: 0.05778893 
iter: 7  value: 24645.66 mgc: 8.903035 ustep: 0.1284765 
iter: 8  value: 24634.04 mgc: 5.638775 ustep: 0.3585004 
iter: 9  value: 24630.06 mgc: 1.734724 ustep: 0.5987892 
iter: 10  value: 24629.47 mgc: 0.3293425 ustep: 0.7738373 
iter: 11  value: 24629.44 mgc: 0.0659185 ustep: 0.8796923 
iter: 12  value: 24629.44 mgc: 0.01011091 ustep: 0.9379253 
iter: 13  value: 24629.44 mgc: 0.0008348673 ustep: 0.9684686 
iter: 14  value: 24629.44 mgc: 3.590891e-05 ustep: 0.9841096 
iter: 15  value: 24629.44 mgc: 7.850087e-07 ustep: 0.9920238 
iter: 16  mgc: 8.640896e-09 
iter: 1  mgc: 2.874182e-10 
outer mgc:  164.3425 
iter: 1  value: 24134.32 mgc: 36.0208 ustep: 0.1531065 
iter: 2  value: 23727.86 mgc: 38.88 ustep: 0.3913491 
iter: 3  value: 23690.18 mgc: 22.23295 ustep: 0.6256165 
iter: 4  value: 23688.18 mgc: 6.826641 ustep: 0.7909801 
iter: 5  value: 23688.16 mgc: 0.302764 ustep: 0.8893817 
iter: 6  value: 23688.16 mgc: 0.004693597 ustep: 0.943076 
iter: 7  value: 23688.16 mgc: 0.000306333 ustep: 0.9711239 
iter: 8  value: 23688.16 mgc: 1.024668e-05 ustep: 0.9854576 
iter: 9  value: 23688.16 mgc: 1.728364e-07 ustep: 0.9927029 
iter: 10  mgc: 1.643902e-09 
iter: 1  mgc: 1.643902e-09 
outer mgc:  298.3796 
iter: 1  value: 24546.07 mgc: 30.64097 ustep: 0.06462134 
iter: 2  value: 24153.36 mgc: 23.08733 ustep: 0.1320348 
iter: 3  value: 23918.36 mgc: 21.73554 ustep: 0.06499066 
iter: 4  value: 23753.82 mgc: 19.46742 ustep: 0.1368566 
iter: 5  value: 23704.6 mgc: 14.22157 ustep: 0.08604326 
iter: 6  value: 23654.7 mgc: 24.22242 ustep: 0.07539694 
iter: 7  value: 23602.14 mgc: 21.46704 ustep: 0.07712436 
iter: 8  value: 23520.45 mgc: 18.38813 ustep: 0.1501526 
iter: 9  value: 23454.64 mgc: 14.77303 ustep: 0.3875566 
iter: 10  value: 23377.77 mgc: 11.31206 ustep: 0.0901284 
iter: 11  value: 23299.59 mgc: 9.655976 ustep: 0.3002839 
iter: 12  value: 23287.41 mgc: 24.58842 ustep: 0.1800294 
iter: 13  value: 23281.03 mgc: 18.18145 ustep: 0.241264 
iter: 14  value: 23274.26 mgc: 15.31655 ustep: 0.4912372 
iter: 15  value: 23274.12 mgc: 1.184789 ustep: 0.7009131 
iter: 16  value: 23274.12 mgc: 0.05914582 ustep: 0.8372218 
iter: 17  value: 23274.12 mgc: 0.002262883 ustep: 0.9150067 
iter: 18  value: 23274.12 mgc: 0.0001888069 ustep: 0.9565642 
iter: 19  value: 23274.12 mgc: 9.776139e-06 ustep: 0.9780432 
iter: 20  value: 23274.12 mgc: 2.57018e-07 ustep: 0.9889618 
iter: 21  mgc: 3.405855e-09 
iter: 1  mgc: 3.405855e-09 
outer mgc:  104.9241 
iter: 1  value: 23934.23 mgc: 23.60858 ustep: 0.1492232 
iter: 2  value: 23683.68 mgc: 19.59276 ustep: 0.08194651 
iter: 3  value: 23630.38 mgc: 9.760656 ustep: 0.2863344 
iter: 4  value: 23624.92 mgc: 1.208507 ustep: 0.5351487 
iter: 5  value: 23624.43 mgc: 0.2353803 ustep: 0.7315654 
iter: 6  value: 23624.39 mgc: 0.06110903 ustep: 0.8553305 
iter: 7  value: 23624.38 mgc: 0.01196051 ustep: 0.9248483 
iter: 8  value: 23624.38 mgc: 0.001425529 ustep: 0.9616942 
iter: 9  value: 23624.38 mgc: 9.933903e-05 ustep: 0.980662 
iter: 10  value: 23624.38 mgc: 3.397444e-06 ustep: 0.9902848 
iter: 11  value: 23624.38 mgc: 5.720505e-08 ustep: 0.995131 
iter: 12  mgc: 4.760641e-10 
iter: 1  value: 23415.92 mgc: 20.63553 ustep: 1 
iter: 2  value: 23244.24 mgc: 27.26373 ustep: 1 
iter: 3  value: 23174.58 mgc: 22.11829 ustep: 0.06728863 
iter: 4  value: 23166.67 mgc: 22.42907 ustep: 0.2594746 
iter: 5  value: 23165.89 mgc: 20.98935 ustep: 0.299567 
iter: 6  value: 23164.71 mgc: 21.17159 ustep: 0.5473724 
iter: 7  value: 23162.16 mgc: 20.45244 ustep: 0.4899237 
iter: 8  value: 23156.12 mgc: 18.71648 ustep: 0.6999755 
iter: 9  value: 23149.26 mgc: 15.30557 ustep: 0.8366617 
iter: 10  value: 23148.86 mgc: 3.507687 ustep: 0.9147007 
iter: 11  value: 23148.86 mgc: 0.0607764 ustep: 0.9564042 
iter: 12  value: 23148.86 mgc: 0.0003299905 ustep: 0.9779614 
iter: 13  value: 23148.86 mgc: 3.882036e-06 ustep: 0.9889204 
iter: 14  value: 23148.86 mgc: 4.416403e-08 ustep: 0.9944453 
iter: 15  mgc: 3.204875e-10 
iter: 1  mgc: 3.204875e-10 
outer mgc:  49.85353 
iter: 1  value: 23599.15 mgc: 13.86901 ustep: 0.6827823 
iter: 2  value: 23512.56 mgc: 33.00741 ustep: 0.3543617 
iter: 3  value: 23445.92 mgc: 20.98492 ustep: 0.05787542 
iter: 4  value: 23374.95 mgc: 16.02858 ustep: 0.2406491 
iter: 5  value: 23286.26 mgc: 17.64044 ustep: 0.4906109 
iter: 6  value: 23271.59 mgc: 11.53937 ustep: 0.1028349 
iter: 7  value: 23268.88 mgc: 5.646243 ustep: 0.3207468 
iter: 8  value: 23268.59 mgc: 1.613485 ustep: 0.5663885 
iter: 9  value: 23268.58 mgc: 0.2919758 ustep: 0.7526126 
iter: 10  value: 23268.57 mgc: 0.02187564 ustep: 0.8675457 
iter: 11  value: 23268.57 mgc: 0.000565298 ustep: 0.9314282 
iter: 12  value: 23268.57 mgc: 2.656612e-05 ustep: 0.9651088 
iter: 13  value: 23268.57 mgc: 9.7669e-07 ustep: 0.9824013 
iter: 14  value: 23268.57 mgc: 1.90255e-08 ustep: 0.9911625 
iter: 15  mgc: 1.92816e-10 
iter: 1  value: 23133.23 mgc: 3.410297 ustep: 1 
iter: 2  value: 23133.16 mgc: 0.2784203 ustep: 1 
iter: 3  value: 23133.16 mgc: 0.003773754 ustep: 1 
iter: 4  value: 23133.16 mgc: 1.097093e-06 ustep: 1 
iter: 5  mgc: 9.792167e-14 
iter: 1  mgc: 9.792167e-14 
outer mgc:  20.3876 
iter: 1  value: 23132.05 mgc: 2.222059 ustep: 1 
iter: 2  value: 23132.02 mgc: 0.1091143 ustep: 1 
iter: 3  value: 23132.02 mgc: 0.0005899262 ustep: 1 
iter: 4  value: 23132.02 mgc: 2.69621e-08 ustep: 1 
iter: 5  mgc: 5.628831e-14 
iter: 1  mgc: 5.628831e-14 
outer mgc:  24.28077 
iter: 1  value: 23131.58 mgc: 2.523834 ustep: 1 
iter: 2  value: 23131.55 mgc: 0.1803057 ustep: 1 
iter: 3  value: 23131.55 mgc: 0.001839586 ustep: 1 
iter: 4  value: 23131.55 mgc: 3.111331e-07 ustep: 1 
iter: 5  mgc: 5.528911e-14 
iter: 1  mgc: 5.528911e-14 
outer mgc:  32.10232 
iter: 1  value: 23143.86 mgc: 2.202405 ustep: 1 
iter: 2  value: 23143.81 mgc: 0.1648704 ustep: 1 
iter: 3  value: 23143.81 mgc: 0.001194696 ustep: 1 
iter: 4  value: 23143.81 mgc: 2.767256e-07 ustep: 1 
iter: 5  mgc: 2.242651e-14 
iter: 1  value: 23224.36 mgc: 8.593663 ustep: 1 
iter: 2  value: 23216.78 mgc: 3.40745 ustep: 1 
iter: 3  value: 23216.77 mgc: 0.1712923 ustep: 1 
iter: 4  value: 23216.77 mgc: 0.001692252 ustep: 1 
iter: 5  value: 23216.77 mgc: 2.045406e-07 ustep: 1 
iter: 6  mgc: 3.996803e-15 
iter: 1  mgc: 3.996803e-15 
outer mgc:  107.7085 
iter: 1  value: 23950.26 mgc: 11.34414 ustep: 0.2944624 
iter: 2  value: 23720.45 mgc: 26.48351 ustep: 0.3237204 
iter: 3  value: 23642.9 mgc: 14.47424 ustep: 0.5690074 
iter: 4  value: 23630.33 mgc: 12.85244 ustep: 0.7543504 
iter: 5  value: 23622.13 mgc: 11.58991 ustep: 0.8685466 
iter: 6  value: 23621.86 mgc: 1.801429 ustep: 0.9319653 
iter: 7  value: 23621.86 mgc: 0.08277594 ustep: 0.965387 
iter: 8  value: 23621.86 mgc: 0.000481728 ustep: 0.9825428 
iter: 9  value: 23621.86 mgc: 8.67026e-07 ustep: 0.9912339 
iter: 10  mgc: 2.435113e-09 
iter: 1  value: 23142.86 mgc: 2.829848 ustep: 1 
iter: 2  value: 23142.58 mgc: 0.663129 ustep: 1 
iter: 3  value: 23142.58 mgc: 0.02911882 ustep: 1 
iter: 4  value: 23142.58 mgc: 6.709402e-05 ustep: 1 
iter: 5  mgc: 3.595821e-10 
iter: 1  mgc: 3.595821e-10 
outer mgc:  40.20439 
iter: 1  value: 23089.27 mgc: 1.840171 ustep: 1 
iter: 2  value: 23089.23 mgc: 0.290549 ustep: 1 
iter: 3  value: 23089.23 mgc: 0.004593195 ustep: 1 
iter: 4  value: 23089.23 mgc: 1.250273e-06 ustep: 1 
iter: 5  mgc: 9.248158e-14 
iter: 1  mgc: 9.248158e-14 
outer mgc:  16.14991 
iter: 1  value: 23087.3 mgc: 1.673542 ustep: 1 
iter: 2  value: 23087.28 mgc: 0.07190204 ustep: 1 
iter: 3  value: 23087.28 mgc: 0.0002735045 ustep: 1 
iter: 4  value: 23087.28 mgc: 1.702979e-08 ustep: 1 
mgc: 5.77316e-15 
iter: 1  mgc: 5.77316e-15 
outer mgc:  18.71263 
iter: 1  value: 23052.22 mgc: 2.102263 ustep: 1 
iter: 2  value: 23052.18 mgc: 0.1322408 ustep: 1 
iter: 3  value: 23052.18 mgc: 0.001038989 ustep: 1 
iter: 4  value: 23052.18 mgc: 6.975855e-08 ustep: 1 
iter: 5  mgc: 5.884182e-15 
iter: 1  mgc: 5.884182e-15 
outer mgc:  24.55597 
iter: 1  value: 23031.01 mgc: 1.465982 ustep: 1 
iter: 2  value: 23030.97 mgc: 0.2103647 ustep: 1 
iter: 3  value: 23030.97 mgc: 0.00295272 ustep: 1 
iter: 4  value: 23030.97 mgc: 6.032329e-07 ustep: 1 
iter: 5  mgc: 2.553513e-14 
iter: 1  value: 23045.23 mgc: 1.371317 ustep: 1 
iter: 2  value: 23045.22 mgc: 0.08202855 ustep: 1 
iter: 3  value: 23045.22 mgc: 0.0004842594 ustep: 1 
iter: 4  value: 23045.22 mgc: 1.667694e-08 ustep: 1 
mgc: 6.328271e-15 
iter: 1  mgc: 6.328271e-15 
outer mgc:  14.61073 
iter: 1  value: 23034.98 mgc: 1.407542 ustep: 1 
iter: 2  value: 23034.97 mgc: 0.05287012 ustep: 1 
iter: 3  value: 23034.97 mgc: 9.871658e-05 ustep: 1 
iter: 4  mgc: 3.436663e-10 
iter: 1  value: 23039.53 mgc: 0.5753979 ustep: 1 
iter: 2  value: 23039.53 mgc: 0.005925493 ustep: 1 
iter: 3  value: 23039.53 mgc: 9.813622e-07 ustep: 1 
iter: 4  mgc: 4.063416e-14 
iter: 1  mgc: 4.063416e-14 
outer mgc:  5.090623 
iter: 1  value: 23035.61 mgc: 0.5168837 ustep: 1 
iter: 2  value: 23035.61 mgc: 0.005241228 ustep: 1 
iter: 3  value: 23035.61 mgc: 1.342491e-06 ustep: 1 
iter: 4  mgc: 8.942846e-14 
iter: 1  mgc: 8.942846e-14 
outer mgc:  6.854609 
iter: 1  value: 23029.13 mgc: 0.3509159 ustep: 1 
iter: 2  value: 23029.13 mgc: 0.003177927 ustep: 1 
iter: 3  value: 23029.13 mgc: 5.414234e-07 ustep: 1 
iter: 4  mgc: 1.487699e-14 
iter: 1  mgc: 1.487699e-14 
outer mgc:  3.807818 
iter: 1  value: 23025.49 mgc: 0.3812715 ustep: 1 
iter: 2  value: 23025.49 mgc: 0.00328287 ustep: 1 
iter: 3  value: 23025.49 mgc: 4.594699e-07 ustep: 1 
iter: 4  mgc: 9.992007e-15 
iter: 1  mgc: 9.992007e-15 
outer mgc:  5.907911 
iter: 1  value: 23016.34 mgc: 0.8095313 ustep: 1 
iter: 2  value: 23016.34 mgc: 0.0176804 ustep: 1 
iter: 3  value: 23016.34 mgc: 1.701304e-05 ustep: 1 
iter: 4  mgc: 2.849254e-11 
iter: 1  value: 23020.73 mgc: 0.450171 ustep: 1 
iter: 2  value: 23020.73 mgc: 0.005503796 ustep: 1 
iter: 3  value: 23020.73 mgc: 1.588652e-06 ustep: 1 
iter: 4  mgc: 1.389999e-13 
iter: 1  mgc: 1.389999e-13 
outer mgc:  4.631308 
iter: 1  value: 23018.34 mgc: 0.3661149 ustep: 1 
iter: 2  value: 23018.34 mgc: 0.002412077 ustep: 1 
iter: 3  value: 23018.34 mgc: 3.019933e-07 ustep: 1 
iter: 4  mgc: 6.217249e-15 
iter: 1  mgc: 6.217249e-15 
outer mgc:  4.069358 
iter: 1  value: 23013.14 mgc: 0.2629246 ustep: 1 
iter: 2  value: 23013.14 mgc: 0.002546234 ustep: 1 
iter: 3  value: 23013.14 mgc: 2.830281e-07 ustep: 1 
iter: 4  mgc: 5.107026e-15 
iter: 1  mgc: 5.107026e-15 
outer mgc:  2.919145 
iter: 1  value: 23005.3 mgc: 0.3809154 ustep: 1 
iter: 2  value: 23005.3 mgc: 0.006643643 ustep: 1 
iter: 3  value: 23005.3 mgc: 3.08714e-06 ustep: 1 
iter: 4  mgc: 1.034062e-12 
iter: 1  mgc: 1.034062e-12 
outer mgc:  7.386086 
iter: 1  value: 22996.46 mgc: 0.5587616 ustep: 1 
iter: 2  value: 22996.46 mgc: 0.006970486 ustep: 1 
iter: 3  value: 22996.46 mgc: 1.755221e-06 ustep: 1 
iter: 4  mgc: 1.374456e-13 
iter: 1  mgc: 1.374456e-13 
outer mgc:  4.615004 
iter: 1  value: 22991.68 mgc: 0.4273708 ustep: 1 
iter: 2  value: 22991.68 mgc: 0.003526331 ustep: 1 
iter: 3  value: 22991.68 mgc: 4.971925e-07 ustep: 1 
iter: 4  mgc: 8.437695e-15 
iter: 1  value: 22994.56 mgc: 0.2179857 ustep: 1 
iter: 2  value: 22994.56 mgc: 0.000862547 ustep: 1 
iter: 3  value: 22994.56 mgc: 2.919802e-08 ustep: 1 
iter: 4  mgc: 5.107026e-15 
iter: 1  mgc: 5.107026e-15 
outer mgc:  3.627127 
iter: 1  value: 22990.91 mgc: 0.3231546 ustep: 1 
iter: 2  value: 22990.91 mgc: 0.00271063 ustep: 1 
iter: 3  value: 22990.91 mgc: 2.193729e-07 ustep: 1 
iter: 4  mgc: 5.440093e-15 
iter: 1  mgc: 5.440093e-15 
outer mgc:  3.716821 
iter: 1  value: 22987.49 mgc: 0.2058762 ustep: 1 
iter: 2  value: 22987.49 mgc: 0.001040354 ustep: 1 
iter: 3  value: 22987.49 mgc: 3.520735e-08 ustep: 1 
iter: 4  mgc: 4.32987e-15 
iter: 1  mgc: 4.32987e-15 
outer mgc:  2.637128 
iter: 1  value: 22984.41 mgc: 0.3061717 ustep: 1 
iter: 2  value: 22984.41 mgc: 0.002515842 ustep: 1 
iter: 3  value: 22984.41 mgc: 1.835138e-07 ustep: 1 
iter: 4  mgc: 5.329071e-15 
iter: 1  mgc: 5.329071e-15 
outer mgc:  3.333019 
iter: 1  value: 22980.9 mgc: 0.2378299 ustep: 1 
iter: 2  value: 22980.9 mgc: 0.001191983 ustep: 1 
iter: 3  value: 22980.9 mgc: 6.549814e-08 ustep: 1 
iter: 4  mgc: 6.661338e-15 
iter: 1  mgc: 6.661338e-15 
outer mgc:  1.787336 
iter: 1  value: 22976.99 mgc: 0.2301161 ustep: 1 
iter: 2  value: 22976.99 mgc: 0.001568871 ustep: 1 
iter: 3  value: 22976.99 mgc: 1.090261e-07 ustep: 1 
iter: 4  mgc: 5.329071e-15 
iter: 1  value: 22978.99 mgc: 0.1147573 ustep: 1 
iter: 2  value: 22978.99 mgc: 0.0003811851 ustep: 1 
iter: 3  mgc: 6.447504e-09 
iter: 1  mgc: 6.447504e-09 
outer mgc:  1.493965 
iter: 1  value: 22977.14 mgc: 0.1592828 ustep: 1 
iter: 2  value: 22977.14 mgc: 0.000658316 ustep: 1 
iter: 3  value: 22977.14 mgc: 2.274337e-08 ustep: 1 
mgc: 5.107026e-15 
iter: 1  mgc: 5.107026e-15 
outer mgc:  1.709732 
iter: 1  value: 22975.76 mgc: 0.1198926 ustep: 1 
iter: 2  value: 22975.76 mgc: 0.0002686712 ustep: 1 
iter: 3  mgc: 2.306381e-09 
iter: 1  mgc: 2.306381e-09 
outer mgc:  1.879006 
iter: 1  value: 22973.31 mgc: 0.124142 ustep: 1 
iter: 2  value: 22973.31 mgc: 0.0003379373 ustep: 1 
iter: 3  mgc: 3.033585e-09 
iter: 1  mgc: 3.033585e-09 
outer mgc:  1.294978 
iter: 1  value: 22968.99 mgc: 0.1789278 ustep: 1 
iter: 2  value: 22968.99 mgc: 0.0007499467 ustep: 1 
iter: 3  value: 22968.99 mgc: 2.097775e-08 ustep: 1 
mgc: 5.551115e-15 
iter: 1  mgc: 5.551115e-15 
outer mgc:  2.015268 
iter: 1  value: 22965.52 mgc: 0.2976105 ustep: 1 
iter: 2  value: 22965.52 mgc: 0.001878691 ustep: 1 
iter: 3  value: 22965.52 mgc: 1.012273e-07 ustep: 1 
iter: 4  mgc: 5.107026e-15 
iter: 1  mgc: 5.107026e-15 
outer mgc:  1.403278 
iter: 1  value: 22960.57 mgc: 0.1289338 ustep: 1 
iter: 2  value: 22960.57 mgc: 0.0001969949 ustep: 1 
iter: 3  mgc: 1.235372e-09 
iter: 1  mgc: 1.235372e-09 
outer mgc:  1.761266 
iter: 1  value: 22957.2 mgc: 0.2837023 ustep: 1 
iter: 2  value: 22957.2 mgc: 0.001563997 ustep: 1 
iter: 3  value: 22957.2 mgc: 6.514706e-08 ustep: 1 
iter: 4  mgc: 6.661338e-15 
iter: 1  mgc: 6.661338e-15 
outer mgc:  1.88678 
iter: 1  value: 22953.5 mgc: 0.237806 ustep: 1 
iter: 2  value: 22953.5 mgc: 0.0006975239 ustep: 1 
iter: 3  value: 22953.5 mgc: 1.845879e-08 ustep: 1 
iter: 4  mgc: 4.884981e-15 
iter: 1  mgc: 4.884981e-15 
outer mgc:  2.104182 
iter: 1  value: 22949.2 mgc: 0.2111503 ustep: 1 
iter: 2  value: 22949.2 mgc: 0.000837394 ustep: 1 
iter: 3  value: 22949.2 mgc: 2.058494e-08 ustep: 1 
mgc: 6.661338e-15 
iter: 1  mgc: 6.661338e-15 
outer mgc:  1.223566 
iter: 1  value: 22946.5 mgc: 0.3072075 ustep: 1 
iter: 2  value: 22946.5 mgc: 0.001310527 ustep: 1 
iter: 3  value: 22946.5 mgc: 4.291413e-08 ustep: 1 
iter: 4  mgc: 4.82947e-15 
iter: 1  value: 22948.63 mgc: 0.05535479 ustep: 1 
iter: 2  value: 22948.63 mgc: 4.05638e-05 ustep: 1 
iter: 3  mgc: 4.36513e-11 
iter: 1  mgc: 4.36513e-11 
outer mgc:  0.6499906 
iter: 1  value: 22948.16 mgc: 0.05169439 ustep: 1 
iter: 2  value: 22948.16 mgc: 2.939732e-05 ustep: 1 
iter: 3  mgc: 1.482037e-11 
iter: 1  mgc: 1.482037e-11 
outer mgc:  0.9866565 
iter: 1  value: 22946.71 mgc: 0.09877451 ustep: 1 
iter: 2  value: 22946.71 mgc: 0.0001759946 ustep: 1 
iter: 3  mgc: 7.319674e-10 
iter: 1  mgc: 7.319674e-10 
outer mgc:  0.518375 
iter: 1  value: 22945.12 mgc: 0.08347597 ustep: 1 
iter: 2  value: 22945.12 mgc: 9.43524e-05 ustep: 1 
iter: 3  mgc: 2.557456e-10 
iter: 1  value: 22942.11 mgc: 0.1759241 ustep: 1 
iter: 2  value: 22942.11 mgc: 0.0004208893 ustep: 1 
iter: 3  mgc: 4.49386e-09 
iter: 1  value: 22933.56 mgc: 0.5031213 ustep: 1 
iter: 2  value: 22933.56 mgc: 0.002860214 ustep: 1 
iter: 3  value: 22933.56 mgc: 1.965233e-07 ustep: 1 
iter: 4  mgc: 4.884981e-15 
iter: 1  mgc: 4.884981e-15 
outer mgc:  1.970722 
iter: 1  value: 22921.11 mgc: 0.9345853 ustep: 1 
iter: 2  value: 22921.11 mgc: 0.008162219 ustep: 1 
iter: 3  value: 22921.11 mgc: 1.371771e-06 ustep: 1 
iter: 4  mgc: 3.463896e-14 
iter: 1  value: 22928.36 mgc: 0.4476637 ustep: 1 
iter: 2  value: 22928.36 mgc: 0.002297475 ustep: 1 
iter: 3  value: 22928.36 mgc: 1.133712e-07 ustep: 1 
iter: 4  mgc: 4.773959e-15 
iter: 1  mgc: 4.773959e-15 
outer mgc:  2.254071 
iter: 1  value: 22923.6 mgc: 0.2464229 ustep: 1 
iter: 2  value: 22923.6 mgc: 0.001020459 ustep: 1 
iter: 3  value: 22923.6 mgc: 2.172278e-08 ustep: 1 
mgc: 5.77316e-15 
iter: 1  value: 22926.22 mgc: 0.09511792 ustep: 1 
iter: 2  value: 22926.22 mgc: 0.0001263158 ustep: 1 
iter: 3  mgc: 2.642415e-10 
iter: 1  mgc: 2.642415e-10 
outer mgc:  1.131907 
iter: 1  value: 22924.28 mgc: 0.111085 ustep: 1 
iter: 2  value: 22924.28 mgc: 0.0001152324 ustep: 1 
iter: 3  mgc: 2.849081e-10 
iter: 1  mgc: 2.849081e-10 
outer mgc:  0.5848552 
iter: 1  value: 22922.57 mgc: 0.1060454 ustep: 1 
iter: 2  value: 22922.57 mgc: 0.0001106071 ustep: 1 
iter: 3  mgc: 2.49706e-10 
iter: 1  mgc: 2.49706e-10 
outer mgc:  0.7404524 
iter: 1  value: 22920.38 mgc: 0.1854953 ustep: 1 
iter: 2  value: 22920.38 mgc: 0.00034253 ustep: 1 
iter: 3  mgc: 2.307378e-09 
iter: 1  mgc: 2.307378e-09 
outer mgc:  0.5750983 
iter: 1  value: 22918.58 mgc: 0.1691818 ustep: 1 
iter: 2  value: 22918.58 mgc: 0.0001598288 ustep: 1 
iter: 3  mgc: 5.423866e-10 
iter: 1  mgc: 5.423866e-10 
outer mgc:  0.2522275 
iter: 1  value: 22917.04 mgc: 0.1371936 ustep: 1 
iter: 2  value: 22917.04 mgc: 0.000207631 ustep: 1 
iter: 3  mgc: 1.045111e-09 
iter: 1  value: 22918.08 mgc: 0.03370915 ustep: 1 
iter: 2  value: 22918.08 mgc: 2.302636e-05 ustep: 1 
iter: 3  mgc: 2.519474e-11 
iter: 1  mgc: 2.519474e-11 
outer mgc:  0.3553077 
iter: 1  value: 22917.9 mgc: 0.05268844 ustep: 1 
iter: 2  value: 22917.9 mgc: 1.84621e-05 ustep: 1 
iter: 3  mgc: 6.775913e-12 
iter: 1  mgc: 6.775913e-12 
outer mgc:  0.1127146 
iter: 1  value: 22917.49 mgc: 0.03336602 ustep: 1 
iter: 2  value: 22917.49 mgc: 2.338179e-05 ustep: 1 
iter: 3  mgc: 1.947154e-11 
iter: 1  value: 22917.71 mgc: 0.0158869 ustep: 1 
iter: 2  value: 22917.71 mgc: 7.522924e-06 ustep: 1 
iter: 3  mgc: 1.988187e-12 
iter: 1  mgc: 1.988187e-12 
outer mgc:  0.06954877 
iter: 1  value: 22917.58 mgc: 0.02711607 ustep: 1 
iter: 2  value: 22917.58 mgc: 6.587319e-06 ustep: 1 
iter: 3  mgc: 8.055778e-13 
iter: 1  mgc: 8.055778e-13 
outer mgc:  0.06497039 
iter: 1  value: 22917.34 mgc: 0.02736658 ustep: 1 
iter: 2  value: 22917.34 mgc: 4.73518e-06 ustep: 1 
iter: 3  mgc: 4.503065e-13 
iter: 1  mgc: 4.503065e-13 
outer mgc:  0.04397601 
iter: 1  value: 22917.2 mgc: 0.01385209 ustep: 1 
iter: 2  value: 22917.2 mgc: 2.948782e-06 ustep: 1 
iter: 3  mgc: 1.665335e-13 
iter: 1  value: 22917.31 mgc: 0.003854369 ustep: 1 
iter: 2  value: 22917.31 mgc: 2.346012e-07 ustep: 1 
iter: 3  mgc: 4.218847e-15 
iter: 1  mgc: 4.218847e-15 
outer mgc:  0.03827007 
iter: 1  value: 22917.35 mgc: 0.002288227 ustep: 1 
iter: 2  value: 22917.35 mgc: 2.410433e-07 ustep: 1 
iter: 3  mgc: 5.717649e-15 
iter: 1  mgc: 5.717649e-15 
outer mgc:  0.007326323 
iter: 1  value: 22917.35 mgc: 0.002135916 ustep: 1 
iter: 2  value: 22917.35 mgc: 6.434329e-08 ustep: 1 
iter: 3  mgc: 5.107026e-15 
iter: 1  mgc: 5.107026e-15 
outer mgc:  0.008715446 
iter: 1  mgc: 5.107026e-15 
iter: 1  mgc: 5.107026e-15 
outer mgc:  0.008715446 
iter: 1  value: 22917.35 mgc: 0.003255901 ustep: 1 
iter: 2  value: 22917.35 mgc: 1.350181e-07 ustep: 1 
iter: 3  mgc: 5.77316e-15 
outer mgc:  0.1756705 
iter: 1  value: 22917.35 mgc: 0.003253655 ustep: 1 
iter: 2  value: 22917.35 mgc: 1.348642e-07 ustep: 1 
iter: 3  mgc: 3.552714e-15 
outer mgc:  0.1597836 
iter: 1  value: 22917.35 mgc: 0.001411763 ustep: 1 
iter: 2  value: 22917.35 mgc: 4.178595e-08 ustep: 1 
iter: 3  mgc: 5.884182e-15 
outer mgc:  0.05550887 
iter: 1  value: 22917.36 mgc: 0.001410713 ustep: 1 
iter: 2  value: 22917.36 mgc: 4.173494e-08 ustep: 1 
iter: 3  mgc: 4.440892e-15 
outer mgc:  0.05790027 
iter: 1  value: 22917.36 mgc: 0.005377945 ustep: 1 
iter: 2  value: 22917.36 mgc: 4.27676e-07 ustep: 1 
iter: 3  mgc: 5.77316e-15 
outer mgc:  0.1612108 
iter: 1  value: 22917.35 mgc: 0.005376501 ustep: 1 
iter: 2  value: 22917.35 mgc: 4.287876e-07 ustep: 1 
iter: 3  mgc: 5.107026e-15 
outer mgc:  0.1583181 
iter: 1  value: 22917.36 mgc: 0.003012182 ustep: 1 
iter: 2  value: 22917.36 mgc: 1.917304e-07 ustep: 1 
iter: 3  mgc: 7.105427e-15 
outer mgc:  0.1446715 
iter: 1  value: 22917.34 mgc: 0.003012591 ustep: 1 
iter: 2  value: 22917.34 mgc: 1.915428e-07 ustep: 1 
iter: 3  mgc: 4.440892e-15 
outer mgc:  0.1345601 
iter: 1  value: 22917.35 mgc: 0.005156331 ustep: 1 
iter: 2  value: 22917.35 mgc: 6.756925e-07 ustep: 1 
iter: 3  mgc: 2.04281e-14 
outer mgc:  0.14605 
iter: 1  value: 22917.36 mgc: 0.005153753 ustep: 1 
iter: 2  value: 22917.36 mgc: 6.765813e-07 ustep: 1 
iter: 3  mgc: 1.776357e-14 
outer mgc:  0.1444233 
iter: 1  value: 22917.35 mgc: 0.002601017 ustep: 1 
iter: 2  value: 22917.35 mgc: 2.528601e-07 ustep: 1 
iter: 3  mgc: 4.884981e-15 
outer mgc:  0.1002623 
iter: 1  value: 22917.36 mgc: 0.002599772 ustep: 1 
iter: 2  value: 22917.36 mgc: 2.529242e-07 ustep: 1 
iter: 3  mgc: 6.217249e-15 
outer mgc:  0.101133 
iter: 1  value: 22917.35 mgc: 0.001797617 ustep: 1 
iter: 2  value: 22917.35 mgc: 1.059683e-07 ustep: 1 
iter: 3  mgc: 4.440892e-15 
outer mgc:  0.08460285 
iter: 1  value: 22917.36 mgc: 0.001796147 ustep: 1 
iter: 2  value: 22917.36 mgc: 1.05801e-07 ustep: 1 
iter: 3  mgc: 6.661338e-15 
outer mgc:  0.0778248 
iter: 1  value: 22917.35 mgc: 0.0006708257 ustep: 1 
iter: 2  value: 22917.35 mgc: 2.109171e-08 ustep: 1 
iter: 3  mgc: 6.217249e-15 
outer mgc:  0.02722695 
iter: 1  value: 22917.36 mgc: 0.0006702175 ustep: 1 
iter: 2  value: 22917.36 mgc: 2.105466e-08 ustep: 1 
iter: 3  mgc: 6.217249e-15 
outer mgc:  0.02477477 
iter: 1  value: 22917.36 mgc: 0.004070698 ustep: 1 
iter: 2  value: 22917.36 mgc: 1.674204e-07 ustep: 1 
iter: 3  mgc: 7.549517e-15 
outer mgc:  0.1948224 
iter: 1  value: 22917.35 mgc: 0.004067945 ustep: 1 
iter: 2  value: 22917.35 mgc: 1.674012e-07 ustep: 1 
iter: 3  mgc: 5.218048e-15 
outer mgc:  0.2121574 
iter: 1  value: 22917.35 mgc: 0.001656095 ustep: 1 
iter: 2  value: 22917.35 mgc: 4.268831e-08 ustep: 1 
iter: 3  mgc: 5.329071e-15 
outer mgc:  0.06325253 
iter: 1  value: 22917.36 mgc: 0.001654768 ustep: 1 
iter: 2  value: 22917.36 mgc: 4.263474e-08 ustep: 1 
iter: 3  mgc: 3.774758e-15 
outer mgc:  0.07115919 
iter: 1  value: 22917.39 mgc: 0.003970155 ustep: 1 
iter: 2  value: 22917.39 mgc: 1.740825e-07 ustep: 1 
iter: 3  mgc: 4.773959e-15 
outer mgc:  0.01127607 
iter: 1  value: 22917.31 mgc: 0.003974127 ustep: 1 
iter: 2  value: 22917.31 mgc: 1.737866e-07 ustep: 1 
iter: 3  mgc: 4.884981e-15 
outer mgc:  0.007993635 
iter: 1  value: 22917.38 mgc: 0.002923749 ustep: 1 
iter: 2  value: 22917.38 mgc: 8.794202e-08 ustep: 1 
iter: 3  mgc: 4.662937e-15 
outer mgc:  0.01342449 
iter: 1  value: 22917.33 mgc: 0.002926675 ustep: 1 
iter: 2  value: 22917.33 mgc: 8.79446e-08 ustep: 1 
iter: 3  mgc: 4.218847e-15 
outer mgc:  0.01301457 
iter: 1  value: 22917.38 mgc: 0.003701294 ustep: 1 
iter: 2  value: 22917.38 mgc: 2.350053e-07 ustep: 1 
iter: 3  mgc: 4.662937e-15 
outer mgc:  0.01724973 
iter: 1  value: 22917.33 mgc: 0.003704997 ustep: 1 
iter: 2  value: 22917.33 mgc: 2.352171e-07 ustep: 1 
iter: 3  mgc: 5.329071e-15 
outer mgc:  0.01052798 
iter: 1  value: 22917.39 mgc: 0.002229546 ustep: 1 
iter: 2  value: 22917.39 mgc: 2.024062e-07 ustep: 1 
iter: 3  mgc: 5.329071e-15 
outer mgc:  0.01045371 
iter: 1  value: 22917.32 mgc: 0.002231777 ustep: 1 
iter: 2  value: 22917.32 mgc: 2.020233e-07 ustep: 1 
iter: 3  mgc: 5.07927e-15 
outer mgc:  0.009058238 
iter: 1  value: 22917.4 mgc: 0.004813405 ustep: 1 
iter: 2  value: 22917.4 mgc: 1.563572e-07 ustep: 1 
iter: 3  mgc: 4.440892e-15 
outer mgc:  0.01137484 
iter: 1  value: 22917.31 mgc: 0.004818221 ustep: 1 
iter: 2  value: 22917.31 mgc: 1.561161e-07 ustep: 1 
iter: 3  mgc: 4.662937e-15 
outer mgc:  0.01041313 
iter: 1  value: 22917.33 mgc: 0.004072318 ustep: 1 
iter: 2  value: 22917.33 mgc: 3.336429e-07 ustep: 1 
iter: 3  mgc: 6.550316e-15 
outer mgc:  0.1504749 
iter: 1  value: 22917.38 mgc: 0.00406953 ustep: 1 
iter: 2  value: 22917.38 mgc: 3.327186e-07 ustep: 1 
iter: 3  mgc: 6.106227e-15 
outer mgc:  0.1625121 
iter: 1  value: 22917.34 mgc: 0.002530407 ustep: 1 
iter: 2  value: 22917.34 mgc: 1.989718e-07 ustep: 1 
iter: 3  mgc: 5.107026e-15 
outer mgc:  0.1035363 
iter: 1  value: 22917.37 mgc: 0.00252906 ustep: 1 
iter: 2  value: 22917.37 mgc: 1.985063e-07 ustep: 1 
iter: 3  mgc: 5.329071e-15 
outer mgc:  0.1110429 
[Sun Aug 15 11:21:33 2021]
Finished job 0.
1 of 1 steps (100%) done
