Building DAG of jobs...
Using shell: /usr/bin/bash
Provided cores: 1 (use --cores to define parallelism)
Rules claiming more threads will be scaled down.
Job counts:
	count	jobs
	1	inference_simulation_TMB_multiple
	1

[Fri Aug 13 08:48:12 2021]
rule inference_simulation_TMB_multiple:
    input: ../data/assessing_models_simulation/datasets/multiple_GenerationInoRE_100_100_80_6_0_NA_NA_NA_dataset0.RDS
    output: ../data/assessing_models_simulation/inference_results/TMB/nlminb/multiple_GenerationInoRE_100_100_80_6_0_fullREM_NA_NA_NA_dataset0.RDS
    log: logs/inference/nlminb/simulation_GenerationInoRE_100_100_80_6_0_ModelfullREM_NA_NA_NA_dataset0.log
    jobid: 0
    wildcards: optimiser=nlminb, datasetgeneration=GenerationInoRE, n=100, nlambda=100, lmbda=80, d=6, beta_intensity=0, model=fullREM, fixed_beta_intercept=NA, fixed_beta_slope=NA, sdRE_input=NA, itnum=0

Rscript 2_inference_TMB/run_TMB.R --input ../data/assessing_models_simulation/datasets/multiple_GenerationInoRE_100_100_80_6_0_NA_NA_NA_dataset0.RDS --output ../data/assessing_models_simulation/inference_results/TMB/nlminb/multiple_GenerationInoRE_100_100_80_6_0_fullREM_NA_NA_NA_dataset0.RDS --model fullREM --optimiser nlminb
Model: fullREM 
Feature type: signatures 
Using nlminb: TRUE 
Simulation boolean: TRUE 
make: Nothing to be done for 'all'.
../data/assessing_models_simulation/datasets/multiple_GenerationInoRE_100_100_80_6_0_NA_NA_NA_dataset0.RDS[1] "../data/assessing_models_simulation/datasets/multiple_GenerationInoRE_100_100_80_6_0_NA_NA_NA_dataset0.RDS"
Reading file ../data/assessing_models_simulation/datasets/multiple_GenerationInoRE_100_100_80_6_0_NA_NA_NA_dataset0.RDS 
Loading required package: nnet
# weights:  18 (10 variable)
initial  value 35759.935487 
iter  10 value 33899.921314
final  value 33315.634689 
converged
Order of parameters:
[1] "beta"       "u_large"    "logs_sd_RE" "cov_par_RE"
Not matching template order:
[1] "beta"       "u_large"    "cov_par_RE" "logs_sd_RE"
Your parameter list has been re-ordered.
(Disable this warning with checkParameterOrder=FALSE)
Constructing atomic invpd
Constructing atomic D_lgamma
Constructing atomic invpd
Constructing atomic D_lgamma
Constructing atomic matmul
Constructing atomic invpd
Constructing atomic D_lgamma
Constructing atomic matmul
Optimizing tape... Done
iter: 1  value: 6900.9 mgc: 68.0488 ustep: 0.6827823 
iter: 2  value: 4506.248 mgc: 51.42195 ustep: 0.8263238 
iter: 3  value: 4381.025 mgc: 108.7096 ustep: 0.2588283 
iter: 4  value: 4240.04 mgc: 202.27 ustep: 0.1627944 
iter: 5  value: 3677.531 mgc: 94.70073 ustep: 0.1211633 
iter: 6  value: 3542.685 mgc: 44.45897 ustep: 0.3481504 
iter: 7  value: 3477.21 mgc: 79.04131 ustep: 0.5900837 
iter: 8  value: 3471.934 mgc: 15.09728 ustep: 0.7681923 
iter: 9  value: 3471.78 mgc: 2.452141 ustep: 0.8764781 
iter: 10  value: 3471.78 mgc: 0.1253106 ustep: 0.9362105 
iter: 11  value: 3471.78 mgc: 0.0007975921 ustep: 0.9675829 
iter: 12  value: 3471.78 mgc: 1.653316e-06 ustep: 0.9836596 
iter: 13  mgc: 2.100312e-09 
iter: 1  mgc: 2.100312e-09 
Matching hessian patterns... Done
outer mgc:  182.3922 
iter: 1  value: 3376.136 mgc: 30.533 ustep: 1 
iter: 2  value: 3360.27 mgc: 3.425056 ustep: 1 
iter: 3  value: 3360.263 mgc: 0.1153539 ustep: 1 
iter: 4  value: 3360.263 mgc: 0.0001571439 ustep: 1 
iter: 5  mgc: 2.961771e-10 
iter: 1  mgc: 2.961771e-10 
outer mgc:  292.2075 
iter: 1  value: 3362.108 mgc: 11.62717 ustep: 1 
iter: 2  value: 3361.626 mgc: 0.6524497 ustep: 1 
iter: 3  value: 3361.626 mgc: 0.004436328 ustep: 1 
iter: 4  value: 3361.626 mgc: 2.713292e-07 ustep: 1 
iter: 5  mgc: 2.031708e-14 
iter: 1  value: 3269.663 mgc: 7.810117 ustep: 1 
iter: 2  value: 3269.581 mgc: 0.2384371 ustep: 1 
iter: 3  value: 3269.581 mgc: 0.0006144262 ustep: 1 
iter: 4  mgc: 5.325884e-09 
iter: 1  mgc: 5.325884e-09 
outer mgc:  160.8247 
iter: 1  value: 3211.999 mgc: 17.63551 ustep: 1 
iter: 2  value: 3211.621 mgc: 0.7525817 ustep: 1 
iter: 3  value: 3211.621 mgc: 0.00397168 ustep: 1 
iter: 4  value: 3211.621 mgc: 1.201914e-07 ustep: 1 
mgc: 2.808864e-14 
iter: 1  mgc: 2.808864e-14 
outer mgc:  245.8265 
iter: 1  value: 3116.473 mgc: 7.824977 ustep: 1 
iter: 2  value: 3116.442 mgc: 0.2022473 ustep: 1 
iter: 3  value: 3116.442 mgc: 0.0003216238 ustep: 1 
iter: 4  mgc: 9.108657e-10 
iter: 1  mgc: 9.108657e-10 
outer mgc:  114.5272 
iter: 1  value: 2988.301 mgc: 29.01218 ustep: 1 
iter: 2  value: 2987.267 mgc: 1.152542 ustep: 1 
iter: 3  value: 2987.267 mgc: 0.006990487 ustep: 1 
iter: 4  value: 2987.267 mgc: 1.100776e-06 ustep: 1 
iter: 5  mgc: 2.864375e-14 
iter: 1  mgc: 2.864375e-14 
outer mgc:  278.8543 
iter: 1  value: 3003.085 mgc: 40.60742 ustep: 1 
iter: 2  value: 3000.461 mgc: 1.846282 ustep: 1 
iter: 3  value: 3000.461 mgc: 0.01251251 ustep: 1 
iter: 4  value: 3000.461 mgc: 1.120084e-06 ustep: 1 
iter: 5  mgc: 2.930989e-14 
iter: 1  value: 2941.736 mgc: 18.06976 ustep: 1 
iter: 2  value: 2940.917 mgc: 0.972248 ustep: 1 
iter: 3  value: 2940.917 mgc: 0.00318464 ustep: 1 
iter: 4  value: 2940.917 mgc: 3.179192e-08 ustep: 1 
mgc: 2.620126e-14 
iter: 1  mgc: 2.620126e-14 
outer mgc:  176.5588 
iter: 1  value: 2873.776 mgc: 6.579185 ustep: 1 
iter: 2  value: 2873.734 mgc: 0.2588708 ustep: 1 
iter: 3  value: 2873.734 mgc: 0.0005784985 ustep: 1 
iter: 4  mgc: 4.481097e-09 
iter: 1  mgc: 4.481097e-09 
outer mgc:  97.8702 
iter: 1  value: 2864.959 mgc: 10.60929 ustep: 1 
iter: 2  value: 2864.794 mgc: 0.4858742 ustep: 1 
iter: 3  value: 2864.794 mgc: 0.001513288 ustep: 1 
iter: 4  value: 2864.794 mgc: 3.711474e-08 ustep: 1 
mgc: 2.223915e-14 
iter: 1  value: 2854.549 mgc: 5.12551 ustep: 1 
iter: 2  value: 2854.54 mgc: 0.1438684 ustep: 1 
iter: 3  value: 2854.54 mgc: 0.0001148672 ustep: 1 
iter: 4  mgc: 7.508061e-11 
iter: 1  mgc: 7.508061e-11 
outer mgc:  85.25149 
iter: 1  value: 2833.689 mgc: 4.999577 ustep: 1 
iter: 2  value: 2833.687 mgc: 0.07152955 ustep: 1 
iter: 3  value: 2833.687 mgc: 1.828232e-05 ustep: 1 
iter: 4  mgc: 1.517009e-12 
iter: 1  mgc: 1.517009e-12 
outer mgc:  82.18986 
iter: 1  value: 2806.477 mgc: 7.814396 ustep: 1 
iter: 2  value: 2806.471 mgc: 0.1402206 ustep: 1 
iter: 3  value: 2806.471 mgc: 5.286541e-05 ustep: 1 
iter: 4  mgc: 1.661116e-11 
iter: 1  mgc: 1.661116e-11 
outer mgc:  60.47326 
iter: 1  value: 2786.677 mgc: 6.705073 ustep: 1 
iter: 2  value: 2786.67 mgc: 0.07050891 ustep: 1 
iter: 3  value: 2786.67 mgc: 6.535624e-05 ustep: 1 
iter: 4  mgc: 7.267165e-11 
iter: 1  mgc: 7.267165e-11 
outer mgc:  117.9851 
iter: 1  value: 2764.062 mgc: 4.127217 ustep: 1 
iter: 2  value: 2764.061 mgc: 0.02904263 ustep: 1 
iter: 3  value: 2764.061 mgc: 1.651913e-05 ustep: 1 
iter: 4  mgc: 5.699441e-12 
iter: 1  mgc: 5.699441e-12 
outer mgc:  66.60404 
iter: 1  value: 2745.192 mgc: 5.189212 ustep: 1 
iter: 2  value: 2745.182 mgc: 0.07821118 ustep: 1 
iter: 3  value: 2745.182 mgc: 0.0001147466 ustep: 1 
iter: 4  mgc: 2.427047e-10 
iter: 1  mgc: 2.427047e-10 
outer mgc:  72.84401 
iter: 1  value: 2722.685 mgc: 3.644309 ustep: 1 
iter: 2  value: 2722.682 mgc: 0.04112019 ustep: 1 
iter: 3  value: 2722.682 mgc: 2.42445e-05 ustep: 1 
iter: 4  mgc: 9.085177e-12 
iter: 1  mgc: 9.085177e-12 
outer mgc:  66.06839 
iter: 1  value: 2707.047 mgc: 3.88412 ustep: 1 
iter: 2  value: 2707.044 mgc: 0.05466168 ustep: 1 
iter: 3  value: 2707.044 mgc: 6.203968e-05 ustep: 1 
iter: 4  mgc: 6.788548e-11 
iter: 1  mgc: 6.788548e-11 
outer mgc:  52.50007 
iter: 1  value: 2686.276 mgc: 3.327645 ustep: 1 
iter: 2  value: 2686.274 mgc: 0.02618263 ustep: 1 
iter: 3  value: 2686.274 mgc: 8.13313e-06 ustep: 1 
iter: 4  mgc: 9.50795e-13 
iter: 1  mgc: 9.50795e-13 
outer mgc:  43.03941 
iter: 1  value: 2663.859 mgc: 7.253248 ustep: 1 
iter: 2  value: 2663.816 mgc: 0.1961433 ustep: 1 
iter: 3  value: 2663.816 mgc: 0.0005454912 ustep: 1 
iter: 4  mgc: 3.902852e-09 
iter: 1  mgc: 3.902852e-09 
outer mgc:  157.5859 
iter: 1  value: 2635.585 mgc: 8.734599 ustep: 1 
iter: 2  value: 2635.573 mgc: 0.1379711 ustep: 1 
iter: 3  value: 2635.573 mgc: 7.917218e-05 ustep: 1 
iter: 4  mgc: 4.200729e-11 
iter: 1  mgc: 4.200729e-11 
outer mgc:  116.7544 
iter: 1  value: 2639.414 mgc: 9.584192 ustep: 1 
iter: 2  value: 2639.386 mgc: 0.2024312 ustep: 1 
iter: 3  value: 2639.386 mgc: 0.0003086736 ustep: 1 
iter: 4  mgc: 7.352236e-10 
iter: 1  value: 2623.175 mgc: 6.33502 ustep: 1 
iter: 2  value: 2623.172 mgc: 0.07678405 ustep: 1 
iter: 3  value: 2623.172 mgc: 1.583201e-05 ustep: 1 
iter: 4  mgc: 6.959711e-13 
iter: 1  mgc: 6.959711e-13 
outer mgc:  96.14438 
iter: 1  value: 2626.534 mgc: 6.938092 ustep: 1 
iter: 2  value: 2626.524 mgc: 0.1471979 ustep: 1 
iter: 3  value: 2626.524 mgc: 0.0001430493 ustep: 1 
iter: 4  mgc: 1.377414e-10 
iter: 1  value: 2618.389 mgc: 4.528595 ustep: 1 
iter: 2  value: 2618.388 mgc: 0.03800631 ustep: 1 
iter: 3  value: 2618.388 mgc: 2.922109e-06 ustep: 1 
iter: 4  mgc: 4.085621e-14 
iter: 1  mgc: 4.085621e-14 
outer mgc:  48.68693 
iter: 1  value: 2613.717 mgc: 2.898153 ustep: 1 
iter: 2  value: 2613.717 mgc: 0.009370337 ustep: 1 
iter: 3  value: 2613.717 mgc: 1.02633e-07 ustep: 1 
iter: 4  mgc: 2.103873e-14 
iter: 1  mgc: 2.103873e-14 
outer mgc:  45.23306 
iter: 1  value: 2607.961 mgc: 2.291154 ustep: 1 
iter: 2  value: 2607.961 mgc: 0.009648046 ustep: 1 
iter: 3  value: 2607.961 mgc: 2.043084e-07 ustep: 1 
iter: 4  mgc: 2.642331e-14 
iter: 1  mgc: 2.642331e-14 
outer mgc:  25.3726 
iter: 1  value: 2603.113 mgc: 1.694053 ustep: 1 
iter: 2  value: 2603.113 mgc: 0.006165577 ustep: 1 
iter: 3  value: 2603.113 mgc: 2.511756e-07 ustep: 1 
iter: 4  mgc: 3.108624e-14 
iter: 1  mgc: 3.108624e-14 
outer mgc:  26.51887 
iter: 1  value: 2595.703 mgc: 1.604832 ustep: 1 
iter: 2  value: 2595.703 mgc: 0.0149845 ustep: 1 
iter: 3  value: 2595.703 mgc: 1.808452e-06 ustep: 1 
iter: 4  mgc: 2.620126e-14 
iter: 1  mgc: 2.620126e-14 
outer mgc:  26.59762 
iter: 1  value: 2587.02 mgc: 2.08114 ustep: 1 
iter: 2  value: 2587.02 mgc: 0.019954 ustep: 1 
iter: 3  value: 2587.02 mgc: 1.575275e-06 ustep: 1 
iter: 4  mgc: 3.197442e-14 
iter: 1  mgc: 3.197442e-14 
outer mgc:  42.33093 
iter: 1  value: 2583.501 mgc: 4.223764 ustep: 1 
iter: 2  value: 2583.5 mgc: 0.02050962 ustep: 1 
iter: 3  value: 2583.5 mgc: 2.657332e-06 ustep: 1 
iter: 4  mgc: 5.062617e-14 
iter: 1  value: 2583.645 mgc: 2.095448 ustep: 1 
iter: 2  value: 2583.645 mgc: 0.008528351 ustep: 1 
iter: 3  value: 2583.645 mgc: 4.652305e-07 ustep: 1 
iter: 4  mgc: 2.664535e-14 
iter: 1  mgc: 2.664535e-14 
outer mgc:  56.56035 
iter: 1  value: 2581.741 mgc: 3.280476 ustep: 1 
iter: 2  value: 2581.741 mgc: 0.008225083 ustep: 1 
iter: 3  value: 2581.741 mgc: 9.001563e-08 ustep: 1 
iter: 4  mgc: 2.708944e-14 
iter: 1  mgc: 2.708944e-14 
outer mgc:  62.7751 
iter: 1  value: 2578.838 mgc: 1.830183 ustep: 1 
iter: 2  value: 2578.838 mgc: 0.003841331 ustep: 1 
iter: 3  value: 2578.838 mgc: 1.693421e-08 ustep: 1 
mgc: 3.108624e-14 
iter: 1  mgc: 3.108624e-14 
outer mgc:  11.02956 
iter: 1  value: 2575.058 mgc: 1.633661 ustep: 1 
iter: 2  value: 2575.058 mgc: 0.002634402 ustep: 1 
iter: 3  value: 2575.058 mgc: 1.700041e-08 ustep: 1 
mgc: 2.664535e-14 
iter: 1  mgc: 2.664535e-14 
outer mgc:  44.66845 
iter: 1  value: 2570.442 mgc: 1.886582 ustep: 1 
iter: 2  value: 2570.442 mgc: 0.004532381 ustep: 1 
iter: 3  value: 2570.442 mgc: 2.878292e-08 ustep: 1 
mgc: 2.509104e-14 
iter: 1  mgc: 2.509104e-14 
outer mgc:  22.84491 
iter: 1  value: 2567.274 mgc: 1.408312 ustep: 1 
iter: 2  value: 2567.274 mgc: 0.001902846 ustep: 1 
iter: 3  value: 2567.274 mgc: 2.434031e-08 ustep: 1 
mgc: 2.772782e-14 
iter: 1  mgc: 2.772782e-14 
outer mgc:  23.99914 
iter: 1  value: 2564.654 mgc: 0.985394 ustep: 1 
iter: 2  value: 2564.654 mgc: 0.003458505 ustep: 1 
iter: 3  value: 2564.654 mgc: 6.567366e-08 ustep: 1 
mgc: 3.130829e-14 
iter: 1  mgc: 3.130829e-14 
outer mgc:  10.39613 
iter: 1  value: 2561.575 mgc: 1.221463 ustep: 1 
iter: 2  value: 2561.575 mgc: 0.001259271 ustep: 1 
iter: 3  value: 2561.575 mgc: 1.072902e-08 ustep: 1 
mgc: 2.589595e-14 
iter: 1  mgc: 2.589595e-14 
outer mgc:  26.94021 
iter: 1  value: 2560.072 mgc: 1.294531 ustep: 1 
iter: 2  value: 2560.072 mgc: 0.001916536 ustep: 1 
iter: 3  mgc: 4.161343e-09 
iter: 1  mgc: 4.161343e-09 
outer mgc:  25.6593 
iter: 1  value: 2557.589 mgc: 1.140767 ustep: 1 
iter: 2  value: 2557.589 mgc: 0.001584621 ustep: 1 
iter: 3  value: 2557.589 mgc: 1.356062e-08 ustep: 1 
mgc: 2.797762e-14 
iter: 1  mgc: 2.797762e-14 
outer mgc:  16.81817 
iter: 1  value: 2555.621 mgc: 1.573222 ustep: 1 
iter: 2  value: 2555.621 mgc: 0.001848415 ustep: 1 
iter: 3  mgc: 4.66455e-09 
iter: 1  mgc: 4.66455e-09 
outer mgc:  19.97919 
iter: 1  value: 2555.463 mgc: 1.515689 ustep: 1 
iter: 2  value: 2555.463 mgc: 0.003705845 ustep: 1 
iter: 3  value: 2555.463 mgc: 1.998564e-08 ustep: 1 
mgc: 2.753353e-14 
iter: 1  mgc: 2.753353e-14 
outer mgc:  25.09972 
iter: 1  value: 2553.344 mgc: 1.668525 ustep: 1 
iter: 2  value: 2553.344 mgc: 0.003761734 ustep: 1 
iter: 3  value: 2553.344 mgc: 1.61731e-08 ustep: 1 
mgc: 2.325917e-14 
iter: 1  mgc: 2.325917e-14 
outer mgc:  14.98877 
iter: 1  value: 2552.564 mgc: 1.178583 ustep: 1 
iter: 2  value: 2552.564 mgc: 0.001032085 ustep: 1 
iter: 3  mgc: 7.859368e-09 
iter: 1  mgc: 7.859368e-09 
outer mgc:  16.69537 
iter: 1  value: 2550.441 mgc: 1.133938 ustep: 1 
iter: 2  value: 2550.441 mgc: 0.0007122167 ustep: 1 
iter: 3  mgc: 2.343187e-09 
iter: 1  mgc: 2.343187e-09 
outer mgc:  14.25042 
iter: 1  value: 2549.986 mgc: 2.054081 ustep: 1 
iter: 2  value: 2549.986 mgc: 0.003032053 ustep: 1 
iter: 3  value: 2549.986 mgc: 1.956558e-08 ustep: 1 
mgc: 3.241851e-14 
iter: 1  value: 2550.042 mgc: 1.252048 ustep: 1 
iter: 2  value: 2550.042 mgc: 0.0008005695 ustep: 1 
iter: 3  mgc: 2.659176e-09 
iter: 1  mgc: 2.659176e-09 
outer mgc:  25.67043 
iter: 1  value: 2549.59 mgc: 0.8767266 ustep: 1 
iter: 2  value: 2549.59 mgc: 0.000624027 ustep: 1 
iter: 3  mgc: 2.606955e-09 
iter: 1  mgc: 2.606955e-09 
outer mgc:  8.755675 
iter: 1  value: 2548.683 mgc: 0.7149585 ustep: 1 
iter: 2  value: 2548.683 mgc: 0.0006409137 ustep: 1 
iter: 3  mgc: 6.217071e-10 
iter: 1  mgc: 6.217071e-10 
outer mgc:  15.85859 
iter: 1  value: 2548.272 mgc: 0.5990364 ustep: 1 
iter: 2  value: 2548.272 mgc: 0.0004885128 ustep: 1 
iter: 3  mgc: 5.267866e-10 
iter: 1  mgc: 5.267866e-10 
outer mgc:  4.444785 
iter: 1  value: 2547.563 mgc: 0.5035611 ustep: 1 
iter: 2  value: 2547.563 mgc: 0.0006702763 ustep: 1 
iter: 3  mgc: 2.760523e-09 
iter: 1  mgc: 2.760523e-09 
outer mgc:  12.96479 
iter: 1  value: 2546.191 mgc: 0.7938091 ustep: 1 
iter: 2  value: 2546.191 mgc: 0.0007538018 ustep: 1 
iter: 3  value: 2546.191 mgc: 1.053871e-08 ustep: 1 
mgc: 2.664535e-14 
iter: 1  mgc: 2.664535e-14 
outer mgc:  13.05344 
iter: 1  value: 2545.462 mgc: 0.6422016 ustep: 1 
iter: 2  value: 2545.462 mgc: 0.0004338476 ustep: 1 
iter: 3  mgc: 5.417961e-09 
iter: 1  mgc: 5.417961e-09 
outer mgc:  8.378262 
iter: 1  value: 2544.783 mgc: 0.7077946 ustep: 1 
iter: 2  value: 2544.783 mgc: 0.001476989 ustep: 1 
iter: 3  value: 2544.783 mgc: 1.488904e-08 ustep: 1 
mgc: 2.353673e-14 
iter: 1  mgc: 2.353673e-14 
outer mgc:  18.79817 
iter: 1  value: 2545.398 mgc: 1.280888 ustep: 1 
iter: 2  value: 2545.398 mgc: 0.001123392 ustep: 1 
iter: 3  mgc: 1.457297e-09 
iter: 1  mgc: 1.457297e-09 
outer mgc:  30.19798 
iter: 1  value: 2546.323 mgc: 1.436443 ustep: 1 
iter: 2  value: 2546.323 mgc: 0.001409111 ustep: 1 
iter: 3  value: 2546.323 mgc: 1.173103e-08 ustep: 1 
mgc: 2.309264e-14 
iter: 1  mgc: 2.309264e-14 
outer mgc:  3.651341 
iter: 1  value: 2545.663 mgc: 1.583049 ustep: 1 
iter: 2  value: 2545.663 mgc: 0.00186156 ustep: 1 
iter: 3  mgc: 3.874199e-09 
iter: 1  mgc: 3.874199e-09 
outer mgc:  7.569425 
iter: 1  value: 2544.851 mgc: 0.8498085 ustep: 1 
iter: 2  value: 2544.851 mgc: 0.001022422 ustep: 1 
iter: 3  mgc: 2.470491e-09 
iter: 1  mgc: 2.470491e-09 
outer mgc:  20.34435 
iter: 1  value: 2546.12 mgc: 1.254683 ustep: 1 
iter: 2  value: 2546.12 mgc: 0.001005194 ustep: 1 
iter: 3  mgc: 6.71743e-09 
iter: 1  mgc: 6.71743e-09 
outer mgc:  10.33438 
iter: 1  value: 2547.231 mgc: 0.9553224 ustep: 1 
iter: 2  value: 2547.231 mgc: 0.001210456 ustep: 1 
iter: 3  value: 2547.231 mgc: 1.151247e-08 ustep: 1 
mgc: 2.68674e-14 
iter: 1  mgc: 2.68674e-14 
outer mgc:  6.885838 
iter: 1  value: 2547.752 mgc: 0.8073855 ustep: 1 
iter: 2  value: 2547.752 mgc: 0.00168154 ustep: 1 
iter: 3  value: 2547.752 mgc: 2.964497e-08 ustep: 1 
mgc: 2.708944e-14 
iter: 1  mgc: 2.708944e-14 
outer mgc:  7.560569 
iter: 1  value: 2548.622 mgc: 0.8155337 ustep: 1 
iter: 2  value: 2548.622 mgc: 0.001370564 ustep: 1 
iter: 3  mgc: 5.213787e-09 
iter: 1  mgc: 5.213787e-09 
outer mgc:  9.648416 
iter: 1  value: 2547.455 mgc: 1.206944 ustep: 1 
iter: 2  value: 2547.455 mgc: 0.002566452 ustep: 1 
iter: 3  value: 2547.455 mgc: 6.638332e-08 ustep: 1 
mgc: 2.953193e-14 
iter: 1  value: 2547.966 mgc: 0.5654279 ustep: 1 
iter: 2  value: 2547.966 mgc: 0.0005783109 ustep: 1 
iter: 3  mgc: 3.178649e-09 
iter: 1  mgc: 3.178649e-09 
outer mgc:  9.51258 
iter: 1  value: 2547.497 mgc: 0.5508087 ustep: 1 
iter: 2  value: 2547.497 mgc: 0.0006468964 ustep: 1 
iter: 3  mgc: 2.65305e-09 
iter: 1  mgc: 2.65305e-09 
outer mgc:  8.673805 
iter: 1  value: 2548.175 mgc: 0.6918402 ustep: 1 
iter: 2  value: 2548.175 mgc: 0.0004054374 ustep: 1 
iter: 3  mgc: 1.328648e-09 
iter: 1  mgc: 1.328648e-09 
outer mgc:  2.593658 
iter: 1  value: 2548.32 mgc: 0.4540134 ustep: 1 
iter: 2  value: 2548.32 mgc: 0.0003713957 ustep: 1 
iter: 3  mgc: 1.329195e-09 
iter: 1  mgc: 1.329195e-09 
outer mgc:  3.939081 
iter: 1  value: 2548.587 mgc: 0.6767633 ustep: 1 
iter: 2  value: 2548.587 mgc: 0.0007234174 ustep: 1 
iter: 3  mgc: 2.507887e-09 
iter: 1  mgc: 2.507887e-09 
outer mgc:  7.950993 
iter: 1  value: 2548.286 mgc: 0.3577834 ustep: 1 
iter: 2  value: 2548.286 mgc: 0.0001847992 ustep: 1 
iter: 3  mgc: 3.064127e-10 
iter: 1  mgc: 3.064127e-10 
outer mgc:  2.981945 
iter: 1  value: 2547.253 mgc: 0.4472505 ustep: 1 
iter: 2  value: 2547.253 mgc: 0.000660999 ustep: 1 
iter: 3  mgc: 1.835073e-09 
iter: 1  mgc: 1.835073e-09 
outer mgc:  3.202113 
iter: 1  value: 2547.056 mgc: 0.3629796 ustep: 1 
iter: 2  value: 2547.056 mgc: 0.0005375035 ustep: 1 
iter: 3  mgc: 3.140379e-09 
iter: 1  mgc: 3.140379e-09 
outer mgc:  3.529972 
iter: 1  value: 2547.162 mgc: 0.3037176 ustep: 1 
iter: 2  value: 2547.162 mgc: 0.0002678023 ustep: 1 
iter: 3  mgc: 2.444986e-10 
iter: 1  value: 2547.106 mgc: 0.2111345 ustep: 1 
iter: 2  value: 2547.106 mgc: 0.0001044435 ustep: 1 
iter: 3  mgc: 3.597966e-11 
iter: 1  value: 2547.059 mgc: 0.09042976 ustep: 1 
iter: 2  value: 2547.059 mgc: 1.862208e-05 ustep: 1 
iter: 3  mgc: 1.101341e-12 
iter: 1  mgc: 1.101341e-12 
outer mgc:  2.304813 
iter: 1  value: 2546.993 mgc: 0.1802842 ustep: 1 
iter: 2  value: 2546.993 mgc: 2.061719e-05 ustep: 1 
iter: 3  mgc: 1.751488e-12 
iter: 1  value: 2547.023 mgc: 0.08944128 ustep: 1 
iter: 2  value: 2547.023 mgc: 5.068622e-06 ustep: 1 
iter: 3  mgc: 1.109945e-13 
iter: 1  mgc: 1.109945e-13 
outer mgc:  1.261199 
iter: 1  value: 2547.023 mgc: 0.08428366 ustep: 1 
iter: 2  value: 2547.023 mgc: 7.123649e-06 ustep: 1 
iter: 3  mgc: 7.81597e-14 
iter: 1  mgc: 7.81597e-14 
outer mgc:  2.022759 
iter: 1  value: 2547.005 mgc: 0.07700117 ustep: 1 
iter: 2  value: 2547.005 mgc: 3.993693e-06 ustep: 1 
iter: 3  mgc: 3.552714e-14 
iter: 1  mgc: 3.552714e-14 
outer mgc:  0.8678006 
iter: 1  value: 2547.018 mgc: 0.07694839 ustep: 1 
iter: 2  value: 2547.018 mgc: 5.316487e-06 ustep: 1 
iter: 3  mgc: 1.034728e-13 
iter: 1  mgc: 1.034728e-13 
outer mgc:  1.530037 
iter: 1  value: 2547.079 mgc: 0.09551535 ustep: 1 
iter: 2  value: 2547.079 mgc: 1.605757e-05 ustep: 1 
iter: 3  mgc: 1.677325e-12 
iter: 1  mgc: 1.677325e-12 
outer mgc:  1.39578 
iter: 1  value: 2547.14 mgc: 0.1057904 ustep: 1 
iter: 2  value: 2547.14 mgc: 1.22277e-05 ustep: 1 
iter: 3  mgc: 1.705303e-13 
iter: 1  mgc: 1.705303e-13 
outer mgc:  0.7438979 
iter: 1  value: 2547.042 mgc: 0.09876604 ustep: 1 
iter: 2  value: 2547.042 mgc: 9.336613e-06 ustep: 1 
iter: 3  mgc: 2.884359e-13 
iter: 1  mgc: 2.884359e-13 
outer mgc:  0.6122654 
iter: 1  value: 2546.868 mgc: 0.05734639 ustep: 1 
iter: 2  value: 2546.868 mgc: 9.197176e-06 ustep: 1 
iter: 3  mgc: 6.741274e-13 
iter: 1  mgc: 6.741274e-13 
outer mgc:  0.8383502 
iter: 1  value: 2546.793 mgc: 0.1070167 ustep: 1 
iter: 2  value: 2546.793 mgc: 8.14047e-06 ustep: 1 
iter: 3  mgc: 2.229328e-13 
iter: 1  mgc: 2.229328e-13 
outer mgc:  1.710279 
iter: 1  value: 2546.829 mgc: 0.1299724 ustep: 1 
iter: 2  value: 2546.829 mgc: 1.98716e-05 ustep: 1 
iter: 3  mgc: 4.440892e-13 
iter: 1  mgc: 4.440892e-13 
outer mgc:  0.3570384 
iter: 1  value: 2546.81 mgc: 0.07177941 ustep: 1 
iter: 2  value: 2546.81 mgc: 1.79596e-05 ustep: 1 
iter: 3  mgc: 1.013856e-12 
iter: 1  mgc: 1.013856e-12 
outer mgc:  0.5498767 
iter: 1  value: 2546.778 mgc: 0.07795672 ustep: 1 
iter: 2  value: 2546.778 mgc: 1.279255e-05 ustep: 1 
iter: 3  mgc: 5.098144e-13 
iter: 1  mgc: 5.098144e-13 
outer mgc:  0.5829912 
iter: 1  value: 2546.671 mgc: 0.0575749 ustep: 1 
iter: 2  value: 2546.671 mgc: 8.949462e-06 ustep: 1 
iter: 3  mgc: 2.016165e-13 
iter: 1  mgc: 2.016165e-13 
outer mgc:  0.3733056 
iter: 1  value: 2546.451 mgc: 0.09738994 ustep: 1 
iter: 2  value: 2546.451 mgc: 3.021567e-05 ustep: 1 
iter: 3  mgc: 4.069634e-12 
iter: 1  value: 2546.587 mgc: 0.05441257 ustep: 1 
iter: 2  value: 2546.587 mgc: 1.046815e-05 ustep: 1 
iter: 3  mgc: 4.813927e-13 
iter: 1  value: 2546.647 mgc: 0.02303369 ustep: 1 
iter: 2  value: 2546.647 mgc: 1.990138e-06 ustep: 1 
iter: 3  mgc: 2.309264e-14 
iter: 1  mgc: 2.309264e-14 
outer mgc:  0.4119464 
iter: 1  value: 2546.633 mgc: 0.02007809 ustep: 1 
iter: 2  value: 2546.633 mgc: 6.052864e-07 ustep: 1 
iter: 3  mgc: 2.356448e-14 
iter: 1  mgc: 2.356448e-14 
outer mgc:  0.312322 
iter: 1  value: 2546.606 mgc: 0.02070312 ustep: 1 
iter: 2  value: 2546.606 mgc: 3.887056e-07 ustep: 1 
iter: 3  mgc: 2.88658e-14 
iter: 1  mgc: 2.88658e-14 
outer mgc:  0.3624163 
iter: 1  value: 2546.586 mgc: 0.01527755 ustep: 1 
iter: 2  value: 2546.586 mgc: 2.544866e-07 ustep: 1 
iter: 3  mgc: 2.842171e-14 
iter: 1  mgc: 2.842171e-14 
outer mgc:  0.1929349 
iter: 1  value: 2546.563 mgc: 0.01031911 ustep: 1 
iter: 2  value: 2546.563 mgc: 1.054944e-07 ustep: 1 
iter: 3  mgc: 3.28626e-14 
iter: 1  mgc: 3.28626e-14 
outer mgc:  0.1671523 
iter: 1  value: 2546.549 mgc: 0.01131777 ustep: 1 
iter: 2  value: 2546.549 mgc: 2.009541e-07 ustep: 1 
iter: 3  mgc: 2.620126e-14 
iter: 1  value: 2546.534 mgc: 0.009834302 ustep: 1 
iter: 2  value: 2546.534 mgc: 2.492907e-07 ustep: 1 
iter: 3  mgc: 2.398082e-14 
iter: 1  mgc: 2.398082e-14 
outer mgc:  0.1290728 
iter: 1  value: 2546.493 mgc: 0.01818153 ustep: 1 
iter: 2  value: 2546.493 mgc: 8.872216e-07 ustep: 1 
iter: 3  mgc: 2.597922e-14 
iter: 1  mgc: 2.597922e-14 
outer mgc:  0.3846564 
iter: 1  value: 2546.462 mgc: 0.01818541 ustep: 1 
iter: 2  value: 2546.462 mgc: 5.776421e-07 ustep: 1 
iter: 3  mgc: 3.552714e-14 
iter: 1  mgc: 3.552714e-14 
outer mgc:  0.1102442 
iter: 1  value: 2546.447 mgc: 0.02745189 ustep: 1 
iter: 2  value: 2546.447 mgc: 1.625786e-06 ustep: 1 
iter: 3  mgc: 3.108624e-14 
iter: 1  value: 2546.448 mgc: 0.01802269 ustep: 1 
iter: 2  value: 2546.448 mgc: 2.645321e-07 ustep: 1 
iter: 3  mgc: 2.842171e-14 
iter: 1  value: 2546.45 mgc: 0.01559268 ustep: 1 
iter: 2  value: 2546.45 mgc: 1.522123e-07 ustep: 1 
iter: 3  mgc: 1.953993e-14 
iter: 1  value: 2546.458 mgc: 0.005566482 ustep: 1 
iter: 2  value: 2546.458 mgc: 1.939209e-08 ustep: 1 
mgc: 2.88658e-14 
iter: 1  mgc: 2.88658e-14 
outer mgc:  0.1185575 
iter: 1  value: 2546.457 mgc: 0.005569901 ustep: 1 
iter: 2  value: 2546.457 mgc: 2.981213e-08 ustep: 1 
mgc: 2.842171e-14 
iter: 1  mgc: 2.842171e-14 
outer mgc:  0.08000717 
iter: 1  value: 2546.456 mgc: 0.003920686 ustep: 1 
iter: 2  value: 2546.456 mgc: 1.068252e-08 ustep: 1 
mgc: 2.4869e-14 
iter: 1  mgc: 2.4869e-14 
outer mgc:  0.05116662 
iter: 1  value: 2546.455 mgc: 0.004386596 ustep: 1 
iter: 2  value: 2546.455 mgc: 1.999835e-08 ustep: 1 
mgc: 2.930989e-14 
iter: 1  mgc: 2.930989e-14 
outer mgc:  0.06564201 
iter: 1  value: 2546.448 mgc: 0.004737043 ustep: 1 
iter: 2  value: 2546.448 mgc: 3.511719e-08 ustep: 1 
mgc: 2.309264e-14 
iter: 1  value: 2546.436 mgc: 0.009722623 ustep: 1 
iter: 2  value: 2546.436 mgc: 1.421146e-07 ustep: 1 
iter: 3  mgc: 2.875478e-14 
iter: 1  mgc: 2.875478e-14 
outer mgc:  0.05720039 
iter: 1  value: 2546.411 mgc: 0.01527522 ustep: 1 
iter: 2  value: 2546.411 mgc: 4.731194e-07 ustep: 1 
iter: 3  mgc: 2.309264e-14 
iter: 1  mgc: 2.309264e-14 
outer mgc:  0.1163693 
iter: 1  value: 2546.342 mgc: 0.0268584 ustep: 1 
iter: 2  value: 2546.342 mgc: 1.407891e-06 ustep: 1 
iter: 3  mgc: 3.508305e-14 
iter: 1  value: 2546.385 mgc: 0.01008072 ustep: 1 
iter: 2  value: 2546.385 mgc: 2.111206e-07 ustep: 1 
iter: 3  mgc: 2.464695e-14 
iter: 1  mgc: 2.464695e-14 
outer mgc:  0.0321579 
iter: 1  value: 2546.388 mgc: 0.008196286 ustep: 1 
iter: 2  value: 2546.388 mgc: 1.515724e-07 ustep: 1 
iter: 3  mgc: 3.241851e-14 
iter: 1  mgc: 3.241851e-14 
outer mgc:  0.07563308 
iter: 1  value: 2546.401 mgc: 0.008902909 ustep: 1 
iter: 2  value: 2546.401 mgc: 1.554856e-07 ustep: 1 
iter: 3  mgc: 2.309264e-14 
iter: 1  mgc: 2.309264e-14 
outer mgc:  0.0493647 
iter: 1  value: 2546.401 mgc: 0.007669469 ustep: 1 
iter: 2  value: 2546.401 mgc: 1.889223e-07 ustep: 1 
iter: 3  mgc: 2.609024e-14 
iter: 1  value: 2546.401 mgc: 0.002586138 ustep: 1 
iter: 2  value: 2546.401 mgc: 2.303174e-08 ustep: 1 
mgc: 2.220446e-14 
iter: 1  mgc: 2.220446e-14 
outer mgc:  0.01442299 
iter: 1  value: 2546.392 mgc: 0.003220929 ustep: 1 
iter: 2  value: 2546.392 mgc: 2.065938e-08 ustep: 1 
mgc: 3.108624e-14 
iter: 1  mgc: 3.108624e-14 
outer mgc:  0.04631985 
iter: 1  value: 2546.386 mgc: 0.00305726 ustep: 1 
iter: 2  value: 2546.386 mgc: 1.116881e-08 ustep: 1 
mgc: 2.842171e-14 
iter: 1  mgc: 2.842171e-14 
outer mgc:  0.02906044 
iter: 1  value: 2546.387 mgc: 0.002184018 ustep: 1 
iter: 2  mgc: 7.327661e-09 
iter: 1  value: 2546.386 mgc: 0.001492383 ustep: 1 
iter: 2  mgc: 2.740192e-09 
iter: 1  mgc: 2.740192e-09 
outer mgc:  0.01337383 
iter: 1  value: 2546.384 mgc: 0.001155665 ustep: 1 
iter: 2  mgc: 2.991047e-09 
iter: 1  mgc: 2.991047e-09 
outer mgc:  0.003754927 
iter: 1  value: 2546.387 mgc: 0.001615648 ustep: 1 
iter: 2  mgc: 6.057035e-09 
iter: 1  mgc: 6.057035e-09 
outer mgc:  0.01040496 
iter: 1  value: 2546.385 mgc: 0.001326197 ustep: 1 
iter: 2  mgc: 2.68505e-09 
iter: 1  mgc: 2.68505e-09 
outer mgc:  0.009031964 
iter: 1  value: 2546.384 mgc: 0.001057156 ustep: 1 
iter: 2  mgc: 1.660499e-09 
iter: 1  mgc: 2.68505e-09 
iter: 1  mgc: 2.68505e-09 
outer mgc:  0.009031964 
iter: 1  value: 2546.379 mgc: 0.02173041 ustep: 1 
iter: 2  value: 2546.379 mgc: 2.089974e-06 ustep: 1 
iter: 3  mgc: 2.620126e-14 
outer mgc:  0.8345675 
iter: 1  value: 2546.392 mgc: 0.02171339 ustep: 1 
iter: 2  value: 2546.392 mgc: 2.08806e-06 ustep: 1 
iter: 3  mgc: 2.930989e-14 
outer mgc:  0.8317994 
iter: 1  value: 2546.382 mgc: 0.01030342 ustep: 1 
iter: 2  value: 2546.382 mgc: 4.735928e-07 ustep: 1 
iter: 3  mgc: 2.220446e-14 
outer mgc:  0.5343395 
iter: 1  value: 2546.388 mgc: 0.01029519 ustep: 1 
iter: 2  value: 2546.388 mgc: 4.729643e-07 ustep: 1 
iter: 3  mgc: 2.309264e-14 
outer mgc:  0.5274578 
iter: 1  value: 2546.379 mgc: 0.02928893 ustep: 1 
iter: 2  value: 2546.379 mgc: 5.423921e-06 ustep: 1 
iter: 3  mgc: 1.927347e-13 
outer mgc:  0.6476607 
iter: 1  value: 2546.391 mgc: 0.02926896 ustep: 1 
iter: 2  value: 2546.391 mgc: 5.425049e-06 ustep: 1 
iter: 3  mgc: 1.936229e-13 
outer mgc:  0.6427064 
iter: 1  value: 2546.382 mgc: 0.01598518 ustep: 1 
iter: 2  value: 2546.382 mgc: 1.616746e-06 ustep: 1 
iter: 3  mgc: 2.420286e-14 
outer mgc:  0.5955919 
iter: 1  value: 2546.388 mgc: 0.0159742 ustep: 1 
iter: 2  value: 2546.388 mgc: 1.6159e-06 ustep: 1 
iter: 3  mgc: 2.575717e-14 
outer mgc:  0.5943175 
iter: 1  value: 2546.398 mgc: 0.0522386 ustep: 1 
iter: 2  value: 2546.398 mgc: 2.821948e-06 ustep: 1 
iter: 3  mgc: 2.930989e-14 
outer mgc:  2.097375 
iter: 1  value: 2546.373 mgc: 0.05222853 ustep: 1 
iter: 2  value: 2546.373 mgc: 2.825057e-06 ustep: 1 
iter: 3  mgc: 2.930989e-14 
outer mgc:  2.095742 
iter: 1  value: 2546.392 mgc: 0.02702535 ustep: 1 
iter: 2  value: 2546.392 mgc: 7.652507e-07 ustep: 1 
iter: 3  mgc: 3.019807e-14 
outer mgc:  1.616551 
iter: 1  value: 2546.379 mgc: 0.02701652 ustep: 1 
iter: 2  value: 2546.379 mgc: 7.653121e-07 ustep: 1 
iter: 3  mgc: 2.575717e-14 
outer mgc:  1.607613 
iter: 1  value: 2546.384 mgc: 0.0303951 ustep: 1 
iter: 2  value: 2546.384 mgc: 2.650405e-06 ustep: 1 
iter: 3  mgc: 2.620126e-14 
outer mgc:  1.243798 
iter: 1  value: 2546.387 mgc: 0.03037501 ustep: 1 
iter: 2  value: 2546.387 mgc: 2.649464e-06 ustep: 1 
iter: 3  mgc: 2.620126e-14 
outer mgc:  1.242084 
iter: 1  value: 2546.384 mgc: 0.01633599 ustep: 1 
iter: 2  value: 2546.384 mgc: 7.642142e-07 ustep: 1 
iter: 3  mgc: 3.552714e-14 
outer mgc:  0.8658573 
iter: 1  value: 2546.386 mgc: 0.01632514 ustep: 1 
iter: 2  value: 2546.386 mgc: 7.635895e-07 ustep: 1 
iter: 3  mgc: 2.464695e-14 
outer mgc:  0.8675705 
iter: 1  value: 2546.39 mgc: 0.04493656 ustep: 1 
iter: 2  value: 2546.39 mgc: 3.587261e-06 ustep: 1 
iter: 3  mgc: 3.597123e-14 
outer mgc:  1.597041 
iter: 1  value: 2546.381 mgc: 0.04491539 ustep: 1 
iter: 2  value: 2546.381 mgc: 3.589906e-06 ustep: 1 
iter: 3  mgc: 3.552714e-14 
outer mgc:  1.610759 
iter: 1  value: 2546.388 mgc: 0.02234487 ustep: 1 
iter: 2  value: 2546.388 mgc: 8.882849e-07 ustep: 1 
iter: 3  mgc: 2.797762e-14 
outer mgc:  1.207305 
iter: 1  value: 2546.383 mgc: 0.02233448 ustep: 1 
iter: 2  value: 2546.383 mgc: 8.88212e-07 ustep: 1 
iter: 3  mgc: 3.153033e-14 
outer mgc:  1.225 
iter: 1  value: 2546.369 mgc: 0.008681178 ustep: 1 
iter: 2  value: 2546.369 mgc: 6.931095e-07 ustep: 1 
iter: 3  mgc: 3.108624e-14 
outer mgc:  0.04619476 
iter: 1  value: 2546.4 mgc: 0.008670572 ustep: 1 
iter: 2  value: 2546.4 mgc: 6.925989e-07 ustep: 1 
iter: 3  mgc: 4.718448e-14 
outer mgc:  0.04566848 
iter: 1  value: 2546.354 mgc: 0.01466501 ustep: 1 
iter: 2  value: 2546.354 mgc: 2.647823e-07 ustep: 1 
iter: 3  mgc: 1.976197e-14 
outer mgc:  0.01686476 
iter: 1  value: 2546.415 mgc: 0.01465321 ustep: 1 
iter: 2  value: 2546.415 mgc: 2.648916e-07 ustep: 1 
iter: 3  mgc: 2.609024e-14 
outer mgc:  0.0165764 
iter: 1  value: 2546.382 mgc: 0.01626979 ustep: 1 
iter: 2  value: 2546.382 mgc: 3.1331e-07 ustep: 1 
iter: 3  mgc: 2.664535e-14 
outer mgc:  0.03954155 
iter: 1  value: 2546.388 mgc: 0.01626144 ustep: 1 
iter: 2  value: 2546.388 mgc: 3.136757e-07 ustep: 1 
iter: 3  mgc: 2.620126e-14 
outer mgc:  0.04074916 
iter: 1  value: 2546.384 mgc: 0.01290484 ustep: 1 
iter: 2  value: 2546.384 mgc: 5.081765e-07 ustep: 1 
iter: 3  mgc: 2.287059e-14 
outer mgc:  0.0226535 
iter: 1  value: 2546.386 mgc: 0.01289174 ustep: 1 
iter: 2  value: 2546.386 mgc: 5.077822e-07 ustep: 1 
iter: 3  mgc: 3.019807e-14 
outer mgc:  0.02339805 
iter: 1  value: 2546.359 mgc: 0.01085306 ustep: 1 
iter: 2  value: 2546.359 mgc: 2.438935e-07 ustep: 1 
iter: 3  mgc: 3.108624e-14 
outer mgc:  0.01622888 
iter: 1  value: 2546.41 mgc: 0.01084171 ustep: 1 
iter: 2  value: 2546.41 mgc: 2.439487e-07 ustep: 1 
iter: 3  mgc: 2.753353e-14 
outer mgc:  0.01614988 
iter: 1  value: 2546.361 mgc: 0.01002067 ustep: 1 
iter: 2  value: 2546.361 mgc: 2.276597e-07 ustep: 1 
iter: 3  mgc: 2.353673e-14 
outer mgc:  0.01355549 
iter: 1  value: 2546.409 mgc: 0.01001536 ustep: 1 
iter: 2  value: 2546.409 mgc: 2.278674e-07 ustep: 1 
iter: 3  mgc: 2.664535e-14 
outer mgc:  0.01419939 
iter: 1  value: 2546.357 mgc: 0.01084585 ustep: 1 
iter: 2  value: 2546.357 mgc: 2.182027e-07 ustep: 1 
iter: 3  mgc: 2.864375e-14 
outer mgc:  0.01304458 
iter: 1  value: 2546.412 mgc: 0.01083805 ustep: 1 
iter: 2  value: 2546.412 mgc: 2.184137e-07 ustep: 1 
iter: 3  mgc: 2.620126e-14 
outer mgc:  0.01355606 
iter: 1  value: 2546.379 mgc: 0.01306804 ustep: 1 
iter: 2  value: 2546.379 mgc: 3.916526e-07 ustep: 1 
iter: 3  mgc: 2.442491e-14 
outer mgc:  0.02884053 
iter: 1  value: 2546.391 mgc: 0.01306399 ustep: 1 
iter: 2  value: 2546.391 mgc: 3.916689e-07 ustep: 1 
iter: 3  mgc: 3.241851e-14 
outer mgc:  0.02887396 
iter: 1  value: 2546.386 mgc: 0.01281 ustep: 1 
iter: 2  value: 2546.386 mgc: 2.893506e-07 ustep: 1 
iter: 3  mgc: 3.153033e-14 
outer mgc:  0.02377513 
iter: 1  value: 2546.384 mgc: 0.01280039 ustep: 1 
iter: 2  value: 2546.384 mgc: 2.892025e-07 ustep: 1 
iter: 3  mgc: 2.4869e-14 
outer mgc:  0.02474589 
iter: 1  value: 2546.379 mgc: 0.01079208 ustep: 1 
iter: 2  value: 2546.379 mgc: 2.668663e-07 ustep: 1 
iter: 3  mgc: 2.664535e-14 
outer mgc:  0.01782281 
iter: 1  value: 2546.391 mgc: 0.0107982 ustep: 1 
iter: 2  value: 2546.391 mgc: 2.671445e-07 ustep: 1 
iter: 3  mgc: 2.664535e-14 
outer mgc:  0.01735516 
iter: 1  value: 2546.445 mgc: 0.02305902 ustep: 1 
iter: 2  value: 2546.445 mgc: 1.830824e-06 ustep: 1 
iter: 3  mgc: 2.605555e-14 
outer mgc:  0.07202904 
iter: 1  value: 2546.324 mgc: 0.02311184 ustep: 1 
iter: 2  value: 2546.324 mgc: 1.829718e-06 ustep: 1 
iter: 3  mgc: 2.842171e-14 
outer mgc:  0.07258456 
iter: 1  value: 2546.419 mgc: 0.01334427 ustep: 1 
iter: 2  value: 2546.419 mgc: 1.585615e-06 ustep: 1 
iter: 3  mgc: 2.942091e-14 
outer mgc:  0.1135602 
iter: 1  value: 2546.35 mgc: 0.01337397 ustep: 1 
iter: 2  value: 2546.35 mgc: 1.58766e-06 ustep: 1 
iter: 3  mgc: 2.708944e-14 
outer mgc:  0.1133449 
iter: 1  value: 2546.426 mgc: 0.03759047 ustep: 1 
iter: 2  value: 2546.426 mgc: 1.4467e-06 ustep: 1 
iter: 3  mgc: 2.664535e-14 
outer mgc:  0.1368113 
iter: 1  value: 2546.344 mgc: 0.03769104 ustep: 1 
iter: 2  value: 2546.344 mgc: 1.448925e-06 ustep: 1 
iter: 3  mgc: 2.842171e-14 
outer mgc:  0.1333404 
iter: 1  value: 2546.445 mgc: 0.02983696 ustep: 1 
iter: 2  value: 2546.445 mgc: 1.629969e-06 ustep: 1 
iter: 3  mgc: 2.642331e-14 
outer mgc:  0.06256493 
iter: 1  value: 2546.325 mgc: 0.02991071 ustep: 1 
iter: 2  value: 2546.325 mgc: 1.629165e-06 ustep: 1 
iter: 3  mgc: 2.356275e-14 
outer mgc:  0.06038986 
iter: 1  value: 2546.434 mgc: 0.02860884 ustep: 1 
iter: 2  value: 2546.434 mgc: 1.954836e-06 ustep: 1 
iter: 3  mgc: 2.078925e-14 
outer mgc:  0.0984606 
iter: 1  value: 2546.336 mgc: 0.02867146 ustep: 1 
iter: 2  value: 2546.336 mgc: 1.95362e-06 ustep: 1 
iter: 3  mgc: 2.708944e-14 
outer mgc:  0.09841281 
[Fri Aug 13 08:48:15 2021]
Finished job 0.
1 of 1 steps (100%) done
