Building DAG of jobs...
Using shell: /usr/bin/bash
Provided cores: 1 (use --cores to define parallelism)
Rules claiming more threads will be scaled down.
Job counts:
	count	jobs
	1	inference_simulation_TMB_multiple
	1

[Sat Aug 14 19:01:22 2021]
rule inference_simulation_TMB_multiple:
    input: ../data/assessing_models_simulation/datasets/multiple_GenerationJnorm3_50_100_10_5_4_NA_NA_NA_dataset1.RDS
    output: ../data/assessing_models_simulation/inference_results/TMB/nlminb/multiple_GenerationJnorm3_50_100_10_5_4_fullREM_NA_NA_NA_dataset1.RDS
    log: logs/inference/nlminb/simulation_GenerationJnorm3_50_100_10_5_4_ModelfullREM_NA_NA_NA_dataset1.log
    jobid: 0
    wildcards: optimiser=nlminb, datasetgeneration=GenerationJnorm3, n=50, nlambda=100, lmbda=10, d=5, beta_intensity=4, model=fullREM, fixed_beta_intercept=NA, fixed_beta_slope=NA, sdRE_input=NA, itnum=1

Rscript 2_inference_TMB/run_TMB.R --input ../data/assessing_models_simulation/datasets/multiple_GenerationJnorm3_50_100_10_5_4_NA_NA_NA_dataset1.RDS --output ../data/assessing_models_simulation/inference_results/TMB/nlminb/multiple_GenerationJnorm3_50_100_10_5_4_fullREM_NA_NA_NA_dataset1.RDS --model fullREM --optimiser nlminb
Model: fullREM 
Feature type: signatures 
Using nlminb: TRUE 
Simulation boolean: TRUE 
make: Nothing to be done for 'all'.
../data/assessing_models_simulation/datasets/multiple_GenerationJnorm3_50_100_10_5_4_NA_NA_NA_dataset1.RDS[1] "../data/assessing_models_simulation/datasets/multiple_GenerationJnorm3_50_100_10_5_4_NA_NA_NA_dataset1.RDS"
Reading file ../data/assessing_models_simulation/datasets/multiple_GenerationJnorm3_50_100_10_5_4_NA_NA_NA_dataset1.RDS 
Loading required package: nnet
# weights:  15 (8 variable)
initial  value 16078.284745 
iter  10 value 8432.859916
iter  20 value 7881.588705
iter  30 value 7875.608143
final  value 7875.573216 
converged
Order of parameters:
[1] "beta"       "u_large"    "logs_sd_RE" "cov_par_RE"
Not matching template order:
[1] "beta"       "u_large"    "cov_par_RE" "logs_sd_RE"
Your parameter list has been re-ordered.
(Disable this warning with checkParameterOrder=FALSE)
Constructing atomic invpd
Constructing atomic D_lgamma
Constructing atomic invpd
Constructing atomic D_lgamma
Constructing atomic matmul
Constructing atomic invpd
Constructing atomic D_lgamma
Constructing atomic matmul
Optimizing tape... Done
iter: 1  value: 51361.79 mgc: 110.3284 ustep: 1 
iter: 2  value: 50060.93 mgc: 110.8097 ustep: 0.6827823 
iter: 3  value: 40456.95 mgc: 100.5391 ustep: 0.3543617 
iter: 4  value: 36318.54 mgc: 185.273 ustep: 0.2023718 
iter: 5  value: 35377.37 mgc: 112.4257 ustep: 0.2582954 
iter: 6  value: 32052.15 mgc: 158.6076 ustep: 0.1625713 
iter: 7  value: 30568.35 mgc: 76.86445 ustep: 0.2274884 
iter: 8  value: 29955.97 mgc: 72.76925 ustep: 0.1495685 
iter: 9  value: 29938.71 mgc: 61.37839 ustep: 0.2169088 
iter: 10  value: 29778.76 mgc: 55.22354 ustep: 0.145044 
iter: 11  value: 29678.52 mgc: 60.2162 ustep: 0.1129458 
iter: 12  value: 29643.69 mgc: 38.82635 ustep: 0.1852058 
iter: 13  value: 29611.47 mgc: 36.83649 ustep: 0.4304124 
iter: 14  value: 29606.66 mgc: 8.402831 ustep: 0.6560926 
iter: 15  value: 29605.85 mgc: 0.5912934 ustep: 0.8100144 
iter: 16  value: 29605.81 mgc: 0.2378299 ustep: 0.900018 
iter: 17  value: 29605.8 mgc: 0.04139168 ustep: 0.9486979 
iter: 18  value: 29605.8 mgc: 0.003407879 ustep: 0.9740139 
iter: 19  value: 29605.8 mgc: 0.0001411578 ustep: 0.9869227 
iter: 20  value: 29605.8 mgc: 3.08333e-06 ustep: 0.9934405 
iter: 21  value: 29605.8 mgc: 3.48716e-08 ustep: 0.9967152 
iter: 22  mgc: 2.001875e-10 
iter: 1  mgc: 2.001875e-10 
Matching hessian patterns... Done
outer mgc:  3862.48 
iter: 1  value: 26062.21 mgc: 17.73972 ustep: 0.6827823 
iter: 2  value: 26025.81 mgc: 25.20478 ustep: 0.8263238 
iter: 3  value: 26021.34 mgc: 7.748285 ustep: 0.9090326 
iter: 4  value: 26020.98 mgc: 1.953674 ustep: 0.9534367 
iter: 5  value: 26020.97 mgc: 0.2625376 ustep: 0.9764432 
iter: 6  value: 26020.97 mgc: 0.007765039 ustep: 0.9881526 
iter: 7  value: 26020.97 mgc: 2.736238e-05 ustep: 0.9940592 
iter: 8  value: 26020.97 mgc: 4.438286e-08 ustep: 0.9970255 
iter: 9  mgc: 4.143896e-11 
iter: 1  mgc: 4.143896e-11 
outer mgc:  2954.619 
iter: 1  value: 23153.26 mgc: 28.65542 ustep: 1 
iter: 2  value: 23115.02 mgc: 8.20269 ustep: 1 
iter: 3  value: 23114.13 mgc: 1.227512 ustep: 1 
iter: 4  value: 23114.13 mgc: 0.09624683 ustep: 1 
iter: 5  value: 23114.13 mgc: 0.001041203 ustep: 1 
iter: 6  value: 23114.13 mgc: 1.250865e-07 ustep: 1 
iter: 7  mgc: 1.410261e-13 
iter: 1  value: 20612.54 mgc: 43.81239 ustep: 1 
iter: 2  value: 19831.87 mgc: 49.05245 ustep: 1 
iter: 3  value: 19807.76 mgc: 6.215324 ustep: 1 
iter: 4  value: 19807.25 mgc: 0.8531831 ustep: 1 
iter: 5  value: 19807.25 mgc: 0.06377343 ustep: 1 
iter: 6  value: 19807.25 mgc: 0.0004352346 ustep: 1 
iter: 7  value: 19807.25 mgc: 2.063653e-08 ustep: 1 
mgc: 1.173783e-13 
iter: 1  mgc: 1.173783e-13 
outer mgc:  2061.224 
iter: 1  value: 16860.47 mgc: 51.13224 ustep: 0.4367355 
iter: 2  value: 15894.41 mgc: 80.21765 ustep: 0.6608936 
iter: 3  value: 15858.59 mgc: 30.2791 ustep: 0.8129723 
iter: 4  value: 15857.75 mgc: 5.316662 ustep: 0.9016596 
iter: 5  value: 15857.75 mgc: 0.1981009 ustep: 0.9495626 
iter: 6  value: 15857.75 mgc: 0.001648441 ustep: 0.9744576 
iter: 7  value: 15857.75 mgc: 5.882145e-05 ustep: 0.9871475 
iter: 8  value: 15857.75 mgc: 1.433307e-06 ustep: 0.9935536 
iter: 9  value: 15857.75 mgc: 2.048385e-08 ustep: 0.9967719 
iter: 10  mgc: 1.456933e-10 
iter: 1  mgc: 1.456933e-10 
outer mgc:  1804.239 
iter: 1  value: 12654.72 mgc: 46.3846 ustep: 0.2494656 
iter: 2  value: 11921.74 mgc: 77.62598 ustep: 0.4995153 
iter: 3  value: 11892.01 mgc: 8.740074 ustep: 0.7067933 
iter: 4  value: 11891.17 mgc: 1.182509 ustep: 0.8407259 
iter: 5  value: 11890.96 mgc: 0.1244562 ustep: 0.9169194 
iter: 6  value: 11890.89 mgc: 0.08570756 ustep: 0.9575633 
iter: 7  value: 11890.88 mgc: 0.02102278 ustep: 0.9785538 
iter: 8  value: 11890.88 mgc: 0.002816617 ustep: 0.9892199 
iter: 9  value: 11890.88 mgc: 0.0002492334 ustep: 0.9945959 
iter: 10  value: 11890.88 mgc: 1.182866e-05 ustep: 0.9972945 
iter: 11  value: 11890.88 mgc: 2.861064e-07 ustep: 0.9986465 
iter: 12  mgc: 3.485952e-09 
iter: 1  mgc: 3.485952e-09 
outer mgc:  1484.418 
iter: 1  value: 9241.167 mgc: 52.77439 ustep: 0.2494656 
iter: 2  value: 8465.436 mgc: 91.39875 ustep: 0.4995153 
iter: 3  value: 8410.273 mgc: 13.72012 ustep: 0.7067933 
iter: 4  value: 8407.813 mgc: 2.584301 ustep: 0.8407259 
iter: 5  value: 8407.679 mgc: 0.1799072 ustep: 0.9169194 
iter: 6  value: 8407.647 mgc: 0.02365119 ustep: 0.9575633 
iter: 7  value: 8407.641 mgc: 0.01366448 ustep: 0.9785538 
iter: 8  value: 8407.64 mgc: 0.005843245 ustep: 0.9892199 
iter: 9  value: 8407.64 mgc: 0.001682458 ustep: 0.9945959 
iter: 10  value: 8407.64 mgc: 0.0002850228 ustep: 0.9972945 
iter: 11  value: 8407.64 mgc: 2.579847e-05 ustep: 0.9986465 
iter: 12  value: 8407.64 mgc: 1.205213e-06 ustep: 0.9993231 
iter: 13  value: 8407.64 mgc: 2.872395e-08 ustep: 0.9996615 
iter: 14  mgc: 3.462323e-10 
iter: 1  value: 6706.501 mgc: 49.84848 ustep: 0.4367355 
iter: 2  value: 6522.821 mgc: 41.5571 ustep: 0.6608936 
iter: 3  value: 6514.466 mgc: 3.260363 ustep: 0.8129723 
iter: 4  value: 6513.293 mgc: 0.5172661 ustep: 0.9016596 
iter: 5  value: 6512.91 mgc: 0.1039666 ustep: 0.9495626 
iter: 6  value: 6512.851 mgc: 0.04215955 ustep: 0.9744576 
iter: 7  value: 6512.84 mgc: 0.02171463 ustep: 0.9871475 
iter: 8  value: 6512.839 mgc: 0.008483624 ustep: 0.9935536 
iter: 9  value: 6512.838 mgc: 0.002105602 ustep: 0.9967719 
iter: 10  value: 6512.838 mgc: 0.0002953817 ustep: 0.9983848 
iter: 11  value: 6512.838 mgc: 2.196374e-05 ustep: 0.9991922 
iter: 12  value: 6512.838 mgc: 8.428544e-07 ustep: 0.999596 
iter: 13  value: 6512.838 mgc: 1.646684e-08 ustep: 0.999798 
iter: 14  mgc: 1.623974e-10 
iter: 1  mgc: 1.623974e-10 
outer mgc:  696.5622 
iter: 1  value: 4464.799 mgc: 58.82809 ustep: 0.4367355 
iter: 2  value: 4081.23 mgc: 99.21744 ustep: 0.1263996 
iter: 3  value: 3608.335 mgc: 86.1856 ustep: 0.1040152 
iter: 4  value: 3386.535 mgc: 86.08671 ustep: 0.3225816 
iter: 5  value: 3270.897 mgc: 78.28678 ustep: 0.09956936 
iter: 6  value: 3129.648 mgc: 70.88554 ustep: 0.3156146 
iter: 7  value: 3021.684 mgc: 34.61376 ustep: 0.5618397 
iter: 8  value: 2980.035 mgc: 5.043615 ustep: 0.7495847 
iter: 9  value: 2970.811 mgc: 0.8645522 ustep: 0.865799 
iter: 10  value: 2968.281 mgc: 0.5949076 ustep: 0.9304902 
iter: 11  value: 2967.718 mgc: 0.1458779 ustep: 0.9646227 
iter: 12  value: 2967.713 mgc: 0.1140813 ustep: 0.9821539 
iter: 13  value: 2967.712 mgc: 0.00448054 ustep: 0.9910377 
iter: 14  value: 2967.712 mgc: 0.0004884343 ustep: 0.9955092 
iter: 15  value: 2967.712 mgc: 2.605424e-05 ustep: 0.9977523 
iter: 16  value: 2967.712 mgc: 6.997482e-07 ustep: 0.9988756 
iter: 17  mgc: 9.519039e-09 
iter: 1  value: 2724.097 mgc: 39607.7 ustep: 1 
iter: 2  value: 2406.978 mgc: 95.84108 ustep: 0.2494656 
iter: 3  value: 2090.286 mgc: 71.97764 ustep: 0.4995153 
iter: 4  value: 2024.582 mgc: 61.34305 ustep: 0.7067933 
iter: 5  value: 2022.149 mgc: 12.23387 ustep: 0.8407259 
iter: 6  value: 2022.035 mgc: 1.530052 ustep: 0.9169194 
iter: 7  value: 2022.034 mgc: 0.08923947 ustep: 0.9575633 
iter: 8  value: 2022.034 mgc: 0.0007136125 ustep: 0.9785538 
iter: 9  value: 2022.034 mgc: 1.645246e-06 ustep: 0.9892199 
iter: 10  mgc: 1.889186e-09 
iter: 1  mgc: 1.889186e-09 
outer mgc:  731.1783 
iter: 1  value: 44189.05 mgc: 36396.77 ustep: 0.2494656 
iter: 2  value: 41269.11 mgc: 128.873 ustep: 0.2925213 
iter: 3  value: 38288.43 mgc: 105.9843 ustep: 0.3223973 
iter: 4  value: 36097.62 mgc: 130.9767 ustep: 0.1891665 
iter: 5  value: 35322.95 mgc: 105.9433 ustep: 0.2483032 
iter: 6  value: 35017.1 mgc: 109.6652 ustep: 0.2916986 
iter: 7  value: 34199.16 mgc: 122.5214 ustep: 0.3218361 
iter: 8  value: 33956.6 mgc: 78.30361 ustep: 0.5673492 
iter: 9  value: 33877.69 mgc: 20.49476 ustep: 0.7532506 
iter: 10  value: 33812.26 mgc: 11.20462 ustep: 0.8679133 
iter: 11  value: 33787.97 mgc: 5.789617 ustep: 0.9316255 
iter: 12  value: 33787.58 mgc: 0.5513604 ustep: 0.965211 
iter: 13  value: 33787.57 mgc: 0.09465394 ustep: 0.9824533 
iter: 14  value: 33787.57 mgc: 0.005292704 ustep: 0.9911887 
iter: 15  value: 33787.57 mgc: 5.976722e-05 ustep: 0.995585 
iter: 16  value: 33787.57 mgc: 2.65686e-07 ustep: 0.9977903 
iter: 17  mgc: 5.874363e-10 
iter: 1  value: 3904.645 mgc: 137.9478 ustep: 1 
iter: 2  value: 3469.679 mgc: 75.69234 ustep: 1 
iter: 3  value: 3433.115 mgc: 25.97297 ustep: 1 
iter: 4  value: 3430.373 mgc: 11.55732 ustep: 1 
iter: 5  value: 3430.368 mgc: 0.4344375 ustep: 1 
iter: 6  value: 3430.368 mgc: 0.002093988 ustep: 1 
iter: 7  value: 3430.368 mgc: 5.395655e-08 ustep: 1 
mgc: 1.563194e-13 
iter: 1  value: 1281.997 mgc: 51.26531 ustep: 1 
iter: 2  value: 1281.484 mgc: 2.619124 ustep: 1 
iter: 3  value: 1281.484 mgc: 0.03160737 ustep: 1 
iter: 4  value: 1281.484 mgc: 5.929163e-05 ustep: 1 
iter: 5  mgc: 1.922411e-10 
iter: 1  mgc: 1.922411e-10 
outer mgc:  153.136 
iter: 1  value: 1294.793 mgc: 125.1712 ustep: 1 
iter: 2  value: 1291.771 mgc: 5.608416 ustep: 1 
iter: 3  value: 1291.767 mgc: 0.2284551 ustep: 1 
iter: 4  value: 1291.767 mgc: 0.0004284174 ustep: 1 
iter: 5  mgc: 3.772791e-09 
iter: 1  mgc: 3.772791e-09 
outer mgc:  293.102 
iter: 1  value: 1160.189 mgc: 47.44879 ustep: 1 
iter: 2  value: 1155.881 mgc: 1.984245 ustep: 1 
iter: 3  value: 1155.772 mgc: 0.3410988 ustep: 1 
iter: 4  value: 1155.772 mgc: 0.01582371 ustep: 1 
iter: 5  value: 1155.772 mgc: 3.777716e-05 ustep: 1 
iter: 6  mgc: 2.325165e-10 
iter: 1  mgc: 2.325165e-10 
outer mgc:  50.10943 
iter: 1  value: 1096.077 mgc: 28.44047 ustep: 1 
iter: 2  value: 1096.062 mgc: 0.2331175 ustep: 1 
iter: 3  value: 1096.062 mgc: 0.003515475 ustep: 1 
iter: 4  value: 1096.062 mgc: 8.454742e-07 ustep: 1 
iter: 5  mgc: 4.796163e-14 
iter: 1  value: 950.539 mgc: 46.18479 ustep: 1 
iter: 2  value: 948.8643 mgc: 2.168548 ustep: 1 
iter: 3  value: 948.8372 mgc: 0.3873957 ustep: 1 
iter: 4  value: 948.8371 mgc: 0.02028948 ustep: 1 
iter: 5  value: 948.8371 mgc: 6.385062e-05 ustep: 1 
iter: 6  mgc: 6.374945e-10 
iter: 1  value: 9373.19 mgc: 3.836381e+13 ustep: 1 
iter: 2  value: 9135.107 mgc: 143.4935 ustep: 0.6827823 
iter: 3  value: 8589.712 mgc: 123.5274 ustep: 0.8263238 
iter: 4  value: 8311.977 mgc: 160.1972 ustep: 0.2588283 
iter: 5  value: 8243.963 mgc: 126.6052 ustep: 0.5088008 
iter: 6  value: 8207.819 mgc: 129.3339 ustep: 0.2682213 
iter: 7  value: 8037.222 mgc: 84.05266 ustep: 0.166719 
iter: 8  value: 7826.806 mgc: 45.02288 ustep: 0.122949 
iter: 9  value: 7820.867 mgc: 13.63188 ustep: 0.3507057 
iter: 10  value: 7820.818 mgc: 1.520735 ustep: 0.5922449 
iter: 11  value: 7820.818 mgc: 0.03086613 ustep: 0.7695975 
iter: 12  value: 7820.818 mgc: 0.001709708 ustep: 0.8772794 
iter: 13  value: 7820.818 mgc: 4.378378e-05 ustep: 0.9366383 
iter: 14  value: 7820.818 mgc: 1.37439e-06 ustep: 0.967804 
iter: 15  value: 7820.818 mgc: 4.069381e-08 ustep: 0.9837719 
iter: 16  value: 7820.818 mgc: 4.504646e-08 ustep: 0.9918536 
mgc: 3.569854e-08 
iter: 1  mgc: 6.374945e-10 
outer mgc:  63.10337 
iter: 1  value: 1085.891 mgc: 11518.81 ustep: 1 
iter: 2  value: 1043.901 mgc: 28.13694 ustep: 1 
iter: 3  value: 1042.083 mgc: 3.288334 ustep: 1 
iter: 4  value: 1042.014 mgc: 0.440081 ustep: 1 
iter: 5  value: 1042.014 mgc: 0.03705512 ustep: 1 
iter: 6  value: 1042.014 mgc: 0.0003274138 ustep: 1 
iter: 7  value: 1042.014 mgc: 2.610606e-08 ustep: 1 
iter: 8  mgc: 4.973799e-14 
iter: 1  value: 897.5246 mgc: 21.36477 ustep: 1 
iter: 2  value: 889.8902 mgc: 4.858463 ustep: 1 
iter: 3  value: 889.8342 mgc: 0.6767128 ustep: 1 
iter: 4  value: 889.8341 mgc: 0.01070277 ustep: 1 
iter: 5  value: 889.8341 mgc: 8.986926e-06 ustep: 1 
iter: 6  mgc: 5.315748e-12 
iter: 1  mgc: 5.315748e-12 
outer mgc:  92.60907 
iter: 1  value: 884.606 mgc: 17.20373 ustep: 1 
iter: 2  value: 879.2192 mgc: 3.183272 ustep: 1 
iter: 3  value: 878.9964 mgc: 0.5663076 ustep: 1 
iter: 4  value: 878.9929 mgc: 0.06690672 ustep: 1 
iter: 5  value: 878.9929 mgc: 0.001361402 ustep: 1 
iter: 6  value: 878.9929 mgc: 5.943426e-07 ustep: 1 
iter: 7  mgc: 1.152411e-13 
iter: 1  mgc: 1.152411e-13 
outer mgc:  33.50174 
iter: 1  value: 911.7842 mgc: 24.13906 ustep: 1 
iter: 2  value: 889.5272 mgc: 11.74075 ustep: 1 
iter: 3  value: 888.8521 mgc: 1.488932 ustep: 1 
iter: 4  value: 888.8475 mgc: 0.1868681 ustep: 1 
iter: 5  value: 888.8475 mgc: 0.001297274 ustep: 1 
iter: 6  value: 888.8475 mgc: 9.928009e-08 ustep: 1 
iter: 7  mgc: 1.772194e-14 
iter: 1  value: 843.7129 mgc: 4.555593 ustep: 1 
iter: 2  value: 843.6408 mgc: 0.4871321 ustep: 1 
iter: 3  value: 843.6408 mgc: 0.01262997 ustep: 1 
iter: 4  value: 843.6408 mgc: 1.283477e-05 ustep: 1 
iter: 5  mgc: 1.773959e-11 
iter: 1  mgc: 1.773959e-11 
outer mgc:  18.21675 
iter: 1  value: 826.1202 mgc: 8.483707 ustep: 1 
iter: 2  value: 825.8075 mgc: 0.6349445 ustep: 1 
iter: 3  value: 825.8074 mgc: 0.01522488 ustep: 1 
iter: 4  value: 825.8074 mgc: 1.153245e-05 ustep: 1 
iter: 5  mgc: 7.106316e-12 
iter: 1  mgc: 7.106316e-12 
outer mgc:  14.38332 
iter: 1  value: 823.9207 mgc: 6.41615 ustep: 1 
iter: 2  value: 823.8007 mgc: 0.3745631 ustep: 1 
iter: 3  value: 823.8007 mgc: 0.00791874 ustep: 1 
iter: 4  value: 823.8007 mgc: 3.745292e-06 ustep: 1 
iter: 5  mgc: 8.357759e-13 
iter: 1  mgc: 8.357759e-13 
outer mgc:  33.53207 
iter: 1  value: 810.5691 mgc: 4.501153 ustep: 1 
iter: 2  value: 810.5284 mgc: 0.240743 ustep: 1 
iter: 3  value: 810.5284 mgc: 0.003167063 ustep: 1 
iter: 4  value: 810.5284 mgc: 5.661454e-07 ustep: 1 
iter: 5  mgc: 4.082845e-14 
iter: 1  mgc: 4.082845e-14 
outer mgc:  16.02646 
iter: 1  value: 808.075 mgc: 9.387157 ustep: 1 
iter: 2  value: 807.7113 mgc: 0.6164122 ustep: 1 
iter: 3  value: 807.7111 mgc: 0.02975518 ustep: 1 
iter: 4  value: 807.7111 mgc: 7.911648e-05 ustep: 1 
iter: 5  mgc: 5.631982e-10 
iter: 1  mgc: 5.631982e-10 
outer mgc:  19.3329 
iter: 1  value: 802.5949 mgc: 2.388993 ustep: 1 
iter: 2  value: 802.5779 mgc: 0.21616 ustep: 1 
iter: 3  value: 802.5779 mgc: 0.001906858 ustep: 1 
iter: 4  value: 802.5779 mgc: 3.353186e-07 ustep: 1 
iter: 5  mgc: 3.413936e-14 
iter: 1  mgc: 3.413936e-14 
outer mgc:  19.60744 
iter: 1  value: 799.6415 mgc: 8.010619 ustep: 1 
iter: 2  value: 799.4997 mgc: 0.5093131 ustep: 1 
iter: 3  value: 799.4997 mgc: 0.004070222 ustep: 1 
iter: 4  value: 799.4997 mgc: 3.961232e-07 ustep: 1 
iter: 5  mgc: 3.003153e-14 
iter: 1  mgc: 3.003153e-14 
outer mgc:  10.05714 
iter: 1  value: 795.9326 mgc: 3.635282 ustep: 1 
iter: 2  value: 795.9267 mgc: 0.1177187 ustep: 1 
iter: 3  value: 795.9267 mgc: 0.0005318922 ustep: 1 
iter: 4  value: 795.9267 mgc: 2.596414e-08 ustep: 1 
mgc: 2.908784e-14 
iter: 1  mgc: 2.908784e-14 
outer mgc:  6.215459 
iter: 1  value: 792.0488 mgc: 6.214963 ustep: 1 
iter: 2  value: 791.9876 mgc: 0.3954359 ustep: 1 
iter: 3  value: 791.9876 mgc: 0.00418468 ustep: 1 
iter: 4  value: 791.9876 mgc: 5.047576e-07 ustep: 1 
iter: 5  mgc: 3.153033e-14 
iter: 1  mgc: 3.153033e-14 
outer mgc:  4.999989 
iter: 1  value: 788.736 mgc: 6.260653 ustep: 1 
iter: 2  value: 788.7113 mgc: 0.1927808 ustep: 1 
iter: 3  value: 788.7113 mgc: 0.0006118984 ustep: 1 
iter: 4  value: 788.7113 mgc: 3.159781e-08 ustep: 1 
mgc: 2.88658e-14 
iter: 1  mgc: 2.88658e-14 
outer mgc:  9.989884 
iter: 1  value: 785.49 mgc: 3.090658 ustep: 1 
iter: 2  value: 785.4865 mgc: 0.07003267 ustep: 1 
iter: 3  value: 785.4865 mgc: 0.0001545854 ustep: 1 
iter: 4  mgc: 2.474835e-09 
iter: 1  mgc: 2.474835e-09 
outer mgc:  4.999959 
iter: 1  value: 788.4813 mgc: 3.781576 ustep: 1 
iter: 2  value: 788.3934 mgc: 0.6618292 ustep: 1 
iter: 3  value: 788.3934 mgc: 0.01629172 ustep: 1 
iter: 4  value: 788.3934 mgc: 1.044516e-05 ustep: 1 
iter: 5  mgc: 4.301448e-12 
iter: 1  value: 784.0422 mgc: 1.029265 ustep: 1 
iter: 2  value: 784.0419 mgc: 0.03562684 ustep: 1 
iter: 3  value: 784.0419 mgc: 8.101905e-05 ustep: 1 
iter: 4  mgc: 4.217031e-10 
iter: 1  mgc: 4.217031e-10 
outer mgc:  6.18196 
iter: 1  value: 783.6529 mgc: 0.4853025 ustep: 1 
iter: 2  value: 783.6528 mgc: 0.01565195 ustep: 1 
iter: 3  value: 783.6528 mgc: 1.804691e-05 ustep: 1 
iter: 4  mgc: 2.406875e-11 
iter: 1  mgc: 2.406875e-11 
outer mgc:  4.999949 
iter: 1  value: 782.8497 mgc: 0.3798961 ustep: 1 
iter: 2  value: 782.8496 mgc: 0.01008352 ustep: 1 
iter: 3  value: 782.8496 mgc: 6.758504e-06 ustep: 1 
iter: 4  mgc: 3.034017e-12 
iter: 1  mgc: 3.034017e-12 
outer mgc:  4.99994 
iter: 1  value: 781.2984 mgc: 0.3106396 ustep: 1 
iter: 2  value: 781.2984 mgc: 0.004806365 ustep: 1 
iter: 3  value: 781.2984 mgc: 1.659905e-06 ustep: 1 
iter: 4  mgc: 1.98952e-13 
iter: 1  value: 778.3639 mgc: 0.5591374 ustep: 1 
iter: 2  value: 778.3639 mgc: 0.003774276 ustep: 1 
iter: 3  value: 778.3639 mgc: 4.495076e-07 ustep: 1 
iter: 4  mgc: 2.897682e-14 
iter: 1  value: 768.0971 mgc: 2.621678 ustep: 1 
iter: 2  value: 768.0956 mgc: 0.07382232 ustep: 1 
iter: 3  value: 768.0956 mgc: 0.000175284 ustep: 1 
iter: 4  mgc: 9.999419e-10 
iter: 1  value: 763.5512 mgc: 4.073295 ustep: 1 
iter: 2  value: 763.5386 mgc: 0.1499938 ustep: 1 
iter: 3  value: 763.5386 mgc: 0.0008850121 ustep: 1 
iter: 4  value: 763.5386 mgc: 5.307715e-08 ustep: 1 
iter: 5  mgc: 3.463896e-14 
iter: 1  mgc: 3.463896e-14 
outer mgc:  39.03922 
iter: 1  value: 863.0966 mgc: 14.94647 ustep: 1 
iter: 2  value: 862.7009 mgc: 2.742594 ustep: 1 
iter: 3  value: 862.7007 mgc: 0.08610079 ustep: 1 
iter: 4  value: 862.7007 mgc: 7.469485e-05 ustep: 1 
iter: 5  mgc: 8.663736e-11 
iter: 1  value: 743.7071 mgc: 4.141202 ustep: 1 
iter: 2  value: 743.6313 mgc: 0.2602909 ustep: 1 
iter: 3  value: 743.6313 mgc: 0.005993452 ustep: 1 
iter: 4  value: 743.6313 mgc: 3.236088e-06 ustep: 1 
iter: 5  mgc: 9.470202e-13 
iter: 1  mgc: 9.470202e-13 
outer mgc:  8.07075 
iter: 1  value: 732.6699 mgc: 2.506968 ustep: 1 
iter: 2  value: 732.6681 mgc: 0.06428476 ustep: 1 
iter: 3  value: 732.6681 mgc: 0.0003860079 ustep: 1 
iter: 4  value: 732.6681 mgc: 1.871485e-08 ustep: 1 
mgc: 3.119727e-14 
iter: 1  mgc: 3.119727e-14 
outer mgc:  5.814027 
iter: 1  value: 729.9512 mgc: 5.602914 ustep: 1 
iter: 2  value: 729.905 mgc: 0.2931258 ustep: 1 
iter: 3  value: 729.905 mgc: 0.001498785 ustep: 1 
iter: 4  value: 729.905 mgc: 8.006368e-08 ustep: 1 
iter: 5  mgc: 2.553513e-14 
iter: 1  mgc: 2.553513e-14 
outer mgc:  7.201077 
iter: 1  value: 752.641 mgc: 17.4722 ustep: 1 
iter: 2  value: 746.9479 mgc: 3.298992 ustep: 1 
iter: 3  value: 746.9378 mgc: 0.1987403 ustep: 1 
iter: 4  value: 746.9378 mgc: 0.001065623 ustep: 1 
iter: 5  value: 746.9378 mgc: 3.118542e-08 ustep: 1 
mgc: 3.558265e-14 
iter: 1  value: 728.6449 mgc: 3.595379 ustep: 1 
iter: 2  value: 728.6411 mgc: 0.07763185 ustep: 1 
iter: 3  value: 728.6411 mgc: 0.0001266284 ustep: 1 
iter: 4  mgc: 5.10848e-10 
iter: 1  mgc: 5.10848e-10 
outer mgc:  5.922894 
iter: 1  value: 727.7225 mgc: 1.966741 ustep: 1 
iter: 2  value: 727.7208 mgc: 0.02973351 ustep: 1 
iter: 3  value: 727.7208 mgc: 5.799713e-05 ustep: 1 
iter: 4  mgc: 3.825451e-10 
iter: 1  mgc: 3.825451e-10 
outer mgc:  5.118502 
iter: 1  value: 727.6389 mgc: 1.086766 ustep: 1 
iter: 2  value: 727.6388 mgc: 0.007089812 ustep: 1 
iter: 3  value: 727.6388 mgc: 3.505657e-06 ustep: 1 
iter: 4  mgc: 1.32494e-12 
iter: 1  mgc: 1.32494e-12 
outer mgc:  2.156392 
iter: 1  value: 727.3731 mgc: 1.075639 ustep: 1 
iter: 2  value: 727.373 mgc: 0.01423636 ustep: 1 
iter: 3  value: 727.373 mgc: 1.513912e-05 ustep: 1 
iter: 4  mgc: 3.467093e-11 
iter: 1  value: 727.2723 mgc: 0.9720736 ustep: 1 
iter: 2  value: 727.2723 mgc: 0.005834104 ustep: 1 
iter: 3  value: 727.2723 mgc: 3.053651e-06 ustep: 1 
iter: 4  mgc: 1.409317e-12 
iter: 1  mgc: 1.409317e-12 
outer mgc:  2.022759 
iter: 1  value: 727.2676 mgc: 0.3309842 ustep: 1 
iter: 2  value: 727.2676 mgc: 0.001603484 ustep: 1 
iter: 3  value: 727.2676 mgc: 1.725041e-07 ustep: 1 
iter: 4  mgc: 3.175238e-14 
iter: 1  mgc: 3.175238e-14 
outer mgc:  0.9209389 
iter: 1  value: 727.3082 mgc: 0.2910049 ustep: 1 
iter: 2  value: 727.3082 mgc: 0.002330149 ustep: 1 
iter: 3  value: 727.3082 mgc: 3.586641e-07 ustep: 1 
iter: 4  mgc: 4.307665e-14 
iter: 1  mgc: 4.307665e-14 
outer mgc:  2.468728 
iter: 1  value: 727.2041 mgc: 0.295147 ustep: 1 
iter: 2  value: 727.2041 mgc: 0.001217141 ustep: 1 
iter: 3  value: 727.2041 mgc: 1.00839e-07 ustep: 1 
iter: 4  mgc: 3.996803e-14 
iter: 1  mgc: 3.996803e-14 
outer mgc:  1.046737 
iter: 1  value: 726.9264 mgc: 0.6284996 ustep: 1 
iter: 2  value: 726.9264 mgc: 0.003700899 ustep: 1 
iter: 3  value: 726.9264 mgc: 1.379283e-06 ustep: 1 
iter: 4  mgc: 1.958433e-13 
iter: 1  mgc: 1.958433e-13 
outer mgc:  1.437162 
iter: 1  value: 727.125 mgc: 0.2753505 ustep: 1 
iter: 2  value: 727.125 mgc: 0.001293021 ustep: 1 
iter: 3  value: 727.125 mgc: 1.783103e-07 ustep: 1 
iter: 4  mgc: 4.551914e-14 
iter: 1  mgc: 4.551914e-14 
outer mgc:  0.746763 
iter: 1  value: 726.9079 mgc: 0.7632202 ustep: 1 
iter: 2  value: 726.9079 mgc: 0.004220746 ustep: 1 
iter: 3  value: 726.9079 mgc: 6.482726e-07 ustep: 1 
iter: 4  mgc: 4.751755e-14 
iter: 1  mgc: 4.751755e-14 
outer mgc:  1.137647 
iter: 1  value: 726.8711 mgc: 0.4829139 ustep: 1 
iter: 2  value: 726.8711 mgc: 0.001263971 ustep: 1 
iter: 3  value: 726.8711 mgc: 2.952578e-08 ustep: 1 
iter: 4  mgc: 3.257117e-14 
iter: 1  mgc: 3.257117e-14 
outer mgc:  1.300744 
iter: 1  value: 726.8058 mgc: 0.2765187 ustep: 1 
iter: 2  value: 726.8058 mgc: 0.0005153085 ustep: 1 
iter: 3  value: 726.8058 mgc: 1.013017e-08 ustep: 1 
mgc: 2.825518e-14 
iter: 1  value: 726.6801 mgc: 0.3161175 ustep: 1 
iter: 2  value: 726.6801 mgc: 0.0006280933 ustep: 1 
iter: 3  mgc: 9.319105e-09 
iter: 1  value: 726.5186 mgc: 0.8007201 ustep: 1 
iter: 2  value: 726.5186 mgc: 0.004234602 ustep: 1 
iter: 3  value: 726.5186 mgc: 4.031288e-07 ustep: 1 
iter: 4  mgc: 2.88658e-14 
iter: 1  mgc: 2.88658e-14 
outer mgc:  1.806609 
iter: 1  value: 726.5697 mgc: 1.403697 ustep: 1 
iter: 2  value: 726.5696 mgc: 0.01882337 ustep: 1 
iter: 3  value: 726.5696 mgc: 9.329206e-06 ustep: 1 
iter: 4  mgc: 3.489653e-12 
iter: 1  mgc: 3.489653e-12 
outer mgc:  1.682358 
iter: 1  value: 726.6438 mgc: 2.35105 ustep: 1 
iter: 2  value: 726.6433 mgc: 0.02364086 ustep: 1 
iter: 3  value: 726.6433 mgc: 1.444663e-05 ustep: 1 
iter: 4  mgc: 7.087719e-12 
iter: 1  value: 726.8193 mgc: 1.560026 ustep: 1 
iter: 2  value: 726.8192 mgc: 0.01052012 ustep: 1 
iter: 3  value: 726.8192 mgc: 3.276209e-06 ustep: 1 
iter: 4  mgc: 7.065459e-13 
iter: 1  mgc: 7.065459e-13 
outer mgc:  2.302554 
iter: 1  value: 726.2711 mgc: 1.028402 ustep: 1 
iter: 2  value: 726.2711 mgc: 0.005546617 ustep: 1 
iter: 3  value: 726.2711 mgc: 5.433634e-07 ustep: 1 
iter: 4  mgc: 3.139156e-14 
iter: 1  mgc: 3.139156e-14 
outer mgc:  0.7124831 
iter: 1  value: 726.2784 mgc: 0.9932263 ustep: 1 
iter: 2  value: 726.2784 mgc: 0.007738051 ustep: 1 
iter: 3  value: 726.2784 mgc: 3.455183e-06 ustep: 1 
iter: 4  mgc: 1.221245e-12 
iter: 1  mgc: 1.221245e-12 
outer mgc:  1.804749 
iter: 1  value: 725.9981 mgc: 0.6334243 ustep: 1 
iter: 2  value: 725.9981 mgc: 0.002948475 ustep: 1 
iter: 3  value: 725.9981 mgc: 3.125511e-07 ustep: 1 
iter: 4  mgc: 3.516631e-14 
iter: 1  mgc: 3.516631e-14 
outer mgc:  1.214498 
iter: 1  value: 726.7167 mgc: 0.6107356 ustep: 1 
iter: 2  value: 726.7167 mgc: 0.008168844 ustep: 1 
iter: 3  value: 726.7167 mgc: 7.124748e-06 ustep: 1 
iter: 4  mgc: 5.462963e-12 
iter: 1  value: 726.7774 mgc: 0.5181889 ustep: 1 
iter: 2  value: 726.7774 mgc: 0.007838694 ustep: 1 
iter: 3  value: 726.7774 mgc: 6.591171e-06 ustep: 1 
iter: 4  mgc: 4.69047e-12 
iter: 1  value: 726.7914 mgc: 0.4543486 ustep: 1 
iter: 2  value: 726.7914 mgc: 0.006980863 ustep: 1 
iter: 3  value: 726.7914 mgc: 5.227602e-06 ustep: 1 
iter: 4  mgc: 2.949196e-12 
iter: 1  value: 726.301 mgc: 0.1936632 ustep: 1 
iter: 2  value: 726.301 mgc: 0.001314467 ustep: 1 
iter: 3  value: 726.301 mgc: 1.7705e-07 ustep: 1 
iter: 4  mgc: 2.695066e-14 
iter: 1  mgc: 2.695066e-14 
outer mgc:  0.4139739 
iter: 1  value: 726.2132 mgc: 0.1036639 ustep: 1 
iter: 2  value: 726.2132 mgc: 0.0001788817 ustep: 1 
iter: 3  mgc: 3.800505e-09 
iter: 1  mgc: 3.800505e-09 
outer mgc:  0.2349645 
iter: 1  value: 726.2381 mgc: 0.02901153 ustep: 1 
iter: 2  value: 726.2381 mgc: 5.713998e-05 ustep: 1 
iter: 3  mgc: 2.21017e-10 
iter: 1  value: 726.2178 mgc: 0.02881106 ustep: 1 
iter: 2  value: 726.2178 mgc: 8.482254e-06 ustep: 1 
iter: 3  mgc: 1.997513e-12 
iter: 1  value: 726.1801 mgc: 0.07938668 ustep: 1 
iter: 2  value: 726.1801 mgc: 6.182857e-05 ustep: 1 
iter: 3  mgc: 8.382406e-11 
iter: 1  mgc: 8.382406e-11 
outer mgc:  0.6106467 
iter: 1  value: 726.1904 mgc: 0.3698942 ustep: 1 
iter: 2  value: 726.1904 mgc: 0.0008190697 ustep: 1 
iter: 3  value: 726.1904 mgc: 1.285273e-08 ustep: 1 
mgc: 4.00513e-14 
iter: 1  mgc: 4.00513e-14 
outer mgc:  0.5657501 
iter: 1  value: 726.2022 mgc: 0.1583369 ustep: 1 
iter: 2  value: 726.2022 mgc: 0.0002521164 ustep: 1 
iter: 3  mgc: 3.877166e-09 
iter: 1  mgc: 3.877166e-09 
outer mgc:  0.3272765 
iter: 1  value: 726.1594 mgc: 0.06862759 ustep: 1 
iter: 2  value: 726.1594 mgc: 0.0001122949 ustep: 1 
iter: 3  mgc: 1.662681e-09 
iter: 1  mgc: 1.662681e-09 
outer mgc:  0.3976115 
iter: 1  value: 726.1367 mgc: 0.1303986 ustep: 1 
iter: 2  value: 726.1367 mgc: 0.0001052983 ustep: 1 
iter: 3  mgc: 2.090425e-10 
iter: 1  value: 726.1034 mgc: 0.2020796 ustep: 1 
iter: 2  value: 726.1034 mgc: 0.0002686123 ustep: 1 
iter: 3  mgc: 1.326096e-09 
iter: 1  mgc: 1.326096e-09 
outer mgc:  0.293239 
iter: 1  value: 726.2562 mgc: 0.2939849 ustep: 1 
iter: 2  value: 726.2562 mgc: 0.0007456974 ustep: 1 
iter: 3  value: 726.2562 mgc: 2.627141e-08 ustep: 1 
iter: 4  mgc: 3.952394e-14 
iter: 1  mgc: 3.952394e-14 
outer mgc:  0.7376135 
iter: 1  value: 726.1768 mgc: 0.5750065 ustep: 1 
iter: 2  value: 726.1768 mgc: 0.002933711 ustep: 1 
iter: 3  value: 726.1768 mgc: 2.522475e-07 ustep: 1 
iter: 4  mgc: 2.675637e-14 
iter: 1  mgc: 2.675637e-14 
outer mgc:  0.5015603 
iter: 1  value: 726.1377 mgc: 0.3738777 ustep: 1 
iter: 2  value: 726.1377 mgc: 0.001202172 ustep: 1 
iter: 3  value: 726.1377 mgc: 4.225185e-08 ustep: 1 
iter: 4  mgc: 2.584044e-14 
iter: 1  mgc: 2.584044e-14 
outer mgc:  0.1985037 
iter: 1  value: 726.1304 mgc: 0.1075883 ustep: 1 
iter: 2  value: 726.1304 mgc: 8.353826e-05 ustep: 1 
iter: 3  mgc: 3.07053e-10 
iter: 1  mgc: 3.07053e-10 
outer mgc:  0.06169659 
iter: 1  value: 726.1326 mgc: 0.01500094 ustep: 1 
iter: 2  value: 726.1326 mgc: 1.714963e-06 ustep: 1 
iter: 3  mgc: 6.528111e-14 
iter: 1  value: 726.1371 mgc: 0.02758923 ustep: 1 
iter: 2  value: 726.1371 mgc: 5.801802e-06 ustep: 1 
iter: 3  mgc: 7.447376e-13 
iter: 1  mgc: 7.447376e-13 
outer mgc:  0.07220881 
iter: 1  value: 726.1359 mgc: 0.008356228 ustep: 1 
iter: 2  value: 726.1359 mgc: 7.404448e-07 ustep: 1 
iter: 3  mgc: 3.075318e-14 
iter: 1  mgc: 3.075318e-14 
outer mgc:  0.03977425 
iter: 1  value: 726.1387 mgc: 0.0336739 ustep: 1 
iter: 2  value: 726.1387 mgc: 1.078329e-05 ustep: 1 
iter: 3  mgc: 2.434053e-12 
iter: 1  mgc: 2.434053e-12 
outer mgc:  0.02900706 
iter: 1  value: 726.133 mgc: 0.01841134 ustep: 1 
iter: 2  value: 726.133 mgc: 2.944189e-06 ustep: 1 
iter: 3  mgc: 2.031986e-13 
iter: 1  mgc: 2.031986e-13 
outer mgc:  0.03189207 
iter: 1  value: 726.1367 mgc: 0.009816599 ustep: 1 
iter: 2  value: 726.1367 mgc: 8.568943e-07 ustep: 1 
iter: 3  mgc: 3.352874e-14 
iter: 1  mgc: 3.352874e-14 
outer mgc:  0.005817036 
iter: 1  value: 726.1352 mgc: 0.004259643 ustep: 1 
iter: 2  value: 726.1352 mgc: 1.670931e-07 ustep: 1 
iter: 3  mgc: 4.432565e-14 
iter: 1  mgc: 4.432565e-14 
outer mgc:  0.001311279 
iter: 1  value: 726.1357 mgc: 0.0004623647 ustep: 1 
iter: 2  mgc: 1.903999e-09 
iter: 1  mgc: 1.903999e-09 
outer mgc:  0.001810947 
iter: 1  value: 726.1353 mgc: 0.0002463485 ustep: 1 
iter: 2  mgc: 1.538222e-09 
iter: 1  mgc: 1.538222e-09 
outer mgc:  0.0006173519 
iter: 1  value: 726.1355 mgc: 0.0003904636 ustep: 1 
iter: 2  mgc: 1.369893e-09 
iter: 1  mgc: 1.369893e-09 
outer mgc:  0.000318482 
iter: 1  value: 726.1354 mgc: 9.174555e-05 ustep: 1 
iter: 2  mgc: 1.564331e-10 
iter: 1  mgc: 1.564331e-10 
outer mgc:  0.0002583557 
iter: 1  value: 726.1354 mgc: 7.207899e-05 ustep: 1 
iter: 2  mgc: 5.140111e-11 
iter: 1  mgc: 5.140111e-11 
outer mgc:  9.921697e-05 
iter: 1  value: 726.1354 mgc: 7.288078e-05 ustep: 1 
iter: 2  mgc: 4.158784e-11 
iter: 1  mgc: 4.158784e-11 
outer mgc:  8.909051e-05 
iter: 1  value: 726.1354 mgc: 2.887633e-05 ustep: 1 
iter: 2  mgc: 1.177591e-11 
iter: 1  mgc: 1.177591e-11 
outer mgc:  5.556789e-05 
iter: 1  value: 726.1354 mgc: 2.440444e-05 ustep: 1 
iter: 2  mgc: 4.671263e-12 
iter: 1  mgc: 4.671263e-12 
outer mgc:  2.777266e-05 
iter: 1  value: 726.1354 mgc: 1.493099e-05 ustep: 1 
iter: 2  mgc: 1.639355e-12 
iter: 1  mgc: 1.639355e-12 
outer mgc:  1.661432e-05 
iter: 1  value: 726.1354 mgc: 6.619571e-06 ustep: 1 
iter: 2  mgc: 5.07594e-13 
iter: 1  mgc: 5.07594e-13 
outer mgc:  1.285361e-05 
iter: 1  value: 726.1354 mgc: 6.673047e-06 ustep: 1 
iter: 2  mgc: 3.340661e-13 
iter: 1  mgc: 3.340661e-13 
outer mgc:  6.621491e-06 
iter: 1  value: 726.1354 mgc: 3.657753e-06 ustep: 1 
iter: 2  mgc: 1.070255e-13 
iter: 1  mgc: 1.070255e-13 
outer mgc:  4.734244e-06 
iter: 1  mgc: 1.070255e-13 
iter: 1  mgc: 1.070255e-13 
outer mgc:  4.734244e-06 
iter: 1  value: 726.1346 mgc: 0.02481448 ustep: 1 
iter: 2  value: 726.1346 mgc: 4.592246e-06 ustep: 1 
iter: 3  mgc: 4.499179e-13 
outer mgc:  0.03487086 
iter: 1  value: 726.1362 mgc: 0.02481118 ustep: 1 
iter: 2  value: 726.1362 mgc: 4.596243e-06 ustep: 1 
iter: 3  mgc: 4.746203e-13 
outer mgc:  0.03487086 
iter: 1  value: 726.1361 mgc: 0.0004511023 ustep: 1 
iter: 2  value: 726.1361 mgc: 1.34276e-08 ustep: 1 
mgc: 2.731149e-14 
outer mgc:  0.004573662 
iter: 1  value: 726.1346 mgc: 0.00045155 ustep: 1 
iter: 2  value: 726.1346 mgc: 1.34392e-08 ustep: 1 
mgc: 2.992051e-14 
outer mgc:  0.004581514 
iter: 1  value: 726.1362 mgc: 0.02775042 ustep: 1 
iter: 2  value: 726.1362 mgc: 4.895949e-06 ustep: 1 
iter: 3  mgc: 4.924949e-13 
outer mgc:  0.04205515 
iter: 1  value: 726.1346 mgc: 0.02775304 ustep: 1 
iter: 2  value: 726.1346 mgc: 4.901087e-06 ustep: 1 
iter: 3  mgc: 4.440892e-13 
outer mgc:  0.04205376 
iter: 1  mgc: 1.060263e-13 
outer mgc:  4.734244e-06 
iter: 1  mgc: 1.060263e-13 
outer mgc:  4.734244e-06 
iter: 1  value: 726.1353 mgc: 0.02868272 ustep: 1 
iter: 2  value: 726.1353 mgc: 5.015061e-06 ustep: 1 
iter: 3  mgc: 4.243307e-13 
outer mgc:  0.03825553 
iter: 1  value: 726.1355 mgc: 0.0286841 ustep: 1 
iter: 2  value: 726.1355 mgc: 5.021271e-06 ustep: 1 
iter: 3  mgc: 4.258226e-13 
outer mgc:  0.03825745 
iter: 1  mgc: 1.258216e-11 
outer mgc:  4.734241e-06 
iter: 1  mgc: 1.265466e-11 
outer mgc:  4.734247e-06 
iter: 1  value: 726.1363 mgc: 0.02609624 ustep: 1 
iter: 2  value: 726.1363 mgc: 4.664639e-06 ustep: 1 
iter: 3  mgc: 3.703088e-13 
outer mgc:  0.05738766 
iter: 1  value: 726.1345 mgc: 0.026088 ustep: 1 
iter: 2  value: 726.1345 mgc: 4.669392e-06 ustep: 1 
iter: 3  mgc: 3.726238e-13 
outer mgc:  0.05738443 
iter: 1  value: 726.1346 mgc: 0.00045155 ustep: 1 
iter: 2  value: 726.1346 mgc: 1.34392e-08 ustep: 1 
mgc: 2.753353e-14 
outer mgc:  0.004581513 
iter: 1  value: 726.1361 mgc: 0.0004511023 ustep: 1 
iter: 2  value: 726.1361 mgc: 1.342758e-08 ustep: 1 
mgc: 2.209344e-14 
outer mgc:  0.004573662 
iter: 1  value: 726.1334 mgc: 0.002821628 ustep: 1 
iter: 2  value: 726.1334 mgc: 7.853517e-07 ustep: 1 
iter: 3  mgc: 6.439294e-14 
outer mgc:  0.04110791 
iter: 1  value: 726.1374 mgc: 0.002818699 ustep: 1 
iter: 2  value: 726.1374 mgc: 7.839868e-07 ustep: 1 
iter: 3  mgc: 6.394885e-14 
outer mgc:  0.04110264 
iter: 1  value: 726.1333 mgc: 0.002100325 ustep: 1 
iter: 2  value: 726.1333 mgc: 4.726333e-07 ustep: 1 
iter: 3  mgc: 3.838596e-14 
outer mgc:  0.04083077 
iter: 1  value: 726.1375 mgc: 0.002097455 ustep: 1 
iter: 2  value: 726.1375 mgc: 4.71529e-07 ustep: 1 
iter: 3  mgc: 2.908784e-14 
outer mgc:  0.04082294 
iter: 1  value: 726.1354 mgc: 0.002534953 ustep: 1 
iter: 2  value: 726.1354 mgc: 8.864543e-07 ustep: 1 
iter: 3  mgc: 1.154632e-13 
outer mgc:  0.04145918 
iter: 1  value: 726.1354 mgc: 0.002532725 ustep: 1 
iter: 2  value: 726.1354 mgc: 8.845857e-07 ustep: 1 
iter: 3  mgc: 1.136868e-13 
outer mgc:  0.0414496 
iter: 1  value: 726.1312 mgc: 0.003172835 ustep: 1 
iter: 2  value: 726.1312 mgc: 6.775129e-07 ustep: 1 
iter: 3  mgc: 3.064216e-14 
outer mgc:  0.02737079 
iter: 1  value: 726.1396 mgc: 0.0031698 ustep: 1 
iter: 2  value: 726.1396 mgc: 6.766452e-07 ustep: 1 
iter: 3  mgc: 3.153033e-14 
outer mgc:  0.0273856 
iter: 1  value: 726.1354 mgc: 0.002589269 ustep: 1 
iter: 2  value: 726.1354 mgc: 3.051862e-07 ustep: 1 
iter: 3  mgc: 2.764455e-14 
outer mgc:  0.03852136 
iter: 1  value: 726.1354 mgc: 0.002587572 ustep: 1 
iter: 2  value: 726.1354 mgc: 3.054313e-07 ustep: 1 
iter: 3  mgc: 2.925438e-14 
outer mgc:  0.03851976 
iter: 1  value: 726.1344 mgc: 0.002531698 ustep: 1 
iter: 2  value: 726.1344 mgc: 6.713072e-07 ustep: 1 
iter: 3  mgc: 5.373479e-14 
outer mgc:  0.03706654 
iter: 1  value: 726.1364 mgc: 0.002529824 ustep: 1 
iter: 2  value: 726.1364 mgc: 6.695768e-07 ustep: 1 
iter: 3  mgc: 5.306866e-14 
outer mgc:  0.03706943 
iter: 1  value: 726.1436 mgc: 0.004035417 ustep: 1 
iter: 2  value: 726.1436 mgc: 1.743686e-06 ustep: 1 
iter: 3  mgc: 3.697043e-13 
outer mgc:  0.09783398 
iter: 1  value: 726.1273 mgc: 0.004045516 ustep: 1 
iter: 2  value: 726.1273 mgc: 1.750161e-06 ustep: 1 
iter: 3  mgc: 3.794742e-13 
outer mgc:  0.097948 
iter: 1  value: 726.1423 mgc: 0.004989672 ustep: 1 
iter: 2  value: 726.1423 mgc: 1.336622e-06 ustep: 1 
iter: 3  mgc: 2.082778e-13 
outer mgc:  0.08833373 
iter: 1  value: 726.1286 mgc: 0.004999973 ustep: 1 
iter: 2  value: 726.1286 mgc: 1.342151e-06 ustep: 1 
iter: 3  mgc: 2.09166e-13 
outer mgc:  0.08842265 
iter: 1  value: 726.1443 mgc: 0.004179087 ustep: 1 
iter: 2  value: 726.1443 mgc: 1.577664e-06 ustep: 1 
iter: 3  mgc: 2.784439e-13 
outer mgc:  0.07728906 
iter: 1  value: 726.1266 mgc: 0.004188172 ustep: 1 
iter: 2  value: 726.1266 mgc: 1.582382e-06 ustep: 1 
iter: 3  mgc: 2.78888e-13 
outer mgc:  0.07737356 
iter: 1  value: 726.1426 mgc: 0.005289483 ustep: 1 
iter: 2  value: 726.1426 mgc: 1.725111e-06 ustep: 1 
iter: 3  mgc: 2.033929e-13 
outer mgc:  0.115918 
iter: 1  value: 726.1282 mgc: 0.005302239 ustep: 1 
iter: 2  value: 726.1282 mgc: 1.728498e-06 ustep: 1 
iter: 3  mgc: 2.011724e-13 
outer mgc:  0.1160575 
[Sat Aug 14 19:01:25 2021]
Finished job 0.
1 of 1 steps (100%) done
