Building DAG of jobs...
Using shell: /usr/bin/bash
Provided cores: 1 (use --cores to define parallelism)
Rules claiming more threads will be scaled down.
Job counts:
	count	jobs
	1	inference_simulation_TMB_multiple
	1

[Sun Aug 15 08:51:22 2021]
rule inference_simulation_TMB_multiple:
    input: ../data/assessing_models_simulation/datasets/multiple_GenerationJnorm3_20_100_10_5_4_NA_NA_NA_dataset0.RDS
    output: ../data/assessing_models_simulation/inference_results/TMB/nlminb/multiple_GenerationJnorm3_20_100_10_5_4_diagREDM_NA_NA_NA_dataset0.RDS
    log: logs/inference/nlminb/simulation_GenerationJnorm3_20_100_10_5_4_ModeldiagREDM_NA_NA_NA_dataset0.log
    jobid: 0
    wildcards: optimiser=nlminb, datasetgeneration=GenerationJnorm3, n=20, nlambda=100, lmbda=10, d=5, beta_intensity=4, model=diagREDM, fixed_beta_intercept=NA, fixed_beta_slope=NA, sdRE_input=NA, itnum=0

Rscript 2_inference_TMB/run_TMB.R --input ../data/assessing_models_simulation/datasets/multiple_GenerationJnorm3_20_100_10_5_4_NA_NA_NA_dataset0.RDS --output ../data/assessing_models_simulation/inference_results/TMB/nlminb/multiple_GenerationJnorm3_20_100_10_5_4_diagREDM_NA_NA_NA_dataset0.RDS --model diagREDM --optimiser nlminb
Model: diagREDM 
Feature type: signatures 
Using nlminb: TRUE 
Simulation boolean: TRUE 
make: Nothing to be done for 'all'.
../data/assessing_models_simulation/datasets/multiple_GenerationJnorm3_20_100_10_5_4_NA_NA_NA_dataset0.RDS[1] "../data/assessing_models_simulation/datasets/multiple_GenerationJnorm3_20_100_10_5_4_NA_NA_NA_dataset0.RDS"
Reading file ../data/assessing_models_simulation/datasets/multiple_GenerationJnorm3_20_100_10_5_4_NA_NA_NA_dataset0.RDS 
Loading required package: nnet
# weights:  15 (8 variable)
initial  value 6503.738604 
iter  10 value 3021.222994
iter  20 value 3021.197978
iter  30 value 3021.116197
final  value 3021.110526 
converged
Constructing atomic invpd
Constructing atomic D_lgamma
Constructing atomic invpd
Constructing atomic D_lgamma
Constructing atomic matmul
Constructing atomic invpd
Constructing atomic D_lgamma
Constructing atomic matmul
Optimizing tape... Done
iter: 1  value: 8914.355 mgc: 83.86094 ustep: 1 
iter: 2  value: 7486.021 mgc: 81.53206 ustep: 0.02829461 
iter: 3  value: 6923.842 mgc: 55.33011 ustep: 0.06553517 
iter: 4  value: 6209.604 mgc: 59.4592 ustep: 0.0293459 
iter: 5  value: 5906.881 mgc: 23.31182 ustep: 0.08971047 
iter: 6  value: 5864.034 mgc: 23.62785 ustep: 0.05231117 
iter: 7  value: 5426.085 mgc: 63.94115 ustep: 0.1029781 
iter: 8  value: 5315.998 mgc: 36.42195 ustep: 0.06237179 
iter: 9  value: 5181.885 mgc: 36.46569 ustep: 0.02633966 
iter: 10  value: 4963.75 mgc: 44.67394 ustep: 0.06340391 
iter: 11  value: 4758.265 mgc: 35.37889 ustep: 0.1004791 
iter: 12  value: 4500.335 mgc: 63.03579 ustep: 0.114227 
iter: 13  value: 4409.126 mgc: 27.32597 ustep: 0.06959617 
iter: 14  value: 4291.343 mgc: 29.34416 ustep: 0.07371732 
iter: 15  value: 4268.501 mgc: 11.84922 ustep: 0.2715822 
iter: 16  value: 4155.107 mgc: 85.03979 ustep: 0.5211834 
iter: 17  value: 4141.859 mgc: 18.93588 ustep: 0.7219581 
iter: 18  value: 4140.09 mgc: 5.295505 ustep: 0.8496962 
iter: 19  value: 4139.995 mgc: 1.023055 ustep: 0.9217975 
iter: 20  value: 4139.994 mgc: 0.06758679 ustep: 0.9601068 
iter: 21  value: 4139.994 mgc: 0.00106752 ustep: 0.9798524 
iter: 22  value: 4139.994 mgc: 1.208927e-05 ustep: 0.989876 
iter: 23  value: 4139.994 mgc: 1.01217e-07 ustep: 0.9949256 
iter: 24  mgc: 5.72881e-10 
iter: 1  mgc: 5.72881e-10 
Matching hessian patterns... Done
outer mgc:  286.8452 
iter: 1  value: 3793.401 mgc: 12.12983 ustep: 1 
iter: 2  value: 3791.323 mgc: 2.135569 ustep: 1 
iter: 3  value: 3791.314 mgc: 0.1195699 ustep: 1 
iter: 4  value: 3791.314 mgc: 0.001975454 ustep: 1 
iter: 5  value: 3791.314 mgc: 6.722979e-07 ustep: 1 
iter: 6  mgc: 3.697098e-12 
iter: 1  value: 3373.249 mgc: 15.38128 ustep: 0.6827823 
iter: 2  value: 3367.643 mgc: 4.053565 ustep: 0.8263238 
iter: 3  value: 3367.467 mgc: 0.4508783 ustep: 0.9090326 
iter: 4  value: 3367.465 mgc: 0.03660134 ustep: 0.9534367 
iter: 5  value: 3367.465 mgc: 0.001547598 ustep: 0.9764432 
iter: 6  value: 3367.465 mgc: 2.795231e-05 ustep: 0.9881526 
iter: 7  value: 3367.465 mgc: 7.072158e-07 ustep: 0.9940592 
iter: 8  mgc: 9.040223e-09 
iter: 1  mgc: 9.040223e-09 
outer mgc:  129.183 
iter: 1  value: 2945.438 mgc: 10.1179 ustep: 0.6827823 
iter: 2  value: 2943.003 mgc: 2.182322 ustep: 0.8263238 
iter: 3  value: 2942.754 mgc: 0.2143595 ustep: 0.9090326 
iter: 4  value: 2942.743 mgc: 0.0320375 ustep: 0.9534367 
iter: 5  value: 2942.742 mgc: 0.004476495 ustep: 0.9764432 
iter: 6  value: 2942.742 mgc: 0.0003742035 ustep: 0.9881526 
iter: 7  value: 2942.742 mgc: 1.699041e-05 ustep: 0.9940592 
iter: 8  value: 2942.742 mgc: 3.970003e-07 ustep: 0.9970255 
iter: 9  mgc: 4.689093e-09 
iter: 1  value: 2767.545 mgc: 3.817033 ustep: 0.6827823 
iter: 2  value: 2762.367 mgc: 2.434712 ustep: 0.8263238 
iter: 3  value: 2761.681 mgc: 0.2905938 ustep: 0.9090326 
iter: 4  value: 2761.649 mgc: 0.04335319 ustep: 0.9534367 
iter: 5  value: 2761.649 mgc: 0.006253162 ustep: 0.9764432 
iter: 6  value: 2761.649 mgc: 0.0005501696 ustep: 0.9881526 
iter: 7  value: 2761.649 mgc: 2.610308e-05 ustep: 0.9940592 
iter: 8  value: 2761.649 mgc: 6.338629e-07 ustep: 0.9970255 
iter: 9  mgc: 7.763409e-09 
iter: 1  mgc: 7.763409e-09 
outer mgc:  16.988 
iter: 1  value: 2738.648 mgc: 12.06349 ustep: 0.4437527 
iter: 2  value: 2682.771 mgc: 12.76076 ustep: 0.2325073 
iter: 3  value: 2670.832 mgc: 13.53621 ustep: 0.2408773 
iter: 4  value: 2653.243 mgc: 17.3533 ustep: 0.4908435 
iter: 5  value: 2651.445 mgc: 9.844021 ustep: 0.7006321 
iter: 6  value: 2647.266 mgc: 8.124318 ustep: 0.837054 
iter: 7  value: 2646.817 mgc: 1.866996 ustep: 0.9149151 
iter: 8  value: 2646.795 mgc: 0.298236 ustep: 0.9565163 
iter: 9  value: 2646.794 mgc: 0.01531755 ustep: 0.9780187 
iter: 10  value: 2646.794 mgc: 0.0007649167 ustep: 0.9889494 
iter: 11  value: 2646.794 mgc: 4.663519e-05 ustep: 0.9944599 
iter: 12  value: 2646.794 mgc: 1.486342e-06 ustep: 0.9972264 
iter: 13  value: 2646.794 mgc: 2.408764e-08 ustep: 0.9986124 
iter: 14  mgc: 1.966471e-10 
iter: 1  mgc: 1.966471e-10 
outer mgc:  13.77436 
iter: 1  value: 3450.688 mgc: 33.32896 ustep: 0.04054337 
iter: 2  value: 3198.951 mgc: 29.04542 ustep: 0.05174854 
iter: 3  value: 2994.229 mgc: 24.98422 ustep: 0.07258256 
iter: 4  value: 2885.015 mgc: 16.97551 ustep: 0.09822118 
iter: 5  value: 2814.828 mgc: 11.93633 ustep: 0.1632725 
iter: 6  value: 2754.632 mgc: 25.707 ustep: 0.2280507 
iter: 7  value: 2724.063 mgc: 11.16965 ustep: 0.277199 
iter: 8  value: 2716.271 mgc: 2.293469 ustep: 0.5265443 
iter: 9  value: 2714.467 mgc: 2.503185 ustep: 0.7256611 
iter: 10  value: 2714.237 mgc: 0.5109512 ustep: 0.8518723 
iter: 11  value: 2714.222 mgc: 0.0493301 ustep: 0.922977 
iter: 12  value: 2714.222 mgc: 0.007683685 ustep: 0.9607208 
iter: 13  value: 2714.222 mgc: 0.000689573 ustep: 0.9801657 
iter: 14  value: 2714.222 mgc: 3.294114e-05 ustep: 0.9900342 
iter: 15  value: 2714.222 mgc: 8.066989e-07 ustep: 0.9950051 
iter: 16  value: 2714.222 mgc: 1.002807e-08 ustep: 0.9974997 
iter: 17  mgc: 6.295353e-11 
iter: 1  value: 2784.274 mgc: 17.49805 ustep: 0.3760426 
iter: 2  value: 2649.24 mgc: 18.67208 ustep: 0.1159916 
iter: 3  value: 2640.794 mgc: 7.100502 ustep: 0.3406413 
iter: 4  value: 2640.133 mgc: 1.079728 ustep: 0.5836865 
iter: 5  value: 2640.03 mgc: 0.251661 ustep: 0.7640174 
iter: 6  value: 2640.009 mgc: 0.05929838 ustep: 0.8740935 
iter: 7  value: 2640.007 mgc: 0.0149257 ustep: 0.9349362 
iter: 8  value: 2640.007 mgc: 0.002933284 ustep: 0.9669243 
iter: 9  value: 2640.007 mgc: 0.0003190498 ustep: 0.9833247 
iter: 10  value: 2640.007 mgc: 1.932702e-05 ustep: 0.9916282 
iter: 11  value: 2640.007 mgc: 6.25971e-07 ustep: 0.9958057 
iter: 12  value: 2640.007 mgc: 1.028703e-08 ustep: 0.9979009 
iter: 13  mgc: 8.513235e-11 
iter: 1  mgc: 8.513235e-11 
outer mgc:  13.3587 
iter: 1  value: 2673.076 mgc: 6.897339 ustep: 0.2494656 
iter: 2  value: 2664.14 mgc: 6.896806 ustep: 0.4995153 
iter: 3  value: 2663.831 mgc: 1.008677 ustep: 0.7067933 
iter: 4  value: 2663.8 mgc: 0.08967817 ustep: 0.8407259 
iter: 5  value: 2663.798 mgc: 0.01790078 ustep: 0.9169194 
iter: 6  value: 2663.798 mgc: 0.002969666 ustep: 0.9575633 
iter: 7  value: 2663.798 mgc: 0.0002799158 ustep: 0.9785538 
iter: 8  value: 2663.798 mgc: 1.40541e-05 ustep: 0.9892199 
iter: 9  value: 2663.798 mgc: 3.608698e-07 ustep: 0.9945959 
iter: 10  mgc: 4.681343e-09 
iter: 1  value: 2637.301 mgc: 5.105505 ustep: 1 
iter: 2  value: 2635.546 mgc: 2.56494 ustep: 1 
iter: 3  value: 2635.541 mgc: 0.1596826 ustep: 1 
iter: 4  value: 2635.541 mgc: 0.0008877873 ustep: 1 
iter: 5  value: 2635.541 mgc: 3.496767e-08 ustep: 1 
mgc: 3.208545e-14 
iter: 1  mgc: 3.208545e-14 
outer mgc:  3.965458 
iter: 1  value: 2631.615 mgc: 3.221257 ustep: 1 
iter: 2  value: 2631.468 mgc: 0.5595075 ustep: 1 
iter: 3  value: 2631.468 mgc: 0.03069051 ustep: 1 
iter: 4  value: 2631.468 mgc: 0.0001561878 ustep: 1 
iter: 5  mgc: 5.893548e-09 
iter: 1  mgc: 5.893548e-09 
outer mgc:  4.891386 
iter: 1  value: 2628.441 mgc: 2.445798 ustep: 1 
iter: 2  value: 2628.419 mgc: 0.2420034 ustep: 1 
iter: 3  value: 2628.419 mgc: 0.003191685 ustep: 1 
iter: 4  value: 2628.419 mgc: 1.015621e-06 ustep: 1 
iter: 5  mgc: 2.786105e-13 
iter: 1  mgc: 2.786105e-13 
outer mgc:  1.722748 
iter: 1  value: 2626.708 mgc: 1.465752 ustep: 1 
iter: 2  value: 2626.702 mgc: 0.09208784 ustep: 1 
iter: 3  value: 2626.702 mgc: 0.001251303 ustep: 1 
iter: 4  value: 2626.702 mgc: 4.528823e-07 ustep: 1 
iter: 5  mgc: 1.181277e-13 
iter: 1  value: 2625.296 mgc: 2.330845 ustep: 1 
iter: 2  value: 2625.257 mgc: 0.2291095 ustep: 1 
iter: 3  value: 2625.257 mgc: 0.008373948 ustep: 1 
iter: 4  value: 2625.257 mgc: 1.929628e-05 ustep: 1 
iter: 5  mgc: 1.192977e-10 
iter: 1  mgc: 1.192977e-10 
outer mgc:  4.462427 
iter: 1  value: 2623.214 mgc: 3.667428 ustep: 1 
iter: 2  value: 2622.999 mgc: 0.4499267 ustep: 1 
iter: 3  value: 2622.999 mgc: 0.03010814 ustep: 1 
iter: 4  value: 2622.999 mgc: 0.0001526908 ustep: 1 
iter: 5  mgc: 4.590002e-09 
iter: 1  mgc: 4.590002e-09 
outer mgc:  4.002838 
iter: 1  value: 2623.018 mgc: 2.811574 ustep: 1 
iter: 2  value: 2622.923 mgc: 0.3049825 ustep: 1 
iter: 3  value: 2622.923 mgc: 0.005113301 ustep: 1 
iter: 4  value: 2622.923 mgc: 2.135113e-06 ustep: 1 
iter: 5  mgc: 4.096723e-13 
iter: 1  mgc: 4.096723e-13 
outer mgc:  4.595313 
iter: 1  value: 2623.433 mgc: 2.178662 ustep: 1 
iter: 2  value: 2623.421 mgc: 0.09992772 ustep: 1 
iter: 3  value: 2623.421 mgc: 0.0006750986 ustep: 1 
iter: 4  value: 2623.421 mgc: 3.012478e-08 ustep: 1 
iter: 5  mgc: 1.725287e-13 
iter: 1  mgc: 1.725287e-13 
outer mgc:  3.282121 
iter: 1  value: 2613.476 mgc: 2.148444 ustep: 1 
iter: 2  value: 2613.464 mgc: 0.1602734 ustep: 1 
iter: 3  value: 2613.464 mgc: 0.0008347277 ustep: 1 
iter: 4  value: 2613.464 mgc: 3.835201e-08 ustep: 1 
iter: 5  mgc: 1.021405e-13 
iter: 1  mgc: 1.021405e-13 
outer mgc:  3.81108 
iter: 1  value: 2600.25 mgc: 1.432522 ustep: 1 
iter: 2  value: 2600.25 mgc: 0.02749203 ustep: 1 
iter: 3  value: 2600.25 mgc: 2.869963e-05 ustep: 1 
iter: 4  mgc: 3.740552e-11 
iter: 1  mgc: 3.740552e-11 
outer mgc:  1.612088 
iter: 1  value: 2593.73 mgc: 1.779912 ustep: 1 
iter: 2  value: 2593.73 mgc: 0.01727923 ustep: 1 
iter: 3  value: 2593.73 mgc: 2.641419e-05 ustep: 1 
iter: 4  mgc: 7.798806e-11 
iter: 1  mgc: 7.798806e-11 
outer mgc:  1.408008 
iter: 1  value: 2589.403 mgc: 1.111379 ustep: 1 
iter: 2  value: 2589.401 mgc: 0.06570782 ustep: 1 
iter: 3  value: 2589.401 mgc: 0.0005406305 ustep: 1 
iter: 4  value: 2589.401 mgc: 3.888209e-08 ustep: 1 
iter: 5  mgc: 1.383338e-13 
iter: 1  mgc: 1.383338e-13 
outer mgc:  2.020378 
iter: 1  value: 2587.944 mgc: 2.158823 ustep: 1 
iter: 2  value: 2587.915 mgc: 0.2512244 ustep: 1 
iter: 3  value: 2587.915 mgc: 0.00634237 ustep: 1 
iter: 4  value: 2587.915 mgc: 4.756279e-06 ustep: 1 
iter: 5  mgc: 2.767231e-12 
iter: 1  mgc: 2.767231e-12 
outer mgc:  3.615263 
iter: 1  value: 2587.024 mgc: 1.312001 ustep: 1 
iter: 2  value: 2587.022 mgc: 0.04379285 ustep: 1 
iter: 3  value: 2587.022 mgc: 0.0002812593 ustep: 1 
iter: 4  value: 2587.022 mgc: 2.198815e-08 ustep: 1 
iter: 5  mgc: 1.301181e-13 
iter: 1  mgc: 1.301181e-13 
outer mgc:  2.133343 
iter: 1  value: 2583.997 mgc: 1.626022 ustep: 1 
iter: 2  value: 2583.996 mgc: 0.03516805 ustep: 1 
iter: 3  value: 2583.996 mgc: 5.595902e-05 ustep: 1 
iter: 4  mgc: 3.152668e-10 
iter: 1  mgc: 3.152668e-10 
outer mgc:  1.082315 
iter: 1  value: 2583.815 mgc: 0.5992287 ustep: 1 
iter: 2  value: 2583.815 mgc: 0.005409862 ustep: 1 
iter: 3  value: 2583.815 mgc: 4.352145e-06 ustep: 1 
iter: 4  mgc: 2.741585e-12 
iter: 1  mgc: 2.741585e-12 
outer mgc:  0.6378543 
iter: 1  value: 2582.537 mgc: 0.4336426 ustep: 1 
iter: 2  value: 2582.537 mgc: 0.004254702 ustep: 1 
iter: 3  value: 2582.537 mgc: 2.656365e-06 ustep: 1 
iter: 4  mgc: 1.055378e-12 
iter: 1  mgc: 1.055378e-12 
outer mgc:  0.3971822 
iter: 1  value: 2578.603 mgc: 1.477996 ustep: 1 
iter: 2  value: 2578.603 mgc: 0.009445867 ustep: 1 
iter: 3  value: 2578.603 mgc: 1.268688e-05 ustep: 1 
iter: 4  mgc: 2.318523e-11 
iter: 1  mgc: 2.318523e-11 
outer mgc:  0.2532133 
iter: 1  value: 2574.436 mgc: 1.427478 ustep: 1 
iter: 2  value: 2574.436 mgc: 0.003596408 ustep: 1 
iter: 3  value: 2574.436 mgc: 1.882376e-06 ustep: 1 
iter: 4  mgc: 5.12923e-13 
iter: 1  mgc: 5.12923e-13 
outer mgc:  0.1647185 
iter: 1  value: 2570.295 mgc: 1.388159 ustep: 1 
iter: 2  value: 2570.295 mgc: 0.0005250289 ustep: 1 
iter: 3  mgc: 8.178987e-09 
iter: 1  mgc: 8.178987e-09 
outer mgc:  0.1462125 
iter: 1  value: 2566.159 mgc: 1.369455 ustep: 1 
iter: 2  value: 2566.159 mgc: 6.595656e-05 ustep: 1 
iter: 3  mgc: 2.887879e-10 
iter: 1  mgc: 2.887879e-10 
outer mgc:  0.04409535 
iter: 1  value: 2562.127 mgc: 1.393176 ustep: 1 
iter: 2  value: 2562.127 mgc: 0.0002253854 ustep: 1 
iter: 3  mgc: 7.478764e-09 
iter: 1  mgc: 7.478764e-09 
outer mgc:  0.02112142 
iter: 1  value: 2558.083 mgc: 1.407335 ustep: 1 
iter: 2  value: 2558.083 mgc: 2.319267e-05 ustep: 1 
iter: 3  mgc: 4.0562e-11 
iter: 1  mgc: 4.0562e-11 
outer mgc:  0.01795673 
iter: 1  value: 2552.846 mgc: 1.941941 ustep: 1 
iter: 2  value: 2552.846 mgc: 4.183178e-06 ustep: 1 
iter: 3  mgc: 6.844525e-13 
iter: 1  mgc: 6.844525e-13 
outer mgc:  0.009231687 
iter: 1  value: 2547.574 mgc: 1.948577 ustep: 1 
iter: 2  value: 2547.574 mgc: 5.294705e-06 ustep: 1 
iter: 3  mgc: 6.306067e-12 
iter: 1  mgc: 6.306067e-12 
outer mgc:  0.01353046 
iter: 1  value: 2542.303 mgc: 1.944772 ustep: 1 
iter: 2  value: 2542.303 mgc: 2.120935e-06 ustep: 1 
iter: 3  mgc: 5.688783e-13 
iter: 1  mgc: 5.688783e-13 
outer mgc:  0.009182606 
iter: 1  value: 2534.49 mgc: 3.317632 ustep: 1 
iter: 2  value: 2534.49 mgc: 1.245792e-06 ustep: 1 
iter: 3  mgc: 1.960654e-13 
iter: 1  mgc: 1.960654e-13 
outer mgc:  0.008838893 
iter: 1  value: 2526.69 mgc: 3.312438 ustep: 1 
iter: 2  value: 2526.69 mgc: 3.816079e-07 ustep: 1 
iter: 3  mgc: 1.421085e-13 
iter: 1  mgc: 1.421085e-13 
outer mgc:  0.006243449 
iter: 1  value: 2512.39 mgc: 8.914862 ustep: 1 
iter: 2  value: 2512.39 mgc: 3.064193e-07 ustep: 1 
iter: 3  mgc: 2.393641e-13 
iter: 1  mgc: 2.393641e-13 
outer mgc:  0.007158315 
iter: 1  value: 2498.095 mgc: 8.910678 ustep: 1 
iter: 2  value: 2498.095 mgc: 2.038423e-07 ustep: 1 
iter: 3  mgc: 7.052137e-13 
iter: 1  mgc: 7.052137e-13 
outer mgc:  0.001923347 
iter: 1  value: 2474.233 mgc: 27.69324 ustep: 1 
iter: 2  value: 2474.233 mgc: 6.488926e-08 ustep: 0.989901 
iter: 3  mgc: 1.177947e-10 
iter: 1  mgc: 1.177947e-10 
outer mgc:  0.003876096 
iter: 1  value: 2451.882 mgc: 23.41569 ustep: 1 
iter: 2  value: 2451.882 mgc: 3.068131e-08 ustep: 1 
iter: 3  mgc: 2.450706e-12 
iter: 1  mgc: 2.450706e-12 
outer mgc:  0.001426909 
iter: 1  value: 2429.529 mgc: 23.41843 ustep: 1 
iter: 2  value: 2429.529 mgc: 1.808741e-08 ustep: 0.6827823 
iter: 3  mgc: 3.165199e-09 
iter: 1  mgc: 3.165199e-09 
outer mgc:  0.001140149 
iter: 1  value: 2407.177 mgc: 23.41606 ustep: 1 
iter: 2  mgc: 5.829365e-09 
iter: 1  mgc: 5.829365e-09 
outer mgc:  0.0006744059 
iter: 1  value: 2384.826 mgc: 23.41688 ustep: 0.8994163 
iter: 2  value: 2384.826 mgc: 3.391993e-06 ustep: 0.0003611853 
mgc: 3.382852e-06 
iter: 1  value: 2384.826 mgc: 3.382852e-06 ustep: 0.0002799205 
mgc: 3.375782e-06 
outer mgc:  0.0003112564 
iter: 1  value: 2361.12 mgc: 27.21724 ustep: 0.1336527 
iter: 2  value: 2361.12 mgc: 8.08729e-05 ustep: 0.1075309 
iter: 3  value: 2361.12 mgc: 4.241426e-05 ustep: 0.01233793 
iter: 4  value: 2361.12 mgc: 3.875917e-05 ustep: 1.436635e-05 
mgc: 3.875498e-05 
iter: 1  value: 2361.12 mgc: 3.875498e-05 ustep: 1.749033e-05 
mgc: 3.874985e-05 
outer mgc:  0.000249262 
iter: 1  value: 2338.001 mgc: 25.51017 ustep: 1 
iter: 2  mgc: 6.510512e-10 
iter: 1  mgc: 6.510512e-10 
outer mgc:  0.0001282589 
iter: 1  value: 2315.302 mgc: 24.34336 ustep: 1 
iter: 2  mgc: 1.010977e-10 
iter: 1  mgc: 1.010977e-10 
outer mgc:  5.551471e-05 
iter: 1  value: 2291.005 mgc: 29.04723 ustep: 0.1336527 
iter: 2  value: 2291.005 mgc: 9.168033e-06 ustep: 0.01411551 
iter: 3  value: 2291.005 mgc: 8.247358e-06 ustep: 2.409734e-07 
mgc: 8.247343e-06 
iter: 1  value: 2312.832 mgc: 0.7856022 ustep: 1 
iter: 2  mgc: 1.940843e-10 
iter: 1  value: 2315.055 mgc: 0.0701252 ustep: 0.2494656 
iter: 2  value: 2315.055 mgc: 4.372449e-06 ustep: 0.0423207 
iter: 3  value: 2315.055 mgc: 3.256171e-06 ustep: 3.510249e-06 
mgc: 3.256082e-06 
iter: 1  value: 2315.055 mgc: 3.256082e-06 ustep: 5.463041e-07 
mgc: 3.256069e-06 
outer mgc:  1.562794e-05 
iter: 1  value: 2314.561 mgc: 0.1420021 ustep: 2.731248e-07 
mgc: 2.598508e-05 
iter: 1  value: 2314.561 mgc: 2.598508e-05 ustep: 6.997346e-05 
mgc: 2.597152e-05 
outer mgc:  0.0001092991 
iter: 1  value: 2313.573 mgc: 0.2911846 ustep: 0.9999 
iter: 2  mgc: 9.749539e-10 
iter: 1  value: 2314.462 mgc: 0.02784061 ustep: 0.2494656 
iter: 2  value: 2314.462 mgc: 6.689625e-06 ustep: 0.002697912 
iter: 3  value: 2314.462 mgc: 6.552238e-06 ustep: 1.01733e-07 
mgc: 6.552233e-06 
iter: 1  value: 2314.551 mgc: 0.002770758 ustep: 0.989901 
iter: 2  value: 2314.551 mgc: 3.740161e-08 ustep: 5.028155e-06 
mgc: 3.740125e-08 
iter: 1  value: 2314.56 mgc: 0.0002759999 ustep: 0.2494656 
iter: 2  value: 2314.56 mgc: 5.035564e-06 ustep: 0.0107502 
iter: 3  value: 2314.56 mgc: 4.637057e-06 ustep: 1.335665e-05 
mgc: 4.636568e-06 
iter: 1  value: 2314.56 mgc: 4.636568e-06 ustep: 1.706347e-08 
mgc: 4.636567e-06 
outer mgc:  7.666189e-05 
iter: 1  value: 2314.558 mgc: 0.0005512666 ustep: 0.1336527 
iter: 2  value: 2314.558 mgc: 6.997698e-06 ustep: 3.381927e-09 
mgc: 6.997698e-06 
iter: 1  value: 2314.56 mgc: 5.228444e-05 ustep: 1 
iter: 2  mgc: 1.285574e-10 
iter: 1  value: 2314.56 mgc: 1.524208e-05 ustep: 6.997346e-05 
mgc: 1.52344e-05 
iter: 1  value: 2314.56 mgc: 3.806257e-06 ustep: 0.9999 
iter: 2  mgc: 2.045322e-10 
iter: 1  value: 2314.56 mgc: 4.414727e-06 ustep: 0.2494656 
iter: 2  value: 2314.56 mgc: 2.515377e-06 ustep: 0.1588666 
iter: 3  value: 2314.56 mgc: 1.864457e-06 ustep: 0.001982964 
iter: 4  value: 2314.56 mgc: 1.857635e-06 ustep: 0.002848065 
iter: 5  value: 2314.56 mgc: 1.847881e-06 ustep: 0.001714668 
iter: 6  value: 2314.56 mgc: 1.842035e-06 ustep: 2.583671e-06 
mgc: 1.842026e-06 
iter: 1  value: 2314.56 mgc: 4.614403e-06 ustep: 0.002237842 
iter: 2  value: 2314.56 mgc: 4.53383e-06 ustep: 1.849132e-07 
mgc: 4.533863e-06 
iter: 1  value: 2314.56 mgc: 4.634351e-06 ustep: 0.0002799205 
mgc: 4.624111e-06 
iter: 1  value: 2314.56 mgc: 4.636346e-06 ustep: 0.000139956 
mgc: 4.631219e-06 
iter: 1  value: 2314.56 mgc: 4.636545e-06 ustep: 1.749033e-05 
mgc: 4.635904e-06 
iter: 1  value: 2314.56 mgc: 4.636565e-06 ustep: 2.731248e-07 
mgc: 4.636555e-06 
iter: 1  value: 2314.56 mgc: 4.636568e-06 ustep: 1.706347e-08 
mgc: 4.636567e-06 
iter: 1  value: 2314.56 mgc: 4.636567e-06 ustep: 4.265015e-09 
mgc: 4.636567e-06 
outer mgc:  7.666188e-05 
iter: 1  value: 2314.56 mgc: 0.004711395 ustep: 1 
iter: 2  value: 2314.56 mgc: 4.999495e-07 ustep: 0.8994163 
iter: 3  mgc: 8.919482e-09 
outer mgc:  0.02661477 
iter: 1  value: 2314.56 mgc: 0.004701979 ustep: 1 
iter: 2  value: 2314.56 mgc: 4.988239e-07 ustep: 1.365487e-07 
mgc: 4.988234e-07 
outer mgc:  0.02645594 
iter: 1  value: 2314.56 mgc: 0.0004105982 ustep: 3.498385e-05 
iter: 2  value: 2314.56 mgc: 0.0004104823 ustep: 0.0001883967 
iter: 3  value: 2314.56 mgc: 0.0004098622 ustep: 1.65568e-09 
mgc: 0.0004098624 
outer mgc:  0.0008480027 
iter: 1  value: 2314.56 mgc: 0.0004028158 ustep: 0.0005598185 
iter: 2  value: 2314.56 mgc: 0.0004022322 ustep: 0.0001877014 
iter: 3  value: 2314.56 mgc: 0.0004020363 ustep: 0.0004339116 
iter: 4  value: 2314.56 mgc: 0.0004015859 ustep: 5.157501e-06 
mgc: 0.0004015804 
outer mgc:  0.0008493738 
iter: 1  value: 2314.557 mgc: 0.002134469 ustep: 0.989901 
iter: 2  value: 2314.557 mgc: 7.242372e-06 ustep: 0.1521162 
iter: 3  value: 2314.557 mgc: 4.577294e-06 ustep: 6.027348e-05 
mgc: 4.576399e-06 
outer mgc:  0.009699455 
iter: 1  value: 2314.562 mgc: 0.002132814 ustep: 0.1336527 
iter: 2  value: 2314.562 mgc: 0.001396501 ustep: 0.3656489 
iter: 3  value: 2314.562 mgc: 0.000481964 ustep: 2.691788e-11 
mgc: 0.000481964 
outer mgc:  0.009443232 
iter: 1  value: 2314.56 mgc: 4.636567e-06 ustep: 4.265015e-09 
mgc: 4.636567e-06 
outer mgc:  7.666188e-05 
iter: 1  value: 2314.56 mgc: 4.636567e-06 ustep: 4.265015e-09 
mgc: 4.636567e-06 
outer mgc:  7.666188e-05 
iter: 1  value: 2314.56 mgc: 0.004666963 ustep: 1 
iter: 2  value: 2314.56 mgc: 1.026062e-06 ustep: 0.0692153 
iter: 3  value: 2314.56 mgc: 7.758701e-07 ustep: 0.0374424 
iter: 4  value: 2314.56 mgc: 6.724066e-07 ustep: 1.638671e-06 
mgc: 6.724024e-07 
outer mgc:  0.009768496 
iter: 1  value: 2314.56 mgc: 0.004675978 ustep: 1 
iter: 2  value: 2314.56 mgc: 1.032874e-06 ustep: 1.365487e-07 
mgc: 1.032873e-06 
outer mgc:  0.009809037 
iter: 1  value: 2314.56 mgc: 0.0007848416 ustep: 8.744327e-06 
mgc: 0.0007848259 
outer mgc:  0.001498302 
iter: 1  value: 2314.56 mgc: 0.0007898283 ustep: 0.6827823 
iter: 2  value: 2314.56 mgc: 0.0001488321 ustep: 2.081813e-07 
mgc: 0.0001488317 
outer mgc:  0.001479291 
iter: 1  value: 2314.561 mgc: 0.003614098 ustep: 0.989901 
iter: 2  value: 2314.561 mgc: 5.034539e-06 ustep: 0.4832504 
iter: 3  value: 2314.561 mgc: 1.425903e-06 ustep: 1.412946e-07 
mgc: 1.425903e-06 
outer mgc:  0.03895245 
iter: 1  value: 2314.559 mgc: 0.003611607 ustep: 1 
iter: 2  value: 2314.559 mgc: 1.264204e-07 ustep: 8.744327e-06 
mgc: 1.26414e-07 
outer mgc:  0.03885766 
iter: 1  value: 2314.56 mgc: 0.0003845078 ustep: 0.6827823 
iter: 2  value: 2314.56 mgc: 7.576649e-05 ustep: 4.164042e-07 
mgc: 7.576624e-05 
outer mgc:  0.0008733451 
iter: 1  value: 2314.56 mgc: 0.0003833994 ustep: 6.997346e-05 
iter: 2  value: 2314.56 mgc: 0.0003798662 ustep: 4.145916e-06 
mgc: 0.0003798638 
outer mgc:  0.0008778008 
iter: 1  value: 2314.565 mgc: 0.002599154 ustep: 2.731248e-07 
mgc: 0.002599149 
outer mgc:  0.002840418 
iter: 1  value: 2314.555 mgc: 0.002597206 ustep: 3.329714e-11 
mgc: 0.002597206 
outer mgc:  0.002817197 
iter: 1  value: 2314.564 mgc: 0.001246517 ustep: 8.530883e-09 
mgc: 0.001246517 
outer mgc:  0.002295386 
iter: 1  value: 2314.555 mgc: 0.001246439 ustep: 8.530883e-09 
mgc: 0.001246439 
outer mgc:  0.002296862 
iter: 1  value: 2314.562 mgc: 0.001766151 ustep: 2.664569e-10 
mgc: 0.001766151 
outer mgc:  0.006244492 
iter: 1  value: 2314.558 mgc: 0.001772128 ustep: 1.664691e-11 
mgc: 0.001772128 
outer mgc:  0.006238494 
iter: 1  value: 2314.57 mgc: 0.002803649 ustep: 8.530883e-09 
mgc: 4.636567e-06 
outer mgc:  7.666188e-05 
iter: 1  value: 2314.55 mgc: 0.002806454 ustep: 8.530883e-09 
mgc: 4.636567e-06 
outer mgc:  7.666188e-05 
iter: 1  value: 2314.549 mgc: 0.002411367 ustep: 2.664569e-10 
mgc: 0.002411367 
outer mgc:  0.01274796 
iter: 1  value: 2314.571 mgc: 0.002403295 ustep: 6.660095e-11 
mgc: 0.002403295 
outer mgc:  0.01277269 
iter: 1  value: 2314.56 mgc: 4.63666e-06 ustep: 0.001119436 
iter: 2  value: 2314.56 mgc: 4.595947e-06 ustep: 1.299631e-07 
mgc: 4.595943e-06 
outer mgc:  7.667622e-05 
iter: 1  value: 2314.56 mgc: 4.636458e-06 ustep: 1.706347e-08 
mgc: 4.636457e-06 
outer mgc:  7.66616e-05 
[Sun Aug 15 08:51:25 2021]
Finished job 0.
1 of 1 steps (100%) done
