Building DAG of jobs...
Using shell: /usr/bin/bash
Provided cores: 1 (use --cores to define parallelism)
Rules claiming more threads will be scaled down.
Job counts:
	count	jobs
	1	inference_simulation_TMB_multiple
	1

[Fri Aug 13 12:27:33 2021]
rule inference_simulation_TMB_multiple:
    input: ../data/assessing_models_simulation/datasets/multiple_GenerationInoRE_50_100_80_5_2_NA_NA_NA_dataset1.RDS
    output: ../data/assessing_models_simulation/inference_results/TMB/nlminb/multiple_GenerationInoRE_50_100_80_5_2_diagREDM_NA_NA_NA_dataset1.RDS
    log: logs/inference/nlminb/simulation_GenerationInoRE_50_100_80_5_2_ModeldiagREDM_NA_NA_NA_dataset1.log
    jobid: 0
    wildcards: optimiser=nlminb, datasetgeneration=GenerationInoRE, n=50, nlambda=100, lmbda=80, d=5, beta_intensity=2, model=diagREDM, fixed_beta_intercept=NA, fixed_beta_slope=NA, sdRE_input=NA, itnum=1

Rscript 2_inference_TMB/run_TMB.R --input ../data/assessing_models_simulation/datasets/multiple_GenerationInoRE_50_100_80_5_2_NA_NA_NA_dataset1.RDS --output ../data/assessing_models_simulation/inference_results/TMB/nlminb/multiple_GenerationInoRE_50_100_80_5_2_diagREDM_NA_NA_NA_dataset1.RDS --model diagREDM --optimiser nlminb
Model: diagREDM 
Feature type: signatures 
Using nlminb: TRUE 
Simulation boolean: TRUE 
make: Nothing to be done for 'all'.
../data/assessing_models_simulation/datasets/multiple_GenerationInoRE_50_100_80_5_2_NA_NA_NA_dataset1.RDS[1] "../data/assessing_models_simulation/datasets/multiple_GenerationInoRE_50_100_80_5_2_NA_NA_NA_dataset1.RDS"
Reading file ../data/assessing_models_simulation/datasets/multiple_GenerationInoRE_50_100_80_5_2_NA_NA_NA_dataset1.RDS 
Loading required package: nnet
# weights:  15 (8 variable)
initial  value 16124.958445 
iter  10 value 14450.261686
final  value 14412.083394 
converged
Constructing atomic invpd
Constructing atomic D_lgamma
Constructing atomic invpd
Constructing atomic D_lgamma
Constructing atomic matmul
Constructing atomic invpd
Constructing atomic D_lgamma
Constructing atomic matmul
Optimizing tape... Done
iter: 1  value: 17730.98 mgc: 63.92785 ustep: 1 
iter: 2  value: 16501.36 mgc: 76.17223 ustep: 1 
iter: 3  value: 16377.21 mgc: 39.48272 ustep: 1 
iter: 4  value: 16376.31 mgc: 4.218931 ustep: 1 
iter: 5  value: 16376.31 mgc: 0.1593078 ustep: 1 
iter: 6  value: 16376.31 mgc: 0.0001837314 ustep: 1 
iter: 7  mgc: 2.783693e-10 
iter: 1  mgc: 2.783693e-10 
Matching hessian patterns... Done
outer mgc:  1110.016 
iter: 1  value: 15390.34 mgc: 26.53528 ustep: 1 
iter: 2  value: 15388.34 mgc: 2.234116 ustep: 1 
iter: 3  value: 15388.34 mgc: 0.07160381 ustep: 1 
iter: 4  value: 15388.34 mgc: 0.000139549 ustep: 1 
iter: 5  mgc: 9.108799e-10 
iter: 1  value: 15018.22 mgc: 51.50748 ustep: 1 
iter: 2  value: 14989.97 mgc: 8.661614 ustep: 1 
iter: 3  value: 14989.76 mgc: 0.8441335 ustep: 1 
iter: 4  value: 14989.76 mgc: 0.01719404 ustep: 1 
iter: 5  value: 14989.76 mgc: 8.708861e-06 ustep: 1 
iter: 6  mgc: 8.159258e-12 
iter: 1  mgc: 8.159258e-12 
outer mgc:  349.1968 
iter: 1  value: 15051.31 mgc: 40.1258 ustep: 1 
iter: 2  value: 15031.04 mgc: 10.12694 ustep: 1 
iter: 3  value: 15031.02 mgc: 0.4253597 ustep: 1 
iter: 4  value: 15031.02 mgc: 0.001176495 ustep: 1 
iter: 5  mgc: 8.864842e-09 
iter: 1  value: 14771.75 mgc: 32.30212 ustep: 1 
iter: 2  value: 14764.58 mgc: 6.467701 ustep: 1 
iter: 3  value: 14764.57 mgc: 0.229234 ustep: 1 
iter: 4  value: 14764.57 mgc: 0.0003492041 ustep: 1 
iter: 5  mgc: 8.121617e-10 
iter: 1  mgc: 8.121617e-10 
outer mgc:  355.6141 
iter: 1  value: 14630.49 mgc: 33.53567 ustep: 1 
iter: 2  value: 14629.68 mgc: 2.083113 ustep: 1 
iter: 3  value: 14629.68 mgc: 0.02667544 ustep: 1 
iter: 4  value: 14629.68 mgc: 4.694786e-06 ustep: 1.749033e-05 
mgc: 4.690782e-06 
iter: 1  value: 14629.68 mgc: 4.690782e-06 ustep: 1 
iter: 2  mgc: 7.128492e-12 
outer mgc:  172.9419 
iter: 1  value: 14506.88 mgc: 6.292763 ustep: 1 
iter: 2  value: 14506.8 mgc: 0.3594118 ustep: 1 
iter: 3  value: 14506.8 mgc: 0.002634683 ustep: 1 
iter: 4  value: 14506.8 mgc: 1.552286e-07 ustep: 1 
iter: 5  mgc: 7.248757e-12 
iter: 1  mgc: 7.248757e-12 
outer mgc:  89.69322 
iter: 1  value: 14549.18 mgc: 28.01939 ustep: 1 
iter: 2  value: 14526.91 mgc: 8.000705 ustep: 1 
iter: 3  value: 14526.87 mgc: 0.3939496 ustep: 1 
iter: 4  value: 14526.87 mgc: 0.001421055 ustep: 1 
iter: 5  value: 14526.87 mgc: 2.081629e-08 ustep: 1 
mgc: 5.942608e-12 
iter: 1  value: 14491.37 mgc: 16.05971 ustep: 1 
iter: 2  value: 14490.85 mgc: 1.122137 ustep: 1 
iter: 3  value: 14490.85 mgc: 0.009101646 ustep: 1 
iter: 4  value: 14490.85 mgc: 8.712556e-07 ustep: 1 
iter: 5  mgc: 5.644964e-12 
iter: 1  mgc: 5.644964e-12 
outer mgc:  112.1756 
iter: 1  value: 14459.56 mgc: 9.842289 ustep: 1 
iter: 2  value: 14459.4 mgc: 0.5232343 ustep: 1 
iter: 3  value: 14459.4 mgc: 0.001868807 ustep: 1 
iter: 4  value: 14459.4 mgc: 4.859685e-08 ustep: 1 
mgc: 5.628775e-12 
iter: 1  mgc: 5.628775e-12 
outer mgc:  59.97969 
iter: 1  value: 14455.45 mgc: 10.93398 ustep: 1 
iter: 2  value: 14455.04 mgc: 0.9365333 ustep: 1 
iter: 3  value: 14455.04 mgc: 0.006220258 ustep: 1 
iter: 4  value: 14455.04 mgc: 4.828187e-07 ustep: 1 
iter: 5  mgc: 6.056045e-12 
iter: 1  mgc: 6.056045e-12 
outer mgc:  102.6085 
iter: 1  value: 14420.11 mgc: 13.29285 ustep: 1 
iter: 2  value: 14419.24 mgc: 1.466866 ustep: 1 
iter: 3  value: 14419.24 mgc: 0.01737344 ustep: 1 
iter: 4  value: 14419.24 mgc: 3.66107e-06 ustep: 1 
iter: 5  mgc: 5.447309e-12 
iter: 1  mgc: 5.447309e-12 
outer mgc:  55.24906 
iter: 1  value: 14415.89 mgc: 10.93401 ustep: 1 
iter: 2  value: 14415.84 mgc: 0.3993796 ustep: 1 
iter: 3  value: 14415.84 mgc: 0.0009504444 ustep: 1 
iter: 4  mgc: 5.599688e-09 
iter: 1  mgc: 5.599688e-09 
outer mgc:  149.1146 
iter: 1  value: 14391.72 mgc: 10.28438 ustep: 1 
iter: 2  value: 14391.7 mgc: 0.2606268 ustep: 1 
iter: 3  value: 14391.7 mgc: 0.0004036553 ustep: 1 
iter: 4  mgc: 1.002711e-09 
iter: 1  mgc: 1.002711e-09 
outer mgc:  20.11016 
iter: 1  value: 14378.94 mgc: 4.083573 ustep: 1 
iter: 2  value: 14378.94 mgc: 0.05262952 ustep: 1 
iter: 3  value: 14378.94 mgc: 1.23867e-05 ustep: 1 
iter: 4  mgc: 1.104827e-11 
iter: 1  mgc: 1.104827e-11 
outer mgc:  107.1326 
iter: 1  value: 14326.51 mgc: 9.193985 ustep: 1 
iter: 2  value: 14326.5 mgc: 0.1877257 ustep: 1 
iter: 3  value: 14326.5 mgc: 0.0003061969 ustep: 1 
iter: 4  mgc: 1.08932e-09 
iter: 1  mgc: 1.08932e-09 
outer mgc:  36.19729 
iter: 1  value: 14317.13 mgc: 20.10614 ustep: 1 
iter: 2  value: 14316.25 mgc: 1.592212 ustep: 1 
iter: 3  value: 14316.25 mgc: 0.01115847 ustep: 1 
iter: 4  value: 14316.25 mgc: 5.469337e-07 ustep: 1 
iter: 5  mgc: 5.756728e-12 
iter: 1  mgc: 5.756728e-12 
outer mgc:  108.3218 
iter: 1  value: 14292.23 mgc: 24.42949 ustep: 1 
iter: 2  value: 14286.68 mgc: 3.826649 ustep: 1 
iter: 3  value: 14286.68 mgc: 0.07856624 ustep: 1 
iter: 4  value: 14286.68 mgc: 5.164446e-05 ustep: 1 
iter: 5  mgc: 2.455658e-11 
iter: 1  mgc: 2.455658e-11 
outer mgc:  59.84683 
iter: 1  value: 14273.75 mgc: 12.66305 ustep: 1 
iter: 2  value: 14273.47 mgc: 0.7938428 ustep: 1 
iter: 3  value: 14273.47 mgc: 0.001728202 ustep: 1 
iter: 4  value: 14273.47 mgc: 1.403424e-08 ustep: 1 
mgc: 3.517187e-12 
iter: 1  mgc: 3.517187e-12 
outer mgc:  28.84305 
iter: 1  value: 14269.31 mgc: 16.09038 ustep: 1 
iter: 2  value: 14269.17 mgc: 0.6354682 ustep: 1 
iter: 3  value: 14269.17 mgc: 0.002145118 ustep: 1 
iter: 4  value: 14269.17 mgc: 3.191004e-08 ustep: 1 
mgc: 6.086909e-12 
iter: 1  value: 14265.71 mgc: 8.065128 ustep: 1 
iter: 2  value: 14265.68 mgc: 0.2749875 ustep: 1 
iter: 3  value: 14265.68 mgc: 0.0001824288 ustep: 1 
iter: 4  mgc: 1.826563e-10 
iter: 1  mgc: 1.826563e-10 
outer mgc:  53.08267 
iter: 1  value: 14258.69 mgc: 5.40557 ustep: 1 
iter: 2  value: 14258.69 mgc: 0.1128064 ustep: 1 
iter: 3  value: 14258.69 mgc: 6.286348e-05 ustep: 1 
iter: 4  mgc: 1.830869e-11 
iter: 1  mgc: 1.830869e-11 
outer mgc:  51.36797 
iter: 1  value: 14251.68 mgc: 8.757942 ustep: 1 
iter: 2  value: 14251.67 mgc: 0.1164845 ustep: 1 
iter: 3  value: 14251.67 mgc: 5.234603e-05 ustep: 1 
iter: 4  mgc: 1.186695e-11 
iter: 1  mgc: 1.186695e-11 
outer mgc:  40.69569 
iter: 1  value: 14243.22 mgc: 9.001456 ustep: 1 
iter: 2  value: 14243.21 mgc: 0.2235923 ustep: 1 
iter: 3  value: 14243.21 mgc: 0.0002013119 ustep: 1 
iter: 4  mgc: 1.682463e-10 
iter: 1  mgc: 1.682463e-10 
outer mgc:  26.8253 
iter: 1  value: 14238.35 mgc: 7.322506 ustep: 1 
iter: 2  value: 14238.32 mgc: 0.278346 ustep: 1 
iter: 3  value: 14238.32 mgc: 0.0004198308 ustep: 1 
iter: 4  mgc: 1.291277e-09 
iter: 1  mgc: 1.291277e-09 
outer mgc:  39.27147 
iter: 1  value: 14229.85 mgc: 6.807202 ustep: 1 
iter: 2  value: 14229.84 mgc: 0.1421634 ustep: 1 
iter: 3  value: 14229.84 mgc: 5.978878e-05 ustep: 1 
iter: 4  mgc: 3.703193e-11 
iter: 1  mgc: 3.703193e-11 
outer mgc:  18.98399 
iter: 1  value: 14224.92 mgc: 6.929831 ustep: 1 
iter: 2  value: 14224.91 mgc: 0.1343966 ustep: 1 
iter: 3  value: 14224.91 mgc: 7.747476e-05 ustep: 1 
iter: 4  mgc: 3.089484e-11 
iter: 1  mgc: 3.089484e-11 
outer mgc:  46.46719 
iter: 1  value: 14218.09 mgc: 6.881971 ustep: 1 
iter: 2  value: 14218.08 mgc: 0.2074852 ustep: 1 
iter: 3  value: 14218.08 mgc: 0.0001729482 ustep: 1 
iter: 4  mgc: 1.587712e-10 
iter: 1  mgc: 1.587712e-10 
outer mgc:  46.42409 
iter: 1  value: 14209.1 mgc: 3.172127 ustep: 1 
iter: 2  value: 14209.1 mgc: 0.03551208 ustep: 1 
iter: 3  value: 14209.1 mgc: 2.195289e-06 ustep: 1 
iter: 4  mgc: 3.299583e-12 
iter: 1  mgc: 3.299583e-12 
outer mgc:  29.24648 
iter: 1  value: 14207.75 mgc: 6.408771 ustep: 1 
iter: 2  value: 14207.74 mgc: 0.113196 ustep: 1 
iter: 3  value: 14207.74 mgc: 4.145615e-05 ustep: 1 
iter: 4  mgc: 7.286172e-12 
iter: 1  value: 14208.17 mgc: 4.466969 ustep: 1 
iter: 2  value: 14208.17 mgc: 0.06654796 ustep: 1 
iter: 3  value: 14208.17 mgc: 1.96783e-05 ustep: 1 
iter: 4  mgc: 4.831691e-12 
iter: 1  mgc: 4.831691e-12 
outer mgc:  26.59803 
iter: 1  value: 14204.8 mgc: 2.830601 ustep: 1 
iter: 2  value: 14204.8 mgc: 0.03349854 ustep: 1 
iter: 3  value: 14204.8 mgc: 5.143321e-06 ustep: 1 
iter: 4  mgc: 4.165002e-12 
iter: 1  mgc: 4.165002e-12 
outer mgc:  11.11428 
iter: 1  value: 14202.18 mgc: 2.086508 ustep: 1 
iter: 2  value: 14202.18 mgc: 0.009038217 ustep: 1 
iter: 3  value: 14202.18 mgc: 4.582483e-07 ustep: 1 
iter: 4  mgc: 3.636202e-12 
iter: 1  mgc: 3.636202e-12 
outer mgc:  21.6058 
iter: 1  value: 14199.18 mgc: 2.288115 ustep: 1 
iter: 2  value: 14199.18 mgc: 0.00898216 ustep: 1 
iter: 3  value: 14199.18 mgc: 3.593659e-07 ustep: 1 
iter: 4  mgc: 3.244516e-12 
iter: 1  mgc: 3.244516e-12 
outer mgc:  13.51004 
iter: 1  value: 14196.22 mgc: 1.727048 ustep: 1 
iter: 2  value: 14196.22 mgc: 0.008131629 ustep: 1 
iter: 3  value: 14196.22 mgc: 1.714134e-07 ustep: 1 
mgc: 3.407941e-12 
iter: 1  mgc: 3.407941e-12 
outer mgc:  8.596847 
iter: 1  value: 14193.33 mgc: 1.235616 ustep: 1 
iter: 2  value: 14193.33 mgc: 0.003186234 ustep: 1 
iter: 3  value: 14193.33 mgc: 3.613384e-08 ustep: 1 
mgc: 3.180567e-12 
iter: 1  value: 14189.87 mgc: 0.7163277 ustep: 1 
iter: 2  value: 14189.87 mgc: 0.003074948 ustep: 1 
iter: 3  value: 14189.87 mgc: 6.394297e-08 ustep: 1 
mgc: 3.035794e-12 
iter: 1  value: 14181.72 mgc: 1.931198 ustep: 1 
iter: 2  value: 14181.72 mgc: 0.01977531 ustep: 1 
iter: 3  value: 14181.72 mgc: 2.398459e-06 ustep: 1 
iter: 4  mgc: 2.763123e-12 
iter: 1  mgc: 2.763123e-12 
outer mgc:  30.93473 
iter: 1  value: 14168.64 mgc: 3.977358 ustep: 1 
iter: 2  value: 14168.64 mgc: 0.06727354 ustep: 1 
iter: 3  value: 14168.64 mgc: 3.028537e-05 ustep: 1 
iter: 4  mgc: 5.923262e-12 
iter: 1  mgc: 5.923262e-12 
outer mgc:  33.96385 
iter: 1  value: 14164.39 mgc: 5.569545 ustep: 1 
iter: 2  value: 14164.39 mgc: 0.09145471 ustep: 1 
iter: 3  value: 14164.39 mgc: 3.276355e-05 ustep: 1 
iter: 4  mgc: 4.590994e-12 
iter: 1  value: 14165.02 mgc: 4.30993 ustep: 1 
iter: 2  value: 14165.02 mgc: 0.04817255 ustep: 1 
iter: 3  value: 14165.02 mgc: 7.299556e-06 ustep: 1 
iter: 4  mgc: 2.245315e-12 
iter: 1  mgc: 2.245315e-12 
outer mgc:  35.45956 
iter: 1  value: 14159.49 mgc: 2.894933 ustep: 1 
iter: 2  value: 14159.49 mgc: 0.02104631 ustep: 1 
iter: 3  value: 14159.49 mgc: 1.190917e-06 ustep: 1 
iter: 4  mgc: 2.238654e-12 
iter: 1  mgc: 2.238654e-12 
outer mgc:  18.56055 
iter: 1  value: 14156.95 mgc: 2.755055 ustep: 1 
iter: 2  value: 14156.95 mgc: 0.006707127 ustep: 1 
iter: 3  value: 14156.95 mgc: 5.396778e-08 ustep: 1 
mgc: 1.452172e-12 
iter: 1  mgc: 1.452172e-12 
outer mgc:  24.94019 
iter: 1  value: 14153 mgc: 1.41471 ustep: 1 
iter: 2  value: 14153 mgc: 0.003445618 ustep: 1 
iter: 3  value: 14153 mgc: 1.969628e-08 ustep: 1 
mgc: 1.192824e-12 
iter: 1  value: 14147.79 mgc: 1.456019 ustep: 1 
iter: 2  value: 14147.79 mgc: 0.003643229 ustep: 1 
iter: 3  value: 14147.79 mgc: 4.541984e-08 ustep: 1 
mgc: 1.254108e-12 
iter: 1  value: 14126.15 mgc: 7.640401 ustep: 1 
iter: 2  value: 14126.15 mgc: 0.09444752 ustep: 1 
iter: 3  value: 14126.15 mgc: 2.750174e-05 ustep: 1 
iter: 4  mgc: 2.426059e-12 
iter: 1  mgc: 2.426059e-12 
outer mgc:  94.39429 
iter: 1  value: 14114.26 mgc: 14.90081 ustep: 1 
iter: 2  value: 14114.26 mgc: 0.1310996 ustep: 1 
iter: 3  value: 14114.26 mgc: 4.076743e-05 ustep: 1 
iter: 4  mgc: 4.055423e-12 
iter: 1  value: 14111.52 mgc: 4.415526 ustep: 1 
iter: 2  value: 14111.52 mgc: 0.02501759 ustep: 1 
iter: 3  value: 14111.52 mgc: 1.821215e-06 ustep: 1 
iter: 4  mgc: 2.966932e-13 
iter: 1  mgc: 2.966932e-13 
outer mgc:  81.74692 
iter: 1  value: 14376.37 mgc: 25.58948 ustep: 1 
iter: 2  value: 14374.81 mgc: 2.560072 ustep: 1 
iter: 3  value: 14374.81 mgc: 0.01431507 ustep: 1 
iter: 4  value: 14374.81 mgc: 5.445786e-07 ustep: 1 
iter: 5  mgc: 2.557954e-13 
iter: 1  value: 14104.64 mgc: 4.356453 ustep: 1 
iter: 2  value: 14104.64 mgc: 0.02526261 ustep: 1 
iter: 3  value: 14104.64 mgc: 7.154379e-07 ustep: 1 
iter: 4  mgc: 3.046452e-13 
iter: 1  mgc: 3.046452e-13 
outer mgc:  38.8538 
iter: 1  value: 14102.43 mgc: 2.446817 ustep: 1 
iter: 2  value: 14102.43 mgc: 0.006181522 ustep: 1 
iter: 3  value: 14102.43 mgc: 5.453005e-08 ustep: 1 
mgc: 2.660927e-13 
iter: 1  mgc: 2.660927e-13 
outer mgc:  41.81647 
iter: 1  value: 14098.99 mgc: 2.177179 ustep: 1 
iter: 2  value: 14098.99 mgc: 0.006369303 ustep: 1 
iter: 3  value: 14098.99 mgc: 5.804476e-08 ustep: 1 
mgc: 3.197442e-13 
iter: 1  mgc: 3.197442e-13 
outer mgc:  15.98837 
iter: 1  value: 14096.92 mgc: 1.064752 ustep: 1 
iter: 2  value: 14096.92 mgc: 0.001264352 ustep: 1 
iter: 3  mgc: 4.684775e-09 
iter: 1  mgc: 4.684775e-09 
outer mgc:  19.0598 
iter: 1  value: 14093.91 mgc: 1.599095 ustep: 1 
iter: 2  value: 14093.91 mgc: 0.002005805 ustep: 1 
iter: 3  mgc: 8.821364e-09 
iter: 1  mgc: 8.821364e-09 
outer mgc:  11.58277 
iter: 1  value: 14087.35 mgc: 1.465548 ustep: 1 
iter: 2  value: 14087.35 mgc: 0.004191741 ustep: 1 
iter: 3  value: 14087.35 mgc: 4.599144e-08 ustep: 1 
mgc: 1.39444e-13 
iter: 1  value: 14080.21 mgc: 6.090113 ustep: 1 
iter: 2  value: 14080.21 mgc: 0.05285004 ustep: 1 
iter: 3  value: 14080.21 mgc: 7.145089e-06 ustep: 1 
iter: 4  mgc: 1.278977e-13 
iter: 1  mgc: 1.39444e-13 
outer mgc:  7.749865 
iter: 1  value: 14078.78 mgc: 4.810406 ustep: 1 
iter: 2  value: 14078.78 mgc: 0.03428892 ustep: 1 
iter: 3  value: 14078.78 mgc: 2.104098e-06 ustep: 1 
iter: 4  mgc: 5.376255e-14 
iter: 1  mgc: 5.376255e-14 
outer mgc:  47.81113 
iter: 1  value: 14081.42 mgc: 4.828635 ustep: 1 
iter: 2  value: 14081.42 mgc: 0.02310652 ustep: 1 
iter: 3  value: 14081.42 mgc: 8.892697e-07 ustep: 1 
iter: 4  mgc: 4.574119e-14 
iter: 1  value: 14075.69 mgc: 2.535956 ustep: 1 
iter: 2  value: 14075.69 mgc: 0.003438992 ustep: 1 
iter: 3  value: 14075.69 mgc: 2.493856e-08 ustep: 1 
mgc: 5.861978e-14 
iter: 1  mgc: 5.861978e-14 
outer mgc:  26.13271 
iter: 1  value: 14074.95 mgc: 1.092582 ustep: 1 
iter: 2  value: 14074.95 mgc: 0.002095293 ustep: 1 
iter: 3  mgc: 9.142828e-09 
iter: 1  mgc: 9.142828e-09 
outer mgc:  14.56607 
iter: 1  value: 14076.49 mgc: 3.687337 ustep: 1 
iter: 2  value: 14076.49 mgc: 0.008991631 ustep: 1 
iter: 3  value: 14076.49 mgc: 1.518239e-07 ustep: 1 
mgc: 4.840572e-14 
iter: 1  value: 14074.91 mgc: 1.188844 ustep: 1 
iter: 2  value: 14074.91 mgc: 0.00123218 ustep: 1 
iter: 3  mgc: 1.301651e-09 
iter: 1  value: 14074.62 mgc: 0.5357748 ustep: 1 
iter: 2  value: 14074.62 mgc: 0.0002678407 ustep: 1 
iter: 3  mgc: 6.463541e-11 
iter: 1  mgc: 6.463541e-11 
outer mgc:  3.170186 
iter: 1  value: 14074.2 mgc: 0.2152343 ustep: 1 
iter: 2  value: 14074.2 mgc: 6.397458e-05 ustep: 1 
iter: 3  mgc: 8.431034e-12 
iter: 1  mgc: 8.431034e-12 
outer mgc:  4.53387 
iter: 1  value: 14073.2 mgc: 0.3089402 ustep: 1 
iter: 2  value: 14073.2 mgc: 0.0001591711 ustep: 1 
iter: 3  mgc: 5.79421e-11 
iter: 1  mgc: 5.79421e-11 
outer mgc:  2.316448 
iter: 1  value: 14071.94 mgc: 0.2019321 ustep: 1 
iter: 2  value: 14071.94 mgc: 6.211096e-05 ustep: 1 
iter: 3  mgc: 6.039613e-12 
iter: 1  value: 14069.09 mgc: 0.6050897 ustep: 1 
iter: 2  value: 14069.09 mgc: 0.000784153 ustep: 1 
iter: 3  mgc: 1.085474e-09 
iter: 1  value: 14062.36 mgc: 1.430584 ustep: 1 
iter: 2  value: 14062.36 mgc: 0.003591466 ustep: 1 
iter: 3  value: 14062.36 mgc: 1.857238e-08 ustep: 1 
mgc: 5.67324e-14 
iter: 1  mgc: 5.67324e-14 
outer mgc:  11.673 
iter: 1  value: 14049.19 mgc: 2.05013 ustep: 1 
iter: 2  value: 14049.19 mgc: 0.004093551 ustep: 1 
iter: 3  value: 14049.19 mgc: 2.261507e-08 ustep: 1 
mgc: 6.639134e-14 
iter: 1  mgc: 6.639134e-14 
outer mgc:  8.447407 
iter: 1  value: 14035.15 mgc: 2.481659 ustep: 1 
iter: 2  value: 14035.15 mgc: 0.004466639 ustep: 1 
iter: 3  value: 14035.15 mgc: 1.690054e-08 ustep: 1 
mgc: 7.371881e-14 
iter: 1  mgc: 7.371881e-14 
outer mgc:  11.91653 
iter: 1  value: 14020.84 mgc: 1.908753 ustep: 1 
iter: 2  value: 14020.84 mgc: 0.002361209 ustep: 1 
iter: 3  mgc: 3.493152e-09 
iter: 1  mgc: 3.493152e-09 
outer mgc:  10.47722 
iter: 1  value: 14006.7 mgc: 1.738657 ustep: 1 
iter: 2  value: 14006.7 mgc: 0.0003733305 ustep: 1 
iter: 3  mgc: 7.140777e-11 
iter: 1  mgc: 7.140777e-11 
outer mgc:  8.438288 
iter: 1  value: 13991.87 mgc: 2.505644 ustep: 1 
iter: 2  value: 13991.87 mgc: 0.0008647213 ustep: 1 
iter: 3  mgc: 3.115908e-10 
iter: 1  mgc: 3.115908e-10 
outer mgc:  6.879036 
iter: 1  value: 13978.61 mgc: 2.265339 ustep: 1 
iter: 2  value: 13978.61 mgc: 0.0002298648 ustep: 1 
iter: 3  mgc: 8.003376e-12 
iter: 1  mgc: 8.003376e-12 
outer mgc:  4.563876 
iter: 1  value: 13964.23 mgc: 2.190095 ustep: 1 
iter: 2  value: 13964.23 mgc: 0.0003697656 ustep: 1 
iter: 3  mgc: 5.363177e-11 
iter: 1  value: 13943.1 mgc: 3.404129 ustep: 1 
iter: 2  value: 13943.1 mgc: 0.0006341215 ustep: 1 
iter: 3  mgc: 1.223519e-10 
iter: 1  mgc: 1.223519e-10 
outer mgc:  2.164392 
iter: 1  value: 13914.73 mgc: 4.61644 ustep: 1 
iter: 2  value: 13914.73 mgc: 0.0006334865 ustep: 1 
iter: 3  mgc: 8.949641e-11 
iter: 1  mgc: 8.949641e-11 
outer mgc:  1.567564 
iter: 1  value: 13886.26 mgc: 4.71709 ustep: 1 
iter: 2  value: 13886.26 mgc: 0.0004893317 ustep: 1 
iter: 3  mgc: 4.103917e-11 
iter: 1  mgc: 4.103917e-11 
outer mgc:  1.623927 
iter: 1  value: 13858.26 mgc: 5.049597 ustep: 1 
iter: 2  value: 13858.26 mgc: 0.0002428869 ustep: 1 
iter: 3  mgc: 6.815881e-12 
iter: 1  mgc: 6.815881e-12 
outer mgc:  0.7104723 
iter: 1  value: 13830.5 mgc: 5.060224 ustep: 1 
iter: 2  value: 13830.5 mgc: 0.0001552561 ustep: 1 
iter: 3  mgc: 2.046363e-12 
iter: 1  mgc: 2.046363e-12 
outer mgc:  0.291221 
iter: 1  value: 13802.72 mgc: 5.060124 ustep: 1 
iter: 2  value: 13802.72 mgc: 9.732376e-05 ustep: 1 
iter: 3  mgc: 7.158718e-13 
iter: 1  mgc: 7.158718e-13 
outer mgc:  0.1820768 
iter: 1  value: 13774.94 mgc: 5.053781 ustep: 1 
iter: 2  value: 13774.94 mgc: 5.465297e-05 ustep: 1 
iter: 3  mgc: 2.131628e-13 
iter: 1  mgc: 2.131628e-13 
outer mgc:  0.09372706 
iter: 1  value: 13751.64 mgc: 4.069532 ustep: 1 
iter: 2  value: 13751.64 mgc: 2.36472e-05 ustep: 1 
iter: 3  mgc: 7.460699e-14 
iter: 1  mgc: 7.460699e-14 
outer mgc:  0.03606076 
iter: 1  value: 13730.4 mgc: 3.706712 ustep: 1 
iter: 2  value: 13730.4 mgc: 1.180852e-05 ustep: 1 
iter: 3  mgc: 5.329071e-14 
iter: 1  mgc: 5.329071e-14 
outer mgc:  0.03253513 
iter: 1  value: 13711.19 mgc: 3.401317 ustep: 1 
iter: 2  value: 13711.19 mgc: 4.149147e-06 ustep: 1 
iter: 3  mgc: 4.62963e-14 
iter: 1  mgc: 4.62963e-14 
outer mgc:  0.03983826 
iter: 1  value: 13688.77 mgc: 4.335615 ustep: 1 
iter: 2  value: 13688.77 mgc: 4.509043e-06 ustep: 1 
iter: 3  mgc: 7.349676e-14 
iter: 1  mgc: 7.349676e-14 
outer mgc:  0.05566983 
iter: 1  value: 13651.43 mgc: 9.192397 ustep: 1 
iter: 2  value: 13651.43 mgc: 2.543237e-05 ustep: 1 
iter: 3  mgc: 9.992007e-14 
iter: 1  mgc: 9.992007e-14 
outer mgc:  0.08590233 
iter: 1  value: 13565.12 mgc: 44.43594 ustep: 1 
iter: 2  value: 13565.12 mgc: 0.0006681703 ustep: 1 
iter: 3  mgc: 5.226397e-11 
iter: 1  mgc: 5.226397e-11 
outer mgc:  0.1087217 
iter: 1  value: 13420.09 mgc: 197.4736 ustep: 1 
iter: 2  value: 13420.09 mgc: 0.007465244 ustep: 1 
iter: 3  value: 13420.09 mgc: 1.996851e-08 ustep: 1 
mgc: 4.352074e-14 
iter: 1  value: 13518.77 mgc: 13.89052 ustep: 1 
iter: 2  value: 13518.77 mgc: 0.0004668967 ustep: 1 
iter: 3  mgc: 3.590728e-11 
iter: 1  mgc: 3.590728e-11 
outer mgc:  0.1065248 
iter: 1  value: 13487.31 mgc: 7.85529 ustep: 1 
iter: 2  value: 13487.31 mgc: 0.0003130407 ustep: 1 
iter: 3  mgc: 1.983302e-11 
iter: 1  mgc: 1.983302e-11 
outer mgc:  0.05407921 
iter: 1  value: 13495.25 mgc: 1.176751 ustep: 1 
iter: 2  value: 13495.25 mgc: 2.941056e-05 ustep: 1 
iter: 3  mgc: 1.580958e-13 
iter: 1  mgc: 1.580958e-13 
outer mgc:  0.02796008 
iter: 1  value: 13495.28 mgc: 0.1435546 ustep: 1 
iter: 2  value: 13495.28 mgc: 5.861526e-06 ustep: 1 
iter: 3  mgc: 5.77316e-14 
iter: 1  mgc: 5.77316e-14 
outer mgc:  0.01156607 
iter: 1  value: 13495.04 mgc: 0.03279177 ustep: 1 
iter: 2  value: 13495.04 mgc: 1.885808e-08 ustep: 1 
mgc: 7.194245e-14 
iter: 1  mgc: 7.194245e-14 
outer mgc:  0.001979355 
iter: 1  mgc: 7.194245e-14 
iter: 1  mgc: 7.194245e-14 
outer mgc:  0.001979355 
iter: 1  value: 13495.04 mgc: 0.01108727 ustep: 1 
iter: 2  mgc: 5.517347e-09 
outer mgc:  0.4309904 
iter: 1  value: 13495.04 mgc: 0.01107802 ustep: 1 
iter: 2  mgc: 5.504725e-09 
outer mgc:  0.4328839 
iter: 1  value: 13495.04 mgc: 0.004171656 ustep: 1 
iter: 2  mgc: 5.539538e-10 
outer mgc:  0.1470901 
iter: 1  value: 13495.04 mgc: 0.004167835 ustep: 1 
iter: 2  mgc: 5.529084e-10 
outer mgc:  0.1480844 
iter: 1  value: 13495.04 mgc: 0.01768333 ustep: 1 
iter: 2  value: 13495.04 mgc: 1.664669e-08 ustep: 1 
mgc: 6.283862e-14 
outer mgc:  0.7603276 
iter: 1  value: 13495.04 mgc: 0.0176721 ustep: 1 
iter: 2  value: 13495.04 mgc: 1.660136e-08 ustep: 1 
mgc: 6.661338e-14 
outer mgc:  0.7586467 
iter: 1  value: 13495.04 mgc: 0.01075836 ustep: 1 
iter: 2  mgc: 7.455352e-09 
outer mgc:  0.4598873 
iter: 1  value: 13495.04 mgc: 0.01075346 ustep: 1 
iter: 2  mgc: 7.440242e-09 
outer mgc:  0.4556586 
iter: 1  value: 13495.04 mgc: 0.01881886 ustep: 1 
iter: 2  value: 13495.04 mgc: 5.144759e-08 ustep: 1 
mgc: 7.860379e-14 
outer mgc:  0.7531652 
iter: 1  value: 13495.04 mgc: 0.01880555 ustep: 1 
iter: 2  value: 13495.04 mgc: 5.142993e-08 ustep: 1 
mgc: 5.595524e-14 
outer mgc:  0.7495699 
iter: 1  value: 13495.04 mgc: 0.01012025 ustep: 1 
iter: 2  value: 13495.04 mgc: 1.520412e-08 ustep: 1 
mgc: 5.528911e-14 
outer mgc:  0.3988421 
iter: 1  value: 13495.04 mgc: 0.01011473 ustep: 1 
iter: 2  value: 13495.04 mgc: 1.520706e-08 ustep: 1 
mgc: 5.950795e-14 
outer mgc:  0.3978875 
iter: 1  value: 13495.04 mgc: 0.02441743 ustep: 1 
iter: 2  value: 13495.04 mgc: 1.927943e-07 ustep: 1 
mgc: 7.355228e-14 
outer mgc:  0.9340657 
iter: 1  value: 13495.04 mgc: 0.02440933 ustep: 1 
iter: 2  value: 13495.04 mgc: 1.93376e-07 ustep: 1 
mgc: 4.618528e-14 
outer mgc:  0.9343894 
iter: 1  value: 13495.04 mgc: 0.0118145 ustep: 1 
iter: 2  value: 13495.04 mgc: 4.203106e-08 ustep: 1 
mgc: 5.551115e-14 
outer mgc:  0.4725287 
iter: 1  value: 13495.04 mgc: 0.01180999 ustep: 1 
iter: 2  value: 13495.04 mgc: 4.207757e-08 ustep: 1 
mgc: 5.77316e-14 
outer mgc:  0.4761923 
iter: 1  value: 13495.06 mgc: 0.006564106 ustep: 1 
iter: 2  mgc: 6.661338e-14 
outer mgc:  0.001979345 
iter: 1  value: 13495.01 mgc: 0.006570673 ustep: 1 
iter: 2  mgc: 5.595524e-14 
outer mgc:  0.001979364 
iter: 1  value: 13495.06 mgc: 0.007259662 ustep: 1 
mgc: 4.440892e-14 
outer mgc:  0.001979361 
iter: 1  value: 13495.01 mgc: 0.007266926 ustep: 1 
mgc: 6.261658e-14 
outer mgc:  0.001979348 
iter: 1  value: 13495.06 mgc: 0.01023833 ustep: 1 
iter: 2  value: 13495.06 mgc: 1.204886e-08 ustep: 1 
mgc: 5.417888e-14 
outer mgc:  0.002009502 
iter: 1  value: 13495.01 mgc: 0.01024857 ustep: 1 
iter: 2  value: 13495.01 mgc: 1.20273e-08 ustep: 1 
mgc: 4.440892e-14 
outer mgc:  0.002103199 
iter: 1  value: 13495.06 mgc: 0.00985686 ustep: 1 
iter: 2  value: 13495.06 mgc: 2.925371e-08 ustep: 1 
mgc: 4.662937e-14 
outer mgc:  0.002007455 
iter: 1  value: 13495.02 mgc: 0.009866721 ustep: 1 
iter: 2  value: 13495.02 mgc: 2.921504e-08 ustep: 1 
mgc: 4.996004e-14 
outer mgc:  0.00208994 
iter: 1  value: 13495.03 mgc: 0.004078754 ustep: 1 
iter: 2  mgc: 2.092541e-09 
outer mgc:  0.02179806 
iter: 1  value: 13495.04 mgc: 0.004078346 ustep: 1 
iter: 2  mgc: 2.093152e-09 
outer mgc:  0.02120681 
iter: 1  value: 13495.03 mgc: 0.00485017 ustep: 1 
iter: 2  mgc: 7.63582e-09 
outer mgc:  0.02757091 
iter: 1  value: 13495.04 mgc: 0.004849304 ustep: 1 
iter: 2  mgc: 7.630316e-09 
outer mgc:  0.02700581 
[Fri Aug 13 12:27:40 2021]
Finished job 0.
1 of 1 steps (100%) done
