Building DAG of jobs...
Using shell: /usr/bin/bash
Provided cores: 1 (use --cores to define parallelism)
Rules claiming more threads will be scaled down.
Job counts:
	count	jobs
	1	inference_simulation_TMB_multiple
	1

[Fri Aug 13 09:05:57 2021]
rule inference_simulation_TMB_multiple:
    input: ../data/assessing_models_simulation/datasets/multiple_GenerationInoRE_10_100_80_3_0_NA_NA_NA_dataset0.RDS
    output: ../data/assessing_models_simulation/inference_results/TMB/nlminb/multiple_GenerationInoRE_10_100_80_3_0_diagREDM_NA_NA_NA_dataset0.RDS
    log: logs/inference/nlminb/simulation_GenerationInoRE_10_100_80_3_0_ModeldiagREDM_NA_NA_NA_dataset0.log
    jobid: 0
    wildcards: optimiser=nlminb, datasetgeneration=GenerationInoRE, n=10, nlambda=100, lmbda=80, d=3, beta_intensity=0, model=diagREDM, fixed_beta_intercept=NA, fixed_beta_slope=NA, sdRE_input=NA, itnum=0

Rscript 2_inference_TMB/run_TMB.R --input ../data/assessing_models_simulation/datasets/multiple_GenerationInoRE_10_100_80_3_0_NA_NA_NA_dataset0.RDS --output ../data/assessing_models_simulation/inference_results/TMB/nlminb/multiple_GenerationInoRE_10_100_80_3_0_diagREDM_NA_NA_NA_dataset0.RDS --model diagREDM --optimiser nlminb
Model: diagREDM 
Feature type: signatures 
Using nlminb: TRUE 
Simulation boolean: TRUE 
make: Nothing to be done for 'all'.
../data/assessing_models_simulation/datasets/multiple_GenerationInoRE_10_100_80_3_0_NA_NA_NA_dataset0.RDS[1] "../data/assessing_models_simulation/datasets/multiple_GenerationInoRE_10_100_80_3_0_NA_NA_NA_dataset0.RDS"
Reading file ../data/assessing_models_simulation/datasets/multiple_GenerationInoRE_10_100_80_3_0_NA_NA_NA_dataset0.RDS 
Loading required package: nnet
# weights:  9 (4 variable)
initial  value 2312.578868 
final  value 2306.296487 
converged
Constructing atomic invpd
Constructing atomic D_lgamma
Constructing atomic invpd
Constructing atomic D_lgamma
Constructing atomic matmul
Constructing atomic invpd
Constructing atomic D_lgamma
Constructing atomic matmul
Optimizing tape... Done
iter: 1  value: 2351.672 mgc: 38.70955 ustep: 1 
iter: 2  value: 2322.528 mgc: 17.42739 ustep: 1 
iter: 3  value: 2322.477 mgc: 1.039928 ustep: 1 
iter: 4  value: 2322.477 mgc: 0.005686742 ustep: 1 
iter: 5  value: 2322.477 mgc: 1.648221e-07 ustep: 1 
mgc: 3.916312e-12 
iter: 1  mgc: 3.916312e-12 
Matching hessian patterns... Done
outer mgc:  14.67362 
iter: 1  value: 2377.845 mgc: 29.37224 ustep: 1 
iter: 2  value: 2377.543 mgc: 1.325718 ustep: 1 
iter: 3  value: 2377.543 mgc: 0.01487549 ustep: 1 
iter: 4  value: 2377.543 mgc: 9.232741e-07 ustep: 1 
iter: 5  mgc: 5.667466e-12 
iter: 1  value: 2321.271 mgc: 3.622286 ustep: 1 
iter: 2  value: 2321.27 mgc: 0.03397896 ustep: 1 
iter: 3  value: 2321.27 mgc: 7.715393e-06 ustep: 1 
iter: 4  mgc: 9.126089e-12 
iter: 1  mgc: 9.126089e-12 
outer mgc:  4.828475 
iter: 1  value: 2320.543 mgc: 3.148153 ustep: 1 
iter: 2  value: 2320.543 mgc: 0.02633406 ustep: 1 
iter: 3  value: 2320.543 mgc: 2.654353e-06 ustep: 1 
iter: 4  mgc: 7.33813e-12 
iter: 1  mgc: 7.33813e-12 
outer mgc:  4.820504 
iter: 1  value: 2318.852 mgc: 0.2554484 ustep: 1 
iter: 2  value: 2318.852 mgc: 0.0002207607 ustep: 1 
iter: 3  mgc: 2.01423e-10 
iter: 1  value: 2316.63 mgc: 3.739914 ustep: 1 
iter: 2  value: 2316.63 mgc: 0.04285565 ustep: 1 
iter: 3  value: 2316.63 mgc: 1.202201e-05 ustep: 1 
iter: 4  mgc: 5.819456e-12 
iter: 1  value: 2309.214 mgc: 18.16141 ustep: 1 
iter: 2  value: 2309.024 mgc: 1.376475 ustep: 1 
iter: 3  value: 2309.024 mgc: 0.008963917 ustep: 1 
iter: 4  value: 2309.024 mgc: 3.858403e-07 ustep: 1 
iter: 5  mgc: 4.714285e-12 
iter: 1  mgc: 4.714285e-12 
outer mgc:  27.52732 
iter: 1  value: 2295.701 mgc: 12.98422 ustep: 1 
iter: 2  value: 2295.685 mgc: 0.5564393 ustep: 1 
iter: 3  value: 2295.685 mgc: 0.001119859 ustep: 1 
iter: 4  mgc: 4.256504e-09 
iter: 1  mgc: 4.256504e-09 
outer mgc:  24.12393 
iter: 1  value: 2403.865 mgc: 64.05476 ustep: 1 
iter: 2  value: 2393.128 mgc: 16.64577 ustep: 1 
iter: 3  value: 2393.123 mgc: 0.4030625 ustep: 1 
iter: 4  value: 2393.123 mgc: 0.00028175 ustep: 1 
iter: 5  mgc: 1.392273e-10 
iter: 1  value: 2291.714 mgc: 15.57024 ustep: 1 
iter: 2  value: 2291.685 mgc: 0.7141055 ustep: 1 
iter: 3  value: 2291.685 mgc: 0.0009720816 ustep: 1 
iter: 4  mgc: 1.599556e-09 
iter: 1  mgc: 1.599556e-09 
outer mgc:  8.912101 
iter: 1  value: 2291.032 mgc: 3.058444 ustep: 1 
iter: 2  value: 2291.032 mgc: 0.0131757 ustep: 1 
iter: 3  value: 2291.032 mgc: 5.228979e-07 ustep: 1 
iter: 4  mgc: 5.760392e-12 
iter: 1  mgc: 5.760392e-12 
outer mgc:  15.28147 
iter: 1  value: 2288.806 mgc: 6.955962 ustep: 1 
iter: 2  value: 2288.805 mgc: 0.09235994 ustep: 1 
iter: 3  value: 2288.805 mgc: 2.380425e-05 ustep: 1 
iter: 4  mgc: 3.124834e-12 
iter: 1  mgc: 3.124834e-12 
outer mgc:  5.540549 
iter: 1  value: 2287.314 mgc: 4.166551 ustep: 1 
iter: 2  value: 2287.313 mgc: 0.04334235 ustep: 1 
iter: 3  value: 2287.313 mgc: 4.587527e-06 ustep: 1 
iter: 4  mgc: 3.703704e-12 
iter: 1  mgc: 3.703704e-12 
outer mgc:  3.584572 
iter: 1  value: 2285.925 mgc: 3.774431 ustep: 1 
iter: 2  value: 2285.925 mgc: 0.01927587 ustep: 1 
iter: 3  value: 2285.925 mgc: 5.934718e-07 ustep: 1 
iter: 4  mgc: 3.586242e-12 
iter: 1  mgc: 3.586242e-12 
outer mgc:  5.098049 
iter: 1  value: 2284.537 mgc: 2.014494 ustep: 1 
iter: 2  value: 2284.537 mgc: 0.008182013 ustep: 1 
iter: 3  value: 2284.537 mgc: 8.639244e-08 ustep: 1 
mgc: 4.748424e-12 
iter: 1  mgc: 4.748424e-12 
outer mgc:  7.300586 
iter: 1  value: 2283.477 mgc: 5.212214 ustep: 1 
iter: 2  value: 2283.477 mgc: 0.02470188 ustep: 1 
iter: 3  value: 2283.477 mgc: 8.667069e-07 ustep: 1 
iter: 4  mgc: 6.028733e-12 
iter: 1  mgc: 6.028733e-12 
outer mgc:  11.52094 
iter: 1  value: 2281.731 mgc: 4.976069 ustep: 1 
iter: 2  value: 2281.731 mgc: 0.02115079 ustep: 1 
iter: 3  value: 2281.731 mgc: 3.755467e-07 ustep: 1 
mgc: 3.097966e-12 
iter: 1  mgc: 3.097966e-12 
outer mgc:  3.440328 
iter: 1  value: 2281.128 mgc: 3.703122 ustep: 1 
iter: 2  value: 2281.128 mgc: 0.01238105 ustep: 1 
iter: 3  value: 2281.128 mgc: 1.501803e-07 ustep: 1 
mgc: 3.351541e-12 
iter: 1  value: 2281.73 mgc: 2.637971 ustep: 1 
iter: 2  value: 2281.73 mgc: 0.006838722 ustep: 1 
iter: 3  value: 2281.73 mgc: 6.263243e-08 ustep: 1 
mgc: 3.034462e-12 
iter: 1  value: 2281.534 mgc: 1.14522 ustep: 1 
iter: 2  value: 2281.534 mgc: 0.001259697 ustep: 1 
iter: 3  mgc: 2.139762e-09 
iter: 1  mgc: 2.139762e-09 
outer mgc:  1.230361 
iter: 1  value: 2281.349 mgc: 1.460731 ustep: 1 
iter: 2  value: 2281.349 mgc: 0.001838882 ustep: 1 
iter: 3  mgc: 3.793454e-09 
iter: 1  mgc: 3.793454e-09 
outer mgc:  3.591581 
iter: 1  value: 2280.794 mgc: 1.370195 ustep: 1 
iter: 2  value: 2280.794 mgc: 0.001933466 ustep: 1 
iter: 3  mgc: 4.407728e-09 
iter: 1  value: 2280.117 mgc: 0.8944152 ustep: 1 
iter: 2  value: 2280.117 mgc: 0.000658313 ustep: 1 
iter: 3  mgc: 4.381357e-10 
iter: 1  value: 2278.113 mgc: 2.540773 ustep: 1 
iter: 2  value: 2278.113 mgc: 0.003191667 ustep: 1 
iter: 3  mgc: 4.558295e-09 
iter: 1  mgc: 4.558295e-09 
outer mgc:  7.762191 
iter: 1  value: 2274.383 mgc: 8.221174 ustep: 1 
iter: 2  value: 2274.383 mgc: 0.01225986 ustep: 1 
iter: 3  value: 2274.383 mgc: 8.357746e-08 ustep: 1 
mgc: 2.972733e-12 
iter: 1  mgc: 2.972733e-12 
outer mgc:  5.228344 
iter: 1  value: 2271.638 mgc: 4.713436 ustep: 1 
iter: 2  value: 2271.638 mgc: 0.006367261 ustep: 1 
iter: 3  value: 2271.638 mgc: 1.223256e-08 ustep: 1 
mgc: 2.760459e-12 
iter: 1  mgc: 2.760459e-12 
outer mgc:  4.393863 
iter: 1  value: 2268.859 mgc: 5.074574 ustep: 1 
iter: 2  value: 2268.859 mgc: 0.001826311 ustep: 1 
iter: 3  mgc: 7.924719e-10 
iter: 1  value: 2265.9 mgc: 5.996061 ustep: 1 
iter: 2  value: 2265.9 mgc: 0.001800452 ustep: 1 
iter: 3  mgc: 5.198686e-10 
iter: 1  mgc: 5.198686e-10 
outer mgc:  8.354986 
iter: 1  value: 2259.988 mgc: 14.05651 ustep: 1 
iter: 2  value: 2259.988 mgc: 0.00371287 ustep: 1 
iter: 3  mgc: 1.135396e-09 
iter: 1  mgc: 1.135396e-09 
outer mgc:  9.853873 
iter: 1  value: 2236.578 mgc: 225.2581 ustep: 1 
iter: 2  value: 2236.578 mgc: 0.009046323 ustep: 1 
iter: 3  mgc: 1.574811e-10 
iter: 1  mgc: 1.574811e-10 
outer mgc:  16.2712 
iter: 1  value: 2253.074 mgc: 11.46525 ustep: 1 
iter: 2  value: 2253.074 mgc: 0.004750206 ustep: 1 
iter: 3  mgc: 8.505427e-10 
iter: 1  mgc: 8.505427e-10 
outer mgc:  5.219033 
iter: 1  value: 2245.54 mgc: 13.03239 ustep: 1 
iter: 2  value: 2245.54 mgc: 0.00143014 ustep: 1 
iter: 3  mgc: 3.143619e-11 
iter: 1  mgc: 3.143619e-11 
outer mgc:  2.006726 
iter: 1  value: 2234.631 mgc: 192.5742 ustep: 1 
iter: 2  value: 2234.631 mgc: 0.000676816 ustep: 1 
iter: 3  mgc: 1.137757e-12 
iter: 1  value: 2240.725 mgc: 8.341717 ustep: 1 
iter: 2  value: 2240.725 mgc: 0.0001987956 ustep: 1 
iter: 3  mgc: 1.528555e-12 
iter: 1  mgc: 1.528555e-12 
outer mgc:  3.765501 
iter: 1  value: 2237.965 mgc: 4.31632 ustep: 1 
iter: 2  value: 2237.965 mgc: 7.432841e-05 ustep: 1 
iter: 3  mgc: 1.217249e-12 
iter: 1  value: 2239.346 mgc: 1.967404 ustep: 1 
iter: 2  value: 2239.346 mgc: 2.109981e-05 ustep: 1 
iter: 3  mgc: 2.490452e-12 
iter: 1  mgc: 2.490452e-12 
outer mgc:  0.5115831 
iter: 1  value: 2238.926 mgc: 0.7041894 ustep: 1 
iter: 2  value: 2238.926 mgc: 2.120779e-06 ustep: 1 
mgc: 1.519673e-12 
iter: 1  mgc: 1.519673e-12 
outer mgc:  0.5384064 
iter: 1  value: 2238.604 mgc: 0.6458437 ustep: 1 
iter: 2  value: 2238.604 mgc: 1.485718e-06 ustep: 1 
mgc: 1.69309e-12 
iter: 1  mgc: 1.69309e-12 
outer mgc:  0.2664488 
iter: 1  value: 2237.921 mgc: 1.35561 ustep: 1 
iter: 2  value: 2237.921 mgc: 5.373824e-06 ustep: 1 
mgc: 1.728395e-12 
iter: 1  mgc: 1.728395e-12 
outer mgc:  0.3272023 
iter: 1  value: 2237.231 mgc: 1.332801 ustep: 1 
iter: 2  value: 2237.231 mgc: 4.268542e-06 ustep: 1 
mgc: 1.361578e-12 
iter: 1  mgc: 1.361578e-12 
outer mgc:  0.5296703 
iter: 1  value: 2234.483 mgc: 6.216898 ustep: 1 
iter: 2  value: 2234.483 mgc: 4.054357e-05 ustep: 1 
iter: 3  mgc: 6.406542e-13 
iter: 1  value: 2230.175 mgc: 11.22172 ustep: 1 
iter: 2  value: 2230.175 mgc: 3.522637e-05 ustep: 1 
mgc: 3.455014e-13 
iter: 1  mgc: 3.455014e-13 
outer mgc:  2.215405 
iter: 1  value: 2229.702 mgc: 0.7684092 ustep: 1 
iter: 2  value: 2229.702 mgc: 1.624824e-07 ustep: 1 
mgc: 3.23741e-13 
iter: 1  mgc: 3.23741e-13 
outer mgc:  1.876156 
iter: 1  value: 2227.881 mgc: 3.474851 ustep: 1 
iter: 2  value: 2227.881 mgc: 1.965711e-06 ustep: 1 
mgc: 2.236961e-13 
iter: 1  mgc: 2.236961e-13 
outer mgc:  0.4138134 
iter: 1  value: 2230.999 mgc: 4.593764 ustep: 1 
iter: 2  value: 2230.999 mgc: 8.711559e-06 ustep: 1 
mgc: 4.028999e-13 
iter: 1  value: 2228.509 mgc: 1.121646 ustep: 1 
iter: 2  value: 2228.509 mgc: 2.374434e-07 ustep: 1 
mgc: 2.495781e-13 
iter: 1  mgc: 2.495781e-13 
outer mgc:  0.05160701 
iter: 1  value: 2228.093 mgc: 0.6882122 ustep: 1 
iter: 2  value: 2228.093 mgc: 8.335905e-08 ustep: 1 
mgc: 1.474376e-13 
iter: 1  mgc: 1.474376e-13 
outer mgc:  0.03905061 
iter: 1  value: 2227.911 mgc: 0.2690801 ustep: 1 
iter: 2  value: 2227.911 mgc: 1.210816e-08 ustep: 1 
mgc: 1.54543e-13 
iter: 1  mgc: 1.54543e-13 
outer mgc:  0.01598979 
iter: 1  value: 2227.148 mgc: 1.131306 ustep: 1 
iter: 2  value: 2227.148 mgc: 1.750393e-07 ustep: 1 
mgc: 2.464695e-13 
iter: 1  mgc: 2.464695e-13 
outer mgc:  0.04970169 
iter: 1  value: 2224.88 mgc: 3.648494 ustep: 1 
iter: 2  value: 2224.88 mgc: 1.003966e-06 ustep: 1 
mgc: 2.311484e-13 
iter: 1  mgc: 2.311484e-13 
outer mgc:  0.1726002 
iter: 1  value: 2222.6 mgc: 3.610114 ustep: 1 
iter: 2  value: 2222.6 mgc: 5.482095e-07 ustep: 1 
mgc: 2.73559e-13 
iter: 1  mgc: 2.73559e-13 
outer mgc:  0.2237483 
iter: 1  value: 2216.605 mgc: 12.38556 ustep: 1 
iter: 2  value: 2216.605 mgc: 1.364849e-06 ustep: 1 
mgc: 2.521872e-13 
iter: 1  mgc: 2.521872e-13 
outer mgc:  0.2133509 
iter: 1  value: 2210.844 mgc: 11.73939 ustep: 1 
iter: 2  value: 2210.844 mgc: 2.804323e-07 ustep: 1 
mgc: 2.353673e-13 
iter: 1  mgc: 2.353673e-13 
outer mgc:  0.09528444 
iter: 1  value: 2205.426 mgc: 10.82786 ustep: 1 
iter: 2  value: 2205.426 mgc: 7.102683e-08 ustep: 1 
mgc: 2.225858e-13 
iter: 1  mgc: 2.225858e-13 
outer mgc:  0.01416096 
iter: 1  value: 2201.058 mgc: 8.109886 ustep: 1 
iter: 2  value: 2201.058 mgc: 2.322794e-08 ustep: 1 
mgc: 1.705303e-13 
iter: 1  mgc: 1.705303e-13 
outer mgc:  0.0465069 
iter: 1  value: 2196.689 mgc: 8.12747 ustep: 1 
iter: 2  value: 2196.689 mgc: 1.239788e-08 ustep: 1 
mgc: 2.264855e-13 
iter: 1  mgc: 2.264855e-13 
outer mgc:  0.05449663 
iter: 1  value: 2189.18 mgc: 17.72101 ustep: 1 
iter: 2  value: 2189.18 mgc: 1.576619e-08 ustep: 1 
mgc: 1.376677e-13 
iter: 1  mgc: 1.376677e-13 
outer mgc:  0.03794613 
iter: 1  value: 2181.67 mgc: 17.70426 ustep: 1 
iter: 2  mgc: 5.36884e-09 
iter: 1  mgc: 5.36884e-09 
outer mgc:  0.01084998 
iter: 1  value: 2174.484 mgc: 16.49603 ustep: 1 
iter: 2  mgc: 1.743127e-09 
iter: 1  mgc: 1.743127e-09 
outer mgc:  0.00791283 
iter: 1  value: 2167.418 mgc: 16.05755 ustep: 1 
iter: 2  mgc: 6.285354e-10 
iter: 1  mgc: 6.285354e-10 
outer mgc:  0.01463238 
iter: 1  value: 2160.352 mgc: 16.05493 ustep: 1 
iter: 2  mgc: 2.397726e-10 
iter: 1  mgc: 2.397726e-10 
outer mgc:  0.01299395 
iter: 1  value: 2149.609 mgc: 32.74359 ustep: 1 
iter: 2  mgc: 1.710561e-10 
iter: 1  mgc: 1.710561e-10 
outer mgc:  0.00511771 
iter: 1  value: 2140.375 mgc: 24.90389 ustep: 1 
iter: 2  mgc: 3.270273e-11 
iter: 1  mgc: 3.270273e-11 
outer mgc:  0.0008067689 
iter: 1  value: 2131.38 mgc: 23.80096 ustep: 1 
iter: 2  mgc: 9.233503e-12 
iter: 1  mgc: 9.233503e-12 
outer mgc:  0.003371121 
iter: 1  value: 2122.385 mgc: 23.80228 ustep: 1 
iter: 2  mgc: 2.863487e-12 
iter: 1  mgc: 2.863487e-12 
outer mgc:  0.003253367 
iter: 1  value: 2111.412 mgc: 34.09642 ustep: 1 
iter: 2  mgc: 1.135092e-12 
iter: 1  mgc: 1.135092e-12 
outer mgc:  0.001536468 
iter: 1  value: 2101.321 mgc: 29.16833 ustep: 1 
iter: 2  mgc: 3.588241e-13 
iter: 1  mgc: 3.588241e-13 
outer mgc:  0.0001339626 
iter: 1  value: 2091.848 mgc: 26.04606 ustep: 1 
iter: 2  mgc: 2.78888e-13 
iter: 1  mgc: 2.78888e-13 
outer mgc:  0.0007462478 
iter: 1  mgc: 2.78888e-13 
iter: 1  mgc: 2.78888e-13 
outer mgc:  0.0007462478 
iter: 1  value: 2091.848 mgc: 0.03256713 ustep: 1 
mgc: 3.409495e-13 
outer mgc:  0.2916358 
iter: 1  value: 2091.848 mgc: 0.03255205 ustep: 1 
mgc: 2.872425e-13 
outer mgc:  0.2904204 
iter: 1  value: 2091.848 mgc: 0.02327279 ustep: 1 
mgc: 2.765566e-13 
outer mgc:  0.2048204 
iter: 1  value: 2091.848 mgc: 0.02326237 ustep: 1 
mgc: 2.504663e-13 
outer mgc:  0.2043438 
iter: 1  value: 2091.848 mgc: 0.03453751 ustep: 1 
mgc: 2.229328e-13 
outer mgc:  0.3054759 
iter: 1  value: 2091.848 mgc: 0.03452638 ustep: 1 
mgc: 1.501022e-13 
outer mgc:  0.3068629 
iter: 1  value: 2091.848 mgc: 0.02476445 ustep: 1 
mgc: 3.987921e-13 
outer mgc:  0.2120641 
iter: 1  value: 2091.848 mgc: 0.02475691 ustep: 1 
mgc: 2.522427e-13 
outer mgc:  0.2128777 
iter: 1  value: 2091.853 mgc: 0.01021247 ustep: 1 
mgc: 1.691008e-13 
outer mgc:  0.0007462478 
iter: 1  value: 2091.843 mgc: 0.01022269 ustep: 1 
mgc: 1.514344e-13 
outer mgc:  0.0007462478 
iter: 1  value: 2091.853 mgc: 0.01027801 ustep: 1 
mgc: 2.691181e-13 
outer mgc:  0.0007462476 
iter: 1  value: 2091.843 mgc: 0.01028829 ustep: 1 
mgc: 2.176037e-13 
outer mgc:  0.000746248 
iter: 1  value: 2091.848 mgc: 0.003575558 ustep: 1 
mgc: 2.54019e-13 
outer mgc:  0.003646864 
iter: 1  value: 2091.848 mgc: 0.003574664 ustep: 1 
mgc: 2.828848e-13 
outer mgc:  0.003736884 
iter: 1  value: 2091.848 mgc: 0.001580773 ustep: 1 
mgc: 2.3892e-13 
outer mgc:  0.0006785908 
iter: 1  value: 2091.848 mgc: 0.001581925 ustep: 1 
mgc: 2.009642e-13 
outer mgc:  0.001000196 
[Fri Aug 13 09:05:58 2021]
Finished job 0.
1 of 1 steps (100%) done
