Building DAG of jobs...
Using shell: /usr/bin/bash
Provided cores: 40
Rules claiming more threads will be scaled down.
Job counts:
	count	jobs
	1	inference_simulation_TMB_multiple
	1
Select jobs to execute...

[Sun Aug 15 15:29:24 2021]
rule inference_simulation_TMB_multiple:
    input: ../data/assessing_models_simulation/datasets/multiple_GenerationCnorm_50_100_80_5_0.05_NA_NA_NA_dataset1.RDS
    output: ../data/assessing_models_simulation/inference_results/TMB/nlminb/multiple_GenerationCnorm_50_100_80_5_0.05_fullREDMsinglelambda_NA_NA_NA_dataset1.RDS
    log: logs/inference/nlminb/simulation_GenerationCnorm_50_100_80_5_0.05_ModelfullREDMsinglelambda_NA_NA_NA_dataset1.log
    jobid: 0
    wildcards: optimiser=nlminb, datasetgeneration=GenerationCnorm, n=50, nlambda=100, lmbda=80, d=5, beta_intensity=0.05, model=fullREDMsinglelambda, fixed_beta_intercept=NA, fixed_beta_slope=NA, sdRE_input=NA, itnum=1

Rscript 2_inference_TMB/run_TMB.R --input ../data/assessing_models_simulation/datasets/multiple_GenerationCnorm_50_100_80_5_0.05_NA_NA_NA_dataset1.RDS --output ../data/assessing_models_simulation/inference_results/TMB/nlminb/multiple_GenerationCnorm_50_100_80_5_0.05_fullREDMsinglelambda_NA_NA_NA_dataset1.RDS --model fullREDMsinglelambda --optimiser nlminb
Model: fullREDMsinglelambda 
Feature type: signatures 
Using nlminb: TRUE 
Simulation boolean: TRUE 
make: Nothing to be done for 'all'.
../data/assessing_models_simulation/datasets/multiple_GenerationCnorm_50_100_80_5_0.05_NA_NA_NA_dataset1.RDS[1] "../data/assessing_models_simulation/datasets/multiple_GenerationCnorm_50_100_80_5_0.05_NA_NA_NA_dataset1.RDS"
Reading file ../data/assessing_models_simulation/datasets/multiple_GenerationCnorm_50_100_80_5_0.05_NA_NA_NA_dataset1.RDS 
Loading required package: nnet
# weights:  15 (8 variable)
initial  value 16079.894183 
iter  10 value 13898.217944
final  value 13884.053936 
converged
Order of parameters:
[1] "beta"       "u_large"    "logs_sd_RE" "cov_par_RE" "log_lambda"
Not matching template order:
[1] "beta"       "logs_sd_RE" "cov_par_RE" "log_lambda" "u_large"   
Your parameter list has been re-ordered.
(Disable this warning with checkParameterOrder=FALSE)
Constructing atomic invpd
Constructing atomic D_lgamma
Constructing atomic invpd
Constructing atomic D_lgamma
Constructing atomic matmul
Constructing atomic invpd
Constructing atomic D_lgamma
Constructing atomic matmul
Optimizing tape... Done
iter: 1  value: 14437.68 mgc: 3.521307 ustep: 1 
iter: 2  value: 14418.73 mgc: 2.532549 ustep: 1 
iter: 3  value: 14418.51 mgc: 0.3217923 ustep: 1 
iter: 4  value: 14418.51 mgc: 0.01181734 ustep: 1 
iter: 5  value: 14418.51 mgc: 2.094985e-05 ustep: 1 
iter: 6  mgc: 6.285372e-11 
iter: 1  mgc: 6.285372e-11 
Matching hessian patterns... Done
outer mgc:  147.5053 
iter: 1  value: 14221.67 mgc: 1.466735 ustep: 1 
iter: 2  value: 14221.58 mgc: 0.19937 ustep: 1 
iter: 3  value: 14221.58 mgc: 0.001844164 ustep: 1 
iter: 4  value: 14221.58 mgc: 1.671087e-07 ustep: 1 
iter: 5  mgc: 6.494805e-15 
iter: 1  value: 14140.15 mgc: 10.97039 ustep: 1 
iter: 2  value: 13935.89 mgc: 19.71836 ustep: 1 
iter: 3  value: 13933.1 mgc: 2.310286 ustep: 1 
iter: 4  value: 13933.1 mgc: 0.06421205 ustep: 1 
iter: 5  value: 13933.1 mgc: 0.0001502239 ustep: 1 
iter: 6  mgc: 8.013354e-10 
iter: 1  mgc: 8.013354e-10 
outer mgc:  112.0259 
iter: 1  value: 14497.46 mgc: 11.86177 ustep: 1 
iter: 2  value: 14339.52 mgc: 11.38555 ustep: 0.4367355 
iter: 3  value: 14265.35 mgc: 22.74237 ustep: 0.4176298 
iter: 4  value: 14227.74 mgc: 16.67159 ustep: 0.2186147 
iter: 5  value: 14223.96 mgc: 18.37726 ustep: 0.4676158 
iter: 6  value: 14178.77 mgc: 12.17025 ustep: 0.1560387 
iter: 7  value: 14171.85 mgc: 8.126136 ustep: 0.3950778 
iter: 8  value: 14171.25 mgc: 2.500199 ustep: 0.6285893 
iter: 9  value: 14171.24 mgc: 0.2133632 ustep: 0.7928569 
iter: 10  value: 14171.24 mgc: 0.01226539 ustep: 0.8904361 
iter: 11  value: 14171.24 mgc: 0.0003816352 ustep: 0.9436349 
iter: 12  value: 14171.24 mgc: 5.974204e-06 ustep: 0.9714116 
iter: 13  value: 14171.24 mgc: 4.66742e-08 ustep: 0.9856036 
iter: 14  mgc: 1.819553e-10 
iter: 1  value: 13866.06 mgc: 6.248602 ustep: 1 
iter: 2  value: 13861.08 mgc: 3.435192 ustep: 1 
iter: 3  value: 13861.07 mgc: 0.2474898 ustep: 1 
iter: 4  value: 13861.07 mgc: 0.00181335 ustep: 1 
iter: 5  value: 13861.07 mgc: 1.004854e-07 ustep: 1 
mgc: 1.39333e-14 
iter: 1  mgc: 1.39333e-14 
outer mgc:  63.25195 
iter: 1  value: 13785.97 mgc: 9.863396 ustep: 1 
iter: 2  value: 13785.12 mgc: 0.9410214 ustep: 1 
iter: 3  value: 13785.12 mgc: 0.0246606 ustep: 1 
iter: 4  value: 13785.12 mgc: 1.96796e-05 ustep: 1 
iter: 5  mgc: 1.274958e-11 
iter: 1  mgc: 1.274958e-11 
outer mgc:  97.94423 
iter: 1  value: 13804.65 mgc: 16.79171 ustep: 1 
iter: 2  value: 13801.27 mgc: 1.729444 ustep: 1 
iter: 3  value: 13801.26 mgc: 0.05933699 ustep: 1 
iter: 4  value: 13801.26 mgc: 0.0002252169 ustep: 1 
iter: 5  mgc: 4.450843e-09 
iter: 1  value: 13744.82 mgc: 5.283729 ustep: 1 
iter: 2  value: 13744.71 mgc: 0.4225735 ustep: 1 
iter: 3  value: 13744.71 mgc: 0.004816501 ustep: 1 
iter: 4  value: 13744.71 mgc: 6.132236e-07 ustep: 1 
iter: 5  mgc: 2.353673e-14 
iter: 1  mgc: 2.353673e-14 
outer mgc:  54.90155 
iter: 1  value: 13723.69 mgc: 5.907687 ustep: 1 
iter: 2  value: 13723.66 mgc: 0.3546562 ustep: 1 
iter: 3  value: 13723.66 mgc: 0.001969348 ustep: 1 
iter: 4  value: 13723.66 mgc: 6.383233e-08 ustep: 1 
mgc: 3.053113e-14 
iter: 1  mgc: 3.053113e-14 
outer mgc:  77.66958 
iter: 1  value: 13681.4 mgc: 6.484364 ustep: 1 
iter: 2  value: 13681.36 mgc: 0.2657051 ustep: 1 
iter: 3  value: 13681.36 mgc: 0.0007165256 ustep: 1 
iter: 4  mgc: 4.708244e-09 
iter: 1  mgc: 4.708244e-09 
outer mgc:  52.17232 
iter: 1  value: 13647.06 mgc: 7.754011 ustep: 1 
iter: 2  value: 13647.04 mgc: 0.1232248 ustep: 1 
iter: 3  value: 13647.04 mgc: 0.0002650455 ustep: 1 
iter: 4  mgc: 3.436271e-09 
iter: 1  mgc: 3.436271e-09 
outer mgc:  49.359 
iter: 1  value: 13618.28 mgc: 8.420318 ustep: 1 
iter: 2  value: 13618.26 mgc: 0.2090758 ustep: 1 
iter: 3  value: 13618.26 mgc: 0.0001830319 ustep: 1 
iter: 4  mgc: 1.84123e-09 
iter: 1  mgc: 1.84123e-09 
outer mgc:  43.19186 
iter: 1  value: 13596.97 mgc: 8.188874 ustep: 1 
iter: 2  value: 13596.95 mgc: 0.3081282 ustep: 1 
iter: 3  value: 13596.95 mgc: 0.0003541619 ustep: 1 
iter: 4  mgc: 8.662107e-10 
iter: 1  mgc: 8.662107e-10 
outer mgc:  59.53449 
iter: 1  value: 13583.99 mgc: 4.80172 ustep: 1 
iter: 2  value: 13583.97 mgc: 0.1343887 ustep: 1 
iter: 3  value: 13583.97 mgc: 0.0003120555 ustep: 1 
iter: 4  mgc: 6.022568e-09 
iter: 1  mgc: 6.022568e-09 
outer mgc:  29.71729 
iter: 1  value: 13574.44 mgc: 12.55789 ustep: 1 
iter: 2  value: 13574.43 mgc: 0.3568346 ustep: 1 
iter: 3  value: 13574.43 mgc: 0.0003108785 ustep: 1 
iter: 4  mgc: 3.932534e-09 
iter: 1  mgc: 3.932534e-09 
outer mgc:  47.58342 
iter: 1  value: 13573.79 mgc: 5.81503 ustep: 1 
iter: 2  value: 13573.79 mgc: 0.1327305 ustep: 1 
iter: 3  value: 13573.79 mgc: 6.322133e-05 ustep: 1 
iter: 4  mgc: 1.376588e-11 
iter: 1  mgc: 1.376588e-11 
outer mgc:  85.083 
iter: 1  value: 13565.47 mgc: 2.992364 ustep: 1 
iter: 2  value: 13565.47 mgc: 0.02123218 ustep: 1 
iter: 3  value: 13565.47 mgc: 1.591091e-06 ustep: 1 
iter: 4  mgc: 5.528911e-14 
iter: 1  mgc: 5.528911e-14 
outer mgc:  13.41951 
iter: 1  value: 13565.41 mgc: 3.837543 ustep: 1 
iter: 2  value: 13565.41 mgc: 0.01095841 ustep: 1 
iter: 3  value: 13565.41 mgc: 1.193203e-06 ustep: 1 
iter: 4  mgc: 6.039613e-14 
iter: 1  value: 13564.38 mgc: 1.306762 ustep: 1 
iter: 2  value: 13564.38 mgc: 0.001361354 ustep: 1 
iter: 3  value: 13564.38 mgc: 1.814768e-08 ustep: 1 
mgc: 4.707346e-14 
iter: 1  mgc: 4.707346e-14 
outer mgc:  9.12803 
iter: 1  value: 13562.77 mgc: 1.425144 ustep: 1 
iter: 2  value: 13562.77 mgc: 0.002272688 ustep: 1 
iter: 3  value: 13562.77 mgc: 1.202096e-08 ustep: 1 
mgc: 4.485301e-14 
iter: 1  mgc: 4.485301e-14 
outer mgc:  15.19515 
iter: 1  value: 13561.04 mgc: 0.9745431 ustep: 1 
iter: 2  value: 13561.04 mgc: 0.001403813 ustep: 1 
iter: 3  mgc: 5.820383e-09 
iter: 1  mgc: 5.820383e-09 
outer mgc:  8.512294 
iter: 1  value: 13558.88 mgc: 0.7507207 ustep: 1 
iter: 2  value: 13558.88 mgc: 0.0005682494 ustep: 1 
iter: 3  mgc: 6.31883e-10 
iter: 1  mgc: 6.31883e-10 
outer mgc:  9.203029 
iter: 1  value: 13555.23 mgc: 0.6987817 ustep: 1 
iter: 2  value: 13555.23 mgc: 0.0008846542 ustep: 1 
iter: 3  mgc: 2.062956e-09 
iter: 1  mgc: 2.062956e-09 
outer mgc:  11.08557 
iter: 1  value: 13553.04 mgc: 1.08924 ustep: 1 
iter: 2  value: 13553.04 mgc: 0.005677131 ustep: 1 
iter: 3  value: 13553.04 mgc: 1.205274e-07 ustep: 1 
iter: 4  mgc: 4.218847e-14 
iter: 1  mgc: 4.218847e-14 
outer mgc:  16.48245 
iter: 1  value: 13549.93 mgc: 1.869975 ustep: 1 
iter: 2  value: 13549.93 mgc: 0.01086153 ustep: 1 
iter: 3  value: 13549.93 mgc: 5.89573e-07 ustep: 1 
iter: 4  mgc: 6.017409e-14 
iter: 1  mgc: 6.017409e-14 
outer mgc:  14.81262 
iter: 1  value: 13550.13 mgc: 1.483316 ustep: 1 
iter: 2  value: 13550.13 mgc: 0.005011514 ustep: 1 
iter: 3  value: 13550.13 mgc: 5.050636e-07 ustep: 1 
iter: 4  mgc: 5.861978e-14 
iter: 1  mgc: 5.861978e-14 
outer mgc:  15.50675 
iter: 1  value: 13547.53 mgc: 1.108612 ustep: 1 
iter: 2  value: 13547.53 mgc: 0.003250511 ustep: 1 
iter: 3  value: 13547.53 mgc: 4.030099e-08 ustep: 1 
mgc: 5.329071e-14 
iter: 1  mgc: 5.329071e-14 
outer mgc:  5.876405 
iter: 1  value: 13544.23 mgc: 1.943549 ustep: 1 
iter: 2  value: 13544.23 mgc: 0.002721757 ustep: 1 
iter: 3  value: 13544.23 mgc: 6.327207e-08 ustep: 1 
iter: 4  mgc: 4.440892e-14 
iter: 1  mgc: 4.440892e-14 
outer mgc:  7.746266 
iter: 1  value: 13541.69 mgc: 3.648276 ustep: 1 
iter: 2  value: 13541.69 mgc: 0.02716443 ustep: 1 
iter: 3  value: 13541.69 mgc: 1.931517e-06 ustep: 1 
iter: 4  mgc: 1.607603e-13 
iter: 1  value: 13543.23 mgc: 1.896554 ustep: 1 
iter: 2  value: 13543.23 mgc: 0.008523289 ustep: 1 
iter: 3  value: 13543.23 mgc: 2.133596e-07 ustep: 1 
iter: 4  mgc: 5.77316e-14 
iter: 1  value: 13543.61 mgc: 0.8078595 ustep: 1 
iter: 2  value: 13543.61 mgc: 0.001710592 ustep: 1 
iter: 3  mgc: 9.187759e-09 
iter: 1  mgc: 9.187759e-09 
outer mgc:  8.331525 
iter: 1  value: 13542.98 mgc: 0.6184611 ustep: 1 
iter: 2  value: 13542.98 mgc: 0.0007039915 ustep: 1 
iter: 3  mgc: 1.710408e-09 
iter: 1  mgc: 1.710408e-09 
outer mgc:  7.124785 
iter: 1  value: 13542.46 mgc: 0.4083664 ustep: 1 
iter: 2  value: 13542.46 mgc: 0.0004595642 ustep: 1 
iter: 3  mgc: 6.600223e-10 
iter: 1  mgc: 6.600223e-10 
outer mgc:  4.494704 
iter: 1  value: 13541.97 mgc: 0.4293398 ustep: 1 
iter: 2  value: 13541.97 mgc: 0.0001909539 ustep: 1 
iter: 3  mgc: 9.305429e-11 
iter: 1  mgc: 9.305429e-11 
outer mgc:  5.341119 
iter: 1  value: 13541.68 mgc: 0.3159429 ustep: 1 
iter: 2  value: 13541.68 mgc: 0.0002491271 ustep: 1 
iter: 3  mgc: 1.772195e-10 
iter: 1  mgc: 1.772195e-10 
outer mgc:  2.740534 
iter: 1  value: 13541.11 mgc: 0.3236895 ustep: 1 
iter: 2  value: 13541.11 mgc: 0.0002572838 ustep: 1 
iter: 3  mgc: 1.86215e-10 
iter: 1  value: 13540.77 mgc: 0.368821 ustep: 1 
iter: 2  value: 13540.77 mgc: 0.0003210317 ustep: 1 
iter: 3  mgc: 6.268643e-10 
iter: 1  value: 13539.87 mgc: 1.210318 ustep: 1 
iter: 2  value: 13539.87 mgc: 0.003145601 ustep: 1 
iter: 3  value: 13539.87 mgc: 4.964536e-08 ustep: 1 
iter: 4  mgc: 4.440892e-14 
iter: 1  mgc: 4.440892e-14 
outer mgc:  5.776554 
iter: 1  value: 13538.16 mgc: 2.618204 ustep: 1 
iter: 2  value: 13538.16 mgc: 0.01492138 ustep: 1 
iter: 3  value: 13538.16 mgc: 4.002746e-07 ustep: 1 
iter: 4  mgc: 4.418688e-14 
iter: 1  mgc: 4.418688e-14 
outer mgc:  21.00146 
iter: 1  value: 13536.84 mgc: 1.088358 ustep: 1 
iter: 2  value: 13536.84 mgc: 0.002112184 ustep: 1 
iter: 3  value: 13536.84 mgc: 1.527004e-08 ustep: 1 
mgc: 5.795364e-14 
iter: 1  mgc: 5.795364e-14 
outer mgc:  5.346785 
iter: 1  value: 13534.76 mgc: 1.94702 ustep: 1 
iter: 2  value: 13534.76 mgc: 0.00610271 ustep: 1 
iter: 3  value: 13534.76 mgc: 8.627991e-08 ustep: 1 
iter: 4  mgc: 5.107026e-14 
iter: 1  mgc: 5.107026e-14 
outer mgc:  10.35127 
iter: 1  value: 13532.14 mgc: 0.9490345 ustep: 1 
iter: 2  value: 13532.14 mgc: 0.002364654 ustep: 1 
iter: 3  value: 13532.14 mgc: 4.870113e-08 ustep: 1 
iter: 4  mgc: 4.973799e-14 
iter: 1  mgc: 4.973799e-14 
outer mgc:  5.057419 
iter: 1  value: 13529.2 mgc: 1.516935 ustep: 1 
iter: 2  value: 13529.2 mgc: 0.004080573 ustep: 1 
iter: 3  value: 13529.2 mgc: 2.292047e-07 ustep: 1 
iter: 4  mgc: 6.705747e-14 
iter: 1  mgc: 6.705747e-14 
outer mgc:  5.191593 
iter: 1  value: 13526.25 mgc: 2.179572 ustep: 1 
iter: 2  value: 13526.25 mgc: 0.002290974 ustep: 1 
iter: 3  value: 13526.25 mgc: 2.606847e-08 ustep: 1 
iter: 4  mgc: 5.728751e-14 
iter: 1  mgc: 5.728751e-14 
outer mgc:  15.32754 
iter: 1  value: 13523.85 mgc: 1.599593 ustep: 1 
iter: 2  value: 13523.85 mgc: 0.005995739 ustep: 1 
iter: 3  value: 13523.85 mgc: 1.203513e-07 ustep: 1 
iter: 4  mgc: 3.841372e-14 
iter: 1  mgc: 3.841372e-14 
outer mgc:  5.584578 
iter: 1  value: 13520.06 mgc: 2.537539 ustep: 1 
iter: 2  value: 13520.06 mgc: 0.01098327 ustep: 1 
iter: 3  value: 13520.06 mgc: 3.241582e-07 ustep: 1 
iter: 4  mgc: 5.373479e-14 
iter: 1  mgc: 5.373479e-14 
outer mgc:  6.664215 
iter: 1  value: 13516.83 mgc: 1.185032 ustep: 1 
iter: 2  value: 13516.83 mgc: 0.001367392 ustep: 1 
iter: 3  mgc: 3.109703e-09 
iter: 1  mgc: 3.109703e-09 
outer mgc:  12.65749 
iter: 1  value: 13513.33 mgc: 2.437104 ustep: 1 
iter: 2  value: 13513.33 mgc: 0.01095206 ustep: 1 
iter: 3  value: 13513.33 mgc: 3.233614e-07 ustep: 1 
iter: 4  mgc: 5.950795e-14 
iter: 1  mgc: 5.950795e-14 
outer mgc:  5.443811 
iter: 1  value: 13510.71 mgc: 2.666415 ustep: 1 
iter: 2  value: 13510.71 mgc: 0.01942733 ustep: 1 
iter: 3  value: 13510.71 mgc: 7.625492e-07 ustep: 1 
iter: 4  mgc: 9.814372e-14 
iter: 1  value: 13513.44 mgc: 2.128547 ustep: 1 
iter: 2  value: 13513.44 mgc: 0.01138317 ustep: 1 
iter: 3  value: 13513.44 mgc: 2.569759e-07 ustep: 1 
iter: 4  mgc: 5.717649e-14 
iter: 1  value: 13513.1 mgc: 0.575706 ustep: 1 
iter: 2  value: 13513.1 mgc: 0.0007693201 ustep: 1 
iter: 3  mgc: 1.107647e-09 
iter: 1  mgc: 1.107647e-09 
outer mgc:  3.597549 
iter: 1  value: 13512.83 mgc: 0.4275634 ustep: 1 
iter: 2  value: 13512.83 mgc: 0.0004127233 ustep: 1 
iter: 3  mgc: 6.34961e-10 
iter: 1  mgc: 6.34961e-10 
outer mgc:  5.463984 
iter: 1  value: 13512.52 mgc: 0.2929646 ustep: 1 
iter: 2  value: 13512.52 mgc: 9.26576e-05 ustep: 1 
iter: 3  mgc: 1.313616e-11 
iter: 1  mgc: 1.313616e-11 
outer mgc:  2.190415 
iter: 1  value: 13512.14 mgc: 0.217895 ustep: 1 
iter: 2  value: 13512.14 mgc: 6.438593e-05 ustep: 1 
iter: 3  mgc: 1.000355e-11 
iter: 1  mgc: 1.000355e-11 
outer mgc:  2.734197 
iter: 1  value: 13511.58 mgc: 0.2319322 ustep: 1 
iter: 2  value: 13511.58 mgc: 4.682323e-05 ustep: 1 
iter: 3  mgc: 3.988365e-12 
iter: 1  mgc: 3.988365e-12 
outer mgc:  1.607506 
iter: 1  value: 13510.96 mgc: 0.1945171 ustep: 1 
iter: 2  value: 13510.96 mgc: 4.241404e-05 ustep: 1 
iter: 3  mgc: 3.291589e-12 
iter: 1  value: 13510.31 mgc: 0.1402382 ustep: 1 
iter: 2  value: 13510.31 mgc: 2.441936e-05 ustep: 1 
iter: 3  mgc: 1.62359e-12 
iter: 1  value: 13507.86 mgc: 0.5546483 ustep: 1 
iter: 2  value: 13507.86 mgc: 0.0003524107 ustep: 1 
iter: 3  mgc: 3.380558e-10 
iter: 1  mgc: 3.380558e-10 
outer mgc:  6.547032 
iter: 1  value: 13504.36 mgc: 0.7565936 ustep: 1 
iter: 2  value: 13504.36 mgc: 0.0005199143 ustep: 1 
iter: 3  value: 13504.36 mgc: 1.991781e-08 ustep: 1 
iter: 4  mgc: 6.816769e-14 
iter: 1  mgc: 6.816769e-14 
outer mgc:  5.777185 
iter: 1  value: 13499.58 mgc: 0.9662509 ustep: 1 
iter: 2  value: 13499.58 mgc: 0.001545264 ustep: 1 
iter: 3  value: 13499.58 mgc: 1.304905e-07 ustep: 1 
iter: 4  mgc: 6.306067e-14 
iter: 1  mgc: 6.306067e-14 
outer mgc:  2.360227 
iter: 1  value: 13494.73 mgc: 0.8628993 ustep: 1 
iter: 2  value: 13494.73 mgc: 0.00131909 ustep: 1 
iter: 3  value: 13494.73 mgc: 3.793484e-08 ustep: 1 
iter: 4  mgc: 5.417888e-14 
iter: 1  mgc: 5.417888e-14 
outer mgc:  4.116856 
iter: 1  value: 13492.11 mgc: 1.508608 ustep: 1 
iter: 2  value: 13492.11 mgc: 0.001907678 ustep: 1 
iter: 3  value: 13492.11 mgc: 3.361682e-08 ustep: 1 
iter: 4  mgc: 5.240253e-14 
iter: 1  mgc: 5.240253e-14 
outer mgc:  4.010879 
iter: 1  value: 13488.86 mgc: 0.9998899 ustep: 1 
iter: 2  value: 13488.86 mgc: 0.0003379777 ustep: 1 
iter: 3  mgc: 4.363666e-09 
iter: 1  value: 13490.67 mgc: 0.661217 ustep: 1 
iter: 2  value: 13490.67 mgc: 0.0001226082 ustep: 1 
iter: 3  mgc: 1.487068e-10 
iter: 1  value: 13491.61 mgc: 0.7714592 ustep: 1 
iter: 2  value: 13491.61 mgc: 0.0001163593 ustep: 1 
iter: 3  mgc: 1.730896e-11 
iter: 1  value: 13491.99 mgc: 0.4918375 ustep: 1 
iter: 2  value: 13491.99 mgc: 4.62882e-05 ustep: 1 
iter: 3  mgc: 4.086953e-12 
iter: 1  value: 13492.03 mgc: 0.2293793 ustep: 1 
iter: 2  value: 13492.03 mgc: 9.898267e-06 ustep: 1 
iter: 3  mgc: 1.780798e-13 
iter: 1  mgc: 1.780798e-13 
outer mgc:  1.66808 
iter: 1  value: 13491.95 mgc: 0.2558766 ustep: 1 
iter: 2  value: 13491.95 mgc: 2.152463e-05 ustep: 1 
iter: 3  mgc: 1.565859e-12 
iter: 1  mgc: 1.565859e-12 
outer mgc:  2.299548 
iter: 1  value: 13491.83 mgc: 0.1204499 ustep: 1 
iter: 2  value: 13491.83 mgc: 6.228248e-06 ustep: 1 
iter: 3  mgc: 9.85878e-14 
iter: 1  mgc: 9.85878e-14 
outer mgc:  0.9915665 
iter: 1  value: 13491.63 mgc: 0.08609724 ustep: 1 
iter: 2  value: 13491.63 mgc: 4.849334e-06 ustep: 1 
iter: 3  mgc: 5.595524e-14 
iter: 1  mgc: 5.595524e-14 
outer mgc:  0.9661853 
iter: 1  value: 13491.28 mgc: 0.09056403 ustep: 1 
iter: 2  value: 13491.28 mgc: 4.440393e-06 ustep: 1 
iter: 3  mgc: 1.765255e-13 
iter: 1  value: 13490.58 mgc: 0.1712275 ustep: 1 
iter: 2  value: 13490.58 mgc: 1.19164e-05 ustep: 1 
iter: 3  mgc: 4.806711e-12 
iter: 1  value: 13487.65 mgc: 0.755425 ustep: 1 
iter: 2  value: 13487.65 mgc: 0.0002171693 ustep: 1 
iter: 3  mgc: 1.573364e-09 
iter: 1  mgc: 1.573364e-09 
outer mgc:  2.326599 
iter: 1  value: 13482.63 mgc: 1.306141 ustep: 1 
iter: 2  value: 13482.63 mgc: 0.0007409197 ustep: 1 
iter: 3  mgc: 7.182283e-09 
iter: 1  value: 13472.95 mgc: 2.550008 ustep: 1 
iter: 2  value: 13472.95 mgc: 0.002190693 ustep: 1 
iter: 3  value: 13472.95 mgc: 4.8593e-08 ustep: 1 
iter: 4  mgc: 6.761258e-14 
iter: 1  mgc: 6.761258e-14 
outer mgc:  8.794481 
iter: 1  value: 13457.75 mgc: 5.28597 ustep: 1 
iter: 2  value: 13457.75 mgc: 0.006152375 ustep: 1 
iter: 3  value: 13457.75 mgc: 9.364123e-07 ustep: 1 
iter: 4  mgc: 9.325873e-14 
iter: 1  value: 13465.2 mgc: 2.214756 ustep: 1 
iter: 2  value: 13465.2 mgc: 0.001373583 ustep: 1 
iter: 3  value: 13465.2 mgc: 4.072206e-08 ustep: 1 
iter: 4  mgc: 7.593925e-14 
iter: 1  mgc: 7.593925e-14 
outer mgc:  4.399454 
iter: 1  value: 13459.34 mgc: 4.663294 ustep: 1 
iter: 2  value: 13459.34 mgc: 0.009572576 ustep: 1 
iter: 3  value: 13459.34 mgc: 2.28498e-07 ustep: 1 
iter: 4  mgc: 8.415491e-14 
iter: 1  mgc: 8.415491e-14 
outer mgc:  10.9237 
iter: 1  value: 13455.44 mgc: 1.399921 ustep: 1 
iter: 2  value: 13455.44 mgc: 0.000309844 ustep: 1 
iter: 3  mgc: 5.503797e-10 
iter: 1  mgc: 5.503797e-10 
outer mgc:  2.064377 
iter: 1  value: 13454.85 mgc: 1.42269 ustep: 1 
iter: 2  value: 13454.85 mgc: 0.0006217907 ustep: 1 
iter: 3  value: 13454.85 mgc: 1.437714e-08 ustep: 1 
iter: 4  mgc: 8.637535e-14 
iter: 1  mgc: 8.637535e-14 
outer mgc:  1.137446 
iter: 1  value: 13451.52 mgc: 0.9766668 ustep: 1 
iter: 2  value: 13451.52 mgc: 0.0004448099 ustep: 1 
iter: 3  mgc: 1.696099e-09 
iter: 1  mgc: 1.696099e-09 
outer mgc:  1.50177 
iter: 1  value: 13448.14 mgc: 0.9306724 ustep: 1 
iter: 2  value: 13448.14 mgc: 0.0001386298 ustep: 1 
iter: 3  mgc: 2.052047e-11 
iter: 1  value: 13438.44 mgc: 3.006324 ustep: 1 
iter: 2  value: 13438.44 mgc: 0.0009559771 ustep: 1 
iter: 3  mgc: 1.215401e-09 
iter: 1  mgc: 1.215401e-09 
outer mgc:  4.23125 
iter: 1  value: 13427.15 mgc: 8.15317 ustep: 1 
iter: 2  value: 13427.15 mgc: 0.001281394 ustep: 1 
iter: 3  mgc: 6.069018e-09 
iter: 1  mgc: 6.069018e-09 
outer mgc:  4.019184 
iter: 1  value: 13419.11 mgc: 5.157196 ustep: 1 
iter: 2  value: 13419.11 mgc: 0.0006026347 ustep: 1 
iter: 3  mgc: 6.195118e-09 
iter: 1  mgc: 6.195118e-09 
outer mgc:  2.277793 
iter: 1  value: 13410.17 mgc: 2.772097 ustep: 1 
iter: 2  value: 13410.17 mgc: 0.000173503 ustep: 1 
iter: 3  mgc: 2.703828e-10 
iter: 1  mgc: 2.703828e-10 
outer mgc:  1.148516 
iter: 1  value: 13400.32 mgc: 4.162929 ustep: 1 
iter: 2  value: 13400.32 mgc: 0.0003619006 ustep: 1 
iter: 3  mgc: 2.189031e-09 
iter: 1  mgc: 2.189031e-09 
outer mgc:  1.646057 
iter: 1  value: 13391.49 mgc: 3.780256 ustep: 1 
iter: 2  value: 13391.49 mgc: 0.0002016256 ustep: 1 
iter: 3  mgc: 4.768363e-11 
iter: 1  value: 13382.14 mgc: 4.767102 ustep: 1 
iter: 2  value: 13382.14 mgc: 0.0002059572 ustep: 1 
iter: 3  mgc: 4.697087e-11 
iter: 1  mgc: 4.697087e-11 
outer mgc:  1.185776 
iter: 1  value: 13369.69 mgc: 6.611331 ustep: 1 
iter: 2  value: 13369.69 mgc: 0.0002729384 ustep: 1 
iter: 3  mgc: 5.116385e-11 
iter: 1  mgc: 5.116385e-11 
outer mgc:  0.4917241 
iter: 1  value: 13361 mgc: 5.457552 ustep: 1 
iter: 2  value: 13361 mgc: 0.0002041036 ustep: 1 
iter: 3  mgc: 7.75815e-11 
iter: 1  mgc: 7.75815e-11 
outer mgc:  0.309365 
iter: 1  value: 13356.23 mgc: 2.432766 ustep: 1 
iter: 2  value: 13356.23 mgc: 3.460166e-05 ustep: 1 
iter: 3  mgc: 1.159805e-12 
iter: 1  mgc: 1.159805e-12 
outer mgc:  0.1417957 
iter: 1  value: 13351.56 mgc: 2.004362 ustep: 1 
iter: 2  value: 13351.56 mgc: 2.484926e-05 ustep: 1 
iter: 3  mgc: 5.337952e-13 
iter: 1  mgc: 5.337952e-13 
outer mgc:  0.165486 
iter: 1  value: 13343.54 mgc: 2.601679 ustep: 1 
iter: 2  value: 13343.54 mgc: 4.683661e-05 ustep: 1 
iter: 3  mgc: 2.378098e-12 
iter: 1  mgc: 2.378098e-12 
outer mgc:  0.2332299 
iter: 1  value: 13336.52 mgc: 4.344778 ustep: 1 
iter: 2  value: 13336.52 mgc: 1.969172e-05 ustep: 1 
iter: 3  mgc: 1.085354e-12 
iter: 1  mgc: 1.085354e-12 
outer mgc:  0.3800641 
iter: 1  value: 13322.67 mgc: 19.74722 ustep: 1 
iter: 2  value: 13322.67 mgc: 4.810063e-05 ustep: 1 
iter: 3  mgc: 3.552714e-12 
iter: 1  mgc: 3.552714e-12 
outer mgc:  0.5392361 
iter: 1  value: 13304.99 mgc: 121.7993 ustep: 1 
iter: 2  value: 13304.99 mgc: 0.002480604 ustep: 1 
iter: 3  mgc: 6.752596e-09 
iter: 1  mgc: 6.752596e-09 
outer mgc:  0.7559708 
iter: 1  value: 13353.27 mgc: 3068.899 ustep: 1 
iter: 2  value: 13352.94 mgc: 2.488801 ustep: 1 
iter: 3  value: 13352.94 mgc: 0.03302037 ustep: 1 
iter: 4  value: 13352.94 mgc: 2.564207e-05 ustep: 1 
iter: 5  mgc: 1.838751e-11 
iter: 1  value: 13301.74 mgc: 64.71193 ustep: 1 
iter: 2  value: 13301.74 mgc: 0.001279351 ustep: 1 
iter: 3  mgc: 1.88045e-09 
iter: 1  mgc: 1.88045e-09 
outer mgc:  0.5370338 
iter: 1  value: 13298.54 mgc: 197.8603 ustep: 1 
iter: 2  value: 13298.54 mgc: 0.01284796 ustep: 1 
iter: 3  value: 13298.54 mgc: 2.262715e-07 ustep: 1 
iter: 4  mgc: 2.642331e-12 
iter: 1  mgc: 2.642331e-12 
outer mgc:  0.3096714 
iter: 1  value: 13295.98 mgc: 148.3665 ustep: 1 
iter: 2  value: 13295.98 mgc: 0.00590796 ustep: 1 
iter: 3  value: 13295.98 mgc: 4.193014e-08 ustep: 1 
iter: 4  mgc: 3.280265e-12 
iter: 1  mgc: 3.280265e-12 
outer mgc:  0.179528 
iter: 1  value: 13293.93 mgc: 29.29796 ustep: 1 
iter: 2  value: 13293.93 mgc: 0.0001774853 ustep: 1 
iter: 3  mgc: 3.976419e-11 
iter: 1  mgc: 3.976419e-11 
outer mgc:  0.1162558 
iter: 1  value: 13287.35 mgc: 73.30419 ustep: 1 
iter: 2  value: 13287.35 mgc: 0.0008937054 ustep: 1 
iter: 3  mgc: 1.114301e-09 
iter: 1  mgc: 1.114301e-09 
outer mgc:  0.07696614 
iter: 1  value: 13283.39 mgc: 5.215159 ustep: 1 
iter: 2  value: 13283.39 mgc: 1.287738e-05 ustep: 1 
iter: 3  mgc: 4.310774e-12 
iter: 1  mgc: 4.310774e-12 
outer mgc:  0.06144055 
iter: 1  value: 13269.05 mgc: 22.27126 ustep: 1 
iter: 2  value: 13269.05 mgc: 9.899305e-05 ustep: 1 
iter: 3  mgc: 7.66649e-11 
iter: 1  mgc: 7.66649e-11 
outer mgc:  0.02514778 
iter: 1  value: 13259 mgc: 14.06343 ustep: 1 
iter: 2  value: 13259 mgc: 2.024604e-05 ustep: 1 
iter: 3  mgc: 1.111577e-11 
iter: 1  mgc: 1.111577e-11 
outer mgc:  0.03255846 
iter: 1  value: 13249.92 mgc: 11.53171 ustep: 1 
iter: 2  value: 13249.92 mgc: 1.186732e-05 ustep: 1 
iter: 3  mgc: 7.225776e-12 
iter: 1  mgc: 7.225776e-12 
outer mgc:  0.02913723 
iter: 1  value: 13238.07 mgc: 13.7059 ustep: 1 
iter: 2  value: 13238.07 mgc: 1.211644e-05 ustep: 1 
iter: 3  mgc: 5.857537e-12 
iter: 1  mgc: 5.857537e-12 
outer mgc:  0.02937575 
iter: 1  value: 13227.41 mgc: 9.344794 ustep: 1 
iter: 2  value: 13227.41 mgc: 4.511808e-06 ustep: 1 
iter: 3  mgc: 9.291901e-12 
iter: 1  mgc: 9.291901e-12 
outer mgc:  0.02872112 
iter: 1  value: 13212.67 mgc: 11.75262 ustep: 1 
iter: 2  value: 13212.67 mgc: 4.01006e-06 ustep: 1 
iter: 3  mgc: 1.353651e-11 
iter: 1  mgc: 1.353651e-11 
outer mgc:  0.02309928 
iter: 1  value: 13196.99 mgc: 14.4457 ustep: 1 
iter: 2  value: 13196.99 mgc: 1.481292e-06 ustep: 1 
iter: 3  mgc: 2.092193e-11 
iter: 1  mgc: 2.092193e-11 
outer mgc:  0.02089456 
iter: 1  value: 13179.15 mgc: 25.19941 ustep: 1 
iter: 2  value: 13179.15 mgc: 4.399015e-07 ustep: 1 
iter: 3  mgc: 1.545475e-11 
iter: 1  mgc: 1.545475e-11 
outer mgc:  0.01607695 
iter: 1  value: 13160.35 mgc: 37.0081 ustep: 1 
iter: 2  value: 13160.35 mgc: 4.632538e-07 ustep: 1 
iter: 3  mgc: 4.236389e-11 
iter: 1  mgc: 4.236389e-11 
outer mgc:  0.01445057 
iter: 1  value: 13140.75 mgc: 50.06286 ustep: 1 
iter: 2  value: 13140.75 mgc: 5.408328e-07 ustep: 1 
iter: 3  mgc: 8.504356e-11 
iter: 1  mgc: 8.504356e-11 
outer mgc:  0.01110378 
iter: 1  value: 13120.74 mgc: 65.45535 ustep: 1 
iter: 2  value: 13120.74 mgc: 6.860486e-07 ustep: 1 
iter: 3  mgc: 7.200129e-11 
iter: 1  mgc: 7.200129e-11 
outer mgc:  0.009934753 
iter: 1  value: 13100.41 mgc: 99.85039 ustep: 1 
iter: 2  value: 13100.41 mgc: 7.064533e-07 ustep: 1 
iter: 3  mgc: 1.299241e-10 
iter: 1  mgc: 1.299241e-10 
outer mgc:  0.007595512 
iter: 1  value: 13079.84 mgc: 167.9449 ustep: 1 
iter: 2  value: 13079.84 mgc: 6.2882e-07 ustep: 1 
iter: 3  mgc: 9.995849e-11 
iter: 1  mgc: 9.995849e-11 
outer mgc:  0.006869573 
iter: 1  value: 13059.03 mgc: 278.2115 ustep: 1 
iter: 2  value: 13059.03 mgc: 5.269781e-07 ustep: 1 
iter: 3  mgc: 1.640439e-10 
iter: 1  mgc: 1.640439e-10 
outer mgc:  0.005200853 
iter: 1  value: 13037.97 mgc: 469.7584 ustep: 1 
iter: 2  value: 13037.97 mgc: 4.202476e-07 ustep: 1 
iter: 3  mgc: 2.199627e-10 
iter: 1  mgc: 2.199627e-10 
outer mgc:  0.004663264 
iter: 1  value: 13016.61 mgc: 805.5552 ustep: 1 
iter: 2  value: 13016.61 mgc: 3.180229e-07 ustep: 1 
iter: 3  mgc: 3.522623e-10 
iter: 1  mgc: 3.522623e-10 
outer mgc:  0.003438045 
iter: 1  value: 12994.92 mgc: 1430.201 ustep: 1 
iter: 2  value: 12994.92 mgc: 2.356117e-07 ustep: 1 
iter: 3  mgc: 9.130581e-10 
iter: 1  mgc: 9.130581e-10 
outer mgc:  0.003118243 
iter: 1  value: 12972.84 mgc: 2616.665 ustep: 1 
iter: 2  value: 12972.84 mgc: 1.637775e-07 ustep: 1 
iter: 3  mgc: 2.741976e-09 
iter: 1  mgc: 2.741976e-09 
outer mgc:  0.002303693 
iter: 1  value: 12950.32 mgc: 4950.294 ustep: 1 
iter: 2  value: 12950.32 mgc: 1.21818e-07 ustep: 1 
iter: 3  mgc: 5.11627e-09 
iter: 1  mgc: 5.11627e-09 
outer mgc:  0.002035587 
iter: 1  value: 12927.42 mgc: 8859.284 ustep: 1 
iter: 2  value: 12927.42 mgc: 1.380852e-07 ustep: 1 
iter: 3  value: 12927.42 mgc: 1.449953e-08 ustep: 1 
mgc: 1.253202e-08 
iter: 1  value: 12927.42 mgc: 1.253202e-08 ustep: 1 
mgc: 1.217494e-08 
outer mgc:  0.001219777 
iter: 1  value: 12908.9 mgc: 4002.919 ustep: 1 
iter: 2  value: 12908.9 mgc: 1.612836e-06 ustep: 0.989901 
iter: 3  value: 12908.9 mgc: 2.097376e-08 ustep: 0.9287607 
mgc: 2.349523e-08 
iter: 1  value: 12908.9 mgc: 2.349523e-08 ustep: 0.001119436 
mgc: 1.988034e-08 
outer mgc:  0.007001389 
iter: 1  value: 12908.9 mgc: 2.349523e-08 ustep: 0.001119436 
mgc: 1.988034e-08 
iter: 1  value: 12908.9 mgc: 1.988034e-08 ustep: 0.6827823 
mgc: 2.624894e-08 
outer mgc:  0.0019179 
iter: 1  value: 12908.9 mgc: 0.01784173 ustep: 1 
iter: 2  value: 12908.9 mgc: 1.8331e-07 ustep: 0.989901 
iter: 3  value: 12908.9 mgc: 2.447908e-08 ustep: 0.9949382 
mgc: 1.855456e-08 
outer mgc:  0.7370239 
iter: 1  value: 12908.89 mgc: 0.01782891 ustep: 1 
iter: 2  value: 12908.89 mgc: 1.818112e-07 ustep: 0.9999 
iter: 3  value: 12908.89 mgc: 2.453438e-08 ustep: 0.99995 
iter: 4  value: 12908.89 mgc: 3.167292e-08 ustep: 0.999975 
mgc: 2.169713e-08 
outer mgc:  0.7367387 
iter: 1  value: 12908.9 mgc: 0.007089407 ustep: 1 
iter: 2  value: 12908.9 mgc: 2.806082e-08 ustep: 1 
iter: 3  value: 12908.9 mgc: 3.366594e-08 ustep: 0.9999 
iter: 4  value: 12908.9 mgc: 2.166353e-08 ustep: 2.348412e-06 
mgc: 4.182812e-08 
outer mgc:  0.2484534 
iter: 1  value: 12908.9 mgc: 0.007083801 ustep: 1 
iter: 2  value: 12908.9 mgc: 3.261479e-08 ustep: 0.9999 
iter: 3  value: 12908.9 mgc: 3.403167e-08 ustep: 0.1428595 
mgc: 3.306475e-08 
outer mgc:  0.2485206 
iter: 1  value: 12908.9 mgc: 0.02041714 ustep: 1 
iter: 2  value: 12908.9 mgc: 4.18144e-07 ustep: 0.9999 
iter: 3  value: 12908.9 mgc: 2.11864e-08 ustep: 0.9928299 
mgc: 2.846393e-08 
outer mgc:  0.684761 
iter: 1  value: 12908.9 mgc: 0.02040252 ustep: 1 
iter: 2  value: 12908.9 mgc: 4.149757e-07 ustep: 0.9999 
iter: 3  value: 12908.9 mgc: 3.675731e-08 ustep: 0.99995 
mgc: 2.297353e-08 
outer mgc:  0.68434 
iter: 1  value: 12908.9 mgc: 0.009528431 ustep: 1 
iter: 2  value: 12908.9 mgc: 1.034246e-07 ustep: 0.9999 
iter: 3  value: 12908.9 mgc: 3.867804e-08 ustep: 0.99995 
mgc: 2.583077e-08 
outer mgc:  0.3586247 
iter: 1  value: 12908.9 mgc: 0.009521954 ustep: 1 
iter: 2  value: 12908.9 mgc: 1.025848e-07 ustep: 0.8994163 
iter: 3  value: 12908.9 mgc: 2.779532e-08 ustep: 0.523213 
mgc: 2.466807e-08 
outer mgc:  0.3567342 
iter: 1  value: 12908.9 mgc: 0.02344786 ustep: 1 
iter: 2  value: 12908.9 mgc: 3.931183e-07 ustep: 1 
iter: 3  value: 12908.9 mgc: 3.23392e-08 ustep: 0.989901 
mgc: 3.12508e-08 
outer mgc:  0.8657476 
iter: 1  value: 12908.89 mgc: 0.0234421 ustep: 1 
iter: 2  value: 12908.89 mgc: 4.011749e-07 ustep: 1 
iter: 3  value: 12908.89 mgc: 3.696432e-08 ustep: 0.8994163 
iter: 4  value: 12908.89 mgc: 3.031845e-08 ustep: 0.9483808 
mgc: 3.90588e-08 
outer mgc:  0.8670801 
iter: 1  value: 12908.9 mgc: 0.01384082 ustep: 1 
iter: 2  value: 12908.9 mgc: 1.607325e-07 ustep: 1 
iter: 3  value: 12908.9 mgc: 2.843722e-08 ustep: 1 
mgc: 2.052072e-08 
outer mgc:  0.5526914 
iter: 1  value: 12908.89 mgc: 0.01384185 ustep: 1 
iter: 2  value: 12908.89 mgc: 1.505837e-07 ustep: 1 
iter: 3  value: 12908.89 mgc: 1.50413e-08 ustep: 1 
mgc: 1.868234e-08 
outer mgc:  0.5534208 
iter: 1  value: 12908.9 mgc: 0.007960332 ustep: 1 
iter: 2  value: 12908.9 mgc: 3.309235e-08 ustep: 0.6827823 
iter: 3  value: 12908.9 mgc: 4.177503e-08 ustep: 0.5831969 
mgc: 4.515125e-08 
outer mgc:  0.2995756 
iter: 1  value: 12908.9 mgc: 0.00795271 ustep: 1 
iter: 2  value: 12908.9 mgc: 4.397141e-08 ustep: 1 
iter: 3  value: 12908.9 mgc: 4.009738e-08 ustep: 1 
iter: 4  value: 12908.9 mgc: 2.180478e-08 ustep: 1 
mgc: 3.787951e-08 
outer mgc:  0.2976658 
iter: 1  value: 12908.9 mgc: 0.003617495 ustep: 1 
iter: 2  value: 12908.9 mgc: 2.179825e-08 ustep: 0.9999 
mgc: 2.566931e-08 
outer mgc:  0.1351119 
iter: 1  value: 12908.9 mgc: 0.003613929 ustep: 1 
iter: 2  value: 12908.9 mgc: 2.385799e-08 ustep: 1 
mgc: 2.922291e-08 
outer mgc:  0.1340215 
iter: 1  value: 12908.94 mgc: 113891.1 ustep: 1 
iter: 2  value: 12908.94 mgc: 9.918957e-06 ustep: 1 
iter: 3  value: 12908.94 mgc: 2.217321e-08 ustep: 1 
mgc: 2.68858e-08 
outer mgc:  0.2363706 
iter: 1  value: 12908.86 mgc: 114233.3 ustep: 1 
iter: 2  value: 12908.86 mgc: 9.861584e-06 ustep: 1 
iter: 3  value: 12908.86 mgc: 3.931693e-08 ustep: 1 
mgc: 4.52575e-08 
outer mgc:  0.2350448 
iter: 1  value: 12908.93 mgc: 34970.51 ustep: 1 
iter: 2  value: 12908.93 mgc: 8.289002e-06 ustep: 1 
iter: 3  value: 12908.93 mgc: 3.94649e-08 ustep: 1 
iter: 4  value: 12908.93 mgc: 2.864404e-08 ustep: 0.4367355 
mgc: 1.84285e-08 
outer mgc:  0.2119424 
iter: 1  value: 12908.87 mgc: 35005.5 ustep: 1 
iter: 2  value: 12908.87 mgc: 8.282777e-06 ustep: 1 
iter: 3  value: 12908.87 mgc: 6.348904e-08 ustep: 1 
mgc: 3.595345e-08 
outer mgc:  0.2108811 
iter: 1  value: 12908.93 mgc: 106157.4 ustep: 1 
iter: 2  value: 12908.93 mgc: 3.312657e-06 ustep: 1 
iter: 3  value: 12908.93 mgc: 2.747273e-08 ustep: 6.997346e-05 
mgc: 2.898454e-08 
outer mgc:  0.264401 
iter: 1  value: 12908.87 mgc: 106263.6 ustep: 1 
iter: 2  value: 12908.87 mgc: 3.333611e-06 ustep: 1.706347e-08 
mgc: 2.876626e-06 
outer mgc:  0.2640877 
iter: 1  value: 12908.94 mgc: 27122.77 ustep: 1 
iter: 2  value: 12908.94 mgc: 5.398362e-06 ustep: 1 
iter: 3  value: 12908.94 mgc: 3.795464e-08 ustep: 1 
mgc: 2.278097e-08 
outer mgc:  0.08764825 
iter: 1  value: 12908.85 mgc: 27149.91 ustep: 1 
iter: 2  value: 12908.85 mgc: 5.397035e-06 ustep: 1 
iter: 3  value: 12908.85 mgc: 5.346322e-08 ustep: 0.9999 
mgc: 2.827646e-08 
outer mgc:  0.08734793 
iter: 1  value: 12908.89 mgc: 464.9317 ustep: 1 
iter: 2  value: 12908.89 mgc: 2.294305e-08 ustep: 1 
mgc: 2.833564e-08 
outer mgc:  0.003185265 
iter: 1  value: 12908.9 mgc: 464.8911 ustep: 1 
iter: 2  value: 12908.9 mgc: 3.297833e-08 ustep: 0.8994163 
iter: 3  value: 12908.9 mgc: 2.678319e-08 ustep: 0.523213 
mgc: 3.304372e-08 
outer mgc:  0.007021645 
iter: 1  value: 12908.9 mgc: 4.884915 ustep: 1 
iter: 2  value: 12908.9 mgc: 2.654047e-08 ustep: 1 
mgc: 3.116752e-08 
outer mgc:  0.007547792 
iter: 1  value: 12908.9 mgc: 4.884909 ustep: 1 
iter: 2  value: 12908.9 mgc: 3.029321e-08 ustep: 1 
mgc: 2.835168e-08 
outer mgc:  0.002150403 
iter: 1  value: 12908.9 mgc: 59.55584 ustep: 1 
iter: 2  value: 12908.9 mgc: 2.601618e-08 ustep: 1 
mgc: 3.606203e-08 
outer mgc:  0.008898134 
iter: 1  value: 12908.9 mgc: 59.55644 ustep: 1 
iter: 2  value: 12908.9 mgc: 3.061761e-08 ustep: 1 
iter: 3  value: 12908.9 mgc: 2.753124e-08 ustep: 0.9999 
iter: 4  value: 12908.9 mgc: 3.836185e-08 ustep: 0.9928299 
mgc: 3.976091e-08 
outer mgc:  0.003604819 
iter: 1  value: 12908.9 mgc: 1.945102 ustep: 1 
iter: 2  value: 12908.9 mgc: 4.109099e-08 ustep: 1 
iter: 3  value: 12908.9 mgc: 3.652795e-08 ustep: 1 
mgc: 3.279821e-08 
outer mgc:  0.007604796 
iter: 1  value: 12908.9 mgc: 1.945103 ustep: 1 
iter: 2  value: 12908.9 mgc: 2.852147e-08 ustep: 1 
mgc: 3.100764e-08 
outer mgc:  0.003775393 
iter: 1  value: 12908.9 mgc: 13.91539 ustep: 1 
iter: 2  value: 12908.9 mgc: 2.23976e-08 ustep: 1 
iter: 3  value: 12908.9 mgc: 1.856069e-08 ustep: 1 
mgc: 2.627894e-08 
outer mgc:  0.006870742 
iter: 1  value: 12908.9 mgc: 13.91536 ustep: 1 
iter: 2  value: 12908.9 mgc: 1.831323e-08 ustep: 1 
iter: 3  value: 12908.9 mgc: 2.244046e-08 ustep: 1 
mgc: 3.356472e-08 
outer mgc:  0.005356353 
iter: 1  value: 12908.9 mgc: 0.07560261 ustep: 1 
iter: 2  value: 12908.9 mgc: 3.004889e-08 ustep: 1 
mgc: 2.8336e-08 
outer mgc:  0.001260386 
iter: 1  value: 12908.9 mgc: 0.07555407 ustep: 1 
iter: 2  value: 12908.9 mgc: 2.058913e-08 ustep: 0.9999 
mgc: 2.462488e-08 
outer mgc:  0.006005897 
iter: 1  value: 12908.89 mgc: 0.005193027 ustep: 1 
iter: 2  value: 12908.89 mgc: 3.800642e-08 ustep: 1 
iter: 3  value: 12908.89 mgc: 1.917765e-08 ustep: 0.8994163 
mgc: 2.846412e-08 
outer mgc:  0.04134373 
iter: 1  value: 12908.91 mgc: 0.00519274 ustep: 1 
iter: 2  value: 12908.91 mgc: 3.86524e-08 ustep: 1 
iter: 3  value: 12908.91 mgc: 4.0685e-08 ustep: 1 
mgc: 2.380728e-08 
outer mgc:  0.04310333 
Warning message:
package ‘nnet’ was built under R version 3.6.3 
[Sun Aug 15 15:29:30 2021]
Finished job 0.
1 of 1 steps (100%) done
