Building DAG of jobs...
Using shell: /usr/bin/bash
Provided cores: 40
Rules claiming more threads will be scaled down.
Job counts:
	count	jobs
	1	inference_simulation_TMB_multiple
	1
Select jobs to execute...

[Sun Aug 15 14:34:00 2021]
rule inference_simulation_TMB_multiple:
    input: ../data/assessing_models_simulation/datasets/multiple_GenerationCnorm_20_100_80_5_0.01_NA_NA_NA_dataset1.RDS
    output: ../data/assessing_models_simulation/inference_results/TMB/nlminb/multiple_GenerationCnorm_20_100_80_5_0.01_fullREM_NA_NA_NA_dataset1.RDS
    log: logs/inference/nlminb/simulation_GenerationCnorm_20_100_80_5_0.01_ModelfullREM_NA_NA_NA_dataset1.log
    jobid: 0
    wildcards: optimiser=nlminb, datasetgeneration=GenerationCnorm, n=20, nlambda=100, lmbda=80, d=5, beta_intensity=0.01, model=fullREM, fixed_beta_intercept=NA, fixed_beta_slope=NA, sdRE_input=NA, itnum=1

Rscript 2_inference_TMB/run_TMB.R --input ../data/assessing_models_simulation/datasets/multiple_GenerationCnorm_20_100_80_5_0.01_NA_NA_NA_dataset1.RDS --output ../data/assessing_models_simulation/inference_results/TMB/nlminb/multiple_GenerationCnorm_20_100_80_5_0.01_fullREM_NA_NA_NA_dataset1.RDS --model fullREM --optimiser nlminb
Model: fullREM 
Feature type: signatures 
Using nlminb: TRUE 
Simulation boolean: TRUE 
make: Nothing to be done for 'all'.
../data/assessing_models_simulation/datasets/multiple_GenerationCnorm_20_100_80_5_0.01_NA_NA_NA_dataset1.RDS[1] "../data/assessing_models_simulation/datasets/multiple_GenerationCnorm_20_100_80_5_0.01_NA_NA_NA_dataset1.RDS"
Reading file ../data/assessing_models_simulation/datasets/multiple_GenerationCnorm_20_100_80_5_0.01_NA_NA_NA_dataset1.RDS 
Loading required package: nnet
# weights:  15 (8 variable)
initial  value 6423.266709 
iter  10 value 6227.717721
final  value 6219.486449 
converged
Order of parameters:
[1] "beta"       "u_large"    "logs_sd_RE" "cov_par_RE"
Not matching template order:
[1] "beta"       "u_large"    "cov_par_RE" "logs_sd_RE"
Your parameter list has been re-ordered.
(Disable this warning with checkParameterOrder=FALSE)
Constructing atomic invpd
Constructing atomic D_lgamma
Constructing atomic invpd
Constructing atomic D_lgamma
Constructing atomic matmul
Constructing atomic invpd
Constructing atomic D_lgamma
Constructing atomic matmul
Optimizing tape... Done
iter: 1  value: 1041.994 mgc: 50.13312 ustep: 1 
iter: 2  value: 868.768 mgc: 37.72951 ustep: 1 
iter: 3  value: 843.3888 mgc: 34.71471 ustep: 1 
iter: 4  value: 804.735 mgc: 23.08994 ustep: 1 
iter: 5  value: 803.9099 mgc: 3.886097 ustep: 1 
iter: 6  value: 803.9084 mgc: 0.1687579 ustep: 1 
iter: 7  value: 803.9084 mgc: 0.0007606388 ustep: 1 
iter: 8  value: 803.9084 mgc: 1.652994e-08 ustep: 1 
mgc: 1.798561e-14 
iter: 1  mgc: 1.798561e-14 
Matching hessian patterns... Done
outer mgc:  264.2378 
iter: 1  value: 601.9815 mgc: 18.51695 ustep: 1 
iter: 2  value: 599.0117 mgc: 4.534526 ustep: 1 
iter: 3  value: 599.0093 mgc: 0.1478283 ustep: 1 
iter: 4  value: 599.0093 mgc: 0.000291324 ustep: 1 
iter: 5  mgc: 1.13869e-09 
iter: 1  mgc: 1.13869e-09 
outer mgc:  96.03117 
iter: 1  value: 549.5925 mgc: 10.31258 ustep: 1 
iter: 2  value: 549.4833 mgc: 0.6216749 ustep: 1 
iter: 3  value: 549.4833 mgc: 0.0033101 ustep: 1 
iter: 4  value: 549.4833 mgc: 1.441808e-07 ustep: 1 
iter: 5  mgc: 1.891542e-14 
iter: 1  mgc: 1.891542e-14 
outer mgc:  48.74307 
iter: 1  value: 542.8574 mgc: 19.21527 ustep: 1 
iter: 2  value: 540.0341 mgc: 3.939124 ustep: 1 
iter: 3  value: 540.0319 mgc: 0.1568146 ustep: 1 
iter: 4  value: 540.0319 mgc: 0.0003146266 ustep: 1 
iter: 5  mgc: 1.271453e-09 
iter: 1  mgc: 1.271453e-09 
outer mgc:  69.03471 
iter: 1  value: 506.9331 mgc: 14.7979 ustep: 1 
iter: 2  value: 506.5491 mgc: 1.522709 ustep: 1 
iter: 3  value: 506.5491 mgc: 0.01420863 ustep: 1 
iter: 4  value: 506.5491 mgc: 1.615187e-06 ustep: 1 
iter: 5  mgc: 2.198242e-14 
iter: 1  mgc: 2.198242e-14 
outer mgc:  65.56609 
iter: 1  value: 542.8977 mgc: 32.05811 ustep: 1 
iter: 2  value: 538.1918 mgc: 5.365412 ustep: 1 
iter: 3  value: 538.1891 mgc: 0.1602476 ustep: 1 
iter: 4  value: 538.1891 mgc: 0.0001752408 ustep: 1 
iter: 5  mgc: 2.153482e-10 
iter: 1  value: 490.1525 mgc: 14.29073 ustep: 1 
iter: 2  value: 490.0261 mgc: 0.6442492 ustep: 1 
iter: 3  value: 490.0261 mgc: 0.002496525 ustep: 1 
iter: 4  value: 490.0261 mgc: 4.07859e-08 ustep: 1 
mgc: 1.265654e-14 
iter: 1  mgc: 1.265654e-14 
outer mgc:  18.02071 
iter: 1  value: 484.576 mgc: 7.651201 ustep: 1 
iter: 2  value: 484.5669 mgc: 0.2484467 ustep: 1 
iter: 3  value: 484.5669 mgc: 0.0005196669 ustep: 1 
iter: 4  mgc: 3.262787e-09 
iter: 1  mgc: 3.262787e-09 
outer mgc:  26.63662 
iter: 1  value: 474.4807 mgc: 10.12499 ustep: 1 
iter: 2  value: 474.4475 mgc: 0.3760859 ustep: 1 
iter: 3  value: 474.4475 mgc: 0.0008834863 ustep: 1 
iter: 4  mgc: 6.217257e-09 
iter: 1  mgc: 6.217257e-09 
outer mgc:  15.24596 
iter: 1  value: 467.0987 mgc: 7.41246 ustep: 1 
iter: 2  value: 467.0918 mgc: 0.1913724 ustep: 1 
iter: 3  value: 467.0918 mgc: 0.0001993213 ustep: 1 
iter: 4  mgc: 4.205516e-10 
iter: 1  mgc: 4.205516e-10 
outer mgc:  14.53428 
iter: 1  value: 461.0878 mgc: 5.999058 ustep: 1 
iter: 2  value: 461.0856 mgc: 0.125556 ustep: 1 
iter: 3  value: 461.0856 mgc: 0.0001014234 ustep: 1 
iter: 4  mgc: 6.671108e-11 
iter: 1  mgc: 6.671108e-11 
outer mgc:  26.23576 
iter: 1  value: 456.8213 mgc: 8.112005 ustep: 1 
iter: 2  value: 456.8158 mgc: 0.2255589 ustep: 1 
iter: 3  value: 456.8158 mgc: 0.0002123333 ustep: 1 
iter: 4  mgc: 2.473977e-10 
iter: 1  mgc: 2.473977e-10 
outer mgc:  18.50487 
iter: 1  value: 452.5599 mgc: 10.05689 ustep: 1 
iter: 2  value: 452.5386 mgc: 0.4212446 ustep: 1 
iter: 3  value: 452.5386 mgc: 0.001414984 ustep: 1 
iter: 4  value: 452.5386 mgc: 1.407286e-08 ustep: 1 
mgc: 2.220446e-14 
iter: 1  mgc: 2.220446e-14 
outer mgc:  17.57594 
iter: 1  value: 451.095 mgc: 11.39534 ustep: 1 
iter: 2  value: 451.0725 mgc: 0.4615178 ustep: 1 
iter: 3  value: 451.0725 mgc: 0.0008445632 ustep: 1 
iter: 4  mgc: 4.019648e-09 
iter: 1  value: 450.7524 mgc: 6.764298 ustep: 1 
iter: 2  value: 450.7471 mgc: 0.1833461 ustep: 1 
iter: 3  value: 450.7471 mgc: 0.0001489629 ustep: 1 
iter: 4  mgc: 1.32752e-10 
iter: 1  mgc: 1.32752e-10 
outer mgc:  14.3906 
iter: 1  value: 449.0267 mgc: 3.866043 ustep: 1 
iter: 2  value: 449.0262 mgc: 0.05187855 ustep: 1 
iter: 3  value: 449.0262 mgc: 1.499768e-05 ustep: 1 
iter: 4  mgc: 1.79412e-12 
iter: 1  mgc: 1.79412e-12 
outer mgc:  14.95632 
iter: 1  value: 448.7912 mgc: 7.788226 ustep: 1 
iter: 2  value: 448.7903 mgc: 0.07780179 ustep: 1 
iter: 3  value: 448.7903 mgc: 1.251211e-05 ustep: 1 
iter: 4  mgc: 6.807888e-13 
iter: 1  value: 448.444 mgc: 3.623822 ustep: 1 
iter: 2  value: 448.4438 mgc: 0.03001516 ustep: 1 
iter: 3  value: 448.4438 mgc: 3.639901e-06 ustep: 1 
iter: 4  mgc: 5.206946e-14 
iter: 1  mgc: 5.206946e-14 
outer mgc:  11.34418 
iter: 1  value: 447.2037 mgc: 2.306806 ustep: 1 
iter: 2  value: 447.2037 mgc: 0.01112178 ustep: 1 
iter: 3  value: 447.2037 mgc: 4.533164e-07 ustep: 1 
iter: 4  mgc: 2.153833e-14 
iter: 1  mgc: 2.153833e-14 
outer mgc:  3.123167 
iter: 1  value: 446.3534 mgc: 1.755882 ustep: 1 
iter: 2  value: 446.3534 mgc: 0.003993055 ustep: 1 
iter: 3  value: 446.3534 mgc: 3.044972e-08 ustep: 1 
mgc: 1.931788e-14 
iter: 1  mgc: 1.931788e-14 
outer mgc:  7.99023 
iter: 1  value: 444.9016 mgc: 3.244405 ustep: 1 
iter: 2  value: 444.9015 mgc: 0.02406233 ustep: 1 
iter: 3  value: 444.9015 mgc: 1.583559e-06 ustep: 1 
iter: 4  mgc: 1.998401e-14 
iter: 1  mgc: 1.998401e-14 
outer mgc:  5.554427 
iter: 1  value: 443.7988 mgc: 3.625311 ustep: 1 
iter: 2  value: 443.7988 mgc: 0.01918761 ustep: 1 
iter: 3  value: 443.7988 mgc: 3.681553e-06 ustep: 1 
iter: 4  mgc: 1.132427e-13 
iter: 1  mgc: 1.132427e-13 
outer mgc:  6.724681 
iter: 1  value: 443.4269 mgc: 3.529532 ustep: 1 
iter: 2  value: 443.4268 mgc: 0.02491036 ustep: 1 
iter: 3  value: 443.4268 mgc: 2.522747e-06 ustep: 1 
iter: 4  mgc: 4.52971e-14 
iter: 1  value: 443.4341 mgc: 3.07108 ustep: 1 
iter: 2  value: 443.434 mgc: 0.01619677 ustep: 1 
iter: 3  value: 443.434 mgc: 7.285909e-07 ustep: 1 
iter: 4  mgc: 1.554312e-14 
iter: 1  mgc: 1.554312e-14 
outer mgc:  9.976616 
iter: 1  value: 443.0754 mgc: 2.767043 ustep: 1 
iter: 2  value: 443.0754 mgc: 0.01161667 ustep: 1 
iter: 3  value: 443.0754 mgc: 2.697071e-07 ustep: 1 
iter: 4  mgc: 1.820766e-14 
iter: 1  mgc: 1.820766e-14 
outer mgc:  9.221201 
iter: 1  value: 442.5564 mgc: 1.744071 ustep: 1 
iter: 2  value: 442.5564 mgc: 0.002264168 ustep: 1 
iter: 3  value: 442.5564 mgc: 3.504408e-08 ustep: 1 
mgc: 2.353673e-14 
iter: 1  mgc: 2.353673e-14 
outer mgc:  3.467247 
iter: 1  value: 442.1212 mgc: 1.432744 ustep: 1 
iter: 2  value: 442.1212 mgc: 0.005292921 ustep: 1 
iter: 3  value: 442.1212 mgc: 9.464805e-08 ustep: 1 
iter: 4  mgc: 2.38698e-14 
iter: 1  mgc: 2.38698e-14 
outer mgc:  3.112955 
iter: 1  value: 441.6756 mgc: 1.07324 ustep: 1 
iter: 2  value: 441.6756 mgc: 0.004406384 ustep: 1 
iter: 3  value: 441.6756 mgc: 1.424783e-07 ustep: 1 
mgc: 1.687539e-14 
iter: 1  mgc: 1.687539e-14 
outer mgc:  1.673978 
iter: 1  value: 441.3064 mgc: 1.069034 ustep: 1 
iter: 2  value: 441.3064 mgc: 0.002951188 ustep: 1 
iter: 3  value: 441.3064 mgc: 2.855338e-08 ustep: 1 
mgc: 1.865175e-14 
iter: 1  mgc: 1.865175e-14 
outer mgc:  4.134767 
iter: 1  value: 440.8082 mgc: 2.022116 ustep: 1 
iter: 2  value: 440.8082 mgc: 0.008419448 ustep: 1 
iter: 3  value: 440.8082 mgc: 2.121705e-07 ustep: 1 
mgc: 1.421085e-14 
iter: 1  mgc: 1.421085e-14 
outer mgc:  4.365919 
iter: 1  value: 440.6 mgc: 1.042535 ustep: 1 
iter: 2  value: 440.6 mgc: 0.001860361 ustep: 1 
iter: 3  value: 440.6 mgc: 1.09472e-08 ustep: 1 
mgc: 1.909584e-14 
iter: 1  mgc: 1.909584e-14 
outer mgc:  3.556185 
iter: 1  value: 440.3623 mgc: 0.7093107 ustep: 1 
iter: 2  value: 440.3623 mgc: 0.002057071 ustep: 1 
iter: 3  value: 440.3623 mgc: 1.890951e-08 ustep: 1 
mgc: 1.687539e-14 
iter: 1  mgc: 1.687539e-14 
outer mgc:  2.208905 
iter: 1  value: 439.9535 mgc: 1.182684 ustep: 1 
iter: 2  value: 439.9535 mgc: 0.001501343 ustep: 1 
iter: 3  value: 439.9535 mgc: 1.621995e-08 ustep: 1 
mgc: 2.131628e-14 
iter: 1  mgc: 2.131628e-14 
outer mgc:  2.486038 
iter: 1  value: 439.5837 mgc: 1.027154 ustep: 1 
iter: 2  value: 439.5837 mgc: 0.002377441 ustep: 1 
iter: 3  value: 439.5837 mgc: 2.344733e-08 ustep: 1 
mgc: 1.776357e-14 
iter: 1  mgc: 1.776357e-14 
outer mgc:  3.535838 
iter: 1  value: 439.3234 mgc: 1.583661 ustep: 1 
iter: 2  value: 439.3234 mgc: 0.004960727 ustep: 1 
iter: 3  value: 439.3234 mgc: 1.851641e-07 ustep: 1 
mgc: 1.647293e-14 
iter: 1  mgc: 1.647293e-14 
outer mgc:  3.945533 
iter: 1  value: 438.9569 mgc: 1.125538 ustep: 1 
iter: 2  value: 438.9569 mgc: 0.003165701 ustep: 1 
iter: 3  value: 438.9569 mgc: 7.400591e-08 ustep: 1 
mgc: 2.309264e-14 
iter: 1  mgc: 2.309264e-14 
outer mgc:  2.690429 
iter: 1  value: 438.8898 mgc: 0.9116885 ustep: 1 
iter: 2  value: 438.8898 mgc: 0.0020034 ustep: 1 
iter: 3  value: 438.8898 mgc: 1.391401e-08 ustep: 1 
mgc: 1.84297e-14 
iter: 1  mgc: 1.84297e-14 
outer mgc:  2.182788 
iter: 1  value: 438.5772 mgc: 0.8983539 ustep: 1 
iter: 2  value: 438.5772 mgc: 0.00144381 ustep: 1 
iter: 3  mgc: 2.994248e-09 
iter: 1  mgc: 2.994248e-09 
outer mgc:  1.207323 
iter: 1  value: 438.4306 mgc: 1.54262 ustep: 1 
iter: 2  value: 438.4306 mgc: 0.006276817 ustep: 1 
iter: 3  value: 438.4306 mgc: 2.487423e-07 ustep: 1 
mgc: 1.731948e-14 
iter: 1  value: 438.483 mgc: 0.5859773 ustep: 1 
iter: 2  value: 438.483 mgc: 0.0008716967 ustep: 1 
iter: 3  mgc: 5.26696e-09 
iter: 1  mgc: 5.26696e-09 
outer mgc:  1.70131 
iter: 1  value: 438.3624 mgc: 0.8113048 ustep: 1 
iter: 2  value: 438.3624 mgc: 0.000924293 ustep: 1 
iter: 3  mgc: 2.996707e-09 
iter: 1  mgc: 2.996707e-09 
outer mgc:  3.30054 
iter: 1  value: 438.2143 mgc: 0.4958063 ustep: 1 
iter: 2  value: 438.2143 mgc: 0.0003216956 ustep: 1 
iter: 3  mgc: 1.19301e-10 
iter: 1  mgc: 1.19301e-10 
outer mgc:  0.9947759 
iter: 1  value: 438.1046 mgc: 0.2179297 ustep: 1 
iter: 2  value: 438.1046 mgc: 7.424346e-05 ustep: 1 
iter: 3  mgc: 1.521894e-11 
iter: 1  mgc: 1.521894e-11 
outer mgc:  1.144914 
iter: 1  value: 438.0012 mgc: 0.253598 ustep: 1 
iter: 2  value: 438.0012 mgc: 8.633581e-05 ustep: 1 
iter: 3  mgc: 1.775247e-11 
iter: 1  value: 437.8378 mgc: 0.3941488 ustep: 1 
iter: 2  value: 437.8378 mgc: 0.0003307736 ustep: 1 
iter: 3  mgc: 7.833165e-10 
iter: 1  value: 437.4106 mgc: 1.302789 ustep: 1 
iter: 2  value: 437.4106 mgc: 0.003344254 ustep: 1 
iter: 3  value: 437.4106 mgc: 7.458433e-08 ustep: 1 
mgc: 2.131628e-14 
iter: 1  mgc: 2.131628e-14 
outer mgc:  4.261799 
iter: 1  value: 436.4164 mgc: 1.098775 ustep: 1 
iter: 2  value: 436.4164 mgc: 0.002292884 ustep: 1 
iter: 3  value: 436.4164 mgc: 1.239934e-08 ustep: 1 
mgc: 1.820766e-14 
iter: 1  mgc: 1.820766e-14 
outer mgc:  2.399694 
iter: 1  value: 435.5246 mgc: 1.328415 ustep: 1 
iter: 2  value: 435.5246 mgc: 0.004216096 ustep: 1 
iter: 3  value: 435.5246 mgc: 8.245596e-08 ustep: 1 
mgc: 1.865175e-14 
iter: 1  mgc: 1.865175e-14 
outer mgc:  1.789113 
iter: 1  value: 434.6625 mgc: 0.8548509 ustep: 1 
iter: 2  value: 434.6625 mgc: 0.002545029 ustep: 1 
iter: 3  value: 434.6625 mgc: 3.751199e-08 ustep: 1 
iter: 4  mgc: 2.287059e-14 
iter: 1  mgc: 2.287059e-14 
outer mgc:  2.122414 
iter: 1  value: 433.6758 mgc: 1.166786 ustep: 1 
iter: 2  value: 433.6758 mgc: 0.00123611 ustep: 1 
iter: 3  mgc: 7.844119e-09 
iter: 1  mgc: 7.844119e-09 
outer mgc:  2.918002 
iter: 1  value: 432.5934 mgc: 1.208063 ustep: 1 
iter: 2  value: 432.5934 mgc: 0.002738453 ustep: 1 
iter: 3  value: 432.5934 mgc: 1.757027e-08 ustep: 1 
mgc: 1.554312e-14 
iter: 1  mgc: 1.554312e-14 
outer mgc:  1.765455 
iter: 1  value: 431.54 mgc: 2.037354 ustep: 1 
iter: 2  value: 431.54 mgc: 0.003391045 ustep: 1 
iter: 3  value: 431.54 mgc: 3.688092e-08 ustep: 1 
mgc: 2.264855e-14 
iter: 1  mgc: 2.264855e-14 
outer mgc:  3.455372 
iter: 1  value: 430.561 mgc: 3.020311 ustep: 1 
iter: 2  value: 430.561 mgc: 0.006383844 ustep: 1 
iter: 3  value: 430.561 mgc: 1.256808e-07 ustep: 1 
mgc: 2.264855e-14 
iter: 1  mgc: 2.264855e-14 
outer mgc:  3.710904 
iter: 1  value: 430.3077 mgc: 1.738891 ustep: 1 
iter: 2  value: 430.3077 mgc: 0.005102633 ustep: 1 
iter: 3  value: 430.3077 mgc: 5.295036e-08 ustep: 1 
mgc: 3.197442e-14 
iter: 1  mgc: 3.197442e-14 
outer mgc:  5.142847 
iter: 1  value: 430.1547 mgc: 1.035547 ustep: 1 
iter: 2  value: 430.1547 mgc: 0.0005832414 ustep: 1 
iter: 3  mgc: 1.748333e-09 
iter: 1  mgc: 1.748333e-09 
outer mgc:  2.473114 
iter: 1  value: 430.0774 mgc: 0.845683 ustep: 1 
iter: 2  value: 430.0774 mgc: 0.0003238937 ustep: 1 
iter: 3  mgc: 3.294378e-10 
iter: 1  mgc: 3.294378e-10 
outer mgc:  1.05287 
iter: 1  value: 429.8919 mgc: 0.2827043 ustep: 1 
iter: 2  value: 429.8919 mgc: 0.0001071067 ustep: 1 
iter: 3  mgc: 5.959233e-11 
iter: 1  value: 429.7147 mgc: 0.3230146 ustep: 1 
iter: 2  value: 429.7147 mgc: 7.729953e-05 ustep: 1 
iter: 3  mgc: 8.932055e-11 
iter: 1  mgc: 8.932055e-11 
outer mgc:  0.9333597 
iter: 1  value: 429.3108 mgc: 0.6233036 ustep: 1 
iter: 2  value: 429.3108 mgc: 0.0002085235 ustep: 1 
iter: 3  mgc: 1.3282e-10 
iter: 1  value: 428.648 mgc: 1.017642 ustep: 1 
iter: 2  value: 428.648 mgc: 0.0004062637 ustep: 1 
iter: 3  mgc: 4.990897e-10 
iter: 1  mgc: 4.990897e-10 
outer mgc:  0.8735132 
iter: 1  value: 427.6124 mgc: 1.41707 ustep: 1 
iter: 2  value: 427.6124 mgc: 0.0004503069 ustep: 1 
iter: 3  mgc: 8.562875e-10 
iter: 1  mgc: 8.562875e-10 
outer mgc:  0.6174601 
iter: 1  value: 426.6808 mgc: 3.032262 ustep: 1 
iter: 2  value: 426.6808 mgc: 0.001731059 ustep: 1 
iter: 3  mgc: 4.420328e-09 
iter: 1  mgc: 4.420328e-09 
outer mgc:  1.021427 
iter: 1  value: 425.8552 mgc: 1.133297 ustep: 1 
iter: 2  value: 425.8552 mgc: 0.0003065576 ustep: 1 
iter: 3  mgc: 2.858727e-10 
iter: 1  mgc: 2.858727e-10 
outer mgc:  0.5132282 
iter: 1  value: 423.2371 mgc: 4.491207 ustep: 1 
iter: 2  value: 423.2371 mgc: 0.001300718 ustep: 1 
iter: 3  mgc: 7.651857e-09 
iter: 1  mgc: 7.651857e-09 
outer mgc:  0.8882981 
iter: 1  value: 423.0824 mgc: 1.594144 ustep: 1 
iter: 2  value: 423.0824 mgc: 0.002732006 ustep: 1 
iter: 3  value: 423.0824 mgc: 9.659484e-08 ustep: 1 
iter: 4  mgc: 6.883383e-14 
iter: 1  mgc: 6.883383e-14 
outer mgc:  0.7216994 
iter: 1  value: 423.0366 mgc: 4.444603 ustep: 1 
iter: 2  value: 423.0366 mgc: 0.004669552 ustep: 1 
iter: 3  value: 423.0366 mgc: 5.319535e-08 ustep: 1 
iter: 4  mgc: 5.57332e-14 
iter: 1  value: 423.0465 mgc: 1.775015 ustep: 1 
iter: 2  value: 423.0465 mgc: 0.0007897385 ustep: 1 
iter: 3  mgc: 1.460295e-09 
iter: 1  mgc: 1.460295e-09 
outer mgc:  0.5128086 
iter: 1  value: 422.7059 mgc: 2.542991 ustep: 1 
iter: 2  value: 422.7059 mgc: 0.0003225326 ustep: 1 
iter: 3  mgc: 4.336584e-10 
iter: 1  value: 422.8761 mgc: 1.480642 ustep: 1 
iter: 2  value: 422.8761 mgc: 0.0001604486 ustep: 1 
iter: 3  mgc: 1.31358e-10 
iter: 1  mgc: 1.31358e-10 
outer mgc:  0.5087721 
iter: 1  value: 422.5853 mgc: 0.6136719 ustep: 1 
iter: 2  value: 422.5853 mgc: 2.684415e-05 ustep: 1 
iter: 3  mgc: 2.161049e-12 
iter: 1  mgc: 2.161049e-12 
outer mgc:  0.234826 
iter: 1  value: 422.3778 mgc: 0.2961222 ustep: 1 
iter: 2  value: 422.3778 mgc: 4.107682e-06 ustep: 1 
iter: 3  mgc: 4.194423e-13 
iter: 1  value: 421.9421 mgc: 0.543876 ustep: 1 
iter: 2  value: 421.9421 mgc: 1.780143e-05 ustep: 1 
iter: 3  mgc: 7.516654e-12 
iter: 1  mgc: 7.516654e-12 
outer mgc:  0.09149477 
iter: 1  value: 421.4419 mgc: 0.6564088 ustep: 1 
iter: 2  value: 421.4419 mgc: 1.906064e-05 ustep: 1 
iter: 3  mgc: 4.494183e-13 
iter: 1  mgc: 4.494183e-13 
outer mgc:  0.1075179 
iter: 1  value: 420.4223 mgc: 1.309963 ustep: 1 
iter: 2  value: 420.4223 mgc: 4.542451e-05 ustep: 1 
iter: 3  mgc: 6.258105e-12 
iter: 1  mgc: 6.258105e-12 
outer mgc:  0.09169529 
iter: 1  value: 419.8786 mgc: 0.6430448 ustep: 1 
iter: 2  value: 419.8786 mgc: 1.05678e-05 ustep: 1 
iter: 3  mgc: 1.00453e-12 
iter: 1  mgc: 1.00453e-12 
outer mgc:  0.02819117 
iter: 1  value: 419.7754 mgc: 0.2022919 ustep: 1 
iter: 2  value: 419.7754 mgc: 2.186492e-06 ustep: 1 
iter: 3  mgc: 1.227907e-13 
iter: 1  mgc: 1.227907e-13 
outer mgc:  0.009505601 
iter: 1  value: 419.709 mgc: 0.06811554 ustep: 1 
iter: 2  value: 419.709 mgc: 5.091662e-07 ustep: 1 
iter: 3  mgc: 8.237855e-14 
iter: 1  mgc: 8.237855e-14 
outer mgc:  0.00681179 
iter: 1  value: 419.6462 mgc: 0.06193034 ustep: 1 
iter: 2  value: 419.6462 mgc: 5.634167e-07 ustep: 1 
iter: 3  mgc: 1.083578e-13 
iter: 1  mgc: 1.083578e-13 
outer mgc:  0.003593775 
iter: 1  value: 419.6426 mgc: 0.02304578 ustep: 1 
iter: 2  value: 419.6426 mgc: 4.338988e-08 ustep: 1 
mgc: 4.52971e-14 
iter: 1  mgc: 4.52971e-14 
outer mgc:  0.001562263 
iter: 1  value: 419.6485 mgc: 0.01032274 ustep: 1 
iter: 2  mgc: 5.951247e-09 
iter: 1  mgc: 5.951247e-09 
outer mgc:  0.0003687538 
iter: 1  value: 419.6508 mgc: 0.002781263 ustep: 1 
iter: 2  mgc: 1.028851e-09 
iter: 1  mgc: 1.028851e-09 
outer mgc:  0.0001367857 
iter: 1  mgc: 1.028851e-09 
iter: 1  mgc: 1.028851e-09 
outer mgc:  0.0001367857 
iter: 1  value: 419.6517 mgc: 0.03510479 ustep: 1 
iter: 2  value: 419.6517 mgc: 2.528313e-06 ustep: 1 
iter: 3  mgc: 6.239453e-14 
outer mgc:  0.3060523 
iter: 1  value: 419.6502 mgc: 0.03508388 ustep: 1 
iter: 2  value: 419.6502 mgc: 2.528024e-06 ustep: 1 
iter: 3  mgc: 1.050271e-13 
outer mgc:  0.3062752 
iter: 1  value: 419.6511 mgc: 0.01712041 ustep: 1 
iter: 2  value: 419.6511 mgc: 6.044985e-07 ustep: 1 
iter: 3  mgc: 5.462297e-14 
outer mgc:  0.2081021 
iter: 1  value: 419.6507 mgc: 0.01710938 ustep: 1 
iter: 2  value: 419.6507 mgc: 6.039796e-07 ustep: 1 
iter: 3  mgc: 5.995204e-14 
outer mgc:  0.2081192 
iter: 1  value: 419.6501 mgc: 0.03725904 ustep: 1 
iter: 2  value: 419.6501 mgc: 3.612295e-06 ustep: 1 
iter: 3  mgc: 5.684342e-14 
outer mgc:  0.231489 
iter: 1  value: 419.6517 mgc: 0.03724436 ustep: 1 
iter: 2  value: 419.6517 mgc: 3.614058e-06 ustep: 1 
iter: 3  mgc: 9.592327e-14 
outer mgc:  0.2312325 
iter: 1  value: 419.6501 mgc: 0.01380045 ustep: 1 
iter: 2  value: 419.6501 mgc: 5.240923e-07 ustep: 1 
iter: 3  mgc: 6.483702e-14 
outer mgc:  0.1645852 
iter: 1  value: 419.6517 mgc: 0.01379062 ustep: 1 
iter: 2  value: 419.6517 mgc: 5.234401e-07 ustep: 1 
iter: 3  mgc: 7.283063e-14 
outer mgc:  0.1643901 
iter: 1  value: 419.6493 mgc: 0.04362636 ustep: 1 
iter: 2  value: 419.6493 mgc: 3.181984e-06 ustep: 1 
iter: 3  mgc: 5.861978e-14 
outer mgc:  0.2781891 
iter: 1  value: 419.6526 mgc: 0.04360921 ustep: 1 
iter: 2  value: 419.6526 mgc: 3.182866e-06 ustep: 1 
iter: 3  mgc: 7.327472e-14 
outer mgc:  0.2781766 
iter: 1  value: 419.6502 mgc: 0.02379567 ustep: 1 
iter: 2  value: 419.6502 mgc: 9.9393e-07 ustep: 1 
iter: 3  mgc: 5.151435e-14 
outer mgc:  0.2536349 
iter: 1  value: 419.6516 mgc: 0.02378874 ustep: 1 
iter: 2  value: 419.6516 mgc: 9.939458e-07 ustep: 1 
iter: 3  mgc: 4.707346e-14 
outer mgc:  0.2534405 
iter: 1  value: 419.6538 mgc: 0.04378466 ustep: 1 
iter: 2  value: 419.6538 mgc: 1.086018e-06 ustep: 1 
iter: 3  mgc: 5.795364e-14 
outer mgc:  0.5427115 
iter: 1  value: 419.6484 mgc: 0.04376726 ustep: 1 
iter: 2  value: 419.6484 mgc: 1.084859e-06 ustep: 1 
iter: 3  mgc: 5.684342e-14 
outer mgc:  0.5427893 
iter: 1  value: 419.6527 mgc: 0.0253306 ustep: 1 
iter: 2  value: 419.6527 mgc: 4.204616e-07 ustep: 1 
iter: 3  mgc: 6.794565e-14 
outer mgc:  0.3615613 
iter: 1  value: 419.6492 mgc: 0.02532186 ustep: 1 
iter: 2  value: 419.6492 mgc: 4.200768e-07 ustep: 1 
iter: 3  mgc: 6.128431e-14 
outer mgc:  0.361451 
iter: 1  value: 419.647 mgc: 0.03912652 ustep: 1 
iter: 2  value: 419.647 mgc: 2.44068e-07 ustep: 1 
mgc: 1.092459e-13 
outer mgc:  0.005206957 
iter: 1  value: 419.6547 mgc: 0.03911997 ustep: 1 
iter: 2  value: 419.6547 mgc: 2.441112e-07 ustep: 1 
mgc: 6.017409e-14 
outer mgc:  0.005149124 
iter: 1  value: 419.6461 mgc: 0.01935417 ustep: 1 
iter: 2  value: 419.6461 mgc: 2.541663e-08 ustep: 1 
mgc: 5.77316e-14 
outer mgc:  0.001448724 
iter: 1  value: 419.6555 mgc: 0.01935234 ustep: 1 
iter: 2  value: 419.6555 mgc: 2.542473e-08 ustep: 1 
mgc: 6.661338e-14 
outer mgc:  0.001316364 
iter: 1  value: 419.6546 mgc: 0.1088699 ustep: 1 
iter: 2  value: 419.6546 mgc: 4.911836e-07 ustep: 1 
iter: 3  mgc: 8.149037e-14 
outer mgc:  0.01135378 
iter: 1  value: 419.647 mgc: 0.1088726 ustep: 1 
iter: 2  value: 419.647 mgc: 4.907119e-07 ustep: 1 
iter: 3  mgc: 6.217249e-14 
outer mgc:  0.01138081 
iter: 1  value: 419.6499 mgc: 0.01118212 ustep: 1 
iter: 2  value: 419.6499 mgc: 1.080359e-08 ustep: 1 
mgc: 1.381117e-13 
outer mgc:  0.0007666755 
iter: 1  value: 419.6517 mgc: 0.01117996 ustep: 1 
iter: 2  value: 419.6517 mgc: 1.08058e-08 ustep: 1 
mgc: 4.13003e-14 
outer mgc:  0.0005865103 
iter: 1  value: 419.6494 mgc: 0.03520108 ustep: 1 
iter: 2  value: 419.6494 mgc: 8.211347e-08 ustep: 1 
mgc: 7.860379e-14 
outer mgc:  0.002292922 
iter: 1  value: 419.6522 mgc: 0.03520019 ustep: 1 
iter: 2  value: 419.6522 mgc: 8.213911e-08 ustep: 1 
mgc: 5.906386e-14 
outer mgc:  0.00226091 
iter: 1  value: 419.6487 mgc: 0.02293455 ustep: 1 
iter: 2  value: 419.6487 mgc: 3.205373e-08 ustep: 1 
mgc: 5.462297e-14 
outer mgc:  0.001417624 
iter: 1  value: 419.6529 mgc: 0.02293522 ustep: 1 
iter: 2  value: 419.6529 mgc: 3.207573e-08 ustep: 1 
mgc: 7.194245e-14 
outer mgc:  0.001597715 
iter: 1  value: 419.6636 mgc: 0.1411227 ustep: 1 
iter: 2  value: 419.6636 mgc: 4.389672e-06 ustep: 1 
iter: 3  mgc: 5.995204e-14 
outer mgc:  0.07130135 
iter: 1  value: 419.638 mgc: 0.1412639 ustep: 1 
iter: 2  value: 419.638 mgc: 4.39766e-06 ustep: 1 
iter: 3  mgc: 9.192647e-14 
outer mgc:  0.07104005 
iter: 1  value: 419.6567 mgc: 0.1214046 ustep: 1 
iter: 2  value: 419.6567 mgc: 1.791557e-06 ustep: 1 
iter: 3  mgc: 5.506706e-14 
outer mgc:  0.08137901 
iter: 1  value: 419.6449 mgc: 0.1215261 ustep: 1 
iter: 2  value: 419.6449 mgc: 1.795701e-06 ustep: 1 
iter: 3  mgc: 8.704149e-14 
outer mgc:  0.08129564 
iter: 1  value: 419.6543 mgc: 0.3748011 ustep: 1 
iter: 2  value: 419.6543 mgc: 1.037844e-05 ustep: 1 
iter: 3  mgc: 4.369838e-13 
outer mgc:  0.1456814 
iter: 1  value: 419.6474 mgc: 0.3751761 ustep: 1 
iter: 2  value: 419.6474 mgc: 1.039899e-05 ustep: 1 
iter: 3  mgc: 4.609646e-13 
outer mgc:  0.1461317 
iter: 1  value: 419.6653 mgc: 0.350736 ustep: 1 
iter: 2  value: 419.6653 mgc: 5.059624e-06 ustep: 1 
iter: 3  mgc: 9.015011e-14 
outer mgc:  0.1583896 
iter: 1  value: 419.6364 mgc: 0.3517928 ustep: 1 
iter: 2  value: 419.6364 mgc: 5.071965e-06 ustep: 1 
iter: 3  mgc: 8.437695e-14 
outer mgc:  0.1580881 
Warning message:
package ‘nnet’ was built under R version 3.6.3 
[Sun Aug 15 14:34:02 2021]
Finished job 0.
1 of 1 steps (100%) done
