Building DAG of jobs...
Using shell: /usr/bin/bash
Provided cores: 1 (use --cores to define parallelism)
Rules claiming more threads will be scaled down.
Job counts:
	count	jobs
	1	inference_simulation_TMB_multiple
	1

[Sat Aug 14 03:28:47 2021]
rule inference_simulation_TMB_multiple:
    input: ../data/assessing_models_simulation/datasets/multiple_GenerationJnorm3_100_100_80_3_0.01_NA_NA_NA_dataset1.RDS
    output: ../data/assessing_models_simulation/inference_results/TMB/nlminb/multiple_GenerationJnorm3_100_100_80_3_0.01_diagREDMsinglelambda_NA_NA_NA_dataset1.RDS
    log: logs/inference/nlminb/simulation_GenerationJnorm3_100_100_80_3_0.01_ModeldiagREDMsinglelambda_NA_NA_NA_dataset1.log
    jobid: 0
    wildcards: optimiser=nlminb, datasetgeneration=GenerationJnorm3, n=100, nlambda=100, lmbda=80, d=3, beta_intensity=0.01, model=diagREDMsinglelambda, fixed_beta_intercept=NA, fixed_beta_slope=NA, sdRE_input=NA, itnum=1

Rscript 2_inference_TMB/run_TMB.R --input ../data/assessing_models_simulation/datasets/multiple_GenerationJnorm3_100_100_80_3_0.01_NA_NA_NA_dataset1.RDS --output ../data/assessing_models_simulation/inference_results/TMB/nlminb/multiple_GenerationJnorm3_100_100_80_3_0.01_diagREDMsinglelambda_NA_NA_NA_dataset1.RDS --model diagREDMsinglelambda --optimiser nlminb
Model: diagREDMsinglelambda 
Feature type: signatures 
Using nlminb: TRUE 
Simulation boolean: TRUE 
make: Nothing to be done for 'all'.
../data/assessing_models_simulation/datasets/multiple_GenerationJnorm3_100_100_80_3_0.01_NA_NA_NA_dataset1.RDS[1] "../data/assessing_models_simulation/datasets/multiple_GenerationJnorm3_100_100_80_3_0.01_NA_NA_NA_dataset1.RDS"
Reading file ../data/assessing_models_simulation/datasets/multiple_GenerationJnorm3_100_100_80_3_0.01_NA_NA_NA_dataset1.RDS 
Loading required package: nnet
# weights:  9 (4 variable)
initial  value 21801.960869 
final  value 17361.671378 
converged
Constructing atomic invpd
Constructing atomic D_lgamma
Constructing atomic invpd
Constructing atomic D_lgamma
Constructing atomic matmul
Constructing atomic invpd
Constructing atomic D_lgamma
Constructing atomic matmul
Optimizing tape... Done
iter: 1  value: 17328.92 mgc: 6.249703 ustep: 0.4815983 
iter: 2  value: 17298.49 mgc: 4.221775 ustep: 0.6940035 
iter: 3  value: 17297.08 mgc: 1.428992 ustep: 0.8330854 
iter: 4  value: 17297.07 mgc: 0.1300806 ustep: 0.9127438 
iter: 5  value: 17297.07 mgc: 0.008593222 ustep: 0.9553807 
iter: 6  value: 17297.07 mgc: 0.0002369744 ustep: 0.9774381 
iter: 7  value: 17297.07 mgc: 3.305329e-06 ustep: 0.9886558 
iter: 8  value: 17297.07 mgc: 2.383476e-08 ustep: 0.9943123 
iter: 9  mgc: 8.736806e-11 
iter: 1  mgc: 8.736806e-11 
Matching hessian patterns... Done
outer mgc:  133.446 
iter: 1  value: 17113.06 mgc: 1.949001 ustep: 1 
iter: 2  value: 17113.03 mgc: 0.1083729 ustep: 1 
iter: 3  value: 17113.03 mgc: 0.001446994 ustep: 1 
iter: 4  value: 17113.03 mgc: 2.456236e-07 ustep: 1 
iter: 5  mgc: 5.995204e-15 
iter: 1  value: 17796.13 mgc: 30.7783 ustep: 0.2494656 
iter: 2  value: 17120.88 mgc: 30.70486 ustep: 0.4995153 
iter: 3  value: 17111.81 mgc: 20.44783 ustep: 0.4584685 
iter: 4  value: 17012.86 mgc: 26.94171 ustep: 0.431745 
iter: 5  value: 16972.52 mgc: 22.71587 ustep: 0.05635216 
iter: 6  value: 16963.89 mgc: 11.55763 ustep: 0.2374624 
iter: 7  value: 16963.36 mgc: 2.142673 ustep: 0.4873524 
iter: 8  value: 16963.34 mgc: 0.4211734 ustep: 0.6981365 
iter: 9  value: 16963.34 mgc: 0.02740838 ustep: 0.835562 
iter: 10  value: 16963.34 mgc: 0.0007521784 ustep: 0.9140994 
iter: 11  value: 16963.34 mgc: 1.113235e-05 ustep: 0.9560899 
iter: 12  value: 16963.34 mgc: 7.769759e-08 ustep: 0.9778007 
iter: 13  mgc: 2.658177e-10 
iter: 1  mgc: 2.658177e-10 
outer mgc:  380.383 
iter: 1  value: 19272.19 mgc: 28.07822 ustep: 1 
iter: 2  value: 19222.17 mgc: 10.37673 ustep: 1 
iter: 3  value: 19220.93 mgc: 4.179895 ustep: 1 
iter: 4  value: 19220.92 mgc: 0.1307392 ustep: 1 
iter: 5  value: 19220.92 mgc: 0.0007606727 ustep: 1 
iter: 6  value: 19220.92 mgc: 1.986208e-08 ustep: 1 
mgc: 1.782463e-13 
iter: 1  value: 16799.68 mgc: 6.864686 ustep: 1 
iter: 2  value: 16799.21 mgc: 2.170285 ustep: 1 
iter: 3  value: 16799.21 mgc: 0.09204274 ustep: 1 
iter: 4  value: 16799.21 mgc: 0.0002112654 ustep: 1 
iter: 5  mgc: 1.126028e-09 
iter: 1  mgc: 1.126028e-09 
outer mgc:  59.43254 
iter: 1  value: 16769.77 mgc: 3.371971 ustep: 1 
iter: 2  value: 16769.14 mgc: 0.6114078 ustep: 1 
iter: 3  value: 16769.14 mgc: 0.01106263 ustep: 1 
iter: 4  value: 16769.14 mgc: 5.358752e-06 ustep: 1 
iter: 5  mgc: 1.37787e-12 
iter: 1  mgc: 1.37787e-12 
outer mgc:  93.8694 
iter: 1  value: 16747.75 mgc: 7.564764 ustep: 1 
iter: 2  value: 16744.19 mgc: 1.752443 ustep: 1 
iter: 3  value: 16744.18 mgc: 0.08023412 ustep: 1 
iter: 4  value: 16744.18 mgc: 0.0002267601 ustep: 1 
iter: 5  mgc: 2.131381e-09 
iter: 1  mgc: 2.131381e-09 
outer mgc:  55.27026 
iter: 1  value: 16711.26 mgc: 3.471443 ustep: 1 
iter: 2  value: 16710.99 mgc: 0.3607866 ustep: 1 
iter: 3  value: 16710.99 mgc: 0.003140245 ustep: 1 
iter: 4  value: 16710.99 mgc: 3.442651e-07 ustep: 1 
iter: 5  mgc: 4.353462e-14 
iter: 1  mgc: 4.353462e-14 
outer mgc:  49.06596 
iter: 1  value: 16704.29 mgc: 6.578841 ustep: 1 
iter: 2  value: 16695.99 mgc: 2.299404 ustep: 1 
iter: 3  value: 16695.96 mgc: 0.1795839 ustep: 1 
iter: 4  value: 16695.96 mgc: 0.00168235 ustep: 1 
iter: 5  value: 16695.96 mgc: 2.296235e-07 ustep: 1 
iter: 6  mgc: 3.452794e-14 
iter: 1  mgc: 3.452794e-14 
outer mgc:  39.25784 
iter: 1  value: 16684.34 mgc: 7.680399 ustep: 1 
iter: 2  value: 16683.5 mgc: 1.559169 ustep: 1 
iter: 3  value: 16683.5 mgc: 0.02830571 ustep: 1 
iter: 4  value: 16683.5 mgc: 1.575025e-05 ustep: 1 
iter: 5  mgc: 1.808198e-11 
iter: 1  mgc: 1.808198e-11 
outer mgc:  62.77304 
iter: 1  value: 16669 mgc: 9.733851 ustep: 1 
iter: 2  value: 16665.97 mgc: 1.411245 ustep: 1 
iter: 3  value: 16665.97 mgc: 0.02990642 ustep: 1 
iter: 4  value: 16665.97 mgc: 1.737887e-05 ustep: 1 
iter: 5  mgc: 6.059375e-12 
iter: 1  value: 16672.36 mgc: 6.004713 ustep: 1 
iter: 2  value: 16671.69 mgc: 0.6487597 ustep: 1 
iter: 3  value: 16671.69 mgc: 0.01134977 ustep: 1 
iter: 4  value: 16671.69 mgc: 8.387049e-06 ustep: 1 
iter: 5  mgc: 5.018874e-12 
iter: 1  mgc: 5.018874e-12 
outer mgc:  55.78082 
iter: 1  value: 16658.75 mgc: 0.5702725 ustep: 1 
iter: 2  value: 16658.75 mgc: 0.01596714 ustep: 1 
iter: 3  value: 16658.75 mgc: 1.452557e-05 ustep: 1 
iter: 4  mgc: 1.199274e-11 
iter: 1  mgc: 1.199274e-11 
outer mgc:  27.4423 
iter: 1  value: 16651.49 mgc: 2.338965 ustep: 1 
iter: 2  value: 16651.49 mgc: 0.06448575 ustep: 1 
iter: 3  value: 16651.49 mgc: 4.025726e-05 ustep: 1 
iter: 4  mgc: 4.206324e-11 
iter: 1  mgc: 4.206324e-11 
outer mgc:  19.42814 
iter: 1  value: 16646.16 mgc: 2.360891 ustep: 1 
iter: 2  value: 16646.15 mgc: 0.1134906 ustep: 1 
iter: 3  value: 16646.15 mgc: 0.0004094625 ustep: 1 
iter: 4  mgc: 6.146646e-09 
iter: 1  mgc: 6.146646e-09 
outer mgc:  30.06318 
iter: 1  value: 16657.99 mgc: 2.857303 ustep: 1 
iter: 2  value: 16657.86 mgc: 0.2033819 ustep: 1 
iter: 3  value: 16657.86 mgc: 0.001234172 ustep: 1 
iter: 4  value: 16657.86 mgc: 6.117848e-08 ustep: 1 
iter: 5  mgc: 2.531308e-14 
iter: 1  value: 16646.7 mgc: 1.50125 ustep: 1 
iter: 2  value: 16646.68 mgc: 0.09236518 ustep: 1 
iter: 3  value: 16646.68 mgc: 0.0002829145 ustep: 1 
iter: 4  mgc: 3.118365e-09 
iter: 1  mgc: 3.118365e-09 
outer mgc:  14.81471 
iter: 1  value: 16647.41 mgc: 1.450374 ustep: 1 
iter: 2  value: 16647.4 mgc: 0.02747332 ustep: 1 
iter: 3  value: 16647.4 mgc: 3.308942e-05 ustep: 1 
iter: 4  mgc: 4.834e-11 
iter: 1  mgc: 4.834e-11 
outer mgc:  19.31386 
iter: 1  value: 16647.03 mgc: 1.078274 ustep: 1 
iter: 2  value: 16647.03 mgc: 0.02112776 ustep: 1 
iter: 3  value: 16647.03 mgc: 7.739137e-06 ustep: 1 
iter: 4  mgc: 1.140421e-12 
iter: 1  mgc: 1.140421e-12 
outer mgc:  14.43294 
iter: 1  value: 16644.03 mgc: 0.8573551 ustep: 1 
iter: 2  value: 16644.03 mgc: 0.01855423 ustep: 1 
iter: 3  value: 16644.03 mgc: 1.482847e-05 ustep: 1 
iter: 4  mgc: 9.451107e-12 
iter: 1  mgc: 9.451107e-12 
outer mgc:  5.865473 
iter: 1  value: 16641.6 mgc: 0.9776299 ustep: 1 
iter: 2  value: 16641.6 mgc: 0.01027157 ustep: 1 
iter: 3  value: 16641.6 mgc: 1.492982e-06 ustep: 1 
iter: 4  mgc: 6.150636e-14 
iter: 1  value: 16643.33 mgc: 0.4248035 ustep: 1 
iter: 2  value: 16643.33 mgc: 0.001977296 ustep: 1 
iter: 3  value: 16643.33 mgc: 5.779036e-08 ustep: 1 
iter: 4  mgc: 3.147482e-14 
iter: 1  mgc: 3.147482e-14 
outer mgc:  3.109979 
iter: 1  value: 16641.48 mgc: 0.1348423 ustep: 1 
iter: 2  value: 16641.48 mgc: 0.000264642 ustep: 1 
iter: 3  mgc: 1.16344e-09 
iter: 1  mgc: 1.16344e-09 
outer mgc:  1.467663 
iter: 1  value: 16641.77 mgc: 0.2479805 ustep: 1 
iter: 2  value: 16641.77 mgc: 0.001273917 ustep: 1 
iter: 3  value: 16641.77 mgc: 7.471509e-08 ustep: 1 
mgc: 2.975398e-14 
iter: 1  mgc: 2.975398e-14 
outer mgc:  1.143653 
iter: 1  value: 16640.95 mgc: 0.2787617 ustep: 1 
iter: 2  value: 16640.95 mgc: 0.001071888 ustep: 1 
iter: 3  value: 16640.95 mgc: 1.983715e-08 ustep: 1 
mgc: 3.574918e-14 
iter: 1  mgc: 3.574918e-14 
outer mgc:  1.253011 
iter: 1  value: 16641.08 mgc: 0.3894832 ustep: 1 
iter: 2  value: 16641.08 mgc: 0.001679936 ustep: 1 
iter: 3  value: 16641.08 mgc: 4.832896e-08 ustep: 1 
mgc: 3.284872e-14 
iter: 1  value: 16640.91 mgc: 0.08330277 ustep: 1 
iter: 2  value: 16640.91 mgc: 7.898767e-05 ustep: 1 
iter: 3  mgc: 5.487966e-11 
iter: 1  mgc: 5.487966e-11 
outer mgc:  1.505406 
iter: 1  value: 16640.84 mgc: 0.03928296 ustep: 1 
iter: 2  value: 16640.84 mgc: 2.584931e-05 ustep: 1 
iter: 3  mgc: 1.040368e-11 
iter: 1  mgc: 1.040368e-11 
outer mgc:  0.3262336 
iter: 1  value: 16640.68 mgc: 0.06632061 ustep: 1 
iter: 2  value: 16640.68 mgc: 5.410753e-05 ustep: 1 
iter: 3  mgc: 1.015428e-10 
iter: 1  value: 16640.78 mgc: 0.02488646 ustep: 1 
iter: 2  value: 16640.78 mgc: 7.637923e-06 ustep: 1 
iter: 3  mgc: 2.022382e-12 
iter: 1  mgc: 2.022382e-12 
outer mgc:  0.3194119 
iter: 1  value: 16640.76 mgc: 0.02377016 ustep: 1 
iter: 2  value: 16640.76 mgc: 8.978558e-06 ustep: 1 
iter: 3  mgc: 1.557865e-12 
iter: 1  mgc: 1.557865e-12 
outer mgc:  0.3057781 
iter: 1  value: 16640.69 mgc: 0.03677598 ustep: 1 
iter: 2  value: 16640.69 mgc: 1.704145e-05 ustep: 1 
iter: 3  mgc: 1.213518e-11 
iter: 1  value: 16640.64 mgc: 0.03348617 ustep: 1 
iter: 2  value: 16640.64 mgc: 1.186373e-05 ustep: 1 
iter: 3  mgc: 2.439826e-12 
iter: 1  value: 16640.5 mgc: 0.09283308 ustep: 1 
iter: 2  value: 16640.5 mgc: 8.299454e-05 ustep: 1 
iter: 3  mgc: 1.272698e-10 
iter: 1  mgc: 1.272698e-10 
outer mgc:  0.241767 
iter: 1  value: 16639.73 mgc: 0.1071175 ustep: 1 
iter: 2  value: 16639.73 mgc: 0.0003195153 ustep: 1 
iter: 3  mgc: 4.141103e-09 
iter: 1  value: 16640.17 mgc: 0.04441998 ustep: 1 
iter: 2  value: 16640.17 mgc: 6.848158e-05 ustep: 1 
iter: 3  mgc: 1.895e-10 
iter: 1  mgc: 1.895e-10 
outer mgc:  0.3204093 
iter: 1  value: 16639.97 mgc: 0.05739544 ustep: 1 
iter: 2  value: 16639.97 mgc: 4.215196e-05 ustep: 1 
iter: 3  mgc: 2.972023e-11 
iter: 1  mgc: 2.972023e-11 
outer mgc:  0.2502595 
iter: 1  value: 16639.98 mgc: 0.01465844 ustep: 1 
iter: 2  value: 16639.98 mgc: 3.532726e-06 ustep: 1 
iter: 3  mgc: 2.264855e-13 
iter: 1  mgc: 2.264855e-13 
outer mgc:  0.1427642 
iter: 1  value: 16640.03 mgc: 0.01614236 ustep: 1 
iter: 2  value: 16640.03 mgc: 6.987238e-06 ustep: 1 
iter: 3  mgc: 1.991296e-12 
iter: 1  mgc: 1.991296e-12 
outer mgc:  0.09323387 
iter: 1  value: 16640.04 mgc: 0.01408111 ustep: 1 
iter: 2  value: 16640.04 mgc: 3.209905e-06 ustep: 1 
iter: 3  mgc: 1.625367e-13 
iter: 1  mgc: 1.625367e-13 
outer mgc:  0.08848672 
iter: 1  value: 16639.99 mgc: 0.01383756 ustep: 1 
iter: 2  value: 16639.99 mgc: 1.230042e-06 ustep: 1 
iter: 3  mgc: 3.996803e-14 
iter: 1  mgc: 3.996803e-14 
outer mgc:  0.1171399 
iter: 1  value: 16640 mgc: 0.00551307 ustep: 1 
iter: 2  value: 16640 mgc: 1.05025e-06 ustep: 1 
iter: 3  mgc: 4.085621e-14 
iter: 1  mgc: 4.085621e-14 
outer mgc:  0.0261705 
iter: 1  value: 16640.01 mgc: 0.005120774 ustep: 1 
iter: 2  value: 16640.01 mgc: 4.369987e-07 ustep: 1 
iter: 3  mgc: 3.608225e-14 
iter: 1  mgc: 3.608225e-14 
outer mgc:  0.001692825 
iter: 1  value: 16640.01 mgc: 0.0005736826 ustep: 1 
iter: 2  mgc: 4.732974e-09 
iter: 1  mgc: 4.732974e-09 
outer mgc:  0.0003444748 
iter: 1  mgc: 4.732974e-09 
iter: 1  mgc: 4.732974e-09 
outer mgc:  0.0003444748 
iter: 1  value: 16640.02 mgc: 0.01723736 ustep: 1 
iter: 2  value: 16640.02 mgc: 2.995392e-06 ustep: 1 
iter: 3  mgc: 1.478817e-13 
outer mgc:  0.3181132 
iter: 1  value: 16640.01 mgc: 0.01723803 ustep: 1 
iter: 2  value: 16640.01 mgc: 2.989187e-06 ustep: 1 
iter: 3  mgc: 1.532108e-13 
outer mgc:  0.3182198 
iter: 1  value: 16640.02 mgc: 0.008746805 ustep: 1 
iter: 2  value: 16640.02 mgc: 8.483841e-07 ustep: 1 
iter: 3  mgc: 3.730349e-14 
outer mgc:  0.4492866 
iter: 1  value: 16640.01 mgc: 0.008745277 ustep: 1 
iter: 2  value: 16640.01 mgc: 8.481725e-07 ustep: 1 
iter: 3  mgc: 4.407585e-14 
outer mgc:  0.4486483 
iter: 1  value: 16640 mgc: 0.008363284 ustep: 1 
iter: 2  value: 16640 mgc: 1.728786e-06 ustep: 1 
iter: 3  mgc: 9.4591e-14 
outer mgc:  0.2805198 
iter: 1  value: 16640.02 mgc: 0.008354651 ustep: 1 
iter: 2  value: 16640.02 mgc: 1.72849e-06 ustep: 1 
iter: 3  mgc: 8.526513e-14 
outer mgc:  0.2801021 
iter: 1  value: 16640.01 mgc: 0.004847523 ustep: 1 
iter: 2  value: 16640.01 mgc: 6.628949e-07 ustep: 1 
iter: 3  mgc: 4.107825e-14 
outer mgc:  0.217848 
iter: 1  value: 16640.02 mgc: 0.004843546 ustep: 1 
iter: 2  value: 16640.02 mgc: 6.624794e-07 ustep: 1 
iter: 3  mgc: 3.330669e-14 
outer mgc:  0.2173459 
iter: 1  value: 16640.03 mgc: 0.005899827 ustep: 1 
iter: 2  value: 16640.03 mgc: 2.716107e-07 ustep: 1 
iter: 3  mgc: 4.271583e-14 
outer mgc:  0.02868791 
iter: 1  value: 16640 mgc: 0.005905735 ustep: 1 
iter: 2  value: 16640 mgc: 2.718496e-07 ustep: 1 
iter: 3  mgc: 2.997602e-14 
outer mgc:  0.02858743 
iter: 1  value: 16640.04 mgc: 0.006327501 ustep: 1 
iter: 2  value: 16640.04 mgc: 5.660211e-07 ustep: 1 
iter: 3  mgc: 3.641532e-14 
outer mgc:  0.01101938 
iter: 1  value: 16639.99 mgc: 0.006333822 ustep: 1 
iter: 2  value: 16639.99 mgc: 5.661697e-07 ustep: 1 
iter: 3  mgc: 3.544387e-14 
outer mgc:  0.01099726 
iter: 1  value: 16639.98 mgc: 0.004397905 ustep: 1 
iter: 2  value: 16639.98 mgc: 1.551839e-07 ustep: 1 
iter: 3  mgc: 4.218847e-14 
outer mgc:  0.05177693 
iter: 1  value: 16640.05 mgc: 0.004395982 ustep: 1 
iter: 2  value: 16640.05 mgc: 1.552248e-07 ustep: 1 
iter: 3  mgc: 3.014256e-14 
outer mgc:  0.05169288 
[Sat Aug 14 03:28:52 2021]
Finished job 0.
1 of 1 steps (100%) done
