Building DAG of jobs...
Using shell: /usr/bin/bash
Provided cores: 1 (use --cores to define parallelism)
Rules claiming more threads will be scaled down.
Job counts:
	count	jobs
	1	inference_simulation_TMB_multiple
	1

[Fri Aug 13 21:36:07 2021]
rule inference_simulation_TMB_multiple:
    input: ../data/assessing_models_simulation/datasets/multiple_GenerationJnorm2_20_100_80_5_0.02_NA_NA_NA_dataset0.RDS
    output: ../data/assessing_models_simulation/inference_results/TMB/nlminb/multiple_GenerationJnorm2_20_100_80_5_0.02_fullREM_NA_NA_NA_dataset0.RDS
    log: logs/inference/nlminb/simulation_GenerationJnorm2_20_100_80_5_0.02_ModelfullREM_NA_NA_NA_dataset0.log
    jobid: 0
    wildcards: optimiser=nlminb, datasetgeneration=GenerationJnorm2, n=20, nlambda=100, lmbda=80, d=5, beta_intensity=0.02, model=fullREM, fixed_beta_intercept=NA, fixed_beta_slope=NA, sdRE_input=NA, itnum=0

Rscript 2_inference_TMB/run_TMB.R --input ../data/assessing_models_simulation/datasets/multiple_GenerationJnorm2_20_100_80_5_0.02_NA_NA_NA_dataset0.RDS --output ../data/assessing_models_simulation/inference_results/TMB/nlminb/multiple_GenerationJnorm2_20_100_80_5_0.02_fullREM_NA_NA_NA_dataset0.RDS --model fullREM --optimiser nlminb
Model: fullREM 
Feature type: signatures 
Using nlminb: TRUE 
Simulation boolean: TRUE 
make: Nothing to be done for 'all'.
../data/assessing_models_simulation/datasets/multiple_GenerationJnorm2_20_100_80_5_0.02_NA_NA_NA_dataset0.RDS[1] "../data/assessing_models_simulation/datasets/multiple_GenerationJnorm2_20_100_80_5_0.02_NA_NA_NA_dataset0.RDS"
Reading file ../data/assessing_models_simulation/datasets/multiple_GenerationJnorm2_20_100_80_5_0.02_NA_NA_NA_dataset0.RDS 
Loading required package: nnet
# weights:  15 (8 variable)
initial  value 6543.974552 
iter  10 value 6173.563771
final  value 6126.180506 
converged
Order of parameters:
[1] "beta"       "u_large"    "logs_sd_RE" "cov_par_RE"
Not matching template order:
[1] "beta"       "u_large"    "cov_par_RE" "logs_sd_RE"
Your parameter list has been re-ordered.
(Disable this warning with checkParameterOrder=FALSE)
Constructing atomic invpd
Constructing atomic D_lgamma
Constructing atomic invpd
Constructing atomic D_lgamma
Constructing atomic matmul
Constructing atomic invpd
Constructing atomic D_lgamma
Constructing atomic matmul
Optimizing tape... Done
iter: 1  value: 739.0268 mgc: 79.85583 ustep: 1 
iter: 2  value: 586.6247 mgc: 46.2278 ustep: 1 
iter: 3  value: 576.8572 mgc: 13.02519 ustep: 1 
iter: 4  value: 576.8235 mgc: 0.6333853 ustep: 1 
iter: 5  value: 576.8235 mgc: 0.008355441 ustep: 1 
iter: 6  value: 576.8235 mgc: 1.513083e-06 ustep: 1 
iter: 7  mgc: 5.170864e-14 
iter: 1  mgc: 5.170864e-14 
Matching hessian patterns... Done
outer mgc:  41.66969 
iter: 1  value: 584.4151 mgc: 23.87823 ustep: 1 
iter: 2  value: 583.6834 mgc: 1.678136 ustep: 1 
iter: 3  value: 583.6831 mgc: 0.04266025 ustep: 1 
iter: 4  value: 583.6831 mgc: 3.018868e-05 ustep: 1 
iter: 5  mgc: 1.511102e-11 
iter: 1  value: 563.0442 mgc: 10.31607 ustep: 1 
iter: 2  value: 563.0156 mgc: 0.3583627 ustep: 1 
iter: 3  value: 563.0156 mgc: 0.001923963 ustep: 1 
iter: 4  value: 563.0156 mgc: 6.426241e-08 ustep: 1 
mgc: 1.988644e-14 
iter: 1  mgc: 1.988644e-14 
outer mgc:  24.45123 
iter: 1  value: 559.4214 mgc: 20.14416 ustep: 1 
iter: 2  value: 559.2331 mgc: 1.030506 ustep: 1 
iter: 3  value: 559.2331 mgc: 0.01220326 ustep: 1 
iter: 4  value: 559.2331 mgc: 1.857284e-06 ustep: 1 
iter: 5  mgc: 3.869127e-14 
iter: 1  mgc: 3.869127e-14 
outer mgc:  50.79769 
iter: 1  value: 544.7721 mgc: 2.580919 ustep: 1 
iter: 2  value: 544.7707 mgc: 0.07083771 ustep: 1 
iter: 3  value: 544.7707 mgc: 7.003477e-05 ustep: 1 
iter: 4  mgc: 2.74037e-10 
iter: 1  mgc: 2.74037e-10 
outer mgc:  20.97872 
iter: 1  value: 538.7465 mgc: 14.31576 ustep: 1 
iter: 2  value: 538.5838 mgc: 1.029295 ustep: 1 
iter: 3  value: 538.5838 mgc: 0.00937209 ustep: 1 
iter: 4  value: 538.5838 mgc: 1.649328e-06 ustep: 1 
iter: 5  mgc: 5.018208e-14 
iter: 1  mgc: 5.018208e-14 
outer mgc:  36.55762 
iter: 1  value: 526.4679 mgc: 5.361476 ustep: 1 
iter: 2  value: 526.4518 mgc: 0.3168853 ustep: 1 
iter: 3  value: 526.4518 mgc: 0.001076964 ustep: 1 
iter: 4  value: 526.4518 mgc: 1.250951e-08 ustep: 1 
mgc: 2.198242e-14 
iter: 1  mgc: 2.198242e-14 
outer mgc:  13.07454 
iter: 1  value: 520.22 mgc: 19.28316 ustep: 1 
iter: 2  value: 520.0975 mgc: 0.9025412 ustep: 1 
iter: 3  value: 520.0975 mgc: 0.00736552 ustep: 1 
iter: 4  value: 520.0975 mgc: 5.914573e-07 ustep: 1 
iter: 5  mgc: 3.153033e-14 
iter: 1  mgc: 3.153033e-14 
outer mgc:  33.79233 
iter: 1  value: 510.2498 mgc: 6.999386 ustep: 1 
iter: 2  value: 510.2425 mgc: 0.203519 ustep: 1 
iter: 3  value: 510.2425 mgc: 0.0004094344 ustep: 1 
iter: 4  mgc: 1.880165e-09 
iter: 1  mgc: 1.880165e-09 
outer mgc:  9.593824 
iter: 1  value: 504.2965 mgc: 14.27592 ustep: 1 
iter: 2  value: 504.2649 mgc: 0.3884386 ustep: 1 
iter: 3  value: 504.2649 mgc: 0.001118023 ustep: 1 
iter: 4  value: 504.2649 mgc: 1.746323e-08 ustep: 1 
mgc: 2.242651e-14 
iter: 1  mgc: 2.242651e-14 
outer mgc:  17.62492 
iter: 1  value: 497.6836 mgc: 10.8068 ustep: 1 
iter: 2  value: 497.6784 mgc: 0.2337379 ustep: 1 
iter: 3  value: 497.6784 mgc: 0.0003209025 ustep: 1 
iter: 4  mgc: 8.283563e-10 
iter: 1  mgc: 8.283563e-10 
outer mgc:  17.82209 
iter: 1  value: 492.8963 mgc: 11.21213 ustep: 1 
iter: 2  value: 492.8766 mgc: 0.4136728 ustep: 1 
iter: 3  value: 492.8766 mgc: 0.001002565 ustep: 1 
iter: 4  mgc: 5.888022e-09 
iter: 1  mgc: 5.888022e-09 
outer mgc:  26.73937 
iter: 1  value: 489.7621 mgc: 8.770371 ustep: 1 
iter: 2  value: 489.7568 mgc: 0.1668809 ustep: 1 
iter: 3  value: 489.7568 mgc: 0.0001553814 ustep: 1 
iter: 4  mgc: 3.902882e-10 
iter: 1  mgc: 3.902882e-10 
outer mgc:  21.8857 
iter: 1  value: 487.079 mgc: 10.18907 ustep: 1 
iter: 2  value: 487.062 mgc: 0.2619101 ustep: 1 
iter: 3  value: 487.062 mgc: 0.0007729412 ustep: 1 
iter: 4  mgc: 7.30203e-09 
iter: 1  mgc: 7.30203e-09 
outer mgc:  33.26153 
iter: 1  value: 483.0965 mgc: 6.007955 ustep: 1 
iter: 2  value: 483.0924 mgc: 0.1964046 ustep: 1 
iter: 3  value: 483.0924 mgc: 0.0002219893 ustep: 1 
iter: 4  mgc: 4.277543e-10 
iter: 1  mgc: 4.277543e-10 
outer mgc:  22.27646 
iter: 1  value: 480.028 mgc: 7.72633 ustep: 1 
iter: 2  value: 480.0232 mgc: 0.1895885 ustep: 1 
iter: 3  value: 480.0232 mgc: 0.0007054289 ustep: 1 
iter: 4  mgc: 8.749918e-09 
iter: 1  mgc: 8.749918e-09 
outer mgc:  10.68229 
iter: 1  value: 477.1156 mgc: 8.648116 ustep: 1 
iter: 2  value: 477.1082 mgc: 0.2702704 ustep: 1 
iter: 3  value: 477.1082 mgc: 0.0004118419 ustep: 1 
iter: 4  mgc: 1.031601e-09 
iter: 1  mgc: 1.031601e-09 
outer mgc:  11.29834 
iter: 1  value: 477.9469 mgc: 18.56145 ustep: 1 
iter: 2  value: 477.9331 mgc: 0.2918263 ustep: 1 
iter: 3  value: 477.9331 mgc: 0.0003922318 ustep: 1 
iter: 4  mgc: 8.957421e-10 
iter: 1  value: 477.2479 mgc: 9.456336 ustep: 1 
iter: 2  value: 477.2457 mgc: 0.1275785 ustep: 1 
iter: 3  value: 477.2457 mgc: 5.97961e-05 ustep: 1 
iter: 4  mgc: 1.692868e-11 
iter: 1  value: 476.3376 mgc: 4.561105 ustep: 1 
iter: 2  value: 476.3375 mgc: 0.03204411 ustep: 1 
iter: 3  value: 476.3375 mgc: 4.005766e-06 ustep: 1 
iter: 4  mgc: 6.128431e-14 
iter: 1  mgc: 6.128431e-14 
outer mgc:  6.33586 
iter: 1  value: 475.8774 mgc: 1.836635 ustep: 1 
iter: 2  value: 475.8774 mgc: 0.01524687 ustep: 1 
iter: 3  value: 475.8774 mgc: 2.148563e-06 ustep: 1 
iter: 4  mgc: 6.095124e-14 
iter: 1  mgc: 6.095124e-14 
outer mgc:  7.500506 
iter: 1  value: 475.1993 mgc: 3.160095 ustep: 1 
iter: 2  value: 475.1993 mgc: 0.01568558 ustep: 1 
iter: 3  value: 475.1993 mgc: 1.325058e-06 ustep: 1 
iter: 4  mgc: 2.098322e-14 
iter: 1  mgc: 2.098322e-14 
outer mgc:  3.885218 
iter: 1  value: 474.5101 mgc: 1.527343 ustep: 1 
iter: 2  value: 474.5101 mgc: 0.003844037 ustep: 1 
iter: 3  value: 474.5101 mgc: 9.38097e-08 ustep: 1 
mgc: 2.009504e-14 
iter: 1  mgc: 2.009504e-14 
outer mgc:  2.285726 
iter: 1  value: 474.1905 mgc: 1.052421 ustep: 1 
iter: 2  value: 474.1905 mgc: 0.004753022 ustep: 1 
iter: 3  value: 474.1905 mgc: 1.063149e-07 ustep: 1 
mgc: 2.398082e-14 
iter: 1  mgc: 2.398082e-14 
outer mgc:  2.671588 
iter: 1  value: 473.6042 mgc: 0.8428441 ustep: 1 
iter: 2  value: 473.6042 mgc: 0.001226093 ustep: 1 
iter: 3  mgc: 3.931344e-09 
iter: 1  mgc: 3.931344e-09 
outer mgc:  1.5255 
iter: 1  value: 473.1469 mgc: 1.345982 ustep: 1 
iter: 2  value: 473.1469 mgc: 0.002055973 ustep: 1 
iter: 3  value: 473.1469 mgc: 2.351417e-08 ustep: 1 
mgc: 1.376677e-14 
iter: 1  mgc: 1.376677e-14 
outer mgc:  5.163343 
iter: 1  value: 472.7819 mgc: 0.8446247 ustep: 1 
iter: 2  value: 472.7819 mgc: 0.002254296 ustep: 1 
iter: 3  value: 472.7819 mgc: 3.177314e-08 ustep: 1 
mgc: 2.664535e-14 
iter: 1  mgc: 2.664535e-14 
outer mgc:  1.405747 
iter: 1  value: 472.5833 mgc: 1.05727 ustep: 1 
iter: 2  value: 472.5833 mgc: 0.003764077 ustep: 1 
iter: 3  value: 472.5833 mgc: 9.513389e-08 ustep: 1 
iter: 4  mgc: 2.077505e-14 
iter: 1  mgc: 2.077505e-14 
outer mgc:  3.332303 
iter: 1  value: 472.2877 mgc: 0.7541416 ustep: 1 
iter: 2  value: 472.2877 mgc: 0.001211203 ustep: 1 
iter: 3  value: 472.2877 mgc: 7.200898e-08 ustep: 1 
iter: 4  mgc: 1.554312e-14 
iter: 1  mgc: 1.554312e-14 
outer mgc:  1.275992 
iter: 1  value: 471.9213 mgc: 1.202339 ustep: 1 
iter: 2  value: 471.9213 mgc: 0.001699615 ustep: 1 
iter: 3  value: 471.9213 mgc: 1.514691e-08 ustep: 1 
mgc: 2.753353e-14 
iter: 1  mgc: 2.753353e-14 
outer mgc:  2.698308 
iter: 1  value: 471.5802 mgc: 1.259942 ustep: 1 
iter: 2  value: 471.5802 mgc: 0.002355479 ustep: 1 
iter: 3  value: 471.5802 mgc: 5.178345e-08 ustep: 1 
mgc: 2.708944e-14 
iter: 1  mgc: 2.708944e-14 
outer mgc:  2.465166 
iter: 1  value: 471.296 mgc: 0.7211491 ustep: 1 
iter: 2  value: 471.296 mgc: 0.002085563 ustep: 1 
iter: 3  value: 471.296 mgc: 4.561249e-08 ustep: 1 
mgc: 3.064216e-14 
iter: 1  mgc: 3.064216e-14 
outer mgc:  1.373998 
iter: 1  value: 470.9243 mgc: 0.664684 ustep: 1 
iter: 2  value: 470.9243 mgc: 0.001028876 ustep: 1 
iter: 3  value: 470.9243 mgc: 4.821437e-08 ustep: 1 
mgc: 3.419487e-14 
iter: 1  mgc: 3.419487e-14 
outer mgc:  3.162449 
iter: 1  value: 470.6313 mgc: 0.605214 ustep: 1 
iter: 2  value: 470.6313 mgc: 0.001129695 ustep: 1 
iter: 3  value: 470.6313 mgc: 1.079021e-08 ustep: 1 
mgc: 2.9865e-14 
iter: 1  mgc: 2.9865e-14 
outer mgc:  0.9911662 
iter: 1  value: 470.3243 mgc: 0.7266152 ustep: 1 
iter: 2  value: 470.3243 mgc: 0.001302428 ustep: 1 
iter: 3  value: 470.3243 mgc: 4.818552e-08 ustep: 1 
mgc: 3.019807e-14 
iter: 1  value: 470.0734 mgc: 0.3956336 ustep: 1 
iter: 2  value: 470.0734 mgc: 0.001432125 ustep: 1 
iter: 3  value: 470.0734 mgc: 1.206321e-07 ustep: 1 
iter: 4  mgc: 3.241851e-14 
iter: 1  mgc: 3.241851e-14 
outer mgc:  1.232522 
iter: 1  value: 469.2685 mgc: 0.5593642 ustep: 1 
iter: 2  value: 469.2685 mgc: 0.001317281 ustep: 1 
iter: 3  value: 469.2685 mgc: 9.557907e-08 ustep: 1 
iter: 4  mgc: 2.797762e-14 
iter: 1  mgc: 2.797762e-14 
outer mgc:  4.303555 
iter: 1  value: 468.536 mgc: 0.9993558 ustep: 1 
iter: 2  value: 468.536 mgc: 0.002262851 ustep: 1 
iter: 3  value: 468.536 mgc: 9.442124e-08 ustep: 1 
iter: 4  mgc: 1.953993e-14 
iter: 1  mgc: 1.953993e-14 
outer mgc:  1.581524 
iter: 1  value: 468.0683 mgc: 1.345659 ustep: 1 
iter: 2  value: 468.0683 mgc: 0.004248581 ustep: 1 
iter: 3  value: 468.0683 mgc: 1.426583e-07 ustep: 1 
mgc: 1.998401e-14 
iter: 1  mgc: 1.998401e-14 
outer mgc:  5.916764 
iter: 1  value: 467.5508 mgc: 1.732944 ustep: 1 
iter: 2  value: 467.5508 mgc: 0.006761369 ustep: 1 
iter: 3  value: 467.5508 mgc: 3.036887e-07 ustep: 1 
iter: 4  mgc: 2.176037e-14 
iter: 1  mgc: 2.176037e-14 
outer mgc:  1.764242 
iter: 1  value: 466.9699 mgc: 1.565779 ustep: 1 
iter: 2  value: 466.9699 mgc: 0.003723886 ustep: 1 
iter: 3  value: 466.9699 mgc: 4.065421e-07 ustep: 1 
iter: 4  mgc: 1.798561e-14 
iter: 1  mgc: 1.798561e-14 
outer mgc:  1.516565 
iter: 1  value: 466.3777 mgc: 1.355813 ustep: 1 
iter: 2  value: 466.3777 mgc: 0.00355659 ustep: 1 
iter: 3  value: 466.3777 mgc: 2.213233e-07 ustep: 1 
iter: 4  mgc: 1.998401e-14 
iter: 1  mgc: 1.998401e-14 
outer mgc:  2.709692 
iter: 1  value: 465.6722 mgc: 0.9829353 ustep: 1 
iter: 2  value: 465.6722 mgc: 0.005041361 ustep: 1 
iter: 3  value: 465.6722 mgc: 2.917467e-07 ustep: 1 
iter: 4  mgc: 1.776357e-14 
iter: 1  mgc: 1.776357e-14 
outer mgc:  0.9671514 
iter: 1  value: 465.1504 mgc: 1.451089 ustep: 1 
iter: 2  value: 465.1504 mgc: 0.007918062 ustep: 1 
iter: 3  value: 465.1504 mgc: 7.5093e-07 ustep: 1 
iter: 4  mgc: 2.930989e-14 
iter: 1  mgc: 2.930989e-14 
outer mgc:  3.117659 
iter: 1  value: 464.7093 mgc: 0.494928 ustep: 1 
iter: 2  value: 464.7093 mgc: 0.0005846655 ustep: 1 
iter: 3  value: 464.7093 mgc: 1.414346e-08 ustep: 1 
mgc: 2.753353e-14 
iter: 1  mgc: 2.753353e-14 
outer mgc:  0.9737308 
iter: 1  value: 464.1134 mgc: 0.8227984 ustep: 1 
iter: 2  value: 464.1134 mgc: 0.002132637 ustep: 1 
iter: 3  value: 464.1134 mgc: 3.203337e-08 ustep: 1 
mgc: 2.475797e-14 
iter: 1  value: 463.3798 mgc: 1.316594 ustep: 1 
iter: 2  value: 463.3798 mgc: 0.005407657 ustep: 1 
iter: 3  value: 463.3798 mgc: 1.869547e-07 ustep: 1 
iter: 4  mgc: 1.709743e-14 
iter: 1  mgc: 1.709743e-14 
outer mgc:  2.652594 
iter: 1  value: 462.1453 mgc: 1.320669 ustep: 1 
iter: 2  value: 462.1453 mgc: 0.001741838 ustep: 1 
iter: 3  value: 462.1453 mgc: 1.22446e-08 ustep: 1 
mgc: 3.003153e-14 
iter: 1  value: 460.1057 mgc: 2.245143 ustep: 1 
iter: 2  value: 460.1057 mgc: 0.003326659 ustep: 1 
iter: 3  value: 460.1057 mgc: 2.576562e-08 ustep: 1 
mgc: 2.797762e-14 
iter: 1  mgc: 2.797762e-14 
outer mgc:  3.288014 
iter: 1  value: 457.6687 mgc: 4.012749 ustep: 1 
iter: 2  value: 457.6686 mgc: 0.02257757 ustep: 1 
iter: 3  value: 457.6686 mgc: 2.266256e-06 ustep: 1 
iter: 4  mgc: 9.85878e-14 
iter: 1  mgc: 9.85878e-14 
outer mgc:  1.830163 
iter: 1  value: 454.2756 mgc: 5.192742 ustep: 1 
iter: 2  value: 454.2752 mgc: 0.04676644 ustep: 1 
iter: 3  value: 454.2752 mgc: 2.368368e-05 ustep: 1 
iter: 4  mgc: 1.035405e-11 
iter: 1  mgc: 1.035405e-11 
outer mgc:  4.008936 
iter: 1  value: 453.3033 mgc: 9.387235 ustep: 1 
iter: 2  value: 453.3027 mgc: 0.05801608 ustep: 1 
iter: 3  value: 453.3027 mgc: 2.419505e-05 ustep: 1 
iter: 4  mgc: 7.051026e-12 
iter: 1  value: 453.7477 mgc: 3.525592 ustep: 1 
iter: 2  value: 453.7477 mgc: 0.008903125 ustep: 1 
iter: 3  value: 453.7477 mgc: 5.537615e-07 ustep: 1 
iter: 4  mgc: 4.03011e-14 
iter: 1  mgc: 4.03011e-14 
outer mgc:  2.92884 
iter: 1  value: 452.7542 mgc: 3.572824 ustep: 1 
iter: 2  value: 452.7541 mgc: 0.003780817 ustep: 1 
iter: 3  value: 452.7541 mgc: 2.360186e-07 ustep: 1 
iter: 4  mgc: 5.223599e-14 
iter: 1  mgc: 5.223599e-14 
outer mgc:  1.390538 
iter: 1  value: 452.1881 mgc: 1.759395 ustep: 1 
iter: 2  value: 452.1881 mgc: 0.002973148 ustep: 1 
iter: 3  value: 452.1881 mgc: 1.534695e-07 ustep: 1 
iter: 4  mgc: 5.839773e-14 
iter: 1  mgc: 5.839773e-14 
outer mgc:  2.255507 
iter: 1  value: 451.6806 mgc: 1.675766 ustep: 1 
iter: 2  value: 451.6806 mgc: 0.001329422 ustep: 1 
iter: 3  value: 451.6806 mgc: 4.05026e-08 ustep: 1 
mgc: 4.618528e-14 
iter: 1  mgc: 4.618528e-14 
outer mgc:  2.162988 
iter: 1  value: 449.5983 mgc: 7.449362 ustep: 1 
iter: 2  value: 449.5983 mgc: 0.001618042 ustep: 1 
iter: 3  value: 449.5983 mgc: 1.895275e-08 ustep: 1 
mgc: 1.165734e-13 
iter: 1  mgc: 1.165734e-13 
outer mgc:  1.40359 
iter: 1  value: 448.0252 mgc: 3.192474 ustep: 1 
iter: 2  value: 448.0252 mgc: 0.001871104 ustep: 1 
iter: 3  value: 448.0252 mgc: 4.394723e-08 ustep: 1 
mgc: 9.05942e-14 
iter: 1  mgc: 9.05942e-14 
outer mgc:  2.541568 
iter: 1  value: 446.8691 mgc: 6.664924 ustep: 1 
iter: 2  value: 446.8691 mgc: 0.001282459 ustep: 1 
iter: 3  value: 446.8691 mgc: 1.647077e-08 ustep: 1 
mgc: 1.225686e-13 
iter: 1  mgc: 1.225686e-13 
outer mgc:  2.884908 
iter: 1  value: 445.7692 mgc: 2.625622 ustep: 1 
iter: 2  value: 445.7692 mgc: 0.0006661561 ustep: 1 
iter: 3  mgc: 5.390701e-09 
iter: 1  mgc: 5.390701e-09 
outer mgc:  0.9954505 
iter: 1  value: 443.2574 mgc: 2.512169 ustep: 1 
iter: 2  value: 443.2574 mgc: 0.0006957335 ustep: 1 
iter: 3  mgc: 9.047144e-09 
iter: 1  mgc: 9.047144e-09 
outer mgc:  0.7008684 
iter: 1  value: 441.5546 mgc: 6.528948 ustep: 1 
iter: 2  value: 441.5546 mgc: 0.0005633722 ustep: 1 
iter: 3  mgc: 3.210375e-09 
iter: 1  mgc: 3.210375e-09 
outer mgc:  1.14769 
iter: 1  value: 439.6573 mgc: 1.584504 ustep: 1 
iter: 2  value: 439.6573 mgc: 0.0006365951 ustep: 1 
iter: 3  mgc: 4.8401e-09 
iter: 1  mgc: 4.8401e-09 
outer mgc:  0.8104153 
iter: 1  value: 436.2627 mgc: 4.062237 ustep: 1 
iter: 2  value: 436.2627 mgc: 5.681884e-05 ustep: 1 
iter: 3  mgc: 2.051781e-11 
iter: 1  mgc: 2.051781e-11 
outer mgc:  0.4198535 
iter: 1  value: 431.8447 mgc: 5.824124 ustep: 1 
iter: 2  value: 431.8447 mgc: 0.0001282292 ustep: 1 
iter: 3  mgc: 7.34794e-10 
iter: 1  mgc: 7.34794e-10 
outer mgc:  0.2823618 
iter: 1  value: 428.2295 mgc: 5.401184 ustep: 1 
iter: 2  value: 428.2295 mgc: 0.0002260923 ustep: 1 
iter: 3  mgc: 5.81466e-10 
iter: 1  mgc: 5.81466e-10 
outer mgc:  0.2473572 
iter: 1  value: 425.2038 mgc: 3.190227 ustep: 1 
iter: 2  value: 425.2038 mgc: 2.12857e-05 ustep: 1 
iter: 3  mgc: 5.342615e-12 
iter: 1  mgc: 5.342615e-12 
outer mgc:  0.1151086 
iter: 1  value: 420.8645 mgc: 5.597549 ustep: 1 
iter: 2  value: 420.8645 mgc: 1.023287e-05 ustep: 1 
iter: 3  mgc: 9.228174e-13 
iter: 1  mgc: 9.228174e-13 
outer mgc:  0.02095518 
iter: 1  value: 417.2969 mgc: 2.84498 ustep: 1 
iter: 2  value: 417.2969 mgc: 4.36223e-06 ustep: 1 
iter: 3  mgc: 1.963318e-12 
iter: 1  mgc: 1.963318e-12 
outer mgc:  0.0320199 
iter: 1  value: 413.1262 mgc: 5.976978 ustep: 1 
iter: 2  value: 413.1262 mgc: 5.072431e-06 ustep: 1 
iter: 3  mgc: 2.619238e-12 
iter: 1  mgc: 2.619238e-12 
outer mgc:  0.03449263 
iter: 1  value: 409.6858 mgc: 3.872704 ustep: 1 
iter: 2  value: 409.6858 mgc: 2.568628e-06 ustep: 1 
iter: 3  mgc: 4.069634e-12 
iter: 1  mgc: 4.069634e-12 
outer mgc:  0.0290759 
iter: 1  value: 405.3705 mgc: 11.03423 ustep: 1 
iter: 2  value: 405.3705 mgc: 4.611621e-06 ustep: 1 
iter: 3  mgc: 5.464074e-12 
iter: 1  mgc: 5.464074e-12 
outer mgc:  0.03538789 
iter: 1  value: 401.8347 mgc: 11.62945 ustep: 1 
iter: 2  value: 401.8347 mgc: 2.380373e-06 ustep: 1 
iter: 3  mgc: 8.048673e-12 
iter: 1  mgc: 8.048673e-12 
outer mgc:  0.03298765 
iter: 1  value: 398.8241 mgc: 6.317941 ustep: 1 
iter: 2  value: 398.8241 mgc: 2.858087e-07 ustep: 1 
iter: 3  mgc: 1.674749e-11 
iter: 1  mgc: 1.674749e-11 
outer mgc:  0.002969164 
iter: 1  value: 394.4272 mgc: 7.606394 ustep: 1 
iter: 2  value: 394.4272 mgc: 3.556167e-08 ustep: 1 
mgc: 2.088196e-11 
iter: 1  mgc: 2.088196e-11 
outer mgc:  0.007800622 
iter: 1  value: 390.8247 mgc: 10.08855 ustep: 1 
iter: 2  value: 390.8247 mgc: 4.172704e-08 ustep: 1 
mgc: 4.80318e-11 
iter: 1  mgc: 4.80318e-11 
outer mgc:  0.003360475 
iter: 1  value: 386.6728 mgc: 11.20573 ustep: 1 
iter: 2  value: 386.6728 mgc: 3.10432e-08 ustep: 1 
mgc: 5.827627e-11 
iter: 1  mgc: 5.827627e-11 
outer mgc:  0.004658437 
iter: 1  value: 383.2373 mgc: 15.20116 ustep: 1 
iter: 2  value: 383.2373 mgc: 2.061501e-08 ustep: 1 
mgc: 7.676187e-11 
iter: 1  mgc: 7.676187e-11 
outer mgc:  0.001410653 
iter: 1  value: 379.0119 mgc: 21.06342 ustep: 1 
iter: 2  value: 379.0119 mgc: 1.639241e-08 ustep: 1 
mgc: 9.42344e-11 
iter: 1  mgc: 9.42344e-11 
outer mgc:  0.003064308 
iter: 1  value: 375.5264 mgc: 22.61437 ustep: 1 
iter: 2  value: 375.5264 mgc: 1.342601e-08 ustep: 1 
mgc: 1.189822e-10 
iter: 1  mgc: 1.189822e-10 
outer mgc:  0.0008854998 
iter: 1  value: 371.3161 mgc: 37.25006 ustep: 1 
iter: 2  value: 371.3161 mgc: 1.716502e-08 ustep: 1 
mgc: 2.029674e-10 
iter: 1  mgc: 2.029674e-10 
outer mgc:  0.001526645 
iter: 1  value: 367.8407 mgc: 28.84983 ustep: 1 
iter: 2  value: 367.8407 mgc: 1.090347e-08 ustep: 1 
mgc: 3.623679e-10 
iter: 1  mgc: 3.623679e-10 
outer mgc:  0.0005024777 
iter: 1  value: 363.6342 mgc: 51.36796 ustep: 1 
iter: 2  mgc: 9.841055e-09 
iter: 1  mgc: 9.841055e-09 
outer mgc:  0.0008119573 
iter: 1  value: 360.1611 mgc: 34.87299 ustep: 1 
iter: 2  mgc: 4.561321e-09 
iter: 1  mgc: 4.561321e-09 
outer mgc:  0.0003498503 
iter: 1  value: 355.9734 mgc: 52.72728 ustep: 1 
iter: 2  mgc: 3.034053e-09 
iter: 1  mgc: 3.034053e-09 
outer mgc:  0.0004274483 
iter: 1  value: 352.5126 mgc: 34.88985 ustep: 1 
iter: 2  mgc: 1.413773e-09 
iter: 1  mgc: 1.413773e-09 
outer mgc:  0.001188162 
iter: 1  mgc: 1.413773e-09 
iter: 1  mgc: 1.413773e-09 
outer mgc:  0.001188162 
iter: 1  value: 352.5142 mgc: 0.05282643 ustep: 1 
iter: 2  value: 352.5142 mgc: 3.904776e-06 ustep: 1 
iter: 3  mgc: 1.141974e-09 
outer mgc:  0.3057395 
iter: 1  value: 352.5112 mgc: 0.0528205 ustep: 1 
iter: 2  value: 352.5112 mgc: 3.90579e-06 ustep: 1 
iter: 3  mgc: 9.435082e-10 
outer mgc:  0.3059581 
iter: 1  value: 352.5134 mgc: 0.02485567 ustep: 1 
iter: 2  value: 352.5134 mgc: 1.104579e-06 ustep: 1 
iter: 3  mgc: 9.94981e-10 
outer mgc:  0.2521158 
iter: 1  value: 352.512 mgc: 0.02484796 ustep: 1 
iter: 2  value: 352.512 mgc: 1.104069e-06 ustep: 1 
iter: 3  mgc: 1.520328e-09 
outer mgc:  0.2521635 
iter: 1  value: 352.5135 mgc: 0.05547234 ustep: 1 
iter: 2  value: 352.5135 mgc: 7.38929e-06 ustep: 1 
iter: 3  mgc: 1.242785e-09 
outer mgc:  0.100798 
iter: 1  value: 352.5117 mgc: 0.0554711 ustep: 1 
iter: 2  value: 352.5117 mgc: 7.398493e-06 ustep: 1 
iter: 3  mgc: 1.327152e-09 
outer mgc:  0.1007214 
iter: 1  value: 352.5131 mgc: 0.03023822 ustep: 1 
iter: 2  value: 352.5131 mgc: 2.070176e-06 ustep: 1 
iter: 3  mgc: 1.528098e-09 
outer mgc:  0.2419836 
iter: 1  value: 352.5122 mgc: 0.03023761 ustep: 1 
iter: 2  value: 352.5122 mgc: 2.071488e-06 ustep: 1 
iter: 3  mgc: 1.20714e-09 
outer mgc:  0.2417346 
iter: 1  value: 352.512 mgc: 0.04513343 ustep: 1 
iter: 2  value: 352.512 mgc: 8.884494e-06 ustep: 1 
iter: 3  mgc: 1.272749e-09 
outer mgc:  0.03782224 
iter: 1  value: 352.5132 mgc: 0.04511853 ustep: 1 
iter: 2  value: 352.5132 mgc: 8.893236e-06 ustep: 1 
iter: 3  mgc: 1.179382e-09 
outer mgc:  0.03759701 
iter: 1  value: 352.5124 mgc: 0.02480531 ustep: 1 
iter: 2  value: 352.5124 mgc: 2.667377e-06 ustep: 1 
iter: 3  mgc: 1.231928e-09 
outer mgc:  0.1155474 
iter: 1  value: 352.5129 mgc: 0.02479788 ustep: 1 
iter: 2  value: 352.5129 mgc: 2.667551e-06 ustep: 1 
iter: 3  mgc: 1.763271e-09 
outer mgc:  0.1154653 
iter: 1  value: 352.5113 mgc: 0.03208086 ustep: 1 
iter: 2  value: 352.5113 mgc: 1.549082e-06 ustep: 1 
iter: 3  mgc: 1.310945e-09 
outer mgc:  0.2575161 
iter: 1  value: 352.5141 mgc: 0.03206027 ustep: 1 
iter: 2  value: 352.5141 mgc: 1.545626e-06 ustep: 1 
iter: 3  mgc: 1.199287e-09 
outer mgc:  0.2572928 
iter: 1  value: 352.512 mgc: 0.01442818 ustep: 1 
iter: 2  value: 352.512 mgc: 3.165589e-07 ustep: 1 
iter: 3  mgc: 1.243746e-09 
outer mgc:  0.1390056 
iter: 1  value: 352.5133 mgc: 0.01441856 ustep: 1 
iter: 2  value: 352.5133 mgc: 3.16793e-07 ustep: 1 
iter: 3  mgc: 1.595201e-09 
outer mgc:  0.1389104 
iter: 1  value: 352.5142 mgc: 910.9629 ustep: 1 
iter: 2  value: 352.5142 mgc: 1.352e-07 ustep: 1 
iter: 3  mgc: 1.181199e-09 
outer mgc:  0.02166353 
iter: 1  value: 352.511 mgc: 911.3841 ustep: 1 
iter: 2  value: 352.511 mgc: 1.354059e-07 ustep: 1 
iter: 3  mgc: 1.183359e-09 
outer mgc:  0.01857935 
iter: 1  value: 352.5124 mgc: 1066.713 ustep: 1 
iter: 2  value: 352.5124 mgc: 1.94362e-07 ustep: 1 
iter: 3  mgc: 8.32119e-10 
outer mgc:  0.01826932 
iter: 1  value: 352.5128 mgc: 1066.625 ustep: 1 
iter: 2  value: 352.5128 mgc: 1.9494e-07 ustep: 1 
iter: 3  mgc: 8.953971e-10 
outer mgc:  0.01900522 
iter: 1  value: 352.5119 mgc: 1035.135 ustep: 1 
iter: 2  value: 352.5119 mgc: 3.585371e-07 ustep: 1 
iter: 3  mgc: 6.729897e-10 
outer mgc:  0.01743814 
iter: 1  value: 352.5132 mgc: 1034.801 ustep: 1 
iter: 2  value: 352.5132 mgc: 3.579288e-07 ustep: 1 
iter: 3  mgc: 1.07955e-09 
outer mgc:  0.01695456 
iter: 1  value: 352.5126 mgc: 0.9176972 ustep: 1 
iter: 2  mgc: 1.624624e-09 
outer mgc:  0.001183649 
iter: 1  value: 352.5126 mgc: 0.9176958 ustep: 1 
iter: 2  mgc: 9.177024e-10 
outer mgc:  0.0003986615 
iter: 1  value: 352.5126 mgc: 4.139052 ustep: 1 
iter: 2  mgc: 2.091779e-09 
outer mgc:  0.0009175823 
iter: 1  value: 352.5126 mgc: 4.139052 ustep: 1 
iter: 2  mgc: 1.282578e-09 
outer mgc:  0.001419036 
iter: 1  value: 352.5126 mgc: 3.862275 ustep: 1 
iter: 2  mgc: 8.862937e-10 
outer mgc:  0.0002320584 
iter: 1  value: 352.5126 mgc: 3.862275 ustep: 1 
iter: 2  mgc: 1.503281e-09 
outer mgc:  0.004334826 
iter: 1  value: 352.5212 mgc: 5519.469 ustep: 1 
iter: 2  value: 352.5212 mgc: 3.587665e-06 ustep: 1 
iter: 3  mgc: 9.723822e-10 
outer mgc:  0.1266543 
iter: 1  value: 352.504 mgc: 5536.052 ustep: 1 
iter: 2  value: 352.504 mgc: 3.583443e-06 ustep: 1 
iter: 3  mgc: 1.411932e-09 
outer mgc:  0.1268427 
iter: 1  value: 352.5163 mgc: 869.5292 ustep: 1 
iter: 2  value: 352.5163 mgc: 5.360223e-07 ustep: 1 
iter: 3  mgc: 1.496808e-09 
outer mgc:  0.03104882 
iter: 1  value: 352.5088 mgc: 870.3992 ustep: 1 
iter: 2  value: 352.5088 mgc: 5.383829e-07 ustep: 1 
iter: 3  mgc: 1.374443e-09 
outer mgc:  0.03110176 
iter: 1  value: 352.5158 mgc: 1035.462 ustep: 1 
iter: 2  value: 352.5158 mgc: 1.323173e-06 ustep: 1 
iter: 3  mgc: 1.563466e-09 
outer mgc:  0.0326461 
iter: 1  value: 352.5093 mgc: 1036.498 ustep: 1 
iter: 2  value: 352.5093 mgc: 1.325845e-06 ustep: 1 
iter: 3  mgc: 1.540728e-09 
outer mgc:  0.03288424 
iter: 1  value: 352.5251 mgc: 5302.862 ustep: 1 
iter: 2  value: 352.5251 mgc: 4.782705e-06 ustep: 1 
iter: 3  mgc: 1.021531e-09 
outer mgc:  0.1365275 
iter: 1  value: 352.5001 mgc: 5308.168 ustep: 1 
iter: 2  value: 352.5001 mgc: 4.798797e-06 ustep: 1 
iter: 3  mgc: 1.20732e-09 
outer mgc:  0.1361245 
[Fri Aug 13 21:36:11 2021]
Finished job 0.
1 of 1 steps (100%) done
