Building DAG of jobs...
Using shell: /usr/bin/bash
Provided cores: 40
Rules claiming more threads will be scaled down.
Job counts:
	count	jobs
	1	inference_simulation_TMB_multiple
	1
Select jobs to execute...

[Sun Aug 15 14:44:26 2021]
rule inference_simulation_TMB_multiple:
    input: ../data/assessing_models_simulation/datasets/multiple_GenerationCnorm_50_100_80_7_4_NA_NA_NA_dataset1.RDS
    output: ../data/assessing_models_simulation/inference_results/TMB/nlminb/multiple_GenerationCnorm_50_100_80_7_4_fullREDMsinglelambda_NA_NA_NA_dataset1.RDS
    log: logs/inference/nlminb/simulation_GenerationCnorm_50_100_80_7_4_ModelfullREDMsinglelambda_NA_NA_NA_dataset1.log
    jobid: 0
    wildcards: optimiser=nlminb, datasetgeneration=GenerationCnorm, n=50, nlambda=100, lmbda=80, d=7, beta_intensity=4, model=fullREDMsinglelambda, fixed_beta_intercept=NA, fixed_beta_slope=NA, sdRE_input=NA, itnum=1

Rscript 2_inference_TMB/run_TMB.R --input ../data/assessing_models_simulation/datasets/multiple_GenerationCnorm_50_100_80_7_4_NA_NA_NA_dataset1.RDS --output ../data/assessing_models_simulation/inference_results/TMB/nlminb/multiple_GenerationCnorm_50_100_80_7_4_fullREDMsinglelambda_NA_NA_NA_dataset1.RDS --model fullREDMsinglelambda --optimiser nlminb
Model: fullREDMsinglelambda 
Feature type: signatures 
Using nlminb: TRUE 
Simulation boolean: TRUE 
make: Nothing to be done for 'all'.
../data/assessing_models_simulation/datasets/multiple_GenerationCnorm_50_100_80_7_4_NA_NA_NA_dataset1.RDS[1] "../data/assessing_models_simulation/datasets/multiple_GenerationCnorm_50_100_80_7_4_NA_NA_NA_dataset1.RDS"
Reading file ../data/assessing_models_simulation/datasets/multiple_GenerationCnorm_50_100_80_7_4_NA_NA_NA_dataset1.RDS 
Loading required package: nnet
# weights:  21 (12 variable)
initial  value 19223.646363 
iter  10 value 16539.908286
iter  20 value 15859.824976
final  value 15859.785542 
converged
Order of parameters:
[1] "beta"       "u_large"    "logs_sd_RE" "cov_par_RE" "log_lambda"
Not matching template order:
[1] "beta"       "logs_sd_RE" "cov_par_RE" "log_lambda" "u_large"   
Your parameter list has been re-ordered.
(Disable this warning with checkParameterOrder=FALSE)
Constructing atomic invpd
Constructing atomic D_lgamma
Constructing atomic invpd
Constructing atomic D_lgamma
Constructing atomic matmul
Constructing atomic invpd
Constructing atomic D_lgamma
Constructing atomic matmul
Optimizing tape... Done
iter: 1  value: 16904.87 mgc: 5.470875 ustep: 1 
iter: 2  value: 16888.91 mgc: 3.734749 ustep: 0.989901 
iter: 3  value: 16839.81 mgc: 14.22489 ustep: 0.7330198 
iter: 4  value: 16818.17 mgc: 9.905482 ustep: 0.8561802 
iter: 5  value: 16789.52 mgc: 6.926591 ustep: 0.7266281 
iter: 6  value: 16774.84 mgc: 6.193133 ustep: 0.6158025 
iter: 7  value: 16764.47 mgc: 6.246718 ustep: 0.7847523 
iter: 8  value: 16759.28 mgc: 2.137144 ustep: 0.8858739 
iter: 9  value: 16758.31 mgc: 0.3132699 ustep: 0.9412146 
iter: 10  value: 16758.29 mgc: 0.158181 ustep: 0.9701651 
iter: 11  value: 16758.29 mgc: 0.006196177 ustep: 0.9849711 
iter: 12  value: 16758.29 mgc: 0.0002587751 ustep: 0.9924579 
iter: 13  value: 16758.29 mgc: 6.15292e-06 ustep: 0.9962222 
iter: 14  value: 16758.29 mgc: 7.418796e-08 ustep: 0.9981095 
iter: 15  mgc: 4.44105e-10 
iter: 1  mgc: 4.44105e-10 
Matching hessian patterns... Done
outer mgc:  200.6823 
iter: 1  value: 16503.84 mgc: 1.46524 ustep: 1 
iter: 2  value: 16503.54 mgc: 0.5787346 ustep: 1 
iter: 3  value: 16503.54 mgc: 0.03786236 ustep: 1 
iter: 4  value: 16503.54 mgc: 0.0002001027 ustep: 1 
iter: 5  mgc: 5.994768e-09 
iter: 1  value: 16260.76 mgc: 4.918429 ustep: 1 
iter: 2  value: 16258.8 mgc: 1.47992 ustep: 1 
iter: 3  value: 16258.78 mgc: 0.1208744 ustep: 1 
iter: 4  value: 16258.78 mgc: 0.005820748 ustep: 1 
iter: 5  value: 16258.78 mgc: 1.987076e-05 ustep: 1 
iter: 6  mgc: 2.613412e-10 
iter: 1  mgc: 2.613412e-10 
outer mgc:  110.223 
iter: 1  value: 16293.55 mgc: 11.61488 ustep: 1 
iter: 2  value: 16237.3 mgc: 4.741786 ustep: 1 
iter: 3  value: 16235.01 mgc: 0.9916686 ustep: 1 
iter: 4  value: 16235 mgc: 0.097761 ustep: 1 
iter: 5  value: 16235 mgc: 0.001500956 ustep: 1 
iter: 6  value: 16235 mgc: 3.565104e-07 ustep: 1 
iter: 7  mgc: 2.065015e-14 
iter: 1  mgc: 2.065015e-14 
outer mgc:  136.1205 
iter: 1  value: 16255.14 mgc: 16.52332 ustep: 0.2494656 
iter: 2  value: 16025.97 mgc: 28.29987 ustep: 0.4995153 
iter: 3  value: 16012.69 mgc: 18.02022 ustep: 0.7067933 
iter: 4  value: 16010.74 mgc: 8.565833 ustep: 0.8407259 
iter: 5  value: 16010.72 mgc: 0.357957 ustep: 0.9169194 
iter: 6  value: 16010.72 mgc: 0.0048864 ustep: 0.9575633 
iter: 7  value: 16010.72 mgc: 0.0002161172 ustep: 0.9785538 
iter: 8  value: 16010.72 mgc: 6.311173e-06 ustep: 0.9892199 
iter: 9  value: 16010.72 mgc: 9.605329e-08 ustep: 0.9945959 
iter: 10  mgc: 7.379667e-10 
iter: 1  mgc: 7.379667e-10 
outer mgc:  211.9905 
iter: 1  value: 16624.62 mgc: 36.16822 ustep: 1 
iter: 2  value: 16476.89 mgc: 11.54647 ustep: 1 
iter: 3  value: 16475.69 mgc: 1.58325 ustep: 1 
iter: 4  value: 16475.69 mgc: 0.04154058 ustep: 1 
iter: 5  value: 16475.69 mgc: 4.482354e-05 ustep: 1 
iter: 6  mgc: 5.381939e-11 
iter: 1  value: 15886.82 mgc: 10.02754 ustep: 1 
iter: 2  value: 15885.85 mgc: 0.8604241 ustep: 1 
iter: 3  value: 15885.85 mgc: 0.02475017 ustep: 1 
iter: 4  value: 15885.85 mgc: 2.907125e-05 ustep: 1 
iter: 5  mgc: 1.34567e-10 
iter: 1  mgc: 1.34567e-10 
outer mgc:  192.9156 
iter: 1  value: 15889.94 mgc: 11.57254 ustep: 1 
iter: 2  value: 15889.81 mgc: 0.4419479 ustep: 1 
iter: 3  value: 15889.81 mgc: 0.00434703 ustep: 1 
iter: 4  value: 15889.81 mgc: 4.381702e-07 ustep: 1 
iter: 5  mgc: 2.442491e-14 
iter: 1  mgc: 2.442491e-14 
outer mgc:  185.2796 
iter: 1  value: 15782.22 mgc: 9.026198 ustep: 1 
iter: 2  value: 15782.14 mgc: 0.2797524 ustep: 1 
iter: 3  value: 15782.14 mgc: 0.001983986 ustep: 1 
iter: 4  value: 15782.14 mgc: 9.766031e-08 ustep: 1 
iter: 5  mgc: 1.154632e-14 
iter: 1  mgc: 1.154632e-14 
outer mgc:  64.922 
iter: 1  value: 15692.59 mgc: 8.32598 ustep: 1 
iter: 2  value: 15692.49 mgc: 0.4255596 ustep: 1 
iter: 3  value: 15692.49 mgc: 0.001510937 ustep: 1 
iter: 4  value: 15692.49 mgc: 1.71525e-08 ustep: 1 
mgc: 1.332268e-14 
iter: 1  mgc: 1.332268e-14 
outer mgc:  56.23683 
iter: 1  value: 15677.32 mgc: 12.11984 ustep: 1 
iter: 2  value: 15677.18 mgc: 0.4987161 ustep: 1 
iter: 3  value: 15677.18 mgc: 0.001925115 ustep: 1 
iter: 4  value: 15677.18 mgc: 1.293812e-08 ustep: 1 
mgc: 2.4869e-14 
iter: 1  value: 15679.17 mgc: 5.703761 ustep: 1 
iter: 2  value: 15679.16 mgc: 0.1207947 ustep: 1 
iter: 3  value: 15679.16 mgc: 0.0001147289 ustep: 1 
iter: 4  mgc: 5.081575e-10 
iter: 1  mgc: 5.081575e-10 
outer mgc:  58.17559 
iter: 1  value: 15654.3 mgc: 4.505641 ustep: 1 
iter: 2  value: 15654.3 mgc: 0.07084132 ustep: 1 
iter: 3  value: 15654.3 mgc: 3.190883e-05 ustep: 1 
iter: 4  mgc: 5.232703e-12 
iter: 1  mgc: 5.232703e-12 
outer mgc:  76.09082 
iter: 1  value: 15624.29 mgc: 4.146448 ustep: 1 
iter: 2  value: 15624.29 mgc: 0.01669344 ustep: 1 
iter: 3  value: 15624.29 mgc: 1.44504e-06 ustep: 1 
iter: 4  mgc: 2.153833e-13 
iter: 1  mgc: 2.153833e-13 
outer mgc:  34.69217 
iter: 1  value: 15596.84 mgc: 3.010572 ustep: 1 
iter: 2  value: 15596.84 mgc: 0.01861302 ustep: 1 
iter: 3  value: 15596.84 mgc: 1.689728e-06 ustep: 1 
iter: 4  mgc: 4.818368e-14 
iter: 1  mgc: 4.818368e-14 
outer mgc:  20.28454 
iter: 1  value: 15576.14 mgc: 3.510789 ustep: 1 
iter: 2  value: 15576.14 mgc: 0.02502338 ustep: 1 
iter: 3  value: 15576.14 mgc: 1.266598e-06 ustep: 1 
iter: 4  mgc: 4.751755e-14 
iter: 1  mgc: 4.751755e-14 
outer mgc:  38.44856 
iter: 1  value: 15543.97 mgc: 3.978445 ustep: 1 
iter: 2  value: 15543.97 mgc: 0.01341004 ustep: 1 
iter: 3  value: 15543.97 mgc: 9.522616e-07 ustep: 1 
iter: 4  mgc: 3.652634e-14 
iter: 1  mgc: 3.652634e-14 
outer mgc:  47.64053 
iter: 1  value: 15513.76 mgc: 3.190574 ustep: 1 
iter: 2  value: 15513.76 mgc: 0.01509551 ustep: 1 
iter: 3  value: 15513.76 mgc: 6.055322e-06 ustep: 1 
iter: 4  mgc: 1.846412e-12 
iter: 1  mgc: 1.846412e-12 
outer mgc:  54.0674 
iter: 1  value: 15493.29 mgc: 6.69913 ustep: 1 
iter: 2  value: 15493.28 mgc: 0.07529626 ustep: 1 
iter: 3  value: 15493.28 mgc: 0.0001314522 ustep: 1 
iter: 4  mgc: 1.60909e-09 
iter: 1  mgc: 1.60909e-09 
outer mgc:  65.00345 
iter: 1  value: 15478.47 mgc: 6.419704 ustep: 1 
iter: 2  value: 15478.46 mgc: 0.03099331 ustep: 1 
iter: 3  value: 15478.46 mgc: 1.453092e-05 ustep: 1 
iter: 4  mgc: 1.265299e-11 
iter: 1  mgc: 1.265299e-11 
outer mgc:  53.4802 
iter: 1  value: 15478.6 mgc: 9.296631 ustep: 1 
iter: 2  value: 15478.6 mgc: 0.08339432 ustep: 1 
iter: 3  value: 15478.6 mgc: 2.019001e-05 ustep: 1 
iter: 4  mgc: 4.172107e-12 
iter: 1  mgc: 4.172107e-12 
outer mgc:  74.78759 
iter: 1  value: 15479.75 mgc: 8.988198 ustep: 1 
iter: 2  value: 15479.75 mgc: 0.09247301 ustep: 1 
iter: 3  value: 15479.75 mgc: 0.0001534619 ustep: 1 
iter: 4  mgc: 6.531042e-10 
iter: 1  mgc: 6.531042e-10 
outer mgc:  85.06855 
iter: 1  value: 15466.12 mgc: 11.28402 ustep: 1 
iter: 2  value: 15466.11 mgc: 0.1461303 ustep: 1 
iter: 3  value: 15466.11 mgc: 0.0003284652 ustep: 1 
iter: 4  mgc: 2.538344e-09 
iter: 1  mgc: 2.538344e-09 
outer mgc:  69.32441 
iter: 1  value: 15445.54 mgc: 6.762187 ustep: 1 
iter: 2  value: 15445.54 mgc: 0.09267036 ustep: 1 
iter: 3  value: 15445.54 mgc: 0.0001156954 ustep: 1 
iter: 4  mgc: 1.861511e-10 
iter: 1  mgc: 1.861511e-10 
outer mgc:  52.31863 
iter: 1  value: 15438.51 mgc: 28.21429 ustep: 1 
iter: 2  value: 15438.4 mgc: 0.3696059 ustep: 1 
iter: 3  value: 15438.4 mgc: 0.003114064 ustep: 1 
iter: 4  value: 15438.4 mgc: 2.107011e-07 ustep: 1 
iter: 5  mgc: 4.884981e-14 
iter: 1  value: 15439.49 mgc: 8.061865 ustep: 1 
iter: 2  value: 15439.49 mgc: 0.05301738 ustep: 1 
iter: 3  value: 15439.49 mgc: 8.132966e-05 ustep: 1 
iter: 4  mgc: 1.645366e-10 
iter: 1  mgc: 1.645366e-10 
outer mgc:  81.62304 
iter: 1  value: 15433.45 mgc: 7.632649 ustep: 1 
iter: 2  value: 15433.44 mgc: 0.08399555 ustep: 1 
iter: 3  value: 15433.44 mgc: 2.275368e-05 ustep: 1 
iter: 4  mgc: 2.290612e-12 
iter: 1  mgc: 2.290612e-12 
outer mgc:  60.29848 
iter: 1  value: 15433.07 mgc: 11.81313 ustep: 1 
iter: 2  value: 15433.07 mgc: 0.04193363 ustep: 1 
iter: 3  value: 15433.07 mgc: 1.448709e-05 ustep: 1 
iter: 4  mgc: 6.799006e-12 
iter: 1  mgc: 6.799006e-12 
outer mgc:  36.98191 
iter: 1  value: 15468.32 mgc: 11.1036 ustep: 1 
iter: 2  value: 15468.31 mgc: 0.09054085 ustep: 1 
iter: 3  value: 15468.31 mgc: 1.925004e-05 ustep: 1 
iter: 4  mgc: 2.512213e-12 
iter: 1  value: 15430.49 mgc: 1.981433 ustep: 1 
iter: 2  value: 15430.49 mgc: 0.002304078 ustep: 1 
iter: 3  value: 15430.49 mgc: 1.201196e-08 ustep: 1 
mgc: 4.440892e-14 
iter: 1  mgc: 4.440892e-14 
outer mgc:  14.28083 
iter: 1  value: 15428.41 mgc: 2.152391 ustep: 1 
iter: 2  value: 15428.41 mgc: 0.003789786 ustep: 1 
iter: 3  value: 15428.41 mgc: 4.128978e-08 ustep: 1 
iter: 4  mgc: 4.218847e-14 
iter: 1  mgc: 4.218847e-14 
outer mgc:  17.26387 
iter: 1  value: 15424.58 mgc: 3.933677 ustep: 1 
iter: 2  value: 15424.58 mgc: 0.007154461 ustep: 1 
iter: 3  value: 15424.58 mgc: 1.088848e-06 ustep: 1 
iter: 4  mgc: 4.174439e-14 
iter: 1  mgc: 4.174439e-14 
outer mgc:  19.55533 
iter: 1  value: 15419.95 mgc: 1.838379 ustep: 1 
iter: 2  value: 15419.95 mgc: 0.00297362 ustep: 1 
iter: 3  value: 15419.95 mgc: 8.776054e-08 ustep: 1 
iter: 4  mgc: 5.218048e-14 
iter: 1  mgc: 5.218048e-14 
outer mgc:  8.849629 
iter: 1  value: 15416.8 mgc: 1.893894 ustep: 1 
iter: 2  value: 15416.8 mgc: 0.001120396 ustep: 1 
iter: 3  value: 15416.8 mgc: 1.13685e-08 ustep: 1 
mgc: 4.440892e-14 
iter: 1  mgc: 4.440892e-14 
outer mgc:  12.64979 
iter: 1  value: 15415.19 mgc: 1.843489 ustep: 1 
iter: 2  value: 15415.19 mgc: 0.002709457 ustep: 1 
iter: 3  value: 15415.19 mgc: 3.00866e-08 ustep: 1 
iter: 4  mgc: 4.618528e-14 
iter: 1  mgc: 4.618528e-14 
outer mgc:  6.565207 
iter: 1  value: 15412.5 mgc: 3.295545 ustep: 1 
iter: 2  value: 15412.5 mgc: 0.00342644 ustep: 1 
iter: 3  value: 15412.5 mgc: 1.704391e-07 ustep: 1 
iter: 4  mgc: 5.107026e-14 
iter: 1  mgc: 5.107026e-14 
outer mgc:  13.52548 
iter: 1  value: 15409.35 mgc: 2.5275 ustep: 1 
iter: 2  value: 15409.35 mgc: 0.006186907 ustep: 1 
iter: 3  value: 15409.35 mgc: 5.034369e-08 ustep: 1 
iter: 4  mgc: 5.107026e-14 
iter: 1  mgc: 5.107026e-14 
outer mgc:  11.14257 
iter: 1  value: 15405.46 mgc: 2.411809 ustep: 1 
iter: 2  value: 15405.46 mgc: 0.001374834 ustep: 1 
iter: 3  value: 15405.46 mgc: 3.654895e-08 ustep: 1 
mgc: 6.039613e-14 
iter: 1  mgc: 6.039613e-14 
outer mgc:  10.67191 
iter: 1  value: 15403.6 mgc: 2.183728 ustep: 1 
iter: 2  value: 15403.6 mgc: 0.003713409 ustep: 1 
iter: 3  value: 15403.6 mgc: 1.188366e-07 ustep: 1 
iter: 4  mgc: 5.351275e-14 
iter: 1  mgc: 5.351275e-14 
outer mgc:  8.788492 
iter: 1  value: 15402.68 mgc: 2.640517 ustep: 1 
iter: 2  value: 15402.68 mgc: 0.003783609 ustep: 1 
iter: 3  value: 15402.68 mgc: 2.894792e-08 ustep: 1 
iter: 4  mgc: 4.396483e-14 
iter: 1  mgc: 4.396483e-14 
outer mgc:  8.782418 
iter: 1  value: 15401.8 mgc: 2.772049 ustep: 1 
iter: 2  value: 15401.8 mgc: 0.00316639 ustep: 1 
iter: 3  value: 15401.8 mgc: 1.506985e-07 ustep: 1 
iter: 4  mgc: 5.062617e-14 
iter: 1  mgc: 5.062617e-14 
outer mgc:  12.34118 
iter: 1  value: 15399.65 mgc: 3.346704 ustep: 1 
iter: 2  value: 15399.65 mgc: 0.003897365 ustep: 1 
iter: 3  value: 15399.65 mgc: 2.689264e-07 ustep: 1 
iter: 4  mgc: 4.551914e-14 
iter: 1  mgc: 4.551914e-14 
outer mgc:  7.536604 
iter: 1  value: 15395.91 mgc: 6.557245 ustep: 1 
iter: 2  value: 15395.91 mgc: 0.009473819 ustep: 1 
iter: 3  value: 15395.91 mgc: 1.424298e-06 ustep: 1 
iter: 4  mgc: 5.506706e-14 
iter: 1  mgc: 5.506706e-14 
outer mgc:  6.385676 
iter: 1  value: 15393.54 mgc: 1.562222 ustep: 1 
iter: 2  value: 15393.54 mgc: 0.0009016162 ustep: 1 
iter: 3  mgc: 8.927423e-09 
iter: 1  mgc: 8.927423e-09 
outer mgc:  12.19851 
iter: 1  value: 15392.85 mgc: 3.566503 ustep: 1 
iter: 2  value: 15392.85 mgc: 0.002723192 ustep: 1 
iter: 3  value: 15392.85 mgc: 9.575927e-08 ustep: 1 
iter: 4  mgc: 5.551115e-14 
iter: 1  mgc: 5.551115e-14 
outer mgc:  6.054391 
iter: 1  value: 15391.6 mgc: 1.792076 ustep: 1 
iter: 2  value: 15391.6 mgc: 0.001218658 ustep: 1 
iter: 3  mgc: 5.547419e-09 
iter: 1  value: 15390.86 mgc: 1.976247 ustep: 1 
iter: 2  value: 15390.86 mgc: 0.001080398 ustep: 1 
iter: 3  value: 15390.86 mgc: 1.032266e-08 ustep: 1 
mgc: 4.996004e-14 
iter: 1  mgc: 4.996004e-14 
outer mgc:  3.950735 
iter: 1  value: 15384.67 mgc: 3.923302 ustep: 1 
iter: 2  value: 15384.67 mgc: 0.008515167 ustep: 1 
iter: 3  value: 15384.67 mgc: 8.568444e-07 ustep: 1 
iter: 4  mgc: 5.595524e-14 
iter: 1  mgc: 5.595524e-14 
outer mgc:  8.377552 
iter: 1  value: 15379.38 mgc: 2.583638 ustep: 1 
iter: 2  value: 15379.38 mgc: 0.00267501 ustep: 1 
iter: 3  value: 15379.38 mgc: 8.117572e-08 ustep: 1 
iter: 4  mgc: 6.594725e-14 
iter: 1  mgc: 6.594725e-14 
outer mgc:  19.82136 
iter: 1  value: 15376.78 mgc: 3.234421 ustep: 1 
iter: 2  value: 15376.78 mgc: 0.003846069 ustep: 1 
iter: 3  value: 15376.78 mgc: 1.115494e-07 ustep: 1 
iter: 4  mgc: 5.018208e-14 
iter: 1  mgc: 5.018208e-14 
outer mgc:  12.11588 
iter: 1  value: 15377.64 mgc: 1.648389 ustep: 1 
iter: 2  value: 15377.64 mgc: 0.002777039 ustep: 1 
iter: 3  value: 15377.64 mgc: 1.674118e-07 ustep: 1 
iter: 4  mgc: 4.13003e-14 
iter: 1  mgc: 4.13003e-14 
outer mgc:  8.957031 
iter: 1  value: 15374.29 mgc: 8.935909 ustep: 1 
iter: 2  value: 15374.29 mgc: 0.007182523 ustep: 1 
iter: 3  value: 15374.29 mgc: 5.724245e-07 ustep: 1 
iter: 4  mgc: 4.440892e-14 
iter: 1  mgc: 4.440892e-14 
outer mgc:  8.680333 
iter: 1  value: 15370.66 mgc: 5.816316 ustep: 1 
iter: 2  value: 15370.66 mgc: 0.003670495 ustep: 1 
iter: 3  value: 15370.66 mgc: 4.164069e-08 ustep: 1 
iter: 4  mgc: 4.152234e-14 
iter: 1  mgc: 4.152234e-14 
outer mgc:  14.25765 
iter: 1  value: 15362.96 mgc: 14.14924 ustep: 1 
iter: 2  value: 15362.96 mgc: 0.01452201 ustep: 1 
iter: 3  value: 15362.96 mgc: 2.072555e-06 ustep: 1 
iter: 4  mgc: 7.549517e-14 
iter: 1  mgc: 7.549517e-14 
outer mgc:  5.718009 
iter: 1  value: 15362.41 mgc: 28.00894 ustep: 1 
iter: 2  value: 15362.41 mgc: 0.03449427 ustep: 1 
iter: 3  value: 15362.41 mgc: 9.112027e-06 ustep: 1 
iter: 4  mgc: 6.756817e-13 
iter: 1  value: 15363.74 mgc: 4.701831 ustep: 1 
iter: 2  value: 15363.74 mgc: 0.0009163099 ustep: 1 
iter: 3  mgc: 7.094649e-09 
iter: 1  value: 15363.01 mgc: 1.305677 ustep: 1 
iter: 2  value: 15363.01 mgc: 7.309332e-05 ustep: 1 
iter: 3  mgc: 4.281775e-11 
iter: 1  mgc: 4.281775e-11 
outer mgc:  3.865051 
iter: 1  value: 15363.01 mgc: 1.303344 ustep: 1 
iter: 2  value: 15363.01 mgc: 9.727369e-05 ustep: 1 
iter: 3  mgc: 4.920775e-11 
iter: 1  mgc: 4.920775e-11 
outer mgc:  4.034645 
iter: 1  value: 15362.65 mgc: 1.83719 ustep: 1 
iter: 2  value: 15362.65 mgc: 0.0002702347 ustep: 1 
iter: 3  mgc: 7.24055e-10 
iter: 1  mgc: 7.24055e-10 
outer mgc:  3.268114 
iter: 1  value: 15361.99 mgc: 2.393123 ustep: 1 
iter: 2  value: 15361.99 mgc: 0.0003760401 ustep: 1 
iter: 3  mgc: 1.18e-09 
iter: 1  mgc: 1.18e-09 
outer mgc:  3.890851 
iter: 1  value: 15361.44 mgc: 2.005194 ustep: 1 
iter: 2  value: 15361.44 mgc: 0.0007744209 ustep: 1 
iter: 3  mgc: 7.673338e-09 
iter: 1  value: 15360.52 mgc: 2.989705 ustep: 1 
iter: 2  value: 15360.52 mgc: 0.002196149 ustep: 1 
iter: 3  value: 15360.52 mgc: 6.778141e-08 ustep: 1 
mgc: 7.371881e-14 
iter: 1  mgc: 7.371881e-14 
outer mgc:  3.830768 
iter: 1  value: 15357.33 mgc: 2.488987 ustep: 1 
iter: 2  value: 15357.33 mgc: 0.001284723 ustep: 1 
iter: 3  value: 15357.33 mgc: 1.380613e-08 ustep: 1 
mgc: 5.728751e-14 
iter: 1  mgc: 5.728751e-14 
outer mgc:  6.456404 
iter: 1  value: 15354.44 mgc: 2.014595 ustep: 1 
iter: 2  value: 15354.44 mgc: 0.0008850978 ustep: 1 
iter: 3  value: 15354.44 mgc: 1.259051e-08 ustep: 1 
mgc: 6.306067e-14 
iter: 1  mgc: 6.306067e-14 
outer mgc:  2.754567 
iter: 1  value: 15352.49 mgc: 2.666834 ustep: 1 
iter: 2  value: 15352.49 mgc: 0.0005390071 ustep: 1 
iter: 3  mgc: 7.470872e-09 
iter: 1  mgc: 7.470872e-09 
outer mgc:  2.78889 
iter: 1  value: 15348.77 mgc: 8.476367 ustep: 1 
iter: 2  value: 15348.77 mgc: 0.001966312 ustep: 1 
iter: 3  value: 15348.77 mgc: 3.533554e-08 ustep: 1 
mgc: 7.682743e-14 
iter: 1  mgc: 7.682743e-14 
outer mgc:  4.791437 
iter: 1  value: 15345.43 mgc: 4.353553 ustep: 1 
iter: 2  value: 15345.43 mgc: 0.001166999 ustep: 1 
iter: 3  value: 15345.43 mgc: 1.392875e-08 ustep: 1 
mgc: 1.083578e-13 
iter: 1  mgc: 1.083578e-13 
outer mgc:  3.675466 
iter: 1  value: 15344.36 mgc: 3.626166 ustep: 1 
iter: 2  value: 15344.36 mgc: 0.002358562 ustep: 1 
iter: 3  value: 15344.36 mgc: 1.294343e-08 ustep: 1 
mgc: 8.260059e-14 
iter: 1  value: 15344.99 mgc: 3.117296 ustep: 1 
iter: 2  value: 15344.99 mgc: 0.001201276 ustep: 1 
iter: 3  mgc: 4.297184e-09 
iter: 1  value: 15345.47 mgc: 2.865685 ustep: 1 
iter: 2  value: 15345.47 mgc: 0.0006015183 ustep: 1 
iter: 3  mgc: 1.998503e-09 
iter: 1  value: 15345.42 mgc: 1.096949 ustep: 1 
iter: 2  value: 15345.42 mgc: 6.551639e-05 ustep: 1 
iter: 3  mgc: 3.40048e-11 
iter: 1  value: 15345.41 mgc: 0.5443218 ustep: 1 
iter: 2  value: 15345.41 mgc: 1.625215e-05 ustep: 1 
iter: 3  mgc: 2.077005e-12 
iter: 1  mgc: 2.077005e-12 
outer mgc:  1.510396 
iter: 1  value: 15345.44 mgc: 0.7301188 ustep: 1 
iter: 2  value: 15345.44 mgc: 3.047727e-05 ustep: 1 
iter: 3  mgc: 2.187583e-12 
iter: 1  mgc: 2.187583e-12 
outer mgc:  1.818362 
iter: 1  value: 15345.41 mgc: 0.4431719 ustep: 1 
iter: 2  value: 15345.41 mgc: 2.239041e-05 ustep: 1 
iter: 3  mgc: 1.263878e-12 
iter: 1  mgc: 1.263878e-12 
outer mgc:  1.485906 
iter: 1  value: 15345.35 mgc: 0.2145545 ustep: 1 
iter: 2  value: 15345.35 mgc: 1.553085e-05 ustep: 1 
iter: 3  mgc: 9.086065e-13 
iter: 1  mgc: 9.086065e-13 
outer mgc:  1.167044 
iter: 1  value: 15345.16 mgc: 0.2267162 ustep: 1 
iter: 2  value: 15345.16 mgc: 2.630373e-05 ustep: 1 
iter: 3  mgc: 1.36563e-12 
iter: 1  value: 15344.79 mgc: 0.6023957 ustep: 1 
iter: 2  value: 15344.79 mgc: 2.784997e-05 ustep: 1 
iter: 3  mgc: 5.597522e-12 
iter: 1  value: 15343.46 mgc: 2.448432 ustep: 1 
iter: 2  value: 15343.46 mgc: 0.0004114839 ustep: 1 
iter: 3  mgc: 1.232749e-09 
iter: 1  mgc: 1.232749e-09 
outer mgc:  2.182634 
iter: 1  value: 15339.62 mgc: 2.683629 ustep: 1 
iter: 2  value: 15339.62 mgc: 0.0003952326 ustep: 1 
iter: 3  mgc: 5.458541e-09 
iter: 1  value: 15335.96 mgc: 2.72445 ustep: 1 
iter: 2  value: 15335.96 mgc: 0.0003838575 ustep: 1 
iter: 3  mgc: 4.528383e-09 
iter: 1  mgc: 4.528383e-09 
outer mgc:  2.611078 
iter: 1  value: 15327.86 mgc: 14.95155 ustep: 1 
iter: 2  value: 15327.86 mgc: 0.002779588 ustep: 1 
iter: 3  value: 15327.86 mgc: 2.548746e-08 ustep: 1 
iter: 4  mgc: 1.580958e-13 
iter: 1  mgc: 1.580958e-13 
outer mgc:  3.137005 
iter: 1  value: 15320.71 mgc: 15.36129 ustep: 1 
iter: 2  value: 15320.71 mgc: 0.002391926 ustep: 1 
iter: 3  value: 15320.71 mgc: 4.793737e-08 ustep: 1 
mgc: 1.509903e-13 
iter: 1  mgc: 1.509903e-13 
outer mgc:  2.977356 
iter: 1  value: 15314.17 mgc: 16.21757 ustep: 1 
iter: 2  value: 15314.17 mgc: 0.001902167 ustep: 1 
iter: 3  value: 15314.17 mgc: 2.997213e-08 ustep: 1 
mgc: 1.669775e-13 
iter: 1  mgc: 1.669775e-13 
outer mgc:  4.624066 
iter: 1  value: 15307.66 mgc: 11.4234 ustep: 1 
iter: 2  value: 15307.66 mgc: 0.003464218 ustep: 1 
iter: 3  value: 15307.66 mgc: 1.669493e-07 ustep: 1 
iter: 4  mgc: 1.909584e-13 
iter: 1  mgc: 1.909584e-13 
outer mgc:  1.456663 
iter: 1  value: 15305.01 mgc: 6.429732 ustep: 1 
iter: 2  value: 15305.01 mgc: 0.00206956 ustep: 1 
iter: 3  value: 15305.01 mgc: 6.40126e-08 ustep: 1 
mgc: 1.29674e-13 
iter: 1  mgc: 1.29674e-13 
outer mgc:  2.242431 
iter: 1  value: 15301.98 mgc: 8.696174 ustep: 1 
iter: 2  value: 15301.98 mgc: 0.001591621 ustep: 1 
iter: 3  value: 15301.98 mgc: 2.349139e-08 ustep: 1 
mgc: 2.109424e-13 
iter: 1  mgc: 2.109424e-13 
outer mgc:  2.162454 
iter: 1  value: 15296.05 mgc: 10.77358 ustep: 1 
iter: 2  value: 15296.05 mgc: 0.0007806207 ustep: 1 
iter: 3  mgc: 9.335255e-09 
iter: 1  mgc: 9.335255e-09 
outer mgc:  1.942417 
iter: 1  value: 15286.21 mgc: 8.092544 ustep: 1 
iter: 2  value: 15286.21 mgc: 0.0005163187 ustep: 1 
iter: 3  mgc: 3.191231e-09 
iter: 1  mgc: 3.191231e-09 
outer mgc:  1.416223 
iter: 1  value: 15274.79 mgc: 9.838458 ustep: 1 
iter: 2  value: 15274.79 mgc: 0.001135121 ustep: 1 
iter: 3  value: 15274.79 mgc: 1.19171e-08 ustep: 1 
mgc: 2.651213e-13 
iter: 1  mgc: 2.651213e-13 
outer mgc:  2.129322 
iter: 1  value: 15267.96 mgc: 20.8504 ustep: 1 
iter: 2  value: 15267.96 mgc: 0.003173117 ustep: 1 
iter: 3  value: 15267.96 mgc: 7.240457e-08 ustep: 1 
mgc: 2.851053e-13 
iter: 1  mgc: 2.851053e-13 
outer mgc:  1.748275 
iter: 1  value: 15263.24 mgc: 21.5767 ustep: 1 
iter: 2  value: 15263.24 mgc: 0.004324817 ustep: 1 
iter: 3  value: 15263.24 mgc: 2.370136e-07 ustep: 1 
iter: 4  mgc: 2.88658e-13 
iter: 1  mgc: 2.88658e-13 
outer mgc:  1.737392 
iter: 1  value: 15248.38 mgc: 12.32658 ustep: 1 
iter: 2  value: 15248.38 mgc: 0.006439408 ustep: 1 
iter: 3  value: 15248.38 mgc: 6.810182e-07 ustep: 1 
iter: 4  mgc: 5.739298e-13 
iter: 1  mgc: 5.739298e-13 
outer mgc:  1.473618 
iter: 1  value: 15245.13 mgc: 18.25653 ustep: 1 
iter: 2  value: 15245.13 mgc: 0.0005511738 ustep: 1 
iter: 3  mgc: 2.496602e-09 
iter: 1  mgc: 2.496602e-09 
outer mgc:  0.8078989 
iter: 1  value: 15242.75 mgc: 11.55526 ustep: 1 
iter: 2  value: 15242.75 mgc: 0.0003531558 ustep: 1 
iter: 3  mgc: 1.720907e-09 
iter: 1  value: 15240.19 mgc: 14.09376 ustep: 1 
iter: 2  value: 15240.19 mgc: 0.0004834611 ustep: 1 
iter: 3  mgc: 3.437605e-09 
iter: 1  mgc: 3.437605e-09 
outer mgc:  0.7104848 
iter: 1  value: 15233.73 mgc: 53.70573 ustep: 1 
iter: 2  value: 15233.73 mgc: 0.0006651778 ustep: 1 
iter: 3  mgc: 1.566694e-09 
iter: 1  mgc: 1.566694e-09 
outer mgc:  1.477414 
iter: 1  value: 15228.78 mgc: 53.60766 ustep: 1 
iter: 2  value: 15228.78 mgc: 0.001205631 ustep: 1 
iter: 3  value: 15228.78 mgc: 1.910295e-08 ustep: 1 
mgc: 7.624977e-13 
iter: 1  mgc: 7.624977e-13 
outer mgc:  1.124576 
iter: 1  value: 15220.57 mgc: 59.11318 ustep: 1 
iter: 2  value: 15220.57 mgc: 0.000319551 ustep: 1 
iter: 3  mgc: 1.33788e-09 
iter: 1  mgc: 1.33788e-09 
outer mgc:  1.139529 
iter: 1  value: 15212.26 mgc: 25.04768 ustep: 1 
iter: 2  value: 15212.26 mgc: 0.0003806815 ustep: 1 
iter: 3  mgc: 1.117474e-09 
iter: 1  mgc: 1.117474e-09 
outer mgc:  1.174038 
iter: 1  value: 15207.65 mgc: 24.14523 ustep: 1 
iter: 2  value: 15207.65 mgc: 0.0001056754 ustep: 1 
iter: 3  mgc: 1.038842e-10 
iter: 1  mgc: 1.038842e-10 
outer mgc:  0.751414 
iter: 1  value: 15203.13 mgc: 51.22168 ustep: 1 
iter: 2  value: 15203.13 mgc: 0.0001081509 ustep: 1 
iter: 3  mgc: 3.733684e-10 
iter: 1  mgc: 3.733684e-10 
outer mgc:  0.2310266 
iter: 1  value: 15194.66 mgc: 96.83495 ustep: 1 
iter: 2  value: 15194.66 mgc: 0.0006386771 ustep: 1 
iter: 3  mgc: 5.364995e-09 
iter: 1  mgc: 5.364995e-09 
outer mgc:  0.6719126 
iter: 1  value: 15188.43 mgc: 95.40131 ustep: 1 
iter: 2  value: 15188.43 mgc: 0.000144098 ustep: 1 
iter: 3  mgc: 1.238973e-10 
iter: 1  mgc: 1.238973e-10 
outer mgc:  0.1538188 
iter: 1  value: 15183.49 mgc: 32.98882 ustep: 1 
iter: 2  value: 15183.49 mgc: 3.575504e-05 ustep: 1 
iter: 3  mgc: 1.409584e-11 
iter: 1  mgc: 1.409584e-11 
outer mgc:  0.2501059 
iter: 1  value: 15173.26 mgc: 97.43974 ustep: 1 
iter: 2  value: 15173.26 mgc: 0.0001944751 ustep: 1 
iter: 3  mgc: 2.654099e-10 
iter: 1  mgc: 2.654099e-10 
outer mgc:  0.2712895 
iter: 1  value: 15164.52 mgc: 53.32323 ustep: 1 
iter: 2  value: 15164.52 mgc: 3.390889e-05 ustep: 1 
iter: 3  mgc: 8.641532e-12 
iter: 1  mgc: 8.641532e-12 
outer mgc:  0.3411866 
iter: 1  value: 15149.96 mgc: 142.1977 ustep: 1 
iter: 2  value: 15149.96 mgc: 8.948172e-05 ustep: 1 
iter: 3  mgc: 9.454881e-11 
iter: 1  mgc: 9.454881e-11 
outer mgc:  0.1112358 
iter: 1  value: 15142.07 mgc: 110.3283 ustep: 1 
iter: 2  value: 15142.07 mgc: 1.978751e-05 ustep: 1 
iter: 3  mgc: 9.242607e-12 
iter: 1  mgc: 9.242607e-12 
outer mgc:  0.03866094 
iter: 1  value: 15136.26 mgc: 51.24089 ustep: 1 
iter: 2  value: 15136.26 mgc: 1.526289e-05 ustep: 1 
iter: 3  mgc: 1.125233e-11 
iter: 1  mgc: 1.125233e-11 
outer mgc:  0.04752003 
iter: 1  value: 15130.58 mgc: 59.0741 ustep: 1 
iter: 2  value: 15130.58 mgc: 7.000979e-06 ustep: 1 
iter: 3  mgc: 1.834199e-11 
iter: 1  mgc: 1.834199e-11 
outer mgc:  0.04831481 
iter: 1  value: 15119.23 mgc: 151.9244 ustep: 1 
iter: 2  value: 15119.23 mgc: 2.516907e-05 ustep: 1 
iter: 3  mgc: 2.141265e-11 
iter: 1  mgc: 2.141265e-11 
outer mgc:  0.03530125 
iter: 1  value: 15109.15 mgc: 175.9498 ustep: 1 
iter: 2  value: 15109.15 mgc: 2.526484e-05 ustep: 1 
iter: 3  mgc: 2.399991e-11 
iter: 1  mgc: 2.399991e-11 
outer mgc:  0.03074922 
iter: 1  value: 15100.73 mgc: 183.7189 ustep: 1 
iter: 2  value: 15100.73 mgc: 3.155855e-05 ustep: 1 
iter: 3  mgc: 2.472111e-11 
iter: 1  mgc: 2.472111e-11 
outer mgc:  0.03532108 
iter: 1  value: 15096.06 mgc: 150.766 ustep: 1 
iter: 2  value: 15096.06 mgc: 1.333943e-05 ustep: 1 
iter: 3  mgc: 4.307754e-11 
iter: 1  mgc: 4.307754e-11 
outer mgc:  0.02085051 
iter: 1  value: 15094.93 mgc: 73.29401 ustep: 1 
iter: 2  value: 15094.93 mgc: 5.812779e-06 ustep: 1 
iter: 3  mgc: 3.788347e-11 
iter: 1  mgc: 3.788347e-11 
outer mgc:  0.02232561 
iter: 1  value: 15095.35 mgc: 79.83315 ustep: 1 
iter: 2  value: 15095.35 mgc: 1.53229e-06 ustep: 1 
iter: 3  mgc: 4.003375e-11 
iter: 1  mgc: 4.003375e-11 
outer mgc:  0.01956046 
iter: 1  value: 15096.23 mgc: 65.89536 ustep: 1 
iter: 2  value: 15096.23 mgc: 8.83825e-07 ustep: 1 
iter: 3  mgc: 3.840439e-11 
iter: 1  mgc: 3.840439e-11 
outer mgc:  0.01613262 
iter: 1  value: 15097.51 mgc: 104.6416 ustep: 1 
iter: 2  value: 15097.51 mgc: 3.339732e-06 ustep: 1 
iter: 3  mgc: 2.89353e-11 
iter: 1  mgc: 2.89353e-11 
outer mgc:  0.01254417 
iter: 1  value: 15096.8 mgc: 40.82189 ustep: 1 
iter: 2  value: 15096.8 mgc: 1.261141e-06 ustep: 1 
iter: 3  mgc: 3.48388e-11 
iter: 1  mgc: 3.48388e-11 
outer mgc:  0.01036254 
iter: 1  value: 15094.96 mgc: 45.95966 ustep: 1 
iter: 2  value: 15094.96 mgc: 1.204255e-06 ustep: 1 
iter: 3  mgc: 3.572043e-11 
iter: 1  value: 15093.08 mgc: 47.36182 ustep: 1 
iter: 2  value: 15093.08 mgc: 1.212507e-06 ustep: 1 
iter: 3  mgc: 4.955969e-11 
iter: 1  mgc: 4.955969e-11 
outer mgc:  0.006875543 
iter: 1  value: 15089.41 mgc: 106.8636 ustep: 1 
iter: 2  value: 15089.41 mgc: 1.592489e-06 ustep: 1 
iter: 3  mgc: 5.188035e-11 
iter: 1  mgc: 5.188035e-11 
outer mgc:  0.007974804 
iter: 1  value: 15086.79 mgc: 91.75752 ustep: 1 
iter: 2  value: 15086.79 mgc: 9.242552e-07 ustep: 1 
iter: 3  mgc: 4.282025e-11 
iter: 1  mgc: 4.282025e-11 
outer mgc:  0.005928414 
iter: 1  value: 15085.6 mgc: 60.15262 ustep: 1 
iter: 2  value: 15085.6 mgc: 5.158467e-07 ustep: 1 
iter: 3  mgc: 4.135892e-11 
iter: 1  mgc: 4.135892e-11 
outer mgc:  0.004193683 
iter: 1  value: 15085.26 mgc: 56.24982 ustep: 1 
iter: 2  value: 15085.26 mgc: 8.878424e-07 ustep: 1 
iter: 3  mgc: 4.409451e-11 
iter: 1  mgc: 4.409451e-11 
outer mgc:  0.004290783 
iter: 1  value: 15085.97 mgc: 35.27221 ustep: 1 
iter: 2  value: 15085.97 mgc: 5.672853e-07 ustep: 1 
iter: 3  mgc: 4.03616e-11 
iter: 1  mgc: 4.03616e-11 
outer mgc:  0.004748275 
iter: 1  value: 15087.91 mgc: 63.6409 ustep: 1 
iter: 2  value: 15087.91 mgc: 1.763726e-06 ustep: 1 
iter: 3  mgc: 3.341716e-11 
iter: 1  mgc: 3.341716e-11 
outer mgc:  0.004629645 
iter: 1  value: 15089.88 mgc: 66.0522 ustep: 1 
iter: 2  value: 15089.88 mgc: 1.269289e-06 ustep: 1 
iter: 3  mgc: 3.718359e-11 
iter: 1  mgc: 3.718359e-11 
outer mgc:  0.003616301 
iter: 1  value: 15091.17 mgc: 56.75974 ustep: 1 
iter: 2  value: 15091.17 mgc: 6.398661e-07 ustep: 1 
iter: 3  mgc: 4.861e-11 
iter: 1  mgc: 4.861e-11 
outer mgc:  0.002556021 
iter: 1  value: 15091.57 mgc: 63.69144 ustep: 1 
iter: 2  value: 15091.57 mgc: 7.151091e-07 ustep: 1 
iter: 3  mgc: 3.908651e-11 
iter: 1  mgc: 3.908651e-11 
outer mgc:  0.001764113 
iter: 1  value: 15090.85 mgc: 82.15853 ustep: 1 
iter: 2  value: 15090.85 mgc: 1.176942e-06 ustep: 1 
iter: 3  mgc: 4.355394e-11 
iter: 1  mgc: 4.355394e-11 
outer mgc:  0.002738206 
iter: 1  value: 15090.13 mgc: 24.24018 ustep: 1 
iter: 2  value: 15090.13 mgc: 9.199321e-08 ustep: 1 
iter: 3  mgc: 6.316764e-11 
iter: 1  value: 15088.86 mgc: 43.74049 ustep: 1 
iter: 2  value: 15088.86 mgc: 2.854969e-07 ustep: 1 
iter: 3  mgc: 5.591638e-11 
iter: 1  mgc: 5.591638e-11 
outer mgc:  0.004498799 
iter: 1  value: 15086.9 mgc: 38.76593 ustep: 1 
iter: 2  value: 15086.9 mgc: 3.086586e-07 ustep: 1 
iter: 3  mgc: 4.000844e-11 
iter: 1  mgc: 4.000844e-11 
outer mgc:  0.004534937 
iter: 1  value: 15084.78 mgc: 36.50076 ustep: 1 
iter: 2  value: 15084.78 mgc: 2.781942e-07 ustep: 1 
iter: 3  mgc: 4.297451e-11 
iter: 1  mgc: 4.297451e-11 
outer mgc:  0.002868811 
iter: 1  value: 15083.37 mgc: 35.34945 ustep: 1 
iter: 2  value: 15083.37 mgc: 3.093745e-07 ustep: 1 
iter: 3  mgc: 5.218581e-11 
iter: 1  mgc: 5.218581e-11 
outer mgc:  0.004497462 
iter: 1  value: 15082.14 mgc: 77.44336 ustep: 1 
iter: 2  value: 15082.14 mgc: 1.162772e-06 ustep: 1 
iter: 3  mgc: 4.474199e-11 
iter: 1  mgc: 4.474199e-11 
outer mgc:  0.00841358 
iter: 1  value: 15082.27 mgc: 124.3855 ustep: 1 
iter: 2  value: 15082.27 mgc: 3.124303e-06 ustep: 1 
iter: 3  mgc: 5.058598e-11 
iter: 1  mgc: 5.058598e-11 
outer mgc:  0.01238106 
iter: 1  value: 15083.85 mgc: 83.49257 ustep: 1 
iter: 2  value: 15083.85 mgc: 1.982462e-06 ustep: 1 
iter: 3  mgc: 5.453016e-11 
iter: 1  mgc: 5.453016e-11 
outer mgc:  0.01363464 
iter: 1  value: 15089.74 mgc: 147.6153 ustep: 1 
iter: 2  value: 15089.74 mgc: 1.202649e-05 ustep: 1 
iter: 3  mgc: 4.238077e-11 
iter: 1  mgc: 4.238077e-11 
outer mgc:  0.01800458 
iter: 1  value: 15095.89 mgc: 119.9598 ustep: 1 
iter: 2  value: 15095.89 mgc: 8.783156e-06 ustep: 1 
iter: 3  mgc: 3.5695e-11 
iter: 1  mgc: 3.5695e-11 
outer mgc:  0.02606057 
iter: 1  value: 15102.36 mgc: 106.0417 ustep: 1 
iter: 2  value: 15102.36 mgc: 5.881625e-06 ustep: 1 
iter: 3  mgc: 3.007772e-11 
iter: 1  mgc: 3.007772e-11 
outer mgc:  0.0298786 
iter: 1  value: 15111.93 mgc: 161.012 ustep: 1 
iter: 2  value: 15111.93 mgc: 1.115894e-05 ustep: 1 
iter: 3  mgc: 1.72462e-11 
iter: 1  mgc: 1.72462e-11 
outer mgc:  0.03445406 
iter: 1  value: 15121.9 mgc: 170.1409 ustep: 1 
iter: 2  value: 15121.9 mgc: 2.121392e-05 ustep: 1 
iter: 3  mgc: 1.299139e-11 
iter: 1  mgc: 1.299139e-11 
outer mgc:  0.03636548 
iter: 1  value: 15134.04 mgc: 233.5744 ustep: 1 
iter: 2  value: 15134.04 mgc: 0.0002221589 ustep: 1 
iter: 3  mgc: 6.113555e-10 
iter: 1  mgc: 6.113555e-10 
outer mgc:  0.05267631 
iter: 1  value: 15123.79 mgc: 45.83913 ustep: 1 
iter: 2  value: 15123.79 mgc: 1.646637e-05 ustep: 1 
iter: 3  mgc: 1.015457e-11 
iter: 1  value: 15110.94 mgc: 84.55286 ustep: 1 
iter: 2  value: 15110.94 mgc: 2.226631e-05 ustep: 1 
iter: 3  mgc: 1.716238e-11 
iter: 1  mgc: 1.716238e-11 
outer mgc:  0.0546964 
iter: 1  value: 15113.9 mgc: 412.8242 ustep: 1 
iter: 2  value: 15113.9 mgc: 0.0003057232 ustep: 1 
iter: 3  mgc: 1.200251e-09 
iter: 1  mgc: 1.200251e-09 
outer mgc:  0.05011426 
iter: 1  value: 15095.72 mgc: 545.7833 ustep: 1 
iter: 2  value: 15095.72 mgc: 0.000215559 ustep: 1 
iter: 3  mgc: 6.148158e-10 
iter: 1  mgc: 6.148158e-10 
outer mgc:  0.07590978 
iter: 1  value: 15084.16 mgc: 581.4776 ustep: 1 
iter: 2  value: 15084.16 mgc: 0.0002295285 ustep: 1 
iter: 3  mgc: 6.869145e-10 
iter: 1  mgc: 6.869145e-10 
outer mgc:  0.04268719 
iter: 1  value: 15075.72 mgc: 634.5418 ustep: 1 
iter: 2  value: 15075.72 mgc: 2.329456e-05 ustep: 1 
iter: 3  mgc: 5.219913e-11 
iter: 1  mgc: 5.219913e-11 
outer mgc:  0.03738307 
iter: 1  value: 15062.48 mgc: 1200.493 ustep: 1 
iter: 2  value: 15062.48 mgc: 3.685072e-05 ustep: 1 
iter: 3  mgc: 1.630635e-10 
iter: 1  mgc: 1.630635e-10 
outer mgc:  0.02870443 
iter: 1  value: 15050.96 mgc: 1876.457 ustep: 1 
iter: 2  value: 15050.96 mgc: 5.497808e-05 ustep: 1 
iter: 3  mgc: 1.84633e-10 
iter: 1  mgc: 1.84633e-10 
outer mgc:  0.03080252 
iter: 1  value: 15041.38 mgc: 669.2265 ustep: 1 
iter: 2  value: 15041.38 mgc: 1.273124e-05 ustep: 1 
iter: 3  mgc: 2.882548e-10 
iter: 1  mgc: 2.882548e-10 
outer mgc:  0.0187347 
iter: 1  value: 15025 mgc: 1411.457 ustep: 1 
iter: 2  value: 15025 mgc: 9.651576e-06 ustep: 1 
iter: 3  mgc: 7.396714e-10 
iter: 1  mgc: 7.396714e-10 
outer mgc:  0.0192106 
iter: 1  value: 15011.25 mgc: 3489.75 ustep: 1 
iter: 2  value: 15011.25 mgc: 5.610726e-06 ustep: 1 
iter: 3  mgc: 1.50116e-09 
iter: 1  mgc: 1.50116e-09 
outer mgc:  0.01984664 
iter: 1  value: 14993.91 mgc: 3850.982 ustep: 1 
iter: 2  value: 14993.91 mgc: 1.844542e-05 ustep: 1 
iter: 3  mgc: 1.711609e-09 
iter: 1  mgc: 1.711609e-09 
outer mgc:  0.02827628 
iter: 1  value: 14978.38 mgc: 21400.25 ustep: 1 
iter: 2  value: 14978.38 mgc: 1.133003e-05 ustep: 1 
iter: 3  mgc: 3.301601e-09 
iter: 1  mgc: 3.301601e-09 
outer mgc:  0.02564069 
iter: 1  value: 14965.34 mgc: 11859.45 ustep: 1 
iter: 2  value: 14965.34 mgc: 5.896271e-06 ustep: 1 
iter: 3  mgc: 6.147677e-09 
iter: 1  mgc: 6.147677e-09 
outer mgc:  0.009930555 
iter: 1  value: 14948.18 mgc: 23773.07 ustep: 1 
iter: 2  value: 14948.18 mgc: 1.227627e-05 ustep: 0.9999 
iter: 3  value: 14948.18 mgc: 1.414268e-08 ustep: 0.99995 
mgc: 1.428011e-08 
iter: 1  value: 14948.18 mgc: 1.428011e-08 ustep: 1 
mgc: 1.555225e-08 
outer mgc:  0.02451361 
iter: 1  value: 14933.87 mgc: 115594.8 ustep: 1 
iter: 2  value: 14933.87 mgc: 1.343858e-05 ustep: 1 
iter: 3  value: 14933.87 mgc: 3.123021e-08 ustep: 0.9999 
mgc: 3.687854e-08 
iter: 1  value: 14933.87 mgc: 3.687854e-08 ustep: 1 
mgc: 3.726417e-08 
outer mgc:  0.05085204 
iter: 1  value: 14929.03 mgc: 90030.86 ustep: 1 
iter: 2  value: 14929.03 mgc: 2.258027e-06 ustep: 1 
iter: 3  value: 14929.03 mgc: 3.327584e-08 ustep: 0.4367355 
mgc: 3.142398e-08 
iter: 1  value: 14929.03 mgc: 3.142398e-08 ustep: 0.989901 
iter: 2  value: 14929.03 mgc: 3.800506e-08 ustep: 0.9287607 
mgc: 2.232976e-08 
outer mgc:  0.04486166 
iter: 1  value: 14924.83 mgc: 15363.27 ustep: 1 
iter: 2  value: 14924.83 mgc: 6.467679e-07 ustep: 5.32967e-10 
mgc: 6.466045e-07 
iter: 1  value: 14924.83 mgc: 6.466045e-07 ustep: 2.664569e-10 
mgc: 6.463595e-07 
outer mgc:  0.01968329 
iter: 1  value: 14920.82 mgc: 33723.72 ustep: 1 
iter: 2  value: 14920.82 mgc: 5.477265e-07 ustep: 0.8994163 
iter: 3  value: 14920.82 mgc: 5.869962e-08 ustep: 0.523213 
iter: 4  value: 14920.82 mgc: 5.602501e-08 ustep: 0.2747064 
mgc: 5.106417e-08 
iter: 1  value: 14920.82 mgc: 5.106417e-08 ustep: 1 
iter: 2  value: 14920.82 mgc: 3.531942e-08 ustep: 1 
iter: 3  value: 14920.82 mgc: 4.15737e-08 ustep: 1 
iter: 4  value: 14920.82 mgc: 4.317763e-08 ustep: 0.989901 
iter: 5  value: 14920.82 mgc: 3.67163e-08 ustep: 0.9949382 
iter: 6  value: 14920.82 mgc: 4.72375e-08 ustep: 0.7753508 
iter: 7  value: 14920.82 mgc: 4.122205e-08 ustep: 0.00825822 
mgc: 3.279131e-08 
outer mgc:  0.08248774 
iter: 1  value: 14916.98 mgc: 9516.851 ustep: 1 
iter: 2  value: 14916.98 mgc: 7.203586e-07 ustep: 1 
iter: 3  value: 14916.98 mgc: 4.678183e-08 ustep: 1 
iter: 4  value: 14916.98 mgc: 4.20905e-08 ustep: 0.9999 
iter: 5  value: 14916.98 mgc: 3.781932e-08 ustep: 0.99995 
iter: 6  value: 14916.98 mgc: 5.339991e-08 ustep: 0.999975 
iter: 7  value: 14916.98 mgc: 4.259131e-08 ustep: 1.042574e-08 
mgc: 4.43945e-08 
iter: 1  value: 14916.98 mgc: 4.43945e-08 ustep: 0.9999 
iter: 2  value: 14916.98 mgc: 3.229408e-08 ustep: 7.335127e-08 
mgc: 5.59003e-08 
outer mgc:  0.05717504 
iter: 1  value: 14913.21 mgc: 18427.68 ustep: 1 
iter: 2  value: 14913.21 mgc: 6.438958e-07 ustep: 1 
iter: 3  value: 14913.21 mgc: 4.751616e-08 ustep: 1 
iter: 4  value: 14913.21 mgc: 5.387656e-08 ustep: 1 
iter: 5  value: 14913.21 mgc: 4.929969e-08 ustep: 1 
iter: 6  value: 14913.21 mgc: 5.93264e-08 ustep: 0.8994163 
iter: 7  value: 14913.21 mgc: 4.253839e-08 ustep: 0.002886698 
mgc: 6.913997e-08 
iter: 1  value: 14913.21 mgc: 6.913997e-08 ustep: 0.9999 
iter: 2  value: 14913.21 mgc: 7.485847e-08 ustep: 0.07417373 
mgc: 5.057754e-08 
outer mgc:  0.03584855 
iter: 1  value: 14909.53 mgc: 34014.58 ustep: 1 
iter: 2  value: 14909.53 mgc: 9.331562e-07 ustep: 2.664569e-10 
mgc: 9.313641e-07 
iter: 1  value: 14909.53 mgc: 9.313641e-07 ustep: 3.498385e-05 
mgc: 7.945567e-07 
outer mgc:  0.07466935 
iter: 1  value: 14909.24 mgc: 26644.57 ustep: 1 
iter: 2  value: 14909.24 mgc: 8.223953e-07 ustep: 0.989901 
iter: 3  value: 14909.24 mgc: 5.395018e-08 ustep: 0.9287607 
iter: 4  value: 14909.24 mgc: 6.049298e-08 ustep: 0.8094616 
iter: 5  value: 14909.24 mgc: 4.646862e-08 ustep: 0.8997109 
iter: 6  value: 14909.24 mgc: 4.132356e-08 ustep: 0.3097312 
mgc: 6.415759e-08 
iter: 1  value: 14909.24 mgc: 6.415759e-08 ustep: 1.706347e-08 
mgc: 5.105126e-08 
outer mgc:  0.04709025 
iter: 1  value: 14909.1 mgc: 7823.056 ustep: 1 
iter: 2  value: 14909.1 mgc: 1.531369e-07 ustep: 1 
iter: 3  value: 14909.1 mgc: 6.584758e-08 ustep: 1 
iter: 4  value: 14909.1 mgc: 7.835981e-08 ustep: 0.2494656 
iter: 5  value: 14909.1 mgc: 7.663303e-08 ustep: 6.426861e-10 
mgc: 7.663303e-08 
iter: 1  value: 14909.1 mgc: 7.663303e-08 ustep: 1.066041e-09 
mgc: 4.775438e-08 
outer mgc:  0.1072608 
iter: 1  value: 14908.99 mgc: 8185.39 ustep: 1 
iter: 2  value: 14908.99 mgc: 3.745295e-07 ustep: 1 
iter: 3  value: 14908.99 mgc: 5.033072e-08 ustep: 1 
iter: 4  value: 14908.99 mgc: 7.523154e-08 ustep: 0.9999 
iter: 5  value: 14908.99 mgc: 9.802974e-08 ustep: 0.001202747 
mgc: 6.726329e-08 
iter: 1  value: 14908.99 mgc: 6.726329e-08 ustep: 0.03522464 
mgc: 7.381696e-08 
outer mgc:  0.150811 
iter: 1  value: 14908.8 mgc: 8442.786 ustep: 1 
iter: 2  value: 14908.8 mgc: 8.075682e-08 ustep: 1 
iter: 3  value: 14908.8 mgc: 8.1108e-08 ustep: 0.6827823 
iter: 4  value: 14908.8 mgc: 9.325028e-08 ustep: 0.5831969 
iter: 5  value: 14908.8 mgc: 1.316744e-07 ustep: 0.0007033319 
mgc: 1.005463e-07 
iter: 1  value: 14908.8 mgc: 1.005463e-07 ustep: 0.4367355 
iter: 2  value: 14908.8 mgc: 6.277782e-08 ustep: 0.4176298 
iter: 3  value: 14908.8 mgc: 9.158251e-08 ustep: 1.930025e-09 
mgc: 4.89924e-08 
outer mgc:  0.1118558 
iter: 1  value: 14908.8 mgc: 1.005463e-07 ustep: 0.4367355 
iter: 2  value: 14908.8 mgc: 6.277782e-08 ustep: 0.4176298 
iter: 3  value: 14908.8 mgc: 9.158251e-08 ustep: 1.930025e-09 
mgc: 4.89924e-08 
iter: 1  value: 14908.8 mgc: 4.89924e-08 ustep: 1 
iter: 2  value: 14908.8 mgc: 6.323887e-08 ustep: 4.265015e-09 
mgc: 3.825382e-08 
outer mgc:  0.04813359 
iter: 1  value: 14908.8 mgc: 0.006661127 ustep: 1 
iter: 2  value: 14908.8 mgc: 2.793312e-07 ustep: 1 
iter: 3  value: 14908.8 mgc: 7.114778e-08 ustep: 0.9999 
iter: 4  value: 14908.8 mgc: 9.06989e-08 ustep: 0.9152321 
iter: 5  value: 14908.8 mgc: 5.602815e-08 ustep: 2.390345e-05 
mgc: 4.747988e-08 
outer mgc:  0.1905166 
iter: 1  value: 14908.8 mgc: 0.00665476 ustep: 1 
iter: 2  value: 14908.8 mgc: 2.79341e-07 ustep: 0.989901 
iter: 3  value: 14908.8 mgc: 7.659136e-08 ustep: 0.9287607 
iter: 4  value: 14908.8 mgc: 5.491678e-08 ustep: 0.963726 
iter: 5  value: 14908.8 mgc: 5.165042e-08 ustep: 0.1174298 
mgc: 6.168661e-08 
outer mgc:  0.2170116 
iter: 1  value: 14908.8 mgc: 0.003441359 ustep: 1 
iter: 2  value: 14908.8 mgc: 7.635207e-08 ustep: 1 
iter: 3  value: 14908.8 mgc: 9.460415e-08 ustep: 1 
iter: 4  value: 14908.8 mgc: 6.22652e-08 ustep: 0.9999 
iter: 5  value: 14908.8 mgc: 6.666871e-08 ustep: 0.99995 
iter: 6  value: 14908.8 mgc: 7.243423e-08 ustep: 0.4827771 
iter: 7  value: 14908.8 mgc: 9.133168e-08 ustep: 0.6948521 
iter: 8  value: 14908.8 mgc: 8.069473e-08 ustep: 0.01390149 
mgc: 5.945429e-08 
outer mgc:  0.3336405 
iter: 1  value: 14908.8 mgc: 0.003437709 ustep: 1 
iter: 2  value: 14908.8 mgc: 8.748714e-08 ustep: 1 
iter: 3  value: 14908.8 mgc: 6.187392e-08 ustep: 1 
iter: 4  value: 14908.8 mgc: 8.714952e-08 ustep: 0.8994163 
iter: 5  value: 14908.8 mgc: 7.010592e-08 ustep: 0.523213 
iter: 6  value: 14908.8 mgc: 6.121627e-08 ustep: 0.2747064 
mgc: 5.069342e-08 
outer mgc:  0.206088 
iter: 1  value: 14908.81 mgc: 0.02147153 ustep: 1 
iter: 2  value: 14908.81 mgc: 2.836442e-07 ustep: 1 
iter: 3  value: 14908.81 mgc: 7.432976e-08 ustep: 0.03522464 
mgc: 8.037694e-08 
outer mgc:  0.8122448 
iter: 1  value: 14908.79 mgc: 0.02145911 ustep: 1 
iter: 2  value: 14908.79 mgc: 2.831508e-07 ustep: 1 
iter: 3  value: 14908.79 mgc: 9.791895e-08 ustep: 1 
iter: 4  value: 14908.79 mgc: 6.955314e-08 ustep: 0.989901 
iter: 5  value: 14908.79 mgc: 7.753917e-08 ustep: 0.9949382 
iter: 6  value: 14908.79 mgc: 5.515344e-08 ustep: 0.9495676 
iter: 7  value: 14908.79 mgc: 5.90458e-08 ustep: 0.60007 
iter: 8  value: 14908.79 mgc: 7.629819e-08 ustep: 5.535279e-09 
mgc: 4.297838e-08 
outer mgc:  0.8850616 
iter: 1  value: 14908.8 mgc: 0.0120265 ustep: 1 
iter: 2  value: 14908.8 mgc: 9.818289e-08 ustep: 0.989901 
iter: 3  value: 14908.8 mgc: 7.530944e-08 ustep: 0.002573424 
mgc: 6.49572e-08 
outer mgc:  0.4726633 
iter: 1  value: 14908.8 mgc: 0.0120232 ustep: 1 
iter: 2  value: 14908.8 mgc: 9.719186e-08 ustep: 1 
iter: 3  value: 14908.8 mgc: 1.159828e-07 ustep: 1 
iter: 4  value: 14908.8 mgc: 5.28743e-08 ustep: 0.008923143 
mgc: 7.29811e-08 
outer mgc:  0.5250056 
iter: 1  value: 14908.8 mgc: 0.02120028 ustep: 1 
iter: 2  value: 14908.8 mgc: 2.970112e-07 ustep: 1 
iter: 3  value: 14908.8 mgc: 6.524301e-08 ustep: 5.32967e-10 
mgc: 6.524301e-08 
outer mgc:  0.7662342 
iter: 1  value: 14908.8 mgc: 0.02118916 ustep: 1 
iter: 2  value: 14908.8 mgc: 2.960302e-07 ustep: 1 
iter: 3  value: 14908.8 mgc: 5.168296e-08 ustep: 1 
iter: 4  value: 14908.8 mgc: 1.065056e-07 ustep: 0.989901 
iter: 5  value: 14908.8 mgc: 1.147249e-07 ustep: 0.9287607 
iter: 6  value: 14908.8 mgc: 6.776679e-08 ustep: 0.8094616 
iter: 7  value: 14908.8 mgc: 7.576494e-08 ustep: 0.8997109 
iter: 8  value: 14908.8 mgc: 6.534587e-08 ustep: 0.948536 
iter: 9  value: 14908.8 mgc: 7.819013e-08 ustep: 0.5980154 
iter: 10  value: 14908.8 mgc: 8.098868e-08 ustep: 0.001446879 
mgc: 5.949403e-08 
outer mgc:  0.7016815 
iter: 1  value: 14908.8 mgc: 0.01286197 ustep: 1 
iter: 2  value: 14908.8 mgc: 1.047214e-07 ustep: 0.9999 
iter: 3  value: 14908.8 mgc: 5.98096e-08 ustep: 0.03779756 
mgc: 8.504344e-08 
outer mgc:  0.525543 
iter: 1  value: 14908.8 mgc: 0.01285816 ustep: 1 
iter: 2  value: 14908.8 mgc: 1.066633e-07 ustep: 0.6827823 
iter: 3  value: 14908.8 mgc: 4.839263e-08 ustep: 0.3543617 
iter: 4  value: 14908.8 mgc: 6.632678e-08 ustep: 0.106889 
mgc: 5.99274e-08 
outer mgc:  0.4753601 
iter: 1  value: 14908.8 mgc: 0.006713376 ustep: 1 
iter: 2  value: 14908.8 mgc: 5.089332e-07 ustep: 1 
iter: 3  value: 14908.8 mgc: 8.901151e-08 ustep: 1 
iter: 4  value: 14908.8 mgc: 5.102941e-08 ustep: 0.9999 
iter: 5  value: 14908.8 mgc: 8.403499e-08 ustep: 0.9928299 
iter: 6  value: 14908.8 mgc: 5.297185e-08 ustep: 8.360993e-08 
mgc: 7.363259e-08 
outer mgc:  0.1790011 
iter: 1  value: 14908.8 mgc: 0.006704736 ustep: 1 
iter: 2  value: 14908.8 mgc: 5.08219e-07 ustep: 1 
iter: 3  value: 14908.8 mgc: 7.324872e-08 ustep: 0.989901 
iter: 4  value: 14908.8 mgc: 6.722195e-08 ustep: 0.9287607 
iter: 5  value: 14908.8 mgc: 8.774262e-08 ustep: 0.3392366 
iter: 6  value: 14908.8 mgc: 6.32808e-08 ustep: 0.582482 
iter: 7  value: 14908.8 mgc: 6.272505e-08 ustep: 0.3023719 
iter: 8  value: 14908.8 mgc: 5.177948e-08 ustep: 0.3290934 
mgc: 4.626231e-08 
outer mgc:  0.1819065 
iter: 1  value: 14908.8 mgc: 0.002827373 ustep: 1 
iter: 2  value: 14908.8 mgc: 8.815365e-08 ustep: 1 
iter: 3  value: 14908.8 mgc: 8.273792e-08 ustep: 1 
iter: 4  value: 14908.8 mgc: 6.519107e-08 ustep: 1 
iter: 5  value: 14908.8 mgc: 6.843865e-08 ustep: 1 
iter: 6  value: 14908.8 mgc: 6.521555e-08 ustep: 1 
iter: 7  value: 14908.8 mgc: 6.47104e-08 ustep: 1 
iter: 8  value: 14908.8 mgc: 3.823947e-08 ustep: 0.4367355 
mgc: 8.382119e-08 
outer mgc:  0.08305754 
iter: 1  value: 14908.8 mgc: 0.002824876 ustep: 1 
iter: 2  value: 14908.8 mgc: 8.806919e-08 ustep: 1 
iter: 3  value: 14908.8 mgc: 5.392093e-08 ustep: 0.9999 
iter: 4  value: 14908.8 mgc: 5.230763e-08 ustep: 0.99995 
iter: 5  value: 14908.8 mgc: 8.176048e-08 ustep: 0.1519222 
mgc: 8.677161e-08 
outer mgc:  0.08539295 
iter: 1  value: 14908.8 mgc: 0.01796372 ustep: 1 
iter: 2  value: 14908.8 mgc: 2.572235e-07 ustep: 1 
iter: 3  value: 14908.8 mgc: 6.427173e-08 ustep: 0.9999 
iter: 4  value: 14908.8 mgc: 7.369112e-08 ustep: 0.9152321 
iter: 5  value: 14908.8 mgc: 5.121482e-08 ustep: 0.9566819 
iter: 6  value: 14908.8 mgc: 5.24903e-08 ustep: 0.9781034 
iter: 7  value: 14908.8 mgc: 5.777991e-08 ustep: 0.1313207 
mgc: 6.284333e-08 
outer mgc:  0.6756513 
iter: 1  value: 14908.8 mgc: 0.01795049 ustep: 1 
iter: 2  value: 14908.8 mgc: 2.289989e-07 ustep: 1.749033e-05 
mgc: 2.159004e-07 
outer mgc:  0.6680226 
iter: 1  value: 14908.8 mgc: 0.008109344 ustep: 1 
iter: 2  value: 14908.8 mgc: 7.393461e-08 ustep: 1 
iter: 3  value: 14908.8 mgc: 6.495442e-08 ustep: 0.9999 
iter: 4  value: 14908.8 mgc: 8.564895e-08 ustep: 0.9928299 
iter: 5  value: 14908.8 mgc: 7.336863e-08 ustep: 0.9964089 
iter: 6  value: 14908.8 mgc: 6.983422e-08 ustep: 0.998203 
iter: 7  value: 14908.8 mgc: 6.726598e-08 ustep: 0.1965599 
mgc: 4.905143e-08 
outer mgc:  0.3023352 
iter: 1  value: 14908.8 mgc: 0.008103513 ustep: 1 
iter: 2  value: 14908.8 mgc: 6.716569e-08 ustep: 1 
iter: 3  value: 14908.8 mgc: 1.080254e-07 ustep: 0.9999 
iter: 4  value: 14908.8 mgc: 7.382155e-08 ustep: 0.002404288 
mgc: 7.072531e-08 
outer mgc:  0.2976499 
iter: 1  value: 14908.8 mgc: 0.00537711 ustep: 1 
iter: 2  value: 14908.8 mgc: 3.265619e-07 ustep: 1 
iter: 3  value: 14908.8 mgc: 7.318768e-08 ustep: 0.9999 
iter: 4  value: 14908.8 mgc: 7.748571e-08 ustep: 0.99995 
iter: 5  value: 14908.8 mgc: 7.432497e-08 ustep: 0.999975 
iter: 6  value: 14908.8 mgc: 6.213559e-08 ustep: 0.001367912 
mgc: 5.537225e-08 
outer mgc:  0.1448318 
iter: 1  value: 14908.8 mgc: 0.0053719 ustep: 1 
iter: 2  value: 14908.8 mgc: 3.255476e-07 ustep: 1 
iter: 3  value: 14908.8 mgc: 1.140174e-07 ustep: 0.989901 
iter: 4  value: 14908.8 mgc: 8.42063e-08 ustep: 0.7330198 
iter: 5  value: 14908.8 mgc: 5.314075e-08 ustep: 0.8561802 
iter: 6  value: 14908.8 mgc: 5.076518e-08 ustep: 0.4771025 
iter: 7  value: 14908.8 mgc: 1.031236e-07 ustep: 0.4438594 
iter: 8  value: 14908.8 mgc: 7.249884e-08 ustep: 0.0169895 
mgc: 5.60997e-08 
outer mgc:  0.142681 
iter: 1  value: 14908.8 mgc: 0.003053966 ustep: 1 
iter: 2  value: 14908.8 mgc: 1.189612e-07 ustep: 1 
iter: 3  value: 14908.8 mgc: 7.242277e-08 ustep: 1 
iter: 4  value: 14908.8 mgc: 6.266183e-08 ustep: 1 
iter: 5  value: 14908.8 mgc: 7.404418e-08 ustep: 0.9999 
iter: 6  value: 14908.8 mgc: 7.83728e-08 ustep: 0.9152321 
iter: 7  value: 14908.8 mgc: 5.359883e-08 ustep: 0.0003825396 
mgc: 6.625981e-08 
outer mgc:  0.06923649 
iter: 1  value: 14908.8 mgc: 0.003051285 ustep: 1 
iter: 2  value: 14908.8 mgc: 1.183839e-07 ustep: 1 
iter: 3  value: 14908.8 mgc: 7.542401e-08 ustep: 0.2494656 
mgc: 6.544274e-08 
outer mgc:  0.2134409 
iter: 1  value: 14908.83 mgc: 54561.84 ustep: 1 
iter: 2  value: 14908.83 mgc: 5.840373e-06 ustep: 1 
iter: 3  value: 14908.83 mgc: 6.962847e-08 ustep: 0.6827823 
iter: 4  value: 14908.83 mgc: 5.736757e-08 ustep: 0.3543617 
iter: 5  value: 14908.83 mgc: 9.951109e-08 ustep: 0.5953233 
iter: 6  value: 14908.83 mgc: 4.335668e-08 ustep: 2.249339e-05 
mgc: 6.362628e-08 
outer mgc:  0.07615504 
iter: 1  value: 14908.77 mgc: 54616.43 ustep: 1 
iter: 2  value: 14908.77 mgc: 5.842247e-06 ustep: 1 
iter: 3  value: 14908.77 mgc: 9.973204e-08 ustep: 1 
iter: 4  value: 14908.77 mgc: 6.224592e-08 ustep: 1 
iter: 5  value: 14908.77 mgc: 6.320591e-08 ustep: 0.6827823 
iter: 6  value: 14908.77 mgc: 5.795618e-08 ustep: 0.8263238 
iter: 7  value: 14908.77 mgc: 1.023281e-07 ustep: 0.6983222 
iter: 8  value: 14908.77 mgc: 5.831181e-08 ustep: 0.8356732 
iter: 9  value: 14908.77 mgc: 7.652507e-08 ustep: 3.739762e-05 
mgc: 6.912715e-08 
outer mgc:  0.169626 
iter: 1  value: 14908.85 mgc: 196034.5 ustep: 1 
iter: 2  value: 14908.85 mgc: 3.117937e-06 ustep: 1 
iter: 3  value: 14908.85 mgc: 5.950173e-08 ustep: 1 
iter: 4  value: 14908.85 mgc: 1.13617e-07 ustep: 1 
iter: 5  value: 14908.85 mgc: 9.695073e-08 ustep: 2.132294e-09 
mgc: 5.688562e-08 
outer mgc:  0.1677441 
iter: 1  value: 14908.75 mgc: 196230.6 ustep: 1 
iter: 2  value: 14908.75 mgc: 3.060812e-06 ustep: 1 
iter: 3  value: 14908.75 mgc: 6.601417e-08 ustep: 1 
iter: 4  value: 14908.75 mgc: 7.178405e-08 ustep: 0.8994163 
iter: 5  value: 14908.75 mgc: 5.832935e-08 ustep: 0.772724 
iter: 6  value: 14908.75 mgc: 5.816129e-08 ustep: 0.06384328 
mgc: 7.2529e-08 
outer mgc:  0.1205266 
iter: 1  value: 14908.83 mgc: 38651.59 ustep: 1 
iter: 2  value: 14908.83 mgc: 3.510466e-06 ustep: 0.0002799205 
mgc: 2.443055e-06 
outer mgc:  0.19147 
iter: 1  value: 14908.77 mgc: 38690.26 ustep: 1 
iter: 2  value: 14908.77 mgc: 3.499735e-06 ustep: 0.9999 
iter: 3  value: 14908.77 mgc: 7.824823e-08 ustep: 0.99995 
iter: 4  value: 14908.77 mgc: 7.455304e-08 ustep: 0.0006429563 
mgc: 7.162393e-08 
outer mgc:  0.1995799 
iter: 1  value: 14908.84 mgc: 7064.752 ustep: 1 
iter: 2  value: 14908.84 mgc: 2.125419e-06 ustep: 1 
iter: 3  value: 14908.84 mgc: 7.398805e-08 ustep: 1 
iter: 4  value: 14908.84 mgc: 8.382171e-08 ustep: 1 
iter: 5  value: 14908.84 mgc: 8.714716e-08 ustep: 1 
iter: 6  value: 14908.84 mgc: 7.323101e-08 ustep: 1 
iter: 7  value: 14908.84 mgc: 6.885003e-08 ustep: 0.9999 
iter: 8  value: 14908.84 mgc: 7.473601e-08 ustep: 0.99995 
iter: 9  value: 14908.84 mgc: 8.493125e-08 ustep: 0.999975 
iter: 10  value: 14908.84 mgc: 6.719264e-08 ustep: 4.171132e-08 
mgc: 4.396143e-08 
outer mgc:  0.03704593 
iter: 1  value: 14908.76 mgc: 7071.82 ustep: 1 
iter: 2  value: 14908.76 mgc: 2.122353e-06 ustep: 1 
iter: 3  value: 14908.76 mgc: 7.317648e-08 ustep: 0.9999 
iter: 4  value: 14908.76 mgc: 5.350917e-08 ustep: 0.9152321 
iter: 5  value: 14908.76 mgc: 5.240442e-08 ustep: 0.5436463 
iter: 6  value: 14908.76 mgc: 6.322276e-08 ustep: 0.73735 
iter: 7  value: 14908.76 mgc: 6.319261e-08 ustep: 0.01515965 
mgc: 5.686309e-08 
outer mgc:  0.1589011 
iter: 1  value: 14908.83 mgc: 277798.3 ustep: 1 
iter: 2  value: 14908.83 mgc: 4.488367e-06 ustep: 1 
iter: 3  value: 14908.83 mgc: 5.675509e-08 ustep: 0.9999 
iter: 4  value: 14908.83 mgc: 9.455299e-08 ustep: 0.9928299 
iter: 5  value: 14908.83 mgc: 5.572785e-08 ustep: 1.305622e-09 
mgc: 5.572785e-08 
outer mgc:  0.3938341 
iter: 1  value: 14908.77 mgc: 278633 ustep: 1 
iter: 2  value: 14908.77 mgc: 4.521398e-06 ustep: 1 
iter: 3  value: 14908.77 mgc: 9.179062e-08 ustep: 0.03522464 
mgc: 7.101736e-08 
outer mgc:  0.1627247 
iter: 1  value: 14908.84 mgc: 2438.043 ustep: 1 
iter: 2  value: 14908.84 mgc: 5.494443e-07 ustep: 1 
iter: 3  value: 14908.84 mgc: 5.56275e-08 ustep: 0.9999 
iter: 4  value: 14908.84 mgc: 5.64351e-08 ustep: 0.004803275 
mgc: 6.422728e-08 
outer mgc:  0.04032325 
iter: 1  value: 14908.76 mgc: 2440.482 ustep: 1 
iter: 2  value: 14908.76 mgc: 5.475796e-07 ustep: 1 
iter: 3  value: 14908.76 mgc: 7.518782e-08 ustep: 0.0692153 
mgc: 7.355836e-08 
outer mgc:  0.2224788 
iter: 1  value: 14908.78 mgc: 29036.83 ustep: 1 
iter: 2  value: 14908.78 mgc: 1.006253e-07 ustep: 1 
iter: 3  value: 14908.78 mgc: 5.62102e-08 ustep: 0.8994163 
iter: 4  value: 14908.78 mgc: 5.153112e-08 ustep: 0.3094714 
iter: 5  value: 14908.78 mgc: 4.189345e-08 ustep: 0.1838278 
mgc: 5.278798e-08 
outer mgc:  0.251744 
iter: 1  value: 14908.82 mgc: 29037.69 ustep: 1 
iter: 2  value: 14908.82 mgc: 1.150112e-07 ustep: 0.989901 
iter: 3  value: 14908.82 mgc: 7.455123e-08 ustep: 1.005729e-05 
mgc: 5.265658e-08 
outer mgc:  0.1310253 
iter: 1  value: 14908.79 mgc: 3896.163 ustep: 1 
iter: 2  value: 14908.79 mgc: 6.385444e-08 ustep: 1 
iter: 3  value: 14908.79 mgc: 7.603849e-08 ustep: 0.2494656 
iter: 4  value: 14908.79 mgc: 4.901873e-08 ustep: 0.001349732 
mgc: 8.697649e-08 
outer mgc:  0.1703703 
iter: 1  value: 14908.81 mgc: 3896.206 ustep: 1 
iter: 2  value: 14908.81 mgc: 5.7978e-08 ustep: 0.9999 
iter: 3  value: 14908.81 mgc: 7.161051e-08 ustep: 0.001202747 
mgc: 7.64395e-08 
outer mgc:  0.08481732 
iter: 1  value: 14908.79 mgc: 7323.528 ustep: 1 
iter: 2  value: 14908.79 mgc: 1.06767e-07 ustep: 1 
iter: 3  value: 14908.79 mgc: 4.987643e-08 ustep: 0.9999 
iter: 4  value: 14908.79 mgc: 5.865249e-08 ustep: 2.291081e-09 
mgc: 5.230696e-08 
outer mgc:  0.1651255 
iter: 1  value: 14908.81 mgc: 7323.341 ustep: 1 
iter: 2  value: 14908.81 mgc: 1.07998e-07 ustep: 1 
iter: 3  value: 14908.81 mgc: 6.150025e-08 ustep: 0.9999 
iter: 4  value: 14908.81 mgc: 5.780833e-08 ustep: 0.9928299 
iter: 5  value: 14908.81 mgc: 6.747185e-08 ustep: 0.08409926 
mgc: 4.447125e-08 
outer mgc:  0.2244722 
iter: 1  value: 14908.8 mgc: 207.8743 ustep: 1 
iter: 2  value: 14908.8 mgc: 8.358269e-08 ustep: 0.9999 
iter: 3  value: 14908.8 mgc: 6.83515e-08 ustep: 0.001202747 
mgc: 5.168936e-08 
outer mgc:  0.03662078 
iter: 1  value: 14908.8 mgc: 207.8767 ustep: 1 
iter: 2  value: 14908.8 mgc: 5.104951e-08 ustep: 1 
iter: 3  value: 14908.8 mgc: 6.089693e-08 ustep: 0.8994163 
iter: 4  value: 14908.8 mgc: 6.051045e-08 ustep: 0.9483808 
iter: 5  value: 14908.8 mgc: 4.496947e-08 ustep: 0.8382098 
iter: 6  value: 14908.8 mgc: 9.277777e-08 ustep: 0.9155464 
iter: 7  value: 14908.8 mgc: 6.305544e-08 ustep: 0.3247485 
iter: 8  value: 14908.8 mgc: 8.556663e-08 ustep: 0.5699101 
iter: 9  value: 14908.8 mgc: 6.347506e-08 ustep: 0.08410251 
mgc: 8.246861e-08 
outer mgc:  0.09883156 
iter: 1  value: 14908.8 mgc: 702.898 ustep: 1 
iter: 2  value: 14908.8 mgc: 8.141301e-08 ustep: 1 
iter: 3  value: 14908.8 mgc: 5.525449e-08 ustep: 1 
iter: 4  value: 14908.8 mgc: 7.367472e-08 ustep: 1 
iter: 5  value: 14908.8 mgc: 6.270286e-08 ustep: 0.9999 
iter: 6  value: 14908.8 mgc: 6.30296e-08 ustep: 0.99995 
iter: 7  value: 14908.8 mgc: 6.42932e-08 ustep: 8.036803e-05 
mgc: 6.037979e-08 
outer mgc:  0.03658788 
iter: 1  value: 14908.8 mgc: 702.9044 ustep: 1 
iter: 2  value: 14908.8 mgc: 8.035764e-08 ustep: 0.9999 
iter: 3  value: 14908.8 mgc: 6.428994e-08 ustep: 0.009584436 
mgc: 5.106149e-08 
outer mgc:  0.1177807 
iter: 1  value: 14908.8 mgc: 376.5374 ustep: 1 
iter: 2  value: 14908.8 mgc: 5.931557e-08 ustep: 0.9999 
iter: 3  value: 14908.8 mgc: 1.004198e-07 ustep: 0.99995 
iter: 4  value: 14908.8 mgc: 7.045229e-08 ustep: 0.001285628 
mgc: 5.964526e-08 
outer mgc:  0.2268501 
iter: 1  value: 14908.8 mgc: 376.5133 ustep: 1 
iter: 2  value: 14908.8 mgc: 6.690242e-08 ustep: 0.6827823 
iter: 3  value: 14908.8 mgc: 1.021471e-07 ustep: 0.8263238 
iter: 4  value: 14908.8 mgc: 8.945616e-08 ustep: 0.9090326 
iter: 5  value: 14908.8 mgc: 6.43448e-08 ustep: 0.04675314 
mgc: 5.823132e-08 
outer mgc:  0.0366736 
iter: 1  value: 14908.8 mgc: 254.8013 ustep: 1 
iter: 2  value: 14908.8 mgc: 5.838591e-08 ustep: 1 
iter: 3  value: 14908.8 mgc: 4.50406e-08 ustep: 1 
iter: 4  value: 14908.8 mgc: 9.794838e-08 ustep: 1 
iter: 5  value: 14908.8 mgc: 5.426569e-08 ustep: 1 
iter: 6  value: 14908.8 mgc: 8.167136e-08 ustep: 0.4367355 
iter: 7  value: 14908.8 mgc: 8.143126e-08 ustep: 0.008406797 
mgc: 5.384042e-08 
outer mgc:  0.1723004 
iter: 1  value: 14908.8 mgc: 254.8 ustep: 1 
iter: 2  value: 14908.8 mgc: 8.418356e-08 ustep: 1 
iter: 3  value: 14908.8 mgc: 5.660484e-08 ustep: 1 
iter: 4  value: 14908.8 mgc: 6.25156e-08 ustep: 0.8994163 
iter: 5  value: 14908.8 mgc: 5.611914e-08 ustep: 0.3094714 
iter: 6  value: 14908.8 mgc: 6.118542e-08 ustep: 0.1838278 
mgc: 6.441974e-08 
outer mgc:  0.2015861 
iter: 1  value: 14908.8 mgc: 675.4434 ustep: 1 
iter: 2  value: 14908.8 mgc: 9.183438e-08 ustep: 1 
iter: 3  value: 14908.8 mgc: 4.699703e-08 ustep: 0.008923143 
mgc: 5.689094e-08 
outer mgc:  0.1290539 
iter: 1  value: 14908.8 mgc: 675.4416 ustep: 1 
iter: 2  value: 14908.8 mgc: 8.026408e-08 ustep: 1 
iter: 3  value: 14908.8 mgc: 5.048746e-08 ustep: 0.9999 
iter: 4  value: 14908.8 mgc: 8.807969e-08 ustep: 0.9928299 
iter: 5  value: 14908.8 mgc: 1.031304e-07 ustep: 0.5049086 
iter: 6  value: 14908.8 mgc: 5.805818e-08 ustep: 0.009632858 
mgc: 6.970941e-08 
outer mgc:  0.1528349 
iter: 1  value: 14908.8 mgc: 424.8616 ustep: 1 
iter: 2  value: 14908.8 mgc: 6.83716e-08 ustep: 1 
iter: 3  value: 14908.8 mgc: 6.579147e-08 ustep: 1 
iter: 4  value: 14908.8 mgc: 6.404627e-08 ustep: 1 
iter: 5  value: 14908.8 mgc: 8.173109e-08 ustep: 0.989901 
iter: 6  value: 14908.8 mgc: 5.432374e-08 ustep: 0.9949382 
iter: 7  value: 14908.8 mgc: 5.934729e-08 ustep: 0.9974661 
iter: 8  value: 14908.8 mgc: 6.220392e-08 ustep: 0.3405519 
iter: 9  value: 14908.8 mgc: 7.318772e-08 ustep: 0.5836099 
iter: 10  value: 14908.8 mgc: 5.934186e-08 ustep: 0.5141165 
iter: 11  value: 14908.8 mgc: 5.147425e-08 ustep: 0.2706036 
Not improving much - will try early exit...PD hess?: TRUE 
mgc: 8.442644e-08 
outer mgc:  0.103156 
iter: 1  value: 14908.8 mgc: 424.8609 ustep: 1 
iter: 2  value: 14908.8 mgc: 7.127437e-08 ustep: 1 
iter: 3  value: 14908.8 mgc: 6.414459e-08 ustep: 0.9999 
iter: 4  value: 14908.8 mgc: 7.629463e-08 ustep: 0.9152321 
iter: 5  value: 14908.8 mgc: 4.372531e-08 ustep: 0.9566819 
iter: 6  value: 14908.8 mgc: 7.810044e-08 ustep: 0.3796012 
iter: 7  value: 14908.8 mgc: 5.800207e-08 ustep: 0.2128388 
mgc: 4.319897e-08 
outer mgc:  0.2466077 
iter: 1  value: 14908.8 mgc: 453.6666 ustep: 1 
iter: 2  value: 14908.8 mgc: 7.077437e-08 ustep: 1 
iter: 3  value: 14908.8 mgc: 7.774701e-08 ustep: 2.132294e-09 
mgc: 5.51581e-08 
outer mgc:  0.04431596 
iter: 1  value: 14908.8 mgc: 453.6671 ustep: 1 
iter: 2  value: 14908.8 mgc: 5.86109e-08 ustep: 1 
iter: 3  value: 14908.8 mgc: 8.055967e-08 ustep: 1 
iter: 4  value: 14908.8 mgc: 5.476853e-08 ustep: 4.371736e-06 
mgc: 4.792385e-08 
outer mgc:  0.1874069 
iter: 1  value: 14908.8 mgc: 25.56539 ustep: 1 
iter: 2  value: 14908.8 mgc: 7.021718e-08 ustep: 1 
iter: 3  value: 14908.8 mgc: 5.309302e-08 ustep: 1 
iter: 4  value: 14908.8 mgc: 6.411216e-08 ustep: 1 
iter: 5  value: 14908.8 mgc: 3.719096e-08 ustep: 1 
iter: 6  value: 14908.8 mgc: 4.554689e-08 ustep: 5.463041e-07 
mgc: 5.469948e-08 
outer mgc:  0.148322 
iter: 1  value: 14908.8 mgc: 25.56546 ustep: 1 
iter: 2  value: 14908.8 mgc: 7.875125e-08 ustep: 1 
iter: 3  value: 14908.8 mgc: 4.910201e-08 ustep: 1 
iter: 4  value: 14908.8 mgc: 9.081873e-08 ustep: 0.9999 
iter: 5  value: 14908.8 mgc: 7.780926e-08 ustep: 0.99995 
iter: 6  value: 14908.8 mgc: 5.904427e-08 ustep: 0.7325304 
iter: 7  value: 14908.8 mgc: 6.292468e-08 ustep: 0.0009443003 
mgc: 6.725785e-08 
outer mgc:  0.03663643 
iter: 1  value: 14908.8 mgc: 27.68314 ustep: 1 
iter: 2  value: 14908.8 mgc: 7.482669e-08 ustep: 0.9999 
iter: 3  value: 14908.8 mgc: 9.431897e-08 ustep: 0.9152321 
iter: 4  value: 14908.8 mgc: 9.767047e-08 ustep: 0.01217502 
mgc: 5.660087e-08 
outer mgc:  0.2973603 
iter: 1  value: 14908.8 mgc: 27.68331 ustep: 1 
iter: 2  value: 14908.8 mgc: 7.555111e-08 ustep: 0.989901 
iter: 3  value: 14908.8 mgc: 5.878304e-08 ustep: 0.7330198 
iter: 4  value: 14908.8 mgc: 9.183178e-08 ustep: 0.2151791 
mgc: 8.078652e-08 
outer mgc:  0.09168786 
iter: 1  value: 14908.8 mgc: 16.05497 ustep: 1 
iter: 2  value: 14908.8 mgc: 6.621973e-08 ustep: 0.9999 
iter: 3  value: 14908.8 mgc: 1.229339e-07 ustep: 0.9152321 
iter: 4  value: 14908.8 mgc: 6.484169e-08 ustep: 0.7917909 
iter: 5  value: 14908.8 mgc: 9.616312e-08 ustep: 0.8898374 
iter: 6  value: 14908.8 mgc: 5.121755e-08 ustep: 0.7618431 
iter: 7  value: 14908.8 mgc: 3.443819e-08 ustep: 0.872849 
iter: 8  value: 14908.8 mgc: 7.079067e-08 ustep: 0.7435479 
iter: 9  value: 14908.8 mgc: 7.79625e-08 ustep: 0.6288657 
iter: 10  value: 14908.8 mgc: 6.814344e-08 ustep: 9.599354e-05 
mgc: 7.632897e-08 
outer mgc:  0.2243966 
iter: 1  value: 14908.8 mgc: 16.05488 ustep: 1 
iter: 2  value: 14908.8 mgc: 6.634956e-08 ustep: 1 
iter: 3  value: 14908.8 mgc: 9.884673e-08 ustep: 1 
iter: 4  value: 14908.8 mgc: 1.108942e-07 ustep: 1 
iter: 5  value: 14908.8 mgc: 5.970965e-08 ustep: 1 
iter: 6  value: 14908.8 mgc: 7.613344e-08 ustep: 0.9999 
iter: 7  value: 14908.8 mgc: 6.306404e-08 ustep: 0.9928299 
iter: 8  value: 14908.8 mgc: 4.595543e-08 ustep: 0.9964089 
iter: 9  value: 14908.8 mgc: 5.091467e-08 ustep: 0.9575132 
iter: 10  value: 14908.8 mgc: 6.761745e-08 ustep: 0.8533819 
iter: 11  value: 14908.8 mgc: 6.680485e-08 ustep: 0.0006274332 
Not improving much - will try early exit...PD hess?: TRUE 
mgc: 7.930915e-08 
outer mgc:  0.09709932 
iter: 1  value: 14908.8 mgc: 18.17714 ustep: 1 
iter: 2  value: 14908.8 mgc: 7.405685e-08 ustep: 0.4367355 
iter: 3  value: 14908.8 mgc: 6.611566e-08 ustep: 0.6608936 
iter: 4  value: 14908.8 mgc: 7.334085e-08 ustep: 1.556524e-09 
mgc: 6.017943e-08 
outer mgc:  0.03907989 
iter: 1  value: 14908.8 mgc: 18.17719 ustep: 1 
iter: 2  value: 14908.8 mgc: 7.070464e-08 ustep: 1 
iter: 3  value: 14908.8 mgc: 4.643813e-08 ustep: 0.4367355 
iter: 4  value: 14908.8 mgc: 6.099007e-08 ustep: 0.6608936 
iter: 5  value: 14908.8 mgc: 7.337311e-08 ustep: 0.02583728 
mgc: 5.547624e-08 
outer mgc:  0.03663408 
iter: 1  value: 14908.8 mgc: 6.149856 ustep: 1 
iter: 2  value: 14908.8 mgc: 7.89406e-08 ustep: 1 
iter: 3  value: 14908.8 mgc: 7.360323e-08 ustep: 0.9999 
iter: 4  value: 14908.8 mgc: 9.078709e-08 ustep: 0.9928299 
iter: 5  value: 14908.8 mgc: 5.797417e-08 ustep: 2.142104e-05 
mgc: 4.773396e-08 
outer mgc:  0.05693224 
iter: 1  value: 14908.8 mgc: 6.150412 ustep: 1 
iter: 2  value: 14908.8 mgc: 7.563442e-08 ustep: 1 
iter: 3  value: 14908.8 mgc: 6.087386e-08 ustep: 1 
iter: 4  value: 14908.8 mgc: 7.064572e-08 ustep: 0.1336527 
mgc: 6.82333e-08 
outer mgc:  0.0468523 
iter: 1  value: 14908.78 mgc: 0.004734113 ustep: 1 
iter: 2  value: 14908.78 mgc: 9.973376e-08 ustep: 0.989901 
iter: 3  value: 14908.78 mgc: 5.549396e-08 ustep: 0.9949382 
iter: 4  value: 14908.78 mgc: 7.799766e-08 ustep: 0.9974661 
iter: 5  value: 14908.78 mgc: 5.33279e-08 ustep: 0.5651731 
iter: 6  value: 14908.78 mgc: 6.911892e-08 ustep: 0.0001698604 
mgc: 5.424058e-08 
outer mgc:  0.05116831 
iter: 1  value: 14908.82 mgc: 0.004734192 ustep: 1 
iter: 2  value: 14908.82 mgc: 7.691923e-08 ustep: 1 
iter: 3  value: 14908.82 mgc: 7.973803e-08 ustep: 0.989901 
iter: 4  value: 14908.82 mgc: 5.371177e-08 ustep: 0.7330198 
iter: 5  value: 14908.82 mgc: 7.091873e-08 ustep: 1.476782e-05 
mgc: 6.160453e-08 
outer mgc:  0.06448744 
Warning message:
package nnet was built under R version 3.6.3 
[Sun Aug 15 14:44:43 2021]
Finished job 0.
1 of 1 steps (100%) done
