Building DAG of jobs...
Using shell: /usr/bin/bash
Provided cores: 1 (use --cores to define parallelism)
Rules claiming more threads will be scaled down.
Job counts:
	count	jobs
	1	inference_simulation_TMB_multiple
	1

[Sat Aug 14 19:46:09 2021]
rule inference_simulation_TMB_multiple:
    input: ../data/assessing_models_simulation/datasets/multiple_GenerationJnorm2_50_100_80_6_0.005_NA_NA_NA_dataset1.RDS
    output: ../data/assessing_models_simulation/inference_results/TMB/nlminb/multiple_GenerationJnorm2_50_100_80_6_0.005_diagREDM_NA_NA_NA_dataset1.RDS
    log: logs/inference/nlminb/simulation_GenerationJnorm2_50_100_80_6_0.005_ModeldiagREDM_NA_NA_NA_dataset1.log
    jobid: 0
    wildcards: optimiser=nlminb, datasetgeneration=GenerationJnorm2, n=50, nlambda=100, lmbda=80, d=6, beta_intensity=0.005, model=diagREDM, fixed_beta_intercept=NA, fixed_beta_slope=NA, sdRE_input=NA, itnum=1

Rscript 2_inference_TMB/run_TMB.R --input ../data/assessing_models_simulation/datasets/multiple_GenerationJnorm2_50_100_80_6_0.005_NA_NA_NA_dataset1.RDS --output ../data/assessing_models_simulation/inference_results/TMB/nlminb/multiple_GenerationJnorm2_50_100_80_6_0.005_diagREDM_NA_NA_NA_dataset1.RDS --model diagREDM --optimiser nlminb
Model: diagREDM 
Feature type: signatures 
Using nlminb: TRUE 
Simulation boolean: TRUE 
make: Nothing to be done for 'all'.
../data/assessing_models_simulation/datasets/multiple_GenerationJnorm2_50_100_80_6_0.005_NA_NA_NA_dataset1.RDS[1] "../data/assessing_models_simulation/datasets/multiple_GenerationJnorm2_50_100_80_6_0.005_NA_NA_NA_dataset1.RDS"
Reading file ../data/assessing_models_simulation/datasets/multiple_GenerationJnorm2_50_100_80_6_0.005_NA_NA_NA_dataset1.RDS 
Loading required package: nnet
# weights:  18 (10 variable)
initial  value 17666.748367 
iter  10 value 16819.131316
final  value 16649.999835 
converged
Constructing atomic invpd
Constructing atomic D_lgamma
Constructing atomic invpd
Constructing atomic D_lgamma
Constructing atomic matmul
Constructing atomic invpd
Constructing atomic D_lgamma
Constructing atomic matmul
Optimizing tape... Done
iter: 1  value: 19213.96 mgc: 77.79492 ustep: 0.4367355 
iter: 2  value: 16927.77 mgc: 121.0566 ustep: 0.0287475 
iter: 3  value: 16184.89 mgc: 100.3199 ustep: 0.02834548 
iter: 4  value: 16055.6 mgc: 43.10339 ustep: 0.1684443 
iter: 5  value: 16025.16 mgc: 4.171357 ustep: 0.4104787 
iter: 6  value: 16021.06 mgc: 1.724986 ustep: 0.640722 
iter: 7  value: 16020.8 mgc: 0.5391239 ustep: 0.8004711 
iter: 8  value: 16020.79 mgc: 0.1032633 ustep: 0.894701 
iter: 9  value: 16020.79 mgc: 0.009058725 ustep: 0.9458918 
iter: 10  value: 16020.79 mgc: 0.0003407801 ustep: 0.9725724 
iter: 11  value: 16020.79 mgc: 6.195056e-06 ustep: 0.9861922 
iter: 12  value: 16020.79 mgc: 5.641357e-08 ustep: 0.4626219 
iter: 13  value: 16020.79 mgc: 2.441496e-08 ustep: 0.6801951 
iter: 14  mgc: 5.762577e-09 
iter: 1  mgc: 5.762577e-09 
Matching hessian patterns... Done
outer mgc:  85.36258 
iter: 1  value: 16080.47 mgc: 27.97133 ustep: 1 
iter: 2  value: 16073.64 mgc: 2.966515 ustep: 1 
iter: 3  value: 16073.64 mgc: 0.1274631 ustep: 1 
iter: 4  value: 16073.64 mgc: 0.0004804647 ustep: 1 
iter: 5  value: 16073.64 mgc: 1.060436e-08 ustep: 1 
mgc: 5.076717e-12 
iter: 1  value: 15998.14 mgc: 10.13014 ustep: 1 
iter: 2  value: 15998.04 mgc: 0.4056892 ustep: 1 
iter: 3  value: 15998.04 mgc: 0.001991706 ustep: 1 
iter: 4  value: 15998.04 mgc: 1.124403e-07 ustep: 0.989901 
iter: 5  mgc: 9.865397e-11 
iter: 1  mgc: 9.865397e-11 
outer mgc:  44.83739 
iter: 1  value: 15985.01 mgc: 5.874702 ustep: 1 
iter: 2  value: 15984.87 mgc: 0.439878 ustep: 1 
iter: 3  value: 15984.87 mgc: 0.003932399 ustep: 1 
iter: 4  value: 15984.87 mgc: 4.273035e-07 ustep: 0.6827823 
iter: 5  value: 15984.87 mgc: 1.934889e-08 ustep: 0.1964641 
mgc: 7.850564e-09 
iter: 1  mgc: 7.850564e-09 
outer mgc:  47.81685 
iter: 1  value: 15972.54 mgc: 9.766238 ustep: 1 
iter: 2  value: 15972.45 mgc: 0.359193 ustep: 1 
iter: 3  value: 15972.45 mgc: 0.001705402 ustep: 1 
iter: 4  value: 15972.45 mgc: 8.197885e-08 ustep: 1 
iter: 5  mgc: 6.559864e-12 
iter: 1  mgc: 6.559864e-12 
outer mgc:  57.06628 
iter: 1  value: 15940.02 mgc: 10.08354 ustep: 1 
iter: 2  value: 15939.16 mgc: 1.284501 ustep: 1 
iter: 3  value: 15939.16 mgc: 0.02873387 ustep: 1 
iter: 4  value: 15939.16 mgc: 1.767095e-05 ustep: 0.9999 
iter: 5  mgc: 1.910054e-10 
iter: 1  mgc: 1.910054e-10 
outer mgc:  32.87768 
iter: 1  value: 15928.51 mgc: 13.79649 ustep: 1 
iter: 2  value: 15927.03 mgc: 1.738227 ustep: 1 
iter: 3  value: 15927.03 mgc: 0.0547695 ustep: 1 
iter: 4  value: 15927.03 mgc: 7.856904e-05 ustep: 0.989901 
iter: 5  value: 15927.03 mgc: 7.731571e-08 ustep: 0.9949382 
iter: 6  mgc: 7.347603e-11 
iter: 1  mgc: 7.347603e-11 
outer mgc:  102.3845 
iter: 1  value: 15887.92 mgc: 14.22982 ustep: 1 
iter: 2  value: 15887.22 mgc: 0.998442 ustep: 1 
iter: 3  value: 15887.22 mgc: 0.01738993 ustep: 1 
iter: 4  value: 15887.22 mgc: 1.066739e-05 ustep: 1 
iter: 5  mgc: 5.609957e-12 
iter: 1  mgc: 5.609957e-12 
outer mgc:  53.42721 
iter: 1  value: 15868.59 mgc: 4.727841 ustep: 1 
iter: 2  value: 15868.57 mgc: 0.166287 ustep: 1 
iter: 3  value: 15868.57 mgc: 0.0005431766 ustep: 1 
iter: 4  value: 15868.57 mgc: 1.407506e-08 ustep: 0.989901 
mgc: 5.84901e-11 
iter: 1  mgc: 5.84901e-11 
outer mgc:  80.6382 
iter: 1  value: 15838.69 mgc: 16.66422 ustep: 1 
iter: 2  value: 15838.13 mgc: 0.9502596 ustep: 1 
iter: 3  value: 15838.13 mgc: 0.009314882 ustep: 1 
iter: 4  value: 15838.13 mgc: 2.109638e-06 ustep: 0.989901 
iter: 5  mgc: 1.292736e-09 
iter: 1  mgc: 1.292736e-09 
outer mgc:  60.34732 
iter: 1  value: 15829.68 mgc: 15.53895 ustep: 1 
iter: 2  value: 15829.32 mgc: 0.7781448 ustep: 1 
iter: 3  value: 15829.32 mgc: 0.006362092 ustep: 1 
iter: 4  value: 15829.32 mgc: 4.825824e-07 ustep: 1 
iter: 5  mgc: 1.01934e-11 
iter: 1  mgc: 1.01934e-11 
outer mgc:  82.45949 
iter: 1  value: 15812.27 mgc: 12.58146 ustep: 1 
iter: 2  value: 15812.08 mgc: 0.6702906 ustep: 1 
iter: 3  value: 15812.08 mgc: 0.005033825 ustep: 1 
iter: 4  value: 15812.08 mgc: 3.621489e-07 ustep: 1 
iter: 5  mgc: 4.801048e-12 
iter: 1  mgc: 4.801048e-12 
outer mgc:  64.66802 
iter: 1  value: 15811.64 mgc: 15.70616 ustep: 1 
iter: 2  value: 15811.16 mgc: 1.245167 ustep: 1 
iter: 3  value: 15811.16 mgc: 0.01507223 ustep: 1 
iter: 4  value: 15811.16 mgc: 3.715653e-06 ustep: 0.9999 
iter: 5  mgc: 1.697531e-11 
iter: 1  value: 15803.03 mgc: 8.725285 ustep: 1 
iter: 2  value: 15803 mgc: 0.2851542 ustep: 1 
iter: 3  value: 15803 mgc: 0.001026824 ustep: 1 
iter: 4  value: 15803 mgc: 2.388551e-08 ustep: 1 
mgc: 6.777245e-12 
iter: 1  mgc: 6.777245e-12 
outer mgc:  38.76508 
iter: 1  value: 15794.19 mgc: 6.743893 ustep: 1 
iter: 2  value: 15794.16 mgc: 0.2251663 ustep: 1 
iter: 3  value: 15794.16 mgc: 0.0006213461 ustep: 1 
iter: 4  mgc: 7.493883e-09 
iter: 1  mgc: 7.493883e-09 
outer mgc:  30.67586 
iter: 1  value: 15787.98 mgc: 6.472691 ustep: 1 
iter: 2  value: 15787.97 mgc: 0.1510979 ustep: 1 
iter: 3  value: 15787.97 mgc: 0.0003444666 ustep: 1 
iter: 4  mgc: 1.850291e-09 
iter: 1  mgc: 1.850291e-09 
outer mgc:  24.66631 
iter: 1  value: 15783.87 mgc: 9.082058 ustep: 1 
iter: 2  value: 15783.85 mgc: 0.2209304 ustep: 1 
iter: 3  value: 15783.85 mgc: 0.0004363679 ustep: 1 
iter: 4  mgc: 2.73932e-09 
iter: 1  mgc: 2.73932e-09 
outer mgc:  20.29102 
iter: 1  value: 15780.65 mgc: 9.952938 ustep: 1 
iter: 2  value: 15780.6 mgc: 0.391101 ustep: 1 
iter: 3  value: 15780.6 mgc: 0.0009248305 ustep: 1 
iter: 4  value: 15780.6 mgc: 1.077152e-08 ustep: 1 
mgc: 4.800604e-12 
iter: 1  mgc: 4.800604e-12 
outer mgc:  24.20072 
iter: 1  value: 15778.52 mgc: 5.448604 ustep: 1 
iter: 2  value: 15778.52 mgc: 0.1255147 ustep: 1 
iter: 3  value: 15778.52 mgc: 0.00011695 ustep: 1 
iter: 4  mgc: 1.857714e-10 
iter: 1  mgc: 1.857714e-10 
outer mgc:  13.90763 
iter: 1  value: 15778.92 mgc: 2.915226 ustep: 1 
iter: 2  value: 15778.92 mgc: 0.02404994 ustep: 1 
iter: 3  value: 15778.92 mgc: 3.398042e-06 ustep: 1 
iter: 4  mgc: 6.568746e-12 
iter: 1  value: 15777.98 mgc: 1.564263 ustep: 1 
iter: 2  value: 15777.98 mgc: 0.008802354 ustep: 1 
iter: 3  value: 15777.98 mgc: 9.787531e-07 ustep: 1 
iter: 4  mgc: 6.619594e-12 
iter: 1  mgc: 6.619594e-12 
outer mgc:  7.882842 
iter: 1  value: 15777.25 mgc: 1.822182 ustep: 1 
iter: 2  value: 15777.25 mgc: 0.01012431 ustep: 1 
iter: 3  value: 15777.25 mgc: 1.022501e-06 ustep: 1 
iter: 4  mgc: 4.089173e-12 
iter: 1  mgc: 4.089173e-12 
outer mgc:  2.531571 
iter: 1  value: 15776.57 mgc: 1.545784 ustep: 1 
iter: 2  value: 15776.57 mgc: 0.008236095 ustep: 1 
iter: 3  value: 15776.57 mgc: 6.954242e-07 ustep: 1 
iter: 4  mgc: 8.673506e-12 
iter: 1  mgc: 8.673506e-12 
outer mgc:  1.960853 
iter: 1  value: 15775.89 mgc: 1.247686 ustep: 1 
iter: 2  value: 15775.89 mgc: 0.006542098 ustep: 1 
iter: 3  value: 15775.89 mgc: 4.477103e-07 ustep: 1 
iter: 4  mgc: 5.312195e-12 
iter: 1  mgc: 5.312195e-12 
outer mgc:  3.576827 
iter: 1  value: 15775.47 mgc: 1.081983 ustep: 1 
iter: 2  value: 15775.46 mgc: 0.004555029 ustep: 1 
iter: 3  value: 15775.46 mgc: 1.868006e-07 ustep: 1 
iter: 4  mgc: 7.010836e-12 
iter: 1  mgc: 7.010836e-12 
outer mgc:  6.159656 
iter: 1  value: 15775.2 mgc: 0.5885657 ustep: 1 
iter: 2  value: 15775.2 mgc: 0.00248788 ustep: 1 
iter: 3  value: 15775.2 mgc: 1.176763e-07 ustep: 1 
iter: 4  mgc: 4.372946e-12 
iter: 1  mgc: 4.372946e-12 
outer mgc:  2.543365 
iter: 1  value: 15775.11 mgc: 0.9735641 ustep: 1 
iter: 2  value: 15775.11 mgc: 0.004494975 ustep: 1 
iter: 3  value: 15775.11 mgc: 1.887176e-07 ustep: 1 
iter: 4  mgc: 3.139711e-12 
iter: 1  value: 15775.15 mgc: 0.5965511 ustep: 1 
iter: 2  value: 15775.15 mgc: 0.00155191 ustep: 1 
iter: 3  value: 15775.15 mgc: 2.165971e-08 ustep: 1 
mgc: 3.440803e-12 
iter: 1  value: 15775.15 mgc: 0.2670795 ustep: 1 
iter: 2  value: 15775.15 mgc: 0.0003089598 ustep: 1 
iter: 3  mgc: 8.707277e-10 
iter: 1  mgc: 8.707277e-10 
outer mgc:  1.537925 
iter: 1  value: 15775.08 mgc: 0.3026745 ustep: 1 
iter: 2  value: 15775.08 mgc: 0.0003345678 ustep: 1 
iter: 3  mgc: 1.3373e-09 
iter: 1  mgc: 1.3373e-09 
outer mgc:  2.573421 
iter: 1  value: 15775.03 mgc: 0.2730024 ustep: 1 
iter: 2  value: 15775.03 mgc: 0.0002091677 ustep: 1 
iter: 3  mgc: 2.417834e-10 
iter: 1  mgc: 2.417834e-10 
outer mgc:  1.265668 
iter: 1  value: 15774.98 mgc: 0.2260327 ustep: 1 
iter: 2  value: 15774.98 mgc: 0.0001720415 ustep: 1 
iter: 3  mgc: 2.536282e-10 
iter: 1  mgc: 2.536282e-10 
outer mgc:  1.233992 
iter: 1  value: 15774.93 mgc: 0.1615758 ustep: 1 
iter: 2  value: 15774.93 mgc: 7.059214e-05 ustep: 1 
iter: 3  mgc: 2.733924e-11 
iter: 1  value: 15774.86 mgc: 0.1360454 ustep: 1 
iter: 2  value: 15774.86 mgc: 6.34463e-05 ustep: 1 
iter: 3  mgc: 4.719536e-11 
iter: 1  value: 15774.66 mgc: 0.5767755 ustep: 1 
iter: 2  value: 15774.66 mgc: 0.001139477 ustep: 1 
iter: 3  value: 15774.66 mgc: 1.54517e-08 ustep: 0.8994163 
mgc: 1.099953e-10 
iter: 1  mgc: 1.099953e-10 
outer mgc:  5.694885 
iter: 1  value: 15774.13 mgc: 0.5934891 ustep: 1 
iter: 2  value: 15774.13 mgc: 0.003778282 ustep: 1 
iter: 3  value: 15774.13 mgc: 2.770979e-07 ustep: 1 
iter: 4  mgc: 2.208012e-12 
iter: 1  value: 15773.44 mgc: 0.9364038 ustep: 1 
iter: 2  value: 15773.44 mgc: 0.01153438 ustep: 1 
iter: 3  value: 15773.44 mgc: 2.4761e-06 ustep: 1 
iter: 4  mgc: 1.239453e-12 
iter: 1  value: 15792.63 mgc: 5.610344 ustep: 1 
iter: 2  value: 15792.61 mgc: 0.3374163 ustep: 1 
iter: 3  value: 15792.61 mgc: 0.001732503 ustep: 1 
iter: 4  value: 15792.61 mgc: 1.294078e-07 ustep: 1 
iter: 5  mgc: 9.503509e-14 
iter: 1  mgc: 9.503509e-14 
outer mgc:  36.15453 
iter: 1  value: 20788.42 mgc: 32.89302 ustep: 1 
iter: 2  value: 20787.68 mgc: 1.529928 ustep: 1 
iter: 3  value: 20787.67 mgc: 0.1079636 ustep: 1 
iter: 4  value: 20787.67 mgc: 0.0006985037 ustep: 1 
iter: 5  value: 20787.67 mgc: 2.993022e-08 ustep: 1 
iter: 6  mgc: 7.771561e-16 
iter: 1  value: 15870.15 mgc: 5.61368 ustep: 1 
iter: 2  value: 15870.12 mgc: 0.2028851 ustep: 1 
iter: 3  value: 15870.12 mgc: 0.002434459 ustep: 1 
iter: 4  value: 15870.12 mgc: 3.463053e-07 ustep: 1 
iter: 5  mgc: 2.4869e-14 
iter: 1  value: 15792.56 mgc: 1.633719 ustep: 1 
iter: 2  value: 15792.56 mgc: 0.03213392 ustep: 1 
iter: 3  value: 15792.56 mgc: 2.303405e-05 ustep: 1 
iter: 4  mgc: 1.530109e-11 
iter: 1  mgc: 1.530109e-11 
outer mgc:  16.62068 
iter: 1  value: 15788.58 mgc: 2.628299 ustep: 1 
iter: 2  value: 15788.57 mgc: 0.07420199 ustep: 1 
iter: 3  value: 15788.57 mgc: 0.0001335542 ustep: 1 
iter: 4  mgc: 5.870705e-10 
iter: 1  mgc: 5.870705e-10 
outer mgc:  9.933624 
iter: 1  value: 15792.03 mgc: 1.677907 ustep: 1 
iter: 2  value: 15792.03 mgc: 0.01999869 ustep: 1 
iter: 3  value: 15792.03 mgc: 7.934276e-06 ustep: 1 
iter: 4  mgc: 2.185807e-12 
iter: 1  mgc: 2.185807e-12 
outer mgc:  3.764403 
iter: 1  value: 15787.97 mgc: 0.9243823 ustep: 1 
iter: 2  value: 15787.97 mgc: 0.008040819 ustep: 1 
iter: 3  value: 15787.97 mgc: 6.539793e-07 ustep: 1 
iter: 4  mgc: 8.65974e-14 
iter: 1  mgc: 8.65974e-14 
outer mgc:  3.074027 
iter: 1  value: 15791.9 mgc: 1.312492 ustep: 1 
iter: 2  value: 15791.9 mgc: 0.01389327 ustep: 1 
iter: 3  value: 15791.9 mgc: 7.404886e-06 ustep: 1 
iter: 4  mgc: 2.166711e-12 
iter: 1  value: 15788.72 mgc: 0.4942867 ustep: 1 
iter: 2  value: 15788.72 mgc: 0.002429729 ustep: 1 
iter: 3  value: 15788.72 mgc: 7.299677e-08 ustep: 1 
iter: 4  mgc: 1.048051e-13 
iter: 1  mgc: 1.048051e-13 
outer mgc:  3.277943 
iter: 1  value: 15788.63 mgc: 0.4004088 ustep: 1 
iter: 2  value: 15788.63 mgc: 0.002071646 ustep: 1 
iter: 3  value: 15788.63 mgc: 7.999632e-08 ustep: 1 
mgc: 8.393286e-14 
iter: 1  mgc: 8.393286e-14 
outer mgc:  1.485558 
iter: 1  value: 15789.56 mgc: 0.5666705 ustep: 1 
iter: 2  value: 15789.56 mgc: 0.002087476 ustep: 1 
iter: 3  value: 15789.56 mgc: 5.027855e-08 ustep: 1 
mgc: 7.394085e-14 
iter: 1  mgc: 7.394085e-14 
outer mgc:  3.960511 
iter: 1  value: 15788.88 mgc: 0.8881732 ustep: 1 
iter: 2  value: 15788.88 mgc: 0.002877435 ustep: 1 
iter: 3  value: 15788.88 mgc: 9.06997e-08 ustep: 1 
iter: 4  mgc: 9.971711e-14 
iter: 1  value: 15789.34 mgc: 0.4596837 ustep: 1 
iter: 2  value: 15789.34 mgc: 0.001749276 ustep: 1 
iter: 3  value: 15789.34 mgc: 5.828171e-08 ustep: 1 
mgc: 7.949197e-14 
iter: 1  mgc: 7.949197e-14 
outer mgc:  1.916642 
iter: 1  value: 15789.54 mgc: 0.5008598 ustep: 1 
iter: 2  value: 15789.54 mgc: 0.001481983 ustep: 1 
iter: 3  value: 15789.54 mgc: 2.713031e-08 ustep: 1 
mgc: 8.171241e-14 
iter: 1  value: 15789.38 mgc: 0.2716104 ustep: 1 
iter: 2  value: 15789.38 mgc: 0.000433259 ustep: 1 
iter: 3  mgc: 1.780771e-09 
iter: 1  mgc: 1.780771e-09 
outer mgc:  1.443674 
iter: 1  value: 15789.32 mgc: 0.3134261 ustep: 1 
iter: 2  value: 15789.32 mgc: 0.0004472747 ustep: 1 
iter: 3  mgc: 1.590527e-09 
iter: 1  mgc: 1.590527e-09 
outer mgc:  1.729976 
iter: 1  value: 15789.29 mgc: 0.2076981 ustep: 1 
iter: 2  value: 15789.29 mgc: 0.0002774141 ustep: 1 
iter: 3  mgc: 8.4846e-10 
iter: 1  mgc: 8.4846e-10 
outer mgc:  1.050828 
iter: 1  value: 15789.2 mgc: 0.3217918 ustep: 1 
iter: 2  value: 15789.2 mgc: 0.0004136278 ustep: 1 
iter: 3  mgc: 1.167864e-09 
iter: 1  mgc: 1.167864e-09 
outer mgc:  1.438723 
iter: 1  value: 15789.88 mgc: 0.4185935 ustep: 1 
iter: 2  value: 15789.88 mgc: 0.002585965 ustep: 1 
iter: 3  value: 15789.88 mgc: 1.242601e-07 ustep: 1 
iter: 4  mgc: 7.638334e-14 
iter: 1  value: 15789.45 mgc: 0.2424458 ustep: 1 
iter: 2  value: 15789.45 mgc: 0.0008095684 ustep: 1 
iter: 3  mgc: 9.834348e-09 
iter: 1  mgc: 9.834348e-09 
outer mgc:  1.893244 
iter: 1  value: 15789.35 mgc: 0.2362799 ustep: 1 
iter: 2  value: 15789.35 mgc: 0.0005693962 ustep: 1 
iter: 3  mgc: 7.62934e-09 
iter: 1  mgc: 7.62934e-09 
outer mgc:  1.227527 
iter: 1  value: 15789.5 mgc: 0.3740828 ustep: 1 
iter: 2  value: 15789.5 mgc: 0.0006500022 ustep: 1 
iter: 3  mgc: 4.261416e-09 
iter: 1  mgc: 4.261416e-09 
outer mgc:  2.566813 
iter: 1  value: 15789.56 mgc: 0.245782 ustep: 1 
iter: 2  value: 15789.56 mgc: 0.0004932846 ustep: 1 
iter: 3  mgc: 2.487659e-09 
iter: 1  mgc: 2.487659e-09 
outer mgc:  0.9988153 
iter: 1  value: 15789.57 mgc: 0.3306093 ustep: 1 
iter: 2  value: 15789.57 mgc: 0.0009290943 ustep: 1 
iter: 3  value: 15789.57 mgc: 2.670232e-08 ustep: 1 
mgc: 8.393286e-14 
iter: 1  mgc: 8.393286e-14 
outer mgc:  0.8811193 
iter: 1  value: 15789.76 mgc: 0.3269962 ustep: 1 
iter: 2  value: 15789.76 mgc: 0.0008012162 ustep: 1 
iter: 3  mgc: 8.844887e-09 
iter: 1  mgc: 8.844887e-09 
outer mgc:  0.5348719 
iter: 1  value: 15789.89 mgc: 0.3866505 ustep: 1 
iter: 2  value: 15789.89 mgc: 0.0008297165 ustep: 1 
iter: 3  mgc: 9.278833e-09 
iter: 1  value: 15789.78 mgc: 0.08995506 ustep: 1 
iter: 2  value: 15789.78 mgc: 4.425249e-05 ustep: 1 
iter: 3  mgc: 2.632694e-11 
iter: 1  mgc: 2.632694e-11 
outer mgc:  0.5121013 
iter: 1  value: 15789.79 mgc: 0.1076263 ustep: 1 
iter: 2  value: 15789.79 mgc: 4.565531e-05 ustep: 1 
iter: 3  mgc: 2.877432e-11 
iter: 1  mgc: 2.877432e-11 
outer mgc:  0.6958564 
iter: 1  value: 15789.84 mgc: 0.08595041 ustep: 1 
iter: 2  value: 15789.84 mgc: 7.850182e-05 ustep: 1 
iter: 3  mgc: 8.075851e-11 
iter: 1  value: 15789.87 mgc: 0.06630407 ustep: 1 
iter: 2  value: 15789.87 mgc: 4.879057e-05 ustep: 1 
iter: 3  mgc: 9.557688e-11 
iter: 1  mgc: 9.557688e-11 
outer mgc:  0.394348 
iter: 1  value: 15790.03 mgc: 0.1321188 ustep: 1 
iter: 2  value: 15790.03 mgc: 0.0002747135 ustep: 1 
iter: 3  mgc: 3.556568e-09 
iter: 1  value: 15789.93 mgc: 0.05099124 ustep: 1 
iter: 2  value: 15789.93 mgc: 4.078097e-05 ustep: 1 
iter: 3  mgc: 7.822898e-11 
iter: 1  mgc: 7.822898e-11 
outer mgc:  0.6107706 
iter: 1  value: 15789.94 mgc: 0.1289908 ustep: 1 
iter: 2  value: 15789.94 mgc: 6.925162e-05 ustep: 1 
iter: 3  mgc: 6.007772e-11 
iter: 1  mgc: 6.007772e-11 
outer mgc:  0.3337508 
iter: 1  value: 15789.99 mgc: 0.06256891 ustep: 1 
iter: 2  value: 15789.99 mgc: 3.810773e-05 ustep: 1 
iter: 3  mgc: 2.015099e-11 
iter: 1  mgc: 2.015099e-11 
outer mgc:  0.4328671 
iter: 1  value: 15790.06 mgc: 0.0692811 ustep: 1 
iter: 2  value: 15790.06 mgc: 1.737256e-05 ustep: 1 
iter: 3  mgc: 2.571721e-12 
iter: 1  mgc: 2.571721e-12 
outer mgc:  0.2491963 
iter: 1  value: 15790.11 mgc: 0.07756759 ustep: 1 
iter: 2  value: 15790.11 mgc: 6.789365e-05 ustep: 1 
iter: 3  mgc: 9.413026e-11 
iter: 1  mgc: 9.413026e-11 
outer mgc:  0.5782486 
iter: 1  value: 15790.15 mgc: 0.1068936 ustep: 1 
iter: 2  value: 15790.15 mgc: 4.547407e-05 ustep: 1 
iter: 3  mgc: 2.596545e-11 
iter: 1  mgc: 2.596545e-11 
outer mgc:  0.2697116 
iter: 1  value: 15790.17 mgc: 0.08174455 ustep: 1 
iter: 2  value: 15790.17 mgc: 6.206264e-05 ustep: 1 
iter: 3  mgc: 5.205703e-11 
iter: 1  mgc: 5.205703e-11 
outer mgc:  0.3062312 
iter: 1  value: 15790.22 mgc: 0.06044803 ustep: 1 
iter: 2  value: 15790.22 mgc: 1.28943e-05 ustep: 1 
iter: 3  mgc: 1.277201e-12 
iter: 1  mgc: 1.277201e-12 
outer mgc:  0.1031725 
iter: 1  value: 15790.28 mgc: 0.04390386 ustep: 1 
iter: 2  value: 15790.28 mgc: 1.375232e-05 ustep: 1 
iter: 3  mgc: 5.32685e-12 
iter: 1  mgc: 5.32685e-12 
outer mgc:  0.161223 
iter: 1  value: 15790.31 mgc: 0.03421487 ustep: 1 
iter: 2  value: 15790.31 mgc: 9.407969e-06 ustep: 1 
iter: 3  mgc: 9.334755e-13 
iter: 1  mgc: 9.334755e-13 
outer mgc:  0.1506846 
iter: 1  value: 15790.33 mgc: 0.03152104 ustep: 1 
iter: 2  value: 15790.33 mgc: 1.56654e-05 ustep: 1 
iter: 3  mgc: 3.373302e-12 
iter: 1  mgc: 3.373302e-12 
outer mgc:  0.1292981 
iter: 1  value: 15790.36 mgc: 0.05968888 ustep: 1 
iter: 2  value: 15790.36 mgc: 3.053147e-05 ustep: 1 
iter: 3  mgc: 1.250289e-11 
iter: 1  value: 15790.34 mgc: 0.02445076 ustep: 1 
iter: 2  value: 15790.34 mgc: 5.637363e-06 ustep: 1 
iter: 3  mgc: 5.542233e-13 
iter: 1  mgc: 5.542233e-13 
outer mgc:  0.06940105 
iter: 1  value: 15790.35 mgc: 0.01332847 ustep: 1 
iter: 2  value: 15790.35 mgc: 1.100317e-06 ustep: 1 
iter: 3  mgc: 9.880985e-14 
iter: 1  mgc: 9.880985e-14 
outer mgc:  0.05016257 
iter: 1  value: 15790.35 mgc: 0.0094346 ustep: 1 
iter: 2  value: 15790.35 mgc: 1.045564e-06 ustep: 1 
iter: 3  mgc: 7.827072e-14 
iter: 1  mgc: 7.827072e-14 
outer mgc:  0.07679948 
iter: 1  value: 15790.34 mgc: 0.01280332 ustep: 1 
iter: 2  value: 15790.34 mgc: 2.672274e-06 ustep: 1 
iter: 3  mgc: 1.429967e-13 
iter: 1  value: 15790.35 mgc: 0.009321125 ustep: 1 
iter: 2  value: 15790.35 mgc: 9.822145e-07 ustep: 1 
iter: 3  mgc: 9.081624e-14 
iter: 1  mgc: 9.081624e-14 
outer mgc:  0.02789288 
iter: 1  value: 15790.35 mgc: 0.004297366 ustep: 1 
iter: 2  value: 15790.35 mgc: 3.849438e-07 ustep: 1 
iter: 3  mgc: 6.927792e-14 
iter: 1  mgc: 6.927792e-14 
outer mgc:  0.03220893 
iter: 1  value: 15790.35 mgc: 0.004189913 ustep: 1 
iter: 2  value: 15790.35 mgc: 1.33137e-07 ustep: 1 
iter: 3  mgc: 7.327472e-14 
iter: 1  value: 15790.35 mgc: 0.002411215 ustep: 1 
iter: 2  value: 15790.35 mgc: 6.59066e-08 ustep: 1 
iter: 3  mgc: 7.149836e-14 
iter: 1  mgc: 7.149836e-14 
outer mgc:  0.006392153 
iter: 1  value: 15790.35 mgc: 0.002343655 ustep: 1 
iter: 2  value: 15790.35 mgc: 5.383433e-08 ustep: 1 
mgc: 5.906386e-14 
iter: 1  mgc: 5.906386e-14 
outer mgc:  0.008055131 
iter: 1  mgc: 5.906386e-14 
iter: 1  mgc: 5.906386e-14 
outer mgc:  0.008055131 
iter: 1  value: 15790.35 mgc: 0.02721985 ustep: 1 
iter: 2  value: 15790.35 mgc: 5.543965e-06 ustep: 1 
iter: 3  mgc: 4.49904e-13 
outer mgc:  0.179287 
iter: 1  value: 15790.35 mgc: 0.027208 ustep: 1 
iter: 2  value: 15790.35 mgc: 5.551185e-06 ustep: 1 
iter: 3  mgc: 4.584944e-13 
outer mgc:  0.1750945 
iter: 1  value: 15790.35 mgc: 0.01404811 ustep: 1 
iter: 2  value: 15790.35 mgc: 1.833054e-06 ustep: 1 
iter: 3  mgc: 1.023626e-13 
outer mgc:  0.2778377 
iter: 1  value: 15790.35 mgc: 0.01404124 ustep: 1 
iter: 2  value: 15790.35 mgc: 1.833147e-06 ustep: 1 
iter: 3  mgc: 6.999956e-14 
outer mgc:  0.2689025 
iter: 1  value: 15790.34 mgc: 0.009329389 ustep: 1 
iter: 2  value: 15790.34 mgc: 3.507666e-06 ustep: 1 
iter: 3  mgc: 5.004885e-13 
outer mgc:  0.08846674 
iter: 1  value: 15790.35 mgc: 0.009317756 ustep: 1 
iter: 2  value: 15790.35 mgc: 3.50965e-06 ustep: 1 
iter: 3  mgc: 5.146994e-13 
outer mgc:  0.08725471 
iter: 1  value: 15790.35 mgc: 0.00434719 ustep: 1 
iter: 2  value: 15790.35 mgc: 8.493614e-07 ustep: 1 
iter: 3  mgc: 6.217249e-14 
outer mgc:  0.08705733 
iter: 1  value: 15790.35 mgc: 0.004342436 ustep: 1 
iter: 2  value: 15790.35 mgc: 8.486978e-07 ustep: 1 
iter: 3  mgc: 9.281464e-14 
outer mgc:  0.08582764 
iter: 1  value: 15790.35 mgc: 0.02983318 ustep: 1 
iter: 2  value: 15790.35 mgc: 4.602569e-06 ustep: 1 
iter: 3  mgc: 1.90964e-13 
outer mgc:  0.2716042 
iter: 1  value: 15790.35 mgc: 0.02983115 ustep: 1 
iter: 2  value: 15790.35 mgc: 4.609279e-06 ustep: 1 
iter: 3  mgc: 2.133849e-13 
outer mgc:  0.2716966 
iter: 1  value: 15790.35 mgc: 0.01482334 ustep: 1 
iter: 2  value: 15790.35 mgc: 1.34889e-06 ustep: 1 
iter: 3  mgc: 7.41629e-14 
outer mgc:  0.3229362 
iter: 1  value: 15790.35 mgc: 0.01482273 ustep: 1 
iter: 2  value: 15790.35 mgc: 1.349407e-06 ustep: 1 
iter: 3  mgc: 9.370282e-14 
outer mgc:  0.3203998 
iter: 1  value: 15790.35 mgc: 0.02979929 ustep: 1 
iter: 2  value: 15790.35 mgc: 7.063759e-06 ustep: 1 
iter: 3  mgc: 8.345546e-13 
outer mgc:  0.08921905 
iter: 1  value: 15790.35 mgc: 0.02979754 ustep: 1 
iter: 2  value: 15790.35 mgc: 7.07866e-06 ustep: 1 
iter: 3  mgc: 8.344436e-13 
outer mgc:  0.08834983 
iter: 1  value: 15790.35 mgc: 0.01604778 ustep: 1 
iter: 2  value: 15790.35 mgc: 2.311759e-06 ustep: 1 
iter: 3  mgc: 1.174616e-13 
outer mgc:  0.2610917 
iter: 1  value: 15790.35 mgc: 0.01604721 ustep: 1 
iter: 2  value: 15790.35 mgc: 2.312354e-06 ustep: 1 
iter: 3  mgc: 1.360023e-13 
outer mgc:  0.2550868 
iter: 1  value: 15790.35 mgc: 0.02620556 ustep: 1 
iter: 2  value: 15790.35 mgc: 6.230787e-06 ustep: 1 
iter: 3  mgc: 5.886402e-13 
outer mgc:  0.1432071 
iter: 1  value: 15790.35 mgc: 0.02619387 ustep: 1 
iter: 2  value: 15790.35 mgc: 6.244072e-06 ustep: 1 
iter: 3  mgc: 5.742073e-13 
outer mgc:  0.1498781 
iter: 1  value: 15790.35 mgc: 0.01345464 ustep: 1 
iter: 2  value: 15790.35 mgc: 1.94952e-06 ustep: 1 
iter: 3  mgc: 1.172396e-13 
outer mgc:  0.2071107 
iter: 1  value: 15790.35 mgc: 0.01344645 ustep: 1 
iter: 2  value: 15790.35 mgc: 1.950829e-06 ustep: 1 
iter: 3  mgc: 9.592327e-14 
outer mgc:  0.2231759 
iter: 1  value: 15790.36 mgc: 0.004858404 ustep: 1 
iter: 2  value: 15790.36 mgc: 2.634248e-07 ustep: 1 
iter: 3  mgc: 7.105427e-14 
outer mgc:  0.01407282 
iter: 1  value: 15790.34 mgc: 0.004863265 ustep: 1 
iter: 2  value: 15790.34 mgc: 2.636074e-07 ustep: 1 
iter: 3  mgc: 6.450396e-14 
outer mgc:  0.01065318 
iter: 1  value: 15790.36 mgc: 0.003005938 ustep: 1 
iter: 2  value: 15790.36 mgc: 3.39251e-07 ustep: 1 
iter: 3  mgc: 7.460699e-14 
outer mgc:  0.008384804 
iter: 1  value: 15790.34 mgc: 0.003008946 ustep: 1 
iter: 2  value: 15790.34 mgc: 3.393259e-07 ustep: 1 
iter: 3  mgc: 8.992806e-14 
outer mgc:  0.009462021 
iter: 1  value: 15790.36 mgc: 0.005678643 ustep: 1 
iter: 2  value: 15790.36 mgc: 2.192001e-07 ustep: 1 
iter: 3  mgc: 9.192647e-14 
outer mgc:  0.008240087 
iter: 1  value: 15790.34 mgc: 0.005684324 ustep: 1 
iter: 2  value: 15790.34 mgc: 2.191807e-07 ustep: 1 
iter: 3  mgc: 9.278689e-14 
outer mgc:  0.007870063 
iter: 1  value: 15790.35 mgc: 0.00334956 ustep: 1 
iter: 2  value: 15790.35 mgc: 5.102224e-07 ustep: 1 
iter: 3  mgc: 9.05942e-14 
outer mgc:  0.01606833 
iter: 1  value: 15790.34 mgc: 0.003352912 ustep: 1 
iter: 2  value: 15790.34 mgc: 5.106598e-07 ustep: 1 
iter: 3  mgc: 8.437695e-14 
outer mgc:  0.0177173 
iter: 1  value: 15790.36 mgc: 0.005600604 ustep: 1 
iter: 2  value: 15790.36 mgc: 2.183464e-07 ustep: 1 
iter: 3  mgc: 9.536816e-14 
outer mgc:  0.01300545 
iter: 1  value: 15790.34 mgc: 0.005606208 ustep: 1 
iter: 2  value: 15790.34 mgc: 2.18501e-07 ustep: 1 
iter: 3  mgc: 1.003642e-13 
outer mgc:  0.0119573 
iter: 1  value: 15790.33 mgc: 0.003463501 ustep: 1 
iter: 2  value: 15790.33 mgc: 1.414866e-07 ustep: 1 
iter: 3  mgc: 8.260059e-14 
outer mgc:  0.0112764 
iter: 1  value: 15790.36 mgc: 0.003463756 ustep: 1 
iter: 2  value: 15790.36 mgc: 1.415766e-07 ustep: 1 
iter: 3  mgc: 8.615331e-14 
outer mgc:  0.01104408 
iter: 1  value: 15790.33 mgc: 0.002609251 ustep: 1 
iter: 2  value: 15790.33 mgc: 1.329017e-07 ustep: 1 
iter: 3  mgc: 9.103829e-14 
outer mgc:  0.00842935 
iter: 1  value: 15790.36 mgc: 0.002609491 ustep: 1 
iter: 2  value: 15790.36 mgc: 1.32935e-07 ustep: 1 
iter: 3  mgc: 7.371881e-14 
outer mgc:  0.00986019 
[Sat Aug 14 19:46:15 2021]
Finished job 0.
1 of 1 steps (100%) done
