Building DAG of jobs...
Using shell: /usr/bin/bash
Provided cores: 40
Rules claiming more threads will be scaled down.
Job counts:
	count	jobs
	1	inference_simulation_TMB_multiple
	1
Select jobs to execute...

[Sun Aug 15 15:24:39 2021]
rule inference_simulation_TMB_multiple:
    input: ../data/assessing_models_simulation/datasets/multiple_GenerationCnorm_20_100_10_4_0.05_NA_NA_NA_dataset0.RDS
    output: ../data/assessing_models_simulation/inference_results/TMB/nlminb/multiple_GenerationCnorm_20_100_10_4_0.05_diagREDMsinglelambda_NA_NA_NA_dataset0.RDS
    log: logs/inference/nlminb/simulation_GenerationCnorm_20_100_10_4_0.05_ModeldiagREDMsinglelambda_NA_NA_NA_dataset0.log
    jobid: 0
    wildcards: optimiser=nlminb, datasetgeneration=GenerationCnorm, n=20, nlambda=100, lmbda=10, d=4, beta_intensity=0.05, model=diagREDMsinglelambda, fixed_beta_intercept=NA, fixed_beta_slope=NA, sdRE_input=NA, itnum=0

Rscript 2_inference_TMB/run_TMB.R --input ../data/assessing_models_simulation/datasets/multiple_GenerationCnorm_20_100_10_4_0.05_NA_NA_NA_dataset0.RDS --output ../data/assessing_models_simulation/inference_results/TMB/nlminb/multiple_GenerationCnorm_20_100_10_4_0.05_diagREDMsinglelambda_NA_NA_NA_dataset0.RDS --model diagREDMsinglelambda --optimiser nlminb
Model: diagREDMsinglelambda 
Feature type: signatures 
Using nlminb: TRUE 
Simulation boolean: TRUE 
make: Nothing to be done for 'all'.
../data/assessing_models_simulation/datasets/multiple_GenerationCnorm_20_100_10_4_0.05_NA_NA_NA_dataset0.RDS[1] "../data/assessing_models_simulation/datasets/multiple_GenerationCnorm_20_100_10_4_0.05_NA_NA_NA_dataset0.RDS"
Reading file ../data/assessing_models_simulation/datasets/multiple_GenerationCnorm_20_100_10_4_0.05_NA_NA_NA_dataset0.RDS 
Loading required package: nnet
# weights:  12 (6 variable)
initial  value 5614.492163 
iter  10 value 5452.999670
final  value 5452.998400 
converged
Constructing atomic invpd
Constructing atomic D_lgamma
Constructing atomic invpd
Constructing atomic D_lgamma
Constructing atomic matmul
Constructing atomic invpd
Constructing atomic D_lgamma
Constructing atomic matmul
Optimizing tape... Done
iter: 1  value: 5109.396 mgc: 2.826749 ustep: 1 
iter: 2  value: 5079.298 mgc: 2.697893 ustep: 1 
iter: 3  value: 5077.978 mgc: 1.408591 ustep: 1 
iter: 4  value: 5077.806 mgc: 0.500463 ustep: 1 
iter: 5  value: 5077.806 mgc: 0.02418399 ustep: 1 
iter: 6  value: 5077.806 mgc: 0.0001258216 ustep: 1 
iter: 7  mgc: 1.594786e-09 
iter: 1  mgc: 1.594786e-09 
Matching hessian patterns... Done
outer mgc:  41.42579 
iter: 1  value: 5034.391 mgc: 1.50846 ustep: 1 
iter: 2  value: 5034.362 mgc: 0.168141 ustep: 1 
iter: 3  value: 5034.362 mgc: 0.00175597 ustep: 1 
iter: 4  value: 5034.362 mgc: 3.817455e-07 ustep: 1 
iter: 5  mgc: 1.787459e-14 
iter: 1  mgc: 1.787459e-14 
outer mgc:  12.09584 
iter: 1  value: 5009.823 mgc: 2.540162 ustep: 1 
iter: 2  value: 5009.749 mgc: 0.4158695 ustep: 1 
iter: 3  value: 5009.749 mgc: 0.004660447 ustep: 1 
iter: 4  value: 5009.749 mgc: 6.460284e-07 ustep: 1 
iter: 5  mgc: 2.964295e-14 
iter: 1  mgc: 2.964295e-14 
outer mgc:  6.320778 
iter: 1  value: 5004.746 mgc: 1.774484 ustep: 1 
iter: 2  value: 5004.643 mgc: 0.2774597 ustep: 1 
iter: 3  value: 5004.643 mgc: 0.005898769 ustep: 1 
iter: 4  value: 5004.643 mgc: 3.775757e-06 ustep: 1 
iter: 5  mgc: 1.597555e-12 
iter: 1  mgc: 1.597555e-12 
outer mgc:  7.51656 
iter: 1  value: 4988.501 mgc: 1.929944 ustep: 1 
iter: 2  value: 4988.484 mgc: 0.2087673 ustep: 1 
iter: 3  value: 4988.484 mgc: 0.001357145 ustep: 1 
iter: 4  value: 4988.484 mgc: 1.286605e-07 ustep: 1 
iter: 5  mgc: 6.883383e-15 
iter: 1  mgc: 6.883383e-15 
outer mgc:  15.70856 
iter: 1  value: 4984.283 mgc: 1.857902 ustep: 1 
iter: 2  value: 4984.274 mgc: 0.1872733 ustep: 1 
iter: 3  value: 4984.274 mgc: 0.001562067 ustep: 1 
iter: 4  value: 4984.274 mgc: 1.191645e-07 ustep: 1 
iter: 5  mgc: 3.108624e-15 
iter: 1  mgc: 3.108624e-15 
outer mgc:  3.994008 
iter: 1  value: 4971.16 mgc: 1.092917 ustep: 1 
iter: 2  value: 4971.16 mgc: 0.03294231 ustep: 1 
iter: 3  value: 4971.16 mgc: 5.707082e-05 ustep: 1 
iter: 4  mgc: 1.59486e-10 
iter: 1  mgc: 1.59486e-10 
outer mgc:  8.723953 
iter: 1  value: 4969.972 mgc: 3.886326 ustep: 1 
iter: 2  value: 4969.948 mgc: 0.2088995 ustep: 1 
iter: 3  value: 4969.948 mgc: 0.001153922 ustep: 1 
iter: 4  value: 4969.948 mgc: 3.604447e-08 ustep: 1 
mgc: 3.330669e-15 
iter: 1  value: 4972.088 mgc: 1.022428 ustep: 1 
iter: 2  value: 4972.087 mgc: 0.03673132 ustep: 1 
iter: 3  value: 4972.087 mgc: 5.122774e-05 ustep: 1 
iter: 4  mgc: 9.980927e-11 
iter: 1  mgc: 9.980927e-11 
outer mgc:  2.125161 
iter: 1  value: 4967.535 mgc: 0.5112964 ustep: 1 
iter: 2  value: 4967.535 mgc: 0.007127544 ustep: 1 
iter: 3  value: 4967.535 mgc: 1.521802e-06 ustep: 1 
iter: 4  mgc: 1.001421e-13 
iter: 1  mgc: 1.001421e-13 
outer mgc:  3.042537 
iter: 1  value: 4964.973 mgc: 1.149485 ustep: 1 
iter: 2  value: 4964.973 mgc: 0.02587977 ustep: 1 
iter: 3  value: 4964.973 mgc: 1.391162e-05 ustep: 1 
iter: 4  mgc: 4.650502e-12 
iter: 1  mgc: 4.650502e-12 
outer mgc:  4.412124 
iter: 1  value: 4963.699 mgc: 1.470916 ustep: 1 
iter: 2  value: 4963.699 mgc: 0.03950587 ustep: 1 
iter: 3  value: 4963.699 mgc: 2.305757e-05 ustep: 1 
iter: 4  mgc: 7.814194e-12 
iter: 1  mgc: 7.814194e-12 
outer mgc:  4.031612 
iter: 1  value: 4960.64 mgc: 1.230326 ustep: 1 
iter: 2  value: 4960.639 mgc: 0.02447134 ustep: 1 
iter: 3  value: 4960.639 mgc: 8.705158e-06 ustep: 1 
iter: 4  mgc: 1.411093e-12 
iter: 1  mgc: 1.411093e-12 
outer mgc:  6.790485 
iter: 1  value: 4956.935 mgc: 0.9951678 ustep: 1 
iter: 2  value: 4956.934 mgc: 0.02825274 ustep: 1 
iter: 3  value: 4956.934 mgc: 2.005834e-05 ustep: 1 
iter: 4  mgc: 1.079892e-11 
iter: 1  mgc: 1.079892e-11 
outer mgc:  3.383441 
iter: 1  value: 4954.363 mgc: 0.9177566 ustep: 1 
iter: 2  value: 4954.363 mgc: 0.008951949 ustep: 1 
iter: 3  value: 4954.363 mgc: 1.59256e-06 ustep: 1 
iter: 4  mgc: 5.551115e-14 
iter: 1  mgc: 5.551115e-14 
outer mgc:  2.731826 
iter: 1  value: 4953.158 mgc: 0.7908754 ustep: 1 
iter: 2  value: 4953.158 mgc: 0.01089688 ustep: 1 
iter: 3  value: 4953.158 mgc: 2.211858e-06 ustep: 1 
iter: 4  mgc: 8.85958e-14 
iter: 1  mgc: 8.85958e-14 
outer mgc:  4.60446 
iter: 1  value: 4952.255 mgc: 0.5394576 ustep: 1 
iter: 2  value: 4952.255 mgc: 0.004567829 ustep: 1 
iter: 3  value: 4952.255 mgc: 3.829796e-07 ustep: 1 
iter: 4  mgc: 4.662937e-15 
iter: 1  mgc: 4.662937e-15 
outer mgc:  3.158758 
iter: 1  value: 4950.183 mgc: 0.5749342 ustep: 1 
iter: 2  value: 4950.183 mgc: 0.002486117 ustep: 1 
iter: 3  value: 4950.183 mgc: 7.58682e-08 ustep: 1 
mgc: 3.996803e-15 
iter: 1  mgc: 3.996803e-15 
outer mgc:  1.228588 
iter: 1  value: 4948.251 mgc: 0.4479138 ustep: 1 
iter: 2  value: 4948.251 mgc: 0.002035532 ustep: 1 
iter: 3  value: 4948.251 mgc: 4.010282e-08 ustep: 1 
mgc: 2.664535e-15 
iter: 1  value: 4945.968 mgc: 0.4847052 ustep: 1 
iter: 2  value: 4945.968 mgc: 0.002423171 ustep: 1 
iter: 3  value: 4945.968 mgc: 7.467683e-08 ustep: 1 
mgc: 2.775558e-15 
iter: 1  mgc: 2.775558e-15 
outer mgc:  1.78171 
iter: 1  value: 4940.972 mgc: 0.6738971 ustep: 1 
iter: 2  value: 4940.972 mgc: 0.002432872 ustep: 1 
iter: 3  value: 4940.972 mgc: 3.404965e-08 ustep: 1 
mgc: 2.789435e-15 
iter: 1  mgc: 2.789435e-15 
outer mgc:  1.314271 
iter: 1  value: 4936.077 mgc: 0.8412352 ustep: 1 
iter: 2  value: 4936.077 mgc: 0.003099078 ustep: 1 
iter: 3  value: 4936.077 mgc: 7.191269e-08 ustep: 1 
mgc: 2.442491e-15 
iter: 1  value: 4924.968 mgc: 2.105945 ustep: 1 
iter: 2  value: 4924.968 mgc: 0.009332337 ustep: 1 
iter: 3  value: 4924.968 mgc: 3.196444e-07 ustep: 1 
iter: 4  mgc: 3.330669e-15 
iter: 1  mgc: 3.330669e-15 
outer mgc:  2.681236 
iter: 1  value: 4907.439 mgc: 2.867286 ustep: 1 
iter: 2  value: 4907.439 mgc: 0.007681543 ustep: 1 
iter: 3  value: 4907.439 mgc: 7.880287e-08 ustep: 1 
mgc: 2.997602e-15 
iter: 1  mgc: 2.997602e-15 
outer mgc:  2.328344 
iter: 1  value: 4891.559 mgc: 2.995343 ustep: 1 
iter: 2  value: 4891.559 mgc: 0.002953632 ustep: 1 
iter: 3  mgc: 3.858736e-09 
iter: 1  value: 4900.689 mgc: 1.07151 ustep: 1 
iter: 2  value: 4900.689 mgc: 0.0006823778 ustep: 1 
iter: 3  mgc: 3.933276e-10 
iter: 1  mgc: 3.933276e-10 
outer mgc:  1.976005 
iter: 1  value: 4893.617 mgc: 1.370229 ustep: 1 
iter: 2  value: 4893.617 mgc: 0.0005723254 ustep: 1 
iter: 3  mgc: 1.346105e-10 
iter: 1  value: 4898.689 mgc: 0.6341718 ustep: 1 
iter: 2  value: 4898.689 mgc: 0.000232353 ustep: 1 
iter: 3  mgc: 2.734124e-11 
iter: 1  value: 4900.648 mgc: 0.2506649 ustep: 1 
iter: 2  value: 4900.648 mgc: 3.724898e-05 ustep: 1 
iter: 3  mgc: 5.72431e-13 
iter: 1  mgc: 5.72431e-13 
outer mgc:  2.400755 
iter: 1  value: 4900.581 mgc: 0.1575997 ustep: 1 
iter: 2  value: 4900.581 mgc: 1.040365e-05 ustep: 1 
iter: 3  mgc: 4.92939e-14 
iter: 1  mgc: 4.92939e-14 
outer mgc:  0.2658683 
iter: 1  value: 4900.294 mgc: 0.09049434 ustep: 1 
iter: 2  value: 4900.294 mgc: 1.569177e-06 ustep: 1 
iter: 3  mgc: 3.330669e-15 
iter: 1  mgc: 3.330669e-15 
outer mgc:  0.4377524 
iter: 1  value: 4899.439 mgc: 0.1586687 ustep: 1 
iter: 2  value: 4899.439 mgc: 5.975593e-06 ustep: 1 
iter: 3  mgc: 2.708944e-14 
iter: 1  mgc: 2.708944e-14 
outer mgc:  0.2011943 
iter: 1  value: 4898.545 mgc: 0.1407219 ustep: 1 
iter: 2  value: 4898.545 mgc: 6.739997e-06 ustep: 1 
iter: 3  mgc: 3.019807e-14 
iter: 1  value: 4895.851 mgc: 0.4230618 ustep: 1 
iter: 2  value: 4895.851 mgc: 5.392113e-05 ustep: 1 
iter: 3  mgc: 1.82121e-12 
iter: 1  value: 4886.982 mgc: 1.477836 ustep: 1 
iter: 2  value: 4886.982 mgc: 0.0004024385 ustep: 1 
iter: 3  mgc: 5.792344e-11 
iter: 1  mgc: 5.792344e-11 
outer mgc:  0.574962 
iter: 1  value: 4874.369 mgc: 2.260601 ustep: 1 
iter: 2  value: 4874.369 mgc: 0.0003879601 ustep: 1 
iter: 3  mgc: 2.416156e-11 
iter: 1  mgc: 2.416156e-11 
outer mgc:  0.3962575 
iter: 1  value: 4861.649 mgc: 2.220278 ustep: 1 
iter: 2  value: 4861.649 mgc: 0.000165744 ustep: 1 
iter: 3  mgc: 2.074341e-12 
iter: 1  mgc: 2.074341e-12 
outer mgc:  0.2468372 
iter: 1  value: 4848.843 mgc: 2.219777 ustep: 1 
iter: 2  value: 4848.843 mgc: 7.967231e-05 ustep: 1 
iter: 3  mgc: 2.193801e-13 
iter: 1  mgc: 2.193801e-13 
outer mgc:  0.1737763 
iter: 1  value: 4835.998 mgc: 2.255795 ustep: 1 
iter: 2  value: 4835.998 mgc: 3.506245e-05 ustep: 1 
iter: 3  mgc: 1.64313e-14 
iter: 1  mgc: 1.64313e-14 
outer mgc:  0.08288721 
iter: 1  value: 4813.039 mgc: 4.916022 ustep: 1 
iter: 2  value: 4813.039 mgc: 3.75676e-05 ustep: 1 
iter: 3  mgc: 4.884981e-15 
iter: 1  mgc: 4.884981e-15 
outer mgc:  0.06333727 
iter: 1  value: 4793.58 mgc: 3.855524 ustep: 1 
iter: 2  value: 4793.58 mgc: 7.054339e-06 ustep: 1 
iter: 3  mgc: 2.331468e-15 
iter: 1  mgc: 2.331468e-15 
outer mgc:  0.04268117 
iter: 1  value: 4774.103 mgc: 3.872782 ustep: 1 
iter: 2  value: 4774.103 mgc: 2.084726e-06 ustep: 1 
mgc: 3.330669e-15 
iter: 1  mgc: 3.330669e-15 
outer mgc:  0.03155865 
iter: 1  value: 4754.616 mgc: 3.862646 ustep: 1 
iter: 2  value: 4754.616 mgc: 6.209503e-07 ustep: 1 
mgc: 3.108624e-15 
iter: 1  mgc: 3.108624e-15 
outer mgc:  0.004163962 
iter: 1  value: 4735.124 mgc: 3.86764 ustep: 1 
iter: 2  value: 4735.124 mgc: 1.849229e-07 ustep: 1 
mgc: 2.664535e-15 
iter: 1  mgc: 2.664535e-15 
outer mgc:  0.007825951 
iter: 1  value: 4715.629 mgc: 3.866396 ustep: 1 
iter: 2  value: 4715.629 mgc: 5.517622e-08 ustep: 1 
mgc: 2.88658e-15 
iter: 1  mgc: 2.88658e-15 
outer mgc:  0.00123213 
iter: 1  value: 4696.133 mgc: 3.867264 ustep: 1 
iter: 2  value: 4696.133 mgc: 1.651026e-08 ustep: 1 
mgc: 3.552714e-15 
iter: 1  mgc: 3.552714e-15 
outer mgc:  0.002501734 
iter: 1  value: 4676.636 mgc: 3.866891 ustep: 1 
iter: 2  mgc: 4.948479e-09 
iter: 1  mgc: 4.948479e-09 
outer mgc:  0.0003155843 
iter: 1  value: 4657.138 mgc: 3.867179 ustep: 1 
iter: 2  mgc: 1.486638e-09 
iter: 1  mgc: 1.486638e-09 
outer mgc:  0.000798399 
iter: 1  value: 4637.64 mgc: 3.867039 ustep: 1 
iter: 2  mgc: 4.473719e-10 
iter: 1  mgc: 4.473719e-10 
outer mgc:  0.0001046576 
iter: 1  value: 4618.142 mgc: 3.867139 ustep: 1 
iter: 2  mgc: 1.34877e-10 
iter: 1  mgc: 1.34877e-10 
outer mgc:  0.0002534285 
iter: 1  value: 4598.644 mgc: 3.867089 ustep: 1 
iter: 2  mgc: 4.072609e-11 
iter: 1  mgc: 4.072609e-11 
outer mgc:  3.432682e-05 
iter: 1  value: 4579.146 mgc: 3.867123 ustep: 1 
iter: 2  mgc: 1.231504e-11 
iter: 1  mgc: 1.231504e-11 
outer mgc:  7.992797e-05 
iter: 1  value: 4559.648 mgc: 3.867106 ustep: 1 
iter: 2  mgc: 3.730793e-12 
iter: 1  mgc: 3.730793e-12 
outer mgc:  1.108259e-05 
iter: 1  value: 4540.149 mgc: 3.867117 ustep: 1 
iter: 2  mgc: 1.144862e-12 
iter: 1  mgc: 1.144862e-12 
outer mgc:  2.504291e-05 
iter: 1  value: 4520.651 mgc: 3.867112 ustep: 1 
iter: 2  mgc: 3.539391e-13 
iter: 1  mgc: 3.539391e-13 
outer mgc:  3.532355e-06 
iter: 1  value: 4501.153 mgc: 3.867115 ustep: 1 
iter: 2  mgc: 1.083578e-13 
iter: 1  mgc: 1.083578e-13 
outer mgc:  7.796792e-06 
iter: 1  mgc: 1.083578e-13 
iter: 1  mgc: 1.083578e-13 
outer mgc:  7.796792e-06 
iter: 1  value: 4501.153 mgc: 0.00432185 ustep: 1 
mgc: 3.552714e-15 
outer mgc:  0.0572194 
iter: 1  value: 4501.153 mgc: 0.004318953 ustep: 1 
mgc: 3.108624e-15 
outer mgc:  0.05715997 
iter: 1  value: 4501.153 mgc: 0.00252011 ustep: 1 
mgc: 3.441691e-15 
outer mgc:  0.03071469 
iter: 1  value: 4501.153 mgc: 0.002519218 ustep: 1 
mgc: 2.664535e-15 
outer mgc:  0.03068224 
iter: 1  value: 4501.153 mgc: 0.005131367 ustep: 1 
mgc: 2.88658e-15 
outer mgc:  0.06970541 
iter: 1  value: 4501.153 mgc: 0.005128997 ustep: 1 
mgc: 2.442491e-15 
outer mgc:  0.06964893 
iter: 1  value: 4501.153 mgc: 0.00253567 ustep: 1 
mgc: 3.552714e-15 
outer mgc:  0.03228701 
iter: 1  value: 4501.153 mgc: 0.002534278 ustep: 1 
mgc: 2.997602e-15 
outer mgc:  0.03225851 
iter: 1  value: 4501.153 mgc: 0.005122951 ustep: 1 
mgc: 3.330669e-15 
outer mgc:  0.07693556 
iter: 1  value: 4501.153 mgc: 0.005121534 ustep: 1 
mgc: 2.442491e-15 
outer mgc:  0.0768735 
iter: 1  value: 4501.153 mgc: 0.002361424 ustep: 1 
mgc: 3.996803e-15 
outer mgc:  0.0374574 
iter: 1  value: 4501.153 mgc: 0.002360175 ustep: 1 
mgc: 3.108624e-15 
outer mgc:  0.03742428 
iter: 1  value: 4501.163 mgc: 0.003266066 ustep: 1 
mgc: 3.108624e-15 
outer mgc:  7.799222e-06 
iter: 1  value: 4501.143 mgc: 0.003269334 ustep: 1 
mgc: 2.442491e-15 
outer mgc:  7.794363e-06 
iter: 1  value: 4501.163 mgc: 0.003621635 ustep: 1 
mgc: 3.108624e-15 
outer mgc:  7.796878e-06 
iter: 1  value: 4501.143 mgc: 0.003625258 ustep: 1 
mgc: 2.88658e-15 
outer mgc:  7.796706e-06 
iter: 1  value: 4501.163 mgc: 0.00421386 ustep: 1 
mgc: 3.108624e-15 
outer mgc:  7.798115e-06 
iter: 1  value: 4501.143 mgc: 0.004218076 ustep: 1 
mgc: 2.664535e-15 
outer mgc:  7.795469e-06 
iter: 1  value: 4501.153 mgc: 0.003492485 ustep: 1 
mgc: 2.220446e-15 
outer mgc:  0.05481775 
iter: 1  value: 4501.153 mgc: 0.003489868 ustep: 1 
mgc: 2.331468e-15 
outer mgc:  0.05481079 
Warning message:
package ‘nnet’ was built under R version 3.6.3 
[Sun Aug 15 15:24:42 2021]
Finished job 0.
1 of 1 steps (100%) done
