Building DAG of jobs...
Using shell: /usr/bin/bash
Provided cores: 40
Rules claiming more threads will be scaled down.
Job counts:
	count	jobs
	1	inference_simulation_TMB_multiple
	1
Select jobs to execute...

[Sun Aug 15 14:39:46 2021]
rule inference_simulation_TMB_multiple:
    input: ../data/assessing_models_simulation/datasets/multiple_GenerationCnorm_100_100_80_3_4_NA_NA_NA_dataset1.RDS
    output: ../data/assessing_models_simulation/inference_results/TMB/nlminb/multiple_GenerationCnorm_100_100_80_3_4_fullREDMsinglelambda_NA_NA_NA_dataset1.RDS
    log: logs/inference/nlminb/simulation_GenerationCnorm_100_100_80_3_4_ModelfullREDMsinglelambda_NA_NA_NA_dataset1.log
    jobid: 0
    wildcards: optimiser=nlminb, datasetgeneration=GenerationCnorm, n=100, nlambda=100, lmbda=80, d=3, beta_intensity=4, model=fullREDMsinglelambda, fixed_beta_intercept=NA, fixed_beta_slope=NA, sdRE_input=NA, itnum=1

Rscript 2_inference_TMB/run_TMB.R --input ../data/assessing_models_simulation/datasets/multiple_GenerationCnorm_100_100_80_3_4_NA_NA_NA_dataset1.RDS --output ../data/assessing_models_simulation/inference_results/TMB/nlminb/multiple_GenerationCnorm_100_100_80_3_4_fullREDMsinglelambda_NA_NA_NA_dataset1.RDS --model fullREDMsinglelambda --optimiser nlminb
Model: fullREDMsinglelambda 
Feature type: signatures 
Using nlminb: TRUE 
Simulation boolean: TRUE 
make: Nothing to be done for 'all'.
../data/assessing_models_simulation/datasets/multiple_GenerationCnorm_100_100_80_3_4_NA_NA_NA_dataset1.RDS[1] "../data/assessing_models_simulation/datasets/multiple_GenerationCnorm_100_100_80_3_4_NA_NA_NA_dataset1.RDS"
Reading file ../data/assessing_models_simulation/datasets/multiple_GenerationCnorm_100_100_80_3_4_NA_NA_NA_dataset1.RDS 
Loading required package: nnet
# weights:  9 (4 variable)
initial  value 21985.429121 
iter  10 value 16885.517269
final  value 16882.951781 
converged
Order of parameters:
[1] "beta"       "u_large"    "logs_sd_RE" "cov_par_RE" "log_lambda"
Not matching template order:
[1] "beta"       "logs_sd_RE" "cov_par_RE" "log_lambda" "u_large"   
Your parameter list has been re-ordered.
(Disable this warning with checkParameterOrder=FALSE)
Constructing atomic invpd
Constructing atomic D_lgamma
Constructing atomic invpd
Constructing atomic D_lgamma
Constructing atomic matmul
Constructing atomic invpd
Constructing atomic D_lgamma
Constructing atomic matmul
Optimizing tape... Done
iter: 1  value: 17856.74 mgc: 2.963633 ustep: 1 
iter: 2  value: 17851.43 mgc: 1.842292 ustep: 1 
iter: 3  value: 17851.35 mgc: 0.5191758 ustep: 1 
iter: 4  value: 17851.35 mgc: 0.01191107 ustep: 1 
iter: 5  value: 17851.35 mgc: 1.383436e-05 ustep: 1 
iter: 6  mgc: 2.338552e-11 
iter: 1  mgc: 2.338552e-11 
Matching hessian patterns... Done
outer mgc:  258.2693 
iter: 1  value: 17695.83 mgc: 0.4219481 ustep: 1 
iter: 2  value: 17695.82 mgc: 0.03032027 ustep: 1 
iter: 3  value: 17695.82 mgc: 0.0002995967 ustep: 1 
iter: 4  value: 17695.82 mgc: 2.712633e-08 ustep: 1 
iter: 5  mgc: 1.110223e-15 
iter: 1  mgc: 1.110223e-15 
outer mgc:  102.6066 
iter: 1  value: 17530.12 mgc: 1.214919 ustep: 1 
iter: 2  value: 17530.12 mgc: 0.03474484 ustep: 1 
iter: 3  value: 17530.12 mgc: 3.012996e-05 ustep: 1 
iter: 4  mgc: 2.921927e-11 
iter: 1  value: 17089.67 mgc: 40.57242 ustep: 1 
iter: 2  value: 17089.32 mgc: 0.2951432 ustep: 1 
iter: 3  value: 17089.32 mgc: 0.001025114 ustep: 1 
iter: 4  mgc: 4.161955e-09 
iter: 1  mgc: 4.161955e-09 
outer mgc:  142.516 
iter: 1  value: 16708.51 mgc: 33.48891 ustep: 1 
iter: 2  value: 16708.51 mgc: 0.02942317 ustep: 1 
iter: 3  value: 16708.51 mgc: 1.830237e-07 ustep: 1 
iter: 4  mgc: 5.329071e-15 
iter: 1  mgc: 5.329071e-15 
outer mgc:  136.591 
iter: 1  value: 16191.13 mgc: 23.93695 ustep: 1 
iter: 2  value: 16191.13 mgc: 0.01102942 ustep: 1 
iter: 3  mgc: 1.684708e-09 
iter: 1  mgc: 1.684708e-09 
outer mgc:  335.4313 
iter: 1  value: 18171.04 mgc: 165.6095 ustep: 1 
iter: 2  value: 18171.04 mgc: 0.002007691 ustep: 1 
iter: 3  mgc: 3.502976e-12 
iter: 1  value: 16162.69 mgc: 6.711856 ustep: 1 
iter: 2  value: 16162.69 mgc: 0.001175536 ustep: 1 
iter: 3  mgc: 6.857181e-11 
iter: 1  mgc: 6.857181e-11 
outer mgc:  257.5666 
iter: 1  value: 16065.98 mgc: 4.268652 ustep: 1 
iter: 2  value: 16065.98 mgc: 0.0002331416 ustep: 1 
iter: 3  mgc: 1.181277e-12 
iter: 1  mgc: 1.181277e-12 
outer mgc:  63.95102 
iter: 1  value: 16027.49 mgc: 10.72331 ustep: 1 
iter: 2  value: 16027.49 mgc: 4.207189e-05 ustep: 1 
iter: 3  mgc: 5.151435e-14 
iter: 1  mgc: 5.151435e-14 
outer mgc:  102.5066 
iter: 1  value: 16024.56 mgc: 37.90944 ustep: 1 
iter: 2  value: 16024.56 mgc: 0.0001458226 ustep: 1 
iter: 3  mgc: 4.316547e-13 
iter: 1  mgc: 4.316547e-13 
outer mgc:  24.63061 
iter: 1  value: 16027.36 mgc: 50.39191 ustep: 1 
iter: 2  value: 16027.36 mgc: 9.631277e-05 ustep: 1 
iter: 3  mgc: 3.241851e-13 
iter: 1  mgc: 3.241851e-13 
outer mgc:  62.85414 
iter: 1  value: 16014.88 mgc: 38.42578 ustep: 1 
iter: 2  value: 16014.88 mgc: 9.731623e-05 ustep: 1 
iter: 3  mgc: 4.236611e-13 
iter: 1  mgc: 4.236611e-13 
outer mgc:  31.26998 
iter: 1  value: 16009.54 mgc: 44.461 ustep: 1 
iter: 2  value: 16009.54 mgc: 4.338619e-05 ustep: 1 
iter: 3  mgc: 6.838974e-14 
iter: 1  value: 16011.35 mgc: 19.00087 ustep: 1 
iter: 2  value: 16011.35 mgc: 1.054431e-05 ustep: 1 
iter: 3  mgc: 7.460699e-14 
iter: 1  mgc: 7.460699e-14 
outer mgc:  31.7099 
iter: 1  value: 16007.35 mgc: 13.75525 ustep: 1 
iter: 2  value: 16007.35 mgc: 5.826938e-05 ustep: 1 
iter: 3  mgc: 1.838529e-13 
iter: 1  value: 16010.94 mgc: 1.004499 ustep: 1 
iter: 2  value: 16010.94 mgc: 1.570812e-05 ustep: 1 
iter: 3  mgc: 8.895662e-14 
iter: 1  mgc: 8.895662e-14 
outer mgc:  36.91432 
iter: 1  value: 16008.69 mgc: 4.434453 ustep: 1 
iter: 2  value: 16008.69 mgc: 6.803566e-06 ustep: 1 
iter: 3  mgc: 6.017409e-14 
iter: 1  mgc: 6.017409e-14 
outer mgc:  15.04685 
iter: 1  value: 16004.5 mgc: 12.10949 ustep: 1 
iter: 2  value: 16004.5 mgc: 6.779711e-06 ustep: 1 
iter: 3  mgc: 8.393286e-14 
iter: 1  mgc: 8.393286e-14 
outer mgc:  27.64562 
iter: 1  value: 16006.51 mgc: 12.31119 ustep: 1 
iter: 2  value: 16006.51 mgc: 2.49885e-05 ustep: 1 
iter: 3  mgc: 6.37268e-14 
iter: 1  value: 16003.95 mgc: 3.137047 ustep: 1 
iter: 2  value: 16003.95 mgc: 3.596156e-06 ustep: 1 
iter: 3  mgc: 8.437695e-14 
iter: 1  mgc: 8.437695e-14 
outer mgc:  8.551429 
iter: 1  value: 16003.62 mgc: 3.168626 ustep: 1 
iter: 2  value: 16003.62 mgc: 3.01165e-06 ustep: 1 
iter: 3  mgc: 9.925394e-14 
iter: 1  mgc: 9.925394e-14 
outer mgc:  19.66016 
iter: 1  value: 16002.13 mgc: 2.970746 ustep: 1 
iter: 2  value: 16002.13 mgc: 2.722316e-06 ustep: 1 
iter: 3  mgc: 6.128431e-14 
iter: 1  mgc: 6.128431e-14 
outer mgc:  4.415971 
iter: 1  value: 16001.03 mgc: 0.9028323 ustep: 1 
iter: 2  value: 16001.03 mgc: 7.517746e-07 ustep: 1 
iter: 3  mgc: 8.260059e-14 
iter: 1  mgc: 8.260059e-14 
outer mgc:  9.977845 
iter: 1  value: 15997.55 mgc: 6.879084 ustep: 1 
iter: 2  value: 15997.55 mgc: 2.163161e-06 ustep: 1 
iter: 3  mgc: 1.125766e-13 
iter: 1  mgc: 1.125766e-13 
outer mgc:  12.02347 
iter: 1  value: 15989.18 mgc: 24.27387 ustep: 1 
iter: 2  value: 15989.18 mgc: 3.769462e-05 ustep: 1 
iter: 3  mgc: 9.103829e-14 
iter: 1  mgc: 9.103829e-14 
outer mgc:  8.348206 
iter: 1  value: 15980.47 mgc: 22.22225 ustep: 1 
iter: 2  value: 15980.47 mgc: 3.82944e-05 ustep: 1 
iter: 3  mgc: 5.817569e-14 
iter: 1  mgc: 5.817569e-14 
outer mgc:  5.919521 
iter: 1  value: 15979.46 mgc: 17.30053 ustep: 1 
iter: 2  value: 15979.46 mgc: 1.783978e-05 ustep: 1 
iter: 3  mgc: 5.528911e-14 
iter: 1  value: 15980.34 mgc: 1.007354 ustep: 1 
iter: 2  value: 15980.34 mgc: 1.622033e-07 ustep: 1 
mgc: 8.615331e-14 
iter: 1  mgc: 8.615331e-14 
outer mgc:  7.958334 
iter: 1  value: 15980.4 mgc: 6.602349 ustep: 1 
iter: 2  value: 15980.4 mgc: 9.732259e-07 ustep: 1 
mgc: 5.77316e-14 
iter: 1  mgc: 5.77316e-14 
outer mgc:  4.650857 
iter: 1  value: 15980.17 mgc: 7.16994 ustep: 1 
iter: 2  value: 15980.17 mgc: 2.005272e-06 ustep: 1 
iter: 3  mgc: 1.021405e-13 
iter: 1  mgc: 1.021405e-13 
outer mgc:  1.534407 
iter: 1  value: 15976.73 mgc: 7.541865 ustep: 1 
iter: 2  value: 15976.73 mgc: 2.4241e-06 ustep: 1 
iter: 3  mgc: 5.351275e-14 
iter: 1  mgc: 5.351275e-14 
outer mgc:  2.408522 
iter: 1  value: 15976.72 mgc: 14.01715 ustep: 1 
iter: 2  value: 15976.72 mgc: 4.344404e-06 ustep: 1 
iter: 3  mgc: 7.41629e-14 
iter: 1  value: 15976.87 mgc: 39.39404 ustep: 1 
iter: 2  value: 15976.87 mgc: 2.632769e-05 ustep: 1 
iter: 3  mgc: 6.661338e-14 
iter: 1  mgc: 7.41629e-14 
outer mgc:  1.333804 
iter: 1  value: 15976.26 mgc: 25.68267 ustep: 1 
iter: 2  value: 15976.26 mgc: 1.258703e-05 ustep: 1 
iter: 3  mgc: 9.947598e-14 
iter: 1  mgc: 9.947598e-14 
outer mgc:  5.334962 
iter: 1  value: 15977.71 mgc: 24.32849 ustep: 1 
iter: 2  value: 15977.71 mgc: 6.907673e-06 ustep: 1 
iter: 3  mgc: 8.681944e-14 
iter: 1  mgc: 8.681944e-14 
outer mgc:  1.758732 
iter: 1  value: 15980 mgc: 21.80966 ustep: 1 
iter: 2  value: 15980 mgc: 5.808165e-06 ustep: 1 
iter: 3  mgc: 7.993606e-14 
iter: 1  value: 15986.95 mgc: 54.3228 ustep: 1 
iter: 2  value: 15986.95 mgc: 4.128881e-05 ustep: 1 
iter: 3  mgc: 5.775935e-14 
iter: 1  mgc: 5.775935e-14 
outer mgc:  2.614799 
iter: 1  value: 16003.67 mgc: 46.68141 ustep: 1 
iter: 2  value: 16003.67 mgc: 3.369062e-05 ustep: 1 
iter: 3  mgc: 4.207745e-14 
iter: 1  value: 16042.98 mgc: 60.0284 ustep: 1 
iter: 2  value: 16042.98 mgc: 0.0003050808 ustep: 1 
iter: 3  mgc: 5.684342e-14 
iter: 1  mgc: 5.684342e-14 
outer mgc:  2.325944 
iter: 1  value: 16134.43 mgc: 50.40833 ustep: 1 
iter: 2  value: 16134.43 mgc: 0.00709053 ustep: 1 
iter: 3  mgc: 5.431219e-09 
iter: 1  value: 16083.83 mgc: 28.51786 ustep: 1 
iter: 2  value: 16083.83 mgc: 0.0004982788 ustep: 1 
iter: 3  mgc: 8.530954e-13 
iter: 1  mgc: 8.530954e-13 
outer mgc:  2.657974 
iter: 1  value: 16180.08 mgc: 22.31702 ustep: 1 
iter: 2  value: 16180.08 mgc: 0.01456175 ustep: 1 
iter: 3  value: 16180.08 mgc: 3.383691e-08 ustep: 1 
mgc: 5.595524e-14 
iter: 1  mgc: 5.595524e-14 
outer mgc:  5.157085 
iter: 1  value: 16279.17 mgc: 8.398386 ustep: 1 
iter: 2  value: 16279.17 mgc: 0.07936498 ustep: 1 
iter: 3  value: 16279.17 mgc: 1.519161e-06 ustep: 1 
iter: 4  mgc: 4.041212e-14 
iter: 1  mgc: 4.041212e-14 
outer mgc:  15.40886 
iter: 1  value: 16593.1 mgc: 9.765479 ustep: 1 
iter: 2  value: 16590.35 mgc: 2.329475 ustep: 1 
iter: 3  value: 16590.34 mgc: 0.1605145 ustep: 1 
iter: 4  value: 16590.34 mgc: 0.001085837 ustep: 1 
iter: 5  value: 16590.34 mgc: 8.781835e-08 ustep: 1 
iter: 6  mgc: 4.551914e-14 
iter: 1  value: 16298.47 mgc: 59.86161 ustep: 1 
iter: 2  value: 16298.47 mgc: 0.02905407 ustep: 1 
iter: 3  value: 16298.47 mgc: 1.843213e-06 ustep: 1 
iter: 4  mgc: 3.996803e-14 
iter: 1  mgc: 3.996803e-14 
outer mgc:  43.79862 
iter: 1  value: 16367.29 mgc: 33.927 ustep: 1 
iter: 2  value: 16367.28 mgc: 0.2392896 ustep: 1 
iter: 3  value: 16367.28 mgc: 0.0006859163 ustep: 1 
iter: 4  mgc: 1.274866e-09 
iter: 1  mgc: 1.274866e-09 
outer mgc:  45.69021 
iter: 1  value: 16934.61 mgc: 76.62726 ustep: 1 
iter: 2  value: 16934.6 mgc: 0.485391 ustep: 1 
iter: 3  value: 16934.6 mgc: 8.079444e-05 ustep: 1 
iter: 4  mgc: 1.749001e-11 
iter: 1  value: 16363.69 mgc: 10.81461 ustep: 1 
iter: 2  value: 16363.69 mgc: 0.008073047 ustep: 1 
iter: 3  mgc: 7.320805e-09 
iter: 1  mgc: 7.320805e-09 
outer mgc:  36.21751 
iter: 1  value: 16364.18 mgc: 10.11517 ustep: 1 
iter: 2  value: 16364.18 mgc: 0.01028183 ustep: 1 
iter: 3  value: 16364.18 mgc: 1.480305e-07 ustep: 1 
iter: 4  mgc: 3.397282e-14 
iter: 1  mgc: 3.397282e-14 
outer mgc:  52.24717 
iter: 1  value: 16366.07 mgc: 6.68441 ustep: 1 
iter: 2  value: 16366.07 mgc: 0.005289363 ustep: 1 
iter: 3  value: 16366.07 mgc: 7.909188e-08 ustep: 1 
iter: 4  mgc: 5.329071e-14 
iter: 1  mgc: 5.329071e-14 
outer mgc:  28.2695 
iter: 1  value: 16369.64 mgc: 5.848373 ustep: 1 
iter: 2  value: 16369.64 mgc: 0.007290115 ustep: 1 
iter: 3  value: 16369.64 mgc: 4.207945e-08 ustep: 1 
iter: 4  mgc: 3.463896e-14 
iter: 1  mgc: 3.463896e-14 
outer mgc:  23.80967 
iter: 1  value: 16376.79 mgc: 7.78122 ustep: 1 
iter: 2  value: 16376.79 mgc: 0.01994389 ustep: 1 
iter: 3  value: 16376.79 mgc: 7.67079e-07 ustep: 1 
iter: 4  mgc: 5.551115e-14 
iter: 1  mgc: 5.551115e-14 
outer mgc:  19.74759 
iter: 1  value: 16380.84 mgc: 3.178017 ustep: 1 
iter: 2  value: 16380.84 mgc: 0.007710888 ustep: 1 
iter: 3  value: 16380.84 mgc: 3.32247e-07 ustep: 1 
iter: 4  mgc: 4.618528e-14 
iter: 1  value: 16385.39 mgc: 2.561344 ustep: 1 
iter: 2  value: 16385.39 mgc: 0.006888781 ustep: 1 
iter: 3  value: 16385.39 mgc: 5.764504e-07 ustep: 1 
iter: 4  mgc: 4.884981e-14 
iter: 1  value: 16395.29 mgc: 4.473543 ustep: 1 
iter: 2  value: 16395.29 mgc: 0.0291952 ustep: 1 
iter: 3  value: 16395.29 mgc: 8.852242e-06 ustep: 1 
iter: 4  mgc: 4.228617e-12 
iter: 1  mgc: 4.228617e-12 
outer mgc:  17.52059 
iter: 1  value: 16379.67 mgc: 4.605827 ustep: 1 
iter: 2  value: 16379.67 mgc: 0.006573179 ustep: 1 
iter: 3  value: 16379.67 mgc: 1.892234e-06 ustep: 1 
iter: 4  mgc: 1.625367e-13 
iter: 1  mgc: 1.625367e-13 
outer mgc:  17.87953 
iter: 1  value: 16363.12 mgc: 8.25104 ustep: 1 
iter: 2  value: 16363.12 mgc: 0.01447896 ustep: 1 
iter: 3  value: 16363.12 mgc: 1.961281e-07 ustep: 1 
iter: 4  mgc: 7.532863e-14 
iter: 1  mgc: 7.532863e-14 
outer mgc:  18.43358 
iter: 1  value: 16347.42 mgc: 11.30483 ustep: 1 
iter: 2  value: 16347.42 mgc: 0.01230623 ustep: 1 
iter: 3  value: 16347.42 mgc: 1.26235e-07 ustep: 1 
iter: 4  mgc: 7.638334e-14 
iter: 1  mgc: 7.638334e-14 
outer mgc:  9.822412 
iter: 1  value: 16345.72 mgc: 1.239626 ustep: 1 
iter: 2  value: 16345.72 mgc: 0.0007805969 ustep: 1 
iter: 3  value: 16345.72 mgc: 1.447852e-08 ustep: 1 
mgc: 7.460699e-14 
iter: 1  mgc: 7.460699e-14 
outer mgc:  1.615177 
iter: 1  value: 16342.92 mgc: 0.760162 ustep: 1 
iter: 2  value: 16342.92 mgc: 7.658047e-05 ustep: 1 
iter: 3  mgc: 7.677414e-12 
iter: 1  mgc: 7.677414e-12 
outer mgc:  2.112275 
iter: 1  value: 16331.95 mgc: 3.133473 ustep: 1 
iter: 2  value: 16331.95 mgc: 0.0007513877 ustep: 1 
iter: 3  mgc: 7.51351e-10 
iter: 1  mgc: 7.51351e-10 
outer mgc:  2.238661 
iter: 1  value: 16314.22 mgc: 4.548751 ustep: 1 
iter: 2  value: 16314.22 mgc: 0.0009063914 ustep: 1 
iter: 3  mgc: 7.409522e-10 
iter: 1  mgc: 7.409522e-10 
outer mgc:  2.775558 
iter: 1  value: 16297.39 mgc: 4.905734 ustep: 1 
iter: 2  value: 16297.39 mgc: 0.0003304411 ustep: 1 
iter: 3  mgc: 1.622675e-10 
iter: 1  mgc: 1.622675e-10 
outer mgc:  1.410335 
iter: 1  value: 16283.79 mgc: 3.322337 ustep: 1 
iter: 2  value: 16283.79 mgc: 0.0001280326 ustep: 1 
iter: 3  mgc: 5.184209e-11 
iter: 1  mgc: 5.184209e-11 
outer mgc:  0.9652391 
iter: 1  value: 16266.05 mgc: 4.110925 ustep: 1 
iter: 2  value: 16266.05 mgc: 0.0001163738 ustep: 1 
iter: 3  mgc: 7.313261e-12 
iter: 1  mgc: 7.313261e-12 
outer mgc:  0.8605866 
iter: 1  value: 16250.97 mgc: 3.858176 ustep: 1 
iter: 2  value: 16250.97 mgc: 6.067248e-05 ustep: 1 
iter: 3  mgc: 1.993072e-12 
iter: 1  mgc: 1.993072e-12 
outer mgc:  0.6702356 
iter: 1  value: 16230.57 mgc: 5.600807 ustep: 1 
iter: 2  value: 16230.57 mgc: 5.48696e-05 ustep: 1 
iter: 3  mgc: 2.330136e-12 
iter: 1  mgc: 2.330136e-12 
outer mgc:  0.4409164 
iter: 1  value: 16213.84 mgc: 4.910428 ustep: 1 
iter: 2  value: 16213.84 mgc: 1.915179e-05 ustep: 1 
iter: 3  mgc: 9.325873e-13 
iter: 1  mgc: 9.325873e-13 
outer mgc:  0.3462607 
iter: 1  value: 16193.34 mgc: 5.129293 ustep: 1 
iter: 2  value: 16193.34 mgc: 6.546137e-06 ustep: 1 
iter: 3  mgc: 1.206146e-12 
iter: 1  mgc: 1.206146e-12 
outer mgc:  0.6833199 
iter: 1  value: 16176.57 mgc: 4.646343 ustep: 1 
iter: 2  value: 16176.57 mgc: 3.593273e-06 ustep: 1 
iter: 3  mgc: 2.193357e-12 
iter: 1  mgc: 2.193357e-12 
outer mgc:  0.2386488 
iter: 1  value: 16155.72 mgc: 5.381478 ustep: 1 
iter: 2  value: 16155.72 mgc: 3.127677e-06 ustep: 1 
iter: 3  mgc: 2.003731e-12 
iter: 1  mgc: 2.003731e-12 
outer mgc:  0.1767856 
iter: 1  value: 16138.54 mgc: 4.042727 ustep: 1 
iter: 2  value: 16138.54 mgc: 7.09994e-07 ustep: 1 
iter: 3  mgc: 4.504397e-12 
iter: 1  mgc: 4.504397e-12 
outer mgc:  0.1197685 
iter: 1  value: 16117.86 mgc: 4.842358 ustep: 1 
iter: 2  value: 16117.86 mgc: 6.134369e-07 ustep: 1 
iter: 3  mgc: 4.620748e-12 
iter: 1  mgc: 4.620748e-12 
outer mgc:  0.06190385 
iter: 1  value: 16100.74 mgc: 4.47579 ustep: 1 
iter: 2  value: 16100.74 mgc: 2.983798e-07 ustep: 1 
iter: 3  mgc: 8.943513e-12 
iter: 1  mgc: 8.943513e-12 
outer mgc:  0.04534941 
iter: 1  value: 16080.01 mgc: 5.976216 ustep: 1 
iter: 2  value: 16080.01 mgc: 1.997263e-07 ustep: 1 
iter: 3  mgc: 1.248335e-11 
iter: 1  mgc: 1.248335e-11 
outer mgc:  0.02798493 
iter: 1  value: 16062.85 mgc: 4.895638 ustep: 1 
iter: 2  value: 16062.85 mgc: 4.088966e-08 ustep: 1 
mgc: 1.462919e-11 
iter: 1  mgc: 1.462919e-11 
outer mgc:  0.03777186 
iter: 1  value: 16041.89 mgc: 5.935645 ustep: 1 
iter: 2  value: 16041.89 mgc: 1.994717e-08 ustep: 1 
iter: 3  mgc: 2.52407e-11 
iter: 1  mgc: 2.52407e-11 
outer mgc:  0.02602347 
iter: 1  value: 16024.57 mgc: 4.270073 ustep: 1 
iter: 2  value: 16024.57 mgc: 1.66142e-08 ustep: 1 
iter: 3  mgc: 3.555378e-11 
iter: 1  mgc: 3.555378e-11 
outer mgc:  0.008691432 
iter: 1  value: 16003.77 mgc: 4.871739 ustep: 1 
iter: 2  value: 16003.77 mgc: 1.229456e-08 ustep: 1 
mgc: 4.857148e-11 
iter: 1  mgc: 4.857148e-11 
outer mgc:  0.009644469 
iter: 1  value: 15986.55 mgc: 4.023737 ustep: 1 
iter: 2  mgc: 1.281354e-09 
iter: 1  mgc: 1.281354e-09 
outer mgc:  0.01313585 
iter: 1  value: 15965.55 mgc: 4.923821 ustep: 1 
iter: 2  mgc: 3.470653e-09 
iter: 1  mgc: 3.470653e-09 
outer mgc:  0.008287513 
iter: 1  value: 15948.2 mgc: 4.253738 ustep: 1 
iter: 2  mgc: 2.28993e-09 
iter: 1  mgc: 2.28993e-09 
outer mgc:  0.002231494 
iter: 1  mgc: 2.28993e-09 
iter: 1  mgc: 2.28993e-09 
outer mgc:  0.002231494 
iter: 1  value: 15948.21 mgc: 0.0218886 ustep: 1 
iter: 2  value: 15948.21 mgc: 2.002301e-07 ustep: 1 
iter: 3  mgc: 1.816938e-10 
outer mgc:  1.793559 
iter: 1  value: 15948.2 mgc: 0.02187598 ustep: 1 
iter: 2  value: 15948.2 mgc: 2.0012e-07 ustep: 1 
iter: 3  mgc: 2.813514e-10 
outer mgc:  1.796343 
iter: 1  value: 15948.21 mgc: 0.01167317 ustep: 1 
iter: 2  mgc: 1.823923e-10 
outer mgc:  0.969983 
iter: 1  value: 15948.2 mgc: 0.01166655 ustep: 1 
iter: 2  mgc: 2.167331e-10 
outer mgc:  0.9694172 
iter: 1  value: 15948.21 mgc: 0.02379284 ustep: 1 
iter: 2  value: 15948.21 mgc: 6.183776e-07 ustep: 1 
iter: 3  mgc: 1.297085e-10 
outer mgc:  1.824271 
iter: 1  value: 15948.2 mgc: 0.02380007 ustep: 1 
iter: 2  value: 15948.2 mgc: 6.166341e-07 ustep: 1 
iter: 3  mgc: 1.976639e-10 
outer mgc:  1.823394 
iter: 1  value: 15948.21 mgc: 0.01167605 ustep: 1 
iter: 2  mgc: 1.908825e-09 
outer mgc:  0.9818425 
iter: 1  value: 15948.2 mgc: 0.01168265 ustep: 1 
iter: 2  mgc: 1.894195e-09 
outer mgc:  0.9847789 
iter: 1  value: 15948.28 mgc: 742.9863 ustep: 1 
iter: 2  value: 15948.28 mgc: 8.563926e-06 ustep: 1 
iter: 3  mgc: 2.205294e-10 
outer mgc:  0.4483243 
iter: 1  value: 15948.13 mgc: 745.2186 ustep: 1 
iter: 2  value: 15948.13 mgc: 8.563817e-06 ustep: 1 
iter: 3  mgc: 1.517604e-10 
outer mgc:  0.4511965 
iter: 1  value: 15948.26 mgc: 743.7265 ustep: 1 
iter: 2  value: 15948.26 mgc: 6.255361e-06 ustep: 1 
iter: 3  mgc: 1.36896e-10 
outer mgc:  0.4769385 
iter: 1  value: 15948.15 mgc: 744.4706 ustep: 1 
iter: 2  value: 15948.15 mgc: 6.244253e-06 ustep: 1 
iter: 3  mgc: 2.660416e-10 
outer mgc:  0.4719496 
iter: 1  value: 15948.2 mgc: 4.83351e-05 ustep: 1 
mgc: 1.749405e-10 
outer mgc:  0.00223149 
iter: 1  value: 15948.2 mgc: 4.833342e-05 ustep: 1 
mgc: 1.904115e-10 
outer mgc:  0.002231497 
iter: 1  value: 15948.19 mgc: 0.005676983 ustep: 1 
iter: 2  value: 15948.19 mgc: 4.207952e-08 ustep: 1 
iter: 3  mgc: 1.876481e-10 
outer mgc:  0.03197843 
iter: 1  value: 15948.22 mgc: 0.005676606 ustep: 1 
iter: 2  value: 15948.22 mgc: 4.216041e-08 ustep: 1 
iter: 3  mgc: 1.775147e-10 
outer mgc:  0.03295051 
Warning message:
package ‘nnet’ was built under R version 3.6.3 
[Sun Aug 15 14:39:50 2021]
Finished job 0.
1 of 1 steps (100%) done
