Building DAG of jobs...
Using shell: /usr/bin/bash
Provided cores: 1 (use --cores to define parallelism)
Rules claiming more threads will be scaled down.
Job counts:
	count	jobs
	1	inference_simulation_TMB_multiple
	1

[Sat Aug 14 11:50:51 2021]
rule inference_simulation_TMB_multiple:
    input: ../data/assessing_models_simulation/datasets/multiple_GenerationJnorm2_100_100_80_7_0.6_NA_NA_NA_dataset1.RDS
    output: ../data/assessing_models_simulation/inference_results/TMB/nlminb/multiple_GenerationJnorm2_100_100_80_7_0.6_diagREDM_NA_NA_NA_dataset1.RDS
    log: logs/inference/nlminb/simulation_GenerationJnorm2_100_100_80_7_0.6_ModeldiagREDM_NA_NA_NA_dataset1.log
    jobid: 0
    wildcards: optimiser=nlminb, datasetgeneration=GenerationJnorm2, n=100, nlambda=100, lmbda=80, d=7, beta_intensity=0.6, model=diagREDM, fixed_beta_intercept=NA, fixed_beta_slope=NA, sdRE_input=NA, itnum=1

Rscript 2_inference_TMB/run_TMB.R --input ../data/assessing_models_simulation/datasets/multiple_GenerationJnorm2_100_100_80_7_0.6_NA_NA_NA_dataset1.RDS --output ../data/assessing_models_simulation/inference_results/TMB/nlminb/multiple_GenerationJnorm2_100_100_80_7_0.6_diagREDM_NA_NA_NA_dataset1.RDS --model diagREDM --optimiser nlminb
Model: diagREDM 
Feature type: signatures 
Using nlminb: TRUE 
Simulation boolean: TRUE 
make: Nothing to be done for 'all'.
../data/assessing_models_simulation/datasets/multiple_GenerationJnorm2_100_100_80_7_0.6_NA_NA_NA_dataset1.RDS[1] "../data/assessing_models_simulation/datasets/multiple_GenerationJnorm2_100_100_80_7_0.6_NA_NA_NA_dataset1.RDS"
Reading file ../data/assessing_models_simulation/datasets/multiple_GenerationJnorm2_100_100_80_7_0.6_NA_NA_NA_dataset1.RDS 
Loading required package: nnet
# weights:  21 (12 variable)
initial  value 38760.584259 
iter  10 value 33404.780108
final  value 33035.907152 
converged
Constructing atomic invpd
Constructing atomic D_lgamma
Constructing atomic invpd
Constructing atomic D_lgamma
Constructing atomic matmul
Constructing atomic invpd
Constructing atomic D_lgamma
Constructing atomic matmul
Optimizing tape... Done
iter: 1  value: 38311.6 mgc: 97.53563 ustep: 0.6827823 
iter: 2  value: 35271.73 mgc: 86.02331 ustep: 0.04918803 
iter: 3  value: 33759.58 mgc: 102.6195 ustep: 0.02437451 
iter: 4  value: 33174.56 mgc: 59.12563 ustep: 0.1562078 
iter: 5  value: 32995.24 mgc: 30.42974 ustep: 0.3952918 
iter: 6  value: 32977.17 mgc: 5.668932 ustep: 0.6287595 
iter: 7  value: 32976.56 mgc: 0.5365278 ustep: 0.7929642 
iter: 8  value: 32976.56 mgc: 0.04566159 ustep: 0.8904963 
iter: 9  value: 32976.55 mgc: 0.003981239 ustep: 0.9436668 
iter: 10  value: 32976.55 mgc: 0.0001655818 ustep: 0.971428 
iter: 11  value: 32976.55 mgc: 3.449112e-06 ustep: 0.9856119 
iter: 12  value: 32976.55 mgc: 3.626945e-08 ustep: 0.7082812 
iter: 13  mgc: 8.388674e-09 
iter: 1  mgc: 8.388674e-09 
Matching hessian patterns... Done
outer mgc:  1195.138 
iter: 1  value: 32116.46 mgc: 30.56442 ustep: 1 
iter: 2  value: 32108.59 mgc: 3.929595 ustep: 1 
iter: 3  value: 32108.57 mgc: 0.2394762 ustep: 1 
iter: 4  value: 32108.57 mgc: 0.001577852 ustep: 1 
iter: 5  value: 32108.57 mgc: 6.985861e-08 ustep: 1 
iter: 6  mgc: 1.073207e-11 
iter: 1  mgc: 1.073207e-11 
outer mgc:  272.4614 
iter: 1  value: 31949.79 mgc: 23.72788 ustep: 1 
iter: 2  value: 31935.45 mgc: 4.183963 ustep: 1 
iter: 3  value: 31935.41 mgc: 0.2040023 ustep: 1 
iter: 4  value: 31935.41 mgc: 0.001111945 ustep: 1 
iter: 5  value: 31935.41 mgc: 3.593097e-08 ustep: 0.6827823 
mgc: 1.302907e-09 
iter: 1  mgc: 1.302907e-09 
outer mgc:  150.4948 
iter: 1  value: 31857.46 mgc: 12.05334 ustep: 1 
iter: 2  value: 31857.03 mgc: 0.724651 ustep: 1 
iter: 3  value: 31857.03 mgc: 0.00638176 ustep: 1 
iter: 4  value: 31857.03 mgc: 1.127546e-06 ustep: 1 
iter: 5  mgc: 8.239714e-12 
iter: 1  mgc: 8.239714e-12 
outer mgc:  142.3278 
iter: 1  value: 31756.87 mgc: 15.70426 ustep: 1 
iter: 2  value: 31755.77 mgc: 1.076919 ustep: 1 
iter: 3  value: 31755.77 mgc: 0.01941576 ustep: 1 
iter: 4  value: 31755.77 mgc: 1.056664e-05 ustep: 1 
iter: 5  mgc: 8.052115e-12 
iter: 1  mgc: 8.052115e-12 
outer mgc:  68.48066 
iter: 1  value: 31731.7 mgc: 8.859372 ustep: 1 
iter: 2  value: 31731.45 mgc: 0.5524691 ustep: 1 
iter: 3  value: 31731.45 mgc: 0.003437937 ustep: 1 
iter: 4  value: 31731.45 mgc: 4.445689e-07 ustep: 1 
iter: 5  mgc: 9.986345e-12 
iter: 1  mgc: 9.986345e-12 
outer mgc:  327.8363 
iter: 1  value: 31640.82 mgc: 23.60193 ustep: 1 
iter: 2  value: 31635.78 mgc: 3.144632 ustep: 1 
iter: 3  value: 31635.78 mgc: 0.1008107 ustep: 1 
iter: 4  value: 31635.78 mgc: 0.0001858752 ustep: 1 
iter: 5  mgc: 7.875891e-10 
iter: 1  mgc: 7.875891e-10 
outer mgc:  216.2486 
iter: 1  value: 31534.69 mgc: 13.38767 ustep: 1 
iter: 2  value: 31534.4 mgc: 0.5926116 ustep: 1 
iter: 3  value: 31534.4 mgc: 0.003298106 ustep: 1 
iter: 4  value: 31534.4 mgc: 1.47511e-07 ustep: 1 
iter: 5  mgc: 9.212076e-12 
iter: 1  mgc: 9.212076e-12 
outer mgc:  50.14549 
iter: 1  value: 31491.77 mgc: 11.18595 ustep: 1 
iter: 2  value: 31491.26 mgc: 0.7435236 ustep: 1 
iter: 3  value: 31491.26 mgc: 0.008550873 ustep: 1 
iter: 4  value: 31491.26 mgc: 1.787534e-06 ustep: 1 
iter: 5  mgc: 5.183853e-12 
iter: 1  mgc: 5.183853e-12 
outer mgc:  111.4323 
iter: 1  value: 31482.19 mgc: 17.37021 ustep: 1 
iter: 2  value: 31481.01 mgc: 1.576599 ustep: 1 
iter: 3  value: 31481.01 mgc: 0.01902975 ustep: 1 
iter: 4  value: 31481.01 mgc: 4.369071e-06 ustep: 1 
iter: 5  mgc: 6.634693e-12 
iter: 1  value: 31486.88 mgc: 13.89055 ustep: 1 
iter: 2  value: 31486.45 mgc: 0.888363 ustep: 1 
iter: 3  value: 31486.45 mgc: 0.006195998 ustep: 1 
iter: 4  value: 31486.45 mgc: 4.519347e-07 ustep: 1 
iter: 5  mgc: 4.819201e-12 
iter: 1  value: 31482.06 mgc: 8.711781 ustep: 1 
iter: 2  value: 31481.99 mgc: 0.3016891 ustep: 1 
iter: 3  value: 31481.99 mgc: 0.0008398826 ustep: 1 
iter: 4  mgc: 8.084003e-09 
iter: 1  mgc: 8.084003e-09 
outer mgc:  90.44656 
iter: 1  value: 31466.51 mgc: 4.800175 ustep: 1 
iter: 2  value: 31466.5 mgc: 0.102741 ustep: 1 
iter: 3  value: 31466.5 mgc: 0.0001253726 ustep: 1 
iter: 4  mgc: 2.164919e-10 
iter: 1  mgc: 2.164919e-10 
outer mgc:  38.97562 
iter: 1  value: 31457.34 mgc: 4.560892 ustep: 1 
iter: 2  value: 31457.33 mgc: 0.07225561 ustep: 1 
iter: 3  value: 31457.33 mgc: 4.644833e-05 ustep: 1 
iter: 4  mgc: 3.175438e-11 
iter: 1  mgc: 3.175438e-11 
outer mgc:  46.911 
iter: 1  value: 31446.76 mgc: 3.360483 ustep: 1 
iter: 2  value: 31446.76 mgc: 0.05283087 ustep: 1 
iter: 3  value: 31446.76 mgc: 3.370973e-05 ustep: 1 
iter: 4  mgc: 2.090372e-11 
iter: 1  mgc: 2.090372e-11 
outer mgc:  35.31072 
iter: 1  value: 31438.58 mgc: 1.606106 ustep: 1 
iter: 2  value: 31438.57 mgc: 0.02007728 ustep: 1 
iter: 3  value: 31438.57 mgc: 5.047082e-06 ustep: 1 
iter: 4  mgc: 4.130474e-12 
iter: 1  mgc: 4.130474e-12 
outer mgc:  38.99896 
iter: 1  value: 31435.31 mgc: 3.840379 ustep: 1 
iter: 2  value: 31435.3 mgc: 0.0994282 ustep: 1 
iter: 3  value: 31435.3 mgc: 0.000111851 ustep: 1 
iter: 4  mgc: 1.473897e-10 
iter: 1  mgc: 1.473897e-10 
outer mgc:  32.02193 
iter: 1  value: 31430.09 mgc: 3.369796 ustep: 1 
iter: 2  value: 31430.08 mgc: 0.121288 ustep: 1 
iter: 3  value: 31430.08 mgc: 0.0001762182 ustep: 0.9999 
iter: 4  mgc: 9.858185e-10 
iter: 1  mgc: 9.858185e-10 
outer mgc:  17.60438 
iter: 1  value: 31427.27 mgc: 5.309963 ustep: 1 
iter: 2  value: 31427.25 mgc: 0.13991 ustep: 1 
iter: 3  value: 31427.25 mgc: 0.0002260757 ustep: 1 
iter: 4  mgc: 7.64677e-10 
iter: 1  mgc: 7.64677e-10 
outer mgc:  32.15512 
iter: 1  value: 31429.69 mgc: 5.890585 ustep: 1 
iter: 2  value: 31429.68 mgc: 0.1049651 ustep: 1 
iter: 3  value: 31429.68 mgc: 0.0001291505 ustep: 1 
iter: 4  mgc: 2.383304e-10 
iter: 1  value: 31425.64 mgc: 2.108651 ustep: 1 
iter: 2  value: 31425.64 mgc: 0.01328183 ustep: 1 
iter: 3  value: 31425.64 mgc: 1.505606e-06 ustep: 1 
iter: 4  mgc: 4.21263e-12 
iter: 1  mgc: 4.21263e-12 
outer mgc:  29.25689 
iter: 1  value: 31424.13 mgc: 3.223903 ustep: 1 
iter: 2  value: 31424.13 mgc: 0.03786699 ustep: 1 
iter: 3  value: 31424.13 mgc: 1.077877e-05 ustep: 0.2494656 
iter: 4  value: 31424.13 mgc: 1.10642e-06 ustep: 0.4995153 
iter: 5  value: 31424.13 mgc: 5.222363e-08 ustep: 0.7067933 
iter: 6  mgc: 1.572887e-09 
iter: 1  mgc: 1.572887e-09 
outer mgc:  20.61995 
iter: 1  value: 31422.37 mgc: 1.287103 ustep: 1 
iter: 2  value: 31422.37 mgc: 0.00680908 ustep: 1 
iter: 3  value: 31422.37 mgc: 5.175051e-07 ustep: 1 
iter: 4  mgc: 2.85505e-12 
iter: 1  mgc: 2.85505e-12 
outer mgc:  9.745359 
iter: 1  value: 31421.26 mgc: 0.6699779 ustep: 1 
iter: 2  value: 31421.26 mgc: 0.002275488 ustep: 1 
iter: 3  value: 31421.26 mgc: 5.316475e-08 ustep: 0.989901 
iter: 4  mgc: 3.263034e-11 
iter: 1  mgc: 3.263034e-11 
outer mgc:  10.45639 
iter: 1  value: 31419.95 mgc: 0.8639755 ustep: 1 
iter: 2  value: 31419.95 mgc: 0.002854264 ustep: 1 
iter: 3  value: 31419.95 mgc: 8.78069e-08 ustep: 1 
iter: 4  mgc: 2.834621e-12 
iter: 1  mgc: 2.834621e-12 
outer mgc:  5.834184 
iter: 1  value: 31418.88 mgc: 1.031185 ustep: 1 
iter: 2  value: 31418.88 mgc: 0.003253755 ustep: 1 
iter: 3  value: 31418.88 mgc: 1.169564e-07 ustep: 0.2494656 
mgc: 1.051328e-08 
iter: 1  value: 31418.88 mgc: 1.051328e-08 ustep: 0.989901 
mgc: 4.925838e-12 
outer mgc:  16.25841 
iter: 1  value: 31417.1 mgc: 2.109388 ustep: 1 
iter: 2  value: 31417.1 mgc: 0.01452329 ustep: 1 
iter: 3  value: 31417.1 mgc: 1.656236e-06 ustep: 1 
iter: 4  mgc: 2.8616e-12 
iter: 1  mgc: 2.8616e-12 
outer mgc:  13.99901 
iter: 1  value: 31414.8 mgc: 1.695931 ustep: 1 
iter: 2  value: 31414.8 mgc: 0.01089119 ustep: 1 
iter: 3  value: 31414.8 mgc: 6.456789e-07 ustep: 0.6827823 
iter: 4  value: 31414.8 mgc: 1.221454e-08 ustep: 0.5831969 
mgc: 4.898698e-10 
iter: 1  value: 31411.67 mgc: 1.965681 ustep: 1 
iter: 2  value: 31411.67 mgc: 0.01648415 ustep: 1 
iter: 3  value: 31411.67 mgc: 4.235707e-06 ustep: 1 
iter: 4  mgc: 2.124079e-12 
iter: 1  value: 31408.87 mgc: 3.698839 ustep: 1 
iter: 2  value: 31408.86 mgc: 0.06144308 ustep: 1 
iter: 3  value: 31408.86 mgc: 5.870708e-05 ustep: 1 
iter: 4  mgc: 6.228718e-11 
iter: 1  mgc: 6.228718e-11 
outer mgc:  49.84733 
iter: 1  value: 31391.59 mgc: 3.65402 ustep: 1 
iter: 2  value: 31391.59 mgc: 0.1189074 ustep: 1 
iter: 3  value: 31391.59 mgc: 0.0002107623 ustep: 1 
iter: 4  mgc: 7.454214e-10 
iter: 1  value: 31441.6 mgc: 11.41923 ustep: 1 
iter: 2  value: 31440.63 mgc: 1.380892 ustep: 1 
iter: 3  value: 31440.63 mgc: 0.03078415 ustep: 1 
iter: 4  value: 31440.63 mgc: 3.326065e-05 ustep: 1 
iter: 5  mgc: 3.877076e-11 
iter: 1  mgc: 7.454214e-10 
outer mgc:  49.32153 
iter: 1  value: 31359.13 mgc: 6.743355 ustep: 1 
iter: 2  value: 31359.05 mgc: 0.4924239 ustep: 1 
iter: 3  value: 31359.05 mgc: 0.008936068 ustep: 1 
iter: 4  value: 31359.05 mgc: 3.066717e-06 ustep: 1 
iter: 5  mgc: 5.57776e-13 
iter: 1  value: 33156.98 mgc: 10.31135 ustep: 1 
iter: 2  value: 33156.35 mgc: 1.136038 ustep: 1 
iter: 3  value: 33156.35 mgc: 0.02155459 ustep: 1 
iter: 4  value: 33156.35 mgc: 9.585067e-06 ustep: 1 
iter: 5  mgc: 2.082334e-12 
iter: 1  mgc: 5.57776e-13 
outer mgc:  63.3156 
iter: 1  value: 33367.25 mgc: 44.37189 ustep: 1 
iter: 2  value: 31966.16 mgc: 49.61304 ustep: 1 
iter: 3  value: 31936.33 mgc: 11.01705 ustep: 1 
iter: 4  value: 31936.16 mgc: 1.936611 ustep: 1 
iter: 5  value: 31936.16 mgc: 0.0322517 ustep: 1 
iter: 6  value: 31936.16 mgc: 3.327395e-05 ustep: 1 
iter: 7  mgc: 3.524825e-11 
iter: 1  value: 31351.85 mgc: 6.556281 ustep: 1 
iter: 2  value: 31351.81 mgc: 0.1588801 ustep: 1 
iter: 3  value: 31351.81 mgc: 0.0002437309 ustep: 1 
iter: 4  mgc: 1.209903e-09 
iter: 1  mgc: 1.209903e-09 
outer mgc:  28.24251 
iter: 1  value: 31353.16 mgc: 2.389604 ustep: 1 
iter: 2  value: 31353.15 mgc: 0.04342471 ustep: 1 
iter: 3  value: 31353.15 mgc: 2.022817e-05 ustep: 1 
iter: 4  mgc: 7.587708e-12 
iter: 1  value: 31349.92 mgc: 1.138573 ustep: 1 
iter: 2  value: 31349.92 mgc: 0.01111213 ustep: 1 
iter: 3  value: 31349.92 mgc: 1.129452e-06 ustep: 1 
iter: 4  mgc: 5.151435e-13 
iter: 1  mgc: 5.151435e-13 
outer mgc:  9.407746 
iter: 1  value: 31353.28 mgc: 2.322827 ustep: 1 
iter: 2  value: 31353.28 mgc: 0.02714589 ustep: 1 
iter: 3  value: 31353.28 mgc: 1.006567e-05 ustep: 1 
iter: 4  mgc: 1.801337e-12 
iter: 1  value: 31350.56 mgc: 0.9387805 ustep: 1 
iter: 2  value: 31350.56 mgc: 0.004602762 ustep: 1 
iter: 3  value: 31350.56 mgc: 2.84216e-07 ustep: 1 
iter: 4  mgc: 5.209166e-13 
iter: 1  mgc: 5.209166e-13 
outer mgc:  10.27161 
iter: 1  value: 31351.43 mgc: 0.8063364 ustep: 1 
iter: 2  value: 31351.43 mgc: 0.004294536 ustep: 1 
iter: 3  value: 31351.43 mgc: 3.409449e-07 ustep: 1 
iter: 4  mgc: 4.516387e-13 
iter: 1  mgc: 4.516387e-13 
outer mgc:  12.94618 
iter: 1  value: 31351.96 mgc: 0.7484303 ustep: 1 
iter: 2  value: 31351.96 mgc: 0.003962367 ustep: 1 
iter: 3  value: 31351.96 mgc: 3.020031e-07 ustep: 1 
iter: 4  mgc: 5.107026e-13 
iter: 1  mgc: 5.107026e-13 
outer mgc:  5.701116 
iter: 1  value: 31353.49 mgc: 0.6314808 ustep: 1 
iter: 2  value: 31353.49 mgc: 0.002598499 ustep: 1 
iter: 3  value: 31353.49 mgc: 9.463385e-08 ustep: 1 
iter: 4  mgc: 5.058176e-13 
iter: 1  mgc: 5.058176e-13 
outer mgc:  9.174077 
iter: 1  value: 31355.42 mgc: 0.6815127 ustep: 1 
iter: 2  value: 31355.42 mgc: 0.004944001 ustep: 1 
iter: 3  value: 31355.42 mgc: 6.002893e-07 ustep: 1 
iter: 4  mgc: 4.97824e-13 
iter: 1  mgc: 4.97824e-13 
outer mgc:  7.745046 
iter: 1  value: 31358.17 mgc: 1.196097 ustep: 1 
iter: 2  value: 31358.17 mgc: 0.007982963 ustep: 1 
iter: 3  value: 31358.17 mgc: 1.235222e-06 ustep: 1 
iter: 4  mgc: 3.279599e-13 
iter: 1  mgc: 3.279599e-13 
outer mgc:  5.597295 
iter: 1  value: 31361.26 mgc: 2.150985 ustep: 1 
iter: 2  value: 31361.26 mgc: 0.02765682 ustep: 1 
iter: 3  value: 31361.26 mgc: 1.276479e-05 ustep: 1 
iter: 4  mgc: 2.926215e-12 
iter: 1  mgc: 2.926215e-12 
outer mgc:  10.43144 
iter: 1  value: 31363.13 mgc: 1.61097 ustep: 1 
iter: 2  value: 31363.12 mgc: 0.02004858 ustep: 1 
iter: 3  value: 31363.12 mgc: 7.201094e-06 ustep: 1 
iter: 4  mgc: 1.091238e-12 
iter: 1  mgc: 1.091238e-12 
outer mgc:  12.70891 
iter: 1  value: 31365.95 mgc: 0.8726575 ustep: 1 
iter: 2  value: 31365.95 mgc: 0.00504621 ustep: 1 
iter: 3  value: 31365.95 mgc: 4.246349e-07 ustep: 1 
iter: 4  mgc: 2.220446e-13 
iter: 1  mgc: 2.220446e-13 
outer mgc:  12.61939 
iter: 1  value: 31368.75 mgc: 0.5883391 ustep: 1 
iter: 2  value: 31368.75 mgc: 0.003874522 ustep: 1 
iter: 3  value: 31368.75 mgc: 2.556014e-07 ustep: 1 
iter: 4  mgc: 1.403322e-13 
iter: 1  value: 31382.21 mgc: 1.475243 ustep: 1 
iter: 2  value: 31382.21 mgc: 0.03621602 ustep: 1 
iter: 3  value: 31382.21 mgc: 2.800215e-05 ustep: 1 
iter: 4  mgc: 1.69007e-11 
iter: 1  value: 31541.92 mgc: 5.621314 ustep: 1 
iter: 2  value: 31541.68 mgc: 0.6313959 ustep: 1 
iter: 3  value: 31541.68 mgc: 0.01835432 ustep: 1 
iter: 4  value: 31541.68 mgc: 1.778546e-05 ustep: 1 
iter: 5  mgc: 1.710854e-11 
iter: 1  mgc: 1.69007e-11 
outer mgc:  9.410259 
iter: 1  value: 31452.95 mgc: 5.185495 ustep: 1 
iter: 2  value: 31452.85 mgc: 0.4117524 ustep: 1 
iter: 3  value: 31452.85 mgc: 0.006321492 ustep: 1 
iter: 4  value: 31452.85 mgc: 1.488549e-06 ustep: 1 
iter: 5  mgc: 7.593925e-14 
iter: 1  value: 31392.89 mgc: 3.419554 ustep: 1 
iter: 2  value: 31392.88 mgc: 0.1282517 ustep: 1 
iter: 3  value: 31392.88 mgc: 0.0003477132 ustep: 1 
iter: 4  mgc: 4.375981e-09 
iter: 1  mgc: 4.375981e-09 
outer mgc:  47.40815 
iter: 1  value: 31397.2 mgc: 2.618161 ustep: 1 
iter: 2  value: 31397.19 mgc: 0.0559671 ustep: 1 
iter: 3  value: 31397.19 mgc: 6.252225e-05 ustep: 1 
iter: 4  mgc: 8.04774e-11 
iter: 1  mgc: 8.04774e-11 
outer mgc:  7.422798 
iter: 1  value: 31403.66 mgc: 1.456954 ustep: 1 
iter: 2  value: 31403.66 mgc: 0.03278637 ustep: 1 
iter: 3  value: 31403.66 mgc: 3.524958e-05 ustep: 1 
iter: 4  mgc: 4.089484e-11 
iter: 1  mgc: 4.089484e-11 
outer mgc:  24.77152 
iter: 1  value: 31396.44 mgc: 1.343534 ustep: 1 
iter: 2  value: 31396.44 mgc: 0.01919747 ustep: 1 
iter: 3  value: 31396.44 mgc: 4.516256e-06 ustep: 1 
iter: 4  mgc: 3.772538e-13 
iter: 1  mgc: 3.772538e-13 
outer mgc:  6.694579 
iter: 1  value: 31389.25 mgc: 0.8226539 ustep: 1 
iter: 2  value: 31389.25 mgc: 0.006525127 ustep: 1 
iter: 3  value: 31389.25 mgc: 8.478455e-07 ustep: 1 
iter: 4  mgc: 6.084022e-14 
iter: 1  mgc: 6.084022e-14 
outer mgc:  10.6484 
iter: 1  value: 31392.06 mgc: 0.6117962 ustep: 1 
iter: 2  value: 31392.06 mgc: 0.003813192 ustep: 1 
iter: 3  value: 31392.06 mgc: 2.929482e-07 ustep: 1 
iter: 4  mgc: 6.039613e-14 
iter: 1  mgc: 6.039613e-14 
outer mgc:  4.052662 
iter: 1  value: 31392.23 mgc: 1.10295 ustep: 1 
iter: 2  value: 31392.23 mgc: 0.01114617 ustep: 1 
iter: 3  value: 31392.23 mgc: 1.607806e-06 ustep: 1 
iter: 4  mgc: 1.012523e-13 
iter: 1  mgc: 1.012523e-13 
outer mgc:  15.83394 
iter: 1  value: 31386.04 mgc: 1.105646 ustep: 1 
iter: 2  value: 31386.04 mgc: 0.01250125 ustep: 1 
iter: 3  value: 31386.04 mgc: 1.851692e-06 ustep: 1 
iter: 4  mgc: 7.194245e-14 
iter: 1  mgc: 7.194245e-14 
outer mgc:  13.13117 
iter: 1  value: 31387.54 mgc: 1.208553 ustep: 1 
iter: 2  value: 31387.54 mgc: 0.02426872 ustep: 1 
iter: 3  value: 31387.54 mgc: 1.049313e-05 ustep: 1 
iter: 4  mgc: 3.034906e-12 
iter: 1  mgc: 3.034906e-12 
outer mgc:  6.761128 
iter: 1  value: 31382.94 mgc: 1.333761 ustep: 1 
iter: 2  value: 31382.94 mgc: 0.01037117 ustep: 1 
iter: 3  value: 31382.94 mgc: 1.156635e-06 ustep: 1 
iter: 4  mgc: 4.218847e-14 
iter: 1  value: 31386.94 mgc: 0.5499352 ustep: 1 
iter: 2  value: 31386.94 mgc: 0.005201278 ustep: 1 
iter: 3  value: 31386.94 mgc: 6.319929e-07 ustep: 1 
iter: 4  mgc: 6.061818e-14 
iter: 1  mgc: 6.061818e-14 
outer mgc:  3.676993 
iter: 1  value: 31384.26 mgc: 0.3529714 ustep: 1 
iter: 2  value: 31384.26 mgc: 0.00176022 ustep: 1 
iter: 3  value: 31384.26 mgc: 9.892986e-08 ustep: 1 
iter: 4  mgc: 6.827872e-14 
iter: 1  mgc: 6.827872e-14 
outer mgc:  3.2997 
iter: 1  value: 31383.37 mgc: 0.4629 ustep: 1 
iter: 2  value: 31383.37 mgc: 0.001709242 ustep: 1 
iter: 3  value: 31383.37 mgc: 4.823825e-08 ustep: 1 
mgc: 5.950795e-14 
iter: 1  mgc: 5.950795e-14 
outer mgc:  6.352624 
iter: 1  value: 31380.9 mgc: 0.5309367 ustep: 1 
iter: 2  value: 31380.9 mgc: 0.002933233 ustep: 1 
iter: 3  value: 31380.9 mgc: 1.756349e-07 ustep: 1 
iter: 4  mgc: 7.760459e-14 
iter: 1  mgc: 7.760459e-14 
outer mgc:  8.517782 
iter: 1  value: 31380.53 mgc: 0.5397713 ustep: 1 
iter: 2  value: 31380.53 mgc: 0.002609682 ustep: 1 
iter: 3  value: 31380.53 mgc: 1.052126e-07 ustep: 1 
iter: 4  mgc: 5.240253e-14 
iter: 1  mgc: 5.240253e-14 
outer mgc:  4.283179 
iter: 1  value: 31378.48 mgc: 0.3540193 ustep: 1 
iter: 2  value: 31378.48 mgc: 0.001805816 ustep: 1 
iter: 3  value: 31378.48 mgc: 6.264162e-08 ustep: 1 
mgc: 5.417888e-14 
iter: 1  mgc: 5.417888e-14 
outer mgc:  2.950018 
iter: 1  value: 31377.19 mgc: 0.226317 ustep: 1 
iter: 2  value: 31377.19 mgc: 0.001154416 ustep: 1 
iter: 3  value: 31377.19 mgc: 3.180276e-08 ustep: 1 
iter: 4  mgc: 5.417888e-14 
iter: 1  mgc: 5.417888e-14 
outer mgc:  5.533634 
iter: 1  value: 31376.42 mgc: 0.4115516 ustep: 1 
iter: 2  value: 31376.42 mgc: 0.002657912 ustep: 1 
iter: 3  value: 31376.42 mgc: 1.072286e-07 ustep: 1 
iter: 4  mgc: 4.72955e-14 
iter: 1  mgc: 4.72955e-14 
outer mgc:  4.817161 
iter: 1  value: 31374.43 mgc: 0.2730562 ustep: 1 
iter: 2  value: 31374.43 mgc: 0.0009897936 ustep: 1 
iter: 3  value: 31374.43 mgc: 3.453209e-08 ustep: 1 
mgc: 4.72955e-14 
iter: 1  mgc: 4.72955e-14 
outer mgc:  1.966112 
iter: 1  value: 31373.08 mgc: 0.4449101 ustep: 1 
iter: 2  value: 31373.08 mgc: 0.001423726 ustep: 1 
iter: 3  value: 31373.08 mgc: 1.719592e-08 ustep: 1 
mgc: 4.773959e-14 
iter: 1  mgc: 4.773959e-14 
outer mgc:  4.956721 
iter: 1  value: 31372.13 mgc: 0.3517353 ustep: 1 
iter: 2  value: 31372.13 mgc: 0.001035067 ustep: 1 
iter: 3  value: 31372.13 mgc: 3.695185e-08 ustep: 1 
mgc: 5.084821e-14 
iter: 1  mgc: 5.084821e-14 
outer mgc:  3.998123 
iter: 1  value: 31370.85 mgc: 0.4738147 ustep: 1 
iter: 2  value: 31370.85 mgc: 0.002147012 ustep: 1 
iter: 3  value: 31370.85 mgc: 8.878421e-08 ustep: 1 
iter: 4  mgc: 5.440093e-14 
iter: 1  mgc: 5.440093e-14 
outer mgc:  7.467848 
iter: 1  value: 31369.92 mgc: 0.4189609 ustep: 1 
iter: 2  value: 31369.92 mgc: 0.001655904 ustep: 1 
iter: 3  value: 31369.92 mgc: 5.419106e-08 ustep: 1 
iter: 4  mgc: 4.973799e-14 
iter: 1  mgc: 4.973799e-14 
outer mgc:  2.041534 
iter: 1  value: 31369.38 mgc: 0.3677473 ustep: 1 
iter: 2  value: 31369.38 mgc: 0.00115415 ustep: 1 
iter: 3  value: 31369.38 mgc: 2.387304e-08 ustep: 1 
mgc: 4.862777e-14 
iter: 1  mgc: 4.862777e-14 
outer mgc:  3.717932 
iter: 1  value: 31368.68 mgc: 0.1828528 ustep: 1 
iter: 2  value: 31368.68 mgc: 0.0004514014 ustep: 1 
iter: 3  mgc: 6.784957e-09 
iter: 1  mgc: 6.784957e-09 
outer mgc:  0.7125387 
iter: 1  value: 31367.52 mgc: 0.2253991 ustep: 1 
iter: 2  value: 31367.52 mgc: 0.0006967726 ustep: 1 
iter: 3  mgc: 9.416027e-09 
iter: 1  value: 31368.25 mgc: 0.0795994 ustep: 1 
iter: 2  value: 31368.25 mgc: 8.7925e-05 ustep: 1 
iter: 3  mgc: 1.504068e-10 
iter: 1  mgc: 1.504068e-10 
outer mgc:  1.092567 
iter: 1  value: 31367.96 mgc: 0.08969839 ustep: 1 
iter: 2  value: 31367.96 mgc: 6.036679e-05 ustep: 1 
iter: 3  mgc: 4.100986e-11 
iter: 1  mgc: 4.100986e-11 
outer mgc:  1.044252 
iter: 1  value: 31367.19 mgc: 0.09547122 ustep: 1 
iter: 2  value: 31367.19 mgc: 0.0001678666 ustep: 1 
iter: 3  mgc: 9.975905e-10 
iter: 1  value: 31366.45 mgc: 0.07144582 ustep: 1 
iter: 2  value: 31366.45 mgc: 0.0001682296 ustep: 1 
iter: 3  mgc: 1.071239e-09 
iter: 1  mgc: 1.071239e-09 
outer mgc:  1.029399 
iter: 1  value: 31365.75 mgc: 0.1994219 ustep: 1 
iter: 2  value: 31365.75 mgc: 0.000545704 ustep: 1 
iter: 3  value: 31365.75 mgc: 1.072069e-08 ustep: 1 
mgc: 4.146683e-14 
iter: 1  mgc: 4.146683e-14 
outer mgc:  0.6637125 
iter: 1  value: 31364.66 mgc: 0.1362404 ustep: 1 
iter: 2  value: 31364.66 mgc: 0.0002520386 ustep: 1 
iter: 3  mgc: 1.839236e-09 
iter: 1  mgc: 1.839236e-09 
outer mgc:  1.853566 
iter: 1  value: 31362.92 mgc: 0.1706344 ustep: 1 
iter: 2  value: 31362.92 mgc: 0.0006479434 ustep: 1 
iter: 3  value: 31362.92 mgc: 1.505682e-08 ustep: 1 
mgc: 4.52971e-14 
iter: 1  mgc: 4.52971e-14 
outer mgc:  1.569274 
iter: 1  value: 31362.3 mgc: 0.1350946 ustep: 1 
iter: 2  value: 31362.3 mgc: 0.0002942314 ustep: 1 
iter: 3  mgc: 3.037994e-09 
iter: 1  mgc: 3.037994e-09 
outer mgc:  1.150456 
iter: 1  value: 31361.55 mgc: 0.1372776 ustep: 1 
iter: 2  value: 31361.55 mgc: 0.0001765926 ustep: 1 
iter: 3  mgc: 7.005099e-10 
iter: 1  mgc: 7.005099e-10 
outer mgc:  0.7687222 
iter: 1  value: 31361.53 mgc: 0.1178972 ustep: 1 
iter: 2  value: 31361.53 mgc: 0.0001747122 ustep: 1 
iter: 3  mgc: 6.171197e-10 
iter: 1  mgc: 6.171197e-10 
outer mgc:  0.8662622 
iter: 1  value: 31361.56 mgc: 0.07736719 ustep: 1 
iter: 2  value: 31361.56 mgc: 4.976926e-05 ustep: 1 
iter: 3  mgc: 9.035617e-11 
iter: 1  mgc: 9.035617e-11 
outer mgc:  0.4339261 
iter: 1  value: 31361.32 mgc: 0.07253401 ustep: 1 
iter: 2  value: 31361.32 mgc: 9.53114e-05 ustep: 1 
iter: 3  mgc: 1.942233e-10 
iter: 1  mgc: 1.942233e-10 
outer mgc:  0.3456473 
iter: 1  value: 31360.94 mgc: 0.07107892 ustep: 1 
iter: 2  value: 31360.94 mgc: 2.916345e-05 ustep: 1 
iter: 3  mgc: 1.367795e-11 
iter: 1  value: 31361.17 mgc: 0.03300702 ustep: 1 
iter: 2  value: 31361.17 mgc: 6.559071e-06 ustep: 1 
iter: 3  mgc: 1.024958e-12 
iter: 1  mgc: 1.024958e-12 
outer mgc:  0.2266861 
iter: 1  value: 31361.12 mgc: 0.02077473 ustep: 1 
iter: 2  value: 31361.12 mgc: 1.275973e-05 ustep: 1 
iter: 3  mgc: 5.957013e-12 
iter: 1  mgc: 5.957013e-12 
outer mgc:  0.1828004 
iter: 1  value: 31361.07 mgc: 0.03002583 ustep: 1 
iter: 2  value: 31361.07 mgc: 1.312019e-05 ustep: 1 
iter: 3  mgc: 3.277378e-12 
iter: 1  value: 31361.12 mgc: 0.0198618 ustep: 1 
iter: 2  value: 31361.12 mgc: 7.641944e-06 ustep: 1 
iter: 3  mgc: 1.080025e-12 
iter: 1  value: 31361.12 mgc: 0.009315407 ustep: 1 
iter: 2  value: 31361.12 mgc: 1.791614e-06 ustep: 1 
iter: 3  mgc: 5.506706e-14 
iter: 1  mgc: 5.506706e-14 
outer mgc:  0.1880192 
iter: 1  value: 31361.11 mgc: 0.01367778 ustep: 1 
iter: 2  value: 31361.11 mgc: 1.83103e-06 ustep: 1 
iter: 3  mgc: 6.594725e-14 
iter: 1  mgc: 6.594725e-14 
outer mgc:  0.1530212 
iter: 1  value: 31361.1 mgc: 0.00821515 ustep: 1 
iter: 2  value: 31361.1 mgc: 8.052473e-07 ustep: 1 
iter: 3  mgc: 4.396483e-14 
iter: 1  mgc: 4.396483e-14 
outer mgc:  0.05783506 
iter: 1  value: 31361.08 mgc: 0.005331862 ustep: 1 
iter: 2  value: 31361.08 mgc: 5.833937e-07 ustep: 1 
iter: 3  mgc: 4.241052e-14 
iter: 1  mgc: 4.241052e-14 
outer mgc:  0.03584349 
iter: 1  value: 31361.04 mgc: 0.004682009 ustep: 1 
iter: 2  value: 31361.04 mgc: 4.915902e-07 ustep: 1 
iter: 3  mgc: 4.563017e-14 
iter: 1  mgc: 4.563017e-14 
outer mgc:  0.07267717 
iter: 1  value: 31361.01 mgc: 0.004088287 ustep: 1 
iter: 2  value: 31361.01 mgc: 3.009577e-07 ustep: 1 
iter: 3  mgc: 5.950795e-14 
iter: 1  mgc: 5.950795e-14 
outer mgc:  0.05410273 
iter: 1  value: 31360.98 mgc: 0.006303548 ustep: 1 
iter: 2  value: 31360.98 mgc: 1.157008e-06 ustep: 1 
iter: 3  mgc: 5.57332e-14 
iter: 1  value: 31361 mgc: 0.004361474 ustep: 1 
iter: 2  value: 31361 mgc: 1.998249e-07 ustep: 1 
iter: 3  mgc: 4.884981e-14 
iter: 1  mgc: 4.884981e-14 
outer mgc:  0.06384091 
iter: 1  value: 31360.99 mgc: 0.004349445 ustep: 1 
iter: 2  value: 31360.99 mgc: 2.161838e-07 ustep: 1 
iter: 3  mgc: 4.92939e-14 
iter: 1  mgc: 4.92939e-14 
outer mgc:  0.01941854 
iter: 1  value: 31360.98 mgc: 0.002735079 ustep: 1 
iter: 2  value: 31360.98 mgc: 1.055989e-07 ustep: 1 
iter: 3  mgc: 4.796163e-14 
iter: 1  value: 31360.99 mgc: 0.002453332 ustep: 1 
iter: 2  value: 31360.99 mgc: 5.293723e-08 ustep: 1 
iter: 3  mgc: 5.018208e-14 
iter: 1  value: 31360.99 mgc: 0.00169548 ustep: 1 
iter: 2  value: 31360.99 mgc: 3.25852e-08 ustep: 1 
iter: 3  mgc: 4.496403e-14 
iter: 1  mgc: 4.496403e-14 
outer mgc:  0.02656174 
iter: 1  value: 31360.99 mgc: 0.001108067 ustep: 1 
iter: 2  value: 31360.99 mgc: 1.410467e-08 ustep: 1 
mgc: 4.440892e-14 
iter: 1  mgc: 4.440892e-14 
outer mgc:  0.004272986 
iter: 1  value: 31360.99 mgc: 0.0007505566 ustep: 1 
iter: 2  mgc: 4.05367e-09 
iter: 1  mgc: 4.05367e-09 
outer mgc:  0.01566485 
iter: 1  mgc: 4.05367e-09 
iter: 1  mgc: 4.05367e-09 
outer mgc:  0.01566485 
iter: 1  value: 31360.98 mgc: 0.005852933 ustep: 1 
iter: 2  value: 31360.98 mgc: 7.99779e-07 ustep: 1 
iter: 3  mgc: 4.618528e-14 
outer mgc:  0.2508819 
iter: 1  value: 31360.99 mgc: 0.005845521 ustep: 1 
iter: 2  value: 31360.99 mgc: 7.987479e-07 ustep: 1 
iter: 3  mgc: 5.950795e-14 
outer mgc:  0.2461549 
iter: 1  value: 31360.98 mgc: 0.001845229 ustep: 1 
iter: 2  value: 31360.98 mgc: 9.574392e-08 ustep: 1 
iter: 3  mgc: 6.350476e-14 
outer mgc:  0.09350987 
iter: 1  value: 31360.99 mgc: 0.001843528 ustep: 1 
iter: 2  value: 31360.99 mgc: 9.559356e-08 ustep: 1 
iter: 3  mgc: 4.72955e-14 
outer mgc:  0.09253893 
iter: 1  value: 31360.98 mgc: 0.01266431 ustep: 1 
iter: 2  value: 31360.98 mgc: 3.475145e-06 ustep: 1 
iter: 3  mgc: 2.469136e-13 
outer mgc:  0.2864795 
iter: 1  value: 31360.99 mgc: 0.01265044 ustep: 1 
iter: 2  value: 31360.99 mgc: 3.478739e-06 ustep: 1 
iter: 3  mgc: 2.575717e-13 
outer mgc:  0.2872148 
iter: 1  value: 31360.98 mgc: 0.004121037 ustep: 1 
iter: 2  value: 31360.98 mgc: 4.460151e-07 ustep: 1 
iter: 3  mgc: 6.528111e-14 
outer mgc:  0.1763672 
iter: 1  value: 31360.99 mgc: 0.004116483 ustep: 1 
iter: 2  value: 31360.99 mgc: 4.454333e-07 ustep: 1 
iter: 3  mgc: 4.307665e-14 
outer mgc:  0.1752825 
iter: 1  value: 31360.98 mgc: 0.01093741 ustep: 1 
iter: 2  value: 31360.98 mgc: 3.610932e-06 ustep: 1 
iter: 3  mgc: 3.939071e-13 
outer mgc:  0.2295945 
iter: 1  value: 31360.99 mgc: 0.01092453 ustep: 1 
iter: 2  value: 31360.99 mgc: 3.614095e-06 ustep: 1 
iter: 3  mgc: 3.965717e-13 
outer mgc:  0.2226138 
iter: 1  value: 31360.98 mgc: 0.004761681 ustep: 1 
iter: 2  value: 31360.98 mgc: 7.815277e-07 ustep: 1 
iter: 3  mgc: 5.417888e-14 
outer mgc:  0.1637429 
iter: 1  value: 31360.99 mgc: 0.004757325 ustep: 1 
iter: 2  value: 31360.99 mgc: 7.809308e-07 ustep: 1 
iter: 3  mgc: 4.851675e-14 
outer mgc:  0.155644 
iter: 1  value: 31360.98 mgc: 0.01251827 ustep: 1 
iter: 2  value: 31360.98 mgc: 3.12648e-06 ustep: 1 
iter: 3  mgc: 1.936229e-13 
outer mgc:  0.3212816 
iter: 1  value: 31360.99 mgc: 0.01250331 ustep: 1 
iter: 2  value: 31360.99 mgc: 3.129058e-06 ustep: 1 
iter: 3  mgc: 2.025047e-13 
outer mgc:  0.3148733 
iter: 1  value: 31360.98 mgc: 0.005803108 ustep: 1 
iter: 2  value: 31360.98 mgc: 6.907936e-07 ustep: 1 
iter: 3  mgc: 4.52971e-14 
outer mgc:  0.2075295 
iter: 1  value: 31360.99 mgc: 0.005795383 ustep: 1 
iter: 2  value: 31360.99 mgc: 6.901135e-07 ustep: 1 
iter: 3  mgc: 6.57252e-14 
outer mgc:  0.2015194 
iter: 1  value: 31360.99 mgc: 0.02320686 ustep: 1 
iter: 2  value: 31360.99 mgc: 4.538143e-06 ustep: 1 
iter: 3  mgc: 3.537171e-13 
outer mgc:  0.2835334 
iter: 1  value: 31360.98 mgc: 0.02320614 ustep: 1 
iter: 2  value: 31360.98 mgc: 4.546291e-06 ustep: 1 
iter: 3  mgc: 3.645972e-13 
outer mgc:  0.2833917 
iter: 1  value: 31360.99 mgc: 0.01137555 ustep: 1 
iter: 2  value: 31360.99 mgc: 1.700518e-06 ustep: 1 
iter: 3  mgc: 7.527312e-14 
outer mgc:  0.4946863 
iter: 1  value: 31360.98 mgc: 0.01137369 ustep: 1 
iter: 2  value: 31360.98 mgc: 1.702175e-06 ustep: 1 
iter: 3  mgc: 6.439294e-14 
outer mgc:  0.4874727 
iter: 1  value: 31360.99 mgc: 0.02280585 ustep: 1 
iter: 2  value: 31360.99 mgc: 4.484119e-06 ustep: 1 
iter: 3  mgc: 3.275158e-13 
outer mgc:  0.3313392 
iter: 1  value: 31360.98 mgc: 0.02280746 ustep: 1 
iter: 2  value: 31360.98 mgc: 4.490458e-06 ustep: 1 
iter: 3  mgc: 3.370637e-13 
outer mgc:  0.3495967 
iter: 1  value: 31360.99 mgc: 0.01108 ustep: 1 
iter: 2  value: 31360.99 mgc: 1.239068e-06 ustep: 1 
iter: 3  mgc: 5.861978e-14 
outer mgc:  0.4836126 
iter: 1  value: 31360.98 mgc: 0.01108132 ustep: 1 
iter: 2  value: 31360.98 mgc: 1.240474e-06 ustep: 1 
iter: 3  mgc: 5.151435e-14 
outer mgc:  0.5149042 
iter: 1  value: 31361.02 mgc: 0.005680162 ustep: 1 
iter: 2  value: 31361.02 mgc: 7.879413e-07 ustep: 1 
iter: 3  mgc: 3.819167e-14 
outer mgc:  0.01539001 
iter: 1  value: 31360.95 mgc: 0.00568585 ustep: 1 
iter: 2  value: 31360.95 mgc: 7.872484e-07 ustep: 1 
iter: 3  mgc: 5.484502e-14 
outer mgc:  0.01593964 
iter: 1  value: 31361.01 mgc: 0.005528285 ustep: 1 
iter: 2  value: 31361.01 mgc: 4.954339e-07 ustep: 1 
iter: 3  mgc: 5.750955e-14 
outer mgc:  0.01649266 
iter: 1  value: 31360.96 mgc: 0.005533819 ustep: 1 
iter: 2  value: 31360.96 mgc: 4.95698e-07 ustep: 1 
iter: 3  mgc: 5.861978e-14 
outer mgc:  0.01483673 
iter: 1  value: 31361.01 mgc: 0.00351545 ustep: 1 
iter: 2  value: 31361.01 mgc: 3.443254e-07 ustep: 1 
iter: 3  mgc: 4.507505e-14 
outer mgc:  0.01635105 
iter: 1  value: 31360.97 mgc: 0.003518968 ustep: 1 
iter: 2  value: 31360.97 mgc: 3.445108e-07 ustep: 1 
iter: 3  mgc: 5.284662e-14 
outer mgc:  0.01611204 
iter: 1  value: 31361.02 mgc: 0.008354466 ustep: 1 
iter: 2  value: 31361.02 mgc: 9.701043e-07 ustep: 1 
iter: 3  mgc: 6.261658e-14 
outer mgc:  0.0168989 
iter: 1  value: 31360.96 mgc: 0.008362823 ustep: 1 
iter: 2  value: 31360.96 mgc: 9.703223e-07 ustep: 1 
iter: 3  mgc: 4.707346e-14 
outer mgc:  0.01443071 
iter: 1  value: 31361 mgc: 0.004176199 ustep: 1 
iter: 2  value: 31361 mgc: 2.842017e-07 ustep: 1 
iter: 3  mgc: 5.062617e-14 
outer mgc:  0.0276735 
iter: 1  value: 31360.97 mgc: 0.004180375 ustep: 1 
iter: 2  value: 31360.97 mgc: 2.844143e-07 ustep: 1 
iter: 3  mgc: 6.528111e-14 
outer mgc:  0.02828499 
iter: 1  value: 31361 mgc: 0.004316497 ustep: 1 
iter: 2  value: 31361 mgc: 2.739778e-07 ustep: 1 
iter: 3  mgc: 4.618528e-14 
outer mgc:  0.02430569 
iter: 1  value: 31360.97 mgc: 0.004320813 ustep: 1 
iter: 2  value: 31360.97 mgc: 2.741538e-07 ustep: 1 
iter: 3  mgc: 4.840572e-14 
outer mgc:  0.02600738 
iter: 1  value: 31360.94 mgc: 0.002924525 ustep: 1 
iter: 2  value: 31360.94 mgc: 2.562365e-07 ustep: 1 
iter: 3  mgc: 5.284662e-14 
outer mgc:  0.03865309 
iter: 1  value: 31361.03 mgc: 0.002923981 ustep: 1 
iter: 2  value: 31361.03 mgc: 2.56218e-07 ustep: 1 
iter: 3  mgc: 4.751755e-14 
outer mgc:  0.04019198 
iter: 1  value: 31360.96 mgc: 0.004102398 ustep: 1 
iter: 2  value: 31360.96 mgc: 1.552125e-07 ustep: 1 
iter: 3  mgc: 5.018208e-14 
outer mgc:  0.06309705 
iter: 1  value: 31361.02 mgc: 0.004101934 ustep: 1 
iter: 2  value: 31361.02 mgc: 1.550165e-07 ustep: 1 
iter: 3  mgc: 5.151435e-14 
outer mgc:  0.06312994 
[Sat Aug 14 11:51:12 2021]
Finished job 0.
1 of 1 steps (100%) done
