Building DAG of jobs...
Using shell: /usr/bin/bash
Provided cores: 1 (use --cores to define parallelism)
Rules claiming more threads will be scaled down.
Job counts:
	count	jobs
	1	inference_simulation_TMB_multiple
	1

[Mon Aug 16 03:51:48 2021]
rule inference_simulation_TMB_multiple:
    input: ../data/assessing_models_simulation/datasets/multiple_GenerationJnorm2_20_100_80_6_0.4_NA_NA_NA_dataset1.RDS
    output: ../data/assessing_models_simulation/inference_results/TMB/nlminb/multiple_GenerationJnorm2_20_100_80_6_0.4_fullREM_NA_NA_NA_dataset1.RDS
    log: logs/inference/nlminb/simulation_GenerationJnorm2_20_100_80_6_0.4_ModelfullREM_NA_NA_NA_dataset1.log
    jobid: 0
    wildcards: optimiser=nlminb, datasetgeneration=GenerationJnorm2, n=20, nlambda=100, lmbda=80, d=6, beta_intensity=0.4, model=fullREM, fixed_beta_intercept=NA, fixed_beta_slope=NA, sdRE_input=NA, itnum=1

Rscript 2_inference_TMB/run_TMB.R --input ../data/assessing_models_simulation/datasets/multiple_GenerationJnorm2_20_100_80_6_0.4_NA_NA_NA_dataset1.RDS --output ../data/assessing_models_simulation/inference_results/TMB/nlminb/multiple_GenerationJnorm2_20_100_80_6_0.4_fullREM_NA_NA_NA_dataset1.RDS --model fullREM --optimiser nlminb
Model: fullREM 
Feature type: signatures 
Using nlminb: TRUE 
Simulation boolean: TRUE 
make: Nothing to be done for 'all'.
../data/assessing_models_simulation/datasets/multiple_GenerationJnorm2_20_100_80_6_0.4_NA_NA_NA_dataset1.RDS[1] "../data/assessing_models_simulation/datasets/multiple_GenerationJnorm2_20_100_80_6_0.4_NA_NA_NA_dataset1.RDS"
Reading file ../data/assessing_models_simulation/datasets/multiple_GenerationJnorm2_20_100_80_6_0.4_NA_NA_NA_dataset1.RDS 
Loading required package: nnet
# weights:  18 (10 variable)
initial  value 7270.959926 
iter  10 value 6939.533522
final  value 6935.538634 
converged
Order of parameters:
[1] "beta"       "u_large"    "logs_sd_RE" "cov_par_RE"
Not matching template order:
[1] "beta"       "u_large"    "cov_par_RE" "logs_sd_RE"
Your parameter list has been re-ordered.
(Disable this warning with checkParameterOrder=FALSE)
Constructing atomic invpd
Constructing atomic D_lgamma
Constructing atomic invpd
Constructing atomic D_lgamma
Constructing atomic matmul
Constructing atomic invpd
Constructing atomic D_lgamma
Constructing atomic matmul
Optimizing tape... Done
iter: 1  value: 1006.998 mgc: 71.11889 ustep: 1 
iter: 2  value: 900.3123 mgc: 43.89862 ustep: 1 
iter: 3  value: 898.7905 mgc: 5.705334 ustep: 1 
iter: 4  value: 898.7883 mgc: 0.1588426 ustep: 1 
iter: 5  value: 898.7883 mgc: 0.001301573 ustep: 1 
iter: 6  value: 898.7883 mgc: 8.940014e-08 ustep: 1 
iter: 7  mgc: 1.865175e-14 
iter: 1  mgc: 1.865175e-14 
Matching hessian patterns... Done
outer mgc:  221.938 
iter: 1  value: 714.0091 mgc: 24.07846 ustep: 1 
iter: 2  value: 713.2982 mgc: 1.786782 ustep: 1 
iter: 3  value: 713.2981 mgc: 0.02575848 ustep: 1 
iter: 4  value: 713.2981 mgc: 1.051604e-05 ustep: 1 
iter: 5  mgc: 3.416212e-12 
iter: 1  mgc: 3.416212e-12 
outer mgc:  95.03152 
iter: 1  value: 673.4869 mgc: 25.39656 ustep: 1 
iter: 2  value: 672.3024 mgc: 2.2171 ustep: 1 
iter: 3  value: 672.3019 mgc: 0.05589482 ustep: 1 
iter: 4  value: 672.3019 mgc: 8.869387e-05 ustep: 1 
iter: 5  mgc: 2.242901e-10 
iter: 1  mgc: 2.242901e-10 
outer mgc:  33.45137 
iter: 1  value: 640.9002 mgc: 19.29768 ustep: 1 
iter: 2  value: 639.4083 mgc: 2.913791 ustep: 1 
iter: 3  value: 639.4076 mgc: 0.09151863 ustep: 1 
iter: 4  value: 639.4076 mgc: 0.0001311873 ustep: 1 
iter: 5  mgc: 2.717075e-10 
iter: 1  mgc: 2.717075e-10 
outer mgc:  46.10113 
iter: 1  value: 615.6084 mgc: 11.85537 ustep: 1 
iter: 2  value: 615.5607 mgc: 0.5393008 ustep: 1 
iter: 3  value: 615.5607 mgc: 0.002146404 ustep: 1 
iter: 4  value: 615.5607 mgc: 5.689937e-08 ustep: 1 
mgc: 3.019807e-14 
iter: 1  mgc: 3.019807e-14 
outer mgc:  32.28047 
iter: 1  value: 604.7154 mgc: 38.33605 ustep: 1 
iter: 2  value: 601.6155 mgc: 3.945135 ustep: 1 
iter: 3  value: 601.6142 mgc: 0.1516754 ustep: 1 
iter: 4  value: 601.6142 mgc: 0.0002748782 ustep: 1 
iter: 5  mgc: 9.049042e-10 
iter: 1  mgc: 9.049042e-10 
outer mgc:  42.70083 
iter: 1  value: 598.4425 mgc: 11.53232 ustep: 1 
iter: 2  value: 598.3978 mgc: 0.4486747 ustep: 1 
iter: 3  value: 598.3978 mgc: 0.001467767 ustep: 1 
iter: 4  value: 598.3978 mgc: 2.622599e-08 ustep: 1 
mgc: 3.796963e-14 
iter: 1  mgc: 3.796963e-14 
outer mgc:  51.03636 
iter: 1  value: 576.5273 mgc: 14.39764 ustep: 1 
iter: 2  value: 576.4206 mgc: 0.7809151 ustep: 1 
iter: 3  value: 576.4206 mgc: 0.00383347 ustep: 1 
iter: 4  value: 576.4206 mgc: 1.383357e-07 ustep: 1 
iter: 5  mgc: 2.220446e-14 
iter: 1  mgc: 2.220446e-14 
outer mgc:  9.806435 
iter: 1  value: 578.2565 mgc: 8.632244 ustep: 1 
iter: 2  value: 578.2153 mgc: 0.4035268 ustep: 1 
iter: 3  value: 578.2153 mgc: 0.0008630595 ustep: 1 
iter: 4  value: 578.2153 mgc: 1.083589e-08 ustep: 1 
mgc: 2.930989e-14 
iter: 1  value: 573.9691 mgc: 4.007737 ustep: 1 
iter: 2  value: 573.9675 mgc: 0.08631556 ustep: 1 
iter: 3  value: 573.9675 mgc: 4.295675e-05 ustep: 1 
iter: 4  mgc: 3.15401e-11 
iter: 1  mgc: 3.15401e-11 
outer mgc:  13.71386 
iter: 1  value: 572.2989 mgc: 7.39553 ustep: 1 
iter: 2  value: 572.2957 mgc: 0.1241748 ustep: 1 
iter: 3  value: 572.2957 mgc: 7.915712e-05 ustep: 1 
iter: 4  mgc: 3.824541e-11 
iter: 1  mgc: 3.824541e-11 
outer mgc:  19.20282 
iter: 1  value: 568.7429 mgc: 5.776667 ustep: 1 
iter: 2  value: 568.7425 mgc: 0.04785909 ustep: 1 
iter: 3  value: 568.7425 mgc: 1.016918e-05 ustep: 1 
iter: 4  mgc: 3.68372e-13 
iter: 1  mgc: 3.68372e-13 
outer mgc:  5.992472 
iter: 1  value: 566.3156 mgc: 4.173354 ustep: 1 
iter: 2  value: 566.3152 mgc: 0.04158792 ustep: 1 
iter: 3  value: 566.3152 mgc: 1.153552e-05 ustep: 1 
iter: 4  mgc: 2.296829e-12 
iter: 1  mgc: 2.296829e-12 
outer mgc:  10.97768 
iter: 1  value: 563.3423 mgc: 4.418699 ustep: 1 
iter: 2  value: 563.3422 mgc: 0.02568892 ustep: 1 
iter: 3  value: 563.3422 mgc: 4.087035e-06 ustep: 1 
iter: 4  mgc: 5.084821e-14 
iter: 1  mgc: 5.084821e-14 
outer mgc:  5.537612 
iter: 1  value: 560.1459 mgc: 6.056583 ustep: 1 
iter: 2  value: 560.1447 mgc: 0.08185256 ustep: 1 
iter: 3  value: 560.1447 mgc: 5.196732e-05 ustep: 1 
iter: 4  mgc: 4.801898e-11 
iter: 1  mgc: 4.801898e-11 
outer mgc:  21.01255 
iter: 1  value: 555.1827 mgc: 5.803993 ustep: 1 
iter: 2  value: 555.1802 mgc: 0.1389788 ustep: 1 
iter: 3  value: 555.1802 mgc: 0.0001389794 ustep: 1 
iter: 4  mgc: 1.225726e-10 
iter: 1  mgc: 1.225726e-10 
outer mgc:  13.98427 
iter: 1  value: 554.9222 mgc: 8.354405 ustep: 1 
iter: 2  value: 554.9132 mgc: 0.1929265 ustep: 1 
iter: 3  value: 554.9132 mgc: 0.0002673618 ustep: 1 
iter: 4  mgc: 5.414869e-10 
iter: 1  value: 553.6546 mgc: 5.887646 ustep: 1 
iter: 2  value: 553.6528 mgc: 0.1065561 ustep: 1 
iter: 3  value: 553.6528 mgc: 5.103075e-05 ustep: 1 
iter: 4  mgc: 1.61785e-11 
iter: 1  mgc: 1.61785e-11 
outer mgc:  12.12225 
iter: 1  value: 551.7258 mgc: 2.868144 ustep: 1 
iter: 2  value: 551.7258 mgc: 0.02532641 ustep: 1 
iter: 3  value: 551.7258 mgc: 2.473951e-06 ustep: 1 
iter: 4  mgc: 3.508305e-14 
iter: 1  mgc: 3.508305e-14 
outer mgc:  5.070017 
iter: 1  value: 550.4075 mgc: 4.529575 ustep: 1 
iter: 2  value: 550.4073 mgc: 0.03460871 ustep: 1 
iter: 3  value: 550.4073 mgc: 6.263419e-06 ustep: 1 
iter: 4  mgc: 1.385558e-13 
iter: 1  mgc: 1.385558e-13 
outer mgc:  8.546909 
iter: 1  value: 548.7966 mgc: 3.504286 ustep: 1 
iter: 2  value: 548.7965 mgc: 0.03240902 ustep: 1 
iter: 3  value: 548.7965 mgc: 6.247396e-06 ustep: 1 
iter: 4  mgc: 2.229328e-13 
iter: 1  mgc: 2.229328e-13 
outer mgc:  4.768042 
iter: 1  value: 546.871 mgc: 1.859112 ustep: 1 
iter: 2  value: 546.871 mgc: 0.01594737 ustep: 1 
iter: 3  value: 546.871 mgc: 2.09785e-06 ustep: 1 
iter: 4  mgc: 4.52971e-14 
iter: 1  mgc: 4.52971e-14 
outer mgc:  5.278393 
iter: 1  value: 545.8191 mgc: 2.646114 ustep: 1 
iter: 2  value: 545.819 mgc: 0.02301905 ustep: 1 
iter: 3  value: 545.819 mgc: 2.883618e-06 ustep: 1 
iter: 4  mgc: 3.996803e-14 
iter: 1  mgc: 3.996803e-14 
outer mgc:  9.868753 
iter: 1  value: 544.4861 mgc: 2.980484 ustep: 1 
iter: 2  value: 544.486 mgc: 0.0368753 ustep: 1 
iter: 3  value: 544.486 mgc: 5.424671e-06 ustep: 1 
iter: 4  mgc: 1.518785e-13 
iter: 1  mgc: 1.518785e-13 
outer mgc:  2.988949 
iter: 1  value: 543.2199 mgc: 2.487188 ustep: 1 
iter: 2  value: 543.2198 mgc: 0.02265876 ustep: 1 
iter: 3  value: 543.2198 mgc: 4.909698e-06 ustep: 1 
iter: 4  mgc: 2.424727e-13 
iter: 1  mgc: 2.424727e-13 
outer mgc:  5.50119 
iter: 1  value: 541.6998 mgc: 3.658482 ustep: 1 
iter: 2  value: 541.6997 mgc: 0.03231221 ustep: 1 
iter: 3  value: 541.6997 mgc: 4.47978e-06 ustep: 1 
iter: 4  mgc: 1.305622e-13 
iter: 1  mgc: 1.305622e-13 
outer mgc:  8.001011 
iter: 1  value: 540.6527 mgc: 5.388704 ustep: 1 
iter: 2  value: 540.6527 mgc: 0.04833762 ustep: 1 
iter: 3  value: 540.6527 mgc: 6.073894e-06 ustep: 1 
iter: 4  mgc: 1.56708e-13 
iter: 1  mgc: 1.56708e-13 
outer mgc:  5.77256 
iter: 1  value: 539.7562 mgc: 2.320903 ustep: 1 
iter: 2  value: 539.7562 mgc: 0.01800152 ustep: 1 
iter: 3  value: 539.7562 mgc: 3.270252e-06 ustep: 1 
iter: 4  mgc: 3.708145e-13 
iter: 1  mgc: 3.708145e-13 
outer mgc:  6.681345 
iter: 1  value: 539.3375 mgc: 1.80783 ustep: 1 
iter: 2  value: 539.3375 mgc: 0.007617637 ustep: 1 
iter: 3  value: 539.3375 mgc: 3.162312e-07 ustep: 1 
iter: 4  mgc: 1.287859e-14 
iter: 1  mgc: 1.287859e-14 
outer mgc:  7.244551 
iter: 1  value: 538.9183 mgc: 2.056855 ustep: 1 
iter: 2  value: 538.9183 mgc: 0.008406422 ustep: 1 
iter: 3  value: 538.9183 mgc: 2.223273e-06 ustep: 1 
iter: 4  mgc: 1.625367e-13 
iter: 1  mgc: 1.625367e-13 
outer mgc:  5.279908 
iter: 1  value: 538.6152 mgc: 1.544601 ustep: 1 
iter: 2  value: 538.6152 mgc: 0.008628703 ustep: 1 
iter: 3  value: 538.6152 mgc: 3.765272e-07 ustep: 1 
iter: 4  mgc: 2.575717e-14 
iter: 1  mgc: 2.575717e-14 
outer mgc:  1.251352 
iter: 1  value: 537.5871 mgc: 1.450451 ustep: 1 
iter: 2  value: 537.5871 mgc: 0.008308689 ustep: 1 
iter: 3  value: 537.5871 mgc: 1.050429e-06 ustep: 1 
iter: 4  mgc: 2.398082e-14 
iter: 1  mgc: 2.398082e-14 
outer mgc:  1.018987 
iter: 1  value: 537.1392 mgc: 1.5082 ustep: 1 
iter: 2  value: 537.1392 mgc: 0.01601614 ustep: 1 
iter: 3  value: 537.1392 mgc: 3.833457e-06 ustep: 1 
iter: 4  mgc: 2.584599e-13 
iter: 1  mgc: 2.584599e-13 
outer mgc:  2.118766 
iter: 1  value: 536.9656 mgc: 1.306283 ustep: 1 
iter: 2  value: 536.9655 mgc: 0.004311204 ustep: 1 
iter: 3  value: 536.9655 mgc: 2.435709e-07 ustep: 1 
iter: 4  mgc: 1.909584e-14 
iter: 1  value: 537.1 mgc: 0.9492511 ustep: 1 
iter: 2  value: 537.1 mgc: 0.002425027 ustep: 1 
iter: 3  value: 537.1 mgc: 3.15194e-08 ustep: 1 
mgc: 2.04281e-14 
iter: 1  mgc: 2.04281e-14 
outer mgc:  2.157555 
iter: 1  value: 537.0036 mgc: 0.6558844 ustep: 1 
iter: 2  value: 537.0036 mgc: 0.001864731 ustep: 1 
iter: 3  value: 537.0036 mgc: 2.246797e-08 ustep: 1 
mgc: 2.220446e-14 
iter: 1  mgc: 2.220446e-14 
outer mgc:  0.8395155 
iter: 1  value: 536.8891 mgc: 0.3206737 ustep: 1 
iter: 2  value: 536.8891 mgc: 0.0002540098 ustep: 1 
iter: 3  mgc: 1.053841e-09 
iter: 1  mgc: 1.053841e-09 
outer mgc:  0.4208445 
iter: 1  value: 536.7862 mgc: 0.3394045 ustep: 1 
iter: 2  value: 536.7862 mgc: 0.0004537326 ustep: 1 
iter: 3  mgc: 1.265867e-09 
iter: 1  mgc: 1.265867e-09 
outer mgc:  0.4977019 
iter: 1  value: 536.6329 mgc: 0.3386325 ustep: 1 
iter: 2  value: 536.6329 mgc: 0.0002889328 ustep: 1 
iter: 3  mgc: 2.308438e-10 
iter: 1  mgc: 2.308438e-10 
outer mgc:  0.3092447 
iter: 1  value: 536.4389 mgc: 0.2408737 ustep: 1 
iter: 2  value: 536.4389 mgc: 0.0001708131 ustep: 1 
iter: 3  mgc: 1.671565e-10 
iter: 1  mgc: 1.671565e-10 
outer mgc:  0.6034895 
iter: 1  value: 536.2826 mgc: 0.1439057 ustep: 1 
iter: 2  value: 536.2826 mgc: 2.850432e-05 ustep: 1 
iter: 3  mgc: 6.375567e-12 
iter: 1  mgc: 6.375567e-12 
outer mgc:  0.2231911 
iter: 1  value: 536.1842 mgc: 0.1310218 ustep: 1 
iter: 2  value: 536.1842 mgc: 8.657642e-05 ustep: 1 
iter: 3  mgc: 1.601893e-10 
iter: 1  value: 536.0517 mgc: 0.1794869 ustep: 1 
iter: 2  value: 536.0517 mgc: 0.0001197054 ustep: 1 
iter: 3  mgc: 4.758945e-10 
iter: 1  mgc: 4.758945e-10 
outer mgc:  0.4178628 
iter: 1  value: 535.7643 mgc: 0.2841179 ustep: 1 
iter: 2  value: 535.7643 mgc: 0.0001518348 ustep: 1 
iter: 3  mgc: 3.438432e-10 
iter: 1  mgc: 3.438432e-10 
outer mgc:  0.5084911 
iter: 1  value: 535.4708 mgc: 0.4333786 ustep: 1 
iter: 2  value: 535.4708 mgc: 0.0003211988 ustep: 1 
iter: 3  mgc: 6.662817e-10 
iter: 1  mgc: 6.662817e-10 
outer mgc:  0.4864712 
iter: 1  value: 535.1578 mgc: 0.398826 ustep: 1 
iter: 2  value: 535.1578 mgc: 0.0004859418 ustep: 1 
iter: 3  mgc: 1.77861e-09 
iter: 1  mgc: 1.77861e-09 
outer mgc:  1.150641 
iter: 1  value: 534.8499 mgc: 0.4331843 ustep: 1 
iter: 2  value: 534.8499 mgc: 0.000233165 ustep: 1 
iter: 3  mgc: 3.547198e-10 
iter: 1  mgc: 3.547198e-10 
outer mgc:  0.4146902 
iter: 1  value: 534.6109 mgc: 0.3982328 ustep: 1 
iter: 2  value: 534.6109 mgc: 0.0001720288 ustep: 1 
iter: 3  mgc: 1.715205e-10 
iter: 1  mgc: 1.715205e-10 
outer mgc:  0.6364601 
iter: 1  value: 534.411 mgc: 0.2266847 ustep: 1 
iter: 2  value: 534.411 mgc: 8.089512e-05 ustep: 1 
iter: 3  mgc: 3.442713e-11 
iter: 1  mgc: 3.442713e-11 
outer mgc:  0.361291 
iter: 1  value: 534.183 mgc: 0.2380291 ustep: 1 
iter: 2  value: 534.183 mgc: 6.365771e-05 ustep: 1 
iter: 3  mgc: 2.208278e-11 
iter: 1  mgc: 2.208278e-11 
outer mgc:  0.2904692 
iter: 1  value: 533.8974 mgc: 0.2311644 ustep: 1 
iter: 2  value: 533.8974 mgc: 3.569459e-05 ustep: 1 
iter: 3  mgc: 8.567369e-12 
iter: 1  value: 533.4495 mgc: 0.3663357 ustep: 1 
iter: 2  value: 533.4495 mgc: 8.629825e-05 ustep: 1 
iter: 3  mgc: 3.828315e-11 
iter: 1  mgc: 3.828315e-11 
outer mgc:  0.415775 
iter: 1  value: 532.8592 mgc: 0.5310614 ustep: 1 
iter: 2  value: 532.8592 mgc: 0.001038224 ustep: 1 
iter: 3  mgc: 9.102891e-09 
iter: 1  mgc: 9.102891e-09 
outer mgc:  0.4986194 
iter: 1  value: 532.3431 mgc: 0.5273982 ustep: 1 
iter: 2  value: 532.3431 mgc: 0.0008414319 ustep: 1 
iter: 3  mgc: 6.399464e-09 
iter: 1  mgc: 6.399464e-09 
outer mgc:  0.8559853 
iter: 1  value: 531.8288 mgc: 0.5840334 ustep: 1 
iter: 2  value: 531.8288 mgc: 0.0005144172 ustep: 1 
iter: 3  mgc: 1.683457e-09 
iter: 1  mgc: 1.683457e-09 
outer mgc:  0.3986683 
iter: 1  value: 531.2779 mgc: 0.5495121 ustep: 1 
iter: 2  value: 531.2779 mgc: 0.000104888 ustep: 1 
iter: 3  mgc: 1.233107e-10 
iter: 1  mgc: 1.233107e-10 
outer mgc:  0.6526731 
iter: 1  value: 530.6226 mgc: 0.8282852 ustep: 1 
iter: 2  value: 530.6226 mgc: 0.0003945607 ustep: 1 
iter: 3  mgc: 2.325437e-09 
iter: 1  mgc: 2.325437e-09 
outer mgc:  0.2902582 
iter: 1  value: 529.9361 mgc: 0.4916572 ustep: 1 
iter: 2  value: 529.9361 mgc: 8.49984e-05 ustep: 1 
iter: 3  mgc: 7.705614e-11 
iter: 1  mgc: 7.705614e-11 
outer mgc:  0.3212688 
iter: 1  value: 529.4627 mgc: 0.616522 ustep: 1 
iter: 2  value: 529.4627 mgc: 0.0001432388 ustep: 1 
iter: 3  mgc: 1.185636e-10 
iter: 1  mgc: 1.185636e-10 
outer mgc:  0.2787744 
iter: 1  value: 528.9344 mgc: 0.4001499 ustep: 1 
iter: 2  value: 528.9344 mgc: 8.392151e-05 ustep: 1 
iter: 3  mgc: 1.039222e-10 
iter: 1  mgc: 1.039222e-10 
outer mgc:  0.3450258 
iter: 1  value: 528.4321 mgc: 0.3362086 ustep: 1 
iter: 2  value: 528.4321 mgc: 1.870647e-05 ustep: 1 
iter: 3  mgc: 3.52296e-12 
iter: 1  mgc: 3.52296e-12 
outer mgc:  0.1419778 
iter: 1  value: 527.9122 mgc: 0.4534318 ustep: 1 
iter: 2  value: 527.9122 mgc: 6.739528e-05 ustep: 1 
iter: 3  mgc: 1.798917e-11 
iter: 1  mgc: 1.798917e-11 
outer mgc:  0.1959894 
iter: 1  value: 527.343 mgc: 0.4137379 ustep: 1 
iter: 2  value: 527.343 mgc: 6.352279e-05 ustep: 1 
iter: 3  mgc: 1.763034e-11 
iter: 1  mgc: 1.763034e-11 
outer mgc:  0.201676 
iter: 1  value: 526.8228 mgc: 0.3422582 ustep: 1 
iter: 2  value: 526.8228 mgc: 3.957717e-05 ustep: 1 
iter: 3  mgc: 1.586131e-11 
iter: 1  mgc: 1.586131e-11 
outer mgc:  0.08010899 
iter: 1  value: 526.3331 mgc: 0.3296116 ustep: 1 
iter: 2  value: 526.3331 mgc: 3.690713e-05 ustep: 1 
iter: 3  mgc: 1.238876e-11 
iter: 1  value: 526.6108 mgc: 0.1405685 ustep: 1 
iter: 2  value: 526.6108 mgc: 6.960587e-06 ustep: 1 
iter: 3  mgc: 4.37872e-13 
iter: 1  mgc: 4.37872e-13 
outer mgc:  0.07093712 
iter: 1  value: 526.4146 mgc: 0.1210203 ustep: 1 
iter: 2  value: 526.4146 mgc: 3.144224e-06 ustep: 1 
iter: 3  mgc: 1.115774e-13 
iter: 1  mgc: 1.115774e-13 
outer mgc:  0.03319974 
iter: 1  value: 526.2125 mgc: 0.1427494 ustep: 1 
iter: 2  value: 526.2125 mgc: 4.730406e-06 ustep: 1 
iter: 3  mgc: 1.123546e-13 
iter: 1  mgc: 1.123546e-13 
outer mgc:  0.02407994 
iter: 1  value: 526.0202 mgc: 0.1250785 ustep: 1 
iter: 2  value: 526.0202 mgc: 1.875323e-06 ustep: 1 
iter: 3  mgc: 2.842171e-14 
iter: 1  mgc: 2.842171e-14 
outer mgc:  0.02406296 
iter: 1  value: 525.9822 mgc: 0.03649836 ustep: 1 
iter: 2  value: 525.9822 mgc: 6.385739e-07 ustep: 1 
iter: 3  mgc: 2.842171e-14 
iter: 1  mgc: 2.842171e-14 
outer mgc:  0.00761925 
iter: 1  value: 526.0269 mgc: 0.03403925 ustep: 1 
iter: 2  value: 526.0269 mgc: 2.27125e-07 ustep: 1 
iter: 3  mgc: 2.664535e-14 
iter: 1  mgc: 2.664535e-14 
outer mgc:  0.009470078 
iter: 1  value: 526.0486 mgc: 0.05166587 ustep: 1 
iter: 2  value: 526.0486 mgc: 6.824519e-07 ustep: 1 
iter: 3  mgc: 3.863576e-14 
iter: 1  value: 526.0351 mgc: 0.01959817 ustep: 1 
iter: 2  value: 526.0351 mgc: 9.784488e-08 ustep: 1 
iter: 3  mgc: 2.298162e-14 
iter: 1  mgc: 2.298162e-14 
outer mgc:  0.005969013 
iter: 1  value: 526.0221 mgc: 0.01051957 ustep: 1 
iter: 2  value: 526.0221 mgc: 1.185408e-07 ustep: 1 
iter: 3  mgc: 2.731149e-14 
iter: 1  value: 526.0288 mgc: 0.005109607 ustep: 1 
iter: 2  value: 526.0288 mgc: 2.798063e-08 ustep: 1 
mgc: 2.864375e-14 
iter: 1  mgc: 2.864375e-14 
outer mgc:  0.001595614 
iter: 1  value: 526.0228 mgc: 0.005752535 ustep: 1 
iter: 2  mgc: 7.904831e-09 
iter: 1  mgc: 7.904831e-09 
outer mgc:  0.001659714 
iter: 1  value: 526.0217 mgc: 0.001847507 ustep: 1 
iter: 2  mgc: 1.410138e-09 
iter: 1  mgc: 1.410138e-09 
outer mgc:  0.000611889 
iter: 1  mgc: 1.410138e-09 
iter: 1  mgc: 1.410138e-09 
outer mgc:  0.000611889 
iter: 1  value: 526.0217 mgc: 0.0308986 ustep: 1 
iter: 2  value: 526.0217 mgc: 3.213942e-06 ustep: 1 
iter: 3  mgc: 3.907985e-14 
outer mgc:  0.2054362 
iter: 1  value: 526.0219 mgc: 0.03087919 ustep: 1 
iter: 2  value: 526.0219 mgc: 3.213174e-06 ustep: 1 
iter: 3  mgc: 4.263256e-14 
outer mgc:  0.2055464 
iter: 1  value: 526.0217 mgc: 0.01755665 ustep: 1 
iter: 2  value: 526.0217 mgc: 1.033671e-06 ustep: 1 
iter: 3  mgc: 2.819966e-14 
outer mgc:  0.1566225 
iter: 1  value: 526.0219 mgc: 0.01754503 ustep: 1 
iter: 2  value: 526.0219 mgc: 1.032921e-06 ustep: 1 
iter: 3  mgc: 3.68594e-14 
outer mgc:  0.1568231 
iter: 1  value: 526.022 mgc: 0.04725048 ustep: 1 
iter: 2  value: 526.022 mgc: 8.380005e-06 ustep: 1 
iter: 3  mgc: 4.563017e-13 
outer mgc:  0.08359424 
iter: 1  value: 526.0215 mgc: 0.047245 ustep: 1 
iter: 2  value: 526.0215 mgc: 8.387168e-06 ustep: 1 
iter: 3  mgc: 4.520828e-13 
outer mgc:  0.08371531 
iter: 1  value: 526.0217 mgc: 0.02402277 ustep: 1 
iter: 2  value: 526.0217 mgc: 2.081627e-06 ustep: 1 
iter: 3  mgc: 4.174439e-14 
outer mgc:  0.1791276 
iter: 1  value: 526.0219 mgc: 0.02401802 ustep: 1 
iter: 2  value: 526.0219 mgc: 2.081549e-06 ustep: 1 
iter: 3  mgc: 3.552714e-14 
outer mgc:  0.1795484 
iter: 1  value: 526.0217 mgc: 0.05508796 ustep: 1 
iter: 2  value: 526.0217 mgc: 5.6522e-06 ustep: 1 
iter: 3  mgc: 1.239009e-13 
outer mgc:  0.1716108 
iter: 1  value: 526.0219 mgc: 0.0550835 ustep: 1 
iter: 2  value: 526.0219 mgc: 5.655626e-06 ustep: 1 
iter: 3  mgc: 1.167955e-13 
outer mgc:  0.1721373 
iter: 1  value: 526.0217 mgc: 0.02742964 ustep: 1 
iter: 2  value: 526.0217 mgc: 1.754638e-06 ustep: 1 
iter: 3  mgc: 2.464695e-14 
outer mgc:  0.2202498 
iter: 1  value: 526.0219 mgc: 0.02742825 ustep: 1 
iter: 2  value: 526.0219 mgc: 1.754011e-06 ustep: 1 
iter: 3  mgc: 2.509104e-14 
outer mgc:  0.220545 
iter: 1  value: 526.0214 mgc: 0.04026886 ustep: 1 
iter: 2  value: 526.0214 mgc: 7.68818e-06 ustep: 1 
iter: 3  mgc: 4.301559e-13 
outer mgc:  0.06640546 
iter: 1  value: 526.0221 mgc: 0.04025493 ustep: 1 
iter: 2  value: 526.0221 mgc: 7.69416e-06 ustep: 1 
iter: 3  mgc: 4.329037e-13 
outer mgc:  0.06693125 
iter: 1  value: 526.0218 mgc: 0.02414301 ustep: 1 
iter: 2  value: 526.0218 mgc: 3.666567e-06 ustep: 1 
iter: 3  mgc: 8.437695e-14 
outer mgc:  0.1219867 
iter: 1  value: 526.0217 mgc: 0.0241315 ustep: 1 
iter: 2  value: 526.0217 mgc: 3.668834e-06 ustep: 1 
iter: 3  mgc: 7.904788e-14 
outer mgc:  0.1223355 
iter: 1  value: 526.0221 mgc: 0.04004245 ustep: 1 
iter: 2  value: 526.0221 mgc: 4.087572e-06 ustep: 1 
iter: 3  mgc: 5.639933e-14 
outer mgc:  0.212204 
iter: 1  value: 526.0216 mgc: 0.04002365 ustep: 1 
iter: 2  value: 526.0216 mgc: 4.090955e-06 ustep: 1 
iter: 3  mgc: 5.584422e-14 
outer mgc:  0.2118523 
iter: 1  value: 526.0223 mgc: 0.02346706 ustep: 1 
iter: 2  value: 526.0223 mgc: 1.508953e-06 ustep: 1 
iter: 3  mgc: 4.174439e-14 
outer mgc:  0.2057091 
iter: 1  value: 526.0214 mgc: 0.02345535 ustep: 1 
iter: 2  value: 526.0214 mgc: 1.509095e-06 ustep: 1 
iter: 3  mgc: 2.614575e-14 
outer mgc:  0.204442 
iter: 1  value: 526.0245 mgc: 0.008303302 ustep: 1 
iter: 2  value: 526.0245 mgc: 2.583567e-07 ustep: 1 
iter: 3  mgc: 4.435341e-14 
outer mgc:  0.01930838 
iter: 1  value: 526.0189 mgc: 0.008318327 ustep: 1 
iter: 2  value: 526.0189 mgc: 2.588849e-07 ustep: 1 
iter: 3  mgc: 2.9865e-14 
outer mgc:  0.01948366 
iter: 1  value: 526.0254 mgc: 0.05027482 ustep: 1 
iter: 2  value: 526.0254 mgc: 6.964466e-07 ustep: 1 
iter: 3  mgc: 2.753353e-14 
outer mgc:  0.02967856 
iter: 1  value: 526.018 mgc: 0.05029508 ustep: 1 
iter: 2  value: 526.018 mgc: 6.95259e-07 ustep: 1 
iter: 3  mgc: 2.753353e-14 
outer mgc:  0.02945856 
iter: 1  value: 526.0241 mgc: 0.0522763 ustep: 1 
iter: 2  value: 526.0241 mgc: 7.049852e-07 ustep: 1 
iter: 3  mgc: 3.130829e-14 
outer mgc:  0.02849794 
iter: 1  value: 526.0193 mgc: 0.05228404 ustep: 1 
iter: 2  value: 526.0193 mgc: 7.037536e-07 ustep: 1 
iter: 3  mgc: 3.907985e-14 
outer mgc:  0.02847794 
iter: 1  value: 526.0258 mgc: 0.03049948 ustep: 1 
iter: 2  value: 526.0258 mgc: 1.909546e-07 ustep: 1 
iter: 3  mgc: 4.263256e-14 
outer mgc:  0.0114205 
iter: 1  value: 526.0176 mgc: 0.03049976 ustep: 1 
iter: 2  value: 526.0176 mgc: 1.907801e-07 ustep: 1 
iter: 3  mgc: 3.463896e-14 
outer mgc:  0.01121227 
iter: 1  value: 526.023 mgc: 0.02707187 ustep: 1 
iter: 2  value: 526.023 mgc: 2.236276e-07 ustep: 1 
iter: 3  mgc: 3.375078e-14 
outer mgc:  0.01086354 
iter: 1  value: 526.0204 mgc: 0.02707582 ustep: 1 
iter: 2  value: 526.0204 mgc: 2.233355e-07 ustep: 1 
iter: 3  mgc: 3.363976e-14 
outer mgc:  0.01103889 
iter: 1  value: 526.0276 mgc: 0.01924515 ustep: 1 
iter: 2  value: 526.0276 mgc: 1.158933e-07 ustep: 1 
iter: 3  mgc: 3.819167e-14 
outer mgc:  0.004886833 
iter: 1  value: 526.0158 mgc: 0.01924528 ustep: 1 
iter: 2  value: 526.0158 mgc: 1.158148e-07 ustep: 1 
iter: 3  mgc: 3.774758e-14 
outer mgc:  0.004898274 
iter: 1  value: 526.0189 mgc: 0.008948096 ustep: 1 
iter: 2  value: 526.0189 mgc: 1.25426e-08 ustep: 1 
mgc: 4.296563e-14 
outer mgc:  0.001315543 
iter: 1  value: 526.0246 mgc: 0.008945397 ustep: 1 
iter: 2  value: 526.0246 mgc: 1.254832e-08 ustep: 1 
mgc: 2.398082e-14 
outer mgc:  0.001514364 
iter: 1  value: 526.0203 mgc: 0.01752715 ustep: 1 
iter: 2  value: 526.0203 mgc: 3.737532e-08 ustep: 1 
mgc: 2.642331e-14 
outer mgc:  0.00338864 
iter: 1  value: 526.0231 mgc: 0.01752364 ustep: 1 
iter: 2  value: 526.0231 mgc: 3.737654e-08 ustep: 1 
mgc: 2.675637e-14 
outer mgc:  0.003392817 
iter: 1  value: 526.0214 mgc: 0.01799307 ustep: 1 
iter: 2  value: 526.0214 mgc: 5.106715e-08 ustep: 1 
mgc: 2.930989e-14 
outer mgc:  0.002839543 
iter: 1  value: 526.0221 mgc: 0.01799326 ustep: 1 
iter: 2  value: 526.0221 mgc: 5.108635e-08 ustep: 1 
mgc: 2.697842e-14 
outer mgc:  0.002639831 
iter: 1  value: 526.02 mgc: 0.01550085 ustep: 1 
iter: 2  value: 526.02 mgc: 4.647521e-08 ustep: 1 
mgc: 2.675637e-14 
outer mgc:  0.001753645 
iter: 1  value: 526.0234 mgc: 0.01549967 ustep: 1 
iter: 2  value: 526.0234 mgc: 4.649998e-08 ustep: 1 
mgc: 4.413137e-14 
outer mgc:  0.002261765 
iter: 1  value: 526.0351 mgc: 0.07799485 ustep: 1 
iter: 2  value: 526.0351 mgc: 1.008739e-06 ustep: 1 
iter: 3  mgc: 3.907985e-14 
outer mgc:  0.02751008 
iter: 1  value: 526.0083 mgc: 0.07822984 ustep: 1 
iter: 2  value: 526.0083 mgc: 1.009944e-06 ustep: 1 
iter: 3  mgc: 3.003153e-14 
outer mgc:  0.02783459 
iter: 1  value: 526.0248 mgc: 0.009726104 ustep: 1 
iter: 2  value: 526.0248 mgc: 7.541888e-07 ustep: 1 
iter: 3  mgc: 3.119727e-14 
outer mgc:  0.03574797 
iter: 1  value: 526.0186 mgc: 0.009746061 ustep: 1 
iter: 2  value: 526.0186 mgc: 7.559287e-07 ustep: 1 
iter: 3  mgc: 2.4869e-14 
outer mgc:  0.0356897 
iter: 1  value: 526.0309 mgc: 0.06501411 ustep: 1 
iter: 2  value: 526.0309 mgc: 2.349474e-06 ustep: 1 
iter: 3  mgc: 6.039613e-14 
outer mgc:  0.0382217 
iter: 1  value: 526.0125 mgc: 0.06507916 ustep: 1 
iter: 2  value: 526.0125 mgc: 2.350588e-06 ustep: 1 
iter: 3  mgc: 5.151435e-14 
outer mgc:  0.03892803 
iter: 1  value: 526.0288 mgc: 0.04981644 ustep: 1 
iter: 2  value: 526.0288 mgc: 2.06128e-06 ustep: 1 
iter: 3  mgc: 1.354472e-13 
outer mgc:  0.03315939 
iter: 1  value: 526.0146 mgc: 0.04986628 ustep: 1 
iter: 2  value: 526.0146 mgc: 2.063578e-06 ustep: 1 
iter: 3  mgc: 1.367795e-13 
outer mgc:  0.03339817 
iter: 1  value: 526.0248 mgc: 0.1118532 ustep: 1 
iter: 2  value: 526.0248 mgc: 3.357373e-06 ustep: 1 
iter: 3  mgc: 8.881784e-14 
outer mgc:  0.05601681 
iter: 1  value: 526.0187 mgc: 0.1121807 ustep: 1 
iter: 2  value: 526.0187 mgc: 3.362948e-06 ustep: 1 
iter: 3  mgc: 1.429967e-13 
outer mgc:  0.05531464 
[Mon Aug 16 03:51:50 2021]
Finished job 0.
1 of 1 steps (100%) done
