Building DAG of jobs...
Using shell: /usr/bin/bash
Provided cores: 1 (use --cores to define parallelism)
Rules claiming more threads will be scaled down.
Job counts:
	count	jobs
	1	inference_simulation_TMB_multiple
	1

[Mon Aug 16 09:27:06 2021]
rule inference_simulation_TMB_multiple:
    input: ../data/assessing_models_simulation/datasets/multiple_GenerationJnorm3_20_100_10_5_0.6_NA_NA_NA_dataset0.RDS
    output: ../data/assessing_models_simulation/inference_results/TMB/nlminb/multiple_GenerationJnorm3_20_100_10_5_0.6_fullREM_NA_NA_NA_dataset0.RDS
    log: logs/inference/nlminb/simulation_GenerationJnorm3_20_100_10_5_0.6_ModelfullREM_NA_NA_NA_dataset0.log
    jobid: 0
    wildcards: optimiser=nlminb, datasetgeneration=GenerationJnorm3, n=20, nlambda=100, lmbda=10, d=5, beta_intensity=0.6, model=fullREM, fixed_beta_intercept=NA, fixed_beta_slope=NA, sdRE_input=NA, itnum=0

Rscript 2_inference_TMB/run_TMB.R --input ../data/assessing_models_simulation/datasets/multiple_GenerationJnorm3_20_100_10_5_0.6_NA_NA_NA_dataset0.RDS --output ../data/assessing_models_simulation/inference_results/TMB/nlminb/multiple_GenerationJnorm3_20_100_10_5_0.6_fullREM_NA_NA_NA_dataset0.RDS --model fullREM --optimiser nlminb
Model: fullREM 
Feature type: signatures 
Using nlminb: TRUE 
Simulation boolean: TRUE 
make: Nothing to be done for 'all'.
../data/assessing_models_simulation/datasets/multiple_GenerationJnorm3_20_100_10_5_0.6_NA_NA_NA_dataset0.RDS[1] "../data/assessing_models_simulation/datasets/multiple_GenerationJnorm3_20_100_10_5_0.6_NA_NA_NA_dataset0.RDS"
Reading file ../data/assessing_models_simulation/datasets/multiple_GenerationJnorm3_20_100_10_5_0.6_NA_NA_NA_dataset0.RDS 
Loading required package: nnet
# weights:  15 (8 variable)
initial  value 6423.266709 
iter  10 value 6238.758981
final  value 6237.538712 
converged
Order of parameters:
[1] "beta"       "u_large"    "logs_sd_RE" "cov_par_RE"
Not matching template order:
[1] "beta"       "u_large"    "cov_par_RE" "logs_sd_RE"
Your parameter list has been re-ordered.
(Disable this warning with checkParameterOrder=FALSE)
Constructing atomic invpd
Constructing atomic D_lgamma
Constructing atomic invpd
Constructing atomic D_lgamma
Constructing atomic matmul
Constructing atomic invpd
Constructing atomic D_lgamma
Constructing atomic matmul
Optimizing tape... Done
iter: 1  value: 1581.901 mgc: 95.08354 ustep: 1 
iter: 2  value: 1510.442 mgc: 55.07962 ustep: 0.6827823 
iter: 3  value: 1362.301 mgc: 62.69358 ustep: 0.1964641 
iter: 4  value: 1111.465 mgc: 73.21009 ustep: 0.1361868 
iter: 5  value: 993.0764 mgc: 103.889 ustep: 0.369098 
iter: 6  value: 982.4596 mgc: 23.37382 ustep: 0.6075736 
iter: 7  value: 981.9079 mgc: 6.499687 ustep: 0.7794921 
iter: 8  value: 981.9071 mgc: 0.237832 ustep: 0.8829002 
iter: 9  value: 981.9071 mgc: 0.001207083 ustep: 0.9396337 
iter: 10  value: 981.9071 mgc: 2.519483e-06 ustep: 0.9693501 
iter: 11  value: 981.9071 mgc: 1.999295e-08 ustep: 0.9845574 
iter: 12  mgc: 1.322601e-10 
iter: 1  mgc: 1.322601e-10 
Matching hessian patterns... Done
outer mgc:  168.4714 
iter: 1  value: 849.7411 mgc: 23.71628 ustep: 1 
iter: 2  value: 849.2378 mgc: 1.632715 ustep: 1 
iter: 3  value: 849.2377 mgc: 0.0370513 ustep: 1 
iter: 4  value: 849.2377 mgc: 2.069431e-05 ustep: 1 
iter: 5  mgc: 6.468659e-12 
iter: 1  mgc: 6.468659e-12 
outer mgc:  49.09004 
iter: 1  value: 794.5152 mgc: 13.2688 ustep: 1 
iter: 2  value: 794.3593 mgc: 0.7955525 ustep: 1 
iter: 3  value: 794.3593 mgc: 0.01008269 ustep: 1 
iter: 4  value: 794.3593 mgc: 7.155765e-06 ustep: 1 
iter: 5  mgc: 9.503842e-12 
iter: 1  mgc: 9.503842e-12 
outer mgc:  38.93075 
iter: 1  value: 777.9595 mgc: 21.77191 ustep: 1 
iter: 2  value: 777.4504 mgc: 2.116709 ustep: 1 
iter: 3  value: 777.4503 mgc: 0.05426016 ustep: 1 
iter: 4  value: 777.4503 mgc: 4.308935e-05 ustep: 1 
iter: 5  mgc: 2.731859e-11 
iter: 1  mgc: 2.731859e-11 
outer mgc:  45.59101 
iter: 1  value: 751.9936 mgc: 10.27942 ustep: 1 
iter: 2  value: 751.9439 mgc: 0.3986575 ustep: 1 
iter: 3  value: 751.9439 mgc: 0.006000673 ustep: 1 
iter: 4  value: 751.9439 mgc: 2.71683e-06 ustep: 1 
iter: 5  mgc: 5.57332e-13 
iter: 1  mgc: 5.57332e-13 
outer mgc:  20.07177 
iter: 1  value: 761.6472 mgc: 35.55421 ustep: 1 
iter: 2  value: 754.0739 mgc: 8.30039 ustep: 1 
iter: 3  value: 754.0509 mgc: 0.5568554 ustep: 1 
iter: 4  value: 754.0509 mgc: 0.004940652 ustep: 1 
iter: 5  value: 754.0509 mgc: 3.993657e-07 ustep: 1 
iter: 6  mgc: 1.582068e-14 
iter: 1  value: 748.1865 mgc: 17.23324 ustep: 1 
iter: 2  value: 747.7929 mgc: 1.745024 ustep: 1 
iter: 3  value: 747.7928 mgc: 0.02835963 ustep: 1 
iter: 4  value: 747.7928 mgc: 1.380272e-05 ustep: 1 
iter: 5  mgc: 3.27971e-12 
iter: 1  mgc: 3.27971e-12 
outer mgc:  29.09311 
iter: 1  value: 742.0294 mgc: 5.247821 ustep: 1 
iter: 2  value: 742.0197 mgc: 0.2100066 ustep: 1 
iter: 3  value: 742.0197 mgc: 0.000571908 ustep: 1 
iter: 4  mgc: 7.569903e-09 
iter: 1  mgc: 7.569903e-09 
outer mgc:  19.11698 
iter: 1  value: 739.3539 mgc: 16.98 ustep: 1 
iter: 2  value: 739.2189 mgc: 1.028288 ustep: 1 
iter: 3  value: 739.2189 mgc: 0.01486728 ustep: 1 
iter: 4  value: 739.2189 mgc: 3.256879e-06 ustep: 1 
iter: 5  mgc: 1.552092e-13 
iter: 1  mgc: 1.552092e-13 
outer mgc:  28.39251 
iter: 1  value: 736.8988 mgc: 7.769069 ustep: 1 
iter: 2  value: 736.8859 mgc: 0.3459552 ustep: 1 
iter: 3  value: 736.8859 mgc: 0.001014842 ustep: 1 
iter: 4  value: 736.8859 mgc: 1.161482e-08 ustep: 1 
mgc: 3.375078e-14 
iter: 1  mgc: 3.375078e-14 
outer mgc:  20.70236 
iter: 1  value: 737.0603 mgc: 13.76959 ustep: 1 
iter: 2  value: 736.7013 mgc: 1.415172 ustep: 1 
iter: 3  value: 736.7013 mgc: 0.02243861 ustep: 1 
iter: 4  value: 736.7013 mgc: 5.883226e-06 ustep: 1 
iter: 5  mgc: 4.798384e-13 
iter: 1  mgc: 4.798384e-13 
outer mgc:  19.92207 
iter: 1  value: 732.0805 mgc: 7.985558 ustep: 1 
iter: 2  value: 732.0689 mgc: 0.2851969 ustep: 1 
iter: 3  value: 732.0689 mgc: 0.0007382974 ustep: 1 
iter: 4  mgc: 4.874311e-09 
iter: 1  mgc: 4.874311e-09 
outer mgc:  7.096213 
iter: 1  value: 732.8381 mgc: 6.225422 ustep: 1 
iter: 2  value: 732.8345 mgc: 0.1470892 ustep: 1 
iter: 3  value: 732.8345 mgc: 0.000212014 ustep: 1 
iter: 4  mgc: 5.439493e-10 
iter: 1  value: 731.6465 mgc: 2.276399 ustep: 1 
iter: 2  value: 731.6464 mgc: 0.0221957 ustep: 1 
iter: 3  value: 731.6464 mgc: 4.415911e-06 ustep: 1 
iter: 4  mgc: 2.395306e-13 
iter: 1  mgc: 2.395306e-13 
outer mgc:  3.882964 
iter: 1  value: 731.3338 mgc: 2.877312 ustep: 1 
iter: 2  value: 731.3337 mgc: 0.02683502 ustep: 1 
iter: 3  value: 731.3337 mgc: 6.869996e-06 ustep: 1 
iter: 4  mgc: 6.310508e-13 
iter: 1  mgc: 6.310508e-13 
outer mgc:  5.917431 
iter: 1  value: 730.8878 mgc: 2.413691 ustep: 1 
iter: 2  value: 730.8878 mgc: 0.02374525 ustep: 1 
iter: 3  value: 730.8878 mgc: 4.227168e-06 ustep: 1 
iter: 4  mgc: 2.711165e-13 
iter: 1  mgc: 2.711165e-13 
outer mgc:  2.966431 
iter: 1  value: 730.1019 mgc: 2.9488 ustep: 1 
iter: 2  value: 730.1015 mgc: 0.04134841 ustep: 1 
iter: 3  value: 730.1015 mgc: 2.054914e-05 ustep: 1 
iter: 4  mgc: 5.088929e-12 
iter: 1  mgc: 5.088929e-12 
outer mgc:  4.975205 
iter: 1  value: 728.8821 mgc: 2.881077 ustep: 1 
iter: 2  value: 728.8782 mgc: 0.1115919 ustep: 1 
iter: 3  value: 728.8782 mgc: 0.0001274684 ustep: 1 
iter: 4  mgc: 4.718914e-10 
iter: 1  mgc: 4.718914e-10 
outer mgc:  7.877771 
iter: 1  value: 728.0051 mgc: 5.124208 ustep: 1 
iter: 2  value: 728.0034 mgc: 0.09236875 ustep: 1 
iter: 3  value: 728.0034 mgc: 7.00919e-05 ustep: 1 
iter: 4  mgc: 5.159817e-11 
iter: 1  mgc: 5.159817e-11 
outer mgc:  7.942562 
iter: 1  value: 727.5469 mgc: 6.006605 ustep: 1 
iter: 2  value: 727.5434 mgc: 0.1693247 ustep: 1 
iter: 3  value: 727.5434 mgc: 0.000225213 ustep: 1 
iter: 4  mgc: 6.06421e-10 
iter: 1  mgc: 6.06421e-10 
outer mgc:  4.534363 
iter: 1  value: 727.8135 mgc: 4.412535 ustep: 1 
iter: 2  value: 727.8077 mgc: 0.2098489 ustep: 1 
iter: 3  value: 727.8077 mgc: 0.001308792 ustep: 1 
iter: 4  value: 727.8077 mgc: 5.064331e-08 ustep: 1 
mgc: 2.445266e-14 
iter: 1  value: 727.5693 mgc: 3.921028 ustep: 1 
iter: 2  value: 727.5681 mgc: 0.05886461 ustep: 1 
iter: 3  value: 727.5681 mgc: 0.0001043173 ustep: 1 
iter: 4  mgc: 3.778236e-10 
iter: 1  value: 727.2934 mgc: 2.005848 ustep: 1 
iter: 2  value: 727.2933 mgc: 0.01596139 ustep: 1 
iter: 3  value: 727.2933 mgc: 6.137339e-06 ustep: 1 
iter: 4  mgc: 1.431522e-12 
iter: 1  mgc: 1.431522e-12 
outer mgc:  2.359875 
iter: 1  value: 727.2177 mgc: 1.690374 ustep: 1 
iter: 2  value: 727.2177 mgc: 0.02412373 ustep: 1 
iter: 3  value: 727.2177 mgc: 6.069046e-06 ustep: 1 
iter: 4  mgc: 4.138911e-13 
iter: 1  mgc: 4.138911e-13 
outer mgc:  3.936709 
iter: 1  value: 727.0224 mgc: 1.841511 ustep: 1 
iter: 2  value: 727.0223 mgc: 0.01317385 ustep: 1 
iter: 3  value: 727.0223 mgc: 1.354043e-06 ustep: 1 
iter: 4  mgc: 3.68594e-14 
iter: 1  mgc: 3.68594e-14 
outer mgc:  1.085189 
iter: 1  value: 727.0022 mgc: 0.8339108 ustep: 1 
iter: 2  value: 727.0022 mgc: 0.004228099 ustep: 1 
iter: 3  value: 727.0022 mgc: 2.050839e-07 ustep: 1 
iter: 4  mgc: 1.909584e-14 
iter: 1  mgc: 1.909584e-14 
outer mgc:  1.190488 
iter: 1  value: 727.0254 mgc: 0.963546 ustep: 1 
iter: 2  value: 727.0254 mgc: 0.006484116 ustep: 1 
iter: 3  value: 727.0254 mgc: 3.814938e-07 ustep: 1 
iter: 4  mgc: 2.162159e-14 
iter: 1  mgc: 2.162159e-14 
outer mgc:  0.827253 
iter: 1  value: 726.9494 mgc: 0.7387685 ustep: 1 
iter: 2  value: 726.9494 mgc: 0.001736773 ustep: 1 
iter: 3  value: 726.9494 mgc: 8.294592e-08 ustep: 1 
iter: 4  mgc: 2.331468e-14 
iter: 1  mgc: 2.331468e-14 
outer mgc:  1.649665 
iter: 1  value: 726.9619 mgc: 0.8025048 ustep: 1 
iter: 2  value: 726.9618 mgc: 0.006639801 ustep: 1 
iter: 3  value: 726.9618 mgc: 9.233582e-07 ustep: 1 
iter: 4  mgc: 2.775558e-14 
iter: 1  mgc: 2.775558e-14 
outer mgc:  1.432923 
iter: 1  value: 727.0392 mgc: 0.6555248 ustep: 1 
iter: 2  value: 727.0392 mgc: 0.003469077 ustep: 1 
iter: 3  value: 727.0392 mgc: 1.602497e-07 ustep: 1 
iter: 4  mgc: 2.264855e-14 
iter: 1  mgc: 2.264855e-14 
outer mgc:  0.4685085 
iter: 1  value: 727.0085 mgc: 0.4615076 ustep: 1 
iter: 2  value: 727.0085 mgc: 0.0007551744 ustep: 1 
iter: 3  value: 727.0085 mgc: 5.364559e-08 ustep: 1 
iter: 4  mgc: 2.176037e-14 
iter: 1  value: 727.0221 mgc: 0.3304476 ustep: 1 
iter: 2  value: 727.0221 mgc: 0.0002796881 ustep: 1 
iter: 3  mgc: 1.142565e-09 
iter: 1  mgc: 1.142565e-09 
outer mgc:  1.047179 
iter: 1  value: 727.017 mgc: 0.2525257 ustep: 1 
iter: 2  value: 727.017 mgc: 0.0002436039 ustep: 1 
iter: 3  mgc: 6.494933e-10 
iter: 1  mgc: 6.494933e-10 
outer mgc:  0.1286478 
iter: 1  value: 727.0039 mgc: 0.07965208 ustep: 1 
iter: 2  value: 727.0039 mgc: 3.376219e-05 ustep: 1 
iter: 3  mgc: 6.209078e-11 
iter: 1  mgc: 6.209078e-11 
outer mgc:  0.1913649 
iter: 1  value: 726.9905 mgc: 0.1688603 ustep: 1 
iter: 2  value: 726.9905 mgc: 8.738602e-05 ustep: 1 
iter: 3  mgc: 6.329093e-11 
iter: 1  value: 727.0024 mgc: 0.08992049 ustep: 1 
iter: 2  value: 727.0024 mgc: 3.88152e-05 ustep: 1 
iter: 3  mgc: 1.380673e-11 
iter: 1  mgc: 1.380673e-11 
outer mgc:  0.1568017 
iter: 1  value: 726.9981 mgc: 0.04447906 ustep: 1 
iter: 2  value: 726.9981 mgc: 1.473112e-05 ustep: 1 
iter: 3  mgc: 1.993961e-12 
iter: 1  mgc: 1.993961e-12 
outer mgc:  0.05215471 
iter: 1  value: 726.9995 mgc: 0.05719841 ustep: 1 
iter: 2  value: 726.9995 mgc: 1.169836e-05 ustep: 1 
iter: 3  mgc: 3.057554e-12 
iter: 1  value: 726.9989 mgc: 0.02299016 ustep: 1 
iter: 2  value: 726.9989 mgc: 1.88655e-06 ustep: 1 
iter: 3  mgc: 3.277378e-13 
iter: 1  mgc: 3.277378e-13 
outer mgc:  0.08131113 
iter: 1  value: 726.9988 mgc: 0.04101676 ustep: 1 
iter: 2  value: 726.9988 mgc: 9.501292e-06 ustep: 1 
iter: 3  mgc: 1.130651e-12 
iter: 1  mgc: 1.130651e-12 
outer mgc:  0.05007168 
iter: 1  value: 727.0016 mgc: 0.0305584 ustep: 1 
iter: 2  value: 727.0016 mgc: 4.208993e-06 ustep: 1 
iter: 3  mgc: 1.869616e-13 
iter: 1  mgc: 1.869616e-13 
outer mgc:  0.03543286 
iter: 1  value: 726.9982 mgc: 0.00544481 ustep: 1 
iter: 2  value: 726.9982 mgc: 6.979254e-07 ustep: 1 
iter: 3  mgc: 1.965095e-14 
iter: 1  mgc: 1.965095e-14 
outer mgc:  0.03078932 
iter: 1  value: 727 mgc: 0.03937438 ustep: 1 
iter: 2  value: 727 mgc: 5.933589e-06 ustep: 1 
iter: 3  mgc: 6.559198e-13 
iter: 1  value: 726.9987 mgc: 0.01601208 ustep: 1 
iter: 2  value: 726.9987 mgc: 8.967064e-07 ustep: 1 
iter: 3  mgc: 1.820766e-14 
iter: 1  mgc: 1.820766e-14 
outer mgc:  0.02875814 
iter: 1  value: 727 mgc: 0.01108922 ustep: 1 
iter: 2  value: 727 mgc: 3.887421e-07 ustep: 1 
iter: 3  mgc: 1.411371e-14 
iter: 1  mgc: 1.411371e-14 
outer mgc:  0.005970155 
iter: 1  value: 726.9998 mgc: 0.0104902 ustep: 1 
iter: 2  value: 726.9998 mgc: 3.886043e-07 ustep: 1 
iter: 3  mgc: 2.797762e-14 
iter: 1  mgc: 2.797762e-14 
outer mgc:  0.008565359 
iter: 1  value: 727.0007 mgc: 0.003937119 ustep: 1 
iter: 2  value: 727.0007 mgc: 8.148323e-08 ustep: 1 
iter: 3  mgc: 4.116846e-14 
iter: 1  mgc: 4.116846e-14 
outer mgc:  0.009041084 
iter: 1  value: 727.0007 mgc: 0.01849785 ustep: 1 
iter: 2  value: 727.0007 mgc: 1.16001e-06 ustep: 1 
iter: 3  mgc: 2.4869e-14 
iter: 1  mgc: 2.4869e-14 
outer mgc:  0.009664775 
iter: 1  value: 727.0004 mgc: 0.004373368 ustep: 1 
iter: 2  value: 727.0004 mgc: 6.591215e-08 ustep: 1 
mgc: 1.576517e-14 
iter: 1  mgc: 1.576517e-14 
outer mgc:  0.002753807 
iter: 1  value: 727.0006 mgc: 0.009305447 ustep: 1 
iter: 2  value: 727.0006 mgc: 3.03654e-07 ustep: 1 
iter: 3  mgc: 3.153033e-14 
iter: 1  mgc: 3.153033e-14 
outer mgc:  0.003137389 
iter: 1  value: 727.0003 mgc: 0.001827376 ustep: 1 
iter: 2  value: 727.0003 mgc: 1.816367e-08 ustep: 1 
mgc: 1.998401e-14 
iter: 1  value: 727.0005 mgc: 0.0008546166 ustep: 1 
iter: 2  mgc: 4.79929e-09 
iter: 1  mgc: 4.79929e-09 
outer mgc:  0.0006647749 
iter: 1  value: 727.0004 mgc: 0.001443881 ustep: 1 
iter: 2  mgc: 7.152256e-09 
iter: 1  mgc: 4.79929e-09 
iter: 1  mgc: 4.79929e-09 
outer mgc:  0.0006647749 
iter: 1  value: 727.0006 mgc: 0.0529157 ustep: 1 
iter: 2  value: 727.0006 mgc: 8.612523e-06 ustep: 1 
iter: 3  mgc: 5.42677e-13 
outer mgc:  0.05442057 
iter: 1  value: 727.0004 mgc: 0.05291507 ustep: 1 
iter: 2  value: 727.0004 mgc: 8.62304e-06 ustep: 1 
iter: 3  mgc: 5.409007e-13 
outer mgc:  0.05431517 
iter: 1  value: 727.001 mgc: 0.02723426 ustep: 1 
iter: 2  value: 727.001 mgc: 3.706138e-06 ustep: 1 
iter: 3  mgc: 9.414691e-14 
outer mgc:  0.1519257 
iter: 1  value: 727 mgc: 0.0272233 ustep: 1 
iter: 2  value: 727 mgc: 3.708985e-06 ustep: 1 
iter: 3  mgc: 1.034728e-13 
outer mgc:  0.1525301 
iter: 1  value: 727.0003 mgc: 0.05461471 ustep: 1 
iter: 2  value: 727.0003 mgc: 8.765438e-06 ustep: 1 
iter: 3  mgc: 8.875123e-13 
outer mgc:  0.02463081 
iter: 1  value: 727.0006 mgc: 0.05461804 ustep: 1 
iter: 2  value: 727.0006 mgc: 8.777532e-06 ustep: 1 
iter: 3  mgc: 8.928414e-13 
outer mgc:  0.02342955 
iter: 1  value: 727.0002 mgc: 0.02768894 ustep: 1 
iter: 2  value: 727.0002 mgc: 2.015796e-06 ustep: 1 
iter: 3  mgc: 4.951595e-14 
outer mgc:  0.1407471 
iter: 1  value: 727.0009 mgc: 0.02768764 ustep: 1 
iter: 2  value: 727.0009 mgc: 2.014676e-06 ustep: 1 
iter: 3  mgc: 5.12923e-14 
outer mgc:  0.1394011 
iter: 1  value: 727.0004 mgc: 0.0533104 ustep: 1 
iter: 2  value: 727.0004 mgc: 9.383878e-06 ustep: 1 
iter: 3  mgc: 9.85878e-13 
outer mgc:  0.01879503 
iter: 1  value: 727.0006 mgc: 0.05331355 ustep: 1 
iter: 2  value: 727.0006 mgc: 9.396594e-06 ustep: 1 
iter: 3  mgc: 9.878209e-13 
outer mgc:  0.01864238 
iter: 1  value: 727.0005 mgc: 0.03026771 ustep: 1 
iter: 2  value: 727.0005 mgc: 2.571735e-06 ustep: 1 
iter: 3  mgc: 7.782663e-14 
outer mgc:  0.1713299 
iter: 1  value: 727.0006 mgc: 0.03025977 ustep: 1 
iter: 2  value: 727.0006 mgc: 2.572135e-06 ustep: 1 
iter: 3  mgc: 8.748557e-14 
outer mgc:  0.1709044 
iter: 1  value: 727.0003 mgc: 0.03235898 ustep: 1 
iter: 2  value: 727.0003 mgc: 7.498292e-06 ustep: 1 
iter: 3  mgc: 6.061818e-13 
outer mgc:  0.05310275 
iter: 1  value: 727.0007 mgc: 0.03234228 ustep: 1 
iter: 2  value: 727.0007 mgc: 7.503859e-06 ustep: 1 
iter: 3  mgc: 6.062928e-13 
outer mgc:  0.05393234 
iter: 1  value: 727.0006 mgc: 0.0202376 ustep: 1 
iter: 2  value: 727.0006 mgc: 2.93915e-06 ustep: 1 
iter: 3  mgc: 9.903189e-14 
outer mgc:  0.1147734 
iter: 1  value: 727.0004 mgc: 0.02022857 ustep: 1 
iter: 2  value: 727.0004 mgc: 2.938829e-06 ustep: 1 
iter: 3  mgc: 1.013634e-13 
outer mgc:  0.1158171 
iter: 1  value: 727.0012 mgc: 0.003486949 ustep: 1 
iter: 2  value: 727.0012 mgc: 4.872463e-07 ustep: 1 
iter: 3  mgc: 2.930989e-14 
outer mgc:  0.0235716 
iter: 1  value: 726.9998 mgc: 0.003487332 ustep: 1 
iter: 2  value: 726.9998 mgc: 4.859585e-07 ustep: 1 
iter: 3  mgc: 2.420286e-14 
outer mgc:  0.02369443 
iter: 1  value: 726.9998 mgc: 0.002985173 ustep: 1 
iter: 2  value: 726.9998 mgc: 1.462201e-07 ustep: 1 
iter: 3  mgc: 1.976197e-14 
outer mgc:  0.01644955 
iter: 1  value: 727.0011 mgc: 0.002983561 ustep: 1 
iter: 2  value: 727.0011 mgc: 1.459976e-07 ustep: 1 
iter: 3  mgc: 2.479961e-14 
outer mgc:  0.01671666 
iter: 1  value: 727.0014 mgc: 0.001985274 ustep: 1 
iter: 2  value: 727.0014 mgc: 9.648166e-08 ustep: 1 
iter: 3  mgc: 2.04281e-14 
outer mgc:  0.01824998 
iter: 1  value: 726.9995 mgc: 0.00198699 ustep: 1 
iter: 2  value: 726.9995 mgc: 9.676337e-08 ustep: 1 
iter: 3  mgc: 2.176037e-14 
outer mgc:  0.01817219 
iter: 1  value: 726.9986 mgc: 0.004140452 ustep: 1 
iter: 2  value: 726.9986 mgc: 2.787408e-07 ustep: 1 
iter: 3  mgc: 2.398082e-14 
outer mgc:  0.01102896 
iter: 1  value: 727.0023 mgc: 0.0041366 ustep: 1 
iter: 2  value: 727.0023 mgc: 2.782788e-07 ustep: 1 
iter: 3  mgc: 1.86795e-14 
outer mgc:  0.01093448 
iter: 1  value: 726.9991 mgc: 0.003276985 ustep: 1 
iter: 2  value: 726.9991 mgc: 2.135132e-07 ustep: 1 
iter: 3  mgc: 3.375078e-14 
outer mgc:  0.01270461 
iter: 1  value: 727.0019 mgc: 0.003274513 ustep: 1 
iter: 2  value: 727.0019 mgc: 2.132645e-07 ustep: 1 
iter: 3  mgc: 3.352874e-14 
outer mgc:  0.01344774 
iter: 1  value: 727 mgc: 0.003738869 ustep: 1 
iter: 2  value: 727 mgc: 2.139244e-07 ustep: 1 
iter: 3  mgc: 2.364775e-14 
outer mgc:  0.01501323 
iter: 1  value: 727.0009 mgc: 0.00373644 ustep: 1 
iter: 2  value: 727.0009 mgc: 2.130263e-07 ustep: 1 
iter: 3  mgc: 2.309264e-14 
outer mgc:  0.01510418 
iter: 1  value: 727.0033 mgc: 0.008513739 ustep: 1 
iter: 2  value: 727.0033 mgc: 1.201749e-06 ustep: 1 
iter: 3  mgc: 3.330669e-14 
outer mgc:  0.04094474 
iter: 1  value: 726.9976 mgc: 0.008531607 ustep: 1 
iter: 2  value: 726.9976 mgc: 1.205984e-06 ustep: 1 
iter: 3  mgc: 3.153033e-14 
outer mgc:  0.04085443 
iter: 1  value: 727.0029 mgc: 0.004151994 ustep: 1 
iter: 2  value: 727.0029 mgc: 7.800099e-07 ustep: 1 
iter: 3  mgc: 3.219647e-14 
outer mgc:  0.03845914 
iter: 1  value: 726.9981 mgc: 0.004160327 ustep: 1 
iter: 2  value: 726.9981 mgc: 7.821665e-07 ustep: 1 
iter: 3  mgc: 3.352874e-14 
outer mgc:  0.03817138 
iter: 1  value: 727.0022 mgc: 0.004574146 ustep: 1 
iter: 2  value: 727.0022 mgc: 1.85265e-06 ustep: 1 
iter: 3  mgc: 3.130829e-13 
outer mgc:  0.03695647 
iter: 1  value: 726.9987 mgc: 0.004583767 ustep: 1 
iter: 2  value: 726.9987 mgc: 1.857921e-06 ustep: 1 
iter: 3  mgc: 3.13527e-13 
outer mgc:  0.03649459 
iter: 1  value: 727.0037 mgc: 0.009156495 ustep: 1 
iter: 2  value: 727.0037 mgc: 2.596506e-06 ustep: 1 
iter: 3  mgc: 2.251532e-13 
outer mgc:  0.04288599 
iter: 1  value: 726.9972 mgc: 0.009179176 ustep: 1 
iter: 2  value: 726.9972 mgc: 2.60384e-06 ustep: 1 
iter: 3  mgc: 2.278178e-13 
outer mgc:  0.0431117 
[Mon Aug 16 09:27:10 2021]
Finished job 0.
1 of 1 steps (100%) done
