Building DAG of jobs...
Using shell: /usr/bin/bash
Provided cores: 40
Rules claiming more threads will be scaled down.
Job counts:
	count	jobs
	1	inference_simulation_TMB_multiple
	1
Select jobs to execute...

[Sun Aug 15 16:08:59 2021]
rule inference_simulation_TMB_multiple:
    input: ../data/assessing_models_simulation/datasets/multiple_GenerationCnorm_20_100_80_7_0.2_NA_NA_NA_dataset1.RDS
    output: ../data/assessing_models_simulation/inference_results/TMB/nlminb/multiple_GenerationCnorm_20_100_80_7_0.2_fullREM_NA_NA_NA_dataset1.RDS
    log: logs/inference/nlminb/simulation_GenerationCnorm_20_100_80_7_0.2_ModelfullREM_NA_NA_NA_dataset1.log
    jobid: 0
    wildcards: optimiser=nlminb, datasetgeneration=GenerationCnorm, n=20, nlambda=100, lmbda=80, d=7, beta_intensity=0.2, model=fullREM, fixed_beta_intercept=NA, fixed_beta_slope=NA, sdRE_input=NA, itnum=1

Rscript 2_inference_TMB/run_TMB.R --input ../data/assessing_models_simulation/datasets/multiple_GenerationCnorm_20_100_80_7_0.2_NA_NA_NA_dataset1.RDS --output ../data/assessing_models_simulation/inference_results/TMB/nlminb/multiple_GenerationCnorm_20_100_80_7_0.2_fullREM_NA_NA_NA_dataset1.RDS --model fullREM --optimiser nlminb
Model: fullREM 
Feature type: signatures 
Using nlminb: TRUE 
Simulation boolean: TRUE 
make: Nothing to be done for 'all'.
../data/assessing_models_simulation/datasets/multiple_GenerationCnorm_20_100_80_7_0.2_NA_NA_NA_dataset1.RDS[1] "../data/assessing_models_simulation/datasets/multiple_GenerationCnorm_20_100_80_7_0.2_NA_NA_NA_dataset1.RDS"
Reading file ../data/assessing_models_simulation/datasets/multiple_GenerationCnorm_20_100_80_7_0.2_NA_NA_NA_dataset1.RDS 
Loading required package: nnet
# weights:  21 (12 variable)
initial  value 7896.503385 
iter  10 value 7443.862866
final  value 7378.934684 
converged
Order of parameters:
[1] "beta"       "u_large"    "logs_sd_RE" "cov_par_RE"
Not matching template order:
[1] "beta"       "u_large"    "cov_par_RE" "logs_sd_RE"
Your parameter list has been re-ordered.
(Disable this warning with checkParameterOrder=FALSE)
Constructing atomic invpd
Constructing atomic D_lgamma
Constructing atomic invpd
Constructing atomic D_lgamma
Constructing atomic matmul
Constructing atomic invpd
Constructing atomic D_lgamma
Constructing atomic matmul
Optimizing tape... Done
iter: 1  value: 1892.266 mgc: 60.46017 ustep: 1 
iter: 2  value: 1839.493 mgc: 50.55398 ustep: 0.8994163 
iter: 3  value: 1750.779 mgc: 50.99167 ustep: 0.3094714 
iter: 4  value: 1314.929 mgc: 161.4543 ustep: 0.5563459 
iter: 5  value: 1155.567 mgc: 66.4598 ustep: 0.157343 
iter: 6  value: 975.5316 mgc: 59.59101 ustep: 0.3967252 
iter: 7  value: 972.242 mgc: 8.48172 ustep: 0.6298983 
iter: 8  value: 959.2212 mgc: 19.44082 ustep: 0.793682 
iter: 9  value: 958.0873 mgc: 4.833479 ustep: 0.8908992 
iter: 10  value: 958.0595 mgc: 0.7092581 ustep: 0.9438802 
iter: 11  value: 958.0594 mgc: 0.02551131 ustep: 0.9715378 
iter: 12  value: 958.0594 mgc: 0.0001158225 ustep: 0.9856676 
iter: 13  value: 958.0594 mgc: 2.134783e-07 ustep: 0.9928087 
iter: 14  mgc: 1.76803e-09 
iter: 1  mgc: 1.76803e-09 
Matching hessian patterns... Done
outer mgc:  135.8666 
iter: 1  value: 812.4617 mgc: 15.75033 ustep: 1 
iter: 2  value: 811.4066 mgc: 1.776092 ustep: 1 
iter: 3  value: 811.4063 mgc: 0.04154837 ustep: 1 
iter: 4  value: 811.4063 mgc: 3.143232e-05 ustep: 1 
iter: 5  mgc: 1.834677e-11 
iter: 1  mgc: 1.834677e-11 
outer mgc:  70.96295 
iter: 1  value: 760.8147 mgc: 13.83581 ustep: 1 
iter: 2  value: 760.3485 mgc: 1.058675 ustep: 1 
iter: 3  value: 760.3485 mgc: 0.01278689 ustep: 1 
iter: 4  value: 760.3485 mgc: 3.734863e-06 ustep: 1 
iter: 5  mgc: 3.202993e-13 
iter: 1  mgc: 3.202993e-13 
outer mgc:  30.84956 
iter: 1  value: 756.1552 mgc: 25.94571 ustep: 1 
iter: 2  value: 754.0923 mgc: 3.083313 ustep: 1 
iter: 3  value: 754.0912 mgc: 0.07556726 ustep: 1 
iter: 4  value: 754.0912 mgc: 9.142133e-05 ustep: 1 
iter: 5  mgc: 1.328761e-10 
iter: 1  mgc: 1.328761e-10 
outer mgc:  102.2263 
iter: 1  value: 705.3686 mgc: 24.37027 ustep: 1 
iter: 2  value: 703.8782 mgc: 2.831485 ustep: 1 
iter: 3  value: 703.8781 mgc: 0.02657993 ustep: 1 
iter: 4  value: 703.8781 mgc: 2.900233e-06 ustep: 1 
iter: 5  mgc: 2.953193e-14 
iter: 1  mgc: 2.953193e-14 
outer mgc:  48.38136 
iter: 1  value: 693.4311 mgc: 26.63206 ustep: 1 
iter: 2  value: 693.167 mgc: 0.9468838 ustep: 1 
iter: 3  value: 693.167 mgc: 0.00633961 ustep: 1 
iter: 4  value: 693.167 mgc: 5.234965e-07 ustep: 1 
iter: 5  mgc: 2.04281e-14 
iter: 1  mgc: 2.04281e-14 
outer mgc:  54.95305 
iter: 1  value: 662.5045 mgc: 17.14034 ustep: 1 
iter: 2  value: 661.6127 mgc: 2.858301 ustep: 1 
iter: 3  value: 661.6126 mgc: 0.05893428 ustep: 1 
iter: 4  value: 661.6126 mgc: 2.858478e-05 ustep: 1 
iter: 5  mgc: 6.501022e-12 
iter: 1  mgc: 6.501022e-12 
outer mgc:  27.55963 
iter: 1  value: 699.4536 mgc: 33.26005 ustep: 1 
iter: 2  value: 697.9913 mgc: 4.032046 ustep: 1 
iter: 3  value: 697.9912 mgc: 0.05214844 ustep: 1 
iter: 4  value: 697.9912 mgc: 7.601733e-06 ustep: 1 
iter: 5  mgc: 1.683098e-13 
iter: 1  value: 653.7221 mgc: 8.64881 ustep: 1 
iter: 2  value: 653.7106 mgc: 0.256233 ustep: 1 
iter: 3  value: 653.7106 mgc: 0.000495921 ustep: 1 
iter: 4  mgc: 1.653626e-09 
iter: 1  mgc: 1.653626e-09 
outer mgc:  20.80229 
iter: 1  value: 652.7976 mgc: 10.68654 ustep: 1 
iter: 2  value: 652.7913 mgc: 0.1502832 ustep: 1 
iter: 3  value: 652.7913 mgc: 0.0001342863 ustep: 1 
iter: 4  mgc: 4.967893e-11 
iter: 1  mgc: 4.967893e-11 
outer mgc:  37.96919 
iter: 1  value: 646.736 mgc: 6.915718 ustep: 1 
iter: 2  value: 646.7345 mgc: 0.09424224 ustep: 1 
iter: 3  value: 646.7345 mgc: 2.480838e-05 ustep: 1 
iter: 4  mgc: 1.5139e-12 
iter: 1  mgc: 1.5139e-12 
outer mgc:  9.860182 
iter: 1  value: 643.076 mgc: 1.465116 ustep: 1 
iter: 2  value: 643.076 mgc: 0.006957981 ustep: 1 
iter: 3  value: 643.076 mgc: 1.331072e-07 ustep: 1 
iter: 4  mgc: 2.220446e-14 
iter: 1  value: 635.1955 mgc: 6.033866 ustep: 1 
iter: 2  value: 635.1951 mgc: 0.08076885 ustep: 1 
iter: 3  value: 635.1951 mgc: 2.727414e-05 ustep: 1 
iter: 4  mgc: 5.156764e-11 
iter: 1  mgc: 5.156764e-11 
outer mgc:  15.5473 
iter: 1  value: 625.1132 mgc: 11.47556 ustep: 1 
iter: 2  value: 625.1076 mgc: 0.2604609 ustep: 1 
iter: 3  value: 625.1076 mgc: 0.0003344089 ustep: 1 
iter: 4  mgc: 4.738243e-10 
iter: 1  mgc: 4.738243e-10 
outer mgc:  25.28461 
iter: 1  value: 630.0154 mgc: 17.95081 ustep: 1 
iter: 2  value: 630.0026 mgc: 0.3961117 ustep: 1 
iter: 3  value: 630.0026 mgc: 0.0005180594 ustep: 1 
iter: 4  mgc: 1.042905e-09 
iter: 1  value: 623.8396 mgc: 6.919619 ustep: 1 
iter: 2  value: 623.8385 mgc: 0.08747048 ustep: 1 
iter: 3  value: 623.8385 mgc: 4.125074e-05 ustep: 1 
iter: 4  mgc: 7.396306e-12 
iter: 1  mgc: 7.396306e-12 
outer mgc:  23.16725 
iter: 1  value: 622.6371 mgc: 7.607054 ustep: 1 
iter: 2  value: 622.6369 mgc: 0.04165663 ustep: 1 
iter: 3  value: 622.6369 mgc: 9.207777e-06 ustep: 1 
iter: 4  mgc: 6.403766e-13 
iter: 1  mgc: 6.403766e-13 
outer mgc:  22.07417 
iter: 1  value: 622.1126 mgc: 5.557135 ustep: 1 
iter: 2  value: 622.1125 mgc: 0.0457512 ustep: 1 
iter: 3  value: 622.1125 mgc: 3.959599e-06 ustep: 1 
iter: 4  mgc: 2.442491e-14 
iter: 1  mgc: 2.442491e-14 
outer mgc:  12.32989 
iter: 1  value: 620.7142 mgc: 3.94678 ustep: 1 
iter: 2  value: 620.7141 mgc: 0.03632991 ustep: 1 
iter: 3  value: 620.7141 mgc: 6.52281e-06 ustep: 1 
iter: 4  mgc: 1.945111e-13 
iter: 1  mgc: 1.945111e-13 
outer mgc:  6.776803 
iter: 1  value: 619.9623 mgc: 2.532538 ustep: 1 
iter: 2  value: 619.9623 mgc: 0.01848682 ustep: 1 
iter: 3  value: 619.9623 mgc: 1.084788e-06 ustep: 1 
iter: 4  mgc: 2.176037e-14 
iter: 1  mgc: 2.176037e-14 
outer mgc:  10.65818 
iter: 1  value: 618.6872 mgc: 2.400842 ustep: 1 
iter: 2  value: 618.6871 mgc: 0.01381517 ustep: 1 
iter: 3  value: 618.6871 mgc: 1.594577e-06 ustep: 1 
iter: 4  mgc: 3.969047e-14 
iter: 1  mgc: 3.969047e-14 
outer mgc:  9.785585 
iter: 1  value: 617.8421 mgc: 3.692589 ustep: 1 
iter: 2  value: 617.842 mgc: 0.02058958 ustep: 1 
iter: 3  value: 617.842 mgc: 4.479916e-07 ustep: 1 
iter: 4  mgc: 1.865175e-14 
iter: 1  value: 618.4358 mgc: 2.90116 ustep: 1 
iter: 2  value: 618.4358 mgc: 0.01252216 ustep: 1 
iter: 3  value: 618.4358 mgc: 1.992428e-07 ustep: 1 
iter: 4  mgc: 2.775558e-14 
iter: 1  value: 618.443 mgc: 1.681856 ustep: 1 
iter: 2  value: 618.443 mgc: 0.003870155 ustep: 1 
iter: 3  value: 618.443 mgc: 2.073722e-08 ustep: 1 
mgc: 2.664535e-14 
iter: 1  mgc: 2.664535e-14 
outer mgc:  5.845722 
iter: 1  value: 618.1743 mgc: 1.056693 ustep: 1 
iter: 2  value: 618.1743 mgc: 0.00163294 ustep: 1 
iter: 3  mgc: 9.771093e-09 
iter: 1  mgc: 9.771093e-09 
outer mgc:  3.607327 
iter: 1  value: 617.9268 mgc: 0.8013832 ustep: 1 
iter: 2  value: 617.9268 mgc: 0.0008245013 ustep: 1 
iter: 3  mgc: 8.175165e-10 
iter: 1  mgc: 8.175165e-10 
outer mgc:  3.209377 
iter: 1  value: 617.506 mgc: 0.7183102 ustep: 1 
iter: 2  value: 617.506 mgc: 0.0007080388 ustep: 1 
iter: 3  mgc: 5.385627e-09 
iter: 1  value: 616.9911 mgc: 0.6056559 ustep: 1 
iter: 2  value: 616.9911 mgc: 0.001478037 ustep: 1 
iter: 3  value: 616.9911 mgc: 2.092468e-08 ustep: 1 
mgc: 2.04281e-14 
iter: 1  value: 616.2369 mgc: 1.196819 ustep: 1 
iter: 2  value: 616.2369 mgc: 0.004925276 ustep: 1 
iter: 3  value: 616.2369 mgc: 2.271047e-07 ustep: 1 
iter: 4  mgc: 2.04281e-14 
iter: 1  mgc: 2.04281e-14 
outer mgc:  4.982343 
iter: 1  value: 614.9675 mgc: 2.521326 ustep: 1 
iter: 2  value: 614.9674 mgc: 0.03070654 ustep: 1 
iter: 3  value: 614.9674 mgc: 1.03371e-05 ustep: 1 
iter: 4  mgc: 1.12621e-12 
iter: 1  mgc: 1.12621e-12 
outer mgc:  7.875991 
iter: 1  value: 616.9912 mgc: 8.676848 ustep: 1 
iter: 2  value: 616.9904 mgc: 0.1315014 ustep: 1 
iter: 3  value: 616.9904 mgc: 0.0001364219 ustep: 1 
iter: 4  mgc: 1.417009e-10 
iter: 1  value: 615.2158 mgc: 4.724067 ustep: 1 
iter: 2  value: 615.2157 mgc: 0.03583551 ustep: 1 
iter: 3  value: 615.2157 mgc: 9.462804e-06 ustep: 1 
iter: 4  mgc: 6.248335e-13 
iter: 1  mgc: 6.248335e-13 
outer mgc:  10.34179 
iter: 1  value: 615.6049 mgc: 1.883498 ustep: 1 
iter: 2  value: 615.6048 mgc: 0.007119087 ustep: 1 
iter: 3  value: 615.6048 mgc: 9.379778e-07 ustep: 1 
iter: 4  mgc: 3.28626e-14 
iter: 1  mgc: 3.28626e-14 
outer mgc:  6.746726 
iter: 1  value: 614.818 mgc: 2.456773 ustep: 1 
iter: 2  value: 614.818 mgc: 0.01833335 ustep: 1 
iter: 3  value: 614.818 mgc: 2.381189e-06 ustep: 1 
iter: 4  mgc: 2.842171e-14 
iter: 1  mgc: 2.842171e-14 
outer mgc:  2.408161 
iter: 1  value: 614.433 mgc: 1.431098 ustep: 1 
iter: 2  value: 614.433 mgc: 0.01256764 ustep: 1 
iter: 3  value: 614.433 mgc: 1.056024e-06 ustep: 1 
iter: 4  mgc: 2.020606e-14 
iter: 1  mgc: 2.020606e-14 
outer mgc:  4.107142 
iter: 1  value: 613.7449 mgc: 1.624101 ustep: 1 
iter: 2  value: 613.7449 mgc: 0.007977277 ustep: 1 
iter: 3  value: 613.7449 mgc: 7.168863e-07 ustep: 1 
iter: 4  mgc: 1.598721e-14 
iter: 1  mgc: 1.598721e-14 
outer mgc:  6.925379 
iter: 1  value: 613.6184 mgc: 2.295635 ustep: 1 
iter: 2  value: 613.6184 mgc: 0.01573615 ustep: 1 
iter: 3  value: 613.6184 mgc: 1.774462e-06 ustep: 1 
iter: 4  mgc: 2.930989e-14 
iter: 1  mgc: 2.930989e-14 
outer mgc:  4.899108 
iter: 1  value: 613.2721 mgc: 1.737511 ustep: 1 
iter: 2  value: 613.272 mgc: 0.01261859 ustep: 1 
iter: 3  value: 613.272 mgc: 1.094526e-06 ustep: 1 
iter: 4  mgc: 2.797762e-14 
iter: 1  mgc: 2.797762e-14 
outer mgc:  5.684109 
iter: 1  value: 612.7682 mgc: 2.091434 ustep: 1 
iter: 2  value: 612.7681 mgc: 0.01017795 ustep: 1 
iter: 3  value: 612.7681 mgc: 3.71817e-07 ustep: 1 
iter: 4  mgc: 2.664535e-14 
iter: 1  mgc: 2.664535e-14 
outer mgc:  7.185639 
iter: 1  value: 612.0967 mgc: 2.501249 ustep: 1 
iter: 2  value: 612.0967 mgc: 0.01421713 ustep: 1 
iter: 3  value: 612.0967 mgc: 9.454125e-07 ustep: 1 
iter: 4  mgc: 1.865175e-14 
iter: 1  mgc: 1.865175e-14 
outer mgc:  9.070563 
iter: 1  value: 611.9833 mgc: 1.910104 ustep: 1 
iter: 2  value: 611.9833 mgc: 0.007912513 ustep: 1 
iter: 3  value: 611.9833 mgc: 3.218804e-07 ustep: 1 
iter: 4  mgc: 2.398082e-14 
iter: 1  mgc: 2.398082e-14 
outer mgc:  5.381616 
iter: 1  value: 611.5227 mgc: 2.163634 ustep: 1 
iter: 2  value: 611.5227 mgc: 0.0137824 ustep: 1 
iter: 3  value: 611.5227 mgc: 8.713763e-07 ustep: 1 
iter: 4  mgc: 2.753353e-14 
iter: 1  mgc: 2.753353e-14 
outer mgc:  2.381197 
iter: 1  value: 611.5838 mgc: 2.84719 ustep: 1 
iter: 2  value: 611.5837 mgc: 0.02516633 ustep: 1 
iter: 3  value: 611.5837 mgc: 8.042581e-06 ustep: 1 
iter: 4  mgc: 7.434053e-13 
iter: 1  value: 611.4167 mgc: 1.175397 ustep: 1 
iter: 2  value: 611.4167 mgc: 0.002269213 ustep: 1 
iter: 3  value: 611.4167 mgc: 7.721375e-08 ustep: 1 
mgc: 2.753353e-14 
iter: 1  mgc: 2.753353e-14 
outer mgc:  5.41506 
iter: 1  value: 611.3129 mgc: 0.8026026 ustep: 1 
iter: 2  value: 611.3129 mgc: 0.0009167467 ustep: 1 
iter: 3  mgc: 1.261386e-09 
iter: 1  mgc: 1.261386e-09 
outer mgc:  1.929824 
iter: 1  value: 611.2647 mgc: 0.5828653 ustep: 1 
iter: 2  value: 611.2647 mgc: 0.0002981774 ustep: 1 
iter: 3  mgc: 1.816138e-10 
iter: 1  mgc: 1.816138e-10 
outer mgc:  2.226685 
iter: 1  value: 611.1569 mgc: 0.3758427 ustep: 1 
iter: 2  value: 611.1569 mgc: 0.0001944271 ustep: 1 
iter: 3  mgc: 5.036904e-11 
iter: 1  mgc: 5.036904e-11 
outer mgc:  0.7744146 
iter: 1  value: 611.055 mgc: 0.2808458 ustep: 1 
iter: 2  value: 611.055 mgc: 7.880099e-05 ustep: 1 
iter: 3  mgc: 7.273737e-12 
iter: 1  value: 610.9034 mgc: 0.1207663 ustep: 1 
iter: 2  value: 610.9034 mgc: 3.630433e-05 ustep: 1 
iter: 3  mgc: 4.91962e-12 
iter: 1  value: 610.1988 mgc: 0.617978 ustep: 1 
iter: 2  value: 610.1988 mgc: 0.0008769362 ustep: 1 
iter: 3  mgc: 2.619637e-09 
iter: 1  value: 608.405 mgc: 2.034853 ustep: 1 
iter: 2  value: 608.405 mgc: 0.007724925 ustep: 1 
iter: 3  value: 608.405 mgc: 1.626072e-07 ustep: 1 
iter: 4  mgc: 2.398082e-14 
iter: 1  mgc: 2.398082e-14 
outer mgc:  3.635809 
iter: 1  value: 606.933 mgc: 3.657769 ustep: 1 
iter: 2  value: 606.933 mgc: 0.02442504 ustep: 1 
iter: 3  value: 606.933 mgc: 1.857053e-06 ustep: 1 
iter: 4  mgc: 3.730349e-14 
iter: 1  mgc: 3.730349e-14 
outer mgc:  6.319166 
iter: 1  value: 605.5345 mgc: 4.206906 ustep: 1 
iter: 2  value: 605.5345 mgc: 0.02825111 ustep: 1 
iter: 3  value: 605.5345 mgc: 3.105234e-06 ustep: 1 
iter: 4  mgc: 4.054534e-13 
iter: 1  mgc: 4.054534e-13 
outer mgc:  4.630499 
iter: 1  value: 604.8258 mgc: 6.051882 ustep: 1 
iter: 2  value: 604.8256 mgc: 0.07209298 ustep: 1 
iter: 3  value: 604.8256 mgc: 1.402984e-05 ustep: 1 
iter: 4  mgc: 6.104006e-13 
iter: 1  value: 605.3257 mgc: 4.301968 ustep: 1 
iter: 2  value: 605.3256 mgc: 0.05129231 ustep: 1 
iter: 3  value: 605.3256 mgc: 6.924929e-06 ustep: 1 
iter: 4  mgc: 1.335598e-13 
iter: 1  value: 605.2623 mgc: 2.285194 ustep: 1 
iter: 2  value: 605.2623 mgc: 0.01590465 ustep: 1 
iter: 3  value: 605.2623 mgc: 7.081273e-07 ustep: 1 
iter: 4  mgc: 2.4869e-14 
iter: 1  mgc: 2.4869e-14 
outer mgc:  6.25038 
iter: 1  value: 604.9385 mgc: 1.439984 ustep: 1 
iter: 2  value: 604.9385 mgc: 0.002576007 ustep: 1 
iter: 3  value: 604.9385 mgc: 1.417403e-08 ustep: 1 
mgc: 2.087219e-14 
iter: 1  mgc: 2.087219e-14 
outer mgc:  3.22758 
iter: 1  value: 604.784 mgc: 0.7364499 ustep: 1 
iter: 2  value: 604.784 mgc: 0.0005727516 ustep: 1 
iter: 3  mgc: 1.369839e-09 
iter: 1  mgc: 1.369839e-09 
outer mgc:  2.642674 
iter: 1  value: 604.6348 mgc: 0.5324687 ustep: 1 
iter: 2  value: 604.6348 mgc: 0.0003342791 ustep: 1 
iter: 3  mgc: 3.488951e-10 
iter: 1  mgc: 3.488951e-10 
outer mgc:  1.144346 
iter: 1  value: 604.4558 mgc: 0.5263699 ustep: 1 
iter: 2  value: 604.4558 mgc: 0.0004848329 ustep: 1 
iter: 3  mgc: 1.125855e-09 
iter: 1  mgc: 1.125855e-09 
outer mgc:  1.353897 
iter: 1  value: 604.1906 mgc: 0.8852611 ustep: 1 
iter: 2  value: 604.1906 mgc: 0.0005399124 ustep: 1 
iter: 3  mgc: 1.045173e-09 
iter: 1  mgc: 1.045173e-09 
outer mgc:  1.028344 
iter: 1  value: 603.856 mgc: 1.624192 ustep: 1 
iter: 2  value: 603.856 mgc: 0.001712195 ustep: 1 
iter: 3  value: 603.856 mgc: 1.087274e-08 ustep: 1 
mgc: 3.730349e-14 
iter: 1  mgc: 3.730349e-14 
outer mgc:  1.338471 
iter: 1  value: 603.5799 mgc: 0.6836764 ustep: 1 
iter: 2  value: 603.5799 mgc: 0.0005390116 ustep: 1 
iter: 3  mgc: 1.352201e-09 
iter: 1  mgc: 1.352201e-09 
outer mgc:  2.621329 
iter: 1  value: 603.5546 mgc: 0.9630841 ustep: 1 
iter: 2  value: 603.5546 mgc: 0.0007497752 ustep: 1 
iter: 3  mgc: 2.807592e-09 
iter: 1  mgc: 2.807592e-09 
outer mgc:  1.172276 
iter: 1  value: 603.1696 mgc: 0.706675 ustep: 1 
iter: 2  value: 603.1696 mgc: 0.0006389601 ustep: 1 
iter: 3  mgc: 1.287682e-09 
iter: 1  mgc: 1.287682e-09 
outer mgc:  2.038477 
iter: 1  value: 602.8864 mgc: 0.9372058 ustep: 1 
iter: 2  value: 602.8864 mgc: 0.0005730229 ustep: 1 
iter: 3  mgc: 5.822771e-10 
iter: 1  value: 603.0194 mgc: 0.8676568 ustep: 1 
iter: 2  value: 603.0194 mgc: 0.0007282637 ustep: 1 
iter: 3  mgc: 7.328635e-10 
iter: 1  value: 603.118 mgc: 0.8642276 ustep: 1 
iter: 2  value: 603.118 mgc: 0.0007789123 ustep: 1 
iter: 3  mgc: 7.93309e-10 
iter: 1  value: 603.1364 mgc: 0.2977483 ustep: 1 
iter: 2  value: 603.1364 mgc: 9.235501e-05 ustep: 1 
iter: 3  mgc: 1.116263e-11 
iter: 1  mgc: 1.116263e-11 
outer mgc:  0.5477906 
iter: 1  value: 603.1109 mgc: 0.2826724 ustep: 1 
iter: 2  value: 603.1109 mgc: 4.702573e-05 ustep: 1 
iter: 3  mgc: 6.67999e-12 
iter: 1  mgc: 6.67999e-12 
outer mgc:  0.8906879 
iter: 1  value: 603.08 mgc: 0.1373887 ustep: 1 
iter: 2  value: 603.08 mgc: 1.917774e-05 ustep: 1 
iter: 3  mgc: 3.446132e-13 
iter: 1  mgc: 3.446132e-13 
outer mgc:  0.3968397 
iter: 1  value: 603.0352 mgc: 0.1014167 ustep: 1 
iter: 2  value: 603.0352 mgc: 1.028379e-05 ustep: 1 
iter: 3  mgc: 2.549072e-13 
iter: 1  mgc: 2.549072e-13 
outer mgc:  0.5189653 
iter: 1  value: 602.9577 mgc: 0.1214649 ustep: 1 
iter: 2  value: 602.9577 mgc: 1.30311e-05 ustep: 1 
iter: 3  mgc: 2.88658e-13 
iter: 1  value: 602.8034 mgc: 0.1235276 ustep: 1 
iter: 2  value: 602.8034 mgc: 1.152366e-05 ustep: 1 
iter: 3  mgc: 2.87681e-12 
iter: 1  value: 602.1755 mgc: 0.5273628 ustep: 1 
iter: 2  value: 602.1755 mgc: 0.0001984242 ustep: 1 
iter: 3  mgc: 8.894814e-10 
iter: 1  mgc: 8.894814e-10 
outer mgc:  1.50923 
iter: 1  value: 601.4855 mgc: 0.5151524 ustep: 1 
iter: 2  value: 601.4855 mgc: 0.0008967912 ustep: 1 
iter: 3  mgc: 7.935762e-09 
iter: 1  mgc: 7.935762e-09 
outer mgc:  1.473198 
iter: 1  value: 600.9038 mgc: 1.425175 ustep: 1 
iter: 2  value: 600.9038 mgc: 0.001685838 ustep: 1 
iter: 3  value: 600.9038 mgc: 1.093643e-08 ustep: 1 
mgc: 3.397282e-14 
iter: 1  mgc: 3.397282e-14 
outer mgc:  1.548353 
iter: 1  value: 599.8417 mgc: 2.292642 ustep: 1 
iter: 2  value: 599.8417 mgc: 0.002365406 ustep: 1 
iter: 3  value: 599.8417 mgc: 1.846912e-08 ustep: 1 
mgc: 3.197442e-14 
iter: 1  mgc: 3.197442e-14 
outer mgc:  2.05657 
iter: 1  value: 598.6891 mgc: 1.315931 ustep: 1 
iter: 2  value: 598.6891 mgc: 0.001267318 ustep: 1 
iter: 3  mgc: 2.022618e-09 
iter: 1  mgc: 2.022618e-09 
outer mgc:  2.90678 
iter: 1  value: 597.483 mgc: 1.673291 ustep: 1 
iter: 2  value: 597.483 mgc: 0.001084221 ustep: 1 
iter: 3  mgc: 3.486524e-09 
iter: 1  mgc: 3.486524e-09 
outer mgc:  2.005561 
iter: 1  value: 596.6684 mgc: 1.210188 ustep: 1 
iter: 2  value: 596.6684 mgc: 0.0009435487 ustep: 1 
iter: 3  mgc: 1.598152e-09 
iter: 1  mgc: 1.598152e-09 
outer mgc:  4.294459 
iter: 1  value: 596.1217 mgc: 0.8642358 ustep: 1 
iter: 2  value: 596.1217 mgc: 0.0006948102 ustep: 1 
iter: 3  mgc: 2.349496e-09 
iter: 1  mgc: 2.349496e-09 
outer mgc:  1.55888 
iter: 1  value: 594.9789 mgc: 1.46767 ustep: 1 
iter: 2  value: 594.9789 mgc: 0.001023775 ustep: 1 
iter: 3  mgc: 7.524614e-09 
iter: 1  mgc: 7.524614e-09 
outer mgc:  3.084263 
iter: 1  value: 593.8457 mgc: 1.127972 ustep: 1 
iter: 2  value: 593.8457 mgc: 0.0003215505 ustep: 1 
iter: 3  mgc: 8.943388e-10 
iter: 1  mgc: 8.943388e-10 
outer mgc:  1.350272 
iter: 1  value: 593.0191 mgc: 0.985314 ustep: 1 
iter: 2  value: 593.0191 mgc: 0.0005885519 ustep: 1 
iter: 3  mgc: 1.698795e-09 
iter: 1  mgc: 1.698795e-09 
outer mgc:  1.893988 
iter: 1  value: 592.3264 mgc: 0.6363261 ustep: 1 
iter: 2  value: 592.3264 mgc: 0.0002274071 ustep: 1 
iter: 3  mgc: 5.879537e-10 
iter: 1  mgc: 5.879537e-10 
outer mgc:  1.396011 
iter: 1  value: 591.5616 mgc: 0.761851 ustep: 1 
iter: 2  value: 591.5616 mgc: 9.288622e-05 ustep: 1 
iter: 3  mgc: 2.029932e-11 
iter: 1  mgc: 2.029932e-11 
outer mgc:  0.4900478 
iter: 1  value: 590.892 mgc: 1.490848 ustep: 1 
iter: 2  value: 590.892 mgc: 0.0006441161 ustep: 1 
iter: 3  mgc: 9.57936e-10 
iter: 1  mgc: 9.57936e-10 
outer mgc:  0.5423855 
iter: 1  value: 590.0819 mgc: 0.6366337 ustep: 1 
iter: 2  value: 590.0819 mgc: 7.679618e-05 ustep: 1 
iter: 3  mgc: 2.117018e-11 
iter: 1  value: 588.7761 mgc: 1.104153 ustep: 1 
iter: 2  value: 588.7761 mgc: 0.0001087576 ustep: 1 
iter: 3  mgc: 1.282365e-10 
iter: 1  mgc: 1.282365e-10 
outer mgc:  0.5377884 
iter: 1  value: 586.7809 mgc: 4.417448 ustep: 1 
iter: 2  value: 586.7809 mgc: 0.0006562244 ustep: 1 
iter: 3  mgc: 4.292207e-09 
iter: 1  mgc: 4.292207e-09 
outer mgc:  0.7696087 
iter: 1  value: 584.8835 mgc: 6.751116 ustep: 1 
iter: 2  value: 584.8835 mgc: 0.002460691 ustep: 1 
iter: 3  value: 584.8835 mgc: 1.433511e-08 ustep: 1 
mgc: 1.580958e-13 
iter: 1  mgc: 1.580958e-13 
outer mgc:  0.8010488 
iter: 1  value: 584.3264 mgc: 7.947999 ustep: 1 
iter: 2  value: 584.3264 mgc: 0.004318723 ustep: 1 
iter: 3  value: 584.3264 mgc: 4.492431e-08 ustep: 1 
mgc: 9.237056e-14 
iter: 1  value: 584.6869 mgc: 2.706724 ustep: 1 
iter: 2  value: 584.6869 mgc: 0.0004760168 ustep: 1 
iter: 3  mgc: 5.818608e-10 
iter: 1  mgc: 5.818608e-10 
outer mgc:  0.6574457 
iter: 1  value: 584.8237 mgc: 3.01705 ustep: 1 
iter: 2  value: 584.8237 mgc: 0.0004201389 ustep: 1 
iter: 3  mgc: 3.742975e-10 
iter: 1  mgc: 3.742975e-10 
outer mgc:  0.2351861 
iter: 1  value: 584.8552 mgc: 3.221629 ustep: 1 
iter: 2  value: 584.8552 mgc: 0.0007469189 ustep: 1 
iter: 3  mgc: 5.096221e-09 
iter: 1  value: 584.8375 mgc: 1.554999 ustep: 1 
iter: 2  value: 584.8375 mgc: 0.0001740211 ustep: 1 
iter: 3  mgc: 2.752709e-10 
iter: 1  mgc: 2.752709e-10 
outer mgc:  0.2328654 
iter: 1  value: 584.9125 mgc: 0.546472 ustep: 1 
iter: 2  value: 584.9125 mgc: 1.614894e-05 ustep: 1 
iter: 3  mgc: 2.292389e-12 
iter: 1  value: 585.1307 mgc: 1.547023 ustep: 1 
iter: 2  value: 585.1307 mgc: 0.0001212759 ustep: 1 
iter: 3  mgc: 1.637379e-10 
iter: 1  mgc: 1.637379e-10 
outer mgc:  0.4374101 
iter: 1  value: 584.9877 mgc: 0.5607642 ustep: 1 
iter: 2  value: 584.9877 mgc: 6.254859e-05 ustep: 1 
iter: 3  mgc: 2.760858e-11 
iter: 1  value: 584.6754 mgc: 1.335599 ustep: 1 
iter: 2  value: 584.6754 mgc: 0.0003532266 ustep: 1 
iter: 3  mgc: 8.566321e-10 
iter: 1  mgc: 8.566321e-10 
outer mgc:  0.7845629 
iter: 1  value: 584.0928 mgc: 1.881608 ustep: 1 
iter: 2  value: 584.0928 mgc: 0.0002317987 ustep: 1 
iter: 3  mgc: 1.2753e-10 
iter: 1  value: 583.2167 mgc: 3.63054 ustep: 1 
iter: 2  value: 583.2167 mgc: 0.0007447269 ustep: 1 
iter: 3  mgc: 1.454467e-09 
iter: 1  mgc: 1.454467e-09 
outer mgc:  1.351845 
iter: 1  value: 581.7992 mgc: 7.531664 ustep: 1 
iter: 2  value: 581.7992 mgc: 0.002570721 ustep: 1 
iter: 3  value: 581.7992 mgc: 2.578972e-08 ustep: 1 
mgc: 1.785239e-13 
iter: 1  mgc: 1.785239e-13 
outer mgc:  2.039236 
iter: 1  value: 579.5347 mgc: 5.002106 ustep: 1 
iter: 2  value: 579.5347 mgc: 0.001774978 ustep: 1 
iter: 3  value: 579.5347 mgc: 1.260559e-07 ustep: 1 
iter: 4  mgc: 3.43392e-13 
iter: 1  mgc: 3.43392e-13 
outer mgc:  0.9005444 
iter: 1  value: 577.9584 mgc: 8.927957 ustep: 1 
iter: 2  value: 577.9584 mgc: 0.003844628 ustep: 1 
iter: 3  value: 577.9584 mgc: 9.879857e-08 ustep: 1 
iter: 4  mgc: 2.642331e-13 
iter: 1  mgc: 2.642331e-13 
outer mgc:  0.9874531 
iter: 1  value: 577.4653 mgc: 6.891744 ustep: 1 
iter: 2  value: 577.4653 mgc: 0.0008905434 ustep: 1 
iter: 3  mgc: 1.019453e-09 
iter: 1  mgc: 1.019453e-09 
outer mgc:  0.455955 
iter: 1  value: 576.7033 mgc: 4.701246 ustep: 1 
iter: 2  value: 576.7033 mgc: 0.0001719066 ustep: 1 
iter: 3  mgc: 1.041198e-10 
iter: 1  mgc: 1.041198e-10 
outer mgc:  0.3485684 
iter: 1  value: 575.7752 mgc: 1.519964 ustep: 1 
iter: 2  value: 575.7752 mgc: 2.957792e-05 ustep: 1 
iter: 3  mgc: 1.244871e-11 
iter: 1  mgc: 1.244871e-11 
outer mgc:  0.1674698 
iter: 1  value: 573.583 mgc: 3.107475 ustep: 1 
iter: 2  value: 573.583 mgc: 7.913341e-05 ustep: 1 
iter: 3  mgc: 6.037615e-11 
iter: 1  mgc: 6.037615e-11 
outer mgc:  0.07300756 
iter: 1  value: 571.664 mgc: 2.336378 ustep: 1 
iter: 2  value: 571.664 mgc: 0.0001128858 ustep: 1 
iter: 3  mgc: 2.090386e-10 
iter: 1  mgc: 2.090386e-10 
outer mgc:  0.2000802 
iter: 1  value: 570.1313 mgc: 3.294479 ustep: 1 
iter: 2  value: 570.1313 mgc: 2.457411e-05 ustep: 1 
iter: 3  mgc: 3.052447e-12 
iter: 1  value: 567.8356 mgc: 6.328985 ustep: 1 
iter: 2  value: 567.8356 mgc: 6.662771e-05 ustep: 1 
iter: 3  mgc: 2.547829e-11 
iter: 1  mgc: 2.547829e-11 
outer mgc:  0.2853941 
iter: 1  value: 563.7556 mgc: 9.597858 ustep: 1 
iter: 2  value: 563.7556 mgc: 0.0001491863 ustep: 1 
iter: 3  mgc: 4.054579e-11 
iter: 1  mgc: 4.054579e-11 
outer mgc:  0.1237977 
iter: 1  value: 561.0778 mgc: 5.911899 ustep: 1 
iter: 2  value: 561.0778 mgc: 1.967178e-05 ustep: 1 
iter: 3  mgc: 1.317169e-12 
iter: 1  mgc: 1.317169e-12 
outer mgc:  0.2033254 
iter: 1  value: 558.6938 mgc: 5.065121 ustep: 1 
iter: 2  value: 558.6938 mgc: 2.057e-05 ustep: 1 
iter: 3  mgc: 1.19349e-12 
iter: 1  mgc: 1.19349e-12 
outer mgc:  0.119987 
iter: 1  value: 556.5481 mgc: 4.894369 ustep: 1 
iter: 2  value: 556.5481 mgc: 3.832675e-06 ustep: 1 
iter: 3  mgc: 2.911449e-12 
iter: 1  value: 554.1518 mgc: 7.040495 ustep: 1 
iter: 2  value: 554.1518 mgc: 5.888025e-06 ustep: 1 
iter: 3  mgc: 2.89635e-12 
iter: 1  mgc: 2.89635e-12 
outer mgc:  0.06336667 
iter: 1  value: 550.7748 mgc: 11.81177 ustep: 1 
iter: 2  value: 550.7748 mgc: 1.577567e-05 ustep: 1 
iter: 3  mgc: 4.478418e-12 
iter: 1  mgc: 4.478418e-12 
outer mgc:  0.04273459 
iter: 1  value: 547.8572 mgc: 14.39456 ustep: 1 
iter: 2  value: 547.8572 mgc: 3.239261e-06 ustep: 1 
iter: 3  mgc: 6.449064e-12 
iter: 1  mgc: 6.449064e-12 
outer mgc:  0.03478332 
iter: 1  value: 545.3293 mgc: 5.454039 ustep: 1 
iter: 2  value: 545.3293 mgc: 4.577627e-07 ustep: 1 
iter: 3  mgc: 6.999956e-12 
iter: 1  mgc: 6.999956e-12 
outer mgc:  0.01366712 
iter: 1  value: 541.0168 mgc: 11.46022 ustep: 1 
iter: 2  value: 541.0168 mgc: 1.232768e-06 ustep: 1 
iter: 3  mgc: 7.55529e-12 
iter: 1  mgc: 7.55529e-12 
outer mgc:  0.02830515 
iter: 1  value: 537.4617 mgc: 16.8101 ustep: 1 
iter: 2  value: 537.4617 mgc: 4.642135e-07 ustep: 1 
iter: 3  mgc: 2.139955e-11 
iter: 1  mgc: 2.139955e-11 
outer mgc:  0.02201451 
iter: 1  value: 534.4451 mgc: 16.96943 ustep: 1 
iter: 2  value: 534.4451 mgc: 3.114432e-07 ustep: 1 
iter: 3  mgc: 2.459188e-11 
iter: 1  mgc: 2.459188e-11 
outer mgc:  0.008763922 
iter: 1  value: 530.0957 mgc: 30.98323 ustep: 1 
iter: 2  value: 530.0957 mgc: 3.082584e-07 ustep: 1 
iter: 3  mgc: 2.570366e-11 
iter: 1  mgc: 2.570366e-11 
outer mgc:  0.01255807 
iter: 1  value: 526.528 mgc: 49.30361 ustep: 1 
iter: 2  value: 526.528 mgc: 6.206109e-07 ustep: 1 
iter: 3  mgc: 5.250644e-11 
iter: 1  mgc: 5.250644e-11 
outer mgc:  0.01207651 
iter: 1  value: 523.5009 mgc: 37.71922 ustep: 1 
iter: 2  value: 523.5009 mgc: 1.792943e-07 ustep: 1 
iter: 3  mgc: 5.807621e-11 
iter: 1  mgc: 5.807621e-11 
outer mgc:  0.00435026 
iter: 1  value: 519.0343 mgc: 23.15026 ustep: 1 
iter: 2  value: 519.0343 mgc: 4.02949e-08 ustep: 1 
mgc: 5.711276e-11 
iter: 1  mgc: 5.711276e-11 
outer mgc:  0.004578096 
iter: 1  value: 515.3849 mgc: 25.7321 ustep: 1 
iter: 2  value: 515.3849 mgc: 2.772059e-08 ustep: 1 
mgc: 1.706741e-10 
iter: 1  mgc: 1.706741e-10 
outer mgc:  0.003162344 
iter: 1  value: 510.9144 mgc: 36.21104 ustep: 1 
iter: 2  value: 510.9144 mgc: 5.972369e-08 ustep: 1 
mgc: 1.347793e-10 
iter: 1  mgc: 1.347793e-10 
outer mgc:  0.003459863 
iter: 1  value: 507.2641 mgc: 54.64267 ustep: 1 
iter: 2  value: 507.2641 mgc: 2.061034e-08 ustep: 1 
mgc: 2.034666e-10 
iter: 1  mgc: 2.034666e-10 
outer mgc:  0.002241657 
iter: 1  value: 502.5824 mgc: 69.23102 ustep: 1 
iter: 2  value: 502.5824 mgc: 1.530414e-08 ustep: 1 
mgc: 3.371481e-10 
iter: 1  mgc: 3.371481e-10 
outer mgc:  0.002195246 
iter: 1  value: 498.7932 mgc: 94.63397 ustep: 1 
iter: 2  mgc: 7.946003e-09 
iter: 1  mgc: 7.946003e-09 
outer mgc:  0.001609356 
iter: 1  value: 493.8921 mgc: 148.166 ustep: 1 
iter: 2  mgc: 9.248328e-09 
iter: 1  mgc: 9.248328e-09 
outer mgc:  0.001819705 
iter: 1  value: 489.959 mgc: 356.6023 ustep: 1 
iter: 2  value: 489.959 mgc: 1.715135e-08 ustep: 1 
mgc: 2.343016e-09 
iter: 1  mgc: 2.343016e-09 
outer mgc:  0.002832509 
iter: 1  mgc: 2.343016e-09 
iter: 1  mgc: 2.343016e-09 
outer mgc:  0.002832509 
iter: 1  value: 489.9572 mgc: 0.02856775 ustep: 1 
iter: 2  value: 489.9572 mgc: 4.63919e-06 ustep: 1 
iter: 3  mgc: 1.775562e-09 
outer mgc:  0.1414406 
iter: 1  value: 489.961 mgc: 0.02854843 ustep: 1 
iter: 2  value: 489.961 mgc: 4.637856e-06 ustep: 1 
iter: 3  mgc: 1.376788e-09 
outer mgc:  0.1414714 
iter: 1  value: 489.9581 mgc: 0.01401147 ustep: 1 
iter: 2  value: 489.9581 mgc: 1.098592e-06 ustep: 1 
iter: 3  mgc: 2.669555e-09 
outer mgc:  0.1178072 
iter: 1  value: 489.96 mgc: 0.0140018 ustep: 1 
iter: 2  value: 489.96 mgc: 1.097256e-06 ustep: 1 
iter: 3  mgc: 2.489076e-09 
outer mgc:  0.1183527 
iter: 1  value: 489.9604 mgc: 0.03084589 ustep: 1 
iter: 2  value: 489.9604 mgc: 2.258378e-06 ustep: 1 
iter: 3  mgc: 1.918642e-09 
outer mgc:  0.2569325 
iter: 1  value: 489.9578 mgc: 0.03082624 ustep: 1 
iter: 2  value: 489.9578 mgc: 2.257612e-06 ustep: 1 
iter: 3  mgc: 1.501508e-09 
outer mgc:  0.2560589 
iter: 1  value: 489.9599 mgc: 0.01906919 ustep: 1 
iter: 2  value: 489.9599 mgc: 8.650483e-07 ustep: 1 
iter: 3  mgc: 2.129672e-09 
outer mgc:  0.2009712 
iter: 1  value: 489.9583 mgc: 0.01905822 ustep: 1 
iter: 2  value: 489.9583 mgc: 8.646992e-07 ustep: 1 
iter: 3  mgc: 4.271501e-09 
outer mgc:  0.2008819 
iter: 1  value: 489.9573 mgc: 0.02597003 ustep: 1 
iter: 2  value: 489.9573 mgc: 4.585918e-06 ustep: 1 
iter: 3  mgc: 1.159359e-09 
outer mgc:  0.1234164 
iter: 1  value: 489.9608 mgc: 0.02595245 ustep: 1 
iter: 2  value: 489.9608 mgc: 4.586239e-06 ustep: 1 
iter: 3  mgc: 1.600513e-09 
outer mgc:  0.124602 
iter: 1  value: 489.9582 mgc: 0.009457468 ustep: 1 
iter: 2  value: 489.9582 mgc: 6.002718e-07 ustep: 1 
iter: 3  mgc: 2.100881e-09 
outer mgc:  0.09218266 
iter: 1  value: 489.9599 mgc: 0.009449865 ustep: 1 
iter: 2  value: 489.9599 mgc: 5.997128e-07 ustep: 1 
iter: 3  mgc: 2.073344e-09 
outer mgc:  0.09223288 
iter: 1  value: 489.9577 mgc: 0.02118579 ustep: 1 
iter: 2  value: 489.9577 mgc: 9.920394e-07 ustep: 1 
iter: 3  mgc: 1.08835e-09 
outer mgc:  0.2165256 
iter: 1  value: 489.9606 mgc: 0.02117006 ustep: 1 
iter: 2  value: 489.9606 mgc: 9.906026e-07 ustep: 1 
iter: 3  mgc: 1.826486e-09 
outer mgc:  0.2174596 
iter: 1  value: 489.9583 mgc: 0.01023744 ustep: 1 
iter: 2  value: 489.9583 mgc: 2.302904e-07 ustep: 1 
iter: 3  mgc: 1.133741e-09 
outer mgc:  0.1378363 
iter: 1  value: 489.9598 mgc: 0.01022933 ustep: 1 
iter: 2  value: 489.9598 mgc: 2.298466e-07 ustep: 1 
iter: 3  mgc: 2.06793e-09 
outer mgc:  0.1379837 
iter: 1  value: 489.9625 mgc: 0.04834119 ustep: 1 
iter: 2  value: 489.9625 mgc: 1.78454e-06 ustep: 1 
iter: 3  mgc: 1.248222e-09 
outer mgc:  0.4729823 
iter: 1  value: 489.956 mgc: 0.04832731 ustep: 1 
iter: 2  value: 489.956 mgc: 1.786393e-06 ustep: 1 
iter: 3  mgc: 1.275292e-09 
outer mgc:  0.4735461 
iter: 1  value: 489.961 mgc: 0.02627588 ustep: 1 
iter: 2  value: 489.961 mgc: 5.462004e-07 ustep: 1 
iter: 3  mgc: 1.198287e-09 
outer mgc:  0.3494321 
iter: 1  value: 489.9574 mgc: 0.02627033 ustep: 1 
iter: 2  value: 489.9574 mgc: 5.465466e-07 ustep: 1 
iter: 3  mgc: 3.818967e-09 
outer mgc:  0.3487462 
iter: 1  value: 489.9609 mgc: 0.03509535 ustep: 1 
iter: 2  value: 489.9609 mgc: 1.959136e-06 ustep: 1 
iter: 3  mgc: 1.138713e-09 
outer mgc:  0.3341201 
iter: 1  value: 489.9575 mgc: 0.0350766 ustep: 1 
iter: 2  value: 489.9575 mgc: 1.960765e-06 ustep: 1 
iter: 3  mgc: 2.922693e-09 
outer mgc:  0.3317875 
iter: 1  value: 489.9596 mgc: 0.01762177 ustep: 1 
iter: 2  value: 489.9596 mgc: 4.99952e-07 ustep: 1 
iter: 3  mgc: 2.019416e-09 
outer mgc:  0.2233095 
iter: 1  value: 489.9586 mgc: 0.01761176 ustep: 1 
iter: 2  value: 489.9586 mgc: 4.995537e-07 ustep: 1 
iter: 3  mgc: 1.423124e-09 
outer mgc:  0.2227634 
iter: 1  value: 489.954 mgc: 640.3683 ustep: 1 
iter: 2  value: 489.954 mgc: 1.0953e-07 ustep: 1 
mgc: 2.081671e-09 
outer mgc:  0.002292602 
iter: 1  value: 489.964 mgc: 640.4355 ustep: 1 
iter: 2  value: 489.964 mgc: 1.101155e-07 ustep: 1 
mgc: 1.12381e-09 
outer mgc:  0.003440448 
iter: 1  value: 489.9567 mgc: 380.0521 ustep: 1 
iter: 2  value: 489.9567 mgc: 2.669509e-07 ustep: 1 
iter: 3  mgc: 2.543266e-09 
outer mgc:  0.003414529 
iter: 1  value: 489.9613 mgc: 380.021 ustep: 1 
iter: 2  value: 489.9613 mgc: 2.669646e-07 ustep: 1 
iter: 3  mgc: 1.066343e-09 
outer mgc:  0.003509632 
iter: 1  value: 489.9554 mgc: 587.0373 ustep: 1 
iter: 2  value: 489.9554 mgc: 2.669134e-07 ustep: 1 
iter: 3  mgc: 1.350106e-09 
outer mgc:  0.008936914 
iter: 1  value: 489.9626 mgc: 587.0878 ustep: 1 
iter: 2  value: 489.9626 mgc: 2.671784e-07 ustep: 1 
iter: 3  mgc: 2.349571e-09 
outer mgc:  0.00875153 
iter: 1  value: 489.9562 mgc: 719.0708 ustep: 1 
iter: 2  value: 489.9562 mgc: 1.993335e-07 ustep: 1 
mgc: 2.317187e-09 
outer mgc:  0.003793557 
iter: 1  value: 489.9619 mgc: 719.1939 ustep: 1 
iter: 2  value: 489.9619 mgc: 1.991275e-07 ustep: 1 
iter: 3  mgc: 1.5799e-09 
outer mgc:  0.003644991 
iter: 1  value: 489.9535 mgc: 1338.57 ustep: 1 
iter: 2  value: 489.9535 mgc: 6.090749e-07 ustep: 1 
iter: 3  mgc: 9.11367e-10 
outer mgc:  0.008869393 
iter: 1  value: 489.9645 mgc: 1338.327 ustep: 1 
iter: 2  value: 489.9645 mgc: 6.092599e-07 ustep: 1 
iter: 3  mgc: 8.241727e-10 
outer mgc:  0.009908341 
iter: 1  value: 489.9609 mgc: 1242.947 ustep: 1 
iter: 2  value: 489.9609 mgc: 4.910613e-07 ustep: 1 
iter: 3  mgc: 1.001486e-09 
outer mgc:  0.008047082 
iter: 1  value: 489.9571 mgc: 1243.008 ustep: 1 
iter: 2  value: 489.9571 mgc: 4.912092e-07 ustep: 1 
iter: 3  mgc: 2.035542e-09 
outer mgc:  0.01073479 
iter: 1  value: 489.9575 mgc: 74.52094 ustep: 1 
iter: 2  value: 489.9575 mgc: 2.772374e-08 ustep: 1 
mgc: 1.446499e-09 
outer mgc:  0.001223719 
iter: 1  value: 489.9605 mgc: 74.51995 ustep: 1 
iter: 2  value: 489.9605 mgc: 2.76101e-08 ustep: 1 
mgc: 1.333928e-09 
outer mgc:  0.002040153 
iter: 1  value: 489.9582 mgc: 175.7285 ustep: 1 
iter: 2  value: 489.9582 mgc: 7.536707e-08 ustep: 1 
mgc: 3.98482e-09 
outer mgc:  0.003875979 
iter: 1  value: 489.9598 mgc: 175.7061 ustep: 1 
iter: 2  value: 489.9598 mgc: 7.580406e-08 ustep: 1 
mgc: 2.739564e-09 
outer mgc:  0.004068968 
iter: 1  value: 489.9586 mgc: 165.3952 ustep: 1 
iter: 2  value: 489.9586 mgc: 6.70713e-08 ustep: 1 
mgc: 1.533511e-09 
outer mgc:  0.004000164 
iter: 1  value: 489.9594 mgc: 165.4021 ustep: 1 
iter: 2  value: 489.9594 mgc: 6.683245e-08 ustep: 1 
mgc: 1.775871e-09 
outer mgc:  0.00363949 
iter: 1  value: 489.9574 mgc: 206.4588 ustep: 1 
iter: 2  value: 489.9574 mgc: 1.27151e-07 ustep: 1 
mgc: 1.98816e-09 
outer mgc:  0.003811995 
iter: 1  value: 489.9607 mgc: 206.46 ustep: 1 
iter: 2  value: 489.9607 mgc: 1.272191e-07 ustep: 1 
mgc: 1.16054e-09 
outer mgc:  0.003983018 
iter: 1  value: 489.959 mgc: 0.8638252 ustep: 1 
iter: 2  mgc: 1.697208e-09 
outer mgc:  0.001156063 
iter: 1  value: 489.959 mgc: 0.8638239 ustep: 1 
iter: 2  mgc: 2.137317e-09 
outer mgc:  0.001164198 
iter: 1  value: 489.959 mgc: 2.964837 ustep: 1 
iter: 2  mgc: 2.211268e-09 
outer mgc:  0.001599089 
iter: 1  value: 489.959 mgc: 2.964837 ustep: 1 
iter: 2  mgc: 1.066285e-09 
outer mgc:  0.001159002 
iter: 1  value: 489.959 mgc: 2.820532 ustep: 1 
iter: 2  mgc: 1.740256e-09 
outer mgc:  0.001163075 
iter: 1  value: 489.959 mgc: 2.820531 ustep: 1 
iter: 2  mgc: 1.30213e-09 
outer mgc:  0.001740057 
iter: 1  value: 489.959 mgc: 3.250677 ustep: 1 
iter: 2  mgc: 1.520618e-09 
outer mgc:  0.001172784 
iter: 1  value: 489.959 mgc: 3.250676 ustep: 1 
iter: 2  mgc: 2.180398e-09 
outer mgc:  0.001869256 
iter: 1  value: 489.959 mgc: 2.050666 ustep: 1 
iter: 2  mgc: 1.361641e-09 
outer mgc:  0.001192424 
iter: 1  value: 489.959 mgc: 2.050667 ustep: 1 
iter: 2  mgc: 2.183754e-09 
outer mgc:  0.00116059 
iter: 1  value: 489.9656 mgc: 4980.417 ustep: 1 
iter: 2  value: 489.9656 mgc: 6.176724e-06 ustep: 1 
iter: 3  mgc: 2.831239e-09 
outer mgc:  0.1226326 
iter: 1  value: 489.9525 mgc: 4985.4 ustep: 1 
iter: 2  value: 489.9525 mgc: 6.199855e-06 ustep: 1 
iter: 3  mgc: 1.312222e-09 
outer mgc:  0.1203886 
iter: 1  value: 489.9725 mgc: 4509.862 ustep: 1 
iter: 2  value: 489.9725 mgc: 5.129158e-06 ustep: 1 
iter: 3  mgc: 1.642739e-09 
outer mgc:  0.09815232 
iter: 1  value: 489.9456 mgc: 4514.374 ustep: 1 
iter: 2  value: 489.9456 mgc: 5.122077e-06 ustep: 1 
iter: 3  mgc: 1.693577e-09 
outer mgc:  0.09946676 
iter: 1  value: 489.965 mgc: 2299.126 ustep: 1 
iter: 2  value: 489.965 mgc: 4.562616e-06 ustep: 1 
iter: 3  mgc: 1.429539e-09 
outer mgc:  0.1046467 
iter: 1  value: 489.9531 mgc: 2301.427 ustep: 1 
iter: 2  value: 489.9531 mgc: 4.578378e-06 ustep: 1 
iter: 3  mgc: 1.213045e-09 
outer mgc:  0.1032182 
iter: 1  value: 489.9712 mgc: 5084.13 ustep: 1 
iter: 2  value: 489.9712 mgc: 7.784489e-06 ustep: 1 
iter: 3  mgc: 1.427291e-09 
outer mgc:  0.1147471 
iter: 1  value: 489.9469 mgc: 5089.217 ustep: 1 
iter: 2  value: 489.9469 mgc: 7.786379e-06 ustep: 1 
iter: 3  mgc: 1.491718e-09 
outer mgc:  0.1136535 
iter: 1  value: 489.9679 mgc: 1587.3 ustep: 1 
iter: 2  value: 489.9679 mgc: 5.542211e-06 ustep: 1 
iter: 3  mgc: 1.470505e-09 
outer mgc:  0.2515032 
iter: 1  value: 489.9503 mgc: 1588.888 ustep: 1 
iter: 2  value: 489.9503 mgc: 5.578773e-06 ustep: 1 
iter: 3  mgc: 1.34148e-09 
outer mgc:  0.2511723 
iter: 1  value: 489.9701 mgc: 6141.856 ustep: 1 
iter: 2  value: 489.9701 mgc: 7.924576e-06 ustep: 1 
iter: 3  mgc: 3.203429e-09 
outer mgc:  0.1909233 
iter: 1  value: 489.9481 mgc: 6160.309 ustep: 1 
iter: 2  value: 489.9481 mgc: 7.939404e-06 ustep: 1 
iter: 3  mgc: 1.430195e-09 
outer mgc:  0.192346 
Warning message:
package ‘nnet’ was built under R version 3.6.3 
[Sun Aug 15 16:09:02 2021]
Finished job 0.
1 of 1 steps (100%) done
