Building DAG of jobs...
Using shell: /usr/bin/bash
Provided cores: 40
Rules claiming more threads will be scaled down.
Job counts:
	count	jobs
	1	inference_simulation_TMB_multiple
	1
Select jobs to execute...

[Sun Aug 15 14:33:24 2021]
rule inference_simulation_TMB_multiple:
    input: ../data/assessing_models_simulation/datasets/multiple_GenerationCnorm_10_100_80_3_0.4_NA_NA_NA_dataset0.RDS
    output: ../data/assessing_models_simulation/inference_results/TMB/nlminb/multiple_GenerationCnorm_10_100_80_3_0.4_fullREDMsinglelambda_NA_NA_NA_dataset0.RDS
    log: logs/inference/nlminb/simulation_GenerationCnorm_10_100_80_3_0.4_ModelfullREDMsinglelambda_NA_NA_NA_dataset0.log
    jobid: 0
    wildcards: optimiser=nlminb, datasetgeneration=GenerationCnorm, n=10, nlambda=100, lmbda=80, d=3, beta_intensity=0.4, model=fullREDMsinglelambda, fixed_beta_intercept=NA, fixed_beta_slope=NA, sdRE_input=NA, itnum=0

Rscript 2_inference_TMB/run_TMB.R --input ../data/assessing_models_simulation/datasets/multiple_GenerationCnorm_10_100_80_3_0.4_NA_NA_NA_dataset0.RDS --output ../data/assessing_models_simulation/inference_results/TMB/nlminb/multiple_GenerationCnorm_10_100_80_3_0.4_fullREDMsinglelambda_NA_NA_NA_dataset0.RDS --model fullREDMsinglelambda --optimiser nlminb
Model: fullREDMsinglelambda 
Feature type: signatures 
Using nlminb: TRUE 
Simulation boolean: TRUE 
make: Nothing to be done for 'all'.
../data/assessing_models_simulation/datasets/multiple_GenerationCnorm_10_100_80_3_0.4_NA_NA_NA_dataset0.RDS[1] "../data/assessing_models_simulation/datasets/multiple_GenerationCnorm_10_100_80_3_0.4_NA_NA_NA_dataset0.RDS"
Reading file ../data/assessing_models_simulation/datasets/multiple_GenerationCnorm_10_100_80_3_0.4_NA_NA_NA_dataset0.RDS 
Loading required package: nnet
# weights:  9 (4 variable)
initial  value 2135.702289 
final  value 1901.863902 
converged
Order of parameters:
[1] "beta"       "u_large"    "logs_sd_RE" "cov_par_RE" "log_lambda"
Not matching template order:
[1] "beta"       "logs_sd_RE" "cov_par_RE" "log_lambda" "u_large"   
Your parameter list has been re-ordered.
(Disable this warning with checkParameterOrder=FALSE)
Constructing atomic invpd
Constructing atomic D_lgamma
Constructing atomic invpd
Constructing atomic D_lgamma
Constructing atomic matmul
Constructing atomic invpd
Constructing atomic D_lgamma
Constructing atomic matmul
Optimizing tape... Done
iter: 1  value: 1929.267 mgc: 4.746849 ustep: 0.6827823 
iter: 2  value: 1928.242 mgc: 1.196775 ustep: 0.8263238 
iter: 3  value: 1928.233 mgc: 0.07096704 ustep: 0.9090326 
iter: 4  value: 1928.233 mgc: 0.003766803 ustep: 0.9534367 
iter: 5  value: 1928.233 mgc: 0.0001307919 ustep: 0.9764432 
iter: 6  value: 1928.233 mgc: 2.843242e-06 ustep: 0.9881526 
iter: 7  value: 1928.233 mgc: 3.322669e-08 ustep: 0.9940592 
iter: 8  mgc: 1.953238e-10 
iter: 1  mgc: 1.953238e-10 
Matching hessian patterns... Done
outer mgc:  15.77997 
iter: 1  value: 1904.983 mgc: 1.133447 ustep: 1 
iter: 2  value: 1904.968 mgc: 0.1736176 ustep: 1 
iter: 3  value: 1904.968 mgc: 0.00213143 ustep: 1 
iter: 4  value: 1904.968 mgc: 3.468258e-07 ustep: 1 
iter: 5  mgc: 8.104628e-15 
iter: 1  value: 1908.333 mgc: 17.11654 ustep: 1 
iter: 2  value: 1872.168 mgc: 18.59028 ustep: 1 
iter: 3  value: 1871.628 mgc: 1.980896 ustep: 1 
iter: 4  value: 1871.627 mgc: 0.08607106 ustep: 1 
iter: 5  value: 1871.627 mgc: 0.0002889272 ustep: 1 
iter: 6  mgc: 3.19955e-09 
iter: 1  mgc: 3.19955e-09 
outer mgc:  42.01495 
iter: 1  value: 2866.986 mgc: 80.64437 ustep: 0.4367355 
iter: 2  value: 2555.476 mgc: 97.26429 ustep: 0.6608936 
iter: 3  value: 2315.983 mgc: 60.59161 ustep: 0.05101203 
iter: 4  value: 2288.239 mgc: 50.3093 ustep: 0.2259358 
iter: 5  value: 2287.667 mgc: 2.608155 ustep: 0.4753795 
iter: 6  value: 2287.665 mgc: 0.1310977 ustep: 0.6895088 
iter: 7  value: 2287.665 mgc: 0.003374689 ustep: 0.8303836 
iter: 8  value: 2287.665 mgc: 3.760829e-05 ustep: 0.9112627 
iter: 9  value: 2287.665 mgc: 1.970396e-07 ustep: 0.9546054 
iter: 10  mgc: 5.038068e-10 
iter: 1  value: 1856.154 mgc: 10.61509 ustep: 1 
iter: 2  value: 1856.146 mgc: 0.1532869 ustep: 1 
iter: 3  value: 1856.146 mgc: 0.001091408 ustep: 1 
iter: 4  mgc: 2.943938e-09 
iter: 1  mgc: 2.943938e-09 
outer mgc:  11.04141 
iter: 1  value: 1853.84 mgc: 10.0684 ustep: 1 
iter: 2  value: 1853.183 mgc: 1.786113 ustep: 1 
iter: 3  value: 1853.183 mgc: 0.05473856 ustep: 1 
iter: 4  value: 1853.183 mgc: 6.900137e-05 ustep: 1 
iter: 5  mgc: 1.1138e-10 
iter: 1  mgc: 1.1138e-10 
outer mgc:  13.4528 
iter: 1  value: 1847.354 mgc: 9.156197 ustep: 1 
iter: 2  value: 1847.348 mgc: 0.2389079 ustep: 1 
iter: 3  value: 1847.348 mgc: 0.001255792 ustep: 1 
iter: 4  value: 1847.348 mgc: 1.562482e-08 ustep: 1 
mgc: 4.52971e-14 
iter: 1  mgc: 4.52971e-14 
outer mgc:  11.67965 
iter: 1  value: 1844.027 mgc: 7.012491 ustep: 1 
iter: 2  value: 1844.005 mgc: 0.4795591 ustep: 1 
iter: 3  value: 1844.005 mgc: 0.001880247 ustep: 1 
iter: 4  value: 1844.005 mgc: 2.91561e-08 ustep: 1 
mgc: 9.325873e-14 
iter: 1  mgc: 9.325873e-14 
outer mgc:  11.35482 
iter: 1  value: 1839.882 mgc: 9.601865 ustep: 1 
iter: 2  value: 1839.881 mgc: 0.1234881 ustep: 1 
iter: 3  value: 1839.881 mgc: 3.68296e-05 ustep: 1 
iter: 4  mgc: 1.939149e-11 
iter: 1  mgc: 1.939149e-11 
outer mgc:  6.613343 
iter: 1  value: 1842.129 mgc: 9.088282 ustep: 1 
iter: 2  value: 1842.122 mgc: 0.2890713 ustep: 1 
iter: 3  value: 1842.122 mgc: 0.0003332983 ustep: 1 
iter: 4  mgc: 1.801028e-09 
iter: 1  value: 1839.747 mgc: 3.649085 ustep: 1 
iter: 2  value: 1839.747 mgc: 0.01129019 ustep: 1 
iter: 3  value: 1839.747 mgc: 2.718522e-06 ustep: 1 
iter: 4  mgc: 1.910694e-13 
iter: 1  mgc: 1.910694e-13 
outer mgc:  6.790206 
iter: 1  value: 1839.366 mgc: 4.430992 ustep: 1 
iter: 2  value: 1839.366 mgc: 0.05727126 ustep: 1 
iter: 3  value: 1839.366 mgc: 1.667312e-05 ustep: 1 
iter: 4  mgc: 1.443734e-12 
iter: 1  mgc: 1.443734e-12 
outer mgc:  6.75616 
iter: 1  value: 1838.903 mgc: 1.877571 ustep: 1 
iter: 2  value: 1838.903 mgc: 0.01960736 ustep: 1 
iter: 3  value: 1838.903 mgc: 2.039248e-06 ustep: 1 
iter: 4  mgc: 1.202649e-13 
iter: 1  mgc: 1.202649e-13 
outer mgc:  1.153563 
iter: 1  value: 1838.533 mgc: 1.556928 ustep: 1 
iter: 2  value: 1838.533 mgc: 0.007479555 ustep: 1 
iter: 3  value: 1838.533 mgc: 8.013001e-07 ustep: 1 
iter: 4  mgc: 1.525446e-13 
iter: 1  mgc: 1.525446e-13 
outer mgc:  2.754656 
iter: 1  value: 1838.107 mgc: 1.20658 ustep: 1 
iter: 2  value: 1838.107 mgc: 0.005681127 ustep: 1 
iter: 3  value: 1838.107 mgc: 8.496137e-07 ustep: 1 
iter: 4  mgc: 1.163514e-13 
iter: 1  mgc: 1.163514e-13 
outer mgc:  1.149944 
iter: 1  value: 1837.672 mgc: 1.411694 ustep: 1 
iter: 2  value: 1837.672 mgc: 0.003940487 ustep: 1 
iter: 3  value: 1837.672 mgc: 6.780877e-08 ustep: 1 
mgc: 2.275957e-13 
iter: 1  mgc: 2.275957e-13 
outer mgc:  1.959961 
iter: 1  value: 1837.267 mgc: 1.002578 ustep: 1 
iter: 2  value: 1837.267 mgc: 0.002868453 ustep: 1 
iter: 3  value: 1837.267 mgc: 2.010074e-07 ustep: 1 
iter: 4  mgc: 1.6942e-13 
iter: 1  mgc: 1.6942e-13 
outer mgc:  1.570568 
iter: 1  value: 1836.966 mgc: 1.331176 ustep: 1 
iter: 2  value: 1836.966 mgc: 0.007205171 ustep: 1 
iter: 3  value: 1836.966 mgc: 2.049614e-07 ustep: 1 
mgc: 1.671996e-13 
iter: 1  mgc: 1.671996e-13 
outer mgc:  1.371018 
iter: 1  value: 1836.499 mgc: 0.7544747 ustep: 1 
iter: 2  value: 1836.499 mgc: 0.003397197 ustep: 1 
iter: 3  value: 1836.499 mgc: 1.269893e-08 ustep: 1 
mgc: 2.446932e-13 
iter: 1  mgc: 2.446932e-13 
outer mgc:  1.100325 
iter: 1  value: 1836.283 mgc: 0.4557392 ustep: 1 
iter: 2  value: 1836.283 mgc: 0.001347193 ustep: 1 
iter: 3  mgc: 7.636665e-09 
iter: 1  value: 1836.013 mgc: 0.9030392 ustep: 1 
iter: 2  value: 1836.013 mgc: 0.006119606 ustep: 1 
iter: 3  value: 1836.013 mgc: 6.958864e-07 ustep: 1 
iter: 4  mgc: 1.998401e-13 
iter: 1  mgc: 1.998401e-13 
outer mgc:  2.514624 
iter: 1  value: 1834.87 mgc: 2.727677 ustep: 1 
iter: 2  value: 1834.87 mgc: 0.01217378 ustep: 1 
iter: 3  value: 1834.87 mgc: 3.847546e-07 ustep: 1 
iter: 4  mgc: 1.882938e-13 
iter: 1  mgc: 1.882938e-13 
outer mgc:  3.70911 
iter: 1  value: 1833.75 mgc: 1.699463 ustep: 1 
iter: 2  value: 1833.75 mgc: 0.003763351 ustep: 1 
iter: 3  value: 1833.75 mgc: 2.910965e-08 ustep: 1 
mgc: 3.490541e-13 
iter: 1  mgc: 3.490541e-13 
outer mgc:  2.262081 
iter: 1  value: 1834.031 mgc: 2.513569 ustep: 1 
iter: 2  value: 1834.031 mgc: 0.01613948 ustep: 1 
iter: 3  value: 1834.031 mgc: 3.849842e-07 ustep: 1 
iter: 4  mgc: 2.766676e-13 
iter: 1  mgc: 2.766676e-13 
outer mgc:  1.667787 
iter: 1  value: 1833.367 mgc: 1.228438 ustep: 1 
iter: 2  value: 1833.367 mgc: 0.002307557 ustep: 1 
iter: 3  value: 1833.367 mgc: 5.325779e-08 ustep: 1 
mgc: 4.938272e-13 
iter: 1  mgc: 4.938272e-13 
outer mgc:  1.456287 
iter: 1  value: 1833.383 mgc: 2.310435 ustep: 1 
iter: 2  value: 1833.383 mgc: 0.007169515 ustep: 1 
iter: 3  value: 1833.383 mgc: 7.785502e-08 ustep: 1 
mgc: 1.54321e-13 
iter: 1  mgc: 1.54321e-13 
outer mgc:  1.378867 
iter: 1  value: 1833.304 mgc: 1.204358 ustep: 1 
iter: 2  value: 1833.304 mgc: 0.002281508 ustep: 1 
iter: 3  value: 1833.304 mgc: 1.549231e-08 ustep: 1 
mgc: 2.855494e-13 
iter: 1  mgc: 2.855494e-13 
outer mgc:  0.2212294 
iter: 1  value: 1833.25 mgc: 0.4842495 ustep: 1 
iter: 2  value: 1833.25 mgc: 0.0006665533 ustep: 1 
iter: 3  mgc: 6.339834e-09 
iter: 1  mgc: 6.339834e-09 
outer mgc:  0.2482281 
iter: 1  value: 1833.16 mgc: 0.2292846 ustep: 1 
iter: 2  value: 1833.16 mgc: 0.0001127412 ustep: 1 
iter: 3  mgc: 2.545253e-11 
iter: 1  value: 1832.971 mgc: 0.4942011 ustep: 1 
iter: 2  value: 1832.971 mgc: 0.0005038036 ustep: 1 
iter: 3  mgc: 5.400549e-10 
iter: 1  mgc: 5.400549e-10 
outer mgc:  0.2288864 
iter: 1  value: 1832.855 mgc: 0.3418998 ustep: 1 
iter: 2  value: 1832.855 mgc: 0.0001419585 ustep: 1 
iter: 3  mgc: 3.529887e-11 
iter: 1  mgc: 3.529887e-11 
outer mgc:  0.08517398 
iter: 1  value: 1832.65 mgc: 0.7132417 ustep: 1 
iter: 2  value: 1832.65 mgc: 0.0004785607 ustep: 1 
iter: 3  mgc: 4.744738e-10 
iter: 1  mgc: 4.744738e-10 
outer mgc:  0.05717475 
iter: 1  value: 1832.597 mgc: 0.2383794 ustep: 1 
iter: 2  value: 1832.597 mgc: 5.527182e-05 ustep: 1 
iter: 3  mgc: 6.166623e-12 
iter: 1  mgc: 6.166623e-12 
outer mgc:  0.03595985 
iter: 1  value: 1832.596 mgc: 0.04701251 ustep: 1 
iter: 2  value: 1832.596 mgc: 1.784403e-06 ustep: 1 
iter: 3  mgc: 2.864375e-13 
iter: 1  mgc: 2.864375e-13 
outer mgc:  0.00598891 
iter: 1  value: 1832.609 mgc: 0.02464042 ustep: 1 
iter: 2  value: 1832.609 mgc: 4.931358e-07 ustep: 1 
iter: 3  mgc: 2.753353e-13 
iter: 1  mgc: 2.753353e-13 
outer mgc:  0.002292593 
iter: 1  value: 1832.616 mgc: 0.01753834 ustep: 1 
iter: 2  value: 1832.616 mgc: 3.069946e-07 ustep: 1 
mgc: 2.957634e-13 
iter: 1  mgc: 2.957634e-13 
outer mgc:  0.001757294 
iter: 1  value: 1832.616 mgc: 0.001718795 ustep: 1 
iter: 2  mgc: 2.496772e-09 
iter: 1  mgc: 2.496772e-09 
outer mgc:  0.000675174 
iter: 1  mgc: 2.496772e-09 
iter: 1  mgc: 2.496772e-09 
outer mgc:  0.000675174 
iter: 1  value: 1832.616 mgc: 0.02593055 ustep: 1 
iter: 2  value: 1832.616 mgc: 8.529638e-07 ustep: 1 
iter: 3  mgc: 1.760814e-13 
outer mgc:  0.1618806 
iter: 1  value: 1832.617 mgc: 0.02591289 ustep: 1 
iter: 2  value: 1832.617 mgc: 8.519391e-07 ustep: 1 
iter: 3  mgc: 3.970158e-13 
outer mgc:  0.1631719 
iter: 1  value: 1832.616 mgc: 0.01178278 ustep: 1 
iter: 2  value: 1832.616 mgc: 1.668502e-07 ustep: 1 
mgc: 3.661516e-13 
outer mgc:  0.0859431 
iter: 1  value: 1832.617 mgc: 0.01177198 ustep: 1 
iter: 2  value: 1832.617 mgc: 1.666074e-07 ustep: 1 
mgc: 3.778089e-13 
outer mgc:  0.08676533 
iter: 1  value: 1832.617 mgc: 0.04288573 ustep: 1 
iter: 2  value: 1832.617 mgc: 3.223797e-06 ustep: 1 
iter: 3  mgc: 5.543344e-13 
outer mgc:  0.1571582 
iter: 1  value: 1832.616 mgc: 0.04288437 ustep: 1 
iter: 2  value: 1832.616 mgc: 3.214534e-06 ustep: 1 
iter: 3  mgc: 3.139711e-13 
outer mgc:  0.1560678 
iter: 1  value: 1832.617 mgc: 0.02288112 ustep: 1 
iter: 2  value: 1832.617 mgc: 9.831884e-07 ustep: 1 
iter: 3  mgc: 2.253753e-13 
outer mgc:  0.1322419 
iter: 1  value: 1832.616 mgc: 0.02288062 ustep: 1 
iter: 2  value: 1832.616 mgc: 9.823728e-07 ustep: 1 
iter: 3  mgc: 3.055334e-13 
outer mgc:  0.1315953 
iter: 1  value: 1832.623 mgc: 0.06237397 ustep: 1 
iter: 2  value: 1832.623 mgc: 4.341125e-06 ustep: 1 
iter: 3  mgc: 3.268497e-13 
outer mgc:  0.0475635 
iter: 1  value: 1832.61 mgc: 0.06255711 ustep: 1 
iter: 2  value: 1832.61 mgc: 4.342595e-06 ustep: 1 
iter: 3  mgc: 2.824407e-13 
outer mgc:  0.04752553 
iter: 1  value: 1832.618 mgc: 0.0581803 ustep: 1 
iter: 2  value: 1832.618 mgc: 3.498305e-06 ustep: 1 
iter: 3  mgc: 4.005685e-13 
outer mgc:  0.05805082 
iter: 1  value: 1832.614 mgc: 0.05823851 ustep: 1 
iter: 2  value: 1832.614 mgc: 3.498837e-06 ustep: 1 
iter: 3  mgc: 4.334311e-13 
outer mgc:  0.05817438 
iter: 1  value: 1832.615 mgc: 0.003577003 ustep: 1 
iter: 2  value: 1832.615 mgc: 1.285263e-08 ustep: 1 
mgc: 2.24043e-13 
outer mgc:  0.0008591636 
iter: 1  value: 1832.618 mgc: 0.003576198 ustep: 1 
iter: 2  value: 1832.618 mgc: 1.286331e-08 ustep: 1 
mgc: 1.738609e-13 
outer mgc:  0.0004911019 
iter: 1  value: 1832.615 mgc: 0.001190783 ustep: 1 
iter: 2  mgc: 2.784021e-09 
outer mgc:  0.001071757 
iter: 1  value: 1832.617 mgc: 0.001191636 ustep: 1 
iter: 2  mgc: 2.789153e-09 
outer mgc:  0.0002813173 
Warning message:
package ‘nnet’ was built under R version 3.6.3 
[Sun Aug 15 14:33:26 2021]
Finished job 0.
1 of 1 steps (100%) done
