Building DAG of jobs...
Using shell: /usr/bin/bash
Provided cores: 80
Rules claiming more threads will be scaled down.
Job counts:
	count	jobs
	1	inference_simulation_TMB_multiple
	1
Select jobs to execute...

[Sun Aug 15 15:33:06 2021]
rule inference_simulation_TMB_multiple:
    input: ../data/assessing_models_simulation/datasets/multiple_GenerationCnorm_100_100_80_5_0.02_NA_NA_NA_dataset0.RDS
    output: ../data/assessing_models_simulation/inference_results/TMB/nlminb/multiple_GenerationCnorm_100_100_80_5_0.02_fullREDMsinglelambda_NA_NA_NA_dataset0.RDS
    log: logs/inference/nlminb/simulation_GenerationCnorm_100_100_80_5_0.02_ModelfullREDMsinglelambda_NA_NA_NA_dataset0.log
    jobid: 0
    wildcards: optimiser=nlminb, datasetgeneration=GenerationCnorm, n=100, nlambda=100, lmbda=80, d=5, beta_intensity=0.02, model=fullREDMsinglelambda, fixed_beta_intercept=NA, fixed_beta_slope=NA, sdRE_input=NA, itnum=0

Rscript 2_inference_TMB/run_TMB.R --input ../data/assessing_models_simulation/datasets/multiple_GenerationCnorm_100_100_80_5_0.02_NA_NA_NA_dataset0.RDS --output ../data/assessing_models_simulation/inference_results/TMB/nlminb/multiple_GenerationCnorm_100_100_80_5_0.02_fullREDMsinglelambda_NA_NA_NA_dataset0.RDS --model fullREDMsinglelambda --optimiser nlminb
Model: fullREDMsinglelambda 
Feature type: signatures 
Using nlminb: TRUE 
Simulation boolean: TRUE 
make: Nothing to be done for 'all'.
../data/assessing_models_simulation/datasets/multiple_GenerationCnorm_100_100_80_5_0.02_NA_NA_NA_dataset0.RDS[1] "../data/assessing_models_simulation/datasets/multiple_GenerationCnorm_100_100_80_5_0.02_NA_NA_NA_dataset0.RDS"
Reading file ../data/assessing_models_simulation/datasets/multiple_GenerationCnorm_100_100_80_5_0.02_NA_NA_NA_dataset0.RDS 
Loading required package: nnet
# weights:  15 (8 variable)
initial  value 32529.959086 
iter  10 value 30083.331108
final  value 30080.489356 
converged
Order of parameters:
[1] "beta"       "u_large"    "logs_sd_RE" "cov_par_RE" "log_lambda"
Not matching template order:
[1] "beta"       "logs_sd_RE" "cov_par_RE" "log_lambda" "u_large"   
Your parameter list has been re-ordered.
(Disable this warning with checkParameterOrder=FALSE)
Constructing atomic invpd
Constructing atomic D_lgamma
Constructing atomic invpd
Constructing atomic D_lgamma
Constructing atomic matmul
Constructing atomic invpd
Constructing atomic D_lgamma
Constructing atomic matmul
Optimizing tape... Done
iter: 1  value: 31143.93 mgc: 3.752714 ustep: 0.989901 
iter: 2  value: 30993.79 mgc: 8.101641 ustep: 0.9949382 
iter: 3  value: 30971.6 mgc: 4.238328 ustep: 0.7753508 
iter: 4  value: 30971.6 mgc: 5.770558 ustep: 0.880552 
iter: 5  value: 30967.22 mgc: 4.339699 ustep: 0.7516981 
iter: 6  value: 30959.56 mgc: 4.775667 ustep: 0.6352702 
iter: 7  value: 30956.78 mgc: 2.34643 ustep: 0.7970587 
iter: 8  value: 30955.98 mgc: 1.694772 ustep: 0.8927922 
iter: 9  value: 30955.97 mgc: 0.1513396 ustep: 0.9448823 
iter: 10  value: 30955.97 mgc: 0.007157183 ustep: 0.9720534 
iter: 11  value: 30955.97 mgc: 0.0002841551 ustep: 0.9859291 
iter: 12  value: 30955.97 mgc: 9.476811e-06 ustep: 0.9929403 
iter: 13  value: 30955.97 mgc: 1.773417e-07 ustep: 0.9964643 
iter: 14  mgc: 1.670175e-09 
iter: 1  mgc: 1.670175e-09 
Matching hessian patterns... Done
outer mgc:  366.7883 
iter: 1  value: 30535.35 mgc: 1.093817 ustep: 1 
iter: 2  value: 30535.29 mgc: 0.1007199 ustep: 1 
iter: 3  value: 30535.29 mgc: 0.001570935 ustep: 1 
iter: 4  value: 30535.29 mgc: 4.863846e-07 ustep: 1 
iter: 5  mgc: 1.49325e-13 
iter: 1  value: 29970.81 mgc: 3.488852 ustep: 1 
iter: 2  value: 29970.55 mgc: 0.4144912 ustep: 1 
iter: 3  value: 29970.55 mgc: 0.01095316 ustep: 1 
iter: 4  value: 29970.55 mgc: 3.586891e-05 ustep: 1 
iter: 5  mgc: 3.414109e-10 
iter: 1  mgc: 3.414109e-10 
outer mgc:  169.2907 
iter: 1  value: 31431.25 mgc: 15.79117 ustep: 0.8994163 
iter: 2  value: 30796.62 mgc: 11.559 ustep: 0.9483808 
iter: 3  value: 30786.72 mgc: 4.288447 ustep: 0.973851 
iter: 4  value: 30786.68 mgc: 0.149322 ustep: 0.9868402 
iter: 5  value: 30786.68 mgc: 0.001811491 ustep: 0.993399 
iter: 6  value: 30786.68 mgc: 2.89988e-06 ustep: 0.9966944 
iter: 7  mgc: 3.304104e-09 
iter: 1  value: 29886.59 mgc: 6.087918 ustep: 1 
iter: 2  value: 29886.17 mgc: 0.4222433 ustep: 1 
iter: 3  value: 29886.17 mgc: 0.004408737 ustep: 1 
iter: 4  value: 29886.17 mgc: 7.387302e-07 ustep: 1 
iter: 5  mgc: 2.464695e-14 
iter: 1  mgc: 2.464695e-14 
outer mgc:  135.611 
iter: 1  value: 29816.01 mgc: 7.642394 ustep: 1 
iter: 2  value: 29813.64 mgc: 1.123963 ustep: 1 
iter: 3  value: 29813.64 mgc: 0.03486761 ustep: 1 
iter: 4  value: 29813.64 mgc: 7.811643e-05 ustep: 1 
iter: 5  mgc: 3.569565e-10 
iter: 1  mgc: 3.569565e-10 
outer mgc:  168.2245 
iter: 1  value: 29706.57 mgc: 5.250427 ustep: 1 
iter: 2  value: 29706.46 mgc: 0.2501772 ustep: 1 
iter: 3  value: 29706.46 mgc: 0.001147058 ustep: 1 
iter: 4  value: 29706.46 mgc: 1.866301e-07 ustep: 1 
iter: 5  mgc: 3.405609e-14 
iter: 1  mgc: 3.405609e-14 
outer mgc:  90.99028 
iter: 1  value: 29620.53 mgc: 9.547262 ustep: 1 
iter: 2  value: 29618.44 mgc: 1.270009 ustep: 1 
iter: 3  value: 29618.44 mgc: 0.02451329 ustep: 1 
iter: 4  value: 29618.44 mgc: 1.121679e-05 ustep: 1 
iter: 5  mgc: 2.038592e-12 
iter: 1  mgc: 2.038592e-12 
outer mgc:  98.80361 
iter: 1  value: 29523.11 mgc: 8.349752 ustep: 1 
iter: 2  value: 29522.24 mgc: 0.5653949 ustep: 1 
iter: 3  value: 29522.24 mgc: 0.006425721 ustep: 1 
iter: 4  value: 29522.24 mgc: 1.380481e-06 ustep: 1 
iter: 5  mgc: 2.131628e-13 
iter: 1  mgc: 2.131628e-13 
outer mgc:  84.03183 
iter: 1  value: 29482.36 mgc: 14.62246 ustep: 1 
iter: 2  value: 29481.62 mgc: 1.079905 ustep: 1 
iter: 3  value: 29481.62 mgc: 0.005449237 ustep: 1 
iter: 4  value: 29481.62 mgc: 1.445379e-07 ustep: 1 
iter: 5  mgc: 4.13003e-14 
iter: 1  mgc: 4.13003e-14 
outer mgc:  270.9519 
iter: 1  value: 29468.56 mgc: 10.85072 ustep: 1 
iter: 2  value: 29468.05 mgc: 0.5528978 ustep: 1 
iter: 3  value: 29468.05 mgc: 0.006837398 ustep: 1 
iter: 4  value: 29468.05 mgc: 1.567873e-06 ustep: 1 
iter: 5  mgc: 1.416645e-13 
iter: 1  value: 29434.69 mgc: 7.200731 ustep: 1 
iter: 2  value: 29434.65 mgc: 0.2240112 ustep: 1 
iter: 3  value: 29434.65 mgc: 0.0004999274 ustep: 1 
iter: 4  mgc: 1.672991e-09 
iter: 1  mgc: 1.672991e-09 
outer mgc:  136.7173 
iter: 1  value: 29400.38 mgc: 4.515489 ustep: 1 
iter: 2  value: 29400.37 mgc: 0.1075369 ustep: 1 
iter: 3  value: 29400.37 mgc: 0.0002235755 ustep: 1 
iter: 4  mgc: 1.279904e-09 
iter: 1  mgc: 1.279904e-09 
outer mgc:  73.22414 
iter: 1  value: 29386.21 mgc: 7.690614 ustep: 1 
iter: 2  value: 29386.05 mgc: 0.4112721 ustep: 1 
iter: 3  value: 29386.05 mgc: 0.001146704 ustep: 1 
iter: 4  mgc: 9.122467e-09 
iter: 1  value: 29387.04 mgc: 3.625338 ustep: 1 
iter: 2  value: 29387.03 mgc: 0.09543396 ustep: 1 
iter: 3  value: 29387.03 mgc: 5.649642e-05 ustep: 1 
iter: 4  mgc: 2.099565e-11 
iter: 1  mgc: 2.099565e-11 
outer mgc:  55.79208 
iter: 1  value: 29370.47 mgc: 2.625527 ustep: 1 
iter: 2  value: 29370.46 mgc: 0.02571354 ustep: 1 
iter: 3  value: 29370.46 mgc: 4.231973e-06 ustep: 1 
iter: 4  mgc: 1.039169e-13 
iter: 1  mgc: 1.039169e-13 
outer mgc:  61.61902 
iter: 1  value: 29354.65 mgc: 2.503659 ustep: 1 
iter: 2  value: 29354.65 mgc: 0.02314928 ustep: 1 
iter: 3  value: 29354.65 mgc: 3.149623e-06 ustep: 1 
iter: 4  mgc: 1.059153e-13 
iter: 1  mgc: 1.059153e-13 
outer mgc:  62.08373 
iter: 1  value: 29338.98 mgc: 2.554794 ustep: 1 
iter: 2  value: 29338.98 mgc: 0.02451219 ustep: 1 
iter: 3  value: 29338.98 mgc: 2.229067e-06 ustep: 1 
iter: 4  mgc: 5.617729e-14 
iter: 1  mgc: 5.617729e-14 
outer mgc:  40.33951 
iter: 1  value: 29326.25 mgc: 2.838597 ustep: 1 
iter: 2  value: 29326.25 mgc: 0.03049854 ustep: 1 
iter: 3  value: 29326.25 mgc: 2.29094e-06 ustep: 1 
iter: 4  mgc: 7.727152e-14 
iter: 1  mgc: 7.727152e-14 
outer mgc:  40.55351 
iter: 1  value: 29315.48 mgc: 2.883141 ustep: 1 
iter: 2  value: 29315.48 mgc: 0.03601163 ustep: 1 
iter: 3  value: 29315.48 mgc: 4.899486e-06 ustep: 1 
iter: 4  mgc: 1.162126e-13 
iter: 1  mgc: 1.162126e-13 
outer mgc:  44.0853 
iter: 1  value: 29306.86 mgc: 4.121901 ustep: 1 
iter: 2  value: 29306.86 mgc: 0.04254286 ustep: 1 
iter: 3  value: 29306.86 mgc: 5.216141e-06 ustep: 1 
iter: 4  mgc: 7.993606e-14 
iter: 1  mgc: 7.993606e-14 
outer mgc:  56.0516 
iter: 1  value: 29298.46 mgc: 2.592275 ustep: 1 
iter: 2  value: 29298.46 mgc: 0.01914404 ustep: 1 
iter: 3  value: 29298.46 mgc: 1.204495e-06 ustep: 1 
iter: 4  mgc: 5.201395e-14 
iter: 1  mgc: 5.201395e-14 
outer mgc:  23.5867 
iter: 1  value: 29296.81 mgc: 2.533455 ustep: 1 
iter: 2  value: 29296.81 mgc: 0.01026218 ustep: 1 
iter: 3  value: 29296.81 mgc: 4.986183e-07 ustep: 1 
iter: 4  mgc: 6.311618e-14 
iter: 1  mgc: 6.311618e-14 
outer mgc:  26.92546 
iter: 1  value: 29290.59 mgc: 1.946072 ustep: 1 
iter: 2  value: 29290.59 mgc: 0.01733396 ustep: 1 
iter: 3  value: 29290.59 mgc: 1.781889e-06 ustep: 1 
iter: 4  mgc: 6.57252e-14 
iter: 1  mgc: 6.57252e-14 
outer mgc:  24.42271 
iter: 1  value: 29286.47 mgc: 3.056737 ustep: 1 
iter: 2  value: 29286.47 mgc: 0.01670488 ustep: 1 
iter: 3  value: 29286.47 mgc: 1.659311e-06 ustep: 1 
iter: 4  mgc: 7.127632e-14 
iter: 1  mgc: 7.127632e-14 
outer mgc:  37.53059 
iter: 1  value: 29283.98 mgc: 2.30485 ustep: 1 
iter: 2  value: 29283.98 mgc: 0.009480547 ustep: 1 
iter: 3  value: 29283.98 mgc: 4.044009e-07 ustep: 1 
iter: 4  mgc: 5.428991e-14 
iter: 1  mgc: 5.428991e-14 
outer mgc:  37.26089 
iter: 1  value: 29283.26 mgc: 2.83578 ustep: 1 
iter: 2  value: 29283.26 mgc: 0.02347837 ustep: 1 
iter: 3  value: 29283.26 mgc: 1.740727e-06 ustep: 1 
iter: 4  mgc: 6.139533e-14 
iter: 1  mgc: 6.139533e-14 
outer mgc:  12.89188 
iter: 1  value: 29281.27 mgc: 1.789049 ustep: 1 
iter: 2  value: 29281.27 mgc: 0.007889388 ustep: 1 
iter: 3  value: 29281.27 mgc: 1.046805e-07 ustep: 1 
iter: 4  mgc: 5.706546e-14 
iter: 1  mgc: 5.706546e-14 
outer mgc:  9.446913 
iter: 1  value: 29278.89 mgc: 1.400931 ustep: 1 
iter: 2  value: 29278.89 mgc: 0.003393337 ustep: 1 
iter: 3  value: 29278.89 mgc: 2.651804e-08 ustep: 1 
mgc: 6.306067e-14 
iter: 1  mgc: 6.306067e-14 
outer mgc:  18.27049 
iter: 1  value: 29276.28 mgc: 1.152522 ustep: 1 
iter: 2  value: 29276.28 mgc: 0.003099649 ustep: 1 
iter: 3  value: 29276.28 mgc: 2.54596e-08 ustep: 1 
mgc: 5.817569e-14 
iter: 1  mgc: 5.817569e-14 
outer mgc:  19.25128 
iter: 1  value: 29274.58 mgc: 1.115824 ustep: 1 
iter: 2  value: 29274.58 mgc: 0.002434892 ustep: 1 
iter: 3  value: 29274.58 mgc: 2.131254e-08 ustep: 1 
iter: 4  mgc: 6.217249e-14 
iter: 1  mgc: 6.217249e-14 
outer mgc:  12.49543 
iter: 1  value: 29273.34 mgc: 1.00613 ustep: 1 
iter: 2  value: 29273.34 mgc: 0.001692975 ustep: 1 
iter: 3  mgc: 4.067221e-09 
iter: 1  mgc: 4.067221e-09 
outer mgc:  13.82947 
iter: 1  value: 29271.51 mgc: 1.351404 ustep: 1 
iter: 2  value: 29271.51 mgc: 0.002841125 ustep: 1 
iter: 3  value: 29271.51 mgc: 7.368112e-08 ustep: 1 
iter: 4  mgc: 6.261658e-14 
iter: 1  mgc: 6.261658e-14 
outer mgc:  25.54112 
iter: 1  value: 29268.95 mgc: 0.9093665 ustep: 1 
iter: 2  value: 29268.95 mgc: 0.001261902 ustep: 1 
iter: 3  mgc: 7.628848e-09 
iter: 1  mgc: 7.628848e-09 
outer mgc:  10.10291 
iter: 1  value: 29266.7 mgc: 1.273473 ustep: 1 
iter: 2  value: 29266.7 mgc: 0.00237877 ustep: 1 
iter: 3  value: 29266.7 mgc: 2.459932e-08 ustep: 1 
iter: 4  mgc: 5.595524e-14 
iter: 1  mgc: 5.595524e-14 
outer mgc:  10.69293 
iter: 1  value: 29264.25 mgc: 0.5975127 ustep: 1 
iter: 2  value: 29264.25 mgc: 0.0005266041 ustep: 1 
iter: 3  mgc: 6.970264e-10 
iter: 1  mgc: 6.970264e-10 
outer mgc:  20.66858 
iter: 1  value: 29262.21 mgc: 0.8664733 ustep: 1 
iter: 2  value: 29262.21 mgc: 0.00176329 ustep: 1 
iter: 3  mgc: 8.826705e-09 
iter: 1  mgc: 8.826705e-09 
outer mgc:  13.43679 
iter: 1  value: 29260.7 mgc: 1.067811 ustep: 1 
iter: 2  value: 29260.7 mgc: 0.002043294 ustep: 1 
iter: 3  value: 29260.7 mgc: 2.213547e-08 ustep: 1 
mgc: 6.128431e-14 
iter: 1  mgc: 6.128431e-14 
outer mgc:  12.2537 
iter: 1  value: 29257.54 mgc: 0.6768613 ustep: 1 
iter: 2  value: 29257.54 mgc: 0.001470371 ustep: 1 
iter: 3  value: 29257.54 mgc: 3.189249e-08 ustep: 1 
iter: 4  mgc: 6.927792e-14 
iter: 1  mgc: 6.927792e-14 
outer mgc:  7.740314 
iter: 1  value: 29255.23 mgc: 1.236456 ustep: 1 
iter: 2  value: 29255.23 mgc: 0.003579165 ustep: 1 
iter: 3  value: 29255.23 mgc: 2.872631e-08 ustep: 1 
mgc: 6.17284e-14 
iter: 1  mgc: 6.17284e-14 
outer mgc:  15.36184 
iter: 1  value: 29253 mgc: 0.6741517 ustep: 1 
iter: 2  value: 29253 mgc: 0.001928599 ustep: 1 
iter: 3  value: 29253 mgc: 2.445132e-08 ustep: 1 
iter: 4  mgc: 6.927792e-14 
iter: 1  mgc: 6.927792e-14 
outer mgc:  5.407097 
iter: 1  value: 29250.26 mgc: 1.679772 ustep: 1 
iter: 2  value: 29250.26 mgc: 0.003964383 ustep: 1 
iter: 3  value: 29250.26 mgc: 2.321092e-08 ustep: 1 
mgc: 6.528111e-14 
iter: 1  value: 29252.46 mgc: 0.6883246 ustep: 1 
iter: 2  value: 29252.46 mgc: 0.0006406822 ustep: 1 
iter: 3  mgc: 1.299304e-09 
iter: 1  value: 29252.74 mgc: 0.1674706 ustep: 1 
iter: 2  value: 29252.74 mgc: 3.784133e-05 ustep: 1 
iter: 3  mgc: 4.825029e-12 
iter: 1  mgc: 4.825029e-12 
outer mgc:  3.749671 
iter: 1  value: 29252.31 mgc: 0.1710288 ustep: 1 
iter: 2  value: 29252.31 mgc: 3.122773e-05 ustep: 1 
iter: 3  mgc: 1.636025e-12 
iter: 1  mgc: 1.636025e-12 
outer mgc:  3.777654 
iter: 1  value: 29251.68 mgc: 0.2407356 ustep: 1 
iter: 2  value: 29251.68 mgc: 8.01728e-05 ustep: 1 
iter: 3  mgc: 8.331558e-12 
iter: 1  mgc: 8.331558e-12 
outer mgc:  4.908161 
iter: 1  value: 29250.66 mgc: 0.2772934 ustep: 1 
iter: 2  value: 29250.66 mgc: 8.767536e-05 ustep: 1 
iter: 3  mgc: 3.115552e-11 
iter: 1  value: 29249.58 mgc: 0.3691058 ustep: 1 
iter: 2  value: 29249.58 mgc: 0.0001621778 ustep: 1 
iter: 3  mgc: 1.076987e-10 
iter: 1  value: 29246.88 mgc: 0.9732482 ustep: 1 
iter: 2  value: 29246.88 mgc: 0.001110768 ustep: 1 
iter: 3  mgc: 4.645793e-09 
iter: 1  mgc: 4.645793e-09 
outer mgc:  11.00175 
iter: 1  value: 29244.35 mgc: 0.7575991 ustep: 1 
iter: 2  value: 29244.35 mgc: 0.001826206 ustep: 1 
iter: 3  value: 29244.35 mgc: 5.622072e-08 ustep: 1 
iter: 4  mgc: 5.77316e-14 
iter: 1  mgc: 5.77316e-14 
outer mgc:  9.721095 
iter: 1  value: 29239.12 mgc: 4.125991 ustep: 1 
iter: 2  value: 29239.12 mgc: 0.02701876 ustep: 1 
iter: 3  value: 29239.12 mgc: 2.36385e-06 ustep: 1 
iter: 4  mgc: 4.236611e-13 
iter: 1  value: 29241.61 mgc: 2.168593 ustep: 1 
iter: 2  value: 29241.61 mgc: 0.004411441 ustep: 1 
iter: 3  value: 29241.61 mgc: 3.540999e-08 ustep: 1 
iter: 4  mgc: 5.262457e-14 
iter: 1  mgc: 5.262457e-14 
outer mgc:  18.29592 
iter: 1  value: 29237.65 mgc: 1.077103 ustep: 1 
iter: 2  value: 29237.65 mgc: 0.0009940101 ustep: 1 
iter: 3  mgc: 1.503426e-09 
iter: 1  mgc: 1.503426e-09 
outer mgc:  23.07962 
iter: 1  value: 29233.32 mgc: 1.411102 ustep: 1 
iter: 2  value: 29233.32 mgc: 0.003164374 ustep: 1 
iter: 3  value: 29233.32 mgc: 7.573063e-08 ustep: 1 
iter: 4  mgc: 6.883383e-14 
iter: 1  mgc: 6.883383e-14 
outer mgc:  9.081237 
iter: 1  value: 29231.65 mgc: 1.371078 ustep: 1 
iter: 2  value: 29231.65 mgc: 0.002885217 ustep: 1 
iter: 3  value: 29231.65 mgc: 4.439526e-07 ustep: 1 
iter: 4  mgc: 6.195044e-14 
iter: 1  mgc: 6.195044e-14 
outer mgc:  13.15505 
iter: 1  value: 29229.28 mgc: 0.7963268 ustep: 1 
iter: 2  value: 29229.28 mgc: 0.001033087 ustep: 1 
iter: 3  mgc: 3.383827e-09 
iter: 1  mgc: 3.383827e-09 
outer mgc:  9.077649 
iter: 1  value: 29225.83 mgc: 1.317289 ustep: 1 
iter: 2  value: 29225.83 mgc: 0.003897524 ustep: 1 
iter: 3  value: 29225.83 mgc: 8.636523e-08 ustep: 1 
iter: 4  mgc: 5.684342e-14 
iter: 1  mgc: 5.684342e-14 
outer mgc:  12.32623 
iter: 1  value: 29222.18 mgc: 0.5840089 ustep: 1 
iter: 2  value: 29222.18 mgc: 0.0003253909 ustep: 1 
iter: 3  mgc: 4.318324e-09 
iter: 1  mgc: 4.318324e-09 
outer mgc:  10.08776 
iter: 1  value: 29218.97 mgc: 0.8411866 ustep: 1 
iter: 2  value: 29218.97 mgc: 0.001292577 ustep: 1 
iter: 3  mgc: 5.775542e-09 
iter: 1  mgc: 5.775542e-09 
outer mgc:  12.9275 
iter: 1  value: 29215.52 mgc: 0.5351356 ustep: 1 
iter: 2  value: 29215.52 mgc: 0.0004317486 ustep: 1 
iter: 3  mgc: 9.331544e-10 
iter: 1  mgc: 9.331544e-10 
outer mgc:  7.27801 
iter: 1  value: 29213.56 mgc: 0.7670964 ustep: 1 
iter: 2  value: 29213.56 mgc: 0.0006728067 ustep: 1 
iter: 3  mgc: 3.813232e-09 
iter: 1  mgc: 3.813232e-09 
outer mgc:  6.179691 
iter: 1  value: 29210.09 mgc: 1.341606 ustep: 1 
iter: 2  value: 29210.09 mgc: 0.001546713 ustep: 1 
iter: 3  mgc: 3.053435e-09 
iter: 1  mgc: 3.053435e-09 
outer mgc:  3.466164 
iter: 1  value: 29205.37 mgc: 1.177688 ustep: 1 
iter: 2  value: 29205.37 mgc: 0.001113926 ustep: 1 
iter: 3  mgc: 3.004148e-09 
iter: 1  mgc: 3.004148e-09 
outer mgc:  3.866333 
iter: 1  value: 29203.4 mgc: 0.9727226 ustep: 1 
iter: 2  value: 29203.4 mgc: 0.00108339 ustep: 1 
iter: 3  mgc: 4.293375e-09 
iter: 1  mgc: 4.293375e-09 
outer mgc:  11.53206 
iter: 1  value: 29200.99 mgc: 0.6853167 ustep: 1 
iter: 2  value: 29200.99 mgc: 0.0002584426 ustep: 1 
iter: 3  mgc: 1.262333e-09 
iter: 1  mgc: 1.262333e-09 
outer mgc:  8.112622 
iter: 1  value: 29196.86 mgc: 0.4612793 ustep: 1 
iter: 2  value: 29196.86 mgc: 0.0002265236 ustep: 1 
iter: 3  mgc: 1.519851e-10 
iter: 1  value: 29189.37 mgc: 0.8667506 ustep: 1 
iter: 2  value: 29189.37 mgc: 0.0008034971 ustep: 1 
iter: 3  mgc: 7.64607e-10 
iter: 1  mgc: 7.64607e-10 
outer mgc:  12.88843 
iter: 1  value: 29184.74 mgc: 0.9925359 ustep: 1 
iter: 2  value: 29184.74 mgc: 0.001330915 ustep: 1 
iter: 3  value: 29184.74 mgc: 1.636381e-08 ustep: 1 
iter: 4  mgc: 6.661338e-14 
iter: 1  mgc: 6.661338e-14 
outer mgc:  14.16923 
iter: 1  value: 29176.06 mgc: 0.9998673 ustep: 1 
iter: 2  value: 29176.06 mgc: 0.0009900658 ustep: 1 
iter: 3  mgc: 8.114382e-09 
iter: 1  mgc: 8.114382e-09 
outer mgc:  2.30855 
iter: 1  value: 29160.74 mgc: 1.317434 ustep: 1 
iter: 2  value: 29160.74 mgc: 0.0009080809 ustep: 1 
iter: 3  mgc: 1.442759e-09 
iter: 1  mgc: 1.442759e-09 
outer mgc:  5.47963 
iter: 1  value: 29159.25 mgc: 0.7635238 ustep: 1 
iter: 2  value: 29159.25 mgc: 0.0006565656 ustep: 1 
iter: 3  mgc: 6.606731e-09 
iter: 1  value: 29158.2 mgc: 1.221832 ustep: 1 
iter: 2  value: 29158.2 mgc: 0.0007623202 ustep: 1 
iter: 3  mgc: 7.634672e-09 
iter: 1  mgc: 7.634672e-09 
outer mgc:  17.20204 
iter: 1  value: 29145.04 mgc: 2.004519 ustep: 1 
iter: 2  value: 29145.04 mgc: 0.00218746 ustep: 1 
iter: 3  value: 29145.04 mgc: 3.650261e-07 ustep: 1 
iter: 4  mgc: 8.437695e-14 
iter: 1  mgc: 8.437695e-14 
outer mgc:  13.62372 
iter: 1  value: 29119.84 mgc: 3.473494 ustep: 1 
iter: 2  value: 29119.84 mgc: 0.00418429 ustep: 1 
iter: 3  value: 29119.84 mgc: 5.444981e-07 ustep: 1 
iter: 4  mgc: 7.771561e-14 
iter: 1  mgc: 7.771561e-14 
outer mgc:  18.72004 
iter: 1  value: 29097.87 mgc: 4.105025 ustep: 1 
iter: 2  value: 29097.87 mgc: 0.006688953 ustep: 1 
iter: 3  value: 29097.87 mgc: 1.991029e-06 ustep: 1 
iter: 4  mgc: 2.580158e-13 
iter: 1  value: 29110.12 mgc: 1.975127 ustep: 1 
iter: 2  value: 29110.12 mgc: 0.00166292 ustep: 1 
iter: 3  value: 29110.12 mgc: 1.115156e-07 ustep: 1 
iter: 4  mgc: 7.194245e-14 
iter: 1  mgc: 7.194245e-14 
outer mgc:  15.72364 
iter: 1  value: 29103.7 mgc: 4.187637 ustep: 1 
iter: 2  value: 29103.7 mgc: 0.002324688 ustep: 1 
iter: 3  value: 29103.7 mgc: 3.46468e-08 ustep: 1 
iter: 4  mgc: 8.881784e-14 
iter: 1  mgc: 8.881784e-14 
outer mgc:  9.685398 
iter: 1  value: 29097.5 mgc: 3.765594 ustep: 1 
iter: 2  value: 29097.5 mgc: 0.001562714 ustep: 1 
iter: 3  value: 29097.5 mgc: 3.498047e-08 ustep: 1 
iter: 4  mgc: 7.727152e-14 
iter: 1  value: 29100.69 mgc: 3.016539 ustep: 1 
iter: 2  value: 29100.69 mgc: 0.0009256508 ustep: 1 
iter: 3  mgc: 6.313354e-09 
iter: 1  value: 29102.53 mgc: 2.604522 ustep: 1 
iter: 2  value: 29102.53 mgc: 0.0007403133 ustep: 1 
iter: 3  mgc: 1.410261e-09 
iter: 1  value: 29103.45 mgc: 1.795048 ustep: 1 
iter: 2  value: 29103.45 mgc: 0.0003503884 ustep: 1 
iter: 3  mgc: 2.992291e-10 
iter: 1  value: 29103.52 mgc: 0.7070751 ustep: 1 
iter: 2  value: 29103.52 mgc: 5.277218e-05 ustep: 1 
iter: 3  mgc: 7.064571e-12 
iter: 1  mgc: 7.064571e-12 
outer mgc:  4.493503 
iter: 1  value: 29103.34 mgc: 0.9174192 ustep: 1 
iter: 2  value: 29103.34 mgc: 8.15393e-05 ustep: 1 
iter: 3  mgc: 2.068301e-11 
iter: 1  mgc: 2.068301e-11 
outer mgc:  5.226009 
iter: 1  value: 29103.12 mgc: 0.3092218 ustep: 1 
iter: 2  value: 29103.12 mgc: 1.15251e-05 ustep: 1 
iter: 3  mgc: 7.362999e-13 
iter: 1  mgc: 7.362999e-13 
outer mgc:  2.89155 
iter: 1  value: 29102.74 mgc: 0.3433776 ustep: 1 
iter: 2  value: 29102.74 mgc: 2.431772e-05 ustep: 1 
iter: 3  mgc: 2.494005e-12 
iter: 1  mgc: 2.494005e-12 
outer mgc:  3.190584 
iter: 1  value: 29102.09 mgc: 0.1760197 ustep: 1 
iter: 2  value: 29102.09 mgc: 7.931859e-06 ustep: 1 
iter: 3  mgc: 1.250555e-12 
iter: 1  value: 29101.5 mgc: 0.07939407 ustep: 1 
iter: 2  value: 29101.5 mgc: 1.633713e-06 ustep: 1 
iter: 3  mgc: 1.549871e-13 
iter: 1  value: 29099.04 mgc: 0.3372896 ustep: 1 
iter: 2  value: 29099.04 mgc: 2.857553e-05 ustep: 1 
iter: 3  mgc: 3.671685e-11 
iter: 1  value: 29088.58 mgc: 1.575345 ustep: 1 
iter: 2  value: 29088.58 mgc: 0.0005540814 ustep: 1 
iter: 3  value: 29088.58 mgc: 1.418229e-08 ustep: 1 
iter: 4  mgc: 8.970602e-14 
iter: 1  mgc: 8.970602e-14 
outer mgc:  7.488047 
iter: 1  value: 29072.16 mgc: 2.650388 ustep: 1 
iter: 2  value: 29072.16 mgc: 0.001052281 ustep: 1 
iter: 3  mgc: 3.220672e-09 
iter: 1  value: 29052.72 mgc: 2.387775 ustep: 1 
iter: 2  value: 29052.72 mgc: 0.000755249 ustep: 1 
iter: 3  mgc: 2.587061e-09 
iter: 1  mgc: 2.587061e-09 
outer mgc:  5.33745 
iter: 1  value: 29022.91 mgc: 7.411252 ustep: 1 
iter: 2  value: 29022.91 mgc: 0.006167454 ustep: 1 
iter: 3  value: 29022.91 mgc: 1.048766e-06 ustep: 1 
iter: 4  mgc: 8.970602e-14 
iter: 1  mgc: 8.970602e-14 
outer mgc:  9.117841 
iter: 1  value: 28997.05 mgc: 15.43279 ustep: 1 
iter: 2  value: 28997.05 mgc: 0.01251942 ustep: 1 
iter: 3  value: 28997.05 mgc: 1.058397e-07 ustep: 1 
iter: 4  mgc: 1.177947e-13 
iter: 1  mgc: 1.177947e-13 
outer mgc:  5.663492 
iter: 1  value: 28970.47 mgc: 11.83649 ustep: 1 
iter: 2  value: 28970.47 mgc: 0.007561391 ustep: 1 
iter: 3  value: 28970.47 mgc: 5.396368e-08 ustep: 1 
iter: 4  mgc: 2.526868e-13 
iter: 1  mgc: 2.526868e-13 
outer mgc:  3.532049 
iter: 1  value: 28944.16 mgc: 5.466702 ustep: 1 
iter: 2  value: 28944.16 mgc: 0.001912574 ustep: 1 
iter: 3  value: 28944.16 mgc: 1.303373e-07 ustep: 1 
iter: 4  mgc: 2.597922e-13 
iter: 1  mgc: 2.597922e-13 
outer mgc:  2.319094 
iter: 1  value: 28921.62 mgc: 7.77287 ustep: 1 
iter: 2  value: 28921.62 mgc: 0.0004862081 ustep: 1 
iter: 3  mgc: 2.5444e-10 
iter: 1  mgc: 2.5444e-10 
outer mgc:  1.955052 
iter: 1  value: 28901.47 mgc: 2.318705 ustep: 1 
iter: 2  value: 28901.47 mgc: 0.0001571428 ustep: 1 
iter: 3  mgc: 4.304495e-10 
iter: 1  value: 28873.28 mgc: 3.827434 ustep: 1 
iter: 2  value: 28873.28 mgc: 0.0002938322 ustep: 1 
iter: 3  mgc: 2.754732e-09 
iter: 1  mgc: 2.754732e-09 
outer mgc:  2.796999 
iter: 1  value: 28830.61 mgc: 14.95688 ustep: 1 
iter: 2  value: 28830.61 mgc: 0.0002870291 ustep: 1 
iter: 3  mgc: 3.680771e-10 
iter: 1  mgc: 3.680771e-10 
outer mgc:  1.706564 
iter: 1  value: 28795.38 mgc: 16.54254 ustep: 1 
iter: 2  value: 28795.38 mgc: 0.0002280264 ustep: 1 
iter: 3  mgc: 2.74806e-10 
iter: 1  mgc: 2.74806e-10 
outer mgc:  1.280322 
iter: 1  value: 28762.49 mgc: 4.112011 ustep: 1 
iter: 2  value: 28762.49 mgc: 5.274995e-05 ustep: 1 
iter: 3  mgc: 7.480239e-12 
iter: 1  mgc: 7.480239e-12 
outer mgc:  0.9636645 
iter: 1  value: 28733.08 mgc: 3.166049 ustep: 1 
iter: 2  value: 28733.08 mgc: 3.265102e-05 ustep: 1 
iter: 3  mgc: 1.322498e-12 
iter: 1  mgc: 1.322498e-12 
outer mgc:  0.3580959 
iter: 1  value: 28678.55 mgc: 8.785845 ustep: 1 
iter: 2  value: 28678.55 mgc: 7.781113e-05 ustep: 1 
iter: 3  mgc: 2.712497e-12 
iter: 1  mgc: 2.712497e-12 
outer mgc:  0.1966501 
iter: 1  value: 28636.15 mgc: 9.602425 ustep: 1 
iter: 2  value: 28636.15 mgc: 2.726112e-05 ustep: 1 
iter: 3  mgc: 2.873257e-12 
iter: 1  mgc: 2.873257e-12 
outer mgc:  0.122431 
iter: 1  value: 28598.93 mgc: 12.07691 ustep: 1 
iter: 2  value: 28598.93 mgc: 1.463121e-05 ustep: 1 
iter: 3  mgc: 6.262546e-12 
iter: 1  mgc: 6.262546e-12 
outer mgc:  0.06997381 
iter: 1  value: 28555.9 mgc: 20.89935 ustep: 1 
iter: 2  value: 28555.9 mgc: 1.420811e-05 ustep: 1 
iter: 3  mgc: 1.131095e-11 
iter: 1  mgc: 1.131095e-11 
outer mgc:  0.04878546 
iter: 1  value: 28520.09 mgc: 23.82307 ustep: 1 
iter: 2  value: 28520.09 mgc: 7.223124e-06 ustep: 1 
iter: 3  mgc: 1.575229e-11 
iter: 1  mgc: 1.575229e-11 
outer mgc:  0.04642296 
iter: 1  value: 28488.34 mgc: 27.34221 ustep: 1 
iter: 2  value: 28488.34 mgc: 4.430089e-06 ustep: 1 
iter: 3  mgc: 1.589839e-11 
iter: 1  mgc: 1.589839e-11 
outer mgc:  0.02900165 
iter: 1  value: 28462.95 mgc: 26.99344 ustep: 1 
iter: 2  value: 28462.95 mgc: 2.274215e-06 ustep: 1 
iter: 3  mgc: 2.193978e-11 
iter: 1  mgc: 2.193978e-11 
outer mgc:  0.0387314 
iter: 1  value: 28443.36 mgc: 23.60361 ustep: 1 
iter: 2  value: 28443.36 mgc: 1.206423e-06 ustep: 1 
iter: 3  mgc: 2.974349e-11 
iter: 1  mgc: 2.974349e-11 
outer mgc:  0.02460278 
iter: 1  value: 28427.6 mgc: 21.1033 ustep: 1 
iter: 2  value: 28427.6 mgc: 7.259278e-07 ustep: 1 
iter: 3  mgc: 2.98388e-11 
iter: 1  mgc: 2.98388e-11 
outer mgc:  0.03008376 
iter: 1  value: 28411.83 mgc: 22.50227 ustep: 1 
iter: 2  value: 28411.83 mgc: 7.403712e-07 ustep: 1 
iter: 3  mgc: 4.681588e-11 
iter: 1  mgc: 4.681588e-11 
outer mgc:  0.02271791 
iter: 1  value: 28393.46 mgc: 27.86746 ustep: 1 
iter: 2  value: 28393.46 mgc: 1.04646e-06 ustep: 1 
iter: 3  mgc: 8.577228e-11 
iter: 1  mgc: 8.577228e-11 
outer mgc:  0.02134551 
iter: 1  value: 28373.23 mgc: 29.44024 ustep: 1 
iter: 2  value: 28373.23 mgc: 1.433717e-06 ustep: 1 
iter: 3  mgc: 5.671308e-11 
iter: 1  mgc: 5.671308e-11 
outer mgc:  0.01267487 
iter: 1  value: 28356.04 mgc: 15.64225 ustep: 1 
iter: 2  value: 28356.04 mgc: 1.710335e-06 ustep: 1 
iter: 3  mgc: 7.268319e-11 
iter: 1  mgc: 7.268319e-11 
outer mgc:  0.006535988 
iter: 1  value: 28350.25 mgc: 20.96929 ustep: 1 
iter: 2  value: 28350.25 mgc: 2.052193e-06 ustep: 1 
iter: 3  mgc: 6.815082e-11 
iter: 1  mgc: 6.815082e-11 
outer mgc:  0.01276768 
iter: 1  value: 28356.21 mgc: 27.44858 ustep: 1 
iter: 2  value: 28356.21 mgc: 5.241315e-07 ustep: 1 
iter: 3  mgc: 6.470291e-11 
iter: 1  mgc: 6.470291e-11 
outer mgc:  0.01471035 
iter: 1  value: 28372.95 mgc: 43.05699 ustep: 1 
iter: 2  value: 28372.95 mgc: 6.371856e-07 ustep: 1 
iter: 3  mgc: 9.384227e-11 
iter: 1  mgc: 9.384227e-11 
outer mgc:  0.01551106 
iter: 1  value: 28390.65 mgc: 29.51037 ustep: 1 
iter: 2  value: 28390.65 mgc: 1.381096e-07 ustep: 1 
iter: 3  mgc: 4.750089e-11 
iter: 1  mgc: 4.750089e-11 
outer mgc:  0.0147825 
iter: 1  value: 28409.43 mgc: 20.0491 ustep: 1 
iter: 2  value: 28409.43 mgc: 5.356442e-07 ustep: 1 
iter: 3  mgc: 3.052403e-11 
iter: 1  mgc: 3.052403e-11 
outer mgc:  0.01845928 
iter: 1  value: 28420.44 mgc: 6.364259 ustep: 1 
iter: 2  value: 28420.44 mgc: 4.557343e-07 ustep: 1 
iter: 3  mgc: 2.981881e-11 
iter: 1  mgc: 2.981881e-11 
outer mgc:  0.01936466 
iter: 1  value: 28419.24 mgc: 3.489839 ustep: 1 
iter: 2  value: 28419.24 mgc: 3.201978e-08 ustep: 1 
mgc: 2.593137e-11 
iter: 1  mgc: 2.593137e-11 
outer mgc:  0.01710717 
iter: 1  value: 28416.11 mgc: 7.06668 ustep: 1 
iter: 2  value: 28416.11 mgc: 4.346391e-08 ustep: 1 
mgc: 2.806289e-11 
iter: 1  mgc: 2.806289e-11 
outer mgc:  0.009817929 
iter: 1  value: 28409.18 mgc: 8.696025 ustep: 1 
iter: 2  value: 28409.18 mgc: 1.240506e-07 ustep: 1 
iter: 3  mgc: 3.637801e-11 
iter: 1  mgc: 3.637801e-11 
outer mgc:  0.01162351 
iter: 1  value: 28397.1 mgc: 6.392293 ustep: 1 
iter: 2  value: 28397.1 mgc: 1.109493e-06 ustep: 1 
iter: 3  mgc: 4.157652e-11 
iter: 1  mgc: 4.157652e-11 
outer mgc:  0.01863496 
iter: 1  value: 28382.35 mgc: 6.1937 ustep: 1 
iter: 2  value: 28382.35 mgc: 2.821598e-06 ustep: 1 
iter: 3  mgc: 5.163331e-11 
iter: 1  mgc: 5.163331e-11 
outer mgc:  0.01510625 
iter: 1  value: 28369.5 mgc: 10.99981 ustep: 1 
iter: 2  value: 28369.5 mgc: 2.60778e-06 ustep: 1 
iter: 3  mgc: 5.07141e-11 
iter: 1  mgc: 5.07141e-11 
outer mgc:  0.007059088 
iter: 1  value: 28360.96 mgc: 8.307353 ustep: 1 
iter: 2  value: 28360.96 mgc: 1.081593e-06 ustep: 1 
iter: 3  mgc: 4.791989e-11 
iter: 1  mgc: 4.791989e-11 
outer mgc:  0.009391746 
iter: 1  value: 28356.72 mgc: 3.418213 ustep: 1 
iter: 2  value: 28356.72 mgc: 2.055567e-07 ustep: 1 
iter: 3  mgc: 5.60112e-11 
iter: 1  mgc: 5.60112e-11 
outer mgc:  0.01079777 
iter: 1  value: 28354.91 mgc: 1.228151 ustep: 1 
iter: 2  value: 28354.91 mgc: 3.393876e-08 ustep: 1 
mgc: 4.297451e-11 
iter: 1  mgc: 4.297451e-11 
outer mgc:  0.01117835 
iter: 1  value: 28352.49 mgc: 1.89087 ustep: 1 
iter: 2  value: 28352.49 mgc: 7.790698e-08 ustep: 1 
iter: 3  mgc: 8.375967e-11 
iter: 1  mgc: 8.375967e-11 
outer mgc:  0.01128171 
iter: 1  value: 28348.95 mgc: 3.22598 ustep: 1 
iter: 2  value: 28348.95 mgc: 2.18779e-07 ustep: 1 
iter: 3  mgc: 6.441159e-11 
iter: 1  mgc: 6.441159e-11 
outer mgc:  0.01078587 
iter: 1  value: 28344.3 mgc: 4.519334 ustep: 1 
iter: 2  value: 28344.3 mgc: 4.673987e-07 ustep: 1 
iter: 3  mgc: 4.033751e-11 
iter: 1  mgc: 4.033751e-11 
outer mgc:  0.008869401 
iter: 1  value: 28340.09 mgc: 4.160768 ustep: 1 
iter: 2  value: 28340.09 mgc: 4.427701e-07 ustep: 1 
iter: 3  mgc: 5.546141e-11 
iter: 1  mgc: 5.546141e-11 
outer mgc:  0.005216702 
iter: 1  value: 28338.35 mgc: 2.842761 ustep: 1 
iter: 2  value: 28338.35 mgc: 5.399066e-08 ustep: 1 
mgc: 4.751088e-11 
iter: 1  mgc: 4.751088e-11 
outer mgc:  0.001548736 
iter: 1  value: 28338.65 mgc: 2.383711 ustep: 1 
iter: 2  value: 28338.65 mgc: 3.577031e-08 ustep: 1 
iter: 3  mgc: 5.600853e-11 
iter: 1  mgc: 5.600853e-11 
outer mgc:  0.0004010019 
iter: 1  value: 28338.98 mgc: 0.9894402 ustep: 1 
iter: 2  mgc: 5.385063e-09 
iter: 1  mgc: 5.385063e-09 
outer mgc:  0.0002224786 
iter: 1  mgc: 5.385063e-09 
iter: 1  mgc: 5.385063e-09 
outer mgc:  0.0002224786 
iter: 1  value: 28338.98 mgc: 0.02336904 ustep: 1 
iter: 2  value: 28338.98 mgc: 3.683496e-07 ustep: 1 
iter: 3  mgc: 6.331957e-11 
outer mgc:  1.914382 
iter: 1  value: 28338.97 mgc: 0.02336087 ustep: 1 
iter: 2  value: 28338.97 mgc: 3.66749e-07 ustep: 1 
iter: 3  mgc: 9.769519e-11 
outer mgc:  1.913669 
iter: 1  value: 28338.98 mgc: 0.01308763 ustep: 1 
iter: 2  value: 28338.98 mgc: 1.616547e-07 ustep: 1 
iter: 3  mgc: 5.436629e-11 
outer mgc:  1.080084 
iter: 1  value: 28338.97 mgc: 0.01308429 ustep: 1 
iter: 2  value: 28338.97 mgc: 1.612806e-07 ustep: 1 
iter: 3  mgc: 4.90239e-11 
outer mgc:  1.079669 
iter: 1  value: 28338.98 mgc: 0.008865326 ustep: 1 
iter: 2  value: 28338.98 mgc: 1.428562e-08 ustep: 1 
iter: 3  mgc: 6.018519e-11 
outer mgc:  0.6379935 
iter: 1  value: 28338.97 mgc: 0.008857483 ustep: 1 
iter: 2  value: 28338.97 mgc: 1.423197e-08 ustep: 1 
iter: 3  mgc: 3.706629e-11 
outer mgc:  0.6375707 
iter: 1  value: 28338.98 mgc: 0.004926373 ustep: 1 
iter: 2  mgc: 8.11065e-09 
outer mgc:  0.3490615 
iter: 1  value: 28338.97 mgc: 0.004922091 ustep: 1 
iter: 2  mgc: 8.071843e-09 
outer mgc:  0.3488221 
iter: 1  value: 28338.98 mgc: 0.01791871 ustep: 1 
iter: 2  value: 28338.98 mgc: 1.280189e-07 ustep: 1 
iter: 3  mgc: 3.935519e-11 
outer mgc:  1.401083 
iter: 1  value: 28338.97 mgc: 0.01790573 ustep: 1 
iter: 2  value: 28338.97 mgc: 1.277688e-07 ustep: 1 
iter: 3  mgc: 3.67697e-11 
outer mgc:  1.40003 
iter: 1  value: 28338.98 mgc: 0.008769443 ustep: 1 
iter: 2  value: 28338.98 mgc: 4.869092e-08 ustep: 1 
iter: 3  mgc: 4.065204e-11 
outer mgc:  0.6427262 
iter: 1  value: 28338.98 mgc: 0.008762905 ustep: 1 
iter: 2  value: 28338.98 mgc: 4.863383e-08 ustep: 1 
iter: 3  mgc: 5.501138e-11 
outer mgc:  0.6422815 
iter: 1  value: 28338.98 mgc: 0.02296248 ustep: 1 
iter: 2  value: 28338.98 mgc: 3.143888e-07 ustep: 1 
iter: 3  mgc: 4.520795e-11 
outer mgc:  1.760575 
iter: 1  value: 28338.98 mgc: 0.02295368 ustep: 1 
iter: 2  value: 28338.98 mgc: 3.139319e-07 ustep: 1 
iter: 3  mgc: 4.619805e-11 
outer mgc:  1.759237 
iter: 1  value: 28338.98 mgc: 0.01012172 ustep: 1 
iter: 2  value: 28338.98 mgc: 7.914474e-08 ustep: 1 
iter: 3  mgc: 6.40763e-11 
outer mgc:  0.7981031 
iter: 1  value: 28338.98 mgc: 0.01011637 ustep: 1 
iter: 2  value: 28338.98 mgc: 7.902394e-08 ustep: 1 
iter: 3  mgc: 4.363532e-11 
outer mgc:  0.7974183 
iter: 1  value: 28339.05 mgc: 253.0326 ustep: 1 
iter: 2  value: 28339.05 mgc: 1.061534e-05 ustep: 1 
iter: 3  mgc: 6.005041e-11 
outer mgc:  0.5867614 
iter: 1  value: 28338.91 mgc: 253.7929 ustep: 1 
iter: 2  value: 28338.91 mgc: 1.059893e-05 ustep: 1 
iter: 3  mgc: 4.347012e-11 
outer mgc:  0.5856626 
iter: 1  value: 28339.07 mgc: 177.3447 ustep: 1 
iter: 2  value: 28339.07 mgc: 7.300435e-06 ustep: 1 
iter: 3  mgc: 3.639e-11 
outer mgc:  0.1833766 
iter: 1  value: 28338.88 mgc: 177.5221 ustep: 1 
iter: 2  value: 28338.88 mgc: 7.290416e-06 ustep: 1 
iter: 3  mgc: 1.133351e-10 
outer mgc:  0.1832431 
iter: 1  value: 28339.06 mgc: 77.0865 ustep: 1 
iter: 2  value: 28339.06 mgc: 1.651489e-05 ustep: 1 
iter: 3  mgc: 5.144862e-11 
outer mgc:  0.4455143 
iter: 1  value: 28338.89 mgc: 77.16363 ustep: 1 
iter: 2  value: 28338.89 mgc: 1.646096e-05 ustep: 1 
iter: 3  mgc: 4.89413e-11 
outer mgc:  0.4443207 
iter: 1  value: 28339.05 mgc: 41.53488 ustep: 1 
iter: 2  value: 28339.05 mgc: 1.119128e-05 ustep: 1 
iter: 3  mgc: 5.96434e-11 
outer mgc:  0.5810035 
iter: 1  value: 28338.91 mgc: 41.65967 ustep: 1 
iter: 2  value: 28338.91 mgc: 1.120228e-05 ustep: 1 
iter: 3  mgc: 1.016049e-10 
outer mgc:  0.5798633 
iter: 1  value: 28338.97 mgc: 0.00482707 ustep: 1 
iter: 2  mgc: 5.363293e-11 
outer mgc:  0.0002225287 
iter: 1  value: 28338.98 mgc: 0.004826966 ustep: 1 
iter: 2  mgc: 4.660272e-11 
outer mgc:  0.0002224288 
iter: 1  value: 28338.97 mgc: 0.004081235 ustep: 1 
iter: 2  mgc: 5.488321e-11 
outer mgc:  0.0002237706 
iter: 1  value: 28338.98 mgc: 0.00408116 ustep: 1 
iter: 2  mgc: 6.12923e-11 
outer mgc:  0.0002211868 
iter: 1  value: 28338.98 mgc: 0.1019843 ustep: 1 
iter: 2  mgc: 6.00604e-11 
outer mgc:  0.0002564537 
iter: 1  value: 28338.98 mgc: 0.1021133 ustep: 1 
iter: 2  mgc: 6.037482e-11 
outer mgc:  0.0002275217 
iter: 1  value: 28338.97 mgc: 0.001365965 ustep: 1 
iter: 2  mgc: 9.009149e-11 
outer mgc:  0.0002214809 
iter: 1  value: 28338.98 mgc: 0.001365944 ustep: 1 
iter: 2  mgc: 4.944933e-11 
outer mgc:  0.0002234765 
iter: 1  value: 28338.98 mgc: 0.04381109 ustep: 1 
iter: 2  mgc: 4.201736e-11 
outer mgc:  0.0001943749 
iter: 1  value: 28338.98 mgc: 0.04381134 ustep: 1 
iter: 2  mgc: 4.022738e-11 
outer mgc:  0.0002505955 
iter: 1  value: 28338.98 mgc: 0.02564568 ustep: 1 
iter: 2  mgc: 4.347245e-11 
outer mgc:  0.0002335436 
iter: 1  value: 28338.98 mgc: 0.02568334 ustep: 1 
iter: 2  mgc: 3.275424e-11 
outer mgc:  0.0002114268 
iter: 1  value: 28338.96 mgc: 0.005249442 ustep: 1 
iter: 2  value: 28338.96 mgc: 3.852047e-08 ustep: 1 
iter: 3  mgc: 7.286438e-11 
outer mgc:  0.09525362 
iter: 1  value: 28338.99 mgc: 0.005249099 ustep: 1 
iter: 2  value: 28338.99 mgc: 3.855263e-08 ustep: 1 
iter: 3  mgc: 4.304601e-11 
outer mgc:  0.09563905 
Warning message:
package ‘nnet’ was built under R version 3.6.3 
[Sun Aug 15 15:33:19 2021]
Finished job 0.
1 of 1 steps (100%) done
