Building DAG of jobs...
Using shell: /usr/bin/bash
Provided cores: 1 (use --cores to define parallelism)
Rules claiming more threads will be scaled down.
Job counts:
	count	jobs
	1	inference_simulation_TMB_multiple
	1

[Mon Aug 16 09:16:24 2021]
rule inference_simulation_TMB_multiple:
    input: ../data/assessing_models_simulation/datasets/multiple_GenerationJnorm3_100_100_80_6_0.01_NA_NA_NA_dataset1.RDS
    output: ../data/assessing_models_simulation/inference_results/TMB/nlminb/multiple_GenerationJnorm3_100_100_80_6_0.01_diagREDMsinglelambda_NA_NA_NA_dataset1.RDS
    log: logs/inference/nlminb/simulation_GenerationJnorm3_100_100_80_6_0.01_ModeldiagREDMsinglelambda_NA_NA_NA_dataset1.log
    jobid: 0
    wildcards: optimiser=nlminb, datasetgeneration=GenerationJnorm3, n=100, nlambda=100, lmbda=80, d=6, beta_intensity=0.01, model=diagREDMsinglelambda, fixed_beta_intercept=NA, fixed_beta_slope=NA, sdRE_input=NA, itnum=1

Rscript 2_inference_TMB/run_TMB.R --input ../data/assessing_models_simulation/datasets/multiple_GenerationJnorm3_100_100_80_6_0.01_NA_NA_NA_dataset1.RDS --output ../data/assessing_models_simulation/inference_results/TMB/nlminb/multiple_GenerationJnorm3_100_100_80_6_0.01_diagREDMsinglelambda_NA_NA_NA_dataset1.RDS --model diagREDMsinglelambda --optimiser nlminb
Model: diagREDMsinglelambda 
Feature type: signatures 
Using nlminb: TRUE 
Simulation boolean: TRUE 
make: Nothing to be done for 'all'.
../data/assessing_models_simulation/datasets/multiple_GenerationJnorm3_100_100_80_6_0.01_NA_NA_NA_dataset1.RDS[1] "../data/assessing_models_simulation/datasets/multiple_GenerationJnorm3_100_100_80_6_0.01_NA_NA_NA_dataset1.RDS"
Reading file ../data/assessing_models_simulation/datasets/multiple_GenerationJnorm3_100_100_80_6_0.01_NA_NA_NA_dataset1.RDS 
Loading required package: nnet
# weights:  18 (10 variable)
initial  value 35933.736155 
iter  10 value 33963.840668
final  value 33739.671751 
converged
Constructing atomic invpd
Constructing atomic D_lgamma
Constructing atomic invpd
Constructing atomic D_lgamma
Constructing atomic matmul
Constructing atomic invpd
Constructing atomic D_lgamma
Constructing atomic matmul
Optimizing tape... Done
iter: 1  value: 33289.05 mgc: 4.667528 ustep: 0.5618175 
iter: 2  value: 33186.61 mgc: 10.03315 ustep: 0.7495699 
iter: 3  value: 33170.54 mgc: 2.673666 ustep: 0.6335905 
iter: 4  value: 33166.78 mgc: 3.79651 ustep: 0.7960044 
iter: 5  value: 33166.61 mgc: 0.2385569 ustep: 0.8922015 
iter: 6  value: 33166.6 mgc: 0.01275085 ustep: 0.9445698 
iter: 7  value: 33166.6 mgc: 0.0005361456 ustep: 0.9718926 
iter: 8  value: 33166.6 mgc: 2.396732e-05 ustep: 0.9858475 
iter: 9  value: 33166.6 mgc: 5.818608e-07 ustep: 0.9928993 
iter: 10  mgc: 7.143337e-09 
iter: 1  mgc: 7.143337e-09 
Matching hessian patterns... Done
outer mgc:  482.4358 
iter: 1  value: 32685.48 mgc: 3.751942 ustep: 1 
iter: 2  value: 32684.98 mgc: 0.5375537 ustep: 1 
iter: 3  value: 32684.98 mgc: 0.008220179 ustep: 1 
iter: 4  value: 32684.98 mgc: 3.364274e-06 ustep: 1 
iter: 5  mgc: 1.378508e-12 
iter: 1  value: 32142.62 mgc: 7.934385 ustep: 1 
iter: 2  value: 32141.02 mgc: 1.014754 ustep: 1 
iter: 3  value: 32141.02 mgc: 0.02529822 ustep: 1 
iter: 4  value: 32141.02 mgc: 6.966574e-05 ustep: 1 
iter: 5  mgc: 6.179212e-10 
iter: 1  mgc: 6.179212e-10 
outer mgc:  59.36668 
iter: 1  value: 32652.39 mgc: 37.7297 ustep: 0.2494656 
iter: 2  value: 32168.49 mgc: 56.84386 ustep: 0.04547044 
iter: 3  value: 32078.48 mgc: 35.35542 ustep: 0.113037 
iter: 4  value: 31989.52 mgc: 41.65176 ustep: 0.03447986 
iter: 5  value: 31964.05 mgc: 5.17661 ustep: 0.185769 
iter: 6  value: 31921.68 mgc: 11.11336 ustep: 0.09692144 
iter: 7  value: 31919.61 mgc: 5.449175 ustep: 0.311391 
iter: 8  value: 31919.34 mgc: 0.6386631 ustep: 0.5580683 
iter: 9  value: 31919.33 mgc: 0.08129769 ustep: 0.747065 
iter: 10  value: 31919.33 mgc: 0.01335379 ustep: 0.8643428 
iter: 11  value: 31919.33 mgc: 0.001377709 ustep: 0.9297074 
iter: 12  value: 31919.33 mgc: 7.264301e-05 ustep: 0.9642169 
iter: 13  value: 31919.33 mgc: 1.922878e-06 ustep: 0.9819473 
iter: 14  value: 31919.33 mgc: 2.541975e-08 ustep: 0.9909334 
iter: 15  mgc: 1.677103e-10 
iter: 1  mgc: 1.677103e-10 
outer mgc:  184.2034 
iter: 1  value: 32572.82 mgc: 29.11617 ustep: 0.1336527 
iter: 2  value: 32291.58 mgc: 41.49395 ustep: 0.3656489 
iter: 3  value: 32285.53 mgc: 10.26871 ustep: 0.6047286 
iter: 4  value: 32285.48 mgc: 0.4751092 ustep: 0.7776652 
iter: 5  value: 32285.48 mgc: 0.01333508 ustep: 0.8818651 
iter: 6  value: 32285.48 mgc: 0.000664842 ustep: 0.9390828 
iter: 7  value: 32285.48 mgc: 2.188279e-05 ustep: 0.969066 
iter: 8  value: 32285.48 mgc: 3.597597e-07 ustep: 0.984413 
iter: 9  mgc: 2.953543e-09 
iter: 1  value: 31851.69 mgc: 11.02779 ustep: 1 
iter: 2  value: 31840.54 mgc: 3.009846 ustep: 1 
iter: 3  value: 31840.51 mgc: 0.2227706 ustep: 1 
iter: 4  value: 31840.51 mgc: 0.002652502 ustep: 1 
iter: 5  value: 31840.51 mgc: 4.253734e-07 ustep: 1 
iter: 6  mgc: 9.148238e-14 
iter: 1  mgc: 9.148238e-14 
outer mgc:  81.82399 
iter: 1  value: 31862.39 mgc: 9.109715 ustep: 1 
iter: 2  value: 31860.33 mgc: 1.323937 ustep: 1 
iter: 3  value: 31860.33 mgc: 0.03919329 ustep: 1 
iter: 4  value: 31860.33 mgc: 5.603405e-05 ustep: 1 
iter: 5  mgc: 1.285647e-10 
iter: 1  value: 31823.45 mgc: 4.675411 ustep: 1 
iter: 2  value: 31823.33 mgc: 0.2871358 ustep: 1 
iter: 3  value: 31823.33 mgc: 0.002017963 ustep: 1 
iter: 4  value: 31823.33 mgc: 1.484306e-07 ustep: 1 
iter: 5  mgc: 8.726353e-14 
iter: 1  mgc: 8.726353e-14 
outer mgc:  54.4265 
iter: 1  value: 31813.69 mgc: 4.123177 ustep: 1 
iter: 2  value: 31813.62 mgc: 0.2531503 ustep: 1 
iter: 3  value: 31813.62 mgc: 0.001733654 ustep: 1 
iter: 4  value: 31813.62 mgc: 9.862871e-08 ustep: 1 
iter: 5  mgc: 6.82232e-14 
iter: 1  mgc: 6.82232e-14 
outer mgc:  53.96085 
iter: 1  value: 31781.9 mgc: 6.951566 ustep: 1 
iter: 2  value: 31781.29 mgc: 0.8770512 ustep: 1 
iter: 3  value: 31781.29 mgc: 0.02236094 ustep: 1 
iter: 4  value: 31781.29 mgc: 1.587434e-05 ustep: 1 
iter: 5  mgc: 8.059331e-12 
iter: 1  mgc: 8.059331e-12 
outer mgc:  103.7856 
iter: 1  value: 31781.31 mgc: 9.491212 ustep: 1 
iter: 2  value: 31778.46 mgc: 1.584526 ustep: 1 
iter: 3  value: 31778.46 mgc: 0.05062922 ustep: 1 
iter: 4  value: 31778.46 mgc: 7.525116e-05 ustep: 1 
iter: 5  mgc: 1.670823e-10 
iter: 1  value: 31767.94 mgc: 6.316071 ustep: 1 
iter: 2  value: 31767.58 mgc: 0.6449734 ustep: 1 
iter: 3  value: 31767.58 mgc: 0.00775466 ustep: 1 
iter: 4  value: 31767.58 mgc: 1.917928e-06 ustep: 1 
iter: 5  mgc: 1.108003e-13 
iter: 1  mgc: 1.108003e-13 
outer mgc:  67.68122 
iter: 1  value: 31747.83 mgc: 2.582755 ustep: 1 
iter: 2  value: 31747.82 mgc: 0.101439 ustep: 1 
iter: 3  value: 31747.82 mgc: 0.0003418169 ustep: 1 
iter: 4  mgc: 3.901173e-09 
iter: 1  mgc: 3.901173e-09 
outer mgc:  41.78023 
iter: 1  value: 31743.27 mgc: 4.472375 ustep: 1 
iter: 2  value: 31743.22 mgc: 0.1732168 ustep: 1 
iter: 3  value: 31743.22 mgc: 0.0009593222 ustep: 1 
iter: 4  value: 31743.22 mgc: 3.151285e-08 ustep: 1 
mgc: 4.901635e-14 
iter: 1  mgc: 4.901635e-14 
outer mgc:  66.17913 
iter: 1  value: 31726.74 mgc: 4.234921 ustep: 1 
iter: 2  value: 31726.62 mgc: 0.291991 ustep: 1 
iter: 3  value: 31726.62 mgc: 0.002631472 ustep: 1 
iter: 4  value: 31726.62 mgc: 2.320554e-07 ustep: 1 
iter: 5  mgc: 6.106227e-14 
iter: 1  mgc: 6.106227e-14 
outer mgc:  38.69904 
iter: 1  value: 31729.12 mgc: 4.667777 ustep: 1 
iter: 2  value: 31728.86 mgc: 0.4158854 ustep: 1 
iter: 3  value: 31728.86 mgc: 0.004610939 ustep: 1 
iter: 4  value: 31728.86 mgc: 8.293548e-07 ustep: 1 
iter: 5  mgc: 5.273559e-14 
iter: 1  value: 31724.33 mgc: 2.476811 ustep: 1 
iter: 2  value: 31724.31 mgc: 0.1181886 ustep: 1 
iter: 3  value: 31724.31 mgc: 0.0004212127 ustep: 1 
iter: 4  mgc: 5.524763e-09 
iter: 1  mgc: 5.524763e-09 
outer mgc:  17.60275 
iter: 1  value: 31723.74 mgc: 2.60939 ustep: 1 
iter: 2  value: 31723.73 mgc: 0.09635052 ustep: 1 
iter: 3  value: 31723.73 mgc: 0.0002627534 ustep: 1 
iter: 4  mgc: 2.041225e-09 
iter: 1  mgc: 2.041225e-09 
outer mgc:  27.64663 
iter: 1  value: 31717.59 mgc: 1.724847 ustep: 1 
iter: 2  value: 31717.59 mgc: 0.05584952 ustep: 1 
iter: 3  value: 31717.59 mgc: 9.487551e-05 ustep: 1 
iter: 4  mgc: 2.942879e-10 
iter: 1  mgc: 2.942879e-10 
outer mgc:  11.4572 
iter: 1  value: 31704.57 mgc: 2.954314 ustep: 1 
iter: 2  value: 31704.54 mgc: 0.1247646 ustep: 1 
iter: 3  value: 31704.54 mgc: 0.000391007 ustep: 1 
iter: 4  mgc: 4.422023e-09 
iter: 1  mgc: 4.422023e-09 
outer mgc:  29.7855 
iter: 1  value: 31703.55 mgc: 3.81592 ustep: 1 
iter: 2  value: 31703.52 mgc: 0.1142184 ustep: 1 
iter: 3  value: 31703.52 mgc: 0.000278912 ustep: 1 
iter: 4  mgc: 2.911115e-09 
iter: 1  mgc: 2.911115e-09 
outer mgc:  17.23928 
iter: 1  value: 31711.04 mgc: 4.49921 ustep: 1 
iter: 2  value: 31710.84 mgc: 0.3351816 ustep: 1 
iter: 3  value: 31710.84 mgc: 0.00336645 ustep: 1 
iter: 4  value: 31710.84 mgc: 3.724243e-07 ustep: 1 
iter: 5  mgc: 3.996803e-14 
iter: 1  value: 31702.45 mgc: 1.693704 ustep: 1 
iter: 2  value: 31702.44 mgc: 0.04501654 ustep: 1 
iter: 3  value: 31702.44 mgc: 5.190213e-05 ustep: 1 
iter: 4  mgc: 8.459278e-11 
iter: 1  mgc: 8.459278e-11 
outer mgc:  7.093699 
iter: 1  value: 31703.71 mgc: 1.260216 ustep: 1 
iter: 2  value: 31703.71 mgc: 0.02144891 ustep: 1 
iter: 3  value: 31703.71 mgc: 1.276138e-05 ustep: 1 
iter: 4  mgc: 5.084377e-12 
iter: 1  value: 31702.48 mgc: 0.5414651 ustep: 1 
iter: 2  value: 31702.48 mgc: 0.004070663 ustep: 1 
iter: 3  value: 31702.48 mgc: 4.509284e-07 ustep: 1 
iter: 4  mgc: 4.218847e-14 
iter: 1  mgc: 4.218847e-14 
outer mgc:  6.204318 
iter: 1  value: 31702.54 mgc: 0.8483183 ustep: 1 
iter: 2  value: 31702.54 mgc: 0.006302254 ustep: 1 
iter: 3  value: 31702.54 mgc: 7.562511e-07 ustep: 1 
iter: 4  mgc: 4.574119e-14 
iter: 1  mgc: 4.574119e-14 
outer mgc:  10.44871 
iter: 1  value: 31701.11 mgc: 0.760104 ustep: 1 
iter: 2  value: 31701.11 mgc: 0.007089315 ustep: 1 
iter: 3  value: 31701.11 mgc: 1.092018e-06 ustep: 1 
iter: 4  mgc: 3.441691e-14 
iter: 1  mgc: 3.441691e-14 
outer mgc:  5.539072 
iter: 1  value: 31700.84 mgc: 0.7955703 ustep: 1 
iter: 2  value: 31700.84 mgc: 0.008870926 ustep: 1 
iter: 3  value: 31700.84 mgc: 2.670072e-06 ustep: 1 
iter: 4  mgc: 2.284839e-13 
iter: 1  mgc: 2.284839e-13 
outer mgc:  5.868896 
iter: 1  value: 31699.52 mgc: 0.5990821 ustep: 1 
iter: 2  value: 31699.52 mgc: 0.00379512 ustep: 1 
iter: 3  value: 31699.52 mgc: 3.779971e-07 ustep: 1 
iter: 4  mgc: 6.128431e-14 
iter: 1  mgc: 6.128431e-14 
outer mgc:  4.074558 
iter: 1  value: 31699.06 mgc: 0.5031341 ustep: 1 
iter: 2  value: 31699.06 mgc: 0.003695299 ustep: 1 
iter: 3  value: 31699.06 mgc: 4.203211e-07 ustep: 1 
iter: 4  mgc: 4.13003e-14 
iter: 1  mgc: 4.13003e-14 
outer mgc:  5.567253 
iter: 1  value: 31698.65 mgc: 0.6320499 ustep: 1 
iter: 2  value: 31698.65 mgc: 0.003731278 ustep: 1 
iter: 3  value: 31698.65 mgc: 1.666257e-07 ustep: 1 
iter: 4  mgc: 4.396483e-14 
iter: 1  mgc: 4.396483e-14 
outer mgc:  2.980207 
iter: 1  value: 31698.07 mgc: 0.6608942 ustep: 1 
iter: 2  value: 31698.07 mgc: 0.005273571 ustep: 1 
iter: 3  value: 31698.07 mgc: 6.239262e-07 ustep: 1 
iter: 4  mgc: 4.172704e-14 
iter: 1  mgc: 4.172704e-14 
outer mgc:  7.291649 
iter: 1  value: 31697.21 mgc: 0.3806856 ustep: 1 
iter: 2  value: 31697.21 mgc: 0.002022803 ustep: 1 
iter: 3  value: 31697.21 mgc: 1.313741e-07 ustep: 1 
iter: 4  mgc: 3.397282e-14 
iter: 1  mgc: 3.397282e-14 
outer mgc:  7.799443 
iter: 1  value: 31695.96 mgc: 0.3962507 ustep: 1 
iter: 2  value: 31695.96 mgc: 0.004051879 ustep: 1 
iter: 3  value: 31695.96 mgc: 4.838471e-07 ustep: 1 
iter: 4  mgc: 3.230749e-14 
iter: 1  mgc: 3.230749e-14 
outer mgc:  4.342345 
iter: 1  value: 31696.53 mgc: 0.6618062 ustep: 1 
iter: 2  value: 31696.53 mgc: 0.004971552 ustep: 1 
iter: 3  value: 31696.53 mgc: 8.079657e-07 ustep: 1 
iter: 4  mgc: 3.28626e-14 
iter: 1  value: 31696.09 mgc: 0.2883244 ustep: 1 
iter: 2  value: 31696.09 mgc: 0.0009240627 ustep: 1 
iter: 3  value: 31696.09 mgc: 2.748491e-08 ustep: 1 
mgc: 3.819167e-14 
iter: 1  mgc: 3.819167e-14 
outer mgc:  1.682217 
iter: 1  value: 31696.32 mgc: 0.2805823 ustep: 1 
iter: 2  value: 31696.32 mgc: 0.001253161 ustep: 1 
iter: 3  value: 31696.32 mgc: 5.272124e-08 ustep: 1 
iter: 4  mgc: 4.818368e-14 
iter: 1  value: 31696.18 mgc: 0.1354375 ustep: 1 
iter: 2  value: 31696.18 mgc: 0.0002893585 ustep: 1 
iter: 3  mgc: 2.804692e-09 
iter: 1  mgc: 2.804692e-09 
outer mgc:  1.376752 
iter: 1  value: 31696.21 mgc: 0.141834 ustep: 1 
iter: 2  value: 31696.21 mgc: 0.0002414162 ustep: 1 
iter: 3  mgc: 1.422759e-09 
iter: 1  mgc: 1.422759e-09 
outer mgc:  1.890182 
iter: 1  value: 31696.17 mgc: 0.0975594 ustep: 1 
iter: 2  value: 31696.17 mgc: 0.0001178648 ustep: 1 
iter: 3  mgc: 4.383599e-10 
iter: 1  mgc: 4.383599e-10 
outer mgc:  1.046513 
iter: 1  value: 31695.58 mgc: 0.1194648 ustep: 1 
iter: 2  value: 31695.58 mgc: 0.0001494867 ustep: 1 
iter: 3  mgc: 5.341294e-10 
iter: 1  mgc: 5.341294e-10 
outer mgc:  1.753823 
iter: 1  value: 31695.43 mgc: 0.1423139 ustep: 1 
iter: 2  value: 31695.43 mgc: 0.0004509747 ustep: 1 
iter: 3  mgc: 5.325881e-09 
iter: 1  mgc: 5.325881e-09 
outer mgc:  1.489437 
iter: 1  value: 31695.36 mgc: 0.1777126 ustep: 1 
iter: 2  value: 31695.36 mgc: 0.0004015811 ustep: 1 
iter: 3  mgc: 4.957338e-09 
iter: 1  mgc: 4.957338e-09 
outer mgc:  2.589 
iter: 1  value: 31694.95 mgc: 0.3149533 ustep: 1 
iter: 2  value: 31694.95 mgc: 0.001053264 ustep: 1 
iter: 3  value: 31694.95 mgc: 2.553415e-08 ustep: 1 
mgc: 3.552714e-14 
iter: 1  mgc: 3.552714e-14 
outer mgc:  2.282355 
iter: 1  value: 31694.72 mgc: 0.2005691 ustep: 1 
iter: 2  value: 31694.72 mgc: 0.000425569 ustep: 1 
iter: 3  mgc: 5.057192e-09 
iter: 1  mgc: 5.057192e-09 
outer mgc:  3.475423 
iter: 1  value: 31694.5 mgc: 0.3029365 ustep: 1 
iter: 2  value: 31694.5 mgc: 0.001097457 ustep: 1 
iter: 3  value: 31694.5 mgc: 2.695149e-08 ustep: 1 
mgc: 3.219647e-14 
iter: 1  value: 31694.76 mgc: 0.179792 ustep: 1 
iter: 2  value: 31694.76 mgc: 0.0003507529 ustep: 1 
iter: 3  mgc: 2.204466e-09 
iter: 1  mgc: 2.204466e-09 
outer mgc:  1.222627 
iter: 1  value: 31694.74 mgc: 0.09108191 ustep: 1 
iter: 2  value: 31694.74 mgc: 9.765184e-05 ustep: 1 
iter: 3  mgc: 2.333098e-10 
iter: 1  mgc: 2.333098e-10 
outer mgc:  0.6862129 
iter: 1  value: 31694.53 mgc: 0.0401325 ustep: 1 
iter: 2  value: 31694.53 mgc: 3.015972e-05 ustep: 1 
iter: 3  mgc: 4.059209e-11 
iter: 1  mgc: 4.059209e-11 
outer mgc:  0.57952 
iter: 1  value: 31694.47 mgc: 0.06026022 ustep: 1 
iter: 2  value: 31694.47 mgc: 5.890338e-05 ustep: 1 
iter: 3  mgc: 8.350187e-11 
iter: 1  mgc: 8.350187e-11 
outer mgc:  0.8253108 
iter: 1  value: 31694.2 mgc: 0.1137553 ustep: 1 
iter: 2  value: 31694.2 mgc: 0.0001633158 ustep: 1 
iter: 3  mgc: 6.198129e-10 
iter: 1  mgc: 6.198129e-10 
outer mgc:  0.631317 
iter: 1  value: 31694.19 mgc: 0.07359798 ustep: 1 
iter: 2  value: 31694.19 mgc: 0.0001264873 ustep: 1 
iter: 3  mgc: 5.89059e-10 
iter: 1  mgc: 5.89059e-10 
outer mgc:  0.8251508 
iter: 1  value: 31694.27 mgc: 0.09797473 ustep: 1 
iter: 2  value: 31694.27 mgc: 0.0001018499 ustep: 1 
iter: 3  mgc: 2.412564e-10 
iter: 1  value: 31694.21 mgc: 0.0374184 ustep: 1 
iter: 2  value: 31694.21 mgc: 4.193304e-05 ustep: 1 
iter: 3  mgc: 6.064904e-11 
iter: 1  mgc: 6.064904e-11 
outer mgc:  0.3654747 
iter: 1  value: 31694.15 mgc: 0.05979872 ustep: 1 
iter: 2  value: 31694.15 mgc: 4.033765e-05 ustep: 1 
iter: 3  mgc: 5.16307e-11 
iter: 1  mgc: 5.16307e-11 
outer mgc:  0.7737307 
iter: 1  value: 31694 mgc: 0.03515027 ustep: 1 
iter: 2  value: 31694 mgc: 1.850593e-05 ustep: 1 
iter: 3  mgc: 1.111555e-11 
iter: 1  mgc: 1.111555e-11 
outer mgc:  0.5739992 
iter: 1  value: 31694.07 mgc: 0.03280808 ustep: 1 
iter: 2  value: 31694.07 mgc: 1.460508e-05 ustep: 1 
iter: 3  mgc: 7.032153e-12 
iter: 1  mgc: 7.032153e-12 
outer mgc:  0.3803182 
iter: 1  value: 31693.96 mgc: 0.03112268 ustep: 1 
iter: 2  value: 31693.96 mgc: 1.797564e-05 ustep: 1 
iter: 3  mgc: 9.247714e-12 
iter: 1  mgc: 9.247714e-12 
outer mgc:  0.5837169 
iter: 1  value: 31693.79 mgc: 0.03088749 ustep: 1 
iter: 2  value: 31693.79 mgc: 1.486589e-05 ustep: 1 
iter: 3  mgc: 7.154055e-12 
iter: 1  mgc: 7.154055e-12 
outer mgc:  0.2094397 
iter: 1  value: 31693.89 mgc: 0.03252014 ustep: 1 
iter: 2  value: 31693.89 mgc: 1.438121e-05 ustep: 1 
iter: 3  mgc: 6.088019e-12 
iter: 1  mgc: 6.088019e-12 
outer mgc:  0.3635454 
iter: 1  value: 31693.86 mgc: 0.04321182 ustep: 1 
iter: 2  value: 31693.86 mgc: 2.249843e-05 ustep: 1 
iter: 3  mgc: 1.426614e-11 
iter: 1  mgc: 1.426614e-11 
outer mgc:  0.2170882 
iter: 1  value: 31693.69 mgc: 0.0272423 ustep: 1 
iter: 2  value: 31693.69 mgc: 1.172806e-05 ustep: 1 
iter: 3  mgc: 3.832046e-12 
iter: 1  mgc: 3.832046e-12 
outer mgc:  0.2719228 
iter: 1  value: 31693.69 mgc: 0.02432283 ustep: 1 
iter: 2  value: 31693.69 mgc: 9.389212e-06 ustep: 1 
iter: 3  mgc: 2.274181e-12 
iter: 1  mgc: 2.274181e-12 
outer mgc:  0.3923655 
iter: 1  value: 31693.67 mgc: 0.01731408 ustep: 1 
iter: 2  value: 31693.67 mgc: 4.286366e-06 ustep: 1 
iter: 3  mgc: 4.707346e-13 
iter: 1  mgc: 4.707346e-13 
outer mgc:  0.1225512 
iter: 1  value: 31693.65 mgc: 0.006619364 ustep: 1 
iter: 2  value: 31693.65 mgc: 1.111734e-06 ustep: 1 
iter: 3  mgc: 3.68594e-14 
iter: 1  mgc: 3.68594e-14 
outer mgc:  0.03604492 
iter: 1  value: 31693.69 mgc: 0.007795548 ustep: 1 
iter: 2  value: 31693.69 mgc: 1.507447e-06 ustep: 1 
iter: 3  mgc: 7.860379e-14 
iter: 1  value: 31693.67 mgc: 0.007673711 ustep: 1 
iter: 2  value: 31693.67 mgc: 6.031883e-07 ustep: 1 
iter: 3  mgc: 3.752554e-14 
iter: 1  mgc: 3.752554e-14 
outer mgc:  0.07860307 
iter: 1  value: 31693.66 mgc: 0.007375432 ustep: 1 
iter: 2  value: 31693.66 mgc: 5.812847e-07 ustep: 1 
iter: 3  mgc: 3.752554e-14 
iter: 1  mgc: 3.752554e-14 
outer mgc:  0.03212187 
iter: 1  value: 31693.63 mgc: 0.003867792 ustep: 1 
iter: 2  value: 31693.63 mgc: 3.779063e-07 ustep: 1 
iter: 3  mgc: 4.041212e-14 
iter: 1  mgc: 4.041212e-14 
outer mgc:  0.03382615 
iter: 1  value: 31693.62 mgc: 0.003160698 ustep: 1 
iter: 2  value: 31693.62 mgc: 3.179615e-07 ustep: 1 
iter: 3  mgc: 2.975398e-14 
iter: 1  mgc: 2.975398e-14 
outer mgc:  0.03339292 
iter: 1  value: 31693.62 mgc: 0.004097576 ustep: 1 
iter: 2  value: 31693.62 mgc: 5.25895e-07 ustep: 1 
iter: 3  mgc: 4.707346e-14 
iter: 1  mgc: 4.707346e-14 
outer mgc:  0.02510009 
iter: 1  value: 31693.61 mgc: 0.004733881 ustep: 1 
iter: 2  value: 31693.61 mgc: 2.90739e-07 ustep: 1 
iter: 3  mgc: 4.485301e-14 
iter: 1  value: 31693.62 mgc: 0.005164425 ustep: 1 
iter: 2  value: 31693.62 mgc: 2.539315e-07 ustep: 1 
iter: 3  mgc: 3.153033e-14 
iter: 1  value: 31693.62 mgc: 0.002568432 ustep: 1 
iter: 2  value: 31693.62 mgc: 6.738528e-08 ustep: 1 
iter: 3  mgc: 3.730349e-14 
iter: 1  mgc: 3.730349e-14 
outer mgc:  0.02152376 
iter: 1  value: 31693.62 mgc: 0.0009291813 ustep: 1 
iter: 2  value: 31693.62 mgc: 1.284821e-08 ustep: 1 
mgc: 4.041212e-14 
iter: 1  mgc: 4.041212e-14 
outer mgc:  0.008307816 
iter: 1  value: 31693.62 mgc: 0.0004856085 ustep: 1 
iter: 2  mgc: 4.556152e-09 
iter: 1  mgc: 4.556152e-09 
outer mgc:  0.008682778 
iter: 1  value: 31693.61 mgc: 0.0005119614 ustep: 1 
iter: 2  mgc: 4.063407e-09 
iter: 1  mgc: 4.063407e-09 
outer mgc:  0.005935733 
iter: 1  mgc: 4.063407e-09 
iter: 1  mgc: 4.063407e-09 
outer mgc:  0.005935733 
iter: 1  value: 31693.6 mgc: 0.01161381 ustep: 1 
iter: 2  value: 31693.6 mgc: 4.10005e-06 ustep: 1 
iter: 3  mgc: 5.111467e-13 
outer mgc:  0.1880066 
iter: 1  value: 31693.62 mgc: 0.01160093 ustep: 1 
iter: 2  value: 31693.62 mgc: 4.10585e-06 ustep: 1 
iter: 3  mgc: 5.044853e-13 
outer mgc:  0.189373 
iter: 1  value: 31693.61 mgc: 0.006493413 ustep: 1 
iter: 2  value: 31693.61 mgc: 1.304626e-06 ustep: 1 
iter: 3  mgc: 5.639933e-14 
outer mgc:  0.187749 
iter: 1  value: 31693.62 mgc: 0.006487008 ustep: 1 
iter: 2  value: 31693.62 mgc: 1.304491e-06 ustep: 1 
iter: 3  mgc: 5.373479e-14 
outer mgc:  0.1893799 
iter: 1  value: 31693.61 mgc: 0.0191659 ustep: 1 
iter: 2  value: 31693.61 mgc: 4.619675e-06 ustep: 1 
iter: 3  mgc: 5.495604e-13 
outer mgc:  0.2116166 
iter: 1  value: 31693.61 mgc: 0.01916109 ustep: 1 
iter: 2  value: 31693.61 mgc: 4.627242e-06 ustep: 1 
iter: 3  mgc: 5.546674e-13 
outer mgc:  0.2082733 
iter: 1  value: 31693.61 mgc: 0.009643691 ustep: 1 
iter: 2  value: 31693.61 mgc: 1.474706e-06 ustep: 1 
iter: 3  mgc: 6.550316e-14 
outer mgc:  0.3094798 
iter: 1  value: 31693.61 mgc: 0.009641066 ustep: 1 
iter: 2  value: 31693.61 mgc: 1.475295e-06 ustep: 1 
iter: 3  mgc: 6.4726e-14 
outer mgc:  0.2975353 
iter: 1  value: 31693.61 mgc: 0.01983529 ustep: 1 
iter: 2  value: 31693.61 mgc: 4.594139e-06 ustep: 1 
iter: 3  mgc: 4.47975e-13 
outer mgc:  0.2290112 
iter: 1  value: 31693.61 mgc: 0.01983121 ustep: 1 
iter: 2  value: 31693.61 mgc: 4.602757e-06 ustep: 1 
iter: 3  mgc: 4.422018e-13 
outer mgc:  0.2322516 
iter: 1  value: 31693.61 mgc: 0.01038967 ustep: 1 
iter: 2  value: 31693.61 mgc: 1.511776e-06 ustep: 1 
iter: 3  mgc: 7.660539e-14 
outer mgc:  0.374559 
iter: 1  value: 31693.61 mgc: 0.01038681 ustep: 1 
iter: 2  value: 31693.61 mgc: 1.511955e-06 ustep: 1 
iter: 3  mgc: 7.643886e-14 
outer mgc:  0.3744977 
iter: 1  value: 31693.62 mgc: 0.02068288 ustep: 1 
iter: 2  value: 31693.62 mgc: 4.244976e-06 ustep: 1 
iter: 3  mgc: 3.639866e-13 
outer mgc:  0.2528223 
iter: 1  value: 31693.61 mgc: 0.02067851 ustep: 1 
iter: 2  value: 31693.61 mgc: 4.254576e-06 ustep: 1 
iter: 3  mgc: 3.774758e-13 
outer mgc:  0.255093 
iter: 1  value: 31693.61 mgc: 0.0105258 ustep: 1 
iter: 2  value: 31693.61 mgc: 1.274331e-06 ustep: 1 
iter: 3  mgc: 4.840572e-14 
outer mgc:  0.441879 
iter: 1  value: 31693.61 mgc: 0.01052466 ustep: 1 
iter: 2  value: 31693.61 mgc: 1.27526e-06 ustep: 1 
iter: 3  mgc: 4.274359e-14 
outer mgc:  0.4504631 
iter: 1  value: 31693.6 mgc: 0.01020234 ustep: 1 
iter: 2  value: 31693.6 mgc: 3.14801e-06 ustep: 1 
iter: 3  mgc: 3.010925e-13 
outer mgc:  0.21648 
iter: 1  value: 31693.62 mgc: 0.01019041 ustep: 1 
iter: 2  value: 31693.62 mgc: 3.15047e-06 ustep: 1 
iter: 3  mgc: 3.050893e-13 
outer mgc:  0.2187649 
iter: 1  value: 31693.61 mgc: 0.005470887 ustep: 1 
iter: 2  value: 31693.61 mgc: 1.053576e-06 ustep: 1 
iter: 3  mgc: 3.552714e-14 
outer mgc:  0.1949731 
iter: 1  value: 31693.62 mgc: 0.005465757 ustep: 1 
iter: 2  value: 31693.62 mgc: 1.05325e-06 ustep: 1 
iter: 3  mgc: 3.463896e-14 
outer mgc:  0.1928827 
iter: 1  value: 31693.63 mgc: 0.003872054 ustep: 1 
iter: 2  value: 31693.63 mgc: 3.704795e-07 ustep: 1 
iter: 3  mgc: 4.085621e-14 
outer mgc:  0.02095799 
iter: 1  value: 31693.59 mgc: 0.003875927 ustep: 1 
iter: 2  value: 31693.59 mgc: 3.708358e-07 ustep: 1 
iter: 3  mgc: 3.28626e-14 
outer mgc:  0.01571347 
iter: 1  value: 31693.63 mgc: 0.003891225 ustep: 1 
iter: 2  value: 31693.63 mgc: 4.344102e-07 ustep: 1 
iter: 3  mgc: 2.819966e-14 
outer mgc:  0.02385698 
iter: 1  value: 31693.6 mgc: 0.003895118 ustep: 1 
iter: 2  value: 31693.6 mgc: 4.346523e-07 ustep: 1 
iter: 3  mgc: 2.68674e-14 
outer mgc:  0.02415262 
iter: 1  value: 31693.63 mgc: 0.003942001 ustep: 1 
iter: 2  value: 31693.63 mgc: 3.002901e-07 ustep: 1 
iter: 3  mgc: 3.996803e-14 
outer mgc:  0.02620485 
iter: 1  value: 31693.6 mgc: 0.003945944 ustep: 1 
iter: 2  value: 31693.6 mgc: 3.00528e-07 ustep: 1 
iter: 3  mgc: 4.707346e-14 
outer mgc:  0.02729622 
iter: 1  value: 31693.63 mgc: 0.005399065 ustep: 1 
iter: 2  value: 31693.63 mgc: 3.257333e-07 ustep: 1 
iter: 3  mgc: 3.308465e-14 
outer mgc:  0.02892467 
iter: 1  value: 31693.6 mgc: 0.005404459 ustep: 1 
iter: 2  value: 31693.6 mgc: 3.260704e-07 ustep: 1 
iter: 3  mgc: 3.497203e-14 
outer mgc:  0.0263387 
iter: 1  value: 31693.64 mgc: 0.003228513 ustep: 1 
iter: 2  value: 31693.64 mgc: 2.842751e-07 ustep: 1 
iter: 3  mgc: 3.18634e-14 
outer mgc:  0.01367146 
iter: 1  value: 31693.59 mgc: 0.003231742 ustep: 1 
iter: 2  value: 31693.59 mgc: 2.8438e-07 ustep: 1 
iter: 3  mgc: 3.419487e-14 
outer mgc:  0.01380746 
iter: 1  value: 31693.53 mgc: 0.005018022 ustep: 1 
iter: 2  value: 31693.53 mgc: 2.518377e-07 ustep: 1 
iter: 3  mgc: 3.019807e-14 
outer mgc:  0.1089781 
iter: 1  value: 31693.7 mgc: 0.005017338 ustep: 1 
iter: 2  value: 31693.7 mgc: 2.519233e-07 ustep: 1 
iter: 3  mgc: 3.397282e-14 
outer mgc:  0.102202 
[Mon Aug 16 09:16:36 2021]
Finished job 0.
1 of 1 steps (100%) done
