Building DAG of jobs...
Using shell: /usr/bin/bash
Provided cores: 1 (use --cores to define parallelism)
Rules claiming more threads will be scaled down.
Job counts:
	count	jobs
	1	inference_simulation_TMB_multiple
	1

[Sun Aug 15 07:21:06 2021]
rule inference_simulation_TMB_multiple:
    input: ../data/assessing_models_simulation/datasets/multiple_GenerationJnorm2_20_100_10_4_0.05_NA_NA_NA_dataset1.RDS
    output: ../data/assessing_models_simulation/inference_results/TMB/nlminb/multiple_GenerationJnorm2_20_100_10_4_0.05_diagREDM_NA_NA_NA_dataset1.RDS
    log: logs/inference/nlminb/simulation_GenerationJnorm2_20_100_10_4_0.05_ModeldiagREDM_NA_NA_NA_dataset1.log
    jobid: 0
    wildcards: optimiser=nlminb, datasetgeneration=GenerationJnorm2, n=20, nlambda=100, lmbda=10, d=4, beta_intensity=0.05, model=diagREDM, fixed_beta_intercept=NA, fixed_beta_slope=NA, sdRE_input=NA, itnum=1

Rscript 2_inference_TMB/run_TMB.R --input ../data/assessing_models_simulation/datasets/multiple_GenerationJnorm2_20_100_10_4_0.05_NA_NA_NA_dataset1.RDS --output ../data/assessing_models_simulation/inference_results/TMB/nlminb/multiple_GenerationJnorm2_20_100_10_4_0.05_diagREDM_NA_NA_NA_dataset1.RDS --model diagREDM --optimiser nlminb
Model: diagREDM 
Feature type: signatures 
Using nlminb: TRUE 
Simulation boolean: TRUE 
make: Nothing to be done for 'all'.
../data/assessing_models_simulation/datasets/multiple_GenerationJnorm2_20_100_10_4_0.05_NA_NA_NA_dataset1.RDS[1] "../data/assessing_models_simulation/datasets/multiple_GenerationJnorm2_20_100_10_4_0.05_NA_NA_NA_dataset1.RDS"
Reading file ../data/assessing_models_simulation/datasets/multiple_GenerationJnorm2_20_100_10_4_0.05_NA_NA_NA_dataset1.RDS 
Loading required package: nnet
# weights:  12 (6 variable)
initial  value 5579.834804 
iter  10 value 5326.589812
final  value 5326.588650 
converged
Constructing atomic invpd
Constructing atomic D_lgamma
Constructing atomic invpd
Constructing atomic D_lgamma
Constructing atomic matmul
Constructing atomic invpd
Constructing atomic D_lgamma
Constructing atomic matmul
Optimizing tape... Done
iter: 1  value: 5176.812 mgc: 82.77369 ustep: 1 
iter: 2  value: 4967.745 mgc: 59.73546 ustep: 1 
iter: 3  value: 4949.445 mgc: 18.30073 ustep: 1 
iter: 4  value: 4949.229 mgc: 3.633773 ustep: 1 
iter: 5  value: 4949.229 mgc: 0.03124007 ustep: 1 
iter: 6  value: 4949.229 mgc: 8.285655e-06 ustep: 1 
iter: 7  mgc: 7.745915e-12 
iter: 1  mgc: 7.745915e-12 
Matching hessian patterns... Done
outer mgc:  90.03625 
iter: 1  value: 4948.036 mgc: 32.56643 ustep: 1 
iter: 2  value: 4946.681 mgc: 2.367629 ustep: 1 
iter: 3  value: 4946.68 mgc: 0.09152249 ustep: 1 
iter: 4  value: 4946.68 mgc: 0.0002572218 ustep: 1 
iter: 5  mgc: 3.517917e-09 
iter: 1  mgc: 3.517917e-09 
outer mgc:  84.80219 
iter: 1  value: 4920.537 mgc: 16.69754 ustep: 1 
iter: 2  value: 4920.123 mgc: 1.690033 ustep: 1 
iter: 3  value: 4920.123 mgc: 0.04081588 ustep: 1 
iter: 4  value: 4920.123 mgc: 3.222869e-05 ustep: 1 
iter: 5  mgc: 2.773581e-11 
iter: 1  mgc: 2.773581e-11 
outer mgc:  18.08694 
iter: 1  value: 4931.992 mgc: 6.498146 ustep: 1 
iter: 2  value: 4931.989 mgc: 0.1645303 ustep: 1 
iter: 3  value: 4931.989 mgc: 0.0003311026 ustep: 1 
iter: 4  mgc: 1.364427e-09 
iter: 1  value: 4918.394 mgc: 1.829327 ustep: 1 
iter: 2  value: 4918.394 mgc: 0.01039695 ustep: 1 
iter: 3  value: 4918.394 mgc: 1.113077e-06 ustep: 1 
iter: 4  mgc: 6.130929e-12 
iter: 1  mgc: 6.130929e-12 
outer mgc:  7.062893 
iter: 1  value: 4917.313 mgc: 5.735255 ustep: 1 
iter: 2  value: 4917.312 mgc: 0.09843356 ustep: 1 
iter: 3  value: 4917.312 mgc: 7.795234e-05 ustep: 1 
iter: 4  mgc: 1.034409e-10 
iter: 1  mgc: 1.034409e-10 
outer mgc:  11.05031 
iter: 1  value: 4914.482 mgc: 6.263756 ustep: 1 
iter: 2  value: 4914.477 mgc: 0.1797427 ustep: 1 
iter: 3  value: 4914.477 mgc: 0.0003495256 ustep: 1 
iter: 4  mgc: 1.337345e-09 
iter: 1  mgc: 1.337345e-09 
outer mgc:  9.62127 
iter: 1  value: 4908.94 mgc: 15.55352 ustep: 1 
iter: 2  value: 4908.842 mgc: 0.8961412 ustep: 1 
iter: 3  value: 4908.842 mgc: 0.006873632 ustep: 1 
iter: 4  value: 4908.842 mgc: 5.172069e-07 ustep: 1 
iter: 5  mgc: 5.476619e-12 
iter: 1  value: 4902.904 mgc: 21.58907 ustep: 1 
iter: 2  value: 4902.212 mgc: 2.155222 ustep: 1 
iter: 3  value: 4902.212 mgc: 0.04697394 ustep: 1 
iter: 4  value: 4902.212 mgc: 2.427498e-05 ustep: 1 
iter: 5  mgc: 7.357073e-12 
iter: 1  value: 4911.683 mgc: 33.90065 ustep: 1 
iter: 2  value: 4904.974 mgc: 7.279558 ustep: 1 
iter: 3  value: 4904.959 mgc: 0.4081169 ustep: 1 
iter: 4  value: 4904.959 mgc: 0.001826329 ustep: 1 
iter: 5  value: 4904.959 mgc: 4.849123e-08 ustep: 1 
mgc: 2.418954e-12 
iter: 1  mgc: 7.357073e-12 
outer mgc:  4.343113 
iter: 1  value: 4900.976 mgc: 6.190584 ustep: 1 
iter: 2  value: 4900.955 mgc: 0.3344332 ustep: 1 
iter: 3  value: 4900.955 mgc: 0.001534009 ustep: 1 
iter: 4  value: 4900.955 mgc: 8.007423e-08 ustep: 1 
iter: 5  mgc: 1.770195e-12 
iter: 1  mgc: 1.770195e-12 
outer mgc:  18.72339 
iter: 1  value: 4896.948 mgc: 11.17144 ustep: 1 
iter: 2  value: 4896.93 mgc: 0.3627109 ustep: 1 
iter: 3  value: 4896.93 mgc: 0.0005524621 ustep: 1 
iter: 4  mgc: 6.58127e-09 
iter: 1  mgc: 6.58127e-09 
outer mgc:  33.86361 
iter: 1  value: 4888.306 mgc: 10.73251 ustep: 1 
iter: 2  value: 4888.203 mgc: 0.772909 ustep: 1 
iter: 3  value: 4888.203 mgc: 0.005834998 ustep: 1 
iter: 4  value: 4888.203 mgc: 4.945712e-07 ustep: 1 
iter: 5  mgc: 7.571721e-13 
iter: 1  mgc: 7.571721e-13 
outer mgc:  15.58786 
iter: 1  value: 4878.177 mgc: 0.8483301 ustep: 1 
iter: 2  value: 4878.177 mgc: 0.01232301 ustep: 1 
iter: 3  value: 4878.177 mgc: 2.484459e-06 ustep: 1 
iter: 4  mgc: 5.164758e-13 
iter: 1  value: 4826.806 mgc: 7.784336 ustep: 1 
iter: 2  value: 4826.771 mgc: 0.4246594 ustep: 1 
iter: 3  value: 4826.771 mgc: 0.004051439 ustep: 1 
iter: 4  value: 4826.771 mgc: 3.991515e-07 ustep: 1 
iter: 5  mgc: 1.2923e-13 
iter: 1  value: 4801.479 mgc: 19.59429 ustep: 1 
iter: 2  value: 4801.265 mgc: 0.945351 ustep: 1 
iter: 3  value: 4801.265 mgc: 0.006677769 ustep: 1 
iter: 4  value: 4801.265 mgc: 2.998754e-07 ustep: 1 
iter: 5  mgc: 1.776357e-15 
iter: 1  value: 7402.934 mgc: 625.4103 ustep: 1 
iter: 2  value: 7402.934 mgc: 0.02649207 ustep: 1 
iter: 3  mgc: 2.85401e-10 
iter: 1  mgc: 1.776357e-15 
outer mgc:  40.88556 
iter: 1  value: 5524.232 mgc: 78.90167 ustep: 0.02700747 
iter: 2  value: 5485.713 mgc: 33.53484 ustep: 0.04802752 
iter: 3  value: 5372 mgc: 23.26834 ustep: 0.0443406 
iter: 4  value: 5250.285 mgc: 22.57019 ustep: 0.1115357 
iter: 5  value: 5088.834 mgc: 53.266 ustep: 0.03203022 
iter: 6  value: 5067.49 mgc: 25.05239 ustep: 0.179052 
iter: 7  value: 5061.301 mgc: 16.03251 ustep: 0.4232031 
iter: 8  value: 5061.191 mgc: 0.7726607 ustep: 0.6505755 
iter: 9  value: 5061.189 mgc: 0.04435165 ustep: 0.806602 
iter: 10  value: 5061.189 mgc: 0.003130479 ustep: 0.8981204 
iter: 11  value: 5061.189 mgc: 0.0001306 ustep: 0.9476974 
iter: 12  value: 5061.189 mgc: 2.742112e-06 ustep: 0.9735001 
iter: 13  value: 5061.189 mgc: 2.884304e-08 ustep: 0.9866624 
iter: 14  mgc: 1.515861e-10 
iter: 1  value: 4714.502 mgc: 8.510946 ustep: 1 
iter: 2  value: 4711.058 mgc: 4.02095 ustep: 1 
iter: 3  value: 4711.056 mgc: 0.06560535 ustep: 1 
iter: 4  value: 4711.056 mgc: 6.808947e-05 ustep: 1 
iter: 5  mgc: 1.177645e-10 
iter: 1  mgc: 1.177645e-10 
outer mgc:  35.45544 
iter: 1  value: 4825.461 mgc: 11.73999 ustep: 0.1515363 
iter: 2  value: 4779.021 mgc: 15.41926 ustep: 0.3893377 
iter: 3  value: 4772.239 mgc: 7.179135 ustep: 0.6240069 
iter: 4  value: 4772.116 mgc: 1.018467 ustep: 0.7899621 
iter: 5  value: 4772.116 mgc: 0.06644396 ustep: 0.8888092 
iter: 6  value: 4772.116 mgc: 0.001123038 ustep: 0.9427725 
iter: 7  value: 4772.116 mgc: 8.828687e-06 ustep: 0.9709676 
iter: 8  value: 4772.116 mgc: 4.120696e-08 ustep: 0.9853784 
iter: 9  mgc: 1.097638e-10 
iter: 1  value: 4698.411 mgc: 4.255202 ustep: 1 
iter: 2  value: 4697.445 mgc: 1.877667 ustep: 1 
iter: 3  value: 4697.444 mgc: 0.07644563 ustep: 1 
iter: 4  value: 4697.444 mgc: 0.0001624461 ustep: 1 
iter: 5  mgc: 7.855889e-10 
iter: 1  mgc: 7.855889e-10 
outer mgc:  13.64406 
iter: 1  value: 4694.035 mgc: 2.300412 ustep: 1 
iter: 2  value: 4694.017 mgc: 0.1901221 ustep: 1 
iter: 3  value: 4694.017 mgc: 0.001199958 ustep: 1 
iter: 4  value: 4694.017 mgc: 4.674083e-08 ustep: 1 
mgc: 4.440892e-15 
iter: 1  mgc: 4.440892e-15 
outer mgc:  13.11837 
iter: 1  value: 4690.847 mgc: 4.893084 ustep: 1 
iter: 2  value: 4690.7 mgc: 0.6156795 ustep: 1 
iter: 3  value: 4690.7 mgc: 0.006553458 ustep: 1 
iter: 4  value: 4690.7 mgc: 6.616335e-07 ustep: 1 
iter: 5  mgc: 1.021405e-14 
iter: 1  value: 4689.348 mgc: 2.118761 ustep: 1 
iter: 2  value: 4689.339 mgc: 0.1395978 ustep: 1 
iter: 3  value: 4689.339 mgc: 0.0004332137 ustep: 1 
iter: 4  mgc: 3.767232e-09 
iter: 1  mgc: 3.767232e-09 
outer mgc:  5.984484 
iter: 1  value: 4689.733 mgc: 1.455823 ustep: 1 
iter: 2  value: 4689.733 mgc: 0.01290225 ustep: 1 
iter: 3  value: 4689.733 mgc: 3.339511e-06 ustep: 1 
iter: 4  mgc: 2.532419e-13 
iter: 1  mgc: 2.532419e-13 
outer mgc:  1.920613 
iter: 1  value: 4687.56 mgc: 0.9984848 ustep: 1 
iter: 2  value: 4687.56 mgc: 0.01226201 ustep: 1 
iter: 3  value: 4687.56 mgc: 2.45813e-06 ustep: 1 
iter: 4  mgc: 1.021405e-13 
iter: 1  mgc: 1.021405e-13 
outer mgc:  2.68567 
iter: 1  value: 4684.029 mgc: 1.289608 ustep: 1 
iter: 2  value: 4684.028 mgc: 0.02146504 ustep: 1 
iter: 3  value: 4684.028 mgc: 5.217959e-06 ustep: 1 
iter: 4  mgc: 2.811085e-13 
iter: 1  mgc: 2.811085e-13 
outer mgc:  4.368607 
iter: 1  value: 4680.225 mgc: 0.8989831 ustep: 1 
iter: 2  value: 4680.224 mgc: 0.01650183 ustep: 1 
iter: 3  value: 4680.224 mgc: 1.046273e-05 ustep: 1 
iter: 4  mgc: 4.572676e-12 
iter: 1  mgc: 4.572676e-12 
outer mgc:  1.971174 
iter: 1  value: 4677.561 mgc: 1.606814 ustep: 1 
iter: 2  value: 4677.561 mgc: 0.01498273 ustep: 1 
iter: 3  value: 4677.561 mgc: 6.773907e-06 ustep: 1 
iter: 4  mgc: 1.493916e-12 
iter: 1  mgc: 1.493916e-12 
outer mgc:  3.427716 
iter: 1  value: 4676.75 mgc: 0.4429914 ustep: 1 
iter: 2  value: 4676.75 mgc: 0.005867333 ustep: 1 
iter: 3  value: 4676.75 mgc: 1.153478e-06 ustep: 1 
iter: 4  mgc: 4.840572e-14 
iter: 1  mgc: 4.840572e-14 
outer mgc:  1.102622 
iter: 1  value: 4674.892 mgc: 0.5794587 ustep: 1 
iter: 2  value: 4674.892 mgc: 0.001646432 ustep: 1 
iter: 3  value: 4674.892 mgc: 1.844068e-08 ustep: 1 
mgc: 2.997602e-15 
iter: 1  mgc: 2.997602e-15 
outer mgc:  1.045613 
iter: 1  value: 4673.086 mgc: 0.6130222 ustep: 1 
iter: 2  value: 4673.086 mgc: 0.0006021586 ustep: 1 
iter: 3  mgc: 1.66382e-09 
iter: 1  value: 4670.453 mgc: 0.9358134 ustep: 1 
iter: 2  value: 4670.453 mgc: 0.0009119802 ustep: 1 
iter: 3  mgc: 5.269899e-09 
iter: 1  mgc: 5.269899e-09 
outer mgc:  0.8173416 
iter: 1  value: 4666.769 mgc: 1.217832 ustep: 1 
iter: 2  value: 4666.769 mgc: 0.001214426 ustep: 1 
iter: 3  mgc: 9.103642e-09 
iter: 1  mgc: 9.103642e-09 
outer mgc:  0.4189736 
iter: 1  value: 4660.883 mgc: 2.205006 ustep: 1 
iter: 2  value: 4660.883 mgc: 0.001352508 ustep: 1 
iter: 3  value: 4660.883 mgc: 2.390888e-08 ustep: 1 
mgc: 2.88658e-15 
iter: 1  mgc: 2.88658e-15 
outer mgc:  0.1585343 
iter: 1  value: 4656.049 mgc: 1.855221 ustep: 1 
iter: 2  value: 4656.049 mgc: 0.0004111077 ustep: 1 
iter: 3  mgc: 5.838623e-10 
iter: 1  mgc: 5.838623e-10 
outer mgc:  0.2234669 
iter: 1  value: 4651.204 mgc: 1.883377 ustep: 1 
iter: 2  value: 4651.204 mgc: 0.0001335922 ustep: 1 
iter: 3  mgc: 4.99738e-11 
iter: 1  mgc: 4.99738e-11 
outer mgc:  0.1190424 
iter: 1  value: 4644.441 mgc: 3.068801 ustep: 1 
iter: 2  value: 4644.441 mgc: 8.873398e-05 ustep: 1 
iter: 3  mgc: 4.010567e-11 
iter: 1  mgc: 4.010567e-11 
outer mgc:  0.03009719 
iter: 1  value: 4638.403 mgc: 2.641112 ustep: 1 
iter: 2  value: 4638.403 mgc: 2.311477e-05 ustep: 1 
iter: 3  mgc: 3.181455e-12 
iter: 1  mgc: 3.181455e-12 
outer mgc:  0.07879283 
iter: 1  value: 4632.335 mgc: 2.675488 ustep: 1 
iter: 2  value: 4632.335 mgc: 1.377091e-05 ustep: 1 
iter: 3  mgc: 1.837197e-12 
iter: 1  mgc: 1.837197e-12 
outer mgc:  0.06795397 
iter: 1  value: 4626.195 mgc: 2.680367 ustep: 1 
iter: 2  value: 4626.195 mgc: 1.806676e-06 ustep: 1 
iter: 3  mgc: 4.252154e-14 
iter: 1  mgc: 4.252154e-14 
outer mgc:  0.03100634 
iter: 1  value: 4620.014 mgc: 2.682194 ustep: 1 
iter: 2  value: 4620.014 mgc: 1.471522e-06 ustep: 1 
iter: 3  mgc: 5.151435e-14 
iter: 1  mgc: 5.151435e-14 
outer mgc:  0.008956484 
iter: 1  value: 4613.828 mgc: 2.683377 ustep: 1 
iter: 2  value: 4613.828 mgc: 9.253406e-07 ustep: 1 
iter: 3  mgc: 1.110223e-14 
iter: 1  mgc: 1.110223e-14 
outer mgc:  0.005717331 
iter: 1  value: 4607.652 mgc: 2.681324 ustep: 1 
iter: 2  value: 4607.652 mgc: 2.115417e-07 ustep: 1 
iter: 3  mgc: 2.442491e-15 
iter: 1  mgc: 2.442491e-15 
outer mgc:  0.0097449 
iter: 1  value: 4601.487 mgc: 2.680845 ustep: 1 
iter: 2  value: 4601.487 mgc: 1.100208e-08 ustep: 1 
mgc: 3.552714e-15 
iter: 1  mgc: 3.552714e-15 
outer mgc:  0.008375876 
iter: 1  value: 4595.327 mgc: 2.680743 ustep: 1 
iter: 2  value: 4595.327 mgc: 3.741098e-08 ustep: 1 
mgc: 4.884981e-15 
iter: 1  mgc: 4.884981e-15 
outer mgc:  0.005353841 
iter: 1  value: 4588.007 mgc: 3.398273 ustep: 1 
iter: 2  value: 4588.007 mgc: 6.830709e-08 ustep: 1 
iter: 3  mgc: 3.774758e-15 
iter: 1  mgc: 3.774758e-15 
outer mgc:  0.001002794 
iter: 1  value: 4581.875 mgc: 2.663961 ustep: 1 
iter: 2  value: 4581.875 mgc: 1.769172e-08 ustep: 1 
mgc: 3.552714e-15 
iter: 1  mgc: 3.552714e-15 
outer mgc:  0.001670702 
iter: 1  value: 4575.742 mgc: 2.664371 ustep: 1 
iter: 2  mgc: 1.141283e-09 
iter: 1  mgc: 1.141283e-09 
outer mgc:  0.002298635 
iter: 1  value: 4569.608 mgc: 2.66446 ustep: 1 
iter: 2  mgc: 1.228853e-09 
iter: 1  mgc: 1.228853e-09 
outer mgc:  0.001786319 
iter: 1  value: 4562.175 mgc: 3.470905 ustep: 1 
iter: 2  mgc: 4.238929e-09 
iter: 1  mgc: 4.238929e-09 
outer mgc:  0.0006042577 
iter: 1  value: 4555.735 mgc: 2.845708 ustep: 1 
iter: 2  mgc: 1.893189e-09 
iter: 1  mgc: 1.893189e-09 
outer mgc:  0.0002216404 
iter: 1  value: 4549.646 mgc: 2.63927 ustep: 1 
iter: 2  mgc: 2.285745e-10 
iter: 1  mgc: 2.285745e-10 
outer mgc:  0.0005421391 
iter: 1  mgc: 2.285745e-10 
iter: 1  mgc: 2.285745e-10 
outer mgc:  0.0005421391 
iter: 1  value: 4549.646 mgc: 0.004474966 ustep: 1 
iter: 2  value: 4549.646 mgc: 8.303219e-08 ustep: 1 
iter: 3  mgc: 7.993606e-15 
outer mgc:  0.05646681 
iter: 1  value: 4549.645 mgc: 0.00447229 ustep: 1 
iter: 2  value: 4549.645 mgc: 8.295306e-08 ustep: 1 
iter: 3  mgc: 5.329071e-15 
outer mgc:  0.05686191 
iter: 1  value: 4549.646 mgc: 0.002862716 ustep: 1 
iter: 2  value: 4549.646 mgc: 1.986256e-08 ustep: 1 
mgc: 2.831069e-15 
outer mgc:  0.03150366 
iter: 1  value: 4549.645 mgc: 0.002861442 ustep: 1 
iter: 2  value: 4549.645 mgc: 1.982823e-08 ustep: 1 
mgc: 2.609024e-15 
outer mgc:  0.03063049 
iter: 1  value: 4549.646 mgc: 0.005335943 ustep: 1 
iter: 2  value: 4549.646 mgc: 1.992448e-07 ustep: 1 
iter: 3  mgc: 3.996803e-15 
outer mgc:  0.06168534 
iter: 1  value: 4549.645 mgc: 0.005333675 ustep: 1 
iter: 2  value: 4549.645 mgc: 1.986565e-07 ustep: 1 
iter: 3  mgc: 3.885781e-15 
outer mgc:  0.06083412 
iter: 1  value: 4549.646 mgc: 0.003139199 ustep: 1 
iter: 2  value: 4549.646 mgc: 1.112092e-07 ustep: 1 
iter: 3  mgc: 3.885781e-15 
outer mgc:  0.03986037 
iter: 1  value: 4549.645 mgc: 0.003138818 ustep: 1 
iter: 2  value: 4549.645 mgc: 1.109833e-07 ustep: 1 
iter: 3  mgc: 3.552714e-15 
outer mgc:  0.04093574 
iter: 1  value: 4549.644 mgc: 0.004302475 ustep: 1 
iter: 2  value: 4549.644 mgc: 5.275623e-07 ustep: 1 
iter: 3  mgc: 1.088019e-14 
outer mgc:  0.03052205 
iter: 1  value: 4549.647 mgc: 0.004299542 ustep: 1 
iter: 2  value: 4549.647 mgc: 5.280482e-07 ustep: 1 
iter: 3  mgc: 1.132427e-14 
outer mgc:  0.03147568 
iter: 1  value: 4549.645 mgc: 0.002626112 ustep: 1 
iter: 2  value: 4549.645 mgc: 2.474174e-07 ustep: 1 
iter: 3  mgc: 5.551115e-15 
outer mgc:  0.02632186 
iter: 1  value: 4549.647 mgc: 0.002624611 ustep: 1 
iter: 2  value: 4549.647 mgc: 2.475984e-07 ustep: 1 
iter: 3  mgc: 3.108624e-15 
outer mgc:  0.02570331 
iter: 1  value: 4549.656 mgc: 0.003145704 ustep: 1 
mgc: 3.552714e-15 
outer mgc:  0.0005421394 
iter: 1  value: 4549.636 mgc: 0.003148852 ustep: 1 
mgc: 3.774758e-15 
outer mgc:  0.0005421388 
iter: 1  value: 4549.653 mgc: 0.00336029 ustep: 1 
iter: 2  value: 4549.653 mgc: 3.763778e-08 ustep: 1 
mgc: 2.442491e-15 
outer mgc:  0.001468088 
iter: 1  value: 4549.638 mgc: 0.003363652 ustep: 1 
iter: 2  value: 4549.638 mgc: 3.760144e-08 ustep: 1 
mgc: 3.38618e-15 
outer mgc:  0.001191396 
iter: 1  value: 4549.65 mgc: 0.00253865 ustep: 1 
iter: 2  value: 4549.65 mgc: 1.740315e-07 ustep: 1 
iter: 3  mgc: 5.329071e-15 
outer mgc:  0.002736838 
iter: 1  value: 4549.641 mgc: 0.00254119 ustep: 1 
iter: 2  value: 4549.641 mgc: 1.741186e-07 ustep: 1 
iter: 3  mgc: 3.996803e-15 
outer mgc:  0.002544306 
iter: 1  value: 4549.644 mgc: 0.002126797 ustep: 1 
iter: 2  value: 4549.644 mgc: 1.102957e-07 ustep: 1 
iter: 3  mgc: 3.996803e-15 
outer mgc:  0.02421339 
iter: 1  value: 4549.648 mgc: 0.002125032 ustep: 1 
iter: 2  value: 4549.648 mgc: 1.100404e-07 ustep: 1 
iter: 3  mgc: 3.996803e-15 
outer mgc:  0.02451644 
iter: 1  value: 4549.643 mgc: 0.002920755 ustep: 1 
iter: 2  value: 4549.643 mgc: 1.028598e-07 ustep: 1 
iter: 3  mgc: 4.884981e-15 
outer mgc:  0.02059003 
iter: 1  value: 4549.649 mgc: 0.002919012 ustep: 1 
iter: 2  value: 4549.649 mgc: 1.027824e-07 ustep: 1 
iter: 3  mgc: 2.498002e-15 
outer mgc:  0.02086656 
[Sun Aug 15 07:21:09 2021]
Finished job 0.
1 of 1 steps (100%) done
