Building DAG of jobs...
Using shell: /usr/bin/bash
Provided cores: 1 (use --cores to define parallelism)
Rules claiming more threads will be scaled down.
Job counts:
	count	jobs
	1	inference_simulation_TMB_multiple
	1

[Mon Aug 16 09:21:36 2021]
rule inference_simulation_TMB_multiple:
    input: ../data/assessing_models_simulation/datasets/multiple_GenerationJnorm3_20_100_80_7_0.1_NA_NA_NA_dataset1.RDS
    output: ../data/assessing_models_simulation/inference_results/TMB/nlminb/multiple_GenerationJnorm3_20_100_80_7_0.1_diagREDMsinglelambda_NA_NA_NA_dataset1.RDS
    log: logs/inference/nlminb/simulation_GenerationJnorm3_20_100_80_7_0.1_ModeldiagREDMsinglelambda_NA_NA_NA_dataset1.log
    jobid: 0
    wildcards: optimiser=nlminb, datasetgeneration=GenerationJnorm3, n=20, nlambda=100, lmbda=80, d=7, beta_intensity=0.1, model=diagREDMsinglelambda, fixed_beta_intercept=NA, fixed_beta_slope=NA, sdRE_input=NA, itnum=1

Rscript 2_inference_TMB/run_TMB.R --input ../data/assessing_models_simulation/datasets/multiple_GenerationJnorm3_20_100_80_7_0.1_NA_NA_NA_dataset1.RDS --output ../data/assessing_models_simulation/inference_results/TMB/nlminb/multiple_GenerationJnorm3_20_100_80_7_0.1_diagREDMsinglelambda_NA_NA_NA_dataset1.RDS --model diagREDMsinglelambda --optimiser nlminb
Model: diagREDMsinglelambda 
Feature type: signatures 
Using nlminb: TRUE 
Simulation boolean: TRUE 
make: Nothing to be done for 'all'.
../data/assessing_models_simulation/datasets/multiple_GenerationJnorm3_20_100_80_7_0.1_NA_NA_NA_dataset1.RDS[1] "../data/assessing_models_simulation/datasets/multiple_GenerationJnorm3_20_100_80_7_0.1_NA_NA_NA_dataset1.RDS"
Reading file ../data/assessing_models_simulation/datasets/multiple_GenerationJnorm3_20_100_80_7_0.1_NA_NA_NA_dataset1.RDS 
Loading required package: nnet
# weights:  21 (12 variable)
initial  value 7869.260643 
iter  10 value 7117.523809
final  value 7030.459706 
converged
Constructing atomic invpd
Constructing atomic D_lgamma
Constructing atomic invpd
Constructing atomic D_lgamma
Constructing atomic matmul
Constructing atomic invpd
Constructing atomic D_lgamma
Constructing atomic matmul
Optimizing tape... Done
iter: 1  value: 6976.371 mgc: 6.926333 ustep: 0.8994163 
iter: 2  value: 6957.42 mgc: 13.61989 ustep: 0.9483808 
iter: 3  value: 6935.196 mgc: 5.705489 ustep: 0.973851 
iter: 4  value: 6928.412 mgc: 12.74621 ustep: 0.9868402 
iter: 5  value: 6920.02 mgc: 3.743094 ustep: 0.9186615 
iter: 6  value: 6908.276 mgc: 10.57081 ustep: 0.9584725 
iter: 7  value: 6905.251 mgc: 2.064935 ustep: 0.6192327 
iter: 8  value: 6904.177 mgc: 2.99292 ustep: 0.7869347 
iter: 9  value: 6904.133 mgc: 0.5144252 ustep: 0.8871047 
iter: 10  value: 6904.133 mgc: 0.04824513 ustep: 0.9418682 
iter: 11  value: 6904.133 mgc: 0.001645179 ustep: 0.9705019 
iter: 12  value: 6904.133 mgc: 3.874392e-05 ustep: 0.985142 
iter: 13  value: 6904.133 mgc: 7.529401e-07 ustep: 0.992544 
iter: 14  mgc: 8.828163e-09 
iter: 1  mgc: 8.828163e-09 
Matching hessian patterns... Done
outer mgc:  114.7712 
iter: 1  value: 6792.11 mgc: 3.016728 ustep: 1 
iter: 2  value: 6791.688 mgc: 1.292054 ustep: 1 
iter: 3  value: 6791.687 mgc: 0.03801639 ustep: 1 
iter: 4  value: 6791.687 mgc: 4.478787e-05 ustep: 1 
iter: 5  mgc: 5.886847e-11 
iter: 1  value: 6663.804 mgc: 8.779017 ustep: 1 
iter: 2  value: 6663.213 mgc: 1.592931 ustep: 1 
iter: 3  value: 6663.212 mgc: 0.04132256 ustep: 1 
iter: 4  value: 6663.212 mgc: 0.0002197792 ustep: 1 
iter: 5  mgc: 6.312008e-09 
iter: 1  mgc: 6.312008e-09 
outer mgc:  22.09096 
iter: 1  value: 6807.808 mgc: 24.60587 ustep: 0.1728582 
iter: 2  value: 6761.263 mgc: 29.10886 ustep: 0.4158206 
iter: 3  value: 6747.857 mgc: 16.98264 ustep: 0.6448771 
iter: 4  value: 6745.257 mgc: 9.243046 ustep: 0.8030621 
iter: 5  value: 6745.249 mgc: 0.374692 ustep: 0.8961477 
iter: 6  value: 6745.249 mgc: 0.006083271 ustep: 0.9466561 
iter: 7  value: 6745.249 mgc: 7.322259e-05 ustep: 0.9729652 
iter: 8  value: 6745.249 mgc: 1.151964e-06 ustep: 0.9863914 
iter: 9  mgc: 9.111789e-09 
iter: 1  value: 6641.895 mgc: 7.25851 ustep: 1 
iter: 2  value: 6640.854 mgc: 2.138692 ustep: 1 
iter: 3  value: 6640.851 mgc: 0.1847377 ustep: 1 
iter: 4  value: 6640.851 mgc: 0.001938881 ustep: 1 
iter: 5  value: 6640.851 mgc: 2.224167e-07 ustep: 1 
iter: 6  mgc: 4.260481e-14 
iter: 1  mgc: 4.260481e-14 
outer mgc:  13.36443 
iter: 1  value: 6624.811 mgc: 8.572546 ustep: 1 
iter: 2  value: 6624.559 mgc: 0.7777396 ustep: 1 
iter: 3  value: 6624.559 mgc: 0.01967565 ustep: 1 
iter: 4  value: 6624.559 mgc: 2.423949e-05 ustep: 1 
iter: 5  mgc: 3.696313e-11 
iter: 1  mgc: 3.696313e-11 
outer mgc:  24.10297 
iter: 1  value: 6610.436 mgc: 6.72485 ustep: 1 
iter: 2  value: 6610.282 mgc: 0.5267401 ustep: 1 
iter: 3  value: 6610.282 mgc: 0.01260535 ustep: 1 
iter: 4  value: 6610.282 mgc: 8.054182e-06 ustep: 1 
iter: 5  mgc: 3.330239e-12 
iter: 1  mgc: 3.330239e-12 
outer mgc:  14.62712 
iter: 1  value: 6596.509 mgc: 9.629284 ustep: 1 
iter: 2  value: 6596.23 mgc: 1.018274 ustep: 1 
iter: 3  value: 6596.23 mgc: 0.0338132 ustep: 1 
iter: 4  value: 6596.23 mgc: 8.779554e-05 ustep: 1 
iter: 5  mgc: 5.999868e-10 
iter: 1  mgc: 5.999868e-10 
outer mgc:  12.75947 
iter: 1  value: 6572.076 mgc: 5.326351 ustep: 1 
iter: 2  value: 6571.864 mgc: 0.4667503 ustep: 1 
iter: 3  value: 6571.863 mgc: 0.0096487 ustep: 1 
iter: 4  value: 6571.863 mgc: 7.0235e-06 ustep: 1 
iter: 5  mgc: 4.771294e-12 
iter: 1  mgc: 4.771294e-12 
outer mgc:  13.06853 
iter: 1  value: 6572.975 mgc: 7.084935 ustep: 1 
iter: 2  value: 6571.984 mgc: 1.790707 ustep: 1 
iter: 3  value: 6571.982 mgc: 0.08951421 ustep: 1 
iter: 4  value: 6571.982 mgc: 0.0003536309 ustep: 1 
iter: 5  mgc: 6.27022e-09 
iter: 1  value: 6568.587 mgc: 6.209464 ustep: 1 
iter: 2  value: 6568.514 mgc: 0.4270986 ustep: 1 
iter: 3  value: 6568.514 mgc: 0.01066677 ustep: 1 
iter: 4  value: 6568.514 mgc: 7.228576e-06 ustep: 1 
iter: 5  mgc: 3.338885e-12 
iter: 1  mgc: 3.338885e-12 
outer mgc:  17.18302 
iter: 1  value: 6561.18 mgc: 6.514054 ustep: 1 
iter: 2  value: 6561.019 mgc: 0.7472044 ustep: 1 
iter: 3  value: 6561.019 mgc: 0.01330781 ustep: 1 
iter: 4  value: 6561.019 mgc: 5.481578e-06 ustep: 1 
iter: 5  mgc: 1.266653e-12 
iter: 1  mgc: 1.266653e-12 
outer mgc:  8.717437 
iter: 1  value: 6560.531 mgc: 6.550358 ustep: 1 
iter: 2  value: 6560.466 mgc: 0.5006681 ustep: 1 
iter: 3  value: 6560.466 mgc: 0.006578239 ustep: 1 
iter: 4  value: 6560.466 mgc: 1.243993e-06 ustep: 1 
iter: 5  mgc: 5.592748e-14 
iter: 1  value: 6559.946 mgc: 3.441377 ustep: 1 
iter: 2  value: 6559.942 mgc: 0.1087132 ustep: 1 
iter: 3  value: 6559.942 mgc: 0.000313103 ustep: 1 
iter: 4  mgc: 3.610313e-09 
iter: 1  mgc: 3.610313e-09 
outer mgc:  10.49231 
iter: 1  value: 6558.816 mgc: 3.921505 ustep: 1 
iter: 2  value: 6558.812 mgc: 0.1231172 ustep: 1 
iter: 3  value: 6558.812 mgc: 0.0002510627 ustep: 1 
iter: 4  mgc: 1.511964e-09 
iter: 1  mgc: 1.511964e-09 
outer mgc:  7.725785 
iter: 1  value: 6556.254 mgc: 2.318259 ustep: 1 
iter: 2  value: 6556.253 mgc: 0.0645778 ustep: 1 
iter: 3  value: 6556.253 mgc: 0.0001036279 ustep: 1 
iter: 4  mgc: 3.223142e-10 
iter: 1  mgc: 3.223142e-10 
outer mgc:  1.917734 
iter: 1  value: 6555.712 mgc: 1.294116 ustep: 1 
iter: 2  value: 6555.711 mgc: 0.06414039 ustep: 1 
iter: 3  value: 6555.711 mgc: 0.0001335208 ustep: 1 
iter: 4  mgc: 5.902083e-10 
iter: 1  mgc: 5.902083e-10 
outer mgc:  3.153244 
iter: 1  value: 6553.255 mgc: 2.443236 ustep: 1 
iter: 2  value: 6553.253 mgc: 0.08331654 ustep: 1 
iter: 3  value: 6553.253 mgc: 0.0001965208 ustep: 1 
iter: 4  mgc: 1.213345e-09 
iter: 1  mgc: 1.213345e-09 
outer mgc:  2.022145 
iter: 1  value: 6553.017 mgc: 2.924539 ustep: 1 
iter: 2  value: 6553.006 mgc: 0.1570507 ustep: 1 
iter: 3  value: 6553.006 mgc: 0.001089723 ustep: 1 
iter: 4  value: 6553.006 mgc: 5.24222e-08 ustep: 1 
mgc: 3.064216e-14 
iter: 1  value: 6553.196 mgc: 1.558966 ustep: 1 
iter: 2  value: 6553.196 mgc: 0.04136704 ustep: 1 
iter: 3  value: 6553.196 mgc: 7.569715e-05 ustep: 1 
iter: 4  mgc: 2.497136e-10 
iter: 1  mgc: 2.497136e-10 
outer mgc:  3.499737 
iter: 1  value: 6552.299 mgc: 1.192801 ustep: 1 
iter: 2  value: 6552.299 mgc: 0.01723258 ustep: 1 
iter: 3  value: 6552.299 mgc: 5.820057e-06 ustep: 1 
iter: 4  mgc: 7.052137e-13 
iter: 1  mgc: 7.052137e-13 
outer mgc:  2.821156 
iter: 1  value: 6551.56 mgc: 0.6971758 ustep: 1 
iter: 2  value: 6551.56 mgc: 0.00558769 ustep: 1 
iter: 3  value: 6551.56 mgc: 7.627505e-07 ustep: 1 
iter: 4  mgc: 5.595524e-14 
iter: 1  mgc: 5.595524e-14 
outer mgc:  1.560949 
iter: 1  value: 6550.934 mgc: 0.7058201 ustep: 1 
iter: 2  value: 6550.934 mgc: 0.01469438 ustep: 1 
iter: 3  value: 6550.934 mgc: 6.903916e-06 ustep: 1 
iter: 4  mgc: 1.52145e-12 
iter: 1  mgc: 1.52145e-12 
outer mgc:  1.255421 
iter: 1  value: 6550.666 mgc: 0.967098 ustep: 1 
iter: 2  value: 6550.666 mgc: 0.02579398 ustep: 1 
iter: 3  value: 6550.666 mgc: 2.267974e-05 ustep: 1 
iter: 4  mgc: 2.599854e-11 
iter: 1  mgc: 2.599854e-11 
outer mgc:  3.522206 
iter: 1  value: 6550.563 mgc: 0.8880561 ustep: 1 
iter: 2  value: 6550.563 mgc: 0.008067472 ustep: 1 
iter: 3  value: 6550.563 mgc: 1.177032e-06 ustep: 1 
iter: 4  mgc: 6.683543e-14 
iter: 1  mgc: 6.683543e-14 
outer mgc:  1.723117 
iter: 1  value: 6550.144 mgc: 0.7629713 ustep: 1 
iter: 2  value: 6550.144 mgc: 0.005954145 ustep: 1 
iter: 3  value: 6550.144 mgc: 8.259745e-07 ustep: 1 
iter: 4  mgc: 3.974598e-14 
iter: 1  mgc: 3.974598e-14 
outer mgc:  0.9682439 
iter: 1  value: 6549.807 mgc: 0.6652386 ustep: 1 
iter: 2  value: 6549.807 mgc: 0.004602663 ustep: 1 
iter: 3  value: 6549.807 mgc: 7.84769e-07 ustep: 1 
iter: 4  mgc: 4.796163e-14 
iter: 1  mgc: 4.796163e-14 
outer mgc:  0.505625 
iter: 1  value: 6549.654 mgc: 0.4639427 ustep: 1 
iter: 2  value: 6549.654 mgc: 0.004861003 ustep: 1 
iter: 3  value: 6549.654 mgc: 7.862992e-07 ustep: 1 
iter: 4  mgc: 2.842171e-14 
iter: 1  mgc: 2.842171e-14 
outer mgc:  0.6464077 
iter: 1  value: 6549.341 mgc: 0.3430413 ustep: 1 
iter: 2  value: 6549.341 mgc: 0.003161716 ustep: 1 
iter: 3  value: 6549.341 mgc: 3.425265e-07 ustep: 1 
iter: 4  mgc: 3.4861e-14 
iter: 1  mgc: 3.4861e-14 
outer mgc:  0.4718419 
iter: 1  value: 6549.024 mgc: 0.6541725 ustep: 1 
iter: 2  value: 6549.024 mgc: 0.004070809 ustep: 1 
iter: 3  value: 6549.024 mgc: 2.602317e-07 ustep: 1 
iter: 4  mgc: 3.130829e-14 
iter: 1  mgc: 3.130829e-14 
outer mgc:  0.8151212 
iter: 1  value: 6548.645 mgc: 0.4659239 ustep: 1 
iter: 2  value: 6548.645 mgc: 0.002473722 ustep: 1 
iter: 3  value: 6548.645 mgc: 9.888423e-08 ustep: 1 
iter: 4  mgc: 4.019007e-14 
iter: 1  mgc: 4.019007e-14 
outer mgc:  0.3436136 
iter: 1  value: 6548.59 mgc: 0.3584408 ustep: 1 
iter: 2  value: 6548.59 mgc: 0.002938285 ustep: 1 
iter: 3  value: 6548.59 mgc: 2.7703e-07 ustep: 1 
iter: 4  mgc: 3.358425e-14 
iter: 1  value: 6548.611 mgc: 0.1382318 ustep: 1 
iter: 2  value: 6548.611 mgc: 0.000439063 ustep: 1 
iter: 3  mgc: 6.214176e-09 
iter: 1  mgc: 6.214176e-09 
outer mgc:  0.2527258 
iter: 1  value: 6548.518 mgc: 0.1287596 ustep: 1 
iter: 2  value: 6548.518 mgc: 0.0004787288 ustep: 1 
iter: 3  mgc: 7.639572e-09 
iter: 1  mgc: 7.639572e-09 
outer mgc:  0.2982401 
iter: 1  value: 6548.388 mgc: 0.1535915 ustep: 1 
iter: 2  value: 6548.388 mgc: 0.0002631116 ustep: 1 
iter: 3  mgc: 2.016441e-09 
iter: 1  mgc: 2.016441e-09 
outer mgc:  0.4399784 
iter: 1  value: 6548.263 mgc: 0.1352883 ustep: 1 
iter: 2  value: 6548.263 mgc: 0.0002103357 ustep: 1 
iter: 3  mgc: 7.039415e-10 
iter: 1  mgc: 7.039415e-10 
outer mgc:  0.5513361 
iter: 1  value: 6548.137 mgc: 0.08668743 ustep: 1 
iter: 2  value: 6548.137 mgc: 0.0001566729 ustep: 1 
iter: 3  mgc: 8.983343e-10 
iter: 1  value: 6547.987 mgc: 0.1021444 ustep: 1 
iter: 2  value: 6547.987 mgc: 0.0002068537 ustep: 1 
iter: 3  mgc: 1.472087e-09 
iter: 1  mgc: 1.472087e-09 
outer mgc:  0.3810621 
iter: 1  value: 6547.737 mgc: 0.2765024 ustep: 1 
iter: 2  value: 6547.737 mgc: 0.0009476532 ustep: 1 
iter: 3  value: 6547.737 mgc: 2.149379e-08 ustep: 1 
mgc: 4.263256e-14 
iter: 1  mgc: 4.263256e-14 
outer mgc:  0.3033297 
iter: 1  value: 6547.519 mgc: 0.1807431 ustep: 1 
iter: 2  value: 6547.519 mgc: 0.0007780457 ustep: 1 
iter: 3  value: 6547.519 mgc: 1.944805e-08 ustep: 1 
mgc: 3.996803e-14 
iter: 1  value: 6547.649 mgc: 0.1001914 ustep: 1 
iter: 2  value: 6547.649 mgc: 0.000156557 ustep: 1 
iter: 3  mgc: 9.346481e-10 
iter: 1  mgc: 9.346481e-10 
outer mgc:  0.1356237 
iter: 1  value: 6547.623 mgc: 0.1152644 ustep: 1 
iter: 2  value: 6547.623 mgc: 0.0001023233 ustep: 1 
iter: 3  mgc: 3.079723e-10 
iter: 1  mgc: 3.079723e-10 
outer mgc:  0.1179383 
iter: 1  value: 6547.521 mgc: 0.05738639 ustep: 1 
iter: 2  value: 6547.521 mgc: 6.703485e-05 ustep: 1 
iter: 3  mgc: 1.485931e-10 
iter: 1  mgc: 1.485931e-10 
outer mgc:  0.1007199 
iter: 1  value: 6547.428 mgc: 0.09421865 ustep: 1 
iter: 2  value: 6547.428 mgc: 0.0001564174 ustep: 1 
iter: 3  mgc: 7.568692e-10 
iter: 1  mgc: 7.568692e-10 
outer mgc:  0.1316286 
iter: 1  value: 6547.35 mgc: 0.06596918 ustep: 1 
iter: 2  value: 6547.35 mgc: 0.0001136107 ustep: 1 
iter: 3  mgc: 4.341136e-10 
iter: 1  value: 6547.397 mgc: 0.03765107 ustep: 1 
iter: 2  value: 6547.397 mgc: 4.032592e-05 ustep: 1 
iter: 3  mgc: 5.352785e-11 
iter: 1  mgc: 5.352785e-11 
outer mgc:  0.1274474 
iter: 1  value: 6547.381 mgc: 0.04945365 ustep: 1 
iter: 2  value: 6547.381 mgc: 3.2301e-05 ustep: 1 
iter: 3  mgc: 3.71253e-11 
iter: 1  mgc: 3.71253e-11 
outer mgc:  0.06171521 
iter: 1  value: 6547.37 mgc: 0.04896953 ustep: 1 
iter: 2  value: 6547.37 mgc: 3.112275e-05 ustep: 1 
iter: 3  mgc: 2.827688e-11 
iter: 1  mgc: 2.827688e-11 
outer mgc:  0.1192854 
iter: 1  value: 6547.364 mgc: 0.03671378 ustep: 1 
iter: 2  value: 6547.364 mgc: 1.73173e-05 ustep: 1 
iter: 3  mgc: 7.341683e-12 
iter: 1  mgc: 7.341683e-12 
outer mgc:  0.06080173 
iter: 1  value: 6547.347 mgc: 0.02256804 ustep: 1 
iter: 2  value: 6547.347 mgc: 1.429367e-05 ustep: 1 
iter: 3  mgc: 9.86522e-12 
iter: 1  value: 6547.361 mgc: 0.01381693 ustep: 1 
iter: 2  value: 6547.361 mgc: 4.210971e-06 ustep: 1 
iter: 3  mgc: 8.650858e-13 
iter: 1  mgc: 8.650858e-13 
outer mgc:  0.06017466 
iter: 1  value: 6547.353 mgc: 0.02315949 ustep: 1 
iter: 2  value: 6547.353 mgc: 4.875619e-06 ustep: 1 
iter: 3  mgc: 3.941292e-13 
iter: 1  mgc: 3.941292e-13 
outer mgc:  0.02658941 
iter: 1  value: 6547.341 mgc: 0.009618004 ustep: 1 
iter: 2  value: 6547.341 mgc: 2.812878e-06 ustep: 1 
iter: 3  mgc: 2.566836e-13 
iter: 1  mgc: 2.566836e-13 
outer mgc:  0.02016368 
iter: 1  value: 6547.332 mgc: 0.006145217 ustep: 1 
iter: 2  value: 6547.332 mgc: 5.069382e-07 ustep: 1 
iter: 3  mgc: 3.624878e-14 
iter: 1  mgc: 3.624878e-14 
outer mgc:  0.01140816 
iter: 1  value: 6547.323 mgc: 0.007926398 ustep: 1 
iter: 2  value: 6547.323 mgc: 1.768971e-06 ustep: 1 
iter: 3  mgc: 1.225686e-13 
iter: 1  value: 6547.328 mgc: 0.00435522 ustep: 1 
iter: 2  value: 6547.328 mgc: 5.501914e-07 ustep: 1 
iter: 3  mgc: 2.797762e-14 
iter: 1  mgc: 2.797762e-14 
outer mgc:  0.00500768 
iter: 1  value: 6547.327 mgc: 0.005271519 ustep: 1 
iter: 2  value: 6547.327 mgc: 3.352593e-07 ustep: 1 
iter: 3  mgc: 5.440093e-14 
iter: 1  value: 6547.328 mgc: 0.001961897 ustep: 1 
iter: 2  value: 6547.328 mgc: 2.65466e-08 ustep: 1 
mgc: 3.841372e-14 
iter: 1  mgc: 3.841372e-14 
outer mgc:  0.003310935 
iter: 1  value: 6547.327 mgc: 0.0009339906 ustep: 1 
iter: 2  value: 6547.327 mgc: 1.014856e-08 ustep: 1 
mgc: 4.746203e-14 
iter: 1  mgc: 4.746203e-14 
outer mgc:  0.001266076 
iter: 1  mgc: 4.746203e-14 
iter: 1  mgc: 4.746203e-14 
outer mgc:  0.001266076 
iter: 1  value: 6547.326 mgc: 0.01113879 ustep: 1 
iter: 2  value: 6547.326 mgc: 3.928971e-06 ustep: 1 
iter: 3  mgc: 5.12923e-13 
outer mgc:  0.04041955 
iter: 1  value: 6547.329 mgc: 0.01112593 ustep: 1 
iter: 2  value: 6547.329 mgc: 3.932568e-06 ustep: 1 
iter: 3  mgc: 5.058176e-13 
outer mgc:  0.0393312 
iter: 1  value: 6547.327 mgc: 0.00563002 ustep: 1 
iter: 2  value: 6547.327 mgc: 9.805256e-07 ustep: 1 
iter: 3  mgc: 3.042011e-14 
outer mgc:  0.03931093 
iter: 1  value: 6547.328 mgc: 0.005623436 ustep: 1 
iter: 2  value: 6547.328 mgc: 9.798404e-07 ustep: 1 
iter: 3  mgc: 3.658185e-14 
outer mgc:  0.03862971 
iter: 1  value: 6547.326 mgc: 0.009433141 ustep: 1 
iter: 2  value: 6547.326 mgc: 3.035903e-06 ustep: 1 
iter: 3  mgc: 3.130829e-13 
outer mgc:  0.04407203 
iter: 1  value: 6547.329 mgc: 0.009420677 ustep: 1 
iter: 2  value: 6547.329 mgc: 3.037382e-06 ustep: 1 
iter: 3  mgc: 3.064216e-13 
outer mgc:  0.04380464 
iter: 1  value: 6547.327 mgc: 0.005287328 ustep: 1 
iter: 2  value: 6547.327 mgc: 9.403428e-07 ustep: 1 
iter: 3  mgc: 4.640732e-14 
outer mgc:  0.03580174 
iter: 1  value: 6547.328 mgc: 0.00528255 ustep: 1 
iter: 2  value: 6547.328 mgc: 9.399505e-07 ustep: 1 
iter: 3  mgc: 3.241851e-14 
outer mgc:  0.03578744 
iter: 1  value: 6547.327 mgc: 0.01834395 ustep: 1 
iter: 2  value: 6547.327 mgc: 5.133296e-06 ustep: 1 
iter: 3  mgc: 6.452616e-13 
outer mgc:  0.03751881 
iter: 1  value: 6547.328 mgc: 0.01833258 ustep: 1 
iter: 2  value: 6547.328 mgc: 5.141956e-06 ustep: 1 
iter: 3  mgc: 6.146195e-13 
outer mgc:  0.03823012 
iter: 1  value: 6547.327 mgc: 0.00907715 ustep: 1 
iter: 2  value: 6547.327 mgc: 1.484428e-06 ustep: 1 
iter: 3  mgc: 7.61613e-14 
outer mgc:  0.05145316 
iter: 1  value: 6547.328 mgc: 0.009071888 ustep: 1 
iter: 2  value: 6547.328 mgc: 1.484296e-06 ustep: 1 
iter: 3  mgc: 7.172041e-14 
outer mgc:  0.05234327 
iter: 1  value: 6547.328 mgc: 0.02182421 ustep: 1 
iter: 2  value: 6547.328 mgc: 4.799836e-06 ustep: 1 
iter: 3  mgc: 3.5838e-13 
outer mgc:  0.05080105 
iter: 1  value: 6547.326 mgc: 0.02182571 ustep: 1 
iter: 2  value: 6547.326 mgc: 4.809317e-06 ustep: 1 
iter: 3  mgc: 3.801404e-13 
outer mgc:  0.04949391 
iter: 1  value: 6547.328 mgc: 0.01131776 ustep: 1 
iter: 2  value: 6547.328 mgc: 1.472124e-06 ustep: 1 
iter: 3  mgc: 5.662137e-14 
outer mgc:  0.1041603 
iter: 1  value: 6547.326 mgc: 0.0113149 ustep: 1 
iter: 2  value: 6547.326 mgc: 1.473071e-06 ustep: 1 
iter: 3  mgc: 5.256906e-14 
outer mgc:  0.1016258 
iter: 1  value: 6547.327 mgc: 0.02179759 ustep: 1 
iter: 2  value: 6547.327 mgc: 5.316422e-06 ustep: 1 
iter: 3  mgc: 6.94278e-13 
outer mgc:  0.0294501 
iter: 1  value: 6547.327 mgc: 0.02178965 ustep: 1 
iter: 2  value: 6547.327 mgc: 5.327451e-06 ustep: 1 
iter: 3  mgc: 7.049916e-13 
outer mgc:  0.03009452 
iter: 1  value: 6547.327 mgc: 0.0112099 ustep: 1 
iter: 2  value: 6547.327 mgc: 1.754962e-06 ustep: 1 
iter: 3  mgc: 8.282264e-14 
outer mgc:  0.07367755 
iter: 1  value: 6547.327 mgc: 0.01120552 ustep: 1 
iter: 2  value: 6547.327 mgc: 1.756036e-06 ustep: 1 
iter: 3  mgc: 5.750955e-14 
outer mgc:  0.07306083 
iter: 1  value: 6547.326 mgc: 0.008543314 ustep: 1 
iter: 2  value: 6547.326 mgc: 2.403393e-06 ustep: 1 
iter: 3  mgc: 1.909584e-13 
outer mgc:  0.04497022 
iter: 1  value: 6547.329 mgc: 0.008531628 ustep: 1 
iter: 2  value: 6547.329 mgc: 2.403664e-06 ustep: 1 
iter: 3  mgc: 1.980638e-13 
outer mgc:  0.04518132 
iter: 1  value: 6547.327 mgc: 0.003295109 ustep: 1 
iter: 2  value: 6547.327 mgc: 3.54783e-07 ustep: 1 
iter: 3  mgc: 3.166911e-14 
outer mgc:  0.03036105 
iter: 1  value: 6547.328 mgc: 0.003289649 ustep: 1 
iter: 2  value: 6547.328 mgc: 3.539954e-07 ustep: 1 
iter: 3  mgc: 4.451994e-14 
outer mgc:  0.03053248 
iter: 1  value: 6547.331 mgc: 0.003016618 ustep: 1 
iter: 2  value: 6547.331 mgc: 2.665851e-07 ustep: 1 
iter: 3  mgc: 2.68674e-14 
outer mgc:  0.002974135 
iter: 1  value: 6547.323 mgc: 0.003019636 ustep: 1 
iter: 2  value: 6547.323 mgc: 2.665762e-07 ustep: 1 
iter: 3  mgc: 2.597922e-14 
outer mgc:  0.002561143 
iter: 1  value: 6547.332 mgc: 0.003508945 ustep: 1 
iter: 2  value: 6547.332 mgc: 3.200228e-07 ustep: 1 
iter: 3  mgc: 2.664535e-14 
outer mgc:  0.002681382 
iter: 1  value: 6547.322 mgc: 0.003512456 ustep: 1 
iter: 2  value: 6547.322 mgc: 3.201447e-07 ustep: 1 
iter: 3  mgc: 3.652634e-14 
outer mgc:  0.002599463 
iter: 1  value: 6547.331 mgc: 0.003655488 ustep: 1 
iter: 2  value: 6547.331 mgc: 2.085177e-07 ustep: 1 
iter: 3  mgc: 3.053113e-14 
outer mgc:  0.004441878 
iter: 1  value: 6547.324 mgc: 0.003659145 ustep: 1 
iter: 2  value: 6547.324 mgc: 2.085982e-07 ustep: 1 
iter: 3  mgc: 2.842171e-14 
outer mgc:  0.005330901 
iter: 1  value: 6547.33 mgc: 0.003905389 ustep: 1 
iter: 2  value: 6547.33 mgc: 2.793948e-07 ustep: 1 
iter: 3  mgc: 4.241052e-14 
outer mgc:  0.005374062 
iter: 1  value: 6547.325 mgc: 0.003909296 ustep: 1 
iter: 2  value: 6547.325 mgc: 2.796735e-07 ustep: 1 
iter: 3  mgc: 4.307665e-14 
outer mgc:  0.006055431 
iter: 1  value: 6547.329 mgc: 0.002382009 ustep: 1 
iter: 2  value: 6547.329 mgc: 2.524331e-07 ustep: 1 
iter: 3  mgc: 3.441691e-14 
outer mgc:  0.006806472 
iter: 1  value: 6547.325 mgc: 0.002384392 ustep: 1 
iter: 2  value: 6547.325 mgc: 2.527282e-07 ustep: 1 
iter: 3  mgc: 3.530509e-14 
outer mgc:  0.006234434 
iter: 1  value: 6547.333 mgc: 0.0036659 ustep: 1 
iter: 2  value: 6547.333 mgc: 3.398571e-07 ustep: 1 
iter: 3  mgc: 2.797762e-14 
outer mgc:  0.002264634 
iter: 1  value: 6547.322 mgc: 0.003669568 ustep: 1 
iter: 2  value: 6547.322 mgc: 3.399248e-07 ustep: 1 
iter: 3  mgc: 4.085621e-14 
outer mgc:  0.002489833 
iter: 1  value: 6547.309 mgc: 0.002806696 ustep: 1 
iter: 2  value: 6547.309 mgc: 1.276571e-07 ustep: 1 
iter: 3  mgc: 2.797762e-14 
outer mgc:  0.02356874 
iter: 1  value: 6547.345 mgc: 0.002806639 ustep: 1 
iter: 2  value: 6547.345 mgc: 1.277488e-07 ustep: 1 
iter: 3  mgc: 3.019807e-14 
outer mgc:  0.0230154 
[Mon Aug 16 09:21:43 2021]
Finished job 0.
1 of 1 steps (100%) done
