Building DAG of jobs...
Using shell: /usr/bin/bash
Provided cores: 80
Rules claiming more threads will be scaled down.
Job counts:
	count	jobs
	1	inference_simulation_TMB_multiple
	1
Select jobs to execute...

[Sun Aug 15 13:39:53 2021]
rule inference_simulation_TMB_multiple:
    input: ../data/assessing_models_simulation/datasets/multiple_GenerationCnorm_20_100_10_7_0_NA_NA_NA_dataset0.RDS
    output: ../data/assessing_models_simulation/inference_results/TMB/nlminb/multiple_GenerationCnorm_20_100_10_7_0_diagREDM_NA_NA_NA_dataset0.RDS
    log: logs/inference/nlminb/simulation_GenerationCnorm_20_100_10_7_0_ModeldiagREDM_NA_NA_NA_dataset0.log
    jobid: 0
    wildcards: optimiser=nlminb, datasetgeneration=GenerationCnorm, n=20, nlambda=100, lmbda=10, d=7, beta_intensity=0, model=diagREDM, fixed_beta_intercept=NA, fixed_beta_slope=NA, sdRE_input=NA, itnum=0

Rscript 2_inference_TMB/run_TMB.R --input ../data/assessing_models_simulation/datasets/multiple_GenerationCnorm_20_100_10_7_0_NA_NA_NA_dataset0.RDS --output ../data/assessing_models_simulation/inference_results/TMB/nlminb/multiple_GenerationCnorm_20_100_10_7_0_diagREDM_NA_NA_NA_dataset0.RDS --model diagREDM --optimiser nlminb
Model: diagREDM 
Feature type: signatures 
Using nlminb: TRUE 
Simulation boolean: TRUE 
make: Nothing to be done for 'all'.
../data/assessing_models_simulation/datasets/multiple_GenerationCnorm_20_100_10_7_0_NA_NA_NA_dataset0.RDS[1] "../data/assessing_models_simulation/datasets/multiple_GenerationCnorm_20_100_10_7_0_NA_NA_NA_dataset0.RDS"
Reading file ../data/assessing_models_simulation/datasets/multiple_GenerationCnorm_20_100_10_7_0_NA_NA_NA_dataset0.RDS 
Loading required package: nnet
# weights:  21 (12 variable)
initial  value 7639.643245 
iter  10 value 6933.278329
final  value 6913.519191 
converged
Constructing atomic invpd
Constructing atomic D_lgamma
Constructing atomic invpd
Constructing atomic D_lgamma
Constructing atomic matmul
Constructing atomic invpd
Constructing atomic D_lgamma
Constructing atomic matmul
Optimizing tape... Done
iter: 1  value: 7444.24 mgc: 55.6002 ustep: 0.4367355 
iter: 2  value: 7148.928 mgc: 49.96905 ustep: 0.6608936 
iter: 3  value: 6851.158 mgc: 104.093 ustep: 0.09775857 
iter: 4  value: 6747.587 mgc: 51.02966 ustep: 0.08947848 
iter: 5  value: 6718.531 mgc: 49.51256 ustep: 0.2991996 
iter: 6  value: 6717.825 mgc: 3.705057 ustep: 0.5470367 
iter: 7  value: 6717.795 mgc: 0.2205365 ustep: 0.7396454 
iter: 8  value: 6717.793 mgc: 0.04633647 ustep: 0.8600404 
iter: 9  value: 6717.793 mgc: 0.004920904 ustep: 0.9273909 
iter: 10  value: 6717.793 mgc: 0.0002529272 ustep: 0.9630151 
iter: 11  value: 6717.793 mgc: 6.461187e-06 ustep: 0.9813352 
iter: 12  value: 6717.793 mgc: 8.28124e-08 ustep: 0.9906246 
iter: 13  mgc: 5.318894e-10 
iter: 1  mgc: 5.318894e-10 
Matching hessian patterns... Done
outer mgc:  223.8533 
iter: 1  value: 6556.845 mgc: 23.44608 ustep: 1 
iter: 2  value: 6553.623 mgc: 5.403597 ustep: 1 
iter: 3  value: 6553.621 mgc: 0.2060595 ustep: 1 
iter: 4  value: 6553.621 mgc: 0.0005020663 ustep: 1 
iter: 5  mgc: 5.94256e-09 
iter: 1  mgc: 5.94256e-09 
outer mgc:  50.12055 
iter: 1  value: 6532.848 mgc: 10.82497 ustep: 1 
iter: 2  value: 6532.724 mgc: 0.6514074 ustep: 1 
iter: 3  value: 6532.724 mgc: 0.00805566 ustep: 1 
iter: 4  value: 6532.724 mgc: 1.403274e-06 ustep: 1 
iter: 5  mgc: 6.568301e-12 
iter: 1  mgc: 6.568301e-12 
outer mgc:  58.48011 
iter: 1  value: 6513.373 mgc: 28.77164 ustep: 1 
iter: 2  value: 6512.09 mgc: 2.118033 ustep: 1 
iter: 3  value: 6512.089 mgc: 0.0700043 ustep: 1 
iter: 4  value: 6512.089 mgc: 0.0001043601 ustep: 1 
iter: 5  mgc: 2.82663e-10 
iter: 1  mgc: 2.82663e-10 
outer mgc:  61.84621 
iter: 1  value: 6502.172 mgc: 16.01598 ustep: 1 
iter: 2  value: 6500.221 mgc: 3.04766 ustep: 1 
iter: 3  value: 6500.219 mgc: 0.09186194 ustep: 1 
iter: 4  value: 6500.219 mgc: 0.0001955305 ustep: 1 
iter: 5  mgc: 9.951526e-10 
iter: 1  mgc: 9.951526e-10 
outer mgc:  57.252 
iter: 1  value: 6496.371 mgc: 24.24598 ustep: 1 
iter: 2  value: 6494.689 mgc: 3.700314 ustep: 1 
iter: 3  value: 6494.688 mgc: 0.1055 ustep: 1 
iter: 4  value: 6494.688 mgc: 0.0003935859 ustep: 1 
iter: 5  mgc: 5.536199e-09 
iter: 1  mgc: 5.536199e-09 
outer mgc:  52.70567 
iter: 1  value: 6473.258 mgc: 18.4285 ustep: 1 
iter: 2  value: 6472.54 mgc: 1.902281 ustep: 1 
iter: 3  value: 6472.54 mgc: 0.03898754 ustep: 1 
iter: 4  value: 6472.54 mgc: 4.767365e-05 ustep: 1 
iter: 5  mgc: 7.153109e-11 
iter: 1  mgc: 7.153109e-11 
outer mgc:  17.53054 
iter: 1  value: 6479.1 mgc: 17.7772 ustep: 1 
iter: 2  value: 6476.511 mgc: 3.905548 ustep: 1 
iter: 3  value: 6476.505 mgc: 0.1288371 ustep: 1 
iter: 4  value: 6476.505 mgc: 0.0006469303 ustep: 1 
iter: 5  value: 6476.505 mgc: 2.031539e-08 ustep: 1 
mgc: 2.952388e-12 
iter: 1  value: 6466.424 mgc: 8.38164 ustep: 1 
iter: 2  value: 6466.351 mgc: 0.5352246 ustep: 1 
iter: 3  value: 6466.351 mgc: 0.003953532 ustep: 1 
iter: 4  value: 6466.351 mgc: 7.601882e-07 ustep: 1 
iter: 5  mgc: 1.93956e-12 
iter: 1  mgc: 1.93956e-12 
outer mgc:  5.948596 
iter: 1  value: 6462.039 mgc: 6.880678 ustep: 1 
iter: 2  value: 6462.007 mgc: 0.3926747 ustep: 1 
iter: 3  value: 6462.007 mgc: 0.002085911 ustep: 1 
iter: 4  value: 6462.007 mgc: 1.168655e-07 ustep: 1 
iter: 5  mgc: 1.789013e-12 
iter: 1  mgc: 1.789013e-12 
outer mgc:  10.62169 
iter: 1  value: 6457.753 mgc: 4.840167 ustep: 1 
iter: 2  value: 6457.75 mgc: 0.1136898 ustep: 1 
iter: 3  value: 6457.75 mgc: 0.000244735 ustep: 1 
iter: 4  mgc: 2.300685e-09 
iter: 1  mgc: 2.300685e-09 
outer mgc:  19.55445 
iter: 1  value: 6450.611 mgc: 4.242452 ustep: 1 
iter: 2  value: 6450.609 mgc: 0.0631399 ustep: 1 
iter: 3  value: 6450.609 mgc: 7.12549e-05 ustep: 1 
iter: 4  mgc: 5.708818e-10 
iter: 1  value: 6443.512 mgc: 3.573417 ustep: 1 
iter: 2  value: 6443.509 mgc: 0.09761445 ustep: 1 
iter: 3  value: 6443.509 mgc: 0.0001724281 ustep: 1 
iter: 4  mgc: 1.37821e-09 
iter: 1  value: 6384.699 mgc: 14.34175 ustep: 1 
iter: 2  value: 6379.982 mgc: 5.297585 ustep: 1 
iter: 3  value: 6379.944 mgc: 0.4746995 ustep: 1 
iter: 4  value: 6379.944 mgc: 0.008158239 ustep: 1 
iter: 5  value: 6379.944 mgc: 4.316615e-06 ustep: 1 
iter: 6  mgc: 1.186662e-12 
iter: 1  value: 6519.61 mgc: 62.85512 ustep: 1 
iter: 2  value: 6519.25 mgc: 1.687206 ustep: 1 
iter: 3  value: 6519.25 mgc: 0.02708922 ustep: 1 
iter: 4  value: 6519.25 mgc: 7.711202e-06 ustep: 1 
iter: 5  mgc: 6.612488e-13 
iter: 1  mgc: 1.186662e-12 
outer mgc:  54.02078 
iter: 1  value: 6303.816 mgc: 12.5963 ustep: 1 
iter: 2  value: 6302.06 mgc: 2.821289 ustep: 1 
iter: 3  value: 6302.055 mgc: 0.2216083 ustep: 1 
iter: 4  value: 6302.055 mgc: 0.002048186 ustep: 1 
iter: 5  value: 6302.055 mgc: 1.827504e-07 ustep: 1 
iter: 6  mgc: 2.664535e-15 
iter: 1  mgc: 2.664535e-15 
outer mgc:  81.43342 
iter: 1  value: 6519.435 mgc: 17.27135 ustep: 0.1330957 
iter: 2  value: 6439.413 mgc: 19.16478 ustep: 0.2030395 
iter: 3  value: 6363.443 mgc: 10.4575 ustep: 0.2587953 
iter: 4  value: 6355.835 mgc: 1.801838 ustep: 0.5087684 
iter: 5  value: 6355.037 mgc: 0.7466962 ustep: 0.7133087 
iter: 6  value: 6355.007 mgc: 0.1948216 ustep: 0.8445916 
iter: 7  value: 6355.006 mgc: 0.02630028 ustep: 0.9190248 
iter: 8  value: 6355.006 mgc: 0.001587936 ustep: 0.9586619 
iter: 9  value: 6355.006 mgc: 4.566285e-05 ustep: 0.9791149 
iter: 10  value: 6355.006 mgc: 6.614174e-07 ustep: 0.9895034 
iter: 11  mgc: 4.835992e-09 
iter: 1  value: 6171.709 mgc: 6.789567 ustep: 1 
iter: 2  value: 6166.584 mgc: 6.305271 ustep: 1 
iter: 3  value: 6166.553 mgc: 0.5887125 ustep: 1 
iter: 4  value: 6166.553 mgc: 0.009205858 ustep: 1 
iter: 5  value: 6166.553 mgc: 2.627273e-06 ustep: 1 
iter: 6  mgc: 2.087219e-13 
iter: 1  mgc: 2.087219e-13 
outer mgc:  40.22751 
iter: 1  value: 6268.086 mgc: 14.04272 ustep: 0.4367355 
iter: 2  value: 6234.092 mgc: 17.69495 ustep: 0.6608936 
iter: 3  value: 6207.186 mgc: 7.593673 ustep: 0.3423004 
iter: 4  value: 6207.049 mgc: 1.031207 ustep: 0.585106 
iter: 5  value: 6207.047 mgc: 0.07589595 ustep: 0.7649457 
iter: 6  value: 6207.047 mgc: 0.004875832 ustep: 0.8746243 
iter: 7  value: 6207.047 mgc: 0.0001900059 ustep: 0.93522 
iter: 8  value: 6207.047 mgc: 5.375425e-06 ustep: 0.967071 
iter: 9  value: 6207.047 mgc: 9.095284e-08 ustep: 0.9833993 
iter: 10  mgc: 7.237035e-10 
iter: 1  value: 6147.855 mgc: 7.381234 ustep: 1 
iter: 2  value: 6147.517 mgc: 0.6130998 ustep: 1 
iter: 3  value: 6147.517 mgc: 0.0127395 ustep: 1 
iter: 4  value: 6147.517 mgc: 6.491459e-06 ustep: 1 
iter: 5  mgc: 1.648237e-12 
iter: 1  mgc: 1.648237e-12 
outer mgc:  11.32328 
iter: 1  value: 6148.279 mgc: 3.613854 ustep: 1 
iter: 2  value: 6148.164 mgc: 0.5136538 ustep: 1 
iter: 3  value: 6148.164 mgc: 0.01792558 ustep: 1 
iter: 4  value: 6148.164 mgc: 4.788408e-05 ustep: 1 
iter: 5  mgc: 3.470171e-10 
iter: 1  value: 6138.259 mgc: 2.860066 ustep: 1 
iter: 2  value: 6138.234 mgc: 0.2562399 ustep: 1 
iter: 3  value: 6138.234 mgc: 0.001102477 ustep: 1 
iter: 4  value: 6138.234 mgc: 2.154331e-08 ustep: 1 
mgc: 2.997602e-15 
iter: 1  mgc: 2.997602e-15 
outer mgc:  7.865384 
iter: 1  value: 6135.16 mgc: 2.574735 ustep: 1 
iter: 2  value: 6135.157 mgc: 0.07148694 ustep: 1 
iter: 3  value: 6135.157 mgc: 7.947119e-05 ustep: 1 
iter: 4  mgc: 3.358691e-10 
iter: 1  mgc: 3.358691e-10 
outer mgc:  9.554825 
iter: 1  value: 6128.584 mgc: 2.023473 ustep: 1 
iter: 2  value: 6128.581 mgc: 0.09578818 ustep: 1 
iter: 3  value: 6128.581 mgc: 0.0001287057 ustep: 1 
iter: 4  mgc: 8.322631e-10 
iter: 1  mgc: 8.322631e-10 
outer mgc:  3.602602 
iter: 1  value: 6127.401 mgc: 1.521198 ustep: 1 
iter: 2  value: 6127.397 mgc: 0.1002037 ustep: 1 
iter: 3  value: 6127.397 mgc: 0.0003108995 ustep: 1 
iter: 4  mgc: 3.167181e-09 
iter: 1  value: 6125.442 mgc: 0.8947653 ustep: 1 
iter: 2  value: 6125.441 mgc: 0.03124907 ustep: 1 
iter: 3  value: 6125.441 mgc: 3.067555e-05 ustep: 1 
iter: 4  mgc: 3.027745e-11 
iter: 1  mgc: 3.027745e-11 
outer mgc:  2.646588 
iter: 1  value: 6122.521 mgc: 0.88106 ustep: 1 
iter: 2  value: 6122.52 mgc: 0.01521557 ustep: 1 
iter: 3  value: 6122.52 mgc: 6.082766e-06 ustep: 1 
iter: 4  mgc: 9.552359e-13 
iter: 1  mgc: 9.552359e-13 
outer mgc:  2.283451 
iter: 1  value: 6119.787 mgc: 0.9429214 ustep: 1 
iter: 2  value: 6119.786 mgc: 0.0259287 ustep: 1 
iter: 3  value: 6119.786 mgc: 1.631173e-05 ustep: 1 
iter: 4  mgc: 7.673417e-12 
iter: 1  mgc: 7.673417e-12 
outer mgc:  3.872184 
iter: 1  value: 6113.494 mgc: 1.379258 ustep: 1 
iter: 2  value: 6113.494 mgc: 0.02759889 ustep: 1 
iter: 3  value: 6113.494 mgc: 1.805549e-05 ustep: 1 
iter: 4  mgc: 7.389644e-12 
iter: 1  mgc: 7.389644e-12 
outer mgc:  3.796872 
iter: 1  value: 6113.056 mgc: 1.914486 ustep: 1 
iter: 2  value: 6113.055 mgc: 0.0482951 ustep: 1 
iter: 3  value: 6113.055 mgc: 3.164072e-05 ustep: 1 
iter: 4  mgc: 1.207479e-11 
iter: 1  value: 6111.611 mgc: 0.408341 ustep: 1 
iter: 2  value: 6111.611 mgc: 0.003087361 ustep: 1 
iter: 3  value: 6111.611 mgc: 2.207143e-07 ustep: 1 
iter: 4  mgc: 3.774758e-15 
iter: 1  mgc: 3.774758e-15 
outer mgc:  1.459443 
iter: 1  value: 6109.478 mgc: 0.1753008 ustep: 1 
iter: 2  value: 6109.478 mgc: 0.0006280284 ustep: 1 
iter: 3  value: 6109.478 mgc: 2.683537e-08 ustep: 1 
mgc: 6.217249e-15 
iter: 1  value: 6105.158 mgc: 0.409732 ustep: 1 
iter: 2  value: 6105.158 mgc: 0.003065093 ustep: 1 
iter: 3  value: 6105.158 mgc: 5.52368e-07 ustep: 1 
iter: 4  mgc: 1.953993e-14 
iter: 1  mgc: 1.953993e-14 
outer mgc:  2.85163 
iter: 1  value: 6098.007 mgc: 0.9879613 ustep: 1 
iter: 2  value: 6098.007 mgc: 0.01107296 ustep: 1 
iter: 3  value: 6098.007 mgc: 5.985818e-06 ustep: 1 
iter: 4  mgc: 1.7506e-12 
iter: 1  mgc: 1.7506e-12 
outer mgc:  2.58493 
iter: 1  value: 6093.622 mgc: 1.777585 ustep: 1 
iter: 2  value: 6093.622 mgc: 0.02210058 ustep: 1 
iter: 3  value: 6093.622 mgc: 5.600536e-06 ustep: 1 
iter: 4  mgc: 5.643264e-13 
iter: 1  value: 6096.917 mgc: 0.6006307 ustep: 1 
iter: 2  value: 6096.917 mgc: 0.002977182 ustep: 1 
iter: 3  value: 6096.917 mgc: 3.916595e-08 ustep: 1 
mgc: 5.329071e-15 
iter: 1  mgc: 5.329071e-15 
outer mgc:  3.75908 
iter: 1  value: 6094.705 mgc: 0.4988086 ustep: 1 
iter: 2  value: 6094.705 mgc: 0.001531767 ustep: 1 
iter: 3  mgc: 8.932077e-09 
iter: 1  mgc: 8.932077e-09 
outer mgc:  1.024639 
iter: 1  value: 6092.816 mgc: 0.2874945 ustep: 1 
iter: 2  value: 6092.816 mgc: 0.001180667 ustep: 1 
iter: 3  value: 6092.816 mgc: 2.724075e-08 ustep: 1 
mgc: 4.440892e-15 
iter: 1  mgc: 4.440892e-15 
outer mgc:  0.9962386 
iter: 1  value: 6090.472 mgc: 0.2614161 ustep: 1 
iter: 2  value: 6090.472 mgc: 0.0008737802 ustep: 1 
iter: 3  value: 6090.472 mgc: 1.065516e-08 ustep: 1 
mgc: 3.115563e-15 
iter: 1  mgc: 3.115563e-15 
outer mgc:  1.112382 
iter: 1  value: 6088.491 mgc: 0.3408974 ustep: 1 
iter: 2  value: 6088.491 mgc: 0.001616612 ustep: 1 
iter: 3  value: 6088.491 mgc: 4.883245e-08 ustep: 1 
mgc: 4.440892e-15 
iter: 1  mgc: 4.440892e-15 
outer mgc:  1.202896 
iter: 1  value: 6083.822 mgc: 0.6021284 ustep: 1 
iter: 2  value: 6083.822 mgc: 0.004288029 ustep: 1 
iter: 3  value: 6083.822 mgc: 2.178954e-07 ustep: 1 
iter: 4  mgc: 5.107026e-15 
iter: 1  mgc: 5.107026e-15 
outer mgc:  2.518523 
iter: 1  value: 6079.934 mgc: 0.7341931 ustep: 1 
iter: 2  value: 6079.934 mgc: 0.001893432 ustep: 1 
iter: 3  value: 6079.934 mgc: 1.670704e-08 ustep: 1 
mgc: 3.108624e-15 
iter: 1  mgc: 3.108624e-15 
outer mgc:  4.829572 
iter: 1  value: 6075.569 mgc: 0.6332268 ustep: 1 
iter: 2  value: 6075.569 mgc: 0.002229527 ustep: 1 
iter: 3  value: 6075.569 mgc: 3.573622e-08 ustep: 1 
mgc: 2.88658e-15 
iter: 1  mgc: 2.88658e-15 
outer mgc:  2.147922 
iter: 1  value: 6072.101 mgc: 0.8618358 ustep: 1 
iter: 2  value: 6072.101 mgc: 0.008443032 ustep: 1 
iter: 3  value: 6072.101 mgc: 8.293776e-07 ustep: 1 
iter: 4  mgc: 5.995204e-15 
iter: 1  mgc: 5.995204e-15 
outer mgc:  3.33355 
iter: 1  value: 6067.333 mgc: 0.6127969 ustep: 1 
iter: 2  value: 6067.333 mgc: 0.00232657 ustep: 1 
iter: 3  value: 6067.333 mgc: 7.576652e-08 ustep: 1 
mgc: 3.552714e-15 
iter: 1  mgc: 3.552714e-15 
outer mgc:  1.827352 
iter: 1  value: 6063.473 mgc: 0.5114168 ustep: 1 
iter: 2  value: 6063.473 mgc: 0.001899427 ustep: 1 
iter: 3  value: 6063.473 mgc: 4.690043e-08 ustep: 1 
mgc: 3.552714e-15 
iter: 1  value: 6066.542 mgc: 0.3898024 ustep: 1 
iter: 2  value: 6066.542 mgc: 0.0008087233 ustep: 1 
iter: 3  mgc: 8.73972e-09 
iter: 1  mgc: 8.73972e-09 
outer mgc:  2.701976 
iter: 1  value: 6066.072 mgc: 0.2237191 ustep: 1 
iter: 2  value: 6066.072 mgc: 0.0003501405 ustep: 1 
iter: 3  mgc: 1.732652e-09 
iter: 1  mgc: 1.732652e-09 
outer mgc:  0.5251551 
iter: 1  value: 6065.177 mgc: 0.1779462 ustep: 1 
iter: 2  value: 6065.177 mgc: 0.0001873983 ustep: 1 
iter: 3  mgc: 3.647029e-10 
iter: 1  mgc: 3.647029e-10 
outer mgc:  1.313462 
iter: 1  value: 6063.961 mgc: 0.2121577 ustep: 1 
iter: 2  value: 6063.961 mgc: 8.856352e-05 ustep: 1 
iter: 3  mgc: 4.385936e-11 
iter: 1  mgc: 4.385936e-11 
outer mgc:  0.5709768 
iter: 1  value: 6062.907 mgc: 0.2232053 ustep: 1 
iter: 2  value: 6062.907 mgc: 0.0001928083 ustep: 1 
iter: 3  mgc: 3.82842e-10 
iter: 1  mgc: 3.82842e-10 
outer mgc:  1.74747 
iter: 1  value: 6061.676 mgc: 0.2337027 ustep: 1 
iter: 2  value: 6061.676 mgc: 0.0002499253 ustep: 1 
iter: 3  mgc: 7.793211e-10 
iter: 1  mgc: 7.793211e-10 
outer mgc:  0.4682278 
iter: 1  value: 6059.347 mgc: 0.3184861 ustep: 1 
iter: 2  value: 6059.347 mgc: 0.0008059394 ustep: 1 
iter: 3  mgc: 5.355266e-09 
iter: 1  mgc: 5.355266e-09 
outer mgc:  2.397056 
iter: 1  value: 6056.851 mgc: 0.2629734 ustep: 1 
iter: 2  value: 6056.851 mgc: 0.0009390702 ustep: 1 
iter: 3  value: 6056.851 mgc: 1.130137e-08 ustep: 1 
mgc: 3.552714e-15 
iter: 1  mgc: 3.552714e-15 
outer mgc:  0.4155623 
iter: 1  value: 6054.385 mgc: 0.341547 ustep: 1 
iter: 2  value: 6054.385 mgc: 0.0003903704 ustep: 1 
iter: 3  mgc: 1.74434e-09 
iter: 1  mgc: 1.74434e-09 
outer mgc:  1.612116 
iter: 1  value: 6051.871 mgc: 0.2831275 ustep: 1 
iter: 2  value: 6051.871 mgc: 0.0002635566 ustep: 1 
iter: 3  mgc: 6.252021e-10 
iter: 1  mgc: 6.252021e-10 
outer mgc:  0.5695647 
iter: 1  value: 6049.646 mgc: 0.2530887 ustep: 1 
iter: 2  value: 6049.646 mgc: 0.0003401475 ustep: 1 
iter: 3  mgc: 8.219727e-10 
iter: 1  mgc: 8.219727e-10 
outer mgc:  1.088925 
iter: 1  value: 6047.091 mgc: 0.2728854 ustep: 1 
iter: 2  value: 6047.091 mgc: 0.0004019231 ustep: 1 
iter: 3  mgc: 1.83908e-09 
iter: 1  mgc: 1.83908e-09 
outer mgc:  0.9934783 
iter: 1  value: 6044.524 mgc: 0.2514633 ustep: 1 
iter: 2  value: 6044.524 mgc: 0.0001510535 ustep: 1 
iter: 3  mgc: 1.612914e-10 
iter: 1  value: 6041.522 mgc: 0.260582 ustep: 1 
iter: 2  value: 6041.522 mgc: 0.0001923741 ustep: 1 
iter: 3  mgc: 3.951919e-10 
iter: 1  value: 6027.259 mgc: 1.200765 ustep: 1 
iter: 2  value: 6027.259 mgc: 0.002661471 ustep: 1 
iter: 3  value: 6027.259 mgc: 6.565101e-08 ustep: 1 
mgc: 4.024558e-15 
iter: 1  mgc: 4.024558e-15 
outer mgc:  1.674659 
iter: 1  value: 6007.46 mgc: 2.001949 ustep: 1 
iter: 2  value: 6007.46 mgc: 0.004351371 ustep: 1 
iter: 3  value: 6007.46 mgc: 1.462364e-07 ustep: 1 
mgc: 3.108624e-15 
iter: 1  mgc: 3.108624e-15 
outer mgc:  2.028597 
iter: 1  value: 5988.109 mgc: 1.467759 ustep: 1 
iter: 2  value: 5988.109 mgc: 0.00138972 ustep: 1 
iter: 3  mgc: 3.785087e-09 
iter: 1  value: 6000.888 mgc: 0.4503637 ustep: 1 
iter: 2  value: 6000.888 mgc: 0.0006638703 ustep: 1 
iter: 3  mgc: 3.502912e-09 
iter: 1  mgc: 3.502912e-09 
outer mgc:  1.96399 
iter: 1  value: 5994.592 mgc: 0.6614256 ustep: 1 
iter: 2  value: 5994.592 mgc: 0.0002221771 ustep: 1 
iter: 3  mgc: 3.693787e-10 
iter: 1  mgc: 3.693787e-10 
outer mgc:  1.465272 
iter: 1  value: 5987.945 mgc: 0.6673884 ustep: 1 
iter: 2  value: 5987.945 mgc: 0.0004838469 ustep: 1 
iter: 3  mgc: 1.715442e-09 
iter: 1  mgc: 1.715442e-09 
outer mgc:  1.119692 
iter: 1  value: 5981.04 mgc: 0.6355058 ustep: 1 
iter: 2  value: 5981.04 mgc: 0.0001659115 ustep: 1 
iter: 3  mgc: 2.964784e-11 
iter: 1  mgc: 2.964784e-11 
outer mgc:  1.610175 
iter: 1  value: 5974.203 mgc: 0.5642168 ustep: 1 
iter: 2  value: 5974.203 mgc: 0.0001368757 ustep: 1 
iter: 3  mgc: 1.004768e-10 
iter: 1  mgc: 1.004768e-10 
outer mgc:  0.6511962 
iter: 1  value: 5967.309 mgc: 0.5411064 ustep: 1 
iter: 2  value: 5967.309 mgc: 9.094939e-05 ustep: 1 
iter: 3  mgc: 6.662226e-12 
iter: 1  value: 5951.688 mgc: 1.343024 ustep: 1 
iter: 2  value: 5951.688 mgc: 0.0003324429 ustep: 1 
iter: 3  mgc: 6.790879e-11 
iter: 1  mgc: 6.790879e-11 
outer mgc:  0.8545355 
iter: 1  value: 5929.039 mgc: 2.090941 ustep: 1 
iter: 2  value: 5929.039 mgc: 0.0004175194 ustep: 1 
iter: 3  mgc: 7.06486e-11 
iter: 1  mgc: 7.06486e-11 
outer mgc:  0.3986445 
iter: 1  value: 5906.554 mgc: 2.114006 ustep: 1 
iter: 2  value: 5906.554 mgc: 0.0001869216 ustep: 1 
iter: 3  mgc: 2.175993e-11 
iter: 1  mgc: 2.175993e-11 
outer mgc:  0.773589 
iter: 1  value: 5883.99 mgc: 2.171332 ustep: 1 
iter: 2  value: 5883.99 mgc: 0.0001283789 ustep: 1 
iter: 3  mgc: 4.835554e-11 
iter: 1  mgc: 4.835554e-11 
outer mgc:  0.5874853 
iter: 1  value: 5861.257 mgc: 2.080873 ustep: 1 
iter: 2  value: 5861.257 mgc: 6.71911e-05 ustep: 1 
iter: 3  mgc: 3.57514e-11 
iter: 1  mgc: 3.57514e-11 
outer mgc:  0.3090289 
iter: 1  value: 5839.7 mgc: 1.98074 ustep: 1 
iter: 2  value: 5839.7 mgc: 2.45802e-05 ustep: 1 
iter: 3  mgc: 6.545875e-13 
iter: 1  mgc: 6.545875e-13 
outer mgc:  0.4159712 
iter: 1  value: 5827.147 mgc: 1.008843 ustep: 1 
iter: 2  value: 5827.147 mgc: 7.943041e-06 ustep: 1 
iter: 3  mgc: 4.469758e-13 
iter: 1  mgc: 4.469758e-13 
outer mgc:  0.290828 
iter: 1  value: 5814.504 mgc: 1.091041 ustep: 1 
iter: 2  value: 5814.504 mgc: 9.52371e-06 ustep: 1 
iter: 3  mgc: 4.589662e-13 
iter: 1  mgc: 4.589662e-13 
outer mgc:  0.1103455 
iter: 1  value: 5801.869 mgc: 1.044416 ustep: 1 
iter: 2  value: 5801.869 mgc: 2.091979e-06 ustep: 1 
iter: 3  mgc: 6.661338e-15 
iter: 1  mgc: 6.661338e-15 
outer mgc:  0.05265489 
iter: 1  value: 5770.698 mgc: 3.120077 ustep: 1 
iter: 2  value: 5770.698 mgc: 1.236884e-05 ustep: 1 
iter: 3  mgc: 1.192824e-12 
iter: 1  mgc: 1.192824e-12 
outer mgc:  0.03753858 
iter: 1  value: 5739.538 mgc: 3.126602 ustep: 1 
iter: 2  value: 5739.538 mgc: 5.281689e-06 ustep: 1 
iter: 3  mgc: 2.193801e-13 
iter: 1  mgc: 2.193801e-13 
outer mgc:  0.0331004 
iter: 1  value: 5708.396 mgc: 3.128152 ustep: 1 
iter: 2  value: 5708.396 mgc: 1.569521e-06 ustep: 1 
iter: 3  mgc: 2.264855e-14 
iter: 1  mgc: 2.264855e-14 
outer mgc:  0.0169182 
iter: 1  value: 5677.283 mgc: 3.13502 ustep: 1 
iter: 2  value: 5677.283 mgc: 3.196203e-07 ustep: 1 
mgc: 3.552714e-15 
iter: 1  mgc: 3.552714e-15 
outer mgc:  0.009632663 
iter: 1  value: 5646.173 mgc: 3.131015 ustep: 1 
iter: 2  value: 5646.173 mgc: 3.908645e-07 ustep: 1 
iter: 3  mgc: 3.108624e-15 
iter: 1  mgc: 3.108624e-15 
outer mgc:  0.005822399 
iter: 1  value: 5615.063 mgc: 3.133129 ustep: 1 
iter: 2  value: 5615.063 mgc: 3.630915e-07 ustep: 1 
iter: 3  mgc: 4.440892e-15 
iter: 1  mgc: 4.440892e-15 
outer mgc:  0.00248302 
iter: 1  value: 5583.944 mgc: 3.1314 ustep: 1 
iter: 2  value: 5583.944 mgc: 6.972045e-08 ustep: 1 
mgc: 2.88658e-15 
iter: 1  mgc: 2.88658e-15 
outer mgc:  0.001193179 
iter: 1  value: 5545.53 mgc: 4.185571 ustep: 1 
iter: 2  mgc: 8.168797e-09 
iter: 1  mgc: 8.168797e-09 
outer mgc:  0.001161705 
iter: 1  value: 5509.278 mgc: 3.855948 ustep: 1 
iter: 2  value: 5509.278 mgc: 2.487408e-08 ustep: 1 
mgc: 3.996803e-15 
iter: 1  mgc: 3.996803e-15 
outer mgc:  0.0005894852 
iter: 1  value: 5473.027 mgc: 3.8564 ustep: 1 
iter: 2  value: 5473.027 mgc: 2.023347e-08 ustep: 1 
mgc: 3.552714e-15 
iter: 1  mgc: 3.552714e-15 
outer mgc:  0.0004127342 
iter: 1  value: 5436.778 mgc: 3.856324 ustep: 1 
iter: 2  mgc: 4.13848e-09 
iter: 1  mgc: 4.13848e-09 
outer mgc:  0.0002563304 
iter: 1  value: 5400.53 mgc: 3.856498 ustep: 1 
iter: 2  mgc: 7.060486e-11 
iter: 1  mgc: 7.060486e-11 
outer mgc:  0.0001539197 
iter: 1  value: 5364.283 mgc: 3.856423 ustep: 1 
iter: 2  mgc: 1.095424e-09 
iter: 1  mgc: 1.095424e-09 
outer mgc:  9.938668e-05 
iter: 1  value: 5328.035 mgc: 3.856442 ustep: 1 
iter: 2  mgc: 8.538286e-10 
iter: 1  mgc: 8.538286e-10 
outer mgc:  6.192372e-05 
iter: 1  value: 5291.787 mgc: 3.856389 ustep: 1 
iter: 2  mgc: 1.790026e-10 
iter: 1  mgc: 1.790026e-10 
outer mgc:  3.65389e-05 
iter: 1  mgc: 1.790026e-10 
iter: 1  mgc: 1.790026e-10 
outer mgc:  3.65389e-05 
iter: 1  value: 5291.787 mgc: 0.003352678 ustep: 1 
iter: 2  mgc: 4.502044e-09 
outer mgc:  0.04553179 
iter: 1  value: 5291.787 mgc: 0.00334995 ustep: 1 
iter: 2  mgc: 4.493708e-09 
outer mgc:  0.04552215 
iter: 1  value: 5291.787 mgc: 0.001553383 ustep: 1 
iter: 2  mgc: 1.669641e-09 
outer mgc:  0.02014778 
iter: 1  value: 5291.787 mgc: 0.001552208 ustep: 1 
iter: 2  mgc: 1.666889e-09 
outer mgc:  0.02014389 
iter: 1  value: 5291.787 mgc: 0.002231664 ustep: 1 
iter: 2  mgc: 2.090285e-09 
outer mgc:  0.03213327 
iter: 1  value: 5291.787 mgc: 0.002229784 ustep: 1 
iter: 2  mgc: 2.086539e-09 
outer mgc:  0.03214693 
iter: 1  value: 5291.787 mgc: 0.001072071 ustep: 1 
iter: 2  mgc: 7.168923e-10 
outer mgc:  0.01405889 
iter: 1  value: 5291.787 mgc: 0.001071156 ustep: 1 
iter: 2  mgc: 7.155618e-10 
outer mgc:  0.01406556 
iter: 1  value: 5291.787 mgc: 0.003092696 ustep: 1 
iter: 2  mgc: 3.996242e-09 
outer mgc:  0.03863769 
iter: 1  value: 5291.787 mgc: 0.003090379 ustep: 1 
iter: 2  mgc: 3.98956e-09 
outer mgc:  0.0385741 
iter: 1  value: 5291.787 mgc: 0.001765986 ustep: 1 
iter: 2  mgc: 2.175773e-09 
outer mgc:  0.02122392 
iter: 1  value: 5291.787 mgc: 0.001764763 ustep: 1 
iter: 2  mgc: 2.171474e-09 
outer mgc:  0.02117765 
iter: 1  value: 5291.786 mgc: 0.005537399 ustep: 1 
iter: 2  value: 5291.786 mgc: 1.393952e-07 ustep: 1 
iter: 3  mgc: 2.88658e-15 
outer mgc:  0.06437873 
iter: 1  value: 5291.789 mgc: 0.005534354 ustep: 1 
iter: 2  value: 5291.789 mgc: 1.393814e-07 ustep: 1 
iter: 3  mgc: 3.552714e-15 
outer mgc:  0.06430992 
iter: 1  value: 5291.787 mgc: 0.003202926 ustep: 1 
iter: 2  value: 5291.787 mgc: 5.028534e-08 ustep: 1 
mgc: 3.108624e-15 
outer mgc:  0.03499651 
iter: 1  value: 5291.788 mgc: 0.003202099 ustep: 1 
iter: 2  value: 5291.788 mgc: 5.033415e-08 ustep: 1 
mgc: 5.218048e-15 
outer mgc:  0.03499758 
iter: 1  value: 5291.788 mgc: 0.005711342 ustep: 1 
iter: 2  value: 5291.788 mgc: 2.391617e-08 ustep: 1 
mgc: 3.996803e-15 
outer mgc:  0.08562542 
iter: 1  value: 5291.787 mgc: 0.005708766 ustep: 1 
iter: 2  value: 5291.787 mgc: 2.388193e-08 ustep: 1 
mgc: 3.774758e-15 
outer mgc:  0.08548579 
iter: 1  value: 5291.787 mgc: 0.002715974 ustep: 1 
iter: 2  value: 5291.787 mgc: 1.084967e-08 ustep: 1 
mgc: 3.774758e-15 
outer mgc:  0.03316295 
iter: 1  value: 5291.787 mgc: 0.002714941 ustep: 1 
iter: 2  value: 5291.787 mgc: 1.083742e-08 ustep: 1 
mgc: 3.441691e-15 
outer mgc:  0.03307537 
iter: 1  value: 5291.787 mgc: 0.003692791 ustep: 1 
iter: 2  mgc: 6.190384e-09 
outer mgc:  0.05050854 
iter: 1  value: 5291.787 mgc: 0.003689724 ustep: 1 
iter: 2  mgc: 6.178357e-09 
outer mgc:  0.0504793 
iter: 1  value: 5291.787 mgc: 0.002179736 ustep: 1 
iter: 2  mgc: 2.634652e-09 
outer mgc:  0.0241964 
iter: 1  value: 5291.787 mgc: 0.00217846 ustep: 1 
iter: 2  mgc: 2.629797e-09 
outer mgc:  0.02418689 
iter: 1  value: 5291.797 mgc: 0.002591545 ustep: 1 
mgc: 3.330669e-15 
outer mgc:  3.65389e-05 
iter: 1  value: 5291.777 mgc: 0.002594138 ustep: 1 
mgc: 3.774758e-15 
outer mgc:  3.65389e-05 
iter: 1  value: 5291.797 mgc: 0.00250635 ustep: 1 
mgc: 3.108624e-15 
outer mgc:  3.653888e-05 
iter: 1  value: 5291.777 mgc: 0.002508858 ustep: 1 
mgc: 4.218847e-15 
outer mgc:  3.653891e-05 
iter: 1  value: 5291.797 mgc: 0.003524714 ustep: 1 
mgc: 2.88658e-15 
outer mgc:  3.653858e-05 
iter: 1  value: 5291.777 mgc: 0.003528241 ustep: 1 
mgc: 3.996803e-15 
outer mgc:  3.653922e-05 
iter: 1  value: 5291.795 mgc: 0.003883468 ustep: 1 
iter: 2  value: 5291.795 mgc: 1.169725e-07 ustep: 1 
mgc: 3.108624e-15 
outer mgc:  0.001446491 
iter: 1  value: 5291.78 mgc: 0.003887354 ustep: 1 
iter: 2  value: 5291.78 mgc: 1.168294e-07 ustep: 1 
mgc: 2.442491e-15 
outer mgc:  0.001426052 
iter: 1  value: 5291.797 mgc: 0.00372003 ustep: 1 
mgc: 3.774758e-15 
outer mgc:  3.653897e-05 
iter: 1  value: 5291.777 mgc: 0.003723752 ustep: 1 
mgc: 3.552714e-15 
outer mgc:  3.653882e-05 
iter: 1  value: 5291.797 mgc: 0.002811192 ustep: 1 
mgc: 3.552714e-15 
outer mgc:  3.653886e-05 
iter: 1  value: 5291.777 mgc: 0.002814005 ustep: 1 
mgc: 3.552714e-15 
outer mgc:  3.653893e-05 
iter: 1  value: 5291.786 mgc: 0.003367977 ustep: 1 
iter: 2  value: 5291.786 mgc: 8.787605e-08 ustep: 1 
mgc: 2.220446e-15 
outer mgc:  0.04542989 
iter: 1  value: 5291.788 mgc: 0.003365502 ustep: 1 
iter: 2  value: 5291.788 mgc: 8.767093e-08 ustep: 1 
mgc: 4.440892e-15 
outer mgc:  0.04544394 
iter: 1  value: 5291.787 mgc: 0.002888379 ustep: 1 
iter: 2  value: 5291.787 mgc: 5.620248e-08 ustep: 1 
mgc: 2.664535e-15 
outer mgc:  0.05161359 
iter: 1  value: 5291.788 mgc: 0.002886206 ustep: 1 
iter: 2  value: 5291.788 mgc: 5.607771e-08 ustep: 1 
mgc: 3.774758e-15 
outer mgc:  0.05164068 
Warning message:
package ‘nnet’ was built under R version 3.6.3 
[Sun Aug 15 13:39:59 2021]
Finished job 0.
1 of 1 steps (100%) done
