Building DAG of jobs...
Using shell: /usr/bin/bash
Provided cores: 1 (use --cores to define parallelism)
Rules claiming more threads will be scaled down.
Job counts:
	count	jobs
	1	inference_simulation_TMB_multiple
	1

[Mon Aug 16 07:58:35 2021]
rule inference_simulation_TMB_multiple:
    input: ../data/assessing_models_simulation/datasets/multiple_GenerationJnorm2_50_100_80_7_0.005_NA_NA_NA_dataset1.RDS
    output: ../data/assessing_models_simulation/inference_results/TMB/nlminb/multiple_GenerationJnorm2_50_100_80_7_0.005_fullREDMsinglelambda_NA_NA_NA_dataset1.RDS
    log: logs/inference/nlminb/simulation_GenerationJnorm2_50_100_80_7_0.005_ModelfullREDMsinglelambda_NA_NA_NA_dataset1.log
    jobid: 0
    wildcards: optimiser=nlminb, datasetgeneration=GenerationJnorm2, n=50, nlambda=100, lmbda=80, d=7, beta_intensity=0.005, model=fullREDMsinglelambda, fixed_beta_intercept=NA, fixed_beta_slope=NA, sdRE_input=NA, itnum=1

Rscript 2_inference_TMB/run_TMB.R --input ../data/assessing_models_simulation/datasets/multiple_GenerationJnorm2_50_100_80_7_0.005_NA_NA_NA_dataset1.RDS --output ../data/assessing_models_simulation/inference_results/TMB/nlminb/multiple_GenerationJnorm2_50_100_80_7_0.005_fullREDMsinglelambda_NA_NA_NA_dataset1.RDS --model fullREDMsinglelambda --optimiser nlminb
Model: fullREDMsinglelambda 
Feature type: signatures 
Using nlminb: TRUE 
Simulation boolean: TRUE 
make: Nothing to be done for 'all'.
../data/assessing_models_simulation/datasets/multiple_GenerationJnorm2_50_100_80_7_0.005_NA_NA_NA_dataset1.RDS[1] "../data/assessing_models_simulation/datasets/multiple_GenerationJnorm2_50_100_80_7_0.005_NA_NA_NA_dataset1.RDS"
Reading file ../data/assessing_models_simulation/datasets/multiple_GenerationJnorm2_50_100_80_7_0.005_NA_NA_NA_dataset1.RDS 
Loading required package: nnet
# weights:  21 (12 variable)
initial  value 19570.018369 
iter  10 value 19080.376361
final  value 18965.967823 
converged
Order of parameters:
[1] "beta"       "u_large"    "logs_sd_RE" "cov_par_RE" "log_lambda"
Not matching template order:
[1] "beta"       "logs_sd_RE" "cov_par_RE" "log_lambda" "u_large"   
Your parameter list has been re-ordered.
(Disable this warning with checkParameterOrder=FALSE)
Constructing atomic invpd
Constructing atomic D_lgamma
Constructing atomic invpd
Constructing atomic D_lgamma
Constructing atomic matmul
Constructing atomic invpd
Constructing atomic D_lgamma
Constructing atomic matmul
Optimizing tape... Done
iter: 1  value: 19042.74 mgc: 4.487233 ustep: 0.8994163 
iter: 2  value: 19038.97 mgc: 1.149695 ustep: 0.9483808 
iter: 3  value: 19038.87 mgc: 0.2557892 ustep: 0.973851 
iter: 4  value: 19038.87 mgc: 0.02599265 ustep: 0.9868402 
iter: 5  value: 19038.87 mgc: 0.0006999255 ustep: 0.993399 
iter: 6  value: 19038.87 mgc: 7.275725e-06 ustep: 0.9966944 
iter: 7  value: 19038.87 mgc: 4.803956e-08 ustep: 0.998346 
iter: 8  mgc: 1.992395e-10 
iter: 1  mgc: 1.992395e-10 
Matching hessian patterns... Done
outer mgc:  311.0642 
iter: 1  value: 18722.14 mgc: 1.652533 ustep: 1 
iter: 2  value: 18722.01 mgc: 0.4405213 ustep: 1 
iter: 3  value: 18722.01 mgc: 0.0145281 ustep: 1 
iter: 4  value: 18722.01 mgc: 1.814467e-05 ustep: 1 
iter: 5  mgc: 2.911693e-11 
iter: 1  value: 18342.56 mgc: 6.541455 ustep: 1 
iter: 2  value: 18341.99 mgc: 1.037081 ustep: 1 
iter: 3  value: 18341.99 mgc: 0.01772041 ustep: 1 
iter: 4  value: 18341.99 mgc: 4.067056e-05 ustep: 1 
iter: 5  mgc: 2.147822e-10 
iter: 1  mgc: 2.147822e-10 
outer mgc:  40.60511 
iter: 1  value: 18916.75 mgc: 75.25191 ustep: 0.6827823 
iter: 2  value: 18400.44 mgc: 54.76419 ustep: 0.8263238 
iter: 3  value: 18378.11 mgc: 6.736297 ustep: 0.9090326 
iter: 4  value: 18377.72 mgc: 1.487543 ustep: 0.9534367 
iter: 5  value: 18377.72 mgc: 0.05064985 ustep: 0.9764432 
iter: 6  value: 18377.72 mgc: 0.0005531144 ustep: 0.9881526 
iter: 7  value: 18377.72 mgc: 1.597579e-06 ustep: 0.9940592 
iter: 8  mgc: 3.452323e-09 
iter: 1  value: 18263.64 mgc: 8.025539 ustep: 1 
iter: 2  value: 18263.19 mgc: 0.9233948 ustep: 1 
iter: 3  value: 18263.19 mgc: 0.03099797 ustep: 1 
iter: 4  value: 18263.19 mgc: 7.264792e-05 ustep: 1 
iter: 5  mgc: 4.00863e-10 
iter: 1  mgc: 4.00863e-10 
outer mgc:  39.20102 
iter: 1  value: 18261.76 mgc: 7.462942 ustep: 1 
iter: 2  value: 18261 mgc: 1.8035 ustep: 1 
iter: 3  value: 18261 mgc: 0.04984687 ustep: 1 
iter: 4  value: 18261 mgc: 6.792596e-05 ustep: 1 
iter: 5  mgc: 1.288158e-10 
iter: 1  value: 18238.95 mgc: 3.289964 ustep: 1 
iter: 2  value: 18238.93 mgc: 0.1683653 ustep: 1 
iter: 3  value: 18238.93 mgc: 0.0005899009 ustep: 1 
iter: 4  mgc: 8.276059e-09 
iter: 1  mgc: 8.276059e-09 
outer mgc:  28.40918 
iter: 1  value: 18221.32 mgc: 3.317861 ustep: 1 
iter: 2  value: 18221.31 mgc: 0.1263639 ustep: 1 
iter: 3  value: 18221.31 mgc: 0.000629451 ustep: 1 
iter: 4  value: 18221.31 mgc: 4.497802e-08 ustep: 1 
iter: 5  mgc: 2.531308e-14 
iter: 1  mgc: 2.531308e-14 
outer mgc:  37.18567 
iter: 1  value: 18208.42 mgc: 3.409526 ustep: 1 
iter: 2  value: 18208.42 mgc: 0.1114883 ustep: 1 
iter: 3  value: 18208.42 mgc: 0.0003850743 ustep: 1 
iter: 4  value: 18208.42 mgc: 2.573567e-08 ustep: 1 
iter: 5  mgc: 2.4869e-14 
iter: 1  mgc: 2.4869e-14 
outer mgc:  59.90533 
iter: 1  value: 18188.08 mgc: 4.90248 ustep: 1 
iter: 2  value: 18188.05 mgc: 0.1456223 ustep: 1 
iter: 3  value: 18188.05 mgc: 0.001642264 ustep: 1 
iter: 4  value: 18188.05 mgc: 2.782915e-07 ustep: 1 
iter: 5  mgc: 2.398082e-14 
iter: 1  mgc: 2.398082e-14 
outer mgc:  21.8178 
iter: 1  value: 18173.52 mgc: 3.970453 ustep: 1 
iter: 2  value: 18173.5 mgc: 0.1787668 ustep: 1 
iter: 3  value: 18173.5 mgc: 0.001000885 ustep: 1 
iter: 4  value: 18173.5 mgc: 3.312011e-08 ustep: 1 
mgc: 3.28626e-14 
iter: 1  mgc: 3.28626e-14 
outer mgc:  24.6536 
iter: 1  value: 18159.37 mgc: 2.78602 ustep: 1 
iter: 2  value: 18159.36 mgc: 0.1101904 ustep: 1 
iter: 3  value: 18159.36 mgc: 0.0005077459 ustep: 1 
iter: 4  value: 18159.36 mgc: 2.280318e-08 ustep: 1 
iter: 5  mgc: 3.197442e-14 
iter: 1  mgc: 3.197442e-14 
outer mgc:  21.85032 
iter: 1  value: 18150.2 mgc: 5.047006 ustep: 1 
iter: 2  value: 18150.17 mgc: 0.1608631 ustep: 1 
iter: 3  value: 18150.17 mgc: 0.0008188337 ustep: 1 
iter: 4  value: 18150.17 mgc: 3.627168e-08 ustep: 1 
mgc: 3.28626e-14 
iter: 1  mgc: 3.28626e-14 
outer mgc:  30.65811 
iter: 1  value: 18139.51 mgc: 2.345962 ustep: 1 
iter: 2  value: 18139.51 mgc: 0.08293744 ustep: 1 
iter: 3  value: 18139.51 mgc: 0.0003102619 ustep: 1 
iter: 4  mgc: 4.4634e-09 
iter: 1  mgc: 4.4634e-09 
outer mgc:  34.47525 
iter: 1  value: 18128.38 mgc: 4.787934 ustep: 1 
iter: 2  value: 18128.38 mgc: 0.1319688 ustep: 1 
iter: 3  value: 18128.38 mgc: 0.0004326973 ustep: 1 
iter: 4  mgc: 7.959311e-09 
iter: 1  mgc: 7.959311e-09 
outer mgc:  27.9793 
iter: 1  value: 18119.63 mgc: 3.491057 ustep: 1 
iter: 2  value: 18119.63 mgc: 0.07832428 ustep: 1 
iter: 3  value: 18119.63 mgc: 0.0001804799 ustep: 1 
iter: 4  mgc: 1.20194e-09 
iter: 1  mgc: 1.20194e-09 
outer mgc:  26.1529 
iter: 1  value: 18108 mgc: 2.681897 ustep: 1 
iter: 2  value: 18107.98 mgc: 0.1968452 ustep: 1 
iter: 3  value: 18107.98 mgc: 0.0009097905 ustep: 1 
iter: 4  value: 18107.98 mgc: 2.326746e-08 ustep: 1 
mgc: 2.620126e-14 
iter: 1  mgc: 2.620126e-14 
outer mgc:  12.6113 
iter: 1  value: 18098.2 mgc: 2.617658 ustep: 1 
iter: 2  value: 18098.2 mgc: 0.05882966 ustep: 1 
iter: 3  value: 18098.2 mgc: 8.235626e-05 ustep: 1 
iter: 4  mgc: 1.986905e-10 
iter: 1  mgc: 1.986905e-10 
outer mgc:  19.33487 
iter: 1  value: 18090.7 mgc: 3.704149 ustep: 1 
iter: 2  value: 18090.69 mgc: 0.08086207 ustep: 1 
iter: 3  value: 18090.69 mgc: 0.0001974333 ustep: 1 
iter: 4  mgc: 1.283353e-09 
iter: 1  mgc: 1.283353e-09 
outer mgc:  36.03312 
iter: 1  value: 18085.05 mgc: 3.748451 ustep: 1 
iter: 2  value: 18085.04 mgc: 0.05223653 ustep: 1 
iter: 3  value: 18085.04 mgc: 5.566581e-05 ustep: 1 
iter: 4  mgc: 7.814371e-11 
iter: 1  mgc: 7.814371e-11 
outer mgc:  22.41952 
iter: 1  value: 18080.59 mgc: 2.088161 ustep: 1 
iter: 2  value: 18080.59 mgc: 0.0481761 ustep: 1 
iter: 3  value: 18080.59 mgc: 9.263209e-05 ustep: 1 
iter: 4  mgc: 3.138156e-10 
iter: 1  mgc: 3.138156e-10 
outer mgc:  19.24557 
iter: 1  value: 18073.6 mgc: 3.372978 ustep: 1 
iter: 2  value: 18073.59 mgc: 0.1443337 ustep: 1 
iter: 3  value: 18073.59 mgc: 0.0004326396 ustep: 1 
iter: 4  mgc: 4.676109e-09 
iter: 1  mgc: 4.676109e-09 
outer mgc:  20.16557 
iter: 1  value: 18068.19 mgc: 2.189586 ustep: 1 
iter: 2  value: 18068.18 mgc: 0.06220742 ustep: 1 
iter: 3  value: 18068.18 mgc: 8.275496e-05 ustep: 1 
iter: 4  mgc: 1.545759e-10 
iter: 1  mgc: 1.545759e-10 
outer mgc:  30.15331 
iter: 1  value: 18062.65 mgc: 3.039835 ustep: 1 
iter: 2  value: 18062.65 mgc: 0.05018661 ustep: 1 
iter: 3  value: 18062.65 mgc: 4.821499e-05 ustep: 1 
iter: 4  mgc: 2.252021e-11 
iter: 1  mgc: 2.252021e-11 
outer mgc:  16.31299 
iter: 1  value: 18057.33 mgc: 3.367306 ustep: 1 
iter: 2  value: 18057.32 mgc: 0.100444 ustep: 1 
iter: 3  value: 18057.32 mgc: 0.0002198069 ustep: 1 
iter: 4  mgc: 9.884005e-10 
iter: 1  mgc: 9.884005e-10 
outer mgc:  27.2081 
iter: 1  value: 18051.5 mgc: 1.262892 ustep: 1 
iter: 2  value: 18051.5 mgc: 0.01946937 ustep: 1 
iter: 3  value: 18051.5 mgc: 1.537372e-05 ustep: 1 
iter: 4  mgc: 9.19842e-12 
iter: 1  mgc: 9.19842e-12 
outer mgc:  14.79148 
iter: 1  value: 18050.51 mgc: 3.668785 ustep: 1 
iter: 2  value: 18050.51 mgc: 0.0710226 ustep: 1 
iter: 3  value: 18050.51 mgc: 3.535991e-05 ustep: 1 
iter: 4  mgc: 1.814815e-11 
iter: 1  mgc: 1.814815e-11 
outer mgc:  36.41051 
iter: 1  value: 18044.93 mgc: 2.103139 ustep: 1 
iter: 2  value: 18044.92 mgc: 0.015692 ustep: 1 
iter: 3  value: 18044.92 mgc: 2.704895e-06 ustep: 1 
iter: 4  mgc: 8.976153e-14 
iter: 1  mgc: 8.976153e-14 
outer mgc:  8.079476 
iter: 1  value: 18041.61 mgc: 1.676591 ustep: 1 
iter: 2  value: 18041.61 mgc: 0.01823334 ustep: 1 
iter: 3  value: 18041.61 mgc: 5.126421e-06 ustep: 1 
iter: 4  mgc: 7.185363e-13 
iter: 1  mgc: 7.185363e-13 
outer mgc:  8.634625 
iter: 1  value: 18038.17 mgc: 1.035785 ustep: 1 
iter: 2  value: 18038.17 mgc: 0.009260914 ustep: 1 
iter: 3  value: 18038.17 mgc: 7.379e-07 ustep: 1 
iter: 4  mgc: 4.52971e-14 
iter: 1  mgc: 4.52971e-14 
outer mgc:  7.981287 
iter: 1  value: 18035.72 mgc: 1.29544 ustep: 1 
iter: 2  value: 18035.72 mgc: 0.005603156 ustep: 1 
iter: 3  value: 18035.72 mgc: 2.810306e-07 ustep: 1 
iter: 4  mgc: 5.506706e-14 
iter: 1  mgc: 5.506706e-14 
outer mgc:  6.1393 
iter: 1  value: 18033.67 mgc: 1.194733 ustep: 1 
iter: 2  value: 18033.67 mgc: 0.005811492 ustep: 1 
iter: 3  value: 18033.67 mgc: 6.027462e-07 ustep: 1 
iter: 4  mgc: 3.641532e-14 
iter: 1  mgc: 3.641532e-14 
outer mgc:  7.990489 
iter: 1  value: 18032.42 mgc: 1.3185 ustep: 1 
iter: 2  value: 18032.42 mgc: 0.009734648 ustep: 1 
iter: 3  value: 18032.42 mgc: 1.836861e-06 ustep: 1 
iter: 4  mgc: 6.508682e-14 
iter: 1  mgc: 6.508682e-14 
outer mgc:  8.291057 
iter: 1  value: 18029.71 mgc: 1.711868 ustep: 1 
iter: 2  value: 18029.71 mgc: 0.008246909 ustep: 1 
iter: 3  value: 18029.71 mgc: 4.979842e-07 ustep: 1 
iter: 4  mgc: 4.085621e-14 
iter: 1  mgc: 4.085621e-14 
outer mgc:  6.562051 
iter: 1  value: 18026.35 mgc: 1.129133 ustep: 1 
iter: 2  value: 18026.35 mgc: 0.004325716 ustep: 1 
iter: 3  value: 18026.35 mgc: 2.153612e-07 ustep: 1 
iter: 4  mgc: 5.095924e-14 
iter: 1  mgc: 5.095924e-14 
outer mgc:  6.263652 
iter: 1  value: 18024.12 mgc: 1.499692 ustep: 1 
iter: 2  value: 18024.12 mgc: 0.007637008 ustep: 1 
iter: 3  value: 18024.12 mgc: 1.606953e-06 ustep: 1 
iter: 4  mgc: 9.325873e-14 
iter: 1  mgc: 9.325873e-14 
outer mgc:  8.220615 
iter: 1  value: 18023.35 mgc: 1.531249 ustep: 1 
iter: 2  value: 18023.35 mgc: 0.007824224 ustep: 1 
iter: 3  value: 18023.35 mgc: 1.750514e-06 ustep: 1 
iter: 4  mgc: 1.061373e-13 
iter: 1  mgc: 1.061373e-13 
outer mgc:  7.605111 
iter: 1  value: 18021.78 mgc: 2.215957 ustep: 1 
iter: 2  value: 18021.78 mgc: 0.01349691 ustep: 1 
iter: 3  value: 18021.78 mgc: 1.882793e-06 ustep: 1 
iter: 4  mgc: 3.730349e-14 
iter: 1  mgc: 3.730349e-14 
outer mgc:  5.970794 
iter: 1  value: 18015.99 mgc: 1.221022 ustep: 1 
iter: 2  value: 18015.99 mgc: 0.005701546 ustep: 1 
iter: 3  value: 18015.99 mgc: 6.213754e-07 ustep: 1 
iter: 4  mgc: 2.975398e-14 
iter: 1  mgc: 2.975398e-14 
outer mgc:  5.038184 
iter: 1  value: 18013.39 mgc: 1.377256 ustep: 1 
iter: 2  value: 18013.39 mgc: 0.02106533 ustep: 1 
iter: 3  value: 18013.39 mgc: 7.12333e-06 ustep: 1 
iter: 4  mgc: 7.185363e-13 
iter: 1  value: 18015.45 mgc: 0.9610056 ustep: 1 
iter: 2  value: 18015.45 mgc: 0.006946447 ustep: 1 
iter: 3  value: 18015.45 mgc: 5.577599e-07 ustep: 1 
iter: 4  mgc: 3.597123e-14 
iter: 1  value: 18015.81 mgc: 0.5089338 ustep: 1 
iter: 2  value: 18015.81 mgc: 0.001544081 ustep: 1 
iter: 3  value: 18015.81 mgc: 2.940226e-08 ustep: 1 
mgc: 4.174439e-14 
iter: 1  mgc: 4.174439e-14 
outer mgc:  5.817556 
iter: 1  value: 18015.7 mgc: 0.8512401 ustep: 1 
iter: 2  value: 18015.7 mgc: 0.00400178 ustep: 1 
iter: 3  value: 18015.7 mgc: 1.530892e-07 ustep: 1 
mgc: 3.819167e-14 
iter: 1  mgc: 3.819167e-14 
outer mgc:  3.28585 
iter: 1  value: 18015.12 mgc: 0.3745043 ustep: 1 
iter: 2  value: 18015.12 mgc: 0.0009315595 ustep: 1 
iter: 3  value: 18015.12 mgc: 1.533942e-08 ustep: 1 
mgc: 2.353673e-14 
iter: 1  mgc: 2.353673e-14 
outer mgc:  1.783013 
iter: 1  value: 18014.29 mgc: 0.2645514 ustep: 1 
iter: 2  value: 18014.29 mgc: 0.0001628761 ustep: 1 
iter: 3  mgc: 5.325262e-10 
iter: 1  mgc: 5.325262e-10 
outer mgc:  1.203523 
iter: 1  value: 18013.52 mgc: 0.266746 ustep: 1 
iter: 2  value: 18013.52 mgc: 0.0001821005 ustep: 1 
iter: 3  mgc: 5.036138e-10 
iter: 1  mgc: 5.036138e-10 
outer mgc:  1.121522 
iter: 1  value: 18012.73 mgc: 0.2963964 ustep: 1 
iter: 2  value: 18012.73 mgc: 0.0004224686 ustep: 1 
iter: 3  mgc: 4.625635e-09 
iter: 1  mgc: 4.625635e-09 
outer mgc:  1.445806 
iter: 1  value: 18011.72 mgc: 0.2417372 ustep: 1 
iter: 2  value: 18011.72 mgc: 0.0004095345 ustep: 1 
iter: 3  mgc: 1.262833e-09 
iter: 1  mgc: 1.262833e-09 
outer mgc:  1.245004 
iter: 1  value: 18010.68 mgc: 0.3126466 ustep: 1 
iter: 2  value: 18010.68 mgc: 0.0004579995 ustep: 1 
iter: 3  mgc: 4.473666e-09 
iter: 1  mgc: 4.473666e-09 
outer mgc:  1.575649 
iter: 1  value: 18009.68 mgc: 0.2952348 ustep: 1 
iter: 2  value: 18009.68 mgc: 0.0003470604 ustep: 1 
iter: 3  mgc: 2.091483e-09 
iter: 1  mgc: 2.091483e-09 
outer mgc:  1.742727 
iter: 1  value: 18009.07 mgc: 0.408406 ustep: 1 
iter: 2  value: 18009.07 mgc: 0.000440739 ustep: 1 
iter: 3  mgc: 3.921953e-09 
iter: 1  mgc: 3.921953e-09 
outer mgc:  0.6295378 
iter: 1  value: 18007.93 mgc: 0.3998212 ustep: 1 
iter: 2  value: 18007.93 mgc: 0.0008594506 ustep: 1 
iter: 3  value: 18007.93 mgc: 1.763722e-08 ustep: 1 
mgc: 3.907985e-14 
iter: 1  mgc: 3.907985e-14 
outer mgc:  1.24372 
iter: 1  value: 18006.57 mgc: 0.1981419 ustep: 1 
iter: 2  value: 18006.57 mgc: 0.0003582917 ustep: 1 
iter: 3  mgc: 4.819256e-09 
iter: 1  mgc: 4.819256e-09 
outer mgc:  1.06445 
iter: 1  value: 18005.35 mgc: 0.2202154 ustep: 1 
iter: 2  value: 18005.35 mgc: 0.0001341968 ustep: 1 
iter: 3  mgc: 1.496305e-10 
iter: 1  mgc: 1.496305e-10 
outer mgc:  1.182344 
iter: 1  value: 18004.57 mgc: 0.3586492 ustep: 1 
iter: 2  value: 18004.57 mgc: 0.0006460612 ustep: 1 
iter: 3  value: 18004.57 mgc: 1.477763e-08 ustep: 1 
mgc: 3.330669e-14 
iter: 1  mgc: 3.330669e-14 
outer mgc:  1.331154 
iter: 1  value: 18003.44 mgc: 0.2489159 ustep: 1 
iter: 2  value: 18003.44 mgc: 0.0001412145 ustep: 1 
iter: 3  mgc: 4.580869e-10 
iter: 1  mgc: 4.580869e-10 
outer mgc:  0.4548244 
iter: 1  value: 18002.02 mgc: 0.3767274 ustep: 1 
iter: 2  value: 18002.02 mgc: 0.0002519837 ustep: 1 
iter: 3  mgc: 2.088615e-09 
iter: 1  mgc: 2.088615e-09 
outer mgc:  1.519742 
iter: 1  value: 18000.69 mgc: 0.2830784 ustep: 1 
iter: 2  value: 18000.69 mgc: 0.0003477536 ustep: 1 
iter: 3  mgc: 1.332739e-09 
iter: 1  mgc: 1.332739e-09 
outer mgc:  0.302193 
iter: 1  value: 17999.51 mgc: 0.2168034 ustep: 1 
iter: 2  value: 17999.51 mgc: 9.297292e-05 ustep: 1 
iter: 3  mgc: 7.48539e-11 
iter: 1  mgc: 7.48539e-11 
outer mgc:  1.220139 
iter: 1  value: 17998.23 mgc: 0.23553 ustep: 1 
iter: 2  value: 17998.23 mgc: 0.000233166 ustep: 1 
iter: 3  mgc: 6.688388e-10 
iter: 1  mgc: 6.688388e-10 
outer mgc:  0.8212068 
iter: 1  value: 17996.92 mgc: 0.3819878 ustep: 1 
iter: 2  value: 17996.92 mgc: 0.0003322917 ustep: 1 
iter: 3  mgc: 2.15081e-09 
iter: 1  mgc: 2.15081e-09 
outer mgc:  0.8016703 
iter: 1  value: 17995.47 mgc: 0.2384087 ustep: 1 
iter: 2  value: 17995.47 mgc: 0.0001075034 ustep: 1 
iter: 3  mgc: 2.736322e-10 
iter: 1  mgc: 2.736322e-10 
outer mgc:  1.333439 
iter: 1  value: 17994.08 mgc: 0.2529307 ustep: 1 
iter: 2  value: 17994.08 mgc: 7.907648e-05 ustep: 1 
iter: 3  mgc: 8.149681e-11 
iter: 1  mgc: 8.149681e-11 
outer mgc:  0.594031 
iter: 1  value: 17992.59 mgc: 0.2640307 ustep: 1 
iter: 2  value: 17992.59 mgc: 0.0001412684 ustep: 1 
iter: 3  mgc: 5.645853e-10 
iter: 1  mgc: 5.645853e-10 
outer mgc:  0.7268395 
iter: 1  value: 17991.41 mgc: 0.18 ustep: 1 
iter: 2  value: 17991.41 mgc: 7.048205e-05 ustep: 1 
iter: 3  mgc: 3.866063e-11 
iter: 1  value: 17989.52 mgc: 0.3060437 ustep: 1 
iter: 2  value: 17989.52 mgc: 0.0001154064 ustep: 1 
iter: 3  mgc: 3.387242e-10 
iter: 1  mgc: 3.387242e-10 
outer mgc:  0.7473033 
iter: 1  value: 17985.47 mgc: 0.4981057 ustep: 1 
iter: 2  value: 17985.47 mgc: 0.0002589769 ustep: 1 
iter: 3  mgc: 1.496227e-09 
iter: 1  mgc: 1.496227e-09 
outer mgc:  0.7935316 
iter: 1  value: 17982.07 mgc: 0.9078807 ustep: 1 
iter: 2  value: 17982.07 mgc: 0.0003201506 ustep: 1 
iter: 3  mgc: 1.415673e-09 
iter: 1  mgc: 1.415673e-09 
outer mgc:  0.5404525 
iter: 1  value: 17978.03 mgc: 0.7108926 ustep: 1 
iter: 2  value: 17978.03 mgc: 0.0006391591 ustep: 1 
iter: 3  value: 17978.03 mgc: 1.408996e-08 ustep: 1 
mgc: 6.394885e-14 
iter: 1  mgc: 6.394885e-14 
outer mgc:  1.203495 
iter: 1  value: 17975.06 mgc: 0.5065839 ustep: 1 
iter: 2  value: 17975.06 mgc: 0.0001877201 ustep: 1 
iter: 3  mgc: 4.059211e-10 
iter: 1  mgc: 4.059211e-10 
outer mgc:  0.6075317 
iter: 1  value: 17971.3 mgc: 0.560686 ustep: 1 
iter: 2  value: 17971.3 mgc: 0.0001883778 ustep: 1 
iter: 3  mgc: 1.193763e-09 
iter: 1  mgc: 1.193763e-09 
outer mgc:  1.409783 
iter: 1  value: 17967.98 mgc: 0.6879607 ustep: 1 
iter: 2  value: 17967.98 mgc: 0.0001877738 ustep: 1 
iter: 3  mgc: 7.058447e-10 
iter: 1  mgc: 7.058447e-10 
outer mgc:  0.5131831 
iter: 1  value: 17964.57 mgc: 1.026542 ustep: 1 
iter: 2  value: 17964.57 mgc: 0.0006295449 ustep: 1 
iter: 3  mgc: 8.70794e-09 
iter: 1  mgc: 8.70794e-09 
outer mgc:  0.7313133 
iter: 1  value: 17961.61 mgc: 0.6890142 ustep: 1 
iter: 2  value: 17961.61 mgc: 0.0001631476 ustep: 1 
iter: 3  mgc: 6.023568e-10 
iter: 1  mgc: 6.023568e-10 
outer mgc:  0.6650134 
iter: 1  value: 17958.42 mgc: 0.7581442 ustep: 1 
iter: 2  value: 17958.42 mgc: 0.0001602251 ustep: 1 
iter: 3  mgc: 9.360458e-10 
iter: 1  mgc: 9.360458e-10 
outer mgc:  0.375992 
iter: 1  value: 17955.29 mgc: 0.5406665 ustep: 1 
iter: 2  value: 17955.29 mgc: 6.99448e-05 ustep: 1 
iter: 3  mgc: 3.698641e-11 
iter: 1  mgc: 3.698641e-11 
outer mgc:  0.2895787 
iter: 1  value: 17952.68 mgc: 0.8389907 ustep: 1 
iter: 2  value: 17952.68 mgc: 6.725016e-05 ustep: 1 
iter: 3  mgc: 1.220625e-10 
iter: 1  mgc: 1.220625e-10 
outer mgc:  0.6520231 
iter: 1  value: 17949.45 mgc: 0.7312155 ustep: 1 
iter: 2  value: 17949.45 mgc: 0.0001283967 ustep: 1 
iter: 3  mgc: 3.728196e-10 
iter: 1  mgc: 3.728196e-10 
outer mgc:  0.4085736 
iter: 1  value: 17947.13 mgc: 1.10468 ustep: 1 
iter: 2  value: 17947.13 mgc: 3.384005e-05 ustep: 1 
iter: 3  mgc: 2.44289e-11 
iter: 1  mgc: 2.44289e-11 
outer mgc:  0.158313 
iter: 1  value: 17944.33 mgc: 1.174646 ustep: 1 
iter: 2  value: 17944.33 mgc: 9.196306e-05 ustep: 1 
iter: 3  mgc: 1.899467e-10 
iter: 1  mgc: 1.899467e-10 
outer mgc:  0.4586034 
iter: 1  value: 17942.32 mgc: 1.05848 ustep: 1 
iter: 2  value: 17942.32 mgc: 3.059986e-05 ustep: 1 
iter: 3  mgc: 3.334932e-11 
iter: 1  mgc: 3.334932e-11 
outer mgc:  0.6875732 
iter: 1  value: 17940.2 mgc: 0.9967294 ustep: 1 
iter: 2  value: 17940.2 mgc: 4.70933e-05 ustep: 1 
iter: 3  mgc: 1.595701e-11 
iter: 1  mgc: 1.595701e-11 
outer mgc:  0.08843372 
iter: 1  value: 17938.18 mgc: 1.158226 ustep: 1 
iter: 2  value: 17938.18 mgc: 3.422167e-05 ustep: 1 
iter: 3  mgc: 1.561729e-11 
iter: 1  mgc: 1.561729e-11 
outer mgc:  0.2140486 
iter: 1  value: 17936.32 mgc: 1.003082 ustep: 1 
iter: 2  value: 17936.32 mgc: 1.967091e-05 ustep: 1 
iter: 3  mgc: 7.034595e-12 
iter: 1  mgc: 7.034595e-12 
outer mgc:  0.1717076 
iter: 1  value: 17934.51 mgc: 0.7233062 ustep: 1 
iter: 2  value: 17934.51 mgc: 8.353833e-06 ustep: 1 
iter: 3  mgc: 3.825162e-12 
iter: 1  value: 17932 mgc: 1.140654 ustep: 1 
iter: 2  value: 17932 mgc: 1.692186e-05 ustep: 1 
iter: 3  mgc: 1.562217e-11 
iter: 1  mgc: 1.562217e-11 
outer mgc:  0.1928701 
iter: 1  value: 17928.39 mgc: 3.67511 ustep: 1 
iter: 2  value: 17928.39 mgc: 7.501983e-05 ustep: 1 
iter: 3  mgc: 1.184117e-10 
iter: 1  value: 17930.41 mgc: 1.478415 ustep: 1 
iter: 2  value: 17930.41 mgc: 1.416014e-05 ustep: 1 
iter: 3  mgc: 4.194423e-12 
iter: 1  mgc: 4.194423e-12 
outer mgc:  0.1835965 
iter: 1  value: 17928.92 mgc: 0.6305356 ustep: 1 
iter: 2  value: 17928.92 mgc: 5.051318e-06 ustep: 1 
iter: 3  mgc: 7.762679e-13 
iter: 1  mgc: 7.762679e-13 
outer mgc:  0.1198656 
iter: 1  value: 17927.52 mgc: 0.8385718 ustep: 1 
iter: 2  value: 17927.52 mgc: 6.391733e-06 ustep: 1 
iter: 3  mgc: 6.625811e-13 
iter: 1  mgc: 6.625811e-13 
outer mgc:  0.1033927 
iter: 1  value: 17926.36 mgc: 0.7997939 ustep: 1 
iter: 2  value: 17926.36 mgc: 7.325735e-06 ustep: 1 
iter: 3  mgc: 1.911915e-12 
iter: 1  value: 17924.03 mgc: 1.758035 ustep: 1 
iter: 2  value: 17924.03 mgc: 3.193063e-05 ustep: 1 
iter: 3  mgc: 3.640632e-11 
iter: 1  mgc: 3.640632e-11 
outer mgc:  0.3326409 
iter: 1  value: 17920.99 mgc: 3.65331 ustep: 1 
iter: 2  value: 17920.99 mgc: 4.574775e-05 ustep: 1 
iter: 3  mgc: 4.719869e-11 
iter: 1  mgc: 4.719869e-11 
outer mgc:  0.2811795 
iter: 1  value: 17918.08 mgc: 2.515513 ustep: 1 
iter: 2  value: 17918.08 mgc: 1.774752e-05 ustep: 1 
iter: 3  mgc: 2.012734e-11 
iter: 1  mgc: 2.012734e-11 
outer mgc:  0.1599871 
iter: 1  value: 17915.75 mgc: 2.985077 ustep: 1 
iter: 2  value: 17915.75 mgc: 2.59931e-05 ustep: 1 
iter: 3  mgc: 1.712031e-11 
iter: 1  value: 17912.72 mgc: 4.703143 ustep: 1 
iter: 2  value: 17912.72 mgc: 5.631834e-05 ustep: 1 
iter: 3  mgc: 6.99385e-11 
iter: 1  mgc: 6.99385e-11 
outer mgc:  0.4007933 
iter: 1  value: 17907.4 mgc: 12.70861 ustep: 1 
iter: 2  value: 17907.4 mgc: 0.0001327508 ustep: 1 
iter: 3  mgc: 5.163198e-10 
iter: 1  mgc: 5.163198e-10 
outer mgc:  0.2756318 
iter: 1  value: 17901.28 mgc: 9.743544 ustep: 1 
iter: 2  value: 17901.28 mgc: 0.0002622887 ustep: 1 
iter: 3  mgc: 2.268311e-09 
iter: 1  mgc: 2.268311e-09 
outer mgc:  0.497828 
iter: 1  value: 17897.17 mgc: 7.53069 ustep: 1 
iter: 2  value: 17897.17 mgc: 0.0002217415 ustep: 1 
iter: 3  mgc: 3.483169e-10 
iter: 1  mgc: 3.483169e-10 
outer mgc:  0.4265581 
iter: 1  value: 17895.97 mgc: 19.27769 ustep: 1 
iter: 2  value: 17895.97 mgc: 0.0003658547 ustep: 1 
iter: 3  mgc: 4.982248e-09 
iter: 1  value: 17896.58 mgc: 8.867329 ustep: 1 
iter: 2  value: 17896.58 mgc: 7.649253e-05 ustep: 1 
iter: 3  mgc: 2.2168e-10 
iter: 1  mgc: 2.2168e-10 
outer mgc:  0.266696 
iter: 1  value: 17896.09 mgc: 5.553098 ustep: 1 
iter: 2  value: 17896.09 mgc: 1.904165e-05 ustep: 1 
iter: 3  mgc: 1.34257e-11 
iter: 1  mgc: 1.34257e-11 
outer mgc:  0.1161479 
iter: 1  value: 17894.96 mgc: 2.794957 ustep: 1 
iter: 2  value: 17894.96 mgc: 3.226456e-06 ustep: 1 
iter: 3  mgc: 2.382539e-13 
iter: 1  value: 17893.22 mgc: 4.687405 ustep: 1 
iter: 2  value: 17893.22 mgc: 8.187842e-06 ustep: 1 
iter: 3  mgc: 9.872103e-13 
iter: 1  mgc: 9.872103e-13 
outer mgc:  0.10217 
iter: 1  value: 17890.13 mgc: 5.312455 ustep: 1 
iter: 2  value: 17890.13 mgc: 9.205029e-06 ustep: 1 
iter: 3  mgc: 2.817302e-12 
iter: 1  mgc: 2.817302e-12 
outer mgc:  0.1385305 
iter: 1  value: 17887.58 mgc: 4.685441 ustep: 1 
iter: 2  value: 17887.58 mgc: 3.172497e-06 ustep: 1 
iter: 3  mgc: 2.753353e-13 
iter: 1  value: 17884.39 mgc: 7.090701 ustep: 1 
iter: 2  value: 17884.39 mgc: 6.003766e-06 ustep: 1 
iter: 3  mgc: 8.726353e-13 
iter: 1  mgc: 8.726353e-13 
outer mgc:  0.09248278 
iter: 1  value: 17878.19 mgc: 4.868216 ustep: 1 
iter: 2  value: 17878.19 mgc: 2.378156e-05 ustep: 1 
iter: 3  mgc: 8.9595e-12 
iter: 1  mgc: 8.9595e-12 
outer mgc:  0.07019253 
iter: 1  value: 17874.45 mgc: 8.367491 ustep: 1 
iter: 2  value: 17874.45 mgc: 2.72085e-06 ustep: 1 
iter: 3  mgc: 5.995204e-13 
iter: 1  mgc: 5.995204e-13 
outer mgc:  0.03347586 
iter: 1  value: 17871.07 mgc: 10.23174 ustep: 1 
iter: 2  value: 17871.07 mgc: 3.803415e-06 ustep: 1 
iter: 3  mgc: 6.704637e-13 
iter: 1  mgc: 6.704637e-13 
outer mgc:  0.01565357 
iter: 1  value: 17867.71 mgc: 4.753834 ustep: 1 
iter: 2  value: 17867.71 mgc: 6.038593e-07 ustep: 1 
iter: 3  mgc: 8.572587e-13 
iter: 1  mgc: 8.572587e-13 
outer mgc:  0.02595158 
iter: 1  value: 17864.63 mgc: 4.800542 ustep: 1 
iter: 2  value: 17864.63 mgc: 3.137699e-07 ustep: 1 
iter: 3  mgc: 7.731593e-13 
iter: 1  value: 17861.71 mgc: 5.249882 ustep: 1 
iter: 2  value: 17861.71 mgc: 2.991419e-07 ustep: 1 
iter: 3  mgc: 1.646239e-12 
iter: 1  mgc: 1.646239e-12 
outer mgc:  0.01412538 
iter: 1  value: 17856.32 mgc: 5.875114 ustep: 1 
iter: 2  value: 17856.32 mgc: 4.876101e-06 ustep: 1 
iter: 3  mgc: 1.479261e-12 
iter: 1  mgc: 1.479261e-12 
outer mgc:  0.02272639 
iter: 1  value: 17853.26 mgc: 4.666936 ustep: 1 
iter: 2  value: 17853.26 mgc: 4.823603e-07 ustep: 1 
iter: 3  mgc: 1.282086e-12 
iter: 1  mgc: 1.282086e-12 
outer mgc:  0.005502901 
iter: 1  value: 17850.36 mgc: 4.597833 ustep: 1 
iter: 2  value: 17850.36 mgc: 1.334312e-07 ustep: 1 
iter: 3  mgc: 1.433076e-12 
iter: 1  mgc: 1.433076e-12 
outer mgc:  0.00735863 
iter: 1  value: 17843.4 mgc: 8.323535 ustep: 1 
iter: 2  value: 17843.4 mgc: 1.957075e-07 ustep: 1 
iter: 3  mgc: 3.658407e-12 
iter: 1  mgc: 3.658407e-12 
outer mgc:  0.01525367 
iter: 1  value: 17837.2 mgc: 2.481963 ustep: 1 
iter: 2  value: 17837.2 mgc: 1.224677e-07 ustep: 1 
iter: 3  mgc: 3.179235e-12 
iter: 1  mgc: 3.179235e-12 
outer mgc:  0.01275965 
iter: 1  value: 17827.46 mgc: 6.753276 ustep: 1 
iter: 2  value: 17827.46 mgc: 4.977216e-07 ustep: 1 
iter: 3  mgc: 3.541167e-12 
iter: 1  mgc: 3.541167e-12 
outer mgc:  0.008662002 
iter: 1  value: 17819.29 mgc: 10.2231 ustep: 1 
iter: 2  value: 17819.29 mgc: 2.018088e-07 ustep: 1 
iter: 3  mgc: 5.191181e-12 
iter: 1  mgc: 5.191181e-12 
outer mgc:  0.003948069 
iter: 1  value: 17808.98 mgc: 22.38282 ustep: 1 
iter: 2  value: 17808.98 mgc: 4.586916e-07 ustep: 1 
iter: 3  mgc: 9.735324e-12 
iter: 1  mgc: 9.735324e-12 
outer mgc:  0.009141724 
iter: 1  value: 17800.43 mgc: 24.06401 ustep: 1 
iter: 2  value: 17800.43 mgc: 1.830892e-07 ustep: 1 
iter: 3  mgc: 9.324985e-12 
iter: 1  mgc: 9.324985e-12 
outer mgc:  0.005184363 
iter: 1  value: 17789.96 mgc: 38.80136 ustep: 1 
iter: 2  value: 17789.96 mgc: 2.523091e-07 ustep: 1 
iter: 3  mgc: 1.713429e-11 
iter: 1  mgc: 1.713429e-11 
outer mgc:  0.004191804 
iter: 1  value: 17781.27 mgc: 61.16293 ustep: 1 
iter: 2  value: 17781.27 mgc: 1.391021e-07 ustep: 1 
iter: 3  mgc: 2.434097e-11 
iter: 1  mgc: 2.434097e-11 
outer mgc:  0.002446245 
iter: 1  value: 17770.26 mgc: 74.15607 ustep: 1 
iter: 2  value: 17770.26 mgc: 2.6746e-07 ustep: 1 
iter: 3  mgc: 3.818434e-11 
iter: 1  mgc: 3.818434e-11 
outer mgc:  0.003394771 
iter: 1  value: 17761.17 mgc: 176.1024 ustep: 1 
iter: 2  value: 17761.17 mgc: 1.782925e-07 ustep: 1 
iter: 3  mgc: 5.53832e-11 
iter: 1  mgc: 5.53832e-11 
outer mgc:  0.003475322 
iter: 1  value: 17749.36 mgc: 112.2832 ustep: 1 
iter: 2  value: 17749.36 mgc: 2.968241e-07 ustep: 1 
iter: 3  mgc: 9.049317e-11 
iter: 1  mgc: 9.049317e-11 
outer mgc:  0.003108166 
iter: 1  value: 17739.75 mgc: 332.2163 ustep: 1 
iter: 2  value: 17739.75 mgc: 1.123943e-07 ustep: 1 
iter: 3  mgc: 9.434009e-11 
iter: 1  mgc: 9.434009e-11 
outer mgc:  0.001682662 
iter: 1  mgc: 9.434009e-11 
iter: 1  mgc: 9.434009e-11 
outer mgc:  0.001682662 
iter: 1  value: 17739.74 mgc: 0.01040496 ustep: 1 
iter: 2  value: 17739.74 mgc: 2.21391e-06 ustep: 1 
iter: 3  mgc: 1.075706e-10 
outer mgc:  0.1393753 
iter: 1  value: 17739.75 mgc: 0.01039325 ustep: 1 
iter: 2  value: 17739.75 mgc: 2.213814e-06 ustep: 1 
iter: 3  mgc: 8.59659e-11 
outer mgc:  0.1403632 
iter: 1  value: 17739.75 mgc: 0.005640731 ustep: 1 
iter: 2  value: 17739.75 mgc: 6.994874e-07 ustep: 1 
iter: 3  mgc: 1.396043e-10 
outer mgc:  0.09941168 
iter: 1  value: 17739.75 mgc: 0.005634841 ustep: 1 
iter: 2  value: 17739.75 mgc: 6.988905e-07 ustep: 1 
iter: 3  mgc: 1.039298e-10 
outer mgc:  0.09932428 
iter: 1  value: 17739.74 mgc: 0.01874875 ustep: 1 
iter: 2  value: 17739.74 mgc: 2.650309e-06 ustep: 1 
iter: 3  mgc: 1.296871e-10 
outer mgc:  0.269451 
iter: 1  value: 17739.75 mgc: 0.01873555 ustep: 1 
iter: 2  value: 17739.75 mgc: 2.654977e-06 ustep: 1 
iter: 3  mgc: 1.363976e-10 
outer mgc:  0.2685914 
iter: 1  value: 17739.75 mgc: 0.009772244 ustep: 1 
iter: 2  value: 17739.75 mgc: 8.146556e-07 ustep: 1 
iter: 3  mgc: 1.434897e-10 
outer mgc:  0.2208233 
iter: 1  value: 17739.75 mgc: 0.009767121 ustep: 1 
iter: 2  value: 17739.75 mgc: 8.151879e-07 ustep: 1 
iter: 3  mgc: 1.365299e-10 
outer mgc:  0.2206274 
iter: 1  value: 17739.75 mgc: 0.02010166 ustep: 1 
iter: 2  value: 17739.75 mgc: 3.045031e-06 ustep: 1 
iter: 3  mgc: 1.417204e-10 
outer mgc:  0.2693949 
iter: 1  value: 17739.75 mgc: 0.02009206 ustep: 1 
iter: 2  value: 17739.75 mgc: 3.051023e-06 ustep: 1 
iter: 3  mgc: 1.755329e-10 
outer mgc:  0.2690499 
iter: 1  value: 17739.75 mgc: 0.01062825 ustep: 1 
iter: 2  value: 17739.75 mgc: 8.6731e-07 ustep: 1 
iter: 3  mgc: 1.05266e-10 
outer mgc:  0.2481254 
iter: 1  value: 17739.75 mgc: 0.01062305 ustep: 1 
iter: 2  value: 17739.75 mgc: 8.677496e-07 ustep: 1 
iter: 3  mgc: 1.440725e-10 
outer mgc:  0.2477703 
iter: 1  value: 17739.74 mgc: 0.0219447 ustep: 1 
iter: 2  value: 17739.74 mgc: 4.588479e-06 ustep: 1 
iter: 3  mgc: 2.037315e-10 
outer mgc:  0.1199206 
iter: 1  value: 17739.75 mgc: 0.02193572 ustep: 1 
iter: 2  value: 17739.75 mgc: 4.595335e-06 ustep: 1 
iter: 3  mgc: 1.743889e-10 
outer mgc:  0.1192309 
iter: 1  value: 17739.75 mgc: 0.01176219 ustep: 1 
iter: 2  value: 17739.75 mgc: 1.449382e-06 ustep: 1 
iter: 3  mgc: 1.307248e-10 
outer mgc:  0.1581783 
iter: 1  value: 17739.75 mgc: 0.01175846 ustep: 1 
iter: 2  value: 17739.75 mgc: 1.44996e-06 ustep: 1 
iter: 3  mgc: 1.26444e-10 
outer mgc:  0.1584079 
iter: 1  value: 17739.74 mgc: 0.01415369 ustep: 1 
iter: 2  value: 17739.74 mgc: 3.870872e-06 ustep: 1 
iter: 3  mgc: 1.466471e-10 
outer mgc:  0.1298754 
iter: 1  value: 17739.75 mgc: 0.01414028 ustep: 1 
iter: 2  value: 17739.75 mgc: 3.875851e-06 ustep: 1 
iter: 3  mgc: 1.307529e-10 
outer mgc:  0.131228 
iter: 1  value: 17739.75 mgc: 0.00758819 ustep: 1 
iter: 2  value: 17739.75 mgc: 1.104416e-06 ustep: 1 
iter: 3  mgc: 2.019274e-10 
outer mgc:  0.1179019 
iter: 1  value: 17739.75 mgc: 0.007581516 ustep: 1 
iter: 2  value: 17739.75 mgc: 1.104279e-06 ustep: 1 
iter: 3  mgc: 1.37002e-10 
outer mgc:  0.1190677 
iter: 1  value: 17739.75 mgc: 0.01805259 ustep: 1 
iter: 2  value: 17739.75 mgc: 1.623256e-06 ustep: 1 
iter: 3  mgc: 1.430838e-10 
outer mgc:  0.3041718 
iter: 1  value: 17739.75 mgc: 0.01803972 ustep: 1 
iter: 2  value: 17739.75 mgc: 1.623324e-06 ustep: 1 
iter: 3  mgc: 1.801626e-10 
outer mgc:  0.3009995 
iter: 1  value: 17739.75 mgc: 0.009779198 ustep: 1 
iter: 2  value: 17739.75 mgc: 4.679786e-07 ustep: 1 
iter: 3  mgc: 1.64142e-10 
outer mgc:  0.2198066 
iter: 1  value: 17739.75 mgc: 0.009773047 ustep: 1 
iter: 2  value: 17739.75 mgc: 4.67709e-07 ustep: 1 
iter: 3  mgc: 1.425864e-10 
outer mgc:  0.2175279 
iter: 1  value: 17739.78 mgc: 3.322473 ustep: 1 
iter: 2  value: 17739.78 mgc: 2.280268e-06 ustep: 1 
iter: 3  mgc: 1.199858e-10 
outer mgc:  0.0360692 
iter: 1  value: 17739.72 mgc: 3.325797 ustep: 1 
iter: 2  value: 17739.72 mgc: 2.283017e-06 ustep: 1 
iter: 3  mgc: 2.103335e-10 
outer mgc:  0.03773465 
iter: 1  value: 17739.78 mgc: 400.2798 ustep: 1 
iter: 2  value: 17739.78 mgc: 1.05843e-06 ustep: 1 
iter: 3  mgc: 1.411076e-10 
outer mgc:  0.05167816 
iter: 1  value: 17739.72 mgc: 401.4824 ustep: 1 
iter: 2  value: 17739.72 mgc: 1.058416e-06 ustep: 1 
iter: 3  mgc: 1.324827e-10 
outer mgc:  0.04910832 
iter: 1  value: 17739.77 mgc: 5.975079 ustep: 1 
iter: 2  value: 17739.77 mgc: 1.033899e-06 ustep: 1 
iter: 3  mgc: 1.268785e-10 
outer mgc:  0.0509462 
iter: 1  value: 17739.73 mgc: 5.981057 ustep: 1 
iter: 2  value: 17739.73 mgc: 1.035762e-06 ustep: 1 
iter: 3  mgc: 1.167564e-10 
outer mgc:  0.04950396 
iter: 1  value: 17739.77 mgc: 497.5195 ustep: 1 
iter: 2  value: 17739.77 mgc: 1.144878e-06 ustep: 1 
iter: 3  mgc: 1.217422e-10 
outer mgc:  0.05302139 
iter: 1  value: 17739.73 mgc: 498.0173 ustep: 1 
iter: 2  value: 17739.73 mgc: 1.145814e-06 ustep: 1 
iter: 3  mgc: 1.307093e-10 
outer mgc:  0.05308484 
iter: 1  value: 17739.77 mgc: 399.2201 ustep: 1 
iter: 2  value: 17739.77 mgc: 1.429355e-06 ustep: 1 
iter: 3  mgc: 1.542368e-10 
outer mgc:  0.03222692 
iter: 1  value: 17739.72 mgc: 399.6195 ustep: 1 
iter: 2  value: 17739.72 mgc: 1.429578e-06 ustep: 1 
iter: 3  mgc: 1.422227e-10 
outer mgc:  0.03332119 
iter: 1  value: 17739.78 mgc: 346.1394 ustep: 1 
iter: 2  value: 17739.78 mgc: 1.529666e-06 ustep: 1 
iter: 3  mgc: 1.630225e-10 
outer mgc:  0.03813633 
iter: 1  value: 17739.72 mgc: 346.4857 ustep: 1 
iter: 2  value: 17739.72 mgc: 1.532216e-06 ustep: 1 
iter: 3  mgc: 1.220699e-10 
outer mgc:  0.0363831 
iter: 1  value: 17739.76 mgc: 469.8722 ustep: 1 
iter: 2  value: 17739.76 mgc: 8.8131e-07 ustep: 1 
iter: 3  mgc: 1.298355e-10 
outer mgc:  0.03572738 
iter: 1  value: 17739.74 mgc: 470.1824 ustep: 1 
iter: 2  value: 17739.74 mgc: 8.813662e-07 ustep: 1 
iter: 3  mgc: 1.356002e-10 
outer mgc:  0.03643353 
iter: 1  value: 17739.76 mgc: 3.422574 ustep: 1 
iter: 2  value: 17739.76 mgc: 3.849248e-07 ustep: 1 
iter: 3  mgc: 1.960219e-10 
outer mgc:  0.01383854 
iter: 1  value: 17739.74 mgc: 3.422266 ustep: 1 
iter: 2  value: 17739.74 mgc: 3.845902e-07 ustep: 1 
iter: 3  mgc: 1.454266e-10 
outer mgc:  0.01542391 
iter: 1  value: 17739.74 mgc: 3.79593 ustep: 1 
iter: 2  value: 17739.74 mgc: 3.678111e-07 ustep: 1 
iter: 3  mgc: 2.204934e-10 
outer mgc:  0.01754889 
iter: 1  value: 17739.76 mgc: 3.795151 ustep: 1 
iter: 2  value: 17739.76 mgc: 3.676427e-07 ustep: 1 
iter: 3  mgc: 1.28892e-10 
outer mgc:  0.01797368 
iter: 1  value: 17739.75 mgc: 219.0662 ustep: 1 
iter: 2  value: 17739.75 mgc: 1.391413e-07 ustep: 1 
iter: 3  mgc: 1.166702e-10 
outer mgc:  0.005844548 
iter: 1  value: 17739.74 mgc: 219.1246 ustep: 1 
iter: 2  value: 17739.74 mgc: 1.391319e-07 ustep: 1 
iter: 3  mgc: 1.287384e-10 
outer mgc:  0.006597525 
iter: 1  value: 17739.76 mgc: 101.3472 ustep: 1 
iter: 2  value: 17739.76 mgc: 2.038074e-08 ustep: 1 
mgc: 1.359122e-10 
outer mgc:  0.00294491 
iter: 1  value: 17739.73 mgc: 101.4324 ustep: 1 
iter: 2  value: 17739.73 mgc: 2.038184e-08 ustep: 1 
mgc: 1.337028e-10 
outer mgc:  0.001928733 
iter: 1  value: 17739.75 mgc: 218.476 ustep: 1 
iter: 2  value: 17739.75 mgc: 1.378601e-07 ustep: 1 
iter: 3  mgc: 1.299378e-10 
outer mgc:  0.005428403 
iter: 1  value: 17739.74 mgc: 218.3872 ustep: 1 
iter: 2  value: 17739.74 mgc: 1.37704e-07 ustep: 1 
iter: 3  mgc: 1.76837e-10 
outer mgc:  0.004999925 
iter: 1  value: 17739.76 mgc: 137.2473 ustep: 1 
iter: 2  value: 17739.76 mgc: 1.281531e-07 ustep: 1 
iter: 3  mgc: 2.093459e-10 
outer mgc:  0.005440143 
iter: 1  value: 17739.74 mgc: 137.2459 ustep: 1 
iter: 2  value: 17739.74 mgc: 1.280492e-07 ustep: 1 
iter: 3  mgc: 1.491929e-10 
outer mgc:  0.004173177 
iter: 1  value: 17739.76 mgc: 139.074 ustep: 1 
iter: 2  value: 17739.76 mgc: 1.272027e-07 ustep: 1 
iter: 3  mgc: 1.390115e-10 
outer mgc:  0.004642221 
iter: 1  value: 17739.74 mgc: 139.1765 ustep: 1 
iter: 2  value: 17739.74 mgc: 1.271197e-07 ustep: 1 
iter: 3  mgc: 1.553684e-10 
outer mgc:  0.006085676 
iter: 1  value: 17739.75 mgc: 154.6313 ustep: 1 
iter: 2  value: 17739.75 mgc: 1.684499e-07 ustep: 1 
iter: 3  mgc: 1.668647e-10 
outer mgc:  0.003654433 
iter: 1  value: 17739.75 mgc: 154.5859 ustep: 1 
iter: 2  value: 17739.75 mgc: 1.684146e-07 ustep: 1 
iter: 3  mgc: 1.480487e-10 
outer mgc:  0.004886518 
iter: 1  value: 17739.77 mgc: 116.5341 ustep: 1 
iter: 2  value: 17739.77 mgc: 1.204346e-07 ustep: 1 
iter: 3  mgc: 1.377352e-10 
outer mgc:  0.002898502 
iter: 1  value: 17739.73 mgc: 116.6667 ustep: 1 
iter: 2  value: 17739.73 mgc: 1.202383e-07 ustep: 1 
iter: 3  mgc: 1.274634e-10 
outer mgc:  0.005258613 
iter: 1  value: 17739.75 mgc: 0.7135177 ustep: 1 
iter: 2  mgc: 1.293785e-10 
outer mgc:  0.001696735 
iter: 1  value: 17739.75 mgc: 0.7135173 ustep: 1 
iter: 2  mgc: 1.367793e-10 
outer mgc:  0.001683253 
iter: 1  value: 17739.75 mgc: 1.319531 ustep: 1 
iter: 2  mgc: 9.755308e-11 
outer mgc:  0.001688461 
iter: 1  value: 17739.75 mgc: 1.319534 ustep: 1 
iter: 2  mgc: 1.167257e-10 
outer mgc:  0.001685484 
iter: 1  value: 17739.75 mgc: 1.510697 ustep: 1 
iter: 2  mgc: 1.287663e-10 
outer mgc:  0.001691389 
iter: 1  value: 17739.75 mgc: 1.510692 ustep: 1 
iter: 2  mgc: 2.038107e-10 
outer mgc:  0.001702694 
iter: 1  value: 17739.75 mgc: 1.272314 ustep: 1 
iter: 2  mgc: 1.863761e-10 
outer mgc:  0.00167318 
iter: 1  value: 17739.75 mgc: 1.272334 ustep: 1 
iter: 2  mgc: 1.033484e-10 
outer mgc:  0.001722713 
iter: 1  value: 17739.75 mgc: 1.013919 ustep: 1 
iter: 2  mgc: 1.239719e-10 
outer mgc:  0.001709722 
iter: 1  value: 17739.75 mgc: 1.013935 ustep: 1 
iter: 2  mgc: 8.814771e-11 
outer mgc:  0.00167463 
iter: 1  value: 17739.71 mgc: 0.004286095 ustep: 1 
iter: 2  value: 17739.71 mgc: 1.107324e-07 ustep: 1 
iter: 3  mgc: 1.381451e-10 
outer mgc:  0.06049278 
iter: 1  value: 17739.78 mgc: 0.004285766 ustep: 1 
iter: 2  value: 17739.78 mgc: 1.107558e-07 ustep: 1 
iter: 3  mgc: 1.651617e-10 
outer mgc:  0.06324261 
[Mon Aug 16 07:58:47 2021]
Finished job 0.
1 of 1 steps (100%) done
