Building DAG of jobs...
Using shell: /usr/bin/bash
Provided cores: 40
Rules claiming more threads will be scaled down.
Job counts:
	count	jobs
	1	inference_simulation_TMB_multiple
	1
Select jobs to execute...

[Sun Aug 15 16:04:57 2021]
rule inference_simulation_TMB_multiple:
    input: ../data/assessing_models_simulation/datasets/multiple_GenerationCnorm_10_100_80_6_0.01_NA_NA_NA_dataset1.RDS
    output: ../data/assessing_models_simulation/inference_results/TMB/nlminb/multiple_GenerationCnorm_10_100_80_6_0.01_diagREDMsinglelambda_NA_NA_NA_dataset1.RDS
    log: logs/inference/nlminb/simulation_GenerationCnorm_10_100_80_6_0.01_ModeldiagREDMsinglelambda_NA_NA_NA_dataset1.log
    jobid: 0
    wildcards: optimiser=nlminb, datasetgeneration=GenerationCnorm, n=10, nlambda=100, lmbda=80, d=6, beta_intensity=0.01, model=diagREDMsinglelambda, fixed_beta_intercept=NA, fixed_beta_slope=NA, sdRE_input=NA, itnum=1

Rscript 2_inference_TMB/run_TMB.R --input ../data/assessing_models_simulation/datasets/multiple_GenerationCnorm_10_100_80_6_0.01_NA_NA_NA_dataset1.RDS --output ../data/assessing_models_simulation/inference_results/TMB/nlminb/multiple_GenerationCnorm_10_100_80_6_0.01_diagREDMsinglelambda_NA_NA_NA_dataset1.RDS --model diagREDMsinglelambda --optimiser nlminb
Model: diagREDMsinglelambda 
Feature type: signatures 
Using nlminb: TRUE 
Simulation boolean: TRUE 
make: Nothing to be done for 'all'.
../data/assessing_models_simulation/datasets/multiple_GenerationCnorm_10_100_80_6_0.01_NA_NA_NA_dataset1.RDS[1] "../data/assessing_models_simulation/datasets/multiple_GenerationCnorm_10_100_80_6_0.01_NA_NA_NA_dataset1.RDS"
Reading file ../data/assessing_models_simulation/datasets/multiple_GenerationCnorm_10_100_80_6_0.01_NA_NA_NA_dataset1.RDS 
Loading required package: nnet
# weights:  18 (10 variable)
initial  value 3542.308471 
iter  10 value 3387.306625
final  value 3380.715786 
converged
Constructing atomic invpd
Constructing atomic D_lgamma
Constructing atomic invpd
Constructing atomic D_lgamma
Constructing atomic matmul
Constructing atomic invpd
Constructing atomic D_lgamma
Constructing atomic matmul
Optimizing tape... Done
iter: 1  value: 3531.237 mgc: 2.413297 ustep: 1 
iter: 2  value: 3527.866 mgc: 2.067986 ustep: 1 
iter: 3  value: 3527.851 mgc: 0.2063482 ustep: 1 
iter: 4  value: 3527.85 mgc: 0.005266826 ustep: 1 
iter: 5  value: 3527.85 mgc: 3.962325e-06 ustep: 1 
iter: 6  mgc: 2.226108e-12 
iter: 1  mgc: 2.226108e-12 
Matching hessian patterns... Done
outer mgc:  51.77835 
iter: 1  value: 3476.794 mgc: 1.1507 ustep: 1 
iter: 2  value: 3476.775 mgc: 0.1771779 ustep: 1 
iter: 3  value: 3476.775 mgc: 0.002220325 ustep: 1 
iter: 4  value: 3476.775 mgc: 9.644958e-07 ustep: 1 
iter: 5  mgc: 2.872702e-13 
iter: 1  value: 3421.764 mgc: 2.408365 ustep: 1 
iter: 2  value: 3421.539 mgc: 0.6310846 ustep: 1 
iter: 3  value: 3421.539 mgc: 0.01443513 ustep: 1 
iter: 4  value: 3421.539 mgc: 2.956394e-05 ustep: 1 
iter: 5  mgc: 2.046874e-11 
iter: 1  mgc: 2.046874e-11 
outer mgc:  11.85845 
iter: 1  value: 3489.007 mgc: 21.84255 ustep: 1 
iter: 2  value: 3408.963 mgc: 38.57657 ustep: 1 
iter: 3  value: 3406.758 mgc: 3.536335 ustep: 1 
iter: 4  value: 3406.669 mgc: 1.027972 ustep: 1 
iter: 5  value: 3406.668 mgc: 0.0340992 ustep: 1 
iter: 6  value: 3406.668 mgc: 4.593048e-05 ustep: 1 
iter: 7  mgc: 1.257573e-10 
iter: 1  mgc: 1.257573e-10 
outer mgc:  40.45397 
iter: 1  value: 3397.055 mgc: 12.28221 ustep: 1 
iter: 2  value: 3384.599 mgc: 10.51015 ustep: 1 
iter: 3  value: 3384.481 mgc: 1.142814 ustep: 1 
iter: 4  value: 3384.481 mgc: 0.0288717 ustep: 1 
iter: 5  value: 3384.481 mgc: 2.069533e-05 ustep: 1 
iter: 6  mgc: 1.06651e-11 
iter: 1  mgc: 1.06651e-11 
outer mgc:  15.00924 
iter: 1  value: 3393.305 mgc: 13.09233 ustep: 1 
iter: 2  value: 3381.521 mgc: 7.978272 ustep: 1 
iter: 3  value: 3381.377 mgc: 0.9511529 ustep: 1 
iter: 4  value: 3381.377 mgc: 0.02675278 ustep: 1 
iter: 5  value: 3381.377 mgc: 2.375594e-05 ustep: 1 
iter: 6  mgc: 1.889533e-11 
iter: 1  mgc: 1.889533e-11 
outer mgc:  22.1359 
iter: 1  value: 3363.97 mgc: 5.942513 ustep: 1 
iter: 2  value: 3363.843 mgc: 0.6166169 ustep: 1 
iter: 3  value: 3363.842 mgc: 0.01331705 ustep: 1 
iter: 4  value: 3363.842 mgc: 7.068059e-06 ustep: 1 
iter: 5  mgc: 2.130518e-12 
iter: 1  mgc: 2.130518e-12 
outer mgc:  8.275009 
iter: 1  value: 3365.937 mgc: 13.26797 ustep: 1 
iter: 2  value: 3364.777 mgc: 1.69424 ustep: 1 
iter: 3  value: 3364.776 mgc: 0.08113111 ustep: 1 
iter: 4  value: 3364.776 mgc: 0.0002400634 ustep: 1 
iter: 5  mgc: 2.167803e-09 
iter: 1  value: 3358.93 mgc: 4.433705 ustep: 1 
iter: 2  value: 3358.884 mgc: 0.3950732 ustep: 1 
iter: 3  value: 3358.884 mgc: 0.005503544 ustep: 1 
iter: 4  value: 3358.884 mgc: 1.277177e-06 ustep: 1 
iter: 5  mgc: 7.005507e-14 
iter: 1  mgc: 7.005507e-14 
outer mgc:  5.963499 
iter: 1  value: 3355.395 mgc: 6.445828 ustep: 1 
iter: 2  value: 3355.348 mgc: 0.3727723 ustep: 1 
iter: 3  value: 3355.348 mgc: 0.002740916 ustep: 1 
iter: 4  value: 3355.348 mgc: 1.794448e-07 ustep: 1 
iter: 5  mgc: 4.068967e-14 
iter: 1  mgc: 4.068967e-14 
outer mgc:  8.785426 
iter: 1  value: 3350.511 mgc: 4.739938 ustep: 1 
iter: 2  value: 3350.452 mgc: 0.5329058 ustep: 1 
iter: 3  value: 3350.452 mgc: 0.005237064 ustep: 1 
iter: 4  value: 3350.452 mgc: 6.111428e-07 ustep: 1 
iter: 5  mgc: 3.463896e-14 
iter: 1  mgc: 3.463896e-14 
outer mgc:  5.151685 
iter: 1  value: 3346.357 mgc: 4.618757 ustep: 1 
iter: 2  value: 3346.348 mgc: 0.1934164 ustep: 1 
iter: 3  value: 3346.348 mgc: 0.0006780572 ustep: 1 
iter: 4  mgc: 9.450141e-09 
iter: 1  mgc: 9.450141e-09 
outer mgc:  5.825255 
iter: 1  value: 3342.303 mgc: 6.573399 ustep: 1 
iter: 2  value: 3342.294 mgc: 0.2062729 ustep: 1 
iter: 3  value: 3342.294 mgc: 0.0003828975 ustep: 1 
iter: 4  mgc: 1.850187e-09 
iter: 1  mgc: 1.850187e-09 
outer mgc:  4.254255 
iter: 1  value: 3339.056 mgc: 6.610101 ustep: 1 
iter: 2  value: 3339.021 mgc: 0.4520018 ustep: 1 
iter: 3  value: 3339.021 mgc: 0.002303696 ustep: 1 
iter: 4  value: 3339.021 mgc: 7.270391e-08 ustep: 1 
mgc: 4.285461e-14 
iter: 1  mgc: 4.285461e-14 
outer mgc:  3.740605 
iter: 1  value: 3335.695 mgc: 2.557411 ustep: 1 
iter: 2  value: 3335.689 mgc: 0.1153926 ustep: 1 
iter: 3  value: 3335.689 mgc: 0.0002189314 ustep: 1 
iter: 4  mgc: 9.772261e-10 
iter: 1  mgc: 9.772261e-10 
outer mgc:  3.511336 
iter: 1  value: 3333.307 mgc: 6.057032 ustep: 1 
iter: 2  value: 3333.297 mgc: 0.2080104 ustep: 1 
iter: 3  value: 3333.297 mgc: 0.0009411287 ustep: 1 
iter: 4  value: 3333.297 mgc: 2.056881e-08 ustep: 1 
mgc: 4.796163e-14 
iter: 1  mgc: 4.796163e-14 
outer mgc:  5.727731 
iter: 1  value: 3331.242 mgc: 6.099777 ustep: 1 
iter: 2  value: 3331.208 mgc: 0.3970845 ustep: 1 
iter: 3  value: 3331.208 mgc: 0.00250689 ustep: 1 
iter: 4  value: 3331.208 mgc: 1.189694e-07 ustep: 1 
mgc: 8.326673e-14 
iter: 1  mgc: 8.326673e-14 
outer mgc:  8.505225 
iter: 1  value: 3328.074 mgc: 2.721365 ustep: 1 
iter: 2  value: 3328.071 mgc: 0.08017054 ustep: 1 
iter: 3  value: 3328.071 mgc: 9.915992e-05 ustep: 1 
iter: 4  mgc: 1.747803e-10 
iter: 1  mgc: 1.747803e-10 
outer mgc:  5.509443 
iter: 1  value: 3327.302 mgc: 4.330699 ustep: 1 
iter: 2  value: 3327.292 mgc: 0.2202959 ustep: 1 
iter: 3  value: 3327.292 mgc: 0.0006975083 ustep: 1 
iter: 4  mgc: 7.735742e-09 
iter: 1  value: 3327.082 mgc: 2.181896 ustep: 1 
iter: 2  value: 3327.081 mgc: 0.06444108 ustep: 1 
iter: 3  value: 3327.081 mgc: 5.224394e-05 ustep: 1 
iter: 4  mgc: 4.220513e-11 
iter: 1  mgc: 4.220513e-11 
outer mgc:  3.524963 
iter: 1  value: 3325.946 mgc: 1.676643 ustep: 1 
iter: 2  value: 3325.945 mgc: 0.02728825 ustep: 1 
iter: 3  value: 3325.945 mgc: 9.135975e-06 ustep: 1 
iter: 4  mgc: 1.056488e-12 
iter: 1  mgc: 1.056488e-12 
outer mgc:  3.555823 
iter: 1  value: 3324.336 mgc: 1.311121 ustep: 1 
iter: 2  value: 3324.336 mgc: 0.01456498 ustep: 1 
iter: 3  value: 3324.336 mgc: 2.212861e-06 ustep: 1 
iter: 4  mgc: 6.972201e-14 
iter: 1  mgc: 6.972201e-14 
outer mgc:  1.407657 
iter: 1  value: 3324.289 mgc: 2.295113 ustep: 1 
iter: 2  value: 3324.289 mgc: 0.03226397 ustep: 1 
iter: 3  value: 3324.289 mgc: 9.661476e-06 ustep: 1 
iter: 4  mgc: 1.036393e-12 
iter: 1  value: 3324.032 mgc: 0.7522837 ustep: 1 
iter: 2  value: 3324.032 mgc: 0.003527395 ustep: 1 
iter: 3  value: 3324.032 mgc: 1.270093e-07 ustep: 1 
iter: 4  mgc: 6.838974e-14 
iter: 1  mgc: 6.838974e-14 
outer mgc:  1.582361 
iter: 1  value: 3323.789 mgc: 1.053556 ustep: 1 
iter: 2  value: 3323.789 mgc: 0.006712159 ustep: 1 
iter: 3  value: 3323.789 mgc: 3.286481e-07 ustep: 1 
iter: 4  mgc: 3.219647e-14 
iter: 1  mgc: 3.219647e-14 
outer mgc:  2.289941 
iter: 1  value: 3323.341 mgc: 0.9231402 ustep: 1 
iter: 2  value: 3323.341 mgc: 0.005285907 ustep: 1 
iter: 3  value: 3323.341 mgc: 1.940299e-07 ustep: 1 
iter: 4  mgc: 3.719247e-14 
iter: 1  mgc: 3.719247e-14 
outer mgc:  1.306475 
iter: 1  value: 3322.357 mgc: 1.1265 ustep: 1 
iter: 2  value: 3322.357 mgc: 0.00805027 ustep: 1 
iter: 3  value: 3322.357 mgc: 4.516211e-07 ustep: 1 
iter: 4  mgc: 5.329071e-14 
iter: 1  value: 3320.919 mgc: 0.4151821 ustep: 1 
iter: 2  value: 3320.919 mgc: 0.00173164 ustep: 1 
iter: 3  value: 3320.919 mgc: 4.214608e-08 ustep: 1 
mgc: 2.398082e-14 
iter: 1  value: 3315.429 mgc: 2.54318 ustep: 1 
iter: 2  value: 3315.429 mgc: 0.02481214 ustep: 1 
iter: 3  value: 3315.429 mgc: 5.557163e-06 ustep: 1 
iter: 4  mgc: 2.742251e-13 
iter: 1  mgc: 2.742251e-13 
outer mgc:  5.602877 
iter: 1  value: 3308.136 mgc: 7.121999 ustep: 1 
iter: 2  value: 3308.134 mgc: 0.1369029 ustep: 1 
iter: 3  value: 3308.134 mgc: 7.800253e-05 ustep: 1 
iter: 4  mgc: 3.925826e-11 
iter: 1  mgc: 3.925826e-11 
outer mgc:  9.041446 
iter: 1  value: 3302.777 mgc: 3.020189 ustep: 1 
iter: 2  value: 3302.777 mgc: 0.04050276 ustep: 1 
iter: 3  value: 3302.777 mgc: 1.184791e-05 ustep: 1 
iter: 4  mgc: 1.040723e-12 
iter: 1  mgc: 1.040723e-12 
outer mgc:  3.50225 
iter: 1  value: 3298.679 mgc: 2.46055 ustep: 1 
iter: 2  value: 3298.679 mgc: 0.02395303 ustep: 1 
iter: 3  value: 3298.679 mgc: 4.136436e-06 ustep: 1 
iter: 4  mgc: 1.321165e-13 
iter: 1  value: 3301.033 mgc: 1.559297 ustep: 1 
iter: 2  value: 3301.033 mgc: 0.008351051 ustep: 1 
iter: 3  value: 3301.033 mgc: 4.851535e-07 ustep: 1 
iter: 4  mgc: 4.574119e-14 
iter: 1  value: 3302.755 mgc: 1.017334 ustep: 1 
iter: 2  value: 3302.755 mgc: 0.002604131 ustep: 1 
iter: 3  value: 3302.755 mgc: 1.115025e-08 ustep: 1 
mgc: 2.131628e-14 
iter: 1  value: 3302.527 mgc: 0.4584935 ustep: 1 
iter: 2  value: 3302.527 mgc: 0.0005320304 ustep: 1 
iter: 3  mgc: 5.052714e-10 
iter: 1  mgc: 5.052714e-10 
outer mgc:  1.65492 
iter: 1  value: 3302.422 mgc: 0.5143087 ustep: 1 
iter: 2  value: 3302.422 mgc: 0.001319782 ustep: 1 
iter: 3  value: 3302.422 mgc: 1.190806e-08 ustep: 1 
mgc: 2.342571e-14 
iter: 1  mgc: 2.342571e-14 
outer mgc:  2.43032 
iter: 1  value: 3301.902 mgc: 0.6097078 ustep: 1 
iter: 2  value: 3301.902 mgc: 0.0009052568 ustep: 1 
iter: 3  mgc: 4.997045e-09 
iter: 1  mgc: 4.997045e-09 
outer mgc:  1.052895 
iter: 1  value: 3301.37 mgc: 0.3988664 ustep: 1 
iter: 2  value: 3301.37 mgc: 0.0001856443 ustep: 1 
iter: 3  mgc: 1.595453e-10 
iter: 1  value: 3300.317 mgc: 0.4282059 ustep: 1 
iter: 2  value: 3300.317 mgc: 0.0002255291 ustep: 1 
iter: 3  mgc: 2.991616e-10 
iter: 1  value: 3295.553 mgc: 2.349735 ustep: 1 
iter: 2  value: 3295.553 mgc: 0.003825761 ustep: 1 
iter: 3  value: 3295.553 mgc: 6.034533e-08 ustep: 1 
mgc: 3.153033e-14 
iter: 1  mgc: 3.153033e-14 
outer mgc:  1.852855 
iter: 1  value: 3288.961 mgc: 3.210582 ustep: 1 
iter: 2  value: 3288.961 mgc: 0.003778988 ustep: 1 
iter: 3  value: 3288.961 mgc: 7.46739e-08 ustep: 1 
mgc: 1.731948e-14 
iter: 1  mgc: 1.731948e-14 
outer mgc:  2.803834 
iter: 1  value: 3282.406 mgc: 2.827563 ustep: 1 
iter: 2  value: 3282.406 mgc: 0.01164609 ustep: 1 
iter: 3  value: 3282.406 mgc: 9.154878e-07 ustep: 1 
iter: 4  mgc: 2.264855e-14 
iter: 1  value: 3285.86 mgc: 1.142427 ustep: 1 
iter: 2  value: 3285.86 mgc: 0.005869768 ustep: 1 
iter: 3  value: 3285.86 mgc: 2.286981e-07 ustep: 1 
iter: 4  mgc: 3.28626e-14 
iter: 1  mgc: 3.28626e-14 
outer mgc:  2.436517 
iter: 1  value: 3282.994 mgc: 1.239493 ustep: 1 
iter: 2  value: 3282.994 mgc: 0.00164951 ustep: 1 
iter: 3  value: 3282.994 mgc: 1.887632e-08 ustep: 1 
mgc: 3.552714e-14 
iter: 1  mgc: 3.552714e-14 
outer mgc:  3.174065 
iter: 1  value: 3279.769 mgc: 1.812993 ustep: 1 
iter: 2  value: 3279.769 mgc: 0.0005539661 ustep: 1 
iter: 3  mgc: 2.105961e-09 
iter: 1  mgc: 2.105961e-09 
outer mgc:  1.429779 
iter: 1  value: 3276.482 mgc: 1.234009 ustep: 1 
iter: 2  value: 3276.482 mgc: 0.000585439 ustep: 1 
iter: 3  mgc: 3.384337e-10 
iter: 1  mgc: 3.384337e-10 
outer mgc:  1.076313 
iter: 1  value: 3273.241 mgc: 1.210678 ustep: 1 
iter: 2  value: 3273.241 mgc: 0.0002907061 ustep: 1 
iter: 3  mgc: 8.303724e-11 
iter: 1  mgc: 8.303724e-11 
outer mgc:  0.5081369 
iter: 1  value: 3269.987 mgc: 1.295071 ustep: 1 
iter: 2  value: 3269.987 mgc: 0.0001958127 ustep: 1 
iter: 3  mgc: 3.191758e-11 
iter: 1  mgc: 3.191758e-11 
outer mgc:  1.452367 
iter: 1  value: 3266.696 mgc: 1.495377 ustep: 1 
iter: 2  value: 3266.696 mgc: 0.0001373014 ustep: 1 
iter: 3  mgc: 1.383871e-11 
iter: 1  value: 3261.191 mgc: 2.494511 ustep: 1 
iter: 2  value: 3261.191 mgc: 0.0002907495 ustep: 1 
iter: 3  mgc: 4.932676e-11 
iter: 1  mgc: 4.932676e-11 
outer mgc:  0.6676932 
iter: 1  value: 3252.461 mgc: 4.746763 ustep: 1 
iter: 2  value: 3252.461 mgc: 0.0005759781 ustep: 1 
iter: 3  mgc: 1.068455e-10 
iter: 1  mgc: 1.068455e-10 
outer mgc:  0.4392087 
iter: 1  value: 3243.61 mgc: 4.542233 ustep: 1 
iter: 2  value: 3243.61 mgc: 0.0002688376 ustep: 1 
iter: 3  mgc: 2.032143e-10 
iter: 1  mgc: 2.032143e-10 
outer mgc:  0.6142063 
iter: 1  value: 3234.666 mgc: 4.415601 ustep: 1 
iter: 2  value: 3234.666 mgc: 0.0001566047 ustep: 1 
iter: 3  mgc: 8.789502e-11 
iter: 1  mgc: 8.789502e-11 
outer mgc:  0.3787323 
iter: 1  value: 3225.737 mgc: 4.478296 ustep: 1 
iter: 2  value: 3225.737 mgc: 0.0002653491 ustep: 1 
iter: 3  mgc: 3.614486e-10 
iter: 1  mgc: 3.614486e-10 
outer mgc:  0.2246893 
iter: 1  value: 3216.814 mgc: 4.546436 ustep: 1 
iter: 2  value: 3216.814 mgc: 4.465555e-05 ustep: 1 
iter: 3  mgc: 1.188827e-12 
iter: 1  mgc: 1.188827e-12 
outer mgc:  0.2712758 
iter: 1  value: 3207.885 mgc: 4.602386 ustep: 1 
iter: 2  value: 3207.885 mgc: 2.25524e-05 ustep: 1 
iter: 3  mgc: 4.287681e-13 
iter: 1  mgc: 4.287681e-13 
outer mgc:  0.09324784 
iter: 1  value: 3198.902 mgc: 4.560541 ustep: 1 
iter: 2  value: 3198.902 mgc: 3.917318e-05 ustep: 1 
iter: 3  mgc: 7.876366e-12 
iter: 1  mgc: 7.876366e-12 
outer mgc:  0.06434172 
iter: 1  value: 3189.955 mgc: 4.547598 ustep: 1 
iter: 2  value: 3189.955 mgc: 7.194176e-06 ustep: 1 
iter: 3  mgc: 9.325873e-14 
iter: 1  mgc: 9.325873e-14 
outer mgc:  0.02869982 
iter: 1  value: 3180.984 mgc: 4.536257 ustep: 1 
iter: 2  value: 3180.984 mgc: 4.162955e-06 ustep: 1 
iter: 3  mgc: 1.411371e-14 
iter: 1  mgc: 1.411371e-14 
outer mgc:  0.01739288 
iter: 1  value: 3167.961 mgc: 7.515088 ustep: 1 
iter: 2  value: 3167.961 mgc: 3.511332e-06 ustep: 1 
iter: 3  mgc: 2.220446e-14 
iter: 1  mgc: 2.220446e-14 
outer mgc:  0.01494579 
iter: 1  value: 3156.851 mgc: 6.020181 ustep: 1 
iter: 2  value: 3156.851 mgc: 1.3486e-06 ustep: 1 
iter: 3  mgc: 2.220446e-14 
iter: 1  mgc: 2.220446e-14 
outer mgc:  0.007170588 
iter: 1  value: 3145.744 mgc: 6.02214 ustep: 1 
iter: 2  value: 3145.744 mgc: 5.579979e-07 ustep: 1 
mgc: 2.842171e-14 
iter: 1  mgc: 2.842171e-14 
outer mgc:  0.005658513 
iter: 1  value: 3134.633 mgc: 6.020704 ustep: 1 
iter: 2  value: 3134.633 mgc: 3.077831e-07 ustep: 1 
mgc: 1.776357e-14 
iter: 1  mgc: 1.776357e-14 
outer mgc:  0.003289865 
iter: 1  value: 3124.142 mgc: 5.572879 ustep: 1 
iter: 2  value: 3124.142 mgc: 1.147112e-07 ustep: 1 
mgc: 3.019807e-14 
iter: 1  mgc: 3.019807e-14 
outer mgc:  0.002096336 
iter: 1  value: 3114.437 mgc: 5.027739 ustep: 1 
iter: 2  value: 3114.437 mgc: 5.683832e-08 ustep: 1 
mgc: 4.174439e-14 
iter: 1  mgc: 4.174439e-14 
outer mgc:  0.001238068 
iter: 1  value: 3105.935 mgc: 4.240641 ustep: 1 
iter: 2  value: 3105.935 mgc: 1.805387e-08 ustep: 1 
mgc: 3.241851e-14 
iter: 1  mgc: 3.241851e-14 
outer mgc:  0.0005262775 
iter: 1  value: 3098.864 mgc: 3.37228 ustep: 1 
iter: 2  mgc: 8.237127e-09 
iter: 1  mgc: 8.237127e-09 
outer mgc:  0.0002779373 
iter: 1  value: 3093.641 mgc: 2.354005 ustep: 1 
iter: 2  mgc: 2.600473e-09 
iter: 1  mgc: 2.600473e-09 
outer mgc:  0.0001133812 
iter: 1  value: 3090.506 mgc: 1.326363 ustep: 1 
iter: 2  mgc: 7.5707e-10 
iter: 1  mgc: 7.5707e-10 
outer mgc:  4.321596e-05 
iter: 1  mgc: 7.5707e-10 
iter: 1  mgc: 7.5707e-10 
outer mgc:  4.321596e-05 
iter: 1  value: 3090.507 mgc: 0.01035496 ustep: 1 
iter: 2  value: 3090.507 mgc: 5.951847e-08 ustep: 1 
mgc: 3.508305e-14 
outer mgc:  0.08375105 
iter: 1  value: 3090.506 mgc: 0.01034553 ustep: 1 
iter: 2  value: 3090.506 mgc: 5.938835e-08 ustep: 1 
mgc: 2.19269e-14 
outer mgc:  0.08368499 
iter: 1  value: 3090.506 mgc: 0.004650998 ustep: 1 
iter: 2  value: 3090.506 mgc: 1.095923e-08 ustep: 1 
mgc: 1.953993e-14 
outer mgc:  0.03449958 
iter: 1  value: 3090.506 mgc: 0.004646893 ustep: 1 
iter: 2  value: 3090.506 mgc: 1.093817e-08 ustep: 1 
mgc: 3.28626e-14 
outer mgc:  0.03446285 
iter: 1  value: 3090.507 mgc: 0.01161741 ustep: 1 
iter: 2  value: 3090.507 mgc: 8.442577e-08 ustep: 1 
mgc: 2.575717e-14 
outer mgc:  0.0977837 
iter: 1  value: 3090.506 mgc: 0.01160611 ustep: 1 
iter: 2  value: 3090.506 mgc: 8.423334e-08 ustep: 1 
mgc: 1.409983e-14 
outer mgc:  0.09772958 
iter: 1  value: 3090.506 mgc: 0.006690333 ustep: 1 
iter: 2  value: 3090.506 mgc: 3.400328e-08 ustep: 1 
mgc: 3.28626e-14 
outer mgc:  0.05468456 
iter: 1  value: 3090.506 mgc: 0.00668412 ustep: 1 
iter: 2  value: 3090.506 mgc: 3.394091e-08 ustep: 1 
mgc: 1.798561e-14 
outer mgc:  0.05466105 
iter: 1  value: 3090.507 mgc: 0.01532328 ustep: 1 
iter: 2  value: 3090.507 mgc: 1.548054e-07 ustep: 1 
iter: 3  mgc: 3.197442e-14 
outer mgc:  0.1334904 
iter: 1  value: 3090.506 mgc: 0.01531035 ustep: 1 
iter: 2  value: 3090.506 mgc: 1.544407e-07 ustep: 1 
iter: 3  mgc: 3.863576e-14 
outer mgc:  0.1333905 
iter: 1  value: 3090.507 mgc: 0.00873734 ustep: 1 
iter: 2  value: 3090.507 mgc: 5.419684e-08 ustep: 1 
mgc: 2.664535e-14 
outer mgc:  0.07530971 
iter: 1  value: 3090.506 mgc: 0.008731251 ustep: 1 
iter: 2  value: 3090.506 mgc: 5.408612e-08 ustep: 1 
mgc: 2.220446e-14 
outer mgc:  0.07524462 
iter: 1  value: 3090.506 mgc: 0.02181726 ustep: 1 
iter: 2  value: 3090.506 mgc: 2.472644e-06 ustep: 1 
iter: 3  mgc: 6.483702e-14 
outer mgc:  0.0776913 
iter: 1  value: 3090.507 mgc: 0.02180441 ustep: 1 
iter: 2  value: 3090.507 mgc: 2.476417e-06 ustep: 1 
iter: 3  mgc: 7.105427e-14 
outer mgc:  0.0776506 
iter: 1  value: 3090.506 mgc: 0.01037042 ustep: 1 
iter: 2  value: 3090.506 mgc: 6.745033e-07 ustep: 1 
iter: 3  mgc: 3.907985e-14 
outer mgc:  0.06649765 
iter: 1  value: 3090.507 mgc: 0.01036488 ustep: 1 
iter: 2  value: 3090.507 mgc: 6.746575e-07 ustep: 1 
iter: 3  mgc: 2.753353e-14 
outer mgc:  0.06645419 
iter: 1  value: 3090.507 mgc: 0.01177543 ustep: 1 
iter: 2  value: 3090.507 mgc: 6.797397e-08 ustep: 1 
mgc: 1.687539e-14 
outer mgc:  0.09262513 
iter: 1  value: 3090.506 mgc: 0.01176513 ustep: 1 
iter: 2  value: 3090.506 mgc: 6.783069e-08 ustep: 1 
mgc: 2.176037e-14 
outer mgc:  0.09244006 
iter: 1  value: 3090.506 mgc: 0.005504563 ustep: 1 
iter: 2  value: 3090.506 mgc: 1.633529e-08 ustep: 1 
mgc: 1.509903e-14 
outer mgc:  0.04194773 
iter: 1  value: 3090.506 mgc: 0.005499721 ustep: 1 
iter: 2  value: 3090.506 mgc: 1.630364e-08 ustep: 1 
mgc: 4.440892e-14 
outer mgc:  0.04186333 
iter: 1  value: 3090.511 mgc: 0.004418122 ustep: 1 
iter: 2  mgc: 6.306067e-14 
outer mgc:  4.320046e-05 
iter: 1  value: 3090.501 mgc: 0.004422541 ustep: 1 
iter: 2  mgc: 5.950795e-14 
outer mgc:  4.323145e-05 
iter: 1  value: 3090.511 mgc: 0.005339205 ustep: 1 
mgc: 1.84297e-14 
outer mgc:  4.321542e-05 
iter: 1  value: 3090.501 mgc: 0.005344547 ustep: 1 
mgc: 1.465494e-14 
outer mgc:  4.32165e-05 
iter: 1  value: 3090.511 mgc: 0.006650142 ustep: 1 
mgc: 4.263256e-14 
outer mgc:  4.321572e-05 
iter: 1  value: 3090.501 mgc: 0.006656796 ustep: 1 
mgc: 4.041212e-14 
outer mgc:  4.32162e-05 
iter: 1  value: 3090.508 mgc: 0.005382436 ustep: 1 
iter: 2  value: 3090.508 mgc: 1.495814e-07 ustep: 1 
mgc: 3.419487e-14 
outer mgc:  0.001693084 
iter: 1  value: 3090.504 mgc: 0.005387822 ustep: 1 
iter: 2  value: 3090.504 mgc: 1.49674e-07 ustep: 1 
mgc: 2.353673e-14 
outer mgc:  0.001702724 
iter: 1  value: 3090.511 mgc: 0.005381479 ustep: 1 
mgc: 2.38698e-14 
outer mgc:  4.322442e-05 
iter: 1  value: 3090.501 mgc: 0.005386864 ustep: 1 
mgc: 2.930989e-14 
outer mgc:  4.32075e-05 
iter: 1  value: 3090.505 mgc: 0.003675807 ustep: 1 
iter: 2  value: 3090.505 mgc: 6.3473e-08 ustep: 1 
mgc: 3.019807e-14 
outer mgc:  0.01216734 
iter: 1  value: 3090.508 mgc: 0.003675406 ustep: 1 
iter: 2  value: 3090.508 mgc: 6.350437e-08 ustep: 1 
mgc: 1.754152e-14 
outer mgc:  0.01221396 
Warning message:
package ‘nnet’ was built under R version 3.6.3 
[Sun Aug 15 16:04:59 2021]
Finished job 0.
1 of 1 steps (100%) done
