Building DAG of jobs...
Using shell: /usr/bin/bash
Provided cores: 1 (use --cores to define parallelism)
Rules claiming more threads will be scaled down.
Job counts:
	count	jobs
	1	inference_simulation_TMB_multiple
	1

[Mon Aug 16 08:51:06 2021]
rule inference_simulation_TMB_multiple:
    input: ../data/assessing_models_simulation/datasets/multiple_GenerationJnorm3_10_100_80_3_0.05_NA_NA_NA_dataset0.RDS
    output: ../data/assessing_models_simulation/inference_results/TMB/nlminb/multiple_GenerationJnorm3_10_100_80_3_0.05_diagREDMsinglelambda_NA_NA_NA_dataset0.RDS
    log: logs/inference/nlminb/simulation_GenerationJnorm3_10_100_80_3_0.05_ModeldiagREDMsinglelambda_NA_NA_NA_dataset0.log
    jobid: 0
    wildcards: optimiser=nlminb, datasetgeneration=GenerationJnorm3, n=10, nlambda=100, lmbda=80, d=3, beta_intensity=0.05, model=diagREDMsinglelambda, fixed_beta_intercept=NA, fixed_beta_slope=NA, sdRE_input=NA, itnum=0

Rscript 2_inference_TMB/run_TMB.R --input ../data/assessing_models_simulation/datasets/multiple_GenerationJnorm3_10_100_80_3_0.05_NA_NA_NA_dataset0.RDS --output ../data/assessing_models_simulation/inference_results/TMB/nlminb/multiple_GenerationJnorm3_10_100_80_3_0.05_diagREDMsinglelambda_NA_NA_NA_dataset0.RDS --model diagREDMsinglelambda --optimiser nlminb
Model: diagREDMsinglelambda 
Feature type: signatures 
Using nlminb: TRUE 
Simulation boolean: TRUE 
make: Nothing to be done for 'all'.
../data/assessing_models_simulation/datasets/multiple_GenerationJnorm3_10_100_80_3_0.05_NA_NA_NA_dataset0.RDS[1] "../data/assessing_models_simulation/datasets/multiple_GenerationJnorm3_10_100_80_3_0.05_NA_NA_NA_dataset0.RDS"
Reading file ../data/assessing_models_simulation/datasets/multiple_GenerationJnorm3_10_100_80_3_0.05_NA_NA_NA_dataset0.RDS 
Loading required package: nnet
# weights:  9 (4 variable)
initial  value 2145.589800 
final  value 2078.465203 
converged
Constructing atomic invpd
Constructing atomic D_lgamma
Constructing atomic invpd
Constructing atomic D_lgamma
Constructing atomic matmul
Constructing atomic invpd
Constructing atomic D_lgamma
Constructing atomic matmul
Optimizing tape... Done
iter: 1  value: 2085.34 mgc: 3.907393 ustep: 1 
iter: 2  value: 2076.824 mgc: 2.203491 ustep: 1 
iter: 3  value: 2076.57 mgc: 0.627026 ustep: 1 
iter: 4  value: 2076.566 mgc: 0.09081966 ustep: 1 
iter: 5  value: 2076.566 mgc: 0.0009487267 ustep: 1 
iter: 6  value: 2076.566 mgc: 1.179434e-07 ustep: 1 
iter: 7  mgc: 1.776357e-15 
iter: 1  mgc: 1.776357e-15 
Matching hessian patterns... Done
outer mgc:  17.0671 
iter: 1  value: 2056.094 mgc: 1.172237 ustep: 1 
iter: 2  value: 2056.093 mgc: 0.05936043 ustep: 1 
iter: 3  value: 2056.093 mgc: 0.000219921 ustep: 1 
iter: 4  mgc: 3.768404e-09 
iter: 1  value: 2028.361 mgc: 8.64542 ustep: 1 
iter: 2  value: 2028.02 mgc: 1.911003 ustep: 1 
iter: 3  value: 2028.02 mgc: 0.05636248 ustep: 1 
iter: 4  value: 2028.02 mgc: 5.982754e-05 ustep: 1 
iter: 5  mgc: 6.852152e-11 
iter: 1  mgc: 6.852152e-11 
outer mgc:  15.68511 
iter: 1  value: 2131.436 mgc: 20.26014 ustep: 1 
iter: 2  value: 2123.985 mgc: 6.337747 ustep: 1 
iter: 3  value: 2123.873 mgc: 1.379011 ustep: 1 
iter: 4  value: 2123.873 mgc: 0.02550261 ustep: 1 
iter: 5  value: 2123.873 mgc: 1.074724e-05 ustep: 1 
iter: 6  mgc: 1.918909e-12 
iter: 1  value: 2023.404 mgc: 3.699031 ustep: 1 
iter: 2  value: 2023.396 mgc: 0.1942379 ustep: 1 
iter: 3  value: 2023.396 mgc: 0.001347249 ustep: 1 
iter: 4  value: 2023.396 mgc: 7.891802e-08 ustep: 1 
mgc: 3.246015e-14 
iter: 1  mgc: 3.246015e-14 
outer mgc:  10.45598 
iter: 1  value: 2022.992 mgc: 6.704257 ustep: 1 
iter: 2  value: 2022.718 mgc: 1.385706 ustep: 1 
iter: 3  value: 2022.718 mgc: 0.03928217 ustep: 1 
iter: 4  value: 2022.718 mgc: 6.291633e-05 ustep: 1 
iter: 5  mgc: 1.632962e-10 
iter: 1  mgc: 1.632962e-10 
outer mgc:  13.97791 
iter: 1  value: 2019.281 mgc: 3.679625 ustep: 1 
iter: 2  value: 2019.276 mgc: 0.2092002 ustep: 1 
iter: 3  value: 2019.276 mgc: 0.0008196639 ustep: 1 
iter: 4  value: 2019.276 mgc: 1.297154e-08 ustep: 1 
mgc: 3.297362e-14 
iter: 1  mgc: 3.297362e-14 
outer mgc:  3.318378 
iter: 1  value: 2015.358 mgc: 1.991758 ustep: 1 
iter: 2  value: 2015.357 mgc: 0.07786683 ustep: 1 
iter: 3  value: 2015.357 mgc: 8.52387e-05 ustep: 1 
iter: 4  mgc: 2.000659e-10 
iter: 1  mgc: 2.000659e-10 
outer mgc:  6.388663 
iter: 1  value: 2010.753 mgc: 5.607385 ustep: 1 
iter: 2  value: 2010.725 mgc: 0.4881317 ustep: 1 
iter: 3  value: 2010.725 mgc: 0.004712686 ustep: 1 
iter: 4  value: 2010.725 mgc: 4.349971e-07 ustep: 1 
iter: 5  mgc: 5.084821e-14 
iter: 1  mgc: 5.084821e-14 
outer mgc:  5.533493 
iter: 1  value: 2011.453 mgc: 5.841585 ustep: 1 
iter: 2  value: 2011.401 mgc: 0.624366 ustep: 1 
iter: 3  value: 2011.401 mgc: 0.002877075 ustep: 1 
iter: 4  value: 2011.401 mgc: 2.077894e-07 ustep: 1 
iter: 5  mgc: 5.637157e-14 
iter: 1  value: 2010.553 mgc: 3.798754 ustep: 1 
iter: 2  value: 2010.544 mgc: 0.1660034 ustep: 1 
iter: 3  value: 2010.544 mgc: 0.0005465471 ustep: 1 
iter: 4  mgc: 5.016949e-09 
iter: 1  value: 2009.882 mgc: 1.824101 ustep: 1 
iter: 2  value: 2009.882 mgc: 0.03489473 ustep: 1 
iter: 3  value: 2009.882 mgc: 2.616394e-05 ustep: 1 
iter: 4  mgc: 1.069056e-11 
iter: 1  mgc: 1.069056e-11 
outer mgc:  2.385292 
iter: 1  value: 2009.316 mgc: 2.832557 ustep: 1 
iter: 2  value: 2009.316 mgc: 0.08435629 ustep: 1 
iter: 3  value: 2009.316 mgc: 8.629381e-05 ustep: 1 
iter: 4  mgc: 1.168043e-10 
iter: 1  mgc: 1.168043e-10 
outer mgc:  4.349871 
iter: 1  value: 2008.479 mgc: 2.072236 ustep: 1 
iter: 2  value: 2008.479 mgc: 0.0376296 ustep: 1 
iter: 3  value: 2008.479 mgc: 2.905421e-05 ustep: 1 
iter: 4  mgc: 1.705436e-11 
iter: 1  mgc: 1.705436e-11 
outer mgc:  1.163796 
iter: 1  value: 2007.798 mgc: 0.8516517 ustep: 1 
iter: 2  value: 2007.798 mgc: 0.008081822 ustep: 1 
iter: 3  value: 2007.798 mgc: 7.631566e-07 ustep: 1 
iter: 4  mgc: 8.537615e-14 
iter: 1  mgc: 8.537615e-14 
outer mgc:  1.58166 
iter: 1  value: 2006.797 mgc: 2.792976 ustep: 1 
iter: 2  value: 2006.797 mgc: 0.06938767 ustep: 1 
iter: 3  value: 2006.797 mgc: 4.544461e-05 ustep: 1 
iter: 4  mgc: 2.171818e-11 
iter: 1  mgc: 2.171818e-11 
outer mgc:  2.841729 
iter: 1  value: 2006.162 mgc: 6.28784 ustep: 1 
iter: 2  value: 2006.15 mgc: 0.3141725 ustep: 1 
iter: 3  value: 2006.15 mgc: 0.001268679 ustep: 1 
iter: 4  value: 2006.15 mgc: 1.98212e-08 ustep: 1 
mgc: 7.874257e-14 
iter: 1  value: 2006.715 mgc: 3.502574 ustep: 1 
iter: 2  value: 2006.713 mgc: 0.1509157 ustep: 1 
iter: 3  value: 2006.713 mgc: 0.0002348745 ustep: 1 
iter: 4  mgc: 5.932668e-10 
iter: 1  mgc: 5.932668e-10 
outer mgc:  3.188948 
iter: 1  value: 2006.271 mgc: 1.032452 ustep: 1 
iter: 2  value: 2006.271 mgc: 0.01410087 ustep: 1 
iter: 3  value: 2006.271 mgc: 1.215039e-06 ustep: 1 
iter: 4  mgc: 1.34559e-13 
iter: 1  mgc: 1.34559e-13 
outer mgc:  1.248446 
iter: 1  value: 2006.432 mgc: 3.018575 ustep: 1 
iter: 2  value: 2006.432 mgc: 0.05784286 ustep: 1 
iter: 3  value: 2006.432 mgc: 3.259664e-05 ustep: 1 
iter: 4  mgc: 1.073586e-11 
iter: 1  value: 2006.241 mgc: 1.59156 ustep: 1 
iter: 2  value: 2006.241 mgc: 0.01708875 ustep: 1 
iter: 3  value: 2006.241 mgc: 2.927082e-06 ustep: 1 
iter: 4  mgc: 1.016964e-13 
iter: 1  mgc: 1.016964e-13 
outer mgc:  0.4713684 
iter: 1  value: 2006.176 mgc: 0.4012857 ustep: 1 
iter: 2  value: 2006.176 mgc: 0.001073575 ustep: 1 
iter: 3  value: 2006.176 mgc: 1.612456e-08 ustep: 1 
mgc: 8.504308e-14 
iter: 1  value: 2006.236 mgc: 0.4194753 ustep: 1 
iter: 2  value: 2006.236 mgc: 0.001546756 ustep: 1 
iter: 3  value: 2006.236 mgc: 2.245024e-08 ustep: 1 
mgc: 8.271162e-14 
iter: 1  mgc: 8.271162e-14 
outer mgc:  0.4865153 
iter: 1  value: 2006.254 mgc: 0.1434268 ustep: 1 
iter: 2  value: 2006.254 mgc: 0.0002201423 ustep: 1 
iter: 3  mgc: 5.122871e-10 
iter: 1  mgc: 5.122871e-10 
outer mgc:  0.06879677 
iter: 1  value: 2006.269 mgc: 0.1044214 ustep: 1 
iter: 2  value: 2006.269 mgc: 0.0001085814 ustep: 1 
iter: 3  mgc: 5.150813e-11 
iter: 1  mgc: 5.150813e-11 
outer mgc:  0.1334837 
iter: 1  value: 2006.256 mgc: 0.06388547 ustep: 1 
iter: 2  value: 2006.256 mgc: 5.541015e-05 ustep: 1 
iter: 3  mgc: 8.197887e-12 
iter: 1  value: 2006.238 mgc: 0.09921169 ustep: 1 
iter: 2  value: 2006.238 mgc: 0.0001225784 ustep: 1 
iter: 3  mgc: 3.248024e-11 
iter: 1  mgc: 3.248024e-11 
outer mgc:  0.1535436 
iter: 1  value: 2006.204 mgc: 0.2426214 ustep: 1 
iter: 2  value: 2006.204 mgc: 0.000552112 ustep: 1 
iter: 3  mgc: 3.529916e-09 
iter: 1  mgc: 3.529916e-09 
outer mgc:  0.1149265 
iter: 1  value: 2006.208 mgc: 0.1078382 ustep: 1 
iter: 2  value: 2006.208 mgc: 0.0001032525 ustep: 1 
iter: 3  mgc: 1.22971e-10 
iter: 1  mgc: 1.22971e-10 
outer mgc:  0.007028843 
iter: 1  value: 2006.214 mgc: 0.01549054 ustep: 1 
iter: 2  value: 2006.214 mgc: 2.182812e-06 ustep: 1 
iter: 3  mgc: 7.693846e-14 
iter: 1  value: 2006.21 mgc: 0.005773656 ustep: 1 
iter: 2  value: 2006.21 mgc: 3.030592e-07 ustep: 1 
iter: 3  mgc: 8.459899e-14 
iter: 1  mgc: 8.459899e-14 
outer mgc:  0.002611814 
iter: 1  value: 2006.213 mgc: 0.007409969 ustep: 1 
iter: 2  value: 2006.213 mgc: 2.471822e-07 ustep: 1 
iter: 3  mgc: 7.310819e-14 
iter: 1  value: 2006.211 mgc: 0.003038407 ustep: 1 
iter: 2  value: 2006.211 mgc: 4.15431e-08 ustep: 1 
mgc: 8.926193e-14 
iter: 1  mgc: 8.926193e-14 
outer mgc:  0.0006007321 
iter: 1  value: 2006.211 mgc: 0.0006675958 ustep: 1 
iter: 2  mgc: 4.14069e-09 
iter: 1  mgc: 4.14069e-09 
outer mgc:  1.991022e-05 
iter: 1  mgc: 4.14069e-09 
iter: 1  mgc: 4.14069e-09 
outer mgc:  1.991022e-05 
iter: 1  value: 2006.211 mgc: 0.02508916 ustep: 1 
iter: 2  value: 2006.211 mgc: 4.910148e-06 ustep: 1 
iter: 3  mgc: 2.500222e-13 
outer mgc:  0.04850053 
iter: 1  value: 2006.212 mgc: 0.02507653 ustep: 1 
iter: 2  value: 2006.212 mgc: 4.91937e-06 ustep: 1 
iter: 3  mgc: 1.884048e-13 
outer mgc:  0.04847103 
iter: 1  value: 2006.211 mgc: 0.01300063 ustep: 1 
iter: 2  value: 2006.211 mgc: 1.530345e-06 ustep: 1 
iter: 3  mgc: 4.873879e-14 
outer mgc:  0.06599159 
iter: 1  value: 2006.211 mgc: 0.01299392 ustep: 1 
iter: 2  value: 2006.211 mgc: 1.531239e-06 ustep: 1 
iter: 3  mgc: 6.550316e-14 
outer mgc:  0.06596562 
iter: 1  value: 2006.212 mgc: 0.02899743 ustep: 1 
iter: 2  value: 2006.212 mgc: 5.635652e-06 ustep: 1 
iter: 3  mgc: 2.913225e-13 
outer mgc:  0.02673566 
iter: 1  value: 2006.211 mgc: 0.02899529 ustep: 1 
iter: 2  value: 2006.211 mgc: 5.647777e-06 ustep: 1 
iter: 3  mgc: 3.193001e-13 
outer mgc:  0.02673354 
iter: 1  value: 2006.212 mgc: 0.01522291 ustep: 1 
iter: 2  value: 2006.212 mgc: 1.727509e-06 ustep: 1 
iter: 3  mgc: 5.906386e-14 
outer mgc:  0.07276308 
iter: 1  value: 2006.211 mgc: 0.01522158 ustep: 1 
iter: 2  value: 2006.211 mgc: 1.729006e-06 ustep: 1 
iter: 3  mgc: 7.344125e-14 
outer mgc:  0.07280416 
iter: 1  value: 2006.213 mgc: 0.003785341 ustep: 1 
iter: 2  value: 2006.213 mgc: 1.601477e-07 ustep: 1 
mgc: 4.884981e-14 
outer mgc:  0.002217837 
iter: 1  value: 2006.21 mgc: 0.003789128 ustep: 1 
iter: 2  value: 2006.21 mgc: 1.602519e-07 ustep: 1 
mgc: 5.77316e-14 
outer mgc:  0.002206487 
iter: 1  value: 2006.212 mgc: 0.00300558 ustep: 1 
iter: 2  value: 2006.212 mgc: 8.232601e-08 ustep: 1 
mgc: 8.310019e-14 
outer mgc:  0.003723539 
iter: 1  value: 2006.211 mgc: 0.003008591 ustep: 1 
iter: 2  value: 2006.211 mgc: 8.244154e-08 ustep: 1 
mgc: 8.054668e-14 
outer mgc:  0.003727383 
iter: 1  value: 2006.208 mgc: 0.001601888 ustep: 1 
iter: 2  value: 2006.208 mgc: 4.323563e-08 ustep: 1 
mgc: 6.616929e-14 
outer mgc:  0.001712342 
iter: 1  value: 2006.214 mgc: 0.001602021 ustep: 1 
iter: 2  value: 2006.214 mgc: 4.326973e-08 ustep: 1 
mgc: 8.693046e-14 
outer mgc:  0.001709328 
[Mon Aug 16 08:51:08 2021]
Finished job 0.
1 of 1 steps (100%) done
