Building DAG of jobs...
Using shell: /usr/bin/bash
Provided cores: 1 (use --cores to define parallelism)
Rules claiming more threads will be scaled down.
Job counts:
	count	jobs
	1	inference_simulation_TMB_multiple
	1

[Sat Aug 14 23:01:11 2021]
rule inference_simulation_TMB_multiple:
    input: ../data/assessing_models_simulation/datasets/multiple_GenerationJnorm2_10_100_10_5_0.1_NA_NA_NA_dataset0.RDS
    output: ../data/assessing_models_simulation/inference_results/TMB/nlminb/multiple_GenerationJnorm2_10_100_10_5_0.1_fullREM_NA_NA_NA_dataset0.RDS
    log: logs/inference/nlminb/simulation_GenerationJnorm2_10_100_10_5_0.1_ModelfullREM_NA_NA_NA_dataset0.log
    jobid: 0
    wildcards: optimiser=nlminb, datasetgeneration=GenerationJnorm2, n=10, nlambda=100, lmbda=10, d=5, beta_intensity=0.1, model=fullREM, fixed_beta_intercept=NA, fixed_beta_slope=NA, sdRE_input=NA, itnum=0

Rscript 2_inference_TMB/run_TMB.R --input ../data/assessing_models_simulation/datasets/multiple_GenerationJnorm2_10_100_10_5_0.1_NA_NA_NA_dataset0.RDS --output ../data/assessing_models_simulation/inference_results/TMB/nlminb/multiple_GenerationJnorm2_10_100_10_5_0.1_fullREM_NA_NA_NA_dataset0.RDS --model fullREM --optimiser nlminb
Model: fullREM 
Feature type: signatures 
Using nlminb: TRUE 
Simulation boolean: TRUE 
make: Nothing to be done for 'all'.
../data/assessing_models_simulation/datasets/multiple_GenerationJnorm2_10_100_10_5_0.1_NA_NA_NA_dataset0.RDS[1] "../data/assessing_models_simulation/datasets/multiple_GenerationJnorm2_10_100_10_5_0.1_NA_NA_NA_dataset0.RDS"
Reading file ../data/assessing_models_simulation/datasets/multiple_GenerationJnorm2_10_100_10_5_0.1_NA_NA_NA_dataset0.RDS 
Loading required package: nnet
# weights:  15 (8 variable)
initial  value 3346.021420 
iter  10 value 3088.007584
final  value 3079.972167 
converged
Order of parameters:
[1] "beta"       "u_large"    "logs_sd_RE" "cov_par_RE"
Not matching template order:
[1] "beta"       "u_large"    "cov_par_RE" "logs_sd_RE"
Your parameter list has been re-ordered.
(Disable this warning with checkParameterOrder=FALSE)
Constructing atomic invpd
Constructing atomic D_lgamma
Constructing atomic invpd
Constructing atomic D_lgamma
Constructing atomic matmul
Constructing atomic invpd
Constructing atomic D_lgamma
Constructing atomic matmul
Optimizing tape... Done
iter: 1  value: 697.7641 mgc: 91.1347 ustep: 1 
iter: 2  value: 556.7953 mgc: 67.53366 ustep: 1 
iter: 3  value: 430.5009 mgc: 54.09012 ustep: 1 
iter: 4  value: 425.1252 mgc: 9.687514 ustep: 1 
iter: 5  value: 425.0027 mgc: 2.28302 ustep: 1 
iter: 6  value: 425.0027 mgc: 0.03911026 ustep: 1 
iter: 7  value: 425.0027 mgc: 2.106482e-05 ustep: 1 
iter: 8  mgc: 6.220996e-12 
iter: 1  mgc: 6.220996e-12 
Matching hessian patterns... Done
outer mgc:  47.74578 
iter: 1  value: 401.0129 mgc: 31.33245 ustep: 1 
iter: 2  value: 399.5144 mgc: 3.866715 ustep: 1 
iter: 3  value: 399.5126 mgc: 0.16584 ustep: 1 
iter: 4  value: 399.5126 mgc: 0.0004443899 ustep: 1 
iter: 5  mgc: 3.885711e-09 
iter: 1  mgc: 3.885711e-09 
outer mgc:  57.95454 
iter: 1  value: 372.8707 mgc: 17.41543 ustep: 1 
iter: 2  value: 372.807 mgc: 0.6779645 ustep: 1 
iter: 3  value: 372.807 mgc: 0.005864356 ustep: 1 
iter: 4  value: 372.807 mgc: 5.631231e-07 ustep: 1 
iter: 5  mgc: 2.287059e-14 
iter: 1  mgc: 2.287059e-14 
outer mgc:  30.61766 
iter: 1  value: 355.7702 mgc: 22.13765 ustep: 1 
iter: 2  value: 355.5495 mgc: 1.078443 ustep: 1 
iter: 3  value: 355.5495 mgc: 0.01580142 ustep: 1 
iter: 4  value: 355.5495 mgc: 4.627133e-06 ustep: 1 
iter: 5  mgc: 1.06537e-12 
iter: 1  mgc: 1.06537e-12 
outer mgc:  24.69645 
iter: 1  value: 346.1387 mgc: 22.28122 ustep: 1 
iter: 2  value: 344.8581 mgc: 3.605536 ustep: 1 
iter: 3  value: 344.8567 mgc: 0.153171 ustep: 1 
iter: 4  value: 344.8567 mgc: 0.0003337129 ustep: 1 
iter: 5  mgc: 1.598399e-09 
iter: 1  mgc: 1.598399e-09 
outer mgc:  26.72591 
iter: 1  value: 333.6928 mgc: 22.79272 ustep: 1 
iter: 2  value: 333.6129 mgc: 0.8420234 ustep: 1 
iter: 3  value: 333.6129 mgc: 0.005973405 ustep: 1 
iter: 4  value: 333.6129 mgc: 3.254552e-07 ustep: 1 
iter: 5  mgc: 3.330669e-14 
iter: 1  mgc: 3.330669e-14 
outer mgc:  21.75961 
iter: 1  value: 342.0204 mgc: 42.15976 ustep: 1 
iter: 2  value: 333.5685 mgc: 10.21755 ustep: 1 
iter: 3  value: 333.5149 mgc: 0.8393322 ustep: 1 
iter: 4  value: 333.5149 mgc: 0.008716033 ustep: 1 
iter: 5  value: 333.5149 mgc: 1.048325e-06 ustep: 1 
iter: 6  mgc: 3.08642e-14 
iter: 1  value: 330.8033 mgc: 17.66565 ustep: 1 
iter: 2  value: 330.5828 mgc: 1.439023 ustep: 1 
iter: 3  value: 330.5827 mgc: 0.02332575 ustep: 1 
iter: 4  value: 330.5827 mgc: 7.663989e-06 ustep: 1 
iter: 5  mgc: 8.23841e-13 
iter: 1  mgc: 8.23841e-13 
outer mgc:  26.8933 
iter: 1  value: 325.1666 mgc: 7.626618 ustep: 1 
iter: 2  value: 325.1639 mgc: 0.1456194 ustep: 1 
iter: 3  value: 325.1639 mgc: 0.0001530096 ustep: 1 
iter: 4  mgc: 1.954634e-10 
iter: 1  mgc: 1.954634e-10 
outer mgc:  14.56697 
iter: 1  value: 323.1959 mgc: 25.23123 ustep: 1 
iter: 2  value: 323.16 mgc: 0.7630557 ustep: 1 
iter: 3  value: 323.16 mgc: 0.003029594 ustep: 1 
iter: 4  value: 323.16 mgc: 8.71456e-08 ustep: 1 
mgc: 2.68674e-14 
iter: 1  mgc: 2.68674e-14 
outer mgc:  15.55419 
iter: 1  value: 321.2782 mgc: 19.05217 ustep: 1 
iter: 2  value: 321.2085 mgc: 0.9078979 ustep: 1 
iter: 3  value: 321.2085 mgc: 0.005694431 ustep: 1 
iter: 4  value: 321.2085 mgc: 2.585658e-07 ustep: 1 
iter: 5  mgc: 1.959544e-14 
iter: 1  mgc: 1.959544e-14 
outer mgc:  10.94456 
iter: 1  value: 318.2394 mgc: 13.71754 ustep: 1 
iter: 2  value: 318.1852 mgc: 0.7333742 ustep: 1 
iter: 3  value: 318.1852 mgc: 0.006249616 ustep: 1 
iter: 4  value: 318.1852 mgc: 5.069649e-07 ustep: 1 
iter: 5  mgc: 1.64313e-14 
iter: 1  mgc: 1.64313e-14 
outer mgc:  11.54294 
iter: 1  value: 320.614 mgc: 16.13195 ustep: 1 
iter: 2  value: 320.599 mgc: 0.3773587 ustep: 1 
iter: 3  value: 320.599 mgc: 0.0006144415 ustep: 1 
iter: 4  mgc: 2.996225e-09 
iter: 1  value: 317.5154 mgc: 8.755004 ustep: 1 
iter: 2  value: 317.5132 mgc: 0.1215703 ustep: 1 
iter: 3  value: 317.5132 mgc: 0.0001810435 ustep: 1 
iter: 4  mgc: 5.125722e-10 
iter: 1  mgc: 5.125722e-10 
outer mgc:  9.136213 
iter: 1  value: 317.2242 mgc: 6.064607 ustep: 1 
iter: 2  value: 317.223 mgc: 0.1019817 ustep: 1 
iter: 3  value: 317.223 mgc: 0.0001181861 ustep: 1 
iter: 4  mgc: 1.502151e-10 
iter: 1  mgc: 1.502151e-10 
outer mgc:  13.08922 
iter: 1  value: 316.5213 mgc: 4.370291 ustep: 1 
iter: 2  value: 316.5212 mgc: 0.02726204 ustep: 1 
iter: 3  value: 316.5212 mgc: 1.811473e-06 ustep: 1 
iter: 4  mgc: 3.119727e-14 
iter: 1  mgc: 3.119727e-14 
outer mgc:  2.397239 
iter: 1  value: 316.2336 mgc: 3.729186 ustep: 1 
iter: 2  value: 316.2335 mgc: 0.02684332 ustep: 1 
iter: 3  value: 316.2335 mgc: 3.865008e-06 ustep: 1 
iter: 4  mgc: 9.103829e-14 
iter: 1  mgc: 9.103829e-14 
outer mgc:  4.46882 
iter: 1  value: 315.882 mgc: 2.294984 ustep: 1 
iter: 2  value: 315.8819 mgc: 0.01146682 ustep: 1 
iter: 3  value: 315.8819 mgc: 7.508403e-07 ustep: 1 
iter: 4  mgc: 1.598721e-14 
iter: 1  mgc: 1.598721e-14 
outer mgc:  1.678685 
iter: 1  value: 315.5932 mgc: 2.600205 ustep: 1 
iter: 2  value: 315.5932 mgc: 0.02223947 ustep: 1 
iter: 3  value: 315.5932 mgc: 4.532795e-06 ustep: 1 
iter: 4  mgc: 2.154388e-13 
iter: 1  mgc: 2.154388e-13 
outer mgc:  2.352298 
iter: 1  value: 315.3205 mgc: 1.2094 ustep: 1 
iter: 2  value: 315.3205 mgc: 0.002302088 ustep: 1 
iter: 3  value: 315.3205 mgc: 1.523722e-07 ustep: 1 
iter: 4  mgc: 2.087219e-14 
iter: 1  mgc: 2.087219e-14 
outer mgc:  1.076896 
iter: 1  value: 315.0758 mgc: 2.703416 ustep: 1 
iter: 2  value: 315.0758 mgc: 0.02336193 ustep: 1 
iter: 3  value: 315.0758 mgc: 4.471151e-06 ustep: 1 
iter: 4  mgc: 2.633449e-13 
iter: 1  mgc: 2.633449e-13 
outer mgc:  2.509516 
iter: 1  value: 314.8716 mgc: 1.595245 ustep: 1 
iter: 2  value: 314.8716 mgc: 0.003571172 ustep: 1 
iter: 3  value: 314.8716 mgc: 7.763803e-08 ustep: 1 
mgc: 3.108624e-14 
iter: 1  mgc: 3.108624e-14 
outer mgc:  2.094868 
iter: 1  value: 314.665 mgc: 1.84543 ustep: 1 
iter: 2  value: 314.665 mgc: 0.008740704 ustep: 1 
iter: 3  value: 314.665 mgc: 2.610397e-07 ustep: 1 
iter: 4  mgc: 3.419487e-14 
iter: 1  mgc: 3.419487e-14 
outer mgc:  2.799948 
iter: 1  value: 314.5237 mgc: 1.89129 ustep: 1 
iter: 2  value: 314.5237 mgc: 0.01061192 ustep: 1 
iter: 3  value: 314.5237 mgc: 7.941201e-07 ustep: 1 
iter: 4  mgc: 2.442491e-14 
iter: 1  mgc: 2.442491e-14 
outer mgc:  1.437776 
iter: 1  value: 314.308 mgc: 1.346706 ustep: 1 
iter: 2  value: 314.308 mgc: 0.005696873 ustep: 1 
iter: 3  value: 314.308 mgc: 2.474332e-07 ustep: 1 
iter: 4  mgc: 1.909584e-14 
iter: 1  mgc: 1.909584e-14 
outer mgc:  1.153224 
iter: 1  value: 314.1319 mgc: 1.754612 ustep: 1 
iter: 2  value: 314.1318 mgc: 0.02556991 ustep: 1 
iter: 3  value: 314.1318 mgc: 7.730121e-06 ustep: 1 
iter: 4  mgc: 7.172214e-13 
iter: 1  mgc: 7.172214e-13 
outer mgc:  1.278057 
iter: 1  value: 313.9228 mgc: 1.367729 ustep: 1 
iter: 2  value: 313.9228 mgc: 0.003579183 ustep: 1 
iter: 3  value: 313.9228 mgc: 4.230382e-07 ustep: 1 
iter: 4  mgc: 2.575717e-14 
iter: 1  mgc: 2.575717e-14 
outer mgc:  2.57761 
iter: 1  value: 313.7087 mgc: 1.445395 ustep: 1 
iter: 2  value: 313.7087 mgc: 0.009146345 ustep: 1 
iter: 3  value: 313.7087 mgc: 3.661167e-07 ustep: 1 
iter: 4  mgc: 3.108624e-14 
iter: 1  mgc: 3.108624e-14 
outer mgc:  0.8722158 
iter: 1  value: 313.6366 mgc: 2.404276 ustep: 1 
iter: 2  value: 313.6366 mgc: 0.01782726 ustep: 1 
iter: 3  value: 313.6366 mgc: 9.908993e-07 ustep: 1 
iter: 4  mgc: 2.037259e-14 
iter: 1  mgc: 2.037259e-14 
outer mgc:  3.013863 
iter: 1  value: 313.562 mgc: 1.92725 ustep: 1 
iter: 2  value: 313.562 mgc: 0.006994265 ustep: 1 
iter: 3  value: 313.562 mgc: 1.615093e-07 ustep: 1 
mgc: 3.641532e-14 
iter: 1  mgc: 3.641532e-14 
outer mgc:  1.455628 
iter: 1  value: 313.4492 mgc: 0.8173008 ustep: 1 
iter: 2  value: 313.4492 mgc: 0.0009164305 ustep: 1 
iter: 3  mgc: 3.317029e-09 
iter: 1  mgc: 3.317029e-09 
outer mgc:  0.6971207 
iter: 1  value: 313.3421 mgc: 0.4739804 ustep: 1 
iter: 2  value: 313.3421 mgc: 0.0004582425 ustep: 1 
iter: 3  mgc: 5.090732e-09 
iter: 1  mgc: 5.090732e-09 
outer mgc:  0.503482 
iter: 1  value: 313.2659 mgc: 0.921071 ustep: 1 
iter: 2  value: 313.2659 mgc: 0.001763038 ustep: 1 
iter: 3  value: 313.2659 mgc: 1.995403e-08 ustep: 1 
mgc: 2.4869e-14 
iter: 1  mgc: 2.4869e-14 
outer mgc:  0.8918628 
iter: 1  value: 313.1824 mgc: 0.6464619 ustep: 1 
iter: 2  value: 313.1824 mgc: 0.001014076 ustep: 1 
iter: 3  mgc: 4.567442e-09 
iter: 1  mgc: 4.567442e-09 
outer mgc:  0.6795778 
iter: 1  value: 313.1033 mgc: 0.5518004 ustep: 1 
iter: 2  value: 313.1033 mgc: 0.0005036433 ustep: 1 
iter: 3  mgc: 8.469668e-10 
iter: 1  mgc: 8.469668e-10 
outer mgc:  0.7126876 
iter: 1  value: 313.0119 mgc: 0.2736296 ustep: 1 
iter: 2  value: 313.0119 mgc: 0.0002778504 ustep: 1 
iter: 3  mgc: 7.802175e-10 
iter: 1  value: 312.8335 mgc: 0.506295 ustep: 1 
iter: 2  value: 312.8335 mgc: 0.0005404791 ustep: 1 
iter: 3  mgc: 3.205321e-09 
iter: 1  value: 312.5597 mgc: 0.7415847 ustep: 1 
iter: 2  value: 312.5597 mgc: 0.001204152 ustep: 1 
iter: 3  value: 312.5597 mgc: 2.621938e-08 ustep: 1 
mgc: 2.4869e-14 
iter: 1  mgc: 2.4869e-14 
outer mgc:  1.873684 
iter: 1  value: 311.8598 mgc: 1.377127 ustep: 1 
iter: 2  value: 311.8598 mgc: 0.005238478 ustep: 1 
iter: 3  value: 311.8598 mgc: 3.197818e-07 ustep: 1 
iter: 4  mgc: 3.264056e-14 
iter: 1  mgc: 3.264056e-14 
outer mgc:  0.9847201 
iter: 1  value: 311.4338 mgc: 4.582498 ustep: 1 
iter: 2  value: 311.4337 mgc: 0.02483763 ustep: 1 
iter: 3  value: 311.4337 mgc: 8.46935e-06 ustep: 1 
iter: 4  mgc: 1.307038e-12 
iter: 1  value: 311.7316 mgc: 4.021698 ustep: 1 
iter: 2  value: 311.7315 mgc: 0.02482581 ustep: 1 
iter: 3  value: 311.7315 mgc: 1.037086e-05 ustep: 1 
iter: 4  mgc: 2.097683e-12 
iter: 1  value: 311.8111 mgc: 2.07588 ustep: 1 
iter: 2  value: 311.8111 mgc: 0.00775335 ustep: 1 
iter: 3  value: 311.8111 mgc: 1.113627e-06 ustep: 1 
iter: 4  mgc: 2.207956e-14 
iter: 1  value: 311.8149 mgc: 0.9589511 ustep: 1 
iter: 2  value: 311.8149 mgc: 0.001702167 ustep: 1 
iter: 3  value: 311.8149 mgc: 5.216406e-08 ustep: 1 
mgc: 2.930989e-14 
iter: 1  mgc: 2.930989e-14 
outer mgc:  0.4502934 
iter: 1  value: 311.8089 mgc: 0.5014682 ustep: 1 
iter: 2  value: 311.8089 mgc: 0.0007212592 ustep: 1 
iter: 3  mgc: 6.699751e-09 
iter: 1  mgc: 6.699751e-09 
outer mgc:  0.7160275 
iter: 1  value: 311.7567 mgc: 0.5390767 ustep: 1 
iter: 2  value: 311.7567 mgc: 0.00067129 ustep: 1 
iter: 3  mgc: 1.478043e-09 
iter: 1  mgc: 1.478043e-09 
outer mgc:  0.3475103 
iter: 1  value: 311.7008 mgc: 0.1764569 ustep: 1 
iter: 2  value: 311.7008 mgc: 8.066482e-05 ustep: 1 
iter: 3  mgc: 8.189721e-11 
iter: 1  value: 311.5414 mgc: 0.4341762 ustep: 1 
iter: 2  value: 311.5414 mgc: 0.0004146541 ustep: 1 
iter: 3  mgc: 2.319797e-09 
iter: 1  value: 311.0265 mgc: 1.592701 ustep: 1 
iter: 2  value: 311.0265 mgc: 0.004618108 ustep: 1 
iter: 3  value: 311.0265 mgc: 2.711683e-07 ustep: 1 
iter: 4  mgc: 2.04281e-14 
iter: 1  mgc: 2.04281e-14 
outer mgc:  0.8626534 
iter: 1  value: 309.8395 mgc: 1.788567 ustep: 1 
iter: 2  value: 309.8395 mgc: 0.003058348 ustep: 1 
iter: 3  value: 309.8395 mgc: 9.977617e-08 ustep: 1 
iter: 4  mgc: 3.352874e-14 
iter: 1  mgc: 3.352874e-14 
outer mgc:  0.6466877 
iter: 1  value: 309.5158 mgc: 1.713876 ustep: 1 
iter: 2  value: 309.5158 mgc: 0.01387825 ustep: 1 
iter: 3  value: 309.5158 mgc: 2.968062e-06 ustep: 1 
iter: 4  mgc: 1.258715e-13 
iter: 1  value: 309.6724 mgc: 0.7972704 ustep: 1 
iter: 2  value: 309.6724 mgc: 0.002851802 ustep: 1 
iter: 3  value: 309.6724 mgc: 1.183862e-07 ustep: 1 
mgc: 2.442491e-14 
iter: 1  mgc: 2.442491e-14 
outer mgc:  0.5225456 
iter: 1  value: 309.326 mgc: 0.6436245 ustep: 1 
iter: 2  value: 309.326 mgc: 0.000772699 ustep: 1 
iter: 3  mgc: 4.203604e-09 
iter: 1  value: 308.9873 mgc: 0.659161 ustep: 1 
iter: 2  value: 308.9873 mgc: 0.000765129 ustep: 1 
iter: 3  mgc: 4.122494e-09 
iter: 1  mgc: 4.122494e-09 
outer mgc:  0.5675082 
iter: 1  value: 308.5349 mgc: 1.423688 ustep: 1 
iter: 2  value: 308.5349 mgc: 0.001390229 ustep: 1 
iter: 3  value: 308.5349 mgc: 4.244435e-08 ustep: 1 
mgc: 3.863576e-14 
iter: 1  mgc: 3.863576e-14 
outer mgc:  0.8844094 
iter: 1  value: 308.2683 mgc: 0.8314876 ustep: 1 
iter: 2  value: 308.2683 mgc: 0.002273457 ustep: 1 
iter: 3  value: 308.2683 mgc: 7.735081e-08 ustep: 1 
mgc: 2.731149e-14 
iter: 1  mgc: 2.731149e-14 
outer mgc:  0.3475622 
iter: 1  value: 307.9812 mgc: 1.412342 ustep: 1 
iter: 2  value: 307.9812 mgc: 0.003628446 ustep: 1 
iter: 3  value: 307.9812 mgc: 1.159529e-07 ustep: 1 
iter: 4  mgc: 2.78666e-14 
iter: 1  value: 308.1213 mgc: 0.6744157 ustep: 1 
iter: 2  value: 308.1213 mgc: 0.0008546542 ustep: 1 
iter: 3  mgc: 6.639955e-09 
iter: 1  mgc: 6.639955e-09 
outer mgc:  0.3954944 
iter: 1  value: 307.9098 mgc: 0.3859052 ustep: 1 
iter: 2  value: 307.9098 mgc: 0.0001115771 ustep: 1 
iter: 3  mgc: 2.100553e-10 
iter: 1  mgc: 2.100553e-10 
outer mgc:  0.1933587 
iter: 1  value: 307.7589 mgc: 0.2719433 ustep: 1 
iter: 2  value: 307.7589 mgc: 6.616345e-05 ustep: 1 
iter: 3  mgc: 3.108269e-11 
iter: 1  mgc: 3.108269e-11 
outer mgc:  0.09726966 
iter: 1  value: 307.6455 mgc: 0.2281669 ustep: 1 
iter: 2  value: 307.6455 mgc: 2.45067e-05 ustep: 1 
iter: 3  mgc: 6.861178e-12 
iter: 1  mgc: 6.861178e-12 
outer mgc:  0.1201641 
iter: 1  value: 307.5094 mgc: 0.180364 ustep: 1 
iter: 2  value: 307.5094 mgc: 2.773938e-05 ustep: 1 
iter: 3  mgc: 4.59055e-12 
iter: 1  value: 307.3067 mgc: 0.2768351 ustep: 1 
iter: 2  value: 307.3067 mgc: 6.251437e-05 ustep: 1 
iter: 3  mgc: 2.246958e-11 
iter: 1  mgc: 2.246958e-11 
outer mgc:  0.05876241 
iter: 1  value: 307.0554 mgc: 0.4511319 ustep: 1 
iter: 2  value: 307.0554 mgc: 0.0005645929 ustep: 1 
iter: 3  mgc: 2.290804e-09 
iter: 1  value: 307.2248 mgc: 0.1444953 ustep: 1 
iter: 2  value: 307.2248 mgc: 5.894782e-05 ustep: 1 
iter: 3  mgc: 2.521583e-11 
iter: 1  mgc: 2.521583e-11 
outer mgc:  0.05119566 
iter: 1  value: 307.1433 mgc: 0.1507365 ustep: 1 
iter: 2  value: 307.1433 mgc: 6.122102e-05 ustep: 1 
iter: 3  mgc: 3.59397e-11 
iter: 1  mgc: 3.59397e-11 
outer mgc:  0.03672347 
iter: 1  value: 307.1358 mgc: 0.1049897 ustep: 1 
iter: 2  value: 307.1358 mgc: 5.84891e-06 ustep: 1 
iter: 3  mgc: 5.989653e-13 
iter: 1  value: 307.1404 mgc: 0.06158945 ustep: 1 
iter: 2  value: 307.1404 mgc: 1.244311e-06 ustep: 1 
iter: 3  mgc: 4.357625e-14 
iter: 1  mgc: 4.357625e-14 
outer mgc:  0.009050539 
iter: 1  value: 307.1529 mgc: 0.05849169 ustep: 1 
iter: 2  value: 307.1529 mgc: 1.70843e-05 ustep: 1 
iter: 3  mgc: 1.057265e-12 
iter: 1  mgc: 1.057265e-12 
outer mgc:  0.006461373 
iter: 1  value: 307.1628 mgc: 0.02084163 ustep: 1 
iter: 2  value: 307.1628 mgc: 2.015008e-06 ustep: 1 
iter: 3  mgc: 4.296563e-14 
iter: 1  mgc: 4.296563e-14 
outer mgc:  0.004567664 
iter: 1  value: 307.1726 mgc: 0.01553374 ustep: 1 
iter: 2  value: 307.1726 mgc: 5.53859e-07 ustep: 1 
iter: 3  mgc: 4.352074e-14 
iter: 1  value: 307.1837 mgc: 0.01779445 ustep: 1 
iter: 2  value: 307.1837 mgc: 7.255547e-07 ustep: 1 
iter: 3  mgc: 3.441691e-14 
iter: 1  mgc: 3.441691e-14 
outer mgc:  0.005261164 
iter: 1  value: 307.1985 mgc: 0.02205943 ustep: 1 
iter: 2  value: 307.1985 mgc: 3.056336e-07 ustep: 1 
iter: 3  mgc: 3.530509e-14 
iter: 1  mgc: 3.530509e-14 
outer mgc:  0.002862371 
iter: 1  value: 307.2018 mgc: 0.006909058 ustep: 1 
iter: 2  value: 307.2018 mgc: 1.499594e-07 ustep: 1 
iter: 3  mgc: 2.04281e-14 
iter: 1  mgc: 2.04281e-14 
outer mgc:  0.0005946244 
iter: 1  value: 307.2013 mgc: 0.00213183 ustep: 1 
iter: 2  mgc: 6.655452e-09 
iter: 1  mgc: 6.655452e-09 
outer mgc:  0.0002390048 
iter: 1  mgc: 6.655452e-09 
iter: 1  mgc: 6.655452e-09 
outer mgc:  0.0002390048 
iter: 1  value: 307.2013 mgc: 0.0304144 ustep: 1 
iter: 2  value: 307.2013 mgc: 7.361264e-06 ustep: 1 
iter: 3  mgc: 4.48197e-13 
outer mgc:  0.03425639 
iter: 1  value: 307.2012 mgc: 0.03039731 ustep: 1 
iter: 2  value: 307.2012 mgc: 7.365793e-06 ustep: 1 
iter: 3  mgc: 4.494738e-13 
outer mgc:  0.03432267 
iter: 1  value: 307.2011 mgc: 0.01113789 ustep: 1 
iter: 2  value: 307.2011 mgc: 9.126469e-07 ustep: 1 
iter: 3  mgc: 3.641532e-14 
outer mgc:  0.05164592 
iter: 1  value: 307.2015 mgc: 0.01112949 ustep: 1 
iter: 2  value: 307.2015 mgc: 9.117486e-07 ustep: 1 
iter: 3  mgc: 3.819167e-14 
outer mgc:  0.05164432 
iter: 1  value: 307.2016 mgc: 0.0475 ustep: 1 
iter: 2  value: 307.2016 mgc: 3.756441e-06 ustep: 1 
iter: 3  mgc: 9.126033e-14 
outer mgc:  0.1196745 
iter: 1  value: 307.201 mgc: 0.04748745 ustep: 1 
iter: 2  value: 307.201 mgc: 3.759655e-06 ustep: 1 
iter: 3  mgc: 8.171241e-14 
outer mgc:  0.1197395 
iter: 1  value: 307.2014 mgc: 0.02323495 ustep: 1 
iter: 2  value: 307.2014 mgc: 6.477456e-07 ustep: 1 
iter: 3  mgc: 2.287059e-14 
outer mgc:  0.1044166 
iter: 1  value: 307.2012 mgc: 0.0232258 ustep: 1 
iter: 2  value: 307.2012 mgc: 6.473243e-07 ustep: 1 
iter: 3  mgc: 3.019807e-14 
outer mgc:  0.1044848 
iter: 1  value: 307.2008 mgc: 0.04888789 ustep: 1 
iter: 2  value: 307.2008 mgc: 6.8252e-06 ustep: 1 
iter: 3  mgc: 2.235989e-13 
outer mgc:  0.0569393 
iter: 1  value: 307.2018 mgc: 0.04888376 ustep: 1 
iter: 2  value: 307.2018 mgc: 6.829236e-06 ustep: 1 
iter: 3  mgc: 2.194911e-13 
outer mgc:  0.05686795 
iter: 1  value: 307.201 mgc: 0.02189914 ustep: 1 
iter: 2  value: 307.201 mgc: 1.696303e-06 ustep: 1 
iter: 3  mgc: 2.4869e-14 
outer mgc:  0.07085971 
iter: 1  value: 307.2016 mgc: 0.02189765 ustep: 1 
iter: 2  value: 307.2016 mgc: 1.695779e-06 ustep: 1 
iter: 3  mgc: 2.842171e-14 
outer mgc:  0.07094503 
iter: 1  value: 307.2021 mgc: 0.05795599 ustep: 1 
iter: 2  value: 307.2021 mgc: 5.306884e-06 ustep: 1 
iter: 3  mgc: 9.614531e-14 
outer mgc:  0.1045161 
iter: 1  value: 307.2005 mgc: 0.057955 ustep: 1 
iter: 2  value: 307.2005 mgc: 5.314249e-06 ustep: 1 
iter: 3  mgc: 8.348877e-14 
outer mgc:  0.1040383 
iter: 1  value: 307.2021 mgc: 0.02800167 ustep: 1 
iter: 2  value: 307.2021 mgc: 1.475885e-06 ustep: 1 
iter: 3  mgc: 1.709743e-14 
outer mgc:  0.1457883 
iter: 1  value: 307.2006 mgc: 0.02800619 ustep: 1 
iter: 2  value: 307.2006 mgc: 1.477116e-06 ustep: 1 
iter: 3  mgc: 3.885781e-14 
outer mgc:  0.1456184 
iter: 1  value: 307.2033 mgc: 0.08525937 ustep: 1 
iter: 2  value: 307.2033 mgc: 2.472873e-06 ustep: 1 
iter: 3  mgc: 6.261658e-14 
outer mgc:  0.05470895 
iter: 1  value: 307.1993 mgc: 0.08516253 ustep: 1 
iter: 2  value: 307.1993 mgc: 2.463581e-06 ustep: 1 
iter: 3  mgc: 1.687539e-14 
outer mgc:  0.05428538 
iter: 1  value: 307.2004 mgc: 0.01253511 ustep: 1 
iter: 2  value: 307.2004 mgc: 5.886112e-08 ustep: 1 
mgc: 3.819167e-14 
outer mgc:  0.004810897 
iter: 1  value: 307.2021 mgc: 0.01253502 ustep: 1 
iter: 2  value: 307.2021 mgc: 5.889014e-08 ustep: 1 
mgc: 2.053219e-14 
outer mgc:  0.005121311 
iter: 1  value: 307.2006 mgc: 0.01235029 ustep: 1 
iter: 2  value: 307.2006 mgc: 5.701026e-08 ustep: 1 
mgc: 3.197442e-14 
outer mgc:  0.004816102 
iter: 1  value: 307.2019 mgc: 0.01234563 ustep: 1 
iter: 2  value: 307.2019 mgc: 5.701131e-08 ustep: 1 
mgc: 1.748601e-14 
outer mgc:  0.004507117 
iter: 1  value: 307.2009 mgc: 0.006005677 ustep: 1 
iter: 2  value: 307.2009 mgc: 5.63919e-08 ustep: 1 
mgc: 3.097522e-14 
outer mgc:  0.005054468 
iter: 1  value: 307.2017 mgc: 0.006002721 ustep: 1 
iter: 2  value: 307.2017 mgc: 5.624617e-08 ustep: 1 
mgc: 2.842171e-14 
outer mgc:  0.005366329 
iter: 1  value: 307.2005 mgc: 0.005976058 ustep: 1 
iter: 2  value: 307.2005 mgc: 5.037174e-08 ustep: 1 
mgc: 2.88658e-14 
outer mgc:  0.003589429 
iter: 1  value: 307.2021 mgc: 0.005972871 ustep: 1 
iter: 2  value: 307.2021 mgc: 5.041517e-08 ustep: 1 
mgc: 2.664535e-14 
outer mgc:  0.003536564 
iter: 1  value: 307.1995 mgc: 0.01381739 ustep: 1 
iter: 2  value: 307.1995 mgc: 6.050984e-08 ustep: 1 
mgc: 2.531308e-14 
outer mgc:  0.001659407 
iter: 1  value: 307.203 mgc: 0.01381952 ustep: 1 
iter: 2  value: 307.203 mgc: 6.066891e-08 ustep: 1 
mgc: 3.28626e-14 
outer mgc:  0.001540991 
iter: 1  value: 307.2046 mgc: 0.04121603 ustep: 1 
iter: 2  value: 307.2046 mgc: 1.183903e-06 ustep: 1 
iter: 3  mgc: 4.440892e-14 
outer mgc:  0.0208656 
iter: 1  value: 307.1979 mgc: 0.04125726 ustep: 1 
iter: 2  value: 307.1979 mgc: 1.185377e-06 ustep: 1 
iter: 3  mgc: 3.419487e-14 
outer mgc:  0.020879 
iter: 1  value: 307.2074 mgc: 0.09113429 ustep: 1 
iter: 2  value: 307.2074 mgc: 2.261462e-06 ustep: 1 
iter: 3  mgc: 1.185718e-13 
outer mgc:  0.06439701 
iter: 1  value: 307.1952 mgc: 0.09140436 ustep: 1 
iter: 2  value: 307.1952 mgc: 2.26931e-06 ustep: 1 
iter: 3  mgc: 9.638818e-14 
outer mgc:  0.06453007 
iter: 1  value: 307.2013 mgc: 0.1224782 ustep: 1 
iter: 2  value: 307.2013 mgc: 7.491139e-06 ustep: 1 
iter: 3  mgc: 6.789846e-13 
outer mgc:  0.08786317 
iter: 1  value: 307.2013 mgc: 0.1226007 ustep: 1 
iter: 2  value: 307.2013 mgc: 7.509452e-06 ustep: 1 
iter: 3  mgc: 6.724343e-13 
outer mgc:  0.08809558 
iter: 1  value: 307.2046 mgc: 0.01914766 ustep: 1 
iter: 2  value: 307.2046 mgc: 1.16476e-06 ustep: 1 
iter: 3  mgc: 2.930989e-14 
outer mgc:  0.03992882 
iter: 1  value: 307.198 mgc: 0.01920286 ustep: 1 
iter: 2  value: 307.198 mgc: 1.167587e-06 ustep: 1 
iter: 3  mgc: 2.930989e-14 
outer mgc:  0.03982379 
[Sat Aug 14 23:01:12 2021]
Finished job 0.
1 of 1 steps (100%) done
