Building DAG of jobs...
Using shell: /usr/bin/bash
Provided cores: 40
Rules claiming more threads will be scaled down.
Job counts:
	count	jobs
	1	inference_simulation_TMB_multiple
	1
Select jobs to execute...

[Sun Aug 15 16:12:17 2021]
rule inference_simulation_TMB_multiple:
    input: ../data/assessing_models_simulation/datasets/multiple_GenerationCnorm_10_100_10_5_0.005_NA_NA_NA_dataset0.RDS
    output: ../data/assessing_models_simulation/inference_results/TMB/nlminb/multiple_GenerationCnorm_10_100_10_5_0.005_fullREM_NA_NA_NA_dataset0.RDS
    log: logs/inference/nlminb/simulation_GenerationCnorm_10_100_10_5_0.005_ModelfullREM_NA_NA_NA_dataset0.log
    jobid: 0
    wildcards: optimiser=nlminb, datasetgeneration=GenerationCnorm, n=10, nlambda=100, lmbda=10, d=5, beta_intensity=0.005, model=fullREM, fixed_beta_intercept=NA, fixed_beta_slope=NA, sdRE_input=NA, itnum=0

Rscript 2_inference_TMB/run_TMB.R --input ../data/assessing_models_simulation/datasets/multiple_GenerationCnorm_10_100_10_5_0.005_NA_NA_NA_dataset0.RDS --output ../data/assessing_models_simulation/inference_results/TMB/nlminb/multiple_GenerationCnorm_10_100_10_5_0.005_fullREM_NA_NA_NA_dataset0.RDS --model fullREM --optimiser nlminb
Model: fullREM 
Feature type: signatures 
Using nlminb: TRUE 
Simulation boolean: TRUE 
make: Nothing to be done for 'all'.
../data/assessing_models_simulation/datasets/multiple_GenerationCnorm_10_100_10_5_0.005_NA_NA_NA_dataset0.RDS[1] "../data/assessing_models_simulation/datasets/multiple_GenerationCnorm_10_100_10_5_0.005_NA_NA_NA_dataset0.RDS"
Reading file ../data/assessing_models_simulation/datasets/multiple_GenerationCnorm_10_100_10_5_0.005_NA_NA_NA_dataset0.RDS 
Loading required package: nnet
# weights:  15 (8 variable)
initial  value 3220.485263 
iter  10 value 2771.318632
final  value 2770.979841 
converged
Order of parameters:
[1] "beta"       "u_large"    "logs_sd_RE" "cov_par_RE"
Not matching template order:
[1] "beta"       "u_large"    "cov_par_RE" "logs_sd_RE"
Your parameter list has been re-ordered.
(Disable this warning with checkParameterOrder=FALSE)
Constructing atomic invpd
Constructing atomic D_lgamma
Constructing atomic invpd
Constructing atomic D_lgamma
Constructing atomic matmul
Constructing atomic invpd
Constructing atomic D_lgamma
Constructing atomic matmul
Optimizing tape... Done
iter: 1  value: 1474.852 mgc: 75.4197 ustep: 0.6827823 
iter: 2  value: 1153.209 mgc: 73.50121 ustep: 0.1964641 
iter: 3  value: 999.5839 mgc: 128.6579 ustep: 0.1361868 
iter: 4  value: 637.046 mgc: 74.30028 ustep: 0.1087462 
iter: 5  value: 554.9189 mgc: 87.976 ustep: 0.3298339 
iter: 6  value: 546.3926 mgc: 22.94709 ustep: 0.5743542 
iter: 7  value: 546.2596 mgc: 2.508273 ustep: 0.7578858 
iter: 8  value: 546.2594 mgc: 0.02498716 ustep: 0.8705793 
iter: 9  value: 546.2594 mgc: 0.001159183 ustep: 0.9330551 
iter: 10  value: 546.2594 mgc: 5.854044e-05 ustep: 0.9659512 
iter: 11  value: 546.2594 mgc: 1.520269e-06 ustep: 0.9828299 
iter: 12  value: 546.2594 mgc: 1.993543e-08 ustep: 0.9913786 
iter: 13  mgc: 1.31092e-10 
iter: 1  mgc: 1.31092e-10 
Matching hessian patterns... Done
outer mgc:  158.4501 
iter: 1  value: 401.0997 mgc: 31.54405 ustep: 1 
iter: 2  value: 396.014 mgc: 8.593188 ustep: 1 
iter: 3  value: 395.9955 mgc: 0.4456015 ustep: 1 
iter: 4  value: 395.9955 mgc: 0.003847943 ustep: 1 
iter: 5  value: 395.9955 mgc: 4.230839e-07 ustep: 1 
iter: 6  mgc: 2.275957e-14 
iter: 1  mgc: 2.275957e-14 
outer mgc:  71.5206 
iter: 1  value: 358.7065 mgc: 21.13165 ustep: 1 
iter: 2  value: 358.1019 mgc: 2.603179 ustep: 1 
iter: 3  value: 358.1015 mgc: 0.08745547 ustep: 1 
iter: 4  value: 358.1015 mgc: 0.0001107034 ustep: 1 
iter: 5  mgc: 1.781283e-10 
iter: 1  mgc: 1.781283e-10 
outer mgc:  8.033573 
iter: 1  value: 354.9134 mgc: 9.436226 ustep: 1 
iter: 2  value: 354.8283 mgc: 0.847707 ustep: 1 
iter: 3  value: 354.8283 mgc: 0.008488401 ustep: 1 
iter: 4  value: 354.8283 mgc: 1.807406e-06 ustep: 1 
iter: 5  mgc: 1.181277e-13 
iter: 1  mgc: 1.181277e-13 
outer mgc:  39.97248 
iter: 1  value: 349.1912 mgc: 38.35232 ustep: 1 
iter: 2  value: 348.6357 mgc: 2.54634 ustep: 1 
iter: 3  value: 348.6356 mgc: 0.03253406 ustep: 1 
iter: 4  value: 348.6356 mgc: 3.860809e-05 ustep: 1 
iter: 5  mgc: 5.264233e-11 
iter: 1  mgc: 5.264233e-11 
outer mgc:  32.43343 
iter: 1  value: 343.1139 mgc: 17.29965 ustep: 1 
iter: 2  value: 343.0481 mgc: 1.03439 ustep: 1 
iter: 3  value: 343.0481 mgc: 0.01374085 ustep: 1 
iter: 4  value: 343.0481 mgc: 2.571281e-06 ustep: 1 
iter: 5  mgc: 1.200151e-13 
iter: 1  mgc: 1.200151e-13 
outer mgc:  23.08441 
iter: 1  value: 342.1506 mgc: 19.41204 ustep: 1 
iter: 2  value: 339.4783 mgc: 8.47581 ustep: 1 
iter: 3  value: 339.4701 mgc: 0.5248013 ustep: 1 
iter: 4  value: 339.4701 mgc: 0.002557375 ustep: 1 
iter: 5  value: 339.4701 mgc: 6.236128e-08 ustep: 1 
mgc: 3.175238e-14 
iter: 1  mgc: 3.175238e-14 
outer mgc:  13.68747 
iter: 1  value: 338.2506 mgc: 16.30605 ustep: 1 
iter: 2  value: 337.8545 mgc: 2.33598 ustep: 1 
iter: 3  value: 337.8544 mgc: 0.02743441 ustep: 1 
iter: 4  value: 337.8544 mgc: 1.847467e-05 ustep: 1 
iter: 5  mgc: 8.311074e-12 
iter: 1  mgc: 8.311074e-12 
outer mgc:  13.33039 
iter: 1  value: 332.4461 mgc: 6.910409 ustep: 1 
iter: 2  value: 332.4355 mgc: 0.2751109 ustep: 1 
iter: 3  value: 332.4355 mgc: 0.001761632 ustep: 1 
iter: 4  value: 332.4355 mgc: 7.839818e-08 ustep: 1 
iter: 5  mgc: 1.953993e-14 
iter: 1  mgc: 1.953993e-14 
outer mgc:  12.97513 
iter: 1  value: 334.0392 mgc: 11.28629 ustep: 1 
iter: 2  value: 334.0335 mgc: 0.2834224 ustep: 1 
iter: 3  value: 334.0335 mgc: 0.0003193324 ustep: 1 
iter: 4  mgc: 9.194414e-10 
iter: 1  value: 331.0656 mgc: 5.995138 ustep: 1 
iter: 2  value: 331.0654 mgc: 0.07491098 ustep: 1 
iter: 3  value: 331.0654 mgc: 9.838588e-06 ustep: 1 
iter: 4  mgc: 5.759837e-13 
iter: 1  mgc: 5.759837e-13 
outer mgc:  9.317782 
iter: 1  value: 329.8345 mgc: 6.740906 ustep: 1 
iter: 2  value: 329.8343 mgc: 0.04232941 ustep: 1 
iter: 3  value: 329.8343 mgc: 1.180969e-05 ustep: 1 
iter: 4  mgc: 1.917577e-12 
iter: 1  mgc: 1.917577e-12 
outer mgc:  4.879787 
iter: 1  value: 328.4748 mgc: 5.518346 ustep: 1 
iter: 2  value: 328.4747 mgc: 0.04507904 ustep: 1 
iter: 3  value: 328.4747 mgc: 6.485597e-06 ustep: 1 
iter: 4  mgc: 3.872458e-13 
iter: 1  mgc: 3.872458e-13 
outer mgc:  3.506564 
iter: 1  value: 327.6174 mgc: 3.494235 ustep: 1 
iter: 2  value: 327.6173 mgc: 0.02085509 ustep: 1 
iter: 3  value: 327.6173 mgc: 1.111402e-05 ustep: 1 
iter: 4  mgc: 3.909761e-12 
iter: 1  mgc: 3.909761e-12 
outer mgc:  3.424339 
iter: 1  value: 326.8799 mgc: 3.110889 ustep: 1 
iter: 2  value: 326.8799 mgc: 0.01600946 ustep: 1 
iter: 3  value: 326.8799 mgc: 2.889025e-06 ustep: 1 
iter: 4  mgc: 4.640732e-14 
iter: 1  mgc: 4.640732e-14 
outer mgc:  1.437716 
iter: 1  value: 326.2435 mgc: 1.690753 ustep: 1 
iter: 2  value: 326.2435 mgc: 0.0143597 ustep: 1 
iter: 3  value: 326.2435 mgc: 4.997151e-06 ustep: 1 
iter: 4  mgc: 7.740475e-13 
iter: 1  mgc: 7.740475e-13 
outer mgc:  3.034101 
iter: 1  value: 325.7171 mgc: 3.698186 ustep: 1 
iter: 2  value: 325.717 mgc: 0.01720045 ustep: 1 
iter: 3  value: 325.717 mgc: 1.538354e-06 ustep: 1 
iter: 4  mgc: 2.331468e-14 
iter: 1  mgc: 2.331468e-14 
outer mgc:  4.036547 
iter: 1  value: 325.335 mgc: 2.930779 ustep: 1 
iter: 2  value: 325.335 mgc: 0.02908787 ustep: 1 
iter: 3  value: 325.335 mgc: 4.261188e-06 ustep: 1 
iter: 4  mgc: 1.184608e-13 
iter: 1  mgc: 1.184608e-13 
outer mgc:  4.139541 
iter: 1  value: 325.2826 mgc: 3.365676 ustep: 1 
iter: 2  value: 325.2826 mgc: 0.01430007 ustep: 1 
iter: 3  value: 325.2826 mgc: 2.176599e-06 ustep: 1 
iter: 4  mgc: 1.034728e-13 
iter: 1  value: 325.2022 mgc: 3.309652 ustep: 1 
iter: 2  value: 325.2022 mgc: 0.009671512 ustep: 1 
iter: 3  value: 325.2022 mgc: 7.533781e-07 ustep: 1 
iter: 4  mgc: 2.220446e-14 
iter: 1  value: 325.1561 mgc: 1.776579 ustep: 1 
iter: 2  value: 325.1561 mgc: 0.002651343 ustep: 1 
iter: 3  value: 325.1561 mgc: 4.635811e-08 ustep: 1 
mgc: 2.264855e-14 
iter: 1  mgc: 2.264855e-14 
outer mgc:  1.650179 
iter: 1  value: 325.1216 mgc: 1.21919 ustep: 1 
iter: 2  value: 325.1216 mgc: 0.002629475 ustep: 1 
iter: 3  value: 325.1216 mgc: 6.223387e-08 ustep: 1 
mgc: 2.442491e-14 
iter: 1  mgc: 2.442491e-14 
outer mgc:  1.722622 
iter: 1  value: 325.0174 mgc: 0.9752484 ustep: 1 
iter: 2  value: 325.0174 mgc: 0.001271355 ustep: 1 
iter: 3  value: 325.0174 mgc: 1.001848e-08 ustep: 1 
mgc: 1.199041e-14 
iter: 1  mgc: 1.199041e-14 
outer mgc:  0.7679892 
iter: 1  value: 324.9627 mgc: 0.53868 ustep: 1 
iter: 2  value: 324.9627 mgc: 0.0002863379 ustep: 1 
iter: 3  mgc: 6.492291e-10 
iter: 1  mgc: 6.492291e-10 
outer mgc:  0.6855342 
iter: 1  value: 324.8031 mgc: 0.4670005 ustep: 1 
iter: 2  value: 324.8031 mgc: 0.000336208 ustep: 1 
iter: 3  mgc: 4.587193e-10 
iter: 1  value: 324.514 mgc: 0.8955117 ustep: 1 
iter: 2  value: 324.514 mgc: 0.001816028 ustep: 1 
iter: 3  value: 324.514 mgc: 1.657615e-08 ustep: 1 
mgc: 2.575717e-14 
iter: 1  value: 324.0368 mgc: 1.193389 ustep: 1 
iter: 2  value: 324.0368 mgc: 0.004752169 ustep: 1 
iter: 3  value: 324.0368 mgc: 2.000149e-07 ustep: 1 
iter: 4  mgc: 3.530509e-14 
iter: 1  mgc: 3.530509e-14 
outer mgc:  2.354232 
iter: 1  value: 323.0886 mgc: 5.175766 ustep: 1 
iter: 2  value: 323.0885 mgc: 0.03448498 ustep: 1 
iter: 3  value: 323.0885 mgc: 1.754513e-05 ustep: 1 
iter: 4  mgc: 9.701573e-12 
iter: 1  mgc: 9.701573e-12 
outer mgc:  4.819354 
iter: 1  value: 322.7084 mgc: 9.804927 ustep: 1 
iter: 2  value: 322.7029 mgc: 0.2272021 ustep: 1 
iter: 3  value: 322.7029 mgc: 0.001317713 ustep: 1 
iter: 4  value: 322.7029 mgc: 4.68841e-08 ustep: 1 
mgc: 2.642331e-14 
iter: 1  value: 322.7272 mgc: 4.727136 ustep: 1 
iter: 2  value: 322.7271 mgc: 0.02651865 ustep: 1 
iter: 3  value: 322.7271 mgc: 8.049232e-06 ustep: 1 
iter: 4  mgc: 1.597e-12 
iter: 1  mgc: 1.597e-12 
outer mgc:  3.91123 
iter: 1  value: 322.2434 mgc: 3.231049 ustep: 1 
iter: 2  value: 322.2433 mgc: 0.01118855 ustep: 1 
iter: 3  value: 322.2433 mgc: 7.858843e-07 ustep: 1 
iter: 4  mgc: 3.108624e-14 
iter: 1  mgc: 3.108624e-14 
outer mgc:  2.007333 
iter: 1  value: 322.033 mgc: 3.58773 ustep: 1 
iter: 2  value: 322.0329 mgc: 0.02377912 ustep: 1 
iter: 3  value: 322.0329 mgc: 7.142976e-06 ustep: 1 
iter: 4  mgc: 6.71907e-13 
iter: 1  value: 322.2172 mgc: 2.870482 ustep: 1 
iter: 2  value: 322.2172 mgc: 0.005578424 ustep: 1 
iter: 3  value: 322.2172 mgc: 4.050943e-07 ustep: 1 
iter: 4  mgc: 2.930989e-14 
iter: 1  value: 322.1829 mgc: 1.176976 ustep: 1 
iter: 2  value: 322.1829 mgc: 0.001362196 ustep: 1 
iter: 3  value: 322.1829 mgc: 1.643481e-08 ustep: 1 
mgc: 2.270406e-14 
iter: 1  mgc: 2.270406e-14 
outer mgc:  2.365019 
iter: 1  value: 322.1576 mgc: 0.9767707 ustep: 1 
iter: 2  value: 322.1576 mgc: 0.001947068 ustep: 1 
iter: 3  value: 322.1576 mgc: 2.155839e-08 ustep: 1 
mgc: 3.641532e-14 
iter: 1  mgc: 3.641532e-14 
outer mgc:  0.6554347 
iter: 1  value: 322.1006 mgc: 0.6166916 ustep: 1 
iter: 2  value: 322.1006 mgc: 0.0007672021 ustep: 1 
iter: 3  mgc: 7.853488e-09 
iter: 1  mgc: 7.853488e-09 
outer mgc:  1.044751 
iter: 1  value: 322.0221 mgc: 0.5110484 ustep: 1 
iter: 2  value: 322.0221 mgc: 0.0001549896 ustep: 1 
iter: 3  mgc: 4.160832e-10 
iter: 1  value: 321.9049 mgc: 0.2173105 ustep: 1 
iter: 2  value: 321.9049 mgc: 0.0001848367 ustep: 1 
iter: 3  mgc: 2.761267e-10 
iter: 1  value: 321.5298 mgc: 0.9159788 ustep: 1 
iter: 2  value: 321.5298 mgc: 0.002303463 ustep: 1 
iter: 3  value: 321.5298 mgc: 4.026482e-08 ustep: 1 
mgc: 3.952394e-14 
iter: 1  mgc: 3.952394e-14 
outer mgc:  0.8986932 
iter: 1  value: 321.004 mgc: 1.227587 ustep: 1 
iter: 2  value: 321.004 mgc: 0.01256096 ustep: 1 
iter: 3  value: 321.004 mgc: 1.44459e-06 ustep: 1 
iter: 4  mgc: 3.730349e-14 
iter: 1  mgc: 3.730349e-14 
outer mgc:  0.794547 
iter: 1  value: 320.6635 mgc: 3.459379 ustep: 1 
iter: 2  value: 320.6635 mgc: 0.004555279 ustep: 1 
iter: 3  value: 320.6635 mgc: 2.743578e-07 ustep: 1 
iter: 4  mgc: 4.218847e-14 
iter: 1  mgc: 4.218847e-14 
outer mgc:  1.528104 
iter: 1  value: 320.3399 mgc: 2.391874 ustep: 1 
iter: 2  value: 320.3399 mgc: 0.009135673 ustep: 1 
iter: 3  value: 320.3399 mgc: 1.261033e-06 ustep: 1 
iter: 4  mgc: 2.220446e-14 
iter: 1  mgc: 2.220446e-14 
outer mgc:  1.209653 
iter: 1  value: 319.9409 mgc: 2.813821 ustep: 1 
iter: 2  value: 319.9409 mgc: 0.004804378 ustep: 1 
iter: 3  value: 319.9409 mgc: 1.525333e-07 ustep: 1 
iter: 4  mgc: 6.439294e-14 
iter: 1  mgc: 6.439294e-14 
outer mgc:  0.9928767 
iter: 1  value: 319.5634 mgc: 2.292805 ustep: 1 
iter: 2  value: 319.5634 mgc: 0.019467 ustep: 1 
iter: 3  value: 319.5634 mgc: 2.483976e-06 ustep: 1 
iter: 4  mgc: 6.283862e-14 
iter: 1  mgc: 6.283862e-14 
outer mgc:  1.144512 
iter: 1  value: 318.9409 mgc: 1.195648 ustep: 1 
iter: 2  value: 318.9409 mgc: 0.004680893 ustep: 1 
iter: 3  value: 318.9409 mgc: 2.739415e-07 ustep: 1 
iter: 4  mgc: 2.398082e-14 
iter: 1  mgc: 2.398082e-14 
outer mgc:  0.6129833 
iter: 1  value: 318.5016 mgc: 2.053225 ustep: 1 
iter: 2  value: 318.5016 mgc: 0.003530544 ustep: 1 
iter: 3  value: 318.5016 mgc: 4.932573e-08 ustep: 1 
mgc: 4.13003e-14 
iter: 1  mgc: 4.13003e-14 
outer mgc:  1.122923 
iter: 1  value: 318.1598 mgc: 1.090794 ustep: 1 
iter: 2  value: 318.1598 mgc: 0.001268465 ustep: 1 
iter: 3  value: 318.1598 mgc: 1.241077e-08 ustep: 1 
mgc: 1.687539e-14 
iter: 1  mgc: 1.687539e-14 
outer mgc:  0.6801239 
iter: 1  value: 317.7536 mgc: 0.9592646 ustep: 1 
iter: 2  value: 317.7536 mgc: 0.0005169405 ustep: 1 
iter: 3  mgc: 2.70313e-09 
iter: 1  mgc: 2.70313e-09 
outer mgc:  1.047542 
iter: 1  value: 317.4221 mgc: 0.9009122 ustep: 1 
iter: 2  value: 317.4221 mgc: 0.0009126006 ustep: 1 
iter: 3  mgc: 5.116722e-09 
iter: 1  mgc: 5.116722e-09 
outer mgc:  1.074367 
iter: 1  value: 317.0985 mgc: 1.171147 ustep: 1 
iter: 2  value: 317.0985 mgc: 0.0006494921 ustep: 1 
iter: 3  mgc: 1.450345e-09 
iter: 1  mgc: 1.450345e-09 
outer mgc:  0.3880128 
iter: 1  value: 316.7324 mgc: 0.7749847 ustep: 1 
iter: 2  value: 316.7324 mgc: 0.0002887121 ustep: 1 
iter: 3  mgc: 2.033556e-10 
iter: 1  value: 315.9363 mgc: 1.890568 ustep: 1 
iter: 2  value: 315.9363 mgc: 0.001438863 ustep: 1 
iter: 3  mgc: 4.433853e-09 
iter: 1  mgc: 4.433853e-09 
outer mgc:  0.4768151 
iter: 1  value: 314.9669 mgc: 2.341735 ustep: 1 
iter: 2  value: 314.9669 mgc: 0.0008898903 ustep: 1 
iter: 3  mgc: 3.85216e-09 
iter: 1  mgc: 3.85216e-09 
outer mgc:  0.3462082 
iter: 1  value: 313.9671 mgc: 2.312194 ustep: 1 
iter: 2  value: 313.9671 mgc: 0.00103329 ustep: 1 
iter: 3  mgc: 6.995089e-09 
iter: 1  mgc: 6.995089e-09 
outer mgc:  0.6332567 
iter: 1  value: 313.0319 mgc: 2.174289 ustep: 1 
iter: 2  value: 313.0319 mgc: 0.0001979137 ustep: 1 
iter: 3  mgc: 9.484649e-10 
iter: 1  mgc: 9.484649e-10 
outer mgc:  0.1977494 
iter: 1  value: 312.2147 mgc: 1.922224 ustep: 1 
iter: 2  value: 312.2147 mgc: 0.0001363266 ustep: 1 
iter: 3  mgc: 3.138516e-10 
iter: 1  value: 311.4435 mgc: 1.881914 ustep: 1 
iter: 2  value: 311.4435 mgc: 0.000142036 ustep: 1 
iter: 3  mgc: 3.723866e-10 
iter: 1  mgc: 3.723866e-10 
outer mgc:  0.2291112 
iter: 1  value: 310.1026 mgc: 2.786132 ustep: 1 
iter: 2  value: 310.1026 mgc: 0.0006497383 ustep: 1 
iter: 3  mgc: 2.214829e-09 
iter: 1  mgc: 2.214829e-09 
outer mgc:  0.4521738 
iter: 1  value: 308.8727 mgc: 4.430765 ustep: 1 
iter: 2  value: 308.8727 mgc: 0.0006712185 ustep: 1 
iter: 3  mgc: 2.32524e-09 
iter: 1  mgc: 2.32524e-09 
outer mgc:  0.2985354 
iter: 1  value: 307.8078 mgc: 2.996863 ustep: 1 
iter: 2  value: 307.8078 mgc: 0.0001811591 ustep: 1 
iter: 3  mgc: 3.156213e-10 
iter: 1  mgc: 3.156213e-10 
outer mgc:  0.09456218 
iter: 1  value: 306.8078 mgc: 2.650504 ustep: 1 
iter: 2  value: 306.8078 mgc: 4.564857e-05 ustep: 1 
iter: 3  mgc: 5.3344e-12 
iter: 1  mgc: 5.3344e-12 
outer mgc:  0.1265201 
iter: 1  value: 304.5277 mgc: 6.523865 ustep: 1 
iter: 2  value: 304.5277 mgc: 6.846119e-05 ustep: 1 
iter: 3  mgc: 2.156297e-11 
iter: 1  mgc: 2.156297e-11 
outer mgc:  0.06352886 
iter: 1  value: 302.5994 mgc: 12.3841 ustep: 1 
iter: 2  value: 302.5994 mgc: 0.0001270003 ustep: 1 
iter: 3  mgc: 1.123601e-10 
iter: 1  mgc: 1.123601e-10 
outer mgc:  0.1037828 
iter: 1  value: 301.0403 mgc: 9.037703 ustep: 1 
iter: 2  value: 301.0403 mgc: 4.150654e-05 ustep: 1 
iter: 3  mgc: 4.049427e-12 
iter: 1  mgc: 4.049427e-12 
outer mgc:  0.02959933 
iter: 1  value: 299.7019 mgc: 6.196624 ustep: 1 
iter: 2  value: 299.7019 mgc: 9.464862e-06 ustep: 1 
iter: 3  mgc: 1.25544e-12 
iter: 1  mgc: 1.25544e-12 
outer mgc:  0.01561796 
iter: 1  value: 297.5001 mgc: 5.388605 ustep: 1 
iter: 2  value: 297.5001 mgc: 2.425312e-06 ustep: 1 
iter: 3  mgc: 2.354561e-12 
iter: 1  mgc: 2.354561e-12 
outer mgc:  0.02902708 
iter: 1  value: 295.7052 mgc: 9.287751 ustep: 1 
iter: 2  value: 295.7052 mgc: 3.561206e-06 ustep: 1 
iter: 3  mgc: 2.644995e-12 
iter: 1  mgc: 2.644995e-12 
outer mgc:  0.02461416 
iter: 1  value: 294.1734 mgc: 4.49805 ustep: 1 
iter: 2  value: 294.1734 mgc: 2.413477e-06 ustep: 1 
iter: 3  mgc: 2.941092e-12 
iter: 1  mgc: 2.941092e-12 
outer mgc:  0.004149543 
iter: 1  value: 291.9709 mgc: 6.753067 ustep: 1 
iter: 2  value: 291.9709 mgc: 5.274808e-07 ustep: 1 
iter: 3  mgc: 4.332756e-12 
iter: 1  mgc: 4.332756e-12 
outer mgc:  0.005111819 
iter: 1  value: 290.1684 mgc: 6.005396 ustep: 1 
iter: 2  value: 290.1684 mgc: 1.162714e-07 ustep: 1 
mgc: 8.428092e-12 
iter: 1  mgc: 8.428092e-12 
outer mgc:  0.004412203 
iter: 1  value: 288.0616 mgc: 6.205315 ustep: 1 
iter: 2  value: 288.0616 mgc: 5.741958e-08 ustep: 1 
mgc: 8.712031e-12 
iter: 1  mgc: 8.712031e-12 
outer mgc:  0.002739182 
iter: 1  value: 286.3223 mgc: 5.506726 ustep: 1 
iter: 2  value: 286.3223 mgc: 2.072372e-08 ustep: 1 
mgc: 1.48801e-11 
iter: 1  mgc: 1.48801e-11 
outer mgc:  0.001814108 
iter: 1  value: 284.161 mgc: 6.730045 ustep: 1 
iter: 2  value: 284.161 mgc: 2.121361e-08 ustep: 1 
mgc: 3.041656e-11 
iter: 1  mgc: 3.041656e-11 
outer mgc:  0.001633154 
iter: 1  value: 282.3849 mgc: 6.230014 ustep: 1 
iter: 2  mgc: 8.003661e-09 
iter: 1  mgc: 8.003661e-09 
outer mgc:  0.00119732 
iter: 1  value: 280.1991 mgc: 7.236654 ustep: 1 
iter: 2  mgc: 5.258867e-09 
iter: 1  mgc: 5.258867e-09 
outer mgc:  0.001045581 
iter: 1  value: 278.4064 mgc: 9.628802 ustep: 1 
iter: 2  mgc: 3.284398e-09 
iter: 1  mgc: 3.284398e-09 
outer mgc:  0.0008124896 
iter: 1  value: 276.174 mgc: 8.237041 ustep: 1 
iter: 2  mgc: 2.32078e-09 
iter: 1  mgc: 2.32078e-09 
outer mgc:  0.0007274549 
iter: 1  value: 274.3501 mgc: 16.32396 ustep: 1 
iter: 2  mgc: 1.414662e-09 
iter: 1  mgc: 1.414662e-09 
outer mgc:  0.0005875545 
iter: 1  value: 272.0576 mgc: 11.44292 ustep: 1 
iter: 2  mgc: 9.352883e-10 
iter: 1  mgc: 9.352883e-10 
outer mgc:  0.0005416218 
iter: 1  value: 270.194 mgc: 31.73178 ustep: 1 
iter: 2  mgc: 6.009386e-10 
iter: 1  mgc: 6.009386e-10 
outer mgc:  0.0003955073 
iter: 1  mgc: 6.009386e-10 
iter: 1  mgc: 6.009386e-10 
outer mgc:  0.0003955073 
iter: 1  value: 270.1933 mgc: 0.0282044 ustep: 1 
iter: 2  value: 270.1933 mgc: 7.335987e-06 ustep: 1 
iter: 3  mgc: 3.833546e-10 
outer mgc:  0.02865587 
iter: 1  value: 270.1947 mgc: 0.02818593 ustep: 1 
iter: 2  value: 270.1947 mgc: 7.341167e-06 ustep: 1 
iter: 3  mgc: 2.946265e-10 
outer mgc:  0.02846752 
iter: 1  value: 270.1936 mgc: 0.01353604 ustep: 1 
iter: 2  value: 270.1936 mgc: 1.666867e-06 ustep: 1 
iter: 3  mgc: 1.392948e-09 
outer mgc:  0.0401544 
iter: 1  value: 270.1944 mgc: 0.01352623 ustep: 1 
iter: 2  value: 270.1944 mgc: 1.665891e-06 ustep: 1 
iter: 3  mgc: 5.343277e-10 
outer mgc:  0.04029517 
iter: 1  value: 270.193 mgc: 0.02703675 ustep: 1 
iter: 2  value: 270.193 mgc: 2.595364e-06 ustep: 1 
iter: 3  mgc: 4.475527e-10 
outer mgc:  0.1493995 
iter: 1  value: 270.1951 mgc: 0.02701876 ustep: 1 
iter: 2  value: 270.1951 mgc: 2.593495e-06 ustep: 1 
iter: 3  mgc: 5.605069e-10 
outer mgc:  0.1491676 
iter: 1  value: 270.1937 mgc: 0.009928419 ustep: 1 
iter: 2  value: 270.1937 mgc: 2.70984e-07 ustep: 1 
iter: 3  mgc: 5.33564e-10 
outer mgc:  0.05985345 
iter: 1  value: 270.1943 mgc: 0.009920876 ustep: 1 
iter: 2  value: 270.1943 mgc: 2.706638e-07 ustep: 1 
iter: 3  mgc: 6.771972e-10 
outer mgc:  0.05962373 
iter: 1  value: 270.1933 mgc: 0.04132401 ustep: 1 
iter: 2  value: 270.1933 mgc: 6.104584e-06 ustep: 1 
iter: 3  mgc: 3.656826e-10 
outer mgc:  0.09323321 
iter: 1  value: 270.1947 mgc: 0.04131546 ustep: 1 
iter: 2  value: 270.1947 mgc: 6.110463e-06 ustep: 1 
iter: 3  mgc: 4.372573e-10 
outer mgc:  0.09303643 
iter: 1  value: 270.1935 mgc: 0.01783436 ustep: 1 
iter: 2  value: 270.1935 mgc: 7.192659e-07 ustep: 1 
iter: 3  mgc: 3.912852e-10 
outer mgc:  0.07472059 
iter: 1  value: 270.1946 mgc: 0.01782532 ustep: 1 
iter: 2  value: 270.1946 mgc: 7.182503e-07 ustep: 1 
iter: 3  mgc: 7.777712e-10 
outer mgc:  0.07457034 
iter: 1  value: 270.1967 mgc: 0.05152443 ustep: 1 
iter: 2  value: 270.1967 mgc: 2.126352e-06 ustep: 1 
iter: 3  mgc: 4.70145e-10 
outer mgc:  0.2765059 
iter: 1  value: 270.1915 mgc: 0.05152311 ustep: 1 
iter: 2  value: 270.1915 mgc: 2.122701e-06 ustep: 1 
iter: 3  mgc: 4.149725e-10 
outer mgc:  0.2767712 
iter: 1  value: 270.1956 mgc: 0.02844714 ustep: 1 
iter: 2  value: 270.1956 mgc: 7.12188e-07 ustep: 1 
iter: 3  mgc: 5.487455e-10 
outer mgc:  0.1801343 
iter: 1  value: 270.1925 mgc: 0.0284459 ustep: 1 
iter: 2  value: 270.1925 mgc: 7.125407e-07 ustep: 1 
iter: 3  mgc: 7.969434e-10 
outer mgc:  0.1802409 
iter: 1  value: 270.1911 mgc: 657.2692 ustep: 1 
iter: 2  value: 270.1911 mgc: 7.307079e-07 ustep: 1 
iter: 3  mgc: 3.631309e-10 
outer mgc:  0.00678776 
iter: 1  value: 270.1969 mgc: 657.2885 ustep: 1 
iter: 2  value: 270.1969 mgc: 7.312402e-07 ustep: 1 
iter: 3  mgc: 5.112023e-10 
outer mgc:  0.007394878 
iter: 1  value: 270.1935 mgc: 878.4095 ustep: 1 
iter: 2  value: 270.1935 mgc: 1.309594e-06 ustep: 1 
iter: 3  mgc: 3.801358e-10 
outer mgc:  0.02457649 
iter: 1  value: 270.1944 mgc: 878.606 ustep: 1 
iter: 2  value: 270.1944 mgc: 1.308719e-06 ustep: 1 
iter: 3  mgc: 5.872488e-10 
outer mgc:  0.02506959 
iter: 1  value: 270.1972 mgc: 917.7792 ustep: 1 
iter: 2  value: 270.1972 mgc: 8.161943e-07 ustep: 1 
iter: 3  mgc: 5.096998e-10 
outer mgc:  0.0187521 
iter: 1  value: 270.1908 mgc: 918.2554 ustep: 1 
iter: 2  value: 270.1908 mgc: 8.182422e-07 ustep: 1 
iter: 3  mgc: 1.634284e-10 
outer mgc:  0.01821473 
iter: 1  value: 270.194 mgc: 1.584048 ustep: 1 
iter: 2  mgc: 4.578329e-10 
outer mgc:  0.0003333464 
iter: 1  value: 270.194 mgc: 1.584045 ustep: 1 
iter: 2  mgc: 5.357137e-10 
outer mgc:  0.0003293103 
iter: 1  value: 270.194 mgc: 2.556069 ustep: 1 
iter: 2  mgc: 1.094956e-09 
outer mgc:  0.0003022793 
iter: 1  value: 270.194 mgc: 2.556066 ustep: 1 
iter: 2  mgc: 2.658389e-10 
outer mgc:  0.0004876353 
iter: 1  value: 270.194 mgc: 2.054628 ustep: 1 
iter: 2  mgc: 5.14266e-10 
outer mgc:  0.0005403729 
iter: 1  value: 270.194 mgc: 2.054628 ustep: 1 
iter: 2  mgc: 1.259522e-09 
outer mgc:  0.000313448 
iter: 1  value: 270.1962 mgc: 168.3006 ustep: 1 
iter: 2  value: 270.1962 mgc: 1.497732e-06 ustep: 1 
iter: 3  mgc: 8.587029e-10 
outer mgc:  0.03303099 
iter: 1  value: 270.1918 mgc: 168.4689 ustep: 1 
iter: 2  value: 270.1918 mgc: 1.501116e-06 ustep: 1 
iter: 3  mgc: 3.340676e-10 
outer mgc:  0.03321102 
iter: 1  value: 270.2 mgc: 2482.729 ustep: 1 
iter: 2  value: 270.2 mgc: 7.062323e-06 ustep: 1 
iter: 3  mgc: 2.238205e-10 
outer mgc:  0.09665636 
iter: 1  value: 270.188 mgc: 2485.213 ustep: 1 
iter: 2  value: 270.188 mgc: 7.091046e-06 ustep: 1 
iter: 3  mgc: 5.616196e-10 
outer mgc:  0.09709691 
iter: 1  value: 270.1962 mgc: 868.8507 ustep: 1 
iter: 2  value: 270.1962 mgc: 1.347289e-06 ustep: 1 
iter: 3  mgc: 7.307586e-10 
outer mgc:  0.03598568 
iter: 1  value: 270.1918 mgc: 869.72 ustep: 1 
iter: 2  value: 270.1918 mgc: 1.351703e-06 ustep: 1 
iter: 3  mgc: 4.29778e-10 
outer mgc:  0.03646625 
iter: 1  value: 270.1981 mgc: 2990.614 ustep: 1 
iter: 2  value: 270.1981 mgc: 6.197813e-06 ustep: 1 
iter: 3  mgc: 7.766165e-10 
outer mgc:  0.1605565 
iter: 1  value: 270.19 mgc: 2999.599 ustep: 1 
iter: 2  value: 270.19 mgc: 6.203472e-06 ustep: 1 
iter: 3  mgc: 4.886633e-10 
outer mgc:  0.1600142 
Warning message:
package ‘nnet’ was built under R version 3.6.3 
[Sun Aug 15 16:12:19 2021]
Finished job 0.
1 of 1 steps (100%) done
