Building DAG of jobs...
Using shell: /usr/bin/bash
Provided cores: 80
Rules claiming more threads will be scaled down.
Job counts:
	count	jobs
	1	inference_simulation_TMB_multiple
	1
Select jobs to execute...

[Sun Aug 15 14:33:40 2021]
rule inference_simulation_TMB_multiple:
    input: ../data/assessing_models_simulation/datasets/multiple_GenerationCnorm_100_100_80_7_0.005_NA_NA_NA_dataset1.RDS
    output: ../data/assessing_models_simulation/inference_results/TMB/nlminb/multiple_GenerationCnorm_100_100_80_7_0.005_diagREDMsinglelambda_NA_NA_NA_dataset1.RDS
    log: logs/inference/nlminb/simulation_GenerationCnorm_100_100_80_7_0.005_ModeldiagREDMsinglelambda_NA_NA_NA_dataset1.log
    jobid: 0
    wildcards: optimiser=nlminb, datasetgeneration=GenerationCnorm, n=100, nlambda=100, lmbda=80, d=7, beta_intensity=0.005, model=diagREDMsinglelambda, fixed_beta_intercept=NA, fixed_beta_slope=NA, sdRE_input=NA, itnum=1

Rscript 2_inference_TMB/run_TMB.R --input ../data/assessing_models_simulation/datasets/multiple_GenerationCnorm_100_100_80_7_0.005_NA_NA_NA_dataset1.RDS --output ../data/assessing_models_simulation/inference_results/TMB/nlminb/multiple_GenerationCnorm_100_100_80_7_0.005_diagREDMsinglelambda_NA_NA_NA_dataset1.RDS --model diagREDMsinglelambda --optimiser nlminb
Model: diagREDMsinglelambda 
Feature type: signatures 
Using nlminb: TRUE 
Simulation boolean: TRUE 
make: Nothing to be done for 'all'.
../data/assessing_models_simulation/datasets/multiple_GenerationCnorm_100_100_80_7_0.005_NA_NA_NA_dataset1.RDS[1] "../data/assessing_models_simulation/datasets/multiple_GenerationCnorm_100_100_80_7_0.005_NA_NA_NA_dataset1.RDS"
Reading file ../data/assessing_models_simulation/datasets/multiple_GenerationCnorm_100_100_80_7_0.005_NA_NA_NA_dataset1.RDS 
Loading required package: nnet
# weights:  21 (12 variable)
initial  value 39178.954941 
iter  10 value 37119.622186
final  value 36877.079335 
converged
Constructing atomic invpd
Constructing atomic D_lgamma
Constructing atomic invpd
Constructing atomic D_lgamma
Constructing atomic matmul
Constructing atomic invpd
Constructing atomic D_lgamma
Constructing atomic matmul
Optimizing tape... Done
iter: 1  value: 38308.73 mgc: 3.823704 ustep: 1 
iter: 2  value: 38298.54 mgc: 0.6483746 ustep: 1 
iter: 3  value: 38298.51 mgc: 0.06998426 ustep: 1 
iter: 4  value: 38298.51 mgc: 0.0007166398 ustep: 1 
iter: 5  value: 38298.51 mgc: 7.780468e-08 ustep: 1 
iter: 6  mgc: 1.550843e-15 
iter: 1  mgc: 1.550843e-15 
Matching hessian patterns... Done
outer mgc:  626.9843 
iter: 1  value: 37695.69 mgc: 1.487058 ustep: 1 
iter: 2  value: 37695.41 mgc: 0.4001821 ustep: 1 
iter: 3  value: 37695.41 mgc: 0.01204139 ustep: 1 
iter: 4  value: 37695.41 mgc: 1.277648e-05 ustep: 1 
iter: 5  mgc: 1.468758e-11 
iter: 1  value: 37107.77 mgc: 3.586385 ustep: 1 
iter: 2  value: 37107 mgc: 0.462878 ustep: 1 
iter: 3  value: 37107 mgc: 0.01541112 ustep: 1 
iter: 4  value: 37107 mgc: 3.651507e-05 ustep: 1 
iter: 5  mgc: 2.021894e-10 
iter: 1  mgc: 2.021894e-10 
outer mgc:  164.222 
iter: 1  value: 37886.09 mgc: 19.25176 ustep: 0.4367355 
iter: 2  value: 37347.88 mgc: 42.35904 ustep: 0.127301 
iter: 3  value: 37242.64 mgc: 10.08138 ustep: 0.1980182 
iter: 4  value: 37165.64 mgc: 17.60749 ustep: 0.4450479 
iter: 5  value: 37130.33 mgc: 5.757473 ustep: 0.6671524 
iter: 6  value: 37118.94 mgc: 7.583601 ustep: 0.1344353 
iter: 7  value: 37118.26 mgc: 3.087945 ustep: 0.3667176 
iter: 8  value: 37118.17 mgc: 0.3102196 ustep: 0.6056115 
iter: 9  value: 37118.16 mgc: 0.07584939 ustep: 0.7782327 
iter: 10  value: 37118.16 mgc: 0.01098863 ustep: 0.8821867 
iter: 11  value: 37118.16 mgc: 0.0009969503 ustep: 0.939254 
iter: 12  value: 37118.16 mgc: 4.38358e-05 ustep: 0.9691543 
iter: 13  value: 37118.16 mgc: 9.218523e-07 ustep: 0.9844579 
iter: 14  mgc: 9.508893e-09 
iter: 1  value: 36955.2 mgc: 9.418116 ustep: 1 
iter: 2  value: 36906.96 mgc: 7.629561 ustep: 1 
iter: 3  value: 36906.26 mgc: 1.158499 ustep: 1 
iter: 4  value: 36906.26 mgc: 0.07441014 ustep: 1 
iter: 5  value: 36906.26 mgc: 0.0003926318 ustep: 1 
iter: 6  value: 36906.26 mgc: 1.110833e-08 ustep: 1 
mgc: 1.953993e-14 
iter: 1  mgc: 1.953993e-14 
outer mgc:  76.12313 
iter: 1  value: 36740.71 mgc: 6.395177 ustep: 1 
iter: 2  value: 36738.93 mgc: 1.487428 ustep: 1 
iter: 3  value: 36738.92 mgc: 0.04261278 ustep: 1 
iter: 4  value: 36738.92 mgc: 0.0001645196 ustep: 1 
iter: 5  mgc: 3.417209e-09 
iter: 1  mgc: 3.417209e-09 
outer mgc:  166.3353 
iter: 1  value: 36655.4 mgc: 14.06545 ustep: 1 
iter: 2  value: 36652.02 mgc: 1.314512 ustep: 1 
iter: 3  value: 36652.02 mgc: 0.05279714 ustep: 1 
iter: 4  value: 36652.02 mgc: 0.0001042031 ustep: 1 
iter: 5  mgc: 4.118614e-10 
iter: 1  mgc: 4.118614e-10 
outer mgc:  148.066 
iter: 1  value: 36563.85 mgc: 8.491328 ustep: 1 
iter: 2  value: 36562.43 mgc: 0.8239722 ustep: 1 
iter: 3  value: 36562.43 mgc: 0.02245344 ustep: 1 
iter: 4  value: 36562.43 mgc: 1.850907e-05 ustep: 1 
iter: 5  mgc: 1.358241e-11 
iter: 1  mgc: 1.358241e-11 
outer mgc:  71.26699 
iter: 1  value: 36490.54 mgc: 8.32009 ustep: 1 
iter: 2  value: 36487.16 mgc: 1.274817 ustep: 1 
iter: 3  value: 36487.15 mgc: 0.04861037 ustep: 1 
iter: 4  value: 36487.15 mgc: 8.380695e-05 ustep: 1 
iter: 5  mgc: 2.528371e-10 
iter: 1  mgc: 2.528371e-10 
outer mgc:  133.4146 
iter: 1  value: 36421.21 mgc: 7.412519 ustep: 1 
iter: 2  value: 36400.78 mgc: 3.880453 ustep: 1 
iter: 3  value: 36400.69 mgc: 0.2979658 ustep: 1 
iter: 4  value: 36400.69 mgc: 0.002480582 ustep: 1 
iter: 5  value: 36400.69 mgc: 1.994419e-07 ustep: 1 
iter: 6  mgc: 3.241851e-14 
iter: 1  mgc: 3.241851e-14 
outer mgc:  85.76699 
iter: 1  value: 36433.63 mgc: 13.47097 ustep: 1 
iter: 2  value: 36381.18 mgc: 6.589506 ustep: 1 
iter: 3  value: 36381.03 mgc: 0.4366253 ustep: 1 
iter: 4  value: 36381.03 mgc: 0.003785926 ustep: 1 
iter: 5  value: 36381.03 mgc: 2.967229e-07 ustep: 1 
iter: 6  mgc: 3.019807e-14 
iter: 1  value: 36379.03 mgc: 7.882674 ustep: 1 
iter: 2  value: 36376 mgc: 1.23216 ustep: 1 
iter: 3  value: 36376 mgc: 0.02174095 ustep: 1 
iter: 4  value: 36376 mgc: 9.863918e-06 ustep: 1 
iter: 5  mgc: 2.067901e-12 
iter: 1  mgc: 2.067901e-12 
outer mgc:  99.14983 
iter: 1  value: 36336.49 mgc: 5.583807 ustep: 1 
iter: 2  value: 36336.38 mgc: 0.2404228 ustep: 1 
iter: 3  value: 36336.38 mgc: 0.001036119 ustep: 1 
iter: 4  value: 36336.38 mgc: 1.973128e-08 ustep: 1 
mgc: 3.652634e-14 
iter: 1  mgc: 3.652634e-14 
outer mgc:  47.34702 
iter: 1  value: 36306.45 mgc: 5.061696 ustep: 1 
iter: 2  value: 36306.21 mgc: 0.2893619 ustep: 1 
iter: 3  value: 36306.21 mgc: 0.001304618 ustep: 1 
iter: 4  value: 36306.21 mgc: 4.240124e-08 ustep: 1 
mgc: 3.180789e-14 
iter: 1  mgc: 3.180789e-14 
outer mgc:  61.37648 
iter: 1  value: 36272.32 mgc: 4.642501 ustep: 1 
iter: 2  value: 36271.65 mgc: 0.6412098 ustep: 1 
iter: 3  value: 36271.65 mgc: 0.009049964 ustep: 1 
iter: 4  value: 36271.65 mgc: 2.201846e-06 ustep: 1 
iter: 5  mgc: 1.310063e-13 
iter: 1  mgc: 1.310063e-13 
outer mgc:  43.17589 
iter: 1  value: 36255 mgc: 4.654572 ustep: 1 
iter: 2  value: 36254.42 mgc: 0.5045999 ustep: 1 
iter: 3  value: 36254.42 mgc: 0.004706636 ustep: 1 
iter: 4  value: 36254.42 mgc: 4.930482e-07 ustep: 1 
iter: 5  mgc: 3.28626e-14 
iter: 1  mgc: 3.28626e-14 
outer mgc:  98.70347 
iter: 1  value: 36222.03 mgc: 6.45185 ustep: 1 
iter: 2  value: 36221.73 mgc: 0.4203142 ustep: 1 
iter: 3  value: 36221.73 mgc: 0.002568273 ustep: 1 
iter: 4  value: 36221.73 mgc: 1.037747e-07 ustep: 1 
iter: 5  mgc: 2.975398e-14 
iter: 1  mgc: 2.975398e-14 
outer mgc:  76.29257 
iter: 1  value: 36209.93 mgc: 9.101012 ustep: 1 
iter: 2  value: 36209.71 mgc: 0.3576305 ustep: 1 
iter: 3  value: 36209.71 mgc: 0.001181905 ustep: 1 
iter: 4  value: 36209.71 mgc: 2.147365e-08 ustep: 1 
mgc: 3.019807e-14 
iter: 1  value: 36212.02 mgc: 4.772166 ustep: 1 
iter: 2  value: 36211.95 mgc: 0.1420724 ustep: 1 
iter: 3  value: 36211.95 mgc: 0.0002460387 ustep: 1 
iter: 4  mgc: 1.020428e-09 
iter: 1  mgc: 1.020428e-09 
outer mgc:  61.70771 
iter: 1  value: 36192.66 mgc: 2.49781 ustep: 1 
iter: 2  value: 36192.65 mgc: 0.06346232 ustep: 1 
iter: 3  value: 36192.65 mgc: 4.165669e-05 ustep: 1 
iter: 4  mgc: 2.027889e-11 
iter: 1  mgc: 2.027889e-11 
outer mgc:  36.60684 
iter: 1  value: 36178.5 mgc: 2.156476 ustep: 1 
iter: 2  value: 36178.49 mgc: 0.04121534 ustep: 1 
iter: 3  value: 36178.49 mgc: 4.043977e-05 ustep: 1 
iter: 4  mgc: 4.494449e-11 
iter: 1  mgc: 4.494449e-11 
outer mgc:  30.85855 
iter: 1  value: 36159.95 mgc: 1.778251 ustep: 1 
iter: 2  value: 36159.94 mgc: 0.05778191 ustep: 1 
iter: 3  value: 36159.94 mgc: 7.586325e-05 ustep: 1 
iter: 4  mgc: 1.379261e-10 
iter: 1  mgc: 1.379261e-10 
outer mgc:  24.65216 
iter: 1  value: 36145 mgc: 2.729895 ustep: 1 
iter: 2  value: 36144.99 mgc: 0.04084621 ustep: 1 
iter: 3  value: 36144.99 mgc: 9.986235e-06 ustep: 1 
iter: 4  mgc: 7.944687e-13 
iter: 1  mgc: 7.944687e-13 
outer mgc:  51.39253 
iter: 1  value: 36127.41 mgc: 2.757934 ustep: 1 
iter: 2  value: 36127.41 mgc: 0.07307539 ustep: 1 
iter: 3  value: 36127.41 mgc: 4.877935e-05 ustep: 1 
iter: 4  mgc: 2.21525e-11 
iter: 1  mgc: 2.21525e-11 
outer mgc:  47.64483 
iter: 1  value: 36106.6 mgc: 1.59867 ustep: 1 
iter: 2  value: 36106.6 mgc: 0.02700348 ustep: 1 
iter: 3  value: 36106.6 mgc: 1.390977e-05 ustep: 1 
iter: 4  mgc: 3.884892e-12 
iter: 1  mgc: 3.884892e-12 
outer mgc:  13.97908 
iter: 1  value: 36091.58 mgc: 1.400609 ustep: 1 
iter: 2  value: 36091.58 mgc: 0.01841236 ustep: 1 
iter: 3  value: 36091.58 mgc: 3.69587e-06 ustep: 1 
iter: 4  mgc: 1.807443e-13 
iter: 1  mgc: 1.807443e-13 
outer mgc:  28.67158 
iter: 1  value: 36073.49 mgc: 1.850506 ustep: 1 
iter: 2  value: 36073.49 mgc: 0.03849998 ustep: 1 
iter: 3  value: 36073.49 mgc: 1.721707e-05 ustep: 1 
iter: 4  mgc: 3.494094e-12 
iter: 1  mgc: 3.494094e-12 
outer mgc:  45.58537 
iter: 1  value: 36059.68 mgc: 2.066745 ustep: 1 
iter: 2  value: 36059.68 mgc: 0.04272543 ustep: 1 
iter: 3  value: 36059.68 mgc: 1.966133e-05 ustep: 1 
iter: 4  mgc: 4.453327e-12 
iter: 1  mgc: 4.453327e-12 
outer mgc:  26.7849 
iter: 1  value: 36038.54 mgc: 1.244547 ustep: 1 
iter: 2  value: 36038.54 mgc: 0.01763516 ustep: 1 
iter: 3  value: 36038.54 mgc: 3.881932e-06 ustep: 1 
iter: 4  mgc: 1.945111e-13 
iter: 1  mgc: 1.945111e-13 
outer mgc:  11.54255 
iter: 1  value: 36030.56 mgc: 2.002254 ustep: 1 
iter: 2  value: 36030.56 mgc: 0.01798754 ustep: 1 
iter: 3  value: 36030.56 mgc: 5.044819e-06 ustep: 1 
iter: 4  mgc: 7.434053e-13 
iter: 1  value: 36035.04 mgc: 0.8312395 ustep: 1 
iter: 2  value: 36035.04 mgc: 0.003843111 ustep: 1 
iter: 3  value: 36035.04 mgc: 1.680921e-07 ustep: 1 
iter: 4  mgc: 2.758904e-14 
iter: 1  mgc: 2.758904e-14 
outer mgc:  21.68153 
iter: 1  value: 36028.79 mgc: 1.031979 ustep: 1 
iter: 2  value: 36028.79 mgc: 0.004843974 ustep: 1 
iter: 3  value: 36028.79 mgc: 1.03179e-07 ustep: 1 
iter: 4  mgc: 2.597922e-14 
iter: 1  mgc: 2.597922e-14 
outer mgc:  20.90823 
iter: 1  value: 36023 mgc: 0.9392 ustep: 1 
iter: 2  value: 36023 mgc: 0.00367847 ustep: 1 
iter: 3  value: 36023 mgc: 6.235857e-08 ustep: 1 
mgc: 2.753353e-14 
iter: 1  mgc: 2.753353e-14 
outer mgc:  16.58291 
iter: 1  value: 36015.53 mgc: 0.8172211 ustep: 1 
iter: 2  value: 36015.53 mgc: 0.002750903 ustep: 1 
iter: 3  value: 36015.53 mgc: 3.51857e-08 ustep: 1 
mgc: 2.220446e-14 
iter: 1  mgc: 2.220446e-14 
outer mgc:  13.21267 
iter: 1  value: 36003.15 mgc: 0.9155551 ustep: 1 
iter: 2  value: 36003.15 mgc: 0.004643648 ustep: 1 
iter: 3  value: 36003.15 mgc: 2.941802e-07 ustep: 1 
iter: 4  mgc: 2.639555e-14 
iter: 1  mgc: 2.639555e-14 
outer mgc:  22.42401 
iter: 1  value: 35989.93 mgc: 1.095552 ustep: 1 
iter: 2  value: 35989.93 mgc: 0.01218553 ustep: 1 
iter: 3  value: 35989.93 mgc: 1.707972e-06 ustep: 1 
iter: 4  mgc: 3.730349e-14 
iter: 1  mgc: 3.730349e-14 
outer mgc:  17.90315 
iter: 1  value: 35982.09 mgc: 1.247743 ustep: 1 
iter: 2  value: 35982.09 mgc: 0.0073049 ustep: 1 
iter: 3  value: 35982.09 mgc: 2.336699e-07 ustep: 1 
iter: 4  mgc: 3.56104e-14 
iter: 1  value: 35987.21 mgc: 0.8399868 ustep: 1 
iter: 2  value: 35987.21 mgc: 0.003832936 ustep: 1 
iter: 3  value: 35987.21 mgc: 1.221803e-07 ustep: 1 
iter: 4  mgc: 3.463896e-14 
iter: 1  mgc: 3.463896e-14 
outer mgc:  28.83022 
iter: 1  value: 35984.93 mgc: 0.5139074 ustep: 1 
iter: 2  value: 35984.93 mgc: 0.001360538 ustep: 1 
iter: 3  mgc: 7.843539e-09 
iter: 1  mgc: 7.843539e-09 
outer mgc:  6.886154 
iter: 1  value: 35978.15 mgc: 0.5577051 ustep: 1 
iter: 2  value: 35978.15 mgc: 0.003337985 ustep: 1 
iter: 3  value: 35978.15 mgc: 1.24582e-07 ustep: 1 
mgc: 2.531308e-14 
iter: 1  mgc: 2.531308e-14 
outer mgc:  12.77464 
iter: 1  value: 35972 mgc: 0.6835075 ustep: 1 
iter: 2  value: 35972 mgc: 0.001690936 ustep: 1 
iter: 3  value: 35972 mgc: 2.344059e-08 ustep: 1 
mgc: 2.664535e-14 
iter: 1  mgc: 2.664535e-14 
outer mgc:  16.44718 
iter: 1  value: 35964.5 mgc: 0.7582816 ustep: 1 
iter: 2  value: 35964.5 mgc: 0.001756041 ustep: 1 
iter: 3  value: 35964.5 mgc: 2.323061e-08 ustep: 1 
mgc: 2.553513e-14 
iter: 1  mgc: 2.553513e-14 
outer mgc:  11.68024 
iter: 1  value: 35958.28 mgc: 0.5910898 ustep: 1 
iter: 2  value: 35958.28 mgc: 0.001206905 ustep: 1 
iter: 3  mgc: 5.218069e-09 
iter: 1  mgc: 5.218069e-09 
outer mgc:  11.27289 
iter: 1  value: 35950.62 mgc: 0.6131351 ustep: 1 
iter: 2  value: 35950.62 mgc: 0.0009526729 ustep: 1 
iter: 3  value: 35950.62 mgc: 1.970458e-08 ustep: 1 
mgc: 2.753353e-14 
iter: 1  mgc: 2.753353e-14 
outer mgc:  10.14191 
iter: 1  value: 35937.43 mgc: 0.8653861 ustep: 1 
iter: 2  value: 35937.43 mgc: 0.001968386 ustep: 1 
iter: 3  value: 35937.43 mgc: 5.340939e-08 ustep: 1 
mgc: 2.353673e-14 
iter: 1  mgc: 2.353673e-14 
outer mgc:  22.65788 
iter: 1  value: 35923.59 mgc: 1.041724 ustep: 1 
iter: 2  value: 35923.59 mgc: 0.00260697 ustep: 1 
iter: 3  value: 35923.59 mgc: 5.871043e-08 ustep: 1 
mgc: 2.664535e-14 
iter: 1  mgc: 2.664535e-14 
outer mgc:  19.51934 
iter: 1  value: 35915.38 mgc: 1.227032 ustep: 1 
iter: 2  value: 35915.38 mgc: 0.01061664 ustep: 1 
iter: 3  value: 35915.38 mgc: 8.269928e-07 ustep: 1 
iter: 4  mgc: 2.708944e-14 
iter: 1  value: 35921.65 mgc: 0.8513556 ustep: 1 
iter: 2  value: 35921.65 mgc: 0.00560106 ustep: 1 
iter: 3  value: 35921.65 mgc: 2.571092e-07 ustep: 1 
iter: 4  mgc: 2.930989e-14 
iter: 1  value: 35922.08 mgc: 0.412558 ustep: 1 
iter: 2  value: 35922.08 mgc: 0.001294894 ustep: 1 
iter: 3  value: 35922.08 mgc: 1.356126e-08 ustep: 1 
mgc: 2.930989e-14 
iter: 1  mgc: 2.930989e-14 
outer mgc:  8.356113 
iter: 1  value: 35919.59 mgc: 0.5002127 ustep: 1 
iter: 2  value: 35919.59 mgc: 0.0006751124 ustep: 1 
iter: 3  mgc: 1.190435e-09 
iter: 1  mgc: 1.190435e-09 
outer mgc:  17.83755 
iter: 1  value: 35917.3 mgc: 0.4782069 ustep: 1 
iter: 2  value: 35917.3 mgc: 0.000690922 ustep: 1 
iter: 3  mgc: 1.328826e-09 
iter: 1  mgc: 1.328826e-09 
outer mgc:  6.937359 
iter: 1  value: 35914.17 mgc: 0.377896 ustep: 1 
iter: 2  value: 35914.17 mgc: 0.0003306571 ustep: 1 
iter: 3  mgc: 2.714504e-10 
iter: 1  mgc: 2.714504e-10 
outer mgc:  9.535 
iter: 1  value: 35907.64 mgc: 0.3912121 ustep: 1 
iter: 2  value: 35907.64 mgc: 0.0004496023 ustep: 1 
iter: 3  mgc: 5.595604e-10 
iter: 1  value: 35897.85 mgc: 0.4172777 ustep: 1 
iter: 2  value: 35897.85 mgc: 0.0008611734 ustep: 1 
iter: 3  mgc: 6.486747e-09 
iter: 1  value: 35881.39 mgc: 0.7415491 ustep: 1 
iter: 2  value: 35881.39 mgc: 0.002471725 ustep: 1 
iter: 3  value: 35881.39 mgc: 4.985638e-08 ustep: 1 
mgc: 3.108624e-14 
iter: 1  mgc: 3.108624e-14 
outer mgc:  25.39083 
iter: 1  value: 35848.63 mgc: 1.382177 ustep: 1 
iter: 2  value: 35848.63 mgc: 0.006025408 ustep: 1 
iter: 3  value: 35848.63 mgc: 2.569613e-07 ustep: 1 
iter: 4  mgc: 2.78666e-14 
iter: 1  mgc: 2.78666e-14 
outer mgc:  21.95299 
iter: 1  value: 35817.51 mgc: 1.482441 ustep: 1 
iter: 2  value: 35817.51 mgc: 0.004325 ustep: 1 
iter: 3  value: 35817.51 mgc: 1.200558e-07 ustep: 1 
mgc: 2.309264e-14 
iter: 1  mgc: 2.309264e-14 
outer mgc:  17.8375 
iter: 1  value: 35787.99 mgc: 1.650198 ustep: 1 
iter: 2  value: 35787.99 mgc: 0.01191057 ustep: 1 
iter: 3  value: 35787.99 mgc: 7.972854e-07 ustep: 1 
iter: 4  mgc: 2.309264e-14 
iter: 1  mgc: 2.309264e-14 
outer mgc:  43.77508 
iter: 1  value: 35765.77 mgc: 1.514979 ustep: 1 
iter: 2  value: 35765.77 mgc: 0.006555994 ustep: 1 
iter: 3  value: 35765.77 mgc: 1.451526e-07 ustep: 1 
iter: 4  mgc: 2.342571e-14 
iter: 1  value: 35776.55 mgc: 1.129696 ustep: 1 
iter: 2  value: 35776.55 mgc: 0.003971995 ustep: 1 
iter: 3  value: 35776.55 mgc: 5.618461e-08 ustep: 1 
mgc: 2.176037e-14 
iter: 1  mgc: 2.176037e-14 
outer mgc:  25.82967 
iter: 1  value: 35763.63 mgc: 0.9388404 ustep: 1 
iter: 2  value: 35763.63 mgc: 0.001015106 ustep: 1 
iter: 3  mgc: 2.714181e-09 
iter: 1  mgc: 2.714181e-09 
outer mgc:  26.17495 
iter: 1  value: 35750.17 mgc: 0.7145035 ustep: 1 
iter: 2  value: 35750.17 mgc: 0.0003896968 ustep: 1 
iter: 3  mgc: 2.175082e-10 
iter: 1  mgc: 2.175082e-10 
outer mgc:  14.62863 
iter: 1  value: 35734.68 mgc: 0.9058956 ustep: 1 
iter: 2  value: 35734.68 mgc: 0.001024907 ustep: 1 
iter: 3  mgc: 5.673269e-09 
iter: 1  mgc: 5.673269e-09 
outer mgc:  11.95857 
iter: 1  value: 35720.12 mgc: 0.9635562 ustep: 1 
iter: 2  value: 35720.12 mgc: 0.0010624 ustep: 1 
iter: 3  mgc: 2.943469e-09 
iter: 1  mgc: 2.943469e-09 
outer mgc:  24.5305 
iter: 1  value: 35702.5 mgc: 1.285916 ustep: 1 
iter: 2  value: 35702.5 mgc: 0.001291836 ustep: 1 
iter: 3  mgc: 6.415773e-09 
iter: 1  mgc: 6.415773e-09 
outer mgc:  23.49395 
iter: 1  value: 35687.21 mgc: 0.6416332 ustep: 1 
iter: 2  value: 35687.21 mgc: 0.0002853284 ustep: 1 
iter: 3  mgc: 3.276281e-10 
iter: 1  mgc: 3.276281e-10 
outer mgc:  12.59166 
iter: 1  value: 35698.94 mgc: 1.642905 ustep: 1 
iter: 2  value: 35698.94 mgc: 0.002375424 ustep: 1 
iter: 3  value: 35698.94 mgc: 1.18661e-08 ustep: 1 
mgc: 2.220446e-14 
iter: 1  value: 35686.82 mgc: 0.1588092 ustep: 1 
iter: 2  value: 35686.82 mgc: 2.490219e-05 ustep: 1 
iter: 3  mgc: 9.432455e-13 
iter: 1  mgc: 9.432455e-13 
outer mgc:  3.631168 
iter: 1  value: 35686.11 mgc: 0.2074932 ustep: 1 
iter: 2  value: 35686.11 mgc: 2.268704e-05 ustep: 1 
iter: 3  mgc: 2.913225e-13 
iter: 1  mgc: 2.913225e-13 
outer mgc:  9.273554 
iter: 1  value: 35684.76 mgc: 0.1920257 ustep: 1 
iter: 2  value: 35684.76 mgc: 3.471871e-05 ustep: 1 
iter: 3  mgc: 1.0143e-12 
iter: 1  mgc: 1.0143e-12 
outer mgc:  4.180469 
iter: 1  value: 35683.05 mgc: 0.1515645 ustep: 1 
iter: 2  value: 35683.05 mgc: 1.151187e-05 ustep: 1 
iter: 3  mgc: 1.652012e-13 
iter: 1  mgc: 1.652012e-13 
outer mgc:  2.992385 
iter: 1  value: 35679.48 mgc: 0.1670252 ustep: 1 
iter: 2  value: 35679.48 mgc: 2.631206e-05 ustep: 1 
iter: 3  mgc: 7.736034e-13 
iter: 1  value: 35672.82 mgc: 0.2112531 ustep: 1 
iter: 2  value: 35672.82 mgc: 6.681636e-05 ustep: 1 
iter: 3  mgc: 1.575096e-11 
iter: 1  value: 35655.94 mgc: 0.5536877 ustep: 1 
iter: 2  value: 35655.94 mgc: 0.0004192215 ustep: 1 
iter: 3  mgc: 5.755805e-10 
iter: 1  mgc: 5.755805e-10 
outer mgc:  13.11018 
iter: 1  value: 35628.19 mgc: 1.105426 ustep: 1 
iter: 2  value: 35628.19 mgc: 0.001218395 ustep: 1 
iter: 3  mgc: 4.288832e-09 
iter: 1  value: 35599.19 mgc: 1.000574 ustep: 1 
iter: 2  value: 35599.19 mgc: 0.001148158 ustep: 1 
iter: 3  mgc: 3.326345e-09 
iter: 1  mgc: 3.326345e-09 
outer mgc:  9.48806 
iter: 1  value: 35544.85 mgc: 2.459388 ustep: 1 
iter: 2  value: 35544.85 mgc: 0.005367964 ustep: 1 
iter: 3  value: 35544.85 mgc: 5.528981e-08 ustep: 1 
mgc: 2.442491e-14 
iter: 1  value: 35574.87 mgc: 1.271214 ustep: 1 
iter: 2  value: 35574.87 mgc: 0.002011571 ustep: 1 
iter: 3  mgc: 8.926325e-09 
iter: 1  value: 35590.86 mgc: 0.690748 ustep: 1 
iter: 2  value: 35590.86 mgc: 0.0008444577 ustep: 1 
iter: 3  mgc: 1.67964e-09 
iter: 1  value: 35598.72 mgc: 0.3133375 ustep: 1 
iter: 2  value: 35598.72 mgc: 0.0002099773 ustep: 1 
iter: 3  mgc: 9.836842e-11 
iter: 1  mgc: 9.836842e-11 
outer mgc:  16.26491 
iter: 1  value: 35598.41 mgc: 0.2526901 ustep: 1 
iter: 2  value: 35598.41 mgc: 0.000101058 ustep: 1 
iter: 3  mgc: 1.72653e-11 
iter: 1  mgc: 1.72653e-11 
outer mgc:  7.529505 
iter: 1  value: 35596.24 mgc: 0.2138027 ustep: 1 
iter: 2  value: 35596.24 mgc: 1.356806e-05 ustep: 1 
iter: 3  mgc: 1.598721e-13 
iter: 1  mgc: 1.598721e-13 
outer mgc:  2.884168 
iter: 1  value: 35594.06 mgc: 0.1368742 ustep: 1 
iter: 2  value: 35594.06 mgc: 1.02219e-05 ustep: 1 
iter: 3  mgc: 6.661338e-14 
iter: 1  mgc: 6.661338e-14 
outer mgc:  3.541715 
iter: 1  value: 35589.5 mgc: 0.234981 ustep: 1 
iter: 2  value: 35589.5 mgc: 2.838608e-05 ustep: 1 
iter: 3  mgc: 1.918465e-12 
iter: 1  value: 35577.51 mgc: 0.4259496 ustep: 1 
iter: 2  value: 35577.51 mgc: 0.0001548223 ustep: 1 
iter: 3  mgc: 5.442935e-11 
iter: 1  value: 35542.21 mgc: 1.314672 ustep: 1 
iter: 2  value: 35542.21 mgc: 0.001219024 ustep: 1 
iter: 3  mgc: 2.872836e-09 
iter: 1  mgc: 2.872836e-09 
outer mgc:  11.36469 
iter: 1  value: 35488.88 mgc: 2.276181 ustep: 1 
iter: 2  value: 35488.88 mgc: 0.002232748 ustep: 1 
iter: 3  mgc: 7.691195e-09 
iter: 1  mgc: 7.691195e-09 
outer mgc:  10.03453 
iter: 1  value: 35436.77 mgc: 2.000862 ustep: 1 
iter: 2  value: 35436.77 mgc: 0.001373331 ustep: 1 
iter: 3  mgc: 2.330687e-09 
iter: 1  mgc: 2.330687e-09 
outer mgc:  7.738469 
iter: 1  value: 35384.13 mgc: 2.063292 ustep: 1 
iter: 2  value: 35384.13 mgc: 0.0009491898 ustep: 1 
iter: 3  mgc: 8.991385e-10 
iter: 1  mgc: 8.991385e-10 
outer mgc:  6.58714 
iter: 1  value: 35330.03 mgc: 2.241172 ustep: 1 
iter: 2  value: 35330.03 mgc: 0.0009794166 ustep: 1 
iter: 3  mgc: 7.593588e-10 
iter: 1  mgc: 7.593588e-10 
outer mgc:  6.486955 
iter: 1  value: 35276.2 mgc: 2.46534 ustep: 1 
iter: 2  value: 35276.2 mgc: 0.0006116025 ustep: 1 
iter: 3  mgc: 2.427853e-10 
iter: 1  mgc: 2.427853e-10 
outer mgc:  10.12894 
iter: 1  value: 35222.31 mgc: 2.426993 ustep: 1 
iter: 2  value: 35222.31 mgc: 0.0003741062 ustep: 1 
iter: 3  mgc: 7.579182e-11 
iter: 1  mgc: 7.579182e-11 
outer mgc:  6.799921 
iter: 1  value: 35167.23 mgc: 2.516991 ustep: 1 
iter: 2  value: 35167.23 mgc: 0.0003894267 ustep: 1 
iter: 3  mgc: 6.819967e-11 
iter: 1  mgc: 6.819967e-11 
outer mgc:  12.424 
iter: 1  value: 35111.89 mgc: 2.207745 ustep: 1 
iter: 2  value: 35111.89 mgc: 0.000268466 ustep: 1 
iter: 3  mgc: 2.659739e-11 
iter: 1  mgc: 2.659739e-11 
outer mgc:  3.59088 
iter: 1  value: 35056.62 mgc: 2.357013 ustep: 1 
iter: 2  value: 35056.62 mgc: 0.0001944838 ustep: 1 
iter: 3  mgc: 1.169731e-11 
iter: 1  mgc: 1.169731e-11 
outer mgc:  4.277497 
iter: 1  value: 35001 mgc: 2.474428 ustep: 1 
iter: 2  value: 35001 mgc: 0.0002243125 ustep: 1 
iter: 3  mgc: 1.293365e-11 
iter: 1  mgc: 1.293365e-11 
outer mgc:  2.492629 
iter: 1  value: 34945.54 mgc: 2.434167 ustep: 1 
iter: 2  value: 34945.54 mgc: 0.0001364511 ustep: 1 
iter: 3  mgc: 4.035883e-12 
iter: 1  value: 34810.6 mgc: 6.859489 ustep: 1 
iter: 2  value: 34810.6 mgc: 0.0005978019 ustep: 1 
iter: 3  mgc: 5.131362e-11 
iter: 1  mgc: 5.131362e-11 
outer mgc:  4.803614 
iter: 1  value: 34621.88 mgc: 12.01559 ustep: 1 
iter: 2  value: 34621.88 mgc: 0.0003895706 ustep: 1 
iter: 3  mgc: 1.419664e-11 
iter: 1  mgc: 1.419664e-11 
outer mgc:  3.507449 
iter: 1  value: 34511.98 mgc: 5.071042 ustep: 1 
iter: 2  value: 34511.98 mgc: 0.0001763073 ustep: 1 
iter: 3  mgc: 2.124523e-12 
iter: 1  mgc: 2.124523e-12 
outer mgc:  4.786587 
iter: 1  value: 34460.5 mgc: 2.410998 ustep: 1 
iter: 2  value: 34460.5 mgc: 7.330238e-06 ustep: 1 
iter: 3  mgc: 1.64313e-14 
iter: 1  mgc: 1.64313e-14 
outer mgc:  0.6524804 
iter: 1  value: 34408.89 mgc: 2.383799 ustep: 1 
iter: 2  value: 34408.89 mgc: 7.732275e-06 ustep: 1 
iter: 3  mgc: 2.242651e-14 
iter: 1  mgc: 2.242651e-14 
outer mgc:  0.6137223 
iter: 1  value: 34267.32 mgc: 7.860403 ustep: 1 
iter: 2  value: 34267.32 mgc: 4.362132e-05 ustep: 1 
iter: 3  mgc: 9.414691e-14 
iter: 1  mgc: 9.414691e-14 
outer mgc:  0.3685511 
iter: 1  value: 34136.45 mgc: 7.140772 ustep: 1 
iter: 2  value: 34136.45 mgc: 1.813396e-05 ustep: 1 
iter: 3  mgc: 2.04281e-14 
iter: 1  mgc: 2.04281e-14 
outer mgc:  0.1544312 
iter: 1  value: 34009.46 mgc: 6.963881 ustep: 1 
iter: 2  value: 34009.46 mgc: 4.571774e-06 ustep: 1 
iter: 3  mgc: 2.367551e-14 
iter: 1  mgc: 2.367551e-14 
outer mgc:  0.05658653 
iter: 1  value: 33884.12 mgc: 6.955141 ustep: 1 
iter: 2  value: 33884.12 mgc: 1.249337e-06 ustep: 1 
mgc: 3.08642e-14 
iter: 1  mgc: 3.08642e-14 
outer mgc:  0.05682298 
iter: 1  value: 33691.67 mgc: 12.59957 ustep: 1 
iter: 2  value: 33691.67 mgc: 9.42189e-06 ustep: 1 
iter: 3  mgc: 2.020606e-14 
iter: 1  mgc: 2.020606e-14 
outer mgc:  0.06648221 
iter: 1  value: 33362 mgc: 30.43417 ustep: 1 
iter: 2  value: 33362 mgc: 0.0001228951 ustep: 1 
iter: 3  mgc: 9.077183e-13 
iter: 1  mgc: 9.077183e-13 
outer mgc:  0.05722833 
iter: 1  value: 32655.7 mgc: 183.721 ustep: 1 
iter: 2  value: 32655.7 mgc: 0.001632348 ustep: 1 
iter: 3  mgc: 4.030252e-10 
iter: 1  mgc: 4.030252e-10 
outer mgc:  0.09244898 
iter: 1  value: 32708.29 mgc: 2.080832 ustep: 1 
iter: 2  value: 32708.29 mgc: 1.430158e-05 ustep: 1 
iter: 3  mgc: 2.4869e-14 
iter: 1  mgc: 2.4869e-14 
outer mgc:  0.007994253 
iter: 1  value: 32684.45 mgc: 1.10108 ustep: 1 
iter: 2  value: 32684.45 mgc: 2.575903e-06 ustep: 1 
iter: 3  mgc: 2.398082e-14 
iter: 1  mgc: 2.398082e-14 
outer mgc:  0.003700663 
iter: 1  value: 32681.61 mgc: 0.1230891 ustep: 1 
iter: 2  mgc: 1.853186e-09 
iter: 1  mgc: 1.853186e-09 
outer mgc:  0.001338956 
iter: 1  mgc: 1.853186e-09 
iter: 1  mgc: 1.853186e-09 
outer mgc:  0.001338956 
iter: 1  value: 32681.61 mgc: 0.01229398 ustep: 1 
iter: 2  mgc: 9.663452e-10 
outer mgc:  0.9953938 
iter: 1  value: 32681.61 mgc: 0.01228484 ustep: 1 
iter: 2  mgc: 9.646852e-10 
outer mgc:  0.9947478 
iter: 1  value: 32681.61 mgc: 0.006715228 ustep: 1 
iter: 2  mgc: 2.121636e-10 
outer mgc:  0.4865927 
iter: 1  value: 32681.61 mgc: 0.006710205 ustep: 1 
iter: 2  mgc: 2.118128e-10 
outer mgc:  0.4866229 
iter: 1  value: 32681.61 mgc: 0.007890304 ustep: 1 
iter: 2  mgc: 2.865956e-10 
outer mgc:  0.5844051 
iter: 1  value: 32681.61 mgc: 0.007883187 ustep: 1 
iter: 2  mgc: 2.860299e-10 
outer mgc:  0.5837598 
iter: 1  value: 32681.61 mgc: 0.003259448 ustep: 1 
iter: 2  mgc: 3.854539e-11 
outer mgc:  0.2131394 
iter: 1  value: 32681.61 mgc: 0.003256501 ustep: 1 
iter: 2  mgc: 3.846301e-11 
outer mgc:  0.2126859 
iter: 1  value: 32681.61 mgc: 0.005939416 ustep: 1 
iter: 2  mgc: 1.322014e-10 
outer mgc:  0.4120007 
iter: 1  value: 32681.61 mgc: 0.005934295 ustep: 1 
iter: 2  mgc: 1.319748e-10 
outer mgc:  0.4110515 
iter: 1  value: 32681.61 mgc: 0.002304743 ustep: 1 
iter: 2  mgc: 2.399836e-11 
outer mgc:  0.1525376 
iter: 1  value: 32681.61 mgc: 0.0023027 ustep: 1 
iter: 2  mgc: 2.395284e-11 
outer mgc:  0.1521632 
iter: 1  value: 32681.6 mgc: 0.01233066 ustep: 1 
iter: 2  value: 32681.6 mgc: 1.758106e-08 ustep: 1 
mgc: 1.931788e-14 
outer mgc:  0.8691178 
iter: 1  value: 32681.61 mgc: 0.01232152 ustep: 1 
iter: 2  value: 32681.61 mgc: 1.755862e-08 ustep: 1 
mgc: 1.487699e-14 
outer mgc:  0.8673979 
iter: 1  value: 32681.6 mgc: 0.006207663 ustep: 1 
iter: 2  mgc: 4.60588e-09 
outer mgc:  0.4245842 
iter: 1  value: 32681.61 mgc: 0.006203391 ustep: 1 
iter: 2  mgc: 4.59933e-09 
outer mgc:  0.4235393 
iter: 1  value: 32681.61 mgc: 0.01217802 ustep: 1 
iter: 2  mgc: 9.451613e-10 
outer mgc:  0.9849228 
iter: 1  value: 32681.61 mgc: 0.01216879 ustep: 1 
iter: 2  mgc: 9.436061e-10 
outer mgc:  0.983532 
iter: 1  value: 32681.61 mgc: 0.006993616 ustep: 1 
iter: 2  mgc: 2.246647e-10 
outer mgc:  0.4717187 
iter: 1  value: 32681.61 mgc: 0.006989328 ustep: 1 
iter: 2  mgc: 2.242952e-10 
outer mgc:  0.4715214 
iter: 1  value: 32681.61 mgc: 0.0159271 ustep: 1 
iter: 2  mgc: 1.838457e-09 
outer mgc:  1.349493 
iter: 1  value: 32681.61 mgc: 0.01591934 ustep: 1 
iter: 2  mgc: 1.836654e-09 
outer mgc:  1.348931 
iter: 1  value: 32681.61 mgc: 0.009363044 ustep: 1 
iter: 2  mgc: 1.000814e-09 
outer mgc:  0.7864861 
iter: 1  value: 32681.61 mgc: 0.00936116 ustep: 1 
iter: 2  mgc: 9.999597e-10 
outer mgc:  0.7858553 
iter: 1  value: 32681.66 mgc: 0.006634673 ustep: 1 
mgc: 1.776357e-14 
outer mgc:  0.001338957 
iter: 1  value: 32681.56 mgc: 0.006641311 ustep: 1 
mgc: 2.131628e-14 
outer mgc:  0.001338955 
iter: 1  value: 32681.66 mgc: 0.00484037 ustep: 1 
mgc: 1.598721e-14 
outer mgc:  0.001338958 
iter: 1  value: 32681.56 mgc: 0.004845213 ustep: 1 
mgc: 1.598721e-14 
outer mgc:  0.001338954 
iter: 1  value: 32681.66 mgc: 0.004956252 ustep: 1 
iter: 2  mgc: 1.687539e-14 
outer mgc:  0.001339974 
iter: 1  value: 32681.56 mgc: 0.004961211 ustep: 1 
iter: 2  mgc: 1.865175e-14 
outer mgc:  0.001337938 
iter: 1  value: 32681.65 mgc: 0.008757784 ustep: 1 
iter: 2  value: 32681.65 mgc: 1.117183e-08 ustep: 1 
mgc: 1.953993e-14 
outer mgc:  0.00275417 
iter: 1  value: 32681.56 mgc: 0.00876655 ustep: 1 
iter: 2  value: 32681.56 mgc: 1.115048e-08 ustep: 1 
mgc: 2.4869e-14 
outer mgc:  0.0002573412 
iter: 1  value: 32681.66 mgc: 0.006780254 ustep: 1 
mgc: 1.335043e-14 
outer mgc:  0.001338989 
iter: 1  value: 32681.56 mgc: 0.006787037 ustep: 1 
mgc: 1.865175e-14 
outer mgc:  0.001338923 
iter: 1  value: 32681.66 mgc: 0.0107138 ustep: 1 
mgc: 1.64313e-14 
outer mgc:  0.001338993 
iter: 1  value: 32681.56 mgc: 0.01072452 ustep: 1 
mgc: 1.421085e-14 
outer mgc:  0.001338919 
iter: 1  value: 32681.6 mgc: 0.006091162 ustep: 1 
iter: 2  mgc: 5.396913e-09 
outer mgc:  0.2505886 
iter: 1  value: 32681.61 mgc: 0.006088787 ustep: 1 
iter: 2  mgc: 5.386735e-09 
outer mgc:  0.253386 
Warning message:
package ‘nnet’ was built under R version 3.6.3 
[Sun Aug 15 14:33:57 2021]
Finished job 0.
1 of 1 steps (100%) done
