Building DAG of jobs...
Using shell: /usr/bin/bash
Provided cores: 80
Rules claiming more threads will be scaled down.
Job counts:
	count	jobs
	1	inference_simulation_TMB_multiple
	1
Select jobs to execute...

[Sun Aug 15 13:40:30 2021]
rule inference_simulation_TMB_multiple:
    input: ../data/assessing_models_simulation/datasets/multiple_GenerationCnorm_20_100_10_6_4_NA_NA_NA_dataset1.RDS
    output: ../data/assessing_models_simulation/inference_results/TMB/nlminb/multiple_GenerationCnorm_20_100_10_6_4_diagREDM_NA_NA_NA_dataset1.RDS
    log: logs/inference/nlminb/simulation_GenerationCnorm_20_100_10_6_4_ModeldiagREDM_NA_NA_NA_dataset1.log
    jobid: 0
    wildcards: optimiser=nlminb, datasetgeneration=GenerationCnorm, n=20, nlambda=100, lmbda=10, d=6, beta_intensity=4, model=diagREDM, fixed_beta_intercept=NA, fixed_beta_slope=NA, sdRE_input=NA, itnum=1

Rscript 2_inference_TMB/run_TMB.R --input ../data/assessing_models_simulation/datasets/multiple_GenerationCnorm_20_100_10_6_4_NA_NA_NA_dataset1.RDS --output ../data/assessing_models_simulation/inference_results/TMB/nlminb/multiple_GenerationCnorm_20_100_10_6_4_diagREDM_NA_NA_NA_dataset1.RDS --model diagREDM --optimiser nlminb
Model: diagREDM 
Feature type: signatures 
Using nlminb: TRUE 
Simulation boolean: TRUE 
make: Nothing to be done for 'all'.
../data/assessing_models_simulation/datasets/multiple_GenerationCnorm_20_100_10_6_4_NA_NA_NA_dataset1.RDS[1] "../data/assessing_models_simulation/datasets/multiple_GenerationCnorm_20_100_10_6_4_NA_NA_NA_dataset1.RDS"
Reading file ../data/assessing_models_simulation/datasets/multiple_GenerationCnorm_20_100_10_6_4_NA_NA_NA_dataset1.RDS 
Loading required package: nnet
# weights:  18 (10 variable)
initial  value 7138.369725 
iter  10 value 6016.824405
final  value 5991.642533 
converged
Constructing atomic invpd
Constructing atomic D_lgamma
Constructing atomic invpd
Constructing atomic D_lgamma
Constructing atomic matmul
Constructing atomic invpd
Constructing atomic D_lgamma
Constructing atomic matmul
Optimizing tape... Done
iter: 1  value: 7692.798 mgc: 70.78953 ustep: 0.2494656 
iter: 2  value: 6490.142 mgc: 110.0518 ustep: 0.02697629 
iter: 3  value: 6155.184 mgc: 96.64786 ustep: 0.04387875 
iter: 4  value: 6016.524 mgc: 58.9462 ustep: 0.2095516 
iter: 5  value: 5974.446 mgc: 40.18231 ustep: 0.4578223 
iter: 6  value: 5969.953 mgc: 6.189695 ustep: 0.676658 
iter: 7  value: 5969.708 mgc: 0.7531915 ustep: 0.82261 
iter: 8  value: 5969.702 mgc: 0.06963652 ustep: 0.9069878 
iter: 9  value: 5969.702 mgc: 0.006872093 ustep: 0.9523638 
iter: 10  value: 5969.702 mgc: 0.0003622853 ustep: 0.9758937 
iter: 11  value: 5969.702 mgc: 9.739167e-06 ustep: 0.9878745 
iter: 12  value: 5969.702 mgc: 1.34217e-07 ustep: 0.9939194 
iter: 13  mgc: 9.388734e-10 
iter: 1  mgc: 9.388734e-10 
Matching hessian patterns... Done
outer mgc:  155.1911 
iter: 1  value: 5834.018 mgc: 18.61915 ustep: 1 
iter: 2  value: 5832 mgc: 4.213853 ustep: 1 
iter: 3  value: 5831.998 mgc: 0.1600178 ustep: 1 
iter: 4  value: 5831.998 mgc: 0.0005633858 ustep: 1 
iter: 5  value: 5831.998 mgc: 1.79658e-08 ustep: 1 
mgc: 4.060821e-12 
iter: 1  mgc: 4.060821e-12 
outer mgc:  55.11554 
iter: 1  value: 5757.529 mgc: 15.57486 ustep: 1 
iter: 2  value: 5756.736 mgc: 3.252971 ustep: 1 
iter: 3  value: 5756.735 mgc: 0.1099453 ustep: 1 
iter: 4  value: 5756.735 mgc: 0.0001952926 ustep: 1 
iter: 5  mgc: 9.01235e-10 
iter: 1  value: 5724.216 mgc: 13.76198 ustep: 1 
iter: 2  value: 5723.884 mgc: 2.061212 ustep: 1 
iter: 3  value: 5723.884 mgc: 0.04567962 ustep: 1 
iter: 4  value: 5723.884 mgc: 2.492393e-05 ustep: 1 
iter: 5  mgc: 1.412209e-11 
iter: 1  mgc: 1.412209e-11 
outer mgc:  39.32307 
iter: 1  value: 5740.981 mgc: 20.33804 ustep: 1 
iter: 2  value: 5740.068 mgc: 3.467442 ustep: 1 
iter: 3  value: 5740.067 mgc: 0.09103207 ustep: 1 
iter: 4  value: 5740.067 mgc: 0.0002308302 ustep: 1 
iter: 5  mgc: 1.503925e-09 
iter: 1  value: 5691.084 mgc: 10.9215 ustep: 1 
iter: 2  value: 5691.022 mgc: 0.8139599 ustep: 1 
iter: 3  value: 5691.022 mgc: 0.005463096 ustep: 1 
iter: 4  value: 5691.022 mgc: 3.953967e-07 ustep: 1 
iter: 5  mgc: 3.337219e-12 
iter: 1  mgc: 3.337219e-12 
outer mgc:  68.98455 
iter: 1  value: 5654.604 mgc: 23.30496 ustep: 1 
iter: 2  value: 5654.005 mgc: 1.507041 ustep: 1 
iter: 3  value: 5654.005 mgc: 0.02594685 ustep: 1 
iter: 4  value: 5654.005 mgc: 1.612375e-05 ustep: 1 
iter: 5  mgc: 1.731348e-11 
iter: 1  mgc: 1.731348e-11 
outer mgc:  69.20324 
iter: 1  value: 5612.87 mgc: 15.07746 ustep: 1 
iter: 2  value: 5612.758 mgc: 0.7901896 ustep: 1 
iter: 3  value: 5612.758 mgc: 0.006163183 ustep: 1 
iter: 4  value: 5612.758 mgc: 5.090932e-07 ustep: 1 
iter: 5  mgc: 2.273209e-12 
iter: 1  mgc: 2.273209e-12 
outer mgc:  38.8142 
iter: 1  value: 5581.051 mgc: 14.70958 ustep: 1 
iter: 2  value: 5580.838 mgc: 1.452335 ustep: 1 
iter: 3  value: 5580.838 mgc: 0.01643802 ustep: 1 
iter: 4  value: 5580.838 mgc: 3.807659e-06 ustep: 1 
iter: 5  mgc: 2.794265e-12 
iter: 1  mgc: 2.794265e-12 
outer mgc:  57.5692 
iter: 1  value: 5553.691 mgc: 18.15424 ustep: 1 
iter: 2  value: 5552.537 mgc: 2.251365 ustep: 1 
iter: 3  value: 5552.536 mgc: 0.06090168 ustep: 1 
iter: 4  value: 5552.536 mgc: 0.0001181334 ustep: 1 
iter: 5  mgc: 7.690857e-10 
iter: 1  mgc: 7.690857e-10 
outer mgc:  55.92148 
iter: 1  value: 5529.776 mgc: 8.013981 ustep: 1 
iter: 2  value: 5529.743 mgc: 0.4175411 ustep: 1 
iter: 3  value: 5529.743 mgc: 0.002074959 ustep: 1 
iter: 4  value: 5529.743 mgc: 9.695006e-08 ustep: 1 
iter: 5  mgc: 1.957767e-12 
iter: 1  mgc: 1.957767e-12 
outer mgc:  50.15516 
iter: 1  value: 5512.043 mgc: 19.36747 ustep: 1 
iter: 2  value: 5511.745 mgc: 1.28092 ustep: 1 
iter: 3  value: 5511.745 mgc: 0.02175538 ustep: 1 
iter: 4  value: 5511.745 mgc: 6.72281e-06 ustep: 1 
iter: 5  mgc: 1.707967e-12 
iter: 1  mgc: 1.707967e-12 
outer mgc:  53.75317 
iter: 1  value: 5484.323 mgc: 11.61807 ustep: 1 
iter: 2  value: 5484.288 mgc: 0.5792592 ustep: 1 
iter: 3  value: 5484.288 mgc: 0.004979078 ustep: 1 
iter: 4  value: 5484.288 mgc: 3.825495e-07 ustep: 1 
iter: 5  mgc: 1.490585e-12 
iter: 1  mgc: 1.490585e-12 
outer mgc:  29.95412 
iter: 1  value: 5445.403 mgc: 6.560534 ustep: 1 
iter: 2  value: 5445.369 mgc: 0.4092054 ustep: 1 
iter: 3  value: 5445.369 mgc: 0.01991058 ustep: 1 
iter: 4  value: 5445.369 mgc: 5.471732e-05 ustep: 1 
iter: 5  mgc: 4.168474e-10 
iter: 1  value: 5323.914 mgc: 17.3351 ustep: 1 
iter: 2  value: 5322 mgc: 2.364184 ustep: 1 
iter: 3  value: 5321.973 mgc: 0.3514142 ustep: 1 
iter: 4  value: 5321.973 mgc: 0.01309936 ustep: 1 
iter: 5  value: 5321.973 mgc: 2.011671e-05 ustep: 1 
iter: 6  mgc: 4.773376e-11 
iter: 1  value: 6036.911 mgc: 26.5312 ustep: 1 
iter: 2  value: 5954.739 mgc: 31.81162 ustep: 1 
iter: 3  value: 5952.091 mgc: 4.857057 ustep: 1 
iter: 4  value: 5952.052 mgc: 0.6773002 ustep: 1 
iter: 5  value: 5952.052 mgc: 0.02186565 ustep: 1 
iter: 6  value: 5952.052 mgc: 2.539078e-05 ustep: 1 
iter: 7  mgc: 3.434658e-11 
iter: 1  mgc: 4.773376e-11 
outer mgc:  19.61494 
iter: 1  value: 5418.875 mgc: 23.05095 ustep: 1 
iter: 2  value: 5412.917 mgc: 5.558084 ustep: 1 
iter: 3  value: 5412.897 mgc: 0.403586 ustep: 1 
iter: 4  value: 5412.897 mgc: 0.002934488 ustep: 1 
iter: 5  value: 5412.897 mgc: 1.594242e-07 ustep: 1 
iter: 6  mgc: 1.550648e-12 
iter: 1  value: 5313.643 mgc: 5.617304 ustep: 1 
iter: 2  value: 5313.632 mgc: 0.1648236 ustep: 1 
iter: 3  value: 5313.632 mgc: 0.000802645 ustep: 1 
iter: 4  value: 5313.632 mgc: 2.444994e-08 ustep: 1 
mgc: 1.421419e-12 
iter: 1  mgc: 1.421419e-12 
outer mgc:  9.209802 
iter: 1  value: 5313.345 mgc: 2.581118 ustep: 1 
iter: 2  value: 5313.343 mgc: 0.09071484 ustep: 1 
iter: 3  value: 5313.343 mgc: 0.0001565219 ustep: 1 
iter: 4  mgc: 6.655183e-10 
iter: 1  value: 5310.038 mgc: 1.192935 ustep: 1 
iter: 2  value: 5310.038 mgc: 0.01588238 ustep: 1 
iter: 3  value: 5310.038 mgc: 7.484836e-06 ustep: 1 
iter: 4  mgc: 2.997935e-12 
iter: 1  mgc: 2.997935e-12 
outer mgc:  4.723451 
iter: 1  value: 5308.62 mgc: 3.749761 ustep: 1 
iter: 2  value: 5308.619 mgc: 0.04819503 ustep: 1 
iter: 3  value: 5308.619 mgc: 7.307472e-05 ustep: 1 
iter: 4  mgc: 5.818939e-10 
iter: 1  mgc: 5.818939e-10 
outer mgc:  3.435981 
iter: 1  value: 5308.193 mgc: 12.49084 ustep: 1 
iter: 2  value: 5307.853 mgc: 0.9427929 ustep: 1 
iter: 3  value: 5307.853 mgc: 0.02638419 ustep: 1 
iter: 4  value: 5307.853 mgc: 4.919755e-05 ustep: 1 
iter: 5  mgc: 2.217232e-10 
iter: 1  mgc: 2.217232e-10 
outer mgc:  2.959678 
iter: 1  value: 5307.542 mgc: 6.160889 ustep: 1 
iter: 2  value: 5307.518 mgc: 0.2953575 ustep: 1 
iter: 3  value: 5307.518 mgc: 0.0008776285 ustep: 1 
iter: 4  value: 5307.518 mgc: 3.566243e-08 ustep: 1 
iter: 5  mgc: 8.878454e-13 
iter: 1  mgc: 8.878454e-13 
outer mgc:  1.689355 
iter: 1  value: 5308.019 mgc: 5.29905 ustep: 1 
iter: 2  value: 5308.01 mgc: 0.1938436 ustep: 1 
iter: 3  value: 5308.01 mgc: 0.0005842751 ustep: 1 
iter: 4  mgc: 9.045752e-09 
iter: 1  mgc: 9.045752e-09 
outer mgc:  2.839424 
iter: 1  value: 5307.869 mgc: 5.270195 ustep: 1 
iter: 2  value: 5307.843 mgc: 0.403137 ustep: 1 
iter: 3  value: 5307.843 mgc: 0.002598377 ustep: 1 
iter: 4  value: 5307.843 mgc: 1.109363e-07 ustep: 1 
iter: 5  mgc: 8.335971e-13 
iter: 1  mgc: 8.335971e-13 
outer mgc:  1.666782 
iter: 1  value: 5307.402 mgc: 4.109035 ustep: 1 
iter: 2  value: 5307.393 mgc: 0.1863501 ustep: 1 
iter: 3  value: 5307.393 mgc: 0.001391035 ustep: 1 
iter: 4  value: 5307.393 mgc: 8.075626e-08 ustep: 1 
mgc: 6.562528e-13 
iter: 1  mgc: 6.562528e-13 
outer mgc:  2.076499 
iter: 1  value: 5307.326 mgc: 4.279743 ustep: 1 
iter: 2  value: 5307.32 mgc: 0.153723 ustep: 1 
iter: 3  value: 5307.32 mgc: 0.0005901754 ustep: 1 
iter: 4  mgc: 9.0487e-09 
iter: 1  mgc: 9.0487e-09 
outer mgc:  1.631845 
iter: 1  value: 5307.922 mgc: 6.652815 ustep: 1 
iter: 2  value: 5307.869 mgc: 0.4935366 ustep: 1 
iter: 3  value: 5307.869 mgc: 0.0041841 ustep: 1 
iter: 4  value: 5307.869 mgc: 3.105642e-07 ustep: 1 
iter: 5  mgc: 3.692602e-13 
iter: 1  mgc: 3.692602e-13 
outer mgc:  1.889034 
iter: 1  value: 5308.536 mgc: 4.278112 ustep: 1 
iter: 2  value: 5308.532 mgc: 0.1124505 ustep: 1 
iter: 3  value: 5308.532 mgc: 0.0001900687 ustep: 1 
iter: 4  mgc: 1.129236e-09 
iter: 1  mgc: 1.129236e-09 
outer mgc:  2.548994 
iter: 1  value: 5309.644 mgc: 1.172851 ustep: 1 
iter: 2  value: 5309.644 mgc: 0.01819534 ustep: 1 
iter: 3  value: 5309.644 mgc: 1.066839e-05 ustep: 1 
iter: 4  mgc: 8.190976e-12 
iter: 1  value: 5316.496 mgc: 3.215812 ustep: 1 
iter: 2  value: 5316.482 mgc: 0.1558279 ustep: 1 
iter: 3  value: 5316.482 mgc: 0.002426322 ustep: 1 
iter: 4  value: 5316.482 mgc: 6.120451e-07 ustep: 1 
iter: 5  mgc: 7.061018e-14 
iter: 1  mgc: 7.061018e-14 
outer mgc:  4.134613 
iter: 1  value: 5606.259 mgc: 9.644336 ustep: 1 
iter: 2  value: 5593.044 mgc: 9.835621 ustep: 0.6827823 
iter: 3  value: 5592.298 mgc: 8.605707 ustep: 0.8263238 
iter: 4  value: 5586.697 mgc: 9.152582 ustep: 0.6983222 
iter: 5  value: 5568.259 mgc: 7.781404 ustep: 0.8356732 
iter: 6  value: 5546.449 mgc: 7.252269 ustep: 0.4586086 
iter: 7  value: 5543.381 mgc: 4.089524 ustep: 0.6772387 
iter: 8  value: 5543.358 mgc: 0.2846997 ustep: 0.8229629 
iter: 9  value: 5543.358 mgc: 0.01760631 ustep: 0.9071823 
iter: 10  value: 5543.358 mgc: 0.001481847 ustep: 0.9524659 
iter: 11  value: 5543.358 mgc: 0.0001503801 ustep: 0.975946 
iter: 12  value: 5543.358 mgc: 8.117349e-06 ustep: 0.987901 
iter: 13  value: 5543.358 mgc: 2.255239e-07 ustep: 0.9939327 
iter: 14  mgc: 3.175387e-09 
iter: 1  value: 5320.766 mgc: 1.773656 ustep: 1 
iter: 2  value: 5320.764 mgc: 0.06093497 ustep: 1 
iter: 3  value: 5320.764 mgc: 0.0003175278 ustep: 1 
iter: 4  mgc: 9.077501e-09 
iter: 1  mgc: 9.077501e-09 
outer mgc:  5.49163 
iter: 1  value: 5332.493 mgc: 3.633399 ustep: 1 
iter: 2  value: 5332.359 mgc: 0.5649285 ustep: 1 
iter: 3  value: 5332.359 mgc: 0.02248097 ustep: 1 
iter: 4  value: 5332.359 mgc: 4.306607e-05 ustep: 1 
iter: 5  mgc: 1.574622e-10 
iter: 1  value: 5497.871 mgc: 4.139033 ustep: 1 
iter: 2  value: 5496.391 mgc: 1.879696 ustep: 1 
iter: 3  value: 5496.385 mgc: 0.1110162 ustep: 1 
iter: 4  value: 5496.385 mgc: 0.0007261329 ustep: 1 
iter: 5  value: 5496.385 mgc: 5.199379e-08 ustep: 1 
iter: 6  mgc: 2.775558e-15 
iter: 1  mgc: 1.574622e-10 
outer mgc:  10.43131 
iter: 1  value: 5327.735 mgc: 4.894515 ustep: 1 
iter: 2  value: 5326.596 mgc: 2.237481 ustep: 1 
iter: 3  value: 5326.591 mgc: 0.1768975 ustep: 1 
iter: 4  value: 5326.591 mgc: 0.001848603 ustep: 1 
iter: 5  value: 5326.591 mgc: 2.236707e-07 ustep: 1 
iter: 6  mgc: 9.103829e-15 
iter: 1  mgc: 9.103829e-15 
outer mgc:  11.08742 
iter: 1  value: 5307.859 mgc: 3.392301 ustep: 1 
iter: 2  value: 5307.552 mgc: 1.653843 ustep: 1 
iter: 3  value: 5307.55 mgc: 0.1525844 ustep: 1 
iter: 4  value: 5307.55 mgc: 0.001946766 ustep: 1 
iter: 5  value: 5307.55 mgc: 3.331155e-07 ustep: 1 
iter: 6  mgc: 1.221245e-14 
iter: 1  value: 5314.036 mgc: 2.782854 ustep: 1 
iter: 2  value: 5313.959 mgc: 0.4983413 ustep: 1 
iter: 3  value: 5313.959 mgc: 0.01688536 ustep: 1 
iter: 4  value: 5313.959 mgc: 4.084515e-05 ustep: 1 
iter: 5  mgc: 2.402303e-10 
iter: 1  mgc: 2.402303e-10 
outer mgc:  4.527729 
iter: 1  value: 5309.469 mgc: 3.380949 ustep: 1 
iter: 2  value: 5308.935 mgc: 0.8155099 ustep: 1 
iter: 3  value: 5308.935 mgc: 0.03009688 ustep: 1 
iter: 4  value: 5308.935 mgc: 4.803408e-05 ustep: 1 
iter: 5  mgc: 1.230493e-10 
iter: 1  mgc: 1.230493e-10 
outer mgc:  12.95684 
iter: 1  value: 5308.039 mgc: 3.056538 ustep: 1 
iter: 2  value: 5308.014 mgc: 0.1829629 ustep: 1 
iter: 3  value: 5308.014 mgc: 0.001488551 ustep: 1 
iter: 4  value: 5308.014 mgc: 1.310485e-07 ustep: 1 
iter: 5  mgc: 7.105427e-15 
iter: 1  mgc: 7.105427e-15 
outer mgc:  8.719465 
iter: 1  value: 5295.749 mgc: 1.576802 ustep: 1 
iter: 2  value: 5295.742 mgc: 0.06052571 ustep: 1 
iter: 3  value: 5295.742 mgc: 0.0004619402 ustep: 1 
iter: 4  value: 5295.742 mgc: 2.836842e-08 ustep: 1 
iter: 5  mgc: 7.993606e-15 
iter: 1  mgc: 7.993606e-15 
outer mgc:  6.419254 
iter: 1  value: 5292.461 mgc: 2.318542 ustep: 1 
iter: 2  value: 5292.455 mgc: 0.1354861 ustep: 1 
iter: 3  value: 5292.455 mgc: 0.001094429 ustep: 1 
iter: 4  value: 5292.455 mgc: 1.747372e-07 ustep: 1 
iter: 5  mgc: 6.078471e-15 
iter: 1  mgc: 6.078471e-15 
outer mgc:  8.695459 
iter: 1  value: 5297.343 mgc: 4.893118 ustep: 1 
iter: 2  value: 5297.221 mgc: 0.3052018 ustep: 1 
iter: 3  value: 5297.221 mgc: 0.003121096 ustep: 1 
iter: 4  value: 5297.221 mgc: 5.660137e-07 ustep: 1 
iter: 5  mgc: 4.152234e-14 
iter: 1  value: 5290.037 mgc: 1.603357 ustep: 1 
iter: 2  value: 5290.036 mgc: 0.03559595 ustep: 1 
iter: 3  value: 5290.036 mgc: 3.151477e-05 ustep: 1 
iter: 4  mgc: 1.185509e-10 
iter: 1  mgc: 1.185509e-10 
outer mgc:  2.601811 
iter: 1  value: 5286.299 mgc: 0.4942645 ustep: 1 
iter: 2  value: 5286.299 mgc: 0.004918322 ustep: 1 
iter: 3  value: 5286.299 mgc: 6.184318e-07 ustep: 1 
iter: 4  mgc: 4.72955e-14 
iter: 1  mgc: 4.72955e-14 
outer mgc:  2.270975 
iter: 1  value: 5284.288 mgc: 1.049022 ustep: 1 
iter: 2  value: 5284.288 mgc: 0.008644432 ustep: 1 
iter: 3  value: 5284.288 mgc: 1.939771e-06 ustep: 1 
iter: 4  mgc: 2.966516e-13 
iter: 1  mgc: 2.966516e-13 
outer mgc:  3.327751 
iter: 1  value: 5279.649 mgc: 1.642179 ustep: 1 
iter: 2  value: 5279.648 mgc: 0.03693015 ustep: 1 
iter: 3  value: 5279.648 mgc: 0.0001394544 ustep: 1 
iter: 4  mgc: 2.239207e-09 
iter: 1  mgc: 2.239207e-09 
outer mgc:  7.441567 
iter: 1  value: 5274.318 mgc: 1.814917 ustep: 1 
iter: 2  value: 5274.316 mgc: 0.05781107 ustep: 1 
iter: 3  value: 5274.316 mgc: 5.391474e-05 ustep: 1 
iter: 4  mgc: 4.845457e-11 
iter: 1  mgc: 4.845457e-11 
outer mgc:  5.628395 
iter: 1  value: 5271.765 mgc: 1.828262 ustep: 1 
iter: 2  value: 5271.764 mgc: 0.02504881 ustep: 1 
iter: 3  value: 5271.764 mgc: 1.453016e-05 ustep: 1 
iter: 4  mgc: 3.610889e-12 
iter: 1  mgc: 3.610889e-12 
outer mgc:  7.901222 
iter: 1  value: 5265.414 mgc: 2.215727 ustep: 1 
iter: 2  value: 5265.413 mgc: 0.02710707 ustep: 1 
iter: 3  value: 5265.413 mgc: 1.503261e-05 ustep: 1 
iter: 4  mgc: 1.170575e-11 
iter: 1  mgc: 1.170575e-11 
outer mgc:  2.125484 
iter: 1  value: 5259.591 mgc: 0.9230629 ustep: 1 
iter: 2  value: 5259.591 mgc: 0.01069153 ustep: 1 
iter: 3  value: 5259.591 mgc: 2.124866e-06 ustep: 1 
iter: 4  mgc: 3.2363e-13 
iter: 1  mgc: 3.2363e-13 
outer mgc:  1.829429 
iter: 1  value: 5253.119 mgc: 1.388262 ustep: 1 
iter: 2  value: 5253.119 mgc: 0.02399632 ustep: 1 
iter: 3  value: 5253.119 mgc: 7.07428e-05 ustep: 1 
iter: 4  mgc: 6.183014e-10 
iter: 1  mgc: 6.183014e-10 
outer mgc:  2.698633 
iter: 1  value: 5247.132 mgc: 1.165901 ustep: 1 
iter: 2  value: 5247.132 mgc: 0.02235943 ustep: 1 
iter: 3  value: 5247.132 mgc: 5.794134e-05 ustep: 1 
iter: 4  mgc: 3.915659e-10 
iter: 1  mgc: 3.915659e-10 
outer mgc:  1.964851 
iter: 1  value: 5240.749 mgc: 1.585903 ustep: 1 
iter: 2  value: 5240.749 mgc: 0.007670733 ustep: 1 
iter: 3  value: 5240.749 mgc: 6.079666e-07 ustep: 1 
iter: 4  mgc: 6.661338e-15 
iter: 1  mgc: 6.661338e-15 
outer mgc:  1.544999 
iter: 1  value: 5234.851 mgc: 1.462193 ustep: 1 
iter: 2  value: 5234.851 mgc: 0.005246894 ustep: 1 
iter: 3  value: 5234.851 mgc: 3.30462e-07 ustep: 1 
iter: 4  mgc: 1.332268e-14 
iter: 1  mgc: 1.332268e-14 
outer mgc:  0.5036453 
iter: 1  value: 5227.962 mgc: 1.41274 ustep: 1 
iter: 2  value: 5227.962 mgc: 0.003943778 ustep: 1 
iter: 3  value: 5227.962 mgc: 1.748027e-06 ustep: 1 
iter: 4  mgc: 3.446132e-13 
iter: 1  mgc: 3.446132e-13 
outer mgc:  0.5047092 
iter: 1  value: 5221.401 mgc: 1.559114 ustep: 1 
iter: 2  value: 5221.401 mgc: 0.001966592 ustep: 1 
iter: 3  value: 5221.401 mgc: 4.019947e-07 ustep: 1 
iter: 4  mgc: 1.776357e-14 
iter: 1  mgc: 1.776357e-14 
outer mgc:  0.2893128 
iter: 1  value: 5214.711 mgc: 1.655576 ustep: 1 
iter: 2  value: 5214.711 mgc: 0.001263125 ustep: 1 
iter: 3  value: 5214.711 mgc: 2.073859e-08 ustep: 1 
mgc: 3.413936e-15 
iter: 1  mgc: 3.413936e-15 
outer mgc:  0.08073378 
iter: 1  value: 5210.02 mgc: 1.216976 ustep: 1 
iter: 2  value: 5210.02 mgc: 0.0004349698 ustep: 1 
iter: 3  mgc: 6.389977e-10 
iter: 1  mgc: 6.389977e-10 
outer mgc:  0.0998104 
iter: 1  value: 5208.818 mgc: 0.393229 ustep: 1 
iter: 2  value: 5208.818 mgc: 0.0002098635 ustep: 1 
iter: 3  mgc: 4.641934e-09 
iter: 1  mgc: 4.641934e-09 
outer mgc:  0.07366111 
iter: 1  value: 5208.424 mgc: 0.2709576 ustep: 1 
iter: 2  value: 5208.424 mgc: 5.302203e-05 ustep: 1 
iter: 3  mgc: 2.973395e-10 
iter: 1  mgc: 2.973395e-10 
outer mgc:  0.08047271 
iter: 1  value: 5206.774 mgc: 1.191668 ustep: 1 
iter: 2  value: 5206.774 mgc: 0.0001693074 ustep: 1 
iter: 3  mgc: 3.019486e-09 
iter: 1  mgc: 3.019486e-09 
outer mgc:  0.0598676 
iter: 1  value: 5202.599 mgc: 3.141783 ustep: 1 
iter: 2  value: 5202.599 mgc: 0.0003492444 ustep: 1 
iter: 3  mgc: 3.140133e-10 
iter: 1  mgc: 3.140133e-10 
outer mgc:  0.05855904 
iter: 1  value: 5199.134 mgc: 2.035166 ustep: 1 
iter: 2  value: 5199.134 mgc: 5.328074e-05 ustep: 1 
iter: 3  mgc: 2.948992e-10 
iter: 1  mgc: 2.948992e-10 
outer mgc:  0.06612866 
iter: 1  value: 5195.3 mgc: 2.079954 ustep: 1 
iter: 2  value: 5195.3 mgc: 0.0001864627 ustep: 1 
iter: 3  mgc: 3.656152e-09 
iter: 1  mgc: 3.656152e-09 
outer mgc:  0.03819196 
iter: 1  value: 5192.827 mgc: 1.269864 ustep: 1 
iter: 2  value: 5192.827 mgc: 3.894936e-05 ustep: 1 
iter: 3  mgc: 1.577516e-10 
iter: 1  mgc: 1.577516e-10 
outer mgc:  0.01932002 
iter: 1  value: 5189.296 mgc: 2.103906 ustep: 1 
iter: 2  value: 5189.296 mgc: 0.0001093872 ustep: 1 
iter: 3  mgc: 5.632383e-11 
iter: 1  mgc: 5.632383e-11 
outer mgc:  0.02587558 
iter: 1  value: 5187.291 mgc: 1.238165 ustep: 1 
iter: 2  value: 5187.291 mgc: 8.261881e-05 ustep: 1 
iter: 3  mgc: 2.93956e-11 
iter: 1  mgc: 2.93956e-11 
outer mgc:  0.01976474 
iter: 1  value: 5186.989 mgc: 0.2564243 ustep: 1 
iter: 2  value: 5186.989 mgc: 3.36719e-05 ustep: 1 
iter: 3  mgc: 1.205875e-10 
iter: 1  mgc: 1.205875e-10 
outer mgc:  0.02377969 
iter: 1  value: 5187.342 mgc: 0.0802531 ustep: 1 
iter: 2  value: 5187.342 mgc: 4.770883e-05 ustep: 1 
iter: 3  mgc: 2.429021e-10 
iter: 1  mgc: 2.429021e-10 
outer mgc:  0.01860733 
iter: 1  value: 5188.322 mgc: 0.2760644 ustep: 1 
iter: 2  value: 5188.322 mgc: 5.16086e-05 ustep: 1 
iter: 3  mgc: 2.853682e-10 
iter: 1  mgc: 2.853682e-10 
outer mgc:  0.02575582 
iter: 1  value: 5189.951 mgc: 0.3488689 ustep: 1 
iter: 2  value: 5189.951 mgc: 0.0003266193 ustep: 1 
iter: 3  mgc: 5.001768e-10 
iter: 1  mgc: 5.001768e-10 
outer mgc:  0.03782939 
iter: 1  value: 5189.727 mgc: 0.4499007 ustep: 1 
iter: 2  value: 5189.727 mgc: 0.0002030112 ustep: 1 
iter: 3  mgc: 2.381779e-10 
iter: 1  mgc: 2.381779e-10 
outer mgc:  0.03462233 
iter: 1  value: 5187.441 mgc: 1.538126 ustep: 1 
iter: 2  value: 5187.441 mgc: 6.376762e-05 ustep: 1 
iter: 3  mgc: 2.347162e-10 
iter: 1  mgc: 2.347162e-10 
outer mgc:  0.02218662 
iter: 1  value: 5182.295 mgc: 3.673441 ustep: 1 
iter: 2  value: 5182.295 mgc: 0.0001537948 ustep: 1 
iter: 3  mgc: 9.303336e-10 
iter: 1  mgc: 9.303336e-10 
outer mgc:  0.02277085 
iter: 1  value: 5179.035 mgc: 2.157043 ustep: 1 
iter: 2  value: 5179.035 mgc: 2.053197e-05 ustep: 1 
iter: 3  mgc: 1.918021e-12 
iter: 1  mgc: 1.918021e-12 
outer mgc:  0.01751197 
iter: 1  value: 5174.097 mgc: 3.55879 ustep: 1 
iter: 2  value: 5174.097 mgc: 2.044167e-05 ustep: 1 
iter: 3  mgc: 3.512524e-11 
iter: 1  mgc: 3.512524e-11 
outer mgc:  0.005302458 
iter: 1  value: 5171.608 mgc: 1.503136 ustep: 1 
iter: 2  value: 5171.608 mgc: 7.407779e-06 ustep: 1 
iter: 3  mgc: 5.836664e-12 
iter: 1  mgc: 5.836664e-12 
outer mgc:  0.006614654 
iter: 1  value: 5169.28 mgc: 1.330713 ustep: 1 
iter: 2  value: 5169.28 mgc: 2.363726e-06 ustep: 1 
iter: 3  mgc: 5.981882e-13 
iter: 1  mgc: 5.981882e-13 
outer mgc:  0.007375631 
iter: 1  value: 5164.334 mgc: 3.162292 ustep: 1 
iter: 2  value: 5164.334 mgc: 1.866891e-06 ustep: 1 
iter: 3  mgc: 3.721468e-13 
iter: 1  mgc: 3.721468e-13 
outer mgc:  0.00779189 
iter: 1  value: 5157.141 mgc: 5.0949 ustep: 1 
iter: 2  value: 5157.141 mgc: 3.542877e-06 ustep: 1 
iter: 3  mgc: 3.68594e-14 
iter: 1  mgc: 3.68594e-14 
outer mgc:  0.006220355 
iter: 1  value: 5149.938 mgc: 5.096241 ustep: 1 
iter: 2  value: 5149.938 mgc: 4.961068e-06 ustep: 1 
iter: 3  mgc: 8.357759e-13 
iter: 1  mgc: 8.357759e-13 
outer mgc:  0.003110662 
iter: 1  value: 5144.735 mgc: 3.340946 ustep: 1 
iter: 2  value: 5144.735 mgc: 1.889027e-06 ustep: 1 
iter: 3  mgc: 3.779199e-13 
iter: 1  mgc: 3.779199e-13 
outer mgc:  0.0006942902 
iter: 1  value: 5141.432 mgc: 1.948424 ustep: 1 
iter: 2  value: 5141.432 mgc: 2.738693e-07 ustep: 1 
iter: 3  mgc: 9.769963e-15 
iter: 1  mgc: 9.769963e-15 
outer mgc:  0.001003085 
iter: 1  value: 5136.181 mgc: 3.465694 ustep: 1 
iter: 2  value: 5136.181 mgc: 9.57581e-08 ustep: 1 
iter: 3  mgc: 3.63598e-15 
iter: 1  mgc: 3.63598e-15 
outer mgc:  0.00139332 
iter: 1  value: 5129.319 mgc: 4.972956 ustep: 1 
iter: 2  value: 5129.319 mgc: 1.312594e-07 ustep: 1 
iter: 3  mgc: 5.107026e-15 
iter: 1  mgc: 5.107026e-15 
outer mgc:  0.001171768 
iter: 1  value: 5122.456 mgc: 4.97293 ustep: 1 
iter: 2  value: 5122.456 mgc: 1.52162e-07 ustep: 1 
iter: 3  mgc: 5.218048e-15 
iter: 1  mgc: 5.218048e-15 
outer mgc:  0.0005765414 
iter: 1  value: 5116.805 mgc: 3.818651 ustep: 1 
iter: 2  value: 5116.805 mgc: 7.320917e-08 ustep: 1 
iter: 3  mgc: 7.549517e-15 
iter: 1  mgc: 7.549517e-15 
outer mgc:  0.0001515321 
iter: 1  value: 5111.457 mgc: 3.545067 ustep: 1 
iter: 2  value: 5111.457 mgc: 1.410847e-08 ustep: 1 
mgc: 4.662937e-15 
iter: 1  mgc: 4.662937e-15 
outer mgc:  0.000262762 
iter: 1  mgc: 4.662937e-15 
iter: 1  mgc: 4.662937e-15 
outer mgc:  0.000262762 
iter: 1  value: 5111.456 mgc: 0.002043264 ustep: 1 
iter: 2  value: 5111.456 mgc: 3.171449e-08 ustep: 1 
mgc: 3.996803e-15 
outer mgc:  0.02427878 
iter: 1  value: 5111.458 mgc: 0.002041513 ustep: 1 
iter: 2  value: 5111.458 mgc: 3.163932e-08 ustep: 1 
mgc: 4.884981e-15 
outer mgc:  0.02439002 
iter: 1  value: 5111.457 mgc: 0.0009297956 ustep: 1 
iter: 2  mgc: 5.8639e-09 
outer mgc:  0.01199832 
iter: 1  value: 5111.457 mgc: 0.0009289828 ustep: 1 
iter: 2  mgc: 5.851432e-09 
outer mgc:  0.01167447 
iter: 1  value: 5111.457 mgc: 0.005029307 ustep: 1 
iter: 2  value: 5111.457 mgc: 6.609632e-08 ustep: 1 
iter: 3  mgc: 4.440892e-15 
outer mgc:  0.05967639 
iter: 1  value: 5111.457 mgc: 0.005026556 ustep: 1 
iter: 2  value: 5111.457 mgc: 6.607039e-08 ustep: 1 
iter: 3  mgc: 5.218048e-15 
outer mgc:  0.05914284 
iter: 1  value: 5111.457 mgc: 0.003416499 ustep: 1 
iter: 2  value: 5111.457 mgc: 3.118803e-08 ustep: 1 
mgc: 5.107026e-15 
outer mgc:  0.03832978 
iter: 1  value: 5111.457 mgc: 0.003415242 ustep: 1 
iter: 2  value: 5111.457 mgc: 3.122252e-08 ustep: 1 
mgc: 4.662937e-15 
outer mgc:  0.03862788 
iter: 1  value: 5111.459 mgc: 0.00587585 ustep: 1 
iter: 2  value: 5111.459 mgc: 2.062762e-08 ustep: 1 
iter: 3  mgc: 3.330669e-15 
outer mgc:  0.0865868 
iter: 1  value: 5111.455 mgc: 0.005874387 ustep: 1 
iter: 2  value: 5111.455 mgc: 2.059686e-08 ustep: 1 
iter: 3  mgc: 4.440892e-15 
outer mgc:  0.08660063 
iter: 1  value: 5111.458 mgc: 0.003354397 ustep: 1 
iter: 2  mgc: 9.641005e-09 
outer mgc:  0.05312209 
iter: 1  value: 5111.456 mgc: 0.003354991 ustep: 1 
iter: 2  mgc: 9.63184e-09 
outer mgc:  0.05304801 
iter: 1  value: 5111.457 mgc: 0.005684092 ustep: 1 
iter: 2  value: 5111.457 mgc: 4.340721e-08 ustep: 1 
iter: 3  mgc: 4.440892e-15 
outer mgc:  0.06719115 
iter: 1  value: 5111.457 mgc: 0.005681793 ustep: 1 
iter: 2  value: 5111.457 mgc: 4.342133e-08 ustep: 1 
iter: 3  mgc: 3.552714e-15 
outer mgc:  0.06706052 
iter: 1  value: 5111.457 mgc: 0.00302724 ustep: 1 
iter: 2  value: 5111.457 mgc: 1.573158e-08 ustep: 1 
mgc: 6.106227e-15 
outer mgc:  0.03896545 
iter: 1  value: 5111.457 mgc: 0.00302569 ustep: 1 
iter: 2  value: 5111.457 mgc: 1.573373e-08 ustep: 1 
mgc: 4.440892e-15 
outer mgc:  0.03927561 
iter: 1  value: 5111.455 mgc: 0.001915092 ustep: 1 
iter: 2  value: 5111.455 mgc: 2.11646e-07 ustep: 1 
iter: 3  mgc: 6.77236e-15 
outer mgc:  0.01642647 
iter: 1  value: 5111.459 mgc: 0.001913254 ustep: 1 
iter: 2  value: 5111.459 mgc: 2.113724e-07 ustep: 1 
iter: 3  mgc: 4.218847e-15 
outer mgc:  0.01624429 
iter: 1  value: 5111.456 mgc: 0.0007411116 ustep: 1 
iter: 2  value: 5111.456 mgc: 4.49549e-08 ustep: 1 
iter: 3  mgc: 3.774758e-15 
outer mgc:  0.007996763 
iter: 1  value: 5111.458 mgc: 0.0007404436 ustep: 1 
iter: 2  value: 5111.458 mgc: 4.488975e-08 ustep: 1 
iter: 3  mgc: 3.996803e-15 
outer mgc:  0.0081162 
iter: 1  value: 5111.466 mgc: 0.002135868 ustep: 1 
iter: 2  value: 5111.466 mgc: 2.702713e-08 ustep: 1 
mgc: 5.329071e-15 
outer mgc:  0.0009203022 
iter: 1  value: 5111.448 mgc: 0.002138005 ustep: 1 
iter: 2  value: 5111.448 mgc: 2.697187e-08 ustep: 1 
mgc: 3.552714e-15 
outer mgc:  0.0004169386 
iter: 1  value: 5111.465 mgc: 0.003929952 ustep: 1 
iter: 2  value: 5111.465 mgc: 5.542074e-08 ustep: 1 
mgc: 3.552714e-15 
outer mgc:  0.0009279943 
iter: 1  value: 5111.449 mgc: 0.003933884 ustep: 1 
iter: 2  value: 5111.449 mgc: 5.533136e-08 ustep: 1 
mgc: 4.107825e-15 
outer mgc:  0.0009525175 
iter: 1  value: 5111.467 mgc: 0.005010695 ustep: 1 
mgc: 6.994405e-15 
outer mgc:  0.0002627618 
iter: 1  value: 5111.447 mgc: 0.005015708 ustep: 1 
mgc: 3.996803e-15 
outer mgc:  0.0002627622 
iter: 1  value: 5111.466 mgc: 0.005271426 ustep: 1 
iter: 2  value: 5111.466 mgc: 3.21088e-08 ustep: 1 
mgc: 5.329071e-15 
outer mgc:  0.0006967639 
iter: 1  value: 5111.448 mgc: 0.0052767 ustep: 1 
iter: 2  value: 5111.448 mgc: 3.205382e-08 ustep: 1 
mgc: 4.218847e-15 
outer mgc:  0.0007213198 
iter: 1  value: 5111.463 mgc: 0.002436371 ustep: 1 
iter: 2  value: 5111.463 mgc: 6.19605e-07 ustep: 1 
iter: 3  mgc: 4.13003e-14 
outer mgc:  0.001989023 
iter: 1  value: 5111.451 mgc: 0.002438809 ustep: 1 
iter: 2  value: 5111.451 mgc: 6.19089e-07 ustep: 1 
iter: 3  mgc: 3.952394e-14 
outer mgc:  0.001461329 
iter: 1  value: 5111.455 mgc: 0.002694214 ustep: 1 
iter: 2  value: 5111.455 mgc: 1.226975e-07 ustep: 1 
iter: 3  mgc: 4.884981e-15 
outer mgc:  0.04142893 
iter: 1  value: 5111.459 mgc: 0.002692488 ustep: 1 
iter: 2  value: 5111.459 mgc: 1.224326e-07 ustep: 1 
iter: 3  mgc: 4.662937e-15 
outer mgc:  0.04192195 
iter: 1  value: 5111.455 mgc: 0.002667145 ustep: 1 
iter: 2  value: 5111.455 mgc: 5.238126e-08 ustep: 1 
iter: 3  mgc: 4.440892e-15 
outer mgc:  0.02622835 
iter: 1  value: 5111.459 mgc: 0.002665137 ustep: 1 
iter: 2  value: 5111.459 mgc: 5.225377e-08 ustep: 1 
iter: 3  mgc: 4.551914e-15 
outer mgc:  0.02620037 
Warning message:
package ‘nnet’ was built under R version 3.6.3 
[Sun Aug 15 13:40:35 2021]
Finished job 0.
1 of 1 steps (100%) done
