Building DAG of jobs...
Using shell: /usr/bin/bash
Provided cores: 1 (use --cores to define parallelism)
Rules claiming more threads will be scaled down.
Job counts:
	count	jobs
	1	inference_simulation_TMB_multiple
	1

[Fri Aug 13 23:50:15 2021]
rule inference_simulation_TMB_multiple:
    input: ../data/assessing_models_simulation/datasets/multiple_GenerationJnorm3_100_100_10_6_0.05_NA_NA_NA_dataset0.RDS
    output: ../data/assessing_models_simulation/inference_results/TMB/nlminb/multiple_GenerationJnorm3_100_100_10_6_0.05_diagREDM_NA_NA_NA_dataset0.RDS
    log: logs/inference/nlminb/simulation_GenerationJnorm3_100_100_10_6_0.05_ModeldiagREDM_NA_NA_NA_dataset0.log
    jobid: 0
    wildcards: optimiser=nlminb, datasetgeneration=GenerationJnorm3, n=100, nlambda=100, lmbda=10, d=6, beta_intensity=0.05, model=diagREDM, fixed_beta_intercept=NA, fixed_beta_slope=NA, sdRE_input=NA, itnum=0

Rscript 2_inference_TMB/run_TMB.R --input ../data/assessing_models_simulation/datasets/multiple_GenerationJnorm3_100_100_10_6_0.05_NA_NA_NA_dataset0.RDS --output ../data/assessing_models_simulation/inference_results/TMB/nlminb/multiple_GenerationJnorm3_100_100_10_6_0.05_diagREDM_NA_NA_NA_dataset0.RDS --model diagREDM --optimiser nlminb
Model: diagREDM 
Feature type: signatures 
Using nlminb: TRUE 
Simulation boolean: TRUE 
make: Nothing to be done for 'all'.
../data/assessing_models_simulation/datasets/multiple_GenerationJnorm3_100_100_10_6_0.05_NA_NA_NA_dataset0.RDS[1] "../data/assessing_models_simulation/datasets/multiple_GenerationJnorm3_100_100_10_6_0.05_NA_NA_NA_dataset0.RDS"
Reading file ../data/assessing_models_simulation/datasets/multiple_GenerationJnorm3_100_100_10_6_0.05_NA_NA_NA_dataset0.RDS 
Loading required package: nnet
# weights:  18 (10 variable)
initial  value 35811.896511 
iter  10 value 33804.332181
final  value 33012.605798 
converged
Constructing atomic invpd
Constructing atomic D_lgamma
Constructing atomic invpd
Constructing atomic D_lgamma
Constructing atomic matmul
Constructing atomic invpd
Constructing atomic D_lgamma
Constructing atomic matmul
Optimizing tape... Done
iter: 1  value: 43287.43 mgc: 151.4387 ustep: 0.6827823 
iter: 2  value: 37187.23 mgc: 96.23527 ustep: 0.03524836 
iter: 3  value: 35082.51 mgc: 122.8481 ustep: 0.02243178 
iter: 4  value: 33981.99 mgc: 83.1374 ustep: 0.04735132 
iter: 5  value: 32752.86 mgc: 90.52681 ustep: 0.06080473 
iter: 6  value: 31982.7 mgc: 34.92176 ustep: 0.06044057 
iter: 7  value: 31545.03 mgc: 34.10786 ustep: 0.03331913 
iter: 8  value: 31425.2 mgc: 97.62686 ustep: 0.04737407 
iter: 9  value: 31148.25 mgc: 21.71442 ustep: 0.06179143 
iter: 10  value: 30755.2 mgc: 35.03625 ustep: 0.05604786 
iter: 11  value: 30726.29 mgc: 70.01395 ustep: 0.04930552 
iter: 12  value: 30545.59 mgc: 125.0308 ustep: 0.04872943 
iter: 13  value: 30127.54 mgc: 40.96753 ustep: 0.04044509 
iter: 14  value: 29968.83 mgc: 23.32164 ustep: 0.05272257 
iter: 15  value: 29807.57 mgc: 26.13298 ustep: 0.1211683 
iter: 16  value: 29775.36 mgc: 35.31674 ustep: 0.3481576 
iter: 17  value: 29710.24 mgc: 62.40673 ustep: 0.5900898 
iter: 18  value: 29703.14 mgc: 14.50592 ustep: 0.7681962 
iter: 19  value: 29702.66 mgc: 3.190954 ustep: 0.8764804 
iter: 20  value: 29702.65 mgc: 0.3302189 ustep: 0.9362117 
iter: 21  value: 29702.65 mgc: 0.006308976 ustep: 0.9675836 
iter: 22  value: 29702.65 mgc: 0.0001273828 ustep: 0.9836599 
iter: 23  value: 29702.65 mgc: 3.278849e-06 ustep: 0.9917971 
iter: 24  value: 29702.65 mgc: 4.286365e-08 ustep: 0.4965127 
iter: 25  value: 29702.65 mgc: 2.654582e-08 ustep: 0.7046661 
iter: 26  value: 29702.65 mgc: 1.068009e-08 ustep: 0.83946 
iter: 27  mgc: 2.510779e-09 
iter: 1  mgc: 2.510779e-09 
Matching hessian patterns... Done
outer mgc:  366.9426 
iter: 1  value: 29707.99 mgc: 33.86996 ustep: 1 
iter: 2  value: 29694.76 mgc: 4.862945 ustep: 1 
iter: 3  value: 29694.75 mgc: 0.2712679 ustep: 1 
iter: 4  value: 29694.75 mgc: 0.001765748 ustep: 1 
iter: 5  value: 29694.75 mgc: 8.194094e-08 ustep: 1 
mgc: 7.747247e-12 
iter: 1  mgc: 7.747247e-12 
outer mgc:  500.4425 
iter: 1  value: 29552.88 mgc: 13.77567 ustep: 1 
iter: 2  value: 29552.51 mgc: 0.9343518 ustep: 1 
iter: 3  value: 29552.51 mgc: 0.009074574 ustep: 1 
iter: 4  value: 29552.51 mgc: 1.170836e-06 ustep: 1 
iter: 5  mgc: 9.579115e-12 
iter: 1  mgc: 9.579115e-12 
outer mgc:  55.27815 
iter: 1  value: 29531.77 mgc: 20.45289 ustep: 1 
iter: 2  value: 29530.45 mgc: 1.323245 ustep: 1 
iter: 3  value: 29530.45 mgc: 0.02759311 ustep: 1 
iter: 4  value: 29530.45 mgc: 2.076013e-05 ustep: 0.1336527 
iter: 5  value: 29530.45 mgc: 4.487905e-06 ustep: 0.01411551 
iter: 6  value: 29530.45 mgc: 4.119476e-06 ustep: 0.06132291 
iter: 7  value: 29530.45 mgc: 3.095177e-06 ustep: 1.08382e-06 
mgc: 3.09516e-06 
iter: 1  value: 29530.45 mgc: 3.09516e-06 ustep: 6.997346e-05 
mgc: 3.094064e-06 
outer mgc:  118.3574 
iter: 1  value: 29497.05 mgc: 11.24265 ustep: 1 
iter: 2  value: 29496.47 mgc: 1.089892 ustep: 1 
iter: 3  value: 29496.47 mgc: 0.01160023 ustep: 1 
iter: 4  value: 29496.47 mgc: 2.131978e-06 ustep: 1 
iter: 5  mgc: 8.065104e-12 
iter: 1  mgc: 8.065104e-12 
outer mgc:  75.07088 
iter: 1  value: 29475.44 mgc: 22.86085 ustep: 1 
iter: 2  value: 29472.98 mgc: 1.921136 ustep: 1 
iter: 3  value: 29472.98 mgc: 0.04975604 ustep: 1 
iter: 4  value: 29472.98 mgc: 7.053432e-05 ustep: 1 
iter: 5  mgc: 5.142604e-10 
iter: 1  mgc: 5.142604e-10 
outer mgc:  134.2733 
iter: 1  value: 29438.22 mgc: 6.683066 ustep: 1 
iter: 2  value: 29438.2 mgc: 0.162107 ustep: 1 
iter: 3  value: 29438.2 mgc: 0.0005743972 ustep: 1 
iter: 4  value: 29438.2 mgc: 2.155631e-08 ustep: 1 
iter: 5  mgc: 3.79996e-12 
iter: 1  mgc: 3.79996e-12 
outer mgc:  55.85733 
iter: 1  value: 29415.99 mgc: 12.75788 ustep: 1 
iter: 2  value: 29415.56 mgc: 0.7444172 ustep: 1 
iter: 3  value: 29415.56 mgc: 0.006225193 ustep: 1 
iter: 4  value: 29415.56 mgc: 1.425972e-06 ustep: 1 
iter: 5  mgc: 3.286038e-12 
iter: 1  mgc: 3.286038e-12 
outer mgc:  53.29743 
iter: 1  value: 29393.58 mgc: 9.95942 ustep: 1 
iter: 2  value: 29392.88 mgc: 0.9781055 ustep: 1 
iter: 3  value: 29392.88 mgc: 0.01022732 ustep: 1 
iter: 4  value: 29392.88 mgc: 2.512637e-06 ustep: 1 
iter: 5  mgc: 3.118283e-12 
iter: 1  mgc: 3.118283e-12 
outer mgc:  40.10121 
iter: 1  value: 29376.19 mgc: 5.945155 ustep: 1 
iter: 2  value: 29376.18 mgc: 0.1146544 ustep: 1 
iter: 3  value: 29376.18 mgc: 0.0001833522 ustep: 1 
iter: 4  mgc: 9.650214e-10 
iter: 1  mgc: 9.650214e-10 
outer mgc:  62.68386 
iter: 1  value: 29355.25 mgc: 6.588602 ustep: 1 
iter: 2  value: 29355.18 mgc: 0.3361214 ustep: 1 
iter: 3  value: 29355.18 mgc: 0.001174861 ustep: 1 
iter: 4  value: 29355.18 mgc: 4.112409e-08 ustep: 1 
iter: 5  mgc: 1.75282e-12 
iter: 1  mgc: 1.75282e-12 
outer mgc:  62.41195 
iter: 1  value: 29325.67 mgc: 6.846656 ustep: 1 
iter: 2  value: 29325.61 mgc: 0.2723434 ustep: 1 
iter: 3  value: 29325.61 mgc: 0.001171671 ustep: 1 
iter: 4  value: 29325.61 mgc: 2.76636e-08 ustep: 1 
mgc: 1.031841e-12 
iter: 1  value: 29271.5 mgc: 6.880705 ustep: 1 
iter: 2  value: 29271.27 mgc: 0.5700197 ustep: 1 
iter: 3  value: 29271.27 mgc: 0.003481182 ustep: 1 
iter: 4  value: 29271.27 mgc: 3.147618e-07 ustep: 1 
iter: 5  mgc: 8.031353e-13 
iter: 1  value: 28819.74 mgc: 9.117241 ustep: 1 
iter: 2  value: 28668.38 mgc: 23.86887 ustep: 1 
iter: 3  value: 28661.98 mgc: 3.400898 ustep: 1 
iter: 4  value: 28661.93 mgc: 0.3344583 ustep: 1 
iter: 5  value: 28661.93 mgc: 0.006001782 ustep: 1 
iter: 6  value: 28661.93 mgc: 3.02777e-06 ustep: 1 
iter: 7  mgc: 7.722711e-13 
iter: 1  value: 34877.4 mgc: 91.67084 ustep: 1 
iter: 2  value: 34870.94 mgc: 2.642738 ustep: 1 
iter: 3  value: 34870.94 mgc: 0.06953732 ustep: 1 
iter: 4  value: 34870.94 mgc: 0.0001773757 ustep: 1 
iter: 5  mgc: 1.179846e-09 
iter: 1  mgc: 7.722711e-13 
outer mgc:  265.9722 
iter: 1  value: 31275.65 mgc: 9.64848 ustep: 1 
iter: 2  value: 31200.02 mgc: 4.452005 ustep: 1 
iter: 3  value: 31195 mgc: 1.883492 ustep: 1 
iter: 4  value: 31194.99 mgc: 0.1253649 ustep: 1 
iter: 5  value: 31194.99 mgc: 0.001039843 ustep: 1 
iter: 6  value: 31194.99 mgc: 7.482231e-08 ustep: 1 
iter: 7  mgc: 1.332268e-15 
iter: 1  value: 28390.4 mgc: 10.6331 ustep: 1 
iter: 2  value: 28367.9 mgc: 4.108191 ustep: 1 
iter: 3  value: 28367.65 mgc: 0.5229672 ustep: 1 
iter: 4  value: 28367.65 mgc: 0.0130727 ustep: 1 
iter: 5  value: 28367.65 mgc: 1.605885e-05 ustep: 1 
iter: 6  mgc: 2.587066e-11 
iter: 1  mgc: 2.587066e-11 
outer mgc:  62.54238 
iter: 1  value: 28720.24 mgc: 7.397131 ustep: 1 
iter: 2  value: 28715.62 mgc: 1.535725 ustep: 1 
iter: 3  value: 28715.62 mgc: 0.05398008 ustep: 1 
iter: 4  value: 28715.62 mgc: 0.0002605436 ustep: 1 
iter: 5  mgc: 6.290789e-09 
iter: 1  value: 28319.72 mgc: 2.319729 ustep: 1 
iter: 2  value: 28319.62 mgc: 0.2791926 ustep: 1 
iter: 3  value: 28319.62 mgc: 0.00742968 ustep: 1 
iter: 4  value: 28319.62 mgc: 6.115491e-06 ustep: 1 
iter: 5  mgc: 4.735989e-12 
iter: 1  mgc: 4.735989e-12 
outer mgc:  25.2491 
iter: 1  value: 28288.1 mgc: 2.050958 ustep: 1 
iter: 2  value: 28288.06 mgc: 0.1382382 ustep: 1 
iter: 3  value: 28288.06 mgc: 0.001951669 ustep: 1 
iter: 4  value: 28288.06 mgc: 4.487853e-07 ustep: 1 
iter: 5  mgc: 2.431388e-14 
iter: 1  mgc: 2.431388e-14 
outer mgc:  13.04196 
iter: 1  value: 28260.05 mgc: 1.849938 ustep: 1 
iter: 2  value: 28259.96 mgc: 0.1773237 ustep: 1 
iter: 3  value: 28259.96 mgc: 0.00127373 ustep: 1 
iter: 4  value: 28259.96 mgc: 1.051976e-07 ustep: 1 
iter: 5  mgc: 8.21565e-15 
iter: 1  mgc: 8.21565e-15 
outer mgc:  29.29193 
iter: 1  value: 28263.64 mgc: 2.858485 ustep: 1 
iter: 2  value: 28263.6 mgc: 0.1564227 ustep: 1 
iter: 3  value: 28263.6 mgc: 0.0003743791 ustep: 1 
iter: 4  mgc: 9.734066e-09 
iter: 1  mgc: 9.734066e-09 
outer mgc:  30.87892 
iter: 1  value: 28236.28 mgc: 1.614062 ustep: 1 
iter: 2  value: 28236.24 mgc: 0.111642 ustep: 1 
iter: 3  value: 28236.24 mgc: 0.000480349 ustep: 1 
iter: 4  value: 28236.24 mgc: 1.485066e-08 ustep: 1 
mgc: 6.217249e-15 
iter: 1  mgc: 6.217249e-15 
outer mgc:  22.2015 
iter: 1  value: 28247.56 mgc: 2.622127 ustep: 1 
iter: 2  value: 28247.4 mgc: 0.2753387 ustep: 1 
iter: 3  value: 28247.4 mgc: 0.002526064 ustep: 1 
iter: 4  value: 28247.4 mgc: 2.490206e-07 ustep: 1 
iter: 5  mgc: 4.996004e-15 
iter: 1  value: 28234.88 mgc: 1.3643 ustep: 1 
iter: 2  value: 28234.87 mgc: 0.06035932 ustep: 1 
iter: 3  value: 28234.87 mgc: 0.000118959 ustep: 1 
iter: 4  mgc: 1.016887e-09 
iter: 1  mgc: 1.016887e-09 
outer mgc:  9.181165 
iter: 1  value: 28234.04 mgc: 1.758652 ustep: 1 
iter: 2  value: 28234.03 mgc: 0.05359895 ustep: 1 
iter: 3  value: 28234.03 mgc: 6.78666e-05 ustep: 1 
iter: 4  mgc: 3.597403e-10 
iter: 1  mgc: 3.597403e-10 
outer mgc:  25.70022 
iter: 1  value: 28226.51 mgc: 1.017407 ustep: 1 
iter: 2  value: 28226.51 mgc: 0.02341354 ustep: 1 
iter: 3  value: 28226.51 mgc: 1.838747e-05 ustep: 1 
iter: 4  mgc: 1.206391e-11 
iter: 1  mgc: 1.206391e-11 
outer mgc:  7.387291 
iter: 1  value: 28209.57 mgc: 0.4876373 ustep: 1 
iter: 2  value: 28209.57 mgc: 0.01259897 ustep: 1 
iter: 3  value: 28209.57 mgc: 1.532449e-05 ustep: 1 
iter: 4  mgc: 2.265699e-11 
iter: 1  value: 28193.47 mgc: 0.5169087 ustep: 1 
iter: 2  value: 28193.47 mgc: 0.01287714 ustep: 1 
iter: 3  value: 28193.47 mgc: 1.43877e-05 ustep: 1 
iter: 4  mgc: 1.811795e-11 
iter: 1  mgc: 1.811795e-11 
outer mgc:  16.63436 
iter: 1  value: 28189.63 mgc: 1.844964 ustep: 1 
iter: 2  value: 28189.54 mgc: 0.1794768 ustep: 1 
iter: 3  value: 28189.54 mgc: 0.001819147 ustep: 1 
iter: 4  value: 28189.54 mgc: 2.015303e-07 ustep: 1 
iter: 5  mgc: 5.107026e-15 
iter: 1  value: 28194.67 mgc: 0.8959387 ustep: 1 
iter: 2  value: 28194.67 mgc: 0.00824224 ustep: 1 
iter: 3  value: 28194.67 mgc: 2.051198e-06 ustep: 1 
iter: 4  mgc: 2.253753e-13 
iter: 1  mgc: 2.253753e-13 
outer mgc:  4.389192 
iter: 1  value: 28192.85 mgc: 0.476945 ustep: 1 
iter: 2  value: 28192.85 mgc: 0.007939229 ustep: 1 
iter: 3  value: 28192.85 mgc: 1.716299e-06 ustep: 1 
iter: 4  mgc: 7.993606e-14 
iter: 1  mgc: 7.993606e-14 
outer mgc:  7.392113 
iter: 1  value: 28188.49 mgc: 0.3566667 ustep: 1 
iter: 2  value: 28188.49 mgc: 0.004155508 ustep: 1 
iter: 3  value: 28188.49 mgc: 8.297474e-07 ustep: 1 
iter: 4  mgc: 3.616552e-14 
iter: 1  mgc: 3.616552e-14 
outer mgc:  5.908299 
iter: 1  value: 28186 mgc: 0.4439389 ustep: 1 
iter: 2  value: 28186 mgc: 0.006290902 ustep: 1 
iter: 3  value: 28186 mgc: 1.596037e-06 ustep: 1 
iter: 4  mgc: 1.247891e-13 
iter: 1  mgc: 1.247891e-13 
outer mgc:  5.251542 
iter: 1  value: 28180.76 mgc: 0.2980766 ustep: 1 
iter: 2  value: 28180.76 mgc: 0.005305441 ustep: 1 
iter: 3  value: 28180.76 mgc: 1.634314e-06 ustep: 1 
iter: 4  mgc: 1.945111e-13 
iter: 1  mgc: 1.945111e-13 
outer mgc:  7.527073 
iter: 1  value: 28180.59 mgc: 0.7118232 ustep: 1 
iter: 2  value: 28180.58 mgc: 0.008386002 ustep: 1 
iter: 3  value: 28180.58 mgc: 1.679778e-06 ustep: 1 
iter: 4  mgc: 6.994405e-14 
iter: 1  value: 28180.51 mgc: 0.3699435 ustep: 1 
iter: 2  value: 28180.51 mgc: 0.001676249 ustep: 1 
iter: 3  value: 28180.51 mgc: 6.442628e-08 ustep: 1 
iter: 4  mgc: 5.023759e-15 
iter: 1  mgc: 5.023759e-15 
outer mgc:  3.067108 
iter: 1  value: 28177.93 mgc: 0.1925543 ustep: 1 
iter: 2  value: 28177.93 mgc: 0.0009971206 ustep: 1 
iter: 3  value: 28177.93 mgc: 2.432707e-08 ustep: 1 
iter: 4  mgc: 9.325873e-15 
iter: 1  mgc: 9.325873e-15 
outer mgc:  3.881254 
iter: 1  value: 28174.47 mgc: 0.228488 ustep: 1 
iter: 2  value: 28174.47 mgc: 0.001494595 ustep: 1 
iter: 3  value: 28174.47 mgc: 1.516698e-07 ustep: 1 
iter: 4  mgc: 5.662137e-15 
iter: 1  mgc: 5.662137e-15 
outer mgc:  3.936321 
iter: 1  value: 28172.7 mgc: 0.3912223 ustep: 1 
iter: 2  value: 28172.7 mgc: 0.004359806 ustep: 1 
iter: 3  value: 28172.7 mgc: 8.837244e-07 ustep: 1 
iter: 4  mgc: 6.972201e-14 
iter: 1  mgc: 6.972201e-14 
outer mgc:  4.544213 
iter: 1  value: 28170.08 mgc: 0.3159142 ustep: 1 
iter: 2  value: 28170.08 mgc: 0.004180521 ustep: 1 
iter: 3  value: 28170.08 mgc: 8.193669e-07 ustep: 1 
iter: 4  mgc: 3.241851e-14 
iter: 1  mgc: 3.241851e-14 
outer mgc:  4.636413 
iter: 1  value: 28167.26 mgc: 0.3128665 ustep: 1 
iter: 2  value: 28167.26 mgc: 0.005562414 ustep: 1 
iter: 3  value: 28167.26 mgc: 1.659249e-06 ustep: 1 
iter: 4  mgc: 1.441069e-13 
iter: 1  mgc: 1.441069e-13 
outer mgc:  4.338691 
iter: 1  value: 28165.27 mgc: 0.2609936 ustep: 1 
iter: 2  value: 28165.27 mgc: 0.003078963 ustep: 1 
iter: 3  value: 28165.27 mgc: 8.241716e-07 ustep: 1 
iter: 4  mgc: 5.728751e-14 
iter: 1  mgc: 5.728751e-14 
outer mgc:  3.414204 
iter: 1  value: 28163.73 mgc: 0.2283911 ustep: 1 
iter: 2  value: 28163.73 mgc: 0.003858765 ustep: 1 
iter: 3  value: 28163.73 mgc: 1.121169e-06 ustep: 1 
iter: 4  mgc: 1.174616e-13 
iter: 1  value: 28163.92 mgc: 0.1206922 ustep: 1 
iter: 2  value: 28163.92 mgc: 0.0005537168 ustep: 1 
iter: 3  value: 28163.92 mgc: 1.057874e-08 ustep: 1 
mgc: 5.107026e-15 
iter: 1  mgc: 5.107026e-15 
outer mgc:  1.719844 
iter: 1  value: 28162.55 mgc: 0.1477935 ustep: 1 
iter: 2  value: 28162.55 mgc: 0.0005978537 ustep: 1 
iter: 3  value: 28162.55 mgc: 1.283127e-08 ustep: 1 
mgc: 4.662937e-15 
iter: 1  mgc: 4.662937e-15 
outer mgc:  2.944036 
iter: 1  value: 28160.71 mgc: 0.102403 ustep: 1 
iter: 2  value: 28160.71 mgc: 0.0003987405 ustep: 1 
iter: 3  mgc: 7.032204e-09 
iter: 1  mgc: 7.032204e-09 
outer mgc:  1.613032 
iter: 1  value: 28159.73 mgc: 0.1904517 ustep: 1 
iter: 2  value: 28159.73 mgc: 0.001195307 ustep: 1 
iter: 3  value: 28159.73 mgc: 5.178561e-08 ustep: 1 
iter: 4  mgc: 4.662937e-15 
iter: 1  mgc: 4.662937e-15 
outer mgc:  1.923459 
iter: 1  value: 28157.85 mgc: 0.137779 ustep: 1 
iter: 2  value: 28157.85 mgc: 0.0003852713 ustep: 1 
iter: 3  mgc: 5.423665e-09 
iter: 1  mgc: 5.423665e-09 
outer mgc:  2.575184 
iter: 1  value: 28155.28 mgc: 0.1918553 ustep: 1 
iter: 2  value: 28155.28 mgc: 0.0008555357 ustep: 1 
iter: 3  value: 28155.28 mgc: 1.702154e-08 ustep: 1 
mgc: 4.884981e-15 
iter: 1  mgc: 4.884981e-15 
outer mgc:  3.157459 
iter: 1  value: 28154.46 mgc: 0.1286483 ustep: 1 
iter: 2  value: 28154.46 mgc: 0.0002632057 ustep: 1 
iter: 3  mgc: 2.166916e-09 
iter: 1  mgc: 2.166916e-09 
outer mgc:  1.086472 
iter: 1  value: 28152.63 mgc: 0.116286 ustep: 1 
iter: 2  value: 28152.63 mgc: 0.0004112036 ustep: 1 
iter: 3  mgc: 6.345549e-09 
iter: 1  mgc: 6.345549e-09 
outer mgc:  1.788474 
iter: 1  value: 28150.71 mgc: 0.1083262 ustep: 1 
iter: 2  value: 28150.71 mgc: 0.0004134178 ustep: 1 
iter: 3  value: 28150.71 mgc: 1.442518e-08 ustep: 1 
mgc: 4.440892e-15 
iter: 1  mgc: 4.440892e-15 
outer mgc:  1.563038 
iter: 1  value: 28149.08 mgc: 0.1159265 ustep: 1 
iter: 2  value: 28149.08 mgc: 0.00078279 ustep: 1 
iter: 3  value: 28149.08 mgc: 5.370952e-08 ustep: 1 
iter: 4  mgc: 4.052314e-15 
iter: 1  mgc: 4.052314e-15 
outer mgc:  1.441872 
iter: 1  value: 28147.88 mgc: 0.1632233 ustep: 1 
iter: 2  value: 28147.88 mgc: 0.002116016 ustep: 1 
iter: 3  value: 28147.88 mgc: 3.922836e-07 ustep: 1 
iter: 4  mgc: 1.24345e-14 
iter: 1  value: 28148.61 mgc: 0.09654302 ustep: 1 
iter: 2  value: 28148.61 mgc: 0.000774686 ustep: 1 
iter: 3  value: 28148.61 mgc: 5.267321e-08 ustep: 1 
iter: 4  mgc: 6.883383e-15 
iter: 1  mgc: 6.883383e-15 
outer mgc:  0.8205914 
iter: 1  value: 28147.65 mgc: 0.06414353 ustep: 1 
iter: 2  value: 28147.65 mgc: 0.0001272412 ustep: 1 
iter: 3  mgc: 1.417049e-09 
iter: 1  mgc: 1.417049e-09 
outer mgc:  0.773911 
iter: 1  value: 28145.63 mgc: 0.1439337 ustep: 1 
iter: 2  value: 28145.63 mgc: 0.0003408943 ustep: 1 
iter: 3  mgc: 3.245445e-09 
iter: 1  mgc: 3.245445e-09 
outer mgc:  0.8359003 
iter: 1  value: 28143.95 mgc: 0.1512598 ustep: 1 
iter: 2  value: 28143.95 mgc: 0.0002683849 ustep: 1 
iter: 3  mgc: 1.936797e-09 
iter: 1  mgc: 1.936797e-09 
outer mgc:  1.038099 
iter: 1  value: 28141.91 mgc: 0.1135736 ustep: 1 
iter: 2  value: 28141.91 mgc: 0.0002208547 ustep: 1 
iter: 3  mgc: 1.199113e-09 
iter: 1  mgc: 1.199113e-09 
outer mgc:  0.9751083 
iter: 1  value: 28139.85 mgc: 0.1315807 ustep: 1 
iter: 2  value: 28139.85 mgc: 0.0002557532 ustep: 1 
iter: 3  mgc: 2.823045e-09 
iter: 1  mgc: 2.823045e-09 
outer mgc:  1.336828 
iter: 1  value: 28138.05 mgc: 0.1313195 ustep: 1 
iter: 2  value: 28138.05 mgc: 0.0001641211 ustep: 1 
iter: 3  mgc: 6.369847e-10 
iter: 1  mgc: 6.369847e-10 
outer mgc:  0.6688374 
iter: 1  value: 28136.25 mgc: 0.1300376 ustep: 1 
iter: 2  value: 28136.25 mgc: 0.0002248808 ustep: 1 
iter: 3  mgc: 4.194647e-09 
iter: 1  value: 28137.52 mgc: 0.04201661 ustep: 1 
iter: 2  value: 28137.52 mgc: 8.615202e-05 ustep: 1 
iter: 3  mgc: 6.236913e-10 
iter: 1  mgc: 6.236913e-10 
outer mgc:  0.9535013 
iter: 1  value: 28136.96 mgc: 0.05458286 ustep: 1 
iter: 2  value: 28136.96 mgc: 5.849703e-05 ustep: 1 
iter: 3  mgc: 1.487073e-10 
iter: 1  mgc: 1.487073e-10 
outer mgc:  0.3469368 
iter: 1  value: 28136.24 mgc: 0.06149914 ustep: 1 
iter: 2  value: 28136.24 mgc: 4.211769e-05 ustep: 1 
iter: 3  mgc: 3.651168e-11 
iter: 1  mgc: 3.651168e-11 
outer mgc:  0.3251548 
iter: 1  value: 28135.35 mgc: 0.05914945 ustep: 1 
iter: 2  value: 28135.35 mgc: 3.911273e-05 ustep: 1 
iter: 3  mgc: 2.958966e-11 
iter: 1  value: 28132.81 mgc: 0.1834766 ustep: 1 
iter: 2  value: 28132.81 mgc: 0.0003243112 ustep: 1 
iter: 3  mgc: 1.903683e-09 
iter: 1  mgc: 1.903683e-09 
outer mgc:  0.5583427 
iter: 1  value: 28129.39 mgc: 0.2473392 ustep: 1 
iter: 2  value: 28129.39 mgc: 0.0005309733 ustep: 1 
iter: 3  mgc: 4.228368e-09 
iter: 1  mgc: 4.228368e-09 
outer mgc:  0.7915484 
iter: 1  value: 28126.07 mgc: 0.2409494 ustep: 1 
iter: 2  value: 28126.07 mgc: 0.0003239401 ustep: 1 
iter: 3  mgc: 1.523704e-09 
iter: 1  value: 28128.04 mgc: 0.1060636 ustep: 1 
iter: 2  value: 28128.04 mgc: 5.73148e-05 ustep: 1 
iter: 3  mgc: 1.521521e-10 
iter: 1  mgc: 1.521521e-10 
outer mgc:  1.026337 
iter: 1  value: 28126.89 mgc: 0.08588486 ustep: 1 
iter: 2  value: 28126.89 mgc: 6.150047e-05 ustep: 1 
iter: 3  mgc: 5.408829e-11 
iter: 1  mgc: 5.408829e-11 
outer mgc:  0.3291519 
iter: 1  value: 28125.56 mgc: 0.08585493 ustep: 1 
iter: 2  value: 28125.56 mgc: 8.243463e-05 ustep: 1 
iter: 3  mgc: 5.895209e-10 
iter: 1  mgc: 5.895209e-10 
outer mgc:  0.6154353 
iter: 1  value: 28124.34 mgc: 0.09254616 ustep: 1 
iter: 2  value: 28124.34 mgc: 5.086261e-05 ustep: 1 
iter: 3  mgc: 3.36744e-11 
iter: 1  mgc: 3.36744e-11 
outer mgc:  0.4489841 
iter: 1  value: 28123.16 mgc: 0.09482195 ustep: 1 
iter: 2  value: 28123.16 mgc: 4.386191e-05 ustep: 1 
iter: 3  mgc: 4.21112e-11 
iter: 1  mgc: 4.21112e-11 
outer mgc:  0.3624132 
iter: 1  value: 28121.92 mgc: 0.09475176 ustep: 1 
iter: 2  value: 28121.92 mgc: 0.0002150813 ustep: 1 
iter: 3  mgc: 1.505091e-09 
iter: 1  value: 28122.81 mgc: 0.02693258 ustep: 1 
iter: 2  value: 28122.81 mgc: 1.913429e-05 ustep: 1 
iter: 3  mgc: 1.342215e-11 
iter: 1  mgc: 1.342215e-11 
outer mgc:  0.0946836 
iter: 1  value: 28122.81 mgc: 0.02162283 ustep: 1 
iter: 2  value: 28122.81 mgc: 6.249521e-06 ustep: 1 
iter: 3  mgc: 1.140421e-12 
iter: 1  value: 28122.83 mgc: 0.008959409 ustep: 1 
iter: 2  value: 28122.83 mgc: 1.408541e-06 ustep: 1 
iter: 3  mgc: 4.396483e-14 
iter: 1  mgc: 4.396483e-14 
outer mgc:  0.103502 
iter: 1  value: 28122.81 mgc: 0.009885572 ustep: 1 
iter: 2  value: 28122.81 mgc: 2.332927e-06 ustep: 1 
iter: 3  mgc: 1.79412e-13 
iter: 1  mgc: 1.79412e-13 
outer mgc:  0.03004714 
iter: 1  value: 28122.66 mgc: 0.008770115 ustep: 1 
iter: 2  value: 28122.66 mgc: 1.992528e-06 ustep: 1 
iter: 3  mgc: 1.727507e-13 
iter: 1  mgc: 1.727507e-13 
outer mgc:  0.03963086 
iter: 1  value: 28122.54 mgc: 0.0102014 ustep: 1 
iter: 2  value: 28122.54 mgc: 1.54916e-06 ustep: 1 
iter: 3  mgc: 1.780798e-13 
iter: 1  mgc: 1.780798e-13 
outer mgc:  0.03017749 
iter: 1  value: 28122.49 mgc: 0.008560669 ustep: 1 
iter: 2  value: 28122.49 mgc: 3.05599e-06 ustep: 1 
iter: 3  mgc: 6.843415e-13 
iter: 1  value: 28122.52 mgc: 0.003756609 ustep: 1 
iter: 2  value: 28122.52 mgc: 6.347581e-07 ustep: 1 
iter: 3  mgc: 2.708944e-14 
iter: 1  mgc: 2.708944e-14 
outer mgc:  0.0149613 
iter: 1  value: 28122.49 mgc: 0.002121767 ustep: 1 
iter: 2  value: 28122.49 mgc: 2.314453e-07 ustep: 1 
iter: 3  mgc: 6.217249e-15 
iter: 1  value: 28122.5 mgc: 0.0009410451 ustep: 1 
iter: 2  value: 28122.5 mgc: 3.040565e-08 ustep: 1 
iter: 3  mgc: 5.107026e-15 
iter: 1  mgc: 5.107026e-15 
outer mgc:  0.01121264 
iter: 1  value: 28122.49 mgc: 0.001572663 ustep: 1 
iter: 2  value: 28122.49 mgc: 7.341134e-08 ustep: 1 
iter: 3  mgc: 5.329071e-15 
iter: 1  mgc: 5.329071e-15 
outer mgc:  0.004951294 
iter: 1  mgc: 5.329071e-15 
iter: 1  mgc: 5.329071e-15 
outer mgc:  0.004951294 
iter: 1  value: 28122.49 mgc: 0.003371711 ustep: 1 
iter: 2  value: 28122.49 mgc: 1.373801e-07 ustep: 1 
iter: 3  mgc: 7.771561e-15 
outer mgc:  0.1524867 
iter: 1  value: 28122.49 mgc: 0.003369042 ustep: 1 
iter: 2  value: 28122.49 mgc: 1.371876e-07 ustep: 1 
iter: 3  mgc: 4.662937e-15 
outer mgc:  0.1601694 
iter: 1  value: 28122.49 mgc: 0.002059271 ustep: 1 
iter: 2  value: 28122.49 mgc: 4.80395e-08 ustep: 1 
iter: 3  mgc: 5.329071e-15 
outer mgc:  0.08504542 
iter: 1  value: 28122.49 mgc: 0.002057818 ustep: 1 
iter: 2  value: 28122.49 mgc: 4.798641e-08 ustep: 1 
iter: 3  mgc: 6.106227e-15 
outer mgc:  0.09303435 
iter: 1  value: 28122.5 mgc: 0.006269512 ustep: 1 
iter: 2  value: 28122.5 mgc: 6.338306e-07 ustep: 1 
iter: 3  mgc: 1.065814e-14 
outer mgc:  0.1992789 
iter: 1  value: 28122.49 mgc: 0.006268911 ustep: 1 
iter: 2  value: 28122.49 mgc: 6.346163e-07 ustep: 1 
iter: 3  mgc: 1.199041e-14 
outer mgc:  0.1893599 
iter: 1  value: 28122.5 mgc: 0.003578161 ustep: 1 
iter: 2  value: 28122.5 mgc: 2.396906e-07 ustep: 1 
iter: 3  mgc: 4.773959e-15 
outer mgc:  0.1728679 
iter: 1  value: 28122.49 mgc: 0.003577807 ustep: 1 
iter: 2  value: 28122.49 mgc: 2.39948e-07 ustep: 1 
iter: 3  mgc: 4.315992e-15 
outer mgc:  0.164161 
iter: 1  value: 28122.49 mgc: 0.003121689 ustep: 1 
iter: 2  value: 28122.49 mgc: 7.204969e-07 ustep: 1 
iter: 3  mgc: 3.68594e-14 
outer mgc:  0.09699403 
iter: 1  value: 28122.5 mgc: 0.003117727 ustep: 1 
iter: 2  value: 28122.5 mgc: 7.210131e-07 ustep: 1 
iter: 3  mgc: 3.863576e-14 
outer mgc:  0.09238202 
iter: 1  value: 28122.49 mgc: 0.002467682 ustep: 1 
iter: 2  value: 28122.49 mgc: 5.407217e-07 ustep: 1 
iter: 3  mgc: 2.531308e-14 
outer mgc:  0.06802945 
iter: 1  value: 28122.5 mgc: 0.002465841 ustep: 1 
iter: 2  value: 28122.5 mgc: 5.409852e-07 ustep: 1 
iter: 3  mgc: 2.176037e-14 
outer mgc:  0.06871186 
iter: 1  value: 28122.49 mgc: 0.004429974 ustep: 1 
iter: 2  value: 28122.49 mgc: 6.597272e-07 ustep: 1 
iter: 3  mgc: 2.176037e-14 
outer mgc:  0.1353487 
iter: 1  value: 28122.5 mgc: 0.004426639 ustep: 1 
iter: 2  value: 28122.5 mgc: 6.604318e-07 ustep: 1 
iter: 3  mgc: 2.264855e-14 
outer mgc:  0.1377996 
iter: 1  value: 28122.49 mgc: 0.002521816 ustep: 1 
iter: 2  value: 28122.49 mgc: 3.265635e-07 ustep: 1 
iter: 3  mgc: 5.440093e-15 
outer mgc:  0.1018705 
iter: 1  value: 28122.5 mgc: 0.002519905 ustep: 1 
iter: 2  value: 28122.5 mgc: 3.265813e-07 ustep: 1 
iter: 3  mgc: 4.884981e-15 
outer mgc:  0.1049989 
iter: 1  value: 28122.49 mgc: 0.004092506 ustep: 1 
iter: 2  value: 28122.49 mgc: 6.193435e-07 ustep: 1 
iter: 3  mgc: 1.376677e-14 
outer mgc:  0.154298 
iter: 1  value: 28122.5 mgc: 0.004088543 ustep: 1 
iter: 2  value: 28122.5 mgc: 6.20008e-07 ustep: 1 
iter: 3  mgc: 1.354472e-14 
outer mgc:  0.1495057 
iter: 1  value: 28122.49 mgc: 0.00266376 ustep: 1 
iter: 2  value: 28122.49 mgc: 2.854059e-07 ustep: 1 
iter: 3  mgc: 4.662937e-15 
outer mgc:  0.1171926 
iter: 1  value: 28122.5 mgc: 0.002662327 ustep: 1 
iter: 2  value: 28122.5 mgc: 2.854282e-07 ustep: 1 
iter: 3  mgc: 4.440892e-15 
outer mgc:  0.1143157 
iter: 1  value: 28122.54 mgc: 0.003125734 ustep: 1 
iter: 2  value: 28122.54 mgc: 6.139228e-08 ustep: 1 
iter: 3  mgc: 6.661338e-15 
outer mgc:  0.004758587 
iter: 1  value: 28122.45 mgc: 0.003128862 ustep: 1 
iter: 2  value: 28122.45 mgc: 6.126021e-08 ustep: 1 
iter: 3  mgc: 5.329071e-15 
outer mgc:  0.005354154 
iter: 1  value: 28122.52 mgc: 0.004813072 ustep: 1 
iter: 2  value: 28122.52 mgc: 2.324394e-07 ustep: 1 
iter: 3  mgc: 4.884981e-15 
outer mgc:  0.0119388 
iter: 1  value: 28122.47 mgc: 0.004817887 ustep: 1 
iter: 2  value: 28122.47 mgc: 2.324587e-07 ustep: 1 
iter: 3  mgc: 6.217249e-15 
outer mgc:  0.01527055 
iter: 1  value: 28122.52 mgc: 0.002882736 ustep: 1 
iter: 2  value: 28122.52 mgc: 5.205482e-07 ustep: 1 
iter: 3  mgc: 1.953993e-14 
outer mgc:  0.009785764 
iter: 1  value: 28122.47 mgc: 0.00288562 ustep: 1 
iter: 2  value: 28122.47 mgc: 5.206681e-07 ustep: 1 
iter: 3  mgc: 2.309264e-14 
outer mgc:  0.01047851 
iter: 1  value: 28122.52 mgc: 0.00405838 ustep: 1 
iter: 2  value: 28122.52 mgc: 4.09568e-07 ustep: 1 
iter: 3  mgc: 8.881784e-15 
outer mgc:  0.009053701 
iter: 1  value: 28122.47 mgc: 0.004062441 ustep: 1 
iter: 2  value: 28122.47 mgc: 4.098304e-07 ustep: 1 
iter: 3  mgc: 8.881784e-15 
outer mgc:  0.01150521 
iter: 1  value: 28122.52 mgc: 0.003360055 ustep: 1 
iter: 2  value: 28122.52 mgc: 3.652871e-07 ustep: 1 
iter: 3  mgc: 6.661338e-15 
outer mgc:  0.007952441 
iter: 1  value: 28122.47 mgc: 0.003363416 ustep: 1 
iter: 2  value: 28122.47 mgc: 3.653042e-07 ustep: 1 
iter: 3  mgc: 5.77316e-15 
outer mgc:  0.01074074 
iter: 1  value: 28122.47 mgc: 0.003238819 ustep: 1 
iter: 2  value: 28122.47 mgc: 7.953107e-07 ustep: 1 
iter: 3  mgc: 5.595524e-14 
outer mgc:  0.15718 
iter: 1  value: 28122.52 mgc: 0.003236731 ustep: 1 
iter: 2  value: 28122.52 mgc: 7.931926e-07 ustep: 1 
iter: 3  mgc: 5.639933e-14 
outer mgc:  0.1587584 
iter: 1  value: 28122.47 mgc: 0.003176217 ustep: 1 
iter: 2  value: 28122.47 mgc: 2.817218e-07 ustep: 1 
iter: 3  mgc: 7.549517e-15 
outer mgc:  0.149996 
iter: 1  value: 28122.52 mgc: 0.003174323 ustep: 1 
iter: 2  value: 28122.52 mgc: 2.810909e-07 ustep: 1 
iter: 3  mgc: 5.329071e-15 
outer mgc:  0.1482925 
[Fri Aug 13 23:50:31 2021]
Finished job 0.
1 of 1 steps (100%) done
