Building DAG of jobs...
Using shell: /usr/bin/bash
Provided cores: 40
Rules claiming more threads will be scaled down.
Job counts:
	count	jobs
	1	inference_simulation_TMB_multiple
	1
Select jobs to execute...

[Sun Aug 15 14:32:55 2021]
rule inference_simulation_TMB_multiple:
    input: ../data/assessing_models_simulation/datasets/multiple_GenerationCnorm_50_100_10_3_0.005_NA_NA_NA_dataset1.RDS
    output: ../data/assessing_models_simulation/inference_results/TMB/nlminb/multiple_GenerationCnorm_50_100_10_3_0.005_fullREDMsinglelambda_NA_NA_NA_dataset1.RDS
    log: logs/inference/nlminb/simulation_GenerationCnorm_50_100_10_3_0.005_ModelfullREDMsinglelambda_NA_NA_NA_dataset1.log
    jobid: 0
    wildcards: optimiser=nlminb, datasetgeneration=GenerationCnorm, n=50, nlambda=100, lmbda=10, d=3, beta_intensity=0.005, model=fullREDMsinglelambda, fixed_beta_intercept=NA, fixed_beta_slope=NA, sdRE_input=NA, itnum=1

Rscript 2_inference_TMB/run_TMB.R --input ../data/assessing_models_simulation/datasets/multiple_GenerationCnorm_50_100_10_3_0.005_NA_NA_NA_dataset1.RDS --output ../data/assessing_models_simulation/inference_results/TMB/nlminb/multiple_GenerationCnorm_50_100_10_3_0.005_fullREDMsinglelambda_NA_NA_NA_dataset1.RDS --model fullREDMsinglelambda --optimiser nlminb
Model: fullREDMsinglelambda 
Feature type: signatures 
Using nlminb: TRUE 
Simulation boolean: TRUE 
make: Nothing to be done for 'all'.
../data/assessing_models_simulation/datasets/multiple_GenerationCnorm_50_100_10_3_0.005_NA_NA_NA_dataset1.RDS[1] "../data/assessing_models_simulation/datasets/multiple_GenerationCnorm_50_100_10_3_0.005_NA_NA_NA_dataset1.RDS"
Reading file ../data/assessing_models_simulation/datasets/multiple_GenerationCnorm_50_100_10_3_0.005_NA_NA_NA_dataset1.RDS 
Loading required package: nnet
# weights:  9 (4 variable)
initial  value 11032.264603 
final  value 10284.200130 
converged
Order of parameters:
[1] "beta"       "u_large"    "logs_sd_RE" "cov_par_RE" "log_lambda"
Not matching template order:
[1] "beta"       "logs_sd_RE" "cov_par_RE" "log_lambda" "u_large"   
Your parameter list has been re-ordered.
(Disable this warning with checkParameterOrder=FALSE)
Constructing atomic invpd
Constructing atomic D_lgamma
Constructing atomic invpd
Constructing atomic D_lgamma
Constructing atomic matmul
Constructing atomic invpd
Constructing atomic D_lgamma
Constructing atomic matmul
Optimizing tape... Done
iter: 1  value: 9584.655 mgc: 7.162653 ustep: 0.6827823 
iter: 2  value: 9558.278 mgc: 2.514822 ustep: 0.8263238 
iter: 3  value: 9556.966 mgc: 1.505774 ustep: 0.9090326 
iter: 4  value: 9556.94 mgc: 0.3007635 ustep: 0.9534367 
iter: 5  value: 9556.94 mgc: 0.00678101 ustep: 0.9764432 
iter: 6  value: 9556.94 mgc: 6.458159e-05 ustep: 0.9881526 
iter: 7  value: 9556.94 mgc: 3.525023e-07 ustep: 0.9940592 
iter: 8  mgc: 1.056918e-09 
iter: 1  mgc: 1.056918e-09 
Matching hessian patterns... Done
outer mgc:  57.25878 
iter: 1  value: 9472.279 mgc: 1.344948 ustep: 1 
iter: 2  value: 9472.257 mgc: 0.1423204 ustep: 1 
iter: 3  value: 9472.257 mgc: 0.002336666 ustep: 1 
iter: 4  value: 9472.257 mgc: 6.944759e-07 ustep: 1 
iter: 5  mgc: 6.030593e-14 
iter: 1  value: 9415.639 mgc: 2.630199 ustep: 1 
iter: 2  value: 9415.554 mgc: 0.3181094 ustep: 1 
iter: 3  value: 9415.554 mgc: 0.004276977 ustep: 1 
iter: 4  value: 9415.554 mgc: 1.427887e-06 ustep: 1 
iter: 5  mgc: 1.973977e-13 
iter: 1  mgc: 1.973977e-13 
outer mgc:  72.48227 
iter: 1  value: 9531.683 mgc: 9.017764 ustep: 1 
iter: 2  value: 9446.813 mgc: 8.80943 ustep: 1 
iter: 3  value: 9439.75 mgc: 4.238956 ustep: 1 
iter: 4  value: 9439.408 mgc: 1.691138 ustep: 1 
iter: 5  value: 9439.407 mgc: 0.03803491 ustep: 1 
iter: 6  value: 9439.407 mgc: 4.913645e-05 ustep: 1 
iter: 7  mgc: 7.7232e-11 
iter: 1  value: 9389.221 mgc: 3.968564 ustep: 1 
iter: 2  value: 9386.034 mgc: 1.409795 ustep: 1 
iter: 3  value: 9386.028 mgc: 0.0834003 ustep: 1 
iter: 4  value: 9386.028 mgc: 0.0004077422 ustep: 1 
iter: 5  value: 9386.028 mgc: 1.106899e-08 ustep: 1 
mgc: 4.884981e-15 
iter: 1  mgc: 4.884981e-15 
outer mgc:  36.04982 
iter: 1  value: 9361.884 mgc: 5.209342 ustep: 1 
iter: 2  value: 9361.722 mgc: 0.6418581 ustep: 1 
iter: 3  value: 9361.722 mgc: 0.01088627 ustep: 1 
iter: 4  value: 9361.722 mgc: 3.087498e-06 ustep: 1 
iter: 5  mgc: 2.3892e-13 
iter: 1  mgc: 2.3892e-13 
outer mgc:  68.79193 
iter: 1  value: 9341.523 mgc: 8.272969 ustep: 1 
iter: 2  value: 9341.262 mgc: 0.615517 ustep: 1 
iter: 3  value: 9341.262 mgc: 0.004180663 ustep: 1 
iter: 4  value: 9341.262 mgc: 5.902599e-07 ustep: 1 
iter: 5  mgc: 9.242607e-15 
iter: 1  mgc: 9.242607e-15 
outer mgc:  67.65298 
iter: 1  value: 9325.854 mgc: 3.04122 ustep: 1 
iter: 2  value: 9325.846 mgc: 0.0685267 ustep: 1 
iter: 3  value: 9325.846 mgc: 8.841679e-05 ustep: 1 
iter: 4  mgc: 2.159402e-10 
iter: 1  mgc: 2.159402e-10 
outer mgc:  12.82164 
iter: 1  value: 9327.168 mgc: 4.882769 ustep: 1 
iter: 2  value: 9327.164 mgc: 0.159848 ustep: 1 
iter: 3  value: 9327.164 mgc: 0.00063723 ustep: 1 
iter: 4  mgc: 3.664747e-09 
iter: 1  value: 9324.474 mgc: 1.990802 ustep: 1 
iter: 2  value: 9324.474 mgc: 0.04238903 ustep: 1 
iter: 3  value: 9324.474 mgc: 3.33849e-05 ustep: 1 
iter: 4  mgc: 1.881073e-11 
iter: 1  mgc: 1.881073e-11 
outer mgc:  4.41442 
iter: 1  value: 9316.482 mgc: 0.9914068 ustep: 1 
iter: 2  value: 9316.482 mgc: 0.008203954 ustep: 1 
iter: 3  value: 9316.482 mgc: 1.7851e-06 ustep: 1 
iter: 4  mgc: 9.325873e-15 
iter: 1  value: 9321.436 mgc: 0.408734 ustep: 1 
iter: 2  value: 9321.436 mgc: 0.001654203 ustep: 1 
iter: 3  value: 9321.436 mgc: 8.15262e-08 ustep: 1 
iter: 4  mgc: 5.77316e-15 
iter: 1  mgc: 5.77316e-15 
outer mgc:  6.342885 
iter: 1  value: 9319.418 mgc: 0.6408471 ustep: 1 
iter: 2  value: 9319.418 mgc: 0.002667381 ustep: 1 
iter: 3  value: 9319.418 mgc: 9.478692e-08 ustep: 1 
iter: 4  mgc: 5.107026e-15 
iter: 1  mgc: 5.107026e-15 
outer mgc:  4.637994 
iter: 1  value: 9317.827 mgc: 0.50731 ustep: 1 
iter: 2  value: 9317.827 mgc: 0.003365603 ustep: 1 
iter: 3  value: 9317.827 mgc: 2.193267e-07 ustep: 1 
iter: 4  mgc: 8.65974e-15 
iter: 1  mgc: 8.65974e-15 
outer mgc:  1.877645 
iter: 1  value: 9316.41 mgc: 0.5743899 ustep: 1 
iter: 2  value: 9316.41 mgc: 0.002773304 ustep: 1 
iter: 3  value: 9316.41 mgc: 1.132867e-07 ustep: 1 
mgc: 6.217249e-15 
iter: 1  mgc: 6.217249e-15 
outer mgc:  3.193192 
iter: 1  value: 9315.17 mgc: 0.6191287 ustep: 1 
iter: 2  value: 9315.17 mgc: 0.00159944 ustep: 1 
iter: 3  value: 9315.17 mgc: 1.303661e-07 ustep: 1 
iter: 4  mgc: 6.439294e-15 
iter: 1  mgc: 6.439294e-15 
outer mgc:  1.245994 
iter: 1  value: 9311.303 mgc: 1.241434 ustep: 1 
iter: 2  value: 9311.303 mgc: 0.00470878 ustep: 1 
iter: 3  value: 9311.303 mgc: 3.588029e-07 ustep: 1 
iter: 4  mgc: 8.21565e-15 
iter: 1  value: 9314.47 mgc: 0.1587065 ustep: 1 
iter: 2  value: 9314.47 mgc: 0.0001037215 ustep: 1 
iter: 3  mgc: 1.880025e-10 
iter: 1  mgc: 1.880025e-10 
outer mgc:  1.859609 
iter: 1  value: 9314.126 mgc: 0.1835006 ustep: 1 
iter: 2  value: 9314.126 mgc: 0.0001931587 ustep: 1 
iter: 3  mgc: 2.572639e-10 
iter: 1  mgc: 2.572639e-10 
outer mgc:  1.1478 
iter: 1  value: 9313.561 mgc: 0.1450408 ustep: 1 
iter: 2  value: 9313.561 mgc: 0.0001202798 ustep: 1 
iter: 3  mgc: 3.147318e-10 
iter: 1  mgc: 3.147318e-10 
outer mgc:  1.103114 
iter: 1  value: 9312.645 mgc: 0.1899338 ustep: 1 
iter: 2  value: 9312.645 mgc: 0.000396314 ustep: 1 
iter: 3  mgc: 1.965351e-09 
iter: 1  value: 9310.429 mgc: 0.5387378 ustep: 1 
iter: 2  value: 9310.429 mgc: 0.002705729 ustep: 1 
iter: 3  value: 9310.429 mgc: 8.14248e-08 ustep: 1 
mgc: 8.881784e-15 
iter: 1  value: 9307.066 mgc: 0.8408658 ustep: 1 
iter: 2  value: 9307.066 mgc: 0.004663183 ustep: 1 
iter: 3  value: 9307.066 mgc: 1.707542e-07 ustep: 1 
iter: 4  mgc: 7.549517e-15 
iter: 1  mgc: 7.549517e-15 
outer mgc:  1.537949 
iter: 1  value: 9301.467 mgc: 3.323854 ustep: 1 
iter: 2  value: 9301.467 mgc: 0.03528338 ustep: 1 
iter: 3  value: 9301.467 mgc: 5.489072e-06 ustep: 1 
iter: 4  mgc: 1.780798e-13 
iter: 1  value: 9306.119 mgc: 2.206632 ustep: 1 
iter: 2  value: 9306.119 mgc: 0.03188963 ustep: 1 
iter: 3  value: 9306.119 mgc: 7.15804e-06 ustep: 1 
iter: 4  mgc: 2.3892e-13 
iter: 1  value: 9306.602 mgc: 0.9262194 ustep: 1 
iter: 2  value: 9306.602 mgc: 0.005124999 ustep: 1 
iter: 3  value: 9306.602 mgc: 1.609617e-07 ustep: 1 
iter: 4  mgc: 7.438494e-15 
iter: 1  mgc: 7.438494e-15 
outer mgc:  0.5555401 
iter: 1  value: 9306.377 mgc: 0.1334812 ustep: 1 
iter: 2  value: 9306.377 mgc: 0.0001093257 ustep: 1 
iter: 3  mgc: 1.103232e-10 
iter: 1  mgc: 1.103232e-10 
outer mgc:  1.401513 
iter: 1  value: 9305.526 mgc: 0.3482118 ustep: 1 
iter: 2  value: 9305.526 mgc: 0.0006348501 ustep: 1 
iter: 3  mgc: 2.303043e-09 
iter: 1  mgc: 2.303043e-09 
outer mgc:  0.7695645 
iter: 1  value: 9303.791 mgc: 0.5003658 ustep: 1 
iter: 2  value: 9303.791 mgc: 0.0008367256 ustep: 1 
iter: 3  mgc: 4.411739e-09 
iter: 1  mgc: 4.411739e-09 
outer mgc:  0.3737599 
iter: 1  value: 9302.975 mgc: 0.9235168 ustep: 1 
iter: 2  value: 9302.975 mgc: 0.001117665 ustep: 1 
iter: 3  value: 9302.975 mgc: 1.3657e-08 ustep: 1 
mgc: 8.271162e-15 
iter: 1  mgc: 8.271162e-15 
outer mgc:  1.412052 
iter: 1  value: 9301.132 mgc: 0.4580752 ustep: 1 
iter: 2  value: 9301.132 mgc: 0.0004871623 ustep: 1 
iter: 3  mgc: 2.262809e-09 
iter: 1  mgc: 2.262809e-09 
outer mgc:  1.224298 
iter: 1  value: 9300.054 mgc: 0.3197361 ustep: 1 
iter: 2  value: 9300.054 mgc: 0.0003916513 ustep: 1 
iter: 3  mgc: 1.229377e-09 
iter: 1  mgc: 1.229377e-09 
outer mgc:  1.653183 
iter: 1  value: 9298.593 mgc: 0.2877581 ustep: 1 
iter: 2  value: 9298.593 mgc: 0.0001239586 ustep: 1 
iter: 3  mgc: 2.198601e-10 
iter: 1  mgc: 2.198601e-10 
outer mgc:  0.7662244 
iter: 1  value: 9296.976 mgc: 0.3600448 ustep: 1 
iter: 2  value: 9296.976 mgc: 0.0002132326 ustep: 1 
iter: 3  mgc: 5.221463e-10 
iter: 1  mgc: 5.221463e-10 
outer mgc:  0.8348241 
iter: 1  value: 9296.037 mgc: 0.2044357 ustep: 1 
iter: 2  value: 9296.037 mgc: 9.284962e-05 ustep: 1 
iter: 3  mgc: 3.951062e-11 
iter: 1  value: 9294.324 mgc: 0.4072781 ustep: 1 
iter: 2  value: 9294.324 mgc: 0.0002888464 ustep: 1 
iter: 3  mgc: 3.785074e-10 
iter: 1  mgc: 3.785074e-10 
outer mgc:  1.039446 
iter: 1  value: 9289.879 mgc: 0.8134798 ustep: 1 
iter: 2  value: 9289.879 mgc: 0.00112219 ustep: 1 
iter: 3  mgc: 6.833073e-09 
iter: 1  mgc: 6.833073e-09 
outer mgc:  0.9116685 
iter: 1  value: 9286.095 mgc: 0.6489486 ustep: 1 
iter: 2  value: 9286.095 mgc: 0.0004337277 ustep: 1 
iter: 3  mgc: 1.325879e-09 
iter: 1  mgc: 1.325879e-09 
outer mgc:  0.3971188 
iter: 1  value: 9278.99 mgc: 1.45726 ustep: 1 
iter: 2  value: 9278.99 mgc: 0.001024066 ustep: 1 
iter: 3  mgc: 6.530065e-09 
iter: 1  mgc: 6.530065e-09 
outer mgc:  0.2910792 
iter: 1  value: 9272.684 mgc: 1.273902 ustep: 1 
iter: 2  value: 9272.684 mgc: 0.0004505631 ustep: 1 
iter: 3  mgc: 9.188792e-10 
iter: 1  mgc: 9.188792e-10 
outer mgc:  0.3399144 
iter: 1  value: 9267.426 mgc: 0.9180509 ustep: 1 
iter: 2  value: 9267.426 mgc: 0.0001900633 ustep: 1 
iter: 3  mgc: 1.816427e-10 
iter: 1  mgc: 1.816427e-10 
outer mgc:  0.1013494 
iter: 1  value: 9260.563 mgc: 1.24979 ustep: 1 
iter: 2  value: 9260.563 mgc: 0.0001987669 ustep: 1 
iter: 3  mgc: 1.864682e-10 
iter: 1  mgc: 1.864682e-10 
outer mgc:  0.1076257 
iter: 1  value: 9254.488 mgc: 1.061695 ustep: 1 
iter: 2  value: 9254.488 mgc: 9.10889e-05 ustep: 1 
iter: 3  mgc: 3.48086e-11 
iter: 1  mgc: 3.48086e-11 
outer mgc:  0.0527553 
iter: 1  value: 9247.102 mgc: 1.33586 ustep: 1 
iter: 2  value: 9247.102 mgc: 7.84006e-05 ustep: 1 
iter: 3  mgc: 2.491207e-11 
iter: 1  mgc: 2.491207e-11 
outer mgc:  0.08378637 
iter: 1  value: 9240.725 mgc: 1.098981 ustep: 1 
iter: 2  value: 9240.725 mgc: 3.23594e-05 ustep: 1 
iter: 3  mgc: 3.969713e-12 
iter: 1  mgc: 3.969713e-12 
outer mgc:  0.02344417 
iter: 1  value: 9235.024 mgc: 0.9840819 ustep: 1 
iter: 2  value: 9235.024 mgc: 1.59938e-05 ustep: 1 
iter: 3  mgc: 9.889867e-13 
iter: 1  mgc: 9.889867e-13 
outer mgc:  0.03175574 
iter: 1  value: 9226.787 mgc: 1.48264 ustep: 1 
iter: 2  value: 9226.787 mgc: 1.869693e-05 ustep: 1 
iter: 3  mgc: 1.313172e-12 
iter: 1  mgc: 1.313172e-12 
outer mgc:  0.02077165 
iter: 1  value: 9219.701 mgc: 1.24678 ustep: 1 
iter: 2  value: 9219.701 mgc: 7.558415e-06 ustep: 1 
iter: 3  mgc: 2.096101e-13 
iter: 1  mgc: 2.096101e-13 
outer mgc:  0.0203277 
iter: 1  value: 9211.385 mgc: 1.495913 ustep: 1 
iter: 2  value: 9211.385 mgc: 5.544963e-06 ustep: 1 
iter: 3  mgc: 1.674216e-13 
iter: 1  mgc: 1.674216e-13 
outer mgc:  0.01466448 
iter: 1  value: 9204.251 mgc: 1.2511 ustep: 1 
iter: 2  value: 9204.251 mgc: 2.196009e-06 ustep: 1 
iter: 3  mgc: 2.551293e-13 
iter: 1  mgc: 2.551293e-13 
outer mgc:  0.01180976 
iter: 1  value: 9195.157 mgc: 1.66009 ustep: 1 
iter: 2  value: 9195.157 mgc: 1.863159e-06 ustep: 1 
iter: 3  mgc: 4.436451e-13 
iter: 1  mgc: 4.436451e-13 
outer mgc:  0.009168029 
iter: 1  value: 9187.463 mgc: 1.360443 ustep: 1 
iter: 2  value: 9187.463 mgc: 6.704837e-07 ustep: 1 
iter: 3  mgc: 5.555556e-13 
iter: 1  mgc: 5.555556e-13 
outer mgc:  0.00679389 
iter: 1  value: 9177.867 mgc: 1.767927 ustep: 1 
iter: 2  value: 9177.867 mgc: 5.292208e-07 ustep: 1 
iter: 3  mgc: 8.024692e-13 
iter: 1  mgc: 8.024692e-13 
outer mgc:  0.005458065 
iter: 1  value: 9169.819 mgc: 1.429899 ustep: 1 
iter: 2  value: 9169.819 mgc: 1.786446e-07 ustep: 1 
iter: 3  mgc: 1.341149e-12 
iter: 1  mgc: 1.341149e-12 
outer mgc:  0.003699966 
iter: 1  value: 9159.819 mgc: 1.858456 ustep: 1 
iter: 2  value: 9159.819 mgc: 1.382289e-07 ustep: 1 
iter: 3  mgc: 1.206396e-12 
iter: 1  mgc: 1.206396e-12 
outer mgc:  0.003074058 
iter: 1  value: 9151.488 mgc: 1.485812 ustep: 1 
iter: 2  value: 9151.488 mgc: 4.386676e-08 ustep: 1 
mgc: 3.173017e-12 
iter: 1  mgc: 3.173017e-12 
outer mgc:  0.001857408 
iter: 1  value: 9141.252 mgc: 1.913011 ustep: 1 
iter: 2  value: 9141.252 mgc: 3.333929e-08 ustep: 1 
mgc: 4.055867e-12 
iter: 1  mgc: 4.055867e-12 
outer mgc:  0.00167312 
iter: 1  value: 9132.76 mgc: 1.5222 ustep: 1 
iter: 2  value: 9132.76 mgc: 1.000048e-08 ustep: 1 
mgc: 3.233414e-12 
iter: 1  mgc: 3.233414e-12 
outer mgc:  0.0008650258 
iter: 1  value: 9122.394 mgc: 1.946746 ustep: 1 
iter: 2  mgc: 7.727949e-09 
iter: 1  mgc: 7.727949e-09 
outer mgc:  0.000907552 
iter: 1  value: 9113.812 mgc: 1.54455 ustep: 1 
iter: 2  mgc: 2.167635e-09 
iter: 1  mgc: 2.167635e-09 
outer mgc:  0.0003693932 
iter: 1  mgc: 2.167635e-09 
iter: 1  mgc: 2.167635e-09 
outer mgc:  0.0003693932 
iter: 1  value: 9113.814 mgc: 0.006114413 ustep: 1 
iter: 2  value: 9113.814 mgc: 3.472746e-07 ustep: 1 
iter: 3  mgc: 9.754864e-12 
outer mgc:  0.1849038 
iter: 1  value: 9113.811 mgc: 0.00611285 ustep: 1 
iter: 2  value: 9113.811 mgc: 3.458917e-07 ustep: 1 
iter: 3  mgc: 1.346523e-11 
outer mgc:  0.1848211 
iter: 1  value: 9113.813 mgc: 0.003268036 ustep: 1 
iter: 2  value: 9113.813 mgc: 1.038019e-07 ustep: 1 
iter: 3  mgc: 1.458611e-11 
outer mgc:  0.1099747 
iter: 1  value: 9113.812 mgc: 0.003267273 ustep: 1 
iter: 2  value: 9113.812 mgc: 1.03613e-07 ustep: 1 
iter: 3  mgc: 1.423617e-11 
outer mgc:  0.1099213 
iter: 1  value: 9113.813 mgc: 0.005414789 ustep: 1 
iter: 2  value: 9113.813 mgc: 6.763545e-08 ustep: 1 
iter: 3  mgc: 1.245981e-11 
outer mgc:  0.1521582 
iter: 1  value: 9113.812 mgc: 0.005411627 ustep: 1 
iter: 2  value: 9113.812 mgc: 6.735946e-08 ustep: 1 
iter: 3  mgc: 9.860113e-12 
outer mgc:  0.1521618 
iter: 1  value: 9113.813 mgc: 0.003351092 ustep: 1 
iter: 2  value: 9113.813 mgc: 4.865895e-08 ustep: 1 
iter: 3  mgc: 1.074207e-11 
outer mgc:  0.08895691 
iter: 1  value: 9113.812 mgc: 0.003350032 ustep: 1 
iter: 2  value: 9113.812 mgc: 4.858818e-08 ustep: 1 
iter: 3  mgc: 1.057843e-11 
outer mgc:  0.088933 
iter: 1  value: 9113.841 mgc: 49.67877 ustep: 1 
iter: 2  value: 9113.841 mgc: 1.311662e-06 ustep: 1 
iter: 3  mgc: 1.200684e-11 
outer mgc:  0.0494585 
iter: 1  value: 9113.784 mgc: 49.72847 ustep: 1 
iter: 2  value: 9113.784 mgc: 1.307866e-06 ustep: 1 
iter: 3  mgc: 1.007261e-11 
outer mgc:  0.04924416 
iter: 1  value: 9113.853 mgc: 49.63419 ustep: 1 
iter: 2  value: 9113.853 mgc: 2.890032e-06 ustep: 1 
iter: 3  mgc: 8.787193e-12 
outer mgc:  0.0344516 
iter: 1  value: 9113.772 mgc: 49.78331 ustep: 1 
iter: 2  value: 9113.772 mgc: 2.884753e-06 ustep: 1 
iter: 3  mgc: 9.091838e-12 
outer mgc:  0.03459998 
iter: 1  value: 9113.812 mgc: 6.377189e-05 ustep: 1 
mgc: 1.894929e-11 
outer mgc:  0.000369368 
iter: 1  value: 9113.813 mgc: 6.377306e-05 ustep: 1 
mgc: 1.14686e-11 
outer mgc:  0.0003694186 
iter: 1  value: 9113.801 mgc: 0.003707805 ustep: 1 
iter: 2  value: 9113.801 mgc: 1.752427e-07 ustep: 1 
iter: 3  mgc: 1.362466e-11 
outer mgc:  0.06771441 
iter: 1  value: 9113.824 mgc: 0.003705107 ustep: 1 
iter: 2  value: 9113.824 mgc: 1.751053e-07 ustep: 1 
iter: 3  mgc: 1.156564e-11 
outer mgc:  0.06843564 
Warning message:
package ‘nnet’ was built under R version 3.6.3 
[Sun Aug 15 14:32:58 2021]
Finished job 0.
1 of 1 steps (100%) done
