Building DAG of jobs...
Using shell: /usr/bin/bash
Provided cores: 1 (use --cores to define parallelism)
Rules claiming more threads will be scaled down.
Job counts:
	count	jobs
	1	inference_simulation_TMB_multiple
	1

[Sun Aug 15 20:38:52 2021]
rule inference_simulation_TMB_multiple:
    input: ../data/assessing_models_simulation/datasets/multiple_GenerationJnorm2_10_100_80_5_4_NA_NA_NA_dataset0.RDS
    output: ../data/assessing_models_simulation/inference_results/TMB/nlminb/multiple_GenerationJnorm2_10_100_80_5_4_fullREDMsinglelambda_NA_NA_NA_dataset0.RDS
    log: logs/inference/nlminb/simulation_GenerationJnorm2_10_100_80_5_4_ModelfullREDMsinglelambda_NA_NA_NA_dataset0.log
    jobid: 0
    wildcards: optimiser=nlminb, datasetgeneration=GenerationJnorm2, n=10, nlambda=100, lmbda=80, d=5, beta_intensity=4, model=fullREDMsinglelambda, fixed_beta_intercept=NA, fixed_beta_slope=NA, sdRE_input=NA, itnum=0

Rscript 2_inference_TMB/run_TMB.R --input ../data/assessing_models_simulation/datasets/multiple_GenerationJnorm2_10_100_80_5_4_NA_NA_NA_dataset0.RDS --output ../data/assessing_models_simulation/inference_results/TMB/nlminb/multiple_GenerationJnorm2_10_100_80_5_4_fullREDMsinglelambda_NA_NA_NA_dataset0.RDS --model fullREDMsinglelambda --optimiser nlminb
Model: fullREDMsinglelambda 
Feature type: signatures 
Using nlminb: TRUE 
Simulation boolean: TRUE 
make: Nothing to be done for 'all'.
../data/assessing_models_simulation/datasets/multiple_GenerationJnorm2_10_100_80_5_4_NA_NA_NA_dataset0.RDS[1] "../data/assessing_models_simulation/datasets/multiple_GenerationJnorm2_10_100_80_5_4_NA_NA_NA_dataset0.RDS"
Reading file ../data/assessing_models_simulation/datasets/multiple_GenerationJnorm2_10_100_80_5_4_NA_NA_NA_dataset0.RDS 
Loading required package: nnet
# weights:  15 (8 variable)
initial  value 3214.047511 
iter  10 value 1653.072345
iter  20 value 1626.521884
iter  30 value 1626.360497
final  value 1626.357273 
converged
Order of parameters:
[1] "beta"       "u_large"    "logs_sd_RE" "cov_par_RE" "log_lambda"
Not matching template order:
[1] "beta"       "logs_sd_RE" "cov_par_RE" "log_lambda" "u_large"   
Your parameter list has been re-ordered.
(Disable this warning with checkParameterOrder=FALSE)
Constructing atomic invpd
Constructing atomic D_lgamma
Constructing atomic invpd
Constructing atomic D_lgamma
Constructing atomic matmul
Constructing atomic invpd
Constructing atomic D_lgamma
Constructing atomic matmul
Optimizing tape... Done
iter: 1  value: 1922.091 mgc: 3.366636 ustep: 1 
iter: 2  value: 1892.174 mgc: 2.421429 ustep: 0.410787 
iter: 3  value: 1885.295 mgc: 1.344263 ustep: 0.4007626 
iter: 4  value: 1882.896 mgc: 0.9892897 ustep: 0.3942336 
iter: 5  value: 1881.935 mgc: 0.8591842 ustep: 0.6279174 
iter: 6  value: 1881.708 mgc: 0.5975578 ustep: 0.7924332 
iter: 7  value: 1881.66 mgc: 0.06315389 ustep: 0.8901981 
iter: 8  value: 1881.655 mgc: 0.01790611 ustep: 0.9435088 
iter: 9  value: 1881.655 mgc: 0.003264852 ustep: 0.9713467 
iter: 10  value: 1881.655 mgc: 0.0003483594 ustep: 0.9855707 
iter: 11  value: 1881.655 mgc: 1.913584e-05 ustep: 0.9927598 
iter: 12  value: 1881.655 mgc: 5.423574e-07 ustep: 0.9963737 
iter: 13  mgc: 7.829684e-09 
iter: 1  mgc: 7.829684e-09 
Matching hessian patterns... Done
outer mgc:  79.10006 
iter: 1  value: 1827.996 mgc: 0.739316 ustep: 1 
iter: 2  value: 1827.721 mgc: 0.2559965 ustep: 1 
iter: 3  value: 1827.72 mgc: 0.01719927 ustep: 1 
iter: 4  value: 1827.72 mgc: 9.184443e-05 ustep: 1 
iter: 5  mgc: 2.765298e-09 
iter: 1  mgc: 2.765298e-09 
outer mgc:  15.40447 
iter: 1  value: 1799.66 mgc: 0.4849189 ustep: 1 
iter: 2  value: 1799.659 mgc: 0.01918115 ustep: 1 
iter: 3  value: 1799.659 mgc: 7.701118e-05 ustep: 1 
iter: 4  mgc: 1.551702e-09 
iter: 1  value: 1767.239 mgc: 2.932712 ustep: 1 
iter: 2  value: 1767.046 mgc: 0.2933352 ustep: 1 
iter: 3  value: 1767.045 mgc: 0.02293525 ustep: 1 
iter: 4  value: 1767.045 mgc: 0.0002026684 ustep: 1 
iter: 5  value: 1767.045 mgc: 1.6445e-08 ustep: 1 
iter: 6  mgc: 3.275158e-15 
iter: 1  mgc: 3.275158e-15 
outer mgc:  10.68091 
iter: 1  value: 1792.815 mgc: 11.78793 ustep: 1 
iter: 2  value: 1737.835 mgc: 10.99634 ustep: 1 
iter: 3  value: 1733.225 mgc: 4.984134 ustep: 1 
iter: 4  value: 1733.034 mgc: 0.8212816 ustep: 1 
iter: 5  value: 1733.033 mgc: 0.06917788 ustep: 1 
iter: 6  value: 1733.033 mgc: 0.0006762568 ustep: 1 
iter: 7  value: 1733.033 mgc: 7.303089e-08 ustep: 1 
iter: 8  mgc: 3.552714e-15 
iter: 1  mgc: 3.552714e-15 
outer mgc:  23.09958 
iter: 1  value: 1679.563 mgc: 74.09729 ustep: 1 
iter: 2  value: 1670.638 mgc: 3.402283 ustep: 1 
iter: 3  value: 1670.052 mgc: 0.7743304 ustep: 1 
iter: 4  value: 1670.046 mgc: 0.0913618 ustep: 1 
iter: 5  value: 1670.046 mgc: 0.001773092 ustep: 1 
iter: 6  value: 1670.046 mgc: 7.002706e-07 ustep: 1 
iter: 7  mgc: 1.092182e-13 
iter: 1  mgc: 1.092182e-13 
outer mgc:  16.07949 
iter: 1  value: 1622.676 mgc: 58.33299 ustep: 1 
iter: 2  value: 1622.673 mgc: 0.2963373 ustep: 1 
iter: 3  value: 1622.673 mgc: 9.407025e-05 ustep: 1 
iter: 4  mgc: 1.636313e-10 
iter: 1  mgc: 1.636313e-10 
outer mgc:  8.088572 
iter: 1  value: 1665.085 mgc: 13.39579 ustep: 1 
iter: 2  value: 1664.793 mgc: 1.930235 ustep: 1 
iter: 3  value: 1664.792 mgc: 0.06613612 ustep: 1 
iter: 4  value: 1664.792 mgc: 9.191246e-05 ustep: 1 
iter: 5  mgc: 1.811751e-10 
iter: 1  value: 1614.069 mgc: 2.42764 ustep: 1 
iter: 2  value: 1614.068 mgc: 0.02887276 ustep: 1 
iter: 3  value: 1614.068 mgc: 3.080499e-05 ustep: 1 
iter: 4  mgc: 3.452705e-11 
iter: 1  mgc: 3.452705e-11 
outer mgc:  6.999344 
iter: 1  value: 1608.164 mgc: 3.414215 ustep: 1 
iter: 2  value: 1608.163 mgc: 0.07013654 ustep: 1 
iter: 3  value: 1608.163 mgc: 1.740295e-05 ustep: 1 
iter: 4  mgc: 1.237233e-12 
iter: 1  mgc: 1.237233e-12 
outer mgc:  9.631542 
iter: 1  value: 1600.98 mgc: 4.192312 ustep: 1 
iter: 2  value: 1600.98 mgc: 0.06775109 ustep: 1 
iter: 3  value: 1600.98 mgc: 4.360914e-05 ustep: 1 
iter: 4  mgc: 2.697575e-11 
iter: 1  mgc: 2.697575e-11 
outer mgc:  6.998661 
iter: 1  value: 1586.965 mgc: 16.90822 ustep: 1 
iter: 2  value: 1586.963 mgc: 0.1743032 ustep: 1 
iter: 3  value: 1586.963 mgc: 0.000110778 ustep: 1 
iter: 4  mgc: 1.307061e-10 
iter: 1  value: 1568.986 mgc: 74.98567 ustep: 1 
iter: 2  value: 1568.982 mgc: 0.2104337 ustep: 1 
iter: 3  value: 1568.982 mgc: 0.002087864 ustep: 1 
iter: 4  value: 1568.982 mgc: 1.990474e-07 ustep: 1 
iter: 5  mgc: 5.551115e-14 
iter: 1  value: 1547.193 mgc: 666.4733 ustep: 1 
iter: 2  value: 1547.18 mgc: 0.3069642 ustep: 1 
iter: 3  value: 1547.18 mgc: 0.01115562 ustep: 1 
iter: 4  value: 1547.18 mgc: 1.487551e-05 ustep: 1 
iter: 5  mgc: 2.675893e-11 
iter: 1  mgc: 2.675893e-11 
outer mgc:  22.83809 
iter: 1  value: 2222.709 mgc: 45527.86 ustep: 0.4367355 
iter: 2  value: 1914.112 mgc: 167.1377 ustep: 0.4176298 
iter: 3  value: 1795.559 mgc: 14.78653 ustep: 0.2287536 
iter: 4  value: 1730.456 mgc: 11.01689 ustep: 0.4783341 
iter: 5  value: 1712.127 mgc: 7.457132 ustep: 0.2547637 
iter: 6  value: 1710.373 mgc: 5.732729 ustep: 0.5047908 
iter: 7  value: 1710.366 mgc: 0.6507559 ustep: 0.7105153 
iter: 8  value: 1710.366 mgc: 0.01175018 ustep: 0.8429364 
iter: 9  value: 1710.366 mgc: 0.0002781139 ustep: 0.9181239 
iter: 10  value: 1710.366 mgc: 4.04413e-06 ustep: 0.958192 
iter: 11  value: 1710.366 mgc: 2.94773e-08 ustep: 0.9788749 
mgc: 1.045928e-10 
iter: 1  value: 1530.33 mgc: 178.6523 ustep: 1 
iter: 2  value: 1530.328 mgc: 0.1374159 ustep: 1 
iter: 3  value: 1530.328 mgc: 9.264697e-05 ustep: 1 
iter: 4  mgc: 6.143114e-11 
iter: 1  mgc: 6.143114e-11 
outer mgc:  7.049198 
iter: 1  value: 1524.302 mgc: 298.6361 ustep: 1 
iter: 2  value: 1524.298 mgc: 0.131932 ustep: 1 
iter: 3  value: 1524.298 mgc: 0.001179331 ustep: 1 
iter: 4  value: 1524.298 mgc: 6.075349e-08 ustep: 1 
mgc: 1.032507e-13 
iter: 1  mgc: 1.032507e-13 
outer mgc:  10.57088 
iter: 1  value: 1523.666 mgc: 612.0093 ustep: 1 
iter: 2  value: 1523.644 mgc: 0.673408 ustep: 1 
iter: 3  value: 1523.644 mgc: 0.008330924 ustep: 1 
iter: 4  value: 1523.644 mgc: 1.455245e-06 ustep: 1 
iter: 5  mgc: 6.654677e-13 
iter: 1  value: 1522.707 mgc: 76.01223 ustep: 1 
iter: 2  value: 1522.707 mgc: 0.08755738 ustep: 1 
iter: 3  value: 1522.707 mgc: 0.0002145523 ustep: 1 
iter: 4  mgc: 1.41713e-09 
iter: 1  mgc: 1.41713e-09 
outer mgc:  4.348371 
iter: 1  value: 1521.26 mgc: 242.0454 ustep: 1 
iter: 2  value: 1521.259 mgc: 0.1360475 ustep: 1 
iter: 3  value: 1521.259 mgc: 0.0004705266 ustep: 1 
iter: 4  mgc: 4.467893e-09 
iter: 1  mgc: 4.467893e-09 
outer mgc:  3.298444 
iter: 1  value: 1520.012 mgc: 60.44275 ustep: 1 
iter: 2  value: 1520.012 mgc: 0.07470067 ustep: 1 
iter: 3  value: 1520.012 mgc: 0.0001017867 ustep: 1 
iter: 4  mgc: 2.477227e-10 
iter: 1  mgc: 2.477227e-10 
outer mgc:  3.966915 
iter: 1  value: 1521.302 mgc: 209.2638 ustep: 1 
iter: 2  value: 1521.302 mgc: 0.02531191 ustep: 1 
iter: 3  value: 1521.302 mgc: 3.153702e-06 ustep: 1 
iter: 4  mgc: 2.381428e-13 
iter: 1  mgc: 2.381428e-13 
outer mgc:  2.914623 
iter: 1  value: 1521.828 mgc: 29.57033 ustep: 1 
iter: 2  value: 1521.828 mgc: 0.02040802 ustep: 1 
iter: 3  value: 1521.828 mgc: 4.471015e-06 ustep: 1 
iter: 4  mgc: 4.23217e-13 
iter: 1  value: 1520.887 mgc: 12.39152 ustep: 1 
iter: 2  value: 1520.887 mgc: 0.003099083 ustep: 1 
iter: 3  value: 1520.887 mgc: 1.023766e-07 ustep: 1 
mgc: 1.89182e-13 
iter: 1  mgc: 1.89182e-13 
outer mgc:  2.151834 
iter: 1  value: 1520.407 mgc: 33.71346 ustep: 1 
iter: 2  value: 1520.407 mgc: 0.001533225 ustep: 1 
iter: 3  value: 1520.407 mgc: 3.62864e-08 ustep: 1 
mgc: 4.543033e-13 
iter: 1  mgc: 4.543033e-13 
outer mgc:  1.325117 
iter: 1  value: 1520.039 mgc: 47.47549 ustep: 1 
iter: 2  value: 1520.039 mgc: 0.002815084 ustep: 1 
iter: 3  value: 1520.039 mgc: 9.667514e-08 ustep: 1 
mgc: 2.273737e-13 
iter: 1  value: 1519.629 mgc: 61.02576 ustep: 1 
iter: 2  value: 1519.629 mgc: 0.002722192 ustep: 1 
iter: 3  value: 1519.629 mgc: 5.489018e-08 ustep: 1 
mgc: 3.461675e-13 
iter: 1  value: 1518.278 mgc: 271.4892 ustep: 1 
iter: 2  value: 1518.277 mgc: 0.0428149 ustep: 1 
iter: 3  value: 1518.277 mgc: 1.808867e-05 ustep: 1 
iter: 4  mgc: 3.002487e-12 
iter: 1  mgc: 3.002487e-12 
outer mgc:  2.786239 
iter: 1  value: 1515.072 mgc: 737.2271 ustep: 1 
iter: 2  value: 1515.072 mgc: 0.06440644 ustep: 1 
iter: 3  value: 1515.072 mgc: 2.27685e-05 ustep: 1 
iter: 4  mgc: 1.527756e-11 
iter: 1  value: 1516.64 mgc: 209.0434 ustep: 1 
iter: 2  value: 1516.64 mgc: 0.02340979 ustep: 1 
iter: 3  value: 1516.64 mgc: 4.146375e-06 ustep: 1 
iter: 4  mgc: 4.569678e-13 
iter: 1  mgc: 4.569678e-13 
outer mgc:  2.79805 
iter: 1  value: 1513.301 mgc: 336.6475 ustep: 1 
iter: 2  value: 1513.301 mgc: 0.006361687 ustep: 1 
iter: 3  value: 1513.301 mgc: 5.147745e-07 ustep: 1 
iter: 4  mgc: 4.269918e-13 
iter: 1  mgc: 4.269918e-13 
outer mgc:  1.916774 
iter: 1  value: 1511.139 mgc: 180.3947 ustep: 1 
iter: 2  value: 1511.139 mgc: 0.03179737 ustep: 1 
iter: 3  value: 1511.139 mgc: 7.857588e-06 ustep: 1 
iter: 4  mgc: 6.905587e-13 
iter: 1  value: 1512.634 mgc: 52.56268 ustep: 1 
iter: 2  value: 1512.634 mgc: 0.007311246 ustep: 1 
iter: 3  value: 1512.634 mgc: 4.910977e-07 ustep: 1 
iter: 4  mgc: 3.872458e-13 
iter: 1  mgc: 3.872458e-13 
outer mgc:  0.6792189 
iter: 1  value: 1512.837 mgc: 130.618 ustep: 1 
iter: 2  value: 1512.837 mgc: 0.007106264 ustep: 1 
iter: 3  value: 1512.837 mgc: 3.722261e-07 ustep: 1 
iter: 4  mgc: 3.961276e-13 
iter: 1  mgc: 3.961276e-13 
outer mgc:  0.5367091 
iter: 1  value: 1512.225 mgc: 167.7012 ustep: 1 
iter: 2  value: 1512.225 mgc: 0.0008363345 ustep: 1 
iter: 3  mgc: 4.370857e-09 
iter: 1  value: 1511.527 mgc: 202.4962 ustep: 1 
iter: 2  value: 1511.527 mgc: 0.0005358146 ustep: 1 
iter: 3  mgc: 1.827105e-09 
iter: 1  mgc: 1.827105e-09 
outer mgc:  0.2702902 
iter: 1  value: 1509.224 mgc: 185.723 ustep: 1 
iter: 2  value: 1509.224 mgc: 0.004452407 ustep: 1 
iter: 3  value: 1509.224 mgc: 6.428487e-08 ustep: 1 
iter: 4  mgc: 1.409761e-12 
iter: 1  mgc: 1.409761e-12 
outer mgc:  0.3103499 
iter: 1  value: 1507.581 mgc: 375.8321 ustep: 1 
iter: 2  value: 1507.581 mgc: 0.0004965089 ustep: 1 
iter: 3  mgc: 9.892083e-10 
iter: 1  mgc: 9.892083e-10 
outer mgc:  0.3548061 
iter: 1  value: 1506.145 mgc: 640.8932 ustep: 1 
iter: 2  value: 1506.145 mgc: 0.0008453558 ustep: 1 
iter: 3  value: 1506.145 mgc: 2.619875e-08 ustep: 1 
mgc: 1.281197e-12 
iter: 1  value: 1504.565 mgc: 848.2115 ustep: 1 
iter: 2  value: 1504.565 mgc: 0.000827953 ustep: 1 
iter: 3  value: 1504.565 mgc: 2.616205e-08 ustep: 1 
mgc: 2.31104e-12 
iter: 1  mgc: 2.31104e-12 
outer mgc:  0.325237 
iter: 1  value: 1500.84 mgc: 1870.307 ustep: 1 
iter: 2  value: 1500.84 mgc: 0.0005607626 ustep: 1 
iter: 3  mgc: 2.640983e-09 
iter: 1  mgc: 2.640983e-09 
outer mgc:  0.1421982 
iter: 1  value: 1497.341 mgc: 2558.916 ustep: 1 
iter: 2  value: 1497.341 mgc: 0.0002104766 ustep: 1 
iter: 3  mgc: 8.716168e-10 
iter: 1  mgc: 8.716168e-10 
outer mgc:  0.05370931 
iter: 1  value: 1491.785 mgc: 7903.097 ustep: 1 
iter: 2  value: 1491.785 mgc: 0.0002147476 ustep: 1 
iter: 3  mgc: 2.56364e-10 
iter: 1  mgc: 2.56364e-10 
outer mgc:  0.1234215 
iter: 1  value: 1486.73 mgc: 12345.45 ustep: 1 
iter: 2  value: 1486.73 mgc: 0.0002172803 ustep: 1 
iter: 3  mgc: 9.322361e-10 
iter: 1  mgc: 9.322361e-10 
outer mgc:  0.2605107 
iter: 1  value: 1481.961 mgc: 18842.6 ustep: 1 
iter: 2  value: 1481.961 mgc: 7.907918e-05 ustep: 1 
iter: 3  mgc: 9.408962e-11 
iter: 1  mgc: 9.408962e-11 
outer mgc:  0.05691461 
iter: 1  value: 1477.312 mgc: 29610.33 ustep: 1 
iter: 2  value: 1477.312 mgc: 3.797097e-05 ustep: 1 
iter: 3  mgc: 2.730083e-11 
iter: 1  mgc: 2.730083e-11 
outer mgc:  0.03766994 
iter: 1  value: 1469.937 mgc: 110986.8 ustep: 1 
iter: 2  value: 1469.937 mgc: 3.847632e-05 ustep: 1 
iter: 3  mgc: 1.905198e-11 
iter: 1  mgc: 1.905198e-11 
outer mgc:  0.04044103 
iter: 1  value: 1462.816 mgc: 226716.6 ustep: 1 
iter: 2  value: 1462.816 mgc: 1.254611e-05 ustep: 1 
iter: 3  mgc: 5.57141e-11 
iter: 1  mgc: 5.57141e-11 
outer mgc:  0.03306746 
iter: 1  value: 1448.657 mgc: 2616727 ustep: 1 
iter: 2  value: 1448.657 mgc: 1.74134e-05 ustep: 1 
iter: 3  mgc: 2.30836e-10 
iter: 1  mgc: 2.30836e-10 
outer mgc:  0.01621213 
iter: 1  value: 1429.857 mgc: 31627604 ustep: 1 
iter: 2  value: 1429.857 mgc: 1.295938e-05 ustep: 1 
iter: 3  mgc: 2.776008e-09 
iter: 1  mgc: 2.776008e-09 
outer mgc:  0.01304557 
iter: 1  value: 1405.731 mgc: 696067217 ustep: 1 
iter: 2  value: 1405.731 mgc: 7.84233e-06 ustep: 1 
iter: 3  value: 1405.731 mgc: 1.535279e-08 ustep: 1 
mgc: 2.073349e-08 
iter: 1  value: 1405.731 mgc: 2.073349e-08 ustep: 1 
mgc: 9.338387e-09 
outer mgc:  0.01182813 
iter: 1  value: 1382.546 mgc: 7782238937 ustep: 1 
iter: 2  value: 1382.546 mgc: 3.553869e-06 ustep: 1 
iter: 3  value: 1382.546 mgc: 1.328602e-07 ustep: 1 
mgc: 2.433058e-07 
iter: 1  value: 1382.546 mgc: 2.433058e-07 ustep: 1 
mgc: 2.137049e-07 
outer mgc:  0.009335999 
iter: 1  value: 1352.176 mgc: 392654133935 ustep: 1 
iter: 2  value: 1352.176 mgc: 8.665084e-05 ustep: 1 
iter: 3  value: 1352.176 mgc: 8.799988e-06 ustep: 1 
mgc: 7.86246e-06 
iter: 1  value: 1352.176 mgc: 7.86246e-06 ustep: 1 
mgc: 3.841411e-06 
outer mgc:  0.005529085 
iter: 1  value: 1322.642 mgc: 8.86711e+12 ustep: 1 
iter: 2  value: 1322.642 mgc: 0.0008451531 ustep: 1 
iter: 3  value: 1322.642 mgc: 3.483859e-05 ustep: 1 
mgc: 0.000179333 
iter: 1  value: 1322.642 mgc: 0.000179333 ustep: 1 
mgc: 0.0001807983 
outer mgc:  0.004000554 
iter: 1  value: 1282.109 mgc: 1.913016e+15 ustep: 1 
iter: 2  value: 1282.109 mgc: 0.3249756 ustep: 1 
iter: 3  value: 1282.109 mgc: 0.01003198 ustep: 1 
mgc: 0.01014177 
iter: 1  value: 1282.109 mgc: 0.01014177 ustep: 1 
mgc: 0.009904788 
outer mgc:  0.003202387 
iter: 1  value: 1242.411 mgc: 1.326606e+17 ustep: 1 
iter: 2  value: 1242.411 mgc: 27.17765 ustep: 1 
iter: 3  value: 1242.411 mgc: 0.7262186 ustep: 1 
mgc: 0.891397 
iter: 1  value: 1242.411 mgc: 0.891397 ustep: 1 
mgc: 0.5502784 
outer mgc:  0.002496514 
iter: 1  value: 1188.57 mgc: 1.643838e+20 ustep: 1 
iter: 2  value: 1188.57 mgc: 36642.42 ustep: 1 
iter: 3  value: 1188.57 mgc: 151.6343 ustep: 1 
mgc: 106.416 
iter: 1  value: 1188.57 mgc: 106.416 ustep: 1 
mgc: 205.4863 
outer mgc:  0.001682265 
iter: 1  value: 1135.541 mgc: 4.786459e+22 ustep: 1 
iter: 2  value: 1135.541 mgc: 7851544 ustep: 1 
iter: 3  value: 1135.541 mgc: 52698.1 ustep: 1 
mgc: 79043.08 
iter: 1  value: 1135.541 mgc: 79043.08 ustep: 1 
mgc: 79041.4 
outer mgc:  0.001476717 
iter: 1  value: 1067.346 mgc: 3.005959e+26 ustep: 1 
iter: 2  value: 1067.346 mgc: 21926046149 ustep: 1 
iter: 3  value: 1067.346 mgc: 87470928 ustep: 1 
mgc: 116627906 
iter: 1  value: 1067.346 mgc: 116627906 ustep: 1 
mgc: 87470932 
outer mgc:  0.00127221 
iter: 1  value: 999.8752 mgc: 3.87145e+29 ustep: 1 
iter: 2  value: 999.8752 mgc: 5.47955e+13 ustep: 1 
iter: 3  value: 999.8752 mgc: 64541221768 ustep: 1 
mgc: 96811832653 
iter: 1  value: 999.8752 mgc: 96811832653 ustep: 1 
mgc: 193623665301 
outer mgc:  0.001117086 
iter: 1  value: 922.5643 mgc: 3.627838e+33 ustep: 1 
iter: 2  value: 922.5643 mgc: 5.295402e+17 ustep: 1 
iter: 3  value: 922.5643 mgc: 3.820637e+14 ustep: 1 
mgc: 1.910318e+14 
iter: 1  value: 922.5643 mgc: 1.910318e+14 ustep: 1 
mgc: 3.820637e+14 
outer mgc:  0.0009789622 
iter: 1  value: 800.995 mgc: 9.004796e+40 ustep: 1 
iter: 2  value: 800.995 mgc: 1.336738e+25 ustep: 1 
iter: 3  value: 800.995 mgc: 1.632926e+20 ustep: 1 
mgc: 1.224695e+20 
iter: 1  value: 800.995 mgc: 1.224695e+20 ustep: 1 
mgc: 8.164632e+19 
outer mgc:  0.0008201863 
iter: 1  value: 86318.8 mgc: 6.900958e+56 ustep: 1 
iter: 2  Error in if (m < 0) { : missing value where TRUE/FALSE needed
iter: 1  value: 776.8034 mgc: 9.636467e+37 ustep: 1 
iter: 2  value: 776.8034 mgc: 7.032618e+21 ustep: 1 
iter: 3  value: 776.8034 mgc: 1.24105e+21 ustep: 1 
mgc: 4.136834e+20 
iter: 1  value: 776.8034 mgc: 4.136834e+20 ustep: 1 
mgc: 2.4821e+21 
outer mgc:  0.0007749671 
iter: 1  value: 728.5236 mgc: 1.64296e+41 ustep: 1 
iter: 2  value: 728.5236 mgc: 2.488952e+25 ustep: 1 
iter: 3  value: 728.5236 mgc: 1.698943e+23 ustep: 1 
mgc: 3.397886e+23 
iter: 1  value: 728.5236 mgc: 3.397886e+23 ustep: 0.989901 
mgc: 1.698943e+23 
outer mgc:  NaN 
Error in nlminb(start = obj$par, obj = obj$fn, gr = obj$gr, iter.max = iter.max) : 
  NA/NaN gradient evaluation
In addition: Warning message:
In nlminb(start = obj$par, obj = obj$fn, gr = obj$gr, iter.max = iter.max) :
  NA/NaN function evaluation
[Sun Aug 15 20:38:54 2021]
Finished job 0.
1 of 1 steps (100%) done
