Building DAG of jobs...
Using shell: /usr/bin/bash
Provided cores: 40
Rules claiming more threads will be scaled down.
Job counts:
	count	jobs
	1	inference_simulation_TMB_multiple
	1
Select jobs to execute...

[Sun Aug 15 15:48:18 2021]
rule inference_simulation_TMB_multiple:
    input: ../data/assessing_models_simulation/datasets/multiple_GenerationCnorm_10_100_80_3_0_NA_NA_NA_dataset1.RDS
    output: ../data/assessing_models_simulation/inference_results/TMB/nlminb/multiple_GenerationCnorm_10_100_80_3_0_diagREDM_NA_NA_NA_dataset1.RDS
    log: logs/inference/nlminb/simulation_GenerationCnorm_10_100_80_3_0_ModeldiagREDM_NA_NA_NA_dataset1.log
    jobid: 0
    wildcards: optimiser=nlminb, datasetgeneration=GenerationCnorm, n=10, nlambda=100, lmbda=80, d=3, beta_intensity=0, model=diagREDM, fixed_beta_intercept=NA, fixed_beta_slope=NA, sdRE_input=NA, itnum=1

Rscript 2_inference_TMB/run_TMB.R --input ../data/assessing_models_simulation/datasets/multiple_GenerationCnorm_10_100_80_3_0_NA_NA_NA_dataset1.RDS --output ../data/assessing_models_simulation/inference_results/TMB/nlminb/multiple_GenerationCnorm_10_100_80_3_0_diagREDM_NA_NA_NA_dataset1.RDS --model diagREDM --optimiser nlminb
Model: diagREDM 
Feature type: signatures 
Using nlminb: TRUE 
Simulation boolean: TRUE 
make: Nothing to be done for 'all'.
../data/assessing_models_simulation/datasets/multiple_GenerationCnorm_10_100_80_3_0_NA_NA_NA_dataset1.RDS[1] "../data/assessing_models_simulation/datasets/multiple_GenerationCnorm_10_100_80_3_0_NA_NA_NA_dataset1.RDS"
Reading file ../data/assessing_models_simulation/datasets/multiple_GenerationCnorm_10_100_80_3_0_NA_NA_NA_dataset1.RDS 
Loading required package: nnet
# weights:  9 (4 variable)
initial  value 2257.648253 
final  value 1984.227064 
converged
Constructing atomic invpd
Constructing atomic D_lgamma
Constructing atomic invpd
Constructing atomic D_lgamma
Constructing atomic matmul
Constructing atomic invpd
Constructing atomic D_lgamma
Constructing atomic matmul
Optimizing tape... Done
iter: 1  value: 3084.127 mgc: 105.3836 ustep: 0.2494656 
iter: 2  value: 2470.254 mgc: 75.26644 ustep: 0.03004941 
iter: 3  value: 2293.939 mgc: 43.98823 ustep: 0.04054985 
iter: 4  value: 2042.031 mgc: 52.66999 ustep: 0.04385454 
iter: 5  value: 1983.469 mgc: 14.81132 ustep: 0.1108848 
iter: 6  value: 1950.688 mgc: 14.99748 ustep: 0.1833179 
iter: 7  value: 1949.303 mgc: 7.007137 ustep: 0.4282136 
iter: 8  value: 1949.274 mgc: 0.9390667 ustep: 0.6544149 
iter: 9  value: 1949.274 mgc: 0.05186953 ustep: 0.8089782 
iter: 10  value: 1949.274 mgc: 0.0008874182 ustep: 0.8994422 
iter: 11  value: 1949.274 mgc: 6.841364e-06 ustep: 0.9483944 
iter: 12  value: 1949.274 mgc: 2.59716e-08 ustep: 0.9738581 
mgc: 4.889533e-11 
iter: 1  mgc: 4.889533e-11 
Matching hessian patterns... Done
outer mgc:  42.61105 
iter: 1  value: 1953.936 mgc: 23.74095 ustep: 1 
iter: 2  value: 1953.692 mgc: 1.777339 ustep: 1 
iter: 3  value: 1953.692 mgc: 0.01748196 ustep: 1 
iter: 4  value: 1953.692 mgc: 2.370185e-06 ustep: 1 
iter: 5  mgc: 6.668693e-12 
iter: 1  value: 1939.093 mgc: 11.56342 ustep: 1 
iter: 2  value: 1939.081 mgc: 0.3486249 ustep: 1 
iter: 3  value: 1939.081 mgc: 0.00100136 ustep: 1 
iter: 4  mgc: 8.904568e-09 
iter: 1  mgc: 8.904568e-09 
outer mgc:  19.50175 
iter: 1  value: 1937.063 mgc: 10.38091 ustep: 1 
iter: 2  value: 1936.664 mgc: 1.836596 ustep: 1 
iter: 3  value: 1936.664 mgc: 0.03948374 ustep: 1 
iter: 4  value: 1936.664 mgc: 1.969319e-05 ustep: 1 
iter: 5  mgc: 8.355858e-12 
iter: 1  mgc: 8.355858e-12 
outer mgc:  23.95152 
iter: 1  value: 1933.073 mgc: 8.139813 ustep: 1 
iter: 2  value: 1933.058 mgc: 0.4247347 ustep: 1 
iter: 3  value: 1933.058 mgc: 0.001133743 ustep: 1 
iter: 4  value: 1933.058 mgc: 3.660426e-08 ustep: 1 
mgc: 8.713363e-12 
iter: 1  mgc: 8.713363e-12 
outer mgc:  15.15837 
iter: 1  value: 1929.826 mgc: 9.32787 ustep: 1 
iter: 2  value: 1929.583 mgc: 1.343826 ustep: 1 
iter: 3  value: 1929.583 mgc: 0.02031578 ustep: 1 
iter: 4  value: 1929.583 mgc: 6.489136e-06 ustep: 1 
iter: 5  mgc: 7.615159e-12 
iter: 1  mgc: 7.615159e-12 
outer mgc:  3.892404 
iter: 1  value: 1927.441 mgc: 8.989558 ustep: 1 
iter: 2  value: 1927.226 mgc: 1.22354 ustep: 1 
iter: 3  value: 1927.226 mgc: 0.0174474 ustep: 1 
iter: 4  value: 1927.226 mgc: 7.48872e-06 ustep: 1 
iter: 5  mgc: 7.406756e-12 
iter: 1  value: 1937.829 mgc: 18.66456 ustep: 1 
iter: 2  value: 1925.672 mgc: 9.865336 ustep: 1 
iter: 3  value: 1925.558 mgc: 0.8289783 ustep: 1 
iter: 4  value: 1925.558 mgc: 0.01377937 ustep: 1 
iter: 5  value: 1925.558 mgc: 5.033938e-06 ustep: 1 
iter: 6  mgc: 1.553013e-11 
iter: 1  mgc: 1.553013e-11 
outer mgc:  18.3163 
iter: 1  value: 1929.26 mgc: 18.96447 ustep: 1 
iter: 2  value: 1921.438 mgc: 8.032681 ustep: 1 
iter: 3  value: 1921.389 mgc: 0.5244624 ustep: 1 
iter: 4  value: 1921.389 mgc: 0.005325964 ustep: 1 
iter: 5  value: 1921.389 mgc: 7.449346e-07 ustep: 1 
iter: 6  mgc: 6.165068e-12 
iter: 1  mgc: 6.165068e-12 
outer mgc:  12.58529 
iter: 1  value: 1950.27 mgc: 71.45667 ustep: 1 
iter: 2  value: 1931.979 mgc: 9.483297 ustep: 1 
iter: 3  value: 1931.91 mgc: 0.9183952 ustep: 1 
iter: 4  value: 1931.91 mgc: 0.007240362 ustep: 1 
iter: 5  value: 1931.91 mgc: 8.054783e-07 ustep: 1 
iter: 6  mgc: 6.14353e-12 
iter: 1  value: 1919.093 mgc: 10.95733 ustep: 1 
iter: 2  value: 1918.996 mgc: 0.8646695 ustep: 1 
iter: 3  value: 1918.996 mgc: 0.008136451 ustep: 1 
iter: 4  value: 1918.996 mgc: 1.074999e-06 ustep: 1 
iter: 5  mgc: 1.049427e-11 
iter: 1  mgc: 1.049427e-11 
outer mgc:  4.006977 
iter: 1  value: 1917.999 mgc: 6.943886 ustep: 1 
iter: 2  value: 1917.979 mgc: 0.3812781 ustep: 1 
iter: 3  value: 1917.979 mgc: 0.001487461 ustep: 1 
iter: 4  value: 1917.979 mgc: 3.28662e-08 ustep: 1 
mgc: 1.085931e-11 
iter: 1  mgc: 1.085931e-11 
outer mgc:  6.980421 
iter: 1  value: 1917.465 mgc: 6.390708 ustep: 1 
iter: 2  value: 1917.465 mgc: 0.07606981 ustep: 1 
iter: 3  value: 1917.465 mgc: 1.682018e-05 ustep: 1 
iter: 4  mgc: 8.496759e-12 
iter: 1  mgc: 8.496759e-12 
outer mgc:  9.151377 
iter: 1  value: 1916.489 mgc: 10.17471 ustep: 1 
iter: 2  value: 1916.486 mgc: 0.1985418 ustep: 1 
iter: 3  value: 1916.486 mgc: 0.0003546844 ustep: 1 
iter: 4  mgc: 1.329707e-09 
iter: 1  mgc: 1.329707e-09 
outer mgc:  1.709981 
iter: 1  value: 1916.308 mgc: 5.882669 ustep: 1 
iter: 2  value: 1916.301 mgc: 0.2589198 ustep: 1 
iter: 3  value: 1916.301 mgc: 0.0006611434 ustep: 1 
iter: 4  mgc: 4.405028e-09 
iter: 1  value: 1916.273 mgc: 2.123119 ustep: 1 
iter: 2  value: 1916.273 mgc: 0.03961241 ustep: 1 
iter: 3  value: 1916.273 mgc: 1.174408e-05 ustep: 1 
iter: 4  mgc: 1.1813e-11 
iter: 1  mgc: 1.1813e-11 
outer mgc:  0.8810471 
iter: 1  value: 1916.181 mgc: 2.021604 ustep: 1 
iter: 2  value: 1916.181 mgc: 0.01478348 ustep: 1 
iter: 3  value: 1916.181 mgc: 3.761518e-06 ustep: 1 
iter: 4  mgc: 6.725509e-12 
iter: 1  mgc: 6.725509e-12 
outer mgc:  0.7900141 
iter: 1  value: 1916.202 mgc: 1.32622 ustep: 1 
iter: 2  value: 1916.202 mgc: 0.004349733 ustep: 1 
iter: 3  value: 1916.202 mgc: 1.839619e-07 ustep: 1 
iter: 4  mgc: 4.92717e-12 
iter: 1  mgc: 4.92717e-12 
outer mgc:  0.923096 
iter: 1  value: 1916.224 mgc: 0.594107 ustep: 1 
iter: 2  value: 1916.224 mgc: 0.00228205 ustep: 1 
iter: 3  value: 1916.224 mgc: 9.351112e-08 ustep: 1 
mgc: 3.044898e-12 
iter: 1  mgc: 3.044898e-12 
outer mgc:  0.3730481 
iter: 1  value: 1916.21 mgc: 0.7780385 ustep: 1 
iter: 2  value: 1916.21 mgc: 0.00137988 ustep: 1 
iter: 3  mgc: 5.115686e-09 
iter: 1  mgc: 5.115686e-09 
outer mgc:  0.08970917 
iter: 1  value: 1916.196 mgc: 0.2737056 ustep: 1 
iter: 2  value: 1916.196 mgc: 0.0001837629 ustep: 1 
iter: 3  mgc: 1.854872e-10 
iter: 1  value: 1916.203 mgc: 0.1316762 ustep: 1 
iter: 2  value: 1916.203 mgc: 4.241376e-05 ustep: 1 
iter: 3  mgc: 7.357004e-12 
iter: 1  mgc: 7.357004e-12 
outer mgc:  0.04609933 
iter: 1  value: 1916.204 mgc: 0.02833392 ustep: 1 
iter: 2  value: 1916.204 mgc: 5.00517e-06 ustep: 1 
iter: 3  mgc: 7.541079e-12 
iter: 1  value: 1916.205 mgc: 0.03613242 ustep: 1 
iter: 2  value: 1916.205 mgc: 8.136755e-06 ustep: 1 
iter: 3  mgc: 6.951106e-12 
iter: 1  mgc: 6.951106e-12 
outer mgc:  0.04131865 
iter: 1  value: 1916.214 mgc: 0.1014222 ustep: 1 
iter: 2  value: 1916.214 mgc: 2.810385e-05 ustep: 1 
iter: 3  mgc: 6.386558e-12 
iter: 1  mgc: 6.386558e-12 
outer mgc:  0.0900349 
iter: 1  value: 1916.251 mgc: 0.2579549 ustep: 1 
iter: 2  value: 1916.251 mgc: 0.000184722 ustep: 1 
iter: 3  mgc: 2.296661e-10 
iter: 1  value: 1916.402 mgc: 0.6127988 ustep: 1 
iter: 2  value: 1916.402 mgc: 0.0009515555 ustep: 1 
iter: 3  mgc: 6.532499e-09 
iter: 1  mgc: 6.532499e-09 
outer mgc:  0.6586286 
iter: 1  value: 1926.733 mgc: 3.117888 ustep: 1 
iter: 2  value: 1926.731 mgc: 0.1757375 ustep: 1 
iter: 3  value: 1926.731 mgc: 0.001079634 ustep: 1 
iter: 4  value: 1926.731 mgc: 4.100383e-08 ustep: 1 
mgc: 1.987299e-14 
iter: 1  value: 1916.537 mgc: 0.2645339 ustep: 1 
iter: 2  value: 1916.537 mgc: 0.0001374401 ustep: 1 
iter: 3  mgc: 1.535141e-10 
iter: 1  mgc: 1.535141e-10 
outer mgc:  0.8079129 
iter: 1  value: 1917.012 mgc: 0.5729451 ustep: 1 
iter: 2  value: 1917.012 mgc: 0.0008931736 ustep: 1 
iter: 3  value: 1917.012 mgc: 1.630367e-08 ustep: 1 
mgc: 5.768719e-13 
iter: 1  value: 1923.868 mgc: 2.212056 ustep: 1 
iter: 2  value: 1923.868 mgc: 0.08342523 ustep: 1 
iter: 3  value: 1923.868 mgc: 0.0002246745 ustep: 1 
iter: 4  mgc: 1.616077e-09 
iter: 1  mgc: 5.768719e-13 
outer mgc:  1.090507 
iter: 1  value: 1919.988 mgc: 1.028928 ustep: 1 
iter: 2  value: 1919.988 mgc: 0.02009951 ustep: 1 
iter: 3  value: 1919.988 mgc: 1.089802e-05 ustep: 1 
iter: 4  mgc: 3.145484e-12 
iter: 1  value: 1917.2 mgc: 0.3283268 ustep: 1 
iter: 2  value: 1917.2 mgc: 0.0006477845 ustep: 1 
iter: 3  mgc: 3.729662e-09 
iter: 1  mgc: 3.729662e-09 
outer mgc:  0.8142071 
iter: 1  value: 1916.852 mgc: 3.629533 ustep: 1 
iter: 2  value: 1916.851 mgc: 0.03585583 ustep: 1 
iter: 3  value: 1916.851 mgc: 1.399038e-05 ustep: 1 
iter: 4  mgc: 1.73439e-12 
iter: 1  value: 1917.077 mgc: 2.974653 ustep: 1 
iter: 2  value: 1917.077 mgc: 0.02710027 ustep: 1 
iter: 3  value: 1917.077 mgc: 8.145399e-06 ustep: 1 
iter: 4  mgc: 4.902745e-13 
iter: 1  value: 1917.162 mgc: 2.075652 ustep: 1 
iter: 2  value: 1917.162 mgc: 0.01386547 ustep: 1 
iter: 3  value: 1917.162 mgc: 2.146567e-06 ustep: 1 
iter: 4  mgc: 6.941114e-13 
iter: 1  mgc: 6.941114e-13 
outer mgc:  0.7712387 
iter: 1  value: 1917.219 mgc: 0.7769116 ustep: 1 
iter: 2  value: 1917.219 mgc: 0.001489219 ustep: 1 
iter: 3  mgc: 9.547157e-09 
iter: 1  mgc: 9.547157e-09 
outer mgc:  0.5989618 
iter: 1  value: 1917.365 mgc: 0.1684161 ustep: 1 
iter: 2  value: 1917.365 mgc: 0.0002226978 ustep: 1 
iter: 3  mgc: 1.057371e-09 
iter: 1  mgc: 1.057371e-09 
outer mgc:  0.2913155 
iter: 1  value: 1917.728 mgc: 0.3683293 ustep: 1 
iter: 2  value: 1917.728 mgc: 0.0006333106 ustep: 1 
iter: 3  mgc: 5.251275e-09 
iter: 1  value: 1917.48 mgc: 0.311566 ustep: 1 
iter: 2  value: 1917.48 mgc: 0.0002692372 ustep: 1 
iter: 3  mgc: 9.500087e-10 
iter: 1  mgc: 9.500087e-10 
outer mgc:  0.5899351 
iter: 1  value: 1917.606 mgc: 0.3468968 ustep: 1 
iter: 2  value: 1917.606 mgc: 0.0003651449 ustep: 1 
iter: 3  mgc: 1.044495e-09 
iter: 1  mgc: 1.044495e-09 
outer mgc:  0.319543 
iter: 1  value: 1917.466 mgc: 0.4439281 ustep: 1 
iter: 2  value: 1917.466 mgc: 0.0006448665 ustep: 1 
iter: 3  mgc: 2.767558e-09 
iter: 1  mgc: 2.767558e-09 
outer mgc:  0.1927201 
iter: 1  value: 1917.582 mgc: 0.5086755 ustep: 1 
iter: 2  value: 1917.582 mgc: 0.0008164802 ustep: 1 
iter: 3  mgc: 9.789835e-09 
iter: 1  value: 1917.489 mgc: 0.2731759 ustep: 1 
iter: 2  value: 1917.489 mgc: 0.0003711271 ustep: 1 
iter: 3  mgc: 2.094577e-09 
iter: 1  value: 1917.464 mgc: 0.1212632 ustep: 1 
iter: 2  value: 1917.464 mgc: 8.629495e-05 ustep: 1 
iter: 3  mgc: 1.123888e-10 
iter: 1  value: 1917.464 mgc: 0.04762191 ustep: 1 
iter: 2  value: 1917.464 mgc: 1.332463e-05 ustep: 1 
iter: 3  mgc: 2.593259e-12 
iter: 1  mgc: 2.593259e-12 
outer mgc:  0.09448773 
iter: 1  value: 1917.463 mgc: 0.07894452 ustep: 1 
iter: 2  value: 1917.463 mgc: 1.871732e-05 ustep: 1 
iter: 3  mgc: 2.389811e-12 
iter: 1  mgc: 2.389811e-12 
outer mgc:  0.09170409 
iter: 1  value: 1917.465 mgc: 0.03981117 ustep: 1 
iter: 2  value: 1917.465 mgc: 5.057811e-06 ustep: 1 
iter: 3  mgc: 4.174439e-13 
iter: 1  mgc: 4.174439e-13 
outer mgc:  0.08187175 
iter: 1  value: 1917.472 mgc: 0.03367903 ustep: 1 
iter: 2  value: 1917.472 mgc: 9.50183e-06 ustep: 1 
iter: 3  mgc: 1.900702e-12 
iter: 1  value: 1917.485 mgc: 0.0345725 ustep: 1 
iter: 2  value: 1917.485 mgc: 3.404179e-06 ustep: 1 
iter: 3  mgc: 3.201883e-13 
iter: 1  value: 1917.536 mgc: 0.1055084 ustep: 1 
iter: 2  value: 1917.536 mgc: 2.662162e-05 ustep: 1 
iter: 3  mgc: 1.427614e-11 
iter: 1  mgc: 1.427614e-11 
outer mgc:  0.07778152 
iter: 1  value: 1917.513 mgc: 0.1706082 ustep: 1 
iter: 2  value: 1917.513 mgc: 0.000154309 ustep: 1 
iter: 3  mgc: 3.121556e-10 
iter: 1  mgc: 3.121556e-10 
outer mgc:  0.06165436 
iter: 1  value: 1917.53 mgc: 0.08070943 ustep: 1 
iter: 2  value: 1917.53 mgc: 2.013095e-05 ustep: 1 
iter: 3  mgc: 4.656275e-12 
iter: 1  mgc: 4.656275e-12 
outer mgc:  0.001351005 
iter: 1  value: 1917.529 mgc: 0.002416924 ustep: 1 
iter: 2  value: 1917.529 mgc: 1.230917e-07 ustep: 1 
mgc: 2.082778e-13 
iter: 1  mgc: 2.082778e-13 
outer mgc:  0.001175966 
iter: 1  value: 1917.529 mgc: 0.009006166 ustep: 1 
iter: 2  value: 1917.529 mgc: 1.190714e-06 ustep: 1 
iter: 3  mgc: 3.057554e-13 
iter: 1  value: 1917.528 mgc: 0.01080087 ustep: 1 
iter: 2  value: 1917.528 mgc: 1.711935e-06 ustep: 1 
iter: 3  mgc: 1.663114e-13 
iter: 1  mgc: 1.663114e-13 
outer mgc:  0.003671484 
iter: 1  value: 1917.53 mgc: 0.007299694 ustep: 1 
iter: 2  value: 1917.53 mgc: 5.605018e-07 ustep: 1 
iter: 3  mgc: 3.261835e-13 
iter: 1  mgc: 3.261835e-13 
outer mgc:  0.00144257 
iter: 1  value: 1917.531 mgc: 0.00197392 ustep: 1 
iter: 2  value: 1917.531 mgc: 2.96968e-08 ustep: 1 
mgc: 3.119727e-13 
iter: 1  mgc: 3.119727e-13 
outer mgc:  0.0001686523 
iter: 1  mgc: 3.119727e-13 
iter: 1  mgc: 3.119727e-13 
outer mgc:  0.0001686523 
iter: 1  value: 1917.531 mgc: 0.02444062 ustep: 1 
iter: 2  value: 1917.531 mgc: 7.679088e-06 ustep: 1 
iter: 3  mgc: 8.61311e-13 
outer mgc:  0.02613306 
iter: 1  value: 1917.531 mgc: 0.02442117 ustep: 1 
iter: 2  value: 1917.531 mgc: 7.688014e-06 ustep: 1 
iter: 3  mgc: 8.85958e-13 
outer mgc:  0.02607088 
iter: 1  value: 1917.531 mgc: 0.01225999 ustep: 1 
iter: 2  value: 1917.531 mgc: 1.942854e-06 ustep: 1 
iter: 3  mgc: 2.580158e-13 
outer mgc:  0.05335629 
iter: 1  value: 1917.531 mgc: 0.01225062 ustep: 1 
iter: 2  value: 1917.531 mgc: 1.942215e-06 ustep: 1 
iter: 3  mgc: 2.420286e-13 
outer mgc:  0.05368375 
iter: 1  value: 1917.531 mgc: 0.04362216 ustep: 1 
iter: 2  value: 1917.531 mgc: 5.48944e-06 ustep: 1 
iter: 3  mgc: 2.529088e-13 
outer mgc:  0.03128514 
iter: 1  value: 1917.531 mgc: 0.04362446 ustep: 1 
iter: 2  value: 1917.531 mgc: 5.471898e-06 ustep: 1 
iter: 3  mgc: 2.534639e-13 
outer mgc:  0.03132015 
iter: 1  value: 1917.531 mgc: 0.02333521 ustep: 1 
iter: 2  value: 1917.531 mgc: 1.442925e-06 ustep: 1 
iter: 3  mgc: 1.785239e-13 
outer mgc:  0.1080391 
iter: 1  value: 1917.531 mgc: 0.02333559 ustep: 1 
iter: 2  value: 1917.531 mgc: 1.441288e-06 ustep: 1 
iter: 3  mgc: 2.846612e-13 
outer mgc:  0.1081232 
iter: 1  value: 1917.532 mgc: 0.002931324 ustep: 1 
iter: 2  value: 1917.532 mgc: 1.796033e-07 ustep: 1 
iter: 3  mgc: 2.036149e-13 
outer mgc:  0.003324703 
iter: 1  value: 1917.53 mgc: 0.002934257 ustep: 1 
iter: 2  value: 1917.53 mgc: 1.798352e-07 ustep: 1 
iter: 3  mgc: 1.612044e-13 
outer mgc:  0.003312897 
iter: 1  value: 1917.532 mgc: 0.00334453 ustep: 1 
iter: 2  value: 1917.532 mgc: 3.542796e-08 ustep: 1 
mgc: 2.98872e-13 
outer mgc:  0.004105276 
iter: 1  value: 1917.531 mgc: 0.003347876 ustep: 1 
iter: 2  value: 1917.531 mgc: 3.548268e-08 ustep: 1 
mgc: 2.036149e-13 
outer mgc:  0.004098447 
iter: 1  value: 1917.53 mgc: 0.0007730179 ustep: 1 
iter: 2  value: 1917.53 mgc: 1.21091e-08 ustep: 1 
mgc: 2.273737e-13 
outer mgc:  0.0001570832 
iter: 1  value: 1917.532 mgc: 0.0007735434 ustep: 1 
iter: 2  value: 1917.532 mgc: 1.212737e-08 ustep: 1 
mgc: 2.544631e-13 
outer mgc:  0.000187575 
iter: 1  value: 1917.53 mgc: 0.0009533019 ustep: 1 
iter: 2  value: 1917.53 mgc: 1.309779e-08 ustep: 1 
mgc: 3.739231e-13 
outer mgc:  0.0001110468 
iter: 1  value: 1917.532 mgc: 0.0009539731 ustep: 1 
iter: 2  value: 1917.532 mgc: 1.311767e-08 ustep: 1 
mgc: 1.54099e-13 
outer mgc:  0.0002651307 
Warning message:
package ‘nnet’ was built under R version 3.6.3 
[Sun Aug 15 15:48:20 2021]
Finished job 0.
1 of 1 steps (100%) done
