Building DAG of jobs...
Using shell: /usr/bin/bash
Provided cores: 1 (use --cores to define parallelism)
Rules claiming more threads will be scaled down.
Job counts:
	count	jobs
	1	inference_simulation_TMB_multiple
	1

[Mon Aug 16 09:27:07 2021]
rule inference_simulation_TMB_multiple:
    input: ../data/assessing_models_simulation/datasets/multiple_GenerationJnorm3_20_100_10_5_0.4_NA_NA_NA_dataset0.RDS
    output: ../data/assessing_models_simulation/inference_results/TMB/nlminb/multiple_GenerationJnorm3_20_100_10_5_0.4_fullREDMsinglelambda_NA_NA_NA_dataset0.RDS
    log: logs/inference/nlminb/simulation_GenerationJnorm3_20_100_10_5_0.4_ModelfullREDMsinglelambda_NA_NA_NA_dataset0.log
    jobid: 0
    wildcards: optimiser=nlminb, datasetgeneration=GenerationJnorm3, n=20, nlambda=100, lmbda=10, d=5, beta_intensity=0.4, model=fullREDMsinglelambda, fixed_beta_intercept=NA, fixed_beta_slope=NA, sdRE_input=NA, itnum=0

Rscript 2_inference_TMB/run_TMB.R --input ../data/assessing_models_simulation/datasets/multiple_GenerationJnorm3_20_100_10_5_0.4_NA_NA_NA_dataset0.RDS --output ../data/assessing_models_simulation/inference_results/TMB/nlminb/multiple_GenerationJnorm3_20_100_10_5_0.4_fullREDMsinglelambda_NA_NA_NA_dataset0.RDS --model fullREDMsinglelambda --optimiser nlminb
Model: fullREDMsinglelambda 
Feature type: signatures 
Using nlminb: TRUE 
Simulation boolean: TRUE 
make: Nothing to be done for 'all'.
../data/assessing_models_simulation/datasets/multiple_GenerationJnorm3_20_100_10_5_0.4_NA_NA_NA_dataset0.RDS[1] "../data/assessing_models_simulation/datasets/multiple_GenerationJnorm3_20_100_10_5_0.4_NA_NA_NA_dataset0.RDS"
Reading file ../data/assessing_models_simulation/datasets/multiple_GenerationJnorm3_20_100_10_5_0.4_NA_NA_NA_dataset0.RDS 
Loading required package: nnet
# weights:  15 (8 variable)
initial  value 6418.438395 
iter  10 value 5809.401289
final  value 5760.200728 
converged
Order of parameters:
[1] "beta"       "u_large"    "logs_sd_RE" "cov_par_RE" "log_lambda"
Not matching template order:
[1] "beta"       "logs_sd_RE" "cov_par_RE" "log_lambda" "u_large"   
Your parameter list has been re-ordered.
(Disable this warning with checkParameterOrder=FALSE)
Constructing atomic invpd
Constructing atomic D_lgamma
Constructing atomic invpd
Constructing atomic D_lgamma
Constructing atomic matmul
Constructing atomic invpd
Constructing atomic D_lgamma
Constructing atomic matmul
Optimizing tape... Done
iter: 1  value: 5302.815 mgc: 3.79363 ustep: 1 
iter: 2  value: 5286.423 mgc: 4.190789 ustep: 0.8994163 
iter: 3  value: 5279.66 mgc: 2.080303 ustep: 0.772724 
iter: 4  value: 5277.422 mgc: 0.9594258 ustep: 0.8790593 
iter: 5  value: 5276.477 mgc: 0.9551047 ustep: 0.9375879 
iter: 6  value: 5276.461 mgc: 0.1063271 ustep: 0.9682944 
iter: 7  value: 5276.461 mgc: 0.006147312 ustep: 0.9840211 
iter: 8  value: 5276.461 mgc: 0.0001284017 ustep: 0.9919792 
iter: 9  value: 5276.461 mgc: 1.767452e-06 ustep: 0.9959819 
iter: 10  value: 5276.461 mgc: 1.163189e-08 ustep: 0.9979891 
iter: 11  mgc: 3.75735e-11 
iter: 1  mgc: 3.75735e-11 
Matching hessian patterns... Done
outer mgc:  30.38067 
iter: 1  value: 5221.605 mgc: 1.23709 ustep: 1 
iter: 2  value: 5221.586 mgc: 0.1538542 ustep: 1 
iter: 3  value: 5221.586 mgc: 0.0005945169 ustep: 1 
iter: 4  value: 5221.586 mgc: 5.038779e-08 ustep: 1 
iter: 5  mgc: 2.109424e-15 
iter: 1  value: 5182.401 mgc: 3.701564 ustep: 1 
iter: 2  value: 5182.227 mgc: 0.6443798 ustep: 1 
iter: 3  value: 5182.227 mgc: 0.04898302 ustep: 1 
iter: 4  value: 5182.227 mgc: 0.000362914 ustep: 1 
iter: 5  value: 5182.227 mgc: 2.061233e-08 ustep: 1 
mgc: 4.218847e-15 
iter: 1  mgc: 4.218847e-15 
outer mgc:  29.63472 
iter: 1  value: 5172.205 mgc: 5.073529 ustep: 1 
iter: 2  value: 5170.888 mgc: 0.5968713 ustep: 1 
iter: 3  value: 5170.886 mgc: 0.03996583 ustep: 1 
iter: 4  value: 5170.886 mgc: 8.075672e-05 ustep: 1 
iter: 5  mgc: 6.716536e-10 
iter: 1  mgc: 6.716536e-10 
outer mgc:  39.9143 
iter: 1  value: 5103.505 mgc: 12.47426 ustep: 1 
iter: 2  value: 5102.747 mgc: 1.78478 ustep: 1 
iter: 3  value: 5102.747 mgc: 0.05589836 ustep: 1 
iter: 4  value: 5102.747 mgc: 6.761216e-05 ustep: 1 
iter: 5  mgc: 1.128428e-10 
iter: 1  mgc: 1.128428e-10 
outer mgc:  32.7525 
iter: 1  value: 5111.058 mgc: 52.08333 ustep: 1 
iter: 2  value: 5110.953 mgc: 0.9786628 ustep: 1 
iter: 3  value: 5110.953 mgc: 0.007409498 ustep: 1 
iter: 4  value: 5110.953 mgc: 2.856176e-06 ustep: 1 
iter: 5  mgc: 4.377609e-13 
iter: 1  value: 5102.027 mgc: 3.64588 ustep: 1 
iter: 2  value: 5102.015 mgc: 0.1905335 ustep: 1 
iter: 3  value: 5102.015 mgc: 0.0005768704 ustep: 1 
iter: 4  mgc: 4.828774e-09 
iter: 1  mgc: 4.828774e-09 
outer mgc:  19.82831 
iter: 1  value: 5101.889 mgc: 4.285538 ustep: 1 
iter: 2  value: 5101.857 mgc: 0.1955022 ustep: 1 
iter: 3  value: 5101.857 mgc: 0.0007070985 ustep: 1 
iter: 4  value: 5101.857 mgc: 1.382519e-08 ustep: 1 
mgc: 3.330669e-15 
iter: 1  value: 5093.26 mgc: 2.134655 ustep: 1 
iter: 2  value: 5093.259 mgc: 0.0372225 ustep: 1 
iter: 3  value: 5093.259 mgc: 8.127739e-06 ustep: 1 
iter: 4  mgc: 1.180001e-12 
iter: 1  mgc: 1.180001e-12 
outer mgc:  10.41828 
iter: 1  value: 5090.412 mgc: 2.682776 ustep: 1 
iter: 2  value: 5090.412 mgc: 0.04535506 ustep: 1 
iter: 3  value: 5090.412 mgc: 3.329006e-05 ustep: 1 
iter: 4  mgc: 6.497025e-12 
iter: 1  mgc: 6.497025e-12 
outer mgc:  12.71458 
iter: 1  value: 5084.593 mgc: 1.568636 ustep: 1 
iter: 2  value: 5084.592 mgc: 0.0250233 ustep: 1 
iter: 3  value: 5084.592 mgc: 7.780892e-06 ustep: 1 
iter: 4  mgc: 8.171241e-13 
iter: 1  mgc: 8.171241e-13 
outer mgc:  5.76991 
iter: 1  value: 5082.961 mgc: 1.253658 ustep: 1 
iter: 2  value: 5082.961 mgc: 0.01202559 ustep: 1 
iter: 3  value: 5082.961 mgc: 5.360225e-06 ustep: 1 
iter: 4  mgc: 8.303358e-13 
iter: 1  mgc: 8.303358e-13 
outer mgc:  7.505321 
iter: 1  value: 5079.423 mgc: 1.808472 ustep: 1 
iter: 2  value: 5079.422 mgc: 0.03812702 ustep: 1 
iter: 3  value: 5079.422 mgc: 1.286979e-05 ustep: 1 
iter: 4  mgc: 1.491252e-12 
iter: 1  mgc: 1.491252e-12 
outer mgc:  6.568716 
iter: 1  value: 5077.258 mgc: 2.775208 ustep: 1 
iter: 2  value: 5077.258 mgc: 0.03133455 ustep: 1 
iter: 3  value: 5077.258 mgc: 7.282314e-06 ustep: 1 
iter: 4  mgc: 1.976641e-12 
iter: 1  mgc: 1.976641e-12 
outer mgc:  8.039171 
iter: 1  value: 5075.712 mgc: 2.153543 ustep: 1 
iter: 2  value: 5075.712 mgc: 0.01230397 ustep: 1 
iter: 3  value: 5075.712 mgc: 2.696786e-06 ustep: 1 
iter: 4  mgc: 2.358114e-13 
iter: 1  mgc: 2.358114e-13 
outer mgc:  3.835544 
iter: 1  value: 5073.861 mgc: 2.826348 ustep: 1 
iter: 2  value: 5073.861 mgc: 0.02627075 ustep: 1 
iter: 3  value: 5073.861 mgc: 1.537233e-05 ustep: 1 
iter: 4  mgc: 8.161249e-12 
iter: 1  mgc: 8.161249e-12 
outer mgc:  3.299451 
iter: 1  value: 5071.516 mgc: 2.621466 ustep: 1 
iter: 2  value: 5071.516 mgc: 0.03129576 ustep: 1 
iter: 3  value: 5071.516 mgc: 3.73463e-05 ustep: 1 
iter: 4  mgc: 4.069589e-11 
iter: 1  mgc: 4.069589e-11 
outer mgc:  6.055471 
iter: 1  value: 5068.164 mgc: 2.606498 ustep: 1 
iter: 2  value: 5068.164 mgc: 0.02554383 ustep: 1 
iter: 3  value: 5068.164 mgc: 9.084168e-06 ustep: 1 
iter: 4  mgc: 2.669864e-12 
iter: 1  mgc: 2.669864e-12 
outer mgc:  4.244756 
iter: 1  value: 5068.471 mgc: 6.953573 ustep: 1 
iter: 2  value: 5068.47 mgc: 0.1019806 ustep: 1 
iter: 3  value: 5068.47 mgc: 4.675778e-05 ustep: 1 
iter: 4  mgc: 6.979972e-12 
iter: 1  value: 5068.662 mgc: 2.384947 ustep: 1 
iter: 2  value: 5068.662 mgc: 0.01064447 ustep: 1 
iter: 3  value: 5068.662 mgc: 8.840528e-07 ustep: 1 
iter: 4  mgc: 9.769963e-15 
iter: 1  mgc: 9.769963e-15 
outer mgc:  1.460895 
iter: 1  value: 5066.551 mgc: 1.88093 ustep: 1 
iter: 2  value: 5066.551 mgc: 0.007241678 ustep: 1 
iter: 3  value: 5066.551 mgc: 1.419792e-06 ustep: 1 
iter: 4  mgc: 7.238654e-14 
iter: 1  mgc: 7.238654e-14 
outer mgc:  1.149707 
iter: 1  value: 5063.837 mgc: 1.41658 ustep: 1 
iter: 2  value: 5063.837 mgc: 0.0007067958 ustep: 1 
iter: 3  value: 5063.837 mgc: 1.371104e-08 ustep: 1 
mgc: 6.716849e-15 
iter: 1  mgc: 6.716849e-15 
outer mgc:  1.249811 
iter: 1  value: 5062.774 mgc: 3.55467 ustep: 1 
iter: 2  value: 5062.774 mgc: 0.005840476 ustep: 1 
iter: 3  value: 5062.774 mgc: 1.256921e-06 ustep: 1 
iter: 4  mgc: 4.92939e-14 
iter: 1  mgc: 4.92939e-14 
outer mgc:  1.073968 
iter: 1  value: 5062.492 mgc: 0.8726147 ustep: 1 
iter: 2  value: 5062.492 mgc: 0.001977848 ustep: 1 
iter: 3  value: 5062.492 mgc: 1.514874e-08 ustep: 1 
mgc: 9.769963e-15 
iter: 1  mgc: 9.769963e-15 
outer mgc:  1.714997 
iter: 1  value: 5062.247 mgc: 3.154534 ustep: 1 
iter: 2  value: 5062.247 mgc: 0.004258437 ustep: 1 
iter: 3  value: 5062.247 mgc: 3.720965e-07 ustep: 1 
iter: 4  mgc: 5.107026e-15 
iter: 1  mgc: 5.107026e-15 
outer mgc:  0.7566747 
iter: 1  value: 5061.416 mgc: 0.5030415 ustep: 1 
iter: 2  value: 5061.416 mgc: 0.0007233418 ustep: 1 
iter: 3  value: 5061.416 mgc: 1.148833e-08 ustep: 1 
mgc: 9.825474e-15 
iter: 1  mgc: 9.825474e-15 
outer mgc:  1.361424 
iter: 1  value: 5059.156 mgc: 1.040749 ustep: 1 
iter: 2  value: 5059.156 mgc: 0.003801792 ustep: 1 
iter: 3  value: 5059.156 mgc: 3.875418e-07 ustep: 1 
iter: 4  mgc: 9.547918e-15 
iter: 1  mgc: 9.547918e-15 
outer mgc:  0.3955297 
iter: 1  value: 5057.438 mgc: 1.563911 ustep: 1 
iter: 2  value: 5057.438 mgc: 0.001267188 ustep: 1 
iter: 3  value: 5057.438 mgc: 2.864453e-08 ustep: 1 
mgc: 1.088019e-14 
iter: 1  mgc: 1.088019e-14 
outer mgc:  0.4354849 
iter: 1  value: 5056.539 mgc: 0.8608105 ustep: 1 
iter: 2  value: 5056.539 mgc: 0.0005222207 ustep: 1 
iter: 3  mgc: 9.915759e-09 
iter: 1  mgc: 9.915759e-09 
outer mgc:  0.398149 
iter: 1  value: 5055.984 mgc: 1.700013 ustep: 1 
iter: 2  value: 5055.984 mgc: 0.0006569949 ustep: 1 
iter: 3  mgc: 5.725752e-09 
iter: 1  mgc: 5.725752e-09 
outer mgc:  0.4750184 
iter: 1  value: 5055.001 mgc: 0.7244186 ustep: 1 
iter: 2  value: 5055.001 mgc: 0.0007920335 ustep: 1 
iter: 3  value: 5055.001 mgc: 1.82401e-08 ustep: 1 
mgc: 7.549517e-15 
iter: 1  mgc: 7.549517e-15 
outer mgc:  0.1740845 
iter: 1  value: 5053.365 mgc: 1.369261 ustep: 1 
iter: 2  value: 5053.365 mgc: 0.00211324 ustep: 1 
iter: 3  value: 5053.365 mgc: 1.389695e-07 ustep: 1 
iter: 4  mgc: 1.354472e-14 
iter: 1  mgc: 1.354472e-14 
outer mgc:  0.5632592 
iter: 1  value: 5051.948 mgc: 0.545054 ustep: 1 
iter: 2  value: 5051.948 mgc: 0.0001013936 ustep: 1 
iter: 3  mgc: 2.040184e-10 
iter: 1  value: 5049.117 mgc: 1.231669 ustep: 1 
iter: 2  value: 5049.117 mgc: 0.0004361366 ustep: 1 
iter: 3  mgc: 1.604824e-09 
iter: 1  mgc: 1.604824e-09 
outer mgc:  0.4512445 
iter: 1  value: 5046.658 mgc: 2.311223 ustep: 1 
iter: 2  value: 5046.658 mgc: 0.001038326 ustep: 1 
iter: 3  mgc: 6.427688e-09 
iter: 1  mgc: 6.427688e-09 
outer mgc:  0.2976099 
iter: 1  value: 5044.104 mgc: 4.635614 ustep: 1 
iter: 2  value: 5044.104 mgc: 0.0005789761 ustep: 1 
iter: 3  mgc: 5.733389e-09 
iter: 1  mgc: 5.733389e-09 
outer mgc:  0.2435592 
iter: 1  value: 5041.33 mgc: 2.884808 ustep: 1 
iter: 2  value: 5041.33 mgc: 0.0001273558 ustep: 1 
iter: 3  mgc: 2.823888e-10 
iter: 1  value: 5038.641 mgc: 3.40312 ustep: 1 
iter: 2  value: 5038.641 mgc: 0.0001264731 ustep: 1 
iter: 3  mgc: 2.429079e-10 
iter: 1  mgc: 2.429079e-10 
outer mgc:  0.3712762 
iter: 1  value: 5033.761 mgc: 6.066283 ustep: 1 
iter: 2  value: 5033.761 mgc: 0.001096321 ustep: 1 
iter: 3  value: 5033.761 mgc: 1.754266e-08 ustep: 1 
mgc: 5.973e-14 
iter: 1  mgc: 5.973e-14 
outer mgc:  0.1996162 
iter: 1  value: 5030.8 mgc: 4.092725 ustep: 1 
iter: 2  value: 5030.8 mgc: 0.001409362 ustep: 1 
iter: 3  value: 5030.8 mgc: 2.112721e-08 ustep: 1 
mgc: 1.765255e-13 
iter: 1  mgc: 1.765255e-13 
outer mgc:  0.5328976 
iter: 1  value: 5027.972 mgc: 3.832454 ustep: 1 
iter: 2  value: 5027.972 mgc: 0.0004361169 ustep: 1 
iter: 3  mgc: 3.539232e-09 
iter: 1  mgc: 3.539232e-09 
outer mgc:  0.1256786 
iter: 1  value: 5026.514 mgc: 2.446372 ustep: 1 
iter: 2  value: 5026.514 mgc: 4.272624e-05 ustep: 1 
iter: 3  mgc: 2.189948e-11 
iter: 1  mgc: 2.189948e-11 
outer mgc:  0.08301879 
iter: 1  value: 5025.153 mgc: 1.704577 ustep: 1 
iter: 2  value: 5025.153 mgc: 9.517456e-06 ustep: 1 
iter: 3  mgc: 9.077183e-13 
iter: 1  mgc: 9.077183e-13 
outer mgc:  0.05216002 
iter: 1  value: 5021.192 mgc: 4.158573 ustep: 1 
iter: 2  value: 5021.192 mgc: 3.693331e-05 ustep: 1 
iter: 3  mgc: 3.059197e-11 
iter: 1  mgc: 3.059197e-11 
outer mgc:  0.0240209 
iter: 1  value: 5018.68 mgc: 2.063799 ustep: 1 
iter: 2  value: 5018.68 mgc: 2.205775e-05 ustep: 1 
iter: 3  mgc: 7.446488e-12 
iter: 1  mgc: 7.446488e-12 
outer mgc:  0.04295675 
iter: 1  value: 5016.326 mgc: 2.456161 ustep: 1 
iter: 2  value: 5016.326 mgc: 1.365464e-05 ustep: 1 
iter: 3  mgc: 5.401235e-12 
iter: 1  mgc: 5.401235e-12 
outer mgc:  0.01241105 
iter: 1  value: 5014.213 mgc: 1.57163 ustep: 1 
iter: 2  value: 5014.213 mgc: 1.937868e-05 ustep: 1 
iter: 3  mgc: 9.752643e-12 
iter: 1  mgc: 9.752643e-12 
outer mgc:  0.01158158 
iter: 1  value: 5011.982 mgc: 2.1476 ustep: 1 
iter: 2  value: 5011.982 mgc: 3.097678e-05 ustep: 1 
iter: 3  mgc: 2.542211e-11 
iter: 1  mgc: 2.542211e-11 
outer mgc:  0.01981162 
iter: 1  value: 5010.202 mgc: 4.555437 ustep: 1 
iter: 2  value: 5010.202 mgc: 3.341014e-05 ustep: 1 
iter: 3  mgc: 3.13789e-11 
iter: 1  mgc: 3.13789e-11 
outer mgc:  0.01116606 
iter: 1  value: 5009.338 mgc: 5.762014 ustep: 1 
iter: 2  value: 5009.338 mgc: 2.469178e-05 ustep: 1 
iter: 3  mgc: 1.501466e-11 
iter: 1  mgc: 1.501466e-11 
outer mgc:  0.01878358 
iter: 1  value: 5009.327 mgc: 5.688681 ustep: 1 
iter: 2  value: 5009.327 mgc: 5.954108e-06 ustep: 1 
iter: 3  mgc: 1.110445e-12 
iter: 1  mgc: 1.110445e-12 
outer mgc:  0.00555601 
iter: 1  value: 5009.727 mgc: 2.167978 ustep: 1 
iter: 2  value: 5009.727 mgc: 2.332353e-06 ustep: 1 
iter: 3  mgc: 3.104184e-13 
iter: 1  mgc: 3.104184e-13 
outer mgc:  0.005540393 
iter: 1  value: 5010.453 mgc: 2.100248 ustep: 1 
iter: 2  value: 5010.453 mgc: 3.419839e-06 ustep: 1 
iter: 3  mgc: 6.67244e-13 
iter: 1  mgc: 6.67244e-13 
outer mgc:  0.005595905 
iter: 1  value: 5011.95 mgc: 2.689413 ustep: 1 
iter: 2  value: 5011.95 mgc: 1.033655e-05 ustep: 1 
iter: 3  mgc: 3.911982e-12 
iter: 1  mgc: 3.911982e-12 
outer mgc:  0.006509346 
iter: 1  value: 5012.467 mgc: 0.8625671 ustep: 1 
iter: 2  value: 5012.467 mgc: 2.516693e-06 ustep: 1 
iter: 3  mgc: 3.281819e-13 
iter: 1  mgc: 3.281819e-13 
outer mgc:  0.006380734 
iter: 1  value: 5012.496 mgc: 2.216044 ustep: 1 
iter: 2  value: 5012.496 mgc: 8.30642e-06 ustep: 1 
iter: 3  mgc: 2.025491e-12 
iter: 1  mgc: 2.025491e-12 
outer mgc:  0.003571606 
iter: 1  value: 5012.341 mgc: 0.4482485 ustep: 1 
iter: 2  value: 5012.341 mgc: 2.881411e-07 ustep: 1 
iter: 3  mgc: 1.754152e-13 
iter: 1  value: 5011.88 mgc: 1.330403 ustep: 1 
iter: 2  value: 5011.88 mgc: 2.397851e-06 ustep: 1 
iter: 3  mgc: 2.300382e-13 
iter: 1  mgc: 2.300382e-13 
outer mgc:  0.005542889 
iter: 1  value: 5009.892 mgc: 3.057166 ustep: 1 
iter: 2  value: 5009.892 mgc: 1.341804e-05 ustep: 1 
iter: 3  mgc: 4.414857e-12 
iter: 1  mgc: 4.414857e-12 
outer mgc:  0.007250845 
iter: 1  value: 5008.054 mgc: 1.482733 ustep: 1 
iter: 2  value: 5008.054 mgc: 5.385429e-06 ustep: 1 
iter: 3  mgc: 3.226308e-13 
iter: 1  mgc: 3.226308e-13 
outer mgc:  0.005705349 
iter: 1  value: 5005.871 mgc: 1.991393 ustep: 1 
iter: 2  value: 5005.871 mgc: 5.181123e-06 ustep: 1 
iter: 3  mgc: 6.017409e-13 
iter: 1  mgc: 6.017409e-13 
outer mgc:  0.002689601 
iter: 1  value: 5004.386 mgc: 1.224388 ustep: 1 
iter: 2  value: 5004.386 mgc: 2.674357e-06 ustep: 1 
iter: 3  mgc: 3.370637e-13 
iter: 1  mgc: 3.370637e-13 
outer mgc:  0.002328792 
iter: 1  value: 5003.306 mgc: 0.9980369 ustep: 1 
iter: 2  value: 5003.306 mgc: 1.611777e-06 ustep: 1 
iter: 3  mgc: 4.90108e-13 
iter: 1  mgc: 4.90108e-13 
outer mgc:  0.002009526 
iter: 1  value: 5002.641 mgc: 0.9174032 ustep: 1 
iter: 2  value: 5002.641 mgc: 7.544021e-07 ustep: 1 
iter: 3  mgc: 2.429168e-13 
iter: 1  mgc: 2.429168e-13 
outer mgc:  0.002177423 
iter: 1  value: 5002.272 mgc: 1.369603 ustep: 1 
iter: 2  value: 5002.272 mgc: 3.902806e-07 ustep: 1 
iter: 3  mgc: 2.461364e-13 
iter: 1  mgc: 2.461364e-13 
outer mgc:  0.002828536 
iter: 1  value: 5002.302 mgc: 2.175852 ustep: 1 
iter: 2  value: 5002.302 mgc: 8.158839e-07 ustep: 1 
iter: 3  mgc: 5.12701e-13 
iter: 1  mgc: 5.12701e-13 
outer mgc:  0.003271114 
iter: 1  value: 5003.067 mgc: 3.16761 ustep: 1 
iter: 2  value: 5003.067 mgc: 1.720644e-06 ustep: 1 
iter: 3  mgc: 6.112888e-13 
iter: 1  mgc: 6.112888e-13 
outer mgc:  0.003196316 
iter: 1  value: 5004.192 mgc: 2.260953 ustep: 1 
iter: 2  value: 5004.192 mgc: 9.01855e-07 ustep: 1 
iter: 3  mgc: 3.23741e-13 
iter: 1  mgc: 3.23741e-13 
outer mgc:  0.003511426 
iter: 1  value: 5008.403 mgc: 4.455266 ustep: 1 
iter: 2  value: 5008.403 mgc: 2.006664e-05 ustep: 1 
iter: 3  mgc: 8.959722e-12 
iter: 1  mgc: 8.959722e-12 
outer mgc:  0.006134617 
iter: 1  value: 5010.02 mgc: 1.098419 ustep: 1 
iter: 2  value: 5010.02 mgc: 5.836649e-06 ustep: 1 
iter: 3  mgc: 7.662759e-13 
iter: 1  mgc: 7.662759e-13 
outer mgc:  0.005794182 
iter: 1  value: 5011.449 mgc: 1.366805 ustep: 1 
iter: 2  value: 5011.449 mgc: 8.88375e-06 ustep: 1 
iter: 3  mgc: 1.371347e-12 
iter: 1  mgc: 1.371347e-12 
outer mgc:  0.005855562 
iter: 1  value: 5013.601 mgc: 2.948532 ustep: 1 
iter: 2  value: 5013.601 mgc: 3.909983e-05 ustep: 1 
iter: 3  mgc: 2.091172e-11 
iter: 1  mgc: 2.091172e-11 
outer mgc:  0.0212095 
iter: 1  value: 5018.046 mgc: 11.98091 ustep: 1 
iter: 2  value: 5018.046 mgc: 0.0003415865 ustep: 1 
iter: 3  mgc: 1.152607e-09 
iter: 1  mgc: 1.152607e-09 
outer mgc:  0.05528244 
iter: 1  value: 5017.448 mgc: 10.5514 ustep: 1 
iter: 2  value: 5017.448 mgc: 6.518984e-05 ustep: 1 
iter: 3  mgc: 1.408136e-10 
iter: 1  mgc: 1.408136e-10 
outer mgc:  0.06649681 
iter: 1  value: 5014.062 mgc: 14.74078 ustep: 1 
iter: 2  value: 5014.062 mgc: 5.739426e-05 ustep: 1 
iter: 3  mgc: 5.052936e-11 
iter: 1  mgc: 5.052936e-11 
outer mgc:  0.07965871 
iter: 1  value: 5017.881 mgc: 74.94637 ustep: 1 
iter: 2  value: 5017.881 mgc: 0.001942056 ustep: 1 
iter: 3  value: 5017.881 mgc: 4.216554e-08 ustep: 1 
iter: 4  mgc: 3.215206e-13 
iter: 1  value: 5014.477 mgc: 6.120979 ustep: 1 
iter: 2  value: 5014.477 mgc: 2.764527e-05 ustep: 1 
iter: 3  mgc: 8.346379e-12 
iter: 1  mgc: 8.346379e-12 
outer mgc:  0.03676977 
iter: 1  value: 5013.755 mgc: 1.89699 ustep: 1 
iter: 2  value: 5013.755 mgc: 1.621309e-06 ustep: 1 
iter: 3  mgc: 4.405365e-13 
iter: 1  value: 5011.754 mgc: 4.586991 ustep: 1 
iter: 2  value: 5011.754 mgc: 6.220314e-06 ustep: 1 
iter: 3  mgc: 1.090683e-12 
iter: 1  mgc: 1.090683e-12 
outer mgc:  0.05082001 
iter: 1  value: 5009.948 mgc: 5.931268 ustep: 1 
iter: 2  value: 5009.948 mgc: 1.188627e-05 ustep: 1 
iter: 3  mgc: 4.427569e-13 
iter: 1  mgc: 4.427569e-13 
outer mgc:  0.01177459 
iter: 1  value: 5007.699 mgc: 2.965419 ustep: 1 
iter: 2  value: 5007.699 mgc: 3.083702e-06 ustep: 1 
iter: 3  mgc: 1.250555e-12 
iter: 1  value: 5004.933 mgc: 5.68083 ustep: 1 
iter: 2  value: 5004.933 mgc: 5.25882e-06 ustep: 1 
iter: 3  mgc: 1.315947e-12 
iter: 1  mgc: 1.315947e-12 
outer mgc:  0.02125816 
iter: 1  value: 5002.001 mgc: 7.951077 ustep: 1 
iter: 2  value: 5002.001 mgc: 1.591761e-06 ustep: 1 
iter: 3  mgc: 1.350475e-12 
iter: 1  mgc: 1.350475e-12 
outer mgc:  0.01054127 
iter: 1  value: 4997.855 mgc: 2.787185 ustep: 1 
iter: 2  value: 4997.855 mgc: 2.110307e-06 ustep: 1 
iter: 3  mgc: 1.217249e-12 
iter: 1  mgc: 1.217249e-12 
outer mgc:  0.004763218 
iter: 1  value: 4994.401 mgc: 2.332767 ustep: 1 
iter: 2  value: 4994.401 mgc: 3.165823e-07 ustep: 1 
iter: 3  mgc: 2.182254e-12 
iter: 1  mgc: 2.182254e-12 
outer mgc:  0.003721922 
iter: 1  value: 4990.281 mgc: 1.27218 ustep: 1 
iter: 2  value: 4990.281 mgc: 3.882543e-08 ustep: 1 
iter: 3  mgc: 2.325251e-12 
iter: 1  mgc: 2.325251e-12 
outer mgc:  0.003673564 
iter: 1  value: 4986.863 mgc: 3.718548 ustep: 1 
iter: 2  value: 4986.863 mgc: 5.417956e-08 ustep: 1 
iter: 3  mgc: 5.457967e-12 
iter: 1  mgc: 5.457967e-12 
outer mgc:  0.00206844 
iter: 1  value: 4982.632 mgc: 3.575408 ustep: 1 
iter: 2  value: 4982.632 mgc: 6.338371e-08 ustep: 1 
iter: 3  mgc: 6.26077e-12 
iter: 1  mgc: 6.26077e-12 
outer mgc:  0.0009920614 
iter: 1  value: 4979.121 mgc: 7.87212 ustep: 1 
iter: 2  value: 4979.121 mgc: 3.495887e-08 ustep: 1 
iter: 3  mgc: 1.549605e-11 
iter: 1  mgc: 1.549605e-11 
outer mgc:  0.0007669647 
iter: 1  value: 4974.835 mgc: 8.616443 ustep: 1 
iter: 2  value: 4974.835 mgc: 3.313699e-08 ustep: 1 
iter: 3  mgc: 1.469913e-11 
iter: 1  mgc: 1.469913e-11 
outer mgc:  0.0009435081 
iter: 1  value: 4971.241 mgc: 33.21617 ustep: 1 
iter: 2  value: 4971.241 mgc: 2.90378e-08 ustep: 1 
mgc: 2.417566e-11 
iter: 1  mgc: 2.417566e-11 
outer mgc:  0.000500526 
iter: 1  value: 4966.606 mgc: 63.59854 ustep: 1 
iter: 2  value: 4966.606 mgc: 6.81719e-08 ustep: 1 
iter: 3  mgc: 4.653317e-11 
iter: 1  mgc: 4.653317e-11 
outer mgc:  0.001316718 
iter: 1  value: 4962.748 mgc: 86.89859 ustep: 1 
iter: 2  value: 4962.748 mgc: 2.483741e-08 ustep: 1 
mgc: 7.986345e-11 
iter: 1  mgc: 7.986345e-11 
outer mgc:  0.0003246111 
iter: 1  mgc: 7.986345e-11 
iter: 1  mgc: 7.986345e-11 
outer mgc:  0.0003246111 
iter: 1  value: 4962.749 mgc: 0.006081106 ustep: 1 
iter: 2  value: 4962.749 mgc: 2.133827e-07 ustep: 1 
iter: 3  mgc: 4.704459e-11 
outer mgc:  0.06178165 
iter: 1  value: 4962.746 mgc: 0.006078292 ustep: 1 
iter: 2  value: 4962.746 mgc: 2.134793e-07 ustep: 1 
iter: 3  mgc: 1.027038e-10 
outer mgc:  0.06205055 
iter: 1  value: 4962.747 mgc: 0.002879278 ustep: 1 
iter: 2  value: 4962.747 mgc: 6.689638e-08 ustep: 1 
iter: 3  mgc: 6.396222e-11 
outer mgc:  0.03050935 
iter: 1  value: 4962.748 mgc: 0.002877511 ustep: 1 
iter: 2  value: 4962.748 mgc: 6.684671e-08 ustep: 1 
iter: 3  mgc: 5.617429e-11 
outer mgc:  0.03038833 
iter: 1  value: 4962.747 mgc: 0.004935423 ustep: 1 
iter: 2  value: 4962.747 mgc: 2.7188e-07 ustep: 1 
iter: 3  mgc: 9.198298e-11 
outer mgc:  0.05149984 
iter: 1  value: 4962.748 mgc: 0.004931956 ustep: 1 
iter: 2  value: 4962.748 mgc: 2.719953e-07 ustep: 1 
iter: 3  mgc: 6.960521e-11 
outer mgc:  0.05131483 
iter: 1  value: 4962.747 mgc: 0.002785132 ustep: 1 
iter: 2  value: 4962.747 mgc: 8.66754e-08 ustep: 1 
iter: 3  mgc: 7.654366e-11 
outer mgc:  0.03188507 
iter: 1  value: 4962.748 mgc: 0.002783836 ustep: 1 
iter: 2  value: 4962.748 mgc: 8.661921e-08 ustep: 1 
iter: 3  mgc: 5.342082e-11 
outer mgc:  0.03199442 
iter: 1  value: 4962.749 mgc: 0.006161679 ustep: 1 
iter: 2  value: 4962.749 mgc: 2.350671e-07 ustep: 1 
iter: 3  mgc: 5.40763e-11 
outer mgc:  0.06464219 
iter: 1  value: 4962.746 mgc: 0.006159323 ustep: 1 
iter: 2  value: 4962.746 mgc: 2.347952e-07 ustep: 1 
iter: 3  mgc: 4.963985e-11 
outer mgc:  0.06477382 
iter: 1  value: 4962.749 mgc: 0.003355223 ustep: 1 
iter: 2  value: 4962.749 mgc: 8.178181e-08 ustep: 1 
iter: 3  mgc: 7.030376e-11 
outer mgc:  0.04594663 
iter: 1  value: 4962.746 mgc: 0.0033543 ustep: 1 
iter: 2  value: 4962.746 mgc: 8.184013e-08 ustep: 1 
iter: 3  mgc: 5.735723e-11 
outer mgc:  0.04603072 
iter: 1  value: 4962.746 mgc: 0.00310135 ustep: 1 
iter: 2  value: 4962.746 mgc: 1.662614e-07 ustep: 1 
iter: 3  mgc: 4.898171e-11 
outer mgc:  0.02181057 
iter: 1  value: 4962.749 mgc: 0.003098471 ustep: 1 
iter: 2  value: 4962.749 mgc: 1.66064e-07 ustep: 1 
iter: 3  mgc: 9.896772e-11 
outer mgc:  0.02167882 
iter: 1  value: 4962.747 mgc: 0.0008909327 ustep: 1 
iter: 2  value: 4962.747 mgc: 2.276169e-08 ustep: 1 
mgc: 6.919132e-11 
outer mgc:  0.006779588 
iter: 1  value: 4962.748 mgc: 0.0008901459 ustep: 1 
iter: 2  value: 4962.748 mgc: 2.274071e-08 ustep: 1 
mgc: 5.65461e-11 
outer mgc:  0.006676646 
iter: 1  value: 4962.763 mgc: 134.8826 ustep: 1 
iter: 2  value: 4962.763 mgc: 9.02395e-07 ustep: 1 
iter: 3  mgc: 6.77336e-11 
outer mgc:  0.009172843 
iter: 1  value: 4962.732 mgc: 135.0175 ustep: 1 
iter: 2  value: 4962.732 mgc: 9.00502e-07 ustep: 1 
iter: 3  mgc: 5.276479e-11 
outer mgc:  0.00922838 
iter: 1  value: 4962.757 mgc: 326.7737 ustep: 1 
iter: 2  value: 4962.757 mgc: 2.050922e-06 ustep: 1 
iter: 3  mgc: 7.15934e-11 
outer mgc:  0.01943889 
iter: 1  value: 4962.739 mgc: 327.1006 ustep: 1 
iter: 2  value: 4962.739 mgc: 2.052102e-06 ustep: 1 
iter: 3  mgc: 7.838108e-11 
outer mgc:  0.01933059 
iter: 1  value: 4962.765 mgc: 267.6134 ustep: 1 
iter: 2  value: 4962.765 mgc: 2.011436e-07 ustep: 1 
iter: 3  mgc: 5.320633e-11 
outer mgc:  0.007289729 
iter: 1  value: 4962.73 mgc: 268.4174 ustep: 1 
iter: 2  value: 4962.73 mgc: 2.008294e-07 ustep: 1 
iter: 3  mgc: 6.755518e-11 
outer mgc:  0.007453382 
iter: 1  value: 4962.762 mgc: 297.1764 ustep: 1 
iter: 2  value: 4962.762 mgc: 2.575383e-06 ustep: 1 
iter: 3  mgc: 1.009298e-10 
outer mgc:  0.01138636 
iter: 1  value: 4962.733 mgc: 297.4738 ustep: 1 
iter: 2  value: 4962.733 mgc: 2.569766e-06 ustep: 1 
iter: 3  mgc: 3.625411e-11 
outer mgc:  0.01105565 
iter: 1  value: 4962.74 mgc: 194.728 ustep: 1 
iter: 2  value: 4962.74 mgc: 4.427558e-07 ustep: 1 
iter: 3  mgc: 4.924017e-11 
outer mgc:  0.005324882 
iter: 1  value: 4962.756 mgc: 194.7394 ustep: 1 
iter: 2  value: 4962.756 mgc: 4.432547e-07 ustep: 1 
iter: 3  mgc: 5.921375e-11 
outer mgc:  0.00601261 
iter: 1  value: 4962.748 mgc: 88.97633 ustep: 1 
iter: 2  value: 4962.748 mgc: 4.4362e-08 ustep: 1 
iter: 3  mgc: 4.400436e-11 
outer mgc:  0.001603331 
iter: 1  value: 4962.747 mgc: 88.9547 ustep: 1 
iter: 2  value: 4962.747 mgc: 4.438705e-08 ustep: 1 
iter: 3  mgc: 5.137801e-11 
outer mgc:  0.0009285145 
iter: 1  value: 4962.742 mgc: 12.97836 ustep: 1 
iter: 2  mgc: 9.700662e-10 
outer mgc:  0.0003387635 
iter: 1  value: 4962.754 mgc: 12.97186 ustep: 1 
iter: 2  mgc: 9.818422e-10 
outer mgc:  0.0004677449 
iter: 1  value: 4962.748 mgc: 0.2002752 ustep: 1 
iter: 2  mgc: 5.130829e-11 
outer mgc:  0.0003367698 
iter: 1  value: 4962.748 mgc: 0.2002755 ustep: 1 
iter: 2  mgc: 3.98872e-11 
outer mgc:  0.0003341304 
iter: 1  value: 4962.748 mgc: 1.000074 ustep: 1 
iter: 2  mgc: 9.152901e-11 
outer mgc:  0.0003239438 
iter: 1  value: 4962.748 mgc: 1.000073 ustep: 1 
iter: 2  mgc: 7.512391e-11 
outer mgc:  0.0003422047 
iter: 1  value: 4962.748 mgc: 0.2922188 ustep: 1 
iter: 2  mgc: 4.669998e-11 
outer mgc:  0.0003399011 
iter: 1  value: 4962.748 mgc: 0.2922247 ustep: 1 
iter: 2  mgc: 5.476453e-11 
outer mgc:  0.0003319957 
iter: 1  value: 4962.741 mgc: 0.004086413 ustep: 1 
iter: 2  value: 4962.741 mgc: 1.595271e-07 ustep: 1 
iter: 3  mgc: 4.623701e-11 
outer mgc:  0.05252236 
iter: 1  value: 4962.755 mgc: 0.004083511 ustep: 1 
iter: 2  value: 4962.755 mgc: 1.593681e-07 ustep: 1 
iter: 3  mgc: 7.630696e-11 
outer mgc:  0.05186502 
[Mon Aug 16 09:27:12 2021]
Finished job 0.
1 of 1 steps (100%) done
