Building DAG of jobs...
Using shell: /usr/bin/bash
Provided cores: 80
Rules claiming more threads will be scaled down.
Job counts:
	count	jobs
	1	inference_simulation_TMB_multiple
	1
Select jobs to execute...

[Sun Aug 15 15:02:20 2021]
rule inference_simulation_TMB_multiple:
    input: ../data/assessing_models_simulation/datasets/multiple_GenerationCnorm_20_100_10_5_0.01_NA_NA_NA_dataset0.RDS
    output: ../data/assessing_models_simulation/inference_results/TMB/nlminb/multiple_GenerationCnorm_20_100_10_5_0.01_fullREM_NA_NA_NA_dataset0.RDS
    log: logs/inference/nlminb/simulation_GenerationCnorm_20_100_10_5_0.01_ModelfullREM_NA_NA_NA_dataset0.log
    jobid: 0
    wildcards: optimiser=nlminb, datasetgeneration=GenerationCnorm, n=20, nlambda=100, lmbda=10, d=5, beta_intensity=0.01, model=fullREM, fixed_beta_intercept=NA, fixed_beta_slope=NA, sdRE_input=NA, itnum=0

Rscript 2_inference_TMB/run_TMB.R --input ../data/assessing_models_simulation/datasets/multiple_GenerationCnorm_20_100_10_5_0.01_NA_NA_NA_dataset0.RDS --output ../data/assessing_models_simulation/inference_results/TMB/nlminb/multiple_GenerationCnorm_20_100_10_5_0.01_fullREM_NA_NA_NA_dataset0.RDS --model fullREM --optimiser nlminb
Model: fullREM 
Feature type: signatures 
Using nlminb: TRUE 
Simulation boolean: TRUE 
make: Nothing to be done for 'all'.
../data/assessing_models_simulation/datasets/multiple_GenerationCnorm_20_100_10_5_0.01_NA_NA_NA_dataset0.RDS[1] "../data/assessing_models_simulation/datasets/multiple_GenerationCnorm_20_100_10_5_0.01_NA_NA_NA_dataset0.RDS"
Reading file ../data/assessing_models_simulation/datasets/multiple_GenerationCnorm_20_100_10_5_0.01_NA_NA_NA_dataset0.RDS 
Loading required package: nnet
# weights:  15 (8 variable)
initial  value 6450.627153 
iter  10 value 6250.403519
final  value 6237.315109 
converged
Order of parameters:
[1] "beta"       "u_large"    "logs_sd_RE" "cov_par_RE"
Not matching template order:
[1] "beta"       "u_large"    "cov_par_RE" "logs_sd_RE"
Your parameter list has been re-ordered.
(Disable this warning with checkParameterOrder=FALSE)
Constructing atomic invpd
Constructing atomic D_lgamma
Constructing atomic invpd
Constructing atomic D_lgamma
Constructing atomic matmul
Constructing atomic invpd
Constructing atomic D_lgamma
Constructing atomic matmul
Optimizing tape... Done
iter: 1  value: 1370.317 mgc: 68.52942 ustep: 1 
iter: 2  value: 1094.034 mgc: 47.63951 ustep: 1 
iter: 3  value: 1035.119 mgc: 50.24966 ustep: 1 
iter: 4  value: 1033.416 mgc: 5.511013 ustep: 1 
iter: 5  value: 1033.412 mgc: 0.3797459 ustep: 1 
iter: 6  value: 1033.412 mgc: 0.001657751 ustep: 1 
iter: 7  value: 1033.412 mgc: 2.128768e-07 ustep: 1 
iter: 8  mgc: 6.716849e-14 
iter: 1  mgc: 6.716849e-14 
Matching hessian patterns... Done
outer mgc:  194.6433 
iter: 1  value: 877.2705 mgc: 27.75304 ustep: 1 
iter: 2  value: 875.0679 mgc: 3.673259 ustep: 1 
iter: 3  value: 875.0666 mgc: 0.1100294 ustep: 1 
iter: 4  value: 875.0666 mgc: 0.000241334 ustep: 1 
iter: 5  mgc: 1.589372e-09 
iter: 1  mgc: 1.589372e-09 
outer mgc:  32.41948 
iter: 1  value: 865.4073 mgc: 5.339121 ustep: 1 
iter: 2  value: 865.3834 mgc: 0.3486307 ustep: 1 
iter: 3  value: 865.3834 mgc: 0.008381799 ustep: 1 
iter: 4  value: 865.3834 mgc: 5.133844e-06 ustep: 1 
iter: 5  mgc: 4.329759e-12 
iter: 1  mgc: 4.329759e-12 
outer mgc:  48.82886 
iter: 1  value: 862.5414 mgc: 23.81843 ustep: 1 
iter: 2  value: 857.0384 mgc: 5.56762 ustep: 1 
iter: 3  value: 857.0339 mgc: 0.1814814 ustep: 1 
iter: 4  value: 857.0339 mgc: 0.0003914596 ustep: 1 
iter: 5  mgc: 5.817036e-09 
iter: 1  mgc: 5.817036e-09 
outer mgc:  64.05661 
iter: 1  value: 864.7375 mgc: 26.28026 ustep: 1 
iter: 2  value: 860.6247 mgc: 4.910698 ustep: 1 
iter: 3  value: 860.6234 mgc: 0.1391549 ustep: 1 
iter: 4  value: 860.6234 mgc: 0.000123725 ustep: 1 
iter: 5  mgc: 1.705531e-10 
iter: 1  value: 840.2917 mgc: 17.43275 ustep: 1 
iter: 2  value: 839.8363 mgc: 1.30486 ustep: 1 
iter: 3  value: 839.8363 mgc: 0.01055887 ustep: 1 
iter: 4  value: 839.8363 mgc: 7.352399e-07 ustep: 1 
iter: 5  mgc: 2.264855e-14 
iter: 1  mgc: 2.264855e-14 
outer mgc:  23.75425 
iter: 1  value: 832.5517 mgc: 9.592016 ustep: 1 
iter: 2  value: 832.5178 mgc: 0.485903 ustep: 1 
iter: 3  value: 832.5178 mgc: 0.001862663 ustep: 1 
iter: 4  value: 832.5178 mgc: 2.947752e-08 ustep: 1 
mgc: 2.106648e-14 
iter: 1  mgc: 2.106648e-14 
outer mgc:  8.893826 
iter: 1  value: 828.8653 mgc: 19.44883 ustep: 1 
iter: 2  value: 828.7009 mgc: 0.9542199 ustep: 1 
iter: 3  value: 828.7009 mgc: 0.008521094 ustep: 1 
iter: 4  value: 828.7009 mgc: 1.328653e-06 ustep: 1 
iter: 5  mgc: 3.597123e-14 
iter: 1  mgc: 3.597123e-14 
outer mgc:  18.39947 
iter: 1  value: 826.2058 mgc: 12.77484 ustep: 1 
iter: 2  value: 826.1346 mgc: 0.8503887 ustep: 1 
iter: 3  value: 826.1346 mgc: 0.003791779 ustep: 1 
iter: 4  value: 826.1346 mgc: 1.940896e-07 ustep: 1 
iter: 5  mgc: 3.019807e-14 
iter: 1  mgc: 3.019807e-14 
outer mgc:  21.17331 
iter: 1  value: 826.2276 mgc: 6.121534 ustep: 1 
iter: 2  value: 826.1979 mgc: 0.3537378 ustep: 1 
iter: 3  value: 826.1979 mgc: 0.006263341 ustep: 1 
iter: 4  value: 826.1979 mgc: 2.04659e-06 ustep: 1 
iter: 5  mgc: 2.184919e-13 
iter: 1  value: 823.8253 mgc: 3.563469 ustep: 1 
iter: 2  value: 823.8241 mgc: 0.1439261 ustep: 1 
iter: 3  value: 823.8241 mgc: 0.0002921338 ustep: 1 
iter: 4  mgc: 1.215365e-09 
iter: 1  mgc: 1.215365e-09 
outer mgc:  10.54988 
iter: 1  value: 823.0627 mgc: 7.642839 ustep: 1 
iter: 2  value: 823.0578 mgc: 0.2059374 ustep: 1 
iter: 3  value: 823.0578 mgc: 0.0001921069 ustep: 1 
iter: 4  mgc: 1.983524e-10 
iter: 1  mgc: 1.983524e-10 
outer mgc:  15.64497 
iter: 1  value: 821.3161 mgc: 5.598053 ustep: 1 
iter: 2  value: 821.3132 mgc: 0.09715605 ustep: 1 
iter: 3  value: 821.3132 mgc: 0.0001138737 ustep: 1 
iter: 4  mgc: 2.925181e-10 
iter: 1  mgc: 2.925181e-10 
outer mgc:  9.254492 
iter: 1  value: 820.1411 mgc: 4.451836 ustep: 1 
iter: 2  value: 820.1408 mgc: 0.06378835 ustep: 1 
iter: 3  value: 820.1408 mgc: 1.480637e-05 ustep: 1 
iter: 4  mgc: 2.996714e-12 
iter: 1  mgc: 2.996714e-12 
outer mgc:  5.121802 
iter: 1  value: 819.5011 mgc: 4.847153 ustep: 1 
iter: 2  value: 819.4993 mgc: 0.08182674 ustep: 1 
iter: 3  value: 819.4993 mgc: 7.230522e-05 ustep: 1 
iter: 4  mgc: 6.508624e-11 
iter: 1  mgc: 6.508624e-11 
outer mgc:  10.33801 
iter: 1  value: 818.6844 mgc: 4.550998 ustep: 1 
iter: 2  value: 818.6835 mgc: 0.07795084 ustep: 1 
iter: 3  value: 818.6835 mgc: 4.185073e-05 ustep: 1 
iter: 4  mgc: 2.004663e-11 
iter: 1  mgc: 2.004663e-11 
outer mgc:  8.294107 
iter: 1  value: 818.5539 mgc: 6.388613 ustep: 1 
iter: 2  value: 818.5531 mgc: 0.09925208 ustep: 1 
iter: 3  value: 818.5531 mgc: 3.422717e-05 ustep: 1 
iter: 4  mgc: 7.037704e-12 
iter: 1  mgc: 7.037704e-12 
outer mgc:  11.64753 
iter: 1  value: 818.056 mgc: 5.879003 ustep: 1 
iter: 2  value: 818.0518 mgc: 0.1465288 ustep: 1 
iter: 3  value: 818.0518 mgc: 0.0002494654 ustep: 1 
iter: 4  mgc: 1.690643e-09 
iter: 1  mgc: 1.690643e-09 
outer mgc:  7.125793 
iter: 1  value: 818.2687 mgc: 2.418537 ustep: 1 
iter: 2  value: 818.2679 mgc: 0.09665366 ustep: 1 
iter: 3  value: 818.2679 mgc: 0.0002067416 ustep: 1 
iter: 4  mgc: 1.471337e-09 
iter: 1  value: 817.7997 mgc: 2.255413 ustep: 1 
iter: 2  value: 817.7994 mgc: 0.0547442 ustep: 1 
iter: 3  value: 817.7994 mgc: 7.2822e-05 ustep: 1 
iter: 4  mgc: 1.285425e-10 
iter: 1  mgc: 1.285425e-10 
outer mgc:  5.708207 
iter: 1  value: 817.5834 mgc: 2.20667 ustep: 1 
iter: 2  value: 817.5833 mgc: 0.02238874 ustep: 1 
iter: 3  value: 817.5833 mgc: 3.610045e-06 ustep: 1 
iter: 4  mgc: 1.274536e-13 
iter: 1  mgc: 1.274536e-13 
outer mgc:  6.397284 
iter: 1  value: 817.027 mgc: 2.790452 ustep: 1 
iter: 2  value: 817.0269 mgc: 0.02459627 ustep: 1 
iter: 3  value: 817.0269 mgc: 2.626602e-06 ustep: 1 
iter: 4  mgc: 1.134648e-13 
iter: 1  mgc: 1.134648e-13 
outer mgc:  3.30069 
iter: 1  value: 817.0382 mgc: 3.505787 ustep: 1 
iter: 2  value: 817.0382 mgc: 0.02061215 ustep: 1 
iter: 3  value: 817.0382 mgc: 2.448476e-06 ustep: 1 
iter: 4  mgc: 4.13003e-14 
iter: 1  mgc: 4.13003e-14 
outer mgc:  5.085301 
iter: 1  value: 816.7366 mgc: 1.522277 ustep: 1 
iter: 2  value: 816.7366 mgc: 0.01063892 ustep: 1 
iter: 3  value: 816.7366 mgc: 1.106655e-06 ustep: 1 
iter: 4  mgc: 2.442491e-14 
iter: 1  mgc: 2.442491e-14 
outer mgc:  2.10547 
iter: 1  value: 816.882 mgc: 1.23028 ustep: 1 
iter: 2  value: 816.882 mgc: 0.008052112 ustep: 1 
iter: 3  value: 816.882 mgc: 1.937687e-06 ustep: 1 
iter: 4  mgc: 2.162714e-13 
iter: 1  mgc: 2.162714e-13 
outer mgc:  2.760171 
iter: 1  value: 816.7476 mgc: 1.595066 ustep: 1 
iter: 2  value: 816.7476 mgc: 0.009863942 ustep: 1 
iter: 3  value: 816.7476 mgc: 1.004312e-06 ustep: 1 
iter: 4  mgc: 2.664535e-14 
iter: 1  mgc: 2.664535e-14 
outer mgc:  3.130953 
iter: 1  value: 816.469 mgc: 1.473193 ustep: 1 
iter: 2  value: 816.469 mgc: 0.006692696 ustep: 1 
iter: 3  value: 816.469 mgc: 1.257952e-06 ustep: 1 
iter: 4  mgc: 8.21565e-14 
iter: 1  value: 816.6538 mgc: 0.737413 ustep: 1 
iter: 2  value: 816.6538 mgc: 0.002838062 ustep: 1 
iter: 3  value: 816.6538 mgc: 4.570875e-08 ustep: 1 
mgc: 2.087219e-14 
iter: 1  mgc: 2.087219e-14 
outer mgc:  4.183362 
iter: 1  value: 816.4706 mgc: 1.182725 ustep: 1 
iter: 2  value: 816.4706 mgc: 0.004985646 ustep: 1 
iter: 3  value: 816.4706 mgc: 8.604509e-08 ustep: 1 
mgc: 2.842171e-14 
iter: 1  mgc: 2.842171e-14 
outer mgc:  1.215883 
iter: 1  value: 816.3725 mgc: 0.4775771 ustep: 1 
iter: 2  value: 816.3725 mgc: 0.001346597 ustep: 1 
iter: 3  value: 816.3725 mgc: 1.576695e-08 ustep: 1 
mgc: 1.731948e-14 
iter: 1  mgc: 1.731948e-14 
outer mgc:  0.7174777 
iter: 1  value: 816.2864 mgc: 0.3308226 ustep: 1 
iter: 2  value: 816.2864 mgc: 0.0007846827 ustep: 1 
iter: 3  mgc: 7.212857e-09 
iter: 1  mgc: 7.212857e-09 
outer mgc:  1.075004 
iter: 1  value: 816.346 mgc: 0.5546186 ustep: 1 
iter: 2  value: 816.346 mgc: 0.0009104606 ustep: 1 
iter: 3  value: 816.346 mgc: 1.911202e-08 ustep: 1 
iter: 4  mgc: 2.442491e-14 
iter: 1  mgc: 2.442491e-14 
outer mgc:  0.5219144 
iter: 1  value: 816.2637 mgc: 0.5010086 ustep: 1 
iter: 2  value: 816.2637 mgc: 0.001063798 ustep: 1 
iter: 3  value: 816.2637 mgc: 1.035349e-08 ustep: 1 
mgc: 1.687539e-14 
iter: 1  mgc: 1.687539e-14 
outer mgc:  0.607891 
iter: 1  value: 816.1834 mgc: 0.4183263 ustep: 1 
iter: 2  value: 816.1834 mgc: 0.0005583568 ustep: 1 
iter: 3  mgc: 5.323229e-09 
iter: 1  mgc: 5.323229e-09 
outer mgc:  0.4383346 
iter: 1  value: 816.1325 mgc: 0.204716 ustep: 1 
iter: 2  value: 816.1325 mgc: 0.0001459989 ustep: 1 
iter: 3  mgc: 5.640075e-10 
iter: 1  mgc: 5.640075e-10 
outer mgc:  0.6106885 
iter: 1  value: 816.1184 mgc: 0.3980711 ustep: 1 
iter: 2  value: 816.1184 mgc: 0.0006795789 ustep: 1 
iter: 3  mgc: 4.044531e-09 
iter: 1  mgc: 4.044531e-09 
outer mgc:  0.7846729 
iter: 1  value: 816.1144 mgc: 0.4143665 ustep: 1 
iter: 2  value: 816.1144 mgc: 0.0005178973 ustep: 1 
iter: 3  mgc: 1.028119e-09 
iter: 1  mgc: 1.028119e-09 
outer mgc:  0.7663338 
iter: 1  value: 816.0983 mgc: 0.3984544 ustep: 1 
iter: 2  value: 816.0983 mgc: 0.0006908727 ustep: 1 
iter: 3  mgc: 4.482318e-09 
iter: 1  mgc: 4.482318e-09 
outer mgc:  0.4812366 
iter: 1  value: 815.9935 mgc: 0.2055021 ustep: 1 
iter: 2  value: 815.9935 mgc: 0.0002708708 ustep: 1 
iter: 3  mgc: 8.312244e-10 
iter: 1  mgc: 8.312244e-10 
outer mgc:  0.664153 
iter: 1  value: 815.9115 mgc: 0.4088131 ustep: 1 
iter: 2  value: 815.9115 mgc: 0.0007376582 ustep: 1 
iter: 3  mgc: 3.76646e-09 
iter: 1  mgc: 3.76646e-09 
outer mgc:  0.5595944 
iter: 1  value: 815.9092 mgc: 0.3038073 ustep: 1 
iter: 2  value: 815.9092 mgc: 0.0003174243 ustep: 1 
iter: 3  mgc: 7.585705e-10 
iter: 1  mgc: 7.585705e-10 
outer mgc:  0.6158448 
iter: 1  value: 815.9627 mgc: 0.2293856 ustep: 1 
iter: 2  value: 815.9627 mgc: 0.00029223 ustep: 1 
iter: 3  mgc: 3.387071e-09 
iter: 1  mgc: 3.387071e-09 
outer mgc:  0.3805842 
iter: 1  value: 815.9283 mgc: 0.1706474 ustep: 1 
iter: 2  value: 815.9283 mgc: 0.000133516 ustep: 1 
iter: 3  mgc: 5.617771e-10 
iter: 1  mgc: 5.617771e-10 
outer mgc:  0.5180558 
iter: 1  value: 815.8391 mgc: 0.1947873 ustep: 1 
iter: 2  value: 815.8391 mgc: 0.0002129728 ustep: 1 
iter: 3  mgc: 3.675265e-10 
iter: 1  mgc: 3.675265e-10 
outer mgc:  0.5038699 
iter: 1  value: 815.7936 mgc: 0.231506 ustep: 1 
iter: 2  value: 815.7936 mgc: 0.0001903161 ustep: 1 
iter: 3  mgc: 9.75565e-10 
iter: 1  mgc: 9.75565e-10 
outer mgc:  0.5800678 
iter: 1  value: 815.7616 mgc: 0.1381848 ustep: 1 
iter: 2  value: 815.7616 mgc: 0.0001018097 ustep: 1 
iter: 3  mgc: 2.421245e-10 
iter: 1  mgc: 2.421245e-10 
outer mgc:  0.4794293 
iter: 1  value: 815.7631 mgc: 0.219924 ustep: 1 
iter: 2  value: 815.7631 mgc: 0.0002069922 ustep: 1 
iter: 3  mgc: 3.579017e-10 
iter: 1  mgc: 3.579017e-10 
outer mgc:  0.3028935 
iter: 1  value: 815.8054 mgc: 0.3974294 ustep: 1 
iter: 2  value: 815.8054 mgc: 0.0005331834 ustep: 1 
iter: 3  mgc: 9.079488e-10 
iter: 1  value: 815.7761 mgc: 0.2341355 ustep: 1 
iter: 2  value: 815.7761 mgc: 0.0001791722 ustep: 1 
iter: 3  mgc: 1.140457e-10 
iter: 1  mgc: 1.140457e-10 
outer mgc:  0.3138485 
iter: 1  value: 815.7578 mgc: 0.2250969 ustep: 1 
iter: 2  value: 815.7578 mgc: 0.0002750372 ustep: 1 
iter: 3  mgc: 1.267162e-09 
iter: 1  mgc: 1.267162e-09 
outer mgc:  0.1922582 
iter: 1  value: 815.7465 mgc: 0.1097675 ustep: 1 
iter: 2  value: 815.7465 mgc: 5.75561e-05 ustep: 1 
iter: 3  mgc: 3.280309e-11 
iter: 1  mgc: 3.280309e-11 
outer mgc:  0.2117965 
iter: 1  value: 815.74 mgc: 0.09436608 ustep: 1 
iter: 2  value: 815.74 mgc: 5.707399e-05 ustep: 1 
iter: 3  mgc: 5.16987e-11 
iter: 1  mgc: 5.16987e-11 
outer mgc:  0.08413046 
iter: 1  value: 815.7531 mgc: 0.06082036 ustep: 1 
iter: 2  value: 815.7531 mgc: 2.513654e-05 ustep: 1 
iter: 3  mgc: 1.285172e-11 
iter: 1  mgc: 1.285172e-11 
outer mgc:  0.07045807 
iter: 1  value: 815.7483 mgc: 0.04443768 ustep: 1 
iter: 2  value: 815.7483 mgc: 9.920162e-06 ustep: 1 
iter: 3  mgc: 7.774892e-13 
iter: 1  mgc: 7.774892e-13 
outer mgc:  0.06330245 
iter: 1  value: 815.7463 mgc: 0.04313423 ustep: 1 
iter: 2  value: 815.7463 mgc: 8.679207e-06 ustep: 1 
iter: 3  mgc: 1.287415e-12 
iter: 1  value: 815.7469 mgc: 0.02614708 ustep: 1 
iter: 2  value: 815.7469 mgc: 4.096616e-06 ustep: 1 
iter: 3  mgc: 1.314504e-13 
iter: 1  mgc: 1.314504e-13 
outer mgc:  0.03374485 
iter: 1  value: 815.7466 mgc: 0.01685892 ustep: 1 
iter: 2  value: 815.7466 mgc: 9.249772e-07 ustep: 1 
iter: 3  mgc: 2.109424e-14 
iter: 1  value: 815.7468 mgc: 0.007583048 ustep: 1 
iter: 2  value: 815.7468 mgc: 1.742801e-07 ustep: 1 
iter: 3  mgc: 2.220446e-14 
iter: 1  mgc: 2.220446e-14 
outer mgc:  0.0144488 
iter: 1  value: 815.7465 mgc: 0.01041046 ustep: 1 
iter: 2  value: 815.7465 mgc: 4.246837e-07 ustep: 1 
iter: 3  mgc: 1.998401e-14 
iter: 1  value: 815.7467 mgc: 0.007304964 ustep: 1 
iter: 2  value: 815.7467 mgc: 2.052716e-07 ustep: 1 
iter: 3  mgc: 2.087219e-14 
iter: 1  mgc: 2.087219e-14 
outer mgc:  0.01022917 
iter: 1  value: 815.7464 mgc: 0.003911657 ustep: 1 
iter: 2  value: 815.7464 mgc: 5.817847e-08 ustep: 1 
mgc: 3.175238e-14 
iter: 1  mgc: 3.175238e-14 
outer mgc:  0.003570019 
iter: 1  value: 815.7466 mgc: 0.002557534 ustep: 1 
iter: 2  value: 815.7466 mgc: 3.339874e-08 ustep: 1 
mgc: 1.754152e-14 
iter: 1  mgc: 1.754152e-14 
outer mgc:  0.003803041 
iter: 1  value: 815.7465 mgc: 0.001537977 ustep: 1 
iter: 2  value: 815.7465 mgc: 1.479491e-08 ustep: 1 
mgc: 2.664535e-14 
iter: 1  mgc: 2.664535e-14 
outer mgc:  0.001490257 
iter: 1  value: 815.7466 mgc: 0.0007723271 ustep: 1 
iter: 2  mgc: 4.131229e-09 
iter: 1  mgc: 4.131229e-09 
outer mgc:  0.001534269 
iter: 1  mgc: 4.131229e-09 
iter: 1  mgc: 4.131229e-09 
outer mgc:  0.001534269 
iter: 1  value: 815.7468 mgc: 0.04919026 ustep: 1 
iter: 2  value: 815.7468 mgc: 7.373679e-06 ustep: 1 
iter: 3  mgc: 4.409806e-13 
outer mgc:  0.08880701 
iter: 1  value: 815.7466 mgc: 0.04918696 ustep: 1 
iter: 2  value: 815.7466 mgc: 7.379319e-06 ustep: 1 
iter: 3  mgc: 4.369838e-13 
outer mgc:  0.08799382 
iter: 1  value: 815.7464 mgc: 0.02351646 ustep: 1 
iter: 2  value: 815.7464 mgc: 1.437642e-06 ustep: 1 
iter: 3  mgc: 2.131628e-14 
outer mgc:  0.1769954 
iter: 1  value: 815.7471 mgc: 0.0235103 ustep: 1 
iter: 2  value: 815.7471 mgc: 1.437007e-06 ustep: 1 
iter: 3  mgc: 3.264056e-14 
outer mgc:  0.1789452 
iter: 1  value: 815.7461 mgc: 0.04382723 ustep: 1 
iter: 2  value: 815.7461 mgc: 9.125343e-06 ustep: 1 
iter: 3  mgc: 6.690204e-13 
outer mgc:  0.03591206 
iter: 1  value: 815.7472 mgc: 0.04380718 ustep: 1 
iter: 2  value: 815.7472 mgc: 9.137536e-06 ustep: 1 
iter: 3  mgc: 6.685763e-13 
outer mgc:  0.03672732 
iter: 1  value: 815.7466 mgc: 0.02415879 ustep: 1 
iter: 2  value: 815.7466 mgc: 3.023298e-06 ustep: 1 
iter: 3  mgc: 1.055545e-13 
outer mgc:  0.1106593 
iter: 1  value: 815.7468 mgc: 0.0241501 ustep: 1 
iter: 2  value: 815.7468 mgc: 3.024156e-06 ustep: 1 
iter: 3  mgc: 1.071643e-13 
outer mgc:  0.1099477 
iter: 1  value: 815.7465 mgc: 0.04094232 ustep: 1 
iter: 2  value: 815.7465 mgc: 6.098661e-06 ustep: 1 
iter: 3  mgc: 2.159384e-13 
outer mgc:  0.1278407 
iter: 1  value: 815.7469 mgc: 0.04092711 ustep: 1 
iter: 2  value: 815.7469 mgc: 6.102607e-06 ustep: 1 
iter: 3  mgc: 2.151612e-13 
outer mgc:  0.1309046 
iter: 1  value: 815.7468 mgc: 0.02108747 ustep: 1 
iter: 2  value: 815.7468 mgc: 2.268767e-06 ustep: 1 
iter: 3  mgc: 3.630429e-14 
outer mgc:  0.1731006 
iter: 1  value: 815.7467 mgc: 0.02108176 ustep: 1 
iter: 2  value: 815.7467 mgc: 2.269035e-06 ustep: 1 
iter: 3  mgc: 4.263256e-14 
outer mgc:  0.1739388 
iter: 1  value: 815.7476 mgc: 0.04617164 ustep: 1 
iter: 2  value: 815.7476 mgc: 8.013466e-06 ustep: 1 
iter: 3  mgc: 3.159695e-13 
outer mgc:  0.1116453 
iter: 1  value: 815.7458 mgc: 0.04615803 ustep: 1 
iter: 2  value: 815.7458 mgc: 8.020797e-06 ustep: 1 
iter: 3  mgc: 3.170797e-13 
outer mgc:  0.1087138 
iter: 1  value: 815.7476 mgc: 0.02697421 ustep: 1 
iter: 2  value: 815.7476 mgc: 2.29255e-06 ustep: 1 
iter: 3  mgc: 3.064216e-14 
outer mgc:  0.2245438 
iter: 1  value: 815.7459 mgc: 0.02696797 ustep: 1 
iter: 2  value: 815.7459 mgc: 2.293914e-06 ustep: 1 
iter: 3  mgc: 2.997602e-14 
outer mgc:  0.2233346 
iter: 1  value: 815.7452 mgc: 0.002992078 ustep: 1 
iter: 2  value: 815.7452 mgc: 4.362372e-07 ustep: 1 
iter: 3  mgc: 4.307665e-14 
outer mgc:  0.007094977 
iter: 1  value: 815.7481 mgc: 0.002989975 ustep: 1 
iter: 2  value: 815.7481 mgc: 4.360774e-07 ustep: 1 
iter: 3  mgc: 2.309264e-14 
outer mgc:  0.006988084 
iter: 1  value: 815.7448 mgc: 0.003666393 ustep: 1 
iter: 2  value: 815.7448 mgc: 1.201865e-07 ustep: 1 
mgc: 2.375877e-14 
outer mgc:  0.002940594 
iter: 1  value: 815.7485 mgc: 0.00366505 ustep: 1 
iter: 2  value: 815.7485 mgc: 1.202115e-07 ustep: 1 
mgc: 3.419487e-14 
outer mgc:  0.00326567 
iter: 1  value: 815.7481 mgc: 0.00918636 ustep: 1 
iter: 2  value: 815.7481 mgc: 2.821026e-07 ustep: 1 
iter: 3  mgc: 2.309264e-14 
outer mgc:  0.01889195 
iter: 1  value: 815.7452 mgc: 0.009186465 ustep: 1 
iter: 2  value: 815.7452 mgc: 2.818318e-07 ustep: 1 
iter: 3  mgc: 2.131628e-14 
outer mgc:  0.01852531 
iter: 1  value: 815.7458 mgc: 0.003475637 ustep: 1 
iter: 2  value: 815.7458 mgc: 1.088591e-07 ustep: 1 
mgc: 3.153033e-14 
outer mgc:  0.003458224 
iter: 1  value: 815.7475 mgc: 0.003474494 ustep: 1 
iter: 2  value: 815.7475 mgc: 1.088436e-07 ustep: 1 
mgc: 3.952394e-14 
outer mgc:  0.003621279 
iter: 1  value: 815.7459 mgc: 0.006214327 ustep: 1 
iter: 2  value: 815.7459 mgc: 2.228318e-07 ustep: 1 
iter: 3  mgc: 2.176037e-14 
outer mgc:  0.01404079 
iter: 1  value: 815.7474 mgc: 0.006214545 ustep: 1 
iter: 2  value: 815.7474 mgc: 2.23026e-07 ustep: 1 
iter: 3  mgc: 3.552714e-14 
outer mgc:  0.01430728 
iter: 1  value: 815.7451 mgc: 0.005675285 ustep: 1 
iter: 2  value: 815.7451 mgc: 2.594704e-07 ustep: 1 
iter: 3  mgc: 2.087219e-14 
outer mgc:  0.01166165 
iter: 1  value: 815.7482 mgc: 0.00567593 ustep: 1 
iter: 2  value: 815.7482 mgc: 2.591008e-07 ustep: 1 
iter: 3  mgc: 1.332268e-14 
outer mgc:  0.01112655 
iter: 1  value: 815.748 mgc: 0.02201435 ustep: 1 
iter: 2  value: 815.748 mgc: 6.516508e-06 ustep: 1 
iter: 3  mgc: 8.348877e-13 
outer mgc:  0.1888751 
iter: 1  value: 815.7455 mgc: 0.02207462 ustep: 1 
iter: 2  value: 815.7455 mgc: 6.536074e-06 ustep: 1 
iter: 3  mgc: 8.384404e-13 
outer mgc:  0.1890848 
iter: 1  value: 815.7498 mgc: 0.00776376 ustep: 1 
iter: 2  value: 815.7498 mgc: 2.994659e-06 ustep: 1 
iter: 3  mgc: 4.7784e-13 
outer mgc:  0.08219583 
iter: 1  value: 815.7436 mgc: 0.007781417 ustep: 1 
iter: 2  value: 815.7436 mgc: 3.001852e-06 ustep: 1 
iter: 3  mgc: 4.756195e-13 
outer mgc:  0.08104908 
iter: 1  value: 815.7528 mgc: 0.02703135 ustep: 1 
iter: 2  value: 815.7528 mgc: 4.90802e-06 ustep: 1 
iter: 3  mgc: 3.761436e-13 
outer mgc:  0.1739406 
iter: 1  value: 815.7406 mgc: 0.0271082 ustep: 1 
iter: 2  value: 815.7406 mgc: 4.920607e-06 ustep: 1 
iter: 3  mgc: 3.93463e-13 
outer mgc:  0.1745384 
iter: 1  value: 815.7501 mgc: 0.02009636 ustep: 1 
iter: 2  value: 815.7501 mgc: 2.355064e-06 ustep: 1 
iter: 3  mgc: 8.393286e-14 
outer mgc:  0.164481 
iter: 1  value: 815.7433 mgc: 0.02015384 ustep: 1 
iter: 2  value: 815.7433 mgc: 2.370699e-06 ustep: 1 
iter: 3  mgc: 9.148238e-14 
outer mgc:  0.164576 
Warning message:
package ‘nnet’ was built under R version 3.6.3 
[Sun Aug 15 15:02:23 2021]
Finished job 0.
1 of 1 steps (100%) done
