Building DAG of jobs...
Using shell: /usr/bin/bash
Provided cores: 1 (use --cores to define parallelism)
Rules claiming more threads will be scaled down.
Job counts:
	count	jobs
	1	inference_simulation_TMB_multiple
	1

[Sun Aug 15 23:41:27 2021]
rule inference_simulation_TMB_multiple:
    input: ../data/assessing_models_simulation/datasets/multiple_GenerationJnorm3_50_100_80_3_0.1_NA_NA_NA_dataset0.RDS
    output: ../data/assessing_models_simulation/inference_results/TMB/nlminb/multiple_GenerationJnorm3_50_100_80_3_0.1_fullREM_NA_NA_NA_dataset0.RDS
    log: logs/inference/nlminb/simulation_GenerationJnorm3_50_100_80_3_0.1_ModelfullREM_NA_NA_NA_dataset0.log
    jobid: 0
    wildcards: optimiser=nlminb, datasetgeneration=GenerationJnorm3, n=50, nlambda=100, lmbda=80, d=3, beta_intensity=0.1, model=fullREM, fixed_beta_intercept=NA, fixed_beta_slope=NA, sdRE_input=NA, itnum=0

Rscript 2_inference_TMB/run_TMB.R --input ../data/assessing_models_simulation/datasets/multiple_GenerationJnorm3_50_100_80_3_0.1_NA_NA_NA_dataset0.RDS --output ../data/assessing_models_simulation/inference_results/TMB/nlminb/multiple_GenerationJnorm3_50_100_80_3_0.1_fullREM_NA_NA_NA_dataset0.RDS --model fullREM --optimiser nlminb
Model: fullREM 
Feature type: signatures 
Using nlminb: TRUE 
Simulation boolean: TRUE 
make: Nothing to be done for 'all'.
../data/assessing_models_simulation/datasets/multiple_GenerationJnorm3_50_100_80_3_0.1_NA_NA_NA_dataset0.RDS[1] "../data/assessing_models_simulation/datasets/multiple_GenerationJnorm3_50_100_80_3_0.1_NA_NA_NA_dataset0.RDS"
Reading file ../data/assessing_models_simulation/datasets/multiple_GenerationJnorm3_50_100_80_3_0.1_NA_NA_NA_dataset0.RDS 
Loading required package: nnet
# weights:  9 (4 variable)
initial  value 11139.928607 
final  value 10988.382258 
converged
Order of parameters:
[1] "beta"       "u_large"    "logs_sd_RE" "cov_par_RE"
Not matching template order:
[1] "beta"       "u_large"    "cov_par_RE" "logs_sd_RE"
Your parameter list has been re-ordered.
(Disable this warning with checkParameterOrder=FALSE)
Constructing atomic invpd
Constructing atomic D_lgamma
Constructing atomic invpd
Constructing atomic D_lgamma
Constructing atomic matmul
Constructing atomic invpd
Constructing atomic D_lgamma
Constructing atomic matmul
Optimizing tape... Done
iter: 1  value: 2144.376 mgc: 79.45699 ustep: 1 
iter: 2  value: 2031.505 mgc: 54.2458 ustep: 1 
iter: 3  value: 1651.003 mgc: 152.4479 ustep: 0.2494656 
iter: 4  value: 1285.781 mgc: 62.63216 ustep: 0.1588666 
iter: 5  value: 1223.524 mgc: 165.699 ustep: 0.2245041 
iter: 6  value: 838.8104 mgc: 64.26046 ustep: 0.1482958 
iter: 7  value: 740.8588 mgc: 106.043 ustep: 0.3851534 
iter: 8  value: 736.3166 mgc: 17.8647 ustep: 0.6206452 
iter: 9  value: 736.221 mgc: 2.34501 ustep: 0.7878316 
iter: 10  value: 736.2209 mgc: 0.08182337 ustep: 0.88761 
iter: 11  value: 736.2209 mgc: 0.0004428762 ustep: 0.9421364 
iter: 12  value: 736.2209 mgc: 9.976893e-07 ustep: 0.97064 
iter: 13  mgc: 1.149414e-09 
iter: 1  mgc: 1.149414e-09 
Matching hessian patterns... Done
outer mgc:  58.98081 
iter: 1  value: 861.46 mgc: 30.03149 ustep: 1 
iter: 2  value: 856.3105 mgc: 3.779514 ustep: 1 
iter: 3  value: 856.3091 mgc: 0.1149901 ustep: 1 
iter: 4  value: 856.3091 mgc: 0.0001210663 ustep: 1 
iter: 5  mgc: 1.346863e-10 
iter: 1  value: 724.11 mgc: 7.217568 ustep: 1 
iter: 2  value: 724.0959 mgc: 0.1920553 ustep: 1 
iter: 3  value: 724.0959 mgc: 0.0003514333 ustep: 1 
iter: 4  mgc: 1.191692e-09 
iter: 1  mgc: 1.191692e-09 
outer mgc:  50.55052 
iter: 1  value: 712.5875 mgc: 4.082384 ustep: 1 
iter: 2  value: 712.587 mgc: 0.04148834 ustep: 1 
iter: 3  value: 712.587 mgc: 1.23768e-05 ustep: 1 
iter: 4  mgc: 1.142114e-12 
iter: 1  mgc: 1.142114e-12 
outer mgc:  48.55379 
iter: 1  value: 685.1859 mgc: 11.17005 ustep: 1 
iter: 2  value: 685.0963 mgc: 0.4905145 ustep: 1 
iter: 3  value: 685.0963 mgc: 0.002104215 ustep: 1 
iter: 4  value: 685.0963 mgc: 4.072719e-08 ustep: 1 
mgc: 1.881134e-14 
iter: 1  mgc: 1.881134e-14 
outer mgc:  56.31623 
iter: 1  value: 633.9978 mgc: 12.23019 ustep: 1 
iter: 2  value: 633.9177 mgc: 0.5973246 ustep: 1 
iter: 3  value: 633.9177 mgc: 0.002269932 ustep: 1 
iter: 4  value: 633.9177 mgc: 3.589969e-08 ustep: 1 
mgc: 2.403633e-14 
iter: 1  mgc: 2.403633e-14 
outer mgc:  54.21514 
iter: 1  value: 654.1204 mgc: 25.22128 ustep: 1 
iter: 2  value: 653.3208 mgc: 3.576124 ustep: 1 
iter: 3  value: 653.3207 mgc: 0.04757239 ustep: 1 
iter: 4  value: 653.3207 mgc: 8.85888e-06 ustep: 1 
iter: 5  mgc: 3.064216e-13 
iter: 1  value: 637.0246 mgc: 9.163565 ustep: 1 
iter: 2  value: 636.9891 mgc: 0.3548231 ustep: 1 
iter: 3  value: 636.9891 mgc: 0.0008690805 ustep: 1 
iter: 4  mgc: 5.214438e-09 
iter: 1  value: 628.4727 mgc: 4.114844 ustep: 1 
iter: 2  value: 628.4714 mgc: 0.06692861 ustep: 1 
iter: 3  value: 628.4714 mgc: 3.269209e-05 ustep: 1 
iter: 4  mgc: 7.734036e-12 
iter: 1  mgc: 7.734036e-12 
outer mgc:  34.40518 
iter: 1  value: 624.5036 mgc: 5.708053 ustep: 1 
iter: 2  value: 624.5027 mgc: 0.06976289 ustep: 1 
iter: 3  value: 624.5027 mgc: 2.735975e-05 ustep: 1 
iter: 4  mgc: 4.106049e-12 
iter: 1  mgc: 4.106049e-12 
outer mgc:  32.52391 
iter: 1  value: 618.0342 mgc: 6.569209 ustep: 1 
iter: 2  value: 618.0149 mgc: 0.3323346 ustep: 1 
iter: 3  value: 618.0149 mgc: 0.0007938332 ustep: 1 
iter: 4  mgc: 4.611466e-09 
iter: 1  mgc: 4.611466e-09 
outer mgc:  46.87626 
iter: 1  value: 610.8398 mgc: 8.259177 ustep: 1 
iter: 2  value: 610.8296 mgc: 0.3189102 ustep: 1 
iter: 3  value: 610.8296 mgc: 0.0004927382 ustep: 1 
iter: 4  mgc: 1.327503e-09 
iter: 1  mgc: 1.327503e-09 
outer mgc:  23.67299 
iter: 1  value: 615.3647 mgc: 11.43411 ustep: 1 
iter: 2  value: 615.3067 mgc: 0.4115712 ustep: 1 
iter: 3  value: 615.3067 mgc: 0.0008030166 ustep: 1 
iter: 4  mgc: 3.521515e-09 
iter: 1  value: 609.6106 mgc: 4.498712 ustep: 1 
iter: 2  value: 609.6097 mgc: 0.05009969 ustep: 1 
iter: 3  value: 609.6097 mgc: 1.273798e-05 ustep: 1 
iter: 4  mgc: 7.860379e-13 
iter: 1  mgc: 7.860379e-13 
outer mgc:  26.39853 
iter: 1  value: 608.063 mgc: 2.218742 ustep: 1 
iter: 2  value: 608.063 mgc: 0.006964726 ustep: 1 
iter: 3  value: 608.063 mgc: 2.229423e-07 ustep: 1 
iter: 4  mgc: 2.420286e-14 
iter: 1  mgc: 2.420286e-14 
outer mgc:  16.84753 
iter: 1  value: 606.4629 mgc: 0.5934266 ustep: 1 
iter: 2  value: 606.4629 mgc: 0.001255207 ustep: 1 
iter: 3  value: 606.4629 mgc: 1.095698e-08 ustep: 1 
mgc: 2.220446e-14 
iter: 1  mgc: 2.220446e-14 
outer mgc:  10.95563 
iter: 1  value: 605.2516 mgc: 1.399286 ustep: 1 
iter: 2  value: 605.2516 mgc: 0.008348246 ustep: 1 
iter: 3  value: 605.2516 mgc: 2.93449e-07 ustep: 1 
iter: 4  mgc: 2.353673e-14 
iter: 1  mgc: 2.353673e-14 
outer mgc:  20.48632 
iter: 1  value: 604.6575 mgc: 3.220459 ustep: 1 
iter: 2  value: 604.6573 mgc: 0.0267284 ustep: 1 
iter: 3  value: 604.6573 mgc: 2.82711e-06 ustep: 1 
iter: 4  mgc: 2.4869e-14 
iter: 1  mgc: 2.4869e-14 
outer mgc:  24.27951 
iter: 1  value: 603.2966 mgc: 3.677518 ustep: 1 
iter: 2  value: 603.2965 mgc: 0.02091183 ustep: 1 
iter: 3  value: 603.2965 mgc: 1.419148e-06 ustep: 1 
iter: 4  mgc: 3.064216e-14 
iter: 1  mgc: 3.064216e-14 
outer mgc:  8.813283 
iter: 1  value: 602.6874 mgc: 1.624412 ustep: 1 
iter: 2  value: 602.6874 mgc: 0.006151857 ustep: 1 
iter: 3  value: 602.6874 mgc: 1.302117e-07 ustep: 1 
mgc: 2.181588e-14 
iter: 1  mgc: 2.181588e-14 
outer mgc:  10.5588 
iter: 1  value: 601.6622 mgc: 1.990084 ustep: 1 
iter: 2  value: 601.6622 mgc: 0.005849856 ustep: 1 
iter: 3  value: 601.6622 mgc: 5.855105e-08 ustep: 1 
mgc: 1.998401e-14 
iter: 1  mgc: 1.998401e-14 
outer mgc:  16.47852 
iter: 1  value: 600.9861 mgc: 2.355716 ustep: 1 
iter: 2  value: 600.9861 mgc: 0.008299354 ustep: 1 
iter: 3  value: 600.9861 mgc: 2.305063e-07 ustep: 1 
iter: 4  mgc: 3.108624e-14 
iter: 1  mgc: 3.108624e-14 
outer mgc:  17.75226 
iter: 1  value: 600.266 mgc: 1.82426 ustep: 1 
iter: 2  value: 600.266 mgc: 0.007557627 ustep: 1 
iter: 3  value: 600.266 mgc: 2.812183e-07 ustep: 1 
iter: 4  mgc: 3.375078e-14 
iter: 1  mgc: 3.375078e-14 
outer mgc:  7.466678 
iter: 1  value: 599.6295 mgc: 0.8645834 ustep: 1 
iter: 2  value: 599.6295 mgc: 0.003237531 ustep: 1 
iter: 3  value: 599.6295 mgc: 5.15286e-08 ustep: 1 
mgc: 3.375078e-14 
iter: 1  mgc: 3.375078e-14 
outer mgc:  5.406919 
iter: 1  value: 598.9419 mgc: 1.228362 ustep: 1 
iter: 2  value: 598.9419 mgc: 0.004252534 ustep: 1 
iter: 3  value: 598.9419 mgc: 7.894878e-08 ustep: 1 
mgc: 2.775558e-14 
iter: 1  mgc: 2.775558e-14 
outer mgc:  6.608721 
iter: 1  value: 598.2689 mgc: 1.224834 ustep: 1 
iter: 2  value: 598.2689 mgc: 0.00282724 ustep: 1 
iter: 3  value: 598.2689 mgc: 2.281829e-08 ustep: 1 
mgc: 2.309264e-14 
iter: 1  mgc: 2.309264e-14 
outer mgc:  12.54992 
iter: 1  value: 597.5888 mgc: 2.025651 ustep: 1 
iter: 2  value: 597.5888 mgc: 0.00523345 ustep: 1 
iter: 3  value: 597.5888 mgc: 6.035892e-08 ustep: 1 
mgc: 2.196854e-14 
iter: 1  mgc: 2.196854e-14 
outer mgc:  10.13375 
iter: 1  value: 597.2201 mgc: 1.64803 ustep: 1 
iter: 2  value: 597.2201 mgc: 0.004563691 ustep: 1 
iter: 3  value: 597.2201 mgc: 5.347645e-08 ustep: 1 
mgc: 2.642331e-14 
iter: 1  mgc: 2.642331e-14 
outer mgc:  7.299202 
iter: 1  value: 597.0672 mgc: 1.182944 ustep: 1 
iter: 2  value: 597.0672 mgc: 0.003731741 ustep: 1 
iter: 3  value: 597.0672 mgc: 4.871386e-08 ustep: 1 
mgc: 3.197442e-14 
iter: 1  value: 596.9363 mgc: 0.9906702 ustep: 1 
iter: 2  value: 596.9363 mgc: 0.001939705 ustep: 1 
iter: 3  value: 596.9363 mgc: 1.288098e-08 ustep: 1 
mgc: 2.842171e-14 
iter: 1  mgc: 2.842171e-14 
outer mgc:  6.181063 
iter: 1  value: 596.7518 mgc: 1.096324 ustep: 1 
iter: 2  value: 596.7518 mgc: 0.001669431 ustep: 1 
iter: 3  mgc: 8.823732e-09 
iter: 1  mgc: 8.823732e-09 
outer mgc:  8.493489 
iter: 1  value: 596.4533 mgc: 0.8724776 ustep: 1 
iter: 2  value: 596.4533 mgc: 0.0007608126 ustep: 1 
iter: 3  mgc: 3.822312e-09 
iter: 1  mgc: 3.822312e-09 
outer mgc:  3.806247 
iter: 1  value: 596.2577 mgc: 0.2731425 ustep: 1 
iter: 2  value: 596.2577 mgc: 0.0001876935 ustep: 1 
iter: 3  mgc: 1.053566e-10 
iter: 1  value: 596.0101 mgc: 0.2190826 ustep: 1 
iter: 2  value: 596.0101 mgc: 0.0001007393 ustep: 1 
iter: 3  mgc: 4.028629e-10 
iter: 1  value: 595.6099 mgc: 0.4379121 ustep: 1 
iter: 2  value: 595.6099 mgc: 0.0004016984 ustep: 1 
iter: 3  mgc: 6.443822e-09 
iter: 1  mgc: 6.443822e-09 
outer mgc:  6.126504 
iter: 1  value: 593.5839 mgc: 2.838238 ustep: 1 
iter: 2  value: 593.5839 mgc: 0.01807396 ustep: 1 
iter: 3  value: 593.5839 mgc: 2.026664e-06 ustep: 1 
iter: 4  mgc: 1.580958e-13 
iter: 1  mgc: 1.580958e-13 
outer mgc:  5.71931 
iter: 1  value: 592.4496 mgc: 2.790812 ustep: 1 
iter: 2  value: 592.4482 mgc: 0.04882927 ustep: 1 
iter: 3  value: 592.4482 mgc: 2.733392e-05 ustep: 1 
iter: 4  mgc: 1.360512e-11 
iter: 1  value: 592.8791 mgc: 1.623644 ustep: 1 
iter: 2  value: 592.8791 mgc: 0.01130931 ustep: 1 
iter: 3  value: 592.8791 mgc: 1.651039e-06 ustep: 1 
iter: 4  mgc: 4.085621e-14 
iter: 1  mgc: 4.085621e-14 
outer mgc:  3.640691 
iter: 1  value: 592.9152 mgc: 1.648526 ustep: 1 
iter: 2  value: 592.9152 mgc: 0.008418831 ustep: 1 
iter: 3  value: 592.9152 mgc: 2.427878e-07 ustep: 1 
mgc: 3.330669e-14 
iter: 1  value: 592.8767 mgc: 1.17623 ustep: 1 
iter: 2  value: 592.8767 mgc: 0.002611794 ustep: 1 
iter: 3  value: 592.8767 mgc: 2.420091e-08 ustep: 1 
mgc: 2.575717e-14 
iter: 1  mgc: 2.575717e-14 
outer mgc:  4.841911 
iter: 1  value: 592.5882 mgc: 0.8400518 ustep: 1 
iter: 2  value: 592.5882 mgc: 0.0007200805 ustep: 1 
iter: 3  mgc: 1.179975e-09 
iter: 1  mgc: 1.179975e-09 
outer mgc:  1.417236 
iter: 1  value: 592.2923 mgc: 0.5273889 ustep: 1 
iter: 2  value: 592.2923 mgc: 0.0004370479 ustep: 1 
iter: 3  mgc: 5.349747e-10 
iter: 1  mgc: 5.349747e-10 
outer mgc:  5.377906 
iter: 1  value: 592.0294 mgc: 0.4027418 ustep: 1 
iter: 2  value: 592.0294 mgc: 0.0002198534 ustep: 1 
iter: 3  mgc: 1.243241e-10 
iter: 1  mgc: 1.243241e-10 
outer mgc:  2.081852 
iter: 1  value: 591.7878 mgc: 0.2618938 ustep: 1 
iter: 2  value: 591.7878 mgc: 9.308191e-05 ustep: 1 
iter: 3  mgc: 7.244161e-11 
iter: 1  mgc: 7.244161e-11 
outer mgc:  1.094847 
iter: 1  value: 591.7135 mgc: 0.1285386 ustep: 1 
iter: 2  value: 591.7135 mgc: 4.113611e-05 ustep: 1 
iter: 3  mgc: 8.554046e-12 
iter: 1  value: 591.6381 mgc: 0.184782 ustep: 1 
iter: 2  value: 591.6381 mgc: 7.680829e-05 ustep: 1 
iter: 3  mgc: 1.463141e-11 
iter: 1  mgc: 1.463141e-11 
outer mgc:  2.444624 
iter: 1  value: 590.9446 mgc: 0.5208431 ustep: 1 
iter: 2  value: 590.9446 mgc: 0.0004616109 ustep: 1 
iter: 3  mgc: 5.034e-10 
iter: 1  value: 590.2388 mgc: 0.5602773 ustep: 1 
iter: 2  value: 590.2388 mgc: 0.0005029874 ustep: 1 
iter: 3  mgc: 5.857945e-10 
iter: 1  mgc: 5.857945e-10 
outer mgc:  1.731256 
iter: 1  value: 590.1742 mgc: 0.2610805 ustep: 1 
iter: 2  value: 590.1742 mgc: 0.0001180715 ustep: 1 
iter: 3  mgc: 6.623444e-10 
iter: 1  mgc: 6.623444e-10 
outer mgc:  1.205549 
iter: 1  value: 590.1107 mgc: 0.08562088 ustep: 1 
iter: 2  value: 590.1107 mgc: 1.187715e-05 ustep: 1 
iter: 3  mgc: 6.695755e-12 
iter: 1  mgc: 6.695755e-12 
outer mgc:  0.2167967 
iter: 1  value: 590.1237 mgc: 0.03804185 ustep: 1 
iter: 2  value: 590.1237 mgc: 2.022384e-06 ustep: 1 
iter: 3  mgc: 4.263256e-14 
iter: 1  mgc: 4.263256e-14 
outer mgc:  0.1570244 
iter: 1  value: 590.1153 mgc: 0.01800262 ustep: 1 
iter: 2  value: 590.1153 mgc: 3.6455e-07 ustep: 1 
iter: 3  mgc: 2.131628e-14 
iter: 1  mgc: 2.131628e-14 
outer mgc:  0.001072266 
iter: 1  value: 590.1148 mgc: 0.0004164814 ustep: 1 
iter: 2  mgc: 2.555947e-10 
iter: 1  mgc: 2.555947e-10 
outer mgc:  5.408269e-05 
iter: 1  mgc: 2.555947e-10 
iter: 1  mgc: 2.555947e-10 
outer mgc:  5.408269e-05 
iter: 1  value: 590.1144 mgc: 0.0507168 ustep: 1 
iter: 2  value: 590.1144 mgc: 3.343907e-06 ustep: 1 
iter: 3  mgc: 3.463896e-14 
outer mgc:  0.8539693 
iter: 1  value: 590.116 mgc: 0.0507009 ustep: 1 
iter: 2  value: 590.116 mgc: 3.343874e-06 ustep: 1 
iter: 3  mgc: 3.572143e-14 
outer mgc:  0.8538335 
iter: 1  value: 590.1146 mgc: 0.02728691 ustep: 1 
iter: 2  value: 590.1146 mgc: 9.163836e-07 ustep: 1 
iter: 3  mgc: 3.752554e-14 
outer mgc:  0.6938875 
iter: 1  value: 590.1156 mgc: 0.02727805 ustep: 1 
iter: 2  value: 590.1156 mgc: 9.164678e-07 ustep: 1 
iter: 3  mgc: 3.019807e-14 
outer mgc:  0.693682 
iter: 1  value: 590.1162 mgc: 0.0553279 ustep: 1 
iter: 2  value: 590.1162 mgc: 5.001301e-06 ustep: 1 
iter: 3  mgc: 9.414691e-14 
outer mgc:  0.7736852 
iter: 1  value: 590.1141 mgc: 0.05532087 ustep: 1 
iter: 2  value: 590.1141 mgc: 5.005351e-06 ustep: 1 
iter: 3  mgc: 6.57252e-14 
outer mgc:  0.7738166 
iter: 1  value: 590.1158 mgc: 0.03011379 ustep: 1 
iter: 2  value: 590.1158 mgc: 1.192286e-06 ustep: 1 
iter: 3  mgc: 2.953193e-14 
outer mgc:  0.7833687 
iter: 1  value: 590.1145 mgc: 0.0301104 ustep: 1 
iter: 2  value: 590.1145 mgc: 1.192902e-06 ustep: 1 
iter: 3  mgc: 2.620126e-14 
outer mgc:  0.7834347 
iter: 1  value: 590.1083 mgc: 0.004883738 ustep: 1 
iter: 2  value: 590.1083 mgc: 3.731852e-08 ustep: 1 
mgc: 2.309264e-14 
outer mgc:  0.002769541 
iter: 1  value: 590.1212 mgc: 0.004882459 ustep: 1 
iter: 2  value: 590.1212 mgc: 3.73364e-08 ustep: 1 
mgc: 2.442491e-14 
outer mgc:  0.002794994 
iter: 1  value: 590.1336 mgc: 0.06496625 ustep: 1 
iter: 2  value: 590.1336 mgc: 4.5908e-06 ustep: 1 
iter: 3  mgc: 4.440892e-14 
outer mgc:  0.3709223 
iter: 1  value: 590.0963 mgc: 0.06515036 ustep: 1 
iter: 2  value: 590.0963 mgc: 4.622258e-06 ustep: 1 
iter: 3  mgc: 4.352074e-14 
outer mgc:  0.370956 
iter: 1  value: 590.1254 mgc: 0.05532655 ustep: 1 
iter: 2  value: 590.1254 mgc: 2.938773e-06 ustep: 1 
iter: 3  mgc: 3.375078e-14 
outer mgc:  0.3893518 
iter: 1  value: 590.1045 mgc: 0.0554777 ustep: 1 
iter: 2  value: 590.1045 mgc: 2.932468e-06 ustep: 1 
iter: 3  mgc: 2.864375e-14 
outer mgc:  0.389893 
[Sun Aug 15 23:41:28 2021]
Finished job 0.
1 of 1 steps (100%) done
