Building DAG of jobs...
Using shell: /usr/bin/bash
Provided cores: 1 (use --cores to define parallelism)
Rules claiming more threads will be scaled down.
Job counts:
	count	jobs
	1	inference_simulation_TMB_multiple
	1

[Mon Aug 16 07:14:31 2021]
rule inference_simulation_TMB_multiple:
    input: ../data/assessing_models_simulation/datasets/multiple_GenerationJnorm2_20_100_80_3_0.6_NA_NA_NA_dataset0.RDS
    output: ../data/assessing_models_simulation/inference_results/TMB/nlminb/multiple_GenerationJnorm2_20_100_80_3_0.6_diagREDM_NA_NA_NA_dataset0.RDS
    log: logs/inference/nlminb/simulation_GenerationJnorm2_20_100_80_3_0.6_ModeldiagREDM_NA_NA_NA_dataset0.log
    jobid: 0
    wildcards: optimiser=nlminb, datasetgeneration=GenerationJnorm2, n=20, nlambda=100, lmbda=80, d=3, beta_intensity=0.6, model=diagREDM, fixed_beta_intercept=NA, fixed_beta_slope=NA, sdRE_input=NA, itnum=0

Rscript 2_inference_TMB/run_TMB.R --input ../data/assessing_models_simulation/datasets/multiple_GenerationJnorm2_20_100_80_3_0.6_NA_NA_NA_dataset0.RDS --output ../data/assessing_models_simulation/inference_results/TMB/nlminb/multiple_GenerationJnorm2_20_100_80_3_0.6_diagREDM_NA_NA_NA_dataset0.RDS --model diagREDM --optimiser nlminb
Model: diagREDM 
Feature type: signatures 
Using nlminb: TRUE 
Simulation boolean: TRUE 
make: Nothing to be done for 'all'.
../data/assessing_models_simulation/datasets/multiple_GenerationJnorm2_20_100_80_3_0.6_NA_NA_NA_dataset0.RDS[1] "../data/assessing_models_simulation/datasets/multiple_GenerationJnorm2_20_100_80_3_0.6_NA_NA_NA_dataset0.RDS"
Reading file ../data/assessing_models_simulation/datasets/multiple_GenerationJnorm2_20_100_80_3_0.6_NA_NA_NA_dataset0.RDS 
Loading required package: nnet
# weights:  9 (4 variable)
initial  value 4362.589398 
iter  10 value 3644.277976
final  value 3644.277481 
converged
Constructing atomic invpd
Constructing atomic D_lgamma
Constructing atomic invpd
Constructing atomic D_lgamma
Constructing atomic matmul
Constructing atomic invpd
Constructing atomic D_lgamma
Constructing atomic matmul
Optimizing tape... Done
iter: 1  value: 5694.434 mgc: 102.7123 ustep: 0.2494656 
iter: 2  value: 4373.298 mgc: 83.02957 ustep: 0.03688078 
iter: 3  value: 4211.139 mgc: 39.86487 ustep: 0.1011709 
iter: 4  value: 4073.5 mgc: 96.06039 ustep: 0.09127509 
iter: 5  value: 4042.596 mgc: 42.16406 ustep: 0.3021875 
iter: 6  value: 4019.981 mgc: 41.94 ustep: 0.5497608 
iter: 7  value: 4019.825 mgc: 2.297898 ustep: 0.7414844 
iter: 8  value: 4019.825 mgc: 0.03926404 ustep: 0.8611088 
iter: 9  value: 4019.825 mgc: 0.0004112905 ustep: 0.9279667 
iter: 10  value: 4019.825 mgc: 1.902268e-06 ustep: 0.9633139 
iter: 11  mgc: 4.277364e-09 
iter: 1  mgc: 4.277364e-09 
Matching hessian patterns... Done
outer mgc:  359.4493 
iter: 1  value: 3721.526 mgc: 27.41989 ustep: 1 
iter: 2  value: 3699.517 mgc: 12.35426 ustep: 1 
iter: 3  value: 3699.312 mgc: 1.135247 ustep: 1 
iter: 4  value: 3699.312 mgc: 0.0270769 ustep: 1 
iter: 5  value: 3699.312 mgc: 1.659177e-05 ustep: 1 
iter: 6  mgc: 9.323819e-12 
iter: 1  mgc: 9.323819e-12 
outer mgc:  141.8636 
iter: 1  value: 3611.246 mgc: 17.49937 ustep: 1 
iter: 2  value: 3605.03 mgc: 5.464558 ustep: 1 
iter: 3  value: 3605.01 mgc: 0.3584836 ustep: 1 
iter: 4  value: 3605.01 mgc: 0.002786026 ustep: 1 
iter: 5  value: 3605.01 mgc: 1.722989e-07 ustep: 1 
iter: 6  mgc: 7.930823e-12 
iter: 1  mgc: 7.930823e-12 
outer mgc:  27.09696 
iter: 1  value: 3626.437 mgc: 29.1165 ustep: 1 
iter: 2  value: 3625.635 mgc: 3.8508 ustep: 1 
iter: 3  value: 3625.635 mgc: 0.08124375 ustep: 1 
iter: 4  value: 3625.635 mgc: 4.144483e-05 ustep: 1 
iter: 5  mgc: 1.556466e-11 
iter: 1  value: 3599.266 mgc: 8.125903 ustep: 1 
iter: 2  value: 3599.26 mgc: 0.2103706 ustep: 1 
iter: 3  value: 3599.26 mgc: 0.0003734636 ustep: 1 
iter: 4  mgc: 1.505976e-09 
iter: 1  mgc: 1.505976e-09 
outer mgc:  16.65433 
iter: 1  value: 3598.74 mgc: 5.002126 ustep: 1 
iter: 2  value: 3598.717 mgc: 0.3285936 ustep: 1 
iter: 3  value: 3598.717 mgc: 0.001359648 ustep: 1 
iter: 4  value: 3598.717 mgc: 3.766047e-08 ustep: 1 
mgc: 5.268577e-12 
iter: 1  mgc: 5.268577e-12 
outer mgc:  32.69266 
iter: 1  value: 3592.491 mgc: 9.39626 ustep: 1 
iter: 2  value: 3592.477 mgc: 0.2787177 ustep: 1 
iter: 3  value: 3592.477 mgc: 0.0006853189 ustep: 1 
iter: 4  mgc: 4.619258e-09 
iter: 1  mgc: 4.619258e-09 
outer mgc:  8.16629 
iter: 1  value: 3587.053 mgc: 8.063059 ustep: 1 
iter: 2  value: 3586.901 mgc: 0.8544066 ustep: 1 
iter: 3  value: 3586.901 mgc: 0.01186168 ustep: 1 
iter: 4  value: 3586.901 mgc: 2.399962e-06 ustep: 1 
iter: 5  mgc: 6.930456e-12 
iter: 1  mgc: 6.930456e-12 
outer mgc:  26.88448 
iter: 1  value: 3571.054 mgc: 19.70928 ustep: 1 
iter: 2  value: 3570.751 mgc: 1.412405 ustep: 1 
iter: 3  value: 3570.751 mgc: 0.01085191 ustep: 1 
iter: 4  value: 3570.751 mgc: 2.564095e-06 ustep: 1 
iter: 5  mgc: 6.392234e-12 
iter: 1  value: 3670.403 mgc: 37.25575 ustep: 1 
iter: 2  value: 3664.854 mgc: 6.522935 ustep: 1 
iter: 3  value: 3664.842 mgc: 0.3968799 ustep: 1 
iter: 4  value: 3664.842 mgc: 0.002143543 ustep: 1 
iter: 5  value: 3664.842 mgc: 6.268725e-08 ustep: 1 
mgc: 5.496048e-12 
iter: 1  mgc: 6.392234e-12 
outer mgc:  6.846683 
iter: 1  value: 3564.141 mgc: 8.932216 ustep: 1 
iter: 2  value: 3563.771 mgc: 1.078149 ustep: 1 
iter: 3  value: 3563.771 mgc: 0.01944776 ustep: 1 
iter: 4  value: 3563.771 mgc: 8.904872e-06 ustep: 1 
iter: 5  mgc: 7.131795e-12 
iter: 1  mgc: 7.131795e-12 
outer mgc:  34.53053 
iter: 1  value: 3560.734 mgc: 15.32118 ustep: 1 
iter: 2  value: 3560.545 mgc: 1.213054 ustep: 1 
iter: 3  value: 3560.545 mgc: 0.0114253 ustep: 1 
iter: 4  value: 3560.545 mgc: 1.355955e-06 ustep: 1 
iter: 5  mgc: 6.573853e-12 
iter: 1  mgc: 6.573853e-12 
outer mgc:  23.67139 
iter: 1  value: 3565.996 mgc: 26.80419 ustep: 1 
iter: 2  value: 3564.624 mgc: 2.807035 ustep: 1 
iter: 3  value: 3564.624 mgc: 0.07089649 ustep: 1 
iter: 4  value: 3564.624 mgc: 5.193788e-05 ustep: 1 
iter: 5  mgc: 2.887068e-11 
iter: 1  value: 3556.389 mgc: 7.413621 ustep: 1 
iter: 2  value: 3556.387 mgc: 0.1185752 ustep: 1 
iter: 3  value: 3556.387 mgc: 0.0001455431 ustep: 1 
iter: 4  mgc: 2.198743e-10 
iter: 1  mgc: 2.198743e-10 
outer mgc:  7.317951 
iter: 1  value: 3559.534 mgc: 12.75091 ustep: 1 
iter: 2  value: 3559.51 mgc: 0.3858249 ustep: 1 
iter: 3  value: 3559.51 mgc: 0.001285261 ustep: 1 
iter: 4  value: 3559.51 mgc: 1.61434e-08 ustep: 1 
mgc: 8.524736e-12 
iter: 1  value: 3556.215 mgc: 2.988437 ustep: 1 
iter: 2  value: 3556.215 mgc: 0.01860998 ustep: 1 
iter: 3  value: 3556.215 mgc: 2.984002e-06 ustep: 1 
iter: 4  mgc: 4.16911e-12 
iter: 1  mgc: 4.16911e-12 
outer mgc:  3.983946 
iter: 1  value: 3556.086 mgc: 0.3057495 ustep: 1 
iter: 2  value: 3556.086 mgc: 0.0005918362 ustep: 1 
iter: 3  mgc: 2.178462e-09 
iter: 1  mgc: 2.178462e-09 
outer mgc:  3.261738 
iter: 1  value: 3556.031 mgc: 0.9373483 ustep: 1 
iter: 2  value: 3556.031 mgc: 0.00302925 ustep: 1 
iter: 3  value: 3556.031 mgc: 3.109372e-08 ustep: 1 
mgc: 3.739675e-12 
iter: 1  mgc: 3.739675e-12 
outer mgc:  1.049627 
iter: 1  value: 3556.171 mgc: 0.7851913 ustep: 1 
iter: 2  value: 3556.171 mgc: 0.004656165 ustep: 1 
iter: 3  value: 3556.171 mgc: 3.468084e-07 ustep: 1 
iter: 4  mgc: 8.085088e-12 
iter: 1  mgc: 8.085088e-12 
outer mgc:  2.829084 
iter: 1  value: 3556.254 mgc: 1.167116 ustep: 1 
iter: 2  value: 3556.254 mgc: 0.01053739 ustep: 1 
iter: 3  value: 3556.254 mgc: 9.381503e-07 ustep: 1 
iter: 4  mgc: 4.608591e-12 
iter: 1  mgc: 4.608591e-12 
outer mgc:  0.2714519 
iter: 1  value: 3556.219 mgc: 0.08420181 ustep: 1 
iter: 2  value: 3556.219 mgc: 0.0001147444 ustep: 1 
iter: 3  mgc: 2.106817e-10 
iter: 1  value: 3556.123 mgc: 0.2508181 ustep: 1 
iter: 2  value: 3556.123 mgc: 0.001001956 ustep: 1 
iter: 3  value: 3556.123 mgc: 1.567136e-08 ustep: 1 
mgc: 1.738387e-12 
iter: 1  mgc: 1.738387e-12 
outer mgc:  0.969089 
iter: 1  value: 3555.532 mgc: 1.426264 ustep: 1 
iter: 2  value: 3555.532 mgc: 0.01632388 ustep: 1 
iter: 3  value: 3555.532 mgc: 3.940897e-06 ustep: 1 
iter: 4  mgc: 1.161043e-12 
iter: 1  value: 3575.606 mgc: 7.872874 ustep: 1 
iter: 2  value: 3575.575 mgc: 0.5775166 ustep: 1 
iter: 3  value: 3575.575 mgc: 0.002710571 ustep: 1 
iter: 4  value: 3575.575 mgc: 9.015446e-08 ustep: 1 
mgc: 9.25926e-14 
iter: 1  mgc: 1.161043e-12 
outer mgc:  2.689895 
iter: 1  value: 3556.807 mgc: 7.34229 ustep: 1 
iter: 2  value: 3556.799 mgc: 0.32288 ustep: 1 
iter: 3  value: 3556.799 mgc: 0.001570754 ustep: 1 
iter: 4  value: 3556.799 mgc: 4.083887e-08 ustep: 1 
mgc: 2.432499e-13 
iter: 1  value: 3873.537 mgc: 11.96831 ustep: 1 
iter: 2  value: 3873.531 mgc: 0.2058156 ustep: 1 
iter: 3  value: 3873.531 mgc: 0.0003040626 ustep: 1 
iter: 4  mgc: 3.301435e-09 
iter: 1  mgc: 2.432499e-13 
outer mgc:  6.842142 
iter: 1  value: 3555.029 mgc: 9.798749 ustep: 1 
iter: 2  value: 3555.012 mgc: 0.4004173 ustep: 1 
iter: 3  value: 3555.012 mgc: 0.001893396 ustep: 1 
iter: 4  value: 3555.012 mgc: 4.769336e-08 ustep: 1 
mgc: 3.868017e-13 
iter: 1  value: 3553.771 mgc: 4.057929 ustep: 1 
iter: 2  value: 3553.769 mgc: 0.08911924 ustep: 1 
iter: 3  value: 3553.769 mgc: 8.329406e-05 ustep: 1 
iter: 4  mgc: 9.027623e-11 
iter: 1  mgc: 9.027623e-11 
outer mgc:  2.241921 
iter: 1  value: 3554.117 mgc: 1.115542 ustep: 1 
iter: 2  value: 3554.117 mgc: 0.0115607 ustep: 1 
iter: 3  value: 3554.117 mgc: 6.840767e-07 ustep: 1 
iter: 4  mgc: 2.187139e-13 
iter: 1  mgc: 2.187139e-13 
outer mgc:  3.700479 
iter: 1  value: 3554.826 mgc: 1.375388 ustep: 1 
iter: 2  value: 3554.826 mgc: 0.02163209 ustep: 1 
iter: 3  value: 3554.826 mgc: 8.101117e-06 ustep: 1 
iter: 4  mgc: 1.162181e-12 
iter: 1  mgc: 1.162181e-12 
outer mgc:  2.873735 
iter: 1  value: 3556.312 mgc: 1.746873 ustep: 1 
iter: 2  value: 3556.312 mgc: 0.01781813 ustep: 1 
iter: 3  value: 3556.312 mgc: 3.694899e-06 ustep: 1 
iter: 4  mgc: 2.520206e-13 
iter: 1  value: 3566.481 mgc: 5.670929 ustep: 1 
iter: 2  value: 3566.473 mgc: 0.3378286 ustep: 1 
iter: 3  value: 3566.473 mgc: 0.002783019 ustep: 1 
iter: 4  value: 3566.473 mgc: 1.747905e-07 ustep: 1 
iter: 5  mgc: 1.310063e-14 
iter: 1  mgc: 2.520206e-13 
outer mgc:  2.19116 
iter: 1  value: 3560.131 mgc: 4.507685 ustep: 1 
iter: 2  value: 3560.129 mgc: 0.1804389 ustep: 1 
iter: 3  value: 3560.129 mgc: 0.0006557169 ustep: 1 
iter: 4  mgc: 8.251416e-09 
iter: 1  value: 3557.427 mgc: 1.983096 ustep: 1 
iter: 2  value: 3557.427 mgc: 0.02107727 ustep: 1 
iter: 3  value: 3557.427 mgc: 8.298106e-06 ustep: 1 
iter: 4  mgc: 1.293854e-12 
iter: 1  mgc: 1.293854e-12 
outer mgc:  1.491569 
iter: 1  value: 3556.832 mgc: 2.277076 ustep: 1 
iter: 2  value: 3556.832 mgc: 0.02224033 ustep: 1 
iter: 3  value: 3556.832 mgc: 8.721893e-06 ustep: 1 
iter: 4  mgc: 1.348921e-12 
iter: 1  mgc: 1.348921e-12 
outer mgc:  2.404281 
iter: 1  value: 3556.325 mgc: 0.6064765 ustep: 1 
iter: 2  value: 3556.325 mgc: 0.002249474 ustep: 1 
iter: 3  value: 3556.325 mgc: 9.667141e-08 ustep: 1 
iter: 4  mgc: 4.091172e-14 
iter: 1  mgc: 4.091172e-14 
outer mgc:  1.696222 
iter: 1  value: 3555.803 mgc: 0.452608 ustep: 1 
iter: 2  value: 3555.803 mgc: 0.001883638 ustep: 1 
iter: 3  value: 3555.803 mgc: 5.529371e-08 ustep: 1 
mgc: 3.996803e-14 
iter: 1  mgc: 3.996803e-14 
outer mgc:  0.4773988 
iter: 1  value: 3555.78 mgc: 0.3719534 ustep: 1 
iter: 2  value: 3555.78 mgc: 0.001626498 ustep: 1 
iter: 3  value: 3555.78 mgc: 4.799779e-08 ustep: 1 
mgc: 4.440892e-14 
iter: 1  mgc: 4.440892e-14 
outer mgc:  0.5828238 
iter: 1  value: 3555.448 mgc: 0.4579923 ustep: 1 
iter: 2  value: 3555.448 mgc: 0.002753115 ustep: 1 
iter: 3  value: 3555.448 mgc: 1.454428e-07 ustep: 1 
mgc: 3.907985e-14 
iter: 1  mgc: 3.907985e-14 
outer mgc:  0.2797105 
iter: 1  value: 3555.127 mgc: 0.4118053 ustep: 1 
iter: 2  value: 3555.127 mgc: 0.001668873 ustep: 1 
iter: 3  value: 3555.127 mgc: 5.01073e-08 ustep: 1 
mgc: 3.630429e-14 
iter: 1  mgc: 3.630429e-14 
outer mgc:  0.3269942 
iter: 1  value: 3554.673 mgc: 0.4185729 ustep: 1 
iter: 2  value: 3554.673 mgc: 0.001767677 ustep: 1 
iter: 3  value: 3554.673 mgc: 5.590443e-08 ustep: 1 
mgc: 3.241851e-14 
iter: 1  mgc: 3.241851e-14 
outer mgc:  0.1886435 
iter: 1  value: 3554.449 mgc: 0.221488 ustep: 1 
iter: 2  value: 3554.449 mgc: 0.0003420298 ustep: 1 
iter: 3  mgc: 1.881601e-09 
iter: 1  mgc: 1.881601e-09 
outer mgc:  0.05684221 
iter: 1  value: 3554.377 mgc: 0.04985503 ustep: 1 
iter: 2  value: 3554.377 mgc: 1.945465e-05 ustep: 1 
iter: 3  mgc: 5.970335e-12 
iter: 1  mgc: 5.970335e-12 
outer mgc:  0.01425151 
iter: 1  value: 3554.364 mgc: 0.02473693 ustep: 1 
iter: 2  value: 3554.364 mgc: 1.827956e-06 ustep: 1 
iter: 3  mgc: 3.019807e-14 
iter: 1  mgc: 3.019807e-14 
outer mgc:  0.008391891 
iter: 1  value: 3554.365 mgc: 0.006325264 ustep: 1 
iter: 2  value: 3554.365 mgc: 1.220707e-07 ustep: 1 
mgc: 3.363976e-14 
iter: 1  mgc: 3.363976e-14 
outer mgc:  0.001657171 
iter: 1  value: 3554.366 mgc: 0.0008209598 ustep: 1 
iter: 2  mgc: 7.524686e-09 
iter: 1  mgc: 7.524686e-09 
outer mgc:  0.0006649273 
iter: 1  mgc: 7.524686e-09 
iter: 1  mgc: 7.524686e-09 
outer mgc:  0.0006649273 
iter: 1  value: 3554.365 mgc: 0.01018684 ustep: 1 
iter: 2  value: 3554.365 mgc: 1.185488e-06 ustep: 1 
iter: 3  mgc: 3.419487e-14 
outer mgc:  0.0935496 
iter: 1  value: 3554.368 mgc: 0.01017765 ustep: 1 
iter: 2  value: 3554.368 mgc: 1.184963e-06 ustep: 1 
iter: 3  mgc: 3.064216e-14 
outer mgc:  0.09484865 
iter: 1  value: 3554.365 mgc: 0.003961841 ustep: 1 
iter: 2  value: 3554.365 mgc: 1.791439e-07 ustep: 1 
iter: 3  mgc: 3.042011e-14 
outer mgc:  0.04584309 
iter: 1  value: 3554.368 mgc: 0.003957719 ustep: 1 
iter: 2  value: 3554.368 mgc: 1.788833e-07 ustep: 1 
iter: 3  mgc: 1.99285e-14 
outer mgc:  0.04559814 
iter: 1  value: 3554.367 mgc: 0.01901367 ustep: 1 
iter: 2  value: 3554.367 mgc: 7.180951e-07 ustep: 1 
iter: 3  mgc: 2.897682e-14 
outer mgc:  0.1094022 
iter: 1  value: 3554.366 mgc: 0.01901582 ustep: 1 
iter: 2  value: 3554.366 mgc: 7.228504e-07 ustep: 1 
iter: 3  mgc: 2.065015e-14 
outer mgc:  0.1094649 
iter: 1  value: 3554.369 mgc: 0.009885179 ustep: 1 
iter: 2  value: 3554.369 mgc: 2.194964e-07 ustep: 1 
iter: 3  mgc: 2.398082e-14 
outer mgc:  0.1099873 
iter: 1  value: 3554.365 mgc: 0.00988941 ustep: 1 
iter: 2  value: 3554.365 mgc: 2.207202e-07 ustep: 1 
iter: 3  mgc: 4.621303e-14 
outer mgc:  0.1104484 
iter: 1  value: 3554.373 mgc: 0.004216069 ustep: 1 
iter: 2  value: 3554.373 mgc: 1.930971e-07 ustep: 1 
iter: 3  mgc: 3.130829e-14 
outer mgc:  0.001462314 
iter: 1  value: 3554.36 mgc: 0.004220301 ustep: 1 
iter: 2  value: 3554.36 mgc: 1.929816e-07 ustep: 1 
iter: 3  mgc: 3.508305e-14 
outer mgc:  0.001393749 
iter: 1  value: 3554.37 mgc: 0.006610808 ustep: 1 
iter: 2  value: 3554.37 mgc: 9.966629e-08 ustep: 1 
mgc: 4.174439e-14 
outer mgc:  0.004186927 
iter: 1  value: 3554.363 mgc: 0.006617418 ustep: 1 
iter: 2  value: 3554.363 mgc: 9.971631e-08 ustep: 1 
mgc: 2.409184e-14 
outer mgc:  0.004271152 
iter: 1  value: 3554.363 mgc: 0.00400594 ustep: 1 
iter: 2  value: 3554.363 mgc: 9.521188e-08 ustep: 1 
mgc: 3.630429e-14 
outer mgc:  0.004014024 
iter: 1  value: 3554.37 mgc: 0.004004874 ustep: 1 
iter: 2  value: 3554.37 mgc: 9.52463e-08 ustep: 1 
mgc: 3.524958e-14 
outer mgc:  0.004095201 
iter: 1  value: 3554.364 mgc: 0.002953162 ustep: 1 
iter: 2  value: 3554.364 mgc: 5.540799e-08 ustep: 1 
mgc: 3.219647e-14 
outer mgc:  0.004914751 
iter: 1  value: 3554.369 mgc: 0.002952096 ustep: 1 
iter: 2  value: 3554.369 mgc: 5.532295e-08 ustep: 1 
mgc: 2.542411e-14 
outer mgc:  0.005018163 
[Mon Aug 16 07:14:33 2021]
Finished job 0.
1 of 1 steps (100%) done
