Building DAG of jobs...
Using shell: /usr/bin/bash
Provided cores: 40
Rules claiming more threads will be scaled down.
Job counts:
	count	jobs
	1	inference_simulation_TMB_multiple
	1
Select jobs to execute...

[Sun Aug 15 15:15:46 2021]
rule inference_simulation_TMB_multiple:
    input: ../data/assessing_models_simulation/datasets/multiple_GenerationCnorm_20_100_10_5_0_NA_NA_NA_dataset0.RDS
    output: ../data/assessing_models_simulation/inference_results/TMB/nlminb/multiple_GenerationCnorm_20_100_10_5_0_fullREM_NA_NA_NA_dataset0.RDS
    log: logs/inference/nlminb/simulation_GenerationCnorm_20_100_10_5_0_ModelfullREM_NA_NA_NA_dataset0.log
    jobid: 0
    wildcards: optimiser=nlminb, datasetgeneration=GenerationCnorm, n=20, nlambda=100, lmbda=10, d=5, beta_intensity=0, model=fullREM, fixed_beta_intercept=NA, fixed_beta_slope=NA, sdRE_input=NA, itnum=0

Rscript 2_inference_TMB/run_TMB.R --input ../data/assessing_models_simulation/datasets/multiple_GenerationCnorm_20_100_10_5_0_NA_NA_NA_dataset0.RDS --output ../data/assessing_models_simulation/inference_results/TMB/nlminb/multiple_GenerationCnorm_20_100_10_5_0_fullREM_NA_NA_NA_dataset0.RDS --model fullREM --optimiser nlminb
Model: fullREM 
Feature type: signatures 
Using nlminb: TRUE 
Simulation boolean: TRUE 
make: Nothing to be done for 'all'.
../data/assessing_models_simulation/datasets/multiple_GenerationCnorm_20_100_10_5_0_NA_NA_NA_dataset0.RDS[1] "../data/assessing_models_simulation/datasets/multiple_GenerationCnorm_20_100_10_5_0_NA_NA_NA_dataset0.RDS"
Reading file ../data/assessing_models_simulation/datasets/multiple_GenerationCnorm_20_100_10_5_0_NA_NA_NA_dataset0.RDS 
Loading required package: nnet
# weights:  15 (8 variable)
initial  value 6503.738604 
iter  10 value 5905.174496
final  value 5876.648234 
converged
Order of parameters:
[1] "beta"       "u_large"    "logs_sd_RE" "cov_par_RE"
Not matching template order:
[1] "beta"       "u_large"    "cov_par_RE" "logs_sd_RE"
Your parameter list has been re-ordered.
(Disable this warning with checkParameterOrder=FALSE)
Constructing atomic invpd
Constructing atomic D_lgamma
Constructing atomic invpd
Constructing atomic D_lgamma
Constructing atomic matmul
Constructing atomic invpd
Constructing atomic D_lgamma
Constructing atomic matmul
Optimizing tape... Done
iter: 1  value: 3518.554 mgc: 114.4178 ustep: 1 
iter: 2  value: 2889.926 mgc: 104.2773 ustep: 0.1336527 
iter: 3  value: 1381.078 mgc: 128.3632 ustep: 0.05528862 
iter: 4  value: 1212.403 mgc: 81.86088 ustep: 0.1254658 
iter: 5  value: 1129.769 mgc: 114.9007 ustep: 0.1964109 
iter: 6  value: 1074.242 mgc: 92.09405 ustep: 0.07056487 
iter: 7  value: 1054.235 mgc: 106.7566 ustep: 0.1430808 
iter: 8  value: 930.5684 mgc: 87.873 ustep: 0.05766794 
iter: 9  value: 877.2508 mgc: 66.94435 ustep: 0.2402175 
iter: 10  value: 874.6541 mgc: 11.56324 ustep: 0.4901709 
iter: 11  value: 874.6309 mgc: 0.4758859 ustep: 0.700152 
iter: 12  value: 874.6307 mgc: 0.02098178 ustep: 0.8367672 
iter: 13  value: 874.6307 mgc: 0.0009912343 ustep: 0.9147583 
iter: 14  value: 874.6307 mgc: 3.437184e-05 ustep: 0.9564343 
iter: 15  value: 874.6307 mgc: 6.066304e-07 ustep: 0.9779768 
iter: 16  mgc: 5.379799e-09 
iter: 1  mgc: 5.379799e-09 
Matching hessian patterns... Done
outer mgc:  112.7385 
iter: 1  value: 801.048 mgc: 27.68992 ustep: 1 
iter: 2  value: 799.7284 mgc: 3.401373 ustep: 1 
iter: 3  value: 799.7274 mgc: 0.1239609 ustep: 1 
iter: 4  value: 799.7274 mgc: 0.0001914272 ustep: 1 
iter: 5  mgc: 4.599276e-10 
iter: 1  mgc: 4.599276e-10 
outer mgc:  36.43281 
iter: 1  value: 837.2049 mgc: 16.19564 ustep: 1 
iter: 2  value: 837.116 mgc: 0.8014163 ustep: 1 
iter: 3  value: 837.116 mgc: 0.006966124 ustep: 1 
iter: 4  value: 837.116 mgc: 6.135357e-07 ustep: 1 
iter: 5  mgc: 2.298162e-14 
iter: 1  value: 790.63 mgc: 4.677122 ustep: 1 
iter: 2  value: 790.6291 mgc: 0.08113514 ustep: 1 
iter: 3  value: 790.6291 mgc: 5.882306e-05 ustep: 1 
iter: 4  mgc: 4.114764e-11 
iter: 1  mgc: 4.114764e-11 
outer mgc:  26.10537 
iter: 1  value: 784.1869 mgc: 12.28105 ustep: 1 
iter: 2  value: 784.1687 mgc: 0.4035746 ustep: 1 
iter: 3  value: 784.1687 mgc: 0.001733468 ustep: 1 
iter: 4  value: 784.1687 mgc: 3.260152e-08 ustep: 1 
mgc: 2.553513e-14 
iter: 1  mgc: 2.553513e-14 
outer mgc:  22.45796 
iter: 1  value: 770.1982 mgc: 6.836282 ustep: 1 
iter: 2  value: 770.1935 mgc: 0.1098774 ustep: 1 
iter: 3  value: 770.1935 mgc: 0.0007988802 ustep: 1 
iter: 4  value: 770.1935 mgc: 7.652011e-08 ustep: 1 
iter: 5  mgc: 1.820766e-14 
iter: 1  mgc: 1.820766e-14 
outer mgc:  32.17398 
iter: 1  value: 758.1317 mgc: 20.92292 ustep: 1 
iter: 2  value: 757.8572 mgc: 1.182441 ustep: 1 
iter: 3  value: 757.8572 mgc: 0.01944058 ustep: 1 
iter: 4  value: 757.8572 mgc: 1.012455e-05 ustep: 1 
iter: 5  mgc: 2.749356e-12 
iter: 1  mgc: 2.749356e-12 
outer mgc:  19.37051 
iter: 1  value: 748.0057 mgc: 13.89034 ustep: 1 
iter: 2  value: 747.9282 mgc: 0.5428105 ustep: 1 
iter: 3  value: 747.9282 mgc: 0.00329785 ustep: 1 
iter: 4  value: 747.9282 mgc: 3.039535e-07 ustep: 1 
iter: 5  mgc: 2.309264e-14 
iter: 1  mgc: 2.309264e-14 
outer mgc:  20.41277 
iter: 1  value: 746.9497 mgc: 29.7998 ustep: 1 
iter: 2  value: 744.2585 mgc: 4.681447 ustep: 1 
iter: 3  value: 744.2547 mgc: 0.1730467 ustep: 1 
iter: 4  value: 744.2547 mgc: 0.0006726195 ustep: 1 
iter: 5  value: 744.2547 mgc: 1.247289e-08 ustep: 1 
mgc: 2.309264e-14 
iter: 1  mgc: 2.309264e-14 
outer mgc:  26.17085 
iter: 1  value: 737.5154 mgc: 14.30434 ustep: 1 
iter: 2  value: 737.3976 mgc: 0.8030513 ustep: 1 
iter: 3  value: 737.3976 mgc: 0.005575654 ustep: 1 
iter: 4  value: 737.3976 mgc: 9.307604e-07 ustep: 1 
iter: 5  mgc: 3.197442e-14 
iter: 1  mgc: 3.197442e-14 
outer mgc:  24.41841 
iter: 1  value: 736.5626 mgc: 16.84073 ustep: 1 
iter: 2  value: 736.3912 mgc: 1.107811 ustep: 1 
iter: 3  value: 736.3912 mgc: 0.005357565 ustep: 1 
iter: 4  value: 736.3912 mgc: 7.827747e-07 ustep: 1 
iter: 5  mgc: 4.42979e-14 
iter: 1  mgc: 4.42979e-14 
outer mgc:  44.92421 
iter: 1  value: 730.1791 mgc: 11.75551 ustep: 1 
iter: 2  value: 730.1481 mgc: 0.4189807 ustep: 1 
iter: 3  value: 730.1481 mgc: 0.001591921 ustep: 1 
iter: 4  value: 730.1481 mgc: 3.92342e-08 ustep: 1 
mgc: 1.904032e-14 
iter: 1  mgc: 1.904032e-14 
outer mgc:  27.33054 
iter: 1  value: 728.1453 mgc: 7.027584 ustep: 1 
iter: 2  value: 728.131 mgc: 0.2585283 ustep: 1 
iter: 3  value: 728.131 mgc: 0.0008655112 ustep: 1 
iter: 4  value: 728.131 mgc: 1.754869e-08 ustep: 1 
mgc: 2.575717e-14 
iter: 1  mgc: 2.575717e-14 
outer mgc:  24.53365 
iter: 1  value: 725.1464 mgc: 2.927838 ustep: 1 
iter: 2  value: 725.1447 mgc: 0.06681556 ustep: 1 
iter: 3  value: 725.1447 mgc: 4.317664e-05 ustep: 1 
iter: 4  mgc: 1.196069e-10 
iter: 1  mgc: 1.196069e-10 
outer mgc:  3.728748 
iter: 1  value: 726.5434 mgc: 7.177419 ustep: 1 
iter: 2  value: 726.5367 mgc: 0.2406837 ustep: 1 
iter: 3  value: 726.5367 mgc: 0.0004631813 ustep: 1 
iter: 4  mgc: 1.727133e-09 
iter: 1  value: 724.7728 mgc: 2.235072 ustep: 1 
iter: 2  value: 724.7727 mgc: 0.02175298 ustep: 1 
iter: 3  value: 724.7727 mgc: 3.783559e-06 ustep: 1 
iter: 4  mgc: 1.136868e-13 
iter: 1  mgc: 1.136868e-13 
outer mgc:  6.723854 
iter: 1  value: 724.3111 mgc: 1.211205 ustep: 1 
iter: 2  value: 724.3111 mgc: 0.01029138 ustep: 1 
iter: 3  value: 724.3111 mgc: 1.156516e-06 ustep: 1 
iter: 4  mgc: 3.03646e-14 
iter: 1  mgc: 3.03646e-14 
outer mgc:  5.927188 
iter: 1  value: 723.9228 mgc: 2.617727 ustep: 1 
iter: 2  value: 723.9228 mgc: 0.01457858 ustep: 1 
iter: 3  value: 723.9228 mgc: 3.156332e-06 ustep: 1 
iter: 4  mgc: 1.419975e-13 
iter: 1  mgc: 1.419975e-13 
outer mgc:  5.016021 
iter: 1  value: 723.4267 mgc: 2.736453 ustep: 1 
iter: 2  value: 723.4266 mgc: 0.0175047 ustep: 1 
iter: 3  value: 723.4266 mgc: 1.600336e-06 ustep: 1 
iter: 4  mgc: 3.730349e-14 
iter: 1  mgc: 3.730349e-14 
outer mgc:  2.484547 
iter: 1  value: 723.1327 mgc: 2.798899 ustep: 1 
iter: 2  value: 723.1326 mgc: 0.01824669 ustep: 1 
iter: 3  value: 723.1326 mgc: 4.334442e-06 ustep: 1 
iter: 4  mgc: 1.327827e-13 
iter: 1  mgc: 1.327827e-13 
outer mgc:  3.458833 
iter: 1  value: 722.6686 mgc: 2.27242 ustep: 1 
iter: 2  value: 722.6681 mgc: 0.04959145 ustep: 1 
iter: 3  value: 722.6681 mgc: 3.903375e-05 ustep: 1 
iter: 4  mgc: 3.539591e-11 
iter: 1  mgc: 3.539591e-11 
outer mgc:  7.021889 
iter: 1  value: 722.0289 mgc: 2.41963 ustep: 1 
iter: 2  value: 722.0287 mgc: 0.0284188 ustep: 1 
iter: 3  value: 722.0287 mgc: 7.612741e-06 ustep: 1 
iter: 4  mgc: 4.465317e-12 
iter: 1  mgc: 4.465317e-12 
outer mgc:  2.485244 
iter: 1  value: 721.8918 mgc: 3.316085 ustep: 1 
iter: 2  value: 721.8906 mgc: 0.078556 ustep: 1 
iter: 3  value: 721.8906 mgc: 7.093937e-05 ustep: 1 
iter: 4  mgc: 1.051754e-10 
iter: 1  mgc: 1.051754e-10 
outer mgc:  3.583642 
iter: 1  value: 721.7764 mgc: 3.359225 ustep: 1 
iter: 2  value: 721.7757 mgc: 0.06481146 ustep: 1 
iter: 3  value: 721.7757 mgc: 7.819061e-05 ustep: 1 
iter: 4  mgc: 1.412244e-10 
iter: 1  mgc: 1.412244e-10 
outer mgc:  2.885016 
iter: 1  value: 721.5719 mgc: 2.481688 ustep: 1 
iter: 2  value: 721.5719 mgc: 0.02315725 ustep: 1 
iter: 3  value: 721.5719 mgc: 2.188435e-06 ustep: 1 
iter: 4  mgc: 1.49214e-13 
iter: 1  value: 721.4934 mgc: 1.340164 ustep: 1 
iter: 2  value: 721.4934 mgc: 0.005958253 ustep: 1 
iter: 3  value: 721.4934 mgc: 1.962336e-07 ustep: 1 
iter: 4  mgc: 1.953993e-14 
iter: 1  mgc: 1.953993e-14 
outer mgc:  2.270798 
iter: 1  value: 721.4271 mgc: 1.654965 ustep: 1 
iter: 2  value: 721.4271 mgc: 0.02213323 ustep: 1 
iter: 3  value: 721.4271 mgc: 6.224012e-06 ustep: 1 
iter: 4  mgc: 5.440093e-13 
iter: 1  value: 721.4765 mgc: 0.7776664 ustep: 1 
iter: 2  value: 721.4765 mgc: 0.003526104 ustep: 1 
iter: 3  value: 721.4765 mgc: 1.028618e-07 ustep: 1 
iter: 4  mgc: 2.4869e-14 
iter: 1  value: 721.4453 mgc: 0.3765469 ustep: 1 
iter: 2  value: 721.4453 mgc: 0.0008246688 ustep: 1 
iter: 3  mgc: 5.622196e-09 
iter: 1  mgc: 5.622196e-09 
outer mgc:  1.667257 
iter: 1  value: 721.4546 mgc: 1.105967 ustep: 1 
iter: 2  value: 721.4546 mgc: 0.002844084 ustep: 1 
iter: 3  value: 721.4546 mgc: 5.061938e-08 ustep: 1 
mgc: 2.842171e-14 
iter: 1  mgc: 2.842171e-14 
outer mgc:  2.59656 
iter: 1  value: 721.406 mgc: 0.469323 ustep: 1 
iter: 2  value: 721.406 mgc: 0.0006062465 ustep: 1 
iter: 3  mgc: 1.344233e-09 
iter: 1  mgc: 1.344233e-09 
outer mgc:  0.7101426 
iter: 1  value: 721.3993 mgc: 0.5397843 ustep: 1 
iter: 2  value: 721.3993 mgc: 0.0008434296 ustep: 1 
iter: 3  value: 721.3993 mgc: 1.139446e-08 ustep: 1 
mgc: 3.030909e-14 
iter: 1  mgc: 3.030909e-14 
outer mgc:  1.311159 
iter: 1  value: 721.3774 mgc: 0.6398302 ustep: 1 
iter: 2  value: 721.3774 mgc: 0.001092099 ustep: 1 
iter: 3  value: 721.3774 mgc: 1.426074e-08 ustep: 1 
mgc: 2.575717e-14 
iter: 1  mgc: 2.575717e-14 
outer mgc:  0.5163439 
iter: 1  value: 721.3678 mgc: 0.7867286 ustep: 1 
iter: 2  value: 721.3678 mgc: 0.00473523 ustep: 1 
iter: 3  value: 721.3678 mgc: 2.748364e-07 ustep: 1 
iter: 4  mgc: 2.442491e-14 
iter: 1  mgc: 2.442491e-14 
outer mgc:  0.7302905 
iter: 1  value: 721.3599 mgc: 0.5742591 ustep: 1 
iter: 2  value: 721.3599 mgc: 0.003116042 ustep: 1 
iter: 3  value: 721.3599 mgc: 2.628897e-07 ustep: 1 
iter: 4  mgc: 2.270406e-14 
iter: 1  mgc: 2.270406e-14 
outer mgc:  0.5931751 
iter: 1  value: 721.334 mgc: 0.8894571 ustep: 1 
iter: 2  value: 721.334 mgc: 0.001788288 ustep: 1 
iter: 3  value: 721.334 mgc: 6.283001e-08 ustep: 1 
mgc: 1.598721e-14 
iter: 1  value: 721.3395 mgc: 0.3700414 ustep: 1 
iter: 2  value: 721.3395 mgc: 0.0003103129 ustep: 1 
iter: 3  mgc: 1.993887e-09 
iter: 1  mgc: 1.993887e-09 
outer mgc:  0.6608197 
iter: 1  value: 721.3534 mgc: 0.561643 ustep: 1 
iter: 2  value: 721.3534 mgc: 0.0008948908 ustep: 1 
iter: 3  mgc: 9.579476e-09 
iter: 1  value: 721.3527 mgc: 0.4516736 ustep: 1 
iter: 2  value: 721.3527 mgc: 0.0005077781 ustep: 1 
iter: 3  mgc: 1.222998e-09 
iter: 1  value: 721.3428 mgc: 0.1906205 ustep: 1 
iter: 2  value: 721.3428 mgc: 9.080713e-05 ustep: 1 
iter: 3  mgc: 3.901945e-11 
iter: 1  mgc: 3.901945e-11 
outer mgc:  0.1994822 
iter: 1  value: 721.3422 mgc: 0.03645335 ustep: 1 
iter: 2  value: 721.3422 mgc: 9.272017e-06 ustep: 1 
iter: 3  mgc: 6.110668e-13 
iter: 1  mgc: 6.110668e-13 
outer mgc:  0.265145 
iter: 1  value: 721.3452 mgc: 0.1075839 ustep: 1 
iter: 2  value: 721.3452 mgc: 4.773118e-05 ustep: 1 
iter: 3  mgc: 2.089662e-11 
iter: 1  mgc: 2.089662e-11 
outer mgc:  0.2734947 
iter: 1  value: 721.3356 mgc: 0.2113102 ustep: 1 
iter: 2  value: 721.3356 mgc: 0.0002166888 ustep: 1 
iter: 3  mgc: 2.649929e-10 
iter: 1  mgc: 2.649929e-10 
outer mgc:  0.2021856 
iter: 1  value: 721.3453 mgc: 0.2738348 ustep: 1 
iter: 2  value: 721.3453 mgc: 0.0004190402 ustep: 1 
iter: 3  mgc: 1.464396e-09 
iter: 1  value: 721.3395 mgc: 0.1432218 ustep: 1 
iter: 2  value: 721.3395 mgc: 0.000108937 ustep: 1 
iter: 3  mgc: 1.055798e-10 
iter: 1  mgc: 1.055798e-10 
outer mgc:  0.4328105 
iter: 1  value: 721.3404 mgc: 0.04174919 ustep: 1 
iter: 2  value: 721.3404 mgc: 1.276577e-05 ustep: 1 
iter: 3  mgc: 2.297718e-12 
iter: 1  mgc: 2.297718e-12 
outer mgc:  0.09381426 
iter: 1  value: 721.3358 mgc: 0.1550359 ustep: 1 
iter: 2  value: 721.3358 mgc: 5.638469e-05 ustep: 1 
iter: 3  mgc: 4.440004e-11 
iter: 1  mgc: 4.440004e-11 
outer mgc:  0.5441825 
iter: 1  value: 721.3392 mgc: 0.1239827 ustep: 1 
iter: 2  value: 721.3392 mgc: 3.562061e-05 ustep: 1 
iter: 3  mgc: 9.100054e-12 
iter: 1  mgc: 9.100054e-12 
outer mgc:  0.09666644 
iter: 1  value: 721.3427 mgc: 0.05883132 ustep: 1 
iter: 2  value: 721.3427 mgc: 2.258053e-05 ustep: 1 
iter: 3  mgc: 7.651213e-12 
iter: 1  mgc: 7.651213e-12 
outer mgc:  0.192349 
iter: 1  value: 721.3337 mgc: 0.07266337 ustep: 1 
iter: 2  value: 721.3337 mgc: 4.440619e-05 ustep: 1 
iter: 3  mgc: 1.177247e-11 
iter: 1  mgc: 1.177247e-11 
outer mgc:  0.1614748 
iter: 1  value: 721.3408 mgc: 0.1519199 ustep: 1 
iter: 2  value: 721.3408 mgc: 9.628564e-05 ustep: 1 
iter: 3  mgc: 7.451684e-11 
iter: 1  value: 721.3354 mgc: 0.0599073 ustep: 1 
iter: 2  value: 721.3354 mgc: 1.282036e-05 ustep: 1 
iter: 3  mgc: 1.288081e-12 
iter: 1  mgc: 1.288081e-12 
outer mgc:  0.1469115 
iter: 1  value: 721.3377 mgc: 0.03473092 ustep: 1 
iter: 2  value: 721.3377 mgc: 8.182047e-06 ustep: 1 
iter: 3  mgc: 5.004885e-13 
iter: 1  mgc: 5.004885e-13 
outer mgc:  0.06768508 
iter: 1  value: 721.3418 mgc: 0.03371244 ustep: 1 
iter: 2  value: 721.3418 mgc: 5.213099e-06 ustep: 1 
iter: 3  mgc: 1.620926e-13 
iter: 1  mgc: 1.620926e-13 
outer mgc:  0.07164304 
iter: 1  value: 721.3366 mgc: 0.01428935 ustep: 1 
iter: 2  value: 721.3366 mgc: 1.095922e-06 ustep: 1 
iter: 3  mgc: 6.883383e-14 
iter: 1  mgc: 6.883383e-14 
outer mgc:  0.02704459 
iter: 1  value: 721.3406 mgc: 0.05057001 ustep: 1 
iter: 2  value: 721.3406 mgc: 5.199436e-06 ustep: 1 
iter: 3  mgc: 2.460254e-13 
iter: 1  mgc: 2.460254e-13 
outer mgc:  0.07931514 
iter: 1  value: 721.3431 mgc: 0.0427415 ustep: 1 
iter: 2  value: 721.3431 mgc: 4.762986e-06 ustep: 1 
iter: 3  mgc: 4.110046e-13 
iter: 1  mgc: 4.110046e-13 
outer mgc:  0.0270247 
iter: 1  value: 721.3447 mgc: 0.01884061 ustep: 1 
iter: 2  value: 721.3447 mgc: 2.895749e-06 ustep: 1 
iter: 3  mgc: 1.708633e-13 
iter: 1  mgc: 1.708633e-13 
outer mgc:  0.07718985 
iter: 1  value: 721.3423 mgc: 0.01372447 ustep: 1 
iter: 2  value: 721.3423 mgc: 1.053968e-06 ustep: 1 
iter: 3  mgc: 1.687539e-14 
iter: 1  mgc: 1.687539e-14 
outer mgc:  0.04931792 
iter: 1  value: 721.3409 mgc: 0.01656555 ustep: 1 
iter: 2  value: 721.3409 mgc: 7.307404e-07 ustep: 1 
iter: 3  mgc: 1.731948e-14 
iter: 1  mgc: 1.731948e-14 
outer mgc:  0.01667894 
iter: 1  value: 721.3422 mgc: 0.0139258 ustep: 1 
iter: 2  value: 721.3422 mgc: 7.632588e-07 ustep: 1 
iter: 3  mgc: 2.398082e-14 
iter: 1  mgc: 2.398082e-14 
outer mgc:  0.02353509 
iter: 1  value: 721.3406 mgc: 0.008152734 ustep: 1 
iter: 2  value: 721.3406 mgc: 8.063521e-07 ustep: 1 
iter: 3  mgc: 2.575717e-14 
iter: 1  mgc: 2.575717e-14 
outer mgc:  0.01151386 
iter: 1  value: 721.3414 mgc: 0.008483823 ustep: 1 
iter: 2  value: 721.3414 mgc: 3.559925e-07 ustep: 1 
iter: 3  mgc: 3.419487e-14 
iter: 1  value: 721.3411 mgc: 0.005582169 ustep: 1 
iter: 2  value: 721.3411 mgc: 1.393073e-07 ustep: 1 
iter: 3  mgc: 2.309264e-14 
iter: 1  mgc: 2.309264e-14 
outer mgc:  0.01123734 
iter: 1  value: 721.3419 mgc: 0.006412454 ustep: 1 
iter: 2  value: 721.3419 mgc: 3.204146e-07 ustep: 1 
iter: 3  mgc: 3.197442e-14 
iter: 1  mgc: 3.197442e-14 
outer mgc:  0.01163338 
iter: 1  value: 721.3424 mgc: 0.00954678 ustep: 1 
iter: 2  value: 721.3424 mgc: 3.601012e-07 ustep: 1 
iter: 3  mgc: 2.375877e-14 
iter: 1  value: 721.3421 mgc: 0.004813015 ustep: 1 
iter: 2  value: 721.3421 mgc: 9.435965e-08 ustep: 1 
iter: 3  mgc: 2.797762e-14 
iter: 1  mgc: 2.797762e-14 
outer mgc:  0.003652958 
iter: 1  value: 721.3421 mgc: 0.002813519 ustep: 1 
iter: 2  value: 721.3421 mgc: 2.878093e-08 ustep: 1 
mgc: 2.4869e-14 
iter: 1  mgc: 2.4869e-14 
outer mgc:  0.004633991 
iter: 1  value: 721.3419 mgc: 0.001055176 ustep: 1 
iter: 2  mgc: 8.571493e-09 
iter: 1  mgc: 8.571493e-09 
outer mgc:  0.0009996751 
iter: 1  value: 721.342 mgc: 0.002608395 ustep: 1 
iter: 2  value: 721.342 mgc: 4.111874e-08 ustep: 1 
mgc: 3.197442e-14 
iter: 1  value: 721.3419 mgc: 0.001139922 ustep: 1 
iter: 2  mgc: 7.515689e-09 
iter: 1  mgc: 7.515689e-09 
outer mgc:  0.002976993 
iter: 1  value: 721.3419 mgc: 0.0004758025 ustep: 1 
iter: 2  mgc: 4.328027e-10 
iter: 1  mgc: 4.328027e-10 
outer mgc:  0.000413394 
iter: 1  mgc: 4.328027e-10 
iter: 1  mgc: 4.328027e-10 
outer mgc:  0.000413394 
iter: 1  value: 721.3414 mgc: 0.03864556 ustep: 1 
iter: 2  value: 721.3414 mgc: 8.726969e-06 ustep: 1 
iter: 3  mgc: 7.025769e-13 
outer mgc:  0.04882412 
iter: 1  value: 721.3425 mgc: 0.03862672 ustep: 1 
iter: 2  value: 721.3425 mgc: 8.736029e-06 ustep: 1 
iter: 3  mgc: 6.945e-13 
outer mgc:  0.04884507 
iter: 1  value: 721.3417 mgc: 0.02061558 ustep: 1 
iter: 2  value: 721.3417 mgc: 2.530436e-06 ustep: 1 
iter: 3  mgc: 5.750955e-14 
outer mgc:  0.1087698 
iter: 1  value: 721.3422 mgc: 0.02060586 ustep: 1 
iter: 2  value: 721.3422 mgc: 2.530693e-06 ustep: 1 
iter: 3  mgc: 5.373479e-14 
outer mgc:  0.1079313 
iter: 1  value: 721.3437 mgc: 0.05705314 ustep: 1 
iter: 2  value: 721.3437 mgc: 7.048337e-06 ustep: 1 
iter: 3  mgc: 2.526868e-13 
outer mgc:  0.1201369 
iter: 1  value: 721.3403 mgc: 0.05704112 ustep: 1 
iter: 2  value: 721.3403 mgc: 7.056802e-06 ustep: 1 
iter: 3  mgc: 2.63789e-13 
outer mgc:  0.1201108 
iter: 1  value: 721.3429 mgc: 0.02922005 ustep: 1 
iter: 2  value: 721.3429 mgc: 1.963476e-06 ustep: 1 
iter: 3  mgc: 2.575717e-14 
outer mgc:  0.2568179 
iter: 1  value: 721.3412 mgc: 0.02921465 ustep: 1 
iter: 2  value: 721.3412 mgc: 1.963909e-06 ustep: 1 
iter: 3  mgc: 2.220446e-14 
outer mgc:  0.2572625 
iter: 1  value: 721.3411 mgc: 0.03291965 ustep: 1 
iter: 2  value: 721.3411 mgc: 9.037243e-06 ustep: 1 
iter: 3  mgc: 9.625634e-13 
outer mgc:  0.02370814 
iter: 1  value: 721.3428 mgc: 0.03290134 ustep: 1 
iter: 2  value: 721.3428 mgc: 9.044613e-06 ustep: 1 
iter: 3  mgc: 9.614531e-13 
outer mgc:  0.02347279 
iter: 1  value: 721.3415 mgc: 0.01487684 ustep: 1 
iter: 2  value: 721.3415 mgc: 1.71801e-06 ustep: 1 
iter: 3  mgc: 3.419487e-14 
outer mgc:  0.06385278 
iter: 1  value: 721.3424 mgc: 0.01486737 ustep: 1 
iter: 2  value: 721.3424 mgc: 1.717392e-06 ustep: 1 
iter: 3  mgc: 3.219647e-14 
outer mgc:  0.06378116 
iter: 1  value: 721.3424 mgc: 0.04832231 ustep: 1 
iter: 2  value: 721.3424 mgc: 1.026209e-05 ustep: 1 
iter: 3  mgc: 7.753798e-13 
outer mgc:  0.04179643 
iter: 1  value: 721.3415 mgc: 0.04830797 ustep: 1 
iter: 2  value: 721.3415 mgc: 1.027336e-05 ustep: 1 
iter: 3  mgc: 7.724932e-13 
outer mgc:  0.04198613 
iter: 1  value: 721.3423 mgc: 0.02554093 ustep: 1 
iter: 2  value: 721.3423 mgc: 2.791857e-06 ustep: 1 
iter: 3  mgc: 6.417089e-14 
outer mgc:  0.1836115 
iter: 1  value: 721.3417 mgc: 0.02553372 ustep: 1 
iter: 2  value: 721.3417 mgc: 2.792156e-06 ustep: 1 
iter: 3  mgc: 5.861978e-14 
outer mgc:  0.1842648 
iter: 1  value: 721.3398 mgc: 0.005141787 ustep: 1 
iter: 2  value: 721.3398 mgc: 1.312845e-07 ustep: 1 
iter: 3  mgc: 2.389755e-14 
outer mgc:  0.009246972 
iter: 1  value: 721.344 mgc: 0.005138134 ustep: 1 
iter: 2  value: 721.344 mgc: 1.311821e-07 ustep: 1 
iter: 3  mgc: 3.197442e-14 
outer mgc:  0.009166496 
iter: 1  value: 721.3396 mgc: 0.002691081 ustep: 1 
iter: 2  value: 721.3396 mgc: 2.855975e-07 ustep: 1 
iter: 3  mgc: 1.998401e-14 
outer mgc:  0.01396148 
iter: 1  value: 721.3442 mgc: 0.002689007 ustep: 1 
iter: 2  value: 721.3442 mgc: 2.853354e-07 ustep: 1 
iter: 3  mgc: 2.553513e-14 
outer mgc:  0.01398581 
iter: 1  value: 721.3414 mgc: 0.004572511 ustep: 1 
iter: 2  value: 721.3414 mgc: 2.2475e-07 ustep: 1 
iter: 3  mgc: 3.730349e-14 
outer mgc:  0.01647039 
iter: 1  value: 721.3425 mgc: 0.004567204 ustep: 1 
iter: 2  value: 721.3425 mgc: 2.244866e-07 ustep: 1 
iter: 3  mgc: 2.509104e-14 
outer mgc:  0.0164285 
iter: 1  value: 721.3413 mgc: 0.004076172 ustep: 1 
iter: 2  value: 721.3413 mgc: 4.835812e-07 ustep: 1 
iter: 3  mgc: 3.108624e-14 
outer mgc:  0.01348671 
iter: 1  value: 721.3425 mgc: 0.004071716 ustep: 1 
iter: 2  value: 721.3425 mgc: 4.827408e-07 ustep: 1 
iter: 3  mgc: 1.620926e-14 
outer mgc:  0.01323473 
iter: 1  value: 721.3417 mgc: 0.005162276 ustep: 1 
iter: 2  value: 721.3417 mgc: 1.054112e-07 ustep: 1 
iter: 3  mgc: 2.087219e-14 
outer mgc:  0.01407509 
iter: 1  value: 721.3422 mgc: 0.005158075 ustep: 1 
iter: 2  value: 721.3422 mgc: 1.053594e-07 ustep: 1 
iter: 3  mgc: 2.642331e-14 
outer mgc:  0.01434158 
iter: 1  value: 721.3402 mgc: 0.00251561 ustep: 1 
iter: 2  value: 721.3402 mgc: 3.129278e-07 ustep: 1 
iter: 3  mgc: 2.359224e-14 
outer mgc:  0.01259944 
iter: 1  value: 721.3437 mgc: 0.002513179 ustep: 1 
iter: 2  value: 721.3437 mgc: 3.128263e-07 ustep: 1 
iter: 3  mgc: 2.620126e-14 
outer mgc:  0.01251119 
iter: 1  value: 721.3449 mgc: 0.007511311 ustep: 1 
iter: 2  value: 721.3449 mgc: 9.135708e-07 ustep: 1 
iter: 3  mgc: 2.4869e-14 
outer mgc:  0.05764338 
iter: 1  value: 721.339 mgc: 0.007529758 ustep: 1 
iter: 2  value: 721.339 mgc: 9.160101e-07 ustep: 1 
iter: 3  mgc: 2.708944e-14 
outer mgc:  0.05736919 
iter: 1  value: 721.3455 mgc: 0.01330411 ustep: 1 
iter: 2  value: 721.3455 mgc: 6.323662e-07 ustep: 1 
iter: 3  mgc: 2.398082e-14 
outer mgc:  0.05423353 
iter: 1  value: 721.3384 mgc: 0.01333614 ustep: 1 
iter: 2  value: 721.3384 mgc: 6.346782e-07 ustep: 1 
iter: 3  mgc: 2.553513e-14 
outer mgc:  0.05436872 
iter: 1  value: 721.3457 mgc: 0.004798813 ustep: 1 
iter: 2  value: 721.3457 mgc: 1.822339e-06 ustep: 1 
iter: 3  mgc: 2.731149e-13 
outer mgc:  0.04572662 
iter: 1  value: 721.3382 mgc: 0.00480999 ustep: 1 
iter: 2  value: 721.3382 mgc: 1.827234e-06 ustep: 1 
iter: 3  mgc: 2.73781e-13 
outer mgc:  0.04613811 
iter: 1  value: 721.3438 mgc: 0.00761851 ustep: 1 
iter: 2  value: 721.3438 mgc: 1.483228e-06 ustep: 1 
iter: 3  mgc: 6.084022e-14 
outer mgc:  0.04582528 
iter: 1  value: 721.34 mgc: 0.00763561 ustep: 1 
iter: 2  value: 721.34 mgc: 1.488251e-06 ustep: 1 
iter: 3  mgc: 6.616929e-14 
outer mgc:  0.0459927 
Warning message:
package ‘nnet’ was built under R version 3.6.3 
[Sun Aug 15 15:15:48 2021]
Finished job 0.
1 of 1 steps (100%) done
