Building DAG of jobs...
Using shell: /usr/bin/bash
Provided cores: 1 (use --cores to define parallelism)
Rules claiming more threads will be scaled down.
Job counts:
	count	jobs
	1	inference_simulation_TMB_multiple
	1

[Sun Aug 15 20:49:33 2021]
rule inference_simulation_TMB_multiple:
    input: ../data/assessing_models_simulation/datasets/multiple_GenerationJnorm3_10_100_10_5_4_NA_NA_NA_dataset1.RDS
    output: ../data/assessing_models_simulation/inference_results/TMB/nlminb/multiple_GenerationJnorm3_10_100_10_5_4_diagREDMsinglelambda_NA_NA_NA_dataset1.RDS
    log: logs/inference/nlminb/simulation_GenerationJnorm3_10_100_10_5_4_ModeldiagREDMsinglelambda_NA_NA_NA_dataset1.log
    jobid: 0
    wildcards: optimiser=nlminb, datasetgeneration=GenerationJnorm3, n=10, nlambda=100, lmbda=10, d=5, beta_intensity=4, model=diagREDMsinglelambda, fixed_beta_intercept=NA, fixed_beta_slope=NA, sdRE_input=NA, itnum=1

Rscript 2_inference_TMB/run_TMB.R --input ../data/assessing_models_simulation/datasets/multiple_GenerationJnorm3_10_100_10_5_4_NA_NA_NA_dataset1.RDS --output ../data/assessing_models_simulation/inference_results/TMB/nlminb/multiple_GenerationJnorm3_10_100_10_5_4_diagREDMsinglelambda_NA_NA_NA_dataset1.RDS --model diagREDMsinglelambda --optimiser nlminb
Model: diagREDMsinglelambda 
Feature type: signatures 
Using nlminb: TRUE 
Simulation boolean: TRUE 
make: Nothing to be done for 'all'.
../data/assessing_models_simulation/datasets/multiple_GenerationJnorm3_10_100_10_5_4_NA_NA_NA_dataset1.RDS[1] "../data/assessing_models_simulation/datasets/multiple_GenerationJnorm3_10_100_10_5_4_NA_NA_NA_dataset1.RDS"
Reading file ../data/assessing_models_simulation/datasets/multiple_GenerationJnorm3_10_100_10_5_4_NA_NA_NA_dataset1.RDS 
Loading required package: nnet
# weights:  15 (8 variable)
initial  value 3183.468191 
iter  10 value 2654.650317
iter  20 value 2615.982381
iter  30 value 2615.759093
final  value 2615.749303 
converged
Constructing atomic invpd
Constructing atomic D_lgamma
Constructing atomic invpd
Constructing atomic D_lgamma
Constructing atomic matmul
Constructing atomic invpd
Constructing atomic D_lgamma
Constructing atomic matmul
Optimizing tape... Done
iter: 1  value: 2580.908 mgc: 5.110401 ustep: 1 
iter: 2  value: 2576.121 mgc: 6.076271 ustep: 1 
iter: 3  value: 2566.537 mgc: 3.418519 ustep: 0.6827823 
iter: 4  value: 2564.347 mgc: 3.131 ustep: 0.8263238 
iter: 5  value: 2564.13 mgc: 0.788638 ustep: 0.9090326 
iter: 6  value: 2564.128 mgc: 0.06161793 ustep: 0.9534367 
iter: 7  value: 2564.128 mgc: 0.002799596 ustep: 0.9764432 
iter: 8  value: 2564.128 mgc: 7.741754e-05 ustep: 0.9881526 
iter: 9  value: 2564.128 mgc: 1.284064e-06 ustep: 0.9940592 
iter: 10  value: 2564.128 mgc: 1.143708e-08 ustep: 0.9970255 
iter: 11  mgc: 5.217976e-11 
iter: 1  mgc: 5.217976e-11 
Matching hessian patterns... Done
outer mgc:  10.62721 
iter: 1  value: 2547.331 mgc: 1.368364 ustep: 1 
iter: 2  value: 2546.948 mgc: 0.3969959 ustep: 1 
iter: 3  value: 2546.947 mgc: 0.02460454 ustep: 1 
iter: 4  value: 2546.947 mgc: 0.0001126319 ustep: 1 
iter: 5  mgc: 2.410158e-09 
iter: 1  value: 2538.122 mgc: 1.386471 ustep: 1 
iter: 2  value: 2537.247 mgc: 0.5677444 ustep: 1 
iter: 3  value: 2537.241 mgc: 0.05062666 ustep: 1 
iter: 4  value: 2537.241 mgc: 0.0005504328 ustep: 1 
iter: 5  value: 2537.241 mgc: 6.761165e-08 ustep: 1 
iter: 6  mgc: 1.25594e-15 
iter: 1  mgc: 1.25594e-15 
outer mgc:  23.73521 
iter: 1  value: 2507.267 mgc: 3.074563 ustep: 1 
iter: 2  value: 2505.915 mgc: 3.193857 ustep: 1 
iter: 3  value: 2505.886 mgc: 0.4516811 ustep: 1 
iter: 4  value: 2505.886 mgc: 0.02374905 ustep: 1 
iter: 5  value: 2505.886 mgc: 8.312122e-05 ustep: 1 
iter: 6  mgc: 1.028622e-09 
iter: 1  mgc: 1.028622e-09 
outer mgc:  32.56283 
iter: 1  value: 2472.954 mgc: 3.564948 ustep: 1 
iter: 2  value: 2472.744 mgc: 0.4926338 ustep: 1 
iter: 3  value: 2472.744 mgc: 0.01077539 ustep: 1 
iter: 4  value: 2472.744 mgc: 1.90413e-05 ustep: 1 
iter: 5  mgc: 6.180842e-11 
iter: 1  mgc: 6.180842e-11 
outer mgc:  10.0002 
iter: 1  value: 2440.728 mgc: 1.551172 ustep: 1 
iter: 2  value: 2440.709 mgc: 0.1002751 ustep: 1 
iter: 3  value: 2440.709 mgc: 0.001215961 ustep: 1 
iter: 4  value: 2440.709 mgc: 1.808778e-07 ustep: 1 
iter: 5  mgc: 3.969047e-15 
iter: 1  value: 2384.582 mgc: 3.141823 ustep: 1 
iter: 2  value: 2384.555 mgc: 0.281176 ustep: 1 
iter: 3  value: 2384.555 mgc: 0.003338057 ustep: 1 
iter: 4  value: 2384.555 mgc: 8.244415e-07 ustep: 1 
iter: 5  mgc: 5.329071e-14 
iter: 1  value: 2431.477 mgc: 24.15893 ustep: 1 
iter: 2  value: 2431.444 mgc: 0.3570983 ustep: 1 
iter: 3  value: 2431.444 mgc: 0.0004574907 ustep: 1 
iter: 4  mgc: 1.186241e-09 
iter: 1  mgc: 5.329071e-14 
outer mgc:  10.10774 
iter: 1  value: 2373.394 mgc: 10.1891 ustep: 1 
iter: 2  value: 2373.392 mgc: 0.1390548 ustep: 1 
iter: 3  value: 2373.392 mgc: 4.505066e-05 ustep: 1 
iter: 4  mgc: 6.188686e-11 
iter: 1  value: 2392.67 mgc: 7.0188 ustep: 1 
iter: 2  value: 2392.63 mgc: 0.3806959 ustep: 1 
iter: 3  value: 2392.63 mgc: 0.001774237 ustep: 1 
iter: 4  value: 2392.63 mgc: 7.758567e-08 ustep: 1 
iter: 5  mgc: 1.776357e-15 
iter: 1  value: 2378.057 mgc: 4.073856 ustep: 1 
iter: 2  value: 2377.922 mgc: 0.5115468 ustep: 1 
iter: 3  value: 2377.922 mgc: 0.01503964 ustep: 1 
iter: 4  value: 2377.922 mgc: 1.422245e-05 ustep: 1 
iter: 5  mgc: 1.27558e-11 
iter: 1  mgc: 1.27558e-11 
outer mgc:  12.1474 
iter: 1  value: 2353.321 mgc: 3.019193 ustep: 1 
iter: 2  value: 2353.31 mgc: 0.1295635 ustep: 1 
iter: 3  value: 2353.31 mgc: 0.0001512198 ustep: 1 
iter: 4  mgc: 5.739109e-10 
iter: 1  mgc: 5.739109e-10 
outer mgc:  10.05019 
iter: 1  value: 2339.088 mgc: 2.219839 ustep: 1 
iter: 2  value: 2339.085 mgc: 0.08371173 ustep: 1 
iter: 3  value: 2339.085 mgc: 0.0002777096 ustep: 1 
iter: 4  mgc: 3.122572e-09 
iter: 1  mgc: 3.122572e-09 
outer mgc:  6.94244 
iter: 1  value: 2337.641 mgc: 3.814463 ustep: 1 
iter: 2  value: 2337.616 mgc: 0.2610724 ustep: 1 
iter: 3  value: 2337.616 mgc: 0.001188323 ustep: 1 
iter: 4  value: 2337.616 mgc: 3.275777e-08 ustep: 1 
mgc: 2.220446e-15 
iter: 1  value: 2335.449 mgc: 2.332507 ustep: 1 
iter: 2  value: 2335.443 mgc: 0.1119401 ustep: 1 
iter: 3  value: 2335.443 mgc: 0.0001809088 ustep: 1 
iter: 4  mgc: 4.99754e-10 
iter: 1  mgc: 4.99754e-10 
outer mgc:  6.200169 
iter: 1  value: 2330.829 mgc: 1.969775 ustep: 1 
iter: 2  value: 2330.828 mgc: 0.05196565 ustep: 1 
iter: 3  value: 2330.828 mgc: 5.868365e-05 ustep: 1 
iter: 4  mgc: 7.589684e-11 
iter: 1  mgc: 7.589684e-11 
outer mgc:  3.333608 
iter: 1  value: 2326.238 mgc: 1.228083 ustep: 1 
iter: 2  value: 2326.238 mgc: 0.02254879 ustep: 1 
iter: 3  value: 2326.238 mgc: 5.502896e-06 ustep: 1 
iter: 4  mgc: 3.339551e-13 
iter: 1  mgc: 3.339551e-13 
outer mgc:  4.784182 
iter: 1  value: 2325.364 mgc: 1.82174 ustep: 1 
iter: 2  value: 2325.363 mgc: 0.06056507 ustep: 1 
iter: 3  value: 2325.363 mgc: 7.63418e-05 ustep: 1 
iter: 4  mgc: 1.195577e-10 
iter: 1  mgc: 1.195577e-10 
outer mgc:  6.280865 
iter: 1  value: 2321.247 mgc: 1.804875 ustep: 1 
iter: 2  value: 2321.246 mgc: 0.04964113 ustep: 1 
iter: 3  value: 2321.246 mgc: 3.222686e-05 ustep: 1 
iter: 4  mgc: 1.472446e-11 
iter: 1  mgc: 1.472446e-11 
outer mgc:  2.945068 
iter: 1  value: 2317.245 mgc: 0.7477981 ustep: 1 
iter: 2  value: 2317.245 mgc: 0.00815137 ustep: 1 
iter: 3  value: 2317.245 mgc: 1.099353e-06 ustep: 1 
iter: 4  mgc: 1.815215e-14 
iter: 1  value: 2314.553 mgc: 0.8851711 ustep: 1 
iter: 2  value: 2314.553 mgc: 0.0105851 ustep: 1 
iter: 3  value: 2314.553 mgc: 1.588581e-06 ustep: 1 
iter: 4  mgc: 3.719247e-14 
iter: 1  value: 2312.063 mgc: 1.208052 ustep: 1 
iter: 2  value: 2312.063 mgc: 0.008116125 ustep: 1 
iter: 3  value: 2312.063 mgc: 1.199936e-06 ustep: 1 
iter: 4  mgc: 4.840572e-14 
iter: 1  mgc: 3.719247e-14 
outer mgc:  2.78849 
iter: 1  value: 2318.369 mgc: 3.610451 ustep: 1 
iter: 2  value: 2318.357 mgc: 0.2311615 ustep: 1 
iter: 3  value: 2318.357 mgc: 0.0007786008 ustep: 1 
iter: 4  mgc: 9.179601e-09 
iter: 1  value: 2313.841 mgc: 1.354116 ustep: 1 
iter: 2  value: 2313.841 mgc: 0.02408327 ustep: 1 
iter: 3  value: 2313.841 mgc: 4.335771e-06 ustep: 1 
iter: 4  mgc: 1.805223e-13 
iter: 1  mgc: 1.805223e-13 
outer mgc:  5.835489 
iter: 1  value: 2312.984 mgc: 0.9858513 ustep: 1 
iter: 2  value: 2312.984 mgc: 0.006682933 ustep: 1 
iter: 3  value: 2312.984 mgc: 3.255308e-07 ustep: 1 
iter: 4  mgc: 3.552714e-15 
iter: 1  mgc: 3.552714e-15 
outer mgc:  1.825611 
iter: 1  value: 2312.319 mgc: 0.2101061 ustep: 1 
iter: 2  value: 2312.319 mgc: 0.0004318085 ustep: 1 
iter: 3  mgc: 1.89964e-09 
iter: 1  value: 2311.134 mgc: 0.6554702 ustep: 1 
iter: 2  value: 2311.134 mgc: 0.003960963 ustep: 1 
iter: 3  value: 2311.134 mgc: 1.605605e-07 ustep: 1 
iter: 4  mgc: 3.552714e-15 
iter: 1  mgc: 3.552714e-15 
outer mgc:  4.62436 
iter: 1  value: 2306.495 mgc: 1.066926 ustep: 1 
iter: 2  value: 2306.495 mgc: 0.006964466 ustep: 1 
iter: 3  value: 2306.495 mgc: 4.644511e-07 ustep: 1 
iter: 4  mgc: 3.552714e-15 
iter: 1  mgc: 3.552714e-15 
outer mgc:  2.852916 
iter: 1  value: 2303.768 mgc: 1.518576 ustep: 1 
iter: 2  value: 2303.768 mgc: 0.01778969 ustep: 1 
iter: 3  value: 2303.768 mgc: 1.004985e-05 ustep: 1 
iter: 4  mgc: 3.236522e-12 
iter: 1  mgc: 3.236522e-12 
outer mgc:  4.207018 
iter: 1  value: 2305.761 mgc: 1.372224 ustep: 1 
iter: 2  value: 2305.761 mgc: 0.01479979 ustep: 1 
iter: 3  value: 2305.761 mgc: 1.429749e-05 ustep: 1 
iter: 4  mgc: 1.438671e-11 
iter: 1  mgc: 1.438671e-11 
outer mgc:  2.108451 
iter: 1  value: 2305.677 mgc: 0.9943456 ustep: 1 
iter: 2  value: 2305.675 mgc: 0.08845505 ustep: 1 
iter: 3  value: 2305.675 mgc: 0.0006893836 ustep: 1 
iter: 4  value: 2305.675 mgc: 4.286752e-08 ustep: 1 
iter: 5  mgc: 5.662137e-15 
iter: 1  mgc: 5.662137e-15 
outer mgc:  3.412285 
iter: 1  value: 2305.376 mgc: 0.6270209 ustep: 1 
iter: 2  value: 2305.376 mgc: 0.002992785 ustep: 1 
iter: 3  value: 2305.376 mgc: 6.872853e-08 ustep: 1 
iter: 4  mgc: 3.774758e-15 
iter: 1  mgc: 3.774758e-15 
outer mgc:  1.605921 
iter: 1  value: 2304.992 mgc: 0.6907793 ustep: 1 
iter: 2  value: 2304.992 mgc: 0.003896328 ustep: 1 
iter: 3  value: 2304.992 mgc: 1.033421e-07 ustep: 1 
iter: 4  mgc: 3.552714e-15 
iter: 1  mgc: 3.552714e-15 
outer mgc:  2.565939 
iter: 1  value: 2304.986 mgc: 0.5036311 ustep: 1 
iter: 2  value: 2304.986 mgc: 0.002131534 ustep: 1 
iter: 3  value: 2304.986 mgc: 5.822575e-08 ustep: 1 
iter: 4  mgc: 3.275158e-15 
iter: 1  mgc: 3.275158e-15 
outer mgc:  0.9388569 
iter: 1  value: 2306.134 mgc: 0.4941731 ustep: 1 
iter: 2  value: 2306.134 mgc: 0.005047387 ustep: 1 
iter: 3  value: 2306.134 mgc: 2.366612e-06 ustep: 1 
iter: 4  mgc: 5.222489e-13 
iter: 1  mgc: 5.222489e-13 
outer mgc:  1.194061 
iter: 1  value: 2305.385 mgc: 0.3954844 ustep: 1 
iter: 2  value: 2305.385 mgc: 0.001865577 ustep: 1 
iter: 3  value: 2305.385 mgc: 3.160478e-07 ustep: 1 
iter: 4  mgc: 8.881784e-15 
iter: 1  mgc: 8.881784e-15 
outer mgc:  0.3604289 
iter: 1  value: 2304.98 mgc: 0.328586 ustep: 1 
iter: 2  value: 2304.98 mgc: 0.0006578518 ustep: 1 
iter: 3  mgc: 7.351938e-09 
iter: 1  mgc: 7.351938e-09 
outer mgc:  0.4934072 
iter: 1  value: 2305.111 mgc: 0.1737089 ustep: 1 
iter: 2  value: 2305.111 mgc: 0.0002333432 ustep: 1 
iter: 3  mgc: 6.088339e-10 
iter: 1  mgc: 6.088339e-10 
outer mgc:  0.3334859 
iter: 1  value: 2305.446 mgc: 0.6128698 ustep: 1 
iter: 2  value: 2305.446 mgc: 0.003824665 ustep: 1 
iter: 3  value: 2305.446 mgc: 1.937853e-07 ustep: 1 
iter: 4  mgc: 5.218048e-15 
iter: 1  mgc: 5.218048e-15 
outer mgc:  0.05096392 
iter: 1  value: 2305.513 mgc: 0.1669076 ustep: 1 
iter: 2  value: 2305.513 mgc: 0.0002934925 ustep: 1 
iter: 3  mgc: 2.528992e-09 
iter: 1  mgc: 2.528992e-09 
outer mgc:  0.05216985 
iter: 1  value: 2305.414 mgc: 0.08097016 ustep: 1 
iter: 2  value: 2305.414 mgc: 0.0001563824 ustep: 1 
iter: 3  mgc: 2.181829e-09 
iter: 1  mgc: 2.181829e-09 
outer mgc:  0.04550123 
iter: 1  value: 2305.23 mgc: 0.1881071 ustep: 1 
iter: 2  value: 2305.23 mgc: 0.0003332077 ustep: 1 
iter: 3  mgc: 1.455063e-09 
iter: 1  mgc: 1.455063e-09 
outer mgc:  0.03566768 
iter: 1  value: 2305.009 mgc: 0.2834304 ustep: 1 
iter: 2  value: 2305.009 mgc: 0.0006796476 ustep: 1 
iter: 3  value: 2305.009 mgc: 1.912261e-08 ustep: 1 
mgc: 6.994405e-15 
iter: 1  mgc: 6.994405e-15 
outer mgc:  0.03766126 
iter: 1  value: 2304.95 mgc: 0.2110949 ustep: 1 
iter: 2  value: 2304.95 mgc: 0.0004414025 ustep: 1 
iter: 3  value: 2304.95 mgc: 1.668475e-08 ustep: 1 
mgc: 3.719247e-15 
iter: 1  mgc: 3.719247e-15 
outer mgc:  0.02018659 
iter: 1  value: 2305.065 mgc: 0.2664986 ustep: 1 
iter: 2  value: 2305.065 mgc: 0.000166711 ustep: 1 
iter: 3  mgc: 2.356408e-09 
iter: 1  mgc: 2.356408e-09 
outer mgc:  0.01885638 
iter: 1  value: 2305.358 mgc: 0.3183906 ustep: 1 
iter: 2  value: 2305.358 mgc: 0.0003518338 ustep: 1 
iter: 3  mgc: 1.338051e-09 
iter: 1  mgc: 1.338051e-09 
outer mgc:  0.01805359 
iter: 1  value: 2306.022 mgc: 0.5316173 ustep: 1 
iter: 2  value: 2306.022 mgc: 0.001404445 ustep: 1 
iter: 3  value: 2306.022 mgc: 2.403702e-08 ustep: 1 
mgc: 4.440892e-15 
iter: 1  mgc: 4.440892e-15 
outer mgc:  0.02324329 
iter: 1  value: 2306.618 mgc: 0.3599169 ustep: 1 
iter: 2  value: 2306.618 mgc: 0.0008120598 ustep: 1 
iter: 3  value: 2306.618 mgc: 2.860916e-08 ustep: 1 
mgc: 4.940492e-15 
iter: 1  mgc: 4.940492e-15 
outer mgc:  0.02066939 
iter: 1  value: 2306.956 mgc: 0.1962127 ustep: 1 
iter: 2  value: 2306.956 mgc: 0.000528277 ustep: 1 
iter: 3  value: 2306.956 mgc: 2.510524e-08 ustep: 1 
mgc: 5.551115e-15 
iter: 1  mgc: 5.551115e-15 
outer mgc:  0.005363905 
iter: 1  value: 2306.954 mgc: 0.05640228 ustep: 1 
iter: 2  value: 2306.954 mgc: 1.473565e-05 ustep: 1 
iter: 3  mgc: 1.950617e-11 
iter: 1  mgc: 1.950617e-11 
outer mgc:  0.001209091 
iter: 1  value: 2306.938 mgc: 0.01766523 ustep: 1 
iter: 2  value: 2306.938 mgc: 1.282542e-06 ustep: 1 
iter: 3  mgc: 2.220446e-14 
iter: 1  mgc: 2.220446e-14 
outer mgc:  0.0008114847 
iter: 1  value: 2306.926 mgc: 0.01252263 ustep: 1 
iter: 2  value: 2306.926 mgc: 6.538576e-07 ustep: 1 
iter: 3  mgc: 5.662137e-15 
iter: 1  mgc: 5.662137e-15 
outer mgc:  0.000777237 
iter: 1  value: 2306.914 mgc: 0.01134522 ustep: 1 
iter: 2  value: 2306.914 mgc: 5.506163e-07 ustep: 1 
iter: 3  mgc: 6.328271e-15 
iter: 1  value: 2306.901 mgc: 0.01393015 ustep: 1 
iter: 2  value: 2306.901 mgc: 8.246321e-07 ustep: 1 
iter: 3  mgc: 7.105427e-15 
iter: 1  mgc: 7.105427e-15 
outer mgc:  0.001768041 
iter: 1  value: 2306.877 mgc: 0.02275984 ustep: 1 
iter: 2  value: 2306.877 mgc: 2.31923e-06 ustep: 1 
iter: 3  mgc: 7.149836e-14 
iter: 1  mgc: 7.149836e-14 
outer mgc:  0.002713904 
iter: 1  value: 2306.854 mgc: 0.02013611 ustep: 1 
iter: 2  value: 2306.854 mgc: 2.050968e-06 ustep: 1 
iter: 3  mgc: 5.817569e-14 
iter: 1  mgc: 5.817569e-14 
outer mgc:  0.003067295 
iter: 1  value: 2306.856 mgc: 0.004373527 ustep: 1 
iter: 2  value: 2306.856 mgc: 3.483944e-08 ustep: 1 
mgc: 5.77316e-15 
iter: 1  mgc: 5.77316e-15 
outer mgc:  0.002358521 
iter: 1  value: 2306.88 mgc: 0.02624782 ustep: 1 
iter: 2  value: 2306.88 mgc: 2.658572e-06 ustep: 1 
iter: 3  mgc: 9.414691e-14 
iter: 1  mgc: 9.414691e-14 
outer mgc:  0.0006455763 
iter: 1  value: 2306.896 mgc: 0.01591963 ustep: 1 
iter: 2  value: 2306.896 mgc: 1.069407e-06 ustep: 1 
iter: 3  mgc: 1.731948e-14 
iter: 1  mgc: 1.731948e-14 
outer mgc:  0.0002033299 
iter: 1  value: 2306.901 mgc: 0.005236197 ustep: 1 
iter: 2  value: 2306.901 mgc: 1.152121e-07 ustep: 1 
iter: 3  mgc: 9.769963e-15 
iter: 1  mgc: 9.769963e-15 
outer mgc:  0.0004909796 
iter: 1  value: 2306.9 mgc: 0.001054172 ustep: 1 
iter: 2  mgc: 4.556018e-09 
iter: 1  mgc: 4.556018e-09 
outer mgc:  0.0004343408 
iter: 1  value: 2306.895 mgc: 0.004904725 ustep: 1 
iter: 2  value: 2306.895 mgc: 9.934967e-08 ustep: 1 
mgc: 8.548717e-15 
iter: 1  mgc: 8.548717e-15 
outer mgc:  0.0001649992 
iter: 1  value: 2306.892 mgc: 0.00345184 ustep: 1 
iter: 2  value: 2306.892 mgc: 4.930618e-08 ustep: 1 
mgc: 1.254552e-14 
iter: 1  mgc: 1.254552e-14 
outer mgc:  3.298698e-05 
iter: 1  value: 2306.891 mgc: 0.001274689 ustep: 1 
iter: 2  mgc: 6.792753e-09 
iter: 1  mgc: 6.792753e-09 
outer mgc:  0.0001026432 
iter: 1  value: 2306.891 mgc: 0.0002416587 ustep: 1 
iter: 2  mgc: 2.321752e-10 
iter: 1  mgc: 2.321752e-10 
outer mgc:  8.821999e-05 
iter: 1  mgc: 2.321752e-10 
iter: 1  mgc: 2.321752e-10 
outer mgc:  8.821999e-05 
iter: 1  value: 2306.891 mgc: 0.004147673 ustep: 1 
iter: 2  value: 2306.891 mgc: 1.74822e-07 ustep: 1 
iter: 3  mgc: 9.436896e-15 
outer mgc:  0.02600449 
iter: 1  value: 2306.891 mgc: 0.004144204 ustep: 1 
iter: 2  value: 2306.891 mgc: 1.747497e-07 ustep: 1 
iter: 3  mgc: 1.110223e-14 
outer mgc:  0.02587886 
iter: 1  value: 2306.891 mgc: 0.002516351 ustep: 1 
iter: 2  value: 2306.891 mgc: 5.862603e-08 ustep: 1 
iter: 3  mgc: 8.437695e-15 
outer mgc:  0.01419433 
iter: 1  value: 2306.891 mgc: 0.002515095 ustep: 1 
iter: 2  value: 2306.891 mgc: 5.862831e-08 ustep: 1 
iter: 3  mgc: 1.065814e-14 
outer mgc:  0.01429063 
iter: 1  value: 2306.89 mgc: 0.00169296 ustep: 1 
iter: 2  value: 2306.89 mgc: 1.949885e-07 ustep: 1 
iter: 3  mgc: 1.287859e-14 
outer mgc:  0.008277625 
iter: 1  value: 2306.892 mgc: 0.001691575 ustep: 1 
iter: 2  value: 2306.892 mgc: 1.946692e-07 ustep: 1 
iter: 3  mgc: 6.106227e-15 
outer mgc:  0.008309764 
iter: 1  value: 2306.891 mgc: 0.0004186631 ustep: 1 
iter: 2  value: 2306.891 mgc: 1.364309e-08 ustep: 1 
mgc: 9.547918e-15 
outer mgc:  0.002754034 
iter: 1  value: 2306.891 mgc: 0.0004182683 ustep: 1 
iter: 2  value: 2306.891 mgc: 1.361906e-08 ustep: 1 
mgc: 1.354472e-14 
outer mgc:  0.002778567 
iter: 1  value: 2306.891 mgc: 0.004997632 ustep: 1 
iter: 2  value: 2306.891 mgc: 3.062133e-07 ustep: 1 
iter: 3  mgc: 1.021405e-14 
outer mgc:  0.0205856 
iter: 1  value: 2306.891 mgc: 0.004995591 ustep: 1 
iter: 2  value: 2306.891 mgc: 3.071001e-07 ustep: 1 
iter: 3  mgc: 6.661338e-15 
outer mgc:  0.02055685 
iter: 1  value: 2306.891 mgc: 0.003047802 ustep: 1 
iter: 2  value: 2306.891 mgc: 1.098362e-07 ustep: 1 
iter: 3  mgc: 7.993606e-15 
outer mgc:  0.01713833 
iter: 1  value: 2306.89 mgc: 0.003047288 ustep: 1 
iter: 2  value: 2306.89 mgc: 1.102107e-07 ustep: 1 
iter: 3  mgc: 9.769963e-15 
outer mgc:  0.01712804 
iter: 1  value: 2306.891 mgc: 0.004853644 ustep: 1 
iter: 2  value: 2306.891 mgc: 2.79227e-07 ustep: 1 
iter: 3  mgc: 8.493206e-15 
outer mgc:  0.02554938 
iter: 1  value: 2306.891 mgc: 0.004850252 ustep: 1 
iter: 2  value: 2306.891 mgc: 2.793639e-07 ustep: 1 
iter: 3  mgc: 6.217249e-15 
outer mgc:  0.02553912 
iter: 1  value: 2306.891 mgc: 0.003002511 ustep: 1 
iter: 2  value: 2306.891 mgc: 1.109309e-07 ustep: 1 
iter: 3  mgc: 1.254552e-14 
outer mgc:  0.01557262 
iter: 1  value: 2306.891 mgc: 0.003001329 ustep: 1 
iter: 2  value: 2306.891 mgc: 1.110807e-07 ustep: 1 
iter: 3  mgc: 1.287859e-14 
outer mgc:  0.01544452 
iter: 1  value: 2306.895 mgc: 0.003713249 ustep: 1 
iter: 2  value: 2306.895 mgc: 8.023561e-08 ustep: 1 
mgc: 1.154632e-14 
outer mgc:  0.0007734001 
iter: 1  value: 2306.887 mgc: 0.003716965 ustep: 1 
iter: 2  value: 2306.887 mgc: 8.01306e-08 ustep: 1 
mgc: 1.176836e-14 
outer mgc:  0.0006135537 
iter: 1  value: 2306.894 mgc: 0.002517338 ustep: 1 
iter: 2  value: 2306.894 mgc: 5.294215e-07 ustep: 1 
iter: 3  mgc: 2.575717e-14 
outer mgc:  0.001448746 
iter: 1  value: 2306.888 mgc: 0.002519857 ustep: 1 
iter: 2  value: 2306.888 mgc: 5.29055e-07 ustep: 1 
iter: 3  mgc: 2.664535e-14 
outer mgc:  0.001289385 
iter: 1  value: 2306.894 mgc: 0.002312438 ustep: 1 
iter: 2  value: 2306.894 mgc: 5.063661e-08 ustep: 1 
mgc: 9.714451e-15 
outer mgc:  0.001342701 
iter: 1  value: 2306.888 mgc: 0.002314752 ustep: 1 
iter: 2  value: 2306.888 mgc: 5.061655e-08 ustep: 1 
mgc: 1.398881e-14 
outer mgc:  0.001183583 
iter: 1  value: 2306.894 mgc: 0.003203562 ustep: 1 
iter: 2  value: 2306.894 mgc: 9.007528e-08 ustep: 1 
mgc: 8.881784e-15 
outer mgc:  0.001193508 
iter: 1  value: 2306.887 mgc: 0.003206767 ustep: 1 
iter: 2  value: 2306.887 mgc: 8.999507e-08 ustep: 1 
mgc: 6.661338e-15 
outer mgc:  0.001033738 
iter: 1  value: 2306.887 mgc: 0.003552782 ustep: 1 
iter: 2  value: 2306.887 mgc: 2.82218e-07 ustep: 1 
iter: 3  mgc: 8.992806e-15 
outer mgc:  0.01972475 
iter: 1  value: 2306.895 mgc: 0.00355001 ustep: 1 
iter: 2  value: 2306.895 mgc: 2.81423e-07 ustep: 1 
iter: 3  mgc: 1.132427e-14 
outer mgc:  0.01988562 
[Sun Aug 15 20:49:35 2021]
Finished job 0.
1 of 1 steps (100%) done
