Building DAG of jobs...
Using shell: /usr/bin/bash
Provided cores: 80
Rules claiming more threads will be scaled down.
Job counts:
	count	jobs
	1	inference_simulation_TMB_multiple
	1
Select jobs to execute...

[Sun Aug 15 15:30:16 2021]
rule inference_simulation_TMB_multiple:
    input: ../data/assessing_models_simulation/datasets/multiple_GenerationCnorm_10_100_10_6_0.1_NA_NA_NA_dataset0.RDS
    output: ../data/assessing_models_simulation/inference_results/TMB/nlminb/multiple_GenerationCnorm_10_100_10_6_0.1_diagREDMsinglelambda_NA_NA_NA_dataset0.RDS
    log: logs/inference/nlminb/simulation_GenerationCnorm_10_100_10_6_0.1_ModeldiagREDMsinglelambda_NA_NA_NA_dataset0.log
    jobid: 0
    wildcards: optimiser=nlminb, datasetgeneration=GenerationCnorm, n=10, nlambda=100, lmbda=10, d=6, beta_intensity=0.1, model=diagREDMsinglelambda, fixed_beta_intercept=NA, fixed_beta_slope=NA, sdRE_input=NA, itnum=0

Rscript 2_inference_TMB/run_TMB.R --input ../data/assessing_models_simulation/datasets/multiple_GenerationCnorm_10_100_10_6_0.1_NA_NA_NA_dataset0.RDS --output ../data/assessing_models_simulation/inference_results/TMB/nlminb/multiple_GenerationCnorm_10_100_10_6_0.1_diagREDMsinglelambda_NA_NA_NA_dataset0.RDS --model diagREDMsinglelambda --optimiser nlminb
Model: diagREDMsinglelambda 
Feature type: signatures 
Using nlminb: TRUE 
Simulation boolean: TRUE 
make: Nothing to be done for 'all'.
../data/assessing_models_simulation/datasets/multiple_GenerationCnorm_10_100_10_6_0.1_NA_NA_NA_dataset0.RDS[1] "../data/assessing_models_simulation/datasets/multiple_GenerationCnorm_10_100_10_6_0.1_NA_NA_NA_dataset0.RDS"
Reading file ../data/assessing_models_simulation/datasets/multiple_GenerationCnorm_10_100_10_6_0.1_NA_NA_NA_dataset0.RDS 
Loading required package: nnet
# weights:  18 (10 variable)
initial  value 3683.857469 
iter  10 value 3373.700907
final  value 3344.401897 
converged
Constructing atomic invpd
Constructing atomic D_lgamma
Constructing atomic invpd
Constructing atomic D_lgamma
Constructing atomic matmul
Constructing atomic invpd
Constructing atomic D_lgamma
Constructing atomic matmul
Optimizing tape... Done
iter: 1  value: 3113.03 mgc: 6.393164 ustep: 1 
iter: 2  value: 3096.594 mgc: 5.599245 ustep: 1 
iter: 3  value: 3094.902 mgc: 1.477333 ustep: 1 
iter: 4  value: 3094.834 mgc: 0.5888798 ustep: 1 
iter: 5  value: 3094.834 mgc: 0.02111361 ustep: 1 
iter: 6  value: 3094.834 mgc: 3.646449e-05 ustep: 1 
iter: 7  mgc: 1.049971e-10 
iter: 1  mgc: 1.049971e-10 
Matching hessian patterns... Done
outer mgc:  33.79624 
iter: 1  value: 3064.497 mgc: 2.045384 ustep: 1 
iter: 2  value: 3064.459 mgc: 0.2615733 ustep: 1 
iter: 3  value: 3064.459 mgc: 0.001687301 ustep: 1 
iter: 4  value: 3064.459 mgc: 1.206494e-06 ustep: 1 
iter: 5  mgc: 6.03545e-14 
iter: 1  mgc: 6.03545e-14 
outer mgc:  7.312073 
iter: 1  value: 3049.328 mgc: 2.193704 ustep: 1 
iter: 2  value: 3049.227 mgc: 0.4029823 ustep: 1 
iter: 3  value: 3049.227 mgc: 0.01449822 ustep: 1 
iter: 4  value: 3049.227 mgc: 2.249627e-05 ustep: 1 
iter: 5  mgc: 5.773648e-11 
iter: 1  mgc: 5.773648e-11 
outer mgc:  6.570975 
iter: 1  value: 3049.016 mgc: 4.126001 ustep: 1 
iter: 2  value: 3043.32 mgc: 2.110947 ustep: 1 
iter: 3  value: 3043.213 mgc: 0.3344922 ustep: 1 
iter: 4  value: 3043.213 mgc: 0.01543846 ustep: 1 
iter: 5  value: 3043.213 mgc: 3.859394e-05 ustep: 1 
iter: 6  mgc: 2.42682e-10 
iter: 1  mgc: 2.42682e-10 
outer mgc:  10.92961 
iter: 1  value: 3027.902 mgc: 3.676072 ustep: 1 
iter: 2  value: 3026.923 mgc: 0.8896351 ustep: 1 
iter: 3  value: 3026.921 mgc: 0.0666868 ustep: 1 
iter: 4  value: 3026.921 mgc: 0.0006171226 ustep: 1 
iter: 5  value: 3026.921 mgc: 5.586162e-08 ustep: 1 
iter: 6  mgc: 3.497203e-15 
iter: 1  mgc: 3.497203e-15 
outer mgc:  7.862631 
iter: 1  value: 3089.034 mgc: 11.87263 ustep: 0.4367355 
iter: 2  value: 3051.139 mgc: 22.40698 ustep: 0.6608936 
iter: 3  value: 3050.831 mgc: 11.18217 ustep: 0.8129723 
iter: 4  value: 3040.433 mgc: 16.65337 ustep: 0.9016596 
iter: 5  value: 3040.096 mgc: 2.681559 ustep: 0.9495626 
iter: 6  value: 3040.096 mgc: 0.09888864 ustep: 0.9744576 
iter: 7  value: 3040.096 mgc: 0.0002765295 ustep: 0.9871475 
iter: 8  value: 3040.096 mgc: 4.352909e-07 ustep: 0.9935536 
iter: 9  mgc: 8.786114e-10 
iter: 1  value: 3021.167 mgc: 3.23575 ustep: 1 
iter: 2  value: 3021.143 mgc: 0.2963397 ustep: 1 
iter: 3  value: 3021.143 mgc: 0.002238647 ustep: 1 
iter: 4  value: 3021.143 mgc: 7.856426e-08 ustep: 1 
iter: 5  mgc: 5.107026e-15 
iter: 1  mgc: 5.107026e-15 
outer mgc:  2.194468 
iter: 1  value: 3019.441 mgc: 0.8193414 ustep: 1 
iter: 2  value: 3019.44 mgc: 0.03440014 ustep: 1 
iter: 3  value: 3019.44 mgc: 6.646377e-05 ustep: 1 
iter: 4  mgc: 2.630722e-10 
iter: 1  mgc: 2.630722e-10 
outer mgc:  3.527012 
iter: 1  value: 3010.494 mgc: 0.8908725 ustep: 1 
iter: 2  value: 3010.494 mgc: 0.0114433 ustep: 1 
iter: 3  value: 3010.494 mgc: 1.472121e-05 ustep: 1 
iter: 4  mgc: 2.362244e-11 
iter: 1  mgc: 2.362244e-11 
outer mgc:  5.239928 
iter: 1  value: 3004.673 mgc: 1.237221 ustep: 1 
iter: 2  value: 3004.672 mgc: 0.05057398 ustep: 1 
iter: 3  value: 3004.672 mgc: 0.0002576748 ustep: 1 
iter: 4  mgc: 6.511913e-09 
iter: 1  mgc: 6.511913e-09 
outer mgc:  2.971248 
iter: 1  value: 2999.718 mgc: 1.729485 ustep: 1 
iter: 2  value: 2999.71 mgc: 0.1266413 ustep: 1 
iter: 3  value: 2999.71 mgc: 0.0008354646 ustep: 1 
iter: 4  value: 2999.71 mgc: 3.725027e-08 ustep: 1 
mgc: 4.662937e-15 
iter: 1  mgc: 4.662937e-15 
outer mgc:  6.767245 
iter: 1  value: 2995.913 mgc: 2.200354 ustep: 1 
iter: 2  value: 2995.91 mgc: 0.08350798 ustep: 1 
iter: 3  value: 2995.91 mgc: 0.0003340547 ustep: 1 
iter: 4  mgc: 5.653777e-09 
iter: 1  mgc: 5.653777e-09 
outer mgc:  3.665154 
iter: 1  value: 2991.836 mgc: 0.9902799 ustep: 1 
iter: 2  value: 2991.836 mgc: 0.006532336 ustep: 1 
iter: 3  value: 2991.836 mgc: 8.230173e-07 ustep: 1 
iter: 4  mgc: 1.754152e-14 
iter: 1  value: 2986.802 mgc: 0.681057 ustep: 1 
iter: 2  value: 2986.802 mgc: 0.008118796 ustep: 1 
iter: 3  value: 2986.802 mgc: 2.38055e-06 ustep: 1 
iter: 4  mgc: 2.036149e-13 
iter: 1  mgc: 2.036149e-13 
outer mgc:  1.727034 
iter: 1  value: 2978.202 mgc: 1.814317 ustep: 1 
iter: 2  value: 2978.202 mgc: 0.03341646 ustep: 1 
iter: 3  value: 2978.202 mgc: 1.820559e-05 ustep: 1 
iter: 4  mgc: 5.521028e-12 
iter: 1  mgc: 5.521028e-12 
outer mgc:  3.148337 
iter: 1  value: 2969.149 mgc: 1.692988 ustep: 1 
iter: 2  value: 2969.149 mgc: 0.01423091 ustep: 1 
iter: 3  value: 2969.149 mgc: 3.360339e-06 ustep: 1 
iter: 4  mgc: 1.874056e-13 
iter: 1  mgc: 1.874056e-13 
outer mgc:  2.086246 
iter: 1  value: 2962.909 mgc: 2.297431 ustep: 1 
iter: 2  value: 2962.909 mgc: 0.01107659 ustep: 1 
iter: 3  value: 2962.909 mgc: 1.442247e-06 ustep: 1 
iter: 4  mgc: 2.420286e-14 
iter: 1  value: 2968.241 mgc: 0.5027921 ustep: 1 
iter: 2  value: 2968.241 mgc: 0.002608222 ustep: 1 
iter: 3  value: 2968.241 mgc: 8.083356e-08 ustep: 1 
mgc: 2.664535e-15 
iter: 1  mgc: 2.664535e-15 
outer mgc:  2.044545 
iter: 1  value: 2967.062 mgc: 0.6225529 ustep: 1 
iter: 2  value: 2967.062 mgc: 0.003480809 ustep: 1 
iter: 3  value: 2967.062 mgc: 1.325606e-07 ustep: 1 
iter: 4  mgc: 2.220446e-15 
iter: 1  mgc: 2.220446e-15 
outer mgc:  1.040221 
iter: 1  value: 2964.641 mgc: 0.4528957 ustep: 1 
iter: 2  value: 2964.641 mgc: 0.0003749061 ustep: 1 
iter: 3  mgc: 2.035799e-09 
iter: 1  mgc: 2.035799e-09 
outer mgc:  1.419723 
iter: 1  value: 2962.2 mgc: 0.5450185 ustep: 1 
iter: 2  value: 2962.2 mgc: 0.0005758234 ustep: 1 
iter: 3  mgc: 7.791741e-10 
iter: 1  mgc: 7.791741e-10 
outer mgc:  1.403004 
iter: 1  value: 2959.679 mgc: 0.646454 ustep: 1 
iter: 2  value: 2959.679 mgc: 0.0005378325 ustep: 1 
iter: 3  mgc: 2.357217e-09 
iter: 1  mgc: 2.357217e-09 
outer mgc:  0.7379941 
iter: 1  value: 2957.18 mgc: 0.3151637 ustep: 1 
iter: 2  value: 2957.18 mgc: 0.0002724601 ustep: 1 
iter: 3  mgc: 5.475365e-10 
iter: 1  mgc: 5.475365e-10 
outer mgc:  0.3825532 
iter: 1  value: 2954.546 mgc: 0.42084 ustep: 1 
iter: 2  value: 2954.546 mgc: 0.0002924863 ustep: 1 
iter: 3  mgc: 7.426544e-10 
iter: 1  value: 2946.651 mgc: 1.383905 ustep: 1 
iter: 2  value: 2946.651 mgc: 0.002133932 ustep: 1 
iter: 3  value: 2946.651 mgc: 2.655311e-08 ustep: 1 
mgc: 2.442491e-15 
iter: 1  mgc: 2.442491e-15 
outer mgc:  1.337524 
iter: 1  value: 2935.916 mgc: 2.301829 ustep: 1 
iter: 2  value: 2935.916 mgc: 0.00184184 ustep: 1 
iter: 3  value: 2935.916 mgc: 1.172346e-08 ustep: 1 
mgc: 2.442491e-15 
iter: 1  mgc: 2.442491e-15 
outer mgc:  0.7652231 
iter: 1  value: 2925.194 mgc: 2.185236 ustep: 1 
iter: 2  value: 2925.194 mgc: 0.001110846 ustep: 1 
iter: 3  mgc: 2.603087e-09 
iter: 1  mgc: 2.603087e-09 
outer mgc:  0.8055554 
iter: 1  value: 2914.36 mgc: 2.05964 ustep: 1 
iter: 2  value: 2914.36 mgc: 0.0005347917 ustep: 1 
iter: 3  mgc: 3.754623e-10 
iter: 1  mgc: 3.754623e-10 
outer mgc:  0.5959835 
iter: 1  value: 2903.551 mgc: 2.117602 ustep: 1 
iter: 2  value: 2903.551 mgc: 0.0004241447 ustep: 1 
iter: 3  mgc: 1.476379e-10 
iter: 1  mgc: 1.476379e-10 
outer mgc:  0.3716701 
iter: 1  value: 2897.495 mgc: 1.032773 ustep: 1 
iter: 2  value: 2897.495 mgc: 8.099613e-05 ustep: 1 
iter: 3  mgc: 4.115375e-12 
iter: 1  mgc: 4.115375e-12 
outer mgc:  0.2842366 
iter: 1  value: 2891.372 mgc: 1.049858 ustep: 1 
iter: 2  value: 2891.372 mgc: 7.595413e-05 ustep: 1 
iter: 3  mgc: 2.8062e-12 
iter: 1  mgc: 2.8062e-12 
outer mgc:  0.2052635 
iter: 1  value: 2885.204 mgc: 1.125881 ustep: 1 
iter: 2  value: 2885.204 mgc: 3.711584e-05 ustep: 1 
iter: 3  mgc: 5.266898e-13 
iter: 1  mgc: 5.266898e-13 
outer mgc:  0.1219883 
iter: 1  value: 2878.995 mgc: 1.095206 ustep: 1 
iter: 2  value: 2878.995 mgc: 4.241334e-05 ustep: 1 
iter: 3  mgc: 5.266898e-13 
iter: 1  mgc: 5.266898e-13 
outer mgc:  0.04208862 
iter: 1  value: 2866.423 mgc: 2.616913 ustep: 1 
iter: 2  value: 2866.423 mgc: 0.0001032953 ustep: 1 
iter: 3  mgc: 1.889155e-12 
iter: 1  mgc: 1.889155e-12 
outer mgc:  0.07889963 
iter: 1  value: 2853.839 mgc: 2.639163 ustep: 1 
iter: 2  value: 2853.839 mgc: 6.359076e-05 ustep: 1 
iter: 3  mgc: 4.303224e-13 
iter: 1  mgc: 4.303224e-13 
outer mgc:  0.04982942 
iter: 1  value: 2841.687 mgc: 2.490669 ustep: 1 
iter: 2  value: 2841.687 mgc: 3.486347e-05 ustep: 1 
iter: 3  mgc: 8.126833e-14 
iter: 1  mgc: 8.126833e-14 
outer mgc:  0.05799216 
iter: 1  value: 2833.159 mgc: 1.609077 ustep: 1 
iter: 2  value: 2833.159 mgc: 1.04549e-05 ustep: 1 
iter: 3  mgc: 5.329071e-15 
iter: 1  mgc: 5.329071e-15 
outer mgc:  0.0304694 
iter: 1  value: 2828.097 mgc: 0.8733009 ustep: 1 
iter: 2  value: 2828.097 mgc: 2.949059e-06 ustep: 1 
iter: 3  mgc: 1.998401e-15 
iter: 1  mgc: 1.998401e-15 
outer mgc:  0.01021345 
iter: 1  value: 2823.831 mgc: 0.7208422 ustep: 1 
iter: 2  value: 2823.831 mgc: 1.604205e-06 ustep: 1 
iter: 3  mgc: 4.440892e-15 
iter: 1  mgc: 4.440892e-15 
outer mgc:  0.003272898 
iter: 1  value: 2821.188 mgc: 0.4296208 ustep: 1 
iter: 2  value: 2821.188 mgc: 4.710609e-07 ustep: 1 
mgc: 3.108624e-15 
iter: 1  mgc: 3.108624e-15 
outer mgc:  0.004158042 
iter: 1  value: 2818.565 mgc: 0.4297096 ustep: 1 
iter: 2  value: 2818.565 mgc: 3.156781e-07 ustep: 1 
mgc: 2.442491e-15 
iter: 1  mgc: 2.442491e-15 
outer mgc:  0.006301726 
iter: 1  value: 2814.772 mgc: 0.6472919 ustep: 1 
iter: 2  value: 2814.772 mgc: 3.080518e-07 ustep: 1 
mgc: 2.88658e-15 
iter: 1  mgc: 2.88658e-15 
outer mgc:  0.01080221 
iter: 1  value: 2808.614 mgc: 1.142994 ustep: 1 
iter: 2  value: 2808.614 mgc: 6.564792e-08 ustep: 1 
mgc: 3.871903e-15 
iter: 1  mgc: 3.871903e-15 
outer mgc:  0.01762646 
iter: 1  value: 2797.415 mgc: 2.477341 ustep: 1 
iter: 2  value: 2797.415 mgc: 1.772147e-06 ustep: 1 
iter: 3  mgc: 2.331468e-15 
iter: 1  mgc: 2.331468e-15 
outer mgc:  0.03022503 
iter: 1  value: 2760.287 mgc: 20.0922 ustep: 1 
iter: 2  value: 2760.287 mgc: 0.0002676579 ustep: 1 
iter: 3  mgc: 9.62519e-12 
iter: 1  mgc: 9.62519e-12 
outer mgc:  0.04365315 
iter: 1  value: 2613.034 mgc: 10722.31 ustep: 1 
iter: 2  value: 2612.989 mgc: 0.5616933 ustep: 1 
iter: 3  value: 2612.989 mgc: 0.01399774 ustep: 1 
iter: 4  value: 2612.989 mgc: 9.564857e-06 ustep: 1 
iter: 5  mgc: 4.478196e-12 
iter: 1  value: 2745.755 mgc: 3.812964 ustep: 1 
iter: 2  value: 2745.755 mgc: 0.0001639794 ustep: 1 
iter: 3  mgc: 7.164935e-12 
iter: 1  mgc: 7.164935e-12 
outer mgc:  0.02022309 
iter: 1  value: 2716.625 mgc: 12.47273 ustep: 1 
iter: 2  value: 2716.625 mgc: 0.001852833 ustep: 1 
iter: 3  mgc: 3.585626e-09 
iter: 1  value: 2628.024 mgc: 407.32 ustep: 1 
iter: 2  value: 2628.016 mgc: 0.2453443 ustep: 1 
iter: 3  value: 2628.016 mgc: 0.002092106 ustep: 1 
iter: 4  value: 2628.016 mgc: 1.563091e-07 ustep: 1 
iter: 5  mgc: 2.220446e-15 
iter: 1  mgc: 3.585626e-09 
outer mgc:  0.1687574 
iter: 1  value: 2687.508 mgc: 12.5117 ustep: 1 
iter: 2  value: 2687.508 mgc: 0.007799623 ustep: 1 
iter: 3  value: 2687.508 mgc: 2.54888e-07 ustep: 1 
iter: 4  mgc: 2.442491e-15 
iter: 1  value: 2710.813 mgc: 1.169892 ustep: 1 
iter: 2  value: 2710.813 mgc: 0.0001768216 ustep: 1 
iter: 3  mgc: 4.330269e-11 
iter: 1  mgc: 4.330269e-11 
outer mgc:  0.1362848 
iter: 1  value: 2705.041 mgc: 1.178933 ustep: 1 
iter: 2  value: 2705.041 mgc: 0.000251417 ustep: 1 
iter: 3  mgc: 1.1751e-10 
iter: 1  mgc: 1.1751e-10 
outer mgc:  0.199009 
iter: 1  value: 2705.715 mgc: 0.1026847 ustep: 1 
iter: 2  value: 2705.715 mgc: 7.594796e-06 ustep: 1 
iter: 3  mgc: 1.114664e-13 
iter: 1  mgc: 1.114664e-13 
outer mgc:  0.04931576 
iter: 1  value: 2706.355 mgc: 0.1034931 ustep: 1 
iter: 2  value: 2706.355 mgc: 1.240724e-07 ustep: 1 
mgc: 2.664535e-15 
iter: 1  mgc: 2.664535e-15 
outer mgc:  0.0269844 
iter: 1  value: 2707.236 mgc: 0.1408489 ustep: 1 
iter: 2  value: 2707.236 mgc: 4.028987e-08 ustep: 1 
mgc: 2.442491e-15 
iter: 1  mgc: 2.442491e-15 
outer mgc:  0.0008265271 
iter: 1  value: 2707.11 mgc: 0.02071543 ustep: 1 
iter: 2  value: 2707.11 mgc: 7.50059e-08 ustep: 1 
mgc: 3.441691e-15 
iter: 1  mgc: 3.441691e-15 
outer mgc:  0.0002166087 
iter: 1  mgc: 3.441691e-15 
iter: 1  mgc: 3.441691e-15 
outer mgc:  0.0002166087 
iter: 1  value: 2707.11 mgc: 0.004248218 ustep: 1 
iter: 2  mgc: 1.610905e-09 
outer mgc:  0.02668148 
iter: 1  value: 2707.11 mgc: 0.004245974 ustep: 1 
iter: 2  mgc: 1.609241e-09 
outer mgc:  0.0266107 
iter: 1  value: 2707.11 mgc: 0.002972626 ustep: 1 
iter: 2  mgc: 1.056608e-09 
outer mgc:  0.01817382 
iter: 1  value: 2707.11 mgc: 0.002971414 ustep: 1 
iter: 2  mgc: 1.055477e-09 
outer mgc:  0.01814479 
iter: 1  value: 2707.11 mgc: 0.003056701 ustep: 1 
iter: 2  mgc: 4.802104e-10 
outer mgc:  0.02080574 
iter: 1  value: 2707.11 mgc: 0.003054128 ustep: 1 
iter: 2  mgc: 4.794287e-10 
outer mgc:  0.02073732 
iter: 1  value: 2707.11 mgc: 0.001526348 ustep: 1 
iter: 2  mgc: 1.608139e-10 
outer mgc:  0.009141133 
iter: 1  value: 2707.11 mgc: 0.001525172 ustep: 1 
iter: 2  mgc: 1.605624e-10 
outer mgc:  0.00912808 
iter: 1  value: 2707.111 mgc: 0.005079034 ustep: 1 
iter: 2  mgc: 4.254618e-09 
outer mgc:  0.04597657 
iter: 1  value: 2707.11 mgc: 0.005076522 ustep: 1 
iter: 2  mgc: 4.251373e-09 
outer mgc:  0.04634544 
iter: 1  value: 2707.11 mgc: 0.002726343 ustep: 1 
iter: 2  mgc: 7.784729e-10 
outer mgc:  0.02040091 
iter: 1  value: 2707.11 mgc: 0.002724855 ustep: 1 
iter: 2  mgc: 7.775008e-10 
outer mgc:  0.0205622 
iter: 1  value: 2707.11 mgc: 0.003980115 ustep: 1 
iter: 2  value: 2707.11 mgc: 2.865928e-08 ustep: 1 
mgc: 4.218847e-15 
outer mgc:  0.02529642 
iter: 1  value: 2707.111 mgc: 0.003976948 ustep: 1 
iter: 2  value: 2707.111 mgc: 2.86166e-08 ustep: 1 
mgc: 2.88658e-15 
outer mgc:  0.02532474 
iter: 1  value: 2707.11 mgc: 0.002330792 ustep: 1 
iter: 2  value: 2707.11 mgc: 1.006066e-08 ustep: 1 
mgc: 1.776357e-15 
outer mgc:  0.01320747 
iter: 1  value: 2707.111 mgc: 0.002329226 ustep: 1 
iter: 2  value: 2707.111 mgc: 1.004927e-08 ustep: 1 
mgc: 3.774758e-15 
outer mgc:  0.01327792 
iter: 1  value: 2707.11 mgc: 0.003050491 ustep: 1 
iter: 2  mgc: 7.397882e-10 
outer mgc:  0.02475174 
iter: 1  value: 2707.11 mgc: 0.003047461 ustep: 1 
iter: 2  mgc: 7.385781e-10 
outer mgc:  0.02429239 
iter: 1  value: 2707.11 mgc: 0.00192064 ustep: 1 
iter: 2  mgc: 2.605016e-10 
outer mgc:  0.01214151 
iter: 1  value: 2707.11 mgc: 0.001919405 ustep: 1 
iter: 2  mgc: 2.600686e-10 
outer mgc:  0.01176991 
iter: 1  value: 2707.115 mgc: 0.003062681 ustep: 1 
mgc: 2.664535e-15 
outer mgc:  0.0002166089 
iter: 1  value: 2707.105 mgc: 0.003065745 ustep: 1 
mgc: 3.219647e-15 
outer mgc:  0.0002166086 
iter: 1  value: 2707.115 mgc: 0.002372479 ustep: 1 
mgc: 3.108624e-15 
outer mgc:  0.0002166087 
iter: 1  value: 2707.105 mgc: 0.002374853 ustep: 1 
mgc: 3.330669e-15 
outer mgc:  0.0002166087 
iter: 1  value: 2707.115 mgc: 0.003114399 ustep: 1 
mgc: 2.220446e-15 
outer mgc:  0.0002166087 
iter: 1  value: 2707.105 mgc: 0.003117515 ustep: 1 
mgc: 2.88658e-15 
outer mgc:  0.0002166088 
iter: 1  value: 2707.115 mgc: 0.002631061 ustep: 1 
iter: 2  value: 2707.115 mgc: 1.360864e-08 ustep: 1 
mgc: 3.996803e-15 
outer mgc:  0.0005796569 
iter: 1  value: 2707.106 mgc: 0.002633693 ustep: 1 
iter: 2  value: 2707.106 mgc: 1.358356e-08 ustep: 1 
mgc: 1.998401e-15 
outer mgc:  0.0004517553 
iter: 1  value: 2707.115 mgc: 0.001811318 ustep: 1 
mgc: 1.998401e-15 
outer mgc:  0.0002166091 
iter: 1  value: 2707.105 mgc: 0.00181313 ustep: 1 
mgc: 2.88658e-15 
outer mgc:  0.0002166083 
iter: 1  value: 2707.11 mgc: 0.00377798 ustep: 1 
iter: 2  mgc: 9.004824e-09 
outer mgc:  0.04392393 
iter: 1  value: 2707.111 mgc: 0.00377572 ustep: 1 
iter: 2  mgc: 8.976733e-09 
outer mgc:  0.04403811 
Warning message:
package ‘nnet’ was built under R version 3.6.3 
[Sun Aug 15 15:30:20 2021]
Finished job 0.
1 of 1 steps (100%) done
