Building DAG of jobs...
Using shell: /usr/bin/bash
Provided cores: 80
Rules claiming more threads will be scaled down.
Job counts:
	count	jobs
	1	inference_simulation_TMB_multiple
	1
Select jobs to execute...

[Sun Aug 15 13:43:31 2021]
rule inference_simulation_TMB_multiple:
    input: ../data/assessing_models_simulation/datasets/multiple_GenerationCnorm_50_100_80_6_4_NA_NA_NA_dataset0.RDS
    output: ../data/assessing_models_simulation/inference_results/TMB/nlminb/multiple_GenerationCnorm_50_100_80_6_4_fullREM_NA_NA_NA_dataset0.RDS
    log: logs/inference/nlminb/simulation_GenerationCnorm_50_100_80_6_4_ModelfullREM_NA_NA_NA_dataset0.log
    jobid: 0
    wildcards: optimiser=nlminb, datasetgeneration=GenerationCnorm, n=50, nlambda=100, lmbda=80, d=6, beta_intensity=4, model=fullREM, fixed_beta_intercept=NA, fixed_beta_slope=NA, sdRE_input=NA, itnum=0

Rscript 2_inference_TMB/run_TMB.R --input ../data/assessing_models_simulation/datasets/multiple_GenerationCnorm_50_100_80_6_4_NA_NA_NA_dataset0.RDS --output ../data/assessing_models_simulation/inference_results/TMB/nlminb/multiple_GenerationCnorm_50_100_80_6_4_fullREM_NA_NA_NA_dataset0.RDS --model fullREM --optimiser nlminb
Model: fullREM 
Feature type: signatures 
Using nlminb: TRUE 
Simulation boolean: TRUE 
make: Nothing to be done for 'all'.
../data/assessing_models_simulation/datasets/multiple_GenerationCnorm_50_100_80_6_4_NA_NA_NA_dataset0.RDS[1] "../data/assessing_models_simulation/datasets/multiple_GenerationCnorm_50_100_80_6_4_NA_NA_NA_dataset0.RDS"
Reading file ../data/assessing_models_simulation/datasets/multiple_GenerationCnorm_50_100_80_6_4_NA_NA_NA_dataset0.RDS 
Loading required package: nnet
# weights:  18 (10 variable)
initial  value 17896.093579 
iter  10 value 15429.181247
iter  20 value 14966.913305
final  value 14966.913061 
converged
Order of parameters:
[1] "beta"       "u_large"    "logs_sd_RE" "cov_par_RE"
Not matching template order:
[1] "beta"       "u_large"    "cov_par_RE" "logs_sd_RE"
Your parameter list has been re-ordered.
(Disable this warning with checkParameterOrder=FALSE)
Constructing atomic invpd
Constructing atomic D_lgamma
Constructing atomic invpd
Constructing atomic D_lgamma
Constructing atomic matmul
Constructing atomic invpd
Constructing atomic D_lgamma
Constructing atomic matmul
Optimizing tape... Done
iter: 1  value: 7106.236 mgc: 81.58351 ustep: 1 
iter: 2  value: 6785.807 mgc: 111.0961 ustep: 0.4367355 
iter: 3  value: 6336.911 mgc: 134.2476 ustep: 0.2368445 
iter: 4  value: 4960.808 mgc: 127.1587 ustep: 0.1535419 
iter: 5  value: 4657.157 mgc: 140.537 ustep: 0.1169105 
iter: 6  value: 3862.87 mgc: 124.1705 ustep: 0.09932445 
iter: 7  value: 3746.787 mgc: 96.6498 ustep: 0.09030542 
iter: 8  value: 3722.64 mgc: 119.439 ustep: 0.08548034 
iter: 9  value: 3634.423 mgc: 96.29984 ustep: 0.08283243 
iter: 10  value: 3607.855 mgc: 117.6425 ustep: 0.08135747 
iter: 11  value: 3540.829 mgc: 93.92511 ustep: 0.08052877 
iter: 12  value: 3439.4 mgc: 111.3629 ustep: 0.08006086 
iter: 13  value: 3432.637 mgc: 79.65422 ustep: 0.283022 
iter: 14  value: 3373.585 mgc: 93.20936 ustep: 0.5320449 
iter: 15  value: 3334.21 mgc: 62.48453 ustep: 0.7294411 
iter: 16  value: 3321.873 mgc: 36.14249 ustep: 0.8540879 
iter: 17  value: 3321.836 mgc: 1.307824 ustep: 0.9241763 
iter: 18  value: 3321.835 mgc: 0.01950499 ustep: 0.9613448 
iter: 19  value: 3321.835 mgc: 0.0001970312 ustep: 0.9804839 
iter: 20  value: 3321.835 mgc: 9.469119e-06 ustep: 0.9901948 
iter: 21  value: 3321.835 mgc: 2.305318e-07 ustep: 0.9950858 
iter: 22  mgc: 2.824852e-09 
iter: 1  mgc: 2.824852e-09 
Matching hessian patterns... Done
outer mgc:  333.4448 
iter: 1  value: 2959.127 mgc: 15.67746 ustep: 1 
iter: 2  value: 2956.729 mgc: 2.319832 ustep: 1 
iter: 3  value: 2956.729 mgc: 0.05372049 ustep: 1 
iter: 4  value: 2956.729 mgc: 3.142792e-05 ustep: 1 
iter: 5  mgc: 1.079742e-11 
iter: 1  mgc: 1.079742e-11 
outer mgc:  281.6192 
iter: 1  value: 2692.913 mgc: 8.596229 ustep: 1 
iter: 2  value: 2692.864 mgc: 0.3091348 ustep: 1 
iter: 3  value: 2692.864 mgc: 0.001637464 ustep: 1 
iter: 4  value: 2692.864 mgc: 5.755277e-08 ustep: 1 
iter: 5  mgc: 3.247402e-14 
iter: 1  value: 2525.706 mgc: 10.91735 ustep: 1 
iter: 2  value: 2525.397 mgc: 0.6174386 ustep: 1 
iter: 3  value: 2525.397 mgc: 0.006595349 ustep: 1 
iter: 4  value: 2525.397 mgc: 3.501496e-06 ustep: 1 
iter: 5  mgc: 5.30509e-12 
iter: 1  mgc: 5.30509e-12 
outer mgc:  331.7444 
iter: 1  value: 2116.227 mgc: 33.45276 ustep: 1 
iter: 2  value: 2111.13 mgc: 3.860583 ustep: 1 
iter: 3  value: 2111.129 mgc: 0.103424 ustep: 1 
iter: 4  value: 2111.129 mgc: 0.0001572974 ustep: 1 
iter: 5  mgc: 3.667787e-10 
iter: 1  mgc: 3.667787e-10 
outer mgc:  328.168 
iter: 1  value: 2350.673 mgc: 47.9075 ustep: 1 
iter: 2  value: 2291.514 mgc: 15.53755 ustep: 1 
iter: 3  value: 2291.381 mgc: 1.007684 ustep: 1 
iter: 4  value: 2291.381 mgc: 0.01072728 ustep: 1 
iter: 5  value: 2291.381 mgc: 1.726619e-06 ustep: 1 
iter: 6  mgc: 4.746203e-14 
iter: 1  value: 1971.884 mgc: 27.35363 ustep: 1 
iter: 2  value: 1968.085 mgc: 3.11328 ustep: 1 
iter: 3  value: 1968.084 mgc: 0.09226891 ustep: 1 
iter: 4  value: 1968.084 mgc: 0.0001286971 ustep: 1 
iter: 5  mgc: 2.514846e-10 
iter: 1  mgc: 2.514846e-10 
outer mgc:  175.5895 
iter: 1  value: 1837.845 mgc: 17.52937 ustep: 1 
iter: 2  value: 1837.04 mgc: 1.842299 ustep: 1 
iter: 3  value: 1837.04 mgc: 0.01626 ustep: 1 
iter: 4  value: 1837.04 mgc: 1.856555e-06 ustep: 1 
iter: 5  mgc: 3.380629e-14 
iter: 1  mgc: 3.380629e-14 
outer mgc:  188.9877 
iter: 1  value: 1675.361 mgc: 22.91967 ustep: 1 
iter: 2  value: 1674.879 mgc: 1.257886 ustep: 1 
iter: 3  value: 1674.879 mgc: 0.008895666 ustep: 1 
iter: 4  value: 1674.879 mgc: 5.102499e-07 ustep: 1 
iter: 5  mgc: 3.658185e-14 
iter: 1  mgc: 3.658185e-14 
outer mgc:  213.1277 
iter: 1  value: 1688.375 mgc: 37.40024 ustep: 1 
iter: 2  value: 1683.21 mgc: 3.15554 ustep: 1 
iter: 3  value: 1683.206 mgc: 0.1219166 ustep: 1 
iter: 4  value: 1683.206 mgc: 0.0002806052 ustep: 1 
iter: 5  mgc: 9.317128e-09 
iter: 1  value: 1600.649 mgc: 26.64932 ustep: 1 
iter: 2  value: 1599.285 mgc: 1.787622 ustep: 1 
iter: 3  value: 1599.285 mgc: 0.04255595 ustep: 1 
iter: 4  value: 1599.285 mgc: 2.617958e-05 ustep: 1 
iter: 5  mgc: 9.936385e-12 
iter: 1  mgc: 9.936385e-12 
outer mgc:  151.8318 
iter: 1  value: 1653.717 mgc: 21.04628 ustep: 1 
iter: 2  value: 1650.688 mgc: 2.420544 ustep: 1 
iter: 3  value: 1650.686 mgc: 0.08250022 ustep: 1 
iter: 4  value: 1650.686 mgc: 0.000224053 ustep: 1 
iter: 5  mgc: 3.409877e-09 
iter: 1  value: 1553.053 mgc: 10.89618 ustep: 1 
iter: 2  value: 1553.013 mgc: 0.3239867 ustep: 1 
iter: 3  value: 1553.013 mgc: 0.0006254983 ustep: 1 
iter: 4  mgc: 5.975397e-09 
iter: 1  mgc: 5.975397e-09 
outer mgc:  67.89281 
iter: 1  value: 1540.522 mgc: 5.4865 ustep: 1 
iter: 2  value: 1540.52 mgc: 0.1257701 ustep: 1 
iter: 3  value: 1540.52 mgc: 8.652503e-05 ustep: 1 
iter: 4  mgc: 1.682891e-10 
iter: 1  mgc: 1.682891e-10 
outer mgc:  88.04779 
iter: 1  value: 1506.854 mgc: 7.444451 ustep: 1 
iter: 2  value: 1506.805 mgc: 0.346421 ustep: 1 
iter: 3  value: 1506.805 mgc: 0.0008256047 ustep: 1 
iter: 4  value: 1506.805 mgc: 1.153084e-08 ustep: 1 
mgc: 3.064216e-14 
iter: 1  mgc: 3.064216e-14 
outer mgc:  37.53861 
iter: 1  value: 1470.687 mgc: 8.969765 ustep: 1 
iter: 2  value: 1470.591 mgc: 0.435248 ustep: 1 
iter: 3  value: 1470.591 mgc: 0.001314919 ustep: 1 
iter: 4  value: 1470.591 mgc: 1.533352e-08 ustep: 1 
mgc: 2.985112e-14 
iter: 1  mgc: 2.985112e-14 
outer mgc:  94.59713 
iter: 1  value: 1476.829 mgc: 38.1942 ustep: 1 
iter: 2  value: 1461.118 mgc: 4.53572 ustep: 1 
iter: 3  value: 1461.09 mgc: 0.261357 ustep: 1 
iter: 4  value: 1461.09 mgc: 0.001354738 ustep: 1 
iter: 5  value: 1461.09 mgc: 3.694347e-08 ustep: 1 
mgc: 4.107825e-14 
iter: 1  mgc: 4.107825e-14 
outer mgc:  277.3832 
iter: 1  value: 1374.073 mgc: 26.94477 ustep: 1 
iter: 2  value: 1373.399 mgc: 1.509752 ustep: 1 
iter: 3  value: 1373.399 mgc: 0.01815603 ustep: 1 
iter: 4  value: 1373.399 mgc: 2.987615e-06 ustep: 1 
iter: 5  mgc: 8.348877e-14 
iter: 1  mgc: 8.348877e-14 
outer mgc:  113.5432 
iter: 1  value: 1377.685 mgc: 24.75588 ustep: 1 
iter: 2  value: 1377.374 mgc: 0.9633582 ustep: 1 
iter: 3  value: 1377.374 mgc: 0.004745758 ustep: 1 
iter: 4  value: 1377.374 mgc: 1.474168e-07 ustep: 1 
iter: 5  mgc: 2.997602e-14 
iter: 1  value: 1359.913 mgc: 13.37528 ustep: 1 
iter: 2  value: 1359.843 mgc: 0.4772396 ustep: 1 
iter: 3  value: 1359.843 mgc: 0.001849603 ustep: 1 
iter: 4  value: 1359.843 mgc: 2.782955e-08 ustep: 1 
mgc: 3.508305e-14 
iter: 1  mgc: 3.508305e-14 
outer mgc:  89.63063 
iter: 1  value: 1341.485 mgc: 5.750211 ustep: 1 
iter: 2  value: 1341.482 mgc: 0.09609867 ustep: 1 
iter: 3  value: 1341.482 mgc: 8.540665e-05 ustep: 1 
iter: 4  mgc: 6.435412e-10 
iter: 1  mgc: 6.435412e-10 
outer mgc:  68.28845 
iter: 1  value: 1320.249 mgc: 8.608935 ustep: 1 
iter: 2  value: 1320.239 mgc: 0.1290173 ustep: 1 
iter: 3  value: 1320.239 mgc: 0.0003104212 ustep: 1 
iter: 4  mgc: 6.275929e-09 
iter: 1  mgc: 6.275929e-09 
outer mgc:  61.87406 
iter: 1  value: 1308.121 mgc: 6.299801 ustep: 1 
iter: 2  value: 1308.119 mgc: 0.1048466 ustep: 1 
iter: 3  value: 1308.119 mgc: 1.933966e-05 ustep: 1 
iter: 4  mgc: 8.36442e-12 
iter: 1  mgc: 8.36442e-12 
outer mgc:  61.72059 
iter: 1  value: 1289.418 mgc: 8.968082 ustep: 1 
iter: 2  value: 1289.41 mgc: 0.1622838 ustep: 1 
iter: 3  value: 1289.41 mgc: 8.316785e-05 ustep: 1 
iter: 4  mgc: 1.83405e-10 
iter: 1  mgc: 1.83405e-10 
outer mgc:  49.89848 
iter: 1  value: 1275.424 mgc: 5.479736 ustep: 1 
iter: 2  value: 1275.421 mgc: 0.08095459 ustep: 1 
iter: 3  value: 1275.421 mgc: 0.0001022029 ustep: 1 
iter: 4  mgc: 1.696991e-10 
iter: 1  mgc: 1.696991e-10 
outer mgc:  37.36415 
iter: 1  value: 1261.811 mgc: 8.359398 ustep: 1 
iter: 2  value: 1261.806 mgc: 0.1104733 ustep: 1 
iter: 3  value: 1261.806 mgc: 7.058052e-05 ustep: 1 
iter: 4  mgc: 1.894565e-10 
iter: 1  mgc: 1.894565e-10 
outer mgc:  59.08077 
iter: 1  value: 1254.04 mgc: 7.491176 ustep: 1 
iter: 2  value: 1254.036 mgc: 0.110797 ustep: 1 
iter: 3  value: 1254.036 mgc: 4.363498e-05 ustep: 1 
iter: 4  mgc: 2.429945e-11 
iter: 1  mgc: 2.429945e-11 
outer mgc:  55.32167 
iter: 1  value: 1242.041 mgc: 7.808357 ustep: 1 
iter: 2  value: 1242.034 mgc: 0.1451516 ustep: 1 
iter: 3  value: 1242.034 mgc: 0.0002286781 ustep: 1 
iter: 4  mgc: 6.231522e-10 
iter: 1  mgc: 6.231522e-10 
outer mgc:  34.84676 
iter: 1  value: 1235.745 mgc: 9.32063 ustep: 1 
iter: 2  value: 1235.74 mgc: 0.1263624 ustep: 1 
iter: 3  value: 1235.74 mgc: 4.201105e-05 ustep: 1 
iter: 4  mgc: 2.689982e-11 
iter: 1  mgc: 2.689982e-11 
outer mgc:  64.37822 
iter: 1  value: 1229.66 mgc: 11.90215 ustep: 1 
iter: 2  value: 1229.653 mgc: 0.1388536 ustep: 1 
iter: 3  value: 1229.653 mgc: 5.835643e-05 ustep: 1 
iter: 4  mgc: 1.449185e-10 
iter: 1  mgc: 1.449185e-10 
outer mgc:  50.41931 
iter: 1  value: 1225.794 mgc: 10.13373 ustep: 1 
iter: 2  value: 1225.791 mgc: 0.1119134 ustep: 1 
iter: 3  value: 1225.791 mgc: 6.109757e-05 ustep: 1 
iter: 4  mgc: 5.837003e-11 
iter: 1  mgc: 5.837003e-11 
outer mgc:  86.40354 
iter: 1  value: 1225.438 mgc: 9.637296 ustep: 1 
iter: 2  value: 1225.431 mgc: 0.1639679 ustep: 1 
iter: 3  value: 1225.431 mgc: 0.0002656861 ustep: 1 
iter: 4  mgc: 8.269074e-10 
iter: 1  mgc: 8.269074e-10 
outer mgc:  88.71359 
iter: 1  value: 1215.962 mgc: 6.74104 ustep: 1 
iter: 2  value: 1215.959 mgc: 0.06855953 ustep: 1 
iter: 3  value: 1215.959 mgc: 3.604859e-05 ustep: 1 
iter: 4  mgc: 2.18896e-11 
iter: 1  mgc: 2.18896e-11 
outer mgc:  32.80467 
iter: 1  value: 1212.059 mgc: 5.288783 ustep: 1 
iter: 2  value: 1212.059 mgc: 0.02850145 ustep: 1 
iter: 3  value: 1212.059 mgc: 1.65172e-06 ustep: 1 
iter: 4  mgc: 7.727152e-14 
iter: 1  mgc: 7.727152e-14 
outer mgc:  30.59529 
iter: 1  value: 1208.106 mgc: 3.153271 ustep: 1 
iter: 2  value: 1208.106 mgc: 0.01419333 ustep: 1 
iter: 3  value: 1208.106 mgc: 1.308801e-06 ustep: 1 
iter: 4  mgc: 3.819167e-14 
iter: 1  mgc: 3.819167e-14 
outer mgc:  22.1304 
iter: 1  value: 1204.805 mgc: 2.742897 ustep: 1 
iter: 2  value: 1204.805 mgc: 0.02182497 ustep: 1 
iter: 3  value: 1204.805 mgc: 5.190125e-06 ustep: 1 
iter: 4  mgc: 2.966516e-13 
iter: 1  mgc: 2.966516e-13 
outer mgc:  17.20769 
iter: 1  value: 1202.383 mgc: 3.879346 ustep: 1 
iter: 2  value: 1202.383 mgc: 0.02256389 ustep: 1 
iter: 3  value: 1202.383 mgc: 1.289045e-06 ustep: 1 
iter: 4  mgc: 3.996803e-14 
iter: 1  mgc: 3.996803e-14 
outer mgc:  25.42408 
iter: 1  value: 1199.216 mgc: 4.150494 ustep: 1 
iter: 2  value: 1199.216 mgc: 0.03392358 ustep: 1 
iter: 3  value: 1199.216 mgc: 6.852702e-06 ustep: 1 
iter: 4  mgc: 6.012968e-13 
iter: 1  mgc: 6.012968e-13 
outer mgc:  24.02559 
iter: 1  value: 1198.914 mgc: 3.187873 ustep: 1 
iter: 2  value: 1198.913 mgc: 0.04324241 ustep: 1 
iter: 3  value: 1198.913 mgc: 7.795957e-06 ustep: 1 
iter: 4  mgc: 2.504663e-13 
iter: 1  mgc: 2.504663e-13 
outer mgc:  30.56412 
iter: 1  value: 1198.578 mgc: 3.934269 ustep: 1 
iter: 2  value: 1198.578 mgc: 0.02394775 ustep: 1 
iter: 3  value: 1198.578 mgc: 1.193622e-06 ustep: 1 
iter: 4  mgc: 3.197442e-14 
iter: 1  mgc: 3.197442e-14 
outer mgc:  42.06794 
iter: 1  value: 1194.011 mgc: 6.008212 ustep: 1 
iter: 2  value: 1194.01 mgc: 0.0593604 ustep: 1 
iter: 3  value: 1194.01 mgc: 6.502725e-06 ustep: 1 
iter: 4  mgc: 9.241496e-13 
iter: 1  mgc: 9.241496e-13 
outer mgc:  19.59525 
iter: 1  value: 1193.043 mgc: 3.720329 ustep: 1 
iter: 2  value: 1193.043 mgc: 0.02337988 ustep: 1 
iter: 3  value: 1193.043 mgc: 4.994653e-06 ustep: 1 
iter: 4  mgc: 3.606004e-13 
iter: 1  mgc: 3.606004e-13 
outer mgc:  32.07447 
iter: 1  value: 1191.632 mgc: 3.745459 ustep: 1 
iter: 2  value: 1191.632 mgc: 0.02906363 ustep: 1 
iter: 3  value: 1191.632 mgc: 7.159852e-06 ustep: 1 
iter: 4  mgc: 5.480061e-13 
iter: 1  mgc: 5.480061e-13 
outer mgc:  23.4262 
iter: 1  value: 1189.227 mgc: 2.308021 ustep: 1 
iter: 2  value: 1189.227 mgc: 0.01093607 ustep: 1 
iter: 3  value: 1189.227 mgc: 1.477433e-06 ustep: 1 
iter: 4  mgc: 3.974598e-14 
iter: 1  mgc: 3.974598e-14 
outer mgc:  13.0364 
iter: 1  value: 1186.621 mgc: 3.101523 ustep: 1 
iter: 2  value: 1186.62 mgc: 0.04779589 ustep: 1 
iter: 3  value: 1186.62 mgc: 2.352434e-05 ustep: 1 
iter: 4  mgc: 5.70477e-12 
iter: 1  mgc: 5.70477e-12 
outer mgc:  29.6088 
iter: 1  value: 1185.571 mgc: 2.858673 ustep: 1 
iter: 2  value: 1185.571 mgc: 0.01316448 ustep: 1 
iter: 3  value: 1185.571 mgc: 1.021071e-06 ustep: 1 
iter: 4  mgc: 3.466671e-14 
iter: 1  mgc: 3.466671e-14 
outer mgc:  24.4546 
iter: 1  value: 1185.62 mgc: 1.973707 ustep: 1 
iter: 2  value: 1185.62 mgc: 0.03062692 ustep: 1 
iter: 3  value: 1185.62 mgc: 9.64972e-06 ustep: 1 
iter: 4  mgc: 9.627854e-13 
iter: 1  mgc: 9.627854e-13 
outer mgc:  25.52718 
iter: 1  value: 1184.601 mgc: 5.454489 ustep: 1 
iter: 2  value: 1184.6 mgc: 0.0445627 ustep: 1 
iter: 3  value: 1184.6 mgc: 2.735506e-06 ustep: 1 
iter: 4  mgc: 3.730349e-14 
iter: 1  value: 1184.633 mgc: 3.507913 ustep: 1 
iter: 2  value: 1184.633 mgc: 0.01665546 ustep: 1 
iter: 3  value: 1184.633 mgc: 4.206085e-07 ustep: 1 
iter: 4  mgc: 3.108624e-14 
iter: 1  mgc: 3.108624e-14 
outer mgc:  29.91506 
iter: 1  value: 1182.37 mgc: 2.067932 ustep: 1 
iter: 2  value: 1182.37 mgc: 0.004409236 ustep: 1 
iter: 3  value: 1182.37 mgc: 1.068602e-07 ustep: 1 
iter: 4  mgc: 4.174439e-14 
iter: 1  mgc: 4.174439e-14 
outer mgc:  10.50611 
iter: 1  value: 1181.058 mgc: 1.316555 ustep: 1 
iter: 2  value: 1181.058 mgc: 0.001702768 ustep: 1 
iter: 3  value: 1181.058 mgc: 1.694149e-08 ustep: 1 
mgc: 3.819167e-14 
iter: 1  mgc: 3.819167e-14 
outer mgc:  10.48378 
iter: 1  value: 1180.15 mgc: 1.142617 ustep: 1 
iter: 2  value: 1180.15 mgc: 0.001959963 ustep: 1 
iter: 3  mgc: 7.202431e-09 
iter: 1  mgc: 7.202431e-09 
outer mgc:  10.03319 
iter: 1  value: 1178.819 mgc: 1.770241 ustep: 1 
iter: 2  value: 1178.819 mgc: 0.004835731 ustep: 1 
iter: 3  value: 1178.819 mgc: 3.234495e-07 ustep: 1 
iter: 4  mgc: 3.753942e-14 
iter: 1  mgc: 3.753942e-14 
outer mgc:  14.57039 
iter: 1  value: 1178.835 mgc: 1.327505 ustep: 1 
iter: 2  value: 1178.835 mgc: 0.004830237 ustep: 1 
iter: 3  value: 1178.835 mgc: 3.627047e-07 ustep: 1 
iter: 4  mgc: 4.085621e-14 
iter: 1  mgc: 4.085621e-14 
outer mgc:  8.389367 
iter: 1  value: 1178.312 mgc: 3.345858 ustep: 1 
iter: 2  value: 1178.312 mgc: 0.02514961 ustep: 1 
iter: 3  value: 1178.312 mgc: 2.17469e-06 ustep: 1 
iter: 4  mgc: 3.441691e-14 
iter: 1  value: 1178.232 mgc: 1.192707 ustep: 1 
iter: 2  value: 1178.232 mgc: 0.002905896 ustep: 1 
iter: 3  value: 1178.232 mgc: 2.345235e-08 ustep: 1 
mgc: 3.130829e-14 
iter: 1  mgc: 3.130829e-14 
outer mgc:  13.71878 
iter: 1  value: 1176.896 mgc: 1.42634 ustep: 1 
iter: 2  value: 1176.896 mgc: 0.00304688 ustep: 1 
iter: 3  value: 1176.896 mgc: 2.768881e-08 ustep: 1 
mgc: 4.152234e-14 
iter: 1  mgc: 4.152234e-14 
outer mgc:  8.106105 
iter: 1  value: 1175.805 mgc: 0.9317933 ustep: 1 
iter: 2  value: 1175.805 mgc: 0.002886549 ustep: 1 
iter: 3  value: 1175.805 mgc: 3.531472e-08 ustep: 1 
mgc: 3.372302e-14 
iter: 1  mgc: 3.372302e-14 
outer mgc:  7.096278 
iter: 1  value: 1173.973 mgc: 0.7954172 ustep: 1 
iter: 2  value: 1173.973 mgc: 0.0008972191 ustep: 1 
iter: 3  mgc: 2.270184e-09 
iter: 1  value: 1172.109 mgc: 0.8674906 ustep: 1 
iter: 2  value: 1172.109 mgc: 0.0007939951 ustep: 1 
iter: 3  mgc: 8.070923e-09 
iter: 1  mgc: 8.070923e-09 
outer mgc:  9.186531 
iter: 1  value: 1170.037 mgc: 2.488448 ustep: 1 
iter: 2  value: 1170.037 mgc: 0.009062535 ustep: 1 
iter: 3  value: 1170.037 mgc: 8.570818e-07 ustep: 1 
iter: 4  mgc: 3.375078e-14 
iter: 1  mgc: 3.375078e-14 
outer mgc:  17.88546 
iter: 1  value: 1170.256 mgc: 1.918493 ustep: 1 
iter: 2  value: 1170.256 mgc: 0.004415642 ustep: 1 
iter: 3  value: 1170.256 mgc: 5.281694e-08 ustep: 1 
iter: 4  mgc: 2.864375e-14 
iter: 1  mgc: 2.864375e-14 
outer mgc:  24.02082 
iter: 1  value: 1170.959 mgc: 2.32482 ustep: 1 
iter: 2  value: 1170.958 mgc: 0.01837214 ustep: 1 
iter: 3  value: 1170.958 mgc: 1.397611e-06 ustep: 1 
iter: 4  mgc: 4.468648e-14 
iter: 1  mgc: 4.468648e-14 
outer mgc:  7.617474 
iter: 1  value: 1168.927 mgc: 1.303461 ustep: 1 
iter: 2  value: 1168.927 mgc: 0.006747595 ustep: 1 
iter: 3  value: 1168.927 mgc: 1.895827e-07 ustep: 1 
iter: 4  mgc: 3.641532e-14 
iter: 1  mgc: 3.641532e-14 
outer mgc:  12.514 
iter: 1  value: 1162.95 mgc: 1.951274 ustep: 1 
iter: 2  value: 1162.95 mgc: 0.01255936 ustep: 1 
iter: 3  value: 1162.95 mgc: 1.723695e-06 ustep: 1 
iter: 4  mgc: 4.884981e-14 
iter: 1  mgc: 4.884981e-14 
outer mgc:  10.6334 
iter: 1  value: 1161.498 mgc: 1.62297 ustep: 1 
iter: 2  value: 1161.498 mgc: 0.005552375 ustep: 1 
iter: 3  value: 1161.498 mgc: 3.640334e-07 ustep: 1 
iter: 4  mgc: 4.551914e-14 
iter: 1  mgc: 4.551914e-14 
outer mgc:  16.87603 
iter: 1  value: 1162.887 mgc: 2.177288 ustep: 1 
iter: 2  value: 1162.887 mgc: 0.003645405 ustep: 1 
iter: 3  value: 1162.887 mgc: 6.89022e-08 ustep: 1 
iter: 4  mgc: 4.263256e-14 
iter: 1  mgc: 4.263256e-14 
outer mgc:  19.59033 
iter: 1  value: 1164.073 mgc: 1.808473 ustep: 1 
iter: 2  value: 1164.073 mgc: 0.006413715 ustep: 1 
iter: 3  value: 1164.073 mgc: 4.403512e-07 ustep: 1 
iter: 4  mgc: 3.508305e-14 
iter: 1  mgc: 3.508305e-14 
outer mgc:  6.189508 
iter: 1  value: 1160.425 mgc: 1.719842 ustep: 1 
iter: 2  value: 1160.425 mgc: 0.008815866 ustep: 1 
iter: 3  value: 1160.425 mgc: 7.37368e-07 ustep: 1 
iter: 4  mgc: 3.641532e-14 
iter: 1  mgc: 3.641532e-14 
outer mgc:  9.123027 
iter: 1  value: 1157.653 mgc: 3.951222 ustep: 1 
iter: 2  value: 1157.653 mgc: 0.01059397 ustep: 1 
iter: 3  value: 1157.653 mgc: 1.097828e-06 ustep: 1 
iter: 4  mgc: 4.618528e-14 
iter: 1  mgc: 4.618528e-14 
outer mgc:  14.2591 
iter: 1  value: 1156.484 mgc: 2.385229 ustep: 1 
iter: 2  value: 1156.484 mgc: 0.0135794 ustep: 1 
iter: 3  value: 1156.484 mgc: 2.517206e-06 ustep: 1 
iter: 4  mgc: 8.371082e-14 
iter: 1  mgc: 8.371082e-14 
outer mgc:  7.202208 
iter: 1  value: 1157.487 mgc: 3.054501 ustep: 1 
iter: 2  value: 1157.487 mgc: 0.008801155 ustep: 1 
iter: 3  value: 1157.487 mgc: 9.659827e-07 ustep: 1 
iter: 4  mgc: 1.127987e-13 
iter: 1  mgc: 1.127987e-13 
outer mgc:  10.31622 
iter: 1  value: 1155.888 mgc: 3.320603 ustep: 1 
iter: 2  value: 1155.888 mgc: 0.008032284 ustep: 1 
iter: 3  value: 1155.888 mgc: 1.92313e-07 ustep: 1 
iter: 4  mgc: 4.352074e-14 
iter: 1  mgc: 4.352074e-14 
outer mgc:  7.406221 
iter: 1  value: 1154.907 mgc: 1.793406 ustep: 1 
iter: 2  value: 1154.907 mgc: 0.0335206 ustep: 1 
iter: 3  value: 1154.907 mgc: 1.018668e-05 ustep: 1 
iter: 4  mgc: 9.4591e-13 
iter: 1  mgc: 9.4591e-13 
outer mgc:  9.88737 
iter: 1  value: 1153.46 mgc: 1.705464 ustep: 1 
iter: 2  value: 1153.46 mgc: 0.003166736 ustep: 1 
iter: 3  value: 1153.46 mgc: 1.338489e-07 ustep: 1 
iter: 4  mgc: 4.396483e-14 
iter: 1  mgc: 4.396483e-14 
outer mgc:  5.432654 
iter: 1  value: 1152.072 mgc: 1.701989 ustep: 1 
iter: 2  value: 1152.072 mgc: 0.009831896 ustep: 1 
iter: 3  value: 1152.072 mgc: 1.088865e-06 ustep: 1 
iter: 4  mgc: 3.597123e-14 
iter: 1  value: 1152.707 mgc: 1.235046 ustep: 1 
iter: 2  value: 1152.707 mgc: 0.002709091 ustep: 1 
iter: 3  value: 1152.707 mgc: 8.506143e-08 ustep: 1 
iter: 4  mgc: 3.907985e-14 
iter: 1  mgc: 3.907985e-14 
outer mgc:  8.540135 
iter: 1  value: 1152.362 mgc: 0.7288089 ustep: 1 
iter: 2  value: 1152.362 mgc: 0.001445208 ustep: 1 
iter: 3  value: 1152.362 mgc: 2.013583e-08 ustep: 1 
mgc: 3.375078e-14 
iter: 1  mgc: 3.375078e-14 
outer mgc:  5.338789 
iter: 1  value: 1152.371 mgc: 1.322106 ustep: 1 
iter: 2  value: 1152.371 mgc: 0.001037866 ustep: 1 
iter: 3  value: 1152.371 mgc: 1.697099e-08 ustep: 1 
mgc: 3.863576e-14 
iter: 1  mgc: 3.863576e-14 
outer mgc:  4.283766 
iter: 1  value: 1151.918 mgc: 0.9787259 ustep: 1 
iter: 2  value: 1151.918 mgc: 0.0007509981 ustep: 1 
iter: 3  mgc: 6.421801e-09 
iter: 1  mgc: 6.421801e-09 
outer mgc:  5.167431 
iter: 1  value: 1151.26 mgc: 0.7881172 ustep: 1 
iter: 2  value: 1151.26 mgc: 0.0004796657 ustep: 1 
iter: 3  mgc: 5.274368e-10 
iter: 1  mgc: 5.274368e-10 
outer mgc:  6.019955 
iter: 1  value: 1150.141 mgc: 0.4989176 ustep: 1 
iter: 2  value: 1150.141 mgc: 0.0003810832 ustep: 1 
iter: 3  mgc: 1.30897e-09 
iter: 1  mgc: 1.30897e-09 
outer mgc:  2.095692 
iter: 1  value: 1149.653 mgc: 0.5009018 ustep: 1 
iter: 2  value: 1149.653 mgc: 0.0003464921 ustep: 1 
iter: 3  mgc: 1.747834e-09 
iter: 1  mgc: 1.747834e-09 
outer mgc:  1.212628 
iter: 1  value: 1149.234 mgc: 0.6968137 ustep: 1 
iter: 2  value: 1149.234 mgc: 0.0001891758 ustep: 1 
iter: 3  mgc: 1.235385e-09 
iter: 1  mgc: 1.235385e-09 
outer mgc:  1.817093 
iter: 1  value: 1148.772 mgc: 0.3519178 ustep: 1 
iter: 2  value: 1148.772 mgc: 0.0001529295 ustep: 1 
iter: 3  mgc: 3.719315e-10 
iter: 1  mgc: 3.719315e-10 
outer mgc:  0.9753665 
iter: 1  value: 1147.819 mgc: 0.4248622 ustep: 1 
iter: 2  value: 1147.819 mgc: 0.000163599 ustep: 1 
iter: 3  mgc: 4.137512e-10 
iter: 1  mgc: 4.137512e-10 
outer mgc:  0.8576657 
iter: 1  value: 1147.226 mgc: 0.5694407 ustep: 1 
iter: 2  value: 1147.226 mgc: 0.0001580309 ustep: 1 
iter: 3  mgc: 1.477656e-10 
iter: 1  mgc: 1.477656e-10 
outer mgc:  0.9192202 
iter: 1  value: 1146.602 mgc: 0.3333426 ustep: 1 
iter: 2  value: 1146.602 mgc: 7.573384e-05 ustep: 1 
iter: 3  mgc: 1.935518e-11 
iter: 1  mgc: 1.935518e-11 
outer mgc:  0.8248494 
iter: 1  value: 1146.005 mgc: 0.3610807 ustep: 1 
iter: 2  value: 1146.005 mgc: 5.48273e-05 ustep: 1 
iter: 3  mgc: 2.595635e-11 
iter: 1  mgc: 2.595635e-11 
outer mgc:  0.7064706 
iter: 1  value: 1145.449 mgc: 0.387829 ustep: 1 
iter: 2  value: 1145.449 mgc: 8.472469e-05 ustep: 1 
iter: 3  mgc: 1.636491e-10 
iter: 1  mgc: 1.636491e-10 
outer mgc:  0.7463756 
iter: 1  value: 1144.679 mgc: 0.4193418 ustep: 1 
iter: 2  value: 1144.679 mgc: 9.772656e-05 ustep: 1 
iter: 3  mgc: 7.241852e-11 
iter: 1  mgc: 7.241852e-11 
outer mgc:  0.6527956 
iter: 1  value: 1144.139 mgc: 0.5729507 ustep: 1 
iter: 2  value: 1144.139 mgc: 7.540355e-05 ustep: 1 
iter: 3  mgc: 2.460254e-11 
iter: 1  mgc: 2.460254e-11 
outer mgc:  0.5434899 
iter: 1  value: 1143.678 mgc: 0.3682515 ustep: 1 
iter: 2  value: 1143.678 mgc: 0.0002908801 ustep: 1 
iter: 3  mgc: 2.760832e-10 
iter: 1  value: 1143.992 mgc: 0.1162637 ustep: 1 
iter: 2  value: 1143.992 mgc: 2.931341e-05 ustep: 1 
iter: 3  mgc: 2.762235e-12 
iter: 1  mgc: 2.762235e-12 
outer mgc:  0.3192178 
iter: 1  value: 1144.085 mgc: 0.1661211 ustep: 1 
iter: 2  value: 1144.085 mgc: 8.647414e-06 ustep: 1 
iter: 3  mgc: 5.259126e-13 
iter: 1  mgc: 5.259126e-13 
outer mgc:  0.3235667 
iter: 1  value: 1144.323 mgc: 0.1772386 ustep: 1 
iter: 2  value: 1144.323 mgc: 1.423832e-05 ustep: 1 
iter: 3  mgc: 1.152856e-12 
iter: 1  mgc: 1.152856e-12 
outer mgc:  0.194522 
iter: 1  value: 1144.126 mgc: 0.1551498 ustep: 1 
iter: 2  value: 1144.126 mgc: 9.727133e-06 ustep: 1 
iter: 3  mgc: 8.721912e-13 
iter: 1  mgc: 8.721912e-13 
outer mgc:  0.1839868 
iter: 1  value: 1144.138 mgc: 0.04252764 ustep: 1 
iter: 2  value: 1144.138 mgc: 1.525126e-06 ustep: 1 
iter: 3  mgc: 4.973799e-14 
iter: 1  mgc: 4.973799e-14 
outer mgc:  0.08326126 
iter: 1  value: 1144.181 mgc: 0.06705244 ustep: 1 
iter: 2  value: 1144.181 mgc: 2.093369e-06 ustep: 1 
iter: 3  mgc: 5.639933e-14 
iter: 1  mgc: 5.639933e-14 
outer mgc:  0.07834917 
iter: 1  value: 1144.215 mgc: 0.04305491 ustep: 1 
iter: 2  value: 1144.215 mgc: 1.825871e-06 ustep: 1 
iter: 3  mgc: 5.728751e-14 
iter: 1  mgc: 5.728751e-14 
outer mgc:  0.0421662 
iter: 1  value: 1144.163 mgc: 0.02941075 ustep: 1 
iter: 2  value: 1144.163 mgc: 6.836575e-07 ustep: 1 
iter: 3  mgc: 4.263256e-14 
iter: 1  mgc: 4.263256e-14 
outer mgc:  0.0477656 
iter: 1  value: 1144.172 mgc: 0.013169 ustep: 1 
iter: 2  value: 1144.172 mgc: 1.646928e-07 ustep: 1 
iter: 3  mgc: 4.52971e-14 
iter: 1  mgc: 4.52971e-14 
outer mgc:  0.01260432 
iter: 1  value: 1144.194 mgc: 0.01350517 ustep: 1 
iter: 2  value: 1144.194 mgc: 1.085426e-07 ustep: 1 
iter: 3  mgc: 5.062617e-14 
iter: 1  value: 1144.18 mgc: 0.005045711 ustep: 1 
iter: 2  value: 1144.18 mgc: 1.513755e-08 ustep: 1 
mgc: 5.107026e-14 
iter: 1  mgc: 5.107026e-14 
outer mgc:  0.004189018 
iter: 1  value: 1144.182 mgc: 0.002468733 ustep: 1 
iter: 2  mgc: 3.788749e-09 
iter: 1  mgc: 3.788749e-09 
outer mgc:  0.004068805 
iter: 1  value: 1144.182 mgc: 0.001523466 ustep: 1 
iter: 2  mgc: 1.525202e-09 
iter: 1  mgc: 1.525202e-09 
outer mgc:  0.0008797045 
iter: 1  mgc: 1.525202e-09 
iter: 1  mgc: 1.525202e-09 
outer mgc:  0.0008797045 
iter: 1  value: 1144.192 mgc: 0.05044897 ustep: 1 
iter: 2  value: 1144.192 mgc: 1.541167e-06 ustep: 1 
iter: 3  mgc: 7.527312e-14 
outer mgc:  1.241318 
iter: 1  value: 1144.174 mgc: 0.0504331 ustep: 1 
iter: 2  value: 1144.174 mgc: 1.543545e-06 ustep: 1 
iter: 3  mgc: 4.102274e-14 
outer mgc:  1.240509 
iter: 1  value: 1144.187 mgc: 0.02755829 ustep: 1 
iter: 2  value: 1144.187 mgc: 5.282851e-07 ustep: 1 
iter: 3  mgc: 4.085621e-14 
outer mgc:  0.8582212 
iter: 1  value: 1144.178 mgc: 0.02755006 ustep: 1 
iter: 2  value: 1144.178 mgc: 5.276831e-07 ustep: 1 
iter: 3  mgc: 5.417888e-14 
outer mgc:  0.858562 
iter: 1  value: 1144.176 mgc: 0.01775994 ustep: 1 
iter: 2  value: 1144.176 mgc: 3.100036e-06 ustep: 1 
iter: 3  mgc: 8.704149e-14 
outer mgc:  0.2385821 
iter: 1  value: 1144.189 mgc: 0.01774563 ustep: 1 
iter: 2  value: 1144.189 mgc: 3.098756e-06 ustep: 1 
iter: 3  mgc: 9.503509e-14 
outer mgc:  0.238003 
iter: 1  value: 1144.179 mgc: 0.009248783 ustep: 1 
iter: 2  value: 1144.179 mgc: 8.380397e-07 ustep: 1 
iter: 3  mgc: 4.574119e-14 
outer mgc:  0.183572 
iter: 1  value: 1144.185 mgc: 0.00924112 ustep: 1 
iter: 2  value: 1144.185 mgc: 8.371379e-07 ustep: 1 
iter: 3  mgc: 4.352074e-14 
outer mgc:  0.1820248 
iter: 1  value: 1144.189 mgc: 0.03915115 ustep: 1 
iter: 2  value: 1144.189 mgc: 6.66364e-07 ustep: 1 
iter: 3  mgc: 4.352074e-14 
outer mgc:  1.256401 
iter: 1  value: 1144.177 mgc: 0.03912989 ustep: 1 
iter: 2  value: 1144.177 mgc: 6.661656e-07 ustep: 1 
iter: 3  mgc: 4.796163e-14 
outer mgc:  1.256352 
iter: 1  value: 1144.185 mgc: 0.01793212 ustep: 1 
iter: 2  value: 1144.185 mgc: 1.353268e-07 ustep: 1 
iter: 3  mgc: 5.151435e-14 
outer mgc:  0.6832397 
iter: 1  value: 1144.181 mgc: 0.01792089 ustep: 1 
iter: 2  value: 1144.181 mgc: 1.351783e-07 ustep: 1 
iter: 3  mgc: 3.974598e-14 
outer mgc:  0.6829776 
iter: 1  value: 1144.183 mgc: 0.04839457 ustep: 1 
iter: 2  value: 1144.183 mgc: 3.920362e-06 ustep: 1 
iter: 3  mgc: 5.861978e-14 
outer mgc:  0.7699977 
iter: 1  value: 1144.182 mgc: 0.04837757 ustep: 1 
iter: 2  value: 1144.182 mgc: 3.924024e-06 ustep: 1 
iter: 3  mgc: 5.240253e-14 
outer mgc:  0.771353 
iter: 1  value: 1144.183 mgc: 0.02728848 ustep: 1 
iter: 2  value: 1144.183 mgc: 1.248328e-06 ustep: 1 
iter: 3  mgc: 6.039613e-14 
outer mgc:  0.7270183 
iter: 1  value: 1144.182 mgc: 0.027281 ustep: 1 
iter: 2  value: 1144.182 mgc: 1.249297e-06 ustep: 1 
iter: 3  mgc: 4.532485e-14 
outer mgc:  0.7277273 
iter: 1  value: 1144.176 mgc: 0.0155475 ustep: 1 
iter: 2  value: 1144.176 mgc: 2.8607e-06 ustep: 1 
iter: 3  mgc: 9.947598e-14 
outer mgc:  0.2067529 
iter: 1  value: 1144.189 mgc: 0.0155348 ustep: 1 
iter: 2  value: 1144.189 mgc: 2.859557e-06 ustep: 1 
iter: 3  mgc: 9.392487e-14 
outer mgc:  0.2059267 
iter: 1  value: 1144.179 mgc: 0.009478892 ustep: 1 
iter: 2  value: 1144.179 mgc: 1.054284e-06 ustep: 1 
iter: 3  mgc: 3.996803e-14 
outer mgc:  0.1833953 
iter: 1  value: 1144.186 mgc: 0.009471296 ustep: 1 
iter: 2  value: 1144.186 mgc: 1.053415e-06 ustep: 1 
iter: 3  mgc: 4.840572e-14 
outer mgc:  0.1835656 
iter: 1  value: 1144.173 mgc: 0.005209916 ustep: 1 
iter: 2  value: 1144.173 mgc: 2.109452e-07 ustep: 1 
iter: 3  mgc: 5.839773e-14 
outer mgc:  0.00527301 
iter: 1  value: 1144.192 mgc: 0.005207281 ustep: 1 
iter: 2  value: 1144.192 mgc: 2.110121e-07 ustep: 1 
iter: 3  mgc: 4.463097e-14 
outer mgc:  0.005803891 
iter: 1  value: 1144.176 mgc: 0.005012652 ustep: 1 
iter: 2  value: 1144.176 mgc: 1.012164e-08 ustep: 1 
mgc: 4.13003e-14 
outer mgc:  0.0008521951 
iter: 1  value: 1144.189 mgc: 0.005011249 ustep: 1 
iter: 2  value: 1144.189 mgc: 1.012656e-08 ustep: 1 
mgc: 6.039613e-14 
outer mgc:  0.001130695 
iter: 1  value: 1144.183 mgc: 0.03035588 ustep: 1 
iter: 2  value: 1144.183 mgc: 3.417671e-07 ustep: 1 
iter: 3  mgc: 4.485301e-14 
outer mgc:  0.009936202 
iter: 1  value: 1144.181 mgc: 0.03035333 ustep: 1 
iter: 2  value: 1144.181 mgc: 3.415164e-07 ustep: 1 
iter: 3  mgc: 4.307665e-14 
outer mgc:  0.009730312 
iter: 1  value: 1144.178 mgc: 0.005437356 ustep: 1 
iter: 2  value: 1144.178 mgc: 7.040854e-08 ustep: 1 
mgc: 5.062617e-14 
outer mgc:  0.00462836 
iter: 1  value: 1144.186 mgc: 0.005435665 ustep: 1 
iter: 2  value: 1144.186 mgc: 7.04248e-08 ustep: 1 
mgc: 5.151435e-14 
outer mgc:  0.003262754 
iter: 1  value: 1144.181 mgc: 0.01348329 ustep: 1 
iter: 2  value: 1144.181 mgc: 2.842706e-07 ustep: 1 
iter: 3  mgc: 4.818368e-14 
outer mgc:  0.01401351 
iter: 1  value: 1144.183 mgc: 0.01348212 ustep: 1 
iter: 2  value: 1144.183 mgc: 2.844153e-07 ustep: 1 
iter: 3  mgc: 6.528111e-14 
outer mgc:  0.01365716 
iter: 1  value: 1144.173 mgc: 0.01259104 ustep: 1 
iter: 2  value: 1144.173 mgc: 2.787239e-07 ustep: 1 
iter: 3  mgc: 4.618528e-14 
outer mgc:  0.009072553 
iter: 1  value: 1144.192 mgc: 0.01260832 ustep: 1 
iter: 2  value: 1144.192 mgc: 2.785382e-07 ustep: 1 
iter: 3  mgc: 5.363765e-14 
outer mgc:  0.008796691 
iter: 1  value: 1144.174 mgc: 0.004162407 ustep: 1 
iter: 2  value: 1144.174 mgc: 1.923602e-07 ustep: 1 
iter: 3  mgc: 3.863576e-14 
outer mgc:  0.004846401 
iter: 1  value: 1144.191 mgc: 0.004160571 ustep: 1 
iter: 2  value: 1144.191 mgc: 1.924943e-07 ustep: 1 
iter: 3  mgc: 4.085621e-14 
outer mgc:  0.005633451 
iter: 1  value: 1144.189 mgc: 0.005541693 ustep: 1 
iter: 2  value: 1144.189 mgc: 3.580883e-07 ustep: 1 
iter: 3  mgc: 3.907985e-14 
outer mgc:  0.01222594 
iter: 1  value: 1144.175 mgc: 0.005544381 ustep: 1 
iter: 2  value: 1144.175 mgc: 3.577346e-07 ustep: 1 
iter: 3  mgc: 6.927792e-14 
outer mgc:  0.01210885 
iter: 1  value: 1144.179 mgc: 0.01245641 ustep: 1 
iter: 2  value: 1144.179 mgc: 3.218488e-07 ustep: 1 
iter: 3  mgc: 3.463896e-14 
outer mgc:  0.007249376 
iter: 1  value: 1144.185 mgc: 0.01244543 ustep: 1 
iter: 2  value: 1144.185 mgc: 3.222093e-07 ustep: 1 
iter: 3  mgc: 5.684342e-14 
outer mgc:  0.007288597 
iter: 1  value: 1144.185 mgc: 0.01230304 ustep: 1 
iter: 2  value: 1144.185 mgc: 2.90445e-07 ustep: 1 
iter: 3  mgc: 4.707346e-14 
outer mgc:  0.01098381 
iter: 1  value: 1144.18 mgc: 0.0123149 ustep: 1 
iter: 2  value: 1144.18 mgc: 2.905768e-07 ustep: 1 
iter: 3  mgc: 5.417888e-14 
outer mgc:  0.01094188 
iter: 1  value: 1144.213 mgc: 0.1371548 ustep: 1 
iter: 2  value: 1144.213 mgc: 8.250272e-06 ustep: 1 
iter: 3  mgc: 2.2915e-13 
outer mgc:  0.5535051 
iter: 1  value: 1144.152 mgc: 0.1375516 ustep: 1 
iter: 2  value: 1144.152 mgc: 8.260797e-06 ustep: 1 
iter: 3  mgc: 2.371436e-13 
outer mgc:  0.5528673 
iter: 1  value: 1144.203 mgc: 0.02632883 ustep: 1 
iter: 2  value: 1144.203 mgc: 5.653562e-06 ustep: 1 
iter: 3  mgc: 2.762235e-13 
outer mgc:  0.1623308 
iter: 1  value: 1144.161 mgc: 0.02639726 ustep: 1 
iter: 2  value: 1144.161 mgc: 5.658452e-06 ustep: 1 
iter: 3  mgc: 2.851053e-13 
outer mgc:  0.1618777 
iter: 1  value: 1144.215 mgc: 0.1849811 ustep: 1 
iter: 2  value: 1144.215 mgc: 1.227711e-05 ustep: 1 
iter: 3  mgc: 3.361755e-13 
outer mgc:  0.5876732 
iter: 1  value: 1144.15 mgc: 0.1855404 ustep: 1 
iter: 2  value: 1144.15 mgc: 1.229703e-05 ustep: 1 
iter: 3  mgc: 3.113065e-13 
outer mgc:  0.5857129 
iter: 1  value: 1144.195 mgc: 0.06300087 ustep: 1 
iter: 2  value: 1144.195 mgc: 9.072008e-06 ustep: 1 
iter: 3  mgc: 2.700062e-13 
outer mgc:  0.4478589 
iter: 1  value: 1144.169 mgc: 0.06317061 ustep: 1 
iter: 2  value: 1144.169 mgc: 9.088712e-06 ustep: 1 
iter: 3  mgc: 2.504663e-13 
outer mgc:  0.4499664 
iter: 1  value: 1144.203 mgc: 0.01603235 ustep: 1 
iter: 2  value: 1144.203 mgc: 2.806407e-06 ustep: 1 
iter: 3  mgc: 1.150191e-13 
outer mgc:  0.1489392 
iter: 1  value: 1144.162 mgc: 0.01607826 ustep: 1 
iter: 2  value: 1144.162 mgc: 2.808499e-06 ustep: 1 
iter: 3  mgc: 1.123546e-13 
outer mgc:  0.1478219 
Warning message:
package ‘nnet’ was built under R version 3.6.3 
[Sun Aug 15 13:43:35 2021]
Finished job 0.
1 of 1 steps (100%) done
