Building DAG of jobs...
Using shell: /usr/bin/bash
Provided cores: 80
Rules claiming more threads will be scaled down.
Job counts:
	count	jobs
	1	inference_simulation_TMB_multiple
	1
Select jobs to execute...

[Sun Aug 15 15:54:22 2021]
rule inference_simulation_TMB_multiple:
    input: ../data/assessing_models_simulation/datasets/multiple_GenerationCnorm_100_100_10_7_0.005_NA_NA_NA_dataset1.RDS
    output: ../data/assessing_models_simulation/inference_results/TMB/nlminb/multiple_GenerationCnorm_100_100_10_7_0.005_diagREDM_NA_NA_NA_dataset1.RDS
    log: logs/inference/nlminb/simulation_GenerationCnorm_100_100_10_7_0.005_ModeldiagREDM_NA_NA_NA_dataset1.log
    jobid: 0
    wildcards: optimiser=nlminb, datasetgeneration=GenerationCnorm, n=100, nlambda=100, lmbda=10, d=7, beta_intensity=0.005, model=diagREDM, fixed_beta_intercept=NA, fixed_beta_slope=NA, sdRE_input=NA, itnum=1

Rscript 2_inference_TMB/run_TMB.R --input ../data/assessing_models_simulation/datasets/multiple_GenerationCnorm_100_100_10_7_0.005_NA_NA_NA_dataset1.RDS --output ../data/assessing_models_simulation/inference_results/TMB/nlminb/multiple_GenerationCnorm_100_100_10_7_0.005_diagREDM_NA_NA_NA_dataset1.RDS --model diagREDM --optimiser nlminb
Model: diagREDM 
Feature type: signatures 
Using nlminb: TRUE 
Simulation boolean: TRUE 
make: Nothing to be done for 'all'.
../data/assessing_models_simulation/datasets/multiple_GenerationCnorm_100_100_10_7_0.005_NA_NA_NA_dataset1.RDS[1] "../data/assessing_models_simulation/datasets/multiple_GenerationCnorm_100_100_10_7_0.005_NA_NA_NA_dataset1.RDS"
Reading file ../data/assessing_models_simulation/datasets/multiple_GenerationCnorm_100_100_10_7_0.005_NA_NA_NA_dataset1.RDS 
Loading required package: nnet
# weights:  21 (12 variable)
initial  value 38544.588232 
iter  10 value 36317.960781
final  value 35726.870480 
converged
Constructing atomic invpd
Constructing atomic D_lgamma
Constructing atomic invpd
Constructing atomic D_lgamma
Constructing atomic matmul
Constructing atomic invpd
Constructing atomic D_lgamma
Constructing atomic matmul
Optimizing tape... Done
iter: 1  value: 38887.98 mgc: 73.08266 ustep: 0.4367355 
iter: 2  value: 36123.46 mgc: 74.63474 ustep: 0.0926384 
iter: 3  value: 35575.21 mgc: 60.14355 ustep: 0.05894626 
iter: 4  value: 35147.43 mgc: 37.59301 ustep: 0.08274794 
iter: 5  value: 34933.67 mgc: 30.62037 ustep: 0.09244946 
iter: 6  value: 34768.82 mgc: 18.28778 ustep: 0.3041246 
iter: 7  value: 34741.84 mgc: 14.52677 ustep: 0.3302803 
iter: 8  value: 34736.37 mgc: 9.406432 ustep: 0.5747427 
iter: 9  value: 34735.97 mgc: 2.04863 ustep: 0.7581421 
iter: 10  value: 34735.96 mgc: 0.2122728 ustep: 0.8707265 
iter: 11  value: 34735.96 mgc: 0.005623047 ustep: 0.9331339 
iter: 12  value: 34735.96 mgc: 0.0001779006 ustep: 0.965992 
iter: 13  value: 34735.96 mgc: 6.48133e-06 ustep: 0.9828506 
iter: 14  value: 34735.96 mgc: 1.238899e-07 ustep: 7.23986e-05 
mgc: 1.238819e-07 
iter: 1  value: 34735.96 mgc: 1.238819e-07 ustep: 1 
iter: 2  mgc: 5.047185e-12 
Matching hessian patterns... Done
outer mgc:  1072.245 
iter: 1  value: 33738.62 mgc: 28.95987 ustep: 1 
iter: 2  value: 33715.26 mgc: 6.950766 ustep: 1 
iter: 3  value: 33715.17 mgc: 0.5303668 ustep: 1 
iter: 4  value: 33715.17 mgc: 0.004530601 ustep: 1 
iter: 5  value: 33715.17 mgc: 7.82113e-07 ustep: 1 
iter: 6  mgc: 6.085576e-12 
iter: 1  mgc: 6.085576e-12 
outer mgc:  544.004 
iter: 1  value: 33303.58 mgc: 25.83336 ustep: 1 
iter: 2  value: 33277.08 mgc: 6.039702 ustep: 1 
iter: 3  value: 33276.94 mgc: 0.3768962 ustep: 1 
iter: 4  value: 33276.94 mgc: 0.004703186 ustep: 1 
iter: 5  value: 33276.94 mgc: 1.534575e-06 ustep: 1 
iter: 6  mgc: 5.12615e-12 
iter: 1  mgc: 5.12615e-12 
outer mgc:  273.1089 
iter: 1  value: 33128.82 mgc: 17.8676 ustep: 1 
iter: 2  value: 33125.28 mgc: 2.335619 ustep: 1 
iter: 3  value: 33125.28 mgc: 0.09283544 ustep: 1 
iter: 4  value: 33125.28 mgc: 0.0002407234 ustep: 0.9999 
iter: 5  mgc: 3.355298e-09 
iter: 1  mgc: 3.355298e-09 
outer mgc:  108.1216 
iter: 1  value: 33167.28 mgc: 24.40005 ustep: 1 
iter: 2  value: 33164.93 mgc: 1.516996 ustep: 1 
iter: 3  value: 33164.93 mgc: 0.03355877 ustep: 1 
iter: 4  value: 33164.93 mgc: 2.289987e-05 ustep: 0.989901 
iter: 5  value: 33164.93 mgc: 1.350442e-08 ustep: 0.9949382 
mgc: 6.398437e-12 
iter: 1  value: 33088.85 mgc: 10.40797 ustep: 1 
iter: 2  value: 33088.74 mgc: 0.3587154 ustep: 1 
iter: 3  value: 33088.74 mgc: 0.002046819 ustep: 1 
iter: 4  value: 33088.74 mgc: 6.84911e-08 ustep: 1 
mgc: 5.932589e-12 
iter: 1  mgc: 5.932589e-12 
outer mgc:  123.9673 
iter: 1  value: 33062.16 mgc: 10.44129 ustep: 1 
iter: 2  value: 33061.85 mgc: 0.7300065 ustep: 1 
iter: 3  value: 33061.85 mgc: 0.006049241 ustep: 1 
iter: 4  value: 33061.85 mgc: 5.493582e-07 ustep: 1 
iter: 5  mgc: 3.842232e-12 
iter: 1  mgc: 3.842232e-12 
outer mgc:  95.71797 
iter: 1  value: 33021.93 mgc: 14.15142 ustep: 1 
iter: 2  value: 33020.23 mgc: 1.578269 ustep: 1 
iter: 3  value: 33020.23 mgc: 0.03229578 ustep: 1 
iter: 4  value: 33020.23 mgc: 2.258492e-05 ustep: 1 
iter: 5  mgc: 1.185163e-11 
iter: 1  mgc: 1.185163e-11 
outer mgc:  123.1254 
iter: 1  value: 33000.95 mgc: 16.15135 ustep: 1 
iter: 2  value: 33000.46 mgc: 0.9135847 ustep: 1 
iter: 3  value: 33000.46 mgc: 0.007474742 ustep: 1 
iter: 4  value: 33000.46 mgc: 1.204398e-06 ustep: 1 
iter: 5  mgc: 3.009482e-12 
iter: 1  mgc: 3.009482e-12 
outer mgc:  159.9172 
iter: 1  value: 32954.23 mgc: 9.335121 ustep: 1 
iter: 2  value: 32954.05 mgc: 0.3570457 ustep: 1 
iter: 3  value: 32954.05 mgc: 0.00209152 ustep: 1 
iter: 4  value: 32954.05 mgc: 1.090427e-07 ustep: 1 
iter: 5  mgc: 1.956657e-12 
iter: 1  mgc: 1.956657e-12 
outer mgc:  109.8579 
iter: 1  value: 32953.31 mgc: 12.12365 ustep: 1 
iter: 2  value: 32952.13 mgc: 1.20695 ustep: 1 
iter: 3  value: 32952.13 mgc: 0.01961214 ustep: 1 
iter: 4  value: 32952.13 mgc: 1.32147e-05 ustep: 1 
iter: 5  mgc: 8.166134e-12 
iter: 1  mgc: 8.166134e-12 
outer mgc:  143.2254 
iter: 1  value: 32902.35 mgc: 8.158682 ustep: 1 
iter: 2  value: 32902.27 mgc: 0.3589753 ustep: 1 
iter: 3  value: 32902.27 mgc: 0.001475413 ustep: 1 
iter: 4  value: 32902.27 mgc: 5.05908e-08 ustep: 1 
mgc: 1.391331e-12 
iter: 1  mgc: 1.391331e-12 
outer mgc:  56.29717 
iter: 1  value: 32894.34 mgc: 7.674495 ustep: 1 
iter: 2  value: 32894.3 mgc: 0.2330423 ustep: 1 
iter: 3  value: 32894.3 mgc: 0.0008578987 ustep: 1 
iter: 4  value: 32894.3 mgc: 1.202809e-08 ustep: 1 
mgc: 1.119771e-12 
iter: 1  mgc: 1.119771e-12 
outer mgc:  114.1331 
iter: 1  value: 32849 mgc: 6.141667 ustep: 1 
iter: 2  value: 32848.96 mgc: 0.2499466 ustep: 1 
iter: 3  value: 32848.96 mgc: 0.0008409244 ustep: 1 
iter: 4  value: 32848.96 mgc: 1.204557e-08 ustep: 1 
mgc: 9.596768e-13 
iter: 1  value: 32747.33 mgc: 2.91877 ustep: 1 
iter: 2  value: 32747.33 mgc: 0.09497341 ustep: 1 
iter: 3  value: 32747.33 mgc: 0.0003528558 ustep: 1 
iter: 4  value: 32747.33 mgc: 1.691463e-08 ustep: 1 
mgc: 3.885225e-13 
iter: 1  value: 31777.26 mgc: 18.32207 ustep: 1 
iter: 2  value: 31768.75 mgc: 3.034322 ustep: 1 
iter: 3  value: 31768.66 mgc: 0.4099244 ustep: 1 
iter: 4  value: 31768.66 mgc: 0.01596854 ustep: 1 
iter: 5  value: 31768.66 mgc: 2.695462e-05 ustep: 1 
iter: 6  mgc: 7.70719e-11 
iter: 1  mgc: 7.70719e-11 
outer mgc:  197.5677 
iter: 1  value: 35332.68 mgc: 9.41457 ustep: 1 
iter: 2  value: 35325.75 mgc: 1.124403 ustep: 1 
iter: 3  value: 35325.74 mgc: 0.05485921 ustep: 1 
iter: 4  value: 35325.74 mgc: 0.0002074952 ustep: 1 
iter: 5  mgc: 3.024642e-09 
iter: 1  value: 31808.61 mgc: 3.803522 ustep: 1 
iter: 2  value: 31808.46 mgc: 0.4130108 ustep: 1 
iter: 3  value: 31808.46 mgc: 0.008353082 ustep: 1 
iter: 4  value: 31808.46 mgc: 3.683959e-06 ustep: 1 
iter: 5  mgc: 9.456602e-13 
iter: 1  mgc: 9.456602e-13 
outer mgc:  194.1693 
iter: 1  value: 31692.38 mgc: 3.297343 ustep: 1 
iter: 2  value: 31691.91 mgc: 0.8726661 ustep: 1 
iter: 3  value: 31691.91 mgc: 0.03839574 ustep: 1 
iter: 4  value: 31691.91 mgc: 9.734532e-05 ustep: 1 
iter: 5  mgc: 6.314824e-10 
iter: 1  mgc: 6.314824e-10 
outer mgc:  79.04617 
iter: 1  value: 31677.73 mgc: 4.791486 ustep: 1 
iter: 2  value: 31677.49 mgc: 0.3808409 ustep: 1 
iter: 3  value: 31677.49 mgc: 0.004622692 ustep: 1 
iter: 4  value: 31677.49 mgc: 1.761204e-06 ustep: 1 
iter: 5  mgc: 3.238521e-13 
iter: 1  value: 32000.62 mgc: 8.428755 ustep: 1 
iter: 2  value: 31993.85 mgc: 14.00646 ustep: 1 
iter: 3  value: 31966.15 mgc: 18.09098 ustep: 1 
iter: 4  value: 31946.97 mgc: 10.74568 ustep: 1 
iter: 5  value: 31944.17 mgc: 13.16875 ustep: 1 
iter: 6  value: 31937.24 mgc: 9.279314 ustep: 0.4367355 
iter: 7  value: 31929.17 mgc: 10.41188 ustep: 0.6608936 
iter: 8  value: 31926.35 mgc: 5.316397 ustep: 0.8129723 
iter: 9  value: 31926.24 mgc: 0.9923313 ustep: 0.9016596 
iter: 10  value: 31926.24 mgc: 0.007903149 ustep: 0.9495626 
iter: 11  value: 31926.24 mgc: 0.0001251973 ustep: 0.9744576 
iter: 12  value: 31926.24 mgc: 1.18731e-06 ustep: 0.9871475 
iter: 13  mgc: 8.984406e-09 
iter: 1  mgc: 3.238521e-13 
outer mgc:  87.02824 
iter: 1  value: 31712.32 mgc: 6.075025 ustep: 1 
iter: 2  value: 31708.34 mgc: 1.281223 ustep: 1 
iter: 3  value: 31708.33 mgc: 0.1705765 ustep: 1 
iter: 4  value: 31708.33 mgc: 0.004531487 ustep: 1 
iter: 5  value: 31708.33 mgc: 3.430283e-06 ustep: 1 
iter: 6  mgc: 1.968758e-12 
iter: 1  mgc: 1.968758e-12 
outer mgc:  99.42421 
iter: 1  value: 31730.66 mgc: 9.588874 ustep: 1 
iter: 2  value: 31715.24 mgc: 5.57308 ustep: 1 
iter: 3  value: 31715.05 mgc: 0.7514197 ustep: 1 
iter: 4  value: 31715.05 mgc: 0.03288053 ustep: 1 
iter: 5  value: 31715.05 mgc: 7.683693e-05 ustep: 1 
iter: 6  mgc: 4.365694e-10 
iter: 1  value: 31635.46 mgc: 1.823003 ustep: 1 
iter: 2  value: 31635.41 mgc: 0.2454577 ustep: 1 
iter: 3  value: 31635.41 mgc: 0.009538278 ustep: 1 
iter: 4  value: 31635.41 mgc: 1.616101e-05 ustep: 1 
iter: 5  mgc: 4.658796e-11 
iter: 1  mgc: 4.658796e-11 
outer mgc:  16.73084 
iter: 1  value: 31580.61 mgc: 0.5704277 ustep: 1 
iter: 2  value: 31580.61 mgc: 0.01493348 ustep: 1 
iter: 3  value: 31580.61 mgc: 2.043227e-05 ustep: 1 
iter: 4  mgc: 3.79814e-11 
iter: 1  mgc: 3.79814e-11 
outer mgc:  22.78182 
iter: 1  value: 31571.69 mgc: 1.841984 ustep: 1 
iter: 2  value: 31571.68 mgc: 0.04522106 ustep: 1 
iter: 3  value: 31571.68 mgc: 0.0002462105 ustep: 1 
iter: 4  mgc: 7.547482e-09 
iter: 1  mgc: 7.547482e-09 
outer mgc:  30.76393 
iter: 1  value: 31482.48 mgc: 1.51276 ustep: 1 
iter: 2  value: 31482.46 mgc: 0.07990456 ustep: 1 
iter: 3  value: 31482.46 mgc: 0.0004652376 ustep: 1 
iter: 4  value: 31482.46 mgc: 1.620952e-08 ustep: 1 
mgc: 6.883383e-15 
iter: 1  mgc: 6.883383e-15 
outer mgc:  46.80193 
iter: 1  value: 31489.86 mgc: 3.864732 ustep: 1 
iter: 2  value: 31489.68 mgc: 0.3216204 ustep: 1 
iter: 3  value: 31489.68 mgc: 0.001512268 ustep: 1 
iter: 4  value: 31489.68 mgc: 3.141291e-08 ustep: 1 
mgc: 3.663736e-15 
iter: 1  value: 31468.84 mgc: 1.275134 ustep: 1 
iter: 2  value: 31468.83 mgc: 0.04620271 ustep: 1 
iter: 3  value: 31468.83 mgc: 7.404524e-05 ustep: 1 
iter: 4  mgc: 2.070457e-10 
iter: 1  mgc: 2.070457e-10 
outer mgc:  10.88723 
iter: 1  value: 31450.62 mgc: 1.421092 ustep: 1 
iter: 2  value: 31450.62 mgc: 0.02979192 ustep: 1 
iter: 3  value: 31450.62 mgc: 3.444285e-05 ustep: 1 
iter: 4  mgc: 5.00644e-11 
iter: 1  mgc: 5.00644e-11 
outer mgc:  36.89736 
iter: 1  value: 31427.51 mgc: 2.073965 ustep: 1 
iter: 2  value: 31427.5 mgc: 0.06861404 ustep: 1 
iter: 3  value: 31427.5 mgc: 6.844455e-05 ustep: 1 
iter: 4  mgc: 8.094742e-11 
iter: 1  value: 31438.76 mgc: 1.355136 ustep: 1 
iter: 2  value: 31438.76 mgc: 0.03646852 ustep: 1 
iter: 3  value: 31438.76 mgc: 2.077675e-05 ustep: 1 
iter: 4  mgc: 6.795453e-12 
iter: 1  mgc: 6.795453e-12 
outer mgc:  16.54098 
iter: 1  value: 31430.83 mgc: 0.8618759 ustep: 1 
iter: 2  value: 31430.83 mgc: 0.008699339 ustep: 1 
iter: 3  value: 31430.83 mgc: 2.943148e-06 ustep: 1 
iter: 4  mgc: 4.609646e-13 
iter: 1  mgc: 4.609646e-13 
outer mgc:  20.67512 
iter: 1  value: 31416.38 mgc: 0.7955022 ustep: 1 
iter: 2  value: 31416.38 mgc: 0.01888408 ustep: 1 
iter: 3  value: 31416.38 mgc: 1.738238e-05 ustep: 1 
iter: 4  mgc: 1.503553e-11 
iter: 1  mgc: 1.503553e-11 
outer mgc:  6.829088 
iter: 1  value: 31402.91 mgc: 0.6116801 ustep: 1 
iter: 2  value: 31402.91 mgc: 0.006420355 ustep: 1 
iter: 3  value: 31402.91 mgc: 1.252434e-06 ustep: 1 
iter: 4  mgc: 8.415491e-14 
iter: 1  mgc: 8.415491e-14 
outer mgc:  12.25341 
iter: 1  value: 31367.99 mgc: 0.759246 ustep: 1 
iter: 2  value: 31367.98 mgc: 0.02112711 ustep: 1 
iter: 3  value: 31367.98 mgc: 1.872738e-05 ustep: 1 
iter: 4  mgc: 1.465716e-11 
iter: 1  mgc: 1.465716e-11 
outer mgc:  10.90341 
iter: 1  value: 31352.28 mgc: 1.862561 ustep: 1 
iter: 2  value: 31352.28 mgc: 0.03817451 ustep: 1 
iter: 3  value: 31352.28 mgc: 4.427011e-05 ustep: 1 
iter: 4  mgc: 7.527867e-11 
iter: 1  value: 31363.23 mgc: 0.4750962 ustep: 1 
iter: 2  value: 31363.23 mgc: 0.003728081 ustep: 1 
iter: 3  value: 31363.23 mgc: 6.239723e-07 ustep: 1 
iter: 4  mgc: 1.820766e-14 
iter: 1  mgc: 1.820766e-14 
outer mgc:  9.551346 
iter: 1  value: 31360.19 mgc: 0.5844377 ustep: 1 
iter: 2  value: 31360.19 mgc: 0.003139208 ustep: 1 
iter: 3  value: 31360.19 mgc: 8.260601e-08 ustep: 1 
iter: 4  mgc: 3.996803e-15 
iter: 1  mgc: 3.996803e-15 
outer mgc:  17.58389 
iter: 1  value: 31350.64 mgc: 0.4402212 ustep: 1 
iter: 2  value: 31350.64 mgc: 0.001628997 ustep: 1 
iter: 3  value: 31350.64 mgc: 2.376728e-08 ustep: 1 
mgc: 4.884981e-15 
iter: 1  mgc: 4.884981e-15 
outer mgc:  4.668482 
iter: 1  value: 31334.8 mgc: 0.6213358 ustep: 1 
iter: 2  value: 31334.8 mgc: 0.003180759 ustep: 1 
iter: 3  value: 31334.8 mgc: 3.060608e-07 ustep: 1 
iter: 4  mgc: 3.552714e-15 
iter: 1  mgc: 3.552714e-15 
outer mgc:  14.6089 
iter: 1  value: 31307.64 mgc: 1.202567 ustep: 1 
iter: 2  value: 31307.64 mgc: 0.0138135 ustep: 1 
iter: 3  value: 31307.64 mgc: 4.89288e-06 ustep: 1 
iter: 4  mgc: 6.190604e-13 
iter: 1  value: 31324.69 mgc: 0.4337183 ustep: 1 
iter: 2  value: 31324.69 mgc: 0.001993399 ustep: 1 
iter: 3  value: 31324.69 mgc: 1.147256e-07 ustep: 1 
iter: 4  mgc: 6.661338e-15 
iter: 1  mgc: 6.661338e-15 
outer mgc:  6.874627 
iter: 1  value: 31319.03 mgc: 0.3825554 ustep: 1 
iter: 2  value: 31319.03 mgc: 0.0029857 ustep: 1 
iter: 3  value: 31319.03 mgc: 1.612433e-07 ustep: 1 
iter: 4  mgc: 3.885781e-15 
iter: 1  mgc: 3.885781e-15 
outer mgc:  11.60148 
iter: 1  value: 31309.45 mgc: 0.4052954 ustep: 1 
iter: 2  value: 31309.45 mgc: 0.001743791 ustep: 1 
iter: 3  value: 31309.45 mgc: 3.891549e-08 ustep: 1 
iter: 4  mgc: 4.440892e-15 
iter: 1  mgc: 4.440892e-15 
outer mgc:  10.14528 
iter: 1  value: 31298.94 mgc: 0.5218907 ustep: 1 
iter: 2  value: 31298.94 mgc: 0.001325664 ustep: 1 
iter: 3  mgc: 8.850092e-09 
iter: 1  mgc: 8.850092e-09 
outer mgc:  11.68237 
iter: 1  value: 31289.78 mgc: 0.4399958 ustep: 1 
iter: 2  value: 31289.78 mgc: 0.001276728 ustep: 1 
iter: 3  value: 31289.78 mgc: 2.772881e-08 ustep: 1 
mgc: 4.440892e-15 
iter: 1  mgc: 4.440892e-15 
outer mgc:  5.302653 
iter: 1  value: 31278.76 mgc: 0.4049701 ustep: 1 
iter: 2  value: 31278.76 mgc: 0.001189935 ustep: 1 
iter: 3  value: 31278.76 mgc: 3.577929e-08 ustep: 1 
mgc: 3.996803e-15 
iter: 1  mgc: 3.996803e-15 
outer mgc:  7.179585 
iter: 1  value: 31269.18 mgc: 0.3485561 ustep: 1 
iter: 2  value: 31269.18 mgc: 0.001077293 ustep: 1 
iter: 3  value: 31269.18 mgc: 1.680128e-08 ustep: 1 
mgc: 4.107825e-15 
iter: 1  mgc: 4.107825e-15 
outer mgc:  6.047482 
iter: 1  value: 31258.89 mgc: 0.3267976 ustep: 1 
iter: 2  value: 31258.89 mgc: 0.001172445 ustep: 1 
iter: 3  value: 31258.89 mgc: 3.24887e-08 ustep: 1 
mgc: 4.32987e-15 
iter: 1  mgc: 4.32987e-15 
outer mgc:  5.877237 
iter: 1  value: 31249.89 mgc: 0.3433731 ustep: 1 
iter: 2  value: 31249.89 mgc: 0.0007607934 ustep: 1 
iter: 3  value: 31249.89 mgc: 1.203161e-08 ustep: 1 
mgc: 3.996803e-15 
iter: 1  mgc: 3.996803e-15 
outer mgc:  5.62926 
iter: 1  value: 31238.79 mgc: 0.4085658 ustep: 1 
iter: 2  value: 31238.79 mgc: 0.0007719268 ustep: 1 
iter: 3  value: 31238.79 mgc: 1.363761e-08 ustep: 1 
mgc: 4.440892e-15 
iter: 1  mgc: 4.440892e-15 
outer mgc:  6.86313 
iter: 1  value: 31229.47 mgc: 0.4303484 ustep: 1 
iter: 2  value: 31229.47 mgc: 0.0007655076 ustep: 1 
iter: 3  mgc: 2.078055e-09 
iter: 1  mgc: 2.078055e-09 
outer mgc:  13.57999 
iter: 1  value: 31220.04 mgc: 0.5261395 ustep: 1 
iter: 2  value: 31220.04 mgc: 0.0009473333 ustep: 1 
iter: 3  value: 31220.04 mgc: 1.743671e-08 ustep: 1 
mgc: 4.440892e-15 
iter: 1  mgc: 4.440892e-15 
outer mgc:  4.589504 
iter: 1  value: 31209.18 mgc: 0.2385974 ustep: 1 
iter: 2  value: 31209.18 mgc: 0.0002920221 ustep: 1 
iter: 3  mgc: 6.529028e-10 
iter: 1  mgc: 6.529028e-10 
outer mgc:  6.062065 
iter: 1  value: 31198.59 mgc: 0.3371266 ustep: 1 
iter: 2  value: 31198.59 mgc: 0.0005997298 ustep: 1 
iter: 3  mgc: 6.698711e-09 
iter: 1  mgc: 6.698711e-09 
outer mgc:  3.423852 
iter: 1  value: 31190.21 mgc: 0.2828635 ustep: 1 
iter: 2  value: 31190.21 mgc: 0.001184925 ustep: 1 
iter: 3  value: 31190.21 mgc: 2.469834e-08 ustep: 1 
mgc: 3.996803e-15 
iter: 1  value: 31195.53 mgc: 0.1687472 ustep: 1 
iter: 2  value: 31195.53 mgc: 0.0004093983 ustep: 1 
iter: 3  mgc: 2.707975e-09 
iter: 1  mgc: 2.707975e-09 
outer mgc:  6.24865 
iter: 1  value: 31191.55 mgc: 0.1842466 ustep: 1 
iter: 2  value: 31191.55 mgc: 0.0003284209 ustep: 1 
iter: 3  mgc: 1.130774e-09 
iter: 1  mgc: 1.130774e-09 
outer mgc:  2.650637 
iter: 1  value: 31186.35 mgc: 0.2482594 ustep: 1 
iter: 2  value: 31186.35 mgc: 0.0001788401 ustep: 1 
iter: 3  mgc: 5.369611e-10 
iter: 1  mgc: 5.369611e-10 
outer mgc:  6.412711 
iter: 1  value: 31181.45 mgc: 0.1884738 ustep: 1 
iter: 2  value: 31181.45 mgc: 0.0001184996 ustep: 1 
iter: 3  mgc: 1.9645e-10 
iter: 1  mgc: 1.9645e-10 
outer mgc:  2.003585 
iter: 1  value: 31176.07 mgc: 0.1752473 ustep: 1 
iter: 2  value: 31176.07 mgc: 7.051949e-05 ustep: 1 
iter: 3  mgc: 3.972778e-11 
iter: 1  mgc: 3.972778e-11 
outer mgc:  2.948849 
iter: 1  value: 31170.87 mgc: 0.1619643 ustep: 1 
iter: 2  value: 31170.87 mgc: 0.0001119391 ustep: 1 
iter: 3  mgc: 1.878275e-10 
iter: 1  value: 31162.03 mgc: 0.2766598 ustep: 1 
iter: 2  value: 31162.03 mgc: 0.0001595228 ustep: 1 
iter: 3  mgc: 3.722995e-10 
iter: 1  value: 31129.72 mgc: 1.066677 ustep: 1 
iter: 2  value: 31129.72 mgc: 0.001963761 ustep: 1 
iter: 3  value: 31129.72 mgc: 4.870127e-08 ustep: 1 
mgc: 3.552714e-15 
iter: 1  mgc: 3.552714e-15 
outer mgc:  14.55707 
iter: 1  value: 31081.7 mgc: 1.22271 ustep: 1 
iter: 2  value: 31081.7 mgc: 0.002506281 ustep: 1 
iter: 3  value: 31081.7 mgc: 6.10028e-08 ustep: 1 
mgc: 3.996803e-15 
iter: 1  mgc: 3.996803e-15 
outer mgc:  7.885437 
iter: 1  value: 31043.74 mgc: 1.150536 ustep: 1 
iter: 2  value: 31043.74 mgc: 0.002589851 ustep: 1 
iter: 3  value: 31043.74 mgc: 4.106954e-08 ustep: 1 
mgc: 4.440892e-15 
iter: 1  value: 31067.99 mgc: 0.4648793 ustep: 1 
iter: 2  value: 31067.99 mgc: 0.0005781971 ustep: 1 
iter: 3  mgc: 2.178483e-09 
iter: 1  mgc: 2.178483e-09 
outer mgc:  4.068404 
iter: 1  value: 31053.74 mgc: 0.4457134 ustep: 1 
iter: 2  value: 31053.74 mgc: 0.0002547109 ustep: 1 
iter: 3  mgc: 6.527139e-10 
iter: 1  mgc: 6.527139e-10 
outer mgc:  4.006116 
iter: 1  value: 31036.76 mgc: 0.4440833 ustep: 1 
iter: 2  value: 31036.76 mgc: 0.0002762452 ustep: 1 
iter: 3  mgc: 4.667799e-10 
iter: 1  mgc: 4.667799e-10 
outer mgc:  6.917087 
iter: 1  value: 31018.76 mgc: 0.7181805 ustep: 1 
iter: 2  value: 31018.76 mgc: 0.0002790191 ustep: 1 
iter: 3  mgc: 6.348553e-10 
iter: 1  mgc: 6.348553e-10 
outer mgc:  6.295139 
iter: 1  value: 31002.2 mgc: 0.4006793 ustep: 1 
iter: 2  value: 31002.2 mgc: 0.0001600758 ustep: 1 
iter: 3  mgc: 2.005747e-10 
iter: 1  mgc: 2.005747e-10 
outer mgc:  2.545545 
iter: 1  value: 30986.29 mgc: 0.4423853 ustep: 1 
iter: 2  value: 30986.29 mgc: 0.0001618165 ustep: 1 
iter: 3  mgc: 1.648393e-10 
iter: 1  mgc: 1.648393e-10 
outer mgc:  6.654419 
iter: 1  value: 30968.16 mgc: 0.5780285 ustep: 1 
iter: 2  value: 30968.16 mgc: 0.0001645567 ustep: 1 
iter: 3  mgc: 2.08543e-10 
iter: 1  mgc: 2.08543e-10 
outer mgc:  4.023076 
iter: 1  value: 30950.32 mgc: 0.522831 ustep: 1 
iter: 2  value: 30950.32 mgc: 0.0001666827 ustep: 1 
iter: 3  mgc: 1.815348e-10 
iter: 1  mgc: 1.815348e-10 
outer mgc:  3.312063 
iter: 1  value: 30932.33 mgc: 0.5179917 ustep: 1 
iter: 2  value: 30932.33 mgc: 0.0001224344 ustep: 1 
iter: 3  mgc: 9.198953e-11 
iter: 1  mgc: 9.198953e-11 
outer mgc:  1.319426 
iter: 1  value: 30914.57 mgc: 0.5082267 ustep: 1 
iter: 2  value: 30914.57 mgc: 9.587424e-05 ustep: 1 
iter: 3  mgc: 5.081802e-11 
iter: 1  mgc: 5.081802e-11 
outer mgc:  2.855942 
iter: 1  value: 30896.08 mgc: 0.5214376 ustep: 1 
iter: 2  value: 30896.08 mgc: 5.975141e-05 ustep: 1 
iter: 3  mgc: 1.830536e-11 
iter: 1  mgc: 1.830536e-11 
outer mgc:  2.45764 
iter: 1  value: 30877.94 mgc: 0.4866857 ustep: 1 
iter: 2  value: 30877.94 mgc: 9.513284e-05 ustep: 1 
iter: 3  mgc: 4.803002e-11 
iter: 1  mgc: 4.803002e-11 
outer mgc:  3.267654 
iter: 1  value: 30860.01 mgc: 0.6126453 ustep: 1 
iter: 2  value: 30860.01 mgc: 5.079663e-05 ustep: 1 
iter: 3  mgc: 5.09548e-12 
iter: 1  mgc: 5.09548e-12 
outer mgc:  1.148607 
iter: 1  value: 30841.91 mgc: 0.5533921 ustep: 1 
iter: 2  value: 30841.91 mgc: 4.226779e-05 ustep: 1 
iter: 3  mgc: 6.869172e-12 
iter: 1  value: 30810.04 mgc: 1.023157 ustep: 1 
iter: 2  value: 30810.04 mgc: 0.0001061831 ustep: 1 
iter: 3  mgc: 5.268497e-11 
iter: 1  mgc: 5.268497e-11 
outer mgc:  4.809082 
iter: 1  value: 30760.4 mgc: 1.552488 ustep: 1 
iter: 2  value: 30760.4 mgc: 0.0002350075 ustep: 1 
iter: 3  mgc: 6.807443e-11 
iter: 1  mgc: 6.807443e-11 
outer mgc:  1.843698 
iter: 1  value: 30710.79 mgc: 1.688716 ustep: 1 
iter: 2  value: 30710.79 mgc: 0.0001739905 ustep: 1 
iter: 3  mgc: 6.545076e-11 
iter: 1  mgc: 6.545076e-11 
outer mgc:  1.686636 
iter: 1  value: 30661.86 mgc: 1.7621 ustep: 1 
iter: 2  value: 30661.86 mgc: 0.0001254975 ustep: 1 
iter: 3  mgc: 2.271872e-11 
iter: 1  mgc: 2.271872e-11 
outer mgc:  1.667698 
iter: 1  value: 30613.6 mgc: 1.746528 ustep: 1 
iter: 2  value: 30613.6 mgc: 7.622845e-05 ustep: 1 
iter: 3  mgc: 3.209433e-12 
iter: 1  value: 30556.13 mgc: 2.139636 ustep: 1 
iter: 2  value: 30556.13 mgc: 8.50421e-05 ustep: 1 
iter: 3  mgc: 3.864464e-12 
iter: 1  mgc: 3.864464e-12 
outer mgc:  1.610516 
iter: 1  value: 30451.16 mgc: 4.552347 ustep: 1 
iter: 2  value: 30451.16 mgc: 0.0002145221 ustep: 1 
iter: 3  mgc: 1.055422e-11 
iter: 1  mgc: 1.055422e-11 
outer mgc:  2.929054 
iter: 1  value: 30383.93 mgc: 2.771672 ustep: 1 
iter: 2  value: 30383.93 mgc: 6.628476e-05 ustep: 1 
iter: 3  mgc: 1.249756e-11 
iter: 1  mgc: 1.249756e-11 
outer mgc:  1.817536 
iter: 1  value: 30315.48 mgc: 2.835626 ustep: 1 
iter: 2  value: 30315.48 mgc: 3.941385e-05 ustep: 1 
iter: 3  mgc: 2.926548e-13 
iter: 1  mgc: 2.926548e-13 
outer mgc:  2.499135 
iter: 1  value: 30287.35 mgc: 1.066567 ustep: 1 
iter: 2  value: 30287.35 mgc: 1.015843e-05 ustep: 1 
iter: 3  mgc: 3.259615e-13 
iter: 1  mgc: 3.259615e-13 
outer mgc:  0.526825 
iter: 1  value: 30258.61 mgc: 1.031293 ustep: 1 
iter: 2  value: 30258.61 mgc: 7.473254e-06 ustep: 1 
iter: 3  mgc: 1.727507e-13 
iter: 1  mgc: 1.727507e-13 
outer mgc:  0.3444775 
iter: 1  value: 30229.83 mgc: 1.05219 ustep: 1 
iter: 2  value: 30229.83 mgc: 4.027109e-06 ustep: 1 
iter: 3  mgc: 3.108624e-14 
iter: 1  mgc: 3.108624e-14 
outer mgc:  0.2883867 
iter: 1  value: 30113.78 mgc: 5.604805 ustep: 1 
iter: 2  value: 30113.78 mgc: 4.461207e-05 ustep: 1 
iter: 3  mgc: 1.568523e-12 
iter: 1  mgc: 1.568523e-12 
outer mgc:  0.1313624 
iter: 1  value: 30038.54 mgc: 3.122961 ustep: 1 
iter: 2  value: 30038.54 mgc: 9.77341e-06 ustep: 1 
iter: 3  mgc: 1.004752e-14 
iter: 1  mgc: 1.004752e-14 
outer mgc:  0.05613944 
iter: 1  value: 29963.03 mgc: 3.118785 ustep: 1 
iter: 2  value: 29963.03 mgc: 6.430834e-06 ustep: 1 
iter: 3  mgc: 1.998401e-14 
iter: 1  mgc: 1.998401e-14 
outer mgc:  0.04985179 
iter: 1  value: 29887.27 mgc: 3.122717 ustep: 1 
iter: 2  value: 29887.27 mgc: 5.282971e-06 ustep: 1 
iter: 3  mgc: 9.237056e-14 
iter: 1  mgc: 9.237056e-14 
outer mgc:  0.05163321 
iter: 1  value: 29846.04 mgc: 1.534018 ustep: 1 
iter: 2  value: 29846.04 mgc: 9.260169e-07 ustep: 1 
iter: 3  mgc: 4.884981e-15 
iter: 1  mgc: 4.884981e-15 
outer mgc:  0.02896401 
iter: 1  value: 29825.61 mgc: 0.72085 ustep: 1 
iter: 2  value: 29825.61 mgc: 1.907771e-07 ustep: 1 
mgc: 3.330669e-15 
iter: 1  mgc: 3.330669e-15 
outer mgc:  0.01424125 
iter: 1  value: 29805.36 mgc: 0.7220959 ustep: 1 
iter: 2  value: 29805.36 mgc: 1.645052e-07 ustep: 1 
mgc: 3.552714e-15 
iter: 1  mgc: 3.552714e-15 
outer mgc:  0.007837678 
iter: 1  value: 29787.86 mgc: 0.6346129 ustep: 1 
iter: 2  value: 29787.86 mgc: 2.27088e-07 ustep: 1 
iter: 3  mgc: 3.330669e-15 
iter: 1  mgc: 3.330669e-15 
outer mgc:  0.004831287 
iter: 1  value: 29771.02 mgc: 0.6376204 ustep: 1 
iter: 2  value: 29771.02 mgc: 4.980399e-07 ustep: 1 
iter: 3  mgc: 4.440892e-15 
iter: 1  mgc: 4.440892e-15 
outer mgc:  0.006855406 
iter: 1  value: 29748.67 mgc: 0.9378036 ustep: 1 
iter: 2  value: 29748.67 mgc: 1.605194e-06 ustep: 1 
iter: 3  mgc: 9.769963e-15 
iter: 1  mgc: 9.769963e-15 
outer mgc:  0.01641725 
iter: 1  value: 29718.37 mgc: 1.558835 ustep: 1 
iter: 2  value: 29718.37 mgc: 6.211871e-06 ustep: 1 
iter: 3  mgc: 1.336709e-13 
iter: 1  mgc: 1.336709e-13 
outer mgc:  0.03900499 
iter: 1  value: 29666.15 mgc: 4.361568 ustep: 1 
iter: 2  value: 29666.15 mgc: 6.153002e-05 ustep: 1 
iter: 3  mgc: 1.431477e-11 
iter: 1  mgc: 1.431477e-11 
outer mgc:  0.09143968 
iter: 1  value: 29488.6 mgc: 45.00101 ustep: 1 
iter: 2  value: 29488.6 mgc: 0.04019392 ustep: 1 
iter: 3  value: 29488.6 mgc: 7.53368e-06 ustep: 1 
iter: 4  mgc: 3.401723e-13 
iter: 1  value: 29648.91 mgc: 1.347513 ustep: 1 
iter: 2  value: 29648.91 mgc: 2.651715e-05 ustep: 1 
iter: 3  mgc: 4.916068e-13 
iter: 1  mgc: 4.916068e-13 
outer mgc:  0.06393326 
iter: 1  value: 29614.33 mgc: 3.024406 ustep: 1 
iter: 2  value: 29614.33 mgc: 0.0002343633 ustep: 1 
iter: 3  mgc: 1.180783e-11 
iter: 1  mgc: 1.180783e-11 
outer mgc:  0.1198774 
iter: 1  value: 29539.76 mgc: 3.984975 ustep: 1 
iter: 2  value: 29539.76 mgc: 1.964492e-05 ustep: 1 
iter: 3  mgc: 1.287859e-13 
iter: 1  mgc: 1.287859e-13 
outer mgc:  0.3997584 
iter: 1  value: 29468.62 mgc: 3.948954 ustep: 1 
iter: 2  value: 29468.62 mgc: 4.970569e-05 ustep: 1 
iter: 3  mgc: 6.62137e-13 
iter: 1  mgc: 6.62137e-13 
outer mgc:  0.3236791 
iter: 1  value: 29381.53 mgc: 3.954109 ustep: 1 
iter: 2  value: 29381.53 mgc: 3.428063e-05 ustep: 1 
iter: 3  mgc: 2.486011e-12 
iter: 1  mgc: 2.486011e-12 
outer mgc:  0.3826128 
iter: 1  value: 29302.7 mgc: 4.007652 ustep: 1 
iter: 2  value: 29302.7 mgc: 5.463115e-06 ustep: 1 
iter: 3  mgc: 1.083578e-13 
iter: 1  value: 29142.96 mgc: 11.25677 ustep: 1 
iter: 2  value: 29142.96 mgc: 2.170844e-05 ustep: 1 
iter: 3  mgc: 1.620482e-12 
iter: 1  mgc: 1.620482e-12 
outer mgc:  0.1095511 
iter: 1  value: 29027.85 mgc: 6.523112 ustep: 1 
iter: 2  value: 29027.85 mgc: 2.354562e-05 ustep: 1 
iter: 3  mgc: 1.858513e-12 
iter: 1  mgc: 1.858513e-12 
outer mgc:  0.07387532 
iter: 1  value: 29030.98 mgc: 0.1080718 ustep: 1 
iter: 2  value: 29030.98 mgc: 7.212556e-08 ustep: 1 
mgc: 4.107825e-15 
iter: 1  mgc: 4.107825e-15 
outer mgc:  0.004079123 
iter: 1  value: 29032.01 mgc: 0.04107053 ustep: 1 
iter: 2  mgc: 5.671267e-09 
iter: 1  mgc: 5.671267e-09 
outer mgc:  0.001117622 
iter: 1  mgc: 5.671267e-09 
iter: 1  mgc: 5.671267e-09 
outer mgc:  0.001117622 
iter: 1  value: 29032.01 mgc: 0.003131172 ustep: 1 
iter: 2  mgc: 1.106368e-09 
outer mgc:  0.1827446 
iter: 1  value: 29032.01 mgc: 0.003128842 ustep: 1 
iter: 2  mgc: 1.104616e-09 
outer mgc:  0.1832038 
iter: 1  value: 29032.01 mgc: 0.001252043 ustep: 1 
iter: 2  mgc: 1.099115e-10 
outer mgc:  0.07659245 
iter: 1  value: 29032.01 mgc: 0.001250995 ustep: 1 
iter: 2  mgc: 1.096983e-10 
outer mgc:  0.07762596 
iter: 1  value: 29032.01 mgc: 0.005531629 ustep: 1 
iter: 2  mgc: 4.742179e-09 
outer mgc:  0.3892333 
iter: 1  value: 29032.01 mgc: 0.005529899 ustep: 1 
iter: 2  mgc: 4.736332e-09 
outer mgc:  0.3874006 
iter: 1  value: 29032.01 mgc: 0.003304313 ustep: 1 
iter: 2  mgc: 3.398995e-09 
outer mgc:  0.2622434 
iter: 1  value: 29032.01 mgc: 0.003304236 ustep: 1 
iter: 2  mgc: 3.395998e-09 
outer mgc:  0.2607755 
iter: 1  value: 29032 mgc: 0.003660231 ustep: 1 
iter: 2  value: 29032 mgc: 4.001505e-08 ustep: 1 
mgc: 4.773959e-15 
outer mgc:  0.2137334 
iter: 1  value: 29032.01 mgc: 0.003657306 ustep: 1 
iter: 2  value: 29032.01 mgc: 3.994188e-08 ustep: 1 
mgc: 3.552714e-15 
outer mgc:  0.2129689 
iter: 1  value: 29032.01 mgc: 0.002433759 ustep: 1 
iter: 2  value: 29032.01 mgc: 1.731968e-08 ustep: 1 
mgc: 3.108624e-15 
outer mgc:  0.1169533 
iter: 1  value: 29032.01 mgc: 0.002432192 ustep: 1 
iter: 2  value: 29032.01 mgc: 1.730044e-08 ustep: 1 
mgc: 3.996803e-15 
outer mgc:  0.11673 
iter: 1  value: 29032.01 mgc: 0.003325191 ustep: 1 
iter: 2  mgc: 3.156894e-09 
outer mgc:  0.1950003 
iter: 1  value: 29032.01 mgc: 0.003322702 ustep: 1 
iter: 2  mgc: 3.150282e-09 
outer mgc:  0.1948442 
iter: 1  value: 29032.01 mgc: 0.001681421 ustep: 1 
iter: 2  mgc: 7.47274e-10 
outer mgc:  0.09285761 
iter: 1  value: 29032.01 mgc: 0.00168012 ustep: 1 
iter: 2  mgc: 7.45842e-10 
outer mgc:  0.092781 
iter: 1  value: 29032 mgc: 0.004647688 ustep: 1 
iter: 2  value: 29032 mgc: 6.176209e-08 ustep: 1 
iter: 3  mgc: 4.440892e-15 
outer mgc:  0.25665 
iter: 1  value: 29032.01 mgc: 0.004644625 ustep: 1 
iter: 2  value: 29032.01 mgc: 6.172056e-08 ustep: 1 
iter: 3  mgc: 3.552714e-15 
outer mgc:  0.2564916 
iter: 1  value: 29032.01 mgc: 0.002418856 ustep: 1 
iter: 2  value: 29032.01 mgc: 2.071377e-08 ustep: 1 
mgc: 3.996803e-15 
outer mgc:  0.1188072 
iter: 1  value: 29032.01 mgc: 0.002417341 ustep: 1 
iter: 2  value: 29032.01 mgc: 2.069264e-08 ustep: 1 
mgc: 3.552714e-15 
outer mgc:  0.1189688 
iter: 1  value: 29032.01 mgc: 0.004674311 ustep: 1 
iter: 2  mgc: 3.228824e-09 
outer mgc:  0.2726486 
iter: 1  value: 29032.01 mgc: 0.004671281 ustep: 1 
iter: 2  mgc: 3.224519e-09 
outer mgc:  0.2735669 
iter: 1  value: 29032.01 mgc: 0.002006502 ustep: 1 
iter: 2  mgc: 2.978606e-10 
outer mgc:  0.1059933 
iter: 1  value: 29032.01 mgc: 0.002005058 ustep: 1 
iter: 2  mgc: 2.973869e-10 
outer mgc:  0.1061589 
iter: 1  value: 29032.06 mgc: 0.003303782 ustep: 1 
mgc: 3.330669e-15 
outer mgc:  0.001117619 
iter: 1  value: 29031.96 mgc: 0.003307087 ustep: 1 
mgc: 3.774758e-15 
outer mgc:  0.001117626 
iter: 1  value: 29032.06 mgc: 0.005367676 ustep: 1 
mgc: 3.996803e-15 
outer mgc:  0.001117621 
iter: 1  value: 29031.96 mgc: 0.005373047 ustep: 1 
mgc: 3.996803e-15 
outer mgc:  0.001117624 
iter: 1  value: 29032.05 mgc: 0.003073717 ustep: 1 
iter: 2  value: 29032.05 mgc: 2.957771e-08 ustep: 1 
mgc: 3.108624e-15 
outer mgc:  0.003385161 
iter: 1  value: 29031.96 mgc: 0.003076793 ustep: 1 
iter: 2  value: 29031.96 mgc: 2.951995e-08 ustep: 1 
mgc: 3.441691e-15 
outer mgc:  0.003456935 
iter: 1  value: 29032.06 mgc: 0.003225521 ustep: 1 
iter: 2  mgc: 2.119338e-09 
outer mgc:  0.001174579 
iter: 1  value: 29031.96 mgc: 0.003228737 ustep: 1 
iter: 2  mgc: 2.115446e-09 
outer mgc:  0.001837803 
iter: 1  value: 29032.05 mgc: 0.004315378 ustep: 1 
iter: 2  value: 29032.05 mgc: 7.002006e-08 ustep: 1 
mgc: 4.218847e-15 
outer mgc:  0.003125732 
iter: 1  value: 29031.97 mgc: 0.004319695 ustep: 1 
iter: 2  value: 29031.97 mgc: 6.988472e-08 ustep: 1 
mgc: 3.885781e-15 
outer mgc:  0.005190964 
iter: 1  value: 29032.06 mgc: 0.003744216 ustep: 1 
mgc: 3.996803e-15 
outer mgc:  0.001117607 
iter: 1  value: 29031.96 mgc: 0.003747962 ustep: 1 
mgc: 3.552714e-15 
outer mgc:  0.001117638 
iter: 1  value: 29032.01 mgc: 0.002983047 ustep: 1 
iter: 2  value: 29032.01 mgc: 3.778768e-08 ustep: 1 
mgc: 3.108624e-15 
outer mgc:  0.2621293 
iter: 1  value: 29032.01 mgc: 0.002980875 ustep: 1 
iter: 2  value: 29032.01 mgc: 3.769754e-08 ustep: 1 
mgc: 3.996803e-15 
outer mgc:  0.2598256 
iter: 1  value: 29032.01 mgc: 0.003607872 ustep: 1 
iter: 2  value: 29032.01 mgc: 2.177593e-08 ustep: 1 
mgc: 4.218847e-15 
outer mgc:  0.2404192 
iter: 1  value: 29032.01 mgc: 0.003605462 ustep: 1 
iter: 2  value: 29032.01 mgc: 2.172561e-08 ustep: 1 
mgc: 3.552714e-15 
outer mgc:  0.241871 
Warning message:
package ‘nnet’ was built under R version 3.6.3 
[Sun Aug 15 15:54:45 2021]
Finished job 0.
1 of 1 steps (100%) done
