Building DAG of jobs...
Using shell: /usr/bin/bash
Provided cores: 1 (use --cores to define parallelism)
Rules claiming more threads will be scaled down.
Job counts:
	count	jobs
	1	inference_simulation_TMB_multiple
	1

[Mon Aug 16 05:00:21 2021]
rule inference_simulation_TMB_multiple:
    input: ../data/assessing_models_simulation/datasets/multiple_GenerationJnorm2_20_100_10_6_2_NA_NA_NA_dataset0.RDS
    output: ../data/assessing_models_simulation/inference_results/TMB/nlminb/multiple_GenerationJnorm2_20_100_10_6_2_diagREDMsinglelambda_NA_NA_NA_dataset0.RDS
    log: logs/inference/nlminb/simulation_GenerationJnorm2_20_100_10_6_2_ModeldiagREDMsinglelambda_NA_NA_NA_dataset0.log
    jobid: 0
    wildcards: optimiser=nlminb, datasetgeneration=GenerationJnorm2, n=20, nlambda=100, lmbda=10, d=6, beta_intensity=2, model=diagREDMsinglelambda, fixed_beta_intercept=NA, fixed_beta_slope=NA, sdRE_input=NA, itnum=0

Rscript 2_inference_TMB/run_TMB.R --input ../data/assessing_models_simulation/datasets/multiple_GenerationJnorm2_20_100_10_6_2_NA_NA_NA_dataset0.RDS --output ../data/assessing_models_simulation/inference_results/TMB/nlminb/multiple_GenerationJnorm2_20_100_10_6_2_diagREDMsinglelambda_NA_NA_NA_dataset0.RDS --model diagREDMsinglelambda --optimiser nlminb
Model: diagREDMsinglelambda 
Feature type: signatures 
Using nlminb: TRUE 
Simulation boolean: TRUE 
make: Nothing to be done for 'all'.
../data/assessing_models_simulation/datasets/multiple_GenerationJnorm2_20_100_10_6_2_NA_NA_NA_dataset0.RDS[1] "../data/assessing_models_simulation/datasets/multiple_GenerationJnorm2_20_100_10_6_2_NA_NA_NA_dataset0.RDS"
Reading file ../data/assessing_models_simulation/datasets/multiple_GenerationJnorm2_20_100_10_6_2_NA_NA_NA_dataset0.RDS 
Loading required package: nnet
# weights:  18 (10 variable)
initial  value 7387.424292 
iter  10 value 6514.067692
final  value 6491.543463 
converged
Constructing atomic invpd
Constructing atomic D_lgamma
Constructing atomic invpd
Constructing atomic D_lgamma
Constructing atomic matmul
Constructing atomic invpd
Constructing atomic D_lgamma
Constructing atomic matmul
Optimizing tape... Done
iter: 1  value: 5992.801 mgc: 6.031627 ustep: 1 
iter: 2  value: 5983.699 mgc: 3.372215 ustep: 1 
iter: 3  value: 5983.53 mgc: 0.4020366 ustep: 1 
iter: 4  value: 5983.53 mgc: 0.01855384 ustep: 1 
iter: 5  value: 5983.53 mgc: 4.945723e-05 ustep: 1 
iter: 6  mgc: 3.505961e-10 
iter: 1  mgc: 3.505961e-10 
Matching hessian patterns... Done
outer mgc:  27.82162 
iter: 1  value: 5942.398 mgc: 1.298282 ustep: 1 
iter: 2  value: 5942.325 mgc: 0.537054 ustep: 1 
iter: 3  value: 5942.325 mgc: 0.02626808 ustep: 1 
iter: 4  value: 5942.325 mgc: 8.494616e-05 ustep: 1 
iter: 5  mgc: 8.792898e-10 
iter: 1  mgc: 8.792898e-10 
outer mgc:  23.33529 
iter: 1  value: 5917.649 mgc: 1.254616 ustep: 1 
iter: 2  value: 5917.272 mgc: 0.439314 ustep: 1 
iter: 3  value: 5917.271 mgc: 0.02327349 ustep: 1 
iter: 4  value: 5917.271 mgc: 7.632434e-05 ustep: 1 
iter: 5  mgc: 8.32432e-10 
iter: 1  mgc: 8.32432e-10 
outer mgc:  22.21315 
iter: 1  value: 5863.568 mgc: 2.711485 ustep: 1 
iter: 2  value: 5860.358 mgc: 4.927318 ustep: 1 
iter: 3  value: 5860.297 mgc: 0.5033451 ustep: 1 
iter: 4  value: 5860.297 mgc: 0.01933565 ustep: 1 
iter: 5  value: 5860.297 mgc: 4.585742e-05 ustep: 1 
iter: 6  mgc: 2.630429e-10 
iter: 1  mgc: 2.630429e-10 
outer mgc:  52.6737 
iter: 1  value: 5816.359 mgc: 6.951526 ustep: 1 
iter: 2  value: 5809.437 mgc: 4.008943 ustep: 1 
iter: 3  value: 5809.374 mgc: 0.4179875 ustep: 1 
iter: 4  value: 5809.374 mgc: 0.01143629 ustep: 1 
iter: 5  value: 5809.374 mgc: 1.04705e-05 ustep: 1 
iter: 6  mgc: 9.140022e-12 
iter: 1  mgc: 9.140022e-12 
outer mgc:  30.09545 
iter: 1  value: 5874.415 mgc: 6.66951 ustep: 0.8994163 
iter: 2  value: 5833.222 mgc: 10.17294 ustep: 0.9483808 
iter: 3  value: 5829.671 mgc: 2.130851 ustep: 0.365699 
iter: 4  value: 5829.27 mgc: 0.7442195 ustep: 0.6047701 
iter: 5  value: 5829.242 mgc: 0.115516 ustep: 0.7776919 
iter: 6  value: 5829.241 mgc: 0.0173609 ustep: 0.8818802 
iter: 7  value: 5829.241 mgc: 0.001314732 ustep: 0.9390909 
iter: 8  value: 5829.241 mgc: 5.059282e-05 ustep: 0.9690701 
iter: 9  value: 5829.241 mgc: 9.990935e-07 ustep: 0.9844151 
iter: 10  value: 5829.241 mgc: 1.22034e-08 ustep: 0.9921778 
iter: 11  mgc: 8.31078e-11 
iter: 1  value: 5800.864 mgc: 4.098331 ustep: 0.4367355 
iter: 2  value: 5782.676 mgc: 8.460501 ustep: 0.6608936 
iter: 3  value: 5781.383 mgc: 2.698896 ustep: 0.8129723 
iter: 4  value: 5781.367 mgc: 0.2668866 ustep: 0.9016596 
iter: 5  value: 5781.367 mgc: 0.008669269 ustep: 0.9495626 
iter: 6  value: 5781.367 mgc: 0.0001284488 ustep: 0.9744576 
iter: 7  value: 5781.367 mgc: 1.268546e-06 ustep: 0.9871475 
iter: 8  mgc: 8.125263e-09 
iter: 1  mgc: 8.125263e-09 
outer mgc:  11.08769 
iter: 1  value: 5767.759 mgc: 4.457988 ustep: 1 
iter: 2  value: 5764.048 mgc: 2.738155 ustep: 1 
iter: 3  value: 5764.035 mgc: 0.1748473 ustep: 1 
iter: 4  value: 5764.035 mgc: 0.00138343 ustep: 1 
iter: 5  value: 5764.035 mgc: 1.243092e-07 ustep: 1 
iter: 6  mgc: 3.455569e-15 
iter: 1  mgc: 3.455569e-15 
outer mgc:  20.50002 
iter: 1  value: 5758.713 mgc: 4.935231 ustep: 1 
iter: 2  value: 5758.62 mgc: 0.2134666 ustep: 1 
iter: 3  value: 5758.62 mgc: 0.004475066 ustep: 1 
iter: 4  value: 5758.62 mgc: 2.056383e-06 ustep: 1 
iter: 5  mgc: 5.427325e-13 
iter: 1  mgc: 5.427325e-13 
outer mgc:  14.67353 
iter: 1  value: 5738.518 mgc: 1.396589 ustep: 1 
iter: 2  value: 5738.514 mgc: 0.05720604 ustep: 1 
iter: 3  value: 5738.514 mgc: 0.0003162125 ustep: 1 
iter: 4  value: 5738.514 mgc: 1.184495e-08 ustep: 1 
mgc: 3.996803e-15 
iter: 1  mgc: 3.996803e-15 
outer mgc:  7.346992 
iter: 1  value: 5734.458 mgc: 2.71606 ustep: 1 
iter: 2  value: 5734.451 mgc: 0.09121538 ustep: 1 
iter: 3  value: 5734.451 mgc: 0.0001883593 ustep: 1 
iter: 4  mgc: 2.305466e-09 
iter: 1  mgc: 2.305466e-09 
outer mgc:  13.66785 
iter: 1  value: 5723.827 mgc: 2.87534 ustep: 1 
iter: 2  value: 5723.822 mgc: 0.1032706 ustep: 1 
iter: 3  value: 5723.822 mgc: 0.0001271689 ustep: 1 
iter: 4  mgc: 1.923562e-10 
iter: 1  mgc: 1.923562e-10 
outer mgc:  9.217799 
iter: 1  value: 5715.868 mgc: 2.407709 ustep: 1 
iter: 2  value: 5715.843 mgc: 0.2490916 ustep: 1 
iter: 3  value: 5715.843 mgc: 0.001708153 ustep: 1 
iter: 4  value: 5715.843 mgc: 8.834823e-08 ustep: 1 
iter: 5  mgc: 3.996803e-15 
iter: 1  value: 5718.941 mgc: 1.515271 ustep: 1 
iter: 2  value: 5718.94 mgc: 0.06829756 ustep: 1 
iter: 3  value: 5718.94 mgc: 0.0001291576 ustep: 1 
iter: 4  mgc: 4.539826e-10 
iter: 1  mgc: 4.539826e-10 
outer mgc:  3.929095 
iter: 1  value: 5715.695 mgc: 1.037363 ustep: 1 
iter: 2  value: 5715.695 mgc: 0.01137092 ustep: 1 
iter: 3  value: 5715.695 mgc: 6.056974e-06 ustep: 1 
iter: 4  mgc: 2.730705e-12 
iter: 1  mgc: 2.730705e-12 
outer mgc:  4.243702 
iter: 1  value: 5713.489 mgc: 1.180214 ustep: 1 
iter: 2  value: 5713.489 mgc: 0.01944708 ustep: 1 
iter: 3  value: 5713.489 mgc: 8.330598e-06 ustep: 1 
iter: 4  mgc: 1.596945e-12 
iter: 1  mgc: 1.596945e-12 
outer mgc:  4.323401 
iter: 1  value: 5708.642 mgc: 0.6477846 ustep: 1 
iter: 2  value: 5708.642 mgc: 0.008406212 ustep: 1 
iter: 3  value: 5708.642 mgc: 1.37075e-06 ustep: 1 
iter: 4  mgc: 4.019007e-14 
iter: 1  mgc: 4.019007e-14 
outer mgc:  1.70395 
iter: 1  value: 5707.753 mgc: 1.250937 ustep: 1 
iter: 2  value: 5707.751 mgc: 0.0438258 ustep: 1 
iter: 3  value: 5707.751 mgc: 6.360234e-05 ustep: 1 
iter: 4  mgc: 1.347208e-10 
iter: 1  value: 5708.126 mgc: 0.2837828 ustep: 1 
iter: 2  value: 5708.126 mgc: 0.001733363 ustep: 1 
iter: 3  value: 5708.126 mgc: 9.017438e-08 ustep: 1 
iter: 4  mgc: 3.552714e-15 
iter: 1  mgc: 3.552714e-15 
outer mgc:  1.500735 
iter: 1  value: 5707.262 mgc: 0.2732916 ustep: 1 
iter: 2  value: 5707.262 mgc: 0.0005232082 ustep: 1 
iter: 3  mgc: 4.600259e-09 
iter: 1  mgc: 4.600259e-09 
outer mgc:  1.134686 
iter: 1  value: 5706.557 mgc: 0.2584249 ustep: 1 
iter: 2  value: 5706.557 mgc: 0.0006446941 ustep: 1 
iter: 3  mgc: 4.133532e-09 
iter: 1  mgc: 4.133532e-09 
outer mgc:  0.9810686 
iter: 1  value: 5704.756 mgc: 0.2997682 ustep: 1 
iter: 2  value: 5704.756 mgc: 0.0004442669 ustep: 1 
iter: 3  mgc: 3.118356e-09 
iter: 1  value: 5699.817 mgc: 0.8861965 ustep: 1 
iter: 2  value: 5699.817 mgc: 0.004195904 ustep: 1 
iter: 3  value: 5699.817 mgc: 1.356246e-07 ustep: 1 
iter: 4  mgc: 3.663736e-15 
iter: 1  value: 5692.136 mgc: 1.282916 ustep: 1 
iter: 2  value: 5692.136 mgc: 0.005017118 ustep: 1 
iter: 3  value: 5692.136 mgc: 6.714373e-07 ustep: 1 
iter: 4  mgc: 1.110223e-14 
iter: 1  mgc: 1.110223e-14 
outer mgc:  2.310259 
iter: 1  value: 5678.361 mgc: 2.575591 ustep: 1 
iter: 2  value: 5678.361 mgc: 0.007982362 ustep: 1 
iter: 3  value: 5678.361 mgc: 3.914546e-06 ustep: 1 
iter: 4  mgc: 9.312551e-13 
iter: 1  value: 5686.998 mgc: 0.6957877 ustep: 1 
iter: 2  value: 5686.998 mgc: 0.002849652 ustep: 1 
iter: 3  value: 5686.998 mgc: 3.149677e-07 ustep: 1 
iter: 4  mgc: 3.774758e-15 
iter: 1  value: 5690.827 mgc: 0.4867049 ustep: 1 
iter: 2  value: 5690.827 mgc: 0.003398241 ustep: 1 
iter: 3  value: 5690.827 mgc: 2.778425e-07 ustep: 1 
iter: 4  mgc: 5.77316e-15 
iter: 1  value: 5691.443 mgc: 0.1845484 ustep: 1 
iter: 2  value: 5691.443 mgc: 0.0004625142 ustep: 1 
iter: 3  mgc: 5.184021e-09 
iter: 1  mgc: 5.184021e-09 
outer mgc:  1.02037 
iter: 1  value: 5691.352 mgc: 0.1765334 ustep: 1 
iter: 2  value: 5691.352 mgc: 0.0003048754 ustep: 1 
iter: 3  mgc: 1.40407e-09 
iter: 1  mgc: 1.40407e-09 
outer mgc:  0.9747737 
iter: 1  value: 5690.443 mgc: 0.2000621 ustep: 1 
iter: 2  value: 5690.443 mgc: 0.0001454065 ustep: 1 
iter: 3  mgc: 2.838352e-10 
iter: 1  mgc: 2.838352e-10 
outer mgc:  0.7471721 
iter: 1  value: 5689.561 mgc: 0.1805523 ustep: 1 
iter: 2  value: 5689.561 mgc: 4.137558e-05 ustep: 1 
iter: 3  mgc: 1.592992e-11 
iter: 1  value: 5688.414 mgc: 0.1943466 ustep: 1 
iter: 2  value: 5688.414 mgc: 8.450065e-05 ustep: 1 
iter: 3  mgc: 3.375877e-11 
iter: 1  value: 5684.321 mgc: 0.7227469 ustep: 1 
iter: 2  value: 5684.321 mgc: 0.0008084518 ustep: 1 
iter: 3  mgc: 2.409565e-09 
iter: 1  mgc: 2.409565e-09 
outer mgc:  0.6625218 
iter: 1  value: 5677.914 mgc: 1.263137 ustep: 1 
iter: 2  value: 5677.914 mgc: 0.001747445 ustep: 1 
iter: 3  value: 5677.914 mgc: 6.086752e-08 ustep: 1 
iter: 4  mgc: 3.996803e-15 
iter: 1  mgc: 3.996803e-15 
outer mgc:  0.7185622 
iter: 1  value: 5672.033 mgc: 1.331775 ustep: 1 
iter: 2  value: 5672.033 mgc: 0.000752988 ustep: 1 
iter: 3  mgc: 1.377496e-09 
iter: 1  mgc: 1.377496e-09 
outer mgc:  0.5147572 
iter: 1  value: 5666.208 mgc: 1.204308 ustep: 1 
iter: 2  value: 5666.208 mgc: 0.0008007083 ustep: 1 
iter: 3  value: 5666.208 mgc: 4.160582e-08 ustep: 1 
iter: 4  mgc: 4.662937e-15 
iter: 1  mgc: 4.662937e-15 
outer mgc:  1.05537 
iter: 1  value: 5660.202 mgc: 1.329635 ustep: 1 
iter: 2  value: 5660.202 mgc: 0.0002172349 ustep: 1 
iter: 3  mgc: 8.024967e-10 
iter: 1  mgc: 8.024967e-10 
outer mgc:  0.6384256 
iter: 1  value: 5654.416 mgc: 1.30428 ustep: 1 
iter: 2  value: 5654.416 mgc: 0.0003439091 ustep: 1 
iter: 3  mgc: 2.804997e-09 
iter: 1  mgc: 2.804997e-09 
outer mgc:  0.7378998 
iter: 1  value: 5648.295 mgc: 1.314943 ustep: 1 
iter: 2  value: 5648.295 mgc: 0.001261119 ustep: 1 
iter: 3  value: 5648.295 mgc: 4.441706e-08 ustep: 1 
mgc: 3.774758e-15 
iter: 1  mgc: 3.774758e-15 
outer mgc:  0.5044225 
iter: 1  value: 5642.054 mgc: 1.354538 ustep: 1 
iter: 2  value: 5642.054 mgc: 8.997002e-05 ustep: 1 
iter: 3  mgc: 3.422546e-10 
iter: 1  mgc: 3.422546e-10 
outer mgc:  0.2468024 
iter: 1  value: 5635.685 mgc: 1.37026 ustep: 1 
iter: 2  value: 5635.685 mgc: 0.0003439866 ustep: 1 
iter: 3  mgc: 4.376323e-09 
iter: 1  value: 5639.461 mgc: 0.5053572 ustep: 1 
iter: 2  value: 5639.461 mgc: 5.710641e-05 ustep: 1 
iter: 3  mgc: 1.19086e-10 
iter: 1  mgc: 1.19086e-10 
outer mgc:  0.2170977 
iter: 1  value: 5636.652 mgc: 0.4803766 ustep: 1 
iter: 2  value: 5636.652 mgc: 2.241274e-05 ustep: 1 
iter: 3  mgc: 1.457767e-11 
iter: 1  value: 5632.148 mgc: 0.8317745 ustep: 1 
iter: 2  value: 5632.148 mgc: 3.619267e-05 ustep: 1 
iter: 3  mgc: 3.740075e-11 
iter: 1  mgc: 3.740075e-11 
outer mgc:  0.3138769 
iter: 1  value: 5625.134 mgc: 1.472864 ustep: 1 
iter: 2  value: 5625.134 mgc: 6.312989e-05 ustep: 1 
iter: 3  mgc: 7.554712e-11 
iter: 1  mgc: 7.554712e-11 
outer mgc:  0.2051548 
iter: 1  value: 5618.074 mgc: 1.492631 ustep: 1 
iter: 2  value: 5618.074 mgc: 7.497422e-06 ustep: 1 
iter: 3  mgc: 1.142642e-12 
iter: 1  mgc: 1.142642e-12 
outer mgc:  0.09442976 
iter: 1  value: 5601.778 mgc: 4.365637 ustep: 1 
iter: 2  value: 5601.778 mgc: 3.182537e-05 ustep: 1 
iter: 3  mgc: 2.011946e-11 
iter: 1  mgc: 2.011946e-11 
outer mgc:  0.01210094 
iter: 1  value: 5589.84 mgc: 2.844513 ustep: 1 
iter: 2  value: 5589.84 mgc: 2.948788e-06 ustep: 1 
iter: 3  mgc: 2.455813e-13 
iter: 1  mgc: 2.455813e-13 
outer mgc:  0.02663441 
iter: 1  value: 5577.935 mgc: 2.84011 ustep: 1 
iter: 2  value: 5577.935 mgc: 3.453526e-07 ustep: 1 
iter: 3  mgc: 4.884981e-15 
iter: 1  mgc: 4.884981e-15 
outer mgc:  0.008635383 
iter: 1  value: 5563.309 mgc: 3.75855 ustep: 1 
iter: 2  value: 5563.309 mgc: 6.019657e-07 ustep: 1 
iter: 3  mgc: 1.199041e-14 
iter: 1  mgc: 1.199041e-14 
outer mgc:  0.002926618 
iter: 1  value: 5549.793 mgc: 3.372582 ustep: 1 
iter: 2  value: 5549.793 mgc: 5.013004e-07 ustep: 1 
iter: 3  mgc: 1.687539e-14 
iter: 1  mgc: 1.687539e-14 
outer mgc:  0.004386008 
iter: 1  value: 5536.258 mgc: 3.37499 ustep: 1 
iter: 2  value: 5536.258 mgc: 3.90424e-07 ustep: 1 
iter: 3  mgc: 1.021405e-14 
iter: 1  mgc: 1.021405e-14 
outer mgc:  0.001445832 
iter: 1  value: 5522.729 mgc: 3.374466 ustep: 1 
iter: 2  value: 5522.729 mgc: 3.215126e-07 ustep: 1 
iter: 3  mgc: 7.549517e-15 
iter: 1  mgc: 7.549517e-15 
outer mgc:  0.001398597 
iter: 1  value: 5509.192 mgc: 3.375141 ustep: 1 
iter: 2  value: 5509.192 mgc: 2.812058e-07 ustep: 1 
iter: 3  mgc: 4.884981e-15 
iter: 1  mgc: 4.884981e-15 
outer mgc:  0.001132134 
iter: 1  value: 5495.663 mgc: 3.374488 ustep: 1 
iter: 2  value: 5495.663 mgc: 1.67264e-07 ustep: 1 
iter: 3  mgc: 2.928213e-15 
iter: 1  mgc: 2.928213e-15 
outer mgc:  0.0003866583 
iter: 1  value: 5482.129 mgc: 3.374824 ustep: 1 
iter: 2  value: 5482.129 mgc: 8.930838e-08 ustep: 1 
iter: 3  mgc: 3.108624e-15 
iter: 1  mgc: 3.108624e-15 
outer mgc:  0.0002701187 
iter: 1  value: 5468.6 mgc: 3.374659 ustep: 1 
iter: 2  value: 5468.6 mgc: 3.962308e-08 ustep: 1 
iter: 3  mgc: 2.969847e-15 
iter: 1  mgc: 2.969847e-15 
outer mgc:  0.0001635306 
iter: 1  value: 5455.067 mgc: 3.374765 ustep: 1 
iter: 2  value: 5455.067 mgc: 1.419433e-08 ustep: 1 
mgc: 2.664535e-15 
iter: 1  mgc: 2.664535e-15 
outer mgc:  0.000195118 
iter: 1  value: 5441.536 mgc: 3.374781 ustep: 1 
iter: 2  mgc: 4.844075e-09 
iter: 1  mgc: 4.844075e-09 
outer mgc:  0.000215819 
iter: 1  value: 5428.004 mgc: 3.374746 ustep: 1 
iter: 2  mgc: 1.670977e-09 
iter: 1  mgc: 1.670977e-09 
outer mgc:  0.000203397 
iter: 1  value: 5414.472 mgc: 3.374791 ustep: 1 
iter: 2  mgc: 5.147078e-10 
iter: 1  mgc: 5.147078e-10 
outer mgc:  0.0001692972 
iter: 1  mgc: 5.147078e-10 
iter: 1  mgc: 5.147078e-10 
outer mgc:  0.0001692972 
iter: 1  value: 5414.471 mgc: 0.00457238 ustep: 1 
iter: 2  value: 5414.471 mgc: 2.755045e-07 ustep: 1 
iter: 3  mgc: 3.330669e-15 
outer mgc:  0.04574765 
iter: 1  value: 5414.473 mgc: 0.004568931 ustep: 1 
iter: 2  value: 5414.473 mgc: 2.754471e-07 ustep: 1 
iter: 3  mgc: 3.996803e-15 
outer mgc:  0.04588682 
iter: 1  value: 5414.472 mgc: 0.002894955 ustep: 1 
iter: 2  value: 5414.472 mgc: 1.397373e-07 ustep: 1 
iter: 3  mgc: 3.441691e-15 
outer mgc:  0.0270105 
iter: 1  value: 5414.473 mgc: 0.002893272 ustep: 1 
iter: 2  value: 5414.473 mgc: 1.397507e-07 ustep: 1 
iter: 3  mgc: 3.552714e-15 
outer mgc:  0.02724832 
iter: 1  value: 5414.474 mgc: 0.004449382 ustep: 1 
iter: 2  value: 5414.474 mgc: 2.273618e-08 ustep: 1 
mgc: 5.329071e-15 
outer mgc:  0.05944855 
iter: 1  value: 5414.471 mgc: 0.00444684 ustep: 1 
iter: 2  value: 5414.471 mgc: 2.270688e-08 ustep: 1 
mgc: 2.664535e-15 
outer mgc:  0.05969627 
iter: 1  value: 5414.473 mgc: 0.00211729 ustep: 1 
iter: 2  value: 5414.473 mgc: 1.12532e-08 ustep: 1 
mgc: 2.664535e-15 
outer mgc:  0.02212376 
iter: 1  value: 5414.472 mgc: 0.002115878 ustep: 1 
iter: 2  value: 5414.472 mgc: 1.123021e-08 ustep: 1 
mgc: 3.219647e-15 
outer mgc:  0.02213492 
iter: 1  value: 5414.47 mgc: 0.002210307 ustep: 1 
iter: 2  value: 5414.47 mgc: 1.972403e-07 ustep: 1 
iter: 3  mgc: 3.552714e-15 
outer mgc:  0.02057814 
iter: 1  value: 5414.475 mgc: 0.002208515 ustep: 1 
iter: 2  value: 5414.475 mgc: 1.969018e-07 ustep: 1 
iter: 3  mgc: 4.440892e-15 
outer mgc:  0.02051598 
iter: 1  value: 5414.472 mgc: 0.001084432 ustep: 1 
iter: 2  value: 5414.472 mgc: 7.783034e-08 ustep: 1 
iter: 3  mgc: 3.552714e-15 
outer mgc:  0.00864373 
iter: 1  value: 5414.473 mgc: 0.001083516 ustep: 1 
iter: 2  value: 5414.473 mgc: 7.773398e-08 ustep: 1 
iter: 3  mgc: 2.775558e-15 
outer mgc:  0.00864567 
iter: 1  value: 5414.474 mgc: 0.005019099 ustep: 1 
iter: 2  value: 5414.474 mgc: 4.416122e-08 ustep: 1 
iter: 3  mgc: 2.664535e-15 
outer mgc:  0.06803239 
iter: 1  value: 5414.47 mgc: 0.005016487 ustep: 1 
iter: 2  value: 5414.47 mgc: 4.404528e-08 ustep: 1 
iter: 3  mgc: 3.552714e-15 
outer mgc:  0.06765988 
iter: 1  value: 5414.474 mgc: 0.003102427 ustep: 1 
iter: 2  value: 5414.474 mgc: 5.190846e-08 ustep: 1 
iter: 3  mgc: 3.996803e-15 
outer mgc:  0.04394973 
iter: 1  value: 5414.471 mgc: 0.003101526 ustep: 1 
iter: 2  value: 5414.471 mgc: 5.179137e-08 ustep: 1 
iter: 3  mgc: 4.551914e-15 
outer mgc:  0.04359268 
iter: 1  value: 5414.471 mgc: 0.003554477 ustep: 1 
iter: 2  value: 5414.471 mgc: 3.426581e-07 ustep: 1 
iter: 3  mgc: 4.82947e-15 
outer mgc:  0.03397039 
iter: 1  value: 5414.474 mgc: 0.003552218 ustep: 1 
iter: 2  value: 5414.474 mgc: 3.427069e-07 ustep: 1 
iter: 3  mgc: 4.440892e-15 
outer mgc:  0.03398493 
iter: 1  value: 5414.472 mgc: 0.002714467 ustep: 1 
iter: 2  value: 5414.472 mgc: 1.826114e-07 ustep: 1 
iter: 3  mgc: 3.441691e-15 
outer mgc:  0.02931907 
iter: 1  value: 5414.473 mgc: 0.00271284 ustep: 1 
iter: 2  value: 5414.473 mgc: 1.828784e-07 ustep: 1 
iter: 3  mgc: 4.884981e-15 
outer mgc:  0.02936292 
iter: 1  value: 5414.479 mgc: 0.002826465 ustep: 1 
iter: 2  value: 5414.479 mgc: 1.42209e-07 ustep: 1 
iter: 3  mgc: 4.440892e-15 
outer mgc:  0.00282606 
iter: 1  value: 5414.466 mgc: 0.002829293 ustep: 1 
iter: 2  value: 5414.466 mgc: 1.420936e-07 ustep: 1 
iter: 3  mgc: 2.88658e-15 
outer mgc:  0.002978565 
iter: 1  value: 5414.482 mgc: 0.002875098 ustep: 1 
mgc: 3.219647e-15 
outer mgc:  0.0001692971 
iter: 1  value: 5414.462 mgc: 0.002877975 ustep: 1 
mgc: 4.440892e-15 
outer mgc:  0.0001692972 
iter: 1  value: 5414.478 mgc: 0.002338661 ustep: 1 
iter: 2  value: 5414.478 mgc: 3.475991e-07 ustep: 1 
iter: 3  mgc: 5.77316e-15 
outer mgc:  0.001743325 
iter: 1  value: 5414.466 mgc: 0.002341002 ustep: 1 
iter: 2  value: 5414.466 mgc: 3.472987e-07 ustep: 1 
iter: 3  mgc: 9.769963e-15 
outer mgc:  0.001896253 
iter: 1  value: 5414.482 mgc: 0.003620619 ustep: 1 
mgc: 2.88658e-15 
outer mgc:  0.0001692974 
iter: 1  value: 5414.462 mgc: 0.003624241 ustep: 1 
mgc: 3.108624e-15 
outer mgc:  0.000169297 
iter: 1  value: 5414.478 mgc: 0.002954512 ustep: 1 
iter: 2  value: 5414.478 mgc: 1.958514e-07 ustep: 1 
iter: 3  mgc: 4.884981e-15 
outer mgc:  0.002338412 
iter: 1  value: 5414.467 mgc: 0.002957468 ustep: 1 
iter: 2  value: 5414.467 mgc: 1.958002e-07 ustep: 1 
iter: 3  mgc: 3.719247e-15 
outer mgc:  0.002491849 
iter: 1  value: 5414.466 mgc: 0.003488856 ustep: 1 
iter: 2  value: 5414.466 mgc: 2.294771e-07 ustep: 1 
iter: 3  mgc: 3.108624e-15 
outer mgc:  0.0646979 
iter: 1  value: 5414.479 mgc: 0.003486511 ustep: 1 
iter: 2  value: 5414.479 mgc: 2.290011e-07 ustep: 1 
iter: 3  mgc: 6.883383e-15 
outer mgc:  0.06453818 
[Mon Aug 16 05:00:25 2021]
Finished job 0.
1 of 1 steps (100%) done
