Building DAG of jobs...
Using shell: /usr/bin/bash
Provided cores: 1 (use --cores to define parallelism)
Rules claiming more threads will be scaled down.
Job counts:
	count	jobs
	1	inference_simulation_TMB_multiple
	1

[Mon Aug 16 08:56:00 2021]
rule inference_simulation_TMB_multiple:
    input: ../data/assessing_models_simulation/datasets/multiple_GenerationJnorm3_20_100_10_5_0.05_NA_NA_NA_dataset1.RDS
    output: ../data/assessing_models_simulation/inference_results/TMB/nlminb/multiple_GenerationJnorm3_20_100_10_5_0.05_diagREDMsinglelambda_NA_NA_NA_dataset1.RDS
    log: logs/inference/nlminb/simulation_GenerationJnorm3_20_100_10_5_0.05_ModeldiagREDMsinglelambda_NA_NA_NA_dataset1.log
    jobid: 0
    wildcards: optimiser=nlminb, datasetgeneration=GenerationJnorm3, n=20, nlambda=100, lmbda=10, d=5, beta_intensity=0.05, model=diagREDMsinglelambda, fixed_beta_intercept=NA, fixed_beta_slope=NA, sdRE_input=NA, itnum=1

Rscript 2_inference_TMB/run_TMB.R --input ../data/assessing_models_simulation/datasets/multiple_GenerationJnorm3_20_100_10_5_0.05_NA_NA_NA_dataset1.RDS --output ../data/assessing_models_simulation/inference_results/TMB/nlminb/multiple_GenerationJnorm3_20_100_10_5_0.05_diagREDMsinglelambda_NA_NA_NA_dataset1.RDS --model diagREDMsinglelambda --optimiser nlminb
Model: diagREDMsinglelambda 
Feature type: signatures 
Using nlminb: TRUE 
Simulation boolean: TRUE 
make: Nothing to be done for 'all'.
../data/assessing_models_simulation/datasets/multiple_GenerationJnorm3_20_100_10_5_0.05_NA_NA_NA_dataset1.RDS[1] "../data/assessing_models_simulation/datasets/multiple_GenerationJnorm3_20_100_10_5_0.05_NA_NA_NA_dataset1.RDS"
Reading file ../data/assessing_models_simulation/datasets/multiple_GenerationJnorm3_20_100_10_5_0.05_NA_NA_NA_dataset1.RDS 
Loading required package: nnet
# weights:  15 (8 variable)
initial  value 6461.893218 
iter  10 value 6050.838788
final  value 6031.792854 
converged
Constructing atomic invpd
Constructing atomic D_lgamma
Constructing atomic invpd
Constructing atomic D_lgamma
Constructing atomic matmul
Constructing atomic invpd
Constructing atomic D_lgamma
Constructing atomic matmul
Optimizing tape... Done
iter: 1  value: 5378.681 mgc: 5.078054 ustep: 0.4367355 
iter: 2  value: 5353.069 mgc: 3.356724 ustep: 0.6608936 
iter: 3  value: 5348.218 mgc: 0.5690236 ustep: 0.8129723 
iter: 4  value: 5348.004 mgc: 0.1159116 ustep: 0.9016596 
iter: 5  value: 5348.001 mgc: 0.01311548 ustep: 0.9495626 
iter: 6  value: 5348.001 mgc: 0.0009026572 ustep: 0.9744576 
iter: 7  value: 5348.001 mgc: 3.186094e-05 ustep: 0.9871475 
iter: 8  value: 5348.001 mgc: 5.824091e-07 ustep: 0.9935536 
iter: 9  mgc: 5.438871e-09 
iter: 1  mgc: 5.438871e-09 
Matching hessian patterns... Done
outer mgc:  48.09131 
iter: 1  value: 5303.133 mgc: 1.746316 ustep: 1 
iter: 2  value: 5303.085 mgc: 0.211964 ustep: 1 
iter: 3  value: 5303.085 mgc: 0.003671517 ustep: 1 
iter: 4  value: 5303.085 mgc: 2.175371e-06 ustep: 1 
iter: 5  mgc: 5.800915e-13 
iter: 1  mgc: 5.800915e-13 
outer mgc:  8.601089 
iter: 1  value: 5281.407 mgc: 2.173389 ustep: 1 
iter: 2  value: 5281.179 mgc: 0.4650889 ustep: 1 
iter: 3  value: 5281.179 mgc: 0.01745428 ustep: 1 
iter: 4  value: 5281.179 mgc: 3.621221e-05 ustep: 1 
iter: 5  mgc: 1.570505e-10 
iter: 1  value: 5270.992 mgc: 3.631211 ustep: 1 
iter: 2  value: 5268.675 mgc: 1.932736 ustep: 1 
iter: 3  value: 5268.655 mgc: 0.1925491 ustep: 1 
iter: 4  value: 5268.655 mgc: 0.003912391 ustep: 1 
iter: 5  value: 5268.655 mgc: 1.942697e-06 ustep: 1 
iter: 6  mgc: 4.813649e-13 
iter: 1  mgc: 4.813649e-13 
outer mgc:  30.62281 
iter: 1  value: 5318.787 mgc: 7.491917 ustep: 1 
iter: 2  value: 5268.749 mgc: 10.907 ustep: 1 
iter: 3  value: 5266.116 mgc: 4.193855 ustep: 1 
iter: 4  value: 5266.107 mgc: 0.1604598 ustep: 1 
iter: 5  value: 5266.107 mgc: 0.002944144 ustep: 1 
iter: 6  value: 5266.107 mgc: 1.226223e-06 ustep: 1 
iter: 7  mgc: 2.096101e-13 
iter: 1  mgc: 2.096101e-13 
outer mgc:  17.73721 
iter: 1  value: 5293.89 mgc: 7.206574 ustep: 1 
iter: 2  value: 5270.497 mgc: 6.735398 ustep: 1 
iter: 3  value: 5270.226 mgc: 1.227654 ustep: 1 
iter: 4  value: 5270.226 mgc: 0.03569677 ustep: 1 
iter: 5  value: 5270.226 mgc: 4.742682e-05 ustep: 1 
iter: 6  mgc: 8.281037e-11 
iter: 1  value: 5257.852 mgc: 4.714817 ustep: 1 
iter: 2  value: 5250.554 mgc: 3.72447 ustep: 1 
iter: 3  value: 5250.52 mgc: 0.3691021 ustep: 1 
iter: 4  value: 5250.52 mgc: 0.007640164 ustep: 1 
iter: 5  value: 5250.52 mgc: 3.703696e-06 ustep: 1 
iter: 6  mgc: 8.73468e-13 
iter: 1  mgc: 8.73468e-13 
outer mgc:  7.435785 
iter: 1  value: 5233.408 mgc: 1.408243 ustep: 1 
iter: 2  value: 5233.407 mgc: 0.03508379 ustep: 1 
iter: 3  value: 5233.407 mgc: 6.118032e-05 ustep: 1 
iter: 4  mgc: 2.370988e-10 
iter: 1  mgc: 2.370988e-10 
outer mgc:  15.51578 
iter: 1  value: 5224.531 mgc: 2.768792 ustep: 1 
iter: 2  value: 5224.514 mgc: 0.1643479 ustep: 1 
iter: 3  value: 5224.514 mgc: 0.001638787 ustep: 1 
iter: 4  value: 5224.514 mgc: 1.96529e-07 ustep: 1 
iter: 5  mgc: 2.997602e-15 
iter: 1  mgc: 2.997602e-15 
outer mgc:  4.109858 
iter: 1  value: 5220.704 mgc: 3.483944 ustep: 1 
iter: 2  value: 5220.693 mgc: 0.1102464 ustep: 1 
iter: 3  value: 5220.693 mgc: 0.0004156695 ustep: 1 
iter: 4  mgc: 6.083491e-09 
iter: 1  value: 5221.262 mgc: 1.050221 ustep: 1 
iter: 2  value: 5221.261 mgc: 0.02258714 ustep: 1 
iter: 3  value: 5221.261 mgc: 1.850419e-05 ustep: 1 
iter: 4  mgc: 2.45306e-11 
iter: 1  mgc: 2.45306e-11 
outer mgc:  3.29855 
iter: 1  value: 5219.047 mgc: 0.957803 ustep: 1 
iter: 2  value: 5219.047 mgc: 0.01773069 ustep: 1 
iter: 3  value: 5219.047 mgc: 5.753615e-06 ustep: 1 
iter: 4  mgc: 8.792966e-13 
iter: 1  mgc: 8.792966e-13 
outer mgc:  1.2452 
iter: 1  value: 5216.46 mgc: 0.6671121 ustep: 1 
iter: 2  value: 5216.46 mgc: 0.02138334 ustep: 1 
iter: 3  value: 5216.46 mgc: 2.660289e-05 ustep: 1 
iter: 4  mgc: 4.480416e-11 
iter: 1  mgc: 4.480416e-11 
outer mgc:  2.369111 
iter: 1  value: 5213.993 mgc: 0.6140529 ustep: 1 
iter: 2  value: 5213.993 mgc: 0.006901487 ustep: 1 
iter: 3  value: 5213.993 mgc: 1.526762e-06 ustep: 1 
iter: 4  mgc: 7.283063e-14 
iter: 1  mgc: 7.283063e-14 
outer mgc:  1.30331 
iter: 1  value: 5212.635 mgc: 1.025587 ustep: 1 
iter: 2  value: 5212.635 mgc: 0.02095135 ustep: 1 
iter: 3  value: 5212.635 mgc: 1.103785e-05 ustep: 1 
iter: 4  mgc: 3.041345e-12 
iter: 1  value: 5213.373 mgc: 0.2736153 ustep: 1 
iter: 2  value: 5213.373 mgc: 0.001805084 ustep: 1 
iter: 3  value: 5213.373 mgc: 9.41819e-08 ustep: 1 
iter: 4  mgc: 3.330669e-15 
iter: 1  mgc: 3.330669e-15 
outer mgc:  0.9934569 
iter: 1  value: 5212.802 mgc: 0.2831879 ustep: 1 
iter: 2  value: 5212.802 mgc: 0.001489939 ustep: 1 
iter: 3  value: 5212.802 mgc: 5.168132e-08 ustep: 1 
iter: 4  mgc: 3.649858e-15 
iter: 1  mgc: 3.649858e-15 
outer mgc:  1.08156 
iter: 1  value: 5211.069 mgc: 0.4080329 ustep: 1 
iter: 2  value: 5211.069 mgc: 0.001703437 ustep: 1 
iter: 3  value: 5211.069 mgc: 3.833207e-08 ustep: 1 
mgc: 2.997602e-15 
iter: 1  mgc: 2.997602e-15 
outer mgc:  1.240423 
iter: 1  value: 5210.126 mgc: 0.438798 ustep: 1 
iter: 2  value: 5210.126 mgc: 0.003363515 ustep: 1 
iter: 3  value: 5210.126 mgc: 1.793556e-07 ustep: 1 
iter: 4  mgc: 2.498002e-15 
iter: 1  mgc: 2.498002e-15 
outer mgc:  1.829535 
iter: 1  value: 5208.144 mgc: 0.2331552 ustep: 1 
iter: 2  value: 5208.144 mgc: 0.001897189 ustep: 1 
iter: 3  value: 5208.144 mgc: 1.897509e-07 ustep: 1 
iter: 4  mgc: 3.330669e-15 
iter: 1  mgc: 3.330669e-15 
outer mgc:  0.5060983 
iter: 1  value: 5206.688 mgc: 0.3492045 ustep: 1 
iter: 2  value: 5206.688 mgc: 0.003525234 ustep: 1 
iter: 3  value: 5206.688 mgc: 3.222406e-07 ustep: 1 
iter: 4  mgc: 4.884981e-15 
iter: 1  mgc: 4.884981e-15 
outer mgc:  1.835781 
iter: 1  value: 5204.896 mgc: 0.4919758 ustep: 1 
iter: 2  value: 5204.896 mgc: 0.001721497 ustep: 1 
iter: 3  value: 5204.896 mgc: 5.695385e-08 ustep: 1 
iter: 4  mgc: 3.552714e-15 
iter: 1  mgc: 3.552714e-15 
outer mgc:  0.7703386 
iter: 1  value: 5203.422 mgc: 0.3693843 ustep: 1 
iter: 2  value: 5203.422 mgc: 0.001824467 ustep: 1 
iter: 3  value: 5203.422 mgc: 1.481524e-07 ustep: 1 
iter: 4  mgc: 3.108624e-15 
iter: 1  mgc: 3.108624e-15 
outer mgc:  1.402301 
iter: 1  value: 5201.457 mgc: 0.3787852 ustep: 1 
iter: 2  value: 5201.457 mgc: 0.001106082 ustep: 1 
iter: 3  value: 5201.457 mgc: 4.865323e-08 ustep: 1 
mgc: 3.552714e-15 
iter: 1  value: 5198.759 mgc: 0.4098241 ustep: 1 
iter: 2  value: 5198.759 mgc: 0.002534166 ustep: 1 
iter: 3  value: 5198.759 mgc: 2.185631e-07 ustep: 1 
iter: 4  mgc: 3.552714e-15 
iter: 1  value: 5193.172 mgc: 0.9646677 ustep: 1 
iter: 2  value: 5193.172 mgc: 0.007931751 ustep: 1 
iter: 3  value: 5193.172 mgc: 1.58513e-06 ustep: 1 
iter: 4  mgc: 6.084022e-14 
iter: 1  mgc: 6.084022e-14 
outer mgc:  1.139997 
iter: 1  value: 5183.844 mgc: 2.415349 ustep: 1 
iter: 2  value: 5183.844 mgc: 0.01083796 ustep: 1 
iter: 3  value: 5183.844 mgc: 1.884068e-06 ustep: 1 
iter: 4  mgc: 4.574119e-14 
iter: 1  value: 5191.352 mgc: 0.5409113 ustep: 1 
iter: 2  value: 5191.352 mgc: 0.001099296 ustep: 1 
iter: 3  value: 5191.352 mgc: 2.550676e-08 ustep: 1 
mgc: 2.88658e-15 
iter: 1  mgc: 2.88658e-15 
outer mgc:  0.9268035 
iter: 1  value: 5189.379 mgc: 0.3673009 ustep: 1 
iter: 2  value: 5189.379 mgc: 0.0004547228 ustep: 1 
iter: 3  mgc: 2.04234e-09 
iter: 1  mgc: 2.04234e-09 
outer mgc:  0.4607381 
iter: 1  value: 5187.428 mgc: 0.3368285 ustep: 1 
iter: 2  value: 5187.428 mgc: 0.000355299 ustep: 1 
iter: 3  mgc: 2.415896e-09 
iter: 1  mgc: 2.415896e-09 
outer mgc:  0.4547041 
iter: 1  value: 5185.432 mgc: 0.4180752 ustep: 1 
iter: 2  value: 5185.432 mgc: 0.0005463307 ustep: 1 
iter: 3  mgc: 5.177789e-09 
iter: 1  mgc: 5.177789e-09 
outer mgc:  0.5285317 
iter: 1  value: 5183.238 mgc: 0.3671771 ustep: 1 
iter: 2  value: 5183.238 mgc: 0.0002472986 ustep: 1 
iter: 3  mgc: 1.013251e-09 
iter: 1  mgc: 1.013251e-09 
outer mgc:  0.3193452 
iter: 1  value: 5181.158 mgc: 0.4739329 ustep: 1 
iter: 2  value: 5181.158 mgc: 0.0001718678 ustep: 1 
iter: 3  mgc: 5.057417e-10 
iter: 1  mgc: 5.057417e-10 
outer mgc:  0.1730043 
iter: 1  value: 5179.101 mgc: 0.4287789 ustep: 1 
iter: 2  value: 5179.101 mgc: 0.0001497058 ustep: 1 
iter: 3  mgc: 2.034601e-10 
iter: 1  mgc: 2.034601e-10 
outer mgc:  0.1455296 
iter: 1  value: 5177.518 mgc: 0.3899774 ustep: 1 
iter: 2  value: 5177.518 mgc: 0.0001398945 ustep: 1 
iter: 3  mgc: 2.337601e-10 
iter: 1  mgc: 2.337601e-10 
outer mgc:  0.1821101 
iter: 1  value: 5177.385 mgc: 0.06033108 ustep: 1 
iter: 2  value: 5177.385 mgc: 2.35177e-05 ustep: 1 
iter: 3  mgc: 4.895639e-12 
iter: 1  mgc: 4.895639e-12 
outer mgc:  0.07709981 
iter: 1  value: 5177.303 mgc: 0.07505543 ustep: 1 
iter: 2  value: 5177.303 mgc: 9.212196e-06 ustep: 1 
iter: 3  mgc: 1.203038e-12 
iter: 1  mgc: 1.203038e-12 
outer mgc:  0.03501342 
iter: 1  value: 5177.19 mgc: 0.08122704 ustep: 1 
iter: 2  value: 5177.19 mgc: 6.496641e-06 ustep: 1 
iter: 3  mgc: 6.017409e-13 
iter: 1  value: 5177.039 mgc: 0.1090858 ustep: 1 
iter: 2  value: 5177.039 mgc: 1.17889e-05 ustep: 1 
iter: 3  mgc: 2.012168e-12 
iter: 1  mgc: 2.012168e-12 
outer mgc:  0.06258653 
iter: 1  value: 5176.74 mgc: 0.1936869 ustep: 1 
iter: 2  value: 5176.74 mgc: 2.000978e-05 ustep: 1 
iter: 3  mgc: 6.071144e-12 
iter: 1  mgc: 6.071144e-12 
outer mgc:  0.03035834 
iter: 1  value: 5176.525 mgc: 0.1828421 ustep: 1 
iter: 2  value: 5176.525 mgc: 1.364249e-05 ustep: 1 
iter: 3  mgc: 1.488476e-12 
iter: 1  mgc: 1.488476e-12 
outer mgc:  0.01118311 
iter: 1  value: 5176.389 mgc: 0.1692754 ustep: 1 
iter: 2  value: 5176.389 mgc: 8.849478e-06 ustep: 1 
iter: 3  mgc: 8.544276e-13 
iter: 1  mgc: 8.544276e-13 
outer mgc:  0.02481822 
iter: 1  value: 5175.989 mgc: 0.4020745 ustep: 1 
iter: 2  value: 5175.989 mgc: 7.553005e-05 ustep: 1 
iter: 3  mgc: 3.367751e-11 
iter: 1  mgc: 3.367751e-11 
outer mgc:  0.04548761 
iter: 1  value: 5175.615 mgc: 0.2322906 ustep: 1 
iter: 2  value: 5175.615 mgc: 7.379538e-05 ustep: 1 
iter: 3  mgc: 7.584688e-11 
iter: 1  mgc: 7.584688e-11 
outer mgc:  0.02607402 
iter: 1  value: 5175.322 mgc: 0.06339111 ustep: 1 
iter: 2  value: 5175.322 mgc: 3.9029e-05 ustep: 1 
iter: 3  mgc: 2.044409e-11 
iter: 1  mgc: 2.044409e-11 
outer mgc:  0.00612775 
iter: 1  value: 5175.29 mgc: 0.01485663 ustep: 1 
iter: 2  value: 5175.29 mgc: 1.066955e-06 ustep: 1 
iter: 3  mgc: 1.554312e-14 
iter: 1  mgc: 1.554312e-14 
outer mgc:  0.001153783 
iter: 1  value: 5175.307 mgc: 0.006695916 ustep: 1 
iter: 2  value: 5175.307 mgc: 1.090942e-08 ustep: 1 
mgc: 2.664535e-15 
iter: 1  mgc: 2.664535e-15 
outer mgc:  0.0001556603 
iter: 1  mgc: 2.664535e-15 
iter: 1  mgc: 2.664535e-15 
outer mgc:  0.0001556603 
iter: 1  value: 5175.306 mgc: 0.002960833 ustep: 1 
iter: 2  value: 5175.306 mgc: 8.198885e-08 ustep: 1 
iter: 3  mgc: 3.996803e-15 
outer mgc:  0.03261916 
iter: 1  value: 5175.308 mgc: 0.002958505 ustep: 1 
iter: 2  value: 5175.308 mgc: 8.1865e-08 ustep: 1 
iter: 3  mgc: 2.220446e-15 
outer mgc:  0.0328391 
iter: 1  value: 5175.307 mgc: 0.001800976 ustep: 1 
iter: 2  value: 5175.307 mgc: 2.858005e-08 ustep: 1 
mgc: 2.442491e-15 
outer mgc:  0.02035072 
iter: 1  value: 5175.308 mgc: 0.001799844 ustep: 1 
iter: 2  value: 5175.308 mgc: 2.855067e-08 ustep: 1 
mgc: 3.108624e-15 
outer mgc:  0.02042673 
iter: 1  value: 5175.308 mgc: 0.004816118 ustep: 1 
iter: 2  value: 5175.308 mgc: 1.11307e-07 ustep: 1 
iter: 3  mgc: 2.442491e-15 
outer mgc:  0.05752344 
iter: 1  value: 5175.306 mgc: 0.004813841 ustep: 1 
iter: 2  value: 5175.306 mgc: 1.109902e-07 ustep: 1 
iter: 3  mgc: 2.88658e-15 
outer mgc:  0.05746678 
iter: 1  value: 5175.308 mgc: 0.002708514 ustep: 1 
iter: 2  value: 5175.308 mgc: 3.321433e-08 ustep: 1 
mgc: 2.88658e-15 
outer mgc:  0.03148042 
iter: 1  value: 5175.307 mgc: 0.002707692 ustep: 1 
iter: 2  value: 5175.307 mgc: 3.315704e-08 ustep: 1 
mgc: 3.108624e-15 
outer mgc:  0.03149386 
iter: 1  value: 5175.306 mgc: 0.004459011 ustep: 1 
iter: 2  value: 5175.306 mgc: 4.584294e-07 ustep: 1 
iter: 3  mgc: 7.105427e-15 
outer mgc:  0.0350285 
iter: 1  value: 5175.308 mgc: 0.004456615 ustep: 1 
iter: 2  value: 5175.308 mgc: 4.58968e-07 ustep: 1 
iter: 3  mgc: 7.327472e-15 
outer mgc:  0.03503194 
iter: 1  value: 5175.307 mgc: 0.002552875 ustep: 1 
iter: 2  value: 5175.307 mgc: 1.732594e-07 ustep: 1 
iter: 3  mgc: 3.552714e-15 
outer mgc:  0.02584844 
iter: 1  value: 5175.308 mgc: 0.002551641 ustep: 1 
iter: 2  value: 5175.308 mgc: 1.733354e-07 ustep: 1 
iter: 3  mgc: 3.108624e-15 
outer mgc:  0.02580528 
iter: 1  value: 5175.307 mgc: 0.00325184 ustep: 1 
iter: 2  value: 5175.307 mgc: 3.569762e-08 ustep: 1 
mgc: 2.88658e-15 
outer mgc:  0.0345311 
iter: 1  value: 5175.308 mgc: 0.003249615 ustep: 1 
iter: 2  value: 5175.308 mgc: 3.56508e-08 ustep: 1 
mgc: 3.330669e-15 
outer mgc:  0.03459308 
iter: 1  value: 5175.307 mgc: 0.001963135 ustep: 1 
iter: 2  value: 5175.307 mgc: 1.249356e-08 ustep: 1 
mgc: 2.88658e-15 
outer mgc:  0.02022699 
iter: 1  value: 5175.307 mgc: 0.001961855 ustep: 1 
iter: 2  value: 5175.307 mgc: 1.247914e-08 ustep: 1 
mgc: 2.664535e-15 
outer mgc:  0.02026421 
iter: 1  value: 5175.316 mgc: 0.002920818 ustep: 1 
iter: 2  value: 5175.316 mgc: 9.367275e-08 ustep: 1 
iter: 3  mgc: 3.552714e-15 
outer mgc:  0.001038886 
iter: 1  value: 5175.299 mgc: 0.00292374 ustep: 1 
iter: 2  value: 5175.299 mgc: 9.35025e-08 ustep: 1 
iter: 3  mgc: 3.552714e-15 
outer mgc:  0.001349641 
iter: 1  value: 5175.317 mgc: 0.003610906 ustep: 1 
iter: 2  mgc: 3.137549e-09 
outer mgc:  0.0003444115 
iter: 1  value: 5175.298 mgc: 0.003614519 ustep: 1 
iter: 2  mgc: 3.131746e-09 
outer mgc:  0.0006553102 
iter: 1  value: 5175.312 mgc: 0.002484477 ustep: 1 
iter: 2  value: 5175.312 mgc: 1.494861e-07 ustep: 1 
iter: 3  mgc: 2.664535e-15 
outer mgc:  0.003155379 
iter: 1  value: 5175.303 mgc: 0.002486962 ustep: 1 
iter: 2  value: 5175.303 mgc: 1.494879e-07 ustep: 1 
iter: 3  mgc: 2.442491e-15 
outer mgc:  0.003468336 
iter: 1  value: 5175.316 mgc: 0.002837436 ustep: 1 
iter: 2  value: 5175.316 mgc: 1.723433e-08 ustep: 1 
mgc: 3.108624e-15 
outer mgc:  0.0004813815 
iter: 1  value: 5175.298 mgc: 0.002840275 ustep: 1 
iter: 2  value: 5175.298 mgc: 1.721008e-08 ustep: 1 
mgc: 2.442491e-15 
outer mgc:  0.0007922859 
iter: 1  value: 5175.302 mgc: 0.003092145 ustep: 1 
iter: 2  value: 5175.302 mgc: 1.447289e-07 ustep: 1 
iter: 3  mgc: 3.108624e-15 
outer mgc:  0.0631279 
iter: 1  value: 5175.312 mgc: 0.003089966 ustep: 1 
iter: 2  value: 5175.312 mgc: 1.446238e-07 ustep: 1 
iter: 3  mgc: 5.107026e-15 
outer mgc:  0.06280079 
[Mon Aug 16 08:56:03 2021]
Finished job 0.
1 of 1 steps (100%) done
