Building DAG of jobs...
Using shell: /usr/bin/bash
Provided cores: 40
Rules claiming more threads will be scaled down.
Job counts:
	count	jobs
	1	inference_simulation_TMB_multiple
	1
Select jobs to execute...

[Sun Aug 15 16:11:01 2021]
rule inference_simulation_TMB_multiple:
    input: ../data/assessing_models_simulation/datasets/multiple_GenerationCnorm_100_100_10_5_0.6_NA_NA_NA_dataset0.RDS
    output: ../data/assessing_models_simulation/inference_results/TMB/nlminb/multiple_GenerationCnorm_100_100_10_5_0.6_fullREM_NA_NA_NA_dataset0.RDS
    log: logs/inference/nlminb/simulation_GenerationCnorm_100_100_10_5_0.6_ModelfullREM_NA_NA_NA_dataset0.log
    jobid: 0
    wildcards: optimiser=nlminb, datasetgeneration=GenerationCnorm, n=100, nlambda=100, lmbda=10, d=5, beta_intensity=0.6, model=fullREM, fixed_beta_intercept=NA, fixed_beta_slope=NA, sdRE_input=NA, itnum=0

Rscript 2_inference_TMB/run_TMB.R --input ../data/assessing_models_simulation/datasets/multiple_GenerationCnorm_100_100_10_5_0.6_NA_NA_NA_dataset0.RDS --output ../data/assessing_models_simulation/inference_results/TMB/nlminb/multiple_GenerationCnorm_100_100_10_5_0.6_fullREM_NA_NA_NA_dataset0.RDS --model fullREM --optimiser nlminb
Model: fullREM 
Feature type: signatures 
Using nlminb: TRUE 
Simulation boolean: TRUE 
make: Nothing to be done for 'all'.
../data/assessing_models_simulation/datasets/multiple_GenerationCnorm_100_100_10_5_0.6_NA_NA_NA_dataset0.RDS[1] "../data/assessing_models_simulation/datasets/multiple_GenerationCnorm_100_100_10_5_0.6_NA_NA_NA_dataset0.RDS"
Reading file ../data/assessing_models_simulation/datasets/multiple_GenerationCnorm_100_100_10_5_0.6_NA_NA_NA_dataset0.RDS 
Loading required package: nnet
# weights:  15 (8 variable)
initial  value 32304.637778 
iter  10 value 28218.631332
final  value 27568.639848 
converged
Order of parameters:
[1] "beta"       "u_large"    "logs_sd_RE" "cov_par_RE"
Not matching template order:
[1] "beta"       "u_large"    "cov_par_RE" "logs_sd_RE"
Your parameter list has been re-ordered.
(Disable this warning with checkParameterOrder=FALSE)
Constructing atomic invpd
Constructing atomic D_lgamma
Constructing atomic invpd
Constructing atomic D_lgamma
Constructing atomic matmul
Constructing atomic invpd
Constructing atomic D_lgamma
Constructing atomic matmul
Optimizing tape... Done
iter: 1  value: 18184.72 mgc: 116.0864 ustep: 1 
iter: 2  value: 12738.72 mgc: 134.6229 ustep: 0.0692153 
iter: 3  value: 11560.63 mgc: 131.9817 ustep: 0.07349008 
iter: 4  value: 10768 mgc: 135.9813 ustep: 0.07601519 
iter: 5  value: 10520.57 mgc: 123.5584 ustep: 0.07748181 
iter: 6  value: 7157.573 mgc: 131.0069 ustep: 0.03995728 
iter: 7  value: 6983.289 mgc: 45.41011 ustep: 0.1999732 
iter: 8  value: 6958.701 mgc: 10.93062 ustep: 0.4472389 
iter: 9  value: 6955.593 mgc: 0.786311 ustep: 0.6687923 
iter: 10  value: 6955.305 mgc: 0.2336386 ustep: 0.8178155 
iter: 11  value: 6955.276 mgc: 0.0645806 ustep: 0.9043411 
iter: 12  value: 6955.274 mgc: 0.0185847 ustep: 0.9509734 
iter: 13  value: 6955.274 mgc: 0.00304512 ustep: 0.9751811 
iter: 14  value: 6955.274 mgc: 0.000255798 ustep: 0.9875138 
iter: 15  value: 6955.274 mgc: 1.11545e-05 ustep: 0.9937379 
iter: 16  value: 6955.274 mgc: 2.497816e-07 ustep: 0.9968644 
iter: 17  mgc: 2.805686e-09 
iter: 1  mgc: 2.805686e-09 
Matching hessian patterns... Done
outer mgc:  1130.168 
iter: 1  value: 5591.228 mgc: 20.89708 ustep: 1 
iter: 2  value: 5578.26 mgc: 5.678331 ustep: 1 
iter: 3  value: 5578.233 mgc: 0.4890726 ustep: 1 
iter: 4  value: 5578.233 mgc: 0.00480109 ustep: 1 
iter: 5  value: 5578.233 mgc: 4.744778e-07 ustep: 1 
iter: 6  mgc: 4.224399e-14 
iter: 1  value: 4786.565 mgc: 28.31215 ustep: 1 
iter: 2  value: 4751.595 mgc: 7.8827 ustep: 1 
iter: 3  value: 4751.496 mgc: 0.8575652 ustep: 1 
iter: 4  value: 4751.496 mgc: 0.01468166 ustep: 1 
iter: 5  value: 4751.496 mgc: 4.496921e-06 ustep: 1 
iter: 6  mgc: 4.217737e-13 
iter: 1  mgc: 4.217737e-13 
outer mgc:  659.3814 
iter: 1  value: 4670.197 mgc: 45.02325 ustep: 1 
iter: 2  value: 4653.127 mgc: 5.834233 ustep: 1 
iter: 3  value: 4653.103 mgc: 0.4081724 ustep: 1 
iter: 4  value: 4653.103 mgc: 0.007340072 ustep: 1 
iter: 5  value: 4653.103 mgc: 2.525643e-06 ustep: 1 
iter: 6  mgc: 2.9865e-13 
iter: 1  mgc: 2.9865e-13 
outer mgc:  1327.055 
iter: 1  value: 3923.216 mgc: 45.84196 ustep: 1 
iter: 2  value: 3868.489 mgc: 16.01706 ustep: 1 
iter: 3  value: 3868.348 mgc: 1.068088 ustep: 1 
iter: 4  value: 3868.348 mgc: 0.0111354 ustep: 1 
iter: 5  value: 3868.348 mgc: 1.811438e-06 ustep: 1 
iter: 6  mgc: 1.781908e-13 
iter: 1  mgc: 1.781908e-13 
outer mgc:  312.0499 
iter: 1  value: 3735.159 mgc: 20.68277 ustep: 1 
iter: 2  value: 3729.619 mgc: 2.69337 ustep: 1 
iter: 3  value: 3729.609 mgc: 0.1513783 ustep: 1 
iter: 4  value: 3729.609 mgc: 0.004162977 ustep: 1 
iter: 5  value: 3729.609 mgc: 4.96794e-06 ustep: 1 
iter: 6  mgc: 7.094769e-12 
iter: 1  mgc: 7.094769e-12 
outer mgc:  295.509 
iter: 1  value: 3667 mgc: 23.22662 ustep: 1 
iter: 2  value: 3665.866 mgc: 2.125659 ustep: 1 
iter: 3  value: 3665.865 mgc: 0.06101145 ustep: 1 
iter: 4  value: 3665.865 mgc: 0.0004284502 ustep: 1 
iter: 5  value: 3665.865 mgc: 2.862259e-08 ustep: 1 
iter: 6  mgc: 4.662937e-14 
iter: 1  mgc: 4.662937e-14 
outer mgc:  273.868 
iter: 1  value: 3655.357 mgc: 52.66684 ustep: 1 
iter: 2  value: 3581.555 mgc: 10.54124 ustep: 1 
iter: 3  value: 3581.178 mgc: 1.199304 ustep: 1 
iter: 4  value: 3581.178 mgc: 0.04088548 ustep: 1 
iter: 5  value: 3581.178 mgc: 5.168204e-05 ustep: 1 
iter: 6  mgc: 8.277468e-11 
iter: 1  mgc: 8.277468e-11 
outer mgc:  106.4629 
iter: 1  value: 3955.676 mgc: 47.11804 ustep: 1 
iter: 2  value: 3607.145 mgc: 33.44108 ustep: 1 
iter: 3  value: 3601.861 mgc: 3.370947 ustep: 1 
iter: 4  value: 3601.855 mgc: 0.1954636 ustep: 1 
iter: 5  value: 3601.855 mgc: 0.000860548 ustep: 1 
iter: 6  value: 3601.855 mgc: 3.382383e-08 ustep: 1 
iter: 7  mgc: 3.863576e-14 
iter: 1  value: 3556.513 mgc: 26.26628 ustep: 1 
iter: 2  value: 3555.004 mgc: 2.132547 ustep: 1 
iter: 3  value: 3555.003 mgc: 0.02194174 ustep: 1 
iter: 4  value: 3555.003 mgc: 2.23703e-05 ustep: 1 
iter: 5  mgc: 1.032973e-10 
iter: 1  mgc: 1.032973e-10 
outer mgc:  177.8216 
iter: 1  value: 3606.75 mgc: 28.86337 ustep: 1 
iter: 2  value: 3604.318 mgc: 2.111477 ustep: 1 
iter: 3  value: 3604.317 mgc: 0.03827664 ustep: 1 
iter: 4  value: 3604.317 mgc: 1.339119e-05 ustep: 1 
iter: 5  mgc: 1.651346e-12 
iter: 1  value: 3536.98 mgc: 10.93899 ustep: 1 
iter: 2  value: 3536.921 mgc: 0.3409327 ustep: 1 
iter: 3  value: 3536.921 mgc: 0.001120058 ustep: 1 
iter: 4  value: 3536.921 mgc: 1.223963e-08 ustep: 1 
mgc: 4.174439e-14 
iter: 1  mgc: 4.174439e-14 
outer mgc:  73.1998 
iter: 1  value: 3527.125 mgc: 2.566529 ustep: 1 
iter: 2  value: 3527.124 mgc: 0.02983321 ustep: 1 
iter: 3  value: 3527.124 mgc: 3.196454e-05 ustep: 1 
iter: 4  mgc: 1.933307e-10 
iter: 1  mgc: 1.933307e-10 
outer mgc:  31.30971 
iter: 1  value: 3521.518 mgc: 4.688797 ustep: 1 
iter: 2  value: 3521.513 mgc: 0.09292809 ustep: 1 
iter: 3  value: 3521.513 mgc: 9.286555e-05 ustep: 1 
iter: 4  mgc: 6.785315e-10 
iter: 1  mgc: 6.785315e-10 
outer mgc:  56.64365 
iter: 1  value: 3514.162 mgc: 3.732165 ustep: 1 
iter: 2  value: 3514.161 mgc: 0.05504523 ustep: 1 
iter: 3  value: 3514.161 mgc: 4.724797e-05 ustep: 1 
iter: 4  mgc: 4.273586e-10 
iter: 1  mgc: 4.273586e-10 
outer mgc:  22.11903 
iter: 1  value: 3509.995 mgc: 5.470726 ustep: 1 
iter: 2  value: 3509.991 mgc: 0.1037021 ustep: 1 
iter: 3  value: 3509.991 mgc: 9.433308e-05 ustep: 1 
iter: 4  mgc: 7.846701e-11 
iter: 1  mgc: 7.846701e-11 
outer mgc:  28.7221 
iter: 1  value: 3507.21 mgc: 5.123756 ustep: 1 
iter: 2  value: 3507.206 mgc: 0.07395164 ustep: 1 
iter: 3  value: 3507.206 mgc: 8.061753e-05 ustep: 1 
iter: 4  mgc: 2.287766e-10 
iter: 1  mgc: 2.287766e-10 
outer mgc:  51.50773 
iter: 1  value: 3505.723 mgc: 3.582427 ustep: 1 
iter: 2  value: 3505.723 mgc: 0.0420576 ustep: 1 
iter: 3  value: 3505.723 mgc: 2.223321e-05 ustep: 1 
iter: 4  mgc: 6.600276e-11 
iter: 1  mgc: 6.600276e-11 
outer mgc:  65.97386 
iter: 1  value: 3502.085 mgc: 3.06357 ustep: 1 
iter: 2  value: 3502.085 mgc: 0.03283167 ustep: 1 
iter: 3  value: 3502.085 mgc: 9.907072e-06 ustep: 1 
iter: 4  mgc: 9.066081e-13 
iter: 1  mgc: 9.066081e-13 
outer mgc:  22.16157 
iter: 1  value: 3501.608 mgc: 4.466713 ustep: 1 
iter: 2  value: 3501.605 mgc: 0.06782931 ustep: 1 
iter: 3  value: 3501.605 mgc: 4.158103e-05 ustep: 1 
iter: 4  mgc: 1.56879e-11 
iter: 1  mgc: 1.56879e-11 
outer mgc:  39.22346 
iter: 1  value: 3500.193 mgc: 1.60411 ustep: 1 
iter: 2  value: 3500.193 mgc: 0.02195838 ustep: 1 
iter: 3  value: 3500.193 mgc: 1.663796e-05 ustep: 1 
iter: 4  mgc: 9.528378e-12 
iter: 1  mgc: 9.528378e-12 
outer mgc:  15.52245 
iter: 1  value: 3499.294 mgc: 1.715506 ustep: 1 
iter: 2  value: 3499.294 mgc: 0.01260114 ustep: 1 
iter: 3  value: 3499.294 mgc: 1.19722e-06 ustep: 1 
iter: 4  mgc: 2.473577e-13 
iter: 1  mgc: 2.473577e-13 
outer mgc:  12.9489 
iter: 1  value: 3499.011 mgc: 2.821377 ustep: 1 
iter: 2  value: 3499.01 mgc: 0.03151096 ustep: 1 
iter: 3  value: 3499.01 mgc: 1.248728e-05 ustep: 1 
iter: 4  mgc: 2.996492e-12 
iter: 1  mgc: 2.996492e-12 
outer mgc:  15.77255 
iter: 1  value: 3498.631 mgc: 3.309463 ustep: 1 
iter: 2  value: 3498.631 mgc: 0.03152489 ustep: 1 
iter: 3  value: 3498.631 mgc: 1.248219e-05 ustep: 1 
iter: 4  mgc: 5.032641e-12 
iter: 1  mgc: 5.032641e-12 
outer mgc:  18.32947 
iter: 1  value: 3498.319 mgc: 2.169543 ustep: 1 
iter: 2  value: 3498.319 mgc: 0.01284406 ustep: 1 
iter: 3  value: 3498.319 mgc: 2.150449e-06 ustep: 1 
iter: 4  mgc: 1.090239e-13 
iter: 1  mgc: 1.090239e-13 
outer mgc:  26.17458 
iter: 1  value: 3498.018 mgc: 1.534378 ustep: 1 
iter: 2  value: 3498.018 mgc: 0.00695292 ustep: 1 
iter: 3  value: 3498.018 mgc: 4.698074e-07 ustep: 1 
iter: 4  mgc: 4.485301e-14 
iter: 1  mgc: 4.485301e-14 
outer mgc:  16.62721 
iter: 1  value: 3498.03 mgc: 1.948361 ustep: 1 
iter: 2  value: 3498.03 mgc: 0.01419216 ustep: 1 
iter: 3  value: 3498.03 mgc: 1.93668e-06 ustep: 1 
iter: 4  mgc: 8.038015e-14 
iter: 1  mgc: 8.038015e-14 
outer mgc:  5.488498 
iter: 1  value: 3497.894 mgc: 2.171511 ustep: 1 
iter: 2  value: 3497.893 mgc: 0.01668741 ustep: 1 
iter: 3  value: 3497.893 mgc: 2.143301e-06 ustep: 1 
iter: 4  mgc: 4.840572e-14 
iter: 1  value: 3497.875 mgc: 1.215459 ustep: 1 
iter: 2  value: 3497.875 mgc: 0.005049315 ustep: 1 
iter: 3  value: 3497.875 mgc: 2.254122e-07 ustep: 1 
iter: 4  mgc: 3.730349e-14 
iter: 1  mgc: 3.730349e-14 
outer mgc:  4.76165 
iter: 1  value: 3497.738 mgc: 0.5274114 ustep: 1 
iter: 2  value: 3497.738 mgc: 0.001082599 ustep: 1 
iter: 3  value: 3497.738 mgc: 1.04642e-08 ustep: 1 
mgc: 5.351275e-14 
iter: 1  value: 3497.782 mgc: 0.3037394 ustep: 1 
iter: 2  value: 3497.782 mgc: 0.0004285778 ustep: 1 
iter: 3  mgc: 1.731499e-09 
iter: 1  mgc: 1.731499e-09 
outer mgc:  1.841042 
iter: 1  value: 3497.719 mgc: 0.3039919 ustep: 1 
iter: 2  value: 3497.719 mgc: 0.0003626447 ustep: 1 
iter: 3  mgc: 1.636585e-09 
iter: 1  mgc: 1.636585e-09 
outer mgc:  2.867065 
iter: 1  value: 3497.68 mgc: 0.2251654 ustep: 1 
iter: 2  value: 3497.68 mgc: 0.0002172426 ustep: 1 
iter: 3  mgc: 4.10995e-10 
iter: 1  mgc: 4.10995e-10 
outer mgc:  3.136769 
iter: 1  value: 3497.712 mgc: 0.2505986 ustep: 1 
iter: 2  value: 3497.712 mgc: 0.0002050528 ustep: 1 
iter: 3  mgc: 2.675249e-10 
iter: 1  mgc: 2.675249e-10 
outer mgc:  2.024879 
iter: 1  value: 3497.727 mgc: 0.1868958 ustep: 1 
iter: 2  value: 3497.727 mgc: 0.0001052462 ustep: 1 
iter: 3  mgc: 1.214715e-10 
iter: 1  mgc: 1.214715e-10 
outer mgc:  1.002613 
iter: 1  value: 3497.484 mgc: 0.1901199 ustep: 1 
iter: 2  value: 3497.484 mgc: 0.0002251636 ustep: 1 
iter: 3  mgc: 4.136771e-10 
iter: 1  mgc: 4.136771e-10 
outer mgc:  1.108532 
iter: 1  value: 3497.641 mgc: 0.1015658 ustep: 1 
iter: 2  value: 3497.641 mgc: 0.0001980925 ustep: 1 
iter: 3  mgc: 5.915545e-09 
iter: 1  mgc: 5.915545e-09 
outer mgc:  1.654813 
iter: 1  value: 3497.896 mgc: 0.2282265 ustep: 1 
iter: 2  value: 3497.896 mgc: 0.0006206993 ustep: 1 
iter: 3  value: 3497.896 mgc: 1.282651e-08 ustep: 1 
mgc: 3.330669e-14 
iter: 1  value: 3497.636 mgc: 0.1072376 ustep: 1 
iter: 2  value: 3497.636 mgc: 0.0001945726 ustep: 1 
iter: 3  mgc: 1.256535e-09 
iter: 1  value: 3497.623 mgc: 0.05868108 ustep: 1 
iter: 2  value: 3497.623 mgc: 4.754359e-05 ustep: 1 
iter: 3  mgc: 7.489032e-11 
iter: 1  mgc: 7.489032e-11 
outer mgc:  1.005203 
iter: 1  value: 3497.623 mgc: 0.1767398 ustep: 1 
iter: 2  value: 3497.623 mgc: 8.298058e-05 ustep: 1 
iter: 3  mgc: 4.461231e-11 
iter: 1  value: 3497.621 mgc: 0.06444286 ustep: 1 
iter: 2  value: 3497.621 mgc: 1.101671e-05 ustep: 1 
iter: 3  mgc: 7.91367e-13 
iter: 1  mgc: 7.91367e-13 
outer mgc:  0.4423574 
iter: 1  value: 3497.616 mgc: 0.04421284 ustep: 1 
iter: 2  value: 3497.616 mgc: 6.150808e-06 ustep: 1 
iter: 3  mgc: 3.341771e-13 
iter: 1  mgc: 3.341771e-13 
outer mgc:  0.6718885 
iter: 1  value: 3497.631 mgc: 0.05059257 ustep: 1 
iter: 2  value: 3497.631 mgc: 7.609543e-06 ustep: 1 
iter: 3  mgc: 6.790124e-13 
iter: 1  mgc: 6.790124e-13 
outer mgc:  0.6519148 
iter: 1  value: 3497.629 mgc: 0.09304478 ustep: 1 
iter: 2  value: 3497.629 mgc: 1.84956e-05 ustep: 1 
iter: 3  mgc: 6.766143e-12 
iter: 1  mgc: 6.766143e-12 
outer mgc:  0.6062958 
iter: 1  value: 3497.648 mgc: 0.07207843 ustep: 1 
iter: 2  value: 3497.648 mgc: 2.249688e-05 ustep: 1 
iter: 3  mgc: 1.507061e-11 
iter: 1  mgc: 1.507061e-11 
outer mgc:  0.3464507 
iter: 1  value: 3497.644 mgc: 0.114634 ustep: 1 
iter: 2  value: 3497.644 mgc: 6.722491e-05 ustep: 1 
iter: 3  mgc: 4.012159e-11 
iter: 1  mgc: 4.012159e-11 
outer mgc:  0.9497662 
iter: 1  value: 3497.528 mgc: 0.1182066 ustep: 1 
iter: 2  value: 3497.528 mgc: 5.883609e-05 ustep: 1 
iter: 3  mgc: 5.874901e-11 
iter: 1  mgc: 5.874901e-11 
outer mgc:  0.5223883 
iter: 1  value: 3497.59 mgc: 0.103515 ustep: 1 
iter: 2  value: 3497.59 mgc: 0.0001071908 ustep: 1 
iter: 3  mgc: 2.074476e-10 
iter: 1  mgc: 2.074476e-10 
outer mgc:  1.000529 
iter: 1  value: 3497.655 mgc: 0.04732829 ustep: 1 
iter: 2  value: 3497.655 mgc: 2.068327e-05 ustep: 1 
iter: 3  mgc: 7.936318e-12 
iter: 1  mgc: 7.936318e-12 
outer mgc:  1.214026 
iter: 1  value: 3497.626 mgc: 0.06271801 ustep: 1 
iter: 2  value: 3497.626 mgc: 1.05386e-05 ustep: 1 
iter: 3  mgc: 1.122658e-12 
iter: 1  mgc: 1.122658e-12 
outer mgc:  0.5427797 
iter: 1  value: 3497.617 mgc: 0.0972157 ustep: 1 
iter: 2  value: 3497.617 mgc: 3.289619e-05 ustep: 1 
iter: 3  mgc: 7.291279e-12 
iter: 1  mgc: 7.291279e-12 
outer mgc:  0.3092242 
iter: 1  value: 3497.595 mgc: 0.03157043 ustep: 1 
iter: 2  value: 3497.595 mgc: 4.704766e-06 ustep: 1 
iter: 3  mgc: 1.311395e-12 
iter: 1  mgc: 1.311395e-12 
outer mgc:  0.1752608 
iter: 1  value: 3497.581 mgc: 0.01050776 ustep: 1 
iter: 2  value: 3497.581 mgc: 2.415312e-06 ustep: 1 
iter: 3  mgc: 4.138911e-13 
iter: 1  mgc: 4.138911e-13 
outer mgc:  0.332325 
iter: 1  value: 3497.605 mgc: 0.02568623 ustep: 1 
iter: 2  value: 3497.605 mgc: 6.069775e-06 ustep: 1 
iter: 3  mgc: 6.844969e-12 
iter: 1  mgc: 6.844969e-12 
outer mgc:  0.5037714 
iter: 1  value: 3497.613 mgc: 0.06908157 ustep: 1 
iter: 2  value: 3497.613 mgc: 1.275094e-05 ustep: 1 
iter: 3  mgc: 1.681988e-12 
iter: 1  mgc: 1.681988e-12 
outer mgc:  0.3738373 
iter: 1  value: 3497.606 mgc: 0.03403422 ustep: 1 
iter: 2  value: 3497.606 mgc: 3.866943e-06 ustep: 1 
iter: 3  mgc: 1.900702e-13 
iter: 1  mgc: 1.900702e-13 
outer mgc:  0.2454205 
iter: 1  value: 3497.591 mgc: 0.04256097 ustep: 1 
iter: 2  value: 3497.591 mgc: 7.408239e-06 ustep: 1 
iter: 3  mgc: 7.505108e-13 
iter: 1  mgc: 7.505108e-13 
outer mgc:  0.3920682 
iter: 1  value: 3497.596 mgc: 0.05420383 ustep: 1 
iter: 2  value: 3497.596 mgc: 1.407468e-05 ustep: 1 
iter: 3  mgc: 1.118855e-12 
iter: 1  value: 3497.593 mgc: 0.0387318 ustep: 1 
iter: 2  value: 3497.593 mgc: 7.218827e-06 ustep: 1 
iter: 3  mgc: 3.729517e-13 
iter: 1  mgc: 3.729517e-13 
outer mgc:  0.3154856 
iter: 1  value: 3497.597 mgc: 0.02538982 ustep: 1 
iter: 2  value: 3497.597 mgc: 2.400854e-06 ustep: 1 
iter: 3  mgc: 5.151435e-14 
iter: 1  mgc: 5.151435e-14 
outer mgc:  0.3231048 
iter: 1  value: 3497.594 mgc: 0.008668984 ustep: 1 
iter: 2  value: 3497.594 mgc: 8.442935e-07 ustep: 1 
iter: 3  mgc: 3.852474e-14 
iter: 1  mgc: 3.852474e-14 
outer mgc:  0.0696324 
iter: 1  value: 3497.589 mgc: 0.01269756 ustep: 1 
iter: 2  value: 3497.589 mgc: 4.912764e-07 ustep: 1 
iter: 3  mgc: 4.32987e-14 
iter: 1  mgc: 4.32987e-14 
outer mgc:  0.04764885 
iter: 1  value: 3497.589 mgc: 0.02342412 ustep: 1 
iter: 2  value: 3497.589 mgc: 2.622689e-06 ustep: 1 
iter: 3  mgc: 1.358913e-13 
iter: 1  value: 3497.589 mgc: 0.005403133 ustep: 1 
iter: 2  value: 3497.589 mgc: 1.40143e-07 ustep: 1 
iter: 3  mgc: 4.041212e-14 
iter: 1  mgc: 4.041212e-14 
outer mgc:  0.05128429 
iter: 1  value: 3497.587 mgc: 0.004616123 ustep: 1 
iter: 2  value: 3497.587 mgc: 1.032311e-07 ustep: 1 
iter: 3  mgc: 3.924638e-14 
iter: 1  mgc: 3.924638e-14 
outer mgc:  0.05210634 
iter: 1  value: 3497.587 mgc: 0.004877657 ustep: 1 
iter: 2  value: 3497.587 mgc: 1.032028e-07 ustep: 1 
iter: 3  mgc: 4.396483e-14 
iter: 1  mgc: 4.396483e-14 
outer mgc:  0.05491618 
iter: 1  value: 3497.588 mgc: 0.003856202 ustep: 1 
iter: 2  value: 3497.588 mgc: 4.247033e-08 ustep: 1 
iter: 3  mgc: 4.318768e-14 
iter: 1  mgc: 4.318768e-14 
outer mgc:  0.07062062 
iter: 1  value: 3497.589 mgc: 0.00438869 ustep: 1 
iter: 2  value: 3497.589 mgc: 5.677161e-08 ustep: 1 
iter: 3  mgc: 4.241052e-14 
iter: 1  mgc: 4.241052e-14 
outer mgc:  0.02220528 
iter: 1  value: 3497.587 mgc: 0.003972067 ustep: 1 
iter: 2  value: 3497.587 mgc: 6.059001e-08 ustep: 1 
iter: 3  mgc: 4.263256e-14 
iter: 1  mgc: 4.263256e-14 
outer mgc:  0.035111 
iter: 1  value: 3497.588 mgc: 0.003665074 ustep: 1 
iter: 2  value: 3497.588 mgc: 6.118481e-08 ustep: 1 
iter: 3  mgc: 3.375078e-14 
iter: 1  value: 3497.59 mgc: 0.003184515 ustep: 1 
iter: 2  value: 3497.59 mgc: 6.239467e-08 ustep: 1 
iter: 3  mgc: 3.708145e-14 
iter: 1  mgc: 3.708145e-14 
outer mgc:  0.07030694 
iter: 1  value: 3497.589 mgc: 0.009029357 ustep: 1 
iter: 2  value: 3497.589 mgc: 3.227177e-07 ustep: 1 
iter: 3  mgc: 4.007905e-14 
iter: 1  mgc: 4.007905e-14 
outer mgc:  0.1143934 
iter: 1  value: 3497.587 mgc: 0.005492125 ustep: 1 
iter: 2  value: 3497.587 mgc: 1.507947e-07 ustep: 1 
iter: 3  mgc: 4.762857e-14 
iter: 1  mgc: 4.762857e-14 
outer mgc:  0.03589087 
iter: 1  value: 3497.588 mgc: 0.01378473 ustep: 1 
iter: 2  value: 3497.588 mgc: 5.980535e-07 ustep: 1 
iter: 3  mgc: 4.174439e-14 
iter: 1  value: 3497.587 mgc: 0.00840786 ustep: 1 
iter: 2  value: 3497.587 mgc: 2.393869e-07 ustep: 1 
iter: 3  mgc: 3.552714e-14 
iter: 1  value: 3497.587 mgc: 0.003609491 ustep: 1 
iter: 2  value: 3497.587 mgc: 4.412169e-08 ustep: 1 
iter: 3  mgc: 3.430589e-14 
iter: 1  mgc: 3.430589e-14 
outer mgc:  0.02285482 
iter: 1  value: 3497.587 mgc: 0.0009972746 ustep: 1 
iter: 2  mgc: 5.546263e-09 
iter: 1  mgc: 5.546263e-09 
outer mgc:  0.01414925 
iter: 1  value: 3497.587 mgc: 0.002865213 ustep: 1 
iter: 2  value: 3497.587 mgc: 2.411199e-08 ustep: 1 
iter: 3  mgc: 6.294965e-14 
iter: 1  mgc: 6.294965e-14 
outer mgc:  0.03024673 
iter: 1  value: 3497.587 mgc: 0.001781074 ustep: 1 
iter: 2  value: 3497.587 mgc: 1.807489e-08 ustep: 1 
mgc: 3.330669e-14 
iter: 1  mgc: 3.330669e-14 
outer mgc:  0.006813239 
iter: 1  value: 3497.585 mgc: 0.00227597 ustep: 1 
iter: 2  value: 3497.585 mgc: 5.583351e-08 ustep: 1 
iter: 3  mgc: 5.995204e-14 
iter: 1  value: 3497.586 mgc: 0.0006796274 ustep: 1 
iter: 2  mgc: 4.707507e-09 
iter: 1  mgc: 4.707507e-09 
outer mgc:  0.01100314 
iter: 1  value: 3497.586 mgc: 0.0006683108 ustep: 1 
iter: 2  mgc: 1.868599e-09 
iter: 1  mgc: 1.868599e-09 
outer mgc:  0.006757847 
iter: 1  value: 3497.586 mgc: 0.0006593697 ustep: 1 
iter: 2  mgc: 1.747911e-09 
iter: 1  mgc: 1.747911e-09 
outer mgc:  0.008400928 
iter: 1  value: 3497.586 mgc: 0.0003925203 ustep: 1 
iter: 2  mgc: 5.102763e-10 
iter: 1  value: 3497.587 mgc: 0.0001824398 ustep: 1 
iter: 2  mgc: 3.194902e-10 
iter: 1  value: 3497.587 mgc: 0.0003203287 ustep: 1 
iter: 2  mgc: 1.15926e-09 
iter: 1  mgc: 1.15926e-09 
outer mgc:  0.005741682 
iter: 1  value: 3497.586 mgc: 0.001268829 ustep: 1 
iter: 2  value: 3497.586 mgc: 1.179962e-08 ustep: 1 
mgc: 3.985701e-14 
iter: 1  mgc: 3.985701e-14 
outer mgc:  0.004274494 
iter: 1  value: 3497.586 mgc: 0.002646158 ustep: 1 
iter: 2  value: 3497.586 mgc: 6.870621e-08 ustep: 1 
iter: 3  mgc: 4.618528e-14 
iter: 1  value: 3497.586 mgc: 0.001148947 ustep: 1 
iter: 2  value: 3497.586 mgc: 1.056794e-08 ustep: 1 
mgc: 3.641532e-14 
iter: 1  mgc: 3.641532e-14 
outer mgc:  0.005687364 
iter: 1  value: 3497.585 mgc: 0.0009521761 ustep: 1 
iter: 2  mgc: 6.18615e-09 
iter: 1  mgc: 6.18615e-09 
outer mgc:  0.002295551 
iter: 1  value: 3497.585 mgc: 0.001487066 ustep: 1 
iter: 2  mgc: 7.82779e-09 
iter: 1  mgc: 6.18615e-09 
iter: 1  mgc: 6.18615e-09 
outer mgc:  0.002295551 
iter: 1  value: 3497.589 mgc: 0.05160667 ustep: 1 
iter: 2  value: 3497.589 mgc: 9.204534e-06 ustep: 1 
iter: 3  mgc: 6.510348e-13 
outer mgc:  0.2793359 
iter: 1  value: 3497.582 mgc: 0.05159371 ustep: 1 
iter: 2  value: 3497.582 mgc: 9.214827e-06 ustep: 1 
iter: 3  mgc: 6.525891e-13 
outer mgc:  0.2816564 
iter: 1  value: 3497.589 mgc: 0.02944191 ustep: 1 
iter: 2  value: 3497.589 mgc: 3.474133e-06 ustep: 1 
iter: 3  mgc: 1.16962e-13 
outer mgc:  0.9031574 
iter: 1  value: 3497.582 mgc: 0.0294406 ustep: 1 
iter: 2  value: 3497.582 mgc: 3.475601e-06 ustep: 1 
iter: 3  mgc: 1.159073e-13 
outer mgc:  0.9059177 
iter: 1  value: 3497.58 mgc: 0.02880365 ustep: 1 
iter: 2  value: 3497.58 mgc: 7.735415e-06 ustep: 1 
iter: 3  mgc: 8.195666e-13 
outer mgc:  0.05616276 
iter: 1  value: 3497.591 mgc: 0.02879066 ustep: 1 
iter: 2  value: 3497.591 mgc: 7.742171e-06 ustep: 1 
iter: 3  mgc: 8.131273e-13 
outer mgc:  0.05707982 
iter: 1  value: 3497.583 mgc: 0.009551168 ustep: 1 
iter: 2  value: 3497.583 mgc: 6.817423e-07 ustep: 1 
iter: 3  mgc: 3.108624e-14 
outer mgc:  0.1443331 
iter: 1  value: 3497.588 mgc: 0.009544086 ustep: 1 
iter: 2  value: 3497.588 mgc: 6.810219e-07 ustep: 1 
iter: 3  mgc: 6.528111e-14 
outer mgc:  0.1428336 
iter: 1  value: 3497.583 mgc: 0.04891525 ustep: 1 
iter: 2  value: 3497.583 mgc: 9.010288e-06 ustep: 1 
iter: 3  mgc: 8.033296e-13 
outer mgc:  0.1844823 
iter: 1  value: 3497.588 mgc: 0.04889819 ustep: 1 
iter: 2  value: 3497.588 mgc: 9.020206e-06 ustep: 1 
iter: 3  mgc: 8.051997e-13 
outer mgc:  0.1859738 
iter: 1  value: 3497.585 mgc: 0.02619636 ustep: 1 
iter: 2  value: 3497.585 mgc: 3.450811e-06 ustep: 1 
iter: 3  mgc: 1.471046e-13 
outer mgc:  0.6203132 
iter: 1  value: 3497.586 mgc: 0.02618971 ustep: 1 
iter: 2  value: 3497.586 mgc: 3.452368e-06 ustep: 1 
iter: 3  mgc: 1.533218e-13 
outer mgc:  0.6157437 
iter: 1  value: 3497.591 mgc: 0.05760977 ustep: 1 
iter: 2  value: 3497.591 mgc: 8.256505e-06 ustep: 1 
iter: 3  mgc: 4.662937e-13 
outer mgc:  0.3507769 
iter: 1  value: 3497.58 mgc: 0.05760096 ustep: 1 
iter: 2  value: 3497.58 mgc: 8.266036e-06 ustep: 1 
iter: 3  mgc: 4.591882e-13 
outer mgc:  0.3476444 
iter: 1  value: 3497.589 mgc: 0.0299333 ustep: 1 
iter: 2  value: 3497.589 mgc: 2.977532e-06 ustep: 1 
iter: 3  mgc: 6.927792e-14 
outer mgc:  1.184772 
iter: 1  value: 3497.583 mgc: 0.02993472 ustep: 1 
iter: 2  value: 3497.583 mgc: 2.97924e-06 ustep: 1 
iter: 3  mgc: 6.594725e-14 
outer mgc:  1.183575 
iter: 1  value: 3497.573 mgc: 0.002238745 ustep: 1 
iter: 2  value: 3497.573 mgc: 5.552755e-07 ustep: 1 
iter: 3  mgc: 7.371881e-14 
outer mgc:  0.04689142 
iter: 1  value: 3497.597 mgc: 0.002236605 ustep: 1 
iter: 2  value: 3497.597 mgc: 5.549175e-07 ustep: 1 
iter: 3  mgc: 5.040413e-14 
outer mgc:  0.04525114 
iter: 1  value: 3497.579 mgc: 0.003595802 ustep: 1 
iter: 2  value: 3497.579 mgc: 5.604671e-07 ustep: 1 
iter: 3  mgc: 4.374279e-14 
outer mgc:  0.04806922 
iter: 1  value: 3497.591 mgc: 0.003593022 ustep: 1 
iter: 2  value: 3497.591 mgc: 5.600152e-07 ustep: 1 
iter: 3  mgc: 3.952394e-14 
outer mgc:  0.04836709 
iter: 1  value: 3497.588 mgc: 0.003239254 ustep: 1 
iter: 2  value: 3497.588 mgc: 5.079389e-07 ustep: 1 
iter: 3  mgc: 4.241052e-14 
outer mgc:  0.08650962 
iter: 1  value: 3497.583 mgc: 0.003237997 ustep: 1 
iter: 2  value: 3497.583 mgc: 5.094979e-07 ustep: 1 
iter: 3  mgc: 5.950795e-14 
outer mgc:  0.08540051 
iter: 1  value: 3497.581 mgc: 0.004874423 ustep: 1 
iter: 2  value: 3497.581 mgc: 4.02088e-07 ustep: 1 
iter: 3  mgc: 3.752554e-14 
outer mgc:  0.03201882 
iter: 1  value: 3497.589 mgc: 0.004872236 ustep: 1 
iter: 2  value: 3497.589 mgc: 4.018419e-07 ustep: 1 
iter: 3  mgc: 3.730349e-14 
outer mgc:  0.02924545 
iter: 1  value: 3497.583 mgc: 0.004035389 ustep: 1 
iter: 2  value: 3497.583 mgc: 8.182175e-07 ustep: 1 
iter: 3  mgc: 1.24456e-13 
outer mgc:  0.06887733 
iter: 1  value: 3497.588 mgc: 0.004035617 ustep: 1 
iter: 2  value: 3497.588 mgc: 8.177345e-07 ustep: 1 
iter: 3  mgc: 1.249001e-13 
outer mgc:  0.06685215 
iter: 1  value: 3497.584 mgc: 0.004866526 ustep: 1 
iter: 2  value: 3497.584 mgc: 3.556259e-07 ustep: 1 
iter: 3  mgc: 3.275158e-14 
outer mgc:  0.07688242 
iter: 1  value: 3497.587 mgc: 0.004866304 ustep: 1 
iter: 2  value: 3497.587 mgc: 3.555894e-07 ustep: 1 
iter: 3  mgc: 4.662937e-14 
outer mgc:  0.07739291 
iter: 1  value: 3497.594 mgc: 0.01484299 ustep: 1 
iter: 2  value: 3497.594 mgc: 6.477738e-06 ustep: 1 
iter: 3  mgc: 1.405986e-12 
outer mgc:  0.5599773 
iter: 1  value: 3497.577 mgc: 0.01487917 ustep: 1 
iter: 2  value: 3497.577 mgc: 6.498774e-06 ustep: 1 
iter: 3  mgc: 1.409539e-12 
outer mgc:  0.5607225 
iter: 1  value: 3497.61 mgc: 0.00333267 ustep: 1 
iter: 2  value: 3497.61 mgc: 1.780309e-06 ustep: 1 
iter: 3  mgc: 5.812018e-13 
outer mgc:  0.1808865 
iter: 1  value: 3497.561 mgc: 0.003339517 ustep: 1 
iter: 2  value: 3497.561 mgc: 1.784977e-06 ustep: 1 
iter: 3  mgc: 5.819789e-13 
outer mgc:  0.1822578 
iter: 1  value: 3497.599 mgc: 0.009864154 ustep: 1 
iter: 2  value: 3497.599 mgc: 1.953747e-06 ustep: 1 
iter: 3  mgc: 1.469935e-13 
outer mgc:  0.3508173 
iter: 1  value: 3497.572 mgc: 0.009888513 ustep: 1 
iter: 2  value: 3497.572 mgc: 1.959985e-06 ustep: 1 
iter: 3  mgc: 1.469935e-13 
outer mgc:  0.3517219 
iter: 1  value: 3497.597 mgc: 0.01564403 ustep: 1 
iter: 2  value: 3497.597 mgc: 3.752698e-06 ustep: 1 
iter: 3  mgc: 2.211564e-12 
outer mgc:  0.5450471 
iter: 1  value: 3497.575 mgc: 0.01568257 ustep: 1 
iter: 2  value: 3497.575 mgc: 3.781203e-06 ustep: 1 
iter: 3  mgc: 2.263967e-12 
outer mgc:  0.5486502 
Warning message:
package ‘nnet’ was built under R version 3.6.3 
[Sun Aug 15 16:11:04 2021]
Finished job 0.
1 of 1 steps (100%) done
