Building DAG of jobs...
Using shell: /usr/bin/bash
Provided cores: 1 (use --cores to define parallelism)
Rules claiming more threads will be scaled down.
Job counts:
	count	jobs
	1	inference_simulation_TMB_multiple
	1

[Sun Aug 15 07:06:06 2021]
rule inference_simulation_TMB_multiple:
    input: ../data/assessing_models_simulation/datasets/multiple_GenerationJnorm2_100_100_10_5_0.005_NA_NA_NA_dataset0.RDS
    output: ../data/assessing_models_simulation/inference_results/TMB/nlminb/multiple_GenerationJnorm2_100_100_10_5_0.005_diagREDM_NA_NA_NA_dataset0.RDS
    log: logs/inference/nlminb/simulation_GenerationJnorm2_100_100_10_5_0.005_ModeldiagREDM_NA_NA_NA_dataset0.log
    jobid: 0
    wildcards: optimiser=nlminb, datasetgeneration=GenerationJnorm2, n=100, nlambda=100, lmbda=10, d=5, beta_intensity=0.005, model=diagREDM, fixed_beta_intercept=NA, fixed_beta_slope=NA, sdRE_input=NA, itnum=0

Rscript 2_inference_TMB/run_TMB.R --input ../data/assessing_models_simulation/datasets/multiple_GenerationJnorm2_100_100_10_5_0.005_NA_NA_NA_dataset0.RDS --output ../data/assessing_models_simulation/inference_results/TMB/nlminb/multiple_GenerationJnorm2_100_100_10_5_0.005_diagREDM_NA_NA_NA_dataset0.RDS --model diagREDM --optimiser nlminb
Model: diagREDM 
Feature type: signatures 
Using nlminb: TRUE 
Simulation boolean: TRUE 
make: Nothing to be done for 'all'.
../data/assessing_models_simulation/datasets/multiple_GenerationJnorm2_100_100_10_5_0.005_NA_NA_NA_dataset0.RDS[1] "../data/assessing_models_simulation/datasets/multiple_GenerationJnorm2_100_100_10_5_0.005_NA_NA_NA_dataset0.RDS"
Reading file ../data/assessing_models_simulation/datasets/multiple_GenerationJnorm2_100_100_10_5_0.005_NA_NA_NA_dataset0.RDS 
Loading required package: nnet
# weights:  15 (8 variable)
initial  value 32080.925909 
iter  10 value 30445.286287
final  value 30406.374012 
converged
Constructing atomic invpd
Constructing atomic D_lgamma
Constructing atomic invpd
Constructing atomic D_lgamma
Constructing atomic matmul
Constructing atomic invpd
Constructing atomic D_lgamma
Constructing atomic matmul
Optimizing tape... Done
iter: 1  value: 32167.3 mgc: 95.67302 ustep: 1 
iter: 2  value: 29741.2 mgc: 83.75972 ustep: 0.0307843 
iter: 3  value: 28269.53 mgc: 50.4455 ustep: 0.0735357 
iter: 4  value: 27808.24 mgc: 21.80476 ustep: 0.2712476 
iter: 5  value: 27738.86 mgc: 29.79602 ustep: 0.5208622 
iter: 6  value: 27735.54 mgc: 5.945886 ustep: 0.7217357 
iter: 7  value: 27735.41 mgc: 0.810686 ustep: 0.8495653 
iter: 8  value: 27735.41 mgc: 0.04917177 ustep: 0.9217265 
iter: 9  value: 27735.41 mgc: 0.00456515 ustep: 0.9600699 
iter: 10  value: 27735.41 mgc: 0.0002041146 ustep: 0.9798336 
iter: 11  value: 27735.41 mgc: 4.652014e-06 ustep: 0.6825117 
iter: 12  value: 27735.41 mgc: 1.61947e-06 ustep: 0.3542096 
iter: 13  value: 27735.41 mgc: 1.098009e-06 ustep: 0.3637212 
iter: 14  value: 27735.41 mgc: 7.355765e-07 ustep: 0.6031327 
iter: 15  value: 27735.41 mgc: 3.193087e-07 ustep: 0.3124631 
iter: 16  value: 27735.41 mgc: 2.2986e-07 ustep: 0.5590281 
iter: 17  value: 27735.41 mgc: 1.1034e-07 ustep: 0.747707 
Not improving much - will try early exit...PD hess?: TRUE 
mgc: 3.127374e-08 
iter: 1  value: 27735.41 mgc: 3.127374e-08 ustep: 1 
iter: 2  mgc: 6.772138e-12 
Matching hessian patterns... Done
outer mgc:  96.70251 
iter: 1  value: 27891.8 mgc: 19.99467 ustep: 1 
iter: 2  value: 27890.67 mgc: 1.631862 ustep: 1 
iter: 3  value: 27890.67 mgc: 0.03818094 ustep: 1 
iter: 4  value: 27890.67 mgc: 4.042998e-05 ustep: 0.989901 
iter: 5  value: 27890.67 mgc: 2.732085e-08 ustep: 0.7330198 
mgc: 1.160279e-09 
iter: 1  value: 27716.28 mgc: 5.168909 ustep: 1 
iter: 2  value: 27716.27 mgc: 0.09958835 ustep: 1 
iter: 3  value: 27716.27 mgc: 0.000163478 ustep: 1 
iter: 4  mgc: 7.4551e-10 
iter: 1  mgc: 7.4551e-10 
outer mgc:  95.2399 
iter: 1  value: 27705.27 mgc: 7.681369 ustep: 1 
iter: 2  value: 27705.23 mgc: 0.2654662 ustep: 1 
iter: 3  value: 27705.23 mgc: 0.001343875 ustep: 1 
iter: 4  value: 27705.23 mgc: 3.4852e-08 ustep: 0.8994163 
mgc: 1.81287e-10 
iter: 1  mgc: 1.81287e-10 
outer mgc:  89.30607 
iter: 1  value: 27689.29 mgc: 8.878484 ustep: 1 
iter: 2  value: 27689.24 mgc: 0.2501669 ustep: 1 
iter: 3  value: 27689.24 mgc: 0.0008816557 ustep: 1 
iter: 4  value: 27689.24 mgc: 1.320981e-08 ustep: 1 
mgc: 8.537615e-12 
iter: 1  mgc: 8.537615e-12 
outer mgc:  69.06209 
iter: 1  value: 27675.16 mgc: 5.557008 ustep: 1 
iter: 2  value: 27675.14 mgc: 0.1376401 ustep: 1 
iter: 3  value: 27675.14 mgc: 0.0002820572 ustep: 1 
iter: 4  mgc: 1.597004e-09 
iter: 1  mgc: 1.597004e-09 
outer mgc:  77.28372 
iter: 1  value: 27661.21 mgc: 9.754387 ustep: 1 
iter: 2  value: 27661.09 mgc: 0.3349035 ustep: 1 
iter: 3  value: 27661.09 mgc: 0.001896928 ustep: 1 
iter: 4  value: 27661.09 mgc: 9.915174e-08 ustep: 0.4367355 
iter: 5  mgc: 7.337485e-09 
iter: 1  mgc: 7.337485e-09 
outer mgc:  49.4751 
iter: 1  value: 27636.22 mgc: 12.76853 ustep: 1 
iter: 2  value: 27635.79 mgc: 0.7088961 ustep: 1 
iter: 3  value: 27635.79 mgc: 0.006419786 ustep: 1 
iter: 4  value: 27635.79 mgc: 1.136584e-06 ustep: 1 
iter: 5  mgc: 5.175638e-12 
iter: 1  mgc: 5.175638e-12 
outer mgc:  61.61906 
iter: 1  value: 27625.01 mgc: 14.09152 ustep: 1 
iter: 2  value: 27624.05 mgc: 0.9895803 ustep: 1 
iter: 3  value: 27624.05 mgc: 0.013135 ustep: 1 
iter: 4  value: 27624.05 mgc: 4.742711e-06 ustep: 1 
iter: 5  mgc: 4.949596e-12 
iter: 1  mgc: 4.949596e-12 
outer mgc:  125.6814 
iter: 1  value: 27611.46 mgc: 9.994184 ustep: 1 
iter: 2  value: 27611.39 mgc: 0.37167 ustep: 1 
iter: 3  value: 27611.39 mgc: 0.002182106 ustep: 1 
iter: 4  value: 27611.39 mgc: 1.24913e-07 ustep: 1 
iter: 5  mgc: 3.78364e-12 
iter: 1  mgc: 3.78364e-12 
outer mgc:  153.4789 
iter: 1  value: 27588.72 mgc: 9.26538 ustep: 1 
iter: 2  value: 27588.67 mgc: 0.3173696 ustep: 1 
iter: 3  value: 27588.67 mgc: 0.001252569 ustep: 1 
iter: 4  value: 27588.67 mgc: 4.468145e-08 ustep: 0.4367355 
mgc: 5.369714e-09 
iter: 1  mgc: 5.369714e-09 
outer mgc:  116.2977 
iter: 1  value: 27570.62 mgc: 7.40501 ustep: 1 
iter: 2  value: 27570.57 mgc: 0.3306621 ustep: 1 
iter: 3  value: 27570.57 mgc: 0.001217905 ustep: 1 
iter: 4  value: 27570.57 mgc: 2.995026e-08 ustep: 1 
mgc: 2.041256e-12 
iter: 1  mgc: 2.041256e-12 
outer mgc:  63.26798 
iter: 1  value: 27562.51 mgc: 11.98274 ustep: 1 
iter: 2  value: 27561.9 mgc: 0.9010882 ustep: 1 
iter: 3  value: 27561.9 mgc: 0.01365384 ustep: 1 
iter: 4  value: 27561.9 mgc: 6.120077e-06 ustep: 1 
iter: 5  mgc: 1.600192e-12 
iter: 1  mgc: 1.600192e-12 
outer mgc:  107.8494 
iter: 1  value: 27526.49 mgc: 5.203652 ustep: 1 
iter: 2  value: 27526.48 mgc: 0.1183947 ustep: 1 
iter: 3  value: 27526.48 mgc: 0.0004288126 ustep: 1 
iter: 4  mgc: 6.183181e-09 
iter: 1  value: 27489.51 mgc: 2.296309 ustep: 1 
iter: 2  value: 27489.51 mgc: 0.0245344 ustep: 1 
iter: 3  value: 27489.51 mgc: 5.914293e-06 ustep: 1 
iter: 4  mgc: 1.13598e-12 
iter: 1  value: 27033.14 mgc: 9.43806 ustep: 1 
iter: 2  value: 27032.61 mgc: 0.8564882 ustep: 1 
iter: 3  value: 27032.61 mgc: 0.01327035 ustep: 1 
iter: 4  value: 27032.61 mgc: 1.299387e-05 ustep: 1 
iter: 5  mgc: 1.249623e-11 
iter: 1  mgc: 1.249623e-11 
outer mgc:  215.364 
iter: 1  value: 27860.3 mgc: 8.122898 ustep: 1 
iter: 2  value: 27854.75 mgc: 1.728116 ustep: 1 
iter: 3  value: 27854.74 mgc: 0.07197071 ustep: 1 
iter: 4  value: 27854.74 mgc: 0.0003281856 ustep: 1 
iter: 5  mgc: 6.938421e-09 
iter: 1  value: 26639.39 mgc: 4.87554 ustep: 1 
iter: 2  value: 26636.99 mgc: 1.806338 ustep: 1 
iter: 3  value: 26636.98 mgc: 0.1504813 ustep: 1 
iter: 4  value: 26636.98 mgc: 0.001359014 ustep: 1 
iter: 5  value: 26636.98 mgc: 1.157302e-07 ustep: 1 
iter: 6  mgc: 5.77316e-15 
iter: 1  mgc: 5.77316e-15 
outer mgc:  28.8212 
iter: 1  value: 27144.71 mgc: 8.770229 ustep: 1 
iter: 2  value: 27019.47 mgc: 22.84453 ustep: 1 
iter: 3  value: 26992.07 mgc: 10.40067 ustep: 1 
iter: 4  value: 26983.32 mgc: 11.61171 ustep: 1 
iter: 5  value: 26982.91 mgc: 1.948675 ustep: 1 
iter: 6  value: 26982.91 mgc: 0.155929 ustep: 1 
iter: 7  value: 26982.91 mgc: 0.0003825525 ustep: 1 
iter: 8  mgc: 2.705287e-09 
iter: 1  value: 26624.48 mgc: 2.776152 ustep: 1 
iter: 2  value: 26624.25 mgc: 0.4688381 ustep: 1 
iter: 3  value: 26624.25 mgc: 0.009814591 ustep: 1 
iter: 4  value: 26624.25 mgc: 4.679197e-06 ustep: 1 
iter: 5  mgc: 1.066258e-12 
iter: 1  mgc: 1.066258e-12 
outer mgc:  27.72889 
iter: 1  value: 26615.31 mgc: 3.296156 ustep: 1 
iter: 2  value: 26614.33 mgc: 0.7503522 ustep: 1 
iter: 3  value: 26614.33 mgc: 0.02103992 ustep: 1 
iter: 4  value: 26614.33 mgc: 2.433777e-05 ustep: 1 
iter: 5  mgc: 3.254041e-11 
iter: 1  mgc: 3.254041e-11 
outer mgc:  32.40234 
iter: 1  value: 26604.78 mgc: 2.570196 ustep: 1 
iter: 2  value: 26604.75 mgc: 0.1151876 ustep: 1 
iter: 3  value: 26604.75 mgc: 0.0005230765 ustep: 1 
iter: 4  value: 26604.75 mgc: 1.067731e-08 ustep: 1 
mgc: 5.662137e-15 
iter: 1  mgc: 5.662137e-15 
outer mgc:  17.1049 
iter: 1  value: 26583.37 mgc: 2.1664 ustep: 1 
iter: 2  value: 26583.33 mgc: 0.09099971 ustep: 1 
iter: 3  value: 26583.33 mgc: 0.0004945294 ustep: 1 
iter: 4  value: 26583.33 mgc: 1.663515e-08 ustep: 1 
mgc: 6.217249e-15 
iter: 1  value: 26589.06 mgc: 0.9547957 ustep: 1 
iter: 2  value: 26589.06 mgc: 0.0219934 ustep: 1 
iter: 3  value: 26589.06 mgc: 3.571169e-05 ustep: 1 
iter: 4  mgc: 9.668687e-11 
iter: 1  mgc: 9.668687e-11 
outer mgc:  9.840635 
iter: 1  value: 26578.82 mgc: 0.9376665 ustep: 1 
iter: 2  value: 26578.81 mgc: 0.01666555 ustep: 1 
iter: 3  value: 26578.81 mgc: 1.599833e-05 ustep: 1 
iter: 4  mgc: 1.834688e-11 
iter: 1  mgc: 1.834688e-11 
outer mgc:  8.811144 
iter: 1  value: 26568.24 mgc: 0.8933216 ustep: 1 
iter: 2  value: 26568.24 mgc: 0.02972641 ustep: 1 
iter: 3  value: 26568.24 mgc: 6.696001e-05 ustep: 1 
iter: 4  mgc: 3.514977e-10 
iter: 1  mgc: 3.514977e-10 
outer mgc:  9.183147 
iter: 1  value: 26550.61 mgc: 1.44329 ustep: 1 
iter: 2  value: 26550.61 mgc: 0.03145959 ustep: 1 
iter: 3  value: 26550.61 mgc: 3.739276e-05 ustep: 1 
iter: 4  mgc: 5.226797e-11 
iter: 1  mgc: 5.226797e-11 
outer mgc:  26.92325 
iter: 1  value: 26543.33 mgc: 2.470547 ustep: 1 
iter: 2  value: 26543.31 mgc: 0.1052022 ustep: 1 
iter: 3  value: 26543.31 mgc: 0.000249182 ustep: 1 
iter: 4  mgc: 1.633137e-09 
iter: 1  value: 26546.94 mgc: 0.8231066 ustep: 1 
iter: 2  value: 26546.94 mgc: 0.02257899 ustep: 1 
iter: 3  value: 26546.94 mgc: 1.477304e-05 ustep: 1 
iter: 4  mgc: 6.29008e-12 
iter: 1  mgc: 6.29008e-12 
outer mgc:  11.86008 
iter: 1  value: 26544.71 mgc: 0.8875789 ustep: 1 
iter: 2  value: 26544.71 mgc: 0.01374091 ustep: 1 
iter: 3  value: 26544.71 mgc: 4.982337e-06 ustep: 1 
iter: 4  mgc: 1.47371e-12 
iter: 1  mgc: 1.47371e-12 
outer mgc:  11.52048 
iter: 1  value: 26539.25 mgc: 0.864466 ustep: 1 
iter: 2  value: 26539.25 mgc: 0.009748548 ustep: 1 
iter: 3  value: 26539.25 mgc: 3.460929e-06 ustep: 1 
iter: 4  mgc: 6.163958e-13 
iter: 1  mgc: 6.163958e-13 
outer mgc:  8.366038 
iter: 1  value: 26536.98 mgc: 0.8465955 ustep: 1 
iter: 2  value: 26536.98 mgc: 0.01453567 ustep: 1 
iter: 3  value: 26536.98 mgc: 3.904713e-06 ustep: 1 
iter: 4  mgc: 8.21565e-13 
iter: 1  value: 26536.76 mgc: 0.4393623 ustep: 1 
iter: 2  value: 26536.76 mgc: 0.004501614 ustep: 1 
iter: 3  value: 26536.76 mgc: 5.038546e-07 ustep: 1 
iter: 4  mgc: 8.881784e-15 
iter: 1  mgc: 8.881784e-15 
outer mgc:  3.752684 
iter: 1  value: 26534.16 mgc: 0.3372483 ustep: 1 
iter: 2  value: 26534.16 mgc: 0.001560729 ustep: 1 
iter: 3  value: 26534.16 mgc: 6.063984e-08 ustep: 1 
iter: 4  mgc: 4.440892e-15 
iter: 1  mgc: 4.440892e-15 
outer mgc:  4.351103 
iter: 1  value: 26531.07 mgc: 0.2846479 ustep: 1 
iter: 2  value: 26531.07 mgc: 0.001835121 ustep: 1 
iter: 3  value: 26531.07 mgc: 9.221474e-08 ustep: 1 
iter: 4  mgc: 4.662937e-15 
iter: 1  mgc: 4.662937e-15 
outer mgc:  3.88386 
iter: 1  value: 26528.73 mgc: 0.2437595 ustep: 1 
iter: 2  value: 26528.73 mgc: 0.001200695 ustep: 1 
iter: 3  value: 26528.73 mgc: 3.237102e-08 ustep: 1 
iter: 4  mgc: 5.77316e-15 
iter: 1  mgc: 5.77316e-15 
outer mgc:  2.874132 
iter: 1  value: 26526.04 mgc: 0.2577138 ustep: 1 
iter: 2  value: 26526.04 mgc: 0.002416083 ustep: 1 
iter: 3  value: 26526.04 mgc: 2.78228e-07 ustep: 1 
iter: 4  mgc: 4.440892e-15 
iter: 1  mgc: 4.440892e-15 
outer mgc:  2.348094 
iter: 1  value: 26522.95 mgc: 0.2475965 ustep: 1 
iter: 2  value: 26522.95 mgc: 0.001462981 ustep: 1 
iter: 3  value: 26522.95 mgc: 1.300214e-07 ustep: 1 
iter: 4  mgc: 4.662937e-15 
iter: 1  mgc: 4.662937e-15 
outer mgc:  3.405838 
iter: 1  value: 26520.5 mgc: 0.1979383 ustep: 1 
iter: 2  value: 26520.5 mgc: 0.001286366 ustep: 1 
iter: 3  value: 26520.5 mgc: 6.112209e-08 ustep: 1 
iter: 4  mgc: 4.662937e-15 
iter: 1  mgc: 4.662937e-15 
outer mgc:  1.947268 
iter: 1  value: 26518.29 mgc: 0.1682719 ustep: 1 
iter: 2  value: 26518.29 mgc: 0.001093208 ustep: 1 
iter: 3  value: 26518.29 mgc: 4.466231e-08 ustep: 1 
iter: 4  mgc: 5.329071e-15 
iter: 1  mgc: 5.329071e-15 
outer mgc:  2.319135 
iter: 1  value: 26515.69 mgc: 0.2416806 ustep: 1 
iter: 2  value: 26515.69 mgc: 0.0007502016 ustep: 1 
iter: 3  value: 26515.69 mgc: 2.112406e-08 ustep: 1 
mgc: 5.329071e-15 
iter: 1  mgc: 5.329071e-15 
outer mgc:  4.307601 
iter: 1  value: 26513.3 mgc: 0.2641817 ustep: 1 
iter: 2  value: 26513.3 mgc: 0.001140893 ustep: 1 
iter: 3  value: 26513.3 mgc: 2.937074e-08 ustep: 1 
iter: 4  mgc: 4.884981e-15 
iter: 1  mgc: 4.884981e-15 
outer mgc:  4.676631 
iter: 1  value: 26511.31 mgc: 0.2022039 ustep: 1 
iter: 2  value: 26511.31 mgc: 0.000819901 ustep: 1 
iter: 3  value: 26511.31 mgc: 1.11665e-08 ustep: 1 
mgc: 5.107026e-15 
iter: 1  mgc: 5.107026e-15 
outer mgc:  3.372588 
iter: 1  value: 26509.47 mgc: 0.2460753 ustep: 1 
iter: 2  value: 26509.47 mgc: 0.0008539313 ustep: 1 
iter: 3  value: 26509.47 mgc: 1.558026e-08 ustep: 1 
mgc: 9.769963e-15 
iter: 1  mgc: 9.769963e-15 
outer mgc:  4.346495 
iter: 1  value: 26508.72 mgc: 0.1551825 ustep: 1 
iter: 2  value: 26508.72 mgc: 0.000408445 ustep: 1 
iter: 3  mgc: 3.889926e-09 
iter: 1  mgc: 3.889926e-09 
outer mgc:  2.408752 
iter: 1  value: 26507.67 mgc: 0.170874 ustep: 1 
iter: 2  value: 26507.67 mgc: 0.0003871191 ustep: 1 
iter: 3  mgc: 2.6641e-09 
iter: 1  mgc: 2.6641e-09 
outer mgc:  3.076606 
iter: 1  value: 26505.94 mgc: 0.131596 ustep: 1 
iter: 2  value: 26505.94 mgc: 0.0002883818 ustep: 1 
iter: 3  mgc: 1.452478e-09 
iter: 1  mgc: 1.452478e-09 
outer mgc:  0.9425617 
iter: 1  value: 26504.86 mgc: 0.1152705 ustep: 1 
iter: 2  value: 26504.86 mgc: 0.0003445227 ustep: 1 
iter: 3  mgc: 7.335489e-09 
iter: 1  mgc: 7.335489e-09 
outer mgc:  1.577423 
iter: 1  value: 26503.4 mgc: 0.1404651 ustep: 1 
iter: 2  value: 26503.4 mgc: 0.0001766045 ustep: 1 
iter: 3  mgc: 8.272687e-10 
iter: 1  mgc: 8.272687e-10 
outer mgc:  0.8158733 
iter: 1  value: 26501.4 mgc: 0.07643155 ustep: 1 
iter: 2  value: 26501.4 mgc: 0.0001239101 ustep: 1 
iter: 3  mgc: 4.933736e-10 
iter: 1  value: 26502.39 mgc: 0.03779872 ustep: 1 
iter: 2  value: 26502.39 mgc: 3.087258e-05 ustep: 1 
iter: 3  mgc: 3.077316e-11 
iter: 1  mgc: 3.077316e-11 
outer mgc:  0.8417323 
iter: 1  value: 26501.77 mgc: 0.07552892 ustep: 1 
iter: 2  value: 26501.77 mgc: 5.772806e-05 ustep: 1 
iter: 3  mgc: 5.191436e-11 
iter: 1  mgc: 5.191436e-11 
outer mgc:  0.9372325 
iter: 1  value: 26500.99 mgc: 0.06003769 ustep: 1 
iter: 2  value: 26500.99 mgc: 6.589833e-05 ustep: 1 
iter: 3  mgc: 1.220242e-10 
iter: 1  mgc: 1.220242e-10 
outer mgc:  0.7253623 
iter: 1  value: 26499.37 mgc: 0.1268227 ustep: 1 
iter: 2  value: 26499.37 mgc: 0.0001505781 ustep: 1 
iter: 3  mgc: 6.196981e-10 
iter: 1  value: 26497.2 mgc: 0.167493 ustep: 1 
iter: 2  value: 26497.2 mgc: 0.0004039713 ustep: 1 
iter: 3  mgc: 4.085068e-09 
iter: 1  mgc: 4.085068e-09 
outer mgc:  1.719762 
iter: 1  value: 26493.71 mgc: 0.2944621 ustep: 1 
iter: 2  value: 26493.71 mgc: 0.0009710062 ustep: 1 
iter: 3  value: 26493.71 mgc: 2.207037e-08 ustep: 1 
mgc: 4.440892e-15 
iter: 1  mgc: 4.440892e-15 
outer mgc:  1.145469 
iter: 1  value: 26489.87 mgc: 0.2952908 ustep: 1 
iter: 2  value: 26489.87 mgc: 0.0008658226 ustep: 1 
iter: 3  value: 26489.87 mgc: 1.524925e-08 ustep: 1 
mgc: 5.77316e-15 
iter: 1  mgc: 5.77316e-15 
outer mgc:  1.404871 
iter: 1  value: 26484.97 mgc: 0.2881232 ustep: 1 
iter: 2  value: 26484.97 mgc: 0.0006004999 ustep: 1 
iter: 3  mgc: 6.401672e-09 
iter: 1  mgc: 6.401672e-09 
outer mgc:  0.961973 
iter: 1  value: 26482.31 mgc: 0.2584287 ustep: 1 
iter: 2  value: 26482.31 mgc: 0.0005368081 ustep: 1 
iter: 3  mgc: 4.734535e-09 
iter: 1  mgc: 4.734535e-09 
outer mgc:  1.472129 
iter: 1  value: 26478.93 mgc: 0.302112 ustep: 1 
iter: 2  value: 26478.93 mgc: 0.0004319557 ustep: 1 
iter: 3  mgc: 4.47643e-09 
iter: 1  mgc: 4.47643e-09 
outer mgc:  0.5867924 
iter: 1  value: 26474.76 mgc: 0.3028314 ustep: 1 
iter: 2  value: 26474.76 mgc: 0.0009218687 ustep: 1 
iter: 3  value: 26474.76 mgc: 4.559339e-08 ustep: 1 
iter: 4  mgc: 4.440892e-15 
iter: 1  value: 26477.02 mgc: 0.1386917 ustep: 1 
iter: 2  value: 26477.02 mgc: 0.0003201637 ustep: 1 
iter: 3  mgc: 5.420788e-09 
iter: 1  mgc: 5.420788e-09 
outer mgc:  0.5243549 
iter: 1  value: 26475.92 mgc: 0.08601865 ustep: 1 
iter: 2  value: 26475.92 mgc: 0.000149938 ustep: 1 
iter: 3  mgc: 1.434395e-09 
iter: 1  value: 26476.82 mgc: 0.0209808 ustep: 1 
iter: 2  value: 26476.82 mgc: 9.120337e-06 ustep: 1 
iter: 3  mgc: 4.156009e-12 
iter: 1  mgc: 4.156009e-12 
outer mgc:  0.2386014 
iter: 1  value: 26476.65 mgc: 0.0237193 ustep: 1 
iter: 2  value: 26476.65 mgc: 4.246446e-06 ustep: 1 
iter: 3  mgc: 1.070255e-12 
iter: 1  mgc: 1.070255e-12 
outer mgc:  0.1978948 
iter: 1  value: 26476.48 mgc: 0.01484358 ustep: 1 
iter: 2  value: 26476.48 mgc: 1.682511e-06 ustep: 1 
iter: 3  mgc: 5.373479e-14 
iter: 1  value: 26476.57 mgc: 0.006053027 ustep: 1 
iter: 2  value: 26476.57 mgc: 6.132527e-07 ustep: 1 
iter: 3  mgc: 8.21565e-15 
iter: 1  mgc: 8.21565e-15 
outer mgc:  0.03886118 
iter: 1  value: 26476.49 mgc: 0.005694965 ustep: 1 
iter: 2  value: 26476.49 mgc: 8.279321e-07 ustep: 1 
iter: 3  mgc: 3.68594e-14 
iter: 1  value: 26476.54 mgc: 0.004674129 ustep: 1 
iter: 2  value: 26476.54 mgc: 2.160774e-07 ustep: 1 
iter: 3  mgc: 5.329071e-15 
iter: 1  mgc: 5.329071e-15 
outer mgc:  0.07410522 
iter: 1  value: 26476.48 mgc: 0.006173278 ustep: 1 
iter: 2  value: 26476.48 mgc: 2.674962e-07 ustep: 1 
iter: 3  mgc: 5.77316e-15 
iter: 1  mgc: 5.77316e-15 
outer mgc:  0.01851927 
iter: 1  value: 26476.45 mgc: 0.004031269 ustep: 1 
iter: 2  value: 26476.45 mgc: 4.142972e-07 ustep: 1 
iter: 3  mgc: 1.24345e-14 
iter: 1  mgc: 1.24345e-14 
outer mgc:  0.01781578 
iter: 1  value: 26476.37 mgc: 0.005142979 ustep: 1 
iter: 2  value: 26476.37 mgc: 1.343251e-07 ustep: 1 
iter: 3  mgc: 5.551115e-15 
iter: 1  mgc: 5.551115e-15 
outer mgc:  0.01065531 
iter: 1  value: 26476.32 mgc: 0.005764251 ustep: 1 
iter: 2  value: 26476.32 mgc: 2.060948e-07 ustep: 1 
iter: 3  mgc: 5.77316e-15 
iter: 1  mgc: 5.77316e-15 
outer mgc:  0.00417827 
iter: 1  value: 26476.23 mgc: 0.005343983 ustep: 1 
iter: 2  value: 26476.23 mgc: 1.393166e-07 ustep: 1 
iter: 3  mgc: 7.105427e-15 
iter: 1  mgc: 5.77316e-15 
iter: 1  mgc: 5.77316e-15 
outer mgc:  0.00417827 
iter: 1  value: 26476.32 mgc: 0.003803937 ustep: 1 
iter: 2  value: 26476.32 mgc: 1.55868e-07 ustep: 1 
iter: 3  mgc: 3.774758e-15 
outer mgc:  0.1916468 
iter: 1  value: 26476.32 mgc: 0.003801059 ustep: 1 
iter: 2  value: 26476.32 mgc: 1.557009e-07 ustep: 1 
iter: 3  mgc: 4.440892e-15 
outer mgc:  0.1920034 
iter: 1  value: 26476.32 mgc: 0.002335748 ustep: 1 
iter: 2  value: 26476.32 mgc: 6.290141e-08 ustep: 1 
iter: 3  mgc: 6.661338e-15 
outer mgc:  0.1150502 
iter: 1  value: 26476.32 mgc: 0.002334091 ustep: 1 
iter: 2  value: 26476.32 mgc: 6.285766e-08 ustep: 1 
iter: 3  mgc: 5.495604e-15 
outer mgc:  0.107999 
iter: 1  value: 26476.31 mgc: 0.003784587 ustep: 1 
iter: 2  value: 26476.31 mgc: 6.544708e-07 ustep: 1 
iter: 3  mgc: 2.398082e-14 
outer mgc:  0.119056 
iter: 1  value: 26476.33 mgc: 0.003781151 ustep: 1 
iter: 2  value: 26476.33 mgc: 6.547611e-07 ustep: 1 
iter: 3  mgc: 2.442491e-14 
outer mgc:  0.1260305 
iter: 1  value: 26476.31 mgc: 0.00232467 ustep: 1 
iter: 2  value: 26476.31 mgc: 3.047773e-07 ustep: 1 
iter: 3  mgc: 5.939693e-15 
outer mgc:  0.09306321 
iter: 1  value: 26476.32 mgc: 0.002323179 ustep: 1 
iter: 2  value: 26476.32 mgc: 3.048442e-07 ustep: 1 
iter: 3  mgc: 6.883383e-15 
outer mgc:  0.09053482 
iter: 1  value: 26476.32 mgc: 0.005857628 ustep: 1 
iter: 2  value: 26476.32 mgc: 5.710727e-07 ustep: 1 
iter: 3  mgc: 9.769963e-15 
outer mgc:  0.1895561 
iter: 1  value: 26476.32 mgc: 0.005855659 ustep: 1 
iter: 2  value: 26476.32 mgc: 5.716576e-07 ustep: 1 
iter: 3  mgc: 1.110223e-14 
outer mgc:  0.1921789 
iter: 1  value: 26476.32 mgc: 0.003067773 ustep: 1 
iter: 2  value: 26476.32 mgc: 2.334034e-07 ustep: 1 
iter: 3  mgc: 4.440892e-15 
outer mgc:  0.1474522 
iter: 1  value: 26476.32 mgc: 0.003067224 ustep: 1 
iter: 2  value: 26476.32 mgc: 2.335612e-07 ustep: 1 
iter: 3  mgc: 5.107026e-15 
outer mgc:  0.1509808 
iter: 1  value: 26476.32 mgc: 0.004913901 ustep: 1 
iter: 2  value: 26476.32 mgc: 3.650503e-07 ustep: 1 
iter: 3  mgc: 5.329071e-15 
outer mgc:  0.2312454 
iter: 1  value: 26476.32 mgc: 0.004910943 ustep: 1 
iter: 2  value: 26476.32 mgc: 3.65811e-07 ustep: 1 
iter: 3  mgc: 5.329071e-15 
outer mgc:  0.2354622 
iter: 1  value: 26476.32 mgc: 0.002999176 ustep: 1 
iter: 2  value: 26476.32 mgc: 1.418403e-07 ustep: 1 
iter: 3  mgc: 7.105427e-15 
outer mgc:  0.1529836 
iter: 1  value: 26476.32 mgc: 0.002997994 ustep: 1 
iter: 2  value: 26476.32 mgc: 1.419618e-07 ustep: 1 
iter: 3  mgc: 5.634382e-15 
outer mgc:  0.1612703 
iter: 1  value: 26476.36 mgc: 0.003787631 ustep: 1 
iter: 2  value: 26476.36 mgc: 7.978081e-08 ustep: 1 
iter: 3  mgc: 6.439294e-15 
outer mgc:  0.00496799 
iter: 1  value: 26476.27 mgc: 0.00379142 ustep: 1 
iter: 2  value: 26476.27 mgc: 7.962992e-08 ustep: 1 
iter: 3  mgc: 5.329071e-15 
outer mgc:  0.004064292 
iter: 1  value: 26476.34 mgc: 0.003422331 ustep: 1 
iter: 2  value: 26476.34 mgc: 4.798813e-07 ustep: 1 
iter: 3  mgc: 1.021405e-14 
outer mgc:  0.01233539 
iter: 1  value: 26476.29 mgc: 0.003425755 ustep: 1 
iter: 2  value: 26476.29 mgc: 4.800549e-07 ustep: 1 
iter: 3  mgc: 1.465494e-14 
outer mgc:  0.01002988 
iter: 1  value: 26476.34 mgc: 0.004851968 ustep: 1 
iter: 2  value: 26476.34 mgc: 2.247766e-07 ustep: 1 
iter: 3  mgc: 5.77316e-15 
outer mgc:  0.01293109 
iter: 1  value: 26476.29 mgc: 0.004856822 ustep: 1 
iter: 2  value: 26476.29 mgc: 2.247569e-07 ustep: 1 
iter: 3  mgc: 6.661338e-15 
outer mgc:  0.01177064 
iter: 1  value: 26476.35 mgc: 0.004080631 ustep: 1 
iter: 2  value: 26476.35 mgc: 1.328098e-07 ustep: 1 
iter: 3  mgc: 5.329071e-15 
outer mgc:  0.007408426 
iter: 1  value: 26476.28 mgc: 0.004084714 ustep: 1 
iter: 2  value: 26476.28 mgc: 1.327208e-07 ustep: 1 
iter: 3  mgc: 5.107026e-15 
outer mgc:  0.006502903 
iter: 1  value: 26476.29 mgc: 0.003984389 ustep: 1 
iter: 2  value: 26476.29 mgc: 3.270227e-07 ustep: 1 
iter: 3  mgc: 9.325873e-15 
outer mgc:  0.1230094 
iter: 1  value: 26476.34 mgc: 0.003982363 ustep: 1 
iter: 2  value: 26476.34 mgc: 3.263439e-07 ustep: 1 
iter: 3  mgc: 5.329071e-15 
outer mgc:  0.12438 
iter: 1  value: 26476.29 mgc: 0.002642382 ustep: 1 
iter: 2  value: 26476.29 mgc: 1.697405e-07 ustep: 1 
iter: 3  mgc: 5.107026e-15 
outer mgc:  0.1305162 
iter: 1  value: 26476.34 mgc: 0.002640387 ustep: 1 
iter: 2  value: 26476.34 mgc: 1.693812e-07 ustep: 1 
iter: 3  mgc: 4.662937e-15 
outer mgc:  0.1344223 
[Sun Aug 15 07:06:17 2021]
Finished job 0.
1 of 1 steps (100%) done
