Building DAG of jobs...
Using shell: /usr/bin/bash
Provided cores: 40
Rules claiming more threads will be scaled down.
Job counts:
	count	jobs
	1	inference_simulation_TMB_multiple
	1
Select jobs to execute...

[Sun Aug 15 15:16:17 2021]
rule inference_simulation_TMB_multiple:
    input: ../data/assessing_models_simulation/datasets/multiple_GenerationCnorm_10_100_80_4_4_NA_NA_NA_dataset0.RDS
    output: ../data/assessing_models_simulation/inference_results/TMB/nlminb/multiple_GenerationCnorm_10_100_80_4_4_diagREDM_NA_NA_NA_dataset0.RDS
    log: logs/inference/nlminb/simulation_GenerationCnorm_10_100_80_4_4_ModeldiagREDM_NA_NA_NA_dataset0.log
    jobid: 0
    wildcards: optimiser=nlminb, datasetgeneration=GenerationCnorm, n=10, nlambda=100, lmbda=80, d=4, beta_intensity=4, model=diagREDM, fixed_beta_intercept=NA, fixed_beta_slope=NA, sdRE_input=NA, itnum=0

Rscript 2_inference_TMB/run_TMB.R --input ../data/assessing_models_simulation/datasets/multiple_GenerationCnorm_10_100_80_4_4_NA_NA_NA_dataset0.RDS --output ../data/assessing_models_simulation/inference_results/TMB/nlminb/multiple_GenerationCnorm_10_100_80_4_4_diagREDM_NA_NA_NA_dataset0.RDS --model diagREDM --optimiser nlminb
Model: diagREDM 
Feature type: signatures 
Using nlminb: TRUE 
Simulation boolean: TRUE 
make: Nothing to be done for 'all'.
../data/assessing_models_simulation/datasets/multiple_GenerationCnorm_10_100_80_4_4_NA_NA_NA_dataset0.RDS[1] "../data/assessing_models_simulation/datasets/multiple_GenerationCnorm_10_100_80_4_4_NA_NA_NA_dataset0.RDS"
Reading file ../data/assessing_models_simulation/datasets/multiple_GenerationCnorm_10_100_80_4_4_NA_NA_NA_dataset0.RDS 
Loading required package: nnet
# weights:  12 (6 variable)
initial  value 2649.208524 
iter  10 value 2253.275408
final  value 2250.355187 
converged
Constructing atomic invpd
Constructing atomic D_lgamma
Constructing atomic invpd
Constructing atomic D_lgamma
Constructing atomic matmul
Constructing atomic invpd
Constructing atomic D_lgamma
Constructing atomic matmul
Optimizing tape... Done
iter: 1  value: 2912.258 mgc: 78.86552 ustep: 1 
iter: 2  value: 2873.197 mgc: 31.98476 ustep: 1 
iter: 3  value: 2872.646 mgc: 3.499566 ustep: 1 
iter: 4  value: 2872.644 mgc: 0.1840557 ustep: 1 
iter: 5  value: 2872.644 mgc: 0.0006752841 ustep: 1 
iter: 6  mgc: 9.136527e-09 
iter: 1  mgc: 9.136527e-09 
Matching hessian patterns... Done
outer mgc:  221.2264 
iter: 1  value: 2667.279 mgc: 17.76013 ustep: 1 
iter: 2  value: 2667.253 mgc: 1.126084 ustep: 1 
iter: 3  value: 2667.253 mgc: 0.006068622 ustep: 1 
iter: 4  value: 2667.253 mgc: 1.090985e-07 ustep: 1 
mgc: 3.234746e-12 
iter: 1  value: 2662.101 mgc: 61.24767 ustep: 1 
iter: 2  value: 2623.908 mgc: 43.08956 ustep: 1 
iter: 3  value: 2623.277 mgc: 7.00806 ustep: 1 
iter: 4  value: 2623.276 mgc: 0.1659922 ustep: 1 
iter: 5  value: 2623.276 mgc: 0.0005682656 ustep: 1 
iter: 6  mgc: 6.822228e-09 
iter: 1  mgc: 6.822228e-09 
outer mgc:  218.4637 
iter: 1  value: 2407.788 mgc: 69.87891 ustep: 1 
iter: 2  value: 2384.395 mgc: 14.69801 ustep: 1 
iter: 3  value: 2384.268 mgc: 0.8577378 ustep: 1 
iter: 4  value: 2384.268 mgc: 0.01008385 ustep: 1 
iter: 5  value: 2384.268 mgc: 4.936751e-06 ustep: 1 
iter: 6  mgc: 4.185485e-12 
iter: 1  mgc: 4.185485e-12 
outer mgc:  109.6685 
iter: 1  value: 2536.955 mgc: 61.54525 ustep: 1 
iter: 2  value: 2345.272 mgc: 55.41414 ustep: 1 
iter: 3  value: 2343.297 mgc: 7.419818 ustep: 1 
iter: 4  value: 2343.296 mgc: 0.1599928 ustep: 1 
iter: 5  value: 2343.296 mgc: 0.0001434901 ustep: 1 
iter: 6  mgc: 1.782827e-10 
iter: 1  mgc: 1.782827e-10 
outer mgc:  87.61323 
iter: 1  value: 2531.451 mgc: 47.8627 ustep: 0.08160329 
iter: 2  value: 2365.598 mgc: 67.29795 ustep: 0.2857343 
iter: 3  value: 2360.981 mgc: 6.993411 ustep: 0.5345878 
iter: 4  value: 2360.92 mgc: 1.02465 ustep: 0.731182 
iter: 5  value: 2360.92 mgc: 0.04899858 ustep: 0.8551063 
iter: 6  value: 2360.92 mgc: 0.0006632833 ustep: 0.9247271 
iter: 7  value: 2360.92 mgc: 1.199977e-05 ustep: 0.9616312 
iter: 8  value: 2360.92 mgc: 1.262366e-07 ustep: 0.9806299 
iter: 9  mgc: 6.591122e-10 
iter: 1  value: 2267.962 mgc: 27.48298 ustep: 0.1336527 
iter: 2  value: 2224.024 mgc: 25.58837 ustep: 0.3656489 
iter: 3  value: 2223.028 mgc: 3.569797 ustep: 0.6047286 
iter: 4  value: 2223.024 mgc: 0.1859171 ustep: 0.7776652 
iter: 5  value: 2223.024 mgc: 0.002989549 ustep: 0.8818651 
iter: 6  value: 2223.024 mgc: 8.793981e-05 ustep: 0.9390828 
iter: 7  value: 2223.024 mgc: 2.053224e-06 ustep: 0.969066 
iter: 8  value: 2223.024 mgc: 2.803943e-08 ustep: 0.984413 
iter: 9  mgc: 1.905051e-10 
iter: 1  mgc: 1.905051e-10 
outer mgc:  9.711984 
iter: 1  value: 2259.04 mgc: 20.93306 ustep: 1 
iter: 2  value: 2210.111 mgc: 20.433 ustep: 1 
iter: 3  value: 2208.973 mgc: 2.880203 ustep: 1 
iter: 4  value: 2208.971 mgc: 0.1319326 ustep: 1 
iter: 5  value: 2208.971 mgc: 0.0003225388 ustep: 1 
iter: 6  mgc: 1.942223e-09 
iter: 1  mgc: 1.942223e-09 
outer mgc:  5.353775 
iter: 1  value: 2207.017 mgc: 20.61565 ustep: 1 
iter: 2  value: 2206.943 mgc: 0.8501079 ustep: 1 
iter: 3  value: 2206.943 mgc: 0.00891927 ustep: 1 
iter: 4  value: 2206.943 mgc: 1.590265e-06 ustep: 1 
iter: 5  mgc: 3.343492e-12 
iter: 1  mgc: 3.343492e-12 
outer mgc:  28.27694 
iter: 1  value: 2207.52 mgc: 21.97031 ustep: 1 
iter: 2  value: 2206.955 mgc: 3.226682 ustep: 1 
iter: 3  value: 2206.954 mgc: 0.03596598 ustep: 1 
iter: 4  value: 2206.954 mgc: 4.840724e-06 ustep: 1 
iter: 5  mgc: 1.692646e-12 
iter: 1  value: 2205.762 mgc: 15.30196 ustep: 1 
iter: 2  value: 2205.664 mgc: 1.333105 ustep: 1 
iter: 3  value: 2205.664 mgc: 0.006717019 ustep: 1 
iter: 4  value: 2205.664 mgc: 1.766427e-07 ustep: 1 
mgc: 2.947087e-12 
iter: 1  mgc: 2.947087e-12 
outer mgc:  25.58399 
iter: 1  value: 2201.665 mgc: 6.643627 ustep: 1 
iter: 2  value: 2201.661 mgc: 0.1196001 ustep: 1 
iter: 3  value: 2201.661 mgc: 0.0001903512 ustep: 1 
iter: 4  mgc: 6.996275e-10 
iter: 1  mgc: 6.996275e-10 
outer mgc:  2.049545 
iter: 1  value: 2202.171 mgc: 8.431721 ustep: 1 
iter: 2  value: 2201.973 mgc: 1.076397 ustep: 1 
iter: 3  value: 2201.973 mgc: 0.01420599 ustep: 1 
iter: 4  value: 2201.973 mgc: 3.63793e-06 ustep: 1 
iter: 5  mgc: 2.623235e-12 
iter: 1  value: 2201.855 mgc: 5.290897 ustep: 1 
iter: 2  value: 2201.845 mgc: 0.2592501 ustep: 1 
iter: 3  value: 2201.845 mgc: 0.0007673331 ustep: 1 
iter: 4  mgc: 8.697862e-09 
iter: 1  value: 2201.568 mgc: 2.154687 ustep: 1 
iter: 2  value: 2201.567 mgc: 0.03955547 ustep: 1 
iter: 3  value: 2201.567 mgc: 1.786808e-05 ustep: 1 
iter: 4  mgc: 5.700829e-12 
iter: 1  mgc: 5.700829e-12 
outer mgc:  1.941074 
iter: 1  value: 2201.408 mgc: 1.29818 ustep: 1 
iter: 2  value: 2201.408 mgc: 0.005029521 ustep: 1 
iter: 3  value: 2201.408 mgc: 1.015643e-07 ustep: 1 
mgc: 1.874945e-12 
iter: 1  mgc: 1.874945e-12 
outer mgc:  1.646068 
iter: 1  value: 2201.213 mgc: 2.327599 ustep: 1 
iter: 2  value: 2201.213 mgc: 0.01390873 ustep: 1 
iter: 3  value: 2201.213 mgc: 1.165473e-06 ustep: 1 
iter: 4  mgc: 5.091483e-12 
iter: 1  mgc: 5.091483e-12 
outer mgc:  0.8678866 
iter: 1  value: 2201.094 mgc: 3.903223 ustep: 1 
iter: 2  value: 2201.094 mgc: 0.044608 ustep: 1 
iter: 3  value: 2201.094 mgc: 1.027185e-05 ustep: 1 
iter: 4  mgc: 2.925715e-12 
iter: 1  mgc: 2.925715e-12 
outer mgc:  0.811418 
iter: 1  value: 2201.12 mgc: 3.738875 ustep: 1 
iter: 2  value: 2201.12 mgc: 0.03815689 ustep: 1 
iter: 3  value: 2201.12 mgc: 1.406926e-05 ustep: 1 
iter: 4  mgc: 3.455181e-12 
iter: 1  value: 2201.071 mgc: 1.477068 ustep: 1 
iter: 2  value: 2201.071 mgc: 0.00547466 ustep: 1 
iter: 3  value: 2201.071 mgc: 1.747011e-07 ustep: 1 
iter: 4  mgc: 2.49667e-12 
iter: 1  mgc: 2.49667e-12 
outer mgc:  2.266545 
iter: 1  value: 2201.06 mgc: 1.124349 ustep: 1 
iter: 2  value: 2201.06 mgc: 0.003631783 ustep: 1 
iter: 3  value: 2201.06 mgc: 6.496143e-08 ustep: 1 
mgc: 2.412404e-12 
iter: 1  mgc: 2.412404e-12 
outer mgc:  0.3764403 
iter: 1  value: 2201.051 mgc: 0.9015389 ustep: 1 
iter: 2  value: 2201.051 mgc: 0.007553006 ustep: 1 
iter: 3  value: 2201.051 mgc: 6.788036e-07 ustep: 1 
iter: 4  mgc: 2.481571e-12 
iter: 1  mgc: 2.481571e-12 
outer mgc:  0.7481207 
iter: 1  value: 2201.07 mgc: 0.2715409 ustep: 1 
iter: 2  value: 2201.07 mgc: 0.0002417505 ustep: 1 
iter: 3  mgc: 2.173768e-10 
iter: 1  mgc: 2.173768e-10 
outer mgc:  0.5583761 
iter: 1  value: 2201.055 mgc: 0.2131801 ustep: 1 
iter: 2  value: 2201.055 mgc: 0.0004513832 ustep: 1 
iter: 3  mgc: 3.322954e-09 
iter: 1  value: 2201.043 mgc: 0.2567851 ustep: 1 
iter: 2  value: 2201.043 mgc: 0.0006247534 ustep: 1 
iter: 3  mgc: 6.312131e-09 
iter: 1  mgc: 6.312131e-09 
outer mgc:  0.5881447 
iter: 1  value: 2201.098 mgc: 0.4999124 ustep: 1 
iter: 2  value: 2201.098 mgc: 0.002205055 ustep: 1 
iter: 3  value: 2201.098 mgc: 5.533361e-08 ustep: 1 
mgc: 2.460032e-12 
iter: 1  mgc: 2.460032e-12 
outer mgc:  0.3229278 
iter: 1  value: 2201.113 mgc: 0.08813943 ustep: 1 
iter: 2  value: 2201.113 mgc: 1.922613e-05 ustep: 1 
iter: 3  mgc: 3.376854e-12 
iter: 1  value: 2201.169 mgc: 0.2829455 ustep: 1 
iter: 2  value: 2201.169 mgc: 0.0002114225 ustep: 1 
iter: 3  mgc: 1.788216e-10 
iter: 1  mgc: 1.788216e-10 
outer mgc:  0.328912 
iter: 1  value: 2201.872 mgc: 2.247037 ustep: 1 
iter: 2  value: 2201.872 mgc: 0.01867883 ustep: 1 
iter: 3  value: 2201.872 mgc: 1.018028e-06 ustep: 1 
iter: 4  mgc: 4.294343e-12 
iter: 1  value: 2245.172 mgc: 10.32124 ustep: 1 
iter: 2  value: 2245.126 mgc: 0.5668565 ustep: 1 
iter: 3  value: 2245.126 mgc: 0.004335439 ustep: 1 
iter: 4  value: 2245.126 mgc: 3.49437e-07 ustep: 1 
iter: 5  mgc: 9.74365e-12 
iter: 1  mgc: 4.294343e-12 
outer mgc:  1.415762 
iter: 1  value: 2216.554 mgc: 9.085695 ustep: 1 
iter: 2  value: 2216.508 mgc: 0.5072581 ustep: 1 
iter: 3  value: 2216.508 mgc: 0.007525222 ustep: 1 
iter: 4  value: 2216.508 mgc: 1.592016e-06 ustep: 1 
iter: 5  mgc: 5.459633e-12 
iter: 1  value: 2202.262 mgc: 1.244579 ustep: 1 
iter: 2  value: 2202.262 mgc: 0.006479449 ustep: 1 
iter: 3  value: 2202.262 mgc: 2.140214e-07 ustep: 1 
iter: 4  mgc: 5.048295e-12 
iter: 1  mgc: 5.048295e-12 
outer mgc:  1.092475 
iter: 1  value: 2203.688 mgc: 3.117388 ustep: 1 
iter: 2  value: 2203.688 mgc: 0.04357133 ustep: 1 
iter: 3  value: 2203.688 mgc: 3.877001e-05 ustep: 1 
iter: 4  mgc: 1.01843e-11 
iter: 1  value: 2224.715 mgc: 7.529351 ustep: 1 
iter: 2  value: 2224.691 mgc: 0.3015708 ustep: 1 
iter: 3  value: 2224.691 mgc: 0.002630677 ustep: 1 
iter: 4  value: 2224.691 mgc: 1.504386e-07 ustep: 1 
iter: 5  mgc: 7.105039e-12 
iter: 1  mgc: 1.01843e-11 
outer mgc:  1.49138 
iter: 1  value: 2204.975 mgc: 8.329667 ustep: 1 
iter: 2  value: 2204.965 mgc: 0.3224072 ustep: 1 
iter: 3  value: 2204.965 mgc: 0.0005588635 ustep: 1 
iter: 4  mgc: 9.65599e-09 
iter: 1  mgc: 9.65599e-09 
outer mgc:  6.743186 
iter: 1  value: 2204.647 mgc: 6.221176 ustep: 1 
iter: 2  value: 2204.645 mgc: 0.145065 ustep: 1 
iter: 3  value: 2204.645 mgc: 0.0001343016 ustep: 1 
iter: 4  mgc: 1.475748e-10 
iter: 1  mgc: 1.475748e-10 
outer mgc:  2.200117 
iter: 1  value: 2201.777 mgc: 5.137398 ustep: 1 
iter: 2  value: 2201.775 mgc: 0.1315383 ustep: 1 
iter: 3  value: 2201.775 mgc: 0.0001309673 ustep: 1 
iter: 4  mgc: 5.457368e-11 
iter: 1  mgc: 5.457368e-11 
outer mgc:  2.443373 
iter: 1  value: 2199.822 mgc: 2.417922 ustep: 1 
iter: 2  value: 2199.822 mgc: 0.03626927 ustep: 1 
iter: 3  value: 2199.822 mgc: 1.103516e-05 ustep: 1 
iter: 4  mgc: 1.048472e-11 
iter: 1  value: 2195.49 mgc: 3.965304 ustep: 1 
iter: 2  value: 2195.49 mgc: 0.08320841 ustep: 1 
iter: 3  value: 2195.49 mgc: 3.253359e-05 ustep: 1 
iter: 4  mgc: 2.144018e-11 
iter: 1  mgc: 2.144018e-11 
outer mgc:  5.831513 
iter: 1  value: 2191.966 mgc: 19.26879 ustep: 1 
iter: 2  value: 2191.924 mgc: 0.67649 ustep: 1 
iter: 3  value: 2191.924 mgc: 0.002606231 ustep: 1 
iter: 4  value: 2191.924 mgc: 3.883555e-08 ustep: 1 
mgc: 6.478595e-12 
iter: 1  value: 2192.938 mgc: 7.803991 ustep: 1 
iter: 2  value: 2192.921 mgc: 0.3344597 ustep: 1 
iter: 3  value: 2192.921 mgc: 0.0009909991 ustep: 1 
iter: 4  value: 2192.921 mgc: 1.157146e-08 ustep: 1 
mgc: 1.007816e-11 
iter: 1  mgc: 1.007816e-11 
outer mgc:  12.81925 
iter: 1  value: 2190.253 mgc: 5.943019 ustep: 1 
iter: 2  value: 2190.252 mgc: 0.07617875 ustep: 1 
iter: 3  value: 2190.252 mgc: 7.817795e-05 ustep: 1 
iter: 4  mgc: 1.022358e-10 
iter: 1  mgc: 1.022358e-10 
outer mgc:  12.39085 
iter: 1  value: 2186.679 mgc: 6.491878 ustep: 1 
iter: 2  value: 2186.678 mgc: 0.05581561 ustep: 1 
iter: 3  value: 2186.678 mgc: 1.485804e-05 ustep: 1 
iter: 4  mgc: 6.813605e-12 
iter: 1  mgc: 6.813605e-12 
outer mgc:  5.257441 
iter: 1  value: 2183.895 mgc: 2.963912 ustep: 1 
iter: 2  value: 2183.895 mgc: 0.01656004 ustep: 1 
iter: 3  value: 2183.895 mgc: 7.254823e-07 ustep: 1 
iter: 4  mgc: 1.181899e-11 
iter: 1  mgc: 1.181899e-11 
outer mgc:  2.182209 
iter: 1  value: 2181.181 mgc: 2.503068 ustep: 1 
iter: 2  value: 2181.181 mgc: 0.02764766 ustep: 1 
iter: 3  value: 2181.181 mgc: 4.731692e-06 ustep: 1 
iter: 4  mgc: 8.322232e-12 
iter: 1  mgc: 8.322232e-12 
outer mgc:  1.503957 
iter: 1  value: 2180.481 mgc: 0.9054197 ustep: 1 
iter: 2  value: 2180.481 mgc: 0.002021846 ustep: 1 
iter: 3  value: 2180.481 mgc: 3.42066e-08 ustep: 1 
mgc: 5.547562e-12 
iter: 1  mgc: 5.547562e-12 
outer mgc:  0.9833652 
iter: 1  value: 2180.71 mgc: 0.3391883 ustep: 1 
iter: 2  value: 2180.71 mgc: 0.0008764539 ustep: 1 
iter: 3  mgc: 6.642816e-09 
iter: 1  mgc: 6.642816e-09 
outer mgc:  0.2702223 
iter: 1  value: 2180.672 mgc: 0.1129169 ustep: 1 
iter: 2  value: 2180.672 mgc: 6.991846e-06 ustep: 1 
iter: 3  mgc: 5.409895e-12 
iter: 1  mgc: 5.409895e-12 
outer mgc:  0.0764099 
iter: 1  value: 2180.587 mgc: 0.09526694 ustep: 1 
iter: 2  value: 2180.587 mgc: 9.807843e-06 ustep: 1 
iter: 3  mgc: 8.599566e-12 
iter: 1  mgc: 8.599566e-12 
outer mgc:  0.07469357 
iter: 1  value: 2180.542 mgc: 0.07479517 ustep: 1 
iter: 2  value: 2180.542 mgc: 4.233923e-06 ustep: 1 
iter: 3  mgc: 6.984635e-12 
iter: 1  mgc: 6.984635e-12 
outer mgc:  0.01405093 
iter: 1  value: 2180.525 mgc: 0.0416323 ustep: 1 
iter: 2  value: 2180.525 mgc: 5.27736e-07 ustep: 1 
iter: 3  mgc: 9.700157e-12 
iter: 1  mgc: 9.700157e-12 
outer mgc:  0.01794431 
iter: 1  value: 2180.47 mgc: 0.1436065 ustep: 1 
iter: 2  value: 2180.47 mgc: 5.922426e-06 ustep: 1 
iter: 3  mgc: 8.341772e-12 
iter: 1  value: 2180.405 mgc: 0.169631 ustep: 1 
iter: 2  value: 2180.405 mgc: 7.861707e-06 ustep: 1 
iter: 3  mgc: 6.988188e-12 
iter: 1  mgc: 6.988188e-12 
outer mgc:  0.04128064 
iter: 1  value: 2180.307 mgc: 0.2515512 ustep: 1 
iter: 2  value: 2180.307 mgc: 1.608991e-05 ustep: 1 
iter: 3  mgc: 8.228973e-12 
iter: 1  mgc: 8.228973e-12 
outer mgc:  0.03187176 
iter: 1  value: 2180.096 mgc: 0.5296719 ustep: 1 
iter: 2  value: 2180.096 mgc: 6.613547e-05 ustep: 1 
iter: 3  mgc: 2.130853e-11 
iter: 1  mgc: 2.130853e-11 
outer mgc:  0.02184723 
iter: 1  value: 2179.48 mgc: 1.57694 ustep: 1 
iter: 2  value: 2179.48 mgc: 0.0004661701 ustep: 1 
iter: 3  mgc: 1.524168e-09 
iter: 1  mgc: 1.524168e-09 
outer mgc:  0.07091042 
iter: 1  value: 2178.657 mgc: 11.80758 ustep: 1 
iter: 2  value: 2178.657 mgc: 0.05754355 ustep: 1 
iter: 3  value: 2178.657 mgc: 2.87426e-05 ustep: 1 
iter: 4  mgc: 6.928236e-12 
iter: 1  value: 2179.218 mgc: 0.6584848 ustep: 1 
iter: 2  value: 2179.218 mgc: 0.0001208289 ustep: 1 
iter: 3  mgc: 1.232707e-10 
iter: 1  mgc: 1.232707e-10 
outer mgc:  0.09850035 
iter: 1  value: 2178.72 mgc: 1.448981 ustep: 1 
iter: 2  value: 2178.72 mgc: 0.0006282684 ustep: 1 
iter: 3  mgc: 3.215531e-09 
iter: 1  value: 2178.295 mgc: 6.458019 ustep: 1 
iter: 2  value: 2178.295 mgc: 0.02585952 ustep: 1 
iter: 3  value: 2178.295 mgc: 5.613046e-06 ustep: 1 
iter: 4  mgc: 2.93543e-13 
iter: 1  mgc: 3.215531e-09 
outer mgc:  0.1769787 
iter: 1  value: 2178.098 mgc: 3.753008 ustep: 1 
iter: 2  value: 2178.098 mgc: 0.007735261 ustep: 1 
iter: 3  value: 2178.098 mgc: 4.562903e-07 ustep: 1 
iter: 4  mgc: 1.89182e-13 
iter: 1  value: 2178.565 mgc: 0.5121377 ustep: 1 
iter: 2  value: 2178.565 mgc: 0.0001123415 ustep: 1 
iter: 3  mgc: 8.466117e-11 
iter: 1  mgc: 8.466117e-11 
outer mgc:  0.2132428 
iter: 1  value: 2178.297 mgc: 1.533537 ustep: 1 
iter: 2  value: 2178.297 mgc: 0.009382522 ustep: 1 
iter: 3  value: 2178.297 mgc: 4.399571e-07 ustep: 1 
iter: 4  mgc: 2.877698e-13 
iter: 1  value: 2178.556 mgc: 1.028337 ustep: 1 
iter: 2  value: 2178.556 mgc: 0.004101621 ustep: 1 
iter: 3  value: 2178.556 mgc: 2.890505e-08 ustep: 1 
mgc: 3.63265e-13 
iter: 1  value: 2178.553 mgc: 0.1034899 ustep: 1 
iter: 2  value: 2178.553 mgc: 4.138847e-05 ustep: 1 
iter: 3  mgc: 3.295142e-12 
iter: 1  mgc: 3.295142e-12 
outer mgc:  0.3020712 
iter: 1  value: 2178.545 mgc: 0.09083312 ustep: 1 
iter: 2  value: 2178.545 mgc: 1.220072e-05 ustep: 1 
iter: 3  mgc: 3.812506e-13 
iter: 1  mgc: 3.812506e-13 
outer mgc:  0.2103806 
iter: 1  value: 2178.535 mgc: 0.06556367 ustep: 1 
iter: 2  value: 2178.535 mgc: 1.708553e-06 ustep: 1 
iter: 3  mgc: 3.654854e-13 
iter: 1  mgc: 3.654854e-13 
outer mgc:  0.2099952 
iter: 1  value: 2178.515 mgc: 0.08765283 ustep: 1 
iter: 2  value: 2178.515 mgc: 4.966086e-06 ustep: 1 
iter: 3  mgc: 2.615685e-13 
iter: 1  mgc: 2.615685e-13 
outer mgc:  0.2125735 
iter: 1  value: 2178.482 mgc: 0.1202553 ustep: 1 
iter: 2  value: 2178.482 mgc: 3.962355e-06 ustep: 1 
iter: 3  mgc: 4.541922e-13 
iter: 1  value: 2178.433 mgc: 0.1440635 ustep: 1 
iter: 2  value: 2178.433 mgc: 1.14224e-05 ustep: 1 
iter: 3  mgc: 8.943957e-13 
iter: 1  value: 2178.213 mgc: 0.7387699 ustep: 1 
iter: 2  value: 2178.213 mgc: 0.0003275638 ustep: 1 
iter: 3  mgc: 7.435119e-10 
iter: 1  mgc: 7.435119e-10 
outer mgc:  0.2760666 
iter: 1  value: 2176.742 mgc: 2.618873 ustep: 1 
iter: 2  value: 2176.742 mgc: 0.00964694 ustep: 1 
iter: 3  value: 2176.742 mgc: 6.432937e-07 ustep: 1 
iter: 4  mgc: 1.281197e-13 
iter: 1  mgc: 1.281197e-13 
outer mgc:  0.9556381 
iter: 1  value: 2174.916 mgc: 2.338669 ustep: 1 
iter: 2  value: 2174.916 mgc: 0.004728665 ustep: 1 
iter: 3  value: 2174.916 mgc: 4.565318e-08 ustep: 1 
mgc: 1.98952e-13 
iter: 1  mgc: 1.98952e-13 
outer mgc:  2.204383 
iter: 1  value: 2173.425 mgc: 2.332477 ustep: 1 
iter: 2  value: 2173.425 mgc: 0.005131649 ustep: 1 
iter: 3  value: 2173.425 mgc: 6.305516e-08 ustep: 1 
mgc: 9.547918e-14 
iter: 1  mgc: 9.547918e-14 
outer mgc:  0.5870113 
iter: 1  value: 2171.972 mgc: 1.969922 ustep: 1 
iter: 2  value: 2171.972 mgc: 0.003523126 ustep: 1 
iter: 3  value: 2171.972 mgc: 6.327058e-08 ustep: 1 
mgc: 9.703349e-14 
iter: 1  mgc: 9.703349e-14 
outer mgc:  0.3617047 
iter: 1  value: 2170.374 mgc: 1.993628 ustep: 1 
iter: 2  value: 2170.374 mgc: 0.002738452 ustep: 1 
iter: 3  mgc: 7.905919e-09 
iter: 1  mgc: 7.905919e-09 
outer mgc:  0.5383229 
iter: 1  value: 2168.728 mgc: 1.847983 ustep: 1 
iter: 2  value: 2168.728 mgc: 0.001838309 ustep: 1 
iter: 3  value: 2168.728 mgc: 1.242987e-08 ustep: 1 
mgc: 5.795364e-14 
iter: 1  mgc: 5.795364e-14 
outer mgc:  0.2803953 
iter: 1  value: 2166.964 mgc: 1.911227 ustep: 1 
iter: 2  value: 2166.964 mgc: 0.001553967 ustep: 1 
iter: 3  mgc: 4.421822e-09 
iter: 1  mgc: 4.421822e-09 
outer mgc:  0.03334258 
iter: 1  value: 2165.265 mgc: 1.897446 ustep: 1 
iter: 2  value: 2165.265 mgc: 0.00123902 ustep: 1 
iter: 3  mgc: 3.555024e-09 
iter: 1  mgc: 3.555024e-09 
outer mgc:  0.04979364 
iter: 1  value: 2163.624 mgc: 1.635701 ustep: 1 
iter: 2  value: 2163.624 mgc: 0.000733328 ustep: 1 
iter: 3  mgc: 4.423786e-10 
iter: 1  mgc: 4.423786e-10 
outer mgc:  0.06692644 
iter: 1  value: 2162.172 mgc: 1.393803 ustep: 1 
iter: 2  value: 2162.172 mgc: 0.0004481258 ustep: 1 
iter: 3  mgc: 1.439258e-10 
iter: 1  mgc: 1.439258e-10 
outer mgc:  0.04098823 
iter: 1  value: 2160.064 mgc: 1.902061 ustep: 1 
iter: 2  value: 2160.064 mgc: 0.0006402398 ustep: 1 
iter: 3  mgc: 1.448477e-10 
iter: 1  mgc: 1.448477e-10 
outer mgc:  0.0249152 
iter: 1  value: 2157.754 mgc: 2.297917 ustep: 1 
iter: 2  value: 2157.754 mgc: 0.0004837733 ustep: 1 
iter: 3  mgc: 7.483258e-11 
iter: 1  mgc: 7.483258e-11 
outer mgc:  0.04772555 
iter: 1  value: 2155.322 mgc: 2.895654 ustep: 1 
iter: 2  value: 2155.322 mgc: 0.0002913766 ustep: 1 
iter: 3  mgc: 2.794476e-11 
iter: 1  mgc: 2.794476e-11 
outer mgc:  0.04687019 
iter: 1  value: 2153.066 mgc: 3.01884 ustep: 1 
iter: 2  value: 2153.066 mgc: 0.000145737 ustep: 1 
iter: 3  mgc: 8.274936e-12 
iter: 1  mgc: 8.274936e-12 
outer mgc:  0.01620546 
iter: 1  value: 2152.523 mgc: 1.240545 ustep: 1 
iter: 2  value: 2152.523 mgc: 0.0003752615 ustep: 1 
iter: 3  mgc: 3.546399e-10 
iter: 1  mgc: 3.546399e-10 
outer mgc:  0.02213957 
iter: 1  value: 2152.258 mgc: 0.4626986 ustep: 1 
iter: 2  value: 2152.258 mgc: 4.309502e-07 ustep: 1 
iter: 3  mgc: 4.973799e-14 
iter: 1  mgc: 4.973799e-14 
outer mgc:  0.01229757 
iter: 1  value: 2152.687 mgc: 0.5479511 ustep: 1 
iter: 2  value: 2152.687 mgc: 2.164683e-05 ustep: 1 
iter: 3  mgc: 9.148238e-14 
iter: 1  mgc: 9.148238e-14 
outer mgc:  0.01377867 
iter: 1  value: 2154.435 mgc: 1.926808 ustep: 1 
iter: 2  value: 2154.435 mgc: 0.0003954104 ustep: 1 
iter: 3  mgc: 4.078871e-11 
iter: 1  value: 2158.97 mgc: 4.302878 ustep: 1 
iter: 2  value: 2158.97 mgc: 0.005195592 ustep: 1 
iter: 3  value: 2158.97 mgc: 1.26142e-08 ustep: 1 
mgc: 3.996803e-14 
iter: 1  mgc: 4.078871e-11 
outer mgc:  0.03244995 
iter: 1  value: 2156.145 mgc: 1.947443 ustep: 1 
iter: 2  value: 2156.145 mgc: 0.0005824483 ustep: 1 
iter: 3  mgc: 1.126512e-10 
iter: 1  mgc: 1.126512e-10 
outer mgc:  0.05199642 
iter: 1  value: 2157.329 mgc: 1.905386 ustep: 1 
iter: 2  value: 2157.329 mgc: 0.000766302 ustep: 1 
iter: 3  mgc: 2.384253e-10 
iter: 1  mgc: 2.384253e-10 
outer mgc:  0.06466999 
iter: 1  value: 2156.876 mgc: 1.268769 ustep: 1 
iter: 2  value: 2156.876 mgc: 0.0002396579 ustep: 1 
iter: 3  mgc: 2.485034e-11 
iter: 1  mgc: 2.485034e-11 
outer mgc:  0.05285188 
iter: 1  value: 2153.355 mgc: 6.51808 ustep: 1 
iter: 2  value: 2153.355 mgc: 0.0001488121 ustep: 1 
iter: 3  mgc: 6.201617e-11 
iter: 1  mgc: 6.201617e-11 
outer mgc:  0.009706289 
iter: 1  value: 2151.471 mgc: 3.492461 ustep: 1 
iter: 2  value: 2151.471 mgc: 8.998806e-05 ustep: 1 
iter: 3  mgc: 3.526957e-12 
iter: 1  mgc: 3.526957e-12 
outer mgc:  0.01299204 
iter: 1  value: 2149.281 mgc: 3.565809 ustep: 1 
iter: 2  value: 2149.281 mgc: 2.646329e-06 ustep: 1 
iter: 3  mgc: 7.283063e-14 
iter: 1  mgc: 7.283063e-14 
outer mgc:  0.01725561 
iter: 1  value: 2145.561 mgc: 7.291858 ustep: 1 
iter: 2  value: 2145.561 mgc: 5.729351e-06 ustep: 1 
iter: 3  mgc: 7.194245e-14 
iter: 1  mgc: 7.194245e-14 
outer mgc:  0.01106864 
iter: 1  value: 2141.687 mgc: 7.284976 ustep: 1 
iter: 2  value: 2141.687 mgc: 4.073343e-05 ustep: 1 
iter: 3  mgc: 7.958079e-13 
iter: 1  mgc: 7.958079e-13 
outer mgc:  0.006441242 
iter: 1  value: 2138.379 mgc: 6.054162 ustep: 1 
iter: 2  value: 2138.379 mgc: 5.849555e-06 ustep: 1 
iter: 3  mgc: 8.260059e-14 
iter: 1  mgc: 8.260059e-14 
outer mgc:  0.002600231 
iter: 1  value: 2136.056 mgc: 3.848985 ustep: 1 
iter: 2  value: 2136.056 mgc: 1.541773e-06 ustep: 1 
iter: 3  mgc: 7.549517e-14 
iter: 1  mgc: 7.549517e-14 
outer mgc:  0.003951723 
iter: 1  value: 2133.772 mgc: 3.840952 ustep: 1 
iter: 2  value: 2133.772 mgc: 1.816152e-08 ustep: 1 
mgc: 5.824681e-14 
iter: 1  mgc: 5.824681e-14 
outer mgc:  0.003607058 
iter: 1  value: 2130.091 mgc: 7.278374 ustep: 1 
iter: 2  value: 2130.091 mgc: 7.742158e-07 ustep: 1 
iter: 3  mgc: 5.617729e-14 
iter: 1  mgc: 5.617729e-14 
outer mgc:  0.002373338 
iter: 1  value: 2126.783 mgc: 6.271005 ustep: 1 
iter: 2  value: 2126.783 mgc: 6.940137e-07 ustep: 1 
iter: 3  mgc: 6.927792e-14 
iter: 1  mgc: 6.927792e-14 
outer mgc:  0.00099498 
iter: 1  value: 2123.814 mgc: 5.397079 ustep: 1 
iter: 2  value: 2123.814 mgc: 1.356056e-07 ustep: 1 
mgc: 6.494805e-14 
iter: 1  mgc: 6.494805e-14 
outer mgc:  0.0006257256 
iter: 1  value: 2120.994 mgc: 5.021625 ustep: 1 
iter: 2  mgc: 8.646985e-10 
iter: 1  mgc: 8.646985e-10 
outer mgc:  0.0006636966 
iter: 1  value: 2118.17 mgc: 5.022899 ustep: 1 
iter: 2  value: 2118.17 mgc: 1.658007e-08 ustep: 1 
mgc: 6.350476e-14 
iter: 1  mgc: 6.350476e-14 
outer mgc:  0.0006779931 
iter: 1  value: 2114.426 mgc: 7.36642 ustep: 1 
iter: 2  value: 2114.426 mgc: 4.078533e-08 ustep: 1 
mgc: 4.574119e-14 
iter: 1  mgc: 4.574119e-14 
outer mgc:  0.0003425353 
iter: 1  value: 2111.251 mgc: 5.87164 ustep: 1 
iter: 2  mgc: 9.273183e-09 
iter: 1  mgc: 9.273183e-09 
outer mgc:  0.0001209129 
iter: 1  value: 2108.209 mgc: 5.548201 ustep: 1 
iter: 2  mgc: 2.220517e-10 
iter: 1  mgc: 2.220517e-10 
outer mgc:  0.0001470625 
iter: 1  mgc: 2.220517e-10 
iter: 1  mgc: 2.220517e-10 
outer mgc:  0.0001470625 
iter: 1  value: 2108.21 mgc: 0.01980673 ustep: 1 
iter: 2  value: 2108.21 mgc: 3.912579e-08 ustep: 1 
mgc: 6.084022e-14 
outer mgc:  0.1659834 
iter: 1  value: 2108.209 mgc: 0.01980422 ustep: 1 
iter: 2  value: 2108.209 mgc: 3.905976e-08 ustep: 1 
mgc: 5.684342e-14 
outer mgc:  0.1658715 
iter: 1  value: 2108.21 mgc: 0.01439279 ustep: 1 
iter: 2  value: 2108.21 mgc: 3.359996e-08 ustep: 1 
mgc: 4.973799e-14 
outer mgc:  0.1275931 
iter: 1  value: 2108.209 mgc: 0.01439305 ustep: 1 
iter: 2  value: 2108.209 mgc: 3.355562e-08 ustep: 1 
mgc: 6.394885e-14 
outer mgc:  0.1277188 
iter: 1  value: 2108.208 mgc: 0.01111215 ustep: 1 
iter: 2  value: 2108.208 mgc: 2.977181e-07 ustep: 1 
iter: 3  mgc: 3.197442e-14 
outer mgc:  0.0812726 
iter: 1  value: 2108.21 mgc: 0.01110285 ustep: 1 
iter: 2  value: 2108.21 mgc: 2.973077e-07 ustep: 1 
iter: 3  mgc: 3.819167e-14 
outer mgc:  0.08106634 
iter: 1  value: 2108.209 mgc: 0.008439269 ustep: 1 
iter: 2  value: 2108.209 mgc: 1.656191e-07 ustep: 1 
mgc: 9.037215e-14 
outer mgc:  0.06574708 
iter: 1  value: 2108.21 mgc: 0.008432865 ustep: 1 
iter: 2  value: 2108.21 mgc: 1.654144e-07 ustep: 1 
mgc: 4.13003e-14 
outer mgc:  0.06584851 
iter: 1  value: 2108.209 mgc: 0.01806739 ustep: 1 
iter: 2  value: 2108.209 mgc: 1.165823e-07 ustep: 1 
mgc: 5.329071e-14 
outer mgc:  0.148166 
iter: 1  value: 2108.209 mgc: 0.01805993 ustep: 1 
iter: 2  value: 2108.209 mgc: 1.166533e-07 ustep: 1 
mgc: 5.595524e-14 
outer mgc:  0.1478216 
iter: 1  value: 2108.209 mgc: 0.01246374 ustep: 1 
iter: 2  value: 2108.209 mgc: 5.797751e-08 ustep: 1 
mgc: 6.217249e-14 
outer mgc:  0.1065159 
iter: 1  value: 2108.209 mgc: 0.01245777 ustep: 1 
iter: 2  value: 2108.209 mgc: 5.797163e-08 ustep: 1 
mgc: 5.151435e-14 
outer mgc:  0.1063925 
iter: 1  value: 2108.214 mgc: 0.006622062 ustep: 1 
mgc: 5.639933e-14 
outer mgc:  0.0001470625 
iter: 1  value: 2108.204 mgc: 0.006628688 ustep: 1 
mgc: 5.667689e-14 
outer mgc:  0.0001470624 
iter: 1  value: 2108.213 mgc: 0.00490579 ustep: 1 
iter: 2  value: 2108.213 mgc: 5.865971e-08 ustep: 1 
mgc: 6.217249e-14 
outer mgc:  0.0006162923 
iter: 1  value: 2108.205 mgc: 0.004910698 ustep: 1 
iter: 2  value: 2108.205 mgc: 5.85898e-08 ustep: 1 
mgc: 6.794565e-14 
outer mgc:  0.0004567388 
iter: 1  value: 2108.213 mgc: 0.009645049 ustep: 1 
iter: 2  value: 2108.213 mgc: 2.492306e-08 ustep: 1 
mgc: 6.350476e-14 
outer mgc:  0.0003706879 
iter: 1  value: 2108.205 mgc: 0.0096547 ustep: 1 
iter: 2  value: 2108.205 mgc: 2.488637e-08 ustep: 1 
mgc: 7.460699e-14 
outer mgc:  0.0001225216 
iter: 1  value: 2108.209 mgc: 0.002616868 ustep: 1 
iter: 2  mgc: 5.709605e-09 
outer mgc:  0.009759658 
iter: 1  value: 2108.209 mgc: 0.002615097 ustep: 1 
iter: 2  mgc: 5.704604e-09 
outer mgc:  0.009623425 
iter: 1  value: 2108.209 mgc: 0.003262247 ustep: 1 
iter: 2  mgc: 8.331784e-09 
outer mgc:  0.001630836 
iter: 1  value: 2108.209 mgc: 0.003262746 ustep: 1 
iter: 2  mgc: 8.334508e-09 
outer mgc:  0.001911489 
Warning message:
package ‘nnet’ was built under R version 3.6.3 
[Sun Aug 15 15:16:19 2021]
Finished job 0.
1 of 1 steps (100%) done
