Building DAG of jobs...
Using shell: /usr/bin/bash
Provided cores: 1 (use --cores to define parallelism)
Rules claiming more threads will be scaled down.
Job counts:
	count	jobs
	1	inference_simulation_TMB_multiple
	1

[Sat Aug 14 22:50:33 2021]
rule inference_simulation_TMB_multiple:
    input: ../data/assessing_models_simulation/datasets/multiple_GenerationJnorm2_100_100_10_3_0_NA_NA_NA_dataset0.RDS
    output: ../data/assessing_models_simulation/inference_results/TMB/nlminb/multiple_GenerationJnorm2_100_100_10_3_0_diagREDM_NA_NA_NA_dataset0.RDS
    log: logs/inference/nlminb/simulation_GenerationJnorm2_100_100_10_3_0_ModeldiagREDM_NA_NA_NA_dataset0.log
    jobid: 0
    wildcards: optimiser=nlminb, datasetgeneration=GenerationJnorm2, n=100, nlambda=100, lmbda=10, d=3, beta_intensity=0, model=diagREDM, fixed_beta_intercept=NA, fixed_beta_slope=NA, sdRE_input=NA, itnum=0

Rscript 2_inference_TMB/run_TMB.R --input ../data/assessing_models_simulation/datasets/multiple_GenerationJnorm2_100_100_10_3_0_NA_NA_NA_dataset0.RDS --output ../data/assessing_models_simulation/inference_results/TMB/nlminb/multiple_GenerationJnorm2_100_100_10_3_0_diagREDM_NA_NA_NA_dataset0.RDS --model diagREDM --optimiser nlminb
Model: diagREDM 
Feature type: signatures 
Using nlminb: TRUE 
Simulation boolean: TRUE 
make: Nothing to be done for 'all'.
../data/assessing_models_simulation/datasets/multiple_GenerationJnorm2_100_100_10_3_0_NA_NA_NA_dataset0.RDS[1] "../data/assessing_models_simulation/datasets/multiple_GenerationJnorm2_100_100_10_3_0_NA_NA_NA_dataset0.RDS"
Reading file ../data/assessing_models_simulation/datasets/multiple_GenerationJnorm2_100_100_10_3_0_NA_NA_NA_dataset0.RDS 
Loading required package: nnet
# weights:  9 (4 variable)
initial  value 22090.895901 
final  value 20010.712345 
converged
Constructing atomic invpd
Constructing atomic D_lgamma
Constructing atomic invpd
Constructing atomic D_lgamma
Constructing atomic matmul
Constructing atomic invpd
Constructing atomic D_lgamma
Constructing atomic matmul
Optimizing tape... Done
iter: 1  value: 19373.55 mgc: 99.03151 ustep: 1 
iter: 2  value: 19195.89 mgc: 18.9592 ustep: 1 
iter: 3  value: 19189.92 mgc: 6.023204 ustep: 1 
iter: 4  value: 19189.8 mgc: 0.9968847 ustep: 1 
iter: 5  value: 19189.8 mgc: 0.06240684 ustep: 1 
iter: 6  value: 19189.8 mgc: 0.0002907147 ustep: 1 
iter: 7  mgc: 6.387887e-09 
iter: 1  mgc: 6.387887e-09 
Matching hessian patterns... Done
outer mgc:  277.8892 
iter: 1  value: 19521.29 mgc: 21.92775 ustep: 1 
iter: 2  value: 19519.81 mgc: 1.708311 ustep: 1 
iter: 3  value: 19519.81 mgc: 0.03301357 ustep: 1 
iter: 4  value: 19519.81 mgc: 2.308496e-05 ustep: 1 
iter: 5  mgc: 1.358573e-11 
iter: 1  value: 19154.52 mgc: 4.997488 ustep: 1 
iter: 2  value: 19154.51 mgc: 0.1175849 ustep: 1 
iter: 3  value: 19154.51 mgc: 0.0001269329 ustep: 0.989901 
iter: 4  value: 19154.51 mgc: 6.472728e-08 ustep: 0.2811189 
iter: 5  value: 19154.51 mgc: 1.180328e-08 ustep: 0.04610522 
mgc: 8.060166e-09 
iter: 1  mgc: 8.060166e-09 
outer mgc:  82.08431 
iter: 1  value: 19139.05 mgc: 9.804948 ustep: 1 
iter: 2  value: 19138.98 mgc: 0.4393968 ustep: 1 
iter: 3  value: 19138.98 mgc: 0.001635346 ustep: 1 
iter: 4  value: 19138.98 mgc: 4.217196e-08 ustep: 0.03522464 
mgc: 2.2211e-08 
iter: 1  value: 19138.98 mgc: 2.2211e-08 ustep: 1 
mgc: 1.048805e-11 
outer mgc:  98.21038 
iter: 1  value: 19134.46 mgc: 3.086786 ustep: 1 
iter: 2  value: 19134.46 mgc: 0.05481098 ustep: 1 
iter: 3  value: 19134.46 mgc: 2.841964e-05 ustep: 0.989901 
iter: 4  value: 19134.46 mgc: 1.482834e-08 ustep: 0.1521162 
mgc: 5.226e-09 
iter: 1  mgc: 5.226e-09 
outer mgc:  137.84 
iter: 1  value: 19113.43 mgc: 12.48248 ustep: 1 
iter: 2  value: 19113.32 mgc: 0.5682529 ustep: 1 
iter: 3  value: 19113.32 mgc: 0.002376576 ustep: 1 
iter: 4  value: 19113.32 mgc: 5.626765e-08 ustep: 1 
mgc: 1.35732e-11 
iter: 1  mgc: 1.35732e-11 
outer mgc:  49.71582 
iter: 1  value: 19092.68 mgc: 16.09321 ustep: 1 
iter: 2  value: 19091.91 mgc: 0.9110786 ustep: 1 
iter: 3  value: 19091.91 mgc: 0.009621831 ustep: 1 
iter: 4  value: 19091.91 mgc: 1.635858e-06 ustep: 0.6827823 
iter: 5  value: 19091.91 mgc: 8.009121e-08 ustep: 0.8263238 
iter: 6  mgc: 6.421149e-09 
iter: 1  mgc: 6.421149e-09 
outer mgc:  99.53531 
iter: 1  value: 19046.17 mgc: 28.33272 ustep: 1 
iter: 2  value: 19040.28 mgc: 3.552018 ustep: 1 
iter: 3  value: 19040.28 mgc: 0.09593162 ustep: 1 
iter: 4  value: 19040.28 mgc: 0.0002107163 ustep: 1 
iter: 5  mgc: 3.548525e-09 
iter: 1  value: 19031.83 mgc: 37.65438 ustep: 1 
iter: 2  value: 19002.68 mgc: 7.123596 ustep: 1 
iter: 3  value: 19002.63 mgc: 0.3482523 ustep: 1 
iter: 4  value: 19002.63 mgc: 0.00216174 ustep: 1 
iter: 5  value: 19002.63 mgc: 1.978334e-07 ustep: 1 
iter: 6  mgc: 4.854339e-12 
iter: 1  mgc: 4.854339e-12 
outer mgc:  63.36208 
iter: 1  value: 22554.57 mgc: 71.49261 ustep: 1 
iter: 2  value: 19794.96 mgc: 93.44904 ustep: 1 
iter: 3  value: 19749.42 mgc: 13.46794 ustep: 1 
iter: 4  value: 19749.19 mgc: 1.119725 ustep: 1 
iter: 5  value: 19749.19 mgc: 0.01439706 ustep: 1 
iter: 6  value: 19749.19 mgc: 3.552575e-06 ustep: 1 
iter: 7  mgc: 1.655565e-12 
iter: 1  value: 18992.78 mgc: 1.440959 ustep: 1 
iter: 2  value: 18992.78 mgc: 0.008654734 ustep: 1 
iter: 3  value: 18992.78 mgc: 8.990958e-07 ustep: 1 
iter: 4  mgc: 5.049294e-12 
iter: 1  mgc: 5.049294e-12 
outer mgc:  29.64495 
iter: 1  value: 18995.3 mgc: 8.853148 ustep: 1 
iter: 2  value: 18995.15 mgc: 0.4315754 ustep: 1 
iter: 3  value: 18995.15 mgc: 0.001676024 ustep: 1 
iter: 4  value: 18995.15 mgc: 3.52822e-08 ustep: 1 
mgc: 8.480328e-12 
iter: 1  value: 18990.6 mgc: 3.755863 ustep: 1 
iter: 2  value: 18990.59 mgc: 0.06931833 ustep: 1 
iter: 3  value: 18990.59 mgc: 4.46261e-05 ustep: 1 
iter: 4  mgc: 2.599698e-11 
iter: 1  mgc: 2.599698e-11 
outer mgc:  34.57859 
iter: 1  value: 18989.67 mgc: 2.676395 ustep: 1 
iter: 2  value: 18989.67 mgc: 0.01993673 ustep: 1 
iter: 3  value: 18989.67 mgc: 2.939423e-06 ustep: 1 
iter: 4  mgc: 5.309531e-12 
iter: 1  mgc: 5.309531e-12 
outer mgc:  56.07414 
iter: 1  value: 18986.71 mgc: 2.941245 ustep: 1 
iter: 2  value: 18986.7 mgc: 0.05037044 ustep: 1 
iter: 3  value: 18986.7 mgc: 2.116249e-05 ustep: 0.9999 
iter: 4  mgc: 9.834402e-11 
iter: 1  mgc: 9.834402e-11 
outer mgc:  11.22568 
iter: 1  value: 18983.49 mgc: 1.672164 ustep: 1 
iter: 2  value: 18983.49 mgc: 0.006757533 ustep: 1 
iter: 3  value: 18983.49 mgc: 2.655014e-07 ustep: 1 
iter: 4  mgc: 2.720602e-12 
iter: 1  value: 18971.2 mgc: 1.297525 ustep: 1 
iter: 2  value: 18971.2 mgc: 0.005561351 ustep: 1 
iter: 3  value: 18971.2 mgc: 7.609219e-07 ustep: 1 
iter: 4  mgc: 2.227274e-12 
iter: 1  value: 18857.11 mgc: 6.28095 ustep: 1 
iter: 2  value: 18857.1 mgc: 0.1751137 ustep: 1 
iter: 3  value: 18857.1 mgc: 0.00072314 ustep: 1 
iter: 4  value: 18857.1 mgc: 1.268924e-08 ustep: 1 
mgc: 3.937961e-13 
iter: 1  mgc: 3.937961e-13 
outer mgc:  84.74933 
iter: 1  value: 19748.92 mgc: 50.78605 ustep: 1 
iter: 2  value: 19748.08 mgc: 0.9842515 ustep: 1 
iter: 3  value: 19748.08 mgc: 0.02891373 ustep: 1 
iter: 4  value: 19748.08 mgc: 2.968311e-05 ustep: 1 
iter: 5  mgc: 3.147205e-11 
iter: 1  value: 18430.6 mgc: 8.323383 ustep: 1 
iter: 2  value: 18428.83 mgc: 1.552124 ustep: 1 
iter: 3  value: 18428.83 mgc: 0.0536282 ustep: 1 
iter: 4  value: 18428.83 mgc: 0.000192967 ustep: 1 
iter: 5  mgc: 2.527205e-09 
iter: 1  mgc: 2.527205e-09 
outer mgc:  82.29628 
iter: 1  value: 18621.89 mgc: 9.987667 ustep: 1 
iter: 2  value: 18621.06 mgc: 0.9110386 ustep: 1 
iter: 3  value: 18621.06 mgc: 0.03249227 ustep: 1 
iter: 4  value: 18621.06 mgc: 4.726061e-05 ustep: 1 
iter: 5  mgc: 1.017242e-10 
iter: 1  value: 18441.07 mgc: 5.842807 ustep: 1 
iter: 2  value: 18440.79 mgc: 0.3836665 ustep: 1 
iter: 3  value: 18440.79 mgc: 0.008791253 ustep: 1 
iter: 4  value: 18440.79 mgc: 4.947982e-06 ustep: 1 
iter: 5  mgc: 1.585454e-12 
iter: 1  mgc: 1.585454e-12 
outer mgc:  119.7909 
iter: 1  value: 18451.79 mgc: 7.403137 ustep: 1 
iter: 2  value: 18451.56 mgc: 0.4337301 ustep: 1 
iter: 3  value: 18451.56 mgc: 0.002257501 ustep: 1 
iter: 4  value: 18451.56 mgc: 2.099227e-07 ustep: 1 
iter: 5  mgc: 3.663736e-15 
iter: 1  mgc: 3.663736e-15 
outer mgc:  72.55069 
iter: 1  value: 18393.1 mgc: 6.816064 ustep: 1 
iter: 2  value: 18392.27 mgc: 0.739723 ustep: 1 
iter: 3  value: 18392.27 mgc: 0.01378687 ustep: 1 
iter: 4  value: 18392.27 mgc: 8.142465e-06 ustep: 1 
iter: 5  mgc: 2.939649e-12 
iter: 1  mgc: 2.939649e-12 
outer mgc:  44.23122 
iter: 1  value: 18417.17 mgc: 4.710704 ustep: 1 
iter: 2  value: 18416.16 mgc: 0.6963143 ustep: 1 
iter: 3  value: 18416.16 mgc: 0.01668008 ustep: 1 
iter: 4  value: 18416.16 mgc: 1.284929e-05 ustep: 1 
iter: 5  mgc: 7.787326e-12 
iter: 1  value: 18386.91 mgc: 2.466908 ustep: 1 
iter: 2  value: 18386.05 mgc: 0.4073426 ustep: 1 
iter: 3  value: 18386.05 mgc: 0.007498161 ustep: 1 
iter: 4  value: 18386.05 mgc: 2.886678e-06 ustep: 1 
iter: 5  mgc: 4.432288e-13 
iter: 1  mgc: 4.432288e-13 
outer mgc:  27.71514 
iter: 1  value: 18392.78 mgc: 3.465283 ustep: 1 
iter: 2  value: 18392.65 mgc: 0.1740922 ustep: 1 
iter: 3  value: 18392.65 mgc: 0.0014195 ustep: 1 
iter: 4  value: 18392.65 mgc: 1.090753e-07 ustep: 1 
iter: 5  mgc: 5.329071e-15 
iter: 1  value: 18378.57 mgc: 1.278545 ustep: 1 
iter: 2  value: 18378.55 mgc: 0.05777275 ustep: 1 
iter: 3  value: 18378.55 mgc: 0.0001965288 ustep: 1 
iter: 4  mgc: 2.4254e-09 
iter: 1  mgc: 2.4254e-09 
outer mgc:  15.41688 
iter: 1  value: 18376.08 mgc: 1.309281 ustep: 1 
iter: 2  value: 18376.08 mgc: 0.03153218 ustep: 1 
iter: 3  value: 18376.08 mgc: 4.554965e-05 ustep: 1 
iter: 4  mgc: 9.392687e-11 
iter: 1  mgc: 9.392687e-11 
outer mgc:  23.46177 
iter: 1  value: 18366.73 mgc: 1.205034 ustep: 1 
iter: 2  value: 18366.73 mgc: 0.02354659 ustep: 1 
iter: 3  value: 18366.73 mgc: 3.329953e-05 ustep: 1 
iter: 4  mgc: 6.81446e-11 
iter: 1  mgc: 6.81446e-11 
outer mgc:  11.22898 
iter: 1  value: 18350.28 mgc: 1.500168 ustep: 1 
iter: 2  value: 18350.28 mgc: 0.04478546 ustep: 1 
iter: 3  value: 18350.28 mgc: 6.00368e-05 ustep: 1 
iter: 4  mgc: 1.023786e-10 
iter: 1  mgc: 1.023786e-10 
outer mgc:  17.35174 
iter: 1  value: 18326.9 mgc: 2.20976 ustep: 1 
iter: 2  value: 18326.89 mgc: 0.07193656 ustep: 1 
iter: 3  value: 18326.89 mgc: 0.0001375917 ustep: 1 
iter: 4  mgc: 4.953509e-10 
iter: 1  value: 18341.21 mgc: 0.8401502 ustep: 1 
iter: 2  value: 18341.21 mgc: 0.01755043 ustep: 1 
iter: 3  value: 18341.21 mgc: 1.011332e-05 ustep: 1 
iter: 4  mgc: 3.863798e-12 
iter: 1  mgc: 3.863798e-12 
outer mgc:  9.434912 
iter: 1  value: 18338.96 mgc: 0.7323523 ustep: 1 
iter: 2  value: 18338.96 mgc: 0.009462321 ustep: 1 
iter: 3  value: 18338.96 mgc: 1.992175e-06 ustep: 1 
iter: 4  mgc: 7.860379e-14 
iter: 1  mgc: 7.860379e-14 
outer mgc:  7.108611 
iter: 1  value: 18331.72 mgc: 0.7059304 ustep: 1 
iter: 2  value: 18331.72 mgc: 0.002738726 ustep: 1 
iter: 3  value: 18331.72 mgc: 7.562276e-08 ustep: 1 
iter: 4  mgc: 7.327472e-15 
iter: 1  mgc: 7.327472e-15 
outer mgc:  11.84133 
iter: 1  value: 18322.98 mgc: 0.6748861 ustep: 1 
iter: 2  value: 18322.98 mgc: 0.001654873 ustep: 1 
iter: 3  value: 18322.98 mgc: 5.099623e-08 ustep: 1 
iter: 4  mgc: 6.217249e-15 
iter: 1  mgc: 6.217249e-15 
outer mgc:  10.93306 
iter: 1  value: 18316.34 mgc: 0.8752366 ustep: 1 
iter: 2  value: 18316.34 mgc: 0.01138785 ustep: 1 
iter: 3  value: 18316.34 mgc: 1.907163e-06 ustep: 1 
iter: 4  mgc: 5.329071e-14 
iter: 1  mgc: 5.329071e-14 
outer mgc:  17.47381 
iter: 1  value: 18312.52 mgc: 0.6224463 ustep: 1 
iter: 2  value: 18312.52 mgc: 0.004949645 ustep: 1 
iter: 3  value: 18312.52 mgc: 4.906618e-07 ustep: 1 
iter: 4  mgc: 7.327472e-15 
iter: 1  mgc: 7.327472e-15 
outer mgc:  4.869874 
iter: 1  value: 18307.85 mgc: 0.9279155 ustep: 1 
iter: 2  value: 18307.85 mgc: 0.00617343 ustep: 1 
iter: 3  value: 18307.85 mgc: 5.268761e-07 ustep: 1 
iter: 4  mgc: 6.883383e-15 
iter: 1  mgc: 6.883383e-15 
outer mgc:  16.69455 
iter: 1  value: 18298.93 mgc: 0.6834628 ustep: 1 
iter: 2  value: 18298.93 mgc: 0.006949576 ustep: 1 
iter: 3  value: 18298.93 mgc: 7.848381e-07 ustep: 1 
iter: 4  mgc: 1.154632e-14 
iter: 1  mgc: 1.154632e-14 
outer mgc:  3.79015 
iter: 1  value: 18293.79 mgc: 0.5522802 ustep: 1 
iter: 2  value: 18293.79 mgc: 0.002316594 ustep: 1 
iter: 3  value: 18293.79 mgc: 6.035784e-08 ustep: 1 
mgc: 5.551115e-15 
iter: 1  value: 18296.18 mgc: 0.2464544 ustep: 1 
iter: 2  value: 18296.18 mgc: 0.0004775267 ustep: 1 
iter: 3  mgc: 2.682325e-09 
iter: 1  mgc: 2.682325e-09 
outer mgc:  3.579473 
iter: 1  value: 18292.96 mgc: 0.3682515 ustep: 1 
iter: 2  value: 18292.96 mgc: 0.0002481308 ustep: 1 
iter: 3  mgc: 7.141443e-10 
iter: 1  mgc: 7.141443e-10 
outer mgc:  5.11845 
iter: 1  value: 18283.81 mgc: 0.5358663 ustep: 1 
iter: 2  value: 18283.81 mgc: 0.0008073642 ustep: 1 
iter: 3  mgc: 8.139021e-09 
iter: 1  value: 18270.62 mgc: 1.057022 ustep: 1 
iter: 2  value: 18270.62 mgc: 0.001751041 ustep: 1 
iter: 3  value: 18270.62 mgc: 2.193094e-08 ustep: 1 
mgc: 5.662137e-15 
iter: 1  mgc: 5.662137e-15 
outer mgc:  10.4539 
iter: 1  value: 18249.58 mgc: 1.848294 ustep: 1 
iter: 2  value: 18249.58 mgc: 0.01070172 ustep: 1 
iter: 3  value: 18249.58 mgc: 7.912486e-07 ustep: 1 
iter: 4  mgc: 5.884182e-15 
iter: 1  value: 18262.17 mgc: 0.925943 ustep: 1 
iter: 2  value: 18262.17 mgc: 0.00327343 ustep: 1 
iter: 3  value: 18262.17 mgc: 9.239091e-08 ustep: 1 
iter: 4  mgc: 6.661338e-15 
iter: 1  mgc: 6.661338e-15 
outer mgc:  18.36545 
iter: 1  value: 18258.6 mgc: 0.6043956 ustep: 1 
iter: 2  value: 18258.6 mgc: 0.001909915 ustep: 1 
iter: 3  value: 18258.6 mgc: 1.939273e-08 ustep: 1 
mgc: 6.050715e-15 
iter: 1  mgc: 6.050715e-15 
outer mgc:  3.283052 
iter: 1  value: 18256.4 mgc: 0.4062289 ustep: 1 
iter: 2  value: 18256.4 mgc: 0.0007222218 ustep: 1 
iter: 3  mgc: 3.896223e-09 
iter: 1  mgc: 3.896223e-09 
outer mgc:  7.272598 
iter: 1  value: 18246.65 mgc: 0.6327436 ustep: 1 
iter: 2  value: 18246.65 mgc: 0.001256058 ustep: 1 
iter: 3  mgc: 7.406687e-09 
iter: 1  value: 18228.32 mgc: 0.9827032 ustep: 1 
iter: 2  value: 18228.32 mgc: 0.002872732 ustep: 1 
iter: 3  value: 18228.32 mgc: 3.580995e-08 ustep: 1 
mgc: 5.77316e-15 
iter: 1  mgc: 5.77316e-15 
outer mgc:  7.127151 
iter: 1  value: 18172.04 mgc: 5.187521 ustep: 1 
iter: 2  value: 18172.04 mgc: 0.01445606 ustep: 1 
iter: 3  value: 18172.04 mgc: 1.828545e-07 ustep: 1 
mgc: 4.440892e-15 
iter: 1  mgc: 4.440892e-15 
outer mgc:  13.7535 
iter: 1  value: 18141.28 mgc: 3.67814 ustep: 1 
iter: 2  value: 18141.28 mgc: 0.00145865 ustep: 1 
iter: 3  mgc: 1.034525e-09 
iter: 1  value: 18156.93 mgc: 1.423033 ustep: 1 
iter: 2  value: 18156.93 mgc: 0.0004171329 ustep: 1 
iter: 3  mgc: 1.276375e-10 
iter: 1  mgc: 1.276375e-10 
outer mgc:  13.00272 
iter: 1  value: 18137.95 mgc: 1.841076 ustep: 1 
iter: 2  value: 18137.95 mgc: 0.0008500098 ustep: 1 
iter: 3  mgc: 3.691339e-10 
iter: 1  mgc: 3.691339e-10 
outer mgc:  6.158774 
iter: 1  value: 18115.72 mgc: 1.537581 ustep: 1 
iter: 2  value: 18115.72 mgc: 0.0004041416 ustep: 1 
iter: 3  mgc: 4.246559e-11 
iter: 1  mgc: 4.246559e-11 
outer mgc:  1.369681 
iter: 1  value: 18093.12 mgc: 1.365462 ustep: 1 
iter: 2  value: 18093.12 mgc: 0.0002079077 ustep: 1 
iter: 3  mgc: 1.209877e-11 
iter: 1  mgc: 1.209877e-11 
outer mgc:  0.6141843 
iter: 1  value: 18033.35 mgc: 4.326631 ustep: 1 
iter: 2  value: 18033.35 mgc: 0.000647347 ustep: 1 
iter: 3  mgc: 3.826206e-11 
iter: 1  mgc: 3.826206e-11 
outer mgc:  1.027053 
iter: 1  value: 17983.87 mgc: 3.341536 ustep: 1 
iter: 2  value: 17983.87 mgc: 0.0001446685 ustep: 1 
iter: 3  mgc: 8.615331e-13 
iter: 1  mgc: 8.615331e-13 
outer mgc:  0.837474 
iter: 1  value: 17934.11 mgc: 3.397776 ustep: 1 
iter: 2  value: 17934.11 mgc: 5.925239e-05 ustep: 1 
iter: 3  mgc: 5.284662e-14 
iter: 1  mgc: 5.284662e-14 
outer mgc:  0.3135297 
iter: 1  value: 17870.08 mgc: 4.795373 ustep: 1 
iter: 2  value: 17870.08 mgc: 3.600255e-05 ustep: 1 
iter: 3  mgc: 6.217249e-15 
iter: 1  mgc: 6.217249e-15 
outer mgc:  0.1020912 
iter: 1  value: 17808.68 mgc: 4.539107 ustep: 1 
iter: 2  value: 17808.68 mgc: 1.081872e-05 ustep: 1 
iter: 3  mgc: 5.995204e-15 
iter: 1  mgc: 5.995204e-15 
outer mgc:  0.1653422 
iter: 1  value: 17747.19 mgc: 4.543429 ustep: 1 
iter: 2  value: 17747.19 mgc: 3.593865e-06 ustep: 1 
mgc: 5.662137e-15 
iter: 1  mgc: 5.662137e-15 
outer mgc:  0.08110746 
iter: 1  value: 17685.65 mgc: 4.546334 ustep: 1 
iter: 2  value: 17685.65 mgc: 1.182588e-06 ustep: 1 
mgc: 4.551914e-15 
iter: 1  mgc: 4.551914e-15 
outer mgc:  0.05392824 
iter: 1  value: 17624.08 mgc: 4.546384 ustep: 1 
iter: 2  value: 17624.08 mgc: 3.871962e-07 ustep: 1 
mgc: 4.884981e-15 
iter: 1  mgc: 4.884981e-15 
outer mgc:  0.03124503 
iter: 1  value: 17562.5 mgc: 4.548742 ustep: 1 
iter: 2  value: 17562.5 mgc: 1.265166e-07 ustep: 1 
mgc: 6.883383e-15 
iter: 1  mgc: 6.883383e-15 
outer mgc:  0.02031569 
iter: 1  value: 17500.92 mgc: 4.549129 ustep: 1 
iter: 2  value: 17500.92 mgc: 4.129207e-08 ustep: 1 
mgc: 5.329071e-15 
iter: 1  mgc: 5.329071e-15 
outer mgc:  0.02153808 
iter: 1  value: 17439.32 mgc: 4.549985 ustep: 1 
iter: 2  value: 17439.32 mgc: 1.360215e-08 ustep: 1 
mgc: 4.884981e-15 
iter: 1  mgc: 4.884981e-15 
outer mgc:  0.006752056 
iter: 1  value: 17377.73 mgc: 4.549952 ustep: 1 
iter: 2  mgc: 4.519135e-09 
iter: 1  mgc: 4.519135e-09 
outer mgc:  0.001237584 
iter: 1  value: 17302.88 mgc: 5.997876 ustep: 1 
iter: 2  mgc: 1.98886e-09 
iter: 1  mgc: 1.98886e-09 
outer mgc:  0.004868581 
iter: 1  value: 17232.52 mgc: 5.484445 ustep: 1 
iter: 2  mgc: 4.755218e-10 
iter: 1  mgc: 4.755218e-10 
outer mgc:  0.003185932 
iter: 1  value: 17162.15 mgc: 5.484543 ustep: 1 
iter: 2  mgc: 1.342837e-10 
iter: 1  mgc: 1.342837e-10 
outer mgc:  0.001139023 
iter: 1  value: 17091.79 mgc: 5.484518 ustep: 1 
iter: 2  mgc: 3.786926e-11 
iter: 1  mgc: 3.786926e-11 
outer mgc:  0.0006020751 
iter: 1  value: 17021.42 mgc: 5.484566 ustep: 1 
iter: 2  mgc: 1.066613e-11 
iter: 1  mgc: 1.066613e-11 
outer mgc:  0.0008609993 
iter: 1  value: 16951.06 mgc: 5.484551 ustep: 1 
iter: 2  mgc: 3.002931e-12 
iter: 1  mgc: 3.002931e-12 
outer mgc:  0.0005598017 
iter: 1  value: 16880.69 mgc: 5.484569 ustep: 1 
iter: 2  mgc: 8.446577e-13 
iter: 1  mgc: 8.446577e-13 
outer mgc:  0.0001020297 
iter: 1  mgc: 8.446577e-13 
iter: 1  mgc: 8.446577e-13 
outer mgc:  0.0001020297 
iter: 1  value: 16880.69 mgc: 0.004975728 ustep: 1 
mgc: 7.105427e-15 
outer mgc:  0.4592264 
iter: 1  value: 16880.69 mgc: 0.004974343 ustep: 1 
mgc: 6.293577e-15 
outer mgc:  0.4592611 
iter: 1  value: 16880.69 mgc: 0.002574715 ustep: 1 
mgc: 5.77316e-15 
outer mgc:  0.2398637 
iter: 1  value: 16880.69 mgc: 0.002573999 ustep: 1 
mgc: 7.327472e-15 
outer mgc:  0.2397779 
iter: 1  value: 16880.69 mgc: 0.005327324 ustep: 1 
mgc: 5.551115e-15 
outer mgc:  0.3163816 
iter: 1  value: 16880.69 mgc: 0.005325143 ustep: 1 
mgc: 7.105427e-15 
outer mgc:  0.31594 
iter: 1  value: 16880.69 mgc: 0.002922195 ustep: 1 
mgc: 4.884981e-15 
outer mgc:  0.1632983 
iter: 1  value: 16880.69 mgc: 0.002921313 ustep: 1 
mgc: 6.217249e-15 
outer mgc:  0.1630568 
iter: 1  value: 16880.74 mgc: 0.005543258 ustep: 1 
mgc: 5.329071e-15 
outer mgc:  0.0001020528 
iter: 1  value: 16880.64 mgc: 0.005548804 ustep: 1 
mgc: 6.883383e-15 
outer mgc:  0.0001020066 
iter: 1  value: 16880.74 mgc: 0.004720669 ustep: 1 
mgc: 7.105427e-15 
outer mgc:  0.0001020301 
iter: 1  value: 16880.64 mgc: 0.004725392 ustep: 1 
mgc: 5.995204e-15 
outer mgc:  0.0001020293 
iter: 1  value: 16880.69 mgc: 0.003968329 ustep: 1 
mgc: 6.328271e-15 
outer mgc:  0.09315287 
iter: 1  value: 16880.69 mgc: 0.003965829 ustep: 1 
mgc: 5.662137e-15 
outer mgc:  0.09331664 
iter: 1  value: 16880.69 mgc: 0.00294807 ustep: 1 
mgc: 5.939693e-15 
outer mgc:  0.0900498 
iter: 1  value: 16880.69 mgc: 0.002946289 ustep: 1 
mgc: 5.828671e-15 
outer mgc:  0.0901374 
[Sat Aug 14 22:50:38 2021]
Finished job 0.
1 of 1 steps (100%) done
