Building DAG of jobs...
Using shell: /usr/bin/bash
Provided cores: 40
Rules claiming more threads will be scaled down.
Job counts:
	count	jobs
	1	inference_simulation_TMB_multiple
	1
Select jobs to execute...

[Sun Aug 15 15:21:25 2021]
rule inference_simulation_TMB_multiple:
    input: ../data/assessing_models_simulation/datasets/multiple_GenerationCnorm_20_100_10_6_0.005_NA_NA_NA_dataset0.RDS
    output: ../data/assessing_models_simulation/inference_results/TMB/nlminb/multiple_GenerationCnorm_20_100_10_6_0.005_fullREM_NA_NA_NA_dataset0.RDS
    log: logs/inference/nlminb/simulation_GenerationCnorm_20_100_10_6_0.005_ModelfullREM_NA_NA_NA_dataset0.log
    jobid: 0
    wildcards: optimiser=nlminb, datasetgeneration=GenerationCnorm, n=20, nlambda=100, lmbda=10, d=6, beta_intensity=0.005, model=fullREM, fixed_beta_intercept=NA, fixed_beta_slope=NA, sdRE_input=NA, itnum=0

Rscript 2_inference_TMB/run_TMB.R --input ../data/assessing_models_simulation/datasets/multiple_GenerationCnorm_20_100_10_6_0.005_NA_NA_NA_dataset0.RDS --output ../data/assessing_models_simulation/inference_results/TMB/nlminb/multiple_GenerationCnorm_20_100_10_6_0.005_fullREM_NA_NA_NA_dataset0.RDS --model fullREM --optimiser nlminb
Model: fullREM 
Feature type: signatures 
Using nlminb: TRUE 
Simulation boolean: TRUE 
make: Nothing to be done for 'all'.
../data/assessing_models_simulation/datasets/multiple_GenerationCnorm_20_100_10_6_0.005_NA_NA_NA_dataset0.RDS[1] "../data/assessing_models_simulation/datasets/multiple_GenerationCnorm_20_100_10_6_0.005_NA_NA_NA_dataset0.RDS"
Reading file ../data/assessing_models_simulation/datasets/multiple_GenerationCnorm_20_100_10_6_0.005_NA_NA_NA_dataset0.RDS 
Loading required package: nnet
# weights:  18 (10 variable)
initial  value 7310.378634 
iter  10 value 6969.238927
final  value 6955.122050 
converged
Order of parameters:
[1] "beta"       "u_large"    "logs_sd_RE" "cov_par_RE"
Not matching template order:
[1] "beta"       "u_large"    "cov_par_RE" "logs_sd_RE"
Your parameter list has been re-ordered.
(Disable this warning with checkParameterOrder=FALSE)
Constructing atomic invpd
Constructing atomic D_lgamma
Constructing atomic invpd
Constructing atomic D_lgamma
Constructing atomic matmul
Constructing atomic invpd
Constructing atomic D_lgamma
Constructing atomic matmul
Optimizing tape... Done
iter: 1  value: 2727.157 mgc: 73.87929 ustep: 0.6827823 
iter: 2  value: 1719.145 mgc: 64.1824 ustep: 0.3543617 
iter: 3  value: 1361.986 mgc: 89.03843 ustep: 0.2023718 
iter: 4  value: 1361.36 mgc: 64.28486 ustep: 0.4499126 
iter: 5  value: 1345.036 mgc: 119.9627 ustep: 0.6707882 
iter: 6  value: 1279.904 mgc: 63.82492 ustep: 0.1923262 
iter: 7  value: 1194.807 mgc: 97.34716 ustep: 0.4386062 
iter: 8  value: 1174.804 mgc: 24.16435 ustep: 0.6623073 
iter: 9  value: 1174.094 mgc: 3.59973 ustep: 0.8138413 
iter: 10  value: 1174.092 mgc: 0.2354383 ustep: 0.9021413 
iter: 11  value: 1174.092 mgc: 0.002508442 ustep: 0.9498162 
iter: 12  value: 1174.092 mgc: 8.380473e-06 ustep: 0.9745877 
iter: 13  value: 1174.092 mgc: 2.653521e-08 ustep: 0.9872134 
iter: 14  mgc: 8.866463e-11 
iter: 1  mgc: 8.866463e-11 
Matching hessian patterns... Done
outer mgc:  136.6178 
iter: 1  value: 1066.374 mgc: 22.15282 ustep: 1 
iter: 2  value: 1065.801 mgc: 1.33251 ustep: 1 
iter: 3  value: 1065.801 mgc: 0.02696303 ustep: 1 
iter: 4  value: 1065.801 mgc: 2.042057e-05 ustep: 1 
iter: 5  mgc: 1.173986e-11 
iter: 1  mgc: 1.173986e-11 
outer mgc:  37.07608 
iter: 1  value: 1043.918 mgc: 11.50857 ustep: 1 
iter: 2  value: 1043.752 mgc: 0.9610766 ustep: 1 
iter: 3  value: 1043.752 mgc: 0.0105553 ustep: 1 
iter: 4  value: 1043.752 mgc: 1.535574e-06 ustep: 1 
iter: 5  mgc: 3.730349e-14 
iter: 1  mgc: 3.730349e-14 
outer mgc:  44.53612 
iter: 1  value: 1040.435 mgc: 30.69373 ustep: 1 
iter: 2  value: 1034.169 mgc: 5.923207 ustep: 1 
iter: 3  value: 1034.151 mgc: 0.4168149 ustep: 1 
iter: 4  value: 1034.151 mgc: 0.003252991 ustep: 1 
iter: 5  value: 1034.151 mgc: 2.045933e-07 ustep: 1 
iter: 6  mgc: 2.453593e-14 
iter: 1  mgc: 2.453593e-14 
outer mgc:  72.5366 
iter: 1  value: 1013.852 mgc: 39.91254 ustep: 1 
iter: 2  value: 1011.118 mgc: 4.092668 ustep: 1 
iter: 3  value: 1011.117 mgc: 0.06990231 ustep: 1 
iter: 4  value: 1011.117 mgc: 0.0001420226 ustep: 1 
iter: 5  mgc: 1.042233e-09 
iter: 1  mgc: 1.042233e-09 
outer mgc:  26.59083 
iter: 1  value: 998.1563 mgc: 30.10324 ustep: 1 
iter: 2  value: 997.5903 mgc: 1.828533 ustep: 1 
iter: 3  value: 997.5903 mgc: 0.01872276 ustep: 1 
iter: 4  value: 997.5903 mgc: 4.311312e-06 ustep: 1 
iter: 5  mgc: 3.190781e-13 
iter: 1  mgc: 3.190781e-13 
outer mgc:  27.052 
iter: 1  value: 996.2737 mgc: 16.4927 ustep: 1 
iter: 2  value: 995.312 mgc: 3.681162 ustep: 1 
iter: 3  value: 995.3114 mgc: 0.09369709 ustep: 1 
iter: 4  value: 995.3114 mgc: 0.000147815 ustep: 1 
iter: 5  mgc: 4.761257e-10 
iter: 1  mgc: 4.761257e-10 
outer mgc:  34.34399 
iter: 1  value: 980.0379 mgc: 12.0136 ustep: 1 
iter: 2  value: 979.9459 mgc: 0.624789 ustep: 1 
iter: 3  value: 979.9459 mgc: 0.004081642 ustep: 1 
iter: 4  value: 979.9459 mgc: 4.262819e-07 ustep: 1 
iter: 5  mgc: 1.598721e-14 
iter: 1  mgc: 1.598721e-14 
outer mgc:  8.299654 
iter: 1  value: 981.2283 mgc: 7.962078 ustep: 1 
iter: 2  value: 981.2014 mgc: 0.5094271 ustep: 1 
iter: 3  value: 981.2014 mgc: 0.002130388 ustep: 1 
iter: 4  value: 981.2014 mgc: 9.610883e-08 ustep: 1 
mgc: 3.375078e-14 
iter: 1  value: 977.8037 mgc: 3.330191 ustep: 1 
iter: 2  value: 977.8029 mgc: 0.0815123 ustep: 1 
iter: 3  value: 977.8029 mgc: 6.004896e-05 ustep: 1 
iter: 4  mgc: 7.606216e-11 
iter: 1  mgc: 7.606216e-11 
outer mgc:  10.23499 
iter: 1  value: 977.0062 mgc: 8.747288 ustep: 1 
iter: 2  value: 976.9941 mgc: 0.2785168 ustep: 1 
iter: 3  value: 976.9941 mgc: 0.0004907134 ustep: 1 
iter: 4  mgc: 1.610605e-09 
iter: 1  mgc: 1.610605e-09 
outer mgc:  21.28821 
iter: 1  value: 974.0346 mgc: 6.287629 ustep: 1 
iter: 2  value: 974.032 mgc: 0.1281673 ustep: 1 
iter: 3  value: 974.032 mgc: 8.149847e-05 ustep: 1 
iter: 4  mgc: 3.634826e-11 
iter: 1  mgc: 3.634826e-11 
outer mgc:  6.327759 
iter: 1  value: 972.5368 mgc: 4.271716 ustep: 1 
iter: 2  value: 972.5361 mgc: 0.06957209 ustep: 1 
iter: 3  value: 972.5361 mgc: 4.347353e-05 ustep: 1 
iter: 4  mgc: 1.809286e-11 
iter: 1  mgc: 1.809286e-11 
outer mgc:  12.35554 
iter: 1  value: 970.3768 mgc: 3.751307 ustep: 1 
iter: 2  value: 970.3765 mgc: 0.03381098 ustep: 1 
iter: 3  value: 970.3765 mgc: 1.352032e-05 ustep: 1 
iter: 4  mgc: 3.256284e-12 
iter: 1  mgc: 3.256284e-12 
outer mgc:  4.311602 
iter: 1  value: 969.3051 mgc: 4.400973 ustep: 1 
iter: 2  value: 969.3046 mgc: 0.0618569 ustep: 1 
iter: 3  value: 969.3046 mgc: 4.501668e-05 ustep: 1 
iter: 4  mgc: 2.295719e-11 
iter: 1  mgc: 2.295719e-11 
outer mgc:  7.154739 
iter: 1  value: 967.4017 mgc: 3.061925 ustep: 1 
iter: 2  value: 967.4015 mgc: 0.02428581 ustep: 1 
iter: 3  value: 967.4015 mgc: 4.528455e-06 ustep: 1 
iter: 4  mgc: 2.251532e-13 
iter: 1  mgc: 2.251532e-13 
outer mgc:  2.626286 
iter: 1  value: 966.4292 mgc: 3.207666 ustep: 1 
iter: 2  value: 966.4286 mgc: 0.05941209 ustep: 1 
iter: 3  value: 966.4286 mgc: 3.877983e-05 ustep: 1 
iter: 4  mgc: 1.667e-11 
iter: 1  mgc: 1.667e-11 
outer mgc:  7.1304 
iter: 1  value: 965.3301 mgc: 3.466446 ustep: 1 
iter: 2  value: 965.3296 mgc: 0.07029075 ustep: 1 
iter: 3  value: 965.3296 mgc: 5.515167e-05 ustep: 1 
iter: 4  mgc: 3.35586e-11 
iter: 1  mgc: 3.35586e-11 
outer mgc:  6.909359 
iter: 1  value: 965.2985 mgc: 4.806957 ustep: 1 
iter: 2  value: 965.2972 mgc: 0.1031104 ustep: 1 
iter: 3  value: 965.2972 mgc: 0.0001350613 ustep: 1 
iter: 4  mgc: 3.35409e-10 
iter: 1  value: 965.0676 mgc: 2.987277 ustep: 1 
iter: 2  value: 965.0674 mgc: 0.02333971 ustep: 1 
iter: 3  value: 965.0674 mgc: 5.461813e-06 ustep: 1 
iter: 4  mgc: 3.992917e-13 
iter: 1  mgc: 3.992917e-13 
outer mgc:  6.992867 
iter: 1  value: 964.6221 mgc: 3.46015 ustep: 1 
iter: 2  value: 964.6219 mgc: 0.04047023 ustep: 1 
iter: 3  value: 964.6219 mgc: 8.49948e-06 ustep: 1 
iter: 4  mgc: 3.979039e-13 
iter: 1  mgc: 3.979039e-13 
outer mgc:  6.228772 
iter: 1  value: 964.47 mgc: 2.171565 ustep: 1 
iter: 2  value: 964.47 mgc: 0.01620749 ustep: 1 
iter: 3  value: 964.47 mgc: 1.374426e-06 ustep: 1 
iter: 4  mgc: 6.150636e-14 
iter: 1  mgc: 6.150636e-14 
outer mgc:  1.455091 
iter: 1  value: 964.1354 mgc: 2.183496 ustep: 1 
iter: 2  value: 964.1353 mgc: 0.01482445 ustep: 1 
iter: 3  value: 964.1353 mgc: 1.490638e-06 ustep: 1 
iter: 4  mgc: 3.197442e-14 
iter: 1  mgc: 3.197442e-14 
outer mgc:  4.172457 
iter: 1  value: 963.9569 mgc: 1.768093 ustep: 1 
iter: 2  value: 963.9569 mgc: 0.01249915 ustep: 1 
iter: 3  value: 963.9569 mgc: 1.103717e-06 ustep: 1 
iter: 4  mgc: 2.026157e-14 
iter: 1  mgc: 2.026157e-14 
outer mgc:  0.959099 
iter: 1  value: 963.7748 mgc: 0.6315706 ustep: 1 
iter: 2  value: 963.7748 mgc: 0.00197223 ustep: 1 
iter: 3  value: 963.7748 mgc: 5.271876e-08 ustep: 1 
mgc: 2.398082e-14 
iter: 1  mgc: 2.398082e-14 
outer mgc:  2.11944 
iter: 1  value: 963.594 mgc: 0.8117039 ustep: 1 
iter: 2  value: 963.594 mgc: 0.001438815 ustep: 1 
iter: 3  value: 963.594 mgc: 1.455104e-08 ustep: 1 
mgc: 1.598721e-14 
iter: 1  mgc: 1.598721e-14 
outer mgc:  1.851088 
iter: 1  value: 963.4654 mgc: 0.7796548 ustep: 1 
iter: 2  value: 963.4654 mgc: 0.001185309 ustep: 1 
iter: 3  value: 963.4654 mgc: 1.20117e-08 ustep: 1 
mgc: 2.04281e-14 
iter: 1  mgc: 2.04281e-14 
outer mgc:  1.850262 
iter: 1  value: 963.3242 mgc: 0.4392709 ustep: 1 
iter: 2  value: 963.3242 mgc: 0.0004292952 ustep: 1 
iter: 3  mgc: 2.319152e-09 
iter: 1  mgc: 2.319152e-09 
outer mgc:  0.8017979 
iter: 1  value: 963.1824 mgc: 0.5825599 ustep: 1 
iter: 2  value: 963.1824 mgc: 0.001997975 ustep: 1 
iter: 3  value: 963.1824 mgc: 5.130055e-08 ustep: 1 
mgc: 1.731948e-14 
iter: 1  mgc: 1.731948e-14 
outer mgc:  1.189076 
iter: 1  value: 963.0553 mgc: 0.6875755 ustep: 1 
iter: 2  value: 963.0553 mgc: 0.001533794 ustep: 1 
iter: 3  value: 963.0553 mgc: 1.161845e-08 ustep: 1 
mgc: 3.508305e-14 
iter: 1  mgc: 3.508305e-14 
outer mgc:  1.74008 
iter: 1  value: 962.92 mgc: 0.7398858 ustep: 1 
iter: 2  value: 962.92 mgc: 0.001245945 ustep: 1 
iter: 3  value: 962.92 mgc: 1.770003e-08 ustep: 1 
mgc: 1.532108e-14 
iter: 1  mgc: 1.532108e-14 
outer mgc:  1.348865 
iter: 1  value: 962.7242 mgc: 0.5513165 ustep: 1 
iter: 2  value: 962.7242 mgc: 0.001386189 ustep: 1 
iter: 3  value: 962.7242 mgc: 3.06256e-08 ustep: 1 
mgc: 2.638167e-14 
iter: 1  mgc: 2.638167e-14 
outer mgc:  0.9060099 
iter: 1  value: 962.6411 mgc: 0.5726556 ustep: 1 
iter: 2  value: 962.6411 mgc: 0.001728283 ustep: 1 
iter: 3  value: 962.6411 mgc: 7.000607e-08 ustep: 1 
iter: 4  mgc: 2.087219e-14 
iter: 1  mgc: 2.087219e-14 
outer mgc:  0.7757704 
iter: 1  value: 962.5477 mgc: 0.6451584 ustep: 1 
iter: 2  value: 962.5477 mgc: 0.0009807621 ustep: 1 
iter: 3  value: 962.5477 mgc: 1.237987e-08 ustep: 1 
mgc: 2.331468e-14 
iter: 1  mgc: 2.331468e-14 
outer mgc:  1.943023 
iter: 1  value: 962.4082 mgc: 0.8644632 ustep: 1 
iter: 2  value: 962.4082 mgc: 0.002214105 ustep: 1 
iter: 3  value: 962.4082 mgc: 3.959707e-08 ustep: 1 
mgc: 1.532108e-14 
iter: 1  mgc: 1.532108e-14 
outer mgc:  1.30132 
iter: 1  value: 962.3169 mgc: 0.6223169 ustep: 1 
iter: 2  value: 962.3169 mgc: 0.0008897004 ustep: 1 
iter: 3  value: 962.3169 mgc: 4.010089e-08 ustep: 1 
iter: 4  mgc: 1.831868e-14 
iter: 1  mgc: 1.831868e-14 
outer mgc:  0.6961137 
iter: 1  value: 962.2207 mgc: 0.5993417 ustep: 1 
iter: 2  value: 962.2207 mgc: 0.001438633 ustep: 1 
iter: 3  value: 962.2207 mgc: 2.8917e-08 ustep: 1 
mgc: 2.559064e-14 
iter: 1  mgc: 2.559064e-14 
outer mgc:  1.826101 
iter: 1  value: 962.0317 mgc: 0.9519347 ustep: 1 
iter: 2  value: 962.0317 mgc: 0.002469668 ustep: 1 
iter: 3  value: 962.0317 mgc: 2.787166e-08 ustep: 1 
mgc: 2.894907e-14 
iter: 1  mgc: 2.894907e-14 
outer mgc:  1.514357 
iter: 1  value: 961.9838 mgc: 0.5953697 ustep: 1 
iter: 2  value: 961.9838 mgc: 0.001295297 ustep: 1 
iter: 3  value: 961.9838 mgc: 4.049913e-08 ustep: 1 
iter: 4  mgc: 2.664535e-14 
iter: 1  mgc: 2.664535e-14 
outer mgc:  1.011082 
iter: 1  value: 961.9571 mgc: 0.7445679 ustep: 1 
iter: 2  value: 961.9571 mgc: 0.002411195 ustep: 1 
iter: 3  value: 961.9571 mgc: 8.118688e-08 ustep: 1 
mgc: 2.087219e-14 
iter: 1  value: 961.9663 mgc: 0.7478353 ustep: 1 
iter: 2  value: 961.9663 mgc: 0.001572891 ustep: 1 
iter: 3  value: 961.9663 mgc: 3.682269e-08 ustep: 1 
mgc: 2.753353e-14 
iter: 1  value: 961.9672 mgc: 0.3092072 ustep: 1 
iter: 2  value: 961.9672 mgc: 0.0002734905 ustep: 1 
iter: 3  mgc: 1.125596e-09 
iter: 1  mgc: 1.125596e-09 
outer mgc:  0.3589834 
iter: 1  value: 961.9469 mgc: 0.2364541 ustep: 1 
iter: 2  value: 961.9469 mgc: 0.0001329902 ustep: 1 
iter: 3  mgc: 3.011909e-10 
iter: 1  mgc: 3.011909e-10 
outer mgc:  0.7755742 
iter: 1  value: 961.9253 mgc: 0.2081105 ustep: 1 
iter: 2  value: 961.9253 mgc: 0.0001139404 ustep: 1 
iter: 3  mgc: 7.255951e-11 
iter: 1  mgc: 7.255951e-11 
outer mgc:  0.3169895 
iter: 1  value: 961.9025 mgc: 0.1534919 ustep: 1 
iter: 2  value: 961.9025 mgc: 4.399866e-05 ustep: 1 
iter: 3  mgc: 7.171722e-12 
iter: 1  mgc: 7.171722e-12 
outer mgc:  0.3817009 
iter: 1  value: 961.8621 mgc: 0.1121477 ustep: 1 
iter: 2  value: 961.8621 mgc: 3.257487e-05 ustep: 1 
iter: 3  mgc: 7.658763e-12 
iter: 1  value: 961.7717 mgc: 0.2026483 ustep: 1 
iter: 2  value: 961.7717 mgc: 0.000177453 ustep: 1 
iter: 3  mgc: 2.527094e-10 
iter: 1  value: 961.5471 mgc: 0.4515791 ustep: 1 
iter: 2  value: 961.5471 mgc: 0.0009770256 ustep: 1 
iter: 3  mgc: 9.93188e-09 
iter: 1  mgc: 9.93188e-09 
outer mgc:  0.9239711 
iter: 1  value: 961.0416 mgc: 1.129664 ustep: 1 
iter: 2  value: 961.0416 mgc: 0.005096675 ustep: 1 
iter: 3  value: 961.0416 mgc: 1.516442e-07 ustep: 1 
mgc: 1.548761e-14 
iter: 1  mgc: 1.548761e-14 
outer mgc:  1.926715 
iter: 1  value: 961.0231 mgc: 2.276109 ustep: 1 
iter: 2  value: 961.0231 mgc: 0.02509146 ustep: 1 
iter: 3  value: 961.0231 mgc: 6.90181e-06 ustep: 1 
iter: 4  mgc: 9.95648e-13 
iter: 1  value: 960.9897 mgc: 0.7916536 ustep: 1 
iter: 2  value: 960.9897 mgc: 0.001763078 ustep: 1 
iter: 3  value: 960.9897 mgc: 2.294211e-08 ustep: 1 
mgc: 1.287859e-14 
iter: 1  mgc: 1.287859e-14 
outer mgc:  1.079307 
iter: 1  value: 960.8001 mgc: 0.5850145 ustep: 1 
iter: 2  value: 960.8001 mgc: 0.001484359 ustep: 1 
iter: 3  value: 960.8001 mgc: 1.662953e-08 ustep: 1 
mgc: 2.264855e-14 
iter: 1  value: 960.9148 mgc: 0.2763815 ustep: 1 
iter: 2  value: 960.9148 mgc: 0.0002792274 ustep: 1 
iter: 3  mgc: 3.798508e-10 
iter: 1  mgc: 3.798508e-10 
outer mgc:  0.3397474 
iter: 1  value: 960.8454 mgc: 0.2043307 ustep: 1 
iter: 2  value: 960.8454 mgc: 0.0002228526 ustep: 1 
iter: 3  mgc: 6.579389e-10 
iter: 1  mgc: 6.579389e-10 
outer mgc:  0.3277939 
iter: 1  value: 960.8356 mgc: 0.261468 ustep: 1 
iter: 2  value: 960.8356 mgc: 0.0003301608 ustep: 1 
iter: 3  mgc: 1.100742e-09 
iter: 1  mgc: 1.100742e-09 
outer mgc:  0.2243028 
iter: 1  value: 960.8188 mgc: 0.2247657 ustep: 1 
iter: 2  value: 960.8188 mgc: 0.0001855854 ustep: 1 
iter: 3  mgc: 2.751523e-10 
iter: 1  mgc: 2.751523e-10 
outer mgc:  0.3809575 
iter: 1  value: 960.8015 mgc: 0.1185078 ustep: 1 
iter: 2  value: 960.8015 mgc: 2.844544e-05 ustep: 1 
iter: 3  mgc: 7.648326e-12 
iter: 1  mgc: 7.648326e-12 
outer mgc:  0.1490486 
iter: 1  value: 960.7673 mgc: 0.09516344 ustep: 1 
iter: 2  value: 960.7673 mgc: 5.65542e-05 ustep: 1 
iter: 3  mgc: 5.205672e-11 
iter: 1  mgc: 5.205672e-11 
outer mgc:  0.08346395 
iter: 1  value: 960.762 mgc: 0.07774179 ustep: 1 
iter: 2  value: 960.762 mgc: 2.85531e-05 ustep: 1 
iter: 3  mgc: 6.698087e-12 
iter: 1  mgc: 6.698087e-12 
outer mgc:  0.1164865 
iter: 1  value: 960.7456 mgc: 0.06817376 ustep: 1 
iter: 2  value: 960.7456 mgc: 1.240399e-05 ustep: 1 
iter: 3  mgc: 1.797118e-12 
iter: 1  mgc: 1.797118e-12 
outer mgc:  0.04912328 
iter: 1  value: 960.7241 mgc: 0.03472898 ustep: 1 
iter: 2  value: 960.7241 mgc: 7.244202e-06 ustep: 1 
iter: 3  mgc: 3.770317e-13 
iter: 1  mgc: 3.770317e-13 
outer mgc:  0.05933743 
iter: 1  value: 960.7277 mgc: 0.05537939 ustep: 1 
iter: 2  value: 960.7277 mgc: 1.420413e-05 ustep: 1 
iter: 3  mgc: 1.668221e-12 
iter: 1  value: 960.7254 mgc: 0.03949639 ustep: 1 
iter: 2  value: 960.7254 mgc: 5.617665e-06 ustep: 1 
iter: 3  mgc: 2.171596e-13 
iter: 1  value: 960.7243 mgc: 0.02576112 ustep: 1 
iter: 2  value: 960.7243 mgc: 1.539552e-06 ustep: 1 
iter: 3  mgc: 2.708944e-14 
iter: 1  mgc: 2.708944e-14 
outer mgc:  0.0716848 
iter: 1  value: 960.7243 mgc: 0.01655786 ustep: 1 
iter: 2  value: 960.7243 mgc: 4.646748e-07 ustep: 1 
iter: 3  mgc: 2.04281e-14 
iter: 1  mgc: 2.04281e-14 
outer mgc:  0.02354058 
iter: 1  value: 960.7249 mgc: 0.01576965 ustep: 1 
iter: 2  value: 960.7249 mgc: 6.582403e-07 ustep: 1 
iter: 3  mgc: 1.720846e-14 
iter: 1  mgc: 1.720846e-14 
outer mgc:  0.03689259 
iter: 1  value: 960.7256 mgc: 0.008678511 ustep: 1 
iter: 2  value: 960.7256 mgc: 1.557274e-07 ustep: 1 
iter: 3  mgc: 1.776357e-14 
iter: 1  mgc: 1.776357e-14 
outer mgc:  0.01455637 
iter: 1  value: 960.7273 mgc: 0.005257386 ustep: 1 
iter: 2  value: 960.7273 mgc: 1.33761e-07 ustep: 1 
iter: 3  mgc: 2.109424e-14 
iter: 1  mgc: 2.109424e-14 
outer mgc:  0.01009467 
iter: 1  value: 960.7277 mgc: 0.004943504 ustep: 1 
iter: 2  value: 960.7277 mgc: 9.561848e-08 ustep: 1 
iter: 3  mgc: 4.218847e-14 
iter: 1  mgc: 4.218847e-14 
outer mgc:  0.007936972 
iter: 1  value: 960.7291 mgc: 0.008926371 ustep: 1 
iter: 2  value: 960.7291 mgc: 4.052657e-07 ustep: 1 
iter: 3  mgc: 2.220446e-14 
iter: 1  mgc: 2.220446e-14 
outer mgc:  0.006758931 
iter: 1  value: 960.7298 mgc: 0.004248968 ustep: 1 
iter: 2  value: 960.7298 mgc: 6.579158e-08 ustep: 1 
iter: 3  mgc: 2.797762e-14 
iter: 1  mgc: 2.797762e-14 
outer mgc:  0.005704866 
iter: 1  value: 960.7297 mgc: 0.003443025 ustep: 1 
iter: 2  value: 960.7297 mgc: 5.826061e-08 ustep: 1 
iter: 3  mgc: 2.309264e-14 
iter: 1  mgc: 2.309264e-14 
outer mgc:  0.01174526 
iter: 1  value: 960.7312 mgc: 0.005701437 ustep: 1 
iter: 2  value: 960.7312 mgc: 6.494083e-08 ustep: 1 
mgc: 2.842171e-14 
iter: 1  value: 960.7304 mgc: 0.004380095 ustep: 1 
iter: 2  value: 960.7304 mgc: 4.037449e-08 ustep: 1 
mgc: 2.664535e-14 
iter: 1  mgc: 2.664535e-14 
outer mgc:  0.006227978 
iter: 1  value: 960.7302 mgc: 0.001357238 ustep: 1 
iter: 2  value: 960.7302 mgc: 1.868133e-08 ustep: 1 
mgc: 2.881029e-14 
iter: 1  mgc: 2.881029e-14 
outer mgc:  0.00508945 
iter: 1  value: 960.7306 mgc: 0.002187637 ustep: 1 
iter: 2  value: 960.7306 mgc: 1.553551e-08 ustep: 1 
mgc: 3.641532e-14 
iter: 1  value: 960.7304 mgc: 0.001656041 ustep: 1 
iter: 2  mgc: 9.415572e-09 
iter: 1  mgc: 9.415572e-09 
outer mgc:  0.004174678 
iter: 1  value: 960.7304 mgc: 0.0007119242 ustep: 1 
iter: 2  mgc: 3.350742e-09 
iter: 1  mgc: 3.350742e-09 
outer mgc:  0.001259205 
iter: 1  value: 960.7302 mgc: 0.001520675 ustep: 1 
iter: 2  mgc: 7.139368e-09 
iter: 1  mgc: 3.350742e-09 
iter: 1  mgc: 3.350742e-09 
outer mgc:  0.001259205 
iter: 1  value: 960.7305 mgc: 0.03785254 ustep: 1 
iter: 2  value: 960.7305 mgc: 6.719255e-06 ustep: 1 
iter: 3  mgc: 1.980638e-13 
outer mgc:  0.122271 
iter: 1  value: 960.7304 mgc: 0.03783058 ustep: 1 
iter: 2  value: 960.7304 mgc: 6.723439e-06 ustep: 1 
iter: 3  mgc: 1.998401e-13 
outer mgc:  0.1235282 
iter: 1  value: 960.7304 mgc: 0.01485738 ustep: 1 
iter: 2  value: 960.7304 mgc: 1.01238e-06 ustep: 1 
iter: 3  mgc: 3.164136e-14 
outer mgc:  0.1131673 
iter: 1  value: 960.7305 mgc: 0.0148471 ustep: 1 
iter: 2  value: 960.7305 mgc: 1.011642e-06 ustep: 1 
iter: 3  mgc: 1.770806e-14 
outer mgc:  0.1140469 
iter: 1  value: 960.7307 mgc: 0.04928177 ustep: 1 
iter: 2  value: 960.7307 mgc: 6.93948e-06 ustep: 1 
iter: 3  mgc: 3.144152e-13 
outer mgc:  0.1051715 
iter: 1  value: 960.7302 mgc: 0.04927736 ustep: 1 
iter: 2  value: 960.7302 mgc: 6.942707e-06 ustep: 1 
iter: 3  mgc: 3.188561e-13 
outer mgc:  0.1074969 
iter: 1  value: 960.7302 mgc: 0.02390895 ustep: 1 
iter: 2  value: 960.7302 mgc: 1.373731e-06 ustep: 1 
iter: 3  mgc: 1.776357e-14 
outer mgc:  0.175148 
iter: 1  value: 960.7308 mgc: 0.02390148 ustep: 1 
iter: 2  value: 960.7308 mgc: 1.372997e-06 ustep: 1 
iter: 3  mgc: 2.220446e-14 
outer mgc:  0.1771144 
iter: 1  value: 960.7298 mgc: 0.04104226 ustep: 1 
iter: 2  value: 960.7298 mgc: 9.395813e-06 ustep: 1 
iter: 3  mgc: 8.468885e-13 
outer mgc:  0.02431372 
iter: 1  value: 960.731 mgc: 0.04102679 ustep: 1 
iter: 2  value: 960.731 mgc: 9.406016e-06 ustep: 1 
iter: 3  mgc: 8.597741e-13 
outer mgc:  0.02422716 
iter: 1  value: 960.7302 mgc: 0.02115335 ustep: 1 
iter: 2  value: 960.7302 mgc: 3.273899e-06 ustep: 1 
iter: 3  mgc: 9.016399e-14 
outer mgc:  0.09305686 
iter: 1  value: 960.7307 mgc: 0.02114222 ustep: 1 
iter: 2  value: 960.7307 mgc: 3.274956e-06 ustep: 1 
iter: 3  mgc: 9.274526e-14 
outer mgc:  0.09344024 
iter: 1  value: 960.7313 mgc: 0.04896757 ustep: 1 
iter: 2  value: 960.7313 mgc: 5.643045e-06 ustep: 1 
iter: 3  mgc: 1.314504e-13 
outer mgc:  0.1718932 
iter: 1  value: 960.7297 mgc: 0.04895685 ustep: 1 
iter: 2  value: 960.7297 mgc: 5.645747e-06 ustep: 1 
iter: 3  mgc: 1.261213e-13 
outer mgc:  0.1693738 
iter: 1  value: 960.7314 mgc: 0.02620673 ustep: 1 
iter: 2  value: 960.7314 mgc: 2.363518e-06 ustep: 1 
iter: 3  mgc: 2.753353e-14 
outer mgc:  0.2190631 
iter: 1  value: 960.7296 mgc: 0.02620566 ustep: 1 
iter: 2  value: 960.7296 mgc: 2.365379e-06 ustep: 1 
iter: 3  mgc: 4.218847e-14 
outer mgc:  0.2181308 
iter: 1  value: 960.7301 mgc: 0.04536241 ustep: 1 
iter: 2  value: 960.7301 mgc: 7.28235e-06 ustep: 1 
iter: 3  mgc: 3.992362e-13 
outer mgc:  0.06462094 
iter: 1  value: 960.7308 mgc: 0.04534558 ustep: 1 
iter: 2  value: 960.7308 mgc: 7.287742e-06 ustep: 1 
iter: 3  mgc: 4.058975e-13 
outer mgc:  0.0637192 
iter: 1  value: 960.7304 mgc: 0.02452967 ustep: 1 
iter: 2  value: 960.7304 mgc: 2.963432e-06 ustep: 1 
iter: 3  mgc: 7.427392e-14 
outer mgc:  0.113029 
iter: 1  value: 960.7305 mgc: 0.02452339 ustep: 1 
iter: 2  value: 960.7305 mgc: 2.964876e-06 ustep: 1 
iter: 3  mgc: 7.571721e-14 
outer mgc:  0.1121264 
iter: 1  value: 960.7318 mgc: 0.01158467 ustep: 1 
iter: 2  value: 960.7318 mgc: 9.417493e-07 ustep: 1 
iter: 3  mgc: 2.087219e-14 
outer mgc:  0.04399223 
iter: 1  value: 960.7291 mgc: 0.01156936 ustep: 1 
iter: 2  value: 960.7291 mgc: 9.399173e-07 ustep: 1 
iter: 3  mgc: 1.820766e-14 
outer mgc:  0.04374224 
iter: 1  value: 960.7289 mgc: 0.002685024 ustep: 1 
iter: 2  value: 960.7289 mgc: 2.366627e-07 ustep: 1 
iter: 3  mgc: 2.330081e-14 
outer mgc:  0.01057773 
iter: 1  value: 960.7319 mgc: 0.00268318 ustep: 1 
iter: 2  value: 960.7319 mgc: 2.363702e-07 ustep: 1 
iter: 3  mgc: 2.220446e-14 
outer mgc:  0.0102878 
iter: 1  value: 960.7297 mgc: 0.002903066 ustep: 1 
iter: 2  value: 960.7297 mgc: 1.681246e-07 ustep: 1 
iter: 3  mgc: 3.508305e-14 
outer mgc:  0.01376136 
iter: 1  value: 960.7311 mgc: 0.002900911 ustep: 1 
iter: 2  value: 960.7311 mgc: 1.678251e-07 ustep: 1 
iter: 3  mgc: 2.309264e-14 
outer mgc:  0.01367683 
iter: 1  value: 960.7279 mgc: 0.005099191 ustep: 1 
iter: 2  value: 960.7279 mgc: 9.798284e-08 ustep: 1 
mgc: 2.442491e-14 
outer mgc:  0.008185574 
iter: 1  value: 960.7329 mgc: 0.005096597 ustep: 1 
iter: 2  value: 960.7329 mgc: 9.798105e-08 ustep: 1 
mgc: 1.998401e-14 
outer mgc:  0.008436109 
iter: 1  value: 960.7301 mgc: 0.007684224 ustep: 1 
iter: 2  value: 960.7301 mgc: 1.290956e-07 ustep: 1 
iter: 3  mgc: 3.463896e-14 
outer mgc:  0.01376478 
iter: 1  value: 960.7307 mgc: 0.007682634 ustep: 1 
iter: 2  value: 960.7307 mgc: 1.291472e-07 ustep: 1 
iter: 3  mgc: 2.04281e-14 
outer mgc:  0.01350554 
iter: 1  value: 960.7314 mgc: 0.009053872 ustep: 1 
iter: 2  value: 960.7314 mgc: 4.429816e-07 ustep: 1 
iter: 3  mgc: 1.465494e-14 
outer mgc:  0.01103389 
iter: 1  value: 960.7295 mgc: 0.009053512 ustep: 1 
iter: 2  value: 960.7295 mgc: 4.419427e-07 ustep: 1 
iter: 3  mgc: 2.488287e-14 
outer mgc:  0.0111613 
iter: 1  value: 960.7277 mgc: 0.00357048 ustep: 1 
iter: 2  value: 960.7277 mgc: 7.33847e-08 ustep: 1 
iter: 3  mgc: 1.509903e-14 
outer mgc:  0.003415112 
iter: 1  value: 960.7331 mgc: 0.00356879 ustep: 1 
iter: 2  value: 960.7331 mgc: 7.340271e-08 ustep: 1 
iter: 3  mgc: 2.620126e-14 
outer mgc:  0.004299564 
iter: 1  value: 960.7307 mgc: 0.005677763 ustep: 1 
iter: 2  value: 960.7307 mgc: 3.071907e-07 ustep: 1 
iter: 3  mgc: 1.953993e-14 
outer mgc:  0.009588502 
iter: 1  value: 960.7301 mgc: 0.005681809 ustep: 1 
iter: 2  value: 960.7301 mgc: 3.068625e-07 ustep: 1 
iter: 3  mgc: 2.442491e-14 
outer mgc:  0.009482847 
iter: 1  value: 960.7315 mgc: 0.006042185 ustep: 1 
iter: 2  value: 960.7315 mgc: 1.645119e-07 ustep: 1 
iter: 3  mgc: 2.664535e-14 
outer mgc:  0.009874324 
iter: 1  value: 960.7293 mgc: 0.006044447 ustep: 1 
iter: 2  value: 960.7293 mgc: 1.645546e-07 ustep: 1 
iter: 3  mgc: 2.353673e-14 
outer mgc:  0.009845742 
iter: 1  value: 960.7341 mgc: 0.006920617 ustep: 1 
iter: 2  value: 960.7341 mgc: 2.30289e-07 ustep: 1 
iter: 3  mgc: 1.953993e-14 
outer mgc:  0.00796692 
iter: 1  value: 960.7267 mgc: 0.006924667 ustep: 1 
iter: 2  value: 960.7267 mgc: 2.29913e-07 ustep: 1 
iter: 3  mgc: 2.531308e-14 
outer mgc:  0.008119571 
iter: 1  value: 960.738 mgc: 0.03229984 ustep: 1 
iter: 2  value: 960.738 mgc: 5.860004e-06 ustep: 1 
iter: 3  mgc: 5.293543e-13 
outer mgc:  0.08542493 
iter: 1  value: 960.7229 mgc: 0.03238812 ustep: 1 
iter: 2  value: 960.7229 mgc: 5.873652e-06 ustep: 1 
iter: 3  mgc: 5.240253e-13 
outer mgc:  0.08547149 
iter: 1  value: 960.734 mgc: 0.02297408 ustep: 1 
iter: 2  value: 960.734 mgc: 2.217016e-06 ustep: 1 
iter: 3  mgc: 7.660539e-14 
outer mgc:  0.1349045 
iter: 1  value: 960.7269 mgc: 0.02303945 ustep: 1 
iter: 2  value: 960.7269 mgc: 2.226236e-06 ustep: 1 
iter: 3  mgc: 7.305268e-14 
outer mgc:  0.1361514 
iter: 1  value: 960.7333 mgc: 0.005586958 ustep: 1 
iter: 2  value: 960.7333 mgc: 2.349074e-06 ustep: 1 
iter: 3  mgc: 4.187761e-13 
outer mgc:  0.05323089 
iter: 1  value: 960.7276 mgc: 0.00559958 ustep: 1 
iter: 2  value: 960.7276 mgc: 2.355711e-06 ustep: 1 
iter: 3  mgc: 4.214407e-13 
outer mgc:  0.05351491 
iter: 1  value: 960.7348 mgc: 0.03519056 ustep: 1 
iter: 2  value: 960.7348 mgc: 3.746528e-06 ustep: 1 
iter: 3  mgc: 1.982858e-13 
outer mgc:  0.1619313 
iter: 1  value: 960.7262 mgc: 0.03529739 ustep: 1 
iter: 2  value: 960.7262 mgc: 3.761853e-06 ustep: 1 
iter: 3  mgc: 1.906253e-13 
outer mgc:  0.1622479 
iter: 1  value: 960.7342 mgc: 0.01987833 ustep: 1 
iter: 2  value: 960.7342 mgc: 1.527503e-06 ustep: 1 
iter: 3  mgc: 5.906386e-14 
outer mgc:  0.09531822 
iter: 1  value: 960.7267 mgc: 0.01992945 ustep: 1 
iter: 2  value: 960.7267 mgc: 1.52929e-06 ustep: 1 
iter: 3  mgc: 5.739853e-14 
outer mgc:  0.09459076 
Warning message:
package ‘nnet’ was built under R version 3.6.3 
[Sun Aug 15 15:21:27 2021]
Finished job 0.
1 of 1 steps (100%) done
