Building DAG of jobs...
Using shell: /usr/bin/bash
Provided cores: 1 (use --cores to define parallelism)
Rules claiming more threads will be scaled down.
Job counts:
	count	jobs
	1	inference_simulation_TMB_multiple
	1

[Fri Aug 13 11:40:57 2021]
rule inference_simulation_TMB_multiple:
    input: ../data/assessing_models_simulation/datasets/multiple_GenerationInoRE_10_100_10_3_0.6_NA_NA_NA_dataset1.RDS
    output: ../data/assessing_models_simulation/inference_results/TMB/nlminb/multiple_GenerationInoRE_10_100_10_3_0.6_diagREDMsinglelambda_NA_NA_NA_dataset1.RDS
    log: logs/inference/nlminb/simulation_GenerationInoRE_10_100_10_3_0.6_ModeldiagREDMsinglelambda_NA_NA_NA_dataset1.log
    jobid: 0
    wildcards: optimiser=nlminb, datasetgeneration=GenerationInoRE, n=10, nlambda=100, lmbda=10, d=3, beta_intensity=0.6, model=diagREDMsinglelambda, fixed_beta_intercept=NA, fixed_beta_slope=NA, sdRE_input=NA, itnum=1

Rscript 2_inference_TMB/run_TMB.R --input ../data/assessing_models_simulation/datasets/multiple_GenerationInoRE_10_100_10_3_0.6_NA_NA_NA_dataset1.RDS --output ../data/assessing_models_simulation/inference_results/TMB/nlminb/multiple_GenerationInoRE_10_100_10_3_0.6_diagREDMsinglelambda_NA_NA_NA_dataset1.RDS --model diagREDMsinglelambda --optimiser nlminb
Model: diagREDMsinglelambda 
Feature type: signatures 
Using nlminb: TRUE 
Simulation boolean: TRUE 
make: Nothing to be done for 'all'.
../data/assessing_models_simulation/datasets/multiple_GenerationInoRE_10_100_10_3_0.6_NA_NA_NA_dataset1.RDS[1] "../data/assessing_models_simulation/datasets/multiple_GenerationInoRE_10_100_10_3_0.6_NA_NA_NA_dataset1.RDS"
Reading file ../data/assessing_models_simulation/datasets/multiple_GenerationInoRE_10_100_10_3_0.6_NA_NA_NA_dataset1.RDS 
Loading required package: nnet
# weights:  9 (4 variable)
initial  value 2175.252332 
final  value 2099.125378 
converged
Constructing atomic invpd
Constructing atomic D_lgamma
Constructing atomic invpd
Constructing atomic D_lgamma
Constructing atomic matmul
Constructing atomic invpd
Constructing atomic D_lgamma
Constructing atomic matmul
Optimizing tape... Done
iter: 1  value: 2114.848 mgc: 2.973044 ustep: 1 
iter: 2  value: 2112.505 mgc: 1.276292 ustep: 1 
iter: 3  value: 2112.495 mgc: 0.1438313 ustep: 1 
iter: 4  value: 2112.495 mgc: 0.001941353 ustep: 1 
iter: 5  value: 2112.495 mgc: 4.104876e-07 ustep: 1 
iter: 6  mgc: 9.029236e-15 
iter: 1  mgc: 9.029236e-15 
Matching hessian patterns... Done
outer mgc:  11.97956 
iter: 1  value: 2097.153 mgc: 0.8900638 ustep: 1 
iter: 2  value: 2097.152 mgc: 0.05042245 ustep: 1 
iter: 3  value: 2097.152 mgc: 0.0002125573 ustep: 1 
iter: 4  mgc: 3.947938e-09 
iter: 1  mgc: 3.947938e-09 
outer mgc:  8.196356 
iter: 1  value: 2086.232 mgc: 0.8816308 ustep: 1 
iter: 2  value: 2086.231 mgc: 0.05754408 ustep: 1 
iter: 3  value: 2086.231 mgc: 0.0001432329 ustep: 1 
iter: 4  mgc: 1.205439e-09 
iter: 1  value: 2091.186 mgc: 3.474222 ustep: 1 
iter: 2  value: 2091.088 mgc: 0.5905335 ustep: 1 
iter: 3  value: 2091.088 mgc: 0.008713329 ustep: 1 
iter: 4  value: 2091.088 mgc: 4.026252e-06 ustep: 1 
iter: 5  mgc: 1.111417e-12 
iter: 1  mgc: 1.205439e-09 
outer mgc:  4.829334 
iter: 1  value: 2073.872 mgc: 2.306565 ustep: 1 
iter: 2  value: 2073.853 mgc: 0.1930982 ustep: 1 
iter: 3  value: 2073.853 mgc: 0.001650687 ustep: 1 
iter: 4  value: 2073.853 mgc: 8.939163e-08 ustep: 1 
iter: 5  mgc: 7.119305e-15 
iter: 1  value: 2098.756 mgc: 13.65906 ustep: 1 
iter: 2  value: 2065.819 mgc: 15.92164 ustep: 1 
iter: 3  value: 2065.713 mgc: 0.9179347 ustep: 1 
iter: 4  value: 2065.713 mgc: 0.01691773 ustep: 1 
iter: 5  value: 2065.713 mgc: 6.480697e-06 ustep: 1 
iter: 6  mgc: 9.41372e-13 
iter: 1  mgc: 7.119305e-15 
outer mgc:  4.83195 
iter: 1  value: 2059.585 mgc: 3.510521 ustep: 1 
iter: 2  value: 2059.57 mgc: 0.2736943 ustep: 1 
iter: 3  value: 2059.57 mgc: 0.001097372 ustep: 1 
iter: 4  value: 2059.57 mgc: 2.21958e-08 ustep: 1 
mgc: 8.770762e-15 
iter: 1  mgc: 8.770762e-15 
outer mgc:  9.368984 
iter: 1  value: 2074.46 mgc: 10.92104 ustep: 1 
iter: 2  value: 2062.2 mgc: 7.25312 ustep: 1 
iter: 3  value: 2062.125 mgc: 0.583055 ustep: 1 
iter: 4  value: 2062.125 mgc: 0.007218054 ustep: 1 
iter: 5  value: 2062.125 mgc: 1.233329e-06 ustep: 1 
iter: 6  mgc: 2.975398e-14 
iter: 1  value: 2059.314 mgc: 6.261821 ustep: 1 
iter: 2  value: 2057.076 mgc: 2.675355 ustep: 1 
iter: 3  value: 2057.071 mgc: 0.1667451 ustep: 1 
iter: 4  value: 2057.071 mgc: 0.0009871003 ustep: 1 
iter: 5  value: 2057.071 mgc: 3.538993e-08 ustep: 1 
mgc: 1.326717e-14 
iter: 1  mgc: 1.326717e-14 
outer mgc:  8.909906 
iter: 1  value: 2051.789 mgc: 4.904303 ustep: 1 
iter: 2  value: 2051.723 mgc: 0.6370452 ustep: 1 
iter: 3  value: 2051.723 mgc: 0.006725778 ustep: 1 
iter: 4  value: 2051.723 mgc: 8.479656e-07 ustep: 1 
iter: 5  mgc: 1.931788e-14 
iter: 1  mgc: 1.931788e-14 
outer mgc:  5.293171 
iter: 1  value: 2049.841 mgc: 3.49193 ustep: 1 
iter: 2  value: 2049.834 mgc: 0.1209333 ustep: 1 
iter: 3  value: 2049.834 mgc: 0.0003263015 ustep: 1 
iter: 4  mgc: 7.71431e-10 
iter: 1  mgc: 7.71431e-10 
outer mgc:  6.583929 
iter: 1  value: 2044.81 mgc: 2.197973 ustep: 1 
iter: 2  value: 2044.81 mgc: 0.05637919 ustep: 1 
iter: 3  value: 2044.81 mgc: 1.170632e-05 ustep: 1 
iter: 4  mgc: 6.838974e-13 
iter: 1  mgc: 6.838974e-13 
outer mgc:  2.123997 
iter: 1  value: 2046.372 mgc: 6.317476 ustep: 1 
iter: 2  value: 2046.362 mgc: 0.412945 ustep: 1 
iter: 3  value: 2046.362 mgc: 0.000782839 ustep: 1 
iter: 4  mgc: 3.931168e-09 
iter: 1  value: 2044.508 mgc: 1.54643 ustep: 1 
iter: 2  value: 2044.508 mgc: 0.02026938 ustep: 1 
iter: 3  value: 2044.508 mgc: 2.885359e-06 ustep: 1 
iter: 4  mgc: 5.728751e-14 
iter: 1  mgc: 5.728751e-14 
outer mgc:  3.536207 
iter: 1  value: 2044.184 mgc: 0.8566779 ustep: 1 
iter: 2  value: 2044.184 mgc: 0.006222958 ustep: 1 
iter: 3  value: 2044.184 mgc: 4.22373e-07 ustep: 1 
iter: 4  mgc: 1.465494e-14 
iter: 1  mgc: 1.465494e-14 
outer mgc:  1.446921 
iter: 1  value: 2043.485 mgc: 0.6029207 ustep: 1 
iter: 2  value: 2043.485 mgc: 0.001795742 ustep: 1 
iter: 3  value: 2043.485 mgc: 3.099113e-08 ustep: 1 
mgc: 1.110223e-14 
iter: 1  mgc: 1.110223e-14 
outer mgc:  1.498291 
iter: 1  value: 2042.203 mgc: 1.207321 ustep: 1 
iter: 2  value: 2042.203 mgc: 0.007961465 ustep: 1 
iter: 3  value: 2042.203 mgc: 2.50851e-07 ustep: 1 
iter: 4  mgc: 1.199041e-14 
iter: 1  value: 2038.745 mgc: 3.147821 ustep: 1 
iter: 2  value: 2038.745 mgc: 0.02367796 ustep: 1 
iter: 3  value: 2038.745 mgc: 8.889296e-07 ustep: 1 
iter: 4  mgc: 1.554312e-14 
iter: 1  mgc: 1.554312e-14 
outer mgc:  0.6695794 
iter: 1  value: 2038.653 mgc: 3.776161 ustep: 1 
iter: 2  value: 2038.653 mgc: 0.03709888 ustep: 1 
iter: 3  value: 2038.653 mgc: 6.751387e-06 ustep: 1 
iter: 4  mgc: 2.416956e-13 
iter: 1  value: 2038.432 mgc: 0.2890874 ustep: 1 
iter: 2  value: 2038.432 mgc: 0.0004085062 ustep: 1 
iter: 3  mgc: 9.756138e-10 
iter: 1  mgc: 9.756138e-10 
outer mgc:  1.612431 
iter: 1  value: 2037.956 mgc: 0.5281577 ustep: 1 
iter: 2  value: 2037.956 mgc: 0.001800867 ustep: 1 
iter: 3  value: 2037.956 mgc: 2.245179e-08 ustep: 1 
mgc: 1.687539e-14 
iter: 1  mgc: 1.687539e-14 
outer mgc:  1.43591 
iter: 1  value: 2037.44 mgc: 0.7160112 ustep: 1 
iter: 2  value: 2037.44 mgc: 0.000819559 ustep: 1 
iter: 3  mgc: 3.875515e-09 
iter: 1  mgc: 3.875515e-09 
outer mgc:  0.4340156 
iter: 1  value: 2036.958 mgc: 0.7278616 ustep: 1 
iter: 2  value: 2036.958 mgc: 0.0006353978 ustep: 1 
iter: 3  mgc: 1.681851e-09 
iter: 1  mgc: 1.681851e-09 
outer mgc:  1.223203 
iter: 1  value: 2036.444 mgc: 0.4206667 ustep: 1 
iter: 2  value: 2036.444 mgc: 0.0002708137 ustep: 1 
iter: 3  mgc: 3.8195e-10 
iter: 1  value: 2035.403 mgc: 1.295357 ustep: 1 
iter: 2  value: 2035.403 mgc: 0.001115563 ustep: 1 
iter: 3  mgc: 6.214882e-10 
iter: 1  mgc: 6.214882e-10 
outer mgc:  1.019988 
iter: 1  value: 2032.238 mgc: 5.651985 ustep: 1 
iter: 2  value: 2032.238 mgc: 0.005009023 ustep: 1 
iter: 3  value: 2032.238 mgc: 2.63679e-08 ustep: 1 
mgc: 1.065814e-14 
iter: 1  mgc: 1.065814e-14 
outer mgc:  1.172166 
iter: 1  value: 2029.2 mgc: 3.534508 ustep: 1 
iter: 2  value: 2029.2 mgc: 0.001569616 ustep: 1 
iter: 3  mgc: 3.582638e-09 
iter: 1  mgc: 3.582638e-09 
outer mgc:  1.398831 
iter: 1  value: 2028.423 mgc: 2.154157 ustep: 1 
iter: 2  value: 2028.423 mgc: 0.0003553611 ustep: 1 
iter: 3  mgc: 6.296554e-10 
iter: 1  mgc: 6.296554e-10 
outer mgc:  0.546693 
iter: 1  value: 2027.581 mgc: 0.8888838 ustep: 1 
iter: 2  value: 2027.581 mgc: 0.000257809 ustep: 1 
iter: 3  mgc: 3.27145e-10 
iter: 1  mgc: 3.27145e-10 
outer mgc:  0.1568349 
iter: 1  value: 2026.785 mgc: 1.108369 ustep: 1 
iter: 2  value: 2026.785 mgc: 4.166346e-05 ustep: 1 
iter: 3  mgc: 1.088463e-12 
iter: 1  mgc: 1.088463e-12 
outer mgc:  0.05046168 
iter: 1  value: 2023.771 mgc: 5.36134 ustep: 1 
iter: 2  value: 2023.771 mgc: 0.0002314547 ustep: 1 
iter: 3  mgc: 3.583445e-11 
iter: 1  mgc: 3.583445e-11 
outer mgc:  0.0834798 
iter: 1  value: 2020.681 mgc: 5.508123 ustep: 1 
iter: 2  value: 2020.681 mgc: 4.617338e-05 ustep: 1 
iter: 3  mgc: 1.238298e-11 
iter: 1  mgc: 1.238298e-11 
outer mgc:  0.06268731 
iter: 1  value: 2017.521 mgc: 5.48993 ustep: 1 
iter: 2  value: 2017.521 mgc: 1.354677e-05 ustep: 1 
iter: 3  mgc: 1.270095e-13 
iter: 1  mgc: 1.270095e-13 
outer mgc:  0.0548329 
iter: 1  value: 2014.346 mgc: 5.545892 ustep: 1 
iter: 2  value: 2014.346 mgc: 1.628596e-05 ustep: 1 
iter: 3  mgc: 1.533884e-12 
iter: 1  mgc: 1.533884e-12 
outer mgc:  0.02471718 
iter: 1  value: 2011.172 mgc: 5.520356 ustep: 1 
iter: 2  value: 2011.172 mgc: 1.993704e-06 ustep: 1 
iter: 3  mgc: 3.019807e-14 
iter: 1  mgc: 3.019807e-14 
outer mgc:  0.02518085 
iter: 1  value: 2008.009 mgc: 5.546876 ustep: 1 
iter: 2  value: 2008.009 mgc: 2.211227e-07 ustep: 1 
iter: 3  mgc: 1.698641e-14 
iter: 1  mgc: 1.698641e-14 
outer mgc:  0.008470602 
iter: 1  value: 2004.85 mgc: 5.539776 ustep: 1 
iter: 2  value: 2004.85 mgc: 4.740489e-07 ustep: 1 
iter: 3  mgc: 1.049161e-14 
iter: 1  mgc: 1.049161e-14 
outer mgc:  0.003764822 
iter: 1  value: 2001.689 mgc: 5.546717 ustep: 1 
iter: 2  value: 2001.689 mgc: 1.914039e-07 ustep: 1 
mgc: 2.020606e-14 
iter: 1  mgc: 2.020606e-14 
outer mgc:  0.002206275 
iter: 1  value: 1998.526 mgc: 5.545832 ustep: 1 
iter: 2  value: 1998.526 mgc: 2.606769e-08 ustep: 1 
mgc: 1.715295e-14 
iter: 1  mgc: 1.715295e-14 
outer mgc:  0.0008795503 
iter: 1  value: 1995.361 mgc: 5.547335 ustep: 1 
iter: 2  mgc: 4.431345e-09 
iter: 1  mgc: 4.431345e-09 
outer mgc:  0.0003013691 
iter: 1  value: 1992.196 mgc: 5.547326 ustep: 1 
iter: 2  value: 1992.196 mgc: 1.053476e-08 ustep: 1 
mgc: 1.215694e-14 
iter: 1  mgc: 1.215694e-14 
outer mgc:  0.0001982701 
iter: 1  value: 1989.031 mgc: 5.547626 ustep: 1 
iter: 2  mgc: 3.692453e-09 
iter: 1  mgc: 3.692453e-09 
outer mgc:  0.0001024354 
iter: 1  value: 1985.867 mgc: 5.547617 ustep: 1 
iter: 2  mgc: 8.998313e-11 
iter: 1  mgc: 8.998313e-11 
outer mgc:  8.484575e-05 
iter: 1  value: 1982.702 mgc: 5.547655 ustep: 1 
iter: 2  mgc: 1.431157e-10 
iter: 1  mgc: 1.431157e-10 
outer mgc:  4.749607e-05 
iter: 1  value: 1979.538 mgc: 5.547653 ustep: 1 
iter: 2  mgc: 1.640847e-10 
iter: 1  mgc: 1.640847e-10 
outer mgc:  4.950519e-06 
iter: 1  value: 1976.373 mgc: 5.54767 ustep: 1 
iter: 2  mgc: 3.178968e-11 
iter: 1  mgc: 3.178968e-11 
outer mgc:  1.261234e-05 
iter: 1  value: 1973.208 mgc: 5.547681 ustep: 1 
iter: 2  mgc: 2.158274e-13 
iter: 1  mgc: 2.158274e-13 
outer mgc:  1.241703e-05 
iter: 1  value: 1970.044 mgc: 5.54769 ustep: 1 
iter: 2  mgc: 5.394796e-12 
iter: 1  mgc: 5.394796e-12 
outer mgc:  5.035398e-06 
iter: 1  value: 1966.879 mgc: 5.547693 ustep: 1 
iter: 2  mgc: 3.272937e-12 
iter: 1  mgc: 3.272937e-12 
outer mgc:  5.573547e-07 
iter: 1  mgc: 3.272937e-12 
iter: 1  mgc: 3.272937e-12 
outer mgc:  5.573547e-07 
iter: 1  value: 1966.878 mgc: 0.01083826 ustep: 1 
iter: 2  value: 1966.878 mgc: 6.783946e-07 ustep: 1 
iter: 3  mgc: 8.21565e-15 
outer mgc:  0.05446238 
iter: 1  value: 1966.88 mgc: 0.0108317 ustep: 1 
iter: 2  value: 1966.88 mgc: 6.799687e-07 ustep: 1 
iter: 3  mgc: 7.993606e-15 
outer mgc:  0.05445105 
iter: 1  value: 1966.879 mgc: 0.006480156 ustep: 1 
iter: 2  value: 1966.879 mgc: 2.153989e-07 ustep: 1 
iter: 3  mgc: 1.376677e-14 
outer mgc:  0.04307523 
iter: 1  value: 1966.879 mgc: 0.006479173 ustep: 1 
iter: 2  value: 1966.879 mgc: 2.157731e-07 ustep: 1 
iter: 3  mgc: 2.220446e-14 
outer mgc:  0.04306814 
iter: 1  value: 1966.88 mgc: 0.01269152 ustep: 1 
iter: 2  value: 1966.88 mgc: 2.580702e-07 ustep: 1 
iter: 3  mgc: 1.681988e-14 
outer mgc:  0.1013849 
iter: 1  value: 1966.879 mgc: 0.01268787 ustep: 1 
iter: 2  value: 1966.879 mgc: 2.574171e-07 ustep: 1 
iter: 3  mgc: 1.187939e-14 
outer mgc:  0.1013566 
iter: 1  value: 1966.879 mgc: 0.006330977 ustep: 1 
iter: 2  value: 1966.879 mgc: 8.324733e-08 ustep: 1 
mgc: 1.137979e-14 
outer mgc:  0.04755829 
iter: 1  value: 1966.879 mgc: 0.00632839 ustep: 1 
iter: 2  value: 1966.879 mgc: 8.306602e-08 ustep: 1 
mgc: 1.465494e-14 
outer mgc:  0.04753231 
iter: 1  value: 1966.882 mgc: 0.004188628 ustep: 1 
iter: 2  value: 1966.882 mgc: 1.016039e-07 ustep: 1 
mgc: 1.24345e-14 
outer mgc:  0.001015813 
iter: 1  value: 1966.876 mgc: 0.004192819 ustep: 1 
iter: 2  value: 1966.876 mgc: 1.016027e-07 ustep: 1 
mgc: 1.376677e-14 
outer mgc:  0.001015244 
iter: 1  value: 1966.884 mgc: 0.006278889 ustep: 1 
mgc: 8.881784e-15 
outer mgc:  5.577134e-07 
iter: 1  value: 1966.874 mgc: 0.006285171 ustep: 1 
mgc: 9.992007e-15 
outer mgc:  5.569964e-07 
iter: 1  value: 1966.878 mgc: 0.004580556 ustep: 1 
iter: 2  value: 1966.878 mgc: 5.735065e-08 ustep: 1 
mgc: 1.038059e-14 
outer mgc:  0.009872959 
iter: 1  value: 1966.881 mgc: 0.004578385 ustep: 1 
iter: 2  value: 1966.881 mgc: 5.730362e-08 ustep: 1 
mgc: 1.421085e-14 
outer mgc:  0.009875825 
[Fri Aug 13 11:41:00 2021]
Finished job 0.
1 of 1 steps (100%) done
