Building DAG of jobs...
Using shell: /usr/bin/bash
Provided cores: 80
Rules claiming more threads will be scaled down.
Job counts:
	count	jobs
	1	inference_simulation_TMB_multiple
	1
Select jobs to execute...

[Sun Aug 15 14:36:53 2021]
rule inference_simulation_TMB_multiple:
    input: ../data/assessing_models_simulation/datasets/multiple_GenerationCnorm_20_100_80_6_0.2_NA_NA_NA_dataset1.RDS
    output: ../data/assessing_models_simulation/inference_results/TMB/nlminb/multiple_GenerationCnorm_20_100_80_6_0.2_diagREDM_NA_NA_NA_dataset1.RDS
    log: logs/inference/nlminb/simulation_GenerationCnorm_20_100_80_6_0.2_ModeldiagREDM_NA_NA_NA_dataset1.log
    jobid: 0
    wildcards: optimiser=nlminb, datasetgeneration=GenerationCnorm, n=20, nlambda=100, lmbda=80, d=6, beta_intensity=0.2, model=diagREDM, fixed_beta_intercept=NA, fixed_beta_slope=NA, sdRE_input=NA, itnum=1

Rscript 2_inference_TMB/run_TMB.R --input ../data/assessing_models_simulation/datasets/multiple_GenerationCnorm_20_100_80_6_0.2_NA_NA_NA_dataset1.RDS --output ../data/assessing_models_simulation/inference_results/TMB/nlminb/multiple_GenerationCnorm_20_100_80_6_0.2_diagREDM_NA_NA_NA_dataset1.RDS --model diagREDM --optimiser nlminb
Model: diagREDM 
Feature type: signatures 
Using nlminb: TRUE 
Simulation boolean: TRUE 
make: Nothing to be done for 'all'.
../data/assessing_models_simulation/datasets/multiple_GenerationCnorm_20_100_80_6_0.2_NA_NA_NA_dataset1.RDS[1] "../data/assessing_models_simulation/datasets/multiple_GenerationCnorm_20_100_80_6_0.2_NA_NA_NA_dataset1.RDS"
Reading file ../data/assessing_models_simulation/datasets/multiple_GenerationCnorm_20_100_80_6_0.2_NA_NA_NA_dataset1.RDS 
Loading required package: nnet
# weights:  18 (10 variable)
initial  value 7057.740549 
iter  10 value 6785.795122
final  value 6737.901390 
converged
Constructing atomic invpd
Constructing atomic D_lgamma
Constructing atomic invpd
Constructing atomic D_lgamma
Constructing atomic matmul
Constructing atomic invpd
Constructing atomic D_lgamma
Constructing atomic matmul
Optimizing tape... Done
iter: 1  value: 7203.627 mgc: 39.74993 ustep: 1 
iter: 2  value: 6958.177 mgc: 31.06546 ustep: 1 
iter: 3  value: 6953.795 mgc: 6.454915 ustep: 1 
iter: 4  value: 6953.751 mgc: 0.8860507 ustep: 1 
iter: 5  value: 6953.751 mgc: 0.02523454 ustep: 1 
iter: 6  value: 6953.751 mgc: 2.25267e-05 ustep: 1 
iter: 7  mgc: 1.862777e-11 
iter: 1  mgc: 1.862777e-11 
Matching hessian patterns... Done
outer mgc:  192.7286 
iter: 1  value: 6773.3 mgc: 17.99825 ustep: 1 
iter: 2  value: 6768.493 mgc: 6.338177 ustep: 1 
iter: 3  value: 6768.486 mgc: 0.2982768 ustep: 1 
iter: 4  value: 6768.486 mgc: 0.000819537 ustep: 1 
iter: 5  value: 6768.486 mgc: 1.01208e-08 ustep: 1 
mgc: 3.995915e-12 
iter: 1  mgc: 3.995915e-12 
outer mgc:  68.59927 
iter: 1  value: 6738.302 mgc: 17.53201 ustep: 1 
iter: 2  value: 6737.604 mgc: 1.480434 ustep: 1 
iter: 3  value: 6737.604 mgc: 0.01909355 ustep: 1 
iter: 4  value: 6737.604 mgc: 5.634086e-06 ustep: 1 
iter: 5  mgc: 4.27651e-12 
iter: 1  mgc: 4.27651e-12 
outer mgc:  39.45806 
iter: 1  value: 6727.208 mgc: 16.63837 ustep: 1 
iter: 2  value: 6725.851 mgc: 3.112157 ustep: 1 
iter: 3  value: 6725.851 mgc: 0.08918899 ustep: 1 
iter: 4  value: 6725.851 mgc: 8.231096e-05 ustep: 1 
iter: 5  mgc: 7.041068e-11 
iter: 1  mgc: 7.041068e-11 
outer mgc:  57.75655 
iter: 1  value: 6715.759 mgc: 16.03222 ustep: 1 
iter: 2  value: 6715.337 mgc: 1.728754 ustep: 1 
iter: 3  value: 6715.337 mgc: 0.01969805 ustep: 1 
iter: 4  value: 6715.337 mgc: 3.808175e-06 ustep: 1 
iter: 5  mgc: 4.559852e-12 
iter: 1  mgc: 4.559852e-12 
outer mgc:  71.3801 
iter: 1  value: 6691.041 mgc: 17.04302 ustep: 1 
iter: 2  value: 6690.555 mgc: 1.11046 ustep: 1 
iter: 3  value: 6690.555 mgc: 0.01500974 ustep: 1 
iter: 4  value: 6690.555 mgc: 4.701497e-06 ustep: 1 
iter: 5  mgc: 3.982426e-12 
iter: 1  mgc: 3.982426e-12 
outer mgc:  26.28172 
iter: 1  value: 6682.773 mgc: 12.80372 ustep: 1 
iter: 2  value: 6682.142 mgc: 1.496903 ustep: 1 
iter: 3  value: 6682.142 mgc: 0.02901537 ustep: 1 
iter: 4  value: 6682.142 mgc: 1.512613e-05 ustep: 1 
iter: 5  mgc: 3.749445e-12 
iter: 1  mgc: 3.749445e-12 
outer mgc:  36.66725 
iter: 1  value: 6676.308 mgc: 8.11827 ustep: 1 
iter: 2  value: 6676.148 mgc: 0.7061419 ustep: 1 
iter: 3  value: 6676.148 mgc: 0.00696194 ustep: 1 
iter: 4  value: 6676.148 mgc: 8.71375e-07 ustep: 1 
iter: 5  mgc: 3.139905e-12 
iter: 1  mgc: 3.139905e-12 
outer mgc:  42.621 
iter: 1  value: 6669.681 mgc: 15.22526 ustep: 1 
iter: 2  value: 6668.01 mgc: 2.778325 ustep: 1 
iter: 3  value: 6668.009 mgc: 0.06635428 ustep: 1 
iter: 4  value: 6668.009 mgc: 5.528681e-05 ustep: 1 
iter: 5  mgc: 3.763756e-11 
iter: 1  mgc: 3.763756e-11 
outer mgc:  39.24015 
iter: 1  value: 6664.351 mgc: 20.63248 ustep: 1 
iter: 2  value: 6659.212 mgc: 4.524951 ustep: 1 
iter: 3  value: 6659.207 mgc: 0.1617361 ustep: 1 
iter: 4  value: 6659.207 mgc: 0.0003043067 ustep: 1 
iter: 5  mgc: 1.085122e-09 
iter: 1  mgc: 1.085122e-09 
outer mgc:  31.84628 
iter: 1  value: 6663.73 mgc: 13.42566 ustep: 1 
iter: 2  value: 6662.81 mgc: 2.206717 ustep: 1 
iter: 3  value: 6662.81 mgc: 0.04180493 ustep: 1 
iter: 4  value: 6662.81 mgc: 2.13764e-05 ustep: 1 
iter: 5  mgc: 5.767387e-12 
iter: 1  value: 6650.448 mgc: 12.60225 ustep: 1 
iter: 2  value: 6650.283 mgc: 0.7776197 ustep: 1 
iter: 3  value: 6650.283 mgc: 0.005250505 ustep: 1 
iter: 4  value: 6650.283 mgc: 2.612578e-07 ustep: 1 
iter: 5  mgc: 2.842615e-12 
iter: 1  mgc: 2.842615e-12 
outer mgc:  16.59625 
iter: 1  value: 6649.772 mgc: 9.180503 ustep: 1 
iter: 2  value: 6649.759 mgc: 0.2103991 ustep: 1 
iter: 3  value: 6649.759 mgc: 0.0002854052 ustep: 1 
iter: 4  mgc: 5.602483e-10 
iter: 1  value: 6649.389 mgc: 5.239873 ustep: 1 
iter: 2  value: 6649.382 mgc: 0.1520689 ustep: 1 
iter: 3  value: 6649.382 mgc: 0.0001916083 ustep: 1 
iter: 4  mgc: 3.379603e-10 
iter: 1  mgc: 3.379603e-10 
outer mgc:  15.22387 
iter: 1  value: 6647.357 mgc: 5.264728 ustep: 1 
iter: 2  value: 6647.351 mgc: 0.1677918 ustep: 1 
iter: 3  value: 6647.351 mgc: 0.0002465664 ustep: 1 
iter: 4  mgc: 6.90661e-10 
iter: 1  mgc: 6.90661e-10 
outer mgc:  8.561896 
iter: 1  value: 6645.67 mgc: 3.350891 ustep: 1 
iter: 2  value: 6645.67 mgc: 0.02532472 ustep: 1 
iter: 3  value: 6645.67 mgc: 8.179487e-06 ustep: 1 
iter: 4  mgc: 3.18412e-12 
iter: 1  mgc: 3.18412e-12 
outer mgc:  3.240508 
iter: 1  value: 6644.215 mgc: 2.921037 ustep: 1 
iter: 2  value: 6644.214 mgc: 0.05462547 ustep: 1 
iter: 3  value: 6644.214 mgc: 2.274232e-05 ustep: 1 
iter: 4  mgc: 6.858514e-12 
iter: 1  mgc: 6.858514e-12 
outer mgc:  5.627679 
iter: 1  value: 6642.843 mgc: 3.10106 ustep: 1 
iter: 2  value: 6642.841 mgc: 0.09470404 ustep: 1 
iter: 3  value: 6642.841 mgc: 9.380545e-05 ustep: 1 
iter: 4  mgc: 9.367418e-11 
iter: 1  mgc: 9.367418e-11 
outer mgc:  5.293026 
iter: 1  value: 6641.909 mgc: 6.698233 ustep: 1 
iter: 2  value: 6641.905 mgc: 0.1215591 ustep: 1 
iter: 3  value: 6641.905 mgc: 6.364638e-05 ustep: 1 
iter: 4  mgc: 2.090328e-11 
iter: 1  mgc: 2.090328e-11 
outer mgc:  9.736667 
iter: 1  value: 6640.817 mgc: 5.149109 ustep: 1 
iter: 2  value: 6640.813 mgc: 0.1089301 ustep: 1 
iter: 3  value: 6640.813 mgc: 5.170095e-05 ustep: 1 
iter: 4  mgc: 1.863931e-11 
iter: 1  mgc: 1.863931e-11 
outer mgc:  10.27037 
iter: 1  value: 6639.174 mgc: 3.295116 ustep: 1 
iter: 2  value: 6639.172 mgc: 0.06679963 ustep: 1 
iter: 3  value: 6639.172 mgc: 3.05386e-05 ustep: 1 
iter: 4  mgc: 6.724843e-12 
iter: 1  mgc: 6.724843e-12 
outer mgc:  3.778956 
iter: 1  value: 6639.065 mgc: 4.215555 ustep: 1 
iter: 2  value: 6639.059 mgc: 0.1675083 ustep: 1 
iter: 3  value: 6639.059 mgc: 0.0002130046 ustep: 1 
iter: 4  mgc: 5.027614e-10 
iter: 1  value: 6638.866 mgc: 2.036516 ustep: 1 
iter: 2  value: 6638.866 mgc: 0.03564367 ustep: 1 
iter: 3  value: 6638.866 mgc: 9.690385e-06 ustep: 1 
iter: 4  mgc: 3.357759e-12 
iter: 1  mgc: 3.357759e-12 
outer mgc:  3.354831 
iter: 1  value: 6638.282 mgc: 1.02884 ustep: 1 
iter: 2  value: 6638.282 mgc: 0.007632929 ustep: 1 
iter: 3  value: 6638.282 mgc: 4.434484e-07 ustep: 1 
iter: 4  mgc: 2.189804e-12 
iter: 1  mgc: 2.189804e-12 
outer mgc:  2.121027 
iter: 1  value: 6637.802 mgc: 0.6727834 ustep: 1 
iter: 2  value: 6637.802 mgc: 0.002203502 ustep: 1 
iter: 3  value: 6637.802 mgc: 3.543335e-08 ustep: 1 
mgc: 2.04825e-12 
iter: 1  mgc: 2.04825e-12 
outer mgc:  2.395958 
iter: 1  value: 6636.788 mgc: 0.789249 ustep: 1 
iter: 2  value: 6636.788 mgc: 0.004397455 ustep: 1 
iter: 3  value: 6636.788 mgc: 2.305253e-07 ustep: 1 
iter: 4  mgc: 1.896705e-12 
iter: 1  value: 6635.119 mgc: 1.1187 ustep: 1 
iter: 2  value: 6635.119 mgc: 0.007769663 ustep: 1 
iter: 3  value: 6635.119 mgc: 8.409513e-07 ustep: 1 
iter: 4  mgc: 1.700307e-12 
iter: 1  value: 6632.427 mgc: 1.616557 ustep: 1 
iter: 2  value: 6632.427 mgc: 0.02005307 ustep: 1 
iter: 3  value: 6632.427 mgc: 2.953597e-06 ustep: 1 
iter: 4  mgc: 1.430855e-12 
iter: 1  mgc: 1.430855e-12 
outer mgc:  13.01455 
iter: 1  value: 6624.356 mgc: 6.540936 ustep: 1 
iter: 2  value: 6624.352 mgc: 0.1966605 ustep: 1 
iter: 3  value: 6624.352 mgc: 0.0002786056 ustep: 1 
iter: 4  mgc: 5.39961e-10 
iter: 1  mgc: 5.39961e-10 
outer mgc:  7.662726 
iter: 1  value: 6615.225 mgc: 2.87035 ustep: 1 
iter: 2  value: 6615.225 mgc: 0.0382154 ustep: 1 
iter: 3  value: 6615.225 mgc: 9.844254e-06 ustep: 1 
iter: 4  mgc: 8.792966e-13 
iter: 1  value: 6578.395 mgc: 14.07364 ustep: 1 
iter: 2  value: 6578.39 mgc: 0.2932737 ustep: 1 
iter: 3  value: 6578.39 mgc: 0.0003395843 ustep: 1 
iter: 4  mgc: 4.100595e-10 
iter: 1  value: 7108.958 mgc: 259.6992 ustep: 1 
iter: 2  value: 7108.958 mgc: 0.05403431 ustep: 1 
iter: 3  mgc: 3.02922e-09 
iter: 1  mgc: 4.100595e-10 
outer mgc:  25.64805 
iter: 1  value: 6613.914 mgc: 21.07618 ustep: 1 
iter: 2  value: 6613.914 mgc: 0.1201155 ustep: 1 
iter: 3  value: 6613.914 mgc: 7.485518e-06 ustep: 1 
iter: 4  mgc: 2.930989e-14 
iter: 1  value: 6572.067 mgc: 3.729793 ustep: 1 
iter: 2  value: 6572.067 mgc: 0.02572849 ustep: 1 
iter: 3  value: 6572.067 mgc: 1.228367e-06 ustep: 1 
iter: 4  mgc: 1.367795e-13 
iter: 1  mgc: 1.367795e-13 
outer mgc:  16.29349 
iter: 1  value: 6570.463 mgc: 2.386896 ustep: 1 
iter: 2  value: 6570.463 mgc: 0.0174621 ustep: 1 
iter: 3  value: 6570.463 mgc: 8.976587e-07 ustep: 1 
iter: 4  mgc: 9.05942e-14 
iter: 1  mgc: 9.05942e-14 
outer mgc:  16.33652 
iter: 1  value: 6565.326 mgc: 2.564831 ustep: 1 
iter: 2  value: 6565.326 mgc: 0.01570244 ustep: 1 
iter: 3  value: 6565.326 mgc: 7.297657e-07 ustep: 1 
iter: 4  mgc: 6.861178e-14 
iter: 1  mgc: 6.861178e-14 
outer mgc:  8.01377 
iter: 1  value: 6560.972 mgc: 3.230566 ustep: 1 
iter: 2  value: 6560.972 mgc: 0.01687782 ustep: 1 
iter: 3  value: 6560.972 mgc: 3.586232e-07 ustep: 1 
mgc: 4.263256e-14 
iter: 1  mgc: 4.263256e-14 
outer mgc:  19.11392 
iter: 1  value: 6562.198 mgc: 3.13359 ustep: 1 
iter: 2  value: 6562.198 mgc: 0.02570956 ustep: 1 
iter: 3  value: 6562.198 mgc: 1.968586e-06 ustep: 1 
iter: 4  mgc: 5.018208e-14 
iter: 1  mgc: 5.018208e-14 
outer mgc:  12.25063 
iter: 1  value: 6559.101 mgc: 3.548001 ustep: 1 
iter: 2  value: 6559.101 mgc: 0.02074977 ustep: 1 
iter: 3  value: 6559.101 mgc: 9.047838e-07 ustep: 1 
iter: 4  mgc: 1.754152e-14 
iter: 1  mgc: 1.754152e-14 
outer mgc:  24.63903 
iter: 1  value: 6552.198 mgc: 3.210062 ustep: 1 
iter: 2  value: 6552.198 mgc: 0.01566167 ustep: 1 
iter: 3  value: 6552.198 mgc: 3.930791e-07 ustep: 1 
mgc: 1.465494e-14 
iter: 1  mgc: 1.465494e-14 
outer mgc:  3.840336 
iter: 1  value: 6555.965 mgc: 3.470847 ustep: 1 
iter: 2  value: 6555.965 mgc: 0.01968594 ustep: 1 
iter: 3  value: 6555.965 mgc: 5.491843e-07 ustep: 1 
iter: 4  mgc: 1.64313e-14 
iter: 1  value: 6551.743 mgc: 0.6893171 ustep: 1 
iter: 2  value: 6551.743 mgc: 0.0004878491 ustep: 1 
iter: 3  mgc: 3.239773e-10 
iter: 1  mgc: 3.239773e-10 
outer mgc:  5.440233 
iter: 1  value: 6550.758 mgc: 0.6200003 ustep: 1 
iter: 2  value: 6550.758 mgc: 0.0006047802 ustep: 1 
iter: 3  mgc: 5.703775e-10 
iter: 1  mgc: 5.703775e-10 
outer mgc:  3.422952 
iter: 1  value: 6550.335 mgc: 0.9589451 ustep: 1 
iter: 2  value: 6550.335 mgc: 0.001264041 ustep: 1 
iter: 3  mgc: 1.989487e-09 
iter: 1  value: 6550.51 mgc: 0.5344942 ustep: 1 
iter: 2  value: 6550.51 mgc: 0.000368636 ustep: 1 
iter: 3  mgc: 1.548195e-10 
iter: 1  mgc: 1.548195e-10 
outer mgc:  3.671847 
iter: 1  value: 6550.049 mgc: 0.4481626 ustep: 1 
iter: 2  value: 6550.049 mgc: 0.0002784099 ustep: 1 
iter: 3  mgc: 9.754153e-11 
iter: 1  mgc: 9.754153e-11 
outer mgc:  2.373335 
iter: 1  value: 6548.892 mgc: 0.5675505 ustep: 1 
iter: 2  value: 6548.892 mgc: 0.0003492262 ustep: 1 
iter: 3  mgc: 1.15687e-10 
iter: 1  mgc: 1.15687e-10 
outer mgc:  2.407805 
iter: 1  value: 6546.384 mgc: 0.6139769 ustep: 1 
iter: 2  value: 6546.384 mgc: 0.0006189121 ustep: 1 
iter: 3  mgc: 7.671224e-10 
iter: 1  mgc: 7.671224e-10 
outer mgc:  3.32293 
iter: 1  value: 6543.99 mgc: 0.6566771 ustep: 1 
iter: 2  value: 6543.99 mgc: 0.0005051367 ustep: 1 
iter: 3  mgc: 3.004974e-10 
iter: 1  mgc: 3.004974e-10 
outer mgc:  5.614297 
iter: 1  value: 6541.249 mgc: 0.798177 ustep: 1 
iter: 2  value: 6541.249 mgc: 0.0003488712 ustep: 1 
iter: 3  mgc: 1.051501e-10 
iter: 1  mgc: 1.051501e-10 
outer mgc:  3.148981 
iter: 1  value: 6539.623 mgc: 1.015485 ustep: 1 
iter: 2  value: 6539.623 mgc: 0.001482137 ustep: 1 
iter: 3  mgc: 2.947055e-09 
iter: 1  value: 6541.037 mgc: 0.3670479 ustep: 1 
iter: 2  value: 6541.037 mgc: 0.0001389414 ustep: 1 
iter: 3  mgc: 2.398326e-11 
iter: 1  mgc: 2.398326e-11 
outer mgc:  2.823968 
iter: 1  value: 6540.229 mgc: 0.3127452 ustep: 1 
iter: 2  value: 6540.229 mgc: 9.58709e-05 ustep: 1 
iter: 3  mgc: 9.827694e-12 
iter: 1  mgc: 9.827694e-12 
outer mgc:  0.8754682 
iter: 1  value: 6539.461 mgc: 0.3587735 ustep: 1 
iter: 2  value: 6539.461 mgc: 7.152569e-05 ustep: 1 
iter: 3  mgc: 3.19833e-12 
iter: 1  mgc: 3.19833e-12 
outer mgc:  2.776679 
iter: 1  value: 6538.627 mgc: 0.3159717 ustep: 1 
iter: 2  value: 6538.627 mgc: 9.343929e-05 ustep: 1 
iter: 3  mgc: 6.471268e-12 
iter: 1  mgc: 6.471268e-12 
outer mgc:  0.5937944 
iter: 1  value: 6537.806 mgc: 0.2923734 ustep: 1 
iter: 2  value: 6537.806 mgc: 5.461371e-05 ustep: 1 
iter: 3  mgc: 1.795897e-12 
iter: 1  mgc: 1.795897e-12 
outer mgc:  1.599182 
iter: 1  value: 6536.96 mgc: 0.225344 ustep: 1 
iter: 2  value: 6536.96 mgc: 4.724559e-05 ustep: 1 
iter: 3  mgc: 1.738165e-12 
iter: 1  value: 6535.453 mgc: 0.3027074 ustep: 1 
iter: 2  value: 6535.453 mgc: 6.857821e-05 ustep: 1 
iter: 3  mgc: 4.186873e-12 
iter: 1  value: 6528.403 mgc: 1.470262 ustep: 1 
iter: 2  value: 6528.403 mgc: 0.001284688 ustep: 1 
iter: 3  mgc: 1.150865e-09 
iter: 1  value: 6518.559 mgc: 2.007772 ustep: 1 
iter: 2  value: 6518.559 mgc: 0.001820578 ustep: 1 
iter: 3  mgc: 1.660597e-09 
iter: 1  mgc: 1.660597e-09 
outer mgc:  6.095845 
iter: 1  value: 6498.517 mgc: 4.163287 ustep: 1 
iter: 2  value: 6498.517 mgc: 0.002985053 ustep: 1 
iter: 3  mgc: 2.397265e-09 
iter: 1  mgc: 2.397265e-09 
outer mgc:  6.094868 
iter: 1  value: 6478.341 mgc: 4.444098 ustep: 1 
iter: 2  value: 6478.341 mgc: 0.001564081 ustep: 1 
iter: 3  mgc: 2.518252e-10 
iter: 1  mgc: 2.518252e-10 
outer mgc:  5.33113 
iter: 1  value: 6458.605 mgc: 3.976337 ustep: 1 
iter: 2  value: 6458.605 mgc: 0.0008381656 ustep: 1 
iter: 3  mgc: 8.130119e-11 
iter: 1  value: 6468.422 mgc: 1.750981 ustep: 1 
iter: 2  value: 6468.422 mgc: 0.0002533466 ustep: 1 
iter: 3  mgc: 1.070877e-11 
iter: 1  mgc: 1.070877e-11 
outer mgc:  3.538067 
iter: 1  value: 6458.58 mgc: 1.815547 ustep: 1 
iter: 2  value: 6458.58 mgc: 0.0001353586 ustep: 1 
iter: 3  mgc: 1.295852e-12 
iter: 1  mgc: 1.295852e-12 
outer mgc:  2.533517 
iter: 1  value: 6448.752 mgc: 1.835468 ustep: 1 
iter: 2  value: 6448.752 mgc: 9.968424e-05 ustep: 1 
iter: 3  mgc: 8.260059e-13 
iter: 1  mgc: 8.260059e-13 
outer mgc:  2.909964 
iter: 1  value: 6438.606 mgc: 1.821657 ustep: 1 
iter: 2  value: 6438.606 mgc: 6.329148e-05 ustep: 1 
iter: 3  mgc: 2.335909e-13 
iter: 1  mgc: 2.335909e-13 
outer mgc:  0.7889156 
iter: 1  value: 6428.463 mgc: 1.897032 ustep: 1 
iter: 2  value: 6428.463 mgc: 3.807894e-05 ustep: 1 
iter: 3  mgc: 5.595524e-14 
iter: 1  mgc: 5.595524e-14 
outer mgc:  0.70189 
iter: 1  value: 6418.263 mgc: 1.855166 ustep: 1 
iter: 2  value: 6418.263 mgc: 2.743022e-05 ustep: 1 
iter: 3  mgc: 3.28626e-14 
iter: 1  value: 6400.263 mgc: 3.599508 ustep: 1 
iter: 2  value: 6400.263 mgc: 5.30025e-05 ustep: 1 
iter: 3  mgc: 4.440892e-14 
iter: 1  mgc: 4.440892e-14 
outer mgc:  1.243919 
iter: 1  value: 6371.884 mgc: 6.367581 ustep: 1 
iter: 2  value: 6371.884 mgc: 7.20631e-05 ustep: 1 
iter: 3  mgc: 3.28626e-14 
iter: 1  mgc: 3.28626e-14 
outer mgc:  0.5688568 
iter: 1  value: 6343.47 mgc: 6.277119 ustep: 1 
iter: 2  value: 6343.47 mgc: 2.187576e-05 ustep: 1 
iter: 3  mgc: 2.176037e-14 
iter: 1  mgc: 2.176037e-14 
outer mgc:  0.7364355 
iter: 1  value: 6315.027 mgc: 6.51889 ustep: 1 
iter: 2  value: 6315.027 mgc: 8.190158e-06 ustep: 1 
mgc: 2.220446e-14 
iter: 1  mgc: 2.220446e-14 
outer mgc:  0.4654229 
iter: 1  value: 6286.559 mgc: 6.360987 ustep: 1 
iter: 2  value: 6286.559 mgc: 2.912569e-06 ustep: 1 
mgc: 1.376677e-14 
iter: 1  mgc: 1.376677e-14 
outer mgc:  0.319163 
iter: 1  value: 6258.085 mgc: 6.363926 ustep: 1 
iter: 2  value: 6258.085 mgc: 1.061753e-06 ustep: 1 
mgc: 1.598721e-14 
iter: 1  mgc: 1.598721e-14 
outer mgc:  0.1276065 
iter: 1  value: 6229.597 mgc: 6.372479 ustep: 1 
iter: 2  value: 6229.597 mgc: 4.056737e-07 ustep: 1 
mgc: 2.220446e-14 
iter: 1  mgc: 2.220446e-14 
outer mgc:  0.06765193 
iter: 1  value: 6201.11 mgc: 6.387029 ustep: 1 
iter: 2  value: 6201.11 mgc: 1.4914e-07 ustep: 1 
mgc: 2.575717e-14 
iter: 1  mgc: 2.575717e-14 
outer mgc:  0.0379637 
iter: 1  value: 6162.397 mgc: 9.818265 ustep: 1 
iter: 2  value: 6162.397 mgc: 8.714369e-08 ustep: 1 
mgc: 1.632028e-14 
iter: 1  mgc: 1.632028e-14 
outer mgc:  0.01249097 
iter: 1  value: 6127.73 mgc: 8.367766 ustep: 1 
iter: 2  value: 6127.73 mgc: 1.924612e-08 ustep: 1 
mgc: 1.509903e-14 
iter: 1  mgc: 1.509903e-14 
outer mgc:  0.007445658 
iter: 1  value: 6093.062 mgc: 8.366836 ustep: 1 
iter: 2  mgc: 5.731936e-09 
iter: 1  mgc: 5.731936e-09 
outer mgc:  0.004150868 
iter: 1  value: 6058.395 mgc: 8.367779 ustep: 1 
iter: 2  mgc: 1.704564e-09 
iter: 1  mgc: 1.704564e-09 
outer mgc:  0.0016517 
iter: 1  value: 6023.727 mgc: 8.36775 ustep: 1 
iter: 2  mgc: 5.065823e-10 
iter: 1  mgc: 5.065823e-10 
outer mgc:  0.000497582 
iter: 1  value: 5989.059 mgc: 8.367833 ustep: 1 
iter: 2  mgc: 1.504201e-10 
iter: 1  mgc: 1.504201e-10 
outer mgc:  0.0005797714 
iter: 1  value: 5954.39 mgc: 8.367612 ustep: 1 
iter: 2  mgc: 4.463807e-11 
iter: 1  mgc: 4.463807e-11 
outer mgc:  0.0003261743 
iter: 1  value: 5919.722 mgc: 8.367606 ustep: 1 
iter: 2  mgc: 1.324718e-11 
iter: 1  mgc: 1.324718e-11 
outer mgc:  0.0001374536 
iter: 1  value: 5885.054 mgc: 8.367565 ustep: 1 
iter: 2  mgc: 3.933742e-12 
iter: 1  mgc: 3.933742e-12 
outer mgc:  6.766698e-05 
iter: 1  value: 5850.386 mgc: 8.367623 ustep: 1 
iter: 2  mgc: 1.171507e-12 
iter: 1  mgc: 1.171507e-12 
outer mgc:  8.412395e-05 
iter: 1  value: 5815.717 mgc: 8.367622 ustep: 1 
iter: 2  mgc: 3.490541e-13 
iter: 1  mgc: 3.490541e-13 
outer mgc:  4.877641e-05 
iter: 1  value: 5781.049 mgc: 8.367645 ustep: 1 
iter: 2  mgc: 1.065814e-13 
iter: 1  mgc: 1.065814e-13 
outer mgc:  3.426089e-05 
iter: 1  mgc: 1.065814e-13 
iter: 1  mgc: 1.065814e-13 
outer mgc:  3.426089e-05 
iter: 1  value: 5781.049 mgc: 0.01234489 ustep: 1 
mgc: 1.154632e-14 
outer mgc:  0.2061233 
iter: 1  value: 5781.049 mgc: 0.01233497 ustep: 1 
mgc: 1.421085e-14 
outer mgc:  0.2059011 
iter: 1  value: 5781.049 mgc: 0.006530086 ustep: 1 
mgc: 1.554312e-14 
outer mgc:  0.1143824 
iter: 1  value: 5781.049 mgc: 0.006525572 ustep: 1 
mgc: 1.776357e-14 
outer mgc:  0.1142605 
iter: 1  value: 5781.049 mgc: 0.009531186 ustep: 1 
mgc: 1.465494e-14 
outer mgc:  0.1599619 
iter: 1  value: 5781.049 mgc: 0.009523046 ustep: 1 
mgc: 1.865175e-14 
outer mgc:  0.1598464 
iter: 1  value: 5781.049 mgc: 0.004157251 ustep: 1 
mgc: 1.931788e-14 
outer mgc:  0.06456323 
iter: 1  value: 5781.049 mgc: 0.00415334 ustep: 1 
mgc: 1.465494e-14 
outer mgc:  0.06453874 
iter: 1  value: 5781.049 mgc: 0.009594792 ustep: 1 
mgc: 1.24345e-14 
outer mgc:  0.1487575 
iter: 1  value: 5781.049 mgc: 0.009586158 ustep: 1 
mgc: 1.421085e-14 
outer mgc:  0.1485715 
iter: 1  value: 5781.049 mgc: 0.00399269 ustep: 1 
mgc: 1.820766e-14 
outer mgc:  0.05656258 
iter: 1  value: 5781.049 mgc: 0.003989434 ustep: 1 
mgc: 1.64313e-14 
outer mgc:  0.0564844 
iter: 1  value: 5781.049 mgc: 0.01302259 ustep: 1 
mgc: 2.131628e-14 
outer mgc:  0.2244862 
iter: 1  value: 5781.049 mgc: 0.01301218 ustep: 1 
mgc: 1.953993e-14 
outer mgc:  0.2242521 
iter: 1  value: 5781.049 mgc: 0.005581974 ustep: 1 
mgc: 1.421085e-14 
outer mgc:  0.08350946 
iter: 1  value: 5781.049 mgc: 0.005577145 ustep: 1 
mgc: 1.332268e-14 
outer mgc:  0.0834167 
iter: 1  value: 5781.049 mgc: 0.01663925 ustep: 1 
mgc: 1.154632e-14 
outer mgc:  0.2915622 
iter: 1  value: 5781.049 mgc: 0.01663147 ustep: 1 
mgc: 2.220446e-14 
outer mgc:  0.2913666 
iter: 1  value: 5781.049 mgc: 0.009034035 ustep: 1 
mgc: 1.665335e-14 
outer mgc:  0.1602709 
iter: 1  value: 5781.049 mgc: 0.009032295 ustep: 1 
mgc: 1.731948e-14 
outer mgc:  0.1601749 
iter: 1  value: 5781.059 mgc: 0.006166906 ustep: 1 
mgc: 1.532108e-14 
outer mgc:  3.42609e-05 
iter: 1  value: 5781.039 mgc: 0.006173076 ustep: 1 
mgc: 9.769963e-15 
outer mgc:  3.426088e-05 
iter: 1  value: 5781.059 mgc: 0.005428107 ustep: 1 
mgc: 2.398082e-14 
outer mgc:  3.425963e-05 
iter: 1  value: 5781.039 mgc: 0.005433538 ustep: 1 
mgc: 1.421085e-14 
outer mgc:  3.426214e-05 
iter: 1  value: 5781.059 mgc: 0.004290797 ustep: 1 
mgc: 1.421085e-14 
outer mgc:  3.426091e-05 
iter: 1  value: 5781.039 mgc: 0.00429509 ustep: 1 
mgc: 1.509903e-14 
outer mgc:  3.426087e-05 
iter: 1  value: 5781.059 mgc: 0.00479115 ustep: 1 
mgc: 1.199041e-14 
outer mgc:  3.426091e-05 
iter: 1  value: 5781.039 mgc: 0.004795943 ustep: 1 
mgc: 1.953993e-14 
outer mgc:  3.426087e-05 
iter: 1  value: 5781.059 mgc: 0.007494043 ustep: 1 
mgc: 1.24345e-14 
outer mgc:  3.426089e-05 
iter: 1  value: 5781.039 mgc: 0.007501541 ustep: 1 
mgc: 1.89293e-14 
outer mgc:  3.426089e-05 
iter: 1  value: 5781.049 mgc: 0.002995014 ustep: 1 
mgc: 1.89293e-14 
outer mgc:  0.01868682 
iter: 1  value: 5781.049 mgc: 0.002993914 ustep: 1 
mgc: 1.44329e-14 
outer mgc:  0.01869612 
iter: 1  value: 5781.049 mgc: 0.003367523 ustep: 1 
mgc: 1.332268e-14 
outer mgc:  0.02197504 
iter: 1  value: 5781.049 mgc: 0.003366055 ustep: 1 
mgc: 1.953993e-14 
outer mgc:  0.02202329 
Warning message:
package ‘nnet’ was built under R version 3.6.3 
[Sun Aug 15 14:36:57 2021]
Finished job 0.
1 of 1 steps (100%) done
