Building DAG of jobs...
Using shell: /usr/bin/bash
Provided cores: 40
Rules claiming more threads will be scaled down.
Job counts:
	count	jobs
	1	inference_simulation_TMB_multiple
	1
Select jobs to execute...

[Sun Aug 15 15:14:29 2021]
rule inference_simulation_TMB_multiple:
    input: ../data/assessing_models_simulation/datasets/multiple_GenerationCnorm_10_100_80_6_4_NA_NA_NA_dataset1.RDS
    output: ../data/assessing_models_simulation/inference_results/TMB/nlminb/multiple_GenerationCnorm_10_100_80_6_4_diagREDMsinglelambda_NA_NA_NA_dataset1.RDS
    log: logs/inference/nlminb/simulation_GenerationCnorm_10_100_80_6_4_ModeldiagREDMsinglelambda_NA_NA_NA_dataset1.log
    jobid: 0
    wildcards: optimiser=nlminb, datasetgeneration=GenerationCnorm, n=10, nlambda=100, lmbda=80, d=6, beta_intensity=4, model=diagREDMsinglelambda, fixed_beta_intercept=NA, fixed_beta_slope=NA, sdRE_input=NA, itnum=1

Rscript 2_inference_TMB/run_TMB.R --input ../data/assessing_models_simulation/datasets/multiple_GenerationCnorm_10_100_80_6_4_NA_NA_NA_dataset1.RDS --output ../data/assessing_models_simulation/inference_results/TMB/nlminb/multiple_GenerationCnorm_10_100_80_6_4_diagREDMsinglelambda_NA_NA_NA_dataset1.RDS --model diagREDMsinglelambda --optimiser nlminb
Model: diagREDMsinglelambda 
Feature type: signatures 
Using nlminb: TRUE 
Simulation boolean: TRUE 
make: Nothing to be done for 'all'.
../data/assessing_models_simulation/datasets/multiple_GenerationCnorm_10_100_80_6_4_NA_NA_NA_dataset1.RDS[1] "../data/assessing_models_simulation/datasets/multiple_GenerationCnorm_10_100_80_6_4_NA_NA_NA_dataset1.RDS"
Reading file ../data/assessing_models_simulation/datasets/multiple_GenerationCnorm_10_100_80_6_4_NA_NA_NA_dataset1.RDS 
Loading required package: nnet
# weights:  18 (10 variable)
initial  value 3486.763927 
iter  10 value 3245.397304
final  value 3232.142003 
converged
Constructing atomic invpd
Constructing atomic D_lgamma
Constructing atomic invpd
Constructing atomic D_lgamma
Constructing atomic matmul
Constructing atomic invpd
Constructing atomic D_lgamma
Constructing atomic matmul
Optimizing tape... Done
iter: 1  value: 3423.656 mgc: 3.0022 ustep: 1 
iter: 2  value: 3423.376 mgc: 0.3131152 ustep: 1 
iter: 3  value: 3423.376 mgc: 0.01217825 ustep: 1 
iter: 4  value: 3423.376 mgc: 1.953387e-05 ustep: 1 
iter: 5  mgc: 5.486207e-11 
iter: 1  mgc: 5.486207e-11 
Matching hessian patterns... Done
outer mgc:  36.40229 
iter: 1  value: 3390.804 mgc: 0.9264377 ustep: 1 
iter: 2  value: 3390.8 mgc: 0.114117 ustep: 1 
iter: 3  value: 3390.8 mgc: 0.00137872 ustep: 1 
iter: 4  value: 3390.8 mgc: 2.069429e-07 ustep: 1 
iter: 5  mgc: 4.773959e-15 
iter: 1  mgc: 4.773959e-15 
outer mgc:  11.06088 
iter: 1  value: 3369.793 mgc: 0.8378994 ustep: 1 
iter: 2  value: 3369.79 mgc: 0.04952243 ustep: 1 
iter: 3  value: 3369.79 mgc: 0.0003257193 ustep: 1 
iter: 4  value: 3369.79 mgc: 1.374152e-08 ustep: 1 
mgc: 2.498002e-15 
iter: 1  value: 3322.984 mgc: 3.28091 ustep: 1 
iter: 2  value: 3320.475 mgc: 2.258105 ustep: 1 
iter: 3  value: 3320.458 mgc: 0.2726349 ustep: 1 
iter: 4  value: 3320.458 mgc: 0.006433572 ustep: 1 
iter: 5  value: 3320.458 mgc: 3.952974e-06 ustep: 1 
iter: 6  mgc: 1.492972e-12 
iter: 1  value: 3427.82 mgc: 14.38763 ustep: 1 
iter: 2  value: 3398.436 mgc: 11.93841 ustep: 1 
iter: 3  value: 3397.294 mgc: 3.374527 ustep: 1 
iter: 4  value: 3397.29 mgc: 0.2165035 ustep: 1 
iter: 5  value: 3397.29 mgc: 0.002949961 ustep: 1 
iter: 6  value: 3397.29 mgc: 4.746444e-07 ustep: 1 
iter: 7  mgc: 1.64313e-14 
iter: 1  mgc: 1.492972e-12 
outer mgc:  10.31713 
iter: 1  value: 3392.96 mgc: 14.79924 ustep: 0.2494656 
iter: 2  value: 3338.938 mgc: 13.77812 ustep: 0.4995153 
iter: 3  value: 3335.269 mgc: 7.57684 ustep: 0.7067933 
iter: 4  value: 3335.188 mgc: 0.9170777 ustep: 0.8407259 
iter: 5  value: 3335.188 mgc: 0.04654297 ustep: 0.9169194 
iter: 6  value: 3335.188 mgc: 0.0006443991 ustep: 0.9575633 
iter: 7  value: 3335.188 mgc: 6.128489e-06 ustep: 0.9785538 
iter: 8  value: 3335.188 mgc: 4.850928e-08 ustep: 0.9892199 
iter: 9  mgc: 2.43991e-10 
iter: 1  value: 3301.356 mgc: 6.247841 ustep: 1 
iter: 2  value: 3297.293 mgc: 3.112429 ustep: 1 
iter: 3  value: 3297.268 mgc: 0.3042834 ustep: 1 
iter: 4  value: 3297.268 mgc: 0.00539753 ustep: 1 
iter: 5  value: 3297.268 mgc: 1.942738e-06 ustep: 1 
iter: 6  mgc: 2.576741e-13 
iter: 1  mgc: 2.576741e-13 
outer mgc:  7.351803 
iter: 1  value: 3284.127 mgc: 4.012266 ustep: 1 
iter: 2  value: 3284.067 mgc: 0.3000144 ustep: 1 
iter: 3  value: 3284.067 mgc: 0.003764954 ustep: 1 
iter: 4  value: 3284.067 mgc: 6.506903e-07 ustep: 1 
iter: 5  mgc: 1.831868e-14 
iter: 1  mgc: 1.831868e-14 
outer mgc:  5.847352 
iter: 1  value: 3272.187 mgc: 5.538447 ustep: 1 
iter: 2  value: 3265.646 mgc: 4.775742 ustep: 1 
iter: 3  value: 3265.584 mgc: 0.4478294 ustep: 1 
iter: 4  value: 3265.584 mgc: 0.00819719 ustep: 1 
iter: 5  value: 3265.584 mgc: 3.212612e-06 ustep: 1 
iter: 6  mgc: 4.988787e-13 
iter: 1  mgc: 4.988787e-13 
outer mgc:  13.81285 
iter: 1  value: 3247.793 mgc: 7.27186 ustep: 1 
iter: 2  value: 3247.66 mgc: 0.5482517 ustep: 1 
iter: 3  value: 3247.66 mgc: 0.008302475 ustep: 1 
iter: 4  value: 3247.66 mgc: 2.116835e-06 ustep: 1 
iter: 5  mgc: 1.449951e-13 
iter: 1  mgc: 1.449951e-13 
outer mgc:  6.242945 
iter: 1  value: 3236.435 mgc: 7.51627 ustep: 1 
iter: 2  value: 3236.241 mgc: 0.5420655 ustep: 1 
iter: 3  value: 3236.241 mgc: 0.004272661 ustep: 1 
iter: 4  value: 3236.241 mgc: 3.559804e-07 ustep: 1 
iter: 5  mgc: 1.076916e-14 
iter: 1  mgc: 1.076916e-14 
outer mgc:  15.27393 
iter: 1  value: 3217.292 mgc: 5.59913 ustep: 1 
iter: 2  value: 3216.873 mgc: 1.196389 ustep: 1 
iter: 3  value: 3216.873 mgc: 0.03099955 ustep: 1 
iter: 4  value: 3216.873 mgc: 2.273856e-05 ustep: 1 
iter: 5  mgc: 1.231726e-11 
iter: 1  mgc: 1.231726e-11 
outer mgc:  7.047847 
iter: 1  value: 3212.883 mgc: 9.6427 ustep: 1 
iter: 2  value: 3212.719 mgc: 0.8499128 ustep: 1 
iter: 3  value: 3212.719 mgc: 0.009601344 ustep: 1 
iter: 4  value: 3212.719 mgc: 1.430222e-06 ustep: 1 
iter: 5  mgc: 2.975398e-14 
iter: 1  value: 3213.586 mgc: 5.444585 ustep: 1 
iter: 2  value: 3213.53 mgc: 0.5694375 ustep: 1 
iter: 3  value: 3213.53 mgc: 0.005118282 ustep: 1 
iter: 4  value: 3213.53 mgc: 4.540618e-07 ustep: 1 
iter: 5  mgc: 1.021405e-14 
iter: 1  mgc: 1.021405e-14 
outer mgc:  11.25518 
iter: 1  value: 3204.406 mgc: 4.49225 ustep: 1 
iter: 2  value: 3204.385 mgc: 0.3241378 ustep: 1 
iter: 3  value: 3204.385 mgc: 0.001147679 ustep: 1 
iter: 4  value: 3204.385 mgc: 1.540949e-08 ustep: 1 
mgc: 1.310063e-14 
iter: 1  mgc: 1.310063e-14 
outer mgc:  4.824467 
iter: 1  value: 3199.969 mgc: 3.655586 ustep: 1 
iter: 2  value: 3199.966 mgc: 0.1291038 ustep: 1 
iter: 3  value: 3199.966 mgc: 0.0001272369 ustep: 1 
iter: 4  mgc: 1.176256e-10 
iter: 1  mgc: 1.176256e-10 
outer mgc:  10.93842 
iter: 1  value: 3195.165 mgc: 6.721392 ustep: 1 
iter: 2  value: 3195.156 mgc: 0.1997849 ustep: 1 
iter: 3  value: 3195.156 mgc: 9.500067e-05 ustep: 1 
iter: 4  mgc: 4.139272e-11 
iter: 1  mgc: 4.139272e-11 
outer mgc:  12.61605 
iter: 1  value: 3191.934 mgc: 5.297946 ustep: 1 
iter: 2  value: 3191.932 mgc: 0.1251151 ustep: 1 
iter: 3  value: 3191.932 mgc: 8.455309e-05 ustep: 1 
iter: 4  mgc: 5.437073e-11 
iter: 1  mgc: 5.437073e-11 
outer mgc:  16.51278 
iter: 1  value: 3187.599 mgc: 3.863437 ustep: 1 
iter: 2  value: 3187.595 mgc: 0.1596481 ustep: 1 
iter: 3  value: 3187.595 mgc: 0.0002291988 ustep: 1 
iter: 4  mgc: 4.909524e-10 
iter: 1  mgc: 4.909524e-10 
outer mgc:  5.412422 
iter: 1  value: 3185.722 mgc: 2.768672 ustep: 1 
iter: 2  value: 3185.722 mgc: 0.04211204 ustep: 1 
iter: 3  value: 3185.722 mgc: 1.77514e-05 ustep: 1 
iter: 4  mgc: 3.808509e-12 
iter: 1  mgc: 3.808509e-12 
outer mgc:  9.774009 
iter: 1  value: 3184.37 mgc: 2.536535 ustep: 1 
iter: 2  value: 3184.37 mgc: 0.02743363 ustep: 1 
iter: 3  value: 3184.37 mgc: 3.815613e-06 ustep: 1 
iter: 4  mgc: 1.874056e-13 
iter: 1  mgc: 1.874056e-13 
outer mgc:  2.740604 
iter: 1  value: 3183.549 mgc: 1.877453 ustep: 1 
iter: 2  value: 3183.549 mgc: 0.02005782 ustep: 1 
iter: 3  value: 3183.549 mgc: 1.991318e-06 ustep: 1 
iter: 4  mgc: 2.509104e-14 
iter: 1  mgc: 2.509104e-14 
outer mgc:  7.176375 
iter: 1  value: 3181.824 mgc: 1.769034 ustep: 1 
iter: 2  value: 3181.824 mgc: 0.013932 ustep: 1 
iter: 3  value: 3181.824 mgc: 8.555847e-07 ustep: 1 
iter: 4  mgc: 3.130829e-14 
iter: 1  mgc: 3.130829e-14 
outer mgc:  1.506592 
iter: 1  value: 3180.683 mgc: 1.123331 ustep: 1 
iter: 2  value: 3180.683 mgc: 0.00586968 ustep: 1 
iter: 3  value: 3180.683 mgc: 1.098026e-07 ustep: 1 
mgc: 1.965095e-14 
iter: 1  mgc: 1.965095e-14 
outer mgc:  4.952314 
iter: 1  value: 3179.055 mgc: 1.142922 ustep: 1 
iter: 2  value: 3179.055 mgc: 0.004486202 ustep: 1 
iter: 3  value: 3179.055 mgc: 7.399027e-08 ustep: 1 
mgc: 2.755088e-14 
iter: 1  mgc: 2.755088e-14 
outer mgc:  1.273844 
iter: 1  value: 3178.007 mgc: 1.364275 ustep: 1 
iter: 2  value: 3178.007 mgc: 0.005262138 ustep: 1 
iter: 3  value: 3178.007 mgc: 6.6701e-08 ustep: 1 
mgc: 2.176037e-14 
iter: 1  mgc: 2.176037e-14 
outer mgc:  5.756599 
iter: 1  value: 3174.8 mgc: 1.342717 ustep: 1 
iter: 2  value: 3174.8 mgc: 0.00466748 ustep: 1 
iter: 3  value: 3174.8 mgc: 5.157439e-08 ustep: 1 
mgc: 2.609024e-14 
iter: 1  mgc: 2.609024e-14 
outer mgc:  1.756734 
iter: 1  value: 3173.468 mgc: 1.828974 ustep: 1 
iter: 2  value: 3173.468 mgc: 0.01401288 ustep: 1 
iter: 3  value: 3173.468 mgc: 7.60714e-07 ustep: 1 
iter: 4  mgc: 2.797762e-14 
iter: 1  value: 3174.327 mgc: 0.9836022 ustep: 1 
iter: 2  value: 3174.327 mgc: 0.00420907 ustep: 1 
iter: 3  value: 3174.327 mgc: 7.438694e-08 ustep: 1 
mgc: 2.287059e-14 
iter: 1  mgc: 2.287059e-14 
outer mgc:  4.743381 
iter: 1  value: 3173.968 mgc: 0.7909014 ustep: 1 
iter: 2  value: 3173.968 mgc: 0.002305526 ustep: 1 
iter: 3  value: 3173.968 mgc: 2.011315e-08 ustep: 1 
mgc: 2.745026e-14 
iter: 1  mgc: 2.745026e-14 
outer mgc:  1.397953 
iter: 1  value: 3173.639 mgc: 0.7612146 ustep: 1 
iter: 2  value: 3173.639 mgc: 0.001610762 ustep: 1 
iter: 3  mgc: 6.930791e-09 
iter: 1  mgc: 6.930791e-09 
outer mgc:  3.092075 
iter: 1  value: 3172.552 mgc: 0.6952774 ustep: 1 
iter: 2  value: 3172.552 mgc: 0.001436431 ustep: 1 
iter: 3  mgc: 4.085355e-09 
iter: 1  mgc: 4.085355e-09 
outer mgc:  1.00422 
iter: 1  value: 3171.694 mgc: 0.7709419 ustep: 1 
iter: 2  value: 3171.694 mgc: 0.002738732 ustep: 1 
iter: 3  value: 3171.694 mgc: 3.131632e-08 ustep: 1 
mgc: 2.842171e-14 
iter: 1  mgc: 2.842171e-14 
outer mgc:  2.914258 
iter: 1  value: 3169.451 mgc: 0.8765931 ustep: 1 
iter: 2  value: 3169.451 mgc: 0.003558838 ustep: 1 
iter: 3  value: 3169.451 mgc: 5.314522e-08 ustep: 1 
mgc: 3.252953e-14 
iter: 1  value: 3166.425 mgc: 1.227152 ustep: 1 
iter: 2  value: 3166.425 mgc: 0.002305525 ustep: 1 
iter: 3  mgc: 8.215918e-09 
iter: 1  mgc: 8.215918e-09 
outer mgc:  6.373239 
iter: 1  value: 3161.003 mgc: 2.992592 ustep: 1 
iter: 2  value: 3161.003 mgc: 0.01311552 ustep: 1 
iter: 3  value: 3161.003 mgc: 1.789795e-07 ustep: 1 
mgc: 2.908784e-14 
iter: 1  mgc: 2.908784e-14 
outer mgc:  8.341435 
iter: 1  value: 3155.693 mgc: 2.417979 ustep: 1 
iter: 2  value: 3155.693 mgc: 0.003881746 ustep: 1 
iter: 3  value: 3155.693 mgc: 1.053022e-08 ustep: 1 
mgc: 3.042011e-14 
iter: 1  mgc: 3.042011e-14 
outer mgc:  4.014503 
iter: 1  value: 3150.039 mgc: 1.680916 ustep: 1 
iter: 2  value: 3150.039 mgc: 0.004694348 ustep: 1 
iter: 3  value: 3150.039 mgc: 3.45492e-08 ustep: 1 
mgc: 3.463896e-14 
iter: 1  mgc: 3.463896e-14 
outer mgc:  4.570427 
iter: 1  value: 3145.111 mgc: 1.819495 ustep: 1 
iter: 2  value: 3145.111 mgc: 0.003034488 ustep: 1 
iter: 3  value: 3145.111 mgc: 1.35627e-08 ustep: 1 
mgc: 3.907985e-14 
iter: 1  value: 3147.466 mgc: 1.47288 ustep: 1 
iter: 2  value: 3147.466 mgc: 0.00154313 ustep: 1 
iter: 3  mgc: 4.000653e-09 
iter: 1  mgc: 4.000653e-09 
outer mgc:  3.092816 
iter: 1  value: 3144.707 mgc: 0.8994876 ustep: 1 
iter: 2  value: 3144.707 mgc: 0.0004617862 ustep: 1 
iter: 3  mgc: 3.107736e-10 
iter: 1  mgc: 3.107736e-10 
outer mgc:  4.133423 
iter: 1  value: 3142.076 mgc: 1.907748 ustep: 1 
iter: 2  value: 3142.076 mgc: 0.0008474684 ustep: 1 
iter: 3  mgc: 2.708824e-10 
iter: 1  mgc: 2.708824e-10 
outer mgc:  6.488721 
iter: 1  value: 3139.184 mgc: 1.521777 ustep: 1 
iter: 2  value: 3139.184 mgc: 0.0005074541 ustep: 1 
iter: 3  mgc: 2.244107e-10 
iter: 1  mgc: 2.244107e-10 
outer mgc:  1.093545 
iter: 1  value: 3136.883 mgc: 1.345971 ustep: 1 
iter: 2  value: 3136.883 mgc: 0.0007074853 ustep: 1 
iter: 3  mgc: 6.374861e-10 
iter: 1  value: 3138.584 mgc: 0.942377 ustep: 1 
iter: 2  value: 3138.584 mgc: 0.0003022689 ustep: 1 
iter: 3  mgc: 1.328289e-10 
iter: 1  value: 3139.051 mgc: 0.4334331 ustep: 1 
iter: 2  value: 3139.051 mgc: 5.698827e-05 ustep: 1 
iter: 3  mgc: 4.924061e-12 
iter: 1  mgc: 4.924061e-12 
outer mgc:  3.080235 
iter: 1  value: 3138.511 mgc: 0.5069462 ustep: 1 
iter: 2  value: 3138.511 mgc: 4.636805e-05 ustep: 1 
iter: 3  mgc: 3.224088e-13 
iter: 1  mgc: 3.224088e-13 
outer mgc:  0.6366613 
iter: 1  value: 3137.959 mgc: 0.2484807 ustep: 1 
iter: 2  value: 3137.959 mgc: 1.382878e-05 ustep: 1 
iter: 3  mgc: 1.874056e-13 
iter: 1  value: 3137.158 mgc: 0.2098121 ustep: 1 
iter: 2  value: 3137.158 mgc: 1.706207e-05 ustep: 1 
iter: 3  mgc: 2.549072e-13 
iter: 1  value: 3133.586 mgc: 0.9783668 ustep: 1 
iter: 2  value: 3133.586 mgc: 0.0003037259 ustep: 1 
iter: 3  mgc: 6.724044e-11 
iter: 1  mgc: 6.724044e-11 
outer mgc:  0.8639726 
iter: 1  value: 3128.635 mgc: 1.633525 ustep: 1 
iter: 2  value: 3128.635 mgc: 0.000636586 ustep: 1 
iter: 3  mgc: 3.28078e-10 
iter: 1  mgc: 3.28078e-10 
outer mgc:  1.300331 
iter: 1  value: 3123.618 mgc: 1.357991 ustep: 1 
iter: 2  value: 3123.618 mgc: 0.0004531616 ustep: 1 
iter: 3  mgc: 9.487966e-11 
iter: 1  mgc: 9.487966e-11 
outer mgc:  1.304417 
iter: 1  value: 3118.617 mgc: 1.552132 ustep: 1 
iter: 2  value: 3118.617 mgc: 0.0004237396 ustep: 1 
iter: 3  mgc: 7.827694e-11 
iter: 1  mgc: 7.827694e-11 
outer mgc:  1.385634 
iter: 1  value: 3113.548 mgc: 1.57549 ustep: 1 
iter: 2  value: 3113.548 mgc: 0.0002687638 ustep: 1 
iter: 3  mgc: 2.46132e-11 
iter: 1  mgc: 2.46132e-11 
outer mgc:  0.5129629 
iter: 1  value: 3108.452 mgc: 1.464858 ustep: 1 
iter: 2  value: 3108.452 mgc: 0.0001326202 ustep: 1 
iter: 3  mgc: 4.623857e-12 
iter: 1  value: 3095.579 mgc: 4.583252 ustep: 1 
iter: 2  value: 3095.579 mgc: 0.0005834096 ustep: 1 
iter: 3  mgc: 5.358736e-11 
iter: 1  mgc: 5.358736e-11 
outer mgc:  0.7366754 
iter: 1  value: 3079.173 mgc: 6.229296 ustep: 1 
iter: 2  value: 3079.173 mgc: 0.0006493973 ustep: 1 
iter: 3  mgc: 3.118394e-11 
iter: 1  value: 3087.662 mgc: 2.354465 ustep: 1 
iter: 2  value: 3087.662 mgc: 0.0001847466 ustep: 1 
iter: 3  mgc: 3.719691e-12 
iter: 1  mgc: 3.719691e-12 
outer mgc:  1.230033 
iter: 1  value: 3079.719 mgc: 2.711431 ustep: 1 
iter: 2  value: 3079.719 mgc: 0.0001020696 ustep: 1 
iter: 3  mgc: 8.109069e-13 
iter: 1  mgc: 8.109069e-13 
outer mgc:  0.4770627 
iter: 1  value: 3064.873 mgc: 5.804629 ustep: 1 
iter: 2  value: 3064.873 mgc: 0.0002041777 ustep: 1 
iter: 3  mgc: 1.764811e-12 
iter: 1  mgc: 1.764811e-12 
outer mgc:  0.2483277 
iter: 1  value: 3052.785 mgc: 4.33411 ustep: 1 
iter: 2  value: 3052.785 mgc: 7.050814e-05 ustep: 1 
iter: 3  mgc: 1.207923e-13 
iter: 1  mgc: 1.207923e-13 
outer mgc:  0.1333201 
iter: 1  value: 3040.687 mgc: 4.327615 ustep: 1 
iter: 2  value: 3040.687 mgc: 4.370973e-05 ustep: 1 
iter: 3  mgc: 3.907985e-14 
iter: 1  mgc: 3.907985e-14 
outer mgc:  0.04024715 
iter: 1  value: 3029.635 mgc: 3.863657 ustep: 1 
iter: 2  value: 3029.635 mgc: 2.074462e-05 ustep: 1 
iter: 3  mgc: 2.176037e-14 
iter: 1  mgc: 2.176037e-14 
outer mgc:  0.04796658 
iter: 1  value: 3019.642 mgc: 3.430289 ustep: 1 
iter: 2  value: 3019.642 mgc: 1.118261e-05 ustep: 1 
iter: 3  mgc: 2.287059e-14 
iter: 1  mgc: 2.287059e-14 
outer mgc:  0.03863745 
iter: 1  value: 3012.533 mgc: 2.253191 ustep: 1 
iter: 2  value: 3012.533 mgc: 3.629879e-06 ustep: 1 
mgc: 1.953993e-14 
iter: 1  mgc: 1.953993e-14 
outer mgc:  0.01209196 
iter: 1  value: 3008.261 mgc: 1.268599 ustep: 1 
iter: 2  value: 3008.261 mgc: 9.837073e-07 ustep: 1 
mgc: 1.865175e-14 
iter: 1  mgc: 1.865175e-14 
outer mgc:  0.006172492 
iter: 1  value: 3004.942 mgc: 0.9694249 ustep: 1 
iter: 2  value: 3004.942 mgc: 4.200405e-07 ustep: 1 
mgc: 3.019807e-14 
iter: 1  mgc: 3.019807e-14 
outer mgc:  0.004142072 
iter: 1  value: 3001.462 mgc: 1.035317 ustep: 1 
iter: 2  value: 3001.462 mgc: 2.701157e-07 ustep: 1 
mgc: 3.069767e-14 
iter: 1  mgc: 3.069767e-14 
outer mgc:  0.003991738 
iter: 1  value: 2996.247 mgc: 1.663469 ustep: 1 
iter: 2  value: 2996.247 mgc: 2.000177e-07 ustep: 1 
mgc: 2.281508e-14 
iter: 1  mgc: 2.281508e-14 
outer mgc:  0.006482756 
iter: 1  value: 2987.896 mgc: 3.024203 ustep: 1 
iter: 2  value: 2987.896 mgc: 1.976846e-07 ustep: 1 
mgc: 3.153033e-14 
iter: 1  mgc: 3.153033e-14 
outer mgc:  0.01168072 
iter: 1  value: 2970.378 mgc: 8.91209 ustep: 1 
iter: 2  value: 2970.378 mgc: 6.295078e-06 ustep: 1 
mgc: 2.531308e-14 
iter: 1  mgc: 2.531308e-14 
outer mgc:  0.02171454 
iter: 1  value: 2902.941 mgc: 249.4408 ustep: 1 
iter: 2  value: 2902.941 mgc: 0.001147904 ustep: 1 
iter: 3  mgc: 8.85505e-11 
iter: 1  mgc: 8.85505e-11 
outer mgc:  0.07065904 
iter: 1  value: 2630.582 mgc: 26302259 ustep: 1 
iter: 2  value: 2630.52 mgc: 0.9545194 ustep: 1 
iter: 3  value: 2630.52 mgc: 0.01419193 ustep: 1 
iter: 4  value: 2630.52 mgc: 4.281188e-06 ustep: 1 
iter: 5  mgc: 5.718759e-13 
iter: 1  value: 2876.013 mgc: 19.5285 ustep: 1 
iter: 2  value: 2876.013 mgc: 0.0009830325 ustep: 1 
iter: 3  mgc: 1.779918e-10 
iter: 1  mgc: 1.779918e-10 
outer mgc:  0.09163735 
iter: 1  value: 2862.056 mgc: 6.344244 ustep: 1 
iter: 2  value: 2862.056 mgc: 0.0004260912 ustep: 1 
iter: 3  mgc: 5.25322e-11 
iter: 1  mgc: 5.25322e-11 
outer mgc:  0.06919781 
iter: 1  value: 2870.453 mgc: 2.015089 ustep: 1 
iter: 2  value: 2870.453 mgc: 0.0002154549 ustep: 1 
iter: 3  mgc: 9.769963e-12 
iter: 1  mgc: 9.769963e-12 
outer mgc:  0.04861641 
iter: 1  value: 2869.351 mgc: 0.3619114 ustep: 1 
iter: 2  value: 2869.351 mgc: 7.013974e-06 ustep: 1 
iter: 3  mgc: 2.309264e-14 
iter: 1  mgc: 2.309264e-14 
outer mgc:  0.06917863 
iter: 1  value: 2868.571 mgc: 0.2363448 ustep: 1 
iter: 2  value: 2868.571 mgc: 1.084289e-06 ustep: 1 
mgc: 2.975398e-14 
iter: 1  mgc: 2.975398e-14 
outer mgc:  0.01175232 
iter: 1  value: 2868.647 mgc: 0.02566448 ustep: 1 
iter: 2  value: 2868.647 mgc: 6.251731e-08 ustep: 1 
mgc: 2.089995e-14 
iter: 1  mgc: 2.089995e-14 
outer mgc:  0.001045475 
iter: 1  value: 2868.624 mgc: 0.007183758 ustep: 1 
iter: 2  mgc: 7.750387e-10 
iter: 1  mgc: 7.750387e-10 
outer mgc:  0.0001660679 
iter: 1  mgc: 7.750387e-10 
iter: 1  mgc: 7.750387e-10 
outer mgc:  0.0001660679 
iter: 1  value: 2868.624 mgc: 0.01669353 ustep: 1 
iter: 2  mgc: 4.271621e-09 
outer mgc:  0.1568773 
iter: 1  value: 2868.624 mgc: 0.01668082 ustep: 1 
iter: 2  mgc: 4.265698e-09 
outer mgc:  0.1568131 
iter: 1  value: 2868.624 mgc: 0.01066817 ustep: 1 
iter: 2  mgc: 2.59435e-09 
outer mgc:  0.09649926 
iter: 1  value: 2868.624 mgc: 0.01066362 ustep: 1 
iter: 2  mgc: 2.59166e-09 
outer mgc:  0.096516 
iter: 1  value: 2868.624 mgc: 0.017267 ustep: 1 
iter: 2  value: 2868.624 mgc: 5.483091e-08 ustep: 1 
mgc: 2.842171e-14 
outer mgc:  0.1405953 
iter: 1  value: 2868.624 mgc: 0.01725414 ustep: 1 
iter: 2  value: 2868.624 mgc: 5.479334e-08 ustep: 1 
mgc: 2.575717e-14 
outer mgc:  0.1402133 
iter: 1  value: 2868.624 mgc: 0.009060854 ustep: 1 
iter: 2  value: 2868.624 mgc: 1.747608e-08 ustep: 1 
mgc: 2.131628e-14 
outer mgc:  0.07581111 
iter: 1  value: 2868.624 mgc: 0.009054439 ustep: 1 
iter: 2  value: 2868.624 mgc: 1.746044e-08 ustep: 1 
mgc: 1.953993e-14 
outer mgc:  0.07556276 
iter: 1  value: 2868.624 mgc: 0.01323598 ustep: 1 
iter: 2  mgc: 2.27683e-09 
outer mgc:  0.1133824 
iter: 1  value: 2868.624 mgc: 0.01322483 ustep: 1 
iter: 2  mgc: 2.272796e-09 
outer mgc:  0.1136041 
iter: 1  value: 2868.624 mgc: 0.008879162 ustep: 1 
iter: 2  mgc: 1.57886e-09 
outer mgc:  0.07655992 
iter: 1  value: 2868.624 mgc: 0.008872854 ustep: 1 
iter: 2  mgc: 1.576401e-09 
outer mgc:  0.07666557 
iter: 1  value: 2868.624 mgc: 0.01089847 ustep: 1 
iter: 2  mgc: 1.163106e-09 
outer mgc:  0.09347256 
iter: 1  value: 2868.624 mgc: 0.01088877 ustep: 1 
iter: 2  mgc: 1.160968e-09 
outer mgc:  0.09335378 
iter: 1  value: 2868.624 mgc: 0.005088225 ustep: 1 
iter: 2  mgc: 3.184875e-10 
outer mgc:  0.03816551 
iter: 1  value: 2868.624 mgc: 0.00508413 ustep: 1 
iter: 2  mgc: 3.179599e-10 
outer mgc:  0.03822485 
iter: 1  value: 2868.624 mgc: 0.0190105 ustep: 1 
iter: 2  mgc: 5.004484e-09 
outer mgc:  0.1735466 
iter: 1  value: 2868.624 mgc: 0.01899819 ustep: 1 
iter: 2  mgc: 4.995498e-09 
outer mgc:  0.1734215 
iter: 1  value: 2868.624 mgc: 0.008296085 ustep: 1 
iter: 2  mgc: 1.060764e-09 
outer mgc:  0.07767872 
iter: 1  value: 2868.624 mgc: 0.008290908 ustep: 1 
iter: 2  mgc: 1.058837e-09 
outer mgc:  0.07745887 
iter: 1  value: 2868.629 mgc: 0.004710043 ustep: 1 
mgc: 2.753353e-14 
outer mgc:  0.0001660679 
iter: 1  value: 2868.619 mgc: 0.004714756 ustep: 1 
mgc: 2.664535e-14 
outer mgc:  0.0001660679 
iter: 1  value: 2868.629 mgc: 0.005670581 ustep: 1 
iter: 2  mgc: 6.612559e-09 
outer mgc:  0.0003010573 
iter: 1  value: 2868.619 mgc: 0.005676253 ustep: 1 
iter: 2  mgc: 6.601418e-09 
outer mgc:  0.0001848029 
iter: 1  value: 2868.629 mgc: 0.003833078 ustep: 1 
mgc: 3.330669e-14 
outer mgc:  0.0001660677 
iter: 1  value: 2868.619 mgc: 0.003836913 ustep: 1 
mgc: 2.220446e-14 
outer mgc:  0.0001660681 
iter: 1  value: 2868.629 mgc: 0.004973042 ustep: 1 
mgc: 2.331468e-14 
outer mgc:  0.0001660692 
iter: 1  value: 2868.619 mgc: 0.004978017 ustep: 1 
mgc: 2.309264e-14 
outer mgc:  0.0001660666 
iter: 1  value: 2868.629 mgc: 0.005285589 ustep: 1 
mgc: 3.463896e-14 
outer mgc:  0.0001660679 
iter: 1  value: 2868.619 mgc: 0.005290877 ustep: 1 
mgc: 4.485301e-14 
outer mgc:  0.0001660679 
iter: 1  value: 2868.624 mgc: 0.002868224 ustep: 1 
iter: 2  mgc: 1.873961e-09 
outer mgc:  0.01224421 
iter: 1  value: 2868.624 mgc: 0.002868093 ustep: 1 
iter: 2  mgc: 1.872726e-09 
outer mgc:  0.01226061 
Warning message:
package ‘nnet’ was built under R version 3.6.3 
[Sun Aug 15 15:14:32 2021]
Finished job 0.
1 of 1 steps (100%) done
