Building DAG of jobs...
Using shell: /usr/bin/bash
Provided cores: 1 (use --cores to define parallelism)
Rules claiming more threads will be scaled down.
Job counts:
	count	jobs
	1	inference_simulation_TMB_multiple
	1

[Mon Aug 16 07:07:36 2021]
rule inference_simulation_TMB_multiple:
    input: ../data/assessing_models_simulation/datasets/multiple_GenerationJnorm3_20_100_80_5_0.1_NA_NA_NA_dataset0.RDS
    output: ../data/assessing_models_simulation/inference_results/TMB/nlminb/multiple_GenerationJnorm3_20_100_80_5_0.1_diagREDMsinglelambda_NA_NA_NA_dataset0.RDS
    log: logs/inference/nlminb/simulation_GenerationJnorm3_20_100_80_5_0.1_ModeldiagREDMsinglelambda_NA_NA_NA_dataset0.log
    jobid: 0
    wildcards: optimiser=nlminb, datasetgeneration=GenerationJnorm3, n=20, nlambda=100, lmbda=80, d=5, beta_intensity=0.1, model=diagREDMsinglelambda, fixed_beta_intercept=NA, fixed_beta_slope=NA, sdRE_input=NA, itnum=0

Rscript 2_inference_TMB/run_TMB.R --input ../data/assessing_models_simulation/datasets/multiple_GenerationJnorm3_20_100_80_5_0.1_NA_NA_NA_dataset0.RDS --output ../data/assessing_models_simulation/inference_results/TMB/nlminb/multiple_GenerationJnorm3_20_100_80_5_0.1_diagREDMsinglelambda_NA_NA_NA_dataset0.RDS --model diagREDMsinglelambda --optimiser nlminb
Model: diagREDMsinglelambda 
Feature type: signatures 
Using nlminb: TRUE 
Simulation boolean: TRUE 
make: Nothing to be done for 'all'.
../data/assessing_models_simulation/datasets/multiple_GenerationJnorm3_20_100_80_5_0.1_NA_NA_NA_dataset0.RDS[1] "../data/assessing_models_simulation/datasets/multiple_GenerationJnorm3_20_100_80_5_0.1_NA_NA_NA_dataset0.RDS"
Reading file ../data/assessing_models_simulation/datasets/multiple_GenerationJnorm3_20_100_80_5_0.1_NA_NA_NA_dataset0.RDS 
Loading required package: nnet
# weights:  15 (8 variable)
initial  value 6598.695441 
iter  10 value 6178.139033
final  value 6164.373272 
converged
Constructing atomic invpd
Constructing atomic D_lgamma
Constructing atomic invpd
Constructing atomic D_lgamma
Constructing atomic matmul
Constructing atomic invpd
Constructing atomic D_lgamma
Constructing atomic matmul
Optimizing tape... Done
iter: 1  value: 5829.779 mgc: 6.503734 ustep: 0.4261084 
iter: 2  value: 5794.828 mgc: 8.494187 ustep: 0.6528045 
iter: 3  value: 5775.791 mgc: 4.15726 ustep: 0.5617457 
iter: 4  value: 5774.641 mgc: 1.967091 ustep: 0.749522 
iter: 5  value: 5774.592 mgc: 0.09981207 ustep: 0.8657628 
iter: 6  value: 5774.591 mgc: 0.00674522 ustep: 0.9304707 
iter: 7  value: 5774.591 mgc: 0.0005504832 ustep: 0.9646126 
iter: 8  value: 5774.591 mgc: 2.392995e-05 ustep: 0.9821487 
iter: 9  value: 5774.591 mgc: 5.299267e-07 ustep: 0.9910351 
iter: 10  mgc: 5.908822e-09 
iter: 1  mgc: 5.908822e-09 
Matching hessian patterns... Done
outer mgc:  71.89802 
iter: 1  value: 5699.011 mgc: 3.333023 ustep: 1 
iter: 2  value: 5698.97 mgc: 0.2668875 ustep: 1 
iter: 3  value: 5698.97 mgc: 0.002870684 ustep: 1 
iter: 4  value: 5698.97 mgc: 1.230131e-06 ustep: 1 
iter: 5  mgc: 2.246536e-13 
iter: 1  value: 5597.831 mgc: 6.885026 ustep: 1 
iter: 2  value: 5597.487 mgc: 1.12753 ustep: 1 
iter: 3  value: 5597.486 mgc: 0.05975494 ustep: 1 
iter: 4  value: 5597.486 mgc: 0.000298379 ustep: 1 
iter: 5  mgc: 7.556484e-09 
iter: 1  mgc: 7.556484e-09 
outer mgc:  8.806577 
iter: 1  value: 5849.659 mgc: 25.51583 ustep: 0.4367355 
iter: 2  value: 5679.937 mgc: 53.66623 ustep: 0.6608936 
iter: 3  value: 5663.516 mgc: 33.48847 ustep: 0.8129723 
iter: 4  value: 5653.411 mgc: 24.59081 ustep: 0.9016596 
iter: 5  value: 5653.225 mgc: 1.936308 ustep: 0.9495626 
iter: 6  value: 5653.225 mgc: 0.07834506 ustep: 0.9744576 
iter: 7  value: 5653.225 mgc: 0.0002057114 ustep: 0.9871475 
iter: 8  value: 5653.225 mgc: 1.469322e-07 ustep: 0.9935536 
iter: 9  mgc: 7.929368e-11 
iter: 1  value: 5582.012 mgc: 5.030742 ustep: 1 
iter: 2  value: 5581.916 mgc: 0.517541 ustep: 1 
iter: 3  value: 5581.916 mgc: 0.01006165 ustep: 1 
iter: 4  value: 5581.916 mgc: 6.146325e-06 ustep: 1 
iter: 5  mgc: 2.735034e-12 
iter: 1  mgc: 2.735034e-12 
outer mgc:  11.07756 
iter: 1  value: 5586.134 mgc: 13.22168 ustep: 1 
iter: 2  value: 5576.688 mgc: 7.962691 ustep: 1 
iter: 3  value: 5576.556 mgc: 1.010936 ustep: 1 
iter: 4  value: 5576.556 mgc: 0.03397766 ustep: 1 
iter: 5  value: 5576.556 mgc: 7.251006e-05 ustep: 1 
iter: 6  mgc: 3.324661e-10 
iter: 1  mgc: 3.324661e-10 
outer mgc:  30.00736 
iter: 1  value: 5563.927 mgc: 3.841517 ustep: 1 
iter: 2  value: 5563.9 mgc: 0.2666297 ustep: 1 
iter: 3  value: 5563.9 mgc: 0.003165184 ustep: 1 
iter: 4  value: 5563.9 mgc: 1.08049e-06 ustep: 1 
iter: 5  mgc: 1.338929e-13 
iter: 1  mgc: 1.338929e-13 
outer mgc:  14.79531 
iter: 1  value: 5559.756 mgc: 10.26796 ustep: 1 
iter: 2  value: 5559.39 mgc: 1.473345 ustep: 1 
iter: 3  value: 5559.39 mgc: 0.04042255 ustep: 1 
iter: 4  value: 5559.39 mgc: 7.575272e-05 ustep: 1 
iter: 5  mgc: 2.758195e-10 
iter: 1  mgc: 2.758195e-10 
outer mgc:  17.33617 
iter: 1  value: 5550.79 mgc: 7.043391 ustep: 1 
iter: 2  value: 5550.281 mgc: 1.307317 ustep: 1 
iter: 3  value: 5550.281 mgc: 0.03687223 ustep: 1 
iter: 4  value: 5550.281 mgc: 4.990017e-05 ustep: 1 
iter: 5  mgc: 9.192264e-11 
iter: 1  mgc: 9.192264e-11 
outer mgc:  7.106362 
iter: 1  value: 5552.464 mgc: 9.314728 ustep: 1 
iter: 2  value: 5552.156 mgc: 1.128727 ustep: 1 
iter: 3  value: 5552.156 mgc: 0.02090595 ustep: 1 
iter: 4  value: 5552.156 mgc: 9.231381e-06 ustep: 1 
iter: 5  mgc: 1.747713e-12 
iter: 1  value: 5549.04 mgc: 3.597726 ustep: 1 
iter: 2  value: 5549.029 mgc: 0.1520447 ustep: 1 
iter: 3  value: 5549.029 mgc: 0.0007155162 ustep: 1 
iter: 4  value: 5549.029 mgc: 2.589507e-08 ustep: 1 
mgc: 5.195844e-14 
iter: 1  mgc: 5.195844e-14 
outer mgc:  5.372918 
iter: 1  value: 5547.205 mgc: 0.7547075 ustep: 1 
iter: 2  value: 5547.205 mgc: 0.009193536 ustep: 1 
iter: 3  value: 5547.205 mgc: 2.742552e-06 ustep: 1 
iter: 4  mgc: 4.622969e-13 
iter: 1  mgc: 4.622969e-13 
outer mgc:  4.449666 
iter: 1  value: 5545.885 mgc: 3.084194 ustep: 1 
iter: 2  value: 5545.882 mgc: 0.1129019 ustep: 1 
iter: 3  value: 5545.882 mgc: 0.0002742763 ustep: 1 
iter: 4  mgc: 2.805573e-09 
iter: 1  mgc: 2.805573e-09 
outer mgc:  6.562136 
iter: 1  value: 5544.654 mgc: 2.051253 ustep: 1 
iter: 2  value: 5544.652 mgc: 0.06471019 ustep: 1 
iter: 3  value: 5544.652 mgc: 0.0001345289 ustep: 1 
iter: 4  mgc: 6.193883e-10 
iter: 1  mgc: 6.193883e-10 
outer mgc:  5.900842 
iter: 1  value: 5544.395 mgc: 3.543822 ustep: 1 
iter: 2  value: 5544.375 mgc: 0.2471827 ustep: 1 
iter: 3  value: 5544.375 mgc: 0.001481678 ustep: 1 
iter: 4  value: 5544.375 mgc: 9.737218e-08 ustep: 1 
iter: 5  mgc: 5.018208e-14 
iter: 1  mgc: 5.018208e-14 
outer mgc:  7.443775 
iter: 1  value: 5543.818 mgc: 2.032857 ustep: 1 
iter: 2  value: 5543.817 mgc: 0.05388492 ustep: 1 
iter: 3  value: 5543.817 mgc: 0.0001030086 ustep: 1 
iter: 4  mgc: 4.648316e-10 
iter: 1  mgc: 4.648316e-10 
outer mgc:  2.41766 
iter: 1  value: 5543.948 mgc: 0.7863393 ustep: 1 
iter: 2  value: 5543.948 mgc: 0.007136378 ustep: 1 
iter: 3  value: 5543.948 mgc: 2.176038e-06 ustep: 1 
iter: 4  mgc: 1.934009e-13 
iter: 1  value: 5543.851 mgc: 0.5563558 ustep: 1 
iter: 2  value: 5543.851 mgc: 0.002786099 ustep: 1 
iter: 3  value: 5543.851 mgc: 1.589017e-07 ustep: 1 
iter: 4  mgc: 5.617729e-14 
iter: 1  mgc: 5.617729e-14 
outer mgc:  2.081332 
iter: 1  value: 5543.73 mgc: 0.6795131 ustep: 1 
iter: 2  value: 5543.73 mgc: 0.006367149 ustep: 1 
iter: 3  value: 5543.73 mgc: 1.279044e-06 ustep: 1 
iter: 4  mgc: 7.049916e-14 
iter: 1  mgc: 7.049916e-14 
outer mgc:  0.6893436 
iter: 1  value: 5543.831 mgc: 0.3631814 ustep: 1 
iter: 2  value: 5543.831 mgc: 0.001861016 ustep: 1 
iter: 3  value: 5543.831 mgc: 1.388713e-07 ustep: 1 
iter: 4  mgc: 5.417888e-14 
iter: 1  mgc: 5.417888e-14 
outer mgc:  1.701233 
iter: 1  value: 5543.54 mgc: 0.4835309 ustep: 1 
iter: 2  value: 5543.54 mgc: 0.005478388 ustep: 1 
iter: 3  value: 5543.54 mgc: 5.826495e-07 ustep: 1 
iter: 4  mgc: 5.52336e-14 
iter: 1  mgc: 5.52336e-14 
outer mgc:  1.602335 
iter: 1  value: 5543.319 mgc: 0.751668 ustep: 1 
iter: 2  value: 5543.319 mgc: 0.006045874 ustep: 1 
iter: 3  value: 5543.319 mgc: 2.845525e-07 ustep: 1 
iter: 4  mgc: 4.912737e-14 
iter: 1  mgc: 4.912737e-14 
outer mgc:  0.8911106 
iter: 1  value: 5543.629 mgc: 1.388678 ustep: 1 
iter: 2  value: 5543.629 mgc: 0.0311509 ustep: 1 
iter: 3  value: 5543.629 mgc: 2.054686e-05 ustep: 1 
iter: 4  mgc: 1.163269e-11 
iter: 1  value: 5543.474 mgc: 0.5875166 ustep: 1 
iter: 2  value: 5543.474 mgc: 0.004738776 ustep: 1 
iter: 3  value: 5543.474 mgc: 4.444243e-07 ustep: 1 
iter: 4  mgc: 4.610201e-14 
iter: 1  mgc: 4.610201e-14 
outer mgc:  0.4819489 
iter: 1  value: 5543.586 mgc: 0.5605221 ustep: 1 
iter: 2  value: 5543.586 mgc: 0.004264547 ustep: 1 
iter: 3  value: 5543.586 mgc: 4.390847e-07 ustep: 1 
iter: 4  mgc: 4.612977e-14 
iter: 1  mgc: 4.612977e-14 
outer mgc:  0.9462627 
iter: 1  value: 5543.607 mgc: 0.4523441 ustep: 1 
iter: 2  value: 5543.607 mgc: 0.003215966 ustep: 1 
iter: 3  value: 5543.607 mgc: 2.36116e-07 ustep: 1 
iter: 4  mgc: 3.225198e-14 
iter: 1  mgc: 3.225198e-14 
outer mgc:  0.2670454 
iter: 1  value: 5543.71 mgc: 0.3656162 ustep: 1 
iter: 2  value: 5543.71 mgc: 0.00233765 ustep: 1 
iter: 3  value: 5543.71 mgc: 2.002163e-07 ustep: 1 
iter: 4  mgc: 3.441691e-14 
iter: 1  value: 5543.634 mgc: 0.1247741 ustep: 1 
iter: 2  value: 5543.634 mgc: 0.0002664106 ustep: 1 
iter: 3  mgc: 2.605437e-09 
iter: 1  mgc: 2.605437e-09 
outer mgc:  0.2706301 
iter: 1  value: 5543.63 mgc: 0.1447286 ustep: 1 
iter: 2  value: 5543.63 mgc: 0.0002363313 ustep: 1 
iter: 3  mgc: 1.863044e-09 
iter: 1  mgc: 1.863044e-09 
outer mgc:  0.225333 
iter: 1  value: 5543.617 mgc: 0.1437593 ustep: 1 
iter: 2  value: 5543.617 mgc: 0.0001800591 ustep: 1 
iter: 3  mgc: 9.030997e-10 
iter: 1  mgc: 9.030997e-10 
outer mgc:  0.181174 
iter: 1  value: 5543.645 mgc: 0.1981827 ustep: 1 
iter: 2  value: 5543.645 mgc: 0.0004586477 ustep: 1 
iter: 3  mgc: 5.23334e-09 
iter: 1  mgc: 5.23334e-09 
outer mgc:  0.1511084 
iter: 1  value: 5543.635 mgc: 0.06314805 ustep: 1 
iter: 2  value: 5543.635 mgc: 5.699203e-05 ustep: 1 
iter: 3  mgc: 6.950618e-11 
iter: 1  mgc: 6.950618e-11 
outer mgc:  0.06175631 
iter: 1  value: 5543.655 mgc: 0.1015787 ustep: 1 
iter: 2  value: 5543.655 mgc: 0.0001192933 ustep: 1 
iter: 3  mgc: 5.439352e-10 
iter: 1  mgc: 5.439352e-10 
outer mgc:  0.1835384 
iter: 1  value: 5543.632 mgc: 0.07573374 ustep: 1 
iter: 2  value: 5543.632 mgc: 7.316368e-05 ustep: 1 
iter: 3  mgc: 1.178817e-10 
iter: 1  mgc: 1.178817e-10 
outer mgc:  0.09985119 
iter: 1  value: 5543.636 mgc: 0.1041819 ustep: 1 
iter: 2  value: 5543.636 mgc: 0.0001145241 ustep: 1 
iter: 3  mgc: 3.385867e-10 
iter: 1  mgc: 3.385867e-10 
outer mgc:  0.1034938 
iter: 1  value: 5543.644 mgc: 0.06351454 ustep: 1 
iter: 2  value: 5543.644 mgc: 9.769212e-05 ustep: 1 
iter: 3  mgc: 5.204459e-10 
iter: 1  mgc: 5.204459e-10 
outer mgc:  0.0755834 
iter: 1  value: 5543.637 mgc: 0.1260389 ustep: 1 
iter: 2  value: 5543.637 mgc: 0.0001861008 ustep: 1 
iter: 3  mgc: 9.095618e-10 
iter: 1  value: 5543.64 mgc: 0.06434353 ustep: 1 
iter: 2  value: 5543.64 mgc: 4.363323e-05 ustep: 1 
iter: 3  mgc: 6.443646e-11 
iter: 1  mgc: 6.443646e-11 
outer mgc:  0.06928356 
iter: 1  value: 5543.642 mgc: 0.0252224 ustep: 1 
iter: 2  value: 5543.642 mgc: 1.34424e-05 ustep: 1 
iter: 3  mgc: 7.077894e-12 
iter: 1  mgc: 7.077894e-12 
outer mgc:  0.04604456 
iter: 1  value: 5543.645 mgc: 0.1052759 ustep: 1 
iter: 2  value: 5543.645 mgc: 0.000121438 ustep: 1 
iter: 3  mgc: 4.177955e-10 
iter: 1  value: 5543.643 mgc: 0.0438206 ustep: 1 
iter: 2  value: 5543.643 mgc: 1.777843e-05 ustep: 1 
iter: 3  mgc: 9.59921e-12 
iter: 1  mgc: 9.59921e-12 
outer mgc:  0.03268409 
iter: 1  value: 5543.633 mgc: 0.008867092 ustep: 1 
iter: 2  value: 5543.633 mgc: 1.424359e-06 ustep: 1 
iter: 3  mgc: 7.593925e-14 
iter: 1  mgc: 7.593925e-14 
outer mgc:  0.02394381 
iter: 1  value: 5543.637 mgc: 0.008910579 ustep: 1 
iter: 2  value: 5543.637 mgc: 1.07915e-06 ustep: 1 
iter: 3  mgc: 6.081247e-14 
iter: 1  mgc: 6.081247e-14 
outer mgc:  0.02436204 
iter: 1  value: 5543.639 mgc: 0.005721285 ustep: 1 
iter: 2  value: 5543.639 mgc: 4.987802e-07 ustep: 1 
iter: 3  mgc: 2.620126e-14 
iter: 1  mgc: 2.620126e-14 
outer mgc:  0.003903917 
iter: 1  value: 5543.641 mgc: 0.006102626 ustep: 1 
iter: 2  value: 5543.641 mgc: 5.777454e-07 ustep: 1 
iter: 3  mgc: 3.197442e-14 
iter: 1  value: 5543.64 mgc: 0.002897469 ustep: 1 
iter: 2  value: 5543.64 mgc: 1.329719e-07 ustep: 1 
iter: 3  mgc: 3.080869e-14 
iter: 1  mgc: 3.080869e-14 
outer mgc:  0.001600842 
iter: 1  value: 5543.64 mgc: 0.001315992 ustep: 1 
iter: 2  value: 5543.64 mgc: 3.457344e-08 ustep: 1 
mgc: 3.541611e-14 
iter: 1  mgc: 3.080869e-14 
iter: 1  mgc: 3.080869e-14 
outer mgc:  0.001600842 
iter: 1  value: 5543.639 mgc: 0.01993862 ustep: 1 
iter: 2  value: 5543.639 mgc: 5.276579e-06 ustep: 1 
iter: 3  mgc: 5.885292e-13 
outer mgc:  0.0445471 
iter: 1  value: 5543.641 mgc: 0.01992443 ustep: 1 
iter: 2  value: 5543.641 mgc: 5.288385e-06 ustep: 1 
iter: 3  mgc: 5.760947e-13 
outer mgc:  0.04729512 
iter: 1  value: 5543.64 mgc: 0.009885161 ustep: 1 
iter: 2  value: 5543.64 mgc: 1.513069e-06 ustep: 1 
iter: 3  mgc: 7.371881e-14 
outer mgc:  0.06999749 
iter: 1  value: 5543.64 mgc: 0.00987892 ustep: 1 
iter: 2  value: 5543.64 mgc: 1.513116e-06 ustep: 1 
iter: 3  mgc: 7.926992e-14 
outer mgc:  0.06983148 
iter: 1  value: 5543.639 mgc: 0.02062089 ustep: 1 
iter: 2  value: 5543.639 mgc: 5.991318e-06 ustep: 1 
iter: 3  mgc: 6.956657e-13 
outer mgc:  0.03922653 
iter: 1  value: 5543.641 mgc: 0.02060865 ustep: 1 
iter: 2  value: 5543.641 mgc: 6.003557e-06 ustep: 1 
iter: 3  mgc: 6.965539e-13 
outer mgc:  0.04022938 
iter: 1  value: 5543.64 mgc: 0.01009263 ustep: 1 
iter: 2  value: 5543.64 mgc: 1.670761e-06 ustep: 1 
iter: 3  mgc: 6.550316e-14 
outer mgc:  0.06583084 
iter: 1  value: 5543.64 mgc: 0.0100847 ustep: 1 
iter: 2  value: 5543.64 mgc: 1.671409e-06 ustep: 1 
iter: 3  mgc: 8.65974e-14 
outer mgc:  0.06548744 
iter: 1  value: 5543.64 mgc: 0.02517932 ustep: 1 
iter: 2  value: 5543.64 mgc: 7.037104e-06 ustep: 1 
iter: 3  mgc: 1.19027e-12 
outer mgc:  0.01491124 
iter: 1  value: 5543.64 mgc: 0.02517274 ustep: 1 
iter: 2  value: 5543.64 mgc: 7.050811e-06 ustep: 1 
iter: 3  mgc: 1.203482e-12 
outer mgc:  0.01582108 
iter: 1  value: 5543.64 mgc: 0.01298608 ustep: 1 
iter: 2  value: 5543.64 mgc: 2.069311e-06 ustep: 1 
iter: 3  mgc: 8.648637e-14 
outer mgc:  0.09307583 
iter: 1  value: 5543.64 mgc: 0.01298579 ustep: 1 
iter: 2  value: 5543.64 mgc: 2.069893e-06 ustep: 1 
iter: 3  mgc: 9.048318e-14 
outer mgc:  0.09627512 
iter: 1  value: 5543.639 mgc: 0.01905938 ustep: 1 
iter: 2  value: 5543.639 mgc: 5.642126e-06 ustep: 1 
iter: 3  mgc: 6.897816e-13 
outer mgc:  0.03847756 
iter: 1  value: 5543.641 mgc: 0.01904463 ustep: 1 
iter: 2  value: 5543.641 mgc: 5.653906e-06 ustep: 1 
iter: 3  mgc: 6.853129e-13 
outer mgc:  0.04022309 
iter: 1  value: 5543.64 mgc: 0.0098441 ustep: 1 
iter: 2  value: 5543.64 mgc: 1.500306e-06 ustep: 1 
iter: 3  mgc: 6.838974e-14 
outer mgc:  0.05756504 
iter: 1  value: 5543.641 mgc: 0.009836769 ustep: 1 
iter: 2  value: 5543.641 mgc: 1.500789e-06 ustep: 1 
iter: 3  mgc: 4.72955e-14 
outer mgc:  0.0582817 
iter: 1  value: 5543.643 mgc: 0.003221791 ustep: 1 
iter: 2  value: 5543.643 mgc: 2.183634e-07 ustep: 1 
iter: 3  mgc: 4.574119e-14 
outer mgc:  0.004548343 
iter: 1  value: 5543.637 mgc: 0.003225015 ustep: 1 
iter: 2  value: 5543.637 mgc: 2.184055e-07 ustep: 1 
iter: 3  mgc: 6.578071e-14 
outer mgc:  0.00441475 
iter: 1  value: 5543.643 mgc: 0.002864811 ustep: 1 
iter: 2  value: 5543.643 mgc: 2.69519e-07 ustep: 1 
iter: 3  mgc: 4.940492e-14 
outer mgc:  0.005301014 
iter: 1  value: 5543.637 mgc: 0.002867678 ustep: 1 
iter: 2  value: 5543.637 mgc: 2.697203e-07 ustep: 1 
iter: 3  mgc: 7.771561e-14 
outer mgc:  0.004729548 
iter: 1  value: 5543.641 mgc: 0.00200828 ustep: 1 
iter: 2  value: 5543.641 mgc: 1.638162e-07 ustep: 1 
iter: 3  mgc: 6.916689e-14 
outer mgc:  0.007632959 
iter: 1  value: 5543.639 mgc: 0.002010289 ustep: 1 
iter: 2  value: 5543.639 mgc: 1.640919e-07 ustep: 1 
iter: 3  mgc: 4.135581e-14 
outer mgc:  0.009002724 
iter: 1  value: 5543.643 mgc: 0.002948251 ustep: 1 
iter: 2  value: 5543.643 mgc: 2.808941e-07 ustep: 1 
iter: 3  mgc: 3.293199e-14 
outer mgc:  0.004488711 
iter: 1  value: 5543.637 mgc: 0.002951201 ustep: 1 
iter: 2  value: 5543.637 mgc: 2.811558e-07 ustep: 1 
iter: 3  mgc: 3.68594e-14 
outer mgc:  0.005396925 
iter: 1  value: 5543.626 mgc: 0.001706632 ustep: 1 
iter: 2  value: 5543.626 mgc: 1.786202e-07 ustep: 1 
iter: 3  mgc: 2.775558e-14 
outer mgc:  0.01157673 
iter: 1  value: 5543.654 mgc: 0.001706688 ustep: 1 
iter: 2  value: 5543.654 mgc: 1.786748e-07 ustep: 1 
iter: 3  mgc: 4.52971e-14 
outer mgc:  0.01191602 
[Mon Aug 16 07:07:39 2021]
Finished job 0.
1 of 1 steps (100%) done
