Building DAG of jobs...
Using shell: /usr/bin/bash
Provided cores: 40
Rules claiming more threads will be scaled down.
Job counts:
	count	jobs
	1	inference_simulation_TMB_multiple
	1
Select jobs to execute...

[Sun Aug 15 15:25:28 2021]
rule inference_simulation_TMB_multiple:
    input: ../data/assessing_models_simulation/datasets/multiple_GenerationCnorm_10_100_10_7_0_NA_NA_NA_dataset1.RDS
    output: ../data/assessing_models_simulation/inference_results/TMB/nlminb/multiple_GenerationCnorm_10_100_10_7_0_fullREM_NA_NA_NA_dataset1.RDS
    log: logs/inference/nlminb/simulation_GenerationCnorm_10_100_10_7_0_ModelfullREM_NA_NA_NA_dataset1.log
    jobid: 0
    wildcards: optimiser=nlminb, datasetgeneration=GenerationCnorm, n=10, nlambda=100, lmbda=10, d=7, beta_intensity=0, model=fullREM, fixed_beta_intercept=NA, fixed_beta_slope=NA, sdRE_input=NA, itnum=1

Rscript 2_inference_TMB/run_TMB.R --input ../data/assessing_models_simulation/datasets/multiple_GenerationCnorm_10_100_10_7_0_NA_NA_NA_dataset1.RDS --output ../data/assessing_models_simulation/inference_results/TMB/nlminb/multiple_GenerationCnorm_10_100_10_7_0_fullREM_NA_NA_NA_dataset1.RDS --model fullREM --optimiser nlminb
Model: fullREM 
Feature type: signatures 
Using nlminb: TRUE 
Simulation boolean: TRUE 
make: Nothing to be done for 'all'.
../data/assessing_models_simulation/datasets/multiple_GenerationCnorm_10_100_10_7_0_NA_NA_NA_dataset1.RDS[1] "../data/assessing_models_simulation/datasets/multiple_GenerationCnorm_10_100_10_7_0_NA_NA_NA_dataset1.RDS"
Reading file ../data/assessing_models_simulation/datasets/multiple_GenerationCnorm_10_100_10_7_0_NA_NA_NA_dataset1.RDS 
Loading required package: nnet
# weights:  21 (12 variable)
initial  value 4084.465403 
iter  10 value 3976.289038
final  value 3972.260219 
converged
Order of parameters:
[1] "beta"       "u_large"    "logs_sd_RE" "cov_par_RE"
Not matching template order:
[1] "beta"       "u_large"    "cov_par_RE" "logs_sd_RE"
Your parameter list has been re-ordered.
(Disable this warning with checkParameterOrder=FALSE)
Constructing atomic invpd
Constructing atomic D_lgamma
Constructing atomic invpd
Constructing atomic D_lgamma
Constructing atomic matmul
Constructing atomic invpd
Constructing atomic D_lgamma
Constructing atomic matmul
Optimizing tape... Done
iter: 1  value: 1285.542 mgc: 43.77623 ustep: 0.6827823 
iter: 2  value: 1136.805 mgc: 37.8676 ustep: 0.3543617 
iter: 3  value: 947.012 mgc: 82.12517 ustep: 0.2023718 
iter: 4  value: 767.9207 mgc: 65.80894 ustep: 0.1387634 
iter: 5  value: 720.4833 mgc: 48.00991 ustep: 0.3725723 
iter: 6  value: 719.1808 mgc: 6.839628 ustep: 0.610426 
iter: 7  value: 719.1652 mgc: 0.7048716 ustep: 0.7813195 
iter: 8  value: 719.1651 mgc: 0.01838946 ustep: 0.8839344 
iter: 9  value: 719.1651 mgc: 0.0006303998 ustep: 0.9401838 
iter: 10  value: 719.1651 mgc: 4.270689e-05 ustep: 0.9696338 
iter: 11  value: 719.1651 mgc: 1.464545e-06 ustep: 0.9847014 
iter: 12  value: 719.1651 mgc: 2.529087e-08 ustep: 0.992322 
iter: 13  mgc: 2.193181e-10 
iter: 1  mgc: 2.193181e-10 
Matching hessian patterns... Done
outer mgc:  77.68074 
iter: 1  value: 644.0902 mgc: 12.81962 ustep: 1 
iter: 2  value: 644.0065 mgc: 0.915678 ustep: 1 
iter: 3  value: 644.0065 mgc: 0.00787854 ustep: 1 
iter: 4  value: 644.0065 mgc: 6.299555e-07 ustep: 1 
iter: 5  mgc: 1.820766e-14 
iter: 1  mgc: 1.820766e-14 
outer mgc:  27.59721 
iter: 1  value: 619.0964 mgc: 9.676347 ustep: 1 
iter: 2  value: 619.0753 mgc: 0.3290157 ustep: 1 
iter: 3  value: 619.0753 mgc: 0.0006914331 ustep: 1 
iter: 4  value: 619.0753 mgc: 2.534943e-08 ustep: 1 
mgc: 1.598721e-14 
iter: 1  mgc: 1.598721e-14 
outer mgc:  9.91994 
iter: 1  value: 614.8469 mgc: 33.70921 ustep: 1 
iter: 2  value: 609.3342 mgc: 9.114434 ustep: 1 
iter: 3  value: 609.312 mgc: 0.395091 ustep: 1 
iter: 4  value: 609.312 mgc: 0.002580236 ustep: 1 
iter: 5  value: 609.312 mgc: 1.640617e-07 ustep: 1 
iter: 6  mgc: 2.176037e-14 
iter: 1  mgc: 2.176037e-14 
outer mgc:  28.74843 
iter: 1  value: 596.0368 mgc: 10.6735 ustep: 1 
iter: 2  value: 596.0244 mgc: 0.3669094 ustep: 1 
iter: 3  value: 596.0244 mgc: 0.001400564 ustep: 1 
iter: 4  value: 596.0244 mgc: 2.152063e-08 ustep: 1 
mgc: 1.532108e-14 
iter: 1  mgc: 1.532108e-14 
outer mgc:  23.82058 
iter: 1  value: 585.9566 mgc: 9.935648 ustep: 1 
iter: 2  value: 585.8812 mgc: 1.05046 ustep: 1 
iter: 3  value: 585.8812 mgc: 0.009855051 ustep: 1 
iter: 4  value: 585.8812 mgc: 1.940391e-06 ustep: 1 
iter: 5  mgc: 1.185718e-13 
iter: 1  mgc: 1.185718e-13 
outer mgc:  18.26068 
iter: 1  value: 592.2112 mgc: 28.42296 ustep: 1 
iter: 2  value: 591.7636 mgc: 1.788278 ustep: 1 
iter: 3  value: 591.7635 mgc: 0.0190576 ustep: 1 
iter: 4  value: 591.7635 mgc: 2.571746e-06 ustep: 1 
iter: 5  mgc: 4.218847e-14 
iter: 1  value: 580.7458 mgc: 11.83486 ustep: 1 
iter: 2  value: 580.721 mgc: 0.5926643 ustep: 1 
iter: 3  value: 580.721 mgc: 0.002911857 ustep: 1 
iter: 4  value: 580.721 mgc: 7.130245e-08 ustep: 1 
mgc: 1.781908e-14 
iter: 1  mgc: 1.781908e-14 
outer mgc:  5.216405 
iter: 1  value: 579.8302 mgc: 5.933839 ustep: 1 
iter: 2  value: 579.8273 mgc: 0.1389178 ustep: 1 
iter: 3  value: 579.8273 mgc: 0.0001745676 ustep: 1 
iter: 4  mgc: 5.074815e-10 
iter: 1  mgc: 5.074815e-10 
outer mgc:  13.53259 
iter: 1  value: 577.4359 mgc: 5.960557 ustep: 1 
iter: 2  value: 577.4344 mgc: 0.122425 ustep: 1 
iter: 3  value: 577.4344 mgc: 9.650639e-05 ustep: 1 
iter: 4  mgc: 5.94782e-11 
iter: 1  mgc: 5.94782e-11 
outer mgc:  2.645584 
iter: 1  value: 575.87 mgc: 1.061199 ustep: 1 
iter: 2  value: 575.87 mgc: 0.01065961 ustep: 1 
iter: 3  value: 575.87 mgc: 1.191112e-06 ustep: 1 
iter: 4  mgc: 2.153833e-14 
iter: 1  value: 573.2552 mgc: 3.301503 ustep: 1 
iter: 2  value: 573.2548 mgc: 0.08346668 ustep: 1 
iter: 3  value: 573.2548 mgc: 6.560929e-05 ustep: 1 
iter: 4  mgc: 4.012968e-11 
iter: 1  mgc: 4.012968e-11 
outer mgc:  10.44642 
iter: 1  value: 572.2394 mgc: 9.76785 ustep: 1 
iter: 2  value: 572.2341 mgc: 0.1556873 ustep: 1 
iter: 3  value: 572.2341 mgc: 0.0004468324 ustep: 1 
iter: 4  mgc: 5.262871e-09 
iter: 1  value: 572.8243 mgc: 7.171502 ustep: 1 
iter: 2  value: 572.8233 mgc: 0.08893679 ustep: 1 
iter: 3  value: 572.8233 mgc: 7.433859e-05 ustep: 1 
iter: 4  mgc: 1.52873e-10 
iter: 1  mgc: 1.52873e-10 
outer mgc:  11.84967 
iter: 1  value: 571.5338 mgc: 6.22735 ustep: 1 
iter: 2  value: 571.5333 mgc: 0.08850345 ustep: 1 
iter: 3  value: 571.5333 mgc: 2.920156e-05 ustep: 1 
iter: 4  mgc: 3.386846e-12 
iter: 1  mgc: 3.386846e-12 
outer mgc:  2.087395 
iter: 1  value: 570.9008 mgc: 2.933497 ustep: 1 
iter: 2  value: 570.9007 mgc: 0.01297404 ustep: 1 
iter: 3  value: 570.9007 mgc: 1.083473e-06 ustep: 1 
iter: 4  mgc: 1.953993e-14 
iter: 1  mgc: 1.953993e-14 
outer mgc:  3.04795 
iter: 1  value: 570.1656 mgc: 1.574934 ustep: 1 
iter: 2  value: 570.1656 mgc: 0.005911434 ustep: 1 
iter: 3  value: 570.1656 mgc: 4.153263e-07 ustep: 1 
iter: 4  mgc: 1.554312e-14 
iter: 1  mgc: 1.554312e-14 
outer mgc:  1.881937 
iter: 1  value: 569.7148 mgc: 1.475892 ustep: 1 
iter: 2  value: 569.7148 mgc: 0.007873119 ustep: 1 
iter: 3  value: 569.7148 mgc: 2.394287e-07 ustep: 1 
iter: 4  mgc: 2.353673e-14 
iter: 1  mgc: 2.353673e-14 
outer mgc:  1.794367 
iter: 1  value: 569.4569 mgc: 1.821337 ustep: 1 
iter: 2  value: 569.4569 mgc: 0.009812181 ustep: 1 
iter: 3  value: 569.4569 mgc: 1.176663e-06 ustep: 1 
iter: 4  mgc: 3.663736e-14 
iter: 1  mgc: 3.663736e-14 
outer mgc:  2.800204 
iter: 1  value: 569.2037 mgc: 1.505366 ustep: 1 
iter: 2  value: 569.2036 mgc: 0.01376038 ustep: 1 
iter: 3  value: 569.2036 mgc: 4.09708e-06 ustep: 1 
iter: 4  mgc: 3.430034e-13 
iter: 1  mgc: 3.430034e-13 
outer mgc:  2.995783 
iter: 1  value: 568.7454 mgc: 1.292149 ustep: 1 
iter: 2  value: 568.7454 mgc: 0.02052407 ustep: 1 
iter: 3  value: 568.7454 mgc: 8.251729e-06 ustep: 1 
iter: 4  mgc: 1.349143e-12 
iter: 1  mgc: 1.349143e-12 
outer mgc:  2.963093 
iter: 1  value: 568.6083 mgc: 2.179028 ustep: 1 
iter: 2  value: 568.6083 mgc: 0.01561074 ustep: 1 
iter: 3  value: 568.6083 mgc: 4.439475e-06 ustep: 1 
iter: 4  mgc: 3.297362e-13 
iter: 1  mgc: 3.297362e-13 
outer mgc:  3.711162 
iter: 1  value: 568.2046 mgc: 2.088186 ustep: 1 
iter: 2  value: 568.2046 mgc: 0.01553395 ustep: 1 
iter: 3  value: 568.2046 mgc: 8.315731e-07 ustep: 1 
iter: 4  mgc: 1.776357e-14 
iter: 1  mgc: 1.776357e-14 
outer mgc:  1.860093 
iter: 1  value: 568.1392 mgc: 2.091411 ustep: 1 
iter: 2  value: 568.1391 mgc: 0.03183266 ustep: 1 
iter: 3  value: 568.1391 mgc: 1.420946e-05 ustep: 1 
iter: 4  mgc: 2.560341e-12 
iter: 1  value: 568.1587 mgc: 1.434066 ustep: 1 
iter: 2  value: 568.1587 mgc: 0.005008458 ustep: 1 
iter: 3  value: 568.1587 mgc: 3.100381e-07 ustep: 1 
iter: 4  mgc: 1.332268e-14 
iter: 1  mgc: 1.332268e-14 
outer mgc:  2.435709 
iter: 1  value: 567.9269 mgc: 1.347974 ustep: 1 
iter: 2  value: 567.9269 mgc: 0.004937821 ustep: 1 
iter: 3  value: 567.9269 mgc: 9.662183e-08 ustep: 1 
mgc: 2.398082e-14 
iter: 1  mgc: 2.398082e-14 
outer mgc:  0.904696 
iter: 1  value: 567.7826 mgc: 0.7206044 ustep: 1 
iter: 2  value: 567.7826 mgc: 0.001937131 ustep: 1 
iter: 3  value: 567.7826 mgc: 2.439912e-08 ustep: 1 
mgc: 1.487699e-14 
iter: 1  mgc: 1.487699e-14 
outer mgc:  1.170958 
iter: 1  value: 567.6417 mgc: 1.018402 ustep: 1 
iter: 2  value: 567.6417 mgc: 0.002959894 ustep: 1 
iter: 3  value: 567.6417 mgc: 6.224217e-08 ustep: 1 
mgc: 2.120526e-14 
iter: 1  mgc: 2.120526e-14 
outer mgc:  1.540792 
iter: 1  value: 567.53 mgc: 1.047918 ustep: 1 
iter: 2  value: 567.53 mgc: 0.002219015 ustep: 1 
iter: 3  value: 567.53 mgc: 1.54276e-08 ustep: 1 
mgc: 1.576517e-14 
iter: 1  mgc: 1.576517e-14 
outer mgc:  1.169107 
iter: 1  value: 567.3933 mgc: 1.057739 ustep: 1 
iter: 2  value: 567.3933 mgc: 0.001912887 ustep: 1 
iter: 3  mgc: 6.356503e-09 
iter: 1  mgc: 6.356503e-09 
outer mgc:  1.682641 
iter: 1  value: 567.1964 mgc: 0.7972826 ustep: 1 
iter: 2  value: 567.1964 mgc: 0.0009651653 ustep: 1 
iter: 3  mgc: 8.334831e-09 
iter: 1  mgc: 8.334831e-09 
outer mgc:  0.8450834 
iter: 1  value: 567.1041 mgc: 0.493285 ustep: 1 
iter: 2  value: 567.1041 mgc: 0.0005889147 ustep: 1 
iter: 3  mgc: 5.52638e-09 
iter: 1  mgc: 5.52638e-09 
outer mgc:  0.8111018 
iter: 1  value: 566.9684 mgc: 0.4475107 ustep: 1 
iter: 2  value: 566.9684 mgc: 0.0007334034 ustep: 1 
iter: 3  mgc: 2.145478e-09 
iter: 1  mgc: 2.145478e-09 
outer mgc:  0.6199791 
iter: 1  value: 566.8069 mgc: 0.4962299 ustep: 1 
iter: 2  value: 566.8069 mgc: 0.0009948845 ustep: 1 
iter: 3  value: 566.8069 mgc: 1.206562e-08 ustep: 1 
mgc: 2.309264e-14 
iter: 1  mgc: 2.309264e-14 
outer mgc:  0.5901486 
iter: 1  value: 566.6497 mgc: 0.4776224 ustep: 1 
iter: 2  value: 566.6497 mgc: 0.0004596797 ustep: 1 
iter: 3  mgc: 1.170905e-09 
iter: 1  mgc: 1.170905e-09 
outer mgc:  0.8128949 
iter: 1  value: 566.5537 mgc: 0.6399958 ustep: 1 
iter: 2  value: 566.5537 mgc: 0.001330666 ustep: 1 
iter: 3  value: 566.5537 mgc: 1.07884e-08 ustep: 1 
mgc: 3.819167e-14 
iter: 1  mgc: 3.819167e-14 
outer mgc:  0.6960529 
iter: 1  value: 566.42 mgc: 0.4266934 ustep: 1 
iter: 2  value: 566.42 mgc: 0.0005092605 ustep: 1 
iter: 3  mgc: 2.070562e-09 
iter: 1  mgc: 2.070562e-09 
outer mgc:  0.5688484 
iter: 1  value: 566.2856 mgc: 0.6055607 ustep: 1 
iter: 2  value: 566.2856 mgc: 0.001074435 ustep: 1 
iter: 3  mgc: 9.441805e-09 
iter: 1  mgc: 9.441805e-09 
outer mgc:  1.296227 
iter: 1  value: 566.142 mgc: 0.6632298 ustep: 1 
iter: 2  value: 566.142 mgc: 0.001408739 ustep: 1 
iter: 3  mgc: 7.315069e-09 
iter: 1  mgc: 7.315069e-09 
outer mgc:  0.5240159 
iter: 1  value: 566.0081 mgc: 0.4995136 ustep: 1 
iter: 2  value: 566.0081 mgc: 0.0005548415 ustep: 1 
iter: 3  mgc: 9.022609e-10 
iter: 1  mgc: 9.022609e-10 
outer mgc:  0.8821057 
iter: 1  value: 565.9048 mgc: 0.508628 ustep: 1 
iter: 2  value: 565.9048 mgc: 0.0007974798 ustep: 1 
iter: 3  mgc: 2.089618e-09 
iter: 1  value: 565.7818 mgc: 0.2219634 ustep: 1 
iter: 2  value: 565.7818 mgc: 0.0002731382 ustep: 1 
iter: 3  mgc: 3.429284e-10 
iter: 1  value: 565.5318 mgc: 0.5881456 ustep: 1 
iter: 2  value: 565.5318 mgc: 0.001967616 ustep: 1 
iter: 3  value: 565.5318 mgc: 1.754878e-08 ustep: 1 
mgc: 3.019807e-14 
iter: 1  mgc: 3.019807e-14 
outer mgc:  3.249633 
iter: 1  value: 564.6127 mgc: 1.311897 ustep: 1 
iter: 2  value: 564.6127 mgc: 0.004603955 ustep: 1 
iter: 3  value: 564.6127 mgc: 3.040074e-07 ustep: 1 
iter: 4  mgc: 2.753353e-14 
iter: 1  mgc: 2.753353e-14 
outer mgc:  1.409664 
iter: 1  value: 564.1048 mgc: 1.941385 ustep: 1 
iter: 2  value: 564.1047 mgc: 0.01730434 ustep: 1 
iter: 3  value: 564.1047 mgc: 1.347472e-06 ustep: 1 
iter: 4  mgc: 1.595946e-14 
iter: 1  mgc: 1.595946e-14 
outer mgc:  2.384276 
iter: 1  value: 563.4038 mgc: 1.395309 ustep: 1 
iter: 2  value: 563.4038 mgc: 0.00734628 ustep: 1 
iter: 3  value: 563.4038 mgc: 5.845222e-07 ustep: 1 
iter: 4  mgc: 2.220446e-14 
iter: 1  mgc: 2.220446e-14 
outer mgc:  1.322217 
iter: 1  value: 562.9105 mgc: 2.50522 ustep: 1 
iter: 2  value: 562.9104 mgc: 0.03479518 ustep: 1 
iter: 3  value: 562.9104 mgc: 1.053404e-05 ustep: 1 
iter: 4  mgc: 8.835155e-13 
iter: 1  mgc: 8.835155e-13 
outer mgc:  2.441812 
iter: 1  value: 562.1574 mgc: 1.742068 ustep: 1 
iter: 2  value: 562.1574 mgc: 0.01577534 ustep: 1 
iter: 3  value: 562.1574 mgc: 2.118445e-06 ustep: 1 
iter: 4  mgc: 4.174439e-14 
iter: 1  mgc: 4.174439e-14 
outer mgc:  1.630243 
iter: 1  value: 561.8226 mgc: 2.084151 ustep: 1 
iter: 2  value: 561.8226 mgc: 0.0145302 ustep: 1 
iter: 3  value: 561.8226 mgc: 1.830157e-06 ustep: 1 
iter: 4  mgc: 2.775558e-14 
iter: 1  value: 562.1032 mgc: 1.839272 ustep: 1 
iter: 2  value: 562.1032 mgc: 0.006562401 ustep: 1 
iter: 3  value: 562.1032 mgc: 5.774783e-07 ustep: 1 
iter: 4  mgc: 2.930989e-14 
iter: 1  value: 562.1627 mgc: 1.256199 ustep: 1 
iter: 2  value: 562.1627 mgc: 0.004623819 ustep: 1 
iter: 3  value: 562.1627 mgc: 1.629355e-07 ustep: 1 
iter: 4  mgc: 1.776357e-14 
iter: 1  value: 562.1138 mgc: 0.5959344 ustep: 1 
iter: 2  value: 562.1138 mgc: 0.00103748 ustep: 1 
iter: 3  mgc: 8.303395e-09 
iter: 1  mgc: 8.303395e-09 
outer mgc:  0.9652932 
iter: 1  value: 562.1596 mgc: 0.6658548 ustep: 1 
iter: 2  value: 562.1596 mgc: 0.0008859229 ustep: 1 
iter: 3  mgc: 6.46817e-09 
iter: 1  mgc: 6.46817e-09 
outer mgc:  1.080548 
iter: 1  value: 562.1043 mgc: 0.5039039 ustep: 1 
iter: 2  value: 562.1043 mgc: 0.0004264914 ustep: 1 
iter: 3  mgc: 1.794706e-09 
iter: 1  mgc: 1.794706e-09 
outer mgc:  0.3858588 
iter: 1  value: 562.0928 mgc: 0.254702 ustep: 1 
iter: 2  value: 562.0928 mgc: 0.000107757 ustep: 1 
iter: 3  mgc: 5.073231e-11 
iter: 1  mgc: 5.073231e-11 
outer mgc:  0.2928069 
iter: 1  value: 562.021 mgc: 0.2350843 ustep: 1 
iter: 2  value: 562.021 mgc: 0.0001109566 ustep: 1 
iter: 3  mgc: 1.38748e-10 
iter: 1  value: 561.9029 mgc: 0.1885179 ustep: 1 
iter: 2  value: 561.9029 mgc: 0.0002268822 ustep: 1 
iter: 3  mgc: 3.966083e-10 
iter: 1  value: 561.5203 mgc: 0.6536609 ustep: 1 
iter: 2  value: 561.5203 mgc: 0.002689531 ustep: 1 
iter: 3  value: 561.5203 mgc: 5.520123e-08 ustep: 1 
mgc: 2.04281e-14 
iter: 1  mgc: 2.04281e-14 
outer mgc:  1.144339 
iter: 1  value: 561.2173 mgc: 1.189789 ustep: 1 
iter: 2  value: 561.2173 mgc: 0.005919593 ustep: 1 
iter: 3  value: 561.2173 mgc: 3.684456e-07 ustep: 1 
iter: 4  mgc: 2.398082e-14 
iter: 1  mgc: 2.398082e-14 
outer mgc:  1.048625 
iter: 1  value: 560.4496 mgc: 1.755683 ustep: 1 
iter: 2  value: 560.4496 mgc: 0.006069049 ustep: 1 
iter: 3  value: 560.4496 mgc: 2.241709e-07 ustep: 1 
iter: 4  mgc: 2.398082e-14 
iter: 1  mgc: 2.398082e-14 
outer mgc:  1.663713 
iter: 1  value: 559.482 mgc: 1.579831 ustep: 1 
iter: 2  value: 559.482 mgc: 0.006108241 ustep: 1 
iter: 3  value: 559.482 mgc: 3.241214e-07 ustep: 1 
iter: 4  mgc: 2.531308e-14 
iter: 1  mgc: 2.531308e-14 
outer mgc:  1.247711 
iter: 1  value: 558.8815 mgc: 2.431433 ustep: 1 
iter: 2  value: 558.8815 mgc: 0.006583539 ustep: 1 
iter: 3  value: 558.8815 mgc: 3.291679e-07 ustep: 1 
iter: 4  mgc: 2.420286e-14 
iter: 1  mgc: 2.420286e-14 
outer mgc:  2.225581 
iter: 1  value: 558.8658 mgc: 3.928898 ustep: 1 
iter: 2  value: 558.8658 mgc: 0.03204937 ustep: 1 
iter: 3  value: 558.8658 mgc: 7.035074e-06 ustep: 1 
iter: 4  mgc: 2.464695e-13 
iter: 1  mgc: 2.464695e-13 
outer mgc:  3.264828 
iter: 1  value: 558.8501 mgc: 2.391538 ustep: 1 
iter: 2  value: 558.8501 mgc: 0.006572925 ustep: 1 
iter: 3  value: 558.8501 mgc: 7.866036e-07 ustep: 1 
iter: 4  mgc: 2.642331e-14 
iter: 1  mgc: 2.642331e-14 
outer mgc:  1.61718 
iter: 1  value: 558.5258 mgc: 1.939068 ustep: 1 
iter: 2  value: 558.5257 mgc: 0.03497462 ustep: 1 
iter: 3  value: 558.5257 mgc: 1.861494e-05 ustep: 1 
iter: 4  mgc: 5.590195e-12 
iter: 1  mgc: 5.590195e-12 
outer mgc:  1.643663 
iter: 1  value: 558.0728 mgc: 1.183497 ustep: 1 
iter: 2  value: 558.0728 mgc: 0.002236365 ustep: 1 
iter: 3  value: 558.0728 mgc: 1.082892e-07 ustep: 1 
iter: 4  mgc: 4.085621e-14 
iter: 1  mgc: 4.085621e-14 
outer mgc:  1.348076 
iter: 1  value: 558.1641 mgc: 0.932252 ustep: 1 
iter: 2  value: 558.1641 mgc: 0.002647088 ustep: 1 
iter: 3  value: 558.1641 mgc: 4.839368e-08 ustep: 1 
mgc: 1.998401e-14 
iter: 1  mgc: 1.998401e-14 
outer mgc:  0.6460816 
iter: 1  value: 558.1447 mgc: 0.8975753 ustep: 1 
iter: 2  value: 558.1447 mgc: 0.0008441861 ustep: 1 
iter: 3  mgc: 7.328349e-09 
iter: 1  mgc: 7.328349e-09 
outer mgc:  0.695145 
iter: 1  value: 557.8788 mgc: 0.5205634 ustep: 1 
iter: 2  value: 557.8788 mgc: 0.0003442901 ustep: 1 
iter: 3  mgc: 1.709479e-09 
iter: 1  mgc: 1.709479e-09 
outer mgc:  0.3794565 
iter: 1  value: 557.7088 mgc: 0.5264169 ustep: 1 
iter: 2  value: 557.7088 mgc: 0.001182334 ustep: 1 
iter: 3  mgc: 6.000481e-09 
iter: 1  mgc: 6.000481e-09 
outer mgc:  0.9095561 
iter: 1  value: 557.5318 mgc: 0.4892113 ustep: 1 
iter: 2  value: 557.5318 mgc: 0.0002105679 ustep: 1 
iter: 3  mgc: 3.033551e-10 
iter: 1  mgc: 3.033551e-10 
outer mgc:  0.256976 
iter: 1  value: 557.4439 mgc: 0.4798853 ustep: 1 
iter: 2  value: 557.4439 mgc: 0.0007886199 ustep: 1 
iter: 3  mgc: 3.904192e-09 
iter: 1  mgc: 3.904192e-09 
outer mgc:  0.2389091 
iter: 1  value: 557.2855 mgc: 0.378555 ustep: 1 
iter: 2  value: 557.2855 mgc: 0.0003156852 ustep: 1 
iter: 3  mgc: 1.176648e-09 
iter: 1  value: 557.1418 mgc: 0.5641936 ustep: 1 
iter: 2  value: 557.1418 mgc: 0.0002809159 ustep: 1 
iter: 3  mgc: 8.265933e-10 
iter: 1  mgc: 8.265933e-10 
outer mgc:  0.4173992 
iter: 1  value: 556.8554 mgc: 0.6219764 ustep: 1 
iter: 2  value: 556.8554 mgc: 0.0002848079 ustep: 1 
iter: 3  mgc: 4.872041e-10 
iter: 1  mgc: 4.872041e-10 
outer mgc:  0.3695971 
iter: 1  value: 556.5653 mgc: 0.5095592 ustep: 1 
iter: 2  value: 556.5653 mgc: 0.0005053905 ustep: 1 
iter: 3  mgc: 2.179282e-09 
iter: 1  mgc: 2.179282e-09 
outer mgc:  0.235638 
iter: 1  value: 556.3119 mgc: 0.455342 ustep: 1 
iter: 2  value: 556.3119 mgc: 0.0002892444 ustep: 1 
iter: 3  mgc: 3.636531e-10 
iter: 1  mgc: 3.636531e-10 
outer mgc:  0.3107754 
iter: 1  value: 556.0634 mgc: 1.000907 ustep: 1 
iter: 2  value: 556.0634 mgc: 0.0003749678 ustep: 1 
iter: 3  mgc: 1.012777e-09 
iter: 1  mgc: 1.012777e-09 
outer mgc:  0.4490663 
iter: 1  value: 555.7857 mgc: 0.6014698 ustep: 1 
iter: 2  value: 555.7857 mgc: 0.000141126 ustep: 1 
iter: 3  mgc: 2.1614e-10 
iter: 1  value: 555.2118 mgc: 0.783842 ustep: 1 
iter: 2  value: 555.2118 mgc: 0.0003444051 ustep: 1 
iter: 3  mgc: 1.268363e-09 
iter: 1  mgc: 1.268363e-09 
outer mgc:  0.5909209 
iter: 1  value: 554.5555 mgc: 0.8512816 ustep: 1 
iter: 2  value: 554.5555 mgc: 0.0007763708 ustep: 1 
iter: 3  mgc: 3.910977e-09 
iter: 1  mgc: 3.910977e-09 
outer mgc:  0.2458163 
iter: 1  value: 553.6785 mgc: 0.967685 ustep: 1 
iter: 2  value: 553.6785 mgc: 0.000884515 ustep: 1 
iter: 3  mgc: 7.694018e-09 
iter: 1  mgc: 7.694018e-09 
outer mgc:  0.3777394 
iter: 1  value: 552.8047 mgc: 1.356787 ustep: 1 
iter: 2  value: 552.8047 mgc: 0.0007544715 ustep: 1 
iter: 3  mgc: 3.348386e-09 
iter: 1  mgc: 3.348386e-09 
outer mgc:  0.2382847 
iter: 1  value: 551.9118 mgc: 1.36552 ustep: 1 
iter: 2  value: 551.9118 mgc: 0.0001656559 ustep: 1 
iter: 3  mgc: 1.644462e-10 
iter: 1  mgc: 1.644462e-10 
outer mgc:  0.4146377 
iter: 1  value: 551.1466 mgc: 1.112699 ustep: 1 
iter: 2  value: 551.1466 mgc: 0.0001608551 ustep: 1 
iter: 3  mgc: 3.08082e-10 
iter: 1  mgc: 3.08082e-10 
outer mgc:  0.2353795 
iter: 1  value: 550.4837 mgc: 1.645309 ustep: 1 
iter: 2  value: 550.4837 mgc: 0.0002938129 ustep: 1 
iter: 3  mgc: 3.083662e-10 
iter: 1  mgc: 3.083662e-10 
outer mgc:  0.3231536 
iter: 1  value: 549.7618 mgc: 0.9749849 ustep: 1 
iter: 2  value: 549.7618 mgc: 5.757707e-05 ustep: 1 
iter: 3  mgc: 3.058798e-11 
iter: 1  value: 548.5911 mgc: 2.248096 ustep: 1 
iter: 2  value: 548.5911 mgc: 0.0001418071 ustep: 1 
iter: 3  mgc: 2.564433e-10 
iter: 1  mgc: 2.564433e-10 
outer mgc:  0.5586277 
iter: 1  value: 546.6036 mgc: 4.315969 ustep: 1 
iter: 2  value: 546.6036 mgc: 0.0005769133 ustep: 1 
iter: 3  mgc: 2.366566e-09 
iter: 1  mgc: 2.366566e-09 
outer mgc:  0.3155874 
iter: 1  value: 545.2436 mgc: 5.214981 ustep: 1 
iter: 2  value: 545.2436 mgc: 0.001184061 ustep: 1 
iter: 3  value: 545.2436 mgc: 1.452259e-08 ustep: 1 
mgc: 3.539391e-13 
iter: 1  value: 545.992 mgc: 2.003679 ustep: 1 
iter: 2  value: 545.992 mgc: 0.0002335145 ustep: 1 
iter: 3  mgc: 5.679825e-10 
iter: 1  mgc: 5.679825e-10 
outer mgc:  0.3405707 
iter: 1  value: 545.4509 mgc: 3.155243 ustep: 1 
iter: 2  value: 545.4509 mgc: 0.0001356447 ustep: 1 
iter: 3  mgc: 1.110956e-10 
iter: 1  mgc: 1.110956e-10 
outer mgc:  0.163175 
iter: 1  value: 544.9586 mgc: 1.646474 ustep: 1 
iter: 2  value: 544.9586 mgc: 5.051561e-05 ustep: 1 
iter: 3  mgc: 3.475131e-11 
iter: 1  mgc: 3.475131e-11 
outer mgc:  0.150602 
iter: 1  value: 544.4563 mgc: 2.488071 ustep: 1 
iter: 2  value: 544.4563 mgc: 4.529015e-05 ustep: 1 
iter: 3  mgc: 1.202502e-11 
iter: 1  mgc: 1.202502e-11 
outer mgc:  0.1522299 
iter: 1  value: 543.9529 mgc: 2.304612 ustep: 1 
iter: 2  value: 543.9529 mgc: 2.835895e-05 ustep: 1 
iter: 3  mgc: 6.735945e-12 
iter: 1  value: 543.2351 mgc: 3.916634 ustep: 1 
iter: 2  value: 543.2351 mgc: 6.752173e-05 ustep: 1 
iter: 3  mgc: 3.393996e-11 
iter: 1  mgc: 3.393996e-11 
outer mgc:  0.1580525 
iter: 1  value: 542.7152 mgc: 3.235492 ustep: 1 
iter: 2  value: 542.7152 mgc: 0.0001067638 ustep: 1 
iter: 3  mgc: 8.770318e-11 
iter: 1  mgc: 8.770318e-11 
outer mgc:  0.08079935 
iter: 1  value: 542.7217 mgc: 1.852768 ustep: 1 
iter: 2  value: 542.7217 mgc: 1.204667e-05 ustep: 1 
iter: 3  mgc: 1.152634e-12 
iter: 1  mgc: 1.152634e-12 
outer mgc:  0.04609086 
iter: 1  value: 542.8019 mgc: 0.717389 ustep: 1 
iter: 2  value: 542.8019 mgc: 3.507709e-06 ustep: 1 
iter: 3  mgc: 3.120837e-13 
iter: 1  value: 543.0422 mgc: 1.927851 ustep: 1 
iter: 2  value: 543.0422 mgc: 3.200341e-05 ustep: 1 
iter: 3  mgc: 6.794787e-12 
iter: 1  mgc: 6.794787e-12 
outer mgc:  0.08126509 
iter: 1  value: 543.3945 mgc: 1.173868 ustep: 1 
iter: 2  value: 543.3945 mgc: 2.840291e-05 ustep: 1 
iter: 3  mgc: 6.878942e-12 
iter: 1  mgc: 6.878942e-12 
outer mgc:  0.03679979 
iter: 1  value: 543.7805 mgc: 1.644656 ustep: 1 
iter: 2  value: 543.7805 mgc: 9.111612e-06 ustep: 1 
iter: 3  mgc: 5.555556e-13 
iter: 1  mgc: 5.555556e-13 
outer mgc:  0.02420851 
iter: 1  value: 544.1895 mgc: 1.106852 ustep: 1 
iter: 2  value: 544.1895 mgc: 7.696785e-06 ustep: 1 
iter: 3  mgc: 6.054601e-13 
iter: 1  mgc: 6.054601e-13 
outer mgc:  0.01655178 
iter: 1  value: 544.2614 mgc: 0.9695639 ustep: 1 
iter: 2  value: 544.2614 mgc: 1.889371e-06 ustep: 1 
iter: 3  mgc: 2.129408e-13 
iter: 1  mgc: 2.129408e-13 
outer mgc:  0.01540215 
iter: 1  value: 544.3346 mgc: 0.5120446 ustep: 1 
iter: 2  value: 544.3346 mgc: 1.291228e-06 ustep: 1 
iter: 3  mgc: 2.819966e-13 
iter: 1  mgc: 2.819966e-13 
outer mgc:  0.01545579 
iter: 1  value: 544.4785 mgc: 1.33617 ustep: 1 
iter: 2  value: 544.4785 mgc: 1.002058e-05 ustep: 1 
iter: 3  mgc: 1.542655e-12 
iter: 1  mgc: 1.542655e-12 
outer mgc:  0.02086963 
iter: 1  value: 544.46 mgc: 0.6124366 ustep: 1 
iter: 2  value: 544.46 mgc: 2.092867e-06 ustep: 1 
iter: 3  mgc: 2.774447e-13 
iter: 1  mgc: 2.774447e-13 
outer mgc:  0.0227823 
iter: 1  value: 544.4216 mgc: 0.2627766 ustep: 1 
iter: 2  value: 544.4216 mgc: 4.39573e-07 ustep: 1 
iter: 3  mgc: 2.997602e-13 
iter: 1  value: 544.3644 mgc: 0.3945468 ustep: 1 
iter: 2  value: 544.3644 mgc: 9.710912e-07 ustep: 1 
iter: 3  mgc: 5.92415e-13 
iter: 1  mgc: 5.92415e-13 
outer mgc:  0.005084164 
iter: 1  value: 544.2644 mgc: 0.4718992 ustep: 1 
iter: 2  value: 544.2644 mgc: 5.880707e-07 ustep: 1 
iter: 3  mgc: 3.257394e-13 
iter: 1  mgc: 3.257394e-13 
outer mgc:  0.01198365 
iter: 1  value: 544.158 mgc: 1.044994 ustep: 1 
iter: 2  value: 544.158 mgc: 2.470536e-06 ustep: 1 
iter: 3  mgc: 2.328138e-13 
iter: 1  mgc: 2.328138e-13 
outer mgc:  0.02077911 
iter: 1  value: 544.1087 mgc: 1.183642 ustep: 1 
iter: 2  value: 544.1087 mgc: 2.301625e-06 ustep: 1 
iter: 3  mgc: 5.404566e-13 
iter: 1  mgc: 5.404566e-13 
outer mgc:  0.02076869 
iter: 1  value: 544.1684 mgc: 1.112878 ustep: 1 
iter: 2  value: 544.1684 mgc: 2.855282e-06 ustep: 1 
iter: 3  mgc: 4.169443e-13 
iter: 1  mgc: 4.169443e-13 
outer mgc:  0.0177702 
iter: 1  value: 544.2548 mgc: 0.4894195 ustep: 1 
iter: 2  value: 544.2548 mgc: 1.25634e-06 ustep: 1 
iter: 3  mgc: 3.321787e-13 
iter: 1  mgc: 3.321787e-13 
outer mgc:  0.01006479 
iter: 1  value: 544.4272 mgc: 0.8016104 ustep: 1 
iter: 2  value: 544.4272 mgc: 2.73156e-06 ustep: 1 
iter: 3  mgc: 3.005374e-13 
iter: 1  mgc: 3.005374e-13 
outer mgc:  0.01396591 
iter: 1  value: 544.5371 mgc: 0.5489993 ustep: 1 
iter: 2  value: 544.5371 mgc: 1.081929e-06 ustep: 1 
iter: 3  mgc: 2.754463e-13 
iter: 1  mgc: 2.754463e-13 
outer mgc:  0.01938033 
iter: 1  value: 544.754 mgc: 1.383933 ustep: 1 
iter: 2  value: 544.754 mgc: 5.639815e-06 ustep: 1 
iter: 3  mgc: 4.667378e-13 
iter: 1  mgc: 4.667378e-13 
outer mgc:  0.03574404 
iter: 1  value: 544.9286 mgc: 2.010302 ustep: 1 
iter: 2  value: 544.9286 mgc: 1.191236e-05 ustep: 1 
iter: 3  mgc: 1.666667e-12 
iter: 1  mgc: 1.666667e-12 
outer mgc:  0.05485461 
iter: 1  value: 544.9111 mgc: 3.489356 ustep: 1 
iter: 2  value: 544.9111 mgc: 3.480802e-05 ustep: 1 
iter: 3  mgc: 1.234257e-11 
iter: 1  mgc: 1.234257e-11 
outer mgc:  0.07642488 
iter: 1  value: 544.193 mgc: 4.438992 ustep: 1 
iter: 2  value: 544.193 mgc: 4.62749e-05 ustep: 1 
iter: 3  mgc: 2.585865e-11 
iter: 1  mgc: 2.585865e-11 
outer mgc:  0.09176474 
iter: 1  value: 542.3868 mgc: 4.019451 ustep: 1 
iter: 2  value: 542.3868 mgc: 2.0778e-05 ustep: 1 
iter: 3  mgc: 8.337553e-12 
iter: 1  mgc: 8.337553e-12 
outer mgc:  0.1050987 
iter: 1  value: 540.3654 mgc: 3.898655 ustep: 1 
iter: 2  value: 540.3654 mgc: 3.334665e-05 ustep: 1 
iter: 3  mgc: 1.28253e-11 
iter: 1  mgc: 1.28253e-11 
outer mgc:  0.05524454 
iter: 1  value: 538.3941 mgc: 8.246091 ustep: 1 
iter: 2  value: 538.3941 mgc: 6.592162e-05 ustep: 1 
iter: 3  mgc: 2.806688e-11 
iter: 1  mgc: 2.806688e-11 
outer mgc:  0.04042151 
iter: 1  value: 537.1383 mgc: 3.516617 ustep: 1 
iter: 2  value: 537.1383 mgc: 2.126635e-05 ustep: 1 
iter: 3  mgc: 4.597545e-12 
iter: 1  mgc: 4.597545e-12 
outer mgc:  0.03263987 
iter: 1  value: 536.4684 mgc: 16.08058 ustep: 1 
iter: 2  value: 536.4684 mgc: 2.952244e-05 ustep: 1 
iter: 3  mgc: 6.578016e-12 
iter: 1  mgc: 6.578016e-12 
outer mgc:  0.08274753 
iter: 1  value: 535.6503 mgc: 8.257654 ustep: 1 
iter: 2  value: 535.6503 mgc: 7.120088e-06 ustep: 1 
iter: 3  mgc: 1.497358e-12 
iter: 1  mgc: 1.497358e-12 
outer mgc:  0.02674586 
iter: 1  value: 534.8332 mgc: 4.7471 ustep: 1 
iter: 2  value: 534.8332 mgc: 2.786573e-06 ustep: 1 
iter: 3  mgc: 3.173017e-12 
iter: 1  mgc: 3.173017e-12 
outer mgc:  0.01534967 
iter: 1  value: 534.1811 mgc: 6.822696 ustep: 1 
iter: 2  value: 534.1811 mgc: 1.959615e-06 ustep: 1 
iter: 3  mgc: 3.637535e-12 
iter: 1  value: 533.4188 mgc: 10.19251 ustep: 1 
iter: 2  value: 533.4188 mgc: 3.117884e-06 ustep: 1 
iter: 3  mgc: 2.830014e-12 
iter: 1  mgc: 2.830014e-12 
outer mgc:  0.02767868 
iter: 1  value: 532.1843 mgc: 9.06909 ustep: 1 
iter: 2  value: 532.1843 mgc: 1.409382e-06 ustep: 1 
iter: 3  mgc: 4.061196e-12 
iter: 1  mgc: 4.061196e-12 
outer mgc:  0.02634945 
iter: 1  value: 530.522 mgc: 10.63973 ustep: 1 
iter: 2  value: 530.522 mgc: 1.339893e-06 ustep: 1 
iter: 3  mgc: 6.552314e-12 
iter: 1  mgc: 6.552314e-12 
outer mgc:  0.01094207 
iter: 1  value: 529.0965 mgc: 8.343997 ustep: 1 
iter: 2  value: 529.0965 mgc: 7.534575e-07 ustep: 1 
iter: 3  mgc: 8.007484e-12 
iter: 1  mgc: 8.007484e-12 
outer mgc:  0.01100045 
iter: 1  value: 527.2564 mgc: 6.362525 ustep: 1 
iter: 2  value: 527.2564 mgc: 5.731243e-07 ustep: 1 
iter: 3  mgc: 7.888135e-12 
iter: 1  mgc: 7.888135e-12 
outer mgc:  0.007727531 
iter: 1  value: 525.7114 mgc: 6.637327 ustep: 1 
iter: 2  value: 525.7114 mgc: 5.437729e-07 ustep: 1 
iter: 3  mgc: 1.466771e-11 
iter: 1  mgc: 1.466771e-11 
outer mgc:  0.00904213 
iter: 1  value: 523.8077 mgc: 15.1802 ustep: 1 
iter: 2  value: 523.8077 mgc: 1.077822e-06 ustep: 1 
iter: 3  mgc: 1.765427e-11 
iter: 1  mgc: 1.765427e-11 
outer mgc:  0.004074682 
iter: 1  value: 522.2028 mgc: 12.87438 ustep: 1 
iter: 2  value: 522.2028 mgc: 5.579979e-07 ustep: 1 
iter: 3  mgc: 4.435763e-11 
iter: 1  mgc: 4.435763e-11 
outer mgc:  0.005955722 
iter: 1  value: 520.3332 mgc: 21.89579 ustep: 1 
iter: 2  value: 520.3332 mgc: 9.379141e-07 ustep: 1 
iter: 3  mgc: 3.032641e-11 
iter: 1  mgc: 3.032641e-11 
outer mgc:  0.003969473 
iter: 1  value: 518.7486 mgc: 45.80725 ustep: 1 
iter: 2  value: 518.7486 mgc: 6.449136e-07 ustep: 1 
iter: 3  mgc: 7.102741e-11 
iter: 1  mgc: 7.102741e-11 
outer mgc:  0.004730384 
iter: 1  value: 517.3895 mgc: 32.55314 ustep: 1 
iter: 2  value: 517.3895 mgc: 8.766872e-07 ustep: 1 
iter: 3  mgc: 4.740808e-11 
iter: 1  mgc: 4.740808e-11 
outer mgc:  0.005316623 
iter: 1  value: 516.1914 mgc: 26.03064 ustep: 1 
iter: 2  value: 516.1914 mgc: 2.066134e-07 ustep: 1 
iter: 3  mgc: 7.104561e-11 
iter: 1  mgc: 7.104561e-11 
outer mgc:  0.001983402 
iter: 1  value: 514.4774 mgc: 23.47606 ustep: 1 
iter: 2  value: 514.4774 mgc: 1.395991e-07 ustep: 1 
iter: 3  mgc: 2.739768e-10 
iter: 1  mgc: 2.739768e-10 
outer mgc:  0.001635189 
iter: 1  value: 513.0537 mgc: 33.04471 ustep: 1 
iter: 2  value: 513.0537 mgc: 1.148859e-07 ustep: 1 
mgc: 1.43999e-10 
iter: 1  mgc: 1.43999e-10 
outer mgc:  0.0009062957 
iter: 1  value: 511.807 mgc: 22.79669 ustep: 1 
iter: 2  value: 511.807 mgc: 3.711164e-08 ustep: 1 
mgc: 1.904364e-10 
iter: 1  mgc: 1.904364e-10 
outer mgc:  0.000841509 
iter: 1  value: 510.6987 mgc: 28.0634 ustep: 1 
iter: 2  value: 510.6987 mgc: 3.642832e-08 ustep: 1 
mgc: 3.16031e-10 
iter: 1  mgc: 3.16031e-10 
outer mgc:  0.0005897956 
iter: 1  value: 509.7006 mgc: 14.87767 ustep: 1 
iter: 2  value: 509.7006 mgc: 1.259515e-08 ustep: 1 
mgc: 2.096169e-10 
iter: 1  mgc: 2.096169e-10 
outer mgc:  0.0004098584 
iter: 1  mgc: 2.096169e-10 
iter: 1  mgc: 2.096169e-10 
outer mgc:  0.0004098584 
iter: 1  value: 509.7002 mgc: 0.03470864 ustep: 1 
iter: 2  value: 509.7002 mgc: 4.949177e-06 ustep: 1 
iter: 3  mgc: 4.414422e-10 
outer mgc:  0.08199229 
iter: 1  value: 509.7011 mgc: 0.03468735 ustep: 1 
iter: 2  value: 509.7011 mgc: 4.950405e-06 ustep: 1 
iter: 3  mgc: 3.287803e-10 
outer mgc:  0.08194589 
iter: 1  value: 509.7004 mgc: 0.01752313 ustep: 1 
iter: 2  value: 509.7004 mgc: 1.305136e-06 ustep: 1 
iter: 3  mgc: 2.72619e-10 
outer mgc:  0.06392092 
iter: 1  value: 509.7009 mgc: 0.01751204 ustep: 1 
iter: 2  value: 509.7009 mgc: 1.304356e-06 ustep: 1 
iter: 3  mgc: 2.873459e-10 
outer mgc:  0.06370609 
iter: 1  value: 509.7011 mgc: 0.03857994 ustep: 1 
iter: 2  value: 509.7011 mgc: 3.914543e-06 ustep: 1 
iter: 3  mgc: 3.783529e-10 
outer mgc:  0.1052119 
iter: 1  value: 509.7002 mgc: 0.0385624 ustep: 1 
iter: 2  value: 509.7002 mgc: 3.915265e-06 ustep: 1 
iter: 3  mgc: 4.963448e-10 
outer mgc:  0.105157 
iter: 1  value: 509.7009 mgc: 0.01881543 ustep: 1 
iter: 2  value: 509.7009 mgc: 1.2221e-06 ustep: 1 
iter: 3  mgc: 2.290278e-10 
outer mgc:  0.08901442 
iter: 1  value: 509.7004 mgc: 0.01880446 ustep: 1 
iter: 2  value: 509.7004 mgc: 1.221786e-06 ustep: 1 
iter: 3  mgc: 2.271903e-10 
outer mgc:  0.08902759 
iter: 1  value: 509.7001 mgc: 0.03518608 ustep: 1 
iter: 2  value: 509.7001 mgc: 7.053619e-06 ustep: 1 
iter: 3  mgc: 3.192429e-10 
outer mgc:  0.05391807 
iter: 1  value: 509.7012 mgc: 0.03516458 ustep: 1 
iter: 2  value: 509.7012 mgc: 7.057879e-06 ustep: 1 
iter: 3  mgc: 1.716582e-10 
outer mgc:  0.05434688 
iter: 1  value: 509.7004 mgc: 0.01689812 ustep: 1 
iter: 2  value: 509.7004 mgc: 1.969487e-06 ustep: 1 
iter: 3  mgc: 3.052141e-10 
outer mgc:  0.0690167 
iter: 1  value: 509.7009 mgc: 0.0168884 ustep: 1 
iter: 2  value: 509.7009 mgc: 1.968901e-06 ustep: 1 
iter: 3  mgc: 3.332393e-10 
outer mgc:  0.06908944 
iter: 1  value: 509.7002 mgc: 0.03393717 ustep: 1 
iter: 2  value: 509.7002 mgc: 6.254214e-06 ustep: 1 
iter: 3  mgc: 2.58478e-10 
outer mgc:  0.05494287 
iter: 1  value: 509.701 mgc: 0.03391666 ustep: 1 
iter: 2  value: 509.701 mgc: 6.257706e-06 ustep: 1 
iter: 3  mgc: 3.341496e-10 
outer mgc:  0.05507766 
iter: 1  value: 509.7005 mgc: 0.0157715 ustep: 1 
iter: 2  value: 509.7005 mgc: 1.738602e-06 ustep: 1 
iter: 3  mgc: 3.61732e-10 
outer mgc:  0.06264424 
iter: 1  value: 509.7008 mgc: 0.01576096 ustep: 1 
iter: 2  value: 509.7008 mgc: 1.737938e-06 ustep: 1 
iter: 3  mgc: 2.514018e-10 
outer mgc:  0.06282361 
iter: 1  value: 509.7003 mgc: 0.03836267 ustep: 1 
iter: 2  value: 509.7003 mgc: 5.108859e-06 ustep: 1 
iter: 3  mgc: 2.093938e-10 
outer mgc:  0.07953223 
iter: 1  value: 509.701 mgc: 0.03834281 ustep: 1 
iter: 2  value: 509.701 mgc: 5.112114e-06 ustep: 1 
iter: 3  mgc: 4.544984e-10 
outer mgc:  0.07952722 
iter: 1  value: 509.7005 mgc: 0.02136274 ustep: 1 
iter: 2  value: 509.7005 mgc: 1.580172e-06 ustep: 1 
iter: 3  mgc: 4.291686e-10 
outer mgc:  0.07920306 
iter: 1  value: 509.7007 mgc: 0.02135436 ustep: 1 
iter: 2  value: 509.7007 mgc: 1.580742e-06 ustep: 1 
iter: 3  mgc: 4.234408e-10 
outer mgc:  0.07903166 
iter: 1  value: 509.7026 mgc: 0.0456839 ustep: 1 
iter: 2  value: 509.7026 mgc: 2.3163e-06 ustep: 1 
iter: 3  mgc: 5.537501e-10 
outer mgc:  0.1830793 
iter: 1  value: 509.6988 mgc: 0.04566707 ustep: 1 
iter: 2  value: 509.6988 mgc: 2.316498e-06 ustep: 1 
iter: 3  mgc: 2.510041e-10 
outer mgc:  0.1826301 
iter: 1  value: 509.7012 mgc: 0.01626454 ustep: 1 
iter: 2  value: 509.7012 mgc: 4.165309e-07 ustep: 1 
iter: 3  mgc: 3.483903e-10 
outer mgc:  0.1099727 
iter: 1  value: 509.7001 mgc: 0.01625483 ustep: 1 
iter: 2  value: 509.7001 mgc: 4.161073e-07 ustep: 1 
iter: 3  mgc: 6.136602e-10 
outer mgc:  0.1100205 
iter: 1  value: 509.6986 mgc: 84.19208 ustep: 1 
iter: 2  value: 509.6986 mgc: 6.358012e-08 ustep: 1 
mgc: 2.425473e-10 
outer mgc:  0.001265308 
iter: 1  value: 509.7026 mgc: 84.15531 ustep: 1 
iter: 2  value: 509.7026 mgc: 6.349008e-08 ustep: 1 
mgc: 3.31136e-10 
outer mgc:  0.002085809 
iter: 1  value: 509.6986 mgc: 296.7585 ustep: 1 
iter: 2  value: 509.6986 mgc: 6.124044e-07 ustep: 1 
iter: 3  mgc: 3.824283e-10 
outer mgc:  0.01922437 
iter: 1  value: 509.7026 mgc: 296.6455 ustep: 1 
iter: 2  value: 509.7026 mgc: 6.120431e-07 ustep: 1 
iter: 3  mgc: 4.665786e-10 
outer mgc:  0.01839818 
iter: 1  value: 509.7056 mgc: 309.3005 ustep: 1 
iter: 2  value: 509.7056 mgc: 2.243329e-06 ustep: 1 
iter: 3  mgc: 4.092358e-10 
outer mgc:  0.03139817 
iter: 1  value: 509.6957 mgc: 309.8309 ustep: 1 
iter: 2  value: 509.6957 mgc: 2.236686e-06 ustep: 1 
iter: 3  mgc: 2.298912e-10 
outer mgc:  0.03212871 
iter: 1  value: 509.6991 mgc: 101.5903 ustep: 1 
iter: 2  value: 509.6991 mgc: 1.938497e-07 ustep: 1 
iter: 3  mgc: 5.048451e-10 
outer mgc:  0.002528095 
iter: 1  value: 509.7021 mgc: 101.5481 ustep: 1 
iter: 2  value: 509.7021 mgc: 1.939292e-07 ustep: 1 
iter: 3  mgc: 2.352858e-10 
outer mgc:  0.002437567 
iter: 1  value: 509.7017 mgc: 205.4978 ustep: 1 
iter: 2  value: 509.7017 mgc: 3.584986e-07 ustep: 1 
iter: 3  mgc: 2.004028e-10 
outer mgc:  0.008542729 
iter: 1  value: 509.6995 mgc: 205.7153 ustep: 1 
iter: 2  value: 509.6995 mgc: 3.580486e-07 ustep: 1 
iter: 3  mgc: 3.537879e-10 
outer mgc:  0.008514755 
iter: 1  value: 509.7013 mgc: 217.2302 ustep: 1 
iter: 2  value: 509.7013 mgc: 5.077057e-07 ustep: 1 
iter: 3  mgc: 3.037036e-10 
outer mgc:  0.00965778 
iter: 1  value: 509.7 mgc: 217.2279 ustep: 1 
iter: 2  value: 509.7 mgc: 5.070217e-07 ustep: 1 
iter: 3  mgc: 3.549792e-10 
outer mgc:  0.009793997 
iter: 1  value: 509.7006 mgc: 88.90322 ustep: 1 
iter: 2  value: 509.7006 mgc: 2.063545e-08 ustep: 1 
mgc: 4.47542e-10 
outer mgc:  0.002652946 
iter: 1  value: 509.7006 mgc: 88.92071 ustep: 1 
iter: 2  value: 509.7006 mgc: 2.057288e-08 ustep: 1 
mgc: 3.318625e-10 
outer mgc:  0.001833857 
iter: 1  value: 509.6992 mgc: 107.8091 ustep: 1 
iter: 2  value: 509.6992 mgc: 5.043881e-08 ustep: 1 
mgc: 3.605647e-10 
outer mgc:  0.002327742 
iter: 1  value: 509.702 mgc: 107.7498 ustep: 1 
iter: 2  value: 509.702 mgc: 5.039077e-08 ustep: 1 
mgc: 4.757179e-10 
outer mgc:  0.001851263 
iter: 1  value: 509.7001 mgc: 122.5331 ustep: 1 
iter: 2  value: 509.7001 mgc: 2.511049e-08 ustep: 1 
mgc: 1.893202e-10 
outer mgc:  0.001163031 
iter: 1  value: 509.7011 mgc: 122.5115 ustep: 1 
iter: 2  value: 509.7011 mgc: 2.564801e-08 ustep: 1 
mgc: 2.881291e-10 
outer mgc:  0.001782965 
iter: 1  value: 509.7007 mgc: 111.9391 ustep: 1 
iter: 2  value: 509.7007 mgc: 4.346627e-08 ustep: 1 
mgc: 2.910665e-10 
outer mgc:  0.00128654 
iter: 1  value: 509.7005 mgc: 111.9504 ustep: 1 
iter: 2  value: 509.7005 mgc: 4.337964e-08 ustep: 1 
mgc: 3.536922e-10 
outer mgc:  0.001601655 
iter: 1  value: 509.7006 mgc: 0.743442 ustep: 1 
iter: 2  mgc: 4.222969e-10 
outer mgc:  0.0004179005 
iter: 1  value: 509.7006 mgc: 0.743441 ustep: 1 
iter: 2  mgc: 2.988725e-10 
outer mgc:  0.0005655309 
iter: 1  value: 509.7006 mgc: 1.29841 ustep: 1 
iter: 2  mgc: 2.264761e-10 
outer mgc:  0.0004471938 
iter: 1  value: 509.7006 mgc: 1.298417 ustep: 1 
iter: 2  mgc: 3.396208e-10 
outer mgc:  0.0003926243 
iter: 1  value: 509.7006 mgc: 1.561928 ustep: 1 
iter: 2  mgc: 3.77304e-10 
outer mgc:  0.0004351879 
iter: 1  value: 509.7006 mgc: 1.56193 ustep: 1 
iter: 2  mgc: 1.953264e-10 
outer mgc:  0.0003845301 
iter: 1  value: 509.7006 mgc: 1.455045 ustep: 1 
iter: 2  mgc: 5.763836e-10 
outer mgc:  0.0004990916 
iter: 1  value: 509.7006 mgc: 1.455045 ustep: 1 
iter: 2  mgc: 3.621019e-10 
outer mgc:  0.0003936467 
iter: 1  value: 509.7005 mgc: 0.9034517 ustep: 1 
iter: 2  mgc: 3.645564e-10 
outer mgc:  0.0004903385 
iter: 1  value: 509.7007 mgc: 0.9034318 ustep: 1 
iter: 2  mgc: 2.245573e-10 
outer mgc:  0.0004373255 
iter: 1  value: 509.7041 mgc: 1518.377 ustep: 1 
iter: 2  value: 509.7041 mgc: 6.823528e-06 ustep: 1 
iter: 3  mgc: 1.712754e-10 
outer mgc:  0.0967336 
iter: 1  value: 509.6972 mgc: 1522.939 ustep: 1 
iter: 2  value: 509.6972 mgc: 6.835126e-06 ustep: 1 
iter: 3  mgc: 4.820178e-10 
outer mgc:  0.09599438 
iter: 1  value: 509.706 mgc: 1026.83 ustep: 1 
iter: 2  value: 509.706 mgc: 3.717248e-06 ustep: 1 
iter: 3  mgc: 3.65987e-10 
outer mgc:  0.07741321 
iter: 1  value: 509.6953 mgc: 1027.858 ustep: 1 
iter: 2  value: 509.6953 mgc: 3.728631e-06 ustep: 1 
iter: 3  mgc: 4.122607e-10 
outer mgc:  0.0774881 
iter: 1  value: 509.7031 mgc: 402.5436 ustep: 1 
iter: 2  value: 509.7031 mgc: 3.46075e-06 ustep: 1 
iter: 3  mgc: 2.31005e-10 
outer mgc:  0.09113172 
iter: 1  value: 509.6981 mgc: 402.9463 ustep: 1 
iter: 2  value: 509.6981 mgc: 3.467264e-06 ustep: 1 
iter: 3  mgc: 3.406511e-10 
outer mgc:  0.09131378 
iter: 1  value: 509.7032 mgc: 633.0315 ustep: 1 
iter: 2  value: 509.7032 mgc: 3.945722e-06 ustep: 1 
iter: 3  mgc: 1.929834e-10 
outer mgc:  0.1090778 
iter: 1  value: 509.6981 mgc: 633.6649 ustep: 1 
iter: 2  value: 509.6981 mgc: 3.956465e-06 ustep: 1 
iter: 3  mgc: 1.955031e-10 
outer mgc:  0.1091378 
iter: 1  value: 509.7038 mgc: 1472.133 ustep: 1 
iter: 2  value: 509.7038 mgc: 4.898608e-06 ustep: 1 
iter: 3  mgc: 3.404103e-10 
outer mgc:  0.1682636 
iter: 1  value: 509.6975 mgc: 1473.606 ustep: 1 
iter: 2  value: 509.6975 mgc: 4.906574e-06 ustep: 1 
iter: 3  mgc: 3.657382e-10 
outer mgc:  0.1685764 
iter: 1  value: 509.7067 mgc: 610.9195 ustep: 1 
iter: 2  value: 509.7067 mgc: 5.235042e-06 ustep: 1 
iter: 3  mgc: 3.354669e-10 
outer mgc:  0.1898593 
iter: 1  value: 509.6947 mgc: 611.5307 ustep: 1 
iter: 2  value: 509.6947 mgc: 5.235679e-06 ustep: 1 
iter: 3  mgc: 3.095472e-10 
outer mgc:  0.1895966 
Warning message:
package ‘nnet’ was built under R version 3.6.3 
[Sun Aug 15 15:25:30 2021]
Finished job 0.
1 of 1 steps (100%) done
