Building DAG of jobs...
Using shell: /usr/bin/bash
Provided cores: 80
Rules claiming more threads will be scaled down.
Job counts:
	count	jobs
	1	inference_simulation_TMB_multiple
	1
Select jobs to execute...

[Sun Aug 15 14:04:03 2021]
rule inference_simulation_TMB_multiple:
    input: ../data/assessing_models_simulation/datasets/multiple_GenerationCnorm_10_100_80_5_0_NA_NA_NA_dataset0.RDS
    output: ../data/assessing_models_simulation/inference_results/TMB/nlminb/multiple_GenerationCnorm_10_100_80_5_0_diagREDMsinglelambda_NA_NA_NA_dataset0.RDS
    log: logs/inference/nlminb/simulation_GenerationCnorm_10_100_80_5_0_ModeldiagREDMsinglelambda_NA_NA_NA_dataset0.log
    jobid: 0
    wildcards: optimiser=nlminb, datasetgeneration=GenerationCnorm, n=10, nlambda=100, lmbda=80, d=5, beta_intensity=0, model=diagREDMsinglelambda, fixed_beta_intercept=NA, fixed_beta_slope=NA, sdRE_input=NA, itnum=0

Rscript 2_inference_TMB/run_TMB.R --input ../data/assessing_models_simulation/datasets/multiple_GenerationCnorm_10_100_80_5_0_NA_NA_NA_dataset0.RDS --output ../data/assessing_models_simulation/inference_results/TMB/nlminb/multiple_GenerationCnorm_10_100_80_5_0_diagREDMsinglelambda_NA_NA_NA_dataset0.RDS --model diagREDMsinglelambda --optimiser nlminb
Model: diagREDMsinglelambda 
Feature type: signatures 
Using nlminb: TRUE 
Simulation boolean: TRUE 
make: Nothing to be done for 'all'.
../data/assessing_models_simulation/datasets/multiple_GenerationCnorm_10_100_80_5_0_NA_NA_NA_dataset0.RDS[1] "../data/assessing_models_simulation/datasets/multiple_GenerationCnorm_10_100_80_5_0_NA_NA_NA_dataset0.RDS"
Reading file ../data/assessing_models_simulation/datasets/multiple_GenerationCnorm_10_100_80_5_0_NA_NA_NA_dataset0.RDS 
Loading required package: nnet
# weights:  15 (8 variable)
initial  value 3249.455145 
iter  10 value 3108.975328
final  value 3106.783336 
converged
Constructing atomic invpd
Constructing atomic D_lgamma
Constructing atomic invpd
Constructing atomic D_lgamma
Constructing atomic matmul
Constructing atomic invpd
Constructing atomic D_lgamma
Constructing atomic matmul
Optimizing tape... Done
iter: 1  value: 3191.706 mgc: 5.039136 ustep: 1 
iter: 2  value: 3189.294 mgc: 0.9048023 ustep: 1 
iter: 3  value: 3189.277 mgc: 0.08907606 ustep: 1 
iter: 4  value: 3189.277 mgc: 0.0004422278 ustep: 1 
iter: 5  value: 3189.277 mgc: 3.949032e-08 ustep: 1 
iter: 6  mgc: 1.415534e-15 
iter: 1  mgc: 1.415534e-15 
Matching hessian patterns... Done
outer mgc:  39.24986 
iter: 1  value: 3148.444 mgc: 1.010655 ustep: 1 
iter: 2  value: 3148.433 mgc: 0.08134622 ustep: 1 
iter: 3  value: 3148.433 mgc: 0.001155547 ustep: 1 
iter: 4  value: 3148.433 mgc: 4.942733e-07 ustep: 1 
iter: 5  mgc: 7.405188e-14 
iter: 1  value: 3094.379 mgc: 2.290131 ustep: 1 
iter: 2  value: 3094.241 mgc: 0.5056844 ustep: 1 
iter: 3  value: 3094.241 mgc: 0.01372852 ustep: 1 
iter: 4  value: 3094.241 mgc: 1.009456e-05 ustep: 1 
iter: 5  mgc: 1.355716e-11 
iter: 1  mgc: 1.355716e-11 
outer mgc:  8.565804 
iter: 1  value: 3168.138 mgc: 14.99159 ustep: 0.4367355 
iter: 2  value: 3096.437 mgc: 37.76722 ustep: 0.6608936 
iter: 3  value: 3093.341 mgc: 6.123614 ustep: 0.8129723 
iter: 4  value: 3093.301 mgc: 0.7592236 ustep: 0.9016596 
iter: 5  value: 3093.301 mgc: 0.02245888 ustep: 0.9495626 
iter: 6  value: 3093.301 mgc: 0.0001020214 ustep: 0.9744576 
iter: 7  value: 3093.301 mgc: 2.559729e-07 ustep: 0.9871475 
iter: 8  mgc: 8.863624e-10 
iter: 1  value: 3078.411 mgc: 5.100885 ustep: 1 
iter: 2  value: 3077.525 mgc: 2.314852 ustep: 1 
iter: 3  value: 3077.521 mgc: 0.1649162 ustep: 1 
iter: 4  value: 3077.521 mgc: 0.001294516 ustep: 1 
iter: 5  value: 3077.521 mgc: 8.20338e-08 ustep: 1 
iter: 6  mgc: 6.727952e-14 
iter: 1  mgc: 6.727952e-14 
outer mgc:  13.02833 
iter: 1  value: 3082.716 mgc: 15.60132 ustep: 1 
iter: 2  value: 3080.581 mgc: 3.847141 ustep: 1 
iter: 3  value: 3080.578 mgc: 0.1736014 ustep: 1 
iter: 4  value: 3080.578 mgc: 0.0004736542 ustep: 1 
iter: 5  mgc: 3.535621e-09 
iter: 1  value: 3073.205 mgc: 5.889382 ustep: 1 
iter: 2  value: 3073.151 mgc: 0.4822736 ustep: 1 
iter: 3  value: 3073.151 mgc: 0.003563481 ustep: 1 
iter: 4  value: 3073.151 mgc: 2.105513e-07 ustep: 1 
iter: 5  mgc: 8.182344e-14 
iter: 1  mgc: 8.182344e-14 
outer mgc:  8.077559 
iter: 1  value: 3069.286 mgc: 3.50497 ustep: 1 
iter: 2  value: 3069.283 mgc: 0.1187113 ustep: 1 
iter: 3  value: 3069.283 mgc: 0.0003364786 ustep: 1 
iter: 4  mgc: 2.870737e-09 
iter: 1  mgc: 2.870737e-09 
outer mgc:  7.623656 
iter: 1  value: 3060.931 mgc: 8.770988 ustep: 1 
iter: 2  value: 3060.802 mgc: 0.8113821 ustep: 1 
iter: 3  value: 3060.802 mgc: 0.02151299 ustep: 1 
iter: 4  value: 3060.802 mgc: 1.713813e-05 ustep: 1 
iter: 5  mgc: 1.089201e-11 
iter: 1  mgc: 1.089201e-11 
outer mgc:  5.789915 
iter: 1  value: 3055.545 mgc: 2.964801 ustep: 1 
iter: 2  value: 3055.53 mgc: 0.2646275 ustep: 1 
iter: 3  value: 3055.53 mgc: 0.002116589 ustep: 1 
iter: 4  value: 3055.53 mgc: 1.734068e-07 ustep: 1 
iter: 5  mgc: 8.11573e-14 
iter: 1  mgc: 8.11573e-14 
outer mgc:  12.06719 
iter: 1  value: 3053.323 mgc: 7.673439 ustep: 1 
iter: 2  value: 3053.154 mgc: 1.1211 ustep: 1 
iter: 3  value: 3053.154 mgc: 0.02142219 ustep: 1 
iter: 4  value: 3053.154 mgc: 8.485005e-06 ustep: 1 
iter: 5  mgc: 1.36785e-12 
iter: 1  mgc: 1.36785e-12 
outer mgc:  15.97638 
iter: 1  value: 3047.217 mgc: 12.67673 ustep: 1 
iter: 2  value: 3047.089 mgc: 0.8445685 ustep: 1 
iter: 3  value: 3047.089 mgc: 0.008643431 ustep: 1 
iter: 4  value: 3047.089 mgc: 1.215298e-06 ustep: 1 
iter: 5  mgc: 1.725287e-13 
iter: 1  mgc: 1.725287e-13 
outer mgc:  3.319826 
iter: 1  value: 3058.539 mgc: 15.12661 ustep: 1 
iter: 2  value: 3053.814 mgc: 6.72718 ustep: 1 
iter: 3  value: 3053.803 mgc: 0.3533424 ustep: 1 
iter: 4  value: 3053.803 mgc: 0.00159543 ustep: 1 
iter: 5  value: 3053.803 mgc: 4.467842e-08 ustep: 1 
mgc: 1.010303e-13 
iter: 1  value: 3046.366 mgc: 3.966539 ustep: 1 
iter: 2  value: 3046.362 mgc: 0.1690319 ustep: 1 
iter: 3  value: 3046.362 mgc: 0.0003339364 ustep: 1 
iter: 4  mgc: 1.831303e-09 
iter: 1  mgc: 1.831303e-09 
outer mgc:  4.353192 
iter: 1  value: 3046.692 mgc: 3.606133 ustep: 1 
iter: 2  value: 3046.691 mgc: 0.07143901 ustep: 1 
iter: 3  value: 3046.691 mgc: 5.725969e-05 ustep: 1 
iter: 4  mgc: 4.56315e-11 
iter: 1  value: 3046.143 mgc: 1.265895 ustep: 1 
iter: 2  value: 3046.143 mgc: 0.009485082 ustep: 1 
iter: 3  value: 3046.143 mgc: 8.245777e-07 ustep: 1 
iter: 4  mgc: 1.048051e-13 
iter: 1  mgc: 1.048051e-13 
outer mgc:  1.500436 
iter: 1  value: 3045.951 mgc: 1.323357 ustep: 1 
iter: 2  value: 3045.951 mgc: 0.00885807 ustep: 1 
iter: 3  value: 3045.951 mgc: 4.705641e-07 ustep: 1 
iter: 4  mgc: 1.003642e-13 
iter: 1  mgc: 1.003642e-13 
outer mgc:  2.026498 
iter: 1  value: 3045.481 mgc: 1.319857 ustep: 1 
iter: 2  value: 3045.481 mgc: 0.00993214 ustep: 1 
iter: 3  value: 3045.481 mgc: 8.782449e-07 ustep: 1 
iter: 4  mgc: 1.381117e-13 
iter: 1  mgc: 1.381117e-13 
outer mgc:  1.736525 
iter: 1  value: 3044.647 mgc: 1.280666 ustep: 1 
iter: 2  value: 3044.647 mgc: 0.01276166 ustep: 1 
iter: 3  value: 3044.647 mgc: 1.544486e-06 ustep: 1 
iter: 4  mgc: 8.421042e-14 
iter: 1  mgc: 8.421042e-14 
outer mgc:  1.675272 
iter: 1  value: 3044.317 mgc: 2.139827 ustep: 1 
iter: 2  value: 3044.316 mgc: 0.07508062 ustep: 1 
iter: 3  value: 3044.316 mgc: 0.0001332346 ustep: 1 
iter: 4  mgc: 5.741345e-10 
iter: 1  mgc: 5.741345e-10 
outer mgc:  3.147875 
iter: 1  value: 3043.988 mgc: 1.759604 ustep: 1 
iter: 2  value: 3043.987 mgc: 0.07719597 ustep: 1 
iter: 3  value: 3043.987 mgc: 0.0001422289 ustep: 1 
iter: 4  mgc: 6.680674e-10 
iter: 1  mgc: 6.680674e-10 
outer mgc:  1.979187 
iter: 1  value: 3043.874 mgc: 1.023269 ustep: 1 
iter: 2  value: 3043.874 mgc: 0.005563826 ustep: 1 
iter: 3  value: 3043.874 mgc: 2.148608e-07 ustep: 1 
iter: 4  mgc: 1.137423e-13 
iter: 1  mgc: 1.137423e-13 
outer mgc:  1.102946 
iter: 1  value: 3044.053 mgc: 2.810936 ustep: 1 
iter: 2  value: 3044.052 mgc: 0.06235929 ustep: 1 
iter: 3  value: 3044.052 mgc: 4.342955e-05 ustep: 1 
iter: 4  mgc: 2.358513e-11 
iter: 1  value: 3043.872 mgc: 1.164463 ustep: 1 
iter: 2  value: 3043.872 mgc: 0.009519627 ustep: 1 
iter: 3  value: 3043.872 mgc: 1.043647e-06 ustep: 1 
iter: 4  mgc: 1.212364e-13 
iter: 1  mgc: 1.212364e-13 
outer mgc:  0.8984312 
iter: 1  value: 3043.842 mgc: 0.7651338 ustep: 1 
iter: 2  value: 3043.842 mgc: 0.002951031 ustep: 1 
iter: 3  value: 3043.842 mgc: 4.955568e-08 ustep: 1 
mgc: 1.114395e-13 
iter: 1  mgc: 1.114395e-13 
outer mgc:  1.072878 
iter: 1  value: 3043.797 mgc: 0.4756092 ustep: 1 
iter: 2  value: 3043.797 mgc: 0.002401197 ustep: 1 
iter: 3  value: 3043.797 mgc: 7.258487e-08 ustep: 1 
mgc: 1.012523e-13 
iter: 1  mgc: 1.012523e-13 
outer mgc:  0.7248446 
iter: 1  value: 3043.73 mgc: 0.4651874 ustep: 1 
iter: 2  value: 3043.73 mgc: 0.001697859 ustep: 1 
iter: 3  value: 3043.73 mgc: 2.906585e-08 ustep: 1 
mgc: 8.942153e-14 
iter: 1  value: 3043.374 mgc: 1.574361 ustep: 1 
iter: 2  value: 3043.374 mgc: 0.01912247 ustep: 1 
iter: 3  value: 3043.374 mgc: 1.991053e-06 ustep: 1 
iter: 4  mgc: 9.103829e-14 
iter: 1  value: 3042.677 mgc: 2.564205 ustep: 1 
iter: 2  value: 3042.677 mgc: 0.06537495 ustep: 1 
iter: 3  value: 3042.677 mgc: 2.543932e-05 ustep: 1 
iter: 4  mgc: 1.138245e-11 
iter: 1  mgc: 1.138245e-11 
outer mgc:  5.23852 
iter: 1  value: 3040.319 mgc: 6.311063 ustep: 1 
iter: 2  value: 3040.318 mgc: 0.1045274 ustep: 1 
iter: 3  value: 3040.318 mgc: 0.0003061789 ustep: 1 
iter: 4  mgc: 3.08484e-09 
iter: 1  value: 3037.151 mgc: 6.75784 ustep: 1 
iter: 2  value: 3037.149 mgc: 0.1941517 ustep: 1 
iter: 3  value: 3037.149 mgc: 0.001125748 ustep: 1 
iter: 4  value: 3037.149 mgc: 3.816099e-08 ustep: 1 
mgc: 8.881784e-15 
iter: 1  mgc: 3.08484e-09 
outer mgc:  2.759335 
iter: 1  value: 3037.46 mgc: 5.964279 ustep: 1 
iter: 2  value: 3037.459 mgc: 0.0797832 ustep: 1 
iter: 3  value: 3037.459 mgc: 0.0001970826 ustep: 1 
iter: 4  mgc: 1.373341e-09 
iter: 1  value: 3038.886 mgc: 3.407955 ustep: 1 
iter: 2  value: 3038.885 mgc: 0.04565258 ustep: 1 
iter: 3  value: 3038.885 mgc: 1.760198e-05 ustep: 1 
iter: 4  mgc: 1.926459e-12 
iter: 1  mgc: 1.926459e-12 
outer mgc:  4.449634 
iter: 1  value: 3036.457 mgc: 3.060666 ustep: 1 
iter: 2  value: 3036.457 mgc: 0.03701768 ustep: 1 
iter: 3  value: 3036.457 mgc: 2.190531e-05 ustep: 1 
iter: 4  mgc: 1.685763e-11 
iter: 1  mgc: 1.685763e-11 
outer mgc:  3.124077 
iter: 1  value: 3036.049 mgc: 2.908539 ustep: 1 
iter: 2  value: 3036.047 mgc: 0.1948414 ustep: 1 
iter: 3  value: 3036.047 mgc: 0.001273793 ustep: 1 
iter: 4  value: 3036.047 mgc: 5.586832e-08 ustep: 1 
mgc: 1.465494e-14 
iter: 1  value: 3035.586 mgc: 0.7933879 ustep: 1 
iter: 2  value: 3035.586 mgc: 0.01891212 ustep: 1 
iter: 3  value: 3035.586 mgc: 1.263631e-05 ustep: 1 
iter: 4  mgc: 5.642598e-12 
iter: 1  mgc: 5.642598e-12 
outer mgc:  1.538057 
iter: 1  value: 3034.387 mgc: 0.8183404 ustep: 1 
iter: 2  value: 3034.387 mgc: 0.002053301 ustep: 1 
iter: 3  value: 3034.387 mgc: 2.001194e-08 ustep: 1 
mgc: 1.321165e-14 
iter: 1  mgc: 1.321165e-14 
outer mgc:  1.332183 
iter: 1  value: 3033.236 mgc: 1.04156 ustep: 1 
iter: 2  value: 3033.236 mgc: 0.002708832 ustep: 1 
iter: 3  value: 3033.236 mgc: 2.942756e-08 ustep: 1 
mgc: 1.509903e-14 
iter: 1  mgc: 1.509903e-14 
outer mgc:  2.655516 
iter: 1  value: 3031.943 mgc: 0.9733828 ustep: 1 
iter: 2  value: 3031.943 mgc: 0.001561661 ustep: 1 
iter: 3  mgc: 5.491095e-09 
iter: 1  value: 3029.876 mgc: 0.9755519 ustep: 1 
iter: 2  value: 3029.876 mgc: 0.001318678 ustep: 1 
iter: 3  value: 3029.876 mgc: 4.902333e-08 ustep: 1 
mgc: 1.509903e-14 
iter: 1  value: 3024.383 mgc: 3.738594 ustep: 1 
iter: 2  value: 3024.383 mgc: 0.008394689 ustep: 1 
iter: 3  value: 3024.383 mgc: 1.615926e-06 ustep: 1 
iter: 4  mgc: 8.704149e-14 
iter: 1  mgc: 8.704149e-14 
outer mgc:  2.122467 
iter: 1  value: 3015.287 mgc: 8.076657 ustep: 1 
iter: 2  value: 3015.286 mgc: 0.02792351 ustep: 1 
iter: 3  value: 3015.286 mgc: 2.178442e-05 ustep: 1 
iter: 4  mgc: 1.33243e-11 
iter: 1  mgc: 1.33243e-11 
outer mgc:  5.119992 
iter: 1  value: 3005.966 mgc: 7.453603 ustep: 1 
iter: 2  value: 3005.966 mgc: 0.01781161 ustep: 1 
iter: 3  value: 3005.966 mgc: 7.565789e-06 ustep: 1 
iter: 4  mgc: 1.367351e-12 
iter: 1  value: 3010.955 mgc: 2.684608 ustep: 1 
iter: 2  value: 3010.955 mgc: 0.003364186 ustep: 1 
iter: 3  value: 3010.955 mgc: 2.484586e-07 ustep: 1 
iter: 4  mgc: 1.065814e-14 
iter: 1  mgc: 1.065814e-14 
outer mgc:  4.206643 
iter: 1  value: 3007.812 mgc: 2.447974 ustep: 1 
iter: 2  value: 3007.812 mgc: 0.02193003 ustep: 1 
iter: 3  value: 3007.812 mgc: 1.770177e-05 ustep: 1 
iter: 4  mgc: 1.156852e-11 
iter: 1  value: 3009.646 mgc: 1.371928 ustep: 1 
iter: 2  value: 3009.646 mgc: 0.002776959 ustep: 1 
iter: 3  value: 3009.646 mgc: 2.771882e-07 ustep: 1 
iter: 4  mgc: 1.953993e-14 
iter: 1  mgc: 1.953993e-14 
outer mgc:  5.00041 
iter: 1  value: 3007.954 mgc: 1.288516 ustep: 1 
iter: 2  value: 3007.954 mgc: 0.000466285 ustep: 1 
iter: 3  mgc: 5.282344e-09 
iter: 1  mgc: 5.282344e-09 
outer mgc:  0.8304786 
iter: 1  value: 3006.216 mgc: 0.8964929 ustep: 1 
iter: 2  value: 3006.216 mgc: 7.491291e-05 ustep: 1 
iter: 3  mgc: 1.853739e-10 
iter: 1  value: 3002.839 mgc: 1.877189 ustep: 1 
iter: 2  value: 3002.839 mgc: 0.0002698322 ustep: 1 
iter: 3  mgc: 2.582111e-09 
iter: 1  mgc: 2.582111e-09 
outer mgc:  0.9001924 
iter: 1  value: 2997.668 mgc: 3.202606 ustep: 1 
iter: 2  value: 2997.668 mgc: 0.0005996924 ustep: 1 
iter: 3  value: 2997.668 mgc: 1.263e-08 ustep: 1 
mgc: 1.310063e-14 
iter: 1  mgc: 1.310063e-14 
outer mgc:  0.9855129 
iter: 1  value: 2992.465 mgc: 3.190193 ustep: 1 
iter: 2  value: 2992.465 mgc: 0.0001486564 ustep: 1 
iter: 3  mgc: 6.971335e-11 
iter: 1  mgc: 6.971335e-11 
outer mgc:  1.232726 
iter: 1  value: 2987.227 mgc: 3.160733 ustep: 1 
iter: 2  value: 2987.227 mgc: 7.228494e-05 ustep: 1 
iter: 3  mgc: 2.314371e-11 
iter: 1  value: 2981.002 mgc: 3.900306 ustep: 1 
iter: 2  value: 2981.002 mgc: 5.293028e-05 ustep: 1 
iter: 3  mgc: 5.004708e-11 
iter: 1  mgc: 5.004708e-11 
outer mgc:  0.2997327 
iter: 1  value: 2973.123 mgc: 5.256847 ustep: 1 
iter: 2  value: 2973.123 mgc: 7.544362e-05 ustep: 1 
iter: 3  mgc: 2.011653e-10 
iter: 1  mgc: 2.011653e-10 
outer mgc:  0.2087304 
iter: 1  value: 2965.197 mgc: 5.301653 ustep: 1 
iter: 2  value: 2965.197 mgc: 2.333127e-05 ustep: 1 
iter: 3  mgc: 2.757794e-13 
iter: 1  mgc: 2.757794e-13 
outer mgc:  0.04100812 
iter: 1  value: 2954.312 mgc: 8.220511 ustep: 1 
iter: 2  value: 2954.312 mgc: 1.493079e-05 ustep: 1 
iter: 3  mgc: 9.245937e-13 
iter: 1  mgc: 9.245937e-13 
outer mgc:  0.05640343 
iter: 1  value: 2944.044 mgc: 7.562766 ustep: 1 
iter: 2  value: 2944.044 mgc: 6.608473e-06 ustep: 1 
iter: 3  mgc: 1.260325e-12 
iter: 1  mgc: 1.260325e-12 
outer mgc:  0.06407683 
iter: 1  value: 2933.75 mgc: 7.561315 ustep: 1 
iter: 2  value: 2933.75 mgc: 1.855118e-05 ustep: 1 
iter: 3  mgc: 1.212808e-11 
iter: 1  mgc: 1.212808e-11 
outer mgc:  0.01987236 
iter: 1  value: 2923.47 mgc: 7.538774 ustep: 1 
iter: 2  value: 2923.47 mgc: 9.761724e-06 ustep: 1 
iter: 3  mgc: 3.359979e-12 
iter: 1  mgc: 3.359979e-12 
outer mgc:  0.02115583 
iter: 1  value: 2913.18 mgc: 7.563229 ustep: 1 
iter: 2  value: 2913.18 mgc: 1.189853e-06 ustep: 1 
iter: 3  mgc: 5.284662e-14 
iter: 1  mgc: 5.284662e-14 
outer mgc:  0.009830905 
iter: 1  value: 2902.89 mgc: 7.548716 ustep: 1 
iter: 2  value: 2902.89 mgc: 2.946834e-08 ustep: 1 
mgc: 1.287859e-14 
iter: 1  mgc: 1.287859e-14 
outer mgc:  0.001849085 
iter: 1  value: 2892.6 mgc: 7.553744 ustep: 1 
iter: 2  mgc: 6.777256e-09 
iter: 1  mgc: 6.777256e-09 
outer mgc:  0.0008266474 
iter: 1  value: 2882.308 mgc: 7.552543 ustep: 1 
iter: 2  value: 2882.308 mgc: 1.997026e-08 ustep: 1 
mgc: 1.154632e-14 
iter: 1  mgc: 1.154632e-14 
outer mgc:  0.0007128512 
iter: 1  value: 2872.018 mgc: 7.552891 ustep: 1 
iter: 2  value: 2872.018 mgc: 1.704214e-08 ustep: 1 
mgc: 1.465494e-14 
iter: 1  mgc: 1.465494e-14 
outer mgc:  0.0005151077 
iter: 1  value: 2861.727 mgc: 7.552581 ustep: 1 
iter: 2  value: 2861.727 mgc: 1.047544e-08 ustep: 1 
mgc: 1.287859e-14 
iter: 1  mgc: 1.287859e-14 
outer mgc:  0.0004463923 
iter: 1  value: 2851.436 mgc: 7.552773 ustep: 1 
iter: 2  mgc: 5.864219e-09 
iter: 1  mgc: 5.864219e-09 
outer mgc:  0.0002963783 
iter: 1  value: 2841.145 mgc: 7.552618 ustep: 1 
iter: 2  mgc: 2.993898e-09 
iter: 1  mgc: 2.993898e-09 
outer mgc:  0.000214797 
iter: 1  value: 2830.854 mgc: 7.552724 ustep: 1 
iter: 2  mgc: 1.286766e-09 
iter: 1  mgc: 1.286766e-09 
outer mgc:  0.0001310678 
iter: 1  value: 2820.563 mgc: 7.552652 ustep: 1 
iter: 2  mgc: 5.017742e-10 
iter: 1  mgc: 5.017742e-10 
outer mgc:  8.175855e-05 
iter: 1  value: 2810.272 mgc: 7.552694 ustep: 1 
iter: 2  mgc: 1.767297e-10 
iter: 1  mgc: 1.767297e-10 
outer mgc:  4.57648e-05 
iter: 1  value: 2799.981 mgc: 7.552667 ustep: 1 
iter: 2  mgc: 5.817036e-11 
iter: 1  mgc: 5.817036e-11 
outer mgc:  2.678086e-05 
iter: 1  mgc: 5.817036e-11 
iter: 1  mgc: 5.817036e-11 
outer mgc:  2.678086e-05 
iter: 1  value: 2799.98 mgc: 0.006300324 ustep: 1 
iter: 2  value: 2799.98 mgc: 1.398159e-06 ustep: 1 
iter: 3  mgc: 6.57252e-14 
outer mgc:  0.02535776 
iter: 1  value: 2799.983 mgc: 0.006291253 ustep: 1 
iter: 2  value: 2799.983 mgc: 1.39746e-06 ustep: 1 
iter: 3  mgc: 6.750156e-14 
outer mgc:  0.02533914 
iter: 1  value: 2799.981 mgc: 0.002871673 ustep: 1 
iter: 2  value: 2799.981 mgc: 2.650048e-07 ustep: 1 
iter: 3  mgc: 9.103829e-15 
outer mgc:  0.0176991 
iter: 1  value: 2799.982 mgc: 0.002868832 ustep: 1 
iter: 2  value: 2799.982 mgc: 2.64674e-07 ustep: 1 
iter: 3  mgc: 1.24345e-14 
outer mgc:  0.01765462 
iter: 1  value: 2799.982 mgc: 0.01482922 ustep: 1 
iter: 2  value: 2799.982 mgc: 1.090218e-07 ustep: 1 
iter: 3  mgc: 1.221245e-14 
outer mgc:  0.1325673 
iter: 1  value: 2799.981 mgc: 0.01481918 ustep: 1 
iter: 2  value: 2799.981 mgc: 1.087757e-07 ustep: 1 
iter: 3  mgc: 1.754152e-14 
outer mgc:  0.1325064 
iter: 1  value: 2799.982 mgc: 0.007911518 ustep: 1 
iter: 2  value: 2799.982 mgc: 2.897623e-08 ustep: 1 
mgc: 1.865175e-14 
outer mgc:  0.07023811 
iter: 1  value: 2799.981 mgc: 0.007906916 ustep: 1 
iter: 2  value: 2799.981 mgc: 2.893456e-08 ustep: 1 
mgc: 1.476597e-14 
outer mgc:  0.07022062 
iter: 1  value: 2799.982 mgc: 0.0141487 ustep: 1 
iter: 2  value: 2799.982 mgc: 7.82817e-08 ustep: 1 
iter: 3  mgc: 2.04281e-14 
outer mgc:  0.117895 
iter: 1  value: 2799.981 mgc: 0.01413937 ustep: 1 
iter: 2  value: 2799.981 mgc: 7.811742e-08 ustep: 1 
iter: 3  mgc: 1.376677e-14 
outer mgc:  0.117737 
iter: 1  value: 2799.981 mgc: 0.007273165 ustep: 1 
iter: 2  value: 2799.981 mgc: 1.586456e-08 ustep: 1 
mgc: 1.332268e-14 
outer mgc:  0.06015483 
iter: 1  value: 2799.981 mgc: 0.007268365 ustep: 1 
iter: 2  value: 2799.981 mgc: 1.583691e-08 ustep: 1 
mgc: 1.421085e-14 
outer mgc:  0.06010689 
iter: 1  value: 2799.982 mgc: 0.01608787 ustep: 1 
iter: 2  value: 2799.982 mgc: 1.579525e-07 ustep: 1 
iter: 3  mgc: 1.199041e-14 
outer mgc:  0.1390815 
iter: 1  value: 2799.981 mgc: 0.01608007 ustep: 1 
iter: 2  value: 2799.981 mgc: 1.57688e-07 ustep: 1 
iter: 3  mgc: 2.309264e-14 
outer mgc:  0.139018 
iter: 1  value: 2799.982 mgc: 0.008361441 ustep: 1 
iter: 2  value: 2799.982 mgc: 3.815127e-08 ustep: 1 
mgc: 1.154632e-14 
outer mgc:  0.07018166 
iter: 1  value: 2799.981 mgc: 0.008358407 ustep: 1 
iter: 2  value: 2799.981 mgc: 3.811045e-08 ustep: 1 
mgc: 1.199041e-14 
outer mgc:  0.07013904 
iter: 1  value: 2799.984 mgc: 0.003073734 ustep: 1 
iter: 2  value: 2799.984 mgc: 3.163157e-07 ustep: 1 
iter: 3  mgc: 1.804112e-14 
outer mgc:  0.001294548 
iter: 1  value: 2799.979 mgc: 0.003076809 ustep: 1 
iter: 2  value: 2799.979 mgc: 3.163575e-07 ustep: 1 
iter: 3  mgc: 1.165734e-14 
outer mgc:  0.001305664 
iter: 1  value: 2799.986 mgc: 0.00627277 ustep: 1 
mgc: 8.770762e-15 
outer mgc:  2.678086e-05 
iter: 1  value: 2799.976 mgc: 0.006279046 ustep: 1 
mgc: 1.199041e-14 
outer mgc:  2.678086e-05 
iter: 1  value: 2799.986 mgc: 0.006263782 ustep: 1 
mgc: 1.110223e-14 
outer mgc:  2.678102e-05 
iter: 1  value: 2799.976 mgc: 0.006270049 ustep: 1 
mgc: 1.865175e-14 
outer mgc:  2.67807e-05 
iter: 1  value: 2799.986 mgc: 0.008011696 ustep: 1 
mgc: 8.881784e-15 
outer mgc:  2.678119e-05 
iter: 1  value: 2799.976 mgc: 0.008019711 ustep: 1 
mgc: 1.687539e-14 
outer mgc:  2.678053e-05 
iter: 1  value: 2799.98 mgc: 0.004761307 ustep: 1 
iter: 2  value: 2799.98 mgc: 1.153464e-07 ustep: 1 
iter: 3  mgc: 1.509903e-14 
outer mgc:  0.01580571 
iter: 1  value: 2799.983 mgc: 0.004759892 ustep: 1 
iter: 2  value: 2799.983 mgc: 1.152801e-07 ustep: 1 
iter: 3  mgc: 1.021405e-14 
outer mgc:  0.01579621 
Warning message:
package ‘nnet’ was built under R version 3.6.3 
[Sun Aug 15 14:04:06 2021]
Finished job 0.
1 of 1 steps (100%) done
