Building DAG of jobs...
Using shell: /usr/bin/bash
Provided cores: 1 (use --cores to define parallelism)
Rules claiming more threads will be scaled down.
Job counts:
	count	jobs
	1	inference_simulation_TMB_multiple
	1

[Sun Aug 15 07:41:06 2021]
rule inference_simulation_TMB_multiple:
    input: ../data/assessing_models_simulation/datasets/multiple_GenerationJnorm3_20_100_80_7_2_NA_NA_NA_dataset0.RDS
    output: ../data/assessing_models_simulation/inference_results/TMB/nlminb/multiple_GenerationJnorm3_20_100_80_7_2_diagREDM_NA_NA_NA_dataset0.RDS
    log: logs/inference/nlminb/simulation_GenerationJnorm3_20_100_80_7_2_ModeldiagREDM_NA_NA_NA_dataset0.log
    jobid: 0
    wildcards: optimiser=nlminb, datasetgeneration=GenerationJnorm3, n=20, nlambda=100, lmbda=80, d=7, beta_intensity=2, model=diagREDM, fixed_beta_intercept=NA, fixed_beta_slope=NA, sdRE_input=NA, itnum=0

Rscript 2_inference_TMB/run_TMB.R --input ../data/assessing_models_simulation/datasets/multiple_GenerationJnorm3_20_100_80_7_2_NA_NA_NA_dataset0.RDS --output ../data/assessing_models_simulation/inference_results/TMB/nlminb/multiple_GenerationJnorm3_20_100_80_7_2_diagREDM_NA_NA_NA_dataset0.RDS --model diagREDM --optimiser nlminb
Model: diagREDM 
Feature type: signatures 
Using nlminb: TRUE 
Simulation boolean: TRUE 
make: Nothing to be done for 'all'.
../data/assessing_models_simulation/datasets/multiple_GenerationJnorm3_20_100_80_7_2_NA_NA_NA_dataset0.RDS[1] "../data/assessing_models_simulation/datasets/multiple_GenerationJnorm3_20_100_80_7_2_NA_NA_NA_dataset0.RDS"
Reading file ../data/assessing_models_simulation/datasets/multiple_GenerationJnorm3_20_100_80_7_2_NA_NA_NA_dataset0.RDS 
Loading required package: nnet
# weights:  21 (12 variable)
initial  value 7962.664330 
iter  10 value 5829.356424
iter  20 value 5314.773125
final  value 5312.987270 
converged
Constructing atomic invpd
Constructing atomic D_lgamma
Constructing atomic invpd
Constructing atomic D_lgamma
Constructing atomic matmul
Constructing atomic invpd
Constructing atomic D_lgamma
Constructing atomic matmul
Optimizing tape... Done
iter: 1  value: 9658.177 mgc: 115.5226 ustep: 0.6827823 
iter: 2  value: 7215.532 mgc: 82.56326 ustep: 0.0370775 
iter: 3  value: 6657.508 mgc: 80.88631 ustep: 0.03588526 
iter: 4  value: 6479.846 mgc: 141.6119 ustep: 0.03829319 
iter: 5  value: 6352.698 mgc: 19.10633 ustep: 0.1031992 
iter: 6  value: 6249.435 mgc: 31.86594 ustep: 0.05732563 
iter: 7  value: 6083.701 mgc: 27.43561 ustep: 0.06258926 
iter: 8  value: 6052.854 mgc: 45.55217 ustep: 0.2502534 
iter: 9  value: 6048.686 mgc: 2.581189 ustep: 0.5003033 
iter: 10  value: 6047.781 mgc: 0.5752963 ustep: 0.7073505 
iter: 11  value: 6047.722 mgc: 0.09780229 ustep: 0.8410572 
iter: 12  value: 6047.721 mgc: 0.01374669 ustep: 0.9171 
iter: 13  value: 6047.721 mgc: 0.001003488 ustep: 0.9576576 
iter: 14  value: 6047.721 mgc: 3.807423e-05 ustep: 0.978602 
iter: 15  value: 6047.721 mgc: 8.042954e-07 ustep: 0.9892442 
iter: 16  mgc: 8.734033e-09 
iter: 1  mgc: 8.734033e-09 
Matching hessian patterns... Done
outer mgc:  374.5549 
iter: 1  value: 5707.073 mgc: 32.98841 ustep: 1 
iter: 2  value: 5618.809 mgc: 30.53608 ustep: 1 
iter: 3  value: 5615.94 mgc: 5.192846 ustep: 1 
iter: 4  value: 5615.925 mgc: 0.4012109 ustep: 1 
iter: 5  value: 5615.925 mgc: 0.004883321 ustep: 1 
iter: 6  value: 5615.925 mgc: 1.079222e-06 ustep: 1 
iter: 7  mgc: 5.083017e-12 
iter: 1  value: 5508.032 mgc: 53.83584 ustep: 0.2494656 
iter: 2  value: 5081.016 mgc: 117.8002 ustep: 0.4995153 
iter: 3  value: 5069.642 mgc: 11.52547 ustep: 0.7067933 
iter: 4  value: 5069.561 mgc: 0.9365819 ustep: 0.8407259 
iter: 5  value: 5069.561 mgc: 0.02439454 ustep: 0.9169194 
iter: 6  value: 5069.561 mgc: 0.0003340848 ustep: 0.9575633 
iter: 7  value: 5069.561 mgc: 1.146007e-05 ustep: 0.9785538 
iter: 8  value: 5069.561 mgc: 2.418035e-07 ustep: 0.9892199 
iter: 9  mgc: 2.515966e-09 
iter: 1  mgc: 2.515966e-09 
outer mgc:  87.75432 
iter: 1  value: 5774.046 mgc: 75.46371 ustep: 0.05259942 
iter: 2  value: 5483.937 mgc: 114.9416 ustep: 0.1221625 
iter: 3  value: 5394.147 mgc: 106.509 ustep: 0.05233139 
iter: 4  value: 5257.066 mgc: 113.7061 ustep: 0.2288377 
iter: 5  value: 5230.662 mgc: 37.68455 ustep: 0.478422 
iter: 6  value: 5229.233 mgc: 9.865887 ustep: 0.6917114 
iter: 7  value: 5229.224 mgc: 0.4822873 ustep: 0.8317087 
iter: 8  value: 5229.224 mgc: 0.009915467 ustep: 0.9119895 
iter: 9  value: 5229.224 mgc: 0.0005430024 ustep: 0.9549859 
iter: 10  value: 5229.224 mgc: 1.569138e-05 ustep: 0.9772361 
iter: 11  value: 5229.224 mgc: 2.395205e-07 ustep: 0.9885537 
iter: 12  mgc: 1.892377e-09 
iter: 1  value: 4968.196 mgc: 35.00007 ustep: 1 
iter: 2  value: 4961.513 mgc: 13.38762 ustep: 1 
iter: 3  value: 4961.51 mgc: 0.167232 ustep: 1 
iter: 4  value: 4961.51 mgc: 0.0004145942 ustep: 1 
iter: 5  mgc: 5.547461e-09 
iter: 1  mgc: 5.547461e-09 
outer mgc:  15.92993 
iter: 1  value: 4963.328 mgc: 23.20175 ustep: 1 
iter: 2  value: 4943.645 mgc: 11.8898 ustep: 1 
iter: 3  value: 4943.436 mgc: 1.447009 ustep: 1 
iter: 4  value: 4943.436 mgc: 0.03419071 ustep: 1 
iter: 5  value: 4943.436 mgc: 2.06259e-05 ustep: 1 
iter: 6  mgc: 7.188234e-12 
iter: 1  mgc: 7.188234e-12 
outer mgc:  24.36877 
iter: 1  value: 4920.758 mgc: 11.05898 ustep: 1 
iter: 2  value: 4920.093 mgc: 1.156282 ustep: 1 
iter: 3  value: 4920.093 mgc: 0.02961483 ustep: 1 
iter: 4  value: 4920.093 mgc: 2.947739e-05 ustep: 1 
iter: 5  mgc: 5.994197e-11 
iter: 1  mgc: 5.994197e-11 
outer mgc:  17.76695 
iter: 1  value: 4899.099 mgc: 17.65781 ustep: 1 
iter: 2  value: 4895.455 mgc: 5.901463 ustep: 1 
iter: 3  value: 4895.446 mgc: 0.258161 ustep: 1 
iter: 4  value: 4895.446 mgc: 0.00116445 ustep: 1 
iter: 5  value: 4895.446 mgc: 2.537558e-08 ustep: 1 
mgc: 2.738004e-12 
iter: 1  mgc: 2.738004e-12 
outer mgc:  9.757183 
iter: 1  value: 4906.689 mgc: 20.46245 ustep: 1 
iter: 2  value: 4905.559 mgc: 1.964647 ustep: 1 
iter: 3  value: 4905.558 mgc: 0.06015198 ustep: 1 
iter: 4  value: 4905.558 mgc: 8.551389e-05 ustep: 1 
iter: 5  mgc: 7.430589e-10 
iter: 1  value: 4893.027 mgc: 7.676885 ustep: 1 
iter: 2  value: 4893.019 mgc: 0.1495656 ustep: 1 
iter: 3  value: 4893.019 mgc: 0.0006624033 ustep: 1 
iter: 4  value: 4893.019 mgc: 1.601348e-08 ustep: 1 
mgc: 2.261302e-12 
iter: 1  mgc: 2.261302e-12 
outer mgc:  14.66009 
iter: 1  value: 4885.413 mgc: 7.48344 ustep: 1 
iter: 2  value: 4885.407 mgc: 0.2548992 ustep: 1 
iter: 3  value: 4885.407 mgc: 0.0004300612 ustep: 1 
iter: 4  mgc: 3.230445e-09 
iter: 1  mgc: 3.230445e-09 
outer mgc:  10.80655 
iter: 1  value: 4881.818 mgc: 11.07046 ustep: 1 
iter: 2  value: 4881.521 mgc: 1.283777 ustep: 1 
iter: 3  value: 4881.521 mgc: 0.02047734 ustep: 1 
iter: 4  value: 4881.521 mgc: 7.715509e-06 ustep: 1 
iter: 5  mgc: 2.164213e-12 
iter: 1  mgc: 2.164213e-12 
outer mgc:  10.76252 
iter: 1  value: 4875.75 mgc: 6.781646 ustep: 1 
iter: 2  value: 4875.747 mgc: 0.1071404 ustep: 1 
iter: 3  value: 4875.747 mgc: 0.0002041871 ustep: 1 
iter: 4  mgc: 9.645673e-10 
iter: 1  mgc: 9.645673e-10 
outer mgc:  3.584467 
iter: 1  value: 4873.394 mgc: 6.963307 ustep: 1 
iter: 2  value: 4873.381 mgc: 0.2475575 ustep: 1 
iter: 3  value: 4873.381 mgc: 0.0005920525 ustep: 1 
iter: 4  mgc: 6.57153e-09 
iter: 1  mgc: 6.57153e-09 
outer mgc:  8.429796 
iter: 1  value: 4869.531 mgc: 3.403665 ustep: 1 
iter: 2  value: 4869.53 mgc: 0.07438748 ustep: 1 
iter: 3  value: 4869.53 mgc: 0.0001140874 ustep: 1 
iter: 4  mgc: 2.678976e-10 
iter: 1  value: 4866.672 mgc: 4.141968 ustep: 1 
iter: 2  value: 4866.67 mgc: 0.09409387 ustep: 1 
iter: 3  value: 4866.67 mgc: 0.0001404286 ustep: 1 
iter: 4  mgc: 1.234472e-09 
iter: 1  value: 4863.954 mgc: 6.517857 ustep: 1 
iter: 2  value: 4863.932 mgc: 0.2657578 ustep: 1 
iter: 3  value: 4863.932 mgc: 0.00147595 ustep: 1 
iter: 4  value: 4863.932 mgc: 6.240088e-08 ustep: 1 
mgc: 1.13487e-12 
iter: 1  mgc: 1.13487e-12 
outer mgc:  21.11904 
iter: 1  value: 4859.841 mgc: 9.518962 ustep: 1 
iter: 2  value: 4859.768 mgc: 0.852922 ustep: 1 
iter: 3  value: 4859.768 mgc: 0.01368314 ustep: 1 
iter: 4  value: 4859.768 mgc: 4.158546e-06 ustep: 1 
iter: 5  mgc: 9.496848e-13 
iter: 1  mgc: 9.496848e-13 
outer mgc:  17.73642 
iter: 1  value: 5197.093 mgc: 23.21714 ustep: 0.2494656 
iter: 2  value: 5035.561 mgc: 76.09351 ustep: 0.4995153 
iter: 3  value: 5015.737 mgc: 18.0387 ustep: 0.1090426 
iter: 4  value: 5006.382 mgc: 21.87076 ustep: 0.3302829 
iter: 5  value: 5006.059 mgc: 3.472759 ustep: 0.574745 
iter: 6  value: 5006.056 mgc: 0.2847068 ustep: 0.7581436 
iter: 7  value: 5006.056 mgc: 0.00691175 ustep: 0.8707273 
iter: 8  value: 5006.056 mgc: 8.812568e-05 ustep: 0.9331344 
iter: 9  value: 5006.056 mgc: 8.140683e-07 ustep: 0.9659922 
iter: 10  mgc: 8.584988e-09 
iter: 1  value: 4844.885 mgc: 4.851421 ustep: 1 
iter: 2  value: 4844.876 mgc: 0.1842374 ustep: 1 
iter: 3  value: 4844.876 mgc: 0.0004737898 ustep: 1 
iter: 4  mgc: 6.521805e-09 
iter: 1  mgc: 6.521805e-09 
outer mgc:  9.06024 
iter: 1  value: 4842.398 mgc: 4.797864 ustep: 1 
iter: 2  value: 4842.372 mgc: 0.5021189 ustep: 1 
iter: 3  value: 4842.372 mgc: 0.003560306 ustep: 1 
iter: 4  value: 4842.372 mgc: 1.909625e-07 ustep: 1 
iter: 5  mgc: 8.362755e-13 
iter: 1  mgc: 8.362755e-13 
outer mgc:  12.3122 
iter: 1  value: 4841.63 mgc: 7.949163 ustep: 1 
iter: 2  value: 4841.549 mgc: 0.5479157 ustep: 1 
iter: 3  value: 4841.549 mgc: 0.005300873 ustep: 1 
iter: 4  value: 4841.549 mgc: 5.934083e-07 ustep: 1 
iter: 5  mgc: 6.413758e-13 
iter: 1  mgc: 6.413758e-13 
outer mgc:  13.30365 
iter: 1  value: 4843.401 mgc: 7.580367 ustep: 1 
iter: 2  value: 4843.371 mgc: 0.3529794 ustep: 1 
iter: 3  value: 4843.371 mgc: 0.001829063 ustep: 1 
iter: 4  value: 4843.371 mgc: 8.003795e-08 ustep: 1 
iter: 5  mgc: 7.648882e-13 
iter: 1  mgc: 7.648882e-13 
outer mgc:  5.643194 
iter: 1  value: 4848.33 mgc: 10.59837 ustep: 1 
iter: 2  value: 4847.631 mgc: 1.954948 ustep: 1 
iter: 3  value: 4847.631 mgc: 0.0426028 ustep: 1 
iter: 4  value: 4847.631 mgc: 5.835788e-05 ustep: 1 
iter: 5  mgc: 1.103277e-10 
iter: 1  value: 4843.007 mgc: 4.432715 ustep: 1 
iter: 2  value: 4842.997 mgc: 0.2104408 ustep: 1 
iter: 3  value: 4842.997 mgc: 0.0006960681 ustep: 1 
iter: 4  value: 4842.997 mgc: 1.486631e-08 ustep: 1 
mgc: 7.528422e-13 
iter: 1  mgc: 7.528422e-13 
outer mgc:  3.614051 
iter: 1  value: 4843.186 mgc: 1.968659 ustep: 1 
iter: 2  value: 4843.186 mgc: 0.02301382 ustep: 1 
iter: 3  value: 4843.186 mgc: 1.840174e-05 ustep: 1 
iter: 4  mgc: 1.106171e-11 
iter: 1  mgc: 1.106171e-11 
outer mgc:  3.51931 
iter: 1  value: 4843.91 mgc: 1.978717 ustep: 1 
iter: 2  value: 4843.91 mgc: 0.02580166 ustep: 1 
iter: 3  value: 4843.91 mgc: 1.302495e-05 ustep: 1 
iter: 4  mgc: 3.943845e-12 
iter: 1  mgc: 3.943845e-12 
outer mgc:  2.094072 
iter: 1  value: 4844.733 mgc: 6.639765 ustep: 1 
iter: 2  value: 4844.722 mgc: 0.2175885 ustep: 1 
iter: 3  value: 4844.722 mgc: 0.0008586831 ustep: 1 
iter: 4  value: 4844.722 mgc: 1.416404e-08 ustep: 1 
mgc: 5.375145e-13 
iter: 1  value: 4843.998 mgc: 2.63441 ustep: 1 
iter: 2  value: 4843.997 mgc: 0.03905783 ustep: 1 
iter: 3  value: 4843.997 mgc: 2.553403e-05 ustep: 1 
iter: 4  mgc: 1.243405e-11 
iter: 1  mgc: 1.243405e-11 
outer mgc:  0.936215 
iter: 1  value: 4844.455 mgc: 1.354657 ustep: 1 
iter: 2  value: 4844.455 mgc: 0.01068222 ustep: 1 
iter: 3  value: 4844.455 mgc: 1.30208e-06 ustep: 1 
iter: 4  mgc: 5.024869e-13 
iter: 1  mgc: 5.024869e-13 
outer mgc:  1.457612 
iter: 1  value: 4844.562 mgc: 0.8962196 ustep: 1 
iter: 2  value: 4844.562 mgc: 0.002795759 ustep: 1 
iter: 3  value: 4844.562 mgc: 1.172121e-07 ustep: 1 
iter: 4  mgc: 6.532691e-13 
iter: 1  mgc: 6.532691e-13 
outer mgc:  1.022208 
iter: 1  value: 4845.25 mgc: 0.6837209 ustep: 1 
iter: 2  value: 4845.25 mgc: 0.008933287 ustep: 1 
iter: 3  value: 4845.25 mgc: 2.731798e-06 ustep: 1 
iter: 4  mgc: 3.328449e-13 
iter: 1  value: 4846.131 mgc: 0.6753244 ustep: 1 
iter: 2  value: 4846.131 mgc: 0.003302287 ustep: 1 
iter: 3  value: 4846.131 mgc: 1.550728e-07 ustep: 1 
iter: 4  mgc: 4.820588e-13 
iter: 1  value: 4855.944 mgc: 2.666797 ustep: 1 
iter: 2  value: 4855.931 mgc: 0.307353 ustep: 1 
iter: 3  value: 4855.931 mgc: 0.00379761 ustep: 1 
iter: 4  value: 4855.931 mgc: 5.977953e-07 ustep: 1 
iter: 5  mgc: 6.705747e-14 
iter: 1  mgc: 6.705747e-14 
outer mgc:  5.566495 
iter: 1  value: 5017.487 mgc: 5.87306 ustep: 1 
iter: 2  value: 5001.247 mgc: 13.73562 ustep: 1 
iter: 3  value: 5000.538 mgc: 2.508368 ustep: 1 
iter: 4  value: 5000.521 mgc: 0.3719918 ustep: 1 
iter: 5  value: 5000.521 mgc: 0.01511591 ustep: 1 
iter: 6  value: 5000.521 mgc: 2.836343e-05 ustep: 1 
iter: 7  mgc: 1.004439e-10 
iter: 1  value: 4859.631 mgc: 1.226932 ustep: 1 
iter: 2  value: 4859.63 mgc: 0.04797973 ustep: 1 
iter: 3  value: 4859.63 mgc: 0.0001270974 ustep: 1 
iter: 4  mgc: 8.930023e-10 
iter: 1  mgc: 8.930023e-10 
outer mgc:  3.902397 
iter: 1  value: 4858.887 mgc: 4.463597 ustep: 1 
iter: 2  value: 4858.838 mgc: 0.4363893 ustep: 1 
iter: 3  value: 4858.838 mgc: 0.009120299 ustep: 1 
iter: 4  value: 4858.838 mgc: 4.352993e-06 ustep: 1 
iter: 5  mgc: 9.827694e-13 
iter: 1  mgc: 9.827694e-13 
outer mgc:  6.037416 
iter: 1  value: 4862.735 mgc: 2.620762 ustep: 1 
iter: 2  value: 4862.709 mgc: 0.4024209 ustep: 1 
iter: 3  value: 4862.709 mgc: 0.005561052 ustep: 1 
iter: 4  value: 4862.709 mgc: 1.113616e-06 ustep: 1 
iter: 5  mgc: 5.218048e-14 
iter: 1  mgc: 5.218048e-14 
outer mgc:  2.778699 
iter: 1  value: 4866.316 mgc: 2.59951 ustep: 1 
iter: 2  value: 4866.308 mgc: 0.1860962 ustep: 1 
iter: 3  value: 4866.308 mgc: 0.001804428 ustep: 1 
iter: 4  value: 4866.308 mgc: 1.911921e-07 ustep: 1 
iter: 5  mgc: 1.776357e-14 
iter: 1  mgc: 1.776357e-14 
outer mgc:  2.929364 
iter: 1  value: 4858.782 mgc: 1.300077 ustep: 1 
iter: 2  value: 4858.781 mgc: 0.08366592 ustep: 1 
iter: 3  value: 4858.781 mgc: 0.0002846296 ustep: 1 
iter: 4  mgc: 3.347336e-09 
iter: 1  mgc: 3.347336e-09 
outer mgc:  1.942331 
iter: 1  value: 4859.635 mgc: 3.707574 ustep: 1 
iter: 2  value: 4859.62 mgc: 0.1547591 ustep: 1 
iter: 3  value: 4859.62 mgc: 0.001162395 ustep: 1 
iter: 4  value: 4859.62 mgc: 7.69477e-08 ustep: 1 
iter: 5  mgc: 1.332268e-14 
iter: 1  value: 4858.226 mgc: 1.09041 ustep: 1 
iter: 2  value: 4858.226 mgc: 0.02327617 ustep: 1 
iter: 3  value: 4858.226 mgc: 1.500656e-05 ustep: 1 
iter: 4  mgc: 1.044198e-11 
iter: 1  mgc: 1.044198e-11 
outer mgc:  1.697033 
iter: 1  value: 4856.401 mgc: 1.471282 ustep: 1 
iter: 2  value: 4856.4 mgc: 0.02273236 ustep: 1 
iter: 3  value: 4856.4 mgc: 9.640397e-06 ustep: 1 
iter: 4  mgc: 1.840417e-12 
iter: 1  mgc: 1.840417e-12 
outer mgc:  3.28951 
iter: 1  value: 4856.665 mgc: 1.547287 ustep: 1 
iter: 2  value: 4856.664 mgc: 0.0530966 ustep: 1 
iter: 3  value: 4856.664 mgc: 8.51351e-05 ustep: 1 
iter: 4  mgc: 3.390596e-10 
iter: 1  mgc: 3.390596e-10 
outer mgc:  2.961283 
iter: 1  value: 4855.112 mgc: 2.131836 ustep: 1 
iter: 2  value: 4855.11 mgc: 0.09073019 ustep: 1 
iter: 3  value: 4855.11 mgc: 0.0002139425 ustep: 1 
iter: 4  mgc: 1.300571e-09 
iter: 1  mgc: 1.300571e-09 
outer mgc:  2.082088 
iter: 1  value: 4853.857 mgc: 0.6416239 ustep: 1 
iter: 2  value: 4853.857 mgc: 0.009553299 ustep: 1 
iter: 3  value: 4853.857 mgc: 4.084144e-06 ustep: 1 
iter: 4  mgc: 7.173151e-13 
iter: 1  value: 4852.659 mgc: 0.5466785 ustep: 1 
iter: 2  value: 4852.659 mgc: 0.00493445 ustep: 1 
iter: 3  value: 4852.659 mgc: 1.130196e-06 ustep: 1 
iter: 4  mgc: 1.036948e-13 
iter: 1  mgc: 1.036948e-13 
outer mgc:  2.555069 
iter: 1  value: 4849.687 mgc: 1.694585 ustep: 1 
iter: 2  value: 4849.687 mgc: 0.03069022 ustep: 1 
iter: 3  value: 4849.687 mgc: 2.168447e-05 ustep: 1 
iter: 4  mgc: 1.163492e-11 
iter: 1  mgc: 1.163492e-11 
outer mgc:  1.714123 
iter: 1  value: 4847.986 mgc: 0.8757926 ustep: 1 
iter: 2  value: 4847.986 mgc: 0.009479902 ustep: 1 
iter: 3  value: 4847.986 mgc: 2.873661e-06 ustep: 1 
iter: 4  mgc: 3.215206e-13 
iter: 1  value: 4848.962 mgc: 0.397565 ustep: 1 
iter: 2  value: 4848.962 mgc: 0.002854378 ustep: 1 
iter: 3  value: 4848.962 mgc: 1.738918e-07 ustep: 1 
iter: 4  mgc: 2.181588e-14 
iter: 1  mgc: 2.181588e-14 
outer mgc:  0.7850438 
iter: 1  value: 4848.001 mgc: 0.407411 ustep: 1 
iter: 2  value: 4848.001 mgc: 0.001483684 ustep: 1 
iter: 3  value: 4848.001 mgc: 4.971572e-08 ustep: 1 
mgc: 1.953993e-14 
iter: 1  mgc: 1.953993e-14 
outer mgc:  0.6272665 
iter: 1  value: 4847.04 mgc: 0.370461 ustep: 1 
iter: 2  value: 4847.04 mgc: 0.001503263 ustep: 1 
iter: 3  value: 4847.04 mgc: 4.901571e-08 ustep: 1 
mgc: 2.131628e-14 
iter: 1  mgc: 2.131628e-14 
outer mgc:  0.2412468 
iter: 1  value: 4846.166 mgc: 0.4198001 ustep: 1 
iter: 2  value: 4846.166 mgc: 0.00187106 ustep: 1 
iter: 3  value: 4846.166 mgc: 9.440938e-08 ustep: 1 
mgc: 2.731149e-14 
iter: 1  value: 4845.26 mgc: 0.4390224 ustep: 1 
iter: 2  value: 4845.26 mgc: 0.001873877 ustep: 1 
iter: 3  value: 4845.26 mgc: 9.27608e-08 ustep: 1 
mgc: 1.720846e-14 
iter: 1  mgc: 1.720846e-14 
outer mgc:  0.295294 
iter: 1  value: 4843.485 mgc: 0.688985 ustep: 1 
iter: 2  value: 4843.485 mgc: 0.004201621 ustep: 1 
iter: 3  value: 4843.485 mgc: 4.313105e-07 ustep: 1 
iter: 4  mgc: 2.930989e-14 
iter: 1  mgc: 2.930989e-14 
outer mgc:  0.3043515 
iter: 1  value: 4842.557 mgc: 0.4311204 ustep: 1 
iter: 2  value: 4842.557 mgc: 0.001448953 ustep: 1 
iter: 3  value: 4842.557 mgc: 6.850689e-08 ustep: 1 
iter: 4  mgc: 2.953193e-14 
iter: 1  value: 4843.149 mgc: 0.1681205 ustep: 1 
iter: 2  value: 4843.149 mgc: 0.000219405 ustep: 1 
iter: 3  mgc: 1.320672e-09 
iter: 1  mgc: 1.320672e-09 
outer mgc:  0.2673427 
iter: 1  value: 4843.22 mgc: 0.1055 ustep: 1 
iter: 2  value: 4843.22 mgc: 0.000231655 ustep: 1 
iter: 3  mgc: 3.302393e-09 
iter: 1  value: 4843.185 mgc: 0.04492655 ustep: 1 
iter: 2  value: 4843.185 mgc: 5.09987e-05 ustep: 1 
iter: 3  mgc: 1.087133e-10 
iter: 1  mgc: 1.087133e-10 
outer mgc:  0.0864915 
iter: 1  value: 4843.257 mgc: 0.05442443 ustep: 1 
iter: 2  value: 4843.257 mgc: 7.055042e-05 ustep: 1 
iter: 3  mgc: 1.264837e-10 
iter: 1  mgc: 1.264837e-10 
outer mgc:  0.1089509 
iter: 1  value: 4843.386 mgc: 0.06139221 ustep: 1 
iter: 2  value: 4843.386 mgc: 6.027099e-05 ustep: 1 
iter: 3  mgc: 9.758017e-11 
iter: 1  mgc: 9.758017e-11 
outer mgc:  0.04952464 
iter: 1  value: 4843.376 mgc: 0.03397378 ustep: 1 
iter: 2  value: 4843.376 mgc: 2.754556e-05 ustep: 1 
iter: 3  mgc: 4.328737e-11 
iter: 1  mgc: 4.328737e-11 
outer mgc:  0.06873352 
iter: 1  value: 4843.342 mgc: 0.02669853 ustep: 1 
iter: 2  value: 4843.342 mgc: 8.326874e-06 ustep: 1 
iter: 3  mgc: 2.786105e-12 
iter: 1  mgc: 2.786105e-12 
outer mgc:  0.04463819 
iter: 1  value: 4843.334 mgc: 0.02741834 ustep: 1 
iter: 2  value: 4843.334 mgc: 1.230897e-05 ustep: 1 
iter: 3  mgc: 3.385736e-12 
iter: 1  mgc: 3.385736e-12 
outer mgc:  0.0243054 
iter: 1  value: 4843.37 mgc: 0.01523581 ustep: 1 
iter: 2  value: 4843.37 mgc: 3.581735e-06 ustep: 1 
iter: 3  mgc: 7.325252e-13 
iter: 1  mgc: 7.325252e-13 
outer mgc:  0.02545373 
iter: 1  value: 4843.386 mgc: 0.0128348 ustep: 1 
iter: 2  value: 4843.386 mgc: 2.815522e-06 ustep: 1 
iter: 3  mgc: 1.477707e-13 
iter: 1  mgc: 1.477707e-13 
outer mgc:  0.006109148 
iter: 1  value: 4843.388 mgc: 0.01480642 ustep: 1 
iter: 2  value: 4843.388 mgc: 3.816484e-06 ustep: 1 
iter: 3  mgc: 7.656098e-13 
iter: 1  mgc: 7.656098e-13 
outer mgc:  0.008005993 
iter: 1  value: 4843.393 mgc: 0.009884679 ustep: 1 
iter: 2  value: 4843.393 mgc: 8.290218e-07 ustep: 1 
iter: 3  mgc: 1.820766e-14 
iter: 1  mgc: 1.820766e-14 
outer mgc:  0.003036284 
iter: 1  value: 4843.394 mgc: 0.002282352 ustep: 1 
iter: 2  value: 4843.394 mgc: 1.180792e-07 ustep: 1 
iter: 3  mgc: 1.709743e-14 
iter: 1  mgc: 1.709743e-14 
outer mgc:  0.001564114 
iter: 1  value: 4843.394 mgc: 0.0008857855 ustep: 1 
iter: 2  value: 4843.394 mgc: 1.75335e-08 ustep: 1 
mgc: 2.264855e-14 
iter: 1  mgc: 2.264855e-14 
outer mgc:  0.0003108363 
iter: 1  mgc: 2.264855e-14 
iter: 1  mgc: 2.264855e-14 
outer mgc:  0.0003108363 
iter: 1  value: 4843.393 mgc: 0.002689147 ustep: 1 
iter: 2  value: 4843.393 mgc: 3.023451e-07 ustep: 1 
iter: 3  mgc: 1.953993e-14 
outer mgc:  0.0247929 
iter: 1  value: 4843.396 mgc: 0.002686792 ustep: 1 
iter: 2  value: 4843.396 mgc: 3.016334e-07 ustep: 1 
iter: 3  mgc: 2.264855e-14 
outer mgc:  0.0246134 
iter: 1  value: 4843.394 mgc: 0.001120137 ustep: 1 
iter: 2  value: 4843.394 mgc: 5.591135e-08 ustep: 1 
mgc: 1.421085e-14 
outer mgc:  0.005602489 
iter: 1  value: 4843.395 mgc: 0.001119069 ustep: 1 
iter: 2  value: 4843.395 mgc: 5.581745e-08 ustep: 1 
mgc: 2.309264e-14 
outer mgc:  0.005675027 
iter: 1  value: 4843.393 mgc: 0.006271428 ustep: 1 
iter: 2  value: 4843.393 mgc: 1.868893e-06 ustep: 1 
iter: 3  mgc: 1.961764e-13 
outer mgc:  0.0278035 
iter: 1  value: 4843.396 mgc: 0.006264633 ustep: 1 
iter: 2  value: 4843.396 mgc: 1.869863e-06 ustep: 1 
iter: 3  mgc: 1.929568e-13 
outer mgc:  0.02790084 
iter: 1  value: 4843.394 mgc: 0.002060729 ustep: 1 
iter: 2  value: 4843.394 mgc: 2.600371e-07 ustep: 1 
iter: 3  mgc: 1.576517e-14 
outer mgc:  0.01618867 
iter: 1  value: 4843.395 mgc: 0.002058173 ustep: 1 
iter: 2  value: 4843.395 mgc: 2.596307e-07 ustep: 1 
iter: 3  mgc: 1.598721e-14 
outer mgc:  0.01611919 
iter: 1  value: 4843.394 mgc: 0.0123825 ustep: 1 
iter: 2  value: 4843.394 mgc: 3.304149e-06 ustep: 1 
iter: 3  mgc: 3.127498e-13 
outer mgc:  0.02948542 
iter: 1  value: 4843.395 mgc: 0.01237566 ustep: 1 
iter: 2  value: 4843.395 mgc: 3.310519e-06 ustep: 1 
iter: 3  mgc: 3.049783e-13 
outer mgc:  0.02973919 
iter: 1  value: 4843.394 mgc: 0.00464723 ustep: 1 
iter: 2  value: 4843.394 mgc: 5.718769e-07 ustep: 1 
iter: 3  mgc: 2.597922e-14 
outer mgc:  0.02314044 
iter: 1  value: 4843.395 mgc: 0.004641914 ustep: 1 
iter: 2  value: 4843.395 mgc: 5.712566e-07 ustep: 1 
iter: 3  mgc: 1.465494e-14 
outer mgc:  0.02287346 
iter: 1  value: 4843.396 mgc: 0.01243286 ustep: 1 
iter: 2  value: 4843.396 mgc: 1.14684e-06 ustep: 1 
iter: 3  mgc: 2.708944e-14 
outer mgc:  0.02289246 
iter: 1  value: 4843.393 mgc: 0.01243329 ustep: 1 
iter: 2  value: 4843.393 mgc: 1.144234e-06 ustep: 1 
iter: 3  mgc: 3.397282e-14 
outer mgc:  0.02293521 
iter: 1  value: 4843.398 mgc: 0.01055116 ustep: 1 
iter: 2  value: 4843.398 mgc: 8.881584e-07 ustep: 1 
iter: 3  mgc: 2.531308e-14 
outer mgc:  0.04625359 
iter: 1  value: 4843.391 mgc: 0.01055303 ustep: 1 
iter: 2  value: 4843.391 mgc: 8.845224e-07 ustep: 1 
iter: 3  mgc: 3.419487e-14 
outer mgc:  0.04623432 
iter: 1  value: 4843.394 mgc: 0.01029976 ustep: 1 
iter: 2  value: 4843.394 mgc: 1.963029e-06 ustep: 1 
iter: 3  mgc: 7.549517e-14 
outer mgc:  0.05471195 
iter: 1  value: 4843.395 mgc: 0.01028915 ustep: 1 
iter: 2  value: 4843.395 mgc: 1.964289e-06 ustep: 1 
iter: 3  mgc: 8.393286e-14 
outer mgc:  0.05439911 
iter: 1  value: 4843.394 mgc: 0.007163256 ustep: 1 
iter: 2  value: 4843.394 mgc: 1.163746e-06 ustep: 1 
iter: 3  mgc: 4.041212e-14 
outer mgc:  0.04030524 
iter: 1  value: 4843.395 mgc: 0.007156513 ustep: 1 
iter: 2  value: 4843.395 mgc: 1.164735e-06 ustep: 1 
iter: 3  mgc: 2.620126e-14 
outer mgc:  0.04061566 
iter: 1  value: 4843.396 mgc: 0.01249118 ustep: 1 
iter: 2  value: 4843.396 mgc: 2.232738e-06 ustep: 1 
iter: 3  mgc: 1.064149e-13 
outer mgc:  0.05121276 
iter: 1  value: 4843.393 mgc: 0.0124835 ustep: 1 
iter: 2  value: 4843.393 mgc: 2.237074e-06 ustep: 1 
iter: 3  mgc: 9.392487e-14 
outer mgc:  0.05183119 
iter: 1  value: 4843.394 mgc: 0.004396103 ustep: 1 
iter: 2  value: 4843.394 mgc: 3.367274e-07 ustep: 1 
iter: 3  mgc: 2.020606e-14 
outer mgc:  0.02409588 
iter: 1  value: 4843.395 mgc: 0.004391242 ustep: 1 
iter: 2  value: 4843.395 mgc: 3.36225e-07 ustep: 1 
iter: 3  mgc: 2.420286e-14 
outer mgc:  0.02398805 
iter: 1  value: 4843.402 mgc: 0.002178286 ustep: 1 
iter: 2  value: 4843.402 mgc: 9.836022e-08 ustep: 1 
iter: 3  mgc: 2.398082e-14 
outer mgc:  0.001342471 
iter: 1  value: 4843.387 mgc: 0.002180465 ustep: 1 
iter: 2  value: 4843.387 mgc: 9.824289e-08 ustep: 1 
iter: 3  mgc: 2.087219e-14 
outer mgc:  0.001247185 
iter: 1  value: 4843.399 mgc: 0.003381746 ustep: 1 
iter: 2  value: 4843.399 mgc: 3.913098e-07 ustep: 1 
iter: 3  mgc: 1.931788e-14 
outer mgc:  0.003088006 
iter: 1  value: 4843.39 mgc: 0.003385129 ustep: 1 
iter: 2  value: 4843.39 mgc: 3.915778e-07 ustep: 1 
iter: 3  mgc: 1.676437e-14 
outer mgc:  0.003215705 
iter: 1  value: 4843.398 mgc: 0.002106739 ustep: 1 
iter: 2  value: 4843.398 mgc: 1.738161e-07 ustep: 1 
iter: 3  mgc: 2.309264e-14 
outer mgc:  0.004261929 
iter: 1  value: 4843.391 mgc: 0.002108847 ustep: 1 
iter: 2  value: 4843.391 mgc: 1.738832e-07 ustep: 1 
iter: 3  mgc: 2.126077e-14 
outer mgc:  0.004448884 
iter: 1  value: 4843.396 mgc: 0.001899036 ustep: 1 
iter: 2  value: 4843.396 mgc: 2.587572e-08 ustep: 1 
mgc: 1.765255e-14 
outer mgc:  0.007088417 
iter: 1  value: 4843.393 mgc: 0.001900936 ustep: 1 
iter: 2  value: 4843.393 mgc: 2.591392e-08 ustep: 1 
mgc: 1.920686e-14 
outer mgc:  0.007151048 
iter: 1  value: 4843.402 mgc: 0.003958352 ustep: 1 
iter: 2  value: 4843.402 mgc: 1.020568e-07 ustep: 1 
iter: 3  mgc: 1.931788e-14 
outer mgc:  0.001671678 
iter: 1  value: 4843.387 mgc: 0.003962313 ustep: 1 
iter: 2  value: 4843.387 mgc: 1.019754e-07 ustep: 1 
iter: 3  mgc: 1.909584e-14 
outer mgc:  0.001483813 
iter: 1  value: 4843.399 mgc: 0.003590255 ustep: 1 
iter: 2  value: 4843.399 mgc: 8.22414e-08 ustep: 1 
iter: 3  mgc: 1.865175e-14 
outer mgc:  0.00293438 
iter: 1  value: 4843.39 mgc: 0.003593847 ustep: 1 
iter: 2  value: 4843.39 mgc: 8.228539e-08 ustep: 1 
iter: 3  mgc: 1.998401e-14 
outer mgc:  0.003067121 
iter: 1  value: 4843.383 mgc: 0.002383781 ustep: 1 
iter: 2  value: 4843.383 mgc: 1.16989e-07 ustep: 1 
iter: 3  mgc: 2.198242e-14 
outer mgc:  0.01454448 
iter: 1  value: 4843.406 mgc: 0.002382874 ustep: 1 
iter: 2  value: 4843.406 mgc: 1.168786e-07 ustep: 1 
iter: 3  mgc: 1.962319e-14 
outer mgc:  0.01426246 
iter: 1  value: 4843.39 mgc: 0.002169642 ustep: 1 
iter: 2  value: 4843.39 mgc: 8.009038e-08 ustep: 1 
mgc: 2.04281e-14 
outer mgc:  0.0105993 
iter: 1  value: 4843.399 mgc: 0.002169004 ustep: 1 
iter: 2  value: 4843.399 mgc: 8.007681e-08 ustep: 1 
mgc: 1.709743e-14 
outer mgc:  0.01060975 
[Sun Aug 15 07:41:12 2021]
Finished job 0.
1 of 1 steps (100%) done
