Building DAG of jobs...
Using shell: /usr/bin/bash
Provided cores: 1 (use --cores to define parallelism)
Rules claiming more threads will be scaled down.
Job counts:
	count	jobs
	1	inference_simulation_TMB_multiple
	1

[Mon Aug 16 07:35:23 2021]
rule inference_simulation_TMB_multiple:
    input: ../data/assessing_models_simulation/datasets/multiple_GenerationJnorm3_50_100_10_7_0.005_NA_NA_NA_dataset1.RDS
    output: ../data/assessing_models_simulation/inference_results/TMB/nlminb/multiple_GenerationJnorm3_50_100_10_7_0.005_diagREDMsinglelambda_NA_NA_NA_dataset1.RDS
    log: logs/inference/nlminb/simulation_GenerationJnorm3_50_100_10_7_0.005_ModeldiagREDMsinglelambda_NA_NA_NA_dataset1.log
    jobid: 0
    wildcards: optimiser=nlminb, datasetgeneration=GenerationJnorm3, n=50, nlambda=100, lmbda=10, d=7, beta_intensity=0.005, model=diagREDMsinglelambda, fixed_beta_intercept=NA, fixed_beta_slope=NA, sdRE_input=NA, itnum=1

Rscript 2_inference_TMB/run_TMB.R --input ../data/assessing_models_simulation/datasets/multiple_GenerationJnorm3_50_100_10_7_0.005_NA_NA_NA_dataset1.RDS --output ../data/assessing_models_simulation/inference_results/TMB/nlminb/multiple_GenerationJnorm3_50_100_10_7_0.005_diagREDMsinglelambda_NA_NA_NA_dataset1.RDS --model diagREDMsinglelambda --optimiser nlminb
Model: diagREDMsinglelambda 
Feature type: signatures 
Using nlminb: TRUE 
Simulation boolean: TRUE 
make: Nothing to be done for 'all'.
../data/assessing_models_simulation/datasets/multiple_GenerationJnorm3_50_100_10_7_0.005_NA_NA_NA_dataset1.RDS[1] "../data/assessing_models_simulation/datasets/multiple_GenerationJnorm3_50_100_10_7_0.005_NA_NA_NA_dataset1.RDS"
Reading file ../data/assessing_models_simulation/datasets/multiple_GenerationJnorm3_50_100_10_7_0.005_NA_NA_NA_dataset1.RDS 
Loading required package: nnet
# weights:  21 (12 variable)
initial  value 19396.832366 
iter  10 value 18442.470540
final  value 18301.867838 
converged
Constructing atomic invpd
Constructing atomic D_lgamma
Constructing atomic invpd
Constructing atomic D_lgamma
Constructing atomic matmul
Constructing atomic invpd
Constructing atomic D_lgamma
Constructing atomic matmul
Optimizing tape... Done
iter: 1  value: 16336.84 mgc: 6.574956 ustep: 0.8994163 
iter: 2  value: 16190.42 mgc: 11.52304 ustep: 0.772724 
iter: 3  value: 16057.34 mgc: 5.753254 ustep: 0.8790593 
iter: 4  value: 16010.98 mgc: 10.36785 ustep: 0.9375879 
iter: 5  value: 15991.8 mgc: 4.466591 ustep: 0.5778724 
iter: 6  value: 15989.69 mgc: 2.102583 ustep: 0.7602032 
iter: 7  value: 15989.48 mgc: 1.051182 ustep: 0.8719091 
iter: 8  value: 15989.48 mgc: 0.1154082 ustep: 0.9337674 
iter: 9  value: 15989.48 mgc: 0.004216091 ustep: 0.9663198 
iter: 10  value: 15989.48 mgc: 7.133901e-05 ustep: 0.9830173 
iter: 11  value: 15989.48 mgc: 1.126375e-06 ustep: 0.9914732 
iter: 12  value: 15989.48 mgc: 1.413694e-08 ustep: 0.9957279 
iter: 13  mgc: 1.102526e-10 
iter: 1  mgc: 1.102526e-10 
Matching hessian patterns... Done
outer mgc:  209.6607 
iter: 1  value: 15802.27 mgc: 2.75115 ustep: 1 
iter: 2  value: 15801.7 mgc: 0.7451032 ustep: 1 
iter: 3  value: 15801.7 mgc: 0.01739261 ustep: 1 
iter: 4  value: 15801.7 mgc: 1.838068e-05 ustep: 1 
iter: 5  mgc: 2.245581e-11 
iter: 1  mgc: 2.245581e-11 
outer mgc:  70.05695 
iter: 1  value: 15716.37 mgc: 4.145273 ustep: 1 
iter: 2  value: 15715.81 mgc: 1.204122 ustep: 1 
iter: 3  value: 15715.81 mgc: 0.04639961 ustep: 1 
iter: 4  value: 15715.81 mgc: 0.0001695688 ustep: 1 
iter: 5  mgc: 2.322105e-09 
iter: 1  mgc: 2.322105e-09 
outer mgc:  45.78272 
iter: 1  value: 15727.16 mgc: 4.347723 ustep: 1 
iter: 2  value: 15683.84 mgc: 4.096317 ustep: 1 
iter: 3  value: 15682.8 mgc: 0.6487712 ustep: 1 
iter: 4  value: 15682.79 mgc: 0.04924008 ustep: 1 
iter: 5  value: 15682.79 mgc: 0.000378746 ustep: 1 
iter: 6  value: 15682.79 mgc: 2.29612e-08 ustep: 1 
mgc: 3.441691e-15 
iter: 1  mgc: 3.441691e-15 
outer mgc:  55.381 
iter: 1  value: 15607.81 mgc: 4.126674 ustep: 1 
iter: 2  value: 15603.75 mgc: 2.800068 ustep: 1 
iter: 3  value: 15603.74 mgc: 0.2057433 ustep: 1 
iter: 4  value: 15603.74 mgc: 0.001962689 ustep: 1 
iter: 5  value: 15603.74 mgc: 2.784565e-07 ustep: 1 
iter: 6  mgc: 4.218847e-15 
iter: 1  mgc: 4.218847e-15 
outer mgc:  34.62657 
iter: 1  value: 15600.45 mgc: 9.052243 ustep: 1 
iter: 2  value: 15584.48 mgc: 3.979266 ustep: 1 
iter: 3  value: 15584.4 mgc: 0.4072867 ustep: 1 
iter: 4  value: 15584.4 mgc: 0.007490185 ustep: 1 
iter: 5  value: 15584.4 mgc: 3.120038e-06 ustep: 1 
iter: 6  mgc: 5.211387e-13 
iter: 1  value: 15596.11 mgc: 5.403724 ustep: 1 
iter: 2  value: 15595.29 mgc: 0.6176384 ustep: 1 
iter: 3  value: 15595.29 mgc: 0.01654466 ustep: 1 
iter: 4  value: 15595.29 mgc: 1.811448e-05 ustep: 1 
iter: 5  mgc: 2.19828e-11 
iter: 1  mgc: 2.19828e-11 
outer mgc:  31.26111 
iter: 1  value: 15556.14 mgc: 2.768354 ustep: 1 
iter: 2  value: 15556.07 mgc: 0.2353551 ustep: 1 
iter: 3  value: 15556.07 mgc: 0.002307566 ustep: 1 
iter: 4  value: 15556.07 mgc: 2.420925e-07 ustep: 1 
iter: 5  mgc: 7.771561e-15 
iter: 1  mgc: 7.771561e-15 
outer mgc:  38.08325 
iter: 1  value: 15545.94 mgc: 3.137966 ustep: 1 
iter: 2  value: 15545.78 mgc: 0.2833641 ustep: 1 
iter: 3  value: 15545.78 mgc: 0.002701569 ustep: 1 
iter: 4  value: 15545.78 mgc: 2.738909e-07 ustep: 1 
iter: 5  mgc: 4.884981e-15 
iter: 1  mgc: 4.884981e-15 
outer mgc:  18.77623 
iter: 1  value: 15548.78 mgc: 2.825525 ustep: 1 
iter: 2  value: 15548.67 mgc: 0.2331949 ustep: 1 
iter: 3  value: 15548.67 mgc: 0.00156163 ustep: 1 
iter: 4  value: 15548.67 mgc: 2.854052e-07 ustep: 1 
iter: 5  mgc: 1.032507e-14 
iter: 1  value: 15538.25 mgc: 1.391033 ustep: 1 
iter: 2  value: 15538.24 mgc: 0.06764574 ustep: 1 
iter: 3  value: 15538.24 mgc: 0.0001828693 ustep: 1 
iter: 4  mgc: 1.57667e-09 
iter: 1  mgc: 1.57667e-09 
outer mgc:  4.667465 
iter: 1  value: 15532.77 mgc: 1.33397 ustep: 1 
iter: 2  value: 15532.77 mgc: 0.032289 ustep: 1 
iter: 3  value: 15532.77 mgc: 6.497351e-05 ustep: 1 
iter: 4  mgc: 2.957357e-10 
iter: 1  value: 15534.78 mgc: 0.6012757 ustep: 1 
iter: 2  value: 15534.78 mgc: 0.008359951 ustep: 1 
iter: 3  value: 15534.78 mgc: 2.28448e-06 ustep: 1 
iter: 4  mgc: 3.591571e-13 
iter: 1  mgc: 3.591571e-13 
outer mgc:  3.626978 
iter: 1  value: 15531.59 mgc: 0.6571491 ustep: 1 
iter: 2  value: 15531.59 mgc: 0.01303986 ustep: 1 
iter: 3  value: 15531.59 mgc: 6.53529e-06 ustep: 1 
iter: 4  mgc: 1.665959e-12 
iter: 1  mgc: 1.665959e-12 
outer mgc:  5.837448 
iter: 1  value: 15528.52 mgc: 0.681358 ustep: 1 
iter: 2  value: 15528.52 mgc: 0.008315681 ustep: 1 
iter: 3  value: 15528.52 mgc: 2.129218e-06 ustep: 1 
iter: 4  mgc: 2.299272e-13 
iter: 1  mgc: 2.299272e-13 
outer mgc:  2.985682 
iter: 1  value: 15522.63 mgc: 0.3695727 ustep: 1 
iter: 2  value: 15522.63 mgc: 0.005266968 ustep: 1 
iter: 3  value: 15522.63 mgc: 1.063172e-06 ustep: 1 
iter: 4  mgc: 4.751755e-14 
iter: 1  mgc: 4.751755e-14 
outer mgc:  5.614738 
iter: 1  value: 15521.02 mgc: 0.466928 ustep: 1 
iter: 2  value: 15521.02 mgc: 0.006429994 ustep: 1 
iter: 3  value: 15521.02 mgc: 3.41256e-06 ustep: 1 
iter: 4  mgc: 9.365841e-13 
iter: 1  mgc: 9.365841e-13 
outer mgc:  5.629185 
iter: 1  value: 15515.07 mgc: 0.414208 ustep: 1 
iter: 2  value: 15515.07 mgc: 0.002421393 ustep: 1 
iter: 3  value: 15515.07 mgc: 1.004831e-07 ustep: 1 
iter: 4  mgc: 6.217249e-15 
iter: 1  mgc: 6.217249e-15 
outer mgc:  4.756873 
iter: 1  value: 15512.1 mgc: 0.4590962 ustep: 1 
iter: 2  value: 15512.1 mgc: 0.004685766 ustep: 1 
iter: 3  value: 15512.1 mgc: 2.870614e-06 ustep: 1 
iter: 4  mgc: 1.091793e-12 
iter: 1  mgc: 1.091793e-12 
outer mgc:  3.828315 
iter: 1  value: 15512.87 mgc: 0.5733022 ustep: 1 
iter: 2  value: 15512.87 mgc: 0.02387051 ustep: 1 
iter: 3  value: 15512.87 mgc: 5.143503e-05 ustep: 1 
iter: 4  mgc: 2.409175e-10 
iter: 1  value: 15512.84 mgc: 0.2715454 ustep: 1 
iter: 2  value: 15512.84 mgc: 0.004932875 ustep: 1 
iter: 3  value: 15512.84 mgc: 2.154505e-06 ustep: 1 
iter: 4  mgc: 4.094503e-13 
iter: 1  mgc: 4.094503e-13 
outer mgc:  3.963961 
iter: 1  value: 15510.09 mgc: 0.2851599 ustep: 1 
iter: 2  value: 15510.09 mgc: 0.001972144 ustep: 1 
iter: 3  value: 15510.09 mgc: 8.208872e-08 ustep: 1 
iter: 4  mgc: 5.107026e-15 
iter: 1  mgc: 5.107026e-15 
outer mgc:  2.90364 
iter: 1  value: 15509.08 mgc: 0.2411747 ustep: 1 
iter: 2  value: 15509.08 mgc: 0.00106565 ustep: 1 
iter: 3  value: 15509.08 mgc: 9.10339e-08 ustep: 1 
iter: 4  mgc: 4.884981e-15 
iter: 1  mgc: 4.884981e-15 
outer mgc:  1.471629 
iter: 1  value: 15504.08 mgc: 0.3134493 ustep: 1 
iter: 2  value: 15504.08 mgc: 0.000802388 ustep: 1 
iter: 3  value: 15504.08 mgc: 2.035054e-08 ustep: 1 
mgc: 3.552714e-15 
iter: 1  mgc: 3.552714e-15 
outer mgc:  5.236579 
iter: 1  value: 15501.48 mgc: 0.5090036 ustep: 1 
iter: 2  value: 15501.48 mgc: 0.007271339 ustep: 1 
iter: 3  value: 15501.48 mgc: 4.327669e-06 ustep: 1 
iter: 4  mgc: 1.521894e-12 
iter: 1  mgc: 1.521894e-12 
outer mgc:  2.008763 
iter: 1  value: 15499.29 mgc: 0.3607796 ustep: 1 
iter: 2  value: 15499.29 mgc: 0.001995894 ustep: 1 
iter: 3  value: 15499.29 mgc: 9.260659e-08 ustep: 1 
iter: 4  mgc: 4.440892e-15 
iter: 1  mgc: 4.440892e-15 
outer mgc:  2.652549 
iter: 1  value: 15495.43 mgc: 0.2879533 ustep: 1 
iter: 2  value: 15495.43 mgc: 0.002827451 ustep: 1 
iter: 3  value: 15495.43 mgc: 6.76177e-07 ustep: 1 
iter: 4  mgc: 3.996803e-14 
iter: 1  mgc: 3.996803e-14 
outer mgc:  4.631973 
iter: 1  value: 15495.6 mgc: 0.2250294 ustep: 1 
iter: 2  value: 15495.6 mgc: 0.001703258 ustep: 1 
iter: 3  value: 15495.6 mgc: 1.411764e-07 ustep: 1 
iter: 4  mgc: 4.440892e-15 
iter: 1  mgc: 4.440892e-15 
outer mgc:  1.531195 
iter: 1  value: 15493.26 mgc: 0.151875 ustep: 1 
iter: 2  value: 15493.26 mgc: 0.0004320281 ustep: 1 
iter: 3  value: 15493.26 mgc: 1.287892e-08 ustep: 1 
iter: 4  mgc: 5.77316e-15 
iter: 1  mgc: 5.77316e-15 
outer mgc:  3.145309 
iter: 1  value: 15492.55 mgc: 0.2561347 ustep: 1 
iter: 2  value: 15492.55 mgc: 0.0009691243 ustep: 1 
iter: 3  value: 15492.55 mgc: 8.435905e-08 ustep: 1 
iter: 4  mgc: 4.773959e-15 
iter: 1  mgc: 4.773959e-15 
outer mgc:  0.674138 
iter: 1  value: 15490.97 mgc: 0.2128374 ustep: 1 
iter: 2  value: 15490.97 mgc: 0.0006973545 ustep: 1 
iter: 3  value: 15490.97 mgc: 2.306231e-08 ustep: 1 
iter: 4  mgc: 2.664535e-15 
iter: 1  mgc: 2.664535e-15 
outer mgc:  0.846412 
iter: 1  value: 15489.22 mgc: 0.1917513 ustep: 1 
iter: 2  value: 15489.22 mgc: 0.0004878438 ustep: 1 
iter: 3  value: 15489.22 mgc: 1.212534e-08 ustep: 1 
mgc: 4.32987e-15 
iter: 1  mgc: 4.32987e-15 
outer mgc:  1.002624 
iter: 1  value: 15487.69 mgc: 0.2267069 ustep: 1 
iter: 2  value: 15487.69 mgc: 0.0001818007 ustep: 1 
iter: 3  mgc: 1.824726e-09 
iter: 1  mgc: 1.824726e-09 
outer mgc:  0.5381887 
iter: 1  value: 15486.03 mgc: 0.2205289 ustep: 1 
iter: 2  value: 15486.03 mgc: 0.0001709883 ustep: 1 
iter: 3  mgc: 1.457338e-09 
iter: 1  mgc: 1.457338e-09 
outer mgc:  0.8680531 
iter: 1  value: 15484.57 mgc: 0.2139459 ustep: 1 
iter: 2  value: 15484.57 mgc: 0.0001778968 ustep: 1 
iter: 3  mgc: 7.426733e-10 
iter: 1  mgc: 7.426733e-10 
outer mgc:  0.741195 
iter: 1  value: 15482.68 mgc: 0.2073678 ustep: 1 
iter: 2  value: 15482.68 mgc: 0.0001011938 ustep: 1 
iter: 3  mgc: 1.203073e-09 
iter: 1  mgc: 1.203073e-09 
outer mgc:  0.6645248 
iter: 1  value: 15481.19 mgc: 0.2372368 ustep: 1 
iter: 2  value: 15481.19 mgc: 0.0001700436 ustep: 1 
iter: 3  mgc: 1.241028e-09 
iter: 1  mgc: 1.241028e-09 
outer mgc:  0.506586 
iter: 1  value: 15479.34 mgc: 0.2270284 ustep: 1 
iter: 2  value: 15479.34 mgc: 0.0001408412 ustep: 1 
iter: 3  mgc: 2.555731e-09 
iter: 1  mgc: 2.555731e-09 
outer mgc:  0.4187089 
iter: 1  value: 15477.74 mgc: 0.231843 ustep: 1 
iter: 2  value: 15477.74 mgc: 8.542207e-05 ustep: 1 
iter: 3  mgc: 1.267706e-10 
iter: 1  mgc: 1.267706e-10 
outer mgc:  0.6662269 
iter: 1  value: 15476.15 mgc: 0.2490688 ustep: 1 
iter: 2  value: 15476.15 mgc: 8.217426e-05 ustep: 1 
iter: 3  mgc: 1.880736e-10 
iter: 1  mgc: 1.880736e-10 
outer mgc:  0.3877457 
iter: 1  value: 15474.29 mgc: 0.2268837 ustep: 1 
iter: 2  value: 15474.29 mgc: 5.128248e-05 ustep: 1 
iter: 3  mgc: 1.398615e-11 
iter: 1  value: 15470.75 mgc: 0.4824361 ustep: 1 
iter: 2  value: 15470.75 mgc: 0.000192016 ustep: 1 
iter: 3  mgc: 1.324314e-10 
iter: 1  mgc: 1.324314e-10 
outer mgc:  0.687046 
iter: 1  value: 15465.73 mgc: 0.7634948 ustep: 1 
iter: 2  value: 15465.73 mgc: 0.000372653 ustep: 1 
iter: 3  mgc: 8.556255e-09 
iter: 1  mgc: 8.556255e-09 
outer mgc:  0.4260564 
iter: 1  value: 15460.76 mgc: 0.7752021 ustep: 1 
iter: 2  value: 15460.76 mgc: 0.000368336 ustep: 1 
iter: 3  mgc: 6.769077e-09 
iter: 1  mgc: 6.769077e-09 
outer mgc:  1.337944 
iter: 1  value: 15455.12 mgc: 0.7579058 ustep: 1 
iter: 2  value: 15455.12 mgc: 0.0002984543 ustep: 1 
iter: 3  mgc: 8.218942e-09 
iter: 1  mgc: 8.218942e-09 
outer mgc:  0.5718801 
iter: 1  value: 15449.87 mgc: 0.800644 ustep: 1 
iter: 2  value: 15449.87 mgc: 0.0001847065 ustep: 1 
iter: 3  mgc: 3.164426e-09 
iter: 1  mgc: 3.164426e-09 
outer mgc:  0.5924436 
iter: 1  value: 15444.77 mgc: 0.7671164 ustep: 1 
iter: 2  value: 15444.77 mgc: 5.344611e-05 ustep: 1 
iter: 3  mgc: 1.506876e-10 
iter: 1  mgc: 1.506876e-10 
outer mgc:  0.521795 
iter: 1  value: 15439.37 mgc: 0.7667216 ustep: 1 
iter: 2  value: 15439.37 mgc: 3.257931e-05 ustep: 1 
iter: 3  mgc: 4.380052e-12 
iter: 1  value: 15431.82 mgc: 1.133374 ustep: 1 
iter: 2  value: 15431.82 mgc: 3.697662e-05 ustep: 1 
iter: 3  mgc: 1.263878e-11 
iter: 1  mgc: 1.263878e-11 
outer mgc:  0.6745934 
iter: 1  value: 15419.36 mgc: 2.261302 ustep: 1 
iter: 2  value: 15419.36 mgc: 0.0003716004 ustep: 1 
iter: 3  mgc: 2.794258e-09 
iter: 1  value: 15426.97 mgc: 0.7709318 ustep: 1 
iter: 2  value: 15426.97 mgc: 0.0001482093 ustep: 1 
iter: 3  mgc: 4.835594e-10 
iter: 1  mgc: 4.835594e-10 
outer mgc:  0.6900752 
iter: 1  value: 15421.97 mgc: 0.7278171 ustep: 1 
iter: 2  value: 15421.97 mgc: 9.978104e-05 ustep: 1 
iter: 3  mgc: 5.378409e-10 
iter: 1  mgc: 5.378409e-10 
outer mgc:  0.4293709 
iter: 1  value: 15416.96 mgc: 0.7097765 ustep: 1 
iter: 2  value: 15416.96 mgc: 4.564119e-05 ustep: 1 
iter: 3  mgc: 5.271694e-11 
iter: 1  mgc: 5.271694e-11 
outer mgc:  0.1002108 
iter: 1  value: 15411.93 mgc: 0.7331972 ustep: 1 
iter: 2  value: 15411.93 mgc: 4.281551e-06 ustep: 1 
iter: 3  mgc: 7.96696e-13 
iter: 1  value: 15400.78 mgc: 1.84731 ustep: 1 
iter: 2  value: 15400.78 mgc: 2.088754e-05 ustep: 1 
iter: 3  mgc: 1.95195e-11 
iter: 1  mgc: 1.95195e-11 
outer mgc:  0.2881508 
iter: 1  value: 15384.75 mgc: 3.029139 ustep: 1 
iter: 2  value: 15384.75 mgc: 0.0002415238 ustep: 1 
iter: 3  mgc: 2.961955e-09 
iter: 1  mgc: 2.961955e-09 
outer mgc:  0.2243204 
iter: 1  value: 15368.84 mgc: 3.01777 ustep: 1 
iter: 2  value: 15368.84 mgc: 0.0002398364 ustep: 1 
iter: 3  mgc: 4.7491e-09 
iter: 1  mgc: 4.7491e-09 
outer mgc:  0.4169833 
iter: 1  value: 15360.02 mgc: 1.345675 ustep: 1 
iter: 2  value: 15360.02 mgc: 0.0001330262 ustep: 1 
iter: 3  mgc: 9.813506e-10 
iter: 1  mgc: 9.813506e-10 
outer mgc:  0.3443131 
iter: 1  value: 15355.23 mgc: 0.7167742 ustep: 1 
iter: 2  value: 15355.23 mgc: 0.0001970677 ustep: 1 
iter: 3  mgc: 3.287536e-09 
iter: 1  mgc: 3.287536e-09 
outer mgc:  0.2500391 
iter: 1  value: 15350.8 mgc: 0.6699567 ustep: 1 
iter: 2  value: 15350.8 mgc: 0.0003111164 ustep: 1 
iter: 3  mgc: 8.168112e-09 
iter: 1  mgc: 8.168112e-09 
outer mgc:  0.1070009 
iter: 1  value: 15346.13 mgc: 0.6676545 ustep: 1 
iter: 2  value: 15346.13 mgc: 7.177565e-05 ustep: 1 
iter: 3  mgc: 4.815024e-10 
iter: 1  mgc: 4.815024e-10 
outer mgc:  0.1425652 
iter: 1  value: 15341.5 mgc: 0.6745079 ustep: 1 
iter: 2  value: 15341.5 mgc: 8.868868e-06 ustep: 1 
iter: 3  mgc: 7.072121e-12 
iter: 1  mgc: 7.072121e-12 
outer mgc:  0.03236683 
iter: 1  value: 15336.88 mgc: 0.6745757 ustep: 1 
iter: 2  value: 15336.88 mgc: 7.216669e-06 ustep: 1 
iter: 3  mgc: 1.496581e-12 
iter: 1  mgc: 1.496581e-12 
outer mgc:  0.05738923 
iter: 1  value: 15332.33 mgc: 0.6744151 ustep: 1 
iter: 2  value: 15332.33 mgc: 2.17364e-06 ustep: 1 
iter: 3  mgc: 4.418688e-13 
iter: 1  mgc: 4.418688e-13 
outer mgc:  0.04377573 
iter: 1  value: 15319.07 mgc: 2.316907 ustep: 1 
iter: 2  value: 15319.07 mgc: 1.509723e-05 ustep: 1 
iter: 3  mgc: 1.979616e-11 
iter: 1  mgc: 1.979616e-11 
outer mgc:  0.01663505 
iter: 1  value: 15305.93 mgc: 2.316279 ustep: 1 
iter: 2  value: 15305.93 mgc: 7.079777e-07 ustep: 1 
iter: 3  mgc: 3.907985e-14 
iter: 1  mgc: 3.907985e-14 
outer mgc:  0.008440675 
iter: 1  value: 15292.78 mgc: 2.316506 ustep: 1 
iter: 2  value: 15292.78 mgc: 8.216779e-06 ustep: 1 
iter: 3  mgc: 5.804246e-12 
iter: 1  mgc: 5.804246e-12 
outer mgc:  0.01253776 
iter: 1  value: 15279.54 mgc: 2.318184 ustep: 1 
iter: 2  value: 15279.54 mgc: 1.616457e-06 ustep: 1 
iter: 3  mgc: 2.247091e-13 
iter: 1  mgc: 2.247091e-13 
outer mgc:  0.005117835 
iter: 1  value: 15266.34 mgc: 2.317688 ustep: 1 
iter: 2  value: 15266.34 mgc: 4.429747e-08 ustep: 1 
iter: 3  mgc: 3.774758e-15 
iter: 1  mgc: 3.774758e-15 
outer mgc:  0.002354832 
iter: 1  value: 15246.19 mgc: 4.133896 ustep: 1 
iter: 2  value: 15246.19 mgc: 2.490931e-07 ustep: 1 
iter: 3  mgc: 3.774758e-15 
iter: 1  mgc: 3.774758e-15 
outer mgc:  0.006788766 
iter: 1  value: 15226.01 mgc: 4.135011 ustep: 1 
iter: 2  value: 15226.01 mgc: 4.990113e-07 ustep: 1 
iter: 3  mgc: 2.04281e-14 
iter: 1  mgc: 2.04281e-14 
outer mgc:  0.006318361 
iter: 1  value: 15214.54 mgc: 1.943353 ustep: 1 
iter: 2  value: 15214.54 mgc: 4.324868e-08 ustep: 1 
iter: 3  mgc: 4.662937e-15 
iter: 1  mgc: 4.662937e-15 
outer mgc:  0.001581749 
iter: 1  value: 15203.05 mgc: 1.94364 ustep: 1 
iter: 2  value: 15203.05 mgc: 1.713641e-08 ustep: 1 
mgc: 3.108624e-15 
iter: 1  mgc: 3.108624e-15 
outer mgc:  0.001448099 
iter: 1  value: 15191.57 mgc: 1.943668 ustep: 1 
iter: 2  mgc: 8.592478e-10 
iter: 1  mgc: 8.592478e-10 
outer mgc:  0.001098215 
iter: 1  value: 15180.09 mgc: 1.943744 ustep: 1 
iter: 2  mgc: 3.161489e-10 
iter: 1  mgc: 3.161489e-10 
outer mgc:  0.0005925859 
iter: 1  mgc: 3.161489e-10 
iter: 1  mgc: 3.161489e-10 
outer mgc:  0.0005925859 
iter: 1  value: 15180.08 mgc: 0.0035532 ustep: 1 
iter: 2  value: 15180.08 mgc: 1.169195e-06 ustep: 1 
iter: 3  mgc: 1.274536e-13 
outer mgc:  0.03386268 
iter: 1  value: 15180.09 mgc: 0.003548957 ustep: 1 
iter: 2  value: 15180.09 mgc: 1.170659e-06 ustep: 1 
iter: 3  mgc: 1.265654e-13 
outer mgc:  0.03358908 
iter: 1  value: 15180.09 mgc: 0.002136411 ustep: 1 
iter: 2  value: 15180.09 mgc: 5.872363e-07 ustep: 1 
iter: 3  mgc: 4.596323e-14 
outer mgc:  0.02904221 
iter: 1  value: 15180.09 mgc: 0.002134646 ustep: 1 
iter: 2  value: 15180.09 mgc: 5.875845e-07 ustep: 1 
iter: 3  mgc: 4.485301e-14 
outer mgc:  0.02891622 
iter: 1  value: 15180.09 mgc: 0.005066702 ustep: 1 
iter: 2  value: 15180.09 mgc: 5.644083e-07 ustep: 1 
iter: 3  mgc: 9.325873e-15 
outer mgc:  0.1022171 
iter: 1  value: 15180.09 mgc: 0.005062673 ustep: 1 
iter: 2  value: 15180.09 mgc: 5.654606e-07 ustep: 1 
iter: 3  mgc: 7.771561e-15 
outer mgc:  0.1026642 
iter: 1  value: 15180.09 mgc: 0.002828922 ustep: 1 
iter: 2  value: 15180.09 mgc: 2.181425e-07 ustep: 1 
iter: 3  mgc: 3.996803e-15 
outer mgc:  0.07183862 
iter: 1  value: 15180.09 mgc: 0.002827275 ustep: 1 
iter: 2  value: 15180.09 mgc: 2.1825e-07 ustep: 1 
iter: 3  mgc: 5.329071e-15 
outer mgc:  0.07257098 
iter: 1  value: 15180.09 mgc: 0.004408827 ustep: 1 
iter: 2  value: 15180.09 mgc: 8.616668e-07 ustep: 1 
iter: 3  mgc: 3.730349e-14 
outer mgc:  0.06466732 
iter: 1  value: 15180.09 mgc: 0.004404695 ustep: 1 
iter: 2  value: 15180.09 mgc: 8.630164e-07 ustep: 1 
iter: 3  mgc: 3.730349e-14 
outer mgc:  0.06475191 
iter: 1  value: 15180.09 mgc: 0.002732339 ustep: 1 
iter: 2  value: 15180.09 mgc: 3.768068e-07 ustep: 1 
iter: 3  mgc: 6.661338e-15 
outer mgc:  0.04866545 
iter: 1  value: 15180.09 mgc: 0.002730528 ustep: 1 
iter: 2  value: 15180.09 mgc: 3.769362e-07 ustep: 1 
iter: 3  mgc: 7.105427e-15 
outer mgc:  0.04922637 
iter: 1  value: 15180.08 mgc: 0.002518122 ustep: 1 
iter: 2  value: 15180.08 mgc: 5.195538e-07 ustep: 1 
iter: 3  mgc: 2.309264e-14 
outer mgc:  0.05279115 
iter: 1  value: 15180.09 mgc: 0.00251569 ustep: 1 
iter: 2  value: 15180.09 mgc: 5.192866e-07 ustep: 1 
iter: 3  mgc: 2.264855e-14 
outer mgc:  0.05261151 
iter: 1  value: 15180.09 mgc: 0.00209865 ustep: 1 
iter: 2  value: 15180.09 mgc: 2.39221e-07 ustep: 1 
iter: 3  mgc: 3.774758e-15 
outer mgc:  0.03823875 
iter: 1  value: 15180.09 mgc: 0.002097148 ustep: 1 
iter: 2  value: 15180.09 mgc: 2.391817e-07 ustep: 1 
iter: 3  mgc: 5.329071e-15 
outer mgc:  0.03784781 
iter: 1  value: 15180.09 mgc: 0.00513477 ustep: 1 
iter: 2  value: 15180.09 mgc: 6.736216e-07 ustep: 1 
iter: 3  mgc: 1.532108e-14 
outer mgc:  0.09360007 
iter: 1  value: 15180.09 mgc: 0.005130942 ustep: 1 
iter: 2  value: 15180.09 mgc: 6.743243e-07 ustep: 1 
iter: 3  mgc: 1.354472e-14 
outer mgc:  0.09318944 
iter: 1  value: 15180.09 mgc: 0.003000365 ustep: 1 
iter: 2  value: 15180.09 mgc: 2.862068e-07 ustep: 1 
iter: 3  mgc: 4.440892e-15 
outer mgc:  0.07337383 
iter: 1  value: 15180.09 mgc: 0.00299861 ustep: 1 
iter: 2  value: 15180.09 mgc: 2.863317e-07 ustep: 1 
iter: 3  mgc: 6.217249e-15 
outer mgc:  0.07243947 
iter: 1  value: 15180.09 mgc: 0.004251252 ustep: 1 
iter: 2  value: 15180.09 mgc: 3.032945e-08 ustep: 1 
iter: 3  mgc: 3.996803e-15 
outer mgc:  0.1122619 
iter: 1  value: 15180.08 mgc: 0.004248434 ustep: 1 
iter: 2  value: 15180.08 mgc: 3.026369e-08 ustep: 1 
iter: 3  mgc: 4.218847e-15 
outer mgc:  0.1109785 
iter: 1  value: 15180.09 mgc: 0.002557406 ustep: 1 
iter: 2  value: 15180.09 mgc: 1.045716e-08 ustep: 1 
mgc: 4.440892e-15 
outer mgc:  0.06255592 
iter: 1  value: 15180.09 mgc: 0.002555863 ustep: 1 
iter: 2  value: 15180.09 mgc: 1.043976e-08 ustep: 1 
mgc: 4.884981e-15 
outer mgc:  0.06205171 
iter: 1  value: 15180.1 mgc: 0.002193663 ustep: 1 
iter: 2  value: 15180.1 mgc: 4.160535e-07 ustep: 1 
iter: 3  mgc: 1.687539e-14 
outer mgc:  0.006978659 
iter: 1  value: 15180.08 mgc: 0.002195858 ustep: 1 
iter: 2  value: 15180.08 mgc: 4.164295e-07 ustep: 1 
iter: 3  mgc: 1.731948e-14 
outer mgc:  0.007191349 
iter: 1  value: 15180.1 mgc: 0.004198617 ustep: 1 
iter: 2  value: 15180.1 mgc: 2.384552e-07 ustep: 1 
iter: 3  mgc: 5.329071e-15 
outer mgc:  0.007385731 
iter: 1  value: 15180.07 mgc: 0.004202818 ustep: 1 
iter: 2  value: 15180.07 mgc: 2.385209e-07 ustep: 1 
iter: 3  mgc: 4.440892e-15 
outer mgc:  0.007145095 
iter: 1  value: 15180.1 mgc: 0.002817934 ustep: 1 
iter: 2  value: 15180.1 mgc: 3.7525e-07 ustep: 1 
iter: 3  mgc: 7.993606e-15 
outer mgc:  0.008293369 
iter: 1  value: 15180.08 mgc: 0.002820754 ustep: 1 
iter: 2  value: 15180.08 mgc: 3.753967e-07 ustep: 1 
iter: 3  mgc: 1.021405e-14 
outer mgc:  0.008054863 
iter: 1  value: 15180.1 mgc: 0.00372298 ustep: 1 
iter: 2  value: 15180.1 mgc: 1.014925e-06 ustep: 1 
iter: 3  mgc: 8.837375e-14 
outer mgc:  0.005624417 
iter: 1  value: 15180.07 mgc: 0.003726705 ustep: 1 
iter: 2  value: 15180.07 mgc: 1.014636e-06 ustep: 1 
iter: 3  mgc: 8.837375e-14 
outer mgc:  0.005383503 
iter: 1  value: 15180.1 mgc: 0.003066198 ustep: 1 
iter: 2  value: 15180.1 mgc: 1.922616e-07 ustep: 1 
iter: 3  mgc: 6.883383e-15 
outer mgc:  0.009004829 
iter: 1  value: 15180.08 mgc: 0.003069266 ustep: 1 
iter: 2  value: 15180.08 mgc: 1.923291e-07 ustep: 1 
iter: 3  mgc: 3.108624e-15 
outer mgc:  0.008765505 
iter: 1  value: 15180.11 mgc: 0.003332391 ustep: 1 
mgc: 4.218847e-15 
outer mgc:  0.0005925883 
iter: 1  value: 15180.06 mgc: 0.003335726 ustep: 1 
mgc: 4.32987e-15 
outer mgc:  0.0005925835 
iter: 1  value: 15180.06 mgc: 0.004151432 ustep: 1 
iter: 2  value: 15180.06 mgc: 1.010749e-06 ustep: 1 
iter: 3  mgc: 8.748557e-14 
outer mgc:  0.1825976 
iter: 1  value: 15180.12 mgc: 0.004149289 ustep: 1 
iter: 2  value: 15180.12 mgc: 1.008761e-06 ustep: 1 
iter: 3  mgc: 8.65974e-14 
outer mgc:  0.182829 
[Mon Aug 16 07:35:35 2021]
Finished job 0.
1 of 1 steps (100%) done
