Building DAG of jobs...
Using shell: /usr/bin/bash
Provided cores: 1 (use --cores to define parallelism)
Rules claiming more threads will be scaled down.
Job counts:
	count	jobs
	1	inference_simulation_TMB_multiple
	1

[Mon Aug 16 03:23:34 2021]
rule inference_simulation_TMB_multiple:
    input: ../data/assessing_models_simulation/datasets/multiple_GenerationJnorm2_50_100_80_3_0.6_NA_NA_NA_dataset1.RDS
    output: ../data/assessing_models_simulation/inference_results/TMB/nlminb/multiple_GenerationJnorm2_50_100_80_3_0.6_diagREDMsinglelambda_NA_NA_NA_dataset1.RDS
    log: logs/inference/nlminb/simulation_GenerationJnorm2_50_100_80_3_0.6_ModeldiagREDMsinglelambda_NA_NA_NA_dataset1.log
    jobid: 0
    wildcards: optimiser=nlminb, datasetgeneration=GenerationJnorm2, n=50, nlambda=100, lmbda=80, d=3, beta_intensity=0.6, model=diagREDMsinglelambda, fixed_beta_intercept=NA, fixed_beta_slope=NA, sdRE_input=NA, itnum=1

Rscript 2_inference_TMB/run_TMB.R --input ../data/assessing_models_simulation/datasets/multiple_GenerationJnorm2_50_100_80_3_0.6_NA_NA_NA_dataset1.RDS --output ../data/assessing_models_simulation/inference_results/TMB/nlminb/multiple_GenerationJnorm2_50_100_80_3_0.6_diagREDMsinglelambda_NA_NA_NA_dataset1.RDS --model diagREDMsinglelambda --optimiser nlminb
Model: diagREDMsinglelambda 
Feature type: signatures 
Using nlminb: TRUE 
Simulation boolean: TRUE 
make: Nothing to be done for 'all'.
../data/assessing_models_simulation/datasets/multiple_GenerationJnorm2_50_100_80_3_0.6_NA_NA_NA_dataset1.RDS[1] "../data/assessing_models_simulation/datasets/multiple_GenerationJnorm2_50_100_80_3_0.6_NA_NA_NA_dataset1.RDS"
Reading file ../data/assessing_models_simulation/datasets/multiple_GenerationJnorm2_50_100_80_3_0.6_NA_NA_NA_dataset1.RDS 
Loading required package: nnet
# weights:  9 (4 variable)
initial  value 11020.179868 
iter  10 value 7482.394274
iter  10 value 7482.394274
final  value 7482.394274 
converged
Constructing atomic invpd
Constructing atomic D_lgamma
Constructing atomic invpd
Constructing atomic D_lgamma
Constructing atomic matmul
Constructing atomic invpd
Constructing atomic D_lgamma
Constructing atomic matmul
Optimizing tape... Done
iter: 1  value: 8079.215 mgc: 6.755923 ustep: 0.4175811 
iter: 2  value: 7858.236 mgc: 5.602627 ustep: 0.6462405 
iter: 3  value: 7706.212 mgc: 5.69674 ustep: 0.2586006 
iter: 4  value: 7696.993 mgc: 1.466897 ustep: 0.508577 
iter: 5  value: 7695.572 mgc: 0.4700217 ustep: 0.7131745 
iter: 6  value: 7695.471 mgc: 0.106868 ustep: 0.8445122 
iter: 7  value: 7695.469 mgc: 0.01475153 ustep: 0.9189815 
iter: 8  value: 7695.469 mgc: 0.001125166 ustep: 0.9586394 
iter: 9  value: 7695.469 mgc: 4.672722e-05 ustep: 0.9791034 
iter: 10  value: 7695.469 mgc: 1.017778e-06 ustep: 0.9894976 
iter: 11  value: 7695.469 mgc: 1.129439e-08 ustep: 0.9947355 
iter: 12  mgc: 6.308065e-11 
iter: 1  mgc: 6.308065e-11 
Matching hessian patterns... Done
outer mgc:  59.57201 
iter: 1  value: 7602.466 mgc: 1.673101 ustep: 1 
iter: 2  value: 7600.853 mgc: 0.7006389 ustep: 1 
iter: 3  value: 7600.849 mgc: 0.04238484 ustep: 1 
iter: 4  value: 7600.849 mgc: 0.0002116879 ustep: 1 
iter: 5  mgc: 5.493371e-09 
iter: 1  value: 7515.621 mgc: 3.736182 ustep: 0.4367355 
iter: 2  value: 7512.129 mgc: 2.256575 ustep: 0.6608936 
iter: 3  value: 7512.039 mgc: 0.3629446 ustep: 0.8129723 
iter: 4  value: 7512.038 mgc: 0.03049895 ustep: 0.9016596 
iter: 5  value: 7512.038 mgc: 0.001843435 ustep: 0.9495626 
iter: 6  value: 7512.038 mgc: 7.953975e-05 ustep: 0.9744576 
iter: 7  value: 7512.038 mgc: 1.664908e-06 ustep: 0.9871475 
iter: 8  value: 7512.038 mgc: 1.722086e-08 ustep: 0.9935536 
iter: 9  mgc: 8.883783e-11 
iter: 1  mgc: 8.883783e-11 
outer mgc:  55.33126 
iter: 1  value: 8894.625 mgc: 33.26814 ustep: 1 
iter: 2  value: 8145.191 mgc: 17.79776 ustep: 0.1246004 
iter: 3  value: 7818.569 mgc: 27.39835 ustep: 0.09757981 
iter: 4  value: 7788.209 mgc: 9.828661 ustep: 0.3124464 
iter: 5  value: 7786.027 mgc: 3.367205 ustep: 0.5590132 
iter: 6  value: 7785.963 mgc: 0.4883371 ustep: 0.7476971 
iter: 7  value: 7785.963 mgc: 0.04022568 ustep: 0.8647083 
iter: 8  value: 7785.963 mgc: 0.001439074 ustep: 0.9299039 
iter: 9  value: 7785.963 mgc: 5.956876e-05 ustep: 0.9643188 
iter: 10  value: 7785.963 mgc: 1.240328e-06 ustep: 0.9819992 
iter: 11  value: 7785.963 mgc: 1.296759e-08 ustep: 0.9909596 
mgc: 6.788331e-11 
iter: 1  value: 7455.364 mgc: 3.47018 ustep: 1 
iter: 2  value: 7455.295 mgc: 0.249703 ustep: 1 
iter: 3  value: 7455.295 mgc: 0.003951336 ustep: 1 
iter: 4  value: 7455.295 mgc: 2.181478e-06 ustep: 1 
iter: 5  mgc: 1.134051e-12 
iter: 1  mgc: 1.134051e-12 
outer mgc:  37.09273 
iter: 1  value: 7397.214 mgc: 7.989064 ustep: 1 
iter: 2  value: 7396.882 mgc: 0.6589031 ustep: 1 
iter: 3  value: 7396.881 mgc: 0.01656918 ustep: 1 
iter: 4  value: 7396.881 mgc: 1.295792e-05 ustep: 1 
iter: 5  mgc: 7.917889e-12 
iter: 1  mgc: 7.917889e-12 
outer mgc:  80.67199 
iter: 1  value: 7393.89 mgc: 10.07939 ustep: 1 
iter: 2  value: 7368.616 mgc: 6.318967 ustep: 1 
iter: 3  value: 7368.084 mgc: 1.089478 ustep: 1 
iter: 4  value: 7368.083 mgc: 0.07465493 ustep: 1 
iter: 5  value: 7368.083 mgc: 0.0004492889 ustep: 1 
iter: 6  value: 7368.083 mgc: 1.660266e-08 ustep: 1 
mgc: 4.307665e-14 
iter: 1  mgc: 4.307665e-14 
outer mgc:  105.5628 
iter: 1  value: 7348.863 mgc: 5.277263 ustep: 1 
iter: 2  value: 7325.281 mgc: 4.37414 ustep: 1 
iter: 3  value: 7324.859 mgc: 0.5399586 ustep: 1 
iter: 4  value: 7324.858 mgc: 0.01417125 ustep: 1 
iter: 5  value: 7324.858 mgc: 1.3196e-05 ustep: 1 
iter: 6  mgc: 1.150074e-11 
iter: 1  mgc: 1.150074e-11 
outer mgc:  15.51302 
iter: 1  value: 7319.501 mgc: 13.36976 ustep: 1 
iter: 2  value: 7316.203 mgc: 2.112557 ustep: 1 
iter: 3  value: 7316.195 mgc: 0.1151851 ustep: 1 
iter: 4  value: 7316.195 mgc: 0.0004564561 ustep: 1 
iter: 5  mgc: 9.597697e-09 
iter: 1  value: 7309.111 mgc: 3.391113 ustep: 1 
iter: 2  value: 7309.023 mgc: 0.3197855 ustep: 1 
iter: 3  value: 7309.023 mgc: 0.004121094 ustep: 1 
iter: 4  value: 7309.023 mgc: 7.767837e-07 ustep: 1 
iter: 5  mgc: 5.817569e-14 
iter: 1  mgc: 5.817569e-14 
outer mgc:  14.32272 
iter: 1  value: 7307.887 mgc: 5.333293 ustep: 1 
iter: 2  value: 7307.705 mgc: 0.3684105 ustep: 1 
iter: 3  value: 7307.705 mgc: 0.004575577 ustep: 1 
iter: 4  value: 7307.705 mgc: 1.07168e-06 ustep: 1 
iter: 5  mgc: 7.394085e-14 
iter: 1  value: 7307.236 mgc: 2.829612 ustep: 1 
iter: 2  value: 7307.226 mgc: 0.08684925 ustep: 1 
iter: 3  value: 7307.226 mgc: 0.0003254942 ustep: 1 
iter: 4  mgc: 6.358369e-09 
iter: 1  mgc: 6.358369e-09 
outer mgc:  27.22902 
iter: 1  value: 7301.249 mgc: 3.296762 ustep: 1 
iter: 2  value: 7301.246 mgc: 0.06759537 ustep: 1 
iter: 3  value: 7301.246 mgc: 0.0001062492 ustep: 1 
iter: 4  mgc: 7.537153e-10 
iter: 1  mgc: 7.537153e-10 
outer mgc:  9.967551 
iter: 1  value: 7297.921 mgc: 2.951699 ustep: 1 
iter: 2  value: 7297.916 mgc: 0.08482513 ustep: 1 
iter: 3  value: 7297.916 mgc: 0.000116935 ustep: 1 
iter: 4  mgc: 3.441043e-10 
iter: 1  mgc: 3.441043e-10 
outer mgc:  13.30528 
iter: 1  value: 7293.232 mgc: 3.037299 ustep: 1 
iter: 2  value: 7293.228 mgc: 0.07605994 ustep: 1 
iter: 3  value: 7293.228 mgc: 0.0002415506 ustep: 1 
iter: 4  mgc: 2.374028e-09 
iter: 1  mgc: 2.374028e-09 
outer mgc:  7.155025 
iter: 1  value: 7287.626 mgc: 1.564823 ustep: 1 
iter: 2  value: 7287.623 mgc: 0.07352345 ustep: 1 
iter: 3  value: 7287.623 mgc: 0.0001442355 ustep: 1 
iter: 4  mgc: 5.577152e-10 
iter: 1  mgc: 5.577152e-10 
outer mgc:  19.53442 
iter: 1  value: 7281.318 mgc: 1.946781 ustep: 1 
iter: 2  value: 7281.318 mgc: 0.07443959 ustep: 1 
iter: 3  value: 7281.318 mgc: 0.0001085744 ustep: 1 
iter: 4  mgc: 3.870517e-10 
iter: 1  mgc: 3.870517e-10 
outer mgc:  18.61623 
iter: 1  value: 7281.493 mgc: 2.819923 ustep: 1 
iter: 2  value: 7281.488 mgc: 0.1270711 ustep: 1 
iter: 3  value: 7281.488 mgc: 0.0003676508 ustep: 1 
iter: 4  mgc: 3.030508e-09 
iter: 1  value: 7280.181 mgc: 0.2320237 ustep: 1 
iter: 2  value: 7280.181 mgc: 0.001044635 ustep: 1 
iter: 3  value: 7280.181 mgc: 3.067293e-08 ustep: 1 
mgc: 4.218847e-14 
iter: 1  mgc: 4.218847e-14 
outer mgc:  8.007986 
iter: 1  value: 7279.865 mgc: 2.799478 ustep: 1 
iter: 2  value: 7279.863 mgc: 0.0439488 ustep: 1 
iter: 3  value: 7279.863 mgc: 4.1699e-05 ustep: 1 
iter: 4  mgc: 5.420908e-11 
iter: 1  value: 7279.694 mgc: 0.9011505 ustep: 1 
iter: 2  value: 7279.694 mgc: 0.005582181 ustep: 1 
iter: 3  value: 7279.694 mgc: 3.964032e-07 ustep: 1 
iter: 4  mgc: 5.151435e-14 
iter: 1  mgc: 5.151435e-14 
outer mgc:  2.627893 
iter: 1  value: 7279.274 mgc: 0.2228434 ustep: 1 
iter: 2  value: 7279.274 mgc: 0.0007187866 ustep: 1 
iter: 3  mgc: 7.809431e-09 
iter: 1  mgc: 7.809431e-09 
outer mgc:  1.70862 
iter: 1  value: 7278.362 mgc: 0.3420985 ustep: 1 
iter: 2  value: 7278.362 mgc: 0.001531963 ustep: 1 
iter: 3  value: 7278.362 mgc: 6.54565e-08 ustep: 1 
mgc: 4.496403e-14 
iter: 1  value: 7277.12 mgc: 0.5932091 ustep: 1 
iter: 2  value: 7277.12 mgc: 0.004801689 ustep: 1 
iter: 3  value: 7277.12 mgc: 3.200143e-07 ustep: 1 
iter: 4  mgc: 3.488876e-14 
iter: 1  mgc: 3.488876e-14 
outer mgc:  4.067497 
iter: 1  value: 7274.471 mgc: 1.273266 ustep: 1 
iter: 2  value: 7274.471 mgc: 0.02686364 ustep: 1 
iter: 3  value: 7274.471 mgc: 1.644504e-05 ustep: 1 
iter: 4  mgc: 6.082246e-12 
iter: 1  value: 7275.87 mgc: 0.6664757 ustep: 1 
iter: 2  value: 7275.87 mgc: 0.008766738 ustep: 1 
iter: 3  value: 7275.87 mgc: 1.863947e-06 ustep: 1 
iter: 4  mgc: 8.526513e-14 
iter: 1  mgc: 8.526513e-14 
outer mgc:  3.253174 
iter: 1  value: 7275.164 mgc: 0.4337736 ustep: 1 
iter: 2  value: 7275.164 mgc: 0.001417235 ustep: 1 
iter: 3  value: 7275.164 mgc: 2.699451e-08 ustep: 1 
mgc: 5.329071e-14 
iter: 1  mgc: 5.329071e-14 
outer mgc:  0.7534105 
iter: 1  value: 7274.102 mgc: 0.4399404 ustep: 1 
iter: 2  value: 7274.102 mgc: 0.002692332 ustep: 1 
iter: 3  value: 7274.102 mgc: 1.0503e-07 ustep: 1 
iter: 4  mgc: 4.97935e-14 
iter: 1  mgc: 4.97935e-14 
outer mgc:  4.142449 
iter: 1  value: 7273.238 mgc: 0.5562974 ustep: 1 
iter: 2  value: 7273.238 mgc: 0.001916396 ustep: 1 
iter: 3  value: 7273.238 mgc: 3.274687e-08 ustep: 1 
mgc: 4.685141e-14 
iter: 1  mgc: 4.685141e-14 
outer mgc:  3.259118 
iter: 1  value: 7271.886 mgc: 0.5361499 ustep: 1 
iter: 2  value: 7271.886 mgc: 0.005552817 ustep: 1 
iter: 3  value: 7271.886 mgc: 6.246542e-07 ustep: 1 
iter: 4  mgc: 6.350476e-14 
iter: 1  mgc: 6.350476e-14 
outer mgc:  2.929057 
iter: 1  value: 7270.799 mgc: 0.3652409 ustep: 1 
iter: 2  value: 7270.799 mgc: 0.001380341 ustep: 1 
iter: 3  value: 7270.799 mgc: 2.58717e-08 ustep: 1 
mgc: 3.042011e-14 
iter: 1  mgc: 3.042011e-14 
outer mgc:  1.065451 
iter: 1  value: 7267.468 mgc: 0.5443073 ustep: 1 
iter: 2  value: 7267.468 mgc: 0.001826499 ustep: 1 
iter: 3  value: 7267.468 mgc: 4.306787e-08 ustep: 1 
mgc: 3.68594e-14 
iter: 1  value: 7269.852 mgc: 0.1463468 ustep: 1 
iter: 2  value: 7269.852 mgc: 0.0001560188 ustep: 1 
iter: 3  mgc: 2.700897e-10 
iter: 1  mgc: 2.700897e-10 
outer mgc:  0.5444726 
iter: 1  value: 7269.264 mgc: 0.22963 ustep: 1 
iter: 2  value: 7269.264 mgc: 0.0004638823 ustep: 1 
iter: 3  mgc: 4.454868e-09 
iter: 1  value: 7268.466 mgc: 0.3095203 ustep: 1 
iter: 2  value: 7268.466 mgc: 0.0007762258 ustep: 1 
iter: 3  value: 7268.466 mgc: 1.191174e-08 ustep: 1 
mgc: 4.052314e-14 
iter: 1  mgc: 4.052314e-14 
outer mgc:  0.3164769 
iter: 1  value: 7267.659 mgc: 0.2125961 ustep: 1 
iter: 2  value: 7267.659 mgc: 0.0004396667 ustep: 1 
iter: 3  mgc: 3.251688e-09 
iter: 1  mgc: 3.251688e-09 
outer mgc:  0.1240046 
iter: 1  value: 7267.692 mgc: 0.04517341 ustep: 1 
iter: 2  value: 7267.692 mgc: 9.65223e-06 ustep: 1 
iter: 3  mgc: 1.279865e-12 
iter: 1  mgc: 1.279865e-12 
outer mgc:  0.0435983 
iter: 1  value: 7267.7 mgc: 0.01115075 ustep: 1 
iter: 2  value: 7267.7 mgc: 1.624049e-06 ustep: 1 
iter: 3  mgc: 5.12923e-14 
iter: 1  mgc: 5.12923e-14 
outer mgc:  0.01768352 
iter: 1  value: 7267.693 mgc: 0.004293867 ustep: 1 
iter: 2  value: 7267.693 mgc: 2.421466e-07 ustep: 1 
iter: 3  mgc: 4.174439e-14 
iter: 1  mgc: 4.174439e-14 
outer mgc:  0.0005214491 
iter: 1  value: 7267.693 mgc: 0.0001475796 ustep: 1 
iter: 2  mgc: 8.065459e-11 
iter: 1  mgc: 8.065459e-11 
outer mgc:  5.548786e-05 
iter: 1  mgc: 8.065459e-11 
iter: 1  mgc: 8.065459e-11 
outer mgc:  5.548786e-05 
iter: 1  value: 7267.689 mgc: 0.008234711 ustep: 1 
iter: 2  value: 7267.689 mgc: 6.514941e-07 ustep: 1 
iter: 3  mgc: 5.02931e-14 
outer mgc:  0.187933 
iter: 1  value: 7267.698 mgc: 0.00822734 ustep: 1 
iter: 2  value: 7267.698 mgc: 6.506982e-07 ustep: 1 
iter: 3  mgc: 4.42979e-14 
outer mgc:  0.1878014 
iter: 1  value: 7267.691 mgc: 0.002740435 ustep: 1 
iter: 2  value: 7267.691 mgc: 1.065437e-07 ustep: 1 
iter: 3  mgc: 3.153033e-14 
outer mgc:  0.07389579 
iter: 1  value: 7267.695 mgc: 0.002737321 ustep: 1 
iter: 2  value: 7267.695 mgc: 1.063268e-07 ustep: 1 
iter: 3  mgc: 5.195844e-14 
outer mgc:  0.07384229 
iter: 1  value: 7267.697 mgc: 0.0195464 ustep: 1 
iter: 2  value: 7267.697 mgc: 2.994347e-06 ustep: 1 
iter: 3  mgc: 1.080247e-13 
outer mgc:  0.2352148 
iter: 1  value: 7267.689 mgc: 0.01955432 ustep: 1 
iter: 2  value: 7267.689 mgc: 2.988514e-06 ustep: 1 
iter: 3  mgc: 1.029177e-13 
outer mgc:  0.2353373 
iter: 1  value: 7267.697 mgc: 0.009352994 ustep: 1 
iter: 2  value: 7267.697 mgc: 6.028691e-07 ustep: 1 
iter: 3  mgc: 3.463896e-14 
outer mgc:  0.2456011 
iter: 1  value: 7267.689 mgc: 0.009359081 ustep: 1 
iter: 2  value: 7267.689 mgc: 6.028684e-07 ustep: 1 
iter: 3  mgc: 3.896883e-14 
outer mgc:  0.2457319 
iter: 1  value: 7267.711 mgc: 0.004559495 ustep: 1 
iter: 2  value: 7267.711 mgc: 1.871597e-07 ustep: 1 
iter: 3  mgc: 3.352874e-14 
outer mgc:  0.00314157 
iter: 1  value: 7267.675 mgc: 0.004564057 ustep: 1 
iter: 2  value: 7267.675 mgc: 1.869457e-07 ustep: 1 
iter: 3  mgc: 4.72955e-14 
outer mgc:  0.003130181 
iter: 1  value: 7267.7 mgc: 0.006539921 ustep: 1 
iter: 2  value: 7267.7 mgc: 5.436255e-07 ustep: 1 
iter: 3  mgc: 5.950795e-14 
outer mgc:  0.0118067 
iter: 1  value: 7267.686 mgc: 0.006546464 ustep: 1 
iter: 2  value: 7267.686 mgc: 5.439402e-07 ustep: 1 
iter: 3  mgc: 4.662937e-14 
outer mgc:  0.01180493 
iter: 1  value: 7267.681 mgc: 0.003130053 ustep: 1 
iter: 2  value: 7267.681 mgc: 1.209564e-07 ustep: 1 
iter: 3  mgc: 4.596323e-14 
outer mgc:  0.02046846 
iter: 1  value: 7267.705 mgc: 0.003130557 ustep: 1 
iter: 2  value: 7267.705 mgc: 1.210323e-07 ustep: 1 
iter: 3  mgc: 3.730349e-14 
outer mgc:  0.02049986 
[Mon Aug 16 03:23:36 2021]
Finished job 0.
1 of 1 steps (100%) done
