Loading required package: ggplot2
Registered S3 methods overwritten by 'ggplot2':
  method         from 
  [.quosures     rlang
  c.quosures     rlang
  print.quosures rlang
Loading required package: StanHeaders
rstan (Version 2.18.2, GitRev: 2e1f913d3ca3)
For execution on a local, multicore CPU with excess RAM we recommend calling
options(mc.cores = parallel::detectCores()).
To avoid recompilation of unchanged Stan programs, we recommend calling
rstan_options(auto_write = TRUE)

Attaching package: ‘dplyr’

The following objects are masked from ‘package:stats’:

    filter, lag

The following objects are masked from ‘package:base’:

    intersect, setdiff, setequal, union

Loading required package: coda

Attaching package: ‘coda’

The following object is masked from ‘package:rstan’:

    traceplot

Loading required package: MASS

Attaching package: ‘MASS’

The following object is masked from ‘package:dplyr’:

    select

##
## Markov Chain Monte Carlo Package (MCMCpack)
## Copyright (C) 2003-2020 Andrew D. Martin, Kevin M. Quinn, and Jong Hee Park
##
## Support provided by the U.S. National Science Foundation
## (Grants SES-0350646 and SES-0350613)
##
Warning messages:
1: package ‘MCMCpack’ was built under R version 4.0.1 
2: package ‘coda’ was built under R version 4.0.1 
------------------------------------------------------------------------------
You have loaded plyr after dplyr - this is likely to cause problems.
If you need functions from both plyr and dplyr, please load plyr first, then dplyr:
library(plyr); library(dplyr)
------------------------------------------------------------------------------

Attaching package: ‘plyr’

The following objects are masked from ‘package:dplyr’:

    arrange, count, desc, failwith, id, mutate, rename, summarise,
    summarize


Attaching package: ‘CompSign’

The following object is masked from ‘package:plyr’:

    summarise

The following object is masked from ‘package:dplyr’:

    summarise

Warning message:
package ‘CompSign’ was built under R version 4.0.1 
[1] "../data/inference/Lung-SCC_signatures_20000_DMROO.RData" 
[2] "../data/inference/Lung-SCC_signatures_ROO.RData"         
[3] "../data/inference/Lung-SCC_signatures_20000_MROO.RData"  
[4] "../data/inference/Lung-SCC_signatures_20000_LNMROO.RData"
Arguments read[1] "../data/inference/Lung-SCC_signatures_20000_DMROO.RData" 
[2] "../data/inference/Lung-SCC_signatures_ROO.RData"         
[3] "../data/inference/Lung-SCC_signatures_20000_MROO.RData"  
[4] "../data/inference/Lung-SCC_signatures_20000_LNMROO.RData"
Warning message:
In cbind(`../data/inference/Lung-SCC_signatures_20000_DMROO.RData` = c("../data/inference/Lung-SCC",  :
  number of rows of result is not a multiple of vector length (arg 2)
     ../data/inference/Lung-SCC_signatures_20000_DMROO.RData
[1,] "../data/inference/Lung-SCC"                           
[2,] "signatures"                                           
[3,] "20000"                                                
[4,] "DMROO.RData"                                          
     ../data/inference/Lung-SCC_signatures_ROO.RData
[1,] "../data/inference/Lung-SCC"                   
[2,] "signatures"                                   
[3,] "ROO.RData"                                    
[4,] "../data/inference/Lung-SCC"                   
     ../data/inference/Lung-SCC_signatures_20000_MROO.RData
[1,] "../data/inference/Lung-SCC"                          
[2,] "signatures"                                          
[3,] "20000"                                               
[4,] "MROO.RData"                                          
     ../data/inference/Lung-SCC_signatures_20000_LNMROO.RData
[1,] "../data/inference/Lung-SCC"                            
[2,] "signatures"                                            
[3,] "20000"                                                 
[4,] "LNMROO.RData"                                          
Warning message:
NAs introduced by coercion 
[1] "../data/roo/Lung-SCC_signatures_ROO.RDS"
List object objects_sigs_per_CT loaded
[1] "../data/inference/Lung-SCC_signatures_20000_DMROO.RData"
[1] "../data/inference/Lung-SCC_signatures_ROO.RData"
[1] "../data/inference/Lung-SCC_signatures_20000_MROO.RData"
[1] "../data/inference/Lung-SCC_signatures_20000_LNMROO.RData"
[1] 68
null device 
          1 
Warning messages:
1: In if (is.na(i)) { :
  the condition has length > 1 and only the first element will be used
2: In if (is.na(i)) { :
  the condition has length > 1 and only the first element will be used
3: In if (is.na(i)) { :
  the condition has length > 1 and only the first element will be used
4: In if (is.na(i)) { :
  the condition has length > 1 and only the first element will be used
5: In if (is.na(i)) { :
  the condition has length > 1 and only the first element will be used
6: In if (is.na(i)) { :
  the condition has length > 1 and only the first element will be used
7: In if (is.na(i)) { :
  the condition has length > 1 and only the first element will be used
8: In if (is.na(i)) { :
  the condition has length > 1 and only the first element will be used
[1] 40000    34
[1] 40000     2     6
[1] 34  7
 [1] "0bbc7ede-5022-4084-925c-d65baaf7abc2_active"
 [2] "1c3df485-8e75-4378-87f6-c6463a520624_active"
 [3] "2045c788-9ea8-4ea5-a5e3-65fc16a62adb_active"
 [4] "24badf07-8615-48a3-8d6e-45c3d783f18d_active"
 [5] "25224aa0-cfdd-48ec-92e5-8f3992a3e574_active"
 [6] "2fe2433b-9a55-431f-a869-2b5a63e8e8fc_active"
 [7] "34881c6b-f59f-42c0-9f29-9c5c47262ae6_active"
 [8] "369c06f2-8904-49cb-99d1-dd297ed0cd0c_active"
 [9] "387c6519-6529-4074-a5ab-00f8052a5732_active"
[10] "43aa4123-0fe2-4071-8a81-cbdd0410b917_active"
[11] "448af8b4-e071-48b0-a65b-b4ad17afdc0c_active"
[12] "4c2ad4a0-5d57-4e27-9f35-058b2f205f50_active"
[13] "4c3840df-9824-40db-879e-6d24adc8c155_active"
[14] "649f2c20-5b50-40a8-a6fd-9a51f3d5b9df_active"
[15] "6962bc97-fbb8-4220-a600-e3c251e245cb_active"
[16] "71a2b4a2-88dd-4911-a67e-70b3309c4a12_active"
[17] "7731ef7f-25bd-42f5-9a20-be249306a711_active"
[18] "79eb7bba-f0d8-462c-add7-20a2fb7843e1_active"
[19] "7dc5f8ba-0080-43d3-8426-bd527a970761_active"
[20] "84e601b7-dfa5-4cd5-9fef-07f03967a0d4_active"
[21] "89c48e53-c8a9-4518-b3b8-509cdcaff52b_active"
[22] "8cf9b32d-3d6f-4898-8c7a-89511b754021_active"
[23] "9623d295-c23d-4f2f-827c-69f767a26f1f_active"
[24] "a762dd44-a8ac-4269-8163-bbf6d0f8d4b3_active"
[25] "ad41f1f3-e38e-4418-9c16-52bca5719f39_active"
[26] "b7a7d93b-38a7-4fc3-a433-3bb0a8cb7c42_active"
[27] "d18c6e64-9598-488a-8ab3-3652072f9277_active"
[28] "d2ab2555-7288-47a4-a80c-bf62d65b67b8_active"
[29] "d54ca81c-1bcc-41ea-b17a-9f7249ebe9c1_active"
[30] "e7ebc6fb-0926-4c8a-a67b-0c6b9c1ffaba_active"
[31] "e9cb8877-8e83-46c0-93f0-ea20530c9400_active"
[32] "ee6cc68e-8d2a-41ee-82c6-0fecdf7e6259_active"
[33] "efe4d5dd-fffb-41df-ab86-be06cc16646f_active"
[34] "fab3d6f4-de1c-4d6c-bdea-ac39a7884657_active"
     ICGC.Donor
3396    DO26461
1949    DO26463
1662    DO26469
188     DO26572
2184    DO27128
3408    DO27067
6027    DO26427
3407    DO26434
2150    DO26540
5896    DO26459
3056    DO26553
183     DO27120
184     DO26563
8766    DO26719
179     DO26934
206     DO26993
2151    DO26475
2154    DO26476
6945    DO27334
2175    DO26512
2146    DO26976
1706    DO26653
2176    DO27279
1250    DO26445
5883    DO27636
213     DO26492
2160    DO26710
1       DO27104
6007    DO26987
174     DO26894
2158    DO27081
4641    DO27453
189     DO26596
186     DO27588
                                                                                                File.Name
3396                      0bbc7ede-5022-4084-925c-d65baaf7abc2.svcp_1-0-5.20150307.somatic.snv_mnv.vcf.gz
1949                      1c3df485-8e75-4378-87f6-c6463a520624.svcp_1-0-5.20150307.somatic.snv_mnv.vcf.gz
1662 2045c788-9ea8-4ea5-a5e3-65fc16a62adb.dkfz-indelCalling_1-0-132-1-hpc.1508061821.somatic.indel.vcf.gz
188                         24badf07-8615-48a3-8d6e-45c3d783f18d.svcp_1-0-5.20150410.somatic.indel.vcf.gz
2184                        25224aa0-cfdd-48ec-92e5-8f3992a3e574.svcp_1-0-5.20150307.somatic.indel.vcf.gz
3408                        2fe2433b-9a55-431f-a869-2b5a63e8e8fc.svcp_1-0-5.20150311.somatic.indel.vcf.gz
6027 34881c6b-f59f-42c0-9f29-9c5c47262ae6.dkfz-snvCalling_1-0-132-1-hpc.1508061819.somatic.snv_mnv.vcf.gz
3407                        369c06f2-8904-49cb-99d1-dd297ed0cd0c.svcp_1-0-5.20150311.somatic.indel.vcf.gz
2150                 387c6519-6529-4074-a5ab-00f8052a5732.broad-mutect-v3.20160222.somatic.snv_mnv.vcf.gz
5896                     43aa4123-0fe2-4071-8a81-cbdd0410b917.broad-snowman.20151120.somatic.indel.vcf.gz
3056                         448af8b4-e071-48b0-a65b-b4ad17afdc0c.consensus.20161006.somatic.indel.vcf.gz
183                      4c2ad4a0-5d57-4e27-9f35-058b2f205f50.broad-snowman.20150918.somatic.indel.vcf.gz
184                       4c3840df-9824-40db-879e-6d24adc8c155.svcp_1-0-5.20150317.somatic.snv_mnv.vcf.gz
8766                       649f2c20-5b50-40a8-a6fd-9a51f3d5b9df.consensus.20160830.somatic.snv_mnv.vcf.gz
179                         6962bc97-fbb8-4220-a600-e3c251e245cb.svcp_1-0-5.20150317.somatic.indel.vcf.gz
206                  71a2b4a2-88dd-4911-a67e-70b3309c4a12.broad-mutect-v3.20160222.somatic.snv_mnv.vcf.gz
2151                     7731ef7f-25bd-42f5-9a20-be249306a711.broad-snowman.20150918.somatic.indel.vcf.gz
2154                     79eb7bba-f0d8-462c-add7-20a2fb7843e1.broad-snowman.20150918.somatic.indel.vcf.gz
6945                     7dc5f8ba-0080-43d3-8426-bd527a970761.broad-snowman.20150918.somatic.indel.vcf.gz
2175                        84e601b7-dfa5-4cd5-9fef-07f03967a0d4.svcp_1-0-5.20150307.somatic.indel.vcf.gz
2146                  89c48e53-c8a9-4518-b3b8-509cdcaff52b.MUSE_1-0rc-vcf.20151023.somatic.snv_mnv.vcf.gz
1706                       8cf9b32d-3d6f-4898-8c7a-89511b754021.consensus.20160830.somatic.snv_mnv.vcf.gz
2176                      9623d295-c23d-4f2f-827c-69f767a26f1f.svcp_1-0-5.20150308.somatic.snv_mnv.vcf.gz
1250                  a762dd44-a8ac-4269-8163-bbf6d0f8d4b3.MUSE_1-0rc-vcf.20150918.somatic.snv_mnv.vcf.gz
5883                        ad41f1f3-e38e-4418-9c16-52bca5719f39.svcp_1-0-5.20150309.somatic.indel.vcf.gz
213  b7a7d93b-38a7-4fc3-a433-3bb0a8cb7c42.dkfz-snvCalling_1-0-132-1-hpc.1508061822.somatic.snv_mnv.vcf.gz
2160                      d18c6e64-9598-488a-8ab3-3652072f9277.svcp_1-0-5.20150317.somatic.snv_mnv.vcf.gz
1                    d2ab2555-7288-47a4-a80c-bf62d65b67b8.broad-mutect-v3.20160222.somatic.snv_mnv.vcf.gz
6007                  d54ca81c-1bcc-41ea-b17a-9f7249ebe9c1.MUSE_1-0rc-vcf.20150918.somatic.snv_mnv.vcf.gz
174                   e7ebc6fb-0926-4c8a-a67b-0c6b9c1ffaba.MUSE_1-0rc-vcf.20151023.somatic.snv_mnv.vcf.gz
2158                 e9cb8877-8e83-46c0-93f0-ea20530c9400.broad-mutect-v3.20160222.somatic.snv_mnv.vcf.gz
4641                  ee6cc68e-8d2a-41ee-82c6-0fecdf7e6259.MUSE_1-0rc-vcf.20150918.somatic.snv_mnv.vcf.gz
189                   efe4d5dd-fffb-41df-ab86-be06cc16646f.MUSE_1-0rc-vcf.20151023.somatic.snv_mnv.vcf.gz
186                  fab3d6f4-de1c-4d6c-bdea-ac39a7884657.broad-mutect-v3.20160222.somatic.snv_mnv.vcf.gz
null device 
          1 
Warning messages:
1: In if (is.na(colours)) { :
  the condition has length > 1 and only the first element will be used
2: In if (is.na(colours)) { :
  the condition has length > 1 and only the first element will be used
3: In if (is.na(colours)) { :
  the condition has length > 1 and only the first element will be used
4: In if (is.na(colours)) { :
  the condition has length > 1 and only the first element will be used
$`../data/inference/Lung-SCC_signatures_20000_DMROO.RData`
NULL

$`../data/inference/Lung-SCC_signatures_ROO.RData`
NULL

$`../data/inference/Lung-SCC_signatures_20000_MROO.RData`
NULL

$`../data/inference/Lung-SCC_signatures_20000_LNMROO.RData`
NULL

Warning messages:
1: In if (length(projected_observed_idx) == 1 & is.na(projected_observed_idx)) { :
  the condition has length > 1 and only the first element will be used
2: In if (length(projected_observed_idx) == 1 & is.na(projected_observed_idx)) { :
  the condition has length > 1 and only the first element will be used
3: In if (length(projected_observed_idx) == 1 & is.na(projected_observed_idx)) { :
  the condition has length > 1 and only the first element will be used
4: In if (length(projected_observed_idx) == 1 & is.na(projected_observed_idx)) { :
  the condition has length > 1 and only the first element will be used
5: In if (length(projected_observed_idx) == 1 & is.na(projected_observed_idx)) { :
  the condition has length > 1 and only the first element will be used
6: In if (length(projected_observed_idx) == 1 & is.na(projected_observed_idx)) { :
  the condition has length > 1 and only the first element will be used
7: In if (length(projected_observed_idx) == 1 & is.na(projected_observed_idx)) { :
  the condition has length > 1 and only the first element will be used
8: In if (length(projected_observed_idx) == 1 & is.na(projected_observed_idx)) { :
  the condition has length > 1 and only the first element will be used
pdf 
  2 
Error in comparison_overdispersion2[which(fctors == idx), ] : 
  subscript out of bounds
Calls: sapply -> lapply -> FUN -> sapply -> lapply -> FUN
Execution halted
