Building DAG of jobs...
Using shell: /usr/bin/bash
Provided cluster nodes: 40
Job counts:
	count	jobs
	1	all
	703	inference_simulation_TMB_multiple
	704

[Wed Nov 24 12:26:12 2021]
rule inference_simulation_TMB_multiple:
    input: ../data/assessing_models_simulation/datasets/multiple_GenerationMGnorm_200_180_100_6_0_betaintercept3_betaslope3_sdRE1_dataset775.RDS
    output: ../data/assessing_models_simulation/inference_results/TMB/nlminb/multiple_GenerationMGnorm_200_180_100_6_0_diagREDM_betaintercept3_betaslope3_sdRE1_dataset775.RDS
    log: logs/inference/nlminb/simulation_GenerationMGnorm_200_180_100_6_0_ModeldiagREDM_betaintercept3_betaslope3_sdRE1_dataset775.log
    jobid: 1776
    wildcards: optimiser=nlminb, datasetgeneration=GenerationMGnorm, n=200, nlambda=180, lmbda=100, d=6, beta_intensity=0, model=diagREDM, fixed_beta_intercept=betaintercept3, fixed_beta_slope=betaslope3, sdRE_input=sdRE1, itnum=775

Rscript 2_inference_TMB/run_TMB.R --input ../data/assessing_models_simulation/datasets/multiple_GenerationMGnorm_200_180_100_6_0_betaintercept3_betaslope3_sdRE1_dataset775.RDS --output ../data/assessing_models_simulation/inference_results/TMB/nlminb/multiple_GenerationMGnorm_200_180_100_6_0_diagREDM_betaintercept3_betaslope3_sdRE1_dataset775.RDS --model diagREDM --optimiser nlminb  --use_previous_run_startingvals T
Submitted job 1776 with external jobid 'Submitted batch job 50051472'.

[Wed Nov 24 12:26:12 2021]
rule inference_simulation_TMB_multiple:
    input: ../data/assessing_models_simulation/datasets/multiple_GenerationMGnorm_200_180_100_6_0_betaintercept3_betaslope3_sdRE1_dataset209.RDS
    output: ../data/assessing_models_simulation/inference_results/TMB/nlminb/multiple_GenerationMGnorm_200_180_100_6_0_diagREDM_betaintercept3_betaslope3_sdRE1_dataset209.RDS
    log: logs/inference/nlminb/simulation_GenerationMGnorm_200_180_100_6_0_ModeldiagREDM_betaintercept3_betaslope3_sdRE1_dataset209.log
    jobid: 1210
    wildcards: optimiser=nlminb, datasetgeneration=GenerationMGnorm, n=200, nlambda=180, lmbda=100, d=6, beta_intensity=0, model=diagREDM, fixed_beta_intercept=betaintercept3, fixed_beta_slope=betaslope3, sdRE_input=sdRE1, itnum=209

Rscript 2_inference_TMB/run_TMB.R --input ../data/assessing_models_simulation/datasets/multiple_GenerationMGnorm_200_180_100_6_0_betaintercept3_betaslope3_sdRE1_dataset209.RDS --output ../data/assessing_models_simulation/inference_results/TMB/nlminb/multiple_GenerationMGnorm_200_180_100_6_0_diagREDM_betaintercept3_betaslope3_sdRE1_dataset209.RDS --model diagREDM --optimiser nlminb  --use_previous_run_startingvals T
Submitted job 1210 with external jobid 'Submitted batch job 50051473'.

[Wed Nov 24 12:26:12 2021]
rule inference_simulation_TMB_multiple:
    input: ../data/assessing_models_simulation/datasets/multiple_GenerationMGnorm_200_180_100_6_0_betaintercept3_betaslope3_sdRE1_dataset645.RDS
    output: ../data/assessing_models_simulation/inference_results/TMB/nlminb/multiple_GenerationMGnorm_200_180_100_6_0_diagREDM_betaintercept3_betaslope3_sdRE1_dataset645.RDS
    log: logs/inference/nlminb/simulation_GenerationMGnorm_200_180_100_6_0_ModeldiagREDM_betaintercept3_betaslope3_sdRE1_dataset645.log
    jobid: 1646
    wildcards: optimiser=nlminb, datasetgeneration=GenerationMGnorm, n=200, nlambda=180, lmbda=100, d=6, beta_intensity=0, model=diagREDM, fixed_beta_intercept=betaintercept3, fixed_beta_slope=betaslope3, sdRE_input=sdRE1, itnum=645

Rscript 2_inference_TMB/run_TMB.R --input ../data/assessing_models_simulation/datasets/multiple_GenerationMGnorm_200_180_100_6_0_betaintercept3_betaslope3_sdRE1_dataset645.RDS --output ../data/assessing_models_simulation/inference_results/TMB/nlminb/multiple_GenerationMGnorm_200_180_100_6_0_diagREDM_betaintercept3_betaslope3_sdRE1_dataset645.RDS --model diagREDM --optimiser nlminb  --use_previous_run_startingvals T
Submitted job 1646 with external jobid 'Submitted batch job 50051474'.

[Wed Nov 24 12:26:12 2021]
rule inference_simulation_TMB_multiple:
    input: ../data/assessing_models_simulation/datasets/multiple_GenerationMGnorm_200_180_100_6_0_betaintercept3_betaslope3_sdRE1_dataset361.RDS
    output: ../data/assessing_models_simulation/inference_results/TMB/nlminb/multiple_GenerationMGnorm_200_180_100_6_0_diagREDM_betaintercept3_betaslope3_sdRE1_dataset361.RDS
    log: logs/inference/nlminb/simulation_GenerationMGnorm_200_180_100_6_0_ModeldiagREDM_betaintercept3_betaslope3_sdRE1_dataset361.log
    jobid: 1362
    wildcards: optimiser=nlminb, datasetgeneration=GenerationMGnorm, n=200, nlambda=180, lmbda=100, d=6, beta_intensity=0, model=diagREDM, fixed_beta_intercept=betaintercept3, fixed_beta_slope=betaslope3, sdRE_input=sdRE1, itnum=361

Rscript 2_inference_TMB/run_TMB.R --input ../data/assessing_models_simulation/datasets/multiple_GenerationMGnorm_200_180_100_6_0_betaintercept3_betaslope3_sdRE1_dataset361.RDS --output ../data/assessing_models_simulation/inference_results/TMB/nlminb/multiple_GenerationMGnorm_200_180_100_6_0_diagREDM_betaintercept3_betaslope3_sdRE1_dataset361.RDS --model diagREDM --optimiser nlminb  --use_previous_run_startingvals T
Submitted job 1362 with external jobid 'Submitted batch job 50051475'.

[Wed Nov 24 12:26:13 2021]
rule inference_simulation_TMB_multiple:
    input: ../data/assessing_models_simulation/datasets/multiple_GenerationMGnorm_200_180_100_6_0_betaintercept3_betaslope3_sdRE1_dataset644.RDS
    output: ../data/assessing_models_simulation/inference_results/TMB/nlminb/multiple_GenerationMGnorm_200_180_100_6_0_fullREDM_betaintercept3_betaslope3_sdRE1_dataset644.RDS
    log: logs/inference/nlminb/simulation_GenerationMGnorm_200_180_100_6_0_ModelfullREDM_betaintercept3_betaslope3_sdRE1_dataset644.log
    jobid: 645
    wildcards: optimiser=nlminb, datasetgeneration=GenerationMGnorm, n=200, nlambda=180, lmbda=100, d=6, beta_intensity=0, model=fullREDM, fixed_beta_intercept=betaintercept3, fixed_beta_slope=betaslope3, sdRE_input=sdRE1, itnum=644

Rscript 2_inference_TMB/run_TMB.R --input ../data/assessing_models_simulation/datasets/multiple_GenerationMGnorm_200_180_100_6_0_betaintercept3_betaslope3_sdRE1_dataset644.RDS --output ../data/assessing_models_simulation/inference_results/TMB/nlminb/multiple_GenerationMGnorm_200_180_100_6_0_fullREDM_betaintercept3_betaslope3_sdRE1_dataset644.RDS --model fullREDM --optimiser nlminb  --use_previous_run_startingvals T
Submitted job 645 with external jobid 'Submitted batch job 50051476'.

[Wed Nov 24 12:26:13 2021]
rule inference_simulation_TMB_multiple:
    input: ../data/assessing_models_simulation/datasets/multiple_GenerationMGnorm_200_180_100_6_0_betaintercept3_betaslope3_sdRE1_dataset327.RDS
    output: ../data/assessing_models_simulation/inference_results/TMB/nlminb/multiple_GenerationMGnorm_200_180_100_6_0_diagREDM_betaintercept3_betaslope3_sdRE1_dataset327.RDS
    log: logs/inference/nlminb/simulation_GenerationMGnorm_200_180_100_6_0_ModeldiagREDM_betaintercept3_betaslope3_sdRE1_dataset327.log
    jobid: 1328
    wildcards: optimiser=nlminb, datasetgeneration=GenerationMGnorm, n=200, nlambda=180, lmbda=100, d=6, beta_intensity=0, model=diagREDM, fixed_beta_intercept=betaintercept3, fixed_beta_slope=betaslope3, sdRE_input=sdRE1, itnum=327

Rscript 2_inference_TMB/run_TMB.R --input ../data/assessing_models_simulation/datasets/multiple_GenerationMGnorm_200_180_100_6_0_betaintercept3_betaslope3_sdRE1_dataset327.RDS --output ../data/assessing_models_simulation/inference_results/TMB/nlminb/multiple_GenerationMGnorm_200_180_100_6_0_diagREDM_betaintercept3_betaslope3_sdRE1_dataset327.RDS --model diagREDM --optimiser nlminb  --use_previous_run_startingvals T
Submitted job 1328 with external jobid 'Submitted batch job 50051477'.

[Wed Nov 24 12:26:13 2021]
rule inference_simulation_TMB_multiple:
    input: ../data/assessing_models_simulation/datasets/multiple_GenerationMGnorm_200_180_100_6_0_betaintercept3_betaslope3_sdRE1_dataset930.RDS
    output: ../data/assessing_models_simulation/inference_results/TMB/nlminb/multiple_GenerationMGnorm_200_180_100_6_0_diagREDM_betaintercept3_betaslope3_sdRE1_dataset930.RDS
    log: logs/inference/nlminb/simulation_GenerationMGnorm_200_180_100_6_0_ModeldiagREDM_betaintercept3_betaslope3_sdRE1_dataset930.log
    jobid: 1931
    wildcards: optimiser=nlminb, datasetgeneration=GenerationMGnorm, n=200, nlambda=180, lmbda=100, d=6, beta_intensity=0, model=diagREDM, fixed_beta_intercept=betaintercept3, fixed_beta_slope=betaslope3, sdRE_input=sdRE1, itnum=930

Rscript 2_inference_TMB/run_TMB.R --input ../data/assessing_models_simulation/datasets/multiple_GenerationMGnorm_200_180_100_6_0_betaintercept3_betaslope3_sdRE1_dataset930.RDS --output ../data/assessing_models_simulation/inference_results/TMB/nlminb/multiple_GenerationMGnorm_200_180_100_6_0_diagREDM_betaintercept3_betaslope3_sdRE1_dataset930.RDS --model diagREDM --optimiser nlminb  --use_previous_run_startingvals T
Submitted job 1931 with external jobid 'Submitted batch job 50051478'.

[Wed Nov 24 12:26:13 2021]
rule inference_simulation_TMB_multiple:
    input: ../data/assessing_models_simulation/datasets/multiple_GenerationMGnorm_200_180_100_6_0_betaintercept3_betaslope3_sdRE1_dataset536.RDS
    output: ../data/assessing_models_simulation/inference_results/TMB/nlminb/multiple_GenerationMGnorm_200_180_100_6_0_fullREDM_betaintercept3_betaslope3_sdRE1_dataset536.RDS
    log: logs/inference/nlminb/simulation_GenerationMGnorm_200_180_100_6_0_ModelfullREDM_betaintercept3_betaslope3_sdRE1_dataset536.log
    jobid: 537
    wildcards: optimiser=nlminb, datasetgeneration=GenerationMGnorm, n=200, nlambda=180, lmbda=100, d=6, beta_intensity=0, model=fullREDM, fixed_beta_intercept=betaintercept3, fixed_beta_slope=betaslope3, sdRE_input=sdRE1, itnum=536

Rscript 2_inference_TMB/run_TMB.R --input ../data/assessing_models_simulation/datasets/multiple_GenerationMGnorm_200_180_100_6_0_betaintercept3_betaslope3_sdRE1_dataset536.RDS --output ../data/assessing_models_simulation/inference_results/TMB/nlminb/multiple_GenerationMGnorm_200_180_100_6_0_fullREDM_betaintercept3_betaslope3_sdRE1_dataset536.RDS --model fullREDM --optimiser nlminb  --use_previous_run_startingvals T
Submitted job 537 with external jobid 'Submitted batch job 50051479'.

[Wed Nov 24 12:26:13 2021]
rule inference_simulation_TMB_multiple:
    input: ../data/assessing_models_simulation/datasets/multiple_GenerationMGnorm_200_180_100_6_0_betaintercept3_betaslope3_sdRE1_dataset331.RDS
    output: ../data/assessing_models_simulation/inference_results/TMB/nlminb/multiple_GenerationMGnorm_200_180_100_6_0_fullREDM_betaintercept3_betaslope3_sdRE1_dataset331.RDS
    log: logs/inference/nlminb/simulation_GenerationMGnorm_200_180_100_6_0_ModelfullREDM_betaintercept3_betaslope3_sdRE1_dataset331.log
    jobid: 332
    wildcards: optimiser=nlminb, datasetgeneration=GenerationMGnorm, n=200, nlambda=180, lmbda=100, d=6, beta_intensity=0, model=fullREDM, fixed_beta_intercept=betaintercept3, fixed_beta_slope=betaslope3, sdRE_input=sdRE1, itnum=331

Rscript 2_inference_TMB/run_TMB.R --input ../data/assessing_models_simulation/datasets/multiple_GenerationMGnorm_200_180_100_6_0_betaintercept3_betaslope3_sdRE1_dataset331.RDS --output ../data/assessing_models_simulation/inference_results/TMB/nlminb/multiple_GenerationMGnorm_200_180_100_6_0_fullREDM_betaintercept3_betaslope3_sdRE1_dataset331.RDS --model fullREDM --optimiser nlminb  --use_previous_run_startingvals T
Submitted job 332 with external jobid 'Submitted batch job 50051480'.

[Wed Nov 24 12:26:13 2021]
rule inference_simulation_TMB_multiple:
    input: ../data/assessing_models_simulation/datasets/multiple_GenerationMGnorm_200_180_100_6_0_betaintercept3_betaslope3_sdRE1_dataset321.RDS
    output: ../data/assessing_models_simulation/inference_results/TMB/nlminb/multiple_GenerationMGnorm_200_180_100_6_0_diagREDM_betaintercept3_betaslope3_sdRE1_dataset321.RDS
    log: logs/inference/nlminb/simulation_GenerationMGnorm_200_180_100_6_0_ModeldiagREDM_betaintercept3_betaslope3_sdRE1_dataset321.log
    jobid: 1322
    wildcards: optimiser=nlminb, datasetgeneration=GenerationMGnorm, n=200, nlambda=180, lmbda=100, d=6, beta_intensity=0, model=diagREDM, fixed_beta_intercept=betaintercept3, fixed_beta_slope=betaslope3, sdRE_input=sdRE1, itnum=321

Rscript 2_inference_TMB/run_TMB.R --input ../data/assessing_models_simulation/datasets/multiple_GenerationMGnorm_200_180_100_6_0_betaintercept3_betaslope3_sdRE1_dataset321.RDS --output ../data/assessing_models_simulation/inference_results/TMB/nlminb/multiple_GenerationMGnorm_200_180_100_6_0_diagREDM_betaintercept3_betaslope3_sdRE1_dataset321.RDS --model diagREDM --optimiser nlminb  --use_previous_run_startingvals T
Submitted job 1322 with external jobid 'Submitted batch job 50051481'.

[Wed Nov 24 12:26:14 2021]
rule inference_simulation_TMB_multiple:
    input: ../data/assessing_models_simulation/datasets/multiple_GenerationMGnorm_200_180_100_6_0_betaintercept3_betaslope3_sdRE1_dataset181.RDS
    output: ../data/assessing_models_simulation/inference_results/TMB/nlminb/multiple_GenerationMGnorm_200_180_100_6_0_diagREDM_betaintercept3_betaslope3_sdRE1_dataset181.RDS
    log: logs/inference/nlminb/simulation_GenerationMGnorm_200_180_100_6_0_ModeldiagREDM_betaintercept3_betaslope3_sdRE1_dataset181.log
    jobid: 1182
    wildcards: optimiser=nlminb, datasetgeneration=GenerationMGnorm, n=200, nlambda=180, lmbda=100, d=6, beta_intensity=0, model=diagREDM, fixed_beta_intercept=betaintercept3, fixed_beta_slope=betaslope3, sdRE_input=sdRE1, itnum=181

Rscript 2_inference_TMB/run_TMB.R --input ../data/assessing_models_simulation/datasets/multiple_GenerationMGnorm_200_180_100_6_0_betaintercept3_betaslope3_sdRE1_dataset181.RDS --output ../data/assessing_models_simulation/inference_results/TMB/nlminb/multiple_GenerationMGnorm_200_180_100_6_0_diagREDM_betaintercept3_betaslope3_sdRE1_dataset181.RDS --model diagREDM --optimiser nlminb  --use_previous_run_startingvals T
Submitted job 1182 with external jobid 'Submitted batch job 50051482'.

[Wed Nov 24 12:26:14 2021]
rule inference_simulation_TMB_multiple:
    input: ../data/assessing_models_simulation/datasets/multiple_GenerationMGnorm_200_180_100_6_0_betaintercept3_betaslope3_sdRE1_dataset797.RDS
    output: ../data/assessing_models_simulation/inference_results/TMB/nlminb/multiple_GenerationMGnorm_200_180_100_6_0_diagREDM_betaintercept3_betaslope3_sdRE1_dataset797.RDS
    log: logs/inference/nlminb/simulation_GenerationMGnorm_200_180_100_6_0_ModeldiagREDM_betaintercept3_betaslope3_sdRE1_dataset797.log
    jobid: 1798
    wildcards: optimiser=nlminb, datasetgeneration=GenerationMGnorm, n=200, nlambda=180, lmbda=100, d=6, beta_intensity=0, model=diagREDM, fixed_beta_intercept=betaintercept3, fixed_beta_slope=betaslope3, sdRE_input=sdRE1, itnum=797

Rscript 2_inference_TMB/run_TMB.R --input ../data/assessing_models_simulation/datasets/multiple_GenerationMGnorm_200_180_100_6_0_betaintercept3_betaslope3_sdRE1_dataset797.RDS --output ../data/assessing_models_simulation/inference_results/TMB/nlminb/multiple_GenerationMGnorm_200_180_100_6_0_diagREDM_betaintercept3_betaslope3_sdRE1_dataset797.RDS --model diagREDM --optimiser nlminb  --use_previous_run_startingvals T
Submitted job 1798 with external jobid 'Submitted batch job 50051483'.

[Wed Nov 24 12:26:14 2021]
rule inference_simulation_TMB_multiple:
    input: ../data/assessing_models_simulation/datasets/multiple_GenerationMGnorm_200_180_100_6_0_betaintercept3_betaslope3_sdRE1_dataset608.RDS
    output: ../data/assessing_models_simulation/inference_results/TMB/nlminb/multiple_GenerationMGnorm_200_180_100_6_0_diagREDM_betaintercept3_betaslope3_sdRE1_dataset608.RDS
    log: logs/inference/nlminb/simulation_GenerationMGnorm_200_180_100_6_0_ModeldiagREDM_betaintercept3_betaslope3_sdRE1_dataset608.log
    jobid: 1609
    wildcards: optimiser=nlminb, datasetgeneration=GenerationMGnorm, n=200, nlambda=180, lmbda=100, d=6, beta_intensity=0, model=diagREDM, fixed_beta_intercept=betaintercept3, fixed_beta_slope=betaslope3, sdRE_input=sdRE1, itnum=608

Rscript 2_inference_TMB/run_TMB.R --input ../data/assessing_models_simulation/datasets/multiple_GenerationMGnorm_200_180_100_6_0_betaintercept3_betaslope3_sdRE1_dataset608.RDS --output ../data/assessing_models_simulation/inference_results/TMB/nlminb/multiple_GenerationMGnorm_200_180_100_6_0_diagREDM_betaintercept3_betaslope3_sdRE1_dataset608.RDS --model diagREDM --optimiser nlminb  --use_previous_run_startingvals T
Submitted job 1609 with external jobid 'Submitted batch job 50051484'.

[Wed Nov 24 12:26:14 2021]
rule inference_simulation_TMB_multiple:
    input: ../data/assessing_models_simulation/datasets/multiple_GenerationMGnorm_200_180_100_6_0_betaintercept3_betaslope3_sdRE1_dataset145.RDS
    output: ../data/assessing_models_simulation/inference_results/TMB/nlminb/multiple_GenerationMGnorm_200_180_100_6_0_diagREDM_betaintercept3_betaslope3_sdRE1_dataset145.RDS
    log: logs/inference/nlminb/simulation_GenerationMGnorm_200_180_100_6_0_ModeldiagREDM_betaintercept3_betaslope3_sdRE1_dataset145.log
    jobid: 1146
    wildcards: optimiser=nlminb, datasetgeneration=GenerationMGnorm, n=200, nlambda=180, lmbda=100, d=6, beta_intensity=0, model=diagREDM, fixed_beta_intercept=betaintercept3, fixed_beta_slope=betaslope3, sdRE_input=sdRE1, itnum=145

Rscript 2_inference_TMB/run_TMB.R --input ../data/assessing_models_simulation/datasets/multiple_GenerationMGnorm_200_180_100_6_0_betaintercept3_betaslope3_sdRE1_dataset145.RDS --output ../data/assessing_models_simulation/inference_results/TMB/nlminb/multiple_GenerationMGnorm_200_180_100_6_0_diagREDM_betaintercept3_betaslope3_sdRE1_dataset145.RDS --model diagREDM --optimiser nlminb  --use_previous_run_startingvals T
Submitted job 1146 with external jobid 'Submitted batch job 50051485'.

[Wed Nov 24 12:26:14 2021]
rule inference_simulation_TMB_multiple:
    input: ../data/assessing_models_simulation/datasets/multiple_GenerationMGnorm_200_180_100_6_0_betaintercept3_betaslope3_sdRE1_dataset433.RDS
    output: ../data/assessing_models_simulation/inference_results/TMB/nlminb/multiple_GenerationMGnorm_200_180_100_6_0_diagREDM_betaintercept3_betaslope3_sdRE1_dataset433.RDS
    log: logs/inference/nlminb/simulation_GenerationMGnorm_200_180_100_6_0_ModeldiagREDM_betaintercept3_betaslope3_sdRE1_dataset433.log
    jobid: 1434
    wildcards: optimiser=nlminb, datasetgeneration=GenerationMGnorm, n=200, nlambda=180, lmbda=100, d=6, beta_intensity=0, model=diagREDM, fixed_beta_intercept=betaintercept3, fixed_beta_slope=betaslope3, sdRE_input=sdRE1, itnum=433

Rscript 2_inference_TMB/run_TMB.R --input ../data/assessing_models_simulation/datasets/multiple_GenerationMGnorm_200_180_100_6_0_betaintercept3_betaslope3_sdRE1_dataset433.RDS --output ../data/assessing_models_simulation/inference_results/TMB/nlminb/multiple_GenerationMGnorm_200_180_100_6_0_diagREDM_betaintercept3_betaslope3_sdRE1_dataset433.RDS --model diagREDM --optimiser nlminb  --use_previous_run_startingvals T
Submitted job 1434 with external jobid 'Submitted batch job 50051486'.

[Wed Nov 24 12:26:14 2021]
rule inference_simulation_TMB_multiple:
    input: ../data/assessing_models_simulation/datasets/multiple_GenerationMGnorm_200_180_100_6_0_betaintercept3_betaslope3_sdRE1_dataset255.RDS
    output: ../data/assessing_models_simulation/inference_results/TMB/nlminb/multiple_GenerationMGnorm_200_180_100_6_0_diagREDM_betaintercept3_betaslope3_sdRE1_dataset255.RDS
    log: logs/inference/nlminb/simulation_GenerationMGnorm_200_180_100_6_0_ModeldiagREDM_betaintercept3_betaslope3_sdRE1_dataset255.log
    jobid: 1256
    wildcards: optimiser=nlminb, datasetgeneration=GenerationMGnorm, n=200, nlambda=180, lmbda=100, d=6, beta_intensity=0, model=diagREDM, fixed_beta_intercept=betaintercept3, fixed_beta_slope=betaslope3, sdRE_input=sdRE1, itnum=255

Rscript 2_inference_TMB/run_TMB.R --input ../data/assessing_models_simulation/datasets/multiple_GenerationMGnorm_200_180_100_6_0_betaintercept3_betaslope3_sdRE1_dataset255.RDS --output ../data/assessing_models_simulation/inference_results/TMB/nlminb/multiple_GenerationMGnorm_200_180_100_6_0_diagREDM_betaintercept3_betaslope3_sdRE1_dataset255.RDS --model diagREDM --optimiser nlminb  --use_previous_run_startingvals T
Submitted job 1256 with external jobid 'Submitted batch job 50051487'.

[Wed Nov 24 12:26:14 2021]
rule inference_simulation_TMB_multiple:
    input: ../data/assessing_models_simulation/datasets/multiple_GenerationMGnorm_200_180_100_6_0_betaintercept3_betaslope3_sdRE1_dataset482.RDS
    output: ../data/assessing_models_simulation/inference_results/TMB/nlminb/multiple_GenerationMGnorm_200_180_100_6_0_diagREDM_betaintercept3_betaslope3_sdRE1_dataset482.RDS
    log: logs/inference/nlminb/simulation_GenerationMGnorm_200_180_100_6_0_ModeldiagREDM_betaintercept3_betaslope3_sdRE1_dataset482.log
    jobid: 1483
    wildcards: optimiser=nlminb, datasetgeneration=GenerationMGnorm, n=200, nlambda=180, lmbda=100, d=6, beta_intensity=0, model=diagREDM, fixed_beta_intercept=betaintercept3, fixed_beta_slope=betaslope3, sdRE_input=sdRE1, itnum=482

Rscript 2_inference_TMB/run_TMB.R --input ../data/assessing_models_simulation/datasets/multiple_GenerationMGnorm_200_180_100_6_0_betaintercept3_betaslope3_sdRE1_dataset482.RDS --output ../data/assessing_models_simulation/inference_results/TMB/nlminb/multiple_GenerationMGnorm_200_180_100_6_0_diagREDM_betaintercept3_betaslope3_sdRE1_dataset482.RDS --model diagREDM --optimiser nlminb  --use_previous_run_startingvals T
Submitted job 1483 with external jobid 'Submitted batch job 50051488'.

[Wed Nov 24 12:26:14 2021]
rule inference_simulation_TMB_multiple:
    input: ../data/assessing_models_simulation/datasets/multiple_GenerationMGnorm_200_180_100_6_0_betaintercept3_betaslope3_sdRE1_dataset484.RDS
    output: ../data/assessing_models_simulation/inference_results/TMB/nlminb/multiple_GenerationMGnorm_200_180_100_6_0_diagREDM_betaintercept3_betaslope3_sdRE1_dataset484.RDS
    log: logs/inference/nlminb/simulation_GenerationMGnorm_200_180_100_6_0_ModeldiagREDM_betaintercept3_betaslope3_sdRE1_dataset484.log
    jobid: 1485
    wildcards: optimiser=nlminb, datasetgeneration=GenerationMGnorm, n=200, nlambda=180, lmbda=100, d=6, beta_intensity=0, model=diagREDM, fixed_beta_intercept=betaintercept3, fixed_beta_slope=betaslope3, sdRE_input=sdRE1, itnum=484

Rscript 2_inference_TMB/run_TMB.R --input ../data/assessing_models_simulation/datasets/multiple_GenerationMGnorm_200_180_100_6_0_betaintercept3_betaslope3_sdRE1_dataset484.RDS --output ../data/assessing_models_simulation/inference_results/TMB/nlminb/multiple_GenerationMGnorm_200_180_100_6_0_diagREDM_betaintercept3_betaslope3_sdRE1_dataset484.RDS --model diagREDM --optimiser nlminb  --use_previous_run_startingvals T
Submitted job 1485 with external jobid 'Submitted batch job 50051489'.

[Wed Nov 24 12:26:14 2021]
rule inference_simulation_TMB_multiple:
    input: ../data/assessing_models_simulation/datasets/multiple_GenerationMGnorm_200_180_100_6_0_betaintercept3_betaslope3_sdRE1_dataset649.RDS
    output: ../data/assessing_models_simulation/inference_results/TMB/nlminb/multiple_GenerationMGnorm_200_180_100_6_0_fullREDM_betaintercept3_betaslope3_sdRE1_dataset649.RDS
    log: logs/inference/nlminb/simulation_GenerationMGnorm_200_180_100_6_0_ModelfullREDM_betaintercept3_betaslope3_sdRE1_dataset649.log
    jobid: 650
    wildcards: optimiser=nlminb, datasetgeneration=GenerationMGnorm, n=200, nlambda=180, lmbda=100, d=6, beta_intensity=0, model=fullREDM, fixed_beta_intercept=betaintercept3, fixed_beta_slope=betaslope3, sdRE_input=sdRE1, itnum=649

Rscript 2_inference_TMB/run_TMB.R --input ../data/assessing_models_simulation/datasets/multiple_GenerationMGnorm_200_180_100_6_0_betaintercept3_betaslope3_sdRE1_dataset649.RDS --output ../data/assessing_models_simulation/inference_results/TMB/nlminb/multiple_GenerationMGnorm_200_180_100_6_0_fullREDM_betaintercept3_betaslope3_sdRE1_dataset649.RDS --model fullREDM --optimiser nlminb  --use_previous_run_startingvals T
Submitted job 650 with external jobid 'Submitted batch job 50051490'.

[Wed Nov 24 12:26:14 2021]
rule inference_simulation_TMB_multiple:
    input: ../data/assessing_models_simulation/datasets/multiple_GenerationMGnorm_200_180_100_6_0_betaintercept3_betaslope3_sdRE1_dataset163.RDS
    output: ../data/assessing_models_simulation/inference_results/TMB/nlminb/multiple_GenerationMGnorm_200_180_100_6_0_diagREDM_betaintercept3_betaslope3_sdRE1_dataset163.RDS
    log: logs/inference/nlminb/simulation_GenerationMGnorm_200_180_100_6_0_ModeldiagREDM_betaintercept3_betaslope3_sdRE1_dataset163.log
    jobid: 1164
    wildcards: optimiser=nlminb, datasetgeneration=GenerationMGnorm, n=200, nlambda=180, lmbda=100, d=6, beta_intensity=0, model=diagREDM, fixed_beta_intercept=betaintercept3, fixed_beta_slope=betaslope3, sdRE_input=sdRE1, itnum=163

Rscript 2_inference_TMB/run_TMB.R --input ../data/assessing_models_simulation/datasets/multiple_GenerationMGnorm_200_180_100_6_0_betaintercept3_betaslope3_sdRE1_dataset163.RDS --output ../data/assessing_models_simulation/inference_results/TMB/nlminb/multiple_GenerationMGnorm_200_180_100_6_0_diagREDM_betaintercept3_betaslope3_sdRE1_dataset163.RDS --model diagREDM --optimiser nlminb  --use_previous_run_startingvals T
Submitted job 1164 with external jobid 'Submitted batch job 50051491'.

[Wed Nov 24 12:26:14 2021]
rule inference_simulation_TMB_multiple:
    input: ../data/assessing_models_simulation/datasets/multiple_GenerationMGnorm_200_180_100_6_0_betaintercept3_betaslope3_sdRE1_dataset763.RDS
    output: ../data/assessing_models_simulation/inference_results/TMB/nlminb/multiple_GenerationMGnorm_200_180_100_6_0_diagREDM_betaintercept3_betaslope3_sdRE1_dataset763.RDS
    log: logs/inference/nlminb/simulation_GenerationMGnorm_200_180_100_6_0_ModeldiagREDM_betaintercept3_betaslope3_sdRE1_dataset763.log
    jobid: 1764
    wildcards: optimiser=nlminb, datasetgeneration=GenerationMGnorm, n=200, nlambda=180, lmbda=100, d=6, beta_intensity=0, model=diagREDM, fixed_beta_intercept=betaintercept3, fixed_beta_slope=betaslope3, sdRE_input=sdRE1, itnum=763

Rscript 2_inference_TMB/run_TMB.R --input ../data/assessing_models_simulation/datasets/multiple_GenerationMGnorm_200_180_100_6_0_betaintercept3_betaslope3_sdRE1_dataset763.RDS --output ../data/assessing_models_simulation/inference_results/TMB/nlminb/multiple_GenerationMGnorm_200_180_100_6_0_diagREDM_betaintercept3_betaslope3_sdRE1_dataset763.RDS --model diagREDM --optimiser nlminb  --use_previous_run_startingvals T
Submitted job 1764 with external jobid 'Submitted batch job 50051492'.

[Wed Nov 24 12:26:14 2021]
rule inference_simulation_TMB_multiple:
    input: ../data/assessing_models_simulation/datasets/multiple_GenerationMGnorm_200_180_100_6_0_betaintercept3_betaslope3_sdRE1_dataset25.RDS
    output: ../data/assessing_models_simulation/inference_results/TMB/nlminb/multiple_GenerationMGnorm_200_180_100_6_0_fullREDM_betaintercept3_betaslope3_sdRE1_dataset25.RDS
    log: logs/inference/nlminb/simulation_GenerationMGnorm_200_180_100_6_0_ModelfullREDM_betaintercept3_betaslope3_sdRE1_dataset25.log
    jobid: 26
    wildcards: optimiser=nlminb, datasetgeneration=GenerationMGnorm, n=200, nlambda=180, lmbda=100, d=6, beta_intensity=0, model=fullREDM, fixed_beta_intercept=betaintercept3, fixed_beta_slope=betaslope3, sdRE_input=sdRE1, itnum=25

Rscript 2_inference_TMB/run_TMB.R --input ../data/assessing_models_simulation/datasets/multiple_GenerationMGnorm_200_180_100_6_0_betaintercept3_betaslope3_sdRE1_dataset25.RDS --output ../data/assessing_models_simulation/inference_results/TMB/nlminb/multiple_GenerationMGnorm_200_180_100_6_0_fullREDM_betaintercept3_betaslope3_sdRE1_dataset25.RDS --model fullREDM --optimiser nlminb  --use_previous_run_startingvals T
Submitted job 26 with external jobid 'Submitted batch job 50051493'.

[Wed Nov 24 12:26:14 2021]
rule inference_simulation_TMB_multiple:
    input: ../data/assessing_models_simulation/datasets/multiple_GenerationMGnorm_200_180_100_6_0_betaintercept3_betaslope3_sdRE1_dataset26.RDS
    output: ../data/assessing_models_simulation/inference_results/TMB/nlminb/multiple_GenerationMGnorm_200_180_100_6_0_fullREDM_betaintercept3_betaslope3_sdRE1_dataset26.RDS
    log: logs/inference/nlminb/simulation_GenerationMGnorm_200_180_100_6_0_ModelfullREDM_betaintercept3_betaslope3_sdRE1_dataset26.log
    jobid: 27
    wildcards: optimiser=nlminb, datasetgeneration=GenerationMGnorm, n=200, nlambda=180, lmbda=100, d=6, beta_intensity=0, model=fullREDM, fixed_beta_intercept=betaintercept3, fixed_beta_slope=betaslope3, sdRE_input=sdRE1, itnum=26

Rscript 2_inference_TMB/run_TMB.R --input ../data/assessing_models_simulation/datasets/multiple_GenerationMGnorm_200_180_100_6_0_betaintercept3_betaslope3_sdRE1_dataset26.RDS --output ../data/assessing_models_simulation/inference_results/TMB/nlminb/multiple_GenerationMGnorm_200_180_100_6_0_fullREDM_betaintercept3_betaslope3_sdRE1_dataset26.RDS --model fullREDM --optimiser nlminb  --use_previous_run_startingvals T
Submitted job 27 with external jobid 'Submitted batch job 50051494'.

[Wed Nov 24 12:26:14 2021]
rule inference_simulation_TMB_multiple:
    input: ../data/assessing_models_simulation/datasets/multiple_GenerationMGnorm_200_180_100_6_0_betaintercept3_betaslope3_sdRE1_dataset301.RDS
    output: ../data/assessing_models_simulation/inference_results/TMB/nlminb/multiple_GenerationMGnorm_200_180_100_6_0_diagREDM_betaintercept3_betaslope3_sdRE1_dataset301.RDS
    log: logs/inference/nlminb/simulation_GenerationMGnorm_200_180_100_6_0_ModeldiagREDM_betaintercept3_betaslope3_sdRE1_dataset301.log
    jobid: 1302
    wildcards: optimiser=nlminb, datasetgeneration=GenerationMGnorm, n=200, nlambda=180, lmbda=100, d=6, beta_intensity=0, model=diagREDM, fixed_beta_intercept=betaintercept3, fixed_beta_slope=betaslope3, sdRE_input=sdRE1, itnum=301

Rscript 2_inference_TMB/run_TMB.R --input ../data/assessing_models_simulation/datasets/multiple_GenerationMGnorm_200_180_100_6_0_betaintercept3_betaslope3_sdRE1_dataset301.RDS --output ../data/assessing_models_simulation/inference_results/TMB/nlminb/multiple_GenerationMGnorm_200_180_100_6_0_diagREDM_betaintercept3_betaslope3_sdRE1_dataset301.RDS --model diagREDM --optimiser nlminb  --use_previous_run_startingvals T
Submitted job 1302 with external jobid 'Submitted batch job 50051495'.

[Wed Nov 24 12:26:15 2021]
rule inference_simulation_TMB_multiple:
    input: ../data/assessing_models_simulation/datasets/multiple_GenerationMGnorm_200_180_100_6_0_betaintercept3_betaslope3_sdRE1_dataset307.RDS
    output: ../data/assessing_models_simulation/inference_results/TMB/nlminb/multiple_GenerationMGnorm_200_180_100_6_0_diagREDM_betaintercept3_betaslope3_sdRE1_dataset307.RDS
    log: logs/inference/nlminb/simulation_GenerationMGnorm_200_180_100_6_0_ModeldiagREDM_betaintercept3_betaslope3_sdRE1_dataset307.log
    jobid: 1308
    wildcards: optimiser=nlminb, datasetgeneration=GenerationMGnorm, n=200, nlambda=180, lmbda=100, d=6, beta_intensity=0, model=diagREDM, fixed_beta_intercept=betaintercept3, fixed_beta_slope=betaslope3, sdRE_input=sdRE1, itnum=307

Rscript 2_inference_TMB/run_TMB.R --input ../data/assessing_models_simulation/datasets/multiple_GenerationMGnorm_200_180_100_6_0_betaintercept3_betaslope3_sdRE1_dataset307.RDS --output ../data/assessing_models_simulation/inference_results/TMB/nlminb/multiple_GenerationMGnorm_200_180_100_6_0_diagREDM_betaintercept3_betaslope3_sdRE1_dataset307.RDS --model diagREDM --optimiser nlminb  --use_previous_run_startingvals T
Submitted job 1308 with external jobid 'Submitted batch job 50051496'.

[Wed Nov 24 12:26:15 2021]
rule inference_simulation_TMB_multiple:
    input: ../data/assessing_models_simulation/datasets/multiple_GenerationMGnorm_200_180_100_6_0_betaintercept3_betaslope3_sdRE1_dataset190.RDS
    output: ../data/assessing_models_simulation/inference_results/TMB/nlminb/multiple_GenerationMGnorm_200_180_100_6_0_diagREDM_betaintercept3_betaslope3_sdRE1_dataset190.RDS
    log: logs/inference/nlminb/simulation_GenerationMGnorm_200_180_100_6_0_ModeldiagREDM_betaintercept3_betaslope3_sdRE1_dataset190.log
    jobid: 1191
    wildcards: optimiser=nlminb, datasetgeneration=GenerationMGnorm, n=200, nlambda=180, lmbda=100, d=6, beta_intensity=0, model=diagREDM, fixed_beta_intercept=betaintercept3, fixed_beta_slope=betaslope3, sdRE_input=sdRE1, itnum=190

Rscript 2_inference_TMB/run_TMB.R --input ../data/assessing_models_simulation/datasets/multiple_GenerationMGnorm_200_180_100_6_0_betaintercept3_betaslope3_sdRE1_dataset190.RDS --output ../data/assessing_models_simulation/inference_results/TMB/nlminb/multiple_GenerationMGnorm_200_180_100_6_0_diagREDM_betaintercept3_betaslope3_sdRE1_dataset190.RDS --model diagREDM --optimiser nlminb  --use_previous_run_startingvals T
Submitted job 1191 with external jobid 'Submitted batch job 50051497'.

[Wed Nov 24 12:26:15 2021]
rule inference_simulation_TMB_multiple:
    input: ../data/assessing_models_simulation/datasets/multiple_GenerationMGnorm_200_180_100_6_0_betaintercept3_betaslope3_sdRE1_dataset877.RDS
    output: ../data/assessing_models_simulation/inference_results/TMB/nlminb/multiple_GenerationMGnorm_200_180_100_6_0_diagREDM_betaintercept3_betaslope3_sdRE1_dataset877.RDS
    log: logs/inference/nlminb/simulation_GenerationMGnorm_200_180_100_6_0_ModeldiagREDM_betaintercept3_betaslope3_sdRE1_dataset877.log
    jobid: 1878
    wildcards: optimiser=nlminb, datasetgeneration=GenerationMGnorm, n=200, nlambda=180, lmbda=100, d=6, beta_intensity=0, model=diagREDM, fixed_beta_intercept=betaintercept3, fixed_beta_slope=betaslope3, sdRE_input=sdRE1, itnum=877

Rscript 2_inference_TMB/run_TMB.R --input ../data/assessing_models_simulation/datasets/multiple_GenerationMGnorm_200_180_100_6_0_betaintercept3_betaslope3_sdRE1_dataset877.RDS --output ../data/assessing_models_simulation/inference_results/TMB/nlminb/multiple_GenerationMGnorm_200_180_100_6_0_diagREDM_betaintercept3_betaslope3_sdRE1_dataset877.RDS --model diagREDM --optimiser nlminb  --use_previous_run_startingvals T
Submitted job 1878 with external jobid 'Submitted batch job 50051498'.

[Wed Nov 24 12:26:15 2021]
rule inference_simulation_TMB_multiple:
    input: ../data/assessing_models_simulation/datasets/multiple_GenerationMGnorm_200_180_100_6_0_betaintercept3_betaslope3_sdRE1_dataset443.RDS
    output: ../data/assessing_models_simulation/inference_results/TMB/nlminb/multiple_GenerationMGnorm_200_180_100_6_0_diagREDM_betaintercept3_betaslope3_sdRE1_dataset443.RDS
    log: logs/inference/nlminb/simulation_GenerationMGnorm_200_180_100_6_0_ModeldiagREDM_betaintercept3_betaslope3_sdRE1_dataset443.log
    jobid: 1444
    wildcards: optimiser=nlminb, datasetgeneration=GenerationMGnorm, n=200, nlambda=180, lmbda=100, d=6, beta_intensity=0, model=diagREDM, fixed_beta_intercept=betaintercept3, fixed_beta_slope=betaslope3, sdRE_input=sdRE1, itnum=443

Rscript 2_inference_TMB/run_TMB.R --input ../data/assessing_models_simulation/datasets/multiple_GenerationMGnorm_200_180_100_6_0_betaintercept3_betaslope3_sdRE1_dataset443.RDS --output ../data/assessing_models_simulation/inference_results/TMB/nlminb/multiple_GenerationMGnorm_200_180_100_6_0_diagREDM_betaintercept3_betaslope3_sdRE1_dataset443.RDS --model diagREDM --optimiser nlminb  --use_previous_run_startingvals T
Submitted job 1444 with external jobid 'Submitted batch job 50051499'.

[Wed Nov 24 12:26:15 2021]
rule inference_simulation_TMB_multiple:
    input: ../data/assessing_models_simulation/datasets/multiple_GenerationMGnorm_200_180_100_6_0_betaintercept3_betaslope3_sdRE1_dataset116.RDS
    output: ../data/assessing_models_simulation/inference_results/TMB/nlminb/multiple_GenerationMGnorm_200_180_100_6_0_diagREDM_betaintercept3_betaslope3_sdRE1_dataset116.RDS
    log: logs/inference/nlminb/simulation_GenerationMGnorm_200_180_100_6_0_ModeldiagREDM_betaintercept3_betaslope3_sdRE1_dataset116.log
    jobid: 1117
    wildcards: optimiser=nlminb, datasetgeneration=GenerationMGnorm, n=200, nlambda=180, lmbda=100, d=6, beta_intensity=0, model=diagREDM, fixed_beta_intercept=betaintercept3, fixed_beta_slope=betaslope3, sdRE_input=sdRE1, itnum=116

Rscript 2_inference_TMB/run_TMB.R --input ../data/assessing_models_simulation/datasets/multiple_GenerationMGnorm_200_180_100_6_0_betaintercept3_betaslope3_sdRE1_dataset116.RDS --output ../data/assessing_models_simulation/inference_results/TMB/nlminb/multiple_GenerationMGnorm_200_180_100_6_0_diagREDM_betaintercept3_betaslope3_sdRE1_dataset116.RDS --model diagREDM --optimiser nlminb  --use_previous_run_startingvals T
Submitted job 1117 with external jobid 'Submitted batch job 50051502'.

[Wed Nov 24 12:26:17 2021]
rule inference_simulation_TMB_multiple:
    input: ../data/assessing_models_simulation/datasets/multiple_GenerationMGnorm_200_180_100_6_0_betaintercept3_betaslope3_sdRE1_dataset120.RDS
    output: ../data/assessing_models_simulation/inference_results/TMB/nlminb/multiple_GenerationMGnorm_200_180_100_6_0_diagREDM_betaintercept3_betaslope3_sdRE1_dataset120.RDS
    log: logs/inference/nlminb/simulation_GenerationMGnorm_200_180_100_6_0_ModeldiagREDM_betaintercept3_betaslope3_sdRE1_dataset120.log
    jobid: 1121
    wildcards: optimiser=nlminb, datasetgeneration=GenerationMGnorm, n=200, nlambda=180, lmbda=100, d=6, beta_intensity=0, model=diagREDM, fixed_beta_intercept=betaintercept3, fixed_beta_slope=betaslope3, sdRE_input=sdRE1, itnum=120

Rscript 2_inference_TMB/run_TMB.R --input ../data/assessing_models_simulation/datasets/multiple_GenerationMGnorm_200_180_100_6_0_betaintercept3_betaslope3_sdRE1_dataset120.RDS --output ../data/assessing_models_simulation/inference_results/TMB/nlminb/multiple_GenerationMGnorm_200_180_100_6_0_diagREDM_betaintercept3_betaslope3_sdRE1_dataset120.RDS --model diagREDM --optimiser nlminb  --use_previous_run_startingvals T
Submitted job 1121 with external jobid 'Submitted batch job 50051503'.

[Wed Nov 24 12:26:17 2021]
rule inference_simulation_TMB_multiple:
    input: ../data/assessing_models_simulation/datasets/multiple_GenerationMGnorm_200_180_100_6_0_betaintercept3_betaslope3_sdRE1_dataset636.RDS
    output: ../data/assessing_models_simulation/inference_results/TMB/nlminb/multiple_GenerationMGnorm_200_180_100_6_0_diagREDM_betaintercept3_betaslope3_sdRE1_dataset636.RDS
    log: logs/inference/nlminb/simulation_GenerationMGnorm_200_180_100_6_0_ModeldiagREDM_betaintercept3_betaslope3_sdRE1_dataset636.log
    jobid: 1637
    wildcards: optimiser=nlminb, datasetgeneration=GenerationMGnorm, n=200, nlambda=180, lmbda=100, d=6, beta_intensity=0, model=diagREDM, fixed_beta_intercept=betaintercept3, fixed_beta_slope=betaslope3, sdRE_input=sdRE1, itnum=636

Rscript 2_inference_TMB/run_TMB.R --input ../data/assessing_models_simulation/datasets/multiple_GenerationMGnorm_200_180_100_6_0_betaintercept3_betaslope3_sdRE1_dataset636.RDS --output ../data/assessing_models_simulation/inference_results/TMB/nlminb/multiple_GenerationMGnorm_200_180_100_6_0_diagREDM_betaintercept3_betaslope3_sdRE1_dataset636.RDS --model diagREDM --optimiser nlminb  --use_previous_run_startingvals T
Submitted job 1637 with external jobid 'Submitted batch job 50051504'.

[Wed Nov 24 12:26:17 2021]
rule inference_simulation_TMB_multiple:
    input: ../data/assessing_models_simulation/datasets/multiple_GenerationMGnorm_200_180_100_6_0_betaintercept3_betaslope3_sdRE1_dataset127.RDS
    output: ../data/assessing_models_simulation/inference_results/TMB/nlminb/multiple_GenerationMGnorm_200_180_100_6_0_diagREDM_betaintercept3_betaslope3_sdRE1_dataset127.RDS
    log: logs/inference/nlminb/simulation_GenerationMGnorm_200_180_100_6_0_ModeldiagREDM_betaintercept3_betaslope3_sdRE1_dataset127.log
    jobid: 1128
    wildcards: optimiser=nlminb, datasetgeneration=GenerationMGnorm, n=200, nlambda=180, lmbda=100, d=6, beta_intensity=0, model=diagREDM, fixed_beta_intercept=betaintercept3, fixed_beta_slope=betaslope3, sdRE_input=sdRE1, itnum=127

Rscript 2_inference_TMB/run_TMB.R --input ../data/assessing_models_simulation/datasets/multiple_GenerationMGnorm_200_180_100_6_0_betaintercept3_betaslope3_sdRE1_dataset127.RDS --output ../data/assessing_models_simulation/inference_results/TMB/nlminb/multiple_GenerationMGnorm_200_180_100_6_0_diagREDM_betaintercept3_betaslope3_sdRE1_dataset127.RDS --model diagREDM --optimiser nlminb  --use_previous_run_startingvals T
Submitted job 1128 with external jobid 'Submitted batch job 50051505'.

[Wed Nov 24 12:26:17 2021]
rule inference_simulation_TMB_multiple:
    input: ../data/assessing_models_simulation/datasets/multiple_GenerationMGnorm_200_180_100_6_0_betaintercept3_betaslope3_sdRE1_dataset593.RDS
    output: ../data/assessing_models_simulation/inference_results/TMB/nlminb/multiple_GenerationMGnorm_200_180_100_6_0_diagREDM_betaintercept3_betaslope3_sdRE1_dataset593.RDS
    log: logs/inference/nlminb/simulation_GenerationMGnorm_200_180_100_6_0_ModeldiagREDM_betaintercept3_betaslope3_sdRE1_dataset593.log
    jobid: 1594
    wildcards: optimiser=nlminb, datasetgeneration=GenerationMGnorm, n=200, nlambda=180, lmbda=100, d=6, beta_intensity=0, model=diagREDM, fixed_beta_intercept=betaintercept3, fixed_beta_slope=betaslope3, sdRE_input=sdRE1, itnum=593

Rscript 2_inference_TMB/run_TMB.R --input ../data/assessing_models_simulation/datasets/multiple_GenerationMGnorm_200_180_100_6_0_betaintercept3_betaslope3_sdRE1_dataset593.RDS --output ../data/assessing_models_simulation/inference_results/TMB/nlminb/multiple_GenerationMGnorm_200_180_100_6_0_diagREDM_betaintercept3_betaslope3_sdRE1_dataset593.RDS --model diagREDM --optimiser nlminb  --use_previous_run_startingvals T
Submitted job 1594 with external jobid 'Submitted batch job 50051506'.

[Wed Nov 24 12:26:17 2021]
rule inference_simulation_TMB_multiple:
    input: ../data/assessing_models_simulation/datasets/multiple_GenerationMGnorm_200_180_100_6_0_betaintercept3_betaslope3_sdRE1_dataset264.RDS
    output: ../data/assessing_models_simulation/inference_results/TMB/nlminb/multiple_GenerationMGnorm_200_180_100_6_0_diagREDM_betaintercept3_betaslope3_sdRE1_dataset264.RDS
    log: logs/inference/nlminb/simulation_GenerationMGnorm_200_180_100_6_0_ModeldiagREDM_betaintercept3_betaslope3_sdRE1_dataset264.log
    jobid: 1265
    wildcards: optimiser=nlminb, datasetgeneration=GenerationMGnorm, n=200, nlambda=180, lmbda=100, d=6, beta_intensity=0, model=diagREDM, fixed_beta_intercept=betaintercept3, fixed_beta_slope=betaslope3, sdRE_input=sdRE1, itnum=264

Rscript 2_inference_TMB/run_TMB.R --input ../data/assessing_models_simulation/datasets/multiple_GenerationMGnorm_200_180_100_6_0_betaintercept3_betaslope3_sdRE1_dataset264.RDS --output ../data/assessing_models_simulation/inference_results/TMB/nlminb/multiple_GenerationMGnorm_200_180_100_6_0_diagREDM_betaintercept3_betaslope3_sdRE1_dataset264.RDS --model diagREDM --optimiser nlminb  --use_previous_run_startingvals T
Submitted job 1265 with external jobid 'Submitted batch job 50051507'.

[Wed Nov 24 12:26:17 2021]
rule inference_simulation_TMB_multiple:
    input: ../data/assessing_models_simulation/datasets/multiple_GenerationMGnorm_200_180_100_6_0_betaintercept3_betaslope3_sdRE1_dataset25.RDS
    output: ../data/assessing_models_simulation/inference_results/TMB/nlminb/multiple_GenerationMGnorm_200_180_100_6_0_diagREDM_betaintercept3_betaslope3_sdRE1_dataset25.RDS
    log: logs/inference/nlminb/simulation_GenerationMGnorm_200_180_100_6_0_ModeldiagREDM_betaintercept3_betaslope3_sdRE1_dataset25.log
    jobid: 1026
    wildcards: optimiser=nlminb, datasetgeneration=GenerationMGnorm, n=200, nlambda=180, lmbda=100, d=6, beta_intensity=0, model=diagREDM, fixed_beta_intercept=betaintercept3, fixed_beta_slope=betaslope3, sdRE_input=sdRE1, itnum=25

Rscript 2_inference_TMB/run_TMB.R --input ../data/assessing_models_simulation/datasets/multiple_GenerationMGnorm_200_180_100_6_0_betaintercept3_betaslope3_sdRE1_dataset25.RDS --output ../data/assessing_models_simulation/inference_results/TMB/nlminb/multiple_GenerationMGnorm_200_180_100_6_0_diagREDM_betaintercept3_betaslope3_sdRE1_dataset25.RDS --model diagREDM --optimiser nlminb  --use_previous_run_startingvals T
Submitted job 1026 with external jobid 'Submitted batch job 50051508'.

[Wed Nov 24 12:26:17 2021]
rule inference_simulation_TMB_multiple:
    input: ../data/assessing_models_simulation/datasets/multiple_GenerationMGnorm_200_180_100_6_0_betaintercept3_betaslope3_sdRE1_dataset670.RDS
    output: ../data/assessing_models_simulation/inference_results/TMB/nlminb/multiple_GenerationMGnorm_200_180_100_6_0_diagREDM_betaintercept3_betaslope3_sdRE1_dataset670.RDS
    log: logs/inference/nlminb/simulation_GenerationMGnorm_200_180_100_6_0_ModeldiagREDM_betaintercept3_betaslope3_sdRE1_dataset670.log
    jobid: 1671
    wildcards: optimiser=nlminb, datasetgeneration=GenerationMGnorm, n=200, nlambda=180, lmbda=100, d=6, beta_intensity=0, model=diagREDM, fixed_beta_intercept=betaintercept3, fixed_beta_slope=betaslope3, sdRE_input=sdRE1, itnum=670

Rscript 2_inference_TMB/run_TMB.R --input ../data/assessing_models_simulation/datasets/multiple_GenerationMGnorm_200_180_100_6_0_betaintercept3_betaslope3_sdRE1_dataset670.RDS --output ../data/assessing_models_simulation/inference_results/TMB/nlminb/multiple_GenerationMGnorm_200_180_100_6_0_diagREDM_betaintercept3_betaslope3_sdRE1_dataset670.RDS --model diagREDM --optimiser nlminb  --use_previous_run_startingvals T
Submitted job 1671 with external jobid 'Submitted batch job 50051509'.

[Wed Nov 24 12:26:17 2021]
rule inference_simulation_TMB_multiple:
    input: ../data/assessing_models_simulation/datasets/multiple_GenerationMGnorm_200_180_100_6_0_betaintercept3_betaslope3_sdRE1_dataset553.RDS
    output: ../data/assessing_models_simulation/inference_results/TMB/nlminb/multiple_GenerationMGnorm_200_180_100_6_0_diagREDM_betaintercept3_betaslope3_sdRE1_dataset553.RDS
    log: logs/inference/nlminb/simulation_GenerationMGnorm_200_180_100_6_0_ModeldiagREDM_betaintercept3_betaslope3_sdRE1_dataset553.log
    jobid: 1554
    wildcards: optimiser=nlminb, datasetgeneration=GenerationMGnorm, n=200, nlambda=180, lmbda=100, d=6, beta_intensity=0, model=diagREDM, fixed_beta_intercept=betaintercept3, fixed_beta_slope=betaslope3, sdRE_input=sdRE1, itnum=553

Rscript 2_inference_TMB/run_TMB.R --input ../data/assessing_models_simulation/datasets/multiple_GenerationMGnorm_200_180_100_6_0_betaintercept3_betaslope3_sdRE1_dataset553.RDS --output ../data/assessing_models_simulation/inference_results/TMB/nlminb/multiple_GenerationMGnorm_200_180_100_6_0_diagREDM_betaintercept3_betaslope3_sdRE1_dataset553.RDS --model diagREDM --optimiser nlminb  --use_previous_run_startingvals T
Submitted job 1554 with external jobid 'Submitted batch job 50051510'.

[Wed Nov 24 12:26:17 2021]
rule inference_simulation_TMB_multiple:
    input: ../data/assessing_models_simulation/datasets/multiple_GenerationMGnorm_200_180_100_6_0_betaintercept3_betaslope3_sdRE1_dataset60.RDS
    output: ../data/assessing_models_simulation/inference_results/TMB/nlminb/multiple_GenerationMGnorm_200_180_100_6_0_diagREDM_betaintercept3_betaslope3_sdRE1_dataset60.RDS
    log: logs/inference/nlminb/simulation_GenerationMGnorm_200_180_100_6_0_ModeldiagREDM_betaintercept3_betaslope3_sdRE1_dataset60.log
    jobid: 1061
    wildcards: optimiser=nlminb, datasetgeneration=GenerationMGnorm, n=200, nlambda=180, lmbda=100, d=6, beta_intensity=0, model=diagREDM, fixed_beta_intercept=betaintercept3, fixed_beta_slope=betaslope3, sdRE_input=sdRE1, itnum=60

Rscript 2_inference_TMB/run_TMB.R --input ../data/assessing_models_simulation/datasets/multiple_GenerationMGnorm_200_180_100_6_0_betaintercept3_betaslope3_sdRE1_dataset60.RDS --output ../data/assessing_models_simulation/inference_results/TMB/nlminb/multiple_GenerationMGnorm_200_180_100_6_0_diagREDM_betaintercept3_betaslope3_sdRE1_dataset60.RDS --model diagREDM --optimiser nlminb  --use_previous_run_startingvals T
Submitted job 1061 with external jobid 'Submitted batch job 50051511'.

[Wed Nov 24 12:26:17 2021]
rule inference_simulation_TMB_multiple:
    input: ../data/assessing_models_simulation/datasets/multiple_GenerationMGnorm_200_180_100_6_0_betaintercept3_betaslope3_sdRE1_dataset422.RDS
    output: ../data/assessing_models_simulation/inference_results/TMB/nlminb/multiple_GenerationMGnorm_200_180_100_6_0_diagREDM_betaintercept3_betaslope3_sdRE1_dataset422.RDS
    log: logs/inference/nlminb/simulation_GenerationMGnorm_200_180_100_6_0_ModeldiagREDM_betaintercept3_betaslope3_sdRE1_dataset422.log
    jobid: 1423
    wildcards: optimiser=nlminb, datasetgeneration=GenerationMGnorm, n=200, nlambda=180, lmbda=100, d=6, beta_intensity=0, model=diagREDM, fixed_beta_intercept=betaintercept3, fixed_beta_slope=betaslope3, sdRE_input=sdRE1, itnum=422

Rscript 2_inference_TMB/run_TMB.R --input ../data/assessing_models_simulation/datasets/multiple_GenerationMGnorm_200_180_100_6_0_betaintercept3_betaslope3_sdRE1_dataset422.RDS --output ../data/assessing_models_simulation/inference_results/TMB/nlminb/multiple_GenerationMGnorm_200_180_100_6_0_diagREDM_betaintercept3_betaslope3_sdRE1_dataset422.RDS --model diagREDM --optimiser nlminb  --use_previous_run_startingvals T
Submitted job 1423 with external jobid 'Submitted batch job 50051512'.

[Wed Nov 24 12:26:18 2021]
rule inference_simulation_TMB_multiple:
    input: ../data/assessing_models_simulation/datasets/multiple_GenerationMGnorm_200_180_100_6_0_betaintercept3_betaslope3_sdRE1_dataset37.RDS
    output: ../data/assessing_models_simulation/inference_results/TMB/nlminb/multiple_GenerationMGnorm_200_180_100_6_0_diagREDM_betaintercept3_betaslope3_sdRE1_dataset37.RDS
    log: logs/inference/nlminb/simulation_GenerationMGnorm_200_180_100_6_0_ModeldiagREDM_betaintercept3_betaslope3_sdRE1_dataset37.log
    jobid: 1038
    wildcards: optimiser=nlminb, datasetgeneration=GenerationMGnorm, n=200, nlambda=180, lmbda=100, d=6, beta_intensity=0, model=diagREDM, fixed_beta_intercept=betaintercept3, fixed_beta_slope=betaslope3, sdRE_input=sdRE1, itnum=37

Rscript 2_inference_TMB/run_TMB.R --input ../data/assessing_models_simulation/datasets/multiple_GenerationMGnorm_200_180_100_6_0_betaintercept3_betaslope3_sdRE1_dataset37.RDS --output ../data/assessing_models_simulation/inference_results/TMB/nlminb/multiple_GenerationMGnorm_200_180_100_6_0_diagREDM_betaintercept3_betaslope3_sdRE1_dataset37.RDS --model diagREDM --optimiser nlminb  --use_previous_run_startingvals T
Submitted job 1038 with external jobid 'Submitted batch job 50051513'.
[Wed Nov 24 12:26:50 2021]
Error in rule inference_simulation_TMB_multiple:
    jobid: 1776
    output: ../data/assessing_models_simulation/inference_results/TMB/nlminb/multiple_GenerationMGnorm_200_180_100_6_0_diagREDM_betaintercept3_betaslope3_sdRE1_dataset775.RDS
    log: logs/inference/nlminb/simulation_GenerationMGnorm_200_180_100_6_0_ModeldiagREDM_betaintercept3_betaslope3_sdRE1_dataset775.log (check log file(s) for error message)
    shell:
        Rscript 2_inference_TMB/run_TMB.R --input ../data/assessing_models_simulation/datasets/multiple_GenerationMGnorm_200_180_100_6_0_betaintercept3_betaslope3_sdRE1_dataset775.RDS --output ../data/assessing_models_simulation/inference_results/TMB/nlminb/multiple_GenerationMGnorm_200_180_100_6_0_diagREDM_betaintercept3_betaslope3_sdRE1_dataset775.RDS --model diagREDM --optimiser nlminb  --use_previous_run_startingvals T
        (one of the commands exited with non-zero exit code; note that snakemake uses bash strict mode!)
    cluster_jobid: Submitted batch job 50051472

Error executing rule inference_simulation_TMB_multiple on cluster (jobid: 1776, external: Submitted batch job 50051472, jobscript: /rds/user/lm687/hpc-work/Global_Differential_Abundance_Pipeline/code/.snakemake/tmp.lg_hehqg/snakejob.inference_simulation_TMB_multiple.1776.sh). For error details see the cluster log and the log files of the involved rule(s).
[Wed Nov 24 12:26:50 2021]
Error in rule inference_simulation_TMB_multiple:
    jobid: 1210
    output: ../data/assessing_models_simulation/inference_results/TMB/nlminb/multiple_GenerationMGnorm_200_180_100_6_0_diagREDM_betaintercept3_betaslope3_sdRE1_dataset209.RDS
    log: logs/inference/nlminb/simulation_GenerationMGnorm_200_180_100_6_0_ModeldiagREDM_betaintercept3_betaslope3_sdRE1_dataset209.log (check log file(s) for error message)
    shell:
        Rscript 2_inference_TMB/run_TMB.R --input ../data/assessing_models_simulation/datasets/multiple_GenerationMGnorm_200_180_100_6_0_betaintercept3_betaslope3_sdRE1_dataset209.RDS --output ../data/assessing_models_simulation/inference_results/TMB/nlminb/multiple_GenerationMGnorm_200_180_100_6_0_diagREDM_betaintercept3_betaslope3_sdRE1_dataset209.RDS --model diagREDM --optimiser nlminb  --use_previous_run_startingvals T
        (one of the commands exited with non-zero exit code; note that snakemake uses bash strict mode!)
    cluster_jobid: Submitted batch job 50051473

Error executing rule inference_simulation_TMB_multiple on cluster (jobid: 1210, external: Submitted batch job 50051473, jobscript: /rds/user/lm687/hpc-work/Global_Differential_Abundance_Pipeline/code/.snakemake/tmp.lg_hehqg/snakejob.inference_simulation_TMB_multiple.1210.sh). For error details see the cluster log and the log files of the involved rule(s).
[Wed Nov 24 12:26:50 2021]
Error in rule inference_simulation_TMB_multiple:
    jobid: 1646
    output: ../data/assessing_models_simulation/inference_results/TMB/nlminb/multiple_GenerationMGnorm_200_180_100_6_0_diagREDM_betaintercept3_betaslope3_sdRE1_dataset645.RDS
    log: logs/inference/nlminb/simulation_GenerationMGnorm_200_180_100_6_0_ModeldiagREDM_betaintercept3_betaslope3_sdRE1_dataset645.log (check log file(s) for error message)
    shell:
        Rscript 2_inference_TMB/run_TMB.R --input ../data/assessing_models_simulation/datasets/multiple_GenerationMGnorm_200_180_100_6_0_betaintercept3_betaslope3_sdRE1_dataset645.RDS --output ../data/assessing_models_simulation/inference_results/TMB/nlminb/multiple_GenerationMGnorm_200_180_100_6_0_diagREDM_betaintercept3_betaslope3_sdRE1_dataset645.RDS --model diagREDM --optimiser nlminb  --use_previous_run_startingvals T
        (one of the commands exited with non-zero exit code; note that snakemake uses bash strict mode!)
    cluster_jobid: Submitted batch job 50051474

Error executing rule inference_simulation_TMB_multiple on cluster (jobid: 1646, external: Submitted batch job 50051474, jobscript: /rds/user/lm687/hpc-work/Global_Differential_Abundance_Pipeline/code/.snakemake/tmp.lg_hehqg/snakejob.inference_simulation_TMB_multiple.1646.sh). For error details see the cluster log and the log files of the involved rule(s).
[Wed Nov 24 12:26:50 2021]
Finished job 1362.
1 of 704 steps (0.14%) done
[Wed Nov 24 12:26:50 2021]
Finished job 1328.
2 of 704 steps (0.28%) done
[Wed Nov 24 12:26:51 2021]
Error in rule inference_simulation_TMB_multiple:
    jobid: 1182
    output: ../data/assessing_models_simulation/inference_results/TMB/nlminb/multiple_GenerationMGnorm_200_180_100_6_0_diagREDM_betaintercept3_betaslope3_sdRE1_dataset181.RDS
    log: logs/inference/nlminb/simulation_GenerationMGnorm_200_180_100_6_0_ModeldiagREDM_betaintercept3_betaslope3_sdRE1_dataset181.log (check log file(s) for error message)
    shell:
        Rscript 2_inference_TMB/run_TMB.R --input ../data/assessing_models_simulation/datasets/multiple_GenerationMGnorm_200_180_100_6_0_betaintercept3_betaslope3_sdRE1_dataset181.RDS --output ../data/assessing_models_simulation/inference_results/TMB/nlminb/multiple_GenerationMGnorm_200_180_100_6_0_diagREDM_betaintercept3_betaslope3_sdRE1_dataset181.RDS --model diagREDM --optimiser nlminb  --use_previous_run_startingvals T
        (one of the commands exited with non-zero exit code; note that snakemake uses bash strict mode!)
    cluster_jobid: Submitted batch job 50051482

Error executing rule inference_simulation_TMB_multiple on cluster (jobid: 1182, external: Submitted batch job 50051482, jobscript: /rds/user/lm687/hpc-work/Global_Differential_Abundance_Pipeline/code/.snakemake/tmp.lg_hehqg/snakejob.inference_simulation_TMB_multiple.1182.sh). For error details see the cluster log and the log files of the involved rule(s).
[Wed Nov 24 12:26:51 2021]
Error in rule inference_simulation_TMB_multiple:
    jobid: 1798
    output: ../data/assessing_models_simulation/inference_results/TMB/nlminb/multiple_GenerationMGnorm_200_180_100_6_0_diagREDM_betaintercept3_betaslope3_sdRE1_dataset797.RDS
    log: logs/inference/nlminb/simulation_GenerationMGnorm_200_180_100_6_0_ModeldiagREDM_betaintercept3_betaslope3_sdRE1_dataset797.log (check log file(s) for error message)
    shell:
        Rscript 2_inference_TMB/run_TMB.R --input ../data/assessing_models_simulation/datasets/multiple_GenerationMGnorm_200_180_100_6_0_betaintercept3_betaslope3_sdRE1_dataset797.RDS --output ../data/assessing_models_simulation/inference_results/TMB/nlminb/multiple_GenerationMGnorm_200_180_100_6_0_diagREDM_betaintercept3_betaslope3_sdRE1_dataset797.RDS --model diagREDM --optimiser nlminb  --use_previous_run_startingvals T
        (one of the commands exited with non-zero exit code; note that snakemake uses bash strict mode!)
    cluster_jobid: Submitted batch job 50051483

Error executing rule inference_simulation_TMB_multiple on cluster (jobid: 1798, external: Submitted batch job 50051483, jobscript: /rds/user/lm687/hpc-work/Global_Differential_Abundance_Pipeline/code/.snakemake/tmp.lg_hehqg/snakejob.inference_simulation_TMB_multiple.1798.sh). For error details see the cluster log and the log files of the involved rule(s).
[Wed Nov 24 12:26:51 2021]
Error in rule inference_simulation_TMB_multiple:
    jobid: 1609
    output: ../data/assessing_models_simulation/inference_results/TMB/nlminb/multiple_GenerationMGnorm_200_180_100_6_0_diagREDM_betaintercept3_betaslope3_sdRE1_dataset608.RDS
    log: logs/inference/nlminb/simulation_GenerationMGnorm_200_180_100_6_0_ModeldiagREDM_betaintercept3_betaslope3_sdRE1_dataset608.log (check log file(s) for error message)
    shell:
        Rscript 2_inference_TMB/run_TMB.R --input ../data/assessing_models_simulation/datasets/multiple_GenerationMGnorm_200_180_100_6_0_betaintercept3_betaslope3_sdRE1_dataset608.RDS --output ../data/assessing_models_simulation/inference_results/TMB/nlminb/multiple_GenerationMGnorm_200_180_100_6_0_diagREDM_betaintercept3_betaslope3_sdRE1_dataset608.RDS --model diagREDM --optimiser nlminb  --use_previous_run_startingvals T
        (one of the commands exited with non-zero exit code; note that snakemake uses bash strict mode!)
    cluster_jobid: Submitted batch job 50051484

Error executing rule inference_simulation_TMB_multiple on cluster (jobid: 1609, external: Submitted batch job 50051484, jobscript: /rds/user/lm687/hpc-work/Global_Differential_Abundance_Pipeline/code/.snakemake/tmp.lg_hehqg/snakejob.inference_simulation_TMB_multiple.1609.sh). For error details see the cluster log and the log files of the involved rule(s).
[Wed Nov 24 12:26:51 2021]
Finished job 1146.
3 of 704 steps (0.43%) done
[Wed Nov 24 12:26:51 2021]
Error in rule inference_simulation_TMB_multiple:
    jobid: 1434
    output: ../data/assessing_models_simulation/inference_results/TMB/nlminb/multiple_GenerationMGnorm_200_180_100_6_0_diagREDM_betaintercept3_betaslope3_sdRE1_dataset433.RDS
    log: logs/inference/nlminb/simulation_GenerationMGnorm_200_180_100_6_0_ModeldiagREDM_betaintercept3_betaslope3_sdRE1_dataset433.log (check log file(s) for error message)
    shell:
        Rscript 2_inference_TMB/run_TMB.R --input ../data/assessing_models_simulation/datasets/multiple_GenerationMGnorm_200_180_100_6_0_betaintercept3_betaslope3_sdRE1_dataset433.RDS --output ../data/assessing_models_simulation/inference_results/TMB/nlminb/multiple_GenerationMGnorm_200_180_100_6_0_diagREDM_betaintercept3_betaslope3_sdRE1_dataset433.RDS --model diagREDM --optimiser nlminb  --use_previous_run_startingvals T
        (one of the commands exited with non-zero exit code; note that snakemake uses bash strict mode!)
    cluster_jobid: Submitted batch job 50051486

Error executing rule inference_simulation_TMB_multiple on cluster (jobid: 1434, external: Submitted batch job 50051486, jobscript: /rds/user/lm687/hpc-work/Global_Differential_Abundance_Pipeline/code/.snakemake/tmp.lg_hehqg/snakejob.inference_simulation_TMB_multiple.1434.sh). For error details see the cluster log and the log files of the involved rule(s).
[Wed Nov 24 12:26:51 2021]
Error in rule inference_simulation_TMB_multiple:
    jobid: 1256
    output: ../data/assessing_models_simulation/inference_results/TMB/nlminb/multiple_GenerationMGnorm_200_180_100_6_0_diagREDM_betaintercept3_betaslope3_sdRE1_dataset255.RDS
    log: logs/inference/nlminb/simulation_GenerationMGnorm_200_180_100_6_0_ModeldiagREDM_betaintercept3_betaslope3_sdRE1_dataset255.log (check log file(s) for error message)
    shell:
        Rscript 2_inference_TMB/run_TMB.R --input ../data/assessing_models_simulation/datasets/multiple_GenerationMGnorm_200_180_100_6_0_betaintercept3_betaslope3_sdRE1_dataset255.RDS --output ../data/assessing_models_simulation/inference_results/TMB/nlminb/multiple_GenerationMGnorm_200_180_100_6_0_diagREDM_betaintercept3_betaslope3_sdRE1_dataset255.RDS --model diagREDM --optimiser nlminb  --use_previous_run_startingvals T
        (one of the commands exited with non-zero exit code; note that snakemake uses bash strict mode!)
    cluster_jobid: Submitted batch job 50051487

Error executing rule inference_simulation_TMB_multiple on cluster (jobid: 1256, external: Submitted batch job 50051487, jobscript: /rds/user/lm687/hpc-work/Global_Differential_Abundance_Pipeline/code/.snakemake/tmp.lg_hehqg/snakejob.inference_simulation_TMB_multiple.1256.sh). For error details see the cluster log and the log files of the involved rule(s).
[Wed Nov 24 12:26:51 2021]
Finished job 1483.
4 of 704 steps (0.57%) done
[Wed Nov 24 12:26:51 2021]
Finished job 1485.
5 of 704 steps (0.71%) done
[Wed Nov 24 12:26:51 2021]
Error in rule inference_simulation_TMB_multiple:
    jobid: 650
    output: ../data/assessing_models_simulation/inference_results/TMB/nlminb/multiple_GenerationMGnorm_200_180_100_6_0_fullREDM_betaintercept3_betaslope3_sdRE1_dataset649.RDS
    log: logs/inference/nlminb/simulation_GenerationMGnorm_200_180_100_6_0_ModelfullREDM_betaintercept3_betaslope3_sdRE1_dataset649.log (check log file(s) for error message)
    shell:
        Rscript 2_inference_TMB/run_TMB.R --input ../data/assessing_models_simulation/datasets/multiple_GenerationMGnorm_200_180_100_6_0_betaintercept3_betaslope3_sdRE1_dataset649.RDS --output ../data/assessing_models_simulation/inference_results/TMB/nlminb/multiple_GenerationMGnorm_200_180_100_6_0_fullREDM_betaintercept3_betaslope3_sdRE1_dataset649.RDS --model fullREDM --optimiser nlminb  --use_previous_run_startingvals T
        (one of the commands exited with non-zero exit code; note that snakemake uses bash strict mode!)
    cluster_jobid: Submitted batch job 50051490

Error executing rule inference_simulation_TMB_multiple on cluster (jobid: 650, external: Submitted batch job 50051490, jobscript: /rds/user/lm687/hpc-work/Global_Differential_Abundance_Pipeline/code/.snakemake/tmp.lg_hehqg/snakejob.inference_simulation_TMB_multiple.650.sh). For error details see the cluster log and the log files of the involved rule(s).
[Wed Nov 24 12:26:51 2021]
Error in rule inference_simulation_TMB_multiple:
    jobid: 1164
    output: ../data/assessing_models_simulation/inference_results/TMB/nlminb/multiple_GenerationMGnorm_200_180_100_6_0_diagREDM_betaintercept3_betaslope3_sdRE1_dataset163.RDS
    log: logs/inference/nlminb/simulation_GenerationMGnorm_200_180_100_6_0_ModeldiagREDM_betaintercept3_betaslope3_sdRE1_dataset163.log (check log file(s) for error message)
    shell:
        Rscript 2_inference_TMB/run_TMB.R --input ../data/assessing_models_simulation/datasets/multiple_GenerationMGnorm_200_180_100_6_0_betaintercept3_betaslope3_sdRE1_dataset163.RDS --output ../data/assessing_models_simulation/inference_results/TMB/nlminb/multiple_GenerationMGnorm_200_180_100_6_0_diagREDM_betaintercept3_betaslope3_sdRE1_dataset163.RDS --model diagREDM --optimiser nlminb  --use_previous_run_startingvals T
        (one of the commands exited with non-zero exit code; note that snakemake uses bash strict mode!)
    cluster_jobid: Submitted batch job 50051491

Error executing rule inference_simulation_TMB_multiple on cluster (jobid: 1164, external: Submitted batch job 50051491, jobscript: /rds/user/lm687/hpc-work/Global_Differential_Abundance_Pipeline/code/.snakemake/tmp.lg_hehqg/snakejob.inference_simulation_TMB_multiple.1164.sh). For error details see the cluster log and the log files of the involved rule(s).
[Wed Nov 24 12:26:52 2021]
Error in rule inference_simulation_TMB_multiple:
    jobid: 1764
    output: ../data/assessing_models_simulation/inference_results/TMB/nlminb/multiple_GenerationMGnorm_200_180_100_6_0_diagREDM_betaintercept3_betaslope3_sdRE1_dataset763.RDS
    log: logs/inference/nlminb/simulation_GenerationMGnorm_200_180_100_6_0_ModeldiagREDM_betaintercept3_betaslope3_sdRE1_dataset763.log (check log file(s) for error message)
    shell:
        Rscript 2_inference_TMB/run_TMB.R --input ../data/assessing_models_simulation/datasets/multiple_GenerationMGnorm_200_180_100_6_0_betaintercept3_betaslope3_sdRE1_dataset763.RDS --output ../data/assessing_models_simulation/inference_results/TMB/nlminb/multiple_GenerationMGnorm_200_180_100_6_0_diagREDM_betaintercept3_betaslope3_sdRE1_dataset763.RDS --model diagREDM --optimiser nlminb  --use_previous_run_startingvals T
        (one of the commands exited with non-zero exit code; note that snakemake uses bash strict mode!)
    cluster_jobid: Submitted batch job 50051492

Error executing rule inference_simulation_TMB_multiple on cluster (jobid: 1764, external: Submitted batch job 50051492, jobscript: /rds/user/lm687/hpc-work/Global_Differential_Abundance_Pipeline/code/.snakemake/tmp.lg_hehqg/snakejob.inference_simulation_TMB_multiple.1764.sh). For error details see the cluster log and the log files of the involved rule(s).
[Wed Nov 24 12:26:52 2021]
Error in rule inference_simulation_TMB_multiple:
    jobid: 27
    output: ../data/assessing_models_simulation/inference_results/TMB/nlminb/multiple_GenerationMGnorm_200_180_100_6_0_fullREDM_betaintercept3_betaslope3_sdRE1_dataset26.RDS
    log: logs/inference/nlminb/simulation_GenerationMGnorm_200_180_100_6_0_ModelfullREDM_betaintercept3_betaslope3_sdRE1_dataset26.log (check log file(s) for error message)
    shell:
        Rscript 2_inference_TMB/run_TMB.R --input ../data/assessing_models_simulation/datasets/multiple_GenerationMGnorm_200_180_100_6_0_betaintercept3_betaslope3_sdRE1_dataset26.RDS --output ../data/assessing_models_simulation/inference_results/TMB/nlminb/multiple_GenerationMGnorm_200_180_100_6_0_fullREDM_betaintercept3_betaslope3_sdRE1_dataset26.RDS --model fullREDM --optimiser nlminb  --use_previous_run_startingvals T
        (one of the commands exited with non-zero exit code; note that snakemake uses bash strict mode!)
    cluster_jobid: Submitted batch job 50051494

Error executing rule inference_simulation_TMB_multiple on cluster (jobid: 27, external: Submitted batch job 50051494, jobscript: /rds/user/lm687/hpc-work/Global_Differential_Abundance_Pipeline/code/.snakemake/tmp.lg_hehqg/snakejob.inference_simulation_TMB_multiple.27.sh). For error details see the cluster log and the log files of the involved rule(s).
[Wed Nov 24 12:26:52 2021]
Error in rule inference_simulation_TMB_multiple:
    jobid: 1302
    output: ../data/assessing_models_simulation/inference_results/TMB/nlminb/multiple_GenerationMGnorm_200_180_100_6_0_diagREDM_betaintercept3_betaslope3_sdRE1_dataset301.RDS
    log: logs/inference/nlminb/simulation_GenerationMGnorm_200_180_100_6_0_ModeldiagREDM_betaintercept3_betaslope3_sdRE1_dataset301.log (check log file(s) for error message)
    shell:
        Rscript 2_inference_TMB/run_TMB.R --input ../data/assessing_models_simulation/datasets/multiple_GenerationMGnorm_200_180_100_6_0_betaintercept3_betaslope3_sdRE1_dataset301.RDS --output ../data/assessing_models_simulation/inference_results/TMB/nlminb/multiple_GenerationMGnorm_200_180_100_6_0_diagREDM_betaintercept3_betaslope3_sdRE1_dataset301.RDS --model diagREDM --optimiser nlminb  --use_previous_run_startingvals T
        (one of the commands exited with non-zero exit code; note that snakemake uses bash strict mode!)
    cluster_jobid: Submitted batch job 50051495

Error executing rule inference_simulation_TMB_multiple on cluster (jobid: 1302, external: Submitted batch job 50051495, jobscript: /rds/user/lm687/hpc-work/Global_Differential_Abundance_Pipeline/code/.snakemake/tmp.lg_hehqg/snakejob.inference_simulation_TMB_multiple.1302.sh). For error details see the cluster log and the log files of the involved rule(s).
[Wed Nov 24 12:26:52 2021]
Error in rule inference_simulation_TMB_multiple:
    jobid: 1308
    output: ../data/assessing_models_simulation/inference_results/TMB/nlminb/multiple_GenerationMGnorm_200_180_100_6_0_diagREDM_betaintercept3_betaslope3_sdRE1_dataset307.RDS
    log: logs/inference/nlminb/simulation_GenerationMGnorm_200_180_100_6_0_ModeldiagREDM_betaintercept3_betaslope3_sdRE1_dataset307.log (check log file(s) for error message)
    shell:
        Rscript 2_inference_TMB/run_TMB.R --input ../data/assessing_models_simulation/datasets/multiple_GenerationMGnorm_200_180_100_6_0_betaintercept3_betaslope3_sdRE1_dataset307.RDS --output ../data/assessing_models_simulation/inference_results/TMB/nlminb/multiple_GenerationMGnorm_200_180_100_6_0_diagREDM_betaintercept3_betaslope3_sdRE1_dataset307.RDS --model diagREDM --optimiser nlminb  --use_previous_run_startingvals T
        (one of the commands exited with non-zero exit code; note that snakemake uses bash strict mode!)
    cluster_jobid: Submitted batch job 50051496

Error executing rule inference_simulation_TMB_multiple on cluster (jobid: 1308, external: Submitted batch job 50051496, jobscript: /rds/user/lm687/hpc-work/Global_Differential_Abundance_Pipeline/code/.snakemake/tmp.lg_hehqg/snakejob.inference_simulation_TMB_multiple.1308.sh). For error details see the cluster log and the log files of the involved rule(s).
[Wed Nov 24 12:26:52 2021]
Error in rule inference_simulation_TMB_multiple:
    jobid: 1191
    output: ../data/assessing_models_simulation/inference_results/TMB/nlminb/multiple_GenerationMGnorm_200_180_100_6_0_diagREDM_betaintercept3_betaslope3_sdRE1_dataset190.RDS
    log: logs/inference/nlminb/simulation_GenerationMGnorm_200_180_100_6_0_ModeldiagREDM_betaintercept3_betaslope3_sdRE1_dataset190.log (check log file(s) for error message)
    shell:
        Rscript 2_inference_TMB/run_TMB.R --input ../data/assessing_models_simulation/datasets/multiple_GenerationMGnorm_200_180_100_6_0_betaintercept3_betaslope3_sdRE1_dataset190.RDS --output ../data/assessing_models_simulation/inference_results/TMB/nlminb/multiple_GenerationMGnorm_200_180_100_6_0_diagREDM_betaintercept3_betaslope3_sdRE1_dataset190.RDS --model diagREDM --optimiser nlminb  --use_previous_run_startingvals T
        (one of the commands exited with non-zero exit code; note that snakemake uses bash strict mode!)
    cluster_jobid: Submitted batch job 50051497

Error executing rule inference_simulation_TMB_multiple on cluster (jobid: 1191, external: Submitted batch job 50051497, jobscript: /rds/user/lm687/hpc-work/Global_Differential_Abundance_Pipeline/code/.snakemake/tmp.lg_hehqg/snakejob.inference_simulation_TMB_multiple.1191.sh). For error details see the cluster log and the log files of the involved rule(s).
[Wed Nov 24 12:26:52 2021]
Error in rule inference_simulation_TMB_multiple:
    jobid: 1878
    output: ../data/assessing_models_simulation/inference_results/TMB/nlminb/multiple_GenerationMGnorm_200_180_100_6_0_diagREDM_betaintercept3_betaslope3_sdRE1_dataset877.RDS
    log: logs/inference/nlminb/simulation_GenerationMGnorm_200_180_100_6_0_ModeldiagREDM_betaintercept3_betaslope3_sdRE1_dataset877.log (check log file(s) for error message)
    shell:
        Rscript 2_inference_TMB/run_TMB.R --input ../data/assessing_models_simulation/datasets/multiple_GenerationMGnorm_200_180_100_6_0_betaintercept3_betaslope3_sdRE1_dataset877.RDS --output ../data/assessing_models_simulation/inference_results/TMB/nlminb/multiple_GenerationMGnorm_200_180_100_6_0_diagREDM_betaintercept3_betaslope3_sdRE1_dataset877.RDS --model diagREDM --optimiser nlminb  --use_previous_run_startingvals T
        (one of the commands exited with non-zero exit code; note that snakemake uses bash strict mode!)
    cluster_jobid: Submitted batch job 50051498

Error executing rule inference_simulation_TMB_multiple on cluster (jobid: 1878, external: Submitted batch job 50051498, jobscript: /rds/user/lm687/hpc-work/Global_Differential_Abundance_Pipeline/code/.snakemake/tmp.lg_hehqg/snakejob.inference_simulation_TMB_multiple.1878.sh). For error details see the cluster log and the log files of the involved rule(s).
[Wed Nov 24 12:26:52 2021]
Finished job 1444.
6 of 704 steps (0.85%) done
[Wed Nov 24 12:27:04 2021]
Error in rule inference_simulation_TMB_multiple:
    jobid: 645
    output: ../data/assessing_models_simulation/inference_results/TMB/nlminb/multiple_GenerationMGnorm_200_180_100_6_0_fullREDM_betaintercept3_betaslope3_sdRE1_dataset644.RDS
    log: logs/inference/nlminb/simulation_GenerationMGnorm_200_180_100_6_0_ModelfullREDM_betaintercept3_betaslope3_sdRE1_dataset644.log (check log file(s) for error message)
    shell:
        Rscript 2_inference_TMB/run_TMB.R --input ../data/assessing_models_simulation/datasets/multiple_GenerationMGnorm_200_180_100_6_0_betaintercept3_betaslope3_sdRE1_dataset644.RDS --output ../data/assessing_models_simulation/inference_results/TMB/nlminb/multiple_GenerationMGnorm_200_180_100_6_0_fullREDM_betaintercept3_betaslope3_sdRE1_dataset644.RDS --model fullREDM --optimiser nlminb  --use_previous_run_startingvals T
        (one of the commands exited with non-zero exit code; note that snakemake uses bash strict mode!)
    cluster_jobid: Submitted batch job 50051476

Error executing rule inference_simulation_TMB_multiple on cluster (jobid: 645, external: Submitted batch job 50051476, jobscript: /rds/user/lm687/hpc-work/Global_Differential_Abundance_Pipeline/code/.snakemake/tmp.lg_hehqg/snakejob.inference_simulation_TMB_multiple.645.sh). For error details see the cluster log and the log files of the involved rule(s).
[Wed Nov 24 12:27:04 2021]
Error in rule inference_simulation_TMB_multiple:
    jobid: 1931
    output: ../data/assessing_models_simulation/inference_results/TMB/nlminb/multiple_GenerationMGnorm_200_180_100_6_0_diagREDM_betaintercept3_betaslope3_sdRE1_dataset930.RDS
    log: logs/inference/nlminb/simulation_GenerationMGnorm_200_180_100_6_0_ModeldiagREDM_betaintercept3_betaslope3_sdRE1_dataset930.log (check log file(s) for error message)
    shell:
        Rscript 2_inference_TMB/run_TMB.R --input ../data/assessing_models_simulation/datasets/multiple_GenerationMGnorm_200_180_100_6_0_betaintercept3_betaslope3_sdRE1_dataset930.RDS --output ../data/assessing_models_simulation/inference_results/TMB/nlminb/multiple_GenerationMGnorm_200_180_100_6_0_diagREDM_betaintercept3_betaslope3_sdRE1_dataset930.RDS --model diagREDM --optimiser nlminb  --use_previous_run_startingvals T
        (one of the commands exited with non-zero exit code; note that snakemake uses bash strict mode!)
    cluster_jobid: Submitted batch job 50051478

Error executing rule inference_simulation_TMB_multiple on cluster (jobid: 1931, external: Submitted batch job 50051478, jobscript: /rds/user/lm687/hpc-work/Global_Differential_Abundance_Pipeline/code/.snakemake/tmp.lg_hehqg/snakejob.inference_simulation_TMB_multiple.1931.sh). For error details see the cluster log and the log files of the involved rule(s).
[Wed Nov 24 12:27:04 2021]
Error in rule inference_simulation_TMB_multiple:
    jobid: 537
    output: ../data/assessing_models_simulation/inference_results/TMB/nlminb/multiple_GenerationMGnorm_200_180_100_6_0_fullREDM_betaintercept3_betaslope3_sdRE1_dataset536.RDS
    log: logs/inference/nlminb/simulation_GenerationMGnorm_200_180_100_6_0_ModelfullREDM_betaintercept3_betaslope3_sdRE1_dataset536.log (check log file(s) for error message)
    shell:
        Rscript 2_inference_TMB/run_TMB.R --input ../data/assessing_models_simulation/datasets/multiple_GenerationMGnorm_200_180_100_6_0_betaintercept3_betaslope3_sdRE1_dataset536.RDS --output ../data/assessing_models_simulation/inference_results/TMB/nlminb/multiple_GenerationMGnorm_200_180_100_6_0_fullREDM_betaintercept3_betaslope3_sdRE1_dataset536.RDS --model fullREDM --optimiser nlminb  --use_previous_run_startingvals T
        (one of the commands exited with non-zero exit code; note that snakemake uses bash strict mode!)
    cluster_jobid: Submitted batch job 50051479

Error executing rule inference_simulation_TMB_multiple on cluster (jobid: 537, external: Submitted batch job 50051479, jobscript: /rds/user/lm687/hpc-work/Global_Differential_Abundance_Pipeline/code/.snakemake/tmp.lg_hehqg/snakejob.inference_simulation_TMB_multiple.537.sh). For error details see the cluster log and the log files of the involved rule(s).
[Wed Nov 24 12:27:04 2021]
Error in rule inference_simulation_TMB_multiple:
    jobid: 332
    output: ../data/assessing_models_simulation/inference_results/TMB/nlminb/multiple_GenerationMGnorm_200_180_100_6_0_fullREDM_betaintercept3_betaslope3_sdRE1_dataset331.RDS
    log: logs/inference/nlminb/simulation_GenerationMGnorm_200_180_100_6_0_ModelfullREDM_betaintercept3_betaslope3_sdRE1_dataset331.log (check log file(s) for error message)
    shell:
        Rscript 2_inference_TMB/run_TMB.R --input ../data/assessing_models_simulation/datasets/multiple_GenerationMGnorm_200_180_100_6_0_betaintercept3_betaslope3_sdRE1_dataset331.RDS --output ../data/assessing_models_simulation/inference_results/TMB/nlminb/multiple_GenerationMGnorm_200_180_100_6_0_fullREDM_betaintercept3_betaslope3_sdRE1_dataset331.RDS --model fullREDM --optimiser nlminb  --use_previous_run_startingvals T
        (one of the commands exited with non-zero exit code; note that snakemake uses bash strict mode!)
    cluster_jobid: Submitted batch job 50051480

Error executing rule inference_simulation_TMB_multiple on cluster (jobid: 332, external: Submitted batch job 50051480, jobscript: /rds/user/lm687/hpc-work/Global_Differential_Abundance_Pipeline/code/.snakemake/tmp.lg_hehqg/snakejob.inference_simulation_TMB_multiple.332.sh). For error details see the cluster log and the log files of the involved rule(s).
[Wed Nov 24 12:27:04 2021]
Error in rule inference_simulation_TMB_multiple:
    jobid: 1322
    output: ../data/assessing_models_simulation/inference_results/TMB/nlminb/multiple_GenerationMGnorm_200_180_100_6_0_diagREDM_betaintercept3_betaslope3_sdRE1_dataset321.RDS
    log: logs/inference/nlminb/simulation_GenerationMGnorm_200_180_100_6_0_ModeldiagREDM_betaintercept3_betaslope3_sdRE1_dataset321.log (check log file(s) for error message)
    shell:
        Rscript 2_inference_TMB/run_TMB.R --input ../data/assessing_models_simulation/datasets/multiple_GenerationMGnorm_200_180_100_6_0_betaintercept3_betaslope3_sdRE1_dataset321.RDS --output ../data/assessing_models_simulation/inference_results/TMB/nlminb/multiple_GenerationMGnorm_200_180_100_6_0_diagREDM_betaintercept3_betaslope3_sdRE1_dataset321.RDS --model diagREDM --optimiser nlminb  --use_previous_run_startingvals T
        (one of the commands exited with non-zero exit code; note that snakemake uses bash strict mode!)
    cluster_jobid: Submitted batch job 50051481

Error executing rule inference_simulation_TMB_multiple on cluster (jobid: 1322, external: Submitted batch job 50051481, jobscript: /rds/user/lm687/hpc-work/Global_Differential_Abundance_Pipeline/code/.snakemake/tmp.lg_hehqg/snakejob.inference_simulation_TMB_multiple.1322.sh). For error details see the cluster log and the log files of the involved rule(s).
[Wed Nov 24 12:27:04 2021]
Error in rule inference_simulation_TMB_multiple:
    jobid: 26
    output: ../data/assessing_models_simulation/inference_results/TMB/nlminb/multiple_GenerationMGnorm_200_180_100_6_0_fullREDM_betaintercept3_betaslope3_sdRE1_dataset25.RDS
    log: logs/inference/nlminb/simulation_GenerationMGnorm_200_180_100_6_0_ModelfullREDM_betaintercept3_betaslope3_sdRE1_dataset25.log (check log file(s) for error message)
    shell:
        Rscript 2_inference_TMB/run_TMB.R --input ../data/assessing_models_simulation/datasets/multiple_GenerationMGnorm_200_180_100_6_0_betaintercept3_betaslope3_sdRE1_dataset25.RDS --output ../data/assessing_models_simulation/inference_results/TMB/nlminb/multiple_GenerationMGnorm_200_180_100_6_0_fullREDM_betaintercept3_betaslope3_sdRE1_dataset25.RDS --model fullREDM --optimiser nlminb  --use_previous_run_startingvals T
        (one of the commands exited with non-zero exit code; note that snakemake uses bash strict mode!)
    cluster_jobid: Submitted batch job 50051493

Error executing rule inference_simulation_TMB_multiple on cluster (jobid: 26, external: Submitted batch job 50051493, jobscript: /rds/user/lm687/hpc-work/Global_Differential_Abundance_Pipeline/code/.snakemake/tmp.lg_hehqg/snakejob.inference_simulation_TMB_multiple.26.sh). For error details see the cluster log and the log files of the involved rule(s).
[Wed Nov 24 12:27:15 2021]
Finished job 1265.
7 of 704 steps (0.99%) done
[Wed Nov 24 12:27:15 2021]
Finished job 1026.
8 of 704 steps (1%) done
[Wed Nov 24 12:27:16 2021]
Finished job 1423.
9 of 704 steps (1%) done
[Wed Nov 24 12:27:16 2021]
Error in rule inference_simulation_TMB_multiple:
    jobid: 1038
    output: ../data/assessing_models_simulation/inference_results/TMB/nlminb/multiple_GenerationMGnorm_200_180_100_6_0_diagREDM_betaintercept3_betaslope3_sdRE1_dataset37.RDS
    log: logs/inference/nlminb/simulation_GenerationMGnorm_200_180_100_6_0_ModeldiagREDM_betaintercept3_betaslope3_sdRE1_dataset37.log (check log file(s) for error message)
    shell:
        Rscript 2_inference_TMB/run_TMB.R --input ../data/assessing_models_simulation/datasets/multiple_GenerationMGnorm_200_180_100_6_0_betaintercept3_betaslope3_sdRE1_dataset37.RDS --output ../data/assessing_models_simulation/inference_results/TMB/nlminb/multiple_GenerationMGnorm_200_180_100_6_0_diagREDM_betaintercept3_betaslope3_sdRE1_dataset37.RDS --model diagREDM --optimiser nlminb  --use_previous_run_startingvals T
        (one of the commands exited with non-zero exit code; note that snakemake uses bash strict mode!)
    cluster_jobid: Submitted batch job 50051513

Error executing rule inference_simulation_TMB_multiple on cluster (jobid: 1038, external: Submitted batch job 50051513, jobscript: /rds/user/lm687/hpc-work/Global_Differential_Abundance_Pipeline/code/.snakemake/tmp.lg_hehqg/snakejob.inference_simulation_TMB_multiple.1038.sh). For error details see the cluster log and the log files of the involved rule(s).
[Wed Nov 24 12:27:26 2021]
Error in rule inference_simulation_TMB_multiple:
    jobid: 1117
    output: ../data/assessing_models_simulation/inference_results/TMB/nlminb/multiple_GenerationMGnorm_200_180_100_6_0_diagREDM_betaintercept3_betaslope3_sdRE1_dataset116.RDS
    log: logs/inference/nlminb/simulation_GenerationMGnorm_200_180_100_6_0_ModeldiagREDM_betaintercept3_betaslope3_sdRE1_dataset116.log (check log file(s) for error message)
    shell:
        Rscript 2_inference_TMB/run_TMB.R --input ../data/assessing_models_simulation/datasets/multiple_GenerationMGnorm_200_180_100_6_0_betaintercept3_betaslope3_sdRE1_dataset116.RDS --output ../data/assessing_models_simulation/inference_results/TMB/nlminb/multiple_GenerationMGnorm_200_180_100_6_0_diagREDM_betaintercept3_betaslope3_sdRE1_dataset116.RDS --model diagREDM --optimiser nlminb  --use_previous_run_startingvals T
        (one of the commands exited with non-zero exit code; note that snakemake uses bash strict mode!)
    cluster_jobid: Submitted batch job 50051502

Error executing rule inference_simulation_TMB_multiple on cluster (jobid: 1117, external: Submitted batch job 50051502, jobscript: /rds/user/lm687/hpc-work/Global_Differential_Abundance_Pipeline/code/.snakemake/tmp.lg_hehqg/snakejob.inference_simulation_TMB_multiple.1117.sh). For error details see the cluster log and the log files of the involved rule(s).
[Wed Nov 24 12:27:26 2021]
Finished job 1121.
10 of 704 steps (1%) done
[Wed Nov 24 12:27:26 2021]
Error in rule inference_simulation_TMB_multiple:
    jobid: 1637
    output: ../data/assessing_models_simulation/inference_results/TMB/nlminb/multiple_GenerationMGnorm_200_180_100_6_0_diagREDM_betaintercept3_betaslope3_sdRE1_dataset636.RDS
    log: logs/inference/nlminb/simulation_GenerationMGnorm_200_180_100_6_0_ModeldiagREDM_betaintercept3_betaslope3_sdRE1_dataset636.log (check log file(s) for error message)
    shell:
        Rscript 2_inference_TMB/run_TMB.R --input ../data/assessing_models_simulation/datasets/multiple_GenerationMGnorm_200_180_100_6_0_betaintercept3_betaslope3_sdRE1_dataset636.RDS --output ../data/assessing_models_simulation/inference_results/TMB/nlminb/multiple_GenerationMGnorm_200_180_100_6_0_diagREDM_betaintercept3_betaslope3_sdRE1_dataset636.RDS --model diagREDM --optimiser nlminb  --use_previous_run_startingvals T
        (one of the commands exited with non-zero exit code; note that snakemake uses bash strict mode!)
    cluster_jobid: Submitted batch job 50051504

Error executing rule inference_simulation_TMB_multiple on cluster (jobid: 1637, external: Submitted batch job 50051504, jobscript: /rds/user/lm687/hpc-work/Global_Differential_Abundance_Pipeline/code/.snakemake/tmp.lg_hehqg/snakejob.inference_simulation_TMB_multiple.1637.sh). For error details see the cluster log and the log files of the involved rule(s).
[Wed Nov 24 12:27:26 2021]
Error in rule inference_simulation_TMB_multiple:
    jobid: 1128
    output: ../data/assessing_models_simulation/inference_results/TMB/nlminb/multiple_GenerationMGnorm_200_180_100_6_0_diagREDM_betaintercept3_betaslope3_sdRE1_dataset127.RDS
    log: logs/inference/nlminb/simulation_GenerationMGnorm_200_180_100_6_0_ModeldiagREDM_betaintercept3_betaslope3_sdRE1_dataset127.log (check log file(s) for error message)
    shell:
        Rscript 2_inference_TMB/run_TMB.R --input ../data/assessing_models_simulation/datasets/multiple_GenerationMGnorm_200_180_100_6_0_betaintercept3_betaslope3_sdRE1_dataset127.RDS --output ../data/assessing_models_simulation/inference_results/TMB/nlminb/multiple_GenerationMGnorm_200_180_100_6_0_diagREDM_betaintercept3_betaslope3_sdRE1_dataset127.RDS --model diagREDM --optimiser nlminb  --use_previous_run_startingvals T
        (one of the commands exited with non-zero exit code; note that snakemake uses bash strict mode!)
    cluster_jobid: Submitted batch job 50051505

Error executing rule inference_simulation_TMB_multiple on cluster (jobid: 1128, external: Submitted batch job 50051505, jobscript: /rds/user/lm687/hpc-work/Global_Differential_Abundance_Pipeline/code/.snakemake/tmp.lg_hehqg/snakejob.inference_simulation_TMB_multiple.1128.sh). For error details see the cluster log and the log files of the involved rule(s).
[Wed Nov 24 12:27:26 2021]
Error in rule inference_simulation_TMB_multiple:
    jobid: 1594
    output: ../data/assessing_models_simulation/inference_results/TMB/nlminb/multiple_GenerationMGnorm_200_180_100_6_0_diagREDM_betaintercept3_betaslope3_sdRE1_dataset593.RDS
    log: logs/inference/nlminb/simulation_GenerationMGnorm_200_180_100_6_0_ModeldiagREDM_betaintercept3_betaslope3_sdRE1_dataset593.log (check log file(s) for error message)
    shell:
        Rscript 2_inference_TMB/run_TMB.R --input ../data/assessing_models_simulation/datasets/multiple_GenerationMGnorm_200_180_100_6_0_betaintercept3_betaslope3_sdRE1_dataset593.RDS --output ../data/assessing_models_simulation/inference_results/TMB/nlminb/multiple_GenerationMGnorm_200_180_100_6_0_diagREDM_betaintercept3_betaslope3_sdRE1_dataset593.RDS --model diagREDM --optimiser nlminb  --use_previous_run_startingvals T
        (one of the commands exited with non-zero exit code; note that snakemake uses bash strict mode!)
    cluster_jobid: Submitted batch job 50051506

Error executing rule inference_simulation_TMB_multiple on cluster (jobid: 1594, external: Submitted batch job 50051506, jobscript: /rds/user/lm687/hpc-work/Global_Differential_Abundance_Pipeline/code/.snakemake/tmp.lg_hehqg/snakejob.inference_simulation_TMB_multiple.1594.sh). For error details see the cluster log and the log files of the involved rule(s).
[Wed Nov 24 12:27:26 2021]
Error in rule inference_simulation_TMB_multiple:
    jobid: 1671
    output: ../data/assessing_models_simulation/inference_results/TMB/nlminb/multiple_GenerationMGnorm_200_180_100_6_0_diagREDM_betaintercept3_betaslope3_sdRE1_dataset670.RDS
    log: logs/inference/nlminb/simulation_GenerationMGnorm_200_180_100_6_0_ModeldiagREDM_betaintercept3_betaslope3_sdRE1_dataset670.log (check log file(s) for error message)
    shell:
        Rscript 2_inference_TMB/run_TMB.R --input ../data/assessing_models_simulation/datasets/multiple_GenerationMGnorm_200_180_100_6_0_betaintercept3_betaslope3_sdRE1_dataset670.RDS --output ../data/assessing_models_simulation/inference_results/TMB/nlminb/multiple_GenerationMGnorm_200_180_100_6_0_diagREDM_betaintercept3_betaslope3_sdRE1_dataset670.RDS --model diagREDM --optimiser nlminb  --use_previous_run_startingvals T
        (one of the commands exited with non-zero exit code; note that snakemake uses bash strict mode!)
    cluster_jobid: Submitted batch job 50051509

Error executing rule inference_simulation_TMB_multiple on cluster (jobid: 1671, external: Submitted batch job 50051509, jobscript: /rds/user/lm687/hpc-work/Global_Differential_Abundance_Pipeline/code/.snakemake/tmp.lg_hehqg/snakejob.inference_simulation_TMB_multiple.1671.sh). For error details see the cluster log and the log files of the involved rule(s).
[Wed Nov 24 12:27:26 2021]
Error in rule inference_simulation_TMB_multiple:
    jobid: 1554
    output: ../data/assessing_models_simulation/inference_results/TMB/nlminb/multiple_GenerationMGnorm_200_180_100_6_0_diagREDM_betaintercept3_betaslope3_sdRE1_dataset553.RDS
    log: logs/inference/nlminb/simulation_GenerationMGnorm_200_180_100_6_0_ModeldiagREDM_betaintercept3_betaslope3_sdRE1_dataset553.log (check log file(s) for error message)
    shell:
        Rscript 2_inference_TMB/run_TMB.R --input ../data/assessing_models_simulation/datasets/multiple_GenerationMGnorm_200_180_100_6_0_betaintercept3_betaslope3_sdRE1_dataset553.RDS --output ../data/assessing_models_simulation/inference_results/TMB/nlminb/multiple_GenerationMGnorm_200_180_100_6_0_diagREDM_betaintercept3_betaslope3_sdRE1_dataset553.RDS --model diagREDM --optimiser nlminb  --use_previous_run_startingvals T
        (one of the commands exited with non-zero exit code; note that snakemake uses bash strict mode!)
    cluster_jobid: Submitted batch job 50051510

Error executing rule inference_simulation_TMB_multiple on cluster (jobid: 1554, external: Submitted batch job 50051510, jobscript: /rds/user/lm687/hpc-work/Global_Differential_Abundance_Pipeline/code/.snakemake/tmp.lg_hehqg/snakejob.inference_simulation_TMB_multiple.1554.sh). For error details see the cluster log and the log files of the involved rule(s).
[Wed Nov 24 12:27:26 2021]
Error in rule inference_simulation_TMB_multiple:
    jobid: 1061
    output: ../data/assessing_models_simulation/inference_results/TMB/nlminb/multiple_GenerationMGnorm_200_180_100_6_0_diagREDM_betaintercept3_betaslope3_sdRE1_dataset60.RDS
    log: logs/inference/nlminb/simulation_GenerationMGnorm_200_180_100_6_0_ModeldiagREDM_betaintercept3_betaslope3_sdRE1_dataset60.log (check log file(s) for error message)
    shell:
        Rscript 2_inference_TMB/run_TMB.R --input ../data/assessing_models_simulation/datasets/multiple_GenerationMGnorm_200_180_100_6_0_betaintercept3_betaslope3_sdRE1_dataset60.RDS --output ../data/assessing_models_simulation/inference_results/TMB/nlminb/multiple_GenerationMGnorm_200_180_100_6_0_diagREDM_betaintercept3_betaslope3_sdRE1_dataset60.RDS --model diagREDM --optimiser nlminb  --use_previous_run_startingvals T
        (one of the commands exited with non-zero exit code; note that snakemake uses bash strict mode!)
    cluster_jobid: Submitted batch job 50051511

Error executing rule inference_simulation_TMB_multiple on cluster (jobid: 1061, external: Submitted batch job 50051511, jobscript: /rds/user/lm687/hpc-work/Global_Differential_Abundance_Pipeline/code/.snakemake/tmp.lg_hehqg/snakejob.inference_simulation_TMB_multiple.1061.sh). For error details see the cluster log and the log files of the involved rule(s).
Shutting down, this might take some time.
Exiting because a job execution failed. Look above for error message
Complete log: /rds/user/lm687/hpc-work/Global_Differential_Abundance_Pipeline/code/.snakemake/log/2021-11-24T122607.202765.snakemake.log
