Building DAG of jobs...
Using shell: /usr/local/bin/bash
Provided cores: 1
Rules claiming more threads will be scaled down.
Job counts:
	count	jobs
	1	all
	4	analyse_simulation_TMB_multiple
	67	inference_simulation_TMB_multiple
	16	simulate_for_comparison_multiple
	88

[Wed Nov  3 15:26:45 2021]
rule inference_simulation_TMB_multiple:
    input: ../data/assessing_models_simulation/datasets/multiple_GenerationJnormBTwoLambdasOneChangingBeta_50_100_80_6_0.3_NA_NA_NA_dataset0.RDS
    output: ../data/assessing_models_simulation/inference_results/TMB/nlminb/multiple_GenerationJnormBTwoLambdasOneChangingBeta_50_100_80_6_0.3_diagREDM_NA_NA_NA_dataset0.RDS
    log: logs/inference/nlminb/simulation_GenerationJnormBTwoLambdasOneChangingBeta_50_100_80_6_0.3_ModeldiagREDM_NA_NA_NA_dataset0.log
    jobid: 1035
    wildcards: optimiser=nlminb, datasetgeneration=GenerationJnormBTwoLambdasOneChangingBeta, n=50, nlambda=100, lmbda=80, d=6, beta_intensity=0.3, model=diagREDM, fixed_beta_intercept=NA, fixed_beta_slope=NA, sdRE_input=NA, itnum=0

Rscript 2_inference_TMB/run_TMB.R --input ../data/assessing_models_simulation/datasets/multiple_GenerationJnormBTwoLambdasOneChangingBeta_50_100_80_6_0.3_NA_NA_NA_dataset0.RDS --output ../data/assessing_models_simulation/inference_results/TMB/nlminb/multiple_GenerationJnormBTwoLambdasOneChangingBeta_50_100_80_6_0.3_diagREDM_NA_NA_NA_dataset0.RDS --model diagREDM --optimiser nlminb  --use_previous_run_startingvals T
[Wed Nov  3 15:26:55 2021]
Finished job 1035.
1 of 88 steps (1%) done

[Wed Nov  3 15:26:55 2021]
rule inference_simulation_TMB_multiple:
    input: ../data/assessing_models_simulation/datasets/multiple_GenerationJnormBTwoLambdasOneChangingBeta_50_100_80_6_0.3_NA_NA_NA_dataset0.RDS
    output: ../data/assessing_models_simulation/inference_results/TMB/nlminb/multiple_GenerationJnormBTwoLambdasOneChangingBeta_50_100_80_6_0.3_fullREDMsinglelambda_NA_NA_NA_dataset0.RDS
    log: logs/inference/nlminb/simulation_GenerationJnormBTwoLambdasOneChangingBeta_50_100_80_6_0.3_ModelfullREDMsinglelambda_NA_NA_NA_dataset0.log
    jobid: 1259
    wildcards: optimiser=nlminb, datasetgeneration=GenerationJnormBTwoLambdasOneChangingBeta, n=50, nlambda=100, lmbda=80, d=6, beta_intensity=0.3, model=fullREDMsinglelambda, fixed_beta_intercept=NA, fixed_beta_slope=NA, sdRE_input=NA, itnum=0

Rscript 2_inference_TMB/run_TMB.R --input ../data/assessing_models_simulation/datasets/multiple_GenerationJnormBTwoLambdasOneChangingBeta_50_100_80_6_0.3_NA_NA_NA_dataset0.RDS --output ../data/assessing_models_simulation/inference_results/TMB/nlminb/multiple_GenerationJnormBTwoLambdasOneChangingBeta_50_100_80_6_0.3_fullREDMsinglelambda_NA_NA_NA_dataset0.RDS --model fullREDMsinglelambda --optimiser nlminb  --use_previous_run_startingvals T
[Wed Nov  3 15:27:02 2021]
Finished job 1259.
2 of 88 steps (2%) done

[Wed Nov  3 15:27:02 2021]
rule inference_simulation_TMB_multiple:
    input: ../data/assessing_models_simulation/datasets/multiple_GenerationJnormBTwoLambdasOneChangingBeta_50_100_80_6_0.3_NA_NA_NA_dataset0.RDS
    output: ../data/assessing_models_simulation/inference_results/TMB/nlminb/multiple_GenerationJnormBTwoLambdasOneChangingBeta_50_100_80_6_0.3_fullREM_NA_NA_NA_dataset0.RDS
    log: logs/inference/nlminb/simulation_GenerationJnormBTwoLambdasOneChangingBeta_50_100_80_6_0.3_ModelfullREM_NA_NA_NA_dataset0.log
    jobid: 811
    wildcards: optimiser=nlminb, datasetgeneration=GenerationJnormBTwoLambdasOneChangingBeta, n=50, nlambda=100, lmbda=80, d=6, beta_intensity=0.3, model=fullREM, fixed_beta_intercept=NA, fixed_beta_slope=NA, sdRE_input=NA, itnum=0

Rscript 2_inference_TMB/run_TMB.R --input ../data/assessing_models_simulation/datasets/multiple_GenerationJnormBTwoLambdasOneChangingBeta_50_100_80_6_0.3_NA_NA_NA_dataset0.RDS --output ../data/assessing_models_simulation/inference_results/TMB/nlminb/multiple_GenerationJnormBTwoLambdasOneChangingBeta_50_100_80_6_0.3_fullREM_NA_NA_NA_dataset0.RDS --model fullREM --optimiser nlminb  --use_previous_run_startingvals T
[Wed Nov  3 15:27:06 2021]
Finished job 811.
3 of 88 steps (3%) done

[Wed Nov  3 15:27:06 2021]
rule simulate_for_comparison_multiple:
    input: ../data/assessing_models_simulation/GenerationJnormBTwoLambdasOneChangingBeta
    output: ../data/assessing_models_simulation/datasets/multiple_GenerationJnormBTwoLambdasOneChangingBeta_50_100_80_5_0.3_NA_NA_NA_dataset0.RDS
    jobid: 1853
    wildcards: datasetgeneration=GenerationJnormBTwoLambdasOneChangingBeta, n=50, nlambda=100, lmbda=80, d=5, beta_intensity=0.3, fixed_beta_intercept=NA, fixed_beta_slope=NA, sdRE_input=NA, itnum=0

Rscript --vanilla 3_analysis/simulation_model_assessment/generate_datasets_simulations/GenerationJnormBTwoLambdasOneChangingBeta.R --input ../data/assessing_models_simulation/GenerationJnormBTwoLambdasOneChangingBeta --d 5 --n 50 --nlambda 100 --lambda 80 --beta_gamma_shape 0.3 --outfile ../data/assessing_models_simulation/datasets/multiple_GenerationJnormBTwoLambdasOneChangingBeta_50_100_80_5_0.3_NA_NA_NA_dataset0.RDS --beta_intercept_input NA --beta_slope_input NA --sdRE_input NA
[Wed Nov  3 15:27:08 2021]
Finished job 1853.
4 of 88 steps (5%) done

[Wed Nov  3 15:27:08 2021]
rule inference_simulation_TMB_multiple:
    input: ../data/assessing_models_simulation/datasets/multiple_GenerationJnormBTwoLambdasOneChangingBeta_50_100_80_5_0.3_NA_NA_NA_dataset0.RDS
    output: ../data/assessing_models_simulation/inference_results/TMB/nlminb/multiple_GenerationJnormBTwoLambdasOneChangingBeta_50_100_80_5_0.3_diagREDMsinglelambda_NA_NA_NA_dataset0.RDS
    log: logs/inference/nlminb/simulation_GenerationJnormBTwoLambdasOneChangingBeta_50_100_80_5_0.3_ModeldiagREDMsinglelambda_NA_NA_NA_dataset0.log
    jobid: 1469
    wildcards: optimiser=nlminb, datasetgeneration=GenerationJnormBTwoLambdasOneChangingBeta, n=50, nlambda=100, lmbda=80, d=5, beta_intensity=0.3, model=diagREDMsinglelambda, fixed_beta_intercept=NA, fixed_beta_slope=NA, sdRE_input=NA, itnum=0

Rscript 2_inference_TMB/run_TMB.R --input ../data/assessing_models_simulation/datasets/multiple_GenerationJnormBTwoLambdasOneChangingBeta_50_100_80_5_0.3_NA_NA_NA_dataset0.RDS --output ../data/assessing_models_simulation/inference_results/TMB/nlminb/multiple_GenerationJnormBTwoLambdasOneChangingBeta_50_100_80_5_0.3_diagREDMsinglelambda_NA_NA_NA_dataset0.RDS --model diagREDMsinglelambda --optimiser nlminb  --use_previous_run_startingvals T
[Wed Nov  3 15:27:15 2021]
Finished job 1469.
5 of 88 steps (6%) done

[Wed Nov  3 15:27:15 2021]
rule inference_simulation_TMB_multiple:
    input: ../data/assessing_models_simulation/datasets/multiple_GenerationJnormBTwoLambdasOneChangingBeta_50_100_80_5_0.3_NA_NA_NA_dataset0.RDS
    output: ../data/assessing_models_simulation/inference_results/TMB/nlminb/multiple_GenerationJnormBTwoLambdasOneChangingBeta_50_100_80_5_0.3_fullREDMsinglelambda_NA_NA_NA_dataset0.RDS
    log: logs/inference/nlminb/simulation_GenerationJnormBTwoLambdasOneChangingBeta_50_100_80_5_0.3_ModelfullREDMsinglelambda_NA_NA_NA_dataset0.log
    jobid: 1245
    wildcards: optimiser=nlminb, datasetgeneration=GenerationJnormBTwoLambdasOneChangingBeta, n=50, nlambda=100, lmbda=80, d=5, beta_intensity=0.3, model=fullREDMsinglelambda, fixed_beta_intercept=NA, fixed_beta_slope=NA, sdRE_input=NA, itnum=0

Rscript 2_inference_TMB/run_TMB.R --input ../data/assessing_models_simulation/datasets/multiple_GenerationJnormBTwoLambdasOneChangingBeta_50_100_80_5_0.3_NA_NA_NA_dataset0.RDS --output ../data/assessing_models_simulation/inference_results/TMB/nlminb/multiple_GenerationJnormBTwoLambdasOneChangingBeta_50_100_80_5_0.3_fullREDMsinglelambda_NA_NA_NA_dataset0.RDS --model fullREDMsinglelambda --optimiser nlminb  --use_previous_run_startingvals T
[Wed Nov  3 15:27:23 2021]
Error in rule inference_simulation_TMB_multiple:
    jobid: 1245
    output: ../data/assessing_models_simulation/inference_results/TMB/nlminb/multiple_GenerationJnormBTwoLambdasOneChangingBeta_50_100_80_5_0.3_fullREDMsinglelambda_NA_NA_NA_dataset0.RDS
    log: logs/inference/nlminb/simulation_GenerationJnormBTwoLambdasOneChangingBeta_50_100_80_5_0.3_ModelfullREDMsinglelambda_NA_NA_NA_dataset0.log (check log file(s) for error message)
    shell:
        Rscript 2_inference_TMB/run_TMB.R --input ../data/assessing_models_simulation/datasets/multiple_GenerationJnormBTwoLambdasOneChangingBeta_50_100_80_5_0.3_NA_NA_NA_dataset0.RDS --output ../data/assessing_models_simulation/inference_results/TMB/nlminb/multiple_GenerationJnormBTwoLambdasOneChangingBeta_50_100_80_5_0.3_fullREDMsinglelambda_NA_NA_NA_dataset0.RDS --model fullREDMsinglelambda --optimiser nlminb  --use_previous_run_startingvals T

Shutting down, this might take some time.
Exiting because a job execution failed. Look above for error message
Complete log: /Users/morril01/Documents/PhD/GlobalDA/code/.snakemake/log/2021-11-03T152640.021879.snakemake.log
