Building DAG of jobs...
Using shell: /usr/local/bin/bash
Provided cores: 1
Rules claiming more threads will be scaled down.
Job counts:
	count	jobs
	1	all
	1	analyse_simulation_TMB
	80	inference_simulation_TMB
	80	simulate_for_comparison
	162

[Tue Feb 16 00:18:52 2021]
rule simulate_for_comparison:
    input: ../data/assessing_models_simulation/generationMGnorm
    output: ../data/assessing_models_simulation/datasets/generationMGnorm_20_100_80_4_0_dataset.RDS
    jobid: 87
    wildcards: datasetgeneration=generationMGnorm, n=20, nlambda=100, lmbda=80, d=4, beta_intensity=0

Rscript --vanilla 3_analysis/simulation_model_assessment/generate_datasets_simulations/generationMGnorm.R --input ../data/assessing_models_simulation/generationMGnorm --d 4 --n 20 --nlambda 100 --lambda 80 --beta_gamma_shape 0 --outfile ../data/assessing_models_simulation/datasets/generationMGnorm_20_100_80_4_0_dataset.RDS
[Tue Feb 16 00:18:53 2021]
Error in rule simulate_for_comparison:
    jobid: 87
    output: ../data/assessing_models_simulation/datasets/generationMGnorm_20_100_80_4_0_dataset.RDS
    shell:
        Rscript --vanilla 3_analysis/simulation_model_assessment/generate_datasets_simulations/generationMGnorm.R --input ../data/assessing_models_simulation/generationMGnorm --d 4 --n 20 --nlambda 100 --lambda 80 --beta_gamma_shape 0 --outfile ../data/assessing_models_simulation/datasets/generationMGnorm_20_100_80_4_0_dataset.RDS

Shutting down, this might take some time.
Exiting because a job execution failed. Look above for error message
Complete log: /Users/morril01/Documents/PhD/GlobalDA/code/.snakemake/log/2021-02-16T001851.870159.snakemake.log
