Building DAG of jobs...
Using shell: /usr/local/bin/bash
Provided cores: 1
Rules claiming more threads will be scaled down.
Job counts:
	count	jobs
	1	all
	4	analyse_simulation_TMB_multiple
	578	inference_simulation_TMB_multiple
	144	simulate_for_comparison_multiple
	727

[Mon Nov  1 09:50:03 2021]
rule inference_simulation_TMB_multiple:
    input: ../data/assessing_models_simulation/datasets/multiple_GenerationJnormBTwoLambdasOneChangingBeta_30_100_80_4_0.01_NA_NA_NA_dataset0.RDS
    output: ../data/assessing_models_simulation/inference_results/TMB/nlminb/multiple_GenerationJnormBTwoLambdasOneChangingBeta_30_100_80_4_0.01_fullREM_NA_NA_NA_dataset0.RDS
    log: logs/inference/nlminb/simulation_GenerationJnormBTwoLambdasOneChangingBeta_30_100_80_4_0.01_ModelfullREM_NA_NA_NA_dataset0.log
    jobid: 701
    wildcards: optimiser=nlminb, datasetgeneration=GenerationJnormBTwoLambdasOneChangingBeta, n=30, nlambda=100, lmbda=80, d=4, beta_intensity=0.01, model=fullREM, fixed_beta_intercept=NA, fixed_beta_slope=NA, sdRE_input=NA, itnum=0

Rscript 2_inference_TMB/run_TMB.R --input ../data/assessing_models_simulation/datasets/multiple_GenerationJnormBTwoLambdasOneChangingBeta_30_100_80_4_0.01_NA_NA_NA_dataset0.RDS --output ../data/assessing_models_simulation/inference_results/TMB/nlminb/multiple_GenerationJnormBTwoLambdasOneChangingBeta_30_100_80_4_0.01_fullREM_NA_NA_NA_dataset0.RDS --model fullREM --optimiser nlminb  --use_previous_run_startingvals T
[Mon Nov  1 09:50:05 2021]
Finished job 701.
1 of 727 steps (0.14%) done

[Mon Nov  1 09:50:05 2021]
rule inference_simulation_TMB_multiple:
    input: ../data/assessing_models_simulation/datasets/multiple_GenerationJnormBTwoLambdasOneChangingBeta_30_100_80_4_0.01_NA_NA_NA_dataset0.RDS
    output: ../data/assessing_models_simulation/inference_results/TMB/nlminb/multiple_GenerationJnormBTwoLambdasOneChangingBeta_30_100_80_4_0.01_fullREDMsinglelambda_NA_NA_NA_dataset0.RDS
    log: logs/inference/nlminb/simulation_GenerationJnormBTwoLambdasOneChangingBeta_30_100_80_4_0.01_ModelfullREDMsinglelambda_NA_NA_NA_dataset0.log
    jobid: 1021
    wildcards: optimiser=nlminb, datasetgeneration=GenerationJnormBTwoLambdasOneChangingBeta, n=30, nlambda=100, lmbda=80, d=4, beta_intensity=0.01, model=fullREDMsinglelambda, fixed_beta_intercept=NA, fixed_beta_slope=NA, sdRE_input=NA, itnum=0

Rscript 2_inference_TMB/run_TMB.R --input ../data/assessing_models_simulation/datasets/multiple_GenerationJnormBTwoLambdasOneChangingBeta_30_100_80_4_0.01_NA_NA_NA_dataset0.RDS --output ../data/assessing_models_simulation/inference_results/TMB/nlminb/multiple_GenerationJnormBTwoLambdasOneChangingBeta_30_100_80_4_0.01_fullREDMsinglelambda_NA_NA_NA_dataset0.RDS --model fullREDMsinglelambda --optimiser nlminb  --use_previous_run_startingvals T
Waiting at most 5 seconds for missing files.
MissingOutputException in line 242 of /Users/morril01/Documents/PhD/GlobalDA/code/Snakefile:
Missing files after 5 seconds:
../data/assessing_models_simulation/inference_results/TMB/nlminb/multiple_GenerationJnormBTwoLambdasOneChangingBeta_30_100_80_4_0.01_fullREDMsinglelambda_NA_NA_NA_dataset0.RDS
This might be due to filesystem latency. If that is the case, consider to increase the wait time with --latency-wait.
Shutting down, this might take some time.
Exiting because a job execution failed. Look above for error message
Complete log: /Users/morril01/Documents/PhD/GlobalDA/code/.snakemake/log/2021-11-01T094959.942824.snakemake.log
