Building DAG of jobs...
Using shell: /usr/local/bin/bash
Provided cores: 1
Rules claiming more threads will be scaled down.
Job counts:
	count	jobs
	1	all
	4	analyse_simulation_TMB_multiple
	1241	inference_simulation_TMB_multiple
	310	simulate_for_comparison_multiple
	1556

[Tue Feb  8 20:01:28 2022]
rule inference_simulation_TMB_multiple:
    input: ../data/assessing_models_simulation/datasets/multiple_GenerationJnormBTwoLambdasOneChangingBeta_100_100_80_6_4_NA_NA_NA_dataset4.RDS
    output: ../data/assessing_models_simulation/inference_results/TMB/nlminb/multiple_GenerationJnormBTwoLambdasOneChangingBeta_100_100_80_6_4_fullREDMsinglelambda_NA_NA_NA_dataset4.RDS
    log: logs/inference/nlminb/simulation_GenerationJnormBTwoLambdasOneChangingBeta_100_100_80_6_4_ModelfullREDMsinglelambda_NA_NA_NA_dataset4.log
    jobid: 2663
    wildcards: optimiser=nlminb, datasetgeneration=GenerationJnormBTwoLambdasOneChangingBeta, n=100, nlambda=100, lmbda=80, d=6, beta_intensity=4, model=fullREDMsinglelambda, fixed_beta_intercept=NA, fixed_beta_slope=NA, sdRE_input=NA, itnum=4

Rscript 2_inference_TMB/run_TMB.R --input ../data/assessing_models_simulation/datasets/multiple_GenerationJnormBTwoLambdasOneChangingBeta_100_100_80_6_4_NA_NA_NA_dataset4.RDS --output ../data/assessing_models_simulation/inference_results/TMB/nlminb/multiple_GenerationJnormBTwoLambdasOneChangingBeta_100_100_80_6_4_fullREDMsinglelambda_NA_NA_NA_dataset4.RDS --model fullREDMsinglelambda --optimiser nlminb  --use_previous_run_startingvals T
[Tue Feb  8 20:01:45 2022]
Finished job 2663.
1 of 1556 steps (0.06%) done

[Tue Feb  8 20:01:45 2022]
rule simulate_for_comparison_multiple:
    input: ../data/assessing_models_simulation/GenerationJnormBTwoLambdasOneChangingBeta
    output: ../data/assessing_models_simulation/datasets/multiple_GenerationJnormBTwoLambdasOneChangingBeta_50_100_80_3_0.01_NA_NA_NA_dataset4.RDS
    jobid: 3843
    wildcards: datasetgeneration=GenerationJnormBTwoLambdasOneChangingBeta, n=50, nlambda=100, lmbda=80, d=3, beta_intensity=0.01, fixed_beta_intercept=NA, fixed_beta_slope=NA, sdRE_input=NA, itnum=4

Rscript --vanilla 3_analysis/simulation_model_assessment/generate_datasets_simulations/GenerationJnormBTwoLambdasOneChangingBeta.R --input ../data/assessing_models_simulation/GenerationJnormBTwoLambdasOneChangingBeta --d 3 --n 50 --nlambda 100 --lambda 80 --beta_gamma_shape 0.01 --outfile ../data/assessing_models_simulation/datasets/multiple_GenerationJnormBTwoLambdasOneChangingBeta_50_100_80_3_0.01_NA_NA_NA_dataset4.RDS --beta_intercept_input NA --beta_slope_input NA --sdRE_input NA
[Tue Feb  8 20:01:50 2022]
Finished job 3843.
2 of 1556 steps (0.13%) done

[Tue Feb  8 20:01:50 2022]
rule inference_simulation_TMB_multiple:
    input: ../data/assessing_models_simulation/datasets/multiple_GenerationJnormBTwoLambdasOneChangingBeta_50_100_80_3_0.01_NA_NA_NA_dataset4.RDS
    output: ../data/assessing_models_simulation/inference_results/TMB/nlminb/multiple_GenerationJnormBTwoLambdasOneChangingBeta_50_100_80_3_0.01_fullREM_NA_NA_NA_dataset4.RDS
    log: logs/inference/nlminb/simulation_GenerationJnormBTwoLambdasOneChangingBeta_50_100_80_3_0.01_ModelfullREM_NA_NA_NA_dataset4.log
    jobid: 995
    wildcards: optimiser=nlminb, datasetgeneration=GenerationJnormBTwoLambdasOneChangingBeta, n=50, nlambda=100, lmbda=80, d=3, beta_intensity=0.01, model=fullREM, fixed_beta_intercept=NA, fixed_beta_slope=NA, sdRE_input=NA, itnum=4

Rscript 2_inference_TMB/run_TMB.R --input ../data/assessing_models_simulation/datasets/multiple_GenerationJnormBTwoLambdasOneChangingBeta_50_100_80_3_0.01_NA_NA_NA_dataset4.RDS --output ../data/assessing_models_simulation/inference_results/TMB/nlminb/multiple_GenerationJnormBTwoLambdasOneChangingBeta_50_100_80_3_0.01_fullREM_NA_NA_NA_dataset4.RDS --model fullREM --optimiser nlminb  --use_previous_run_startingvals T
[Tue Feb  8 20:01:53 2022]
Finished job 995.
3 of 1556 steps (0.19%) done

[Tue Feb  8 20:01:53 2022]
rule inference_simulation_TMB_multiple:
    input: ../data/assessing_models_simulation/datasets/multiple_GenerationJnormBTwoLambdasOneChangingBeta_50_100_80_3_0.01_NA_NA_NA_dataset4.RDS
    output: ../data/assessing_models_simulation/inference_results/TMB/nlminb/multiple_GenerationJnormBTwoLambdasOneChangingBeta_50_100_80_3_0.01_fullREDMsinglelambda_NA_NA_NA_dataset4.RDS
    log: logs/inference/nlminb/simulation_GenerationJnormBTwoLambdasOneChangingBeta_50_100_80_3_0.01_ModelfullREDMsinglelambda_NA_NA_NA_dataset4.log
    jobid: 2339
    wildcards: optimiser=nlminb, datasetgeneration=GenerationJnormBTwoLambdasOneChangingBeta, n=50, nlambda=100, lmbda=80, d=3, beta_intensity=0.01, model=fullREDMsinglelambda, fixed_beta_intercept=NA, fixed_beta_slope=NA, sdRE_input=NA, itnum=4

Rscript 2_inference_TMB/run_TMB.R --input ../data/assessing_models_simulation/datasets/multiple_GenerationJnormBTwoLambdasOneChangingBeta_50_100_80_3_0.01_NA_NA_NA_dataset4.RDS --output ../data/assessing_models_simulation/inference_results/TMB/nlminb/multiple_GenerationJnormBTwoLambdasOneChangingBeta_50_100_80_3_0.01_fullREDMsinglelambda_NA_NA_NA_dataset4.RDS --model fullREDMsinglelambda --optimiser nlminb  --use_previous_run_startingvals T
[Tue Feb  8 20:01:57 2022]
Finished job 2339.
4 of 1556 steps (0.26%) done

[Tue Feb  8 20:01:57 2022]
rule inference_simulation_TMB_multiple:
    input: ../data/assessing_models_simulation/datasets/multiple_GenerationJnormBTwoLambdasOneChangingBeta_50_100_80_3_0.01_NA_NA_NA_dataset4.RDS
    output: ../data/assessing_models_simulation/inference_results/TMB/nlminb/multiple_GenerationJnormBTwoLambdasOneChangingBeta_50_100_80_3_0.01_diagREDM_NA_NA_NA_dataset4.RDS
    log: logs/inference/nlminb/simulation_GenerationJnormBTwoLambdasOneChangingBeta_50_100_80_3_0.01_ModeldiagREDM_NA_NA_NA_dataset4.log
    jobid: 1667
    wildcards: optimiser=nlminb, datasetgeneration=GenerationJnormBTwoLambdasOneChangingBeta, n=50, nlambda=100, lmbda=80, d=3, beta_intensity=0.01, model=diagREDM, fixed_beta_intercept=NA, fixed_beta_slope=NA, sdRE_input=NA, itnum=4

Rscript 2_inference_TMB/run_TMB.R --input ../data/assessing_models_simulation/datasets/multiple_GenerationJnormBTwoLambdasOneChangingBeta_50_100_80_3_0.01_NA_NA_NA_dataset4.RDS --output ../data/assessing_models_simulation/inference_results/TMB/nlminb/multiple_GenerationJnormBTwoLambdasOneChangingBeta_50_100_80_3_0.01_diagREDM_NA_NA_NA_dataset4.RDS --model diagREDM --optimiser nlminb  --use_previous_run_startingvals T
[Tue Feb  8 20:02:00 2022]
Finished job 1667.
5 of 1556 steps (0.32%) done

[Tue Feb  8 20:02:00 2022]
rule inference_simulation_TMB_multiple:
    input: ../data/assessing_models_simulation/datasets/multiple_GenerationJnormBTwoLambdasOneChangingBeta_50_100_80_3_0.01_NA_NA_NA_dataset4.RDS
    output: ../data/assessing_models_simulation/inference_results/TMB/nlminb/multiple_GenerationJnormBTwoLambdasOneChangingBeta_50_100_80_3_0.01_diagREDMsinglelambda_NA_NA_NA_dataset4.RDS
    log: logs/inference/nlminb/simulation_GenerationJnormBTwoLambdasOneChangingBeta_50_100_80_3_0.01_ModeldiagREDMsinglelambda_NA_NA_NA_dataset4.log
    jobid: 3011
    wildcards: optimiser=nlminb, datasetgeneration=GenerationJnormBTwoLambdasOneChangingBeta, n=50, nlambda=100, lmbda=80, d=3, beta_intensity=0.01, model=diagREDMsinglelambda, fixed_beta_intercept=NA, fixed_beta_slope=NA, sdRE_input=NA, itnum=4

Rscript 2_inference_TMB/run_TMB.R --input ../data/assessing_models_simulation/datasets/multiple_GenerationJnormBTwoLambdasOneChangingBeta_50_100_80_3_0.01_NA_NA_NA_dataset4.RDS --output ../data/assessing_models_simulation/inference_results/TMB/nlminb/multiple_GenerationJnormBTwoLambdasOneChangingBeta_50_100_80_3_0.01_diagREDMsinglelambda_NA_NA_NA_dataset4.RDS --model diagREDMsinglelambda --optimiser nlminb  --use_previous_run_startingvals T
[Tue Feb  8 20:02:03 2022]
Finished job 3011.
6 of 1556 steps (0.39%) done

[Tue Feb  8 20:02:03 2022]
rule simulate_for_comparison_multiple:
    input: ../data/assessing_models_simulation/GenerationJnormBTwoLambdasOneChangingBeta
    output: ../data/assessing_models_simulation/datasets/multiple_GenerationJnormBTwoLambdasOneChangingBeta_50_100_80_4_0.01_NA_NA_NA_dataset3.RDS
    jobid: 3884
    wildcards: datasetgeneration=GenerationJnormBTwoLambdasOneChangingBeta, n=50, nlambda=100, lmbda=80, d=4, beta_intensity=0.01, fixed_beta_intercept=NA, fixed_beta_slope=NA, sdRE_input=NA, itnum=3

Rscript --vanilla 3_analysis/simulation_model_assessment/generate_datasets_simulations/GenerationJnormBTwoLambdasOneChangingBeta.R --input ../data/assessing_models_simulation/GenerationJnormBTwoLambdasOneChangingBeta --d 4 --n 50 --nlambda 100 --lambda 80 --beta_gamma_shape 0.01 --outfile ../data/assessing_models_simulation/datasets/multiple_GenerationJnormBTwoLambdasOneChangingBeta_50_100_80_4_0.01_NA_NA_NA_dataset3.RDS --beta_intercept_input NA --beta_slope_input NA --sdRE_input NA
[Tue Feb  8 20:02:05 2022]
Finished job 3884.
7 of 1556 steps (0.45%) done

[Tue Feb  8 20:02:05 2022]
rule inference_simulation_TMB_multiple:
    input: ../data/assessing_models_simulation/datasets/multiple_GenerationJnormBTwoLambdasOneChangingBeta_50_100_80_4_0.01_NA_NA_NA_dataset3.RDS
    output: ../data/assessing_models_simulation/inference_results/TMB/nlminb/multiple_GenerationJnormBTwoLambdasOneChangingBeta_50_100_80_4_0.01_fullREM_NA_NA_NA_dataset3.RDS
    log: logs/inference/nlminb/simulation_GenerationJnormBTwoLambdasOneChangingBeta_50_100_80_4_0.01_ModelfullREM_NA_NA_NA_dataset3.log
    jobid: 1036
    wildcards: optimiser=nlminb, datasetgeneration=GenerationJnormBTwoLambdasOneChangingBeta, n=50, nlambda=100, lmbda=80, d=4, beta_intensity=0.01, model=fullREM, fixed_beta_intercept=NA, fixed_beta_slope=NA, sdRE_input=NA, itnum=3

Rscript 2_inference_TMB/run_TMB.R --input ../data/assessing_models_simulation/datasets/multiple_GenerationJnormBTwoLambdasOneChangingBeta_50_100_80_4_0.01_NA_NA_NA_dataset3.RDS --output ../data/assessing_models_simulation/inference_results/TMB/nlminb/multiple_GenerationJnormBTwoLambdasOneChangingBeta_50_100_80_4_0.01_fullREM_NA_NA_NA_dataset3.RDS --model fullREM --optimiser nlminb  --use_previous_run_startingvals T
[Tue Feb  8 20:02:09 2022]
Finished job 1036.
8 of 1556 steps (0.51%) done

[Tue Feb  8 20:02:09 2022]
rule inference_simulation_TMB_multiple:
    input: ../data/assessing_models_simulation/datasets/multiple_GenerationJnormBTwoLambdasOneChangingBeta_50_100_80_4_0.01_NA_NA_NA_dataset3.RDS
    output: ../data/assessing_models_simulation/inference_results/TMB/nlminb/multiple_GenerationJnormBTwoLambdasOneChangingBeta_50_100_80_4_0.01_fullREDMsinglelambda_NA_NA_NA_dataset3.RDS
    log: logs/inference/nlminb/simulation_GenerationJnormBTwoLambdasOneChangingBeta_50_100_80_4_0.01_ModelfullREDMsinglelambda_NA_NA_NA_dataset3.log
    jobid: 2380
    wildcards: optimiser=nlminb, datasetgeneration=GenerationJnormBTwoLambdasOneChangingBeta, n=50, nlambda=100, lmbda=80, d=4, beta_intensity=0.01, model=fullREDMsinglelambda, fixed_beta_intercept=NA, fixed_beta_slope=NA, sdRE_input=NA, itnum=3

Rscript 2_inference_TMB/run_TMB.R --input ../data/assessing_models_simulation/datasets/multiple_GenerationJnormBTwoLambdasOneChangingBeta_50_100_80_4_0.01_NA_NA_NA_dataset3.RDS --output ../data/assessing_models_simulation/inference_results/TMB/nlminb/multiple_GenerationJnormBTwoLambdasOneChangingBeta_50_100_80_4_0.01_fullREDMsinglelambda_NA_NA_NA_dataset3.RDS --model fullREDMsinglelambda --optimiser nlminb  --use_previous_run_startingvals T
[Tue Feb  8 20:02:30 2022]
Error in rule inference_simulation_TMB_multiple:
    jobid: 2380
    output: ../data/assessing_models_simulation/inference_results/TMB/nlminb/multiple_GenerationJnormBTwoLambdasOneChangingBeta_50_100_80_4_0.01_fullREDMsinglelambda_NA_NA_NA_dataset3.RDS
    log: logs/inference/nlminb/simulation_GenerationJnormBTwoLambdasOneChangingBeta_50_100_80_4_0.01_ModelfullREDMsinglelambda_NA_NA_NA_dataset3.log (check log file(s) for error message)
    shell:
        Rscript 2_inference_TMB/run_TMB.R --input ../data/assessing_models_simulation/datasets/multiple_GenerationJnormBTwoLambdasOneChangingBeta_50_100_80_4_0.01_NA_NA_NA_dataset3.RDS --output ../data/assessing_models_simulation/inference_results/TMB/nlminb/multiple_GenerationJnormBTwoLambdasOneChangingBeta_50_100_80_4_0.01_fullREDMsinglelambda_NA_NA_NA_dataset3.RDS --model fullREDMsinglelambda --optimiser nlminb  --use_previous_run_startingvals T

Shutting down, this might take some time.
Exiting because a job execution failed. Look above for error message
Complete log: /Users/morril01/Documents/PhD/GlobalDA/code/.snakemake/log/2022-02-08T200121.118537.snakemake.log
