Building DAG of jobs...
Using shell: /usr/local/bin/bash
Provided cores: 1
Rules claiming more threads will be scaled down.
Job counts:
	count	jobs
	1	all
	20	analyse_simulation_TMB_multiple
	5	analyse_simulation_TMB_multiple_integrate
	325	inference_simulation_TMB_multiple
	81	simulate_for_comparison_multiple
	432

[Fri Feb  4 20:28:23 2022]
rule inference_simulation_TMB_multiple:
    input: ../data/assessing_models_simulation/datasets/multiple_GenerationMixturefewersignaturespairedObsNmObsDMHeadSCCPCAWG_100_200_80_4_-2_NA_NA_NA_dataset19.RDS
    output: ../data/assessing_models_simulation/inference_results/TMB/nlminb/multiple_GenerationMixturefewersignaturespairedObsNmObsDMHeadSCCPCAWG_100_200_80_4_-2_fullREDMsinglelambda_NA_NA_NA_dataset19.RDS
    log: logs/inference/nlminb/simulation_GenerationMixturefewersignaturespairedObsNmObsDMHeadSCCPCAWG_100_200_80_4_-2_ModelfullREDMsinglelambda_NA_NA_NA_dataset19.log
    jobid: 8945
    wildcards: optimiser=nlminb, datasetgeneration=GenerationMixturefewersignaturespairedObsNmObsDMHeadSCCPCAWG, n=100, nlambda=200, lmbda=80, d=4, beta_intensity=-2, model=fullREDMsinglelambda, fixed_beta_intercept=NA, fixed_beta_slope=NA, sdRE_input=NA, itnum=19

Rscript 2_inference_TMB/run_TMB.R --input ../data/assessing_models_simulation/datasets/multiple_GenerationMixturefewersignaturespairedObsNmObsDMHeadSCCPCAWG_100_200_80_4_-2_NA_NA_NA_dataset19.RDS --output ../data/assessing_models_simulation/inference_results/TMB/nlminb/multiple_GenerationMixturefewersignaturespairedObsNmObsDMHeadSCCPCAWG_100_200_80_4_-2_fullREDMsinglelambda_NA_NA_NA_dataset19.RDS --model fullREDMsinglelambda --optimiser nlminb  --use_previous_run_startingvals T
[Fri Feb  4 20:28:28 2022]
Finished job 8945.
1 of 432 steps (0.23%) done

[Fri Feb  4 20:28:28 2022]
rule simulate_for_comparison_multiple:
    input: ../data/assessing_models_simulation/GenerationMixturefewersignaturespairedObsNmObsDMColoRectAdenoCAPCAWG
    output: ../data/assessing_models_simulation/datasets/multiple_GenerationMixturefewersignaturespairedObsNmObsDMColoRectAdenoCAPCAWG_100_200_80_4_-8_NA_NA_NA_dataset3.RDS
    jobid: 14169
    wildcards: datasetgeneration=GenerationMixturefewersignaturespairedObsNmObsDMColoRectAdenoCAPCAWG, n=100, nlambda=200, lmbda=80, d=4, beta_intensity=-8, fixed_beta_intercept=NA, fixed_beta_slope=NA, sdRE_input=NA, itnum=3

Rscript --vanilla 3_analysis/simulation_model_assessment/generate_datasets_simulations/GenerationMixturefewersignaturespairedObsNmObsDMColoRectAdenoCAPCAWG.R --input ../data/assessing_models_simulation/GenerationMixturefewersignaturespairedObsNmObsDMColoRectAdenoCAPCAWG --d 4 --n 100 --nlambda 200 --lambda 80 --beta_gamma_shape -8 --outfile ../data/assessing_models_simulation/datasets/multiple_GenerationMixturefewersignaturespairedObsNmObsDMColoRectAdenoCAPCAWG_100_200_80_4_-8_NA_NA_NA_dataset3.RDS --beta_intercept_input NA --beta_slope_input NA --sdRE_input NA
[Fri Feb  4 20:28:30 2022]
Finished job 14169.
2 of 432 steps (0.46%) done

[Fri Feb  4 20:28:30 2022]
rule inference_simulation_TMB_multiple:
    input: ../data/assessing_models_simulation/datasets/multiple_GenerationMixturefewersignaturespairedObsNmObsDMColoRectAdenoCAPCAWG_100_200_80_4_-8_NA_NA_NA_dataset3.RDS
    output: ../data/assessing_models_simulation/inference_results/TMB/nlminb/multiple_GenerationMixturefewersignaturespairedObsNmObsDMColoRectAdenoCAPCAWG_100_200_80_4_-8_diagREDM_NA_NA_NA_dataset3.RDS
    log: logs/inference/nlminb/simulation_GenerationMixturefewersignaturespairedObsNmObsDMColoRectAdenoCAPCAWG_100_200_80_4_-8_ModeldiagREDM_NA_NA_NA_dataset3.log
    jobid: 4929
    wildcards: optimiser=nlminb, datasetgeneration=GenerationMixturefewersignaturespairedObsNmObsDMColoRectAdenoCAPCAWG, n=100, nlambda=200, lmbda=80, d=4, beta_intensity=-8, model=diagREDM, fixed_beta_intercept=NA, fixed_beta_slope=NA, sdRE_input=NA, itnum=3

Rscript 2_inference_TMB/run_TMB.R --input ../data/assessing_models_simulation/datasets/multiple_GenerationMixturefewersignaturespairedObsNmObsDMColoRectAdenoCAPCAWG_100_200_80_4_-8_NA_NA_NA_dataset3.RDS --output ../data/assessing_models_simulation/inference_results/TMB/nlminb/multiple_GenerationMixturefewersignaturespairedObsNmObsDMColoRectAdenoCAPCAWG_100_200_80_4_-8_diagREDM_NA_NA_NA_dataset3.RDS --model diagREDM --optimiser nlminb  --use_previous_run_startingvals T
[Fri Feb  4 20:28:41 2022]
Finished job 4929.
3 of 432 steps (0.69%) done

[Fri Feb  4 20:28:41 2022]
rule inference_simulation_TMB_multiple:
    input: ../data/assessing_models_simulation/datasets/multiple_GenerationMixturefewersignaturespairedObsNmObsDMColoRectAdenoCAPCAWG_100_200_80_4_-8_NA_NA_NA_dataset3.RDS
    output: ../data/assessing_models_simulation/inference_results/TMB/nlminb/multiple_GenerationMixturefewersignaturespairedObsNmObsDMColoRectAdenoCAPCAWG_100_200_80_4_-8_fullREM_NA_NA_NA_dataset3.RDS
    log: logs/inference/nlminb/simulation_GenerationMixturefewersignaturespairedObsNmObsDMColoRectAdenoCAPCAWG_100_200_80_4_-8_ModelfullREM_NA_NA_NA_dataset3.log
    jobid: 2949
    wildcards: optimiser=nlminb, datasetgeneration=GenerationMixturefewersignaturespairedObsNmObsDMColoRectAdenoCAPCAWG, n=100, nlambda=200, lmbda=80, d=4, beta_intensity=-8, model=fullREM, fixed_beta_intercept=NA, fixed_beta_slope=NA, sdRE_input=NA, itnum=3

Rscript 2_inference_TMB/run_TMB.R --input ../data/assessing_models_simulation/datasets/multiple_GenerationMixturefewersignaturespairedObsNmObsDMColoRectAdenoCAPCAWG_100_200_80_4_-8_NA_NA_NA_dataset3.RDS --output ../data/assessing_models_simulation/inference_results/TMB/nlminb/multiple_GenerationMixturefewersignaturespairedObsNmObsDMColoRectAdenoCAPCAWG_100_200_80_4_-8_fullREM_NA_NA_NA_dataset3.RDS --model fullREM --optimiser nlminb  --use_previous_run_startingvals T
[Fri Feb  4 20:28:46 2022]
Finished job 2949.
4 of 432 steps (0.93%) done

[Fri Feb  4 20:28:46 2022]
rule inference_simulation_TMB_multiple:
    input: ../data/assessing_models_simulation/datasets/multiple_GenerationMixturefewersignaturespairedObsNmObsDMColoRectAdenoCAPCAWG_100_200_80_4_-8_NA_NA_NA_dataset3.RDS
    output: ../data/assessing_models_simulation/inference_results/TMB/nlminb/multiple_GenerationMixturefewersignaturespairedObsNmObsDMColoRectAdenoCAPCAWG_100_200_80_4_-8_fullREDMsinglelambda_NA_NA_NA_dataset3.RDS
    log: logs/inference/nlminb/simulation_GenerationMixturefewersignaturespairedObsNmObsDMColoRectAdenoCAPCAWG_100_200_80_4_-8_ModelfullREDMsinglelambda_NA_NA_NA_dataset3.log
    jobid: 3609
    wildcards: optimiser=nlminb, datasetgeneration=GenerationMixturefewersignaturespairedObsNmObsDMColoRectAdenoCAPCAWG, n=100, nlambda=200, lmbda=80, d=4, beta_intensity=-8, model=fullREDMsinglelambda, fixed_beta_intercept=NA, fixed_beta_slope=NA, sdRE_input=NA, itnum=3

Rscript 2_inference_TMB/run_TMB.R --input ../data/assessing_models_simulation/datasets/multiple_GenerationMixturefewersignaturespairedObsNmObsDMColoRectAdenoCAPCAWG_100_200_80_4_-8_NA_NA_NA_dataset3.RDS --output ../data/assessing_models_simulation/inference_results/TMB/nlminb/multiple_GenerationMixturefewersignaturespairedObsNmObsDMColoRectAdenoCAPCAWG_100_200_80_4_-8_fullREDMsinglelambda_NA_NA_NA_dataset3.RDS --model fullREDMsinglelambda --optimiser nlminb  --use_previous_run_startingvals T
[Fri Feb  4 20:28:56 2022]
Finished job 3609.
5 of 432 steps (1%) done

[Fri Feb  4 20:28:56 2022]
rule inference_simulation_TMB_multiple:
    input: ../data/assessing_models_simulation/datasets/multiple_GenerationMixturefewersignaturespairedObsNmObsDMColoRectAdenoCAPCAWG_100_200_80_4_-8_NA_NA_NA_dataset3.RDS
    output: ../data/assessing_models_simulation/inference_results/TMB/nlminb/multiple_GenerationMixturefewersignaturespairedObsNmObsDMColoRectAdenoCAPCAWG_100_200_80_4_-8_diagREDMsinglelambda_NA_NA_NA_dataset3.RDS
    log: logs/inference/nlminb/simulation_GenerationMixturefewersignaturespairedObsNmObsDMColoRectAdenoCAPCAWG_100_200_80_4_-8_ModeldiagREDMsinglelambda_NA_NA_NA_dataset3.log
    jobid: 4269
    wildcards: optimiser=nlminb, datasetgeneration=GenerationMixturefewersignaturespairedObsNmObsDMColoRectAdenoCAPCAWG, n=100, nlambda=200, lmbda=80, d=4, beta_intensity=-8, model=diagREDMsinglelambda, fixed_beta_intercept=NA, fixed_beta_slope=NA, sdRE_input=NA, itnum=3

Rscript 2_inference_TMB/run_TMB.R --input ../data/assessing_models_simulation/datasets/multiple_GenerationMixturefewersignaturespairedObsNmObsDMColoRectAdenoCAPCAWG_100_200_80_4_-8_NA_NA_NA_dataset3.RDS --output ../data/assessing_models_simulation/inference_results/TMB/nlminb/multiple_GenerationMixturefewersignaturespairedObsNmObsDMColoRectAdenoCAPCAWG_100_200_80_4_-8_diagREDMsinglelambda_NA_NA_NA_dataset3.RDS --model diagREDMsinglelambda --optimiser nlminb  --use_previous_run_startingvals T
[Fri Feb  4 20:29:04 2022]
Finished job 4269.
6 of 432 steps (1%) done

[Fri Feb  4 20:29:04 2022]
rule simulate_for_comparison_multiple:
    input: ../data/assessing_models_simulation/GenerationMixturefewersignaturespairedObsNmObsDMKidneyChRCCPCAWG
    output: ../data/assessing_models_simulation/datasets/multiple_GenerationMixturefewersignaturespairedObsNmObsDMKidneyChRCCPCAWG_200_200_80_4_-8_NA_NA_NA_dataset6.RDS
    jobid: 16372
    wildcards: datasetgeneration=GenerationMixturefewersignaturespairedObsNmObsDMKidneyChRCCPCAWG, n=200, nlambda=200, lmbda=80, d=4, beta_intensity=-8, fixed_beta_intercept=NA, fixed_beta_slope=NA, sdRE_input=NA, itnum=6

Rscript --vanilla 3_analysis/simulation_model_assessment/generate_datasets_simulations/GenerationMixturefewersignaturespairedObsNmObsDMKidneyChRCCPCAWG.R --input ../data/assessing_models_simulation/GenerationMixturefewersignaturespairedObsNmObsDMKidneyChRCCPCAWG --d 4 --n 200 --nlambda 200 --lambda 80 --beta_gamma_shape -8 --outfile ../data/assessing_models_simulation/datasets/multiple_GenerationMixturefewersignaturespairedObsNmObsDMKidneyChRCCPCAWG_200_200_80_4_-8_NA_NA_NA_dataset6.RDS --beta_intercept_input NA --beta_slope_input NA --sdRE_input NA
[Fri Feb  4 20:29:06 2022]
Finished job 16372.
7 of 432 steps (2%) done

[Fri Feb  4 20:29:06 2022]
rule inference_simulation_TMB_multiple:
    input: ../data/assessing_models_simulation/datasets/multiple_GenerationMixturefewersignaturespairedObsNmObsDMKidneyChRCCPCAWG_200_200_80_4_-8_NA_NA_NA_dataset6.RDS
    output: ../data/assessing_models_simulation/inference_results/TMB/nlminb/multiple_GenerationMixturefewersignaturespairedObsNmObsDMKidneyChRCCPCAWG_200_200_80_4_-8_diagREDM_NA_NA_NA_dataset6.RDS
    log: logs/inference/nlminb/simulation_GenerationMixturefewersignaturespairedObsNmObsDMKidneyChRCCPCAWG_200_200_80_4_-8_ModeldiagREDM_NA_NA_NA_dataset6.log
    jobid: 13072
    wildcards: optimiser=nlminb, datasetgeneration=GenerationMixturefewersignaturespairedObsNmObsDMKidneyChRCCPCAWG, n=200, nlambda=200, lmbda=80, d=4, beta_intensity=-8, model=diagREDM, fixed_beta_intercept=NA, fixed_beta_slope=NA, sdRE_input=NA, itnum=6

Rscript 2_inference_TMB/run_TMB.R --input ../data/assessing_models_simulation/datasets/multiple_GenerationMixturefewersignaturespairedObsNmObsDMKidneyChRCCPCAWG_200_200_80_4_-8_NA_NA_NA_dataset6.RDS --output ../data/assessing_models_simulation/inference_results/TMB/nlminb/multiple_GenerationMixturefewersignaturespairedObsNmObsDMKidneyChRCCPCAWG_200_200_80_4_-8_diagREDM_NA_NA_NA_dataset6.RDS --model diagREDM --optimiser nlminb  --use_previous_run_startingvals T
[Fri Feb  4 20:29:20 2022]
Finished job 13072.
8 of 432 steps (2%) done

[Fri Feb  4 20:29:20 2022]
rule inference_simulation_TMB_multiple:
    input: ../data/assessing_models_simulation/datasets/multiple_GenerationMixturefewersignaturespairedObsNmObsDMKidneyChRCCPCAWG_200_200_80_4_-8_NA_NA_NA_dataset6.RDS
    output: ../data/assessing_models_simulation/inference_results/TMB/nlminb/multiple_GenerationMixturefewersignaturespairedObsNmObsDMKidneyChRCCPCAWG_200_200_80_4_-8_fullREM_NA_NA_NA_dataset6.RDS
    log: logs/inference/nlminb/simulation_GenerationMixturefewersignaturespairedObsNmObsDMKidneyChRCCPCAWG_200_200_80_4_-8_ModelfullREM_NA_NA_NA_dataset6.log
    jobid: 11092
    wildcards: optimiser=nlminb, datasetgeneration=GenerationMixturefewersignaturespairedObsNmObsDMKidneyChRCCPCAWG, n=200, nlambda=200, lmbda=80, d=4, beta_intensity=-8, model=fullREM, fixed_beta_intercept=NA, fixed_beta_slope=NA, sdRE_input=NA, itnum=6

Rscript 2_inference_TMB/run_TMB.R --input ../data/assessing_models_simulation/datasets/multiple_GenerationMixturefewersignaturespairedObsNmObsDMKidneyChRCCPCAWG_200_200_80_4_-8_NA_NA_NA_dataset6.RDS --output ../data/assessing_models_simulation/inference_results/TMB/nlminb/multiple_GenerationMixturefewersignaturespairedObsNmObsDMKidneyChRCCPCAWG_200_200_80_4_-8_fullREM_NA_NA_NA_dataset6.RDS --model fullREM --optimiser nlminb  --use_previous_run_startingvals T
[Fri Feb  4 20:29:26 2022]
Finished job 11092.
9 of 432 steps (2%) done

[Fri Feb  4 20:29:26 2022]
rule inference_simulation_TMB_multiple:
    input: ../data/assessing_models_simulation/datasets/multiple_GenerationMixturefewersignaturespairedObsNmObsDMKidneyChRCCPCAWG_200_200_80_4_-8_NA_NA_NA_dataset6.RDS
    output: ../data/assessing_models_simulation/inference_results/TMB/nlminb/multiple_GenerationMixturefewersignaturespairedObsNmObsDMKidneyChRCCPCAWG_200_200_80_4_-8_fullREDMsinglelambda_NA_NA_NA_dataset6.RDS
    log: logs/inference/nlminb/simulation_GenerationMixturefewersignaturespairedObsNmObsDMKidneyChRCCPCAWG_200_200_80_4_-8_ModelfullREDMsinglelambda_NA_NA_NA_dataset6.log
    jobid: 11752
    wildcards: optimiser=nlminb, datasetgeneration=GenerationMixturefewersignaturespairedObsNmObsDMKidneyChRCCPCAWG, n=200, nlambda=200, lmbda=80, d=4, beta_intensity=-8, model=fullREDMsinglelambda, fixed_beta_intercept=NA, fixed_beta_slope=NA, sdRE_input=NA, itnum=6

Rscript 2_inference_TMB/run_TMB.R --input ../data/assessing_models_simulation/datasets/multiple_GenerationMixturefewersignaturespairedObsNmObsDMKidneyChRCCPCAWG_200_200_80_4_-8_NA_NA_NA_dataset6.RDS --output ../data/assessing_models_simulation/inference_results/TMB/nlminb/multiple_GenerationMixturefewersignaturespairedObsNmObsDMKidneyChRCCPCAWG_200_200_80_4_-8_fullREDMsinglelambda_NA_NA_NA_dataset6.RDS --model fullREDMsinglelambda --optimiser nlminb  --use_previous_run_startingvals T
[Fri Feb  4 20:29:40 2022]
Finished job 11752.
10 of 432 steps (2%) done

[Fri Feb  4 20:29:40 2022]
rule inference_simulation_TMB_multiple:
    input: ../data/assessing_models_simulation/datasets/multiple_GenerationMixturefewersignaturespairedObsNmObsDMKidneyChRCCPCAWG_200_200_80_4_-8_NA_NA_NA_dataset6.RDS
    output: ../data/assessing_models_simulation/inference_results/TMB/nlminb/multiple_GenerationMixturefewersignaturespairedObsNmObsDMKidneyChRCCPCAWG_200_200_80_4_-8_diagREDMsinglelambda_NA_NA_NA_dataset6.RDS
    log: logs/inference/nlminb/simulation_GenerationMixturefewersignaturespairedObsNmObsDMKidneyChRCCPCAWG_200_200_80_4_-8_ModeldiagREDMsinglelambda_NA_NA_NA_dataset6.log
    jobid: 12412
    wildcards: optimiser=nlminb, datasetgeneration=GenerationMixturefewersignaturespairedObsNmObsDMKidneyChRCCPCAWG, n=200, nlambda=200, lmbda=80, d=4, beta_intensity=-8, model=diagREDMsinglelambda, fixed_beta_intercept=NA, fixed_beta_slope=NA, sdRE_input=NA, itnum=6

Rscript 2_inference_TMB/run_TMB.R --input ../data/assessing_models_simulation/datasets/multiple_GenerationMixturefewersignaturespairedObsNmObsDMKidneyChRCCPCAWG_200_200_80_4_-8_NA_NA_NA_dataset6.RDS --output ../data/assessing_models_simulation/inference_results/TMB/nlminb/multiple_GenerationMixturefewersignaturespairedObsNmObsDMKidneyChRCCPCAWG_200_200_80_4_-8_diagREDMsinglelambda_NA_NA_NA_dataset6.RDS --model diagREDMsinglelambda --optimiser nlminb  --use_previous_run_startingvals T
[Fri Feb  4 20:29:52 2022]
Finished job 12412.
11 of 432 steps (3%) done

[Fri Feb  4 20:29:52 2022]
rule simulate_for_comparison_multiple:
    input: ../data/assessing_models_simulation/GenerationMixturefewersignaturespairedObsNmObsDMCNSGBMPCAWG
    output: ../data/assessing_models_simulation/datasets/multiple_GenerationMixturefewersignaturespairedObsNmObsDMCNSGBMPCAWG_100_200_80_4_-12_NA_NA_NA_dataset18.RDS
    jobid: 13484
    wildcards: datasetgeneration=GenerationMixturefewersignaturespairedObsNmObsDMCNSGBMPCAWG, n=100, nlambda=200, lmbda=80, d=4, beta_intensity=-12, fixed_beta_intercept=NA, fixed_beta_slope=NA, sdRE_input=NA, itnum=18

Rscript --vanilla 3_analysis/simulation_model_assessment/generate_datasets_simulations/GenerationMixturefewersignaturespairedObsNmObsDMCNSGBMPCAWG.R --input ../data/assessing_models_simulation/GenerationMixturefewersignaturespairedObsNmObsDMCNSGBMPCAWG --d 4 --n 100 --nlambda 200 --lambda 80 --beta_gamma_shape -12 --outfile ../data/assessing_models_simulation/datasets/multiple_GenerationMixturefewersignaturespairedObsNmObsDMCNSGBMPCAWG_100_200_80_4_-12_NA_NA_NA_dataset18.RDS --beta_intercept_input NA --beta_slope_input NA --sdRE_input NA
[Fri Feb  4 20:29:54 2022]
Finished job 13484.
12 of 432 steps (3%) done

[Fri Feb  4 20:29:54 2022]
rule inference_simulation_TMB_multiple:
    input: ../data/assessing_models_simulation/datasets/multiple_GenerationMixturefewersignaturespairedObsNmObsDMCNSGBMPCAWG_100_200_80_4_-12_NA_NA_NA_dataset18.RDS
    output: ../data/assessing_models_simulation/inference_results/TMB/nlminb/multiple_GenerationMixturefewersignaturespairedObsNmObsDMCNSGBMPCAWG_100_200_80_4_-12_fullREM_NA_NA_NA_dataset18.RDS
    log: logs/inference/nlminb/simulation_GenerationMixturefewersignaturespairedObsNmObsDMCNSGBMPCAWG_100_200_80_4_-12_ModelfullREM_NA_NA_NA_dataset18.log
    jobid: 284
    wildcards: optimiser=nlminb, datasetgeneration=GenerationMixturefewersignaturespairedObsNmObsDMCNSGBMPCAWG, n=100, nlambda=200, lmbda=80, d=4, beta_intensity=-12, model=fullREM, fixed_beta_intercept=NA, fixed_beta_slope=NA, sdRE_input=NA, itnum=18

Rscript 2_inference_TMB/run_TMB.R --input ../data/assessing_models_simulation/datasets/multiple_GenerationMixturefewersignaturespairedObsNmObsDMCNSGBMPCAWG_100_200_80_4_-12_NA_NA_NA_dataset18.RDS --output ../data/assessing_models_simulation/inference_results/TMB/nlminb/multiple_GenerationMixturefewersignaturespairedObsNmObsDMCNSGBMPCAWG_100_200_80_4_-12_fullREM_NA_NA_NA_dataset18.RDS --model fullREM --optimiser nlminb  --use_previous_run_startingvals T
[Fri Feb  4 20:29:58 2022]
Finished job 284.
13 of 432 steps (3%) done

[Fri Feb  4 20:29:58 2022]
rule inference_simulation_TMB_multiple:
    input: ../data/assessing_models_simulation/datasets/multiple_GenerationMixturefewersignaturespairedObsNmObsDMCNSGBMPCAWG_100_200_80_4_-12_NA_NA_NA_dataset18.RDS
    output: ../data/assessing_models_simulation/inference_results/TMB/nlminb/multiple_GenerationMixturefewersignaturespairedObsNmObsDMCNSGBMPCAWG_100_200_80_4_-12_diagREDM_NA_NA_NA_dataset18.RDS
    log: logs/inference/nlminb/simulation_GenerationMixturefewersignaturespairedObsNmObsDMCNSGBMPCAWG_100_200_80_4_-12_ModeldiagREDM_NA_NA_NA_dataset18.log
    jobid: 2264
    wildcards: optimiser=nlminb, datasetgeneration=GenerationMixturefewersignaturespairedObsNmObsDMCNSGBMPCAWG, n=100, nlambda=200, lmbda=80, d=4, beta_intensity=-12, model=diagREDM, fixed_beta_intercept=NA, fixed_beta_slope=NA, sdRE_input=NA, itnum=18

Rscript 2_inference_TMB/run_TMB.R --input ../data/assessing_models_simulation/datasets/multiple_GenerationMixturefewersignaturespairedObsNmObsDMCNSGBMPCAWG_100_200_80_4_-12_NA_NA_NA_dataset18.RDS --output ../data/assessing_models_simulation/inference_results/TMB/nlminb/multiple_GenerationMixturefewersignaturespairedObsNmObsDMCNSGBMPCAWG_100_200_80_4_-12_diagREDM_NA_NA_NA_dataset18.RDS --model diagREDM --optimiser nlminb  --use_previous_run_startingvals T
[Fri Feb  4 20:30:08 2022]
Finished job 2264.
14 of 432 steps (3%) done

[Fri Feb  4 20:30:08 2022]
rule inference_simulation_TMB_multiple:
    input: ../data/assessing_models_simulation/datasets/multiple_GenerationMixturefewersignaturespairedObsNmObsDMCNSGBMPCAWG_100_200_80_4_-12_NA_NA_NA_dataset18.RDS
    output: ../data/assessing_models_simulation/inference_results/TMB/nlminb/multiple_GenerationMixturefewersignaturespairedObsNmObsDMCNSGBMPCAWG_100_200_80_4_-12_fullREDMsinglelambda_NA_NA_NA_dataset18.RDS
    log: logs/inference/nlminb/simulation_GenerationMixturefewersignaturespairedObsNmObsDMCNSGBMPCAWG_100_200_80_4_-12_ModelfullREDMsinglelambda_NA_NA_NA_dataset18.log
    jobid: 944
    wildcards: optimiser=nlminb, datasetgeneration=GenerationMixturefewersignaturespairedObsNmObsDMCNSGBMPCAWG, n=100, nlambda=200, lmbda=80, d=4, beta_intensity=-12, model=fullREDMsinglelambda, fixed_beta_intercept=NA, fixed_beta_slope=NA, sdRE_input=NA, itnum=18

Rscript 2_inference_TMB/run_TMB.R --input ../data/assessing_models_simulation/datasets/multiple_GenerationMixturefewersignaturespairedObsNmObsDMCNSGBMPCAWG_100_200_80_4_-12_NA_NA_NA_dataset18.RDS --output ../data/assessing_models_simulation/inference_results/TMB/nlminb/multiple_GenerationMixturefewersignaturespairedObsNmObsDMCNSGBMPCAWG_100_200_80_4_-12_fullREDMsinglelambda_NA_NA_NA_dataset18.RDS --model fullREDMsinglelambda --optimiser nlminb  --use_previous_run_startingvals T
[Fri Feb  4 20:30:16 2022]
Finished job 944.
15 of 432 steps (3%) done

[Fri Feb  4 20:30:16 2022]
rule inference_simulation_TMB_multiple:
    input: ../data/assessing_models_simulation/datasets/multiple_GenerationMixturefewersignaturespairedObsNmObsDMCNSGBMPCAWG_100_200_80_4_-12_NA_NA_NA_dataset18.RDS
    output: ../data/assessing_models_simulation/inference_results/TMB/nlminb/multiple_GenerationMixturefewersignaturespairedObsNmObsDMCNSGBMPCAWG_100_200_80_4_-12_diagREDMsinglelambda_NA_NA_NA_dataset18.RDS
    log: logs/inference/nlminb/simulation_GenerationMixturefewersignaturespairedObsNmObsDMCNSGBMPCAWG_100_200_80_4_-12_ModeldiagREDMsinglelambda_NA_NA_NA_dataset18.log
    jobid: 1604
    wildcards: optimiser=nlminb, datasetgeneration=GenerationMixturefewersignaturespairedObsNmObsDMCNSGBMPCAWG, n=100, nlambda=200, lmbda=80, d=4, beta_intensity=-12, model=diagREDMsinglelambda, fixed_beta_intercept=NA, fixed_beta_slope=NA, sdRE_input=NA, itnum=18

Rscript 2_inference_TMB/run_TMB.R --input ../data/assessing_models_simulation/datasets/multiple_GenerationMixturefewersignaturespairedObsNmObsDMCNSGBMPCAWG_100_200_80_4_-12_NA_NA_NA_dataset18.RDS --output ../data/assessing_models_simulation/inference_results/TMB/nlminb/multiple_GenerationMixturefewersignaturespairedObsNmObsDMCNSGBMPCAWG_100_200_80_4_-12_diagREDMsinglelambda_NA_NA_NA_dataset18.RDS --model diagREDMsinglelambda --optimiser nlminb  --use_previous_run_startingvals T
[Fri Feb  4 20:30:23 2022]
Finished job 1604.
16 of 432 steps (4%) done

[Fri Feb  4 20:30:23 2022]
rule simulate_for_comparison_multiple:
    input: ../data/assessing_models_simulation/GenerationMixturefewersignaturespairedObsNmObsDMKidneyChRCCPCAWG
    output: ../data/assessing_models_simulation/datasets/multiple_GenerationMixturefewersignaturespairedObsNmObsDMKidneyChRCCPCAWG_200_200_80_4_-1_NA_NA_NA_dataset6.RDS
    jobid: 16432
    wildcards: datasetgeneration=GenerationMixturefewersignaturespairedObsNmObsDMKidneyChRCCPCAWG, n=200, nlambda=200, lmbda=80, d=4, beta_intensity=-1, fixed_beta_intercept=NA, fixed_beta_slope=NA, sdRE_input=NA, itnum=6

Rscript --vanilla 3_analysis/simulation_model_assessment/generate_datasets_simulations/GenerationMixturefewersignaturespairedObsNmObsDMKidneyChRCCPCAWG.R --input ../data/assessing_models_simulation/GenerationMixturefewersignaturespairedObsNmObsDMKidneyChRCCPCAWG --d 4 --n 200 --nlambda 200 --lambda 80 --beta_gamma_shape -1 --outfile ../data/assessing_models_simulation/datasets/multiple_GenerationMixturefewersignaturespairedObsNmObsDMKidneyChRCCPCAWG_200_200_80_4_-1_NA_NA_NA_dataset6.RDS --beta_intercept_input NA --beta_slope_input NA --sdRE_input NA
[Fri Feb  4 20:30:25 2022]
Finished job 16432.
17 of 432 steps (4%) done

[Fri Feb  4 20:30:25 2022]
rule inference_simulation_TMB_multiple:
    input: ../data/assessing_models_simulation/datasets/multiple_GenerationMixturefewersignaturespairedObsNmObsDMKidneyChRCCPCAWG_200_200_80_4_-1_NA_NA_NA_dataset6.RDS
    output: ../data/assessing_models_simulation/inference_results/TMB/nlminb/multiple_GenerationMixturefewersignaturespairedObsNmObsDMKidneyChRCCPCAWG_200_200_80_4_-1_fullREM_NA_NA_NA_dataset6.RDS
    log: logs/inference/nlminb/simulation_GenerationMixturefewersignaturespairedObsNmObsDMKidneyChRCCPCAWG_200_200_80_4_-1_ModelfullREM_NA_NA_NA_dataset6.log
    jobid: 11152
    wildcards: optimiser=nlminb, datasetgeneration=GenerationMixturefewersignaturespairedObsNmObsDMKidneyChRCCPCAWG, n=200, nlambda=200, lmbda=80, d=4, beta_intensity=-1, model=fullREM, fixed_beta_intercept=NA, fixed_beta_slope=NA, sdRE_input=NA, itnum=6

Rscript 2_inference_TMB/run_TMB.R --input ../data/assessing_models_simulation/datasets/multiple_GenerationMixturefewersignaturespairedObsNmObsDMKidneyChRCCPCAWG_200_200_80_4_-1_NA_NA_NA_dataset6.RDS --output ../data/assessing_models_simulation/inference_results/TMB/nlminb/multiple_GenerationMixturefewersignaturespairedObsNmObsDMKidneyChRCCPCAWG_200_200_80_4_-1_fullREM_NA_NA_NA_dataset6.RDS --model fullREM --optimiser nlminb  --use_previous_run_startingvals T
[Fri Feb  4 20:30:31 2022]
Finished job 11152.
18 of 432 steps (4%) done

[Fri Feb  4 20:30:31 2022]
rule inference_simulation_TMB_multiple:
    input: ../data/assessing_models_simulation/datasets/multiple_GenerationMixturefewersignaturespairedObsNmObsDMKidneyChRCCPCAWG_200_200_80_4_-1_NA_NA_NA_dataset6.RDS
    output: ../data/assessing_models_simulation/inference_results/TMB/nlminb/multiple_GenerationMixturefewersignaturespairedObsNmObsDMKidneyChRCCPCAWG_200_200_80_4_-1_diagREDM_NA_NA_NA_dataset6.RDS
    log: logs/inference/nlminb/simulation_GenerationMixturefewersignaturespairedObsNmObsDMKidneyChRCCPCAWG_200_200_80_4_-1_ModeldiagREDM_NA_NA_NA_dataset6.log
    jobid: 13132
    wildcards: optimiser=nlminb, datasetgeneration=GenerationMixturefewersignaturespairedObsNmObsDMKidneyChRCCPCAWG, n=200, nlambda=200, lmbda=80, d=4, beta_intensity=-1, model=diagREDM, fixed_beta_intercept=NA, fixed_beta_slope=NA, sdRE_input=NA, itnum=6

Rscript 2_inference_TMB/run_TMB.R --input ../data/assessing_models_simulation/datasets/multiple_GenerationMixturefewersignaturespairedObsNmObsDMKidneyChRCCPCAWG_200_200_80_4_-1_NA_NA_NA_dataset6.RDS --output ../data/assessing_models_simulation/inference_results/TMB/nlminb/multiple_GenerationMixturefewersignaturespairedObsNmObsDMKidneyChRCCPCAWG_200_200_80_4_-1_diagREDM_NA_NA_NA_dataset6.RDS --model diagREDM --optimiser nlminb  --use_previous_run_startingvals T
[Fri Feb  4 20:30:44 2022]
Finished job 13132.
19 of 432 steps (4%) done

[Fri Feb  4 20:30:44 2022]
rule inference_simulation_TMB_multiple:
    input: ../data/assessing_models_simulation/datasets/multiple_GenerationMixturefewersignaturespairedObsNmObsDMKidneyChRCCPCAWG_200_200_80_4_-1_NA_NA_NA_dataset6.RDS
    output: ../data/assessing_models_simulation/inference_results/TMB/nlminb/multiple_GenerationMixturefewersignaturespairedObsNmObsDMKidneyChRCCPCAWG_200_200_80_4_-1_fullREDMsinglelambda_NA_NA_NA_dataset6.RDS
    log: logs/inference/nlminb/simulation_GenerationMixturefewersignaturespairedObsNmObsDMKidneyChRCCPCAWG_200_200_80_4_-1_ModelfullREDMsinglelambda_NA_NA_NA_dataset6.log
    jobid: 11812
    wildcards: optimiser=nlminb, datasetgeneration=GenerationMixturefewersignaturespairedObsNmObsDMKidneyChRCCPCAWG, n=200, nlambda=200, lmbda=80, d=4, beta_intensity=-1, model=fullREDMsinglelambda, fixed_beta_intercept=NA, fixed_beta_slope=NA, sdRE_input=NA, itnum=6

Rscript 2_inference_TMB/run_TMB.R --input ../data/assessing_models_simulation/datasets/multiple_GenerationMixturefewersignaturespairedObsNmObsDMKidneyChRCCPCAWG_200_200_80_4_-1_NA_NA_NA_dataset6.RDS --output ../data/assessing_models_simulation/inference_results/TMB/nlminb/multiple_GenerationMixturefewersignaturespairedObsNmObsDMKidneyChRCCPCAWG_200_200_80_4_-1_fullREDMsinglelambda_NA_NA_NA_dataset6.RDS --model fullREDMsinglelambda --optimiser nlminb  --use_previous_run_startingvals T
[Fri Feb  4 20:30:59 2022]
Finished job 11812.
20 of 432 steps (5%) done

[Fri Feb  4 20:30:59 2022]
rule inference_simulation_TMB_multiple:
    input: ../data/assessing_models_simulation/datasets/multiple_GenerationMixturefewersignaturespairedObsNmObsDMKidneyChRCCPCAWG_200_200_80_4_-1_NA_NA_NA_dataset6.RDS
    output: ../data/assessing_models_simulation/inference_results/TMB/nlminb/multiple_GenerationMixturefewersignaturespairedObsNmObsDMKidneyChRCCPCAWG_200_200_80_4_-1_diagREDMsinglelambda_NA_NA_NA_dataset6.RDS
    log: logs/inference/nlminb/simulation_GenerationMixturefewersignaturespairedObsNmObsDMKidneyChRCCPCAWG_200_200_80_4_-1_ModeldiagREDMsinglelambda_NA_NA_NA_dataset6.log
    jobid: 12472
    wildcards: optimiser=nlminb, datasetgeneration=GenerationMixturefewersignaturespairedObsNmObsDMKidneyChRCCPCAWG, n=200, nlambda=200, lmbda=80, d=4, beta_intensity=-1, model=diagREDMsinglelambda, fixed_beta_intercept=NA, fixed_beta_slope=NA, sdRE_input=NA, itnum=6

Rscript 2_inference_TMB/run_TMB.R --input ../data/assessing_models_simulation/datasets/multiple_GenerationMixturefewersignaturespairedObsNmObsDMKidneyChRCCPCAWG_200_200_80_4_-1_NA_NA_NA_dataset6.RDS --output ../data/assessing_models_simulation/inference_results/TMB/nlminb/multiple_GenerationMixturefewersignaturespairedObsNmObsDMKidneyChRCCPCAWG_200_200_80_4_-1_diagREDMsinglelambda_NA_NA_NA_dataset6.RDS --model diagREDMsinglelambda --optimiser nlminb  --use_previous_run_startingvals T
[Fri Feb  4 20:31:12 2022]
Finished job 12472.
21 of 432 steps (5%) done

[Fri Feb  4 20:31:12 2022]
rule simulate_for_comparison_multiple:
    input: ../data/assessing_models_simulation/GenerationMixturefewersignaturespairedObsNmObsDMCNSGBMPCAWG
    output: ../data/assessing_models_simulation/datasets/multiple_GenerationMixturefewersignaturespairedObsNmObsDMCNSGBMPCAWG_50_200_80_4_-2_NA_NA_NA_dataset12.RDS
    jobid: 13338
    wildcards: datasetgeneration=GenerationMixturefewersignaturespairedObsNmObsDMCNSGBMPCAWG, n=50, nlambda=200, lmbda=80, d=4, beta_intensity=-2, fixed_beta_intercept=NA, fixed_beta_slope=NA, sdRE_input=NA, itnum=12

Rscript --vanilla 3_analysis/simulation_model_assessment/generate_datasets_simulations/GenerationMixturefewersignaturespairedObsNmObsDMCNSGBMPCAWG.R --input ../data/assessing_models_simulation/GenerationMixturefewersignaturespairedObsNmObsDMCNSGBMPCAWG --d 4 --n 50 --nlambda 200 --lambda 80 --beta_gamma_shape -2 --outfile ../data/assessing_models_simulation/datasets/multiple_GenerationMixturefewersignaturespairedObsNmObsDMCNSGBMPCAWG_50_200_80_4_-2_NA_NA_NA_dataset12.RDS --beta_intercept_input NA --beta_slope_input NA --sdRE_input NA
[Fri Feb  4 20:31:14 2022]
Finished job 13338.
22 of 432 steps (5%) done

[Fri Feb  4 20:31:14 2022]
rule inference_simulation_TMB_multiple:
    input: ../data/assessing_models_simulation/datasets/multiple_GenerationMixturefewersignaturespairedObsNmObsDMCNSGBMPCAWG_50_200_80_4_-2_NA_NA_NA_dataset12.RDS
    output: ../data/assessing_models_simulation/inference_results/TMB/nlminb/multiple_GenerationMixturefewersignaturespairedObsNmObsDMCNSGBMPCAWG_50_200_80_4_-2_fullREM_NA_NA_NA_dataset12.RDS
    log: logs/inference/nlminb/simulation_GenerationMixturefewersignaturespairedObsNmObsDMCNSGBMPCAWG_50_200_80_4_-2_ModelfullREM_NA_NA_NA_dataset12.log
    jobid: 138
    wildcards: optimiser=nlminb, datasetgeneration=GenerationMixturefewersignaturespairedObsNmObsDMCNSGBMPCAWG, n=50, nlambda=200, lmbda=80, d=4, beta_intensity=-2, model=fullREM, fixed_beta_intercept=NA, fixed_beta_slope=NA, sdRE_input=NA, itnum=12

Rscript 2_inference_TMB/run_TMB.R --input ../data/assessing_models_simulation/datasets/multiple_GenerationMixturefewersignaturespairedObsNmObsDMCNSGBMPCAWG_50_200_80_4_-2_NA_NA_NA_dataset12.RDS --output ../data/assessing_models_simulation/inference_results/TMB/nlminb/multiple_GenerationMixturefewersignaturespairedObsNmObsDMCNSGBMPCAWG_50_200_80_4_-2_fullREM_NA_NA_NA_dataset12.RDS --model fullREM --optimiser nlminb  --use_previous_run_startingvals T
[Fri Feb  4 20:31:18 2022]
Finished job 138.
23 of 432 steps (5%) done

[Fri Feb  4 20:31:18 2022]
rule inference_simulation_TMB_multiple:
    input: ../data/assessing_models_simulation/datasets/multiple_GenerationMixturefewersignaturespairedObsNmObsDMCNSGBMPCAWG_50_200_80_4_-2_NA_NA_NA_dataset12.RDS
    output: ../data/assessing_models_simulation/inference_results/TMB/nlminb/multiple_GenerationMixturefewersignaturespairedObsNmObsDMCNSGBMPCAWG_50_200_80_4_-2_diagREDM_NA_NA_NA_dataset12.RDS
    log: logs/inference/nlminb/simulation_GenerationMixturefewersignaturespairedObsNmObsDMCNSGBMPCAWG_50_200_80_4_-2_ModeldiagREDM_NA_NA_NA_dataset12.log
    jobid: 2118
    wildcards: optimiser=nlminb, datasetgeneration=GenerationMixturefewersignaturespairedObsNmObsDMCNSGBMPCAWG, n=50, nlambda=200, lmbda=80, d=4, beta_intensity=-2, model=diagREDM, fixed_beta_intercept=NA, fixed_beta_slope=NA, sdRE_input=NA, itnum=12

Rscript 2_inference_TMB/run_TMB.R --input ../data/assessing_models_simulation/datasets/multiple_GenerationMixturefewersignaturespairedObsNmObsDMCNSGBMPCAWG_50_200_80_4_-2_NA_NA_NA_dataset12.RDS --output ../data/assessing_models_simulation/inference_results/TMB/nlminb/multiple_GenerationMixturefewersignaturespairedObsNmObsDMCNSGBMPCAWG_50_200_80_4_-2_diagREDM_NA_NA_NA_dataset12.RDS --model diagREDM --optimiser nlminb  --use_previous_run_startingvals T
[Fri Feb  4 20:31:23 2022]
Finished job 2118.
24 of 432 steps (6%) done

[Fri Feb  4 20:31:23 2022]
rule inference_simulation_TMB_multiple:
    input: ../data/assessing_models_simulation/datasets/multiple_GenerationMixturefewersignaturespairedObsNmObsDMCNSGBMPCAWG_50_200_80_4_-2_NA_NA_NA_dataset12.RDS
    output: ../data/assessing_models_simulation/inference_results/TMB/nlminb/multiple_GenerationMixturefewersignaturespairedObsNmObsDMCNSGBMPCAWG_50_200_80_4_-2_fullREDMsinglelambda_NA_NA_NA_dataset12.RDS
    log: logs/inference/nlminb/simulation_GenerationMixturefewersignaturespairedObsNmObsDMCNSGBMPCAWG_50_200_80_4_-2_ModelfullREDMsinglelambda_NA_NA_NA_dataset12.log
    jobid: 798
    wildcards: optimiser=nlminb, datasetgeneration=GenerationMixturefewersignaturespairedObsNmObsDMCNSGBMPCAWG, n=50, nlambda=200, lmbda=80, d=4, beta_intensity=-2, model=fullREDMsinglelambda, fixed_beta_intercept=NA, fixed_beta_slope=NA, sdRE_input=NA, itnum=12

Rscript 2_inference_TMB/run_TMB.R --input ../data/assessing_models_simulation/datasets/multiple_GenerationMixturefewersignaturespairedObsNmObsDMCNSGBMPCAWG_50_200_80_4_-2_NA_NA_NA_dataset12.RDS --output ../data/assessing_models_simulation/inference_results/TMB/nlminb/multiple_GenerationMixturefewersignaturespairedObsNmObsDMCNSGBMPCAWG_50_200_80_4_-2_fullREDMsinglelambda_NA_NA_NA_dataset12.RDS --model fullREDMsinglelambda --optimiser nlminb  --use_previous_run_startingvals T
[Fri Feb  4 20:31:28 2022]
Error in rule inference_simulation_TMB_multiple:
    jobid: 798
    output: ../data/assessing_models_simulation/inference_results/TMB/nlminb/multiple_GenerationMixturefewersignaturespairedObsNmObsDMCNSGBMPCAWG_50_200_80_4_-2_fullREDMsinglelambda_NA_NA_NA_dataset12.RDS
    log: logs/inference/nlminb/simulation_GenerationMixturefewersignaturespairedObsNmObsDMCNSGBMPCAWG_50_200_80_4_-2_ModelfullREDMsinglelambda_NA_NA_NA_dataset12.log (check log file(s) for error message)
    shell:
        Rscript 2_inference_TMB/run_TMB.R --input ../data/assessing_models_simulation/datasets/multiple_GenerationMixturefewersignaturespairedObsNmObsDMCNSGBMPCAWG_50_200_80_4_-2_NA_NA_NA_dataset12.RDS --output ../data/assessing_models_simulation/inference_results/TMB/nlminb/multiple_GenerationMixturefewersignaturespairedObsNmObsDMCNSGBMPCAWG_50_200_80_4_-2_fullREDMsinglelambda_NA_NA_NA_dataset12.RDS --model fullREDMsinglelambda --optimiser nlminb  --use_previous_run_startingvals T

Shutting down, this might take some time.
Exiting because a job execution failed. Look above for error message
Complete log: /Users/morril01/Documents/PhD/GlobalDA/code/.snakemake/log/2022-02-04T202742.603293.snakemake.log
