Building DAG of jobs...
Using shell: /usr/local/bin/bash
Provided cores: 1
Rules claiming more threads will be scaled down.
Job counts:
	count	jobs
	1	all
	4	analyse_simulation_TMB_multiple
	1	analyse_simulation_TMB_multiple_integrate
	928	inference_simulation_TMB_multiple
	231	simulate_for_comparison_multiple
	1165

[Fri Jan 14 04:00:08 2022]
rule inference_simulation_TMB_multiple:
    input: ../data/assessing_models_simulation/datasets/multiple_GenerationMixturefewersignaturespairedstomachPCAWG_100_200_80_4_8_NA_NA_NA_dataset9.RDS
    output: ../data/assessing_models_simulation/inference_results/TMB/nlminb/multiple_GenerationMixturefewersignaturespairedstomachPCAWG_100_200_80_4_8_fullREM_NA_NA_NA_dataset9.RDS
    log: logs/inference/nlminb/simulation_GenerationMixturefewersignaturespairedstomachPCAWG_100_200_80_4_8_ModelfullREM_NA_NA_NA_dataset9.log
    jobid: 3060
    wildcards: optimiser=nlminb, datasetgeneration=GenerationMixturefewersignaturespairedstomachPCAWG, n=100, nlambda=200, lmbda=80, d=4, beta_intensity=8, model=fullREM, fixed_beta_intercept=NA, fixed_beta_slope=NA, sdRE_input=NA, itnum=9

Rscript 2_inference_TMB/run_TMB.R --input ../data/assessing_models_simulation/datasets/multiple_GenerationMixturefewersignaturespairedstomachPCAWG_100_200_80_4_8_NA_NA_NA_dataset9.RDS --output ../data/assessing_models_simulation/inference_results/TMB/nlminb/multiple_GenerationMixturefewersignaturespairedstomachPCAWG_100_200_80_4_8_fullREM_NA_NA_NA_dataset9.RDS --model fullREM --optimiser nlminb  --use_previous_run_startingvals T
[Fri Jan 14 04:00:12 2022]
Finished job 3060.
1 of 1165 steps (0.09%) done

[Fri Jan 14 04:00:12 2022]
rule inference_simulation_TMB_multiple:
    input: ../data/assessing_models_simulation/datasets/multiple_GenerationMixturefewersignaturespairedstomachPCAWG_100_200_80_4_8_NA_NA_NA_dataset9.RDS
    output: ../data/assessing_models_simulation/inference_results/TMB/nlminb/multiple_GenerationMixturefewersignaturespairedstomachPCAWG_100_200_80_4_8_fullREDMsinglelambda_NA_NA_NA_dataset9.RDS
    log: logs/inference/nlminb/simulation_GenerationMixturefewersignaturespairedstomachPCAWG_100_200_80_4_8_ModelfullREDMsinglelambda_NA_NA_NA_dataset9.log
    jobid: 3720
    wildcards: optimiser=nlminb, datasetgeneration=GenerationMixturefewersignaturespairedstomachPCAWG, n=100, nlambda=200, lmbda=80, d=4, beta_intensity=8, model=fullREDMsinglelambda, fixed_beta_intercept=NA, fixed_beta_slope=NA, sdRE_input=NA, itnum=9

Rscript 2_inference_TMB/run_TMB.R --input ../data/assessing_models_simulation/datasets/multiple_GenerationMixturefewersignaturespairedstomachPCAWG_100_200_80_4_8_NA_NA_NA_dataset9.RDS --output ../data/assessing_models_simulation/inference_results/TMB/nlminb/multiple_GenerationMixturefewersignaturespairedstomachPCAWG_100_200_80_4_8_fullREDMsinglelambda_NA_NA_NA_dataset9.RDS --model fullREDMsinglelambda --optimiser nlminb  --use_previous_run_startingvals T
[Fri Jan 14 04:00:21 2022]
Finished job 3720.
2 of 1165 steps (0.17%) done

[Fri Jan 14 04:00:21 2022]
rule inference_simulation_TMB_multiple:
    input: ../data/assessing_models_simulation/datasets/multiple_GenerationMixturefewersignaturespairedstomachPCAWG_100_200_80_4_8_NA_NA_NA_dataset9.RDS
    output: ../data/assessing_models_simulation/inference_results/TMB/nlminb/multiple_GenerationMixturefewersignaturespairedstomachPCAWG_100_200_80_4_8_diagREDM_NA_NA_NA_dataset9.RDS
    log: logs/inference/nlminb/simulation_GenerationMixturefewersignaturespairedstomachPCAWG_100_200_80_4_8_ModeldiagREDM_NA_NA_NA_dataset9.log
    jobid: 5040
    wildcards: optimiser=nlminb, datasetgeneration=GenerationMixturefewersignaturespairedstomachPCAWG, n=100, nlambda=200, lmbda=80, d=4, beta_intensity=8, model=diagREDM, fixed_beta_intercept=NA, fixed_beta_slope=NA, sdRE_input=NA, itnum=9

Rscript 2_inference_TMB/run_TMB.R --input ../data/assessing_models_simulation/datasets/multiple_GenerationMixturefewersignaturespairedstomachPCAWG_100_200_80_4_8_NA_NA_NA_dataset9.RDS --output ../data/assessing_models_simulation/inference_results/TMB/nlminb/multiple_GenerationMixturefewersignaturespairedstomachPCAWG_100_200_80_4_8_diagREDM_NA_NA_NA_dataset9.RDS --model diagREDM --optimiser nlminb  --use_previous_run_startingvals T
[Fri Jan 14 04:00:29 2022]
Finished job 5040.
3 of 1165 steps (0.26%) done

[Fri Jan 14 04:00:29 2022]
rule inference_simulation_TMB_multiple:
    input: ../data/assessing_models_simulation/datasets/multiple_GenerationMixturefewersignaturespairedstomachPCAWG_100_200_80_4_8_NA_NA_NA_dataset9.RDS
    output: ../data/assessing_models_simulation/inference_results/TMB/nlminb/multiple_GenerationMixturefewersignaturespairedstomachPCAWG_100_200_80_4_8_diagREDMsinglelambda_NA_NA_NA_dataset9.RDS
    log: logs/inference/nlminb/simulation_GenerationMixturefewersignaturespairedstomachPCAWG_100_200_80_4_8_ModeldiagREDMsinglelambda_NA_NA_NA_dataset9.log
    jobid: 4380
    wildcards: optimiser=nlminb, datasetgeneration=GenerationMixturefewersignaturespairedstomachPCAWG, n=100, nlambda=200, lmbda=80, d=4, beta_intensity=8, model=diagREDMsinglelambda, fixed_beta_intercept=NA, fixed_beta_slope=NA, sdRE_input=NA, itnum=9

Rscript 2_inference_TMB/run_TMB.R --input ../data/assessing_models_simulation/datasets/multiple_GenerationMixturefewersignaturespairedstomachPCAWG_100_200_80_4_8_NA_NA_NA_dataset9.RDS --output ../data/assessing_models_simulation/inference_results/TMB/nlminb/multiple_GenerationMixturefewersignaturespairedstomachPCAWG_100_200_80_4_8_diagREDMsinglelambda_NA_NA_NA_dataset9.RDS --model diagREDMsinglelambda --optimiser nlminb  --use_previous_run_startingvals T
[Fri Jan 14 04:00:34 2022]
Finished job 4380.
4 of 1165 steps (0.34%) done

[Fri Jan 14 04:00:34 2022]
rule simulate_for_comparison_multiple:
    input: ../data/assessing_models_simulation/GenerationMixturefewersignaturespairedstomachPCAWG
    output: ../data/assessing_models_simulation/datasets/multiple_GenerationMixturefewersignaturespairedstomachPCAWG_200_200_80_4_0_NA_NA_NA_dataset2.RDS
    jobid: 6533
    wildcards: datasetgeneration=GenerationMixturefewersignaturespairedstomachPCAWG, n=200, nlambda=200, lmbda=80, d=4, beta_intensity=0, fixed_beta_intercept=NA, fixed_beta_slope=NA, sdRE_input=NA, itnum=2

Rscript --vanilla 3_analysis/simulation_model_assessment/generate_datasets_simulations/GenerationMixturefewersignaturespairedstomachPCAWG.R --input ../data/assessing_models_simulation/GenerationMixturefewersignaturespairedstomachPCAWG --d 4 --n 200 --nlambda 200 --lambda 80 --beta_gamma_shape 0 --outfile ../data/assessing_models_simulation/datasets/multiple_GenerationMixturefewersignaturespairedstomachPCAWG_200_200_80_4_0_NA_NA_NA_dataset2.RDS --beta_intercept_input NA --beta_slope_input NA --sdRE_input NA
[Fri Jan 14 04:00:34 2022]
Finished job 6533.
5 of 1165 steps (0.43%) done

[Fri Jan 14 04:00:34 2022]
rule inference_simulation_TMB_multiple:
    input: ../data/assessing_models_simulation/datasets/multiple_GenerationMixturefewersignaturespairedstomachPCAWG_200_200_80_4_0_NA_NA_NA_dataset2.RDS
    output: ../data/assessing_models_simulation/inference_results/TMB/nlminb/multiple_GenerationMixturefewersignaturespairedstomachPCAWG_200_200_80_4_0_fullREDMsinglelambda_NA_NA_NA_dataset2.RDS
    log: logs/inference/nlminb/simulation_GenerationMixturefewersignaturespairedstomachPCAWG_200_200_80_4_0_ModelfullREDMsinglelambda_NA_NA_NA_dataset2.log
    jobid: 3893
    wildcards: optimiser=nlminb, datasetgeneration=GenerationMixturefewersignaturespairedstomachPCAWG, n=200, nlambda=200, lmbda=80, d=4, beta_intensity=0, model=fullREDMsinglelambda, fixed_beta_intercept=NA, fixed_beta_slope=NA, sdRE_input=NA, itnum=2

Rscript 2_inference_TMB/run_TMB.R --input ../data/assessing_models_simulation/datasets/multiple_GenerationMixturefewersignaturespairedstomachPCAWG_200_200_80_4_0_NA_NA_NA_dataset2.RDS --output ../data/assessing_models_simulation/inference_results/TMB/nlminb/multiple_GenerationMixturefewersignaturespairedstomachPCAWG_200_200_80_4_0_fullREDMsinglelambda_NA_NA_NA_dataset2.RDS --model fullREDMsinglelambda --optimiser nlminb  --use_previous_run_startingvals T
[Fri Jan 14 04:00:50 2022]
Finished job 3893.
6 of 1165 steps (0.52%) done

[Fri Jan 14 04:00:50 2022]
rule inference_simulation_TMB_multiple:
    input: ../data/assessing_models_simulation/datasets/multiple_GenerationMixturefewersignaturespairedstomachPCAWG_200_200_80_4_0_NA_NA_NA_dataset2.RDS
    output: ../data/assessing_models_simulation/inference_results/TMB/nlminb/multiple_GenerationMixturefewersignaturespairedstomachPCAWG_200_200_80_4_0_fullREM_NA_NA_NA_dataset2.RDS
    log: logs/inference/nlminb/simulation_GenerationMixturefewersignaturespairedstomachPCAWG_200_200_80_4_0_ModelfullREM_NA_NA_NA_dataset2.log
    jobid: 3233
    wildcards: optimiser=nlminb, datasetgeneration=GenerationMixturefewersignaturespairedstomachPCAWG, n=200, nlambda=200, lmbda=80, d=4, beta_intensity=0, model=fullREM, fixed_beta_intercept=NA, fixed_beta_slope=NA, sdRE_input=NA, itnum=2

Rscript 2_inference_TMB/run_TMB.R --input ../data/assessing_models_simulation/datasets/multiple_GenerationMixturefewersignaturespairedstomachPCAWG_200_200_80_4_0_NA_NA_NA_dataset2.RDS --output ../data/assessing_models_simulation/inference_results/TMB/nlminb/multiple_GenerationMixturefewersignaturespairedstomachPCAWG_200_200_80_4_0_fullREM_NA_NA_NA_dataset2.RDS --model fullREM --optimiser nlminb  --use_previous_run_startingvals T
[Fri Jan 14 04:00:56 2022]
Finished job 3233.
7 of 1165 steps (0.60%) done

[Fri Jan 14 04:00:56 2022]
rule inference_simulation_TMB_multiple:
    input: ../data/assessing_models_simulation/datasets/multiple_GenerationMixturefewersignaturespairedstomachPCAWG_200_200_80_4_0_NA_NA_NA_dataset2.RDS
    output: ../data/assessing_models_simulation/inference_results/TMB/nlminb/multiple_GenerationMixturefewersignaturespairedstomachPCAWG_200_200_80_4_0_diagREDM_NA_NA_NA_dataset2.RDS
    log: logs/inference/nlminb/simulation_GenerationMixturefewersignaturespairedstomachPCAWG_200_200_80_4_0_ModeldiagREDM_NA_NA_NA_dataset2.log
    jobid: 5213
    wildcards: optimiser=nlminb, datasetgeneration=GenerationMixturefewersignaturespairedstomachPCAWG, n=200, nlambda=200, lmbda=80, d=4, beta_intensity=0, model=diagREDM, fixed_beta_intercept=NA, fixed_beta_slope=NA, sdRE_input=NA, itnum=2

Rscript 2_inference_TMB/run_TMB.R --input ../data/assessing_models_simulation/datasets/multiple_GenerationMixturefewersignaturespairedstomachPCAWG_200_200_80_4_0_NA_NA_NA_dataset2.RDS --output ../data/assessing_models_simulation/inference_results/TMB/nlminb/multiple_GenerationMixturefewersignaturespairedstomachPCAWG_200_200_80_4_0_diagREDM_NA_NA_NA_dataset2.RDS --model diagREDM --optimiser nlminb  --use_previous_run_startingvals T
[Fri Jan 14 04:01:10 2022]
Finished job 5213.
8 of 1165 steps (0.69%) done

[Fri Jan 14 04:01:10 2022]
rule inference_simulation_TMB_multiple:
    input: ../data/assessing_models_simulation/datasets/multiple_GenerationMixturefewersignaturespairedstomachPCAWG_200_200_80_4_0_NA_NA_NA_dataset2.RDS
    output: ../data/assessing_models_simulation/inference_results/TMB/nlminb/multiple_GenerationMixturefewersignaturespairedstomachPCAWG_200_200_80_4_0_diagREDMsinglelambda_NA_NA_NA_dataset2.RDS
    log: logs/inference/nlminb/simulation_GenerationMixturefewersignaturespairedstomachPCAWG_200_200_80_4_0_ModeldiagREDMsinglelambda_NA_NA_NA_dataset2.log
    jobid: 4553
    wildcards: optimiser=nlminb, datasetgeneration=GenerationMixturefewersignaturespairedstomachPCAWG, n=200, nlambda=200, lmbda=80, d=4, beta_intensity=0, model=diagREDMsinglelambda, fixed_beta_intercept=NA, fixed_beta_slope=NA, sdRE_input=NA, itnum=2

Rscript 2_inference_TMB/run_TMB.R --input ../data/assessing_models_simulation/datasets/multiple_GenerationMixturefewersignaturespairedstomachPCAWG_200_200_80_4_0_NA_NA_NA_dataset2.RDS --output ../data/assessing_models_simulation/inference_results/TMB/nlminb/multiple_GenerationMixturefewersignaturespairedstomachPCAWG_200_200_80_4_0_diagREDMsinglelambda_NA_NA_NA_dataset2.RDS --model diagREDMsinglelambda --optimiser nlminb  --use_previous_run_startingvals T
[Fri Jan 14 04:01:20 2022]
Finished job 4553.
9 of 1165 steps (0.77%) done

[Fri Jan 14 04:01:20 2022]
rule simulate_for_comparison_multiple:
    input: ../data/assessing_models_simulation/GenerationMixturefewersignaturespairedstomachPCAWG
    output: ../data/assessing_models_simulation/datasets/multiple_GenerationMixturefewersignaturespairedstomachPCAWG_100_200_80_4_-1_NA_NA_NA_dataset12.RDS
    jobid: 6303
    wildcards: datasetgeneration=GenerationMixturefewersignaturespairedstomachPCAWG, n=100, nlambda=200, lmbda=80, d=4, beta_intensity=-1, fixed_beta_intercept=NA, fixed_beta_slope=NA, sdRE_input=NA, itnum=12

Rscript --vanilla 3_analysis/simulation_model_assessment/generate_datasets_simulations/GenerationMixturefewersignaturespairedstomachPCAWG.R --input ../data/assessing_models_simulation/GenerationMixturefewersignaturespairedstomachPCAWG --d 4 --n 100 --nlambda 200 --lambda 80 --beta_gamma_shape -1 --outfile ../data/assessing_models_simulation/datasets/multiple_GenerationMixturefewersignaturespairedstomachPCAWG_100_200_80_4_-1_NA_NA_NA_dataset12.RDS --beta_intercept_input NA --beta_slope_input NA --sdRE_input NA
[Fri Jan 14 04:01:20 2022]
Finished job 6303.
10 of 1165 steps (0.86%) done

[Fri Jan 14 04:01:20 2022]
rule inference_simulation_TMB_multiple:
    input: ../data/assessing_models_simulation/datasets/multiple_GenerationMixturefewersignaturespairedstomachPCAWG_100_200_80_4_-1_NA_NA_NA_dataset12.RDS
    output: ../data/assessing_models_simulation/inference_results/TMB/nlminb/multiple_GenerationMixturefewersignaturespairedstomachPCAWG_100_200_80_4_-1_fullREDMsinglelambda_NA_NA_NA_dataset12.RDS
    log: logs/inference/nlminb/simulation_GenerationMixturefewersignaturespairedstomachPCAWG_100_200_80_4_-1_ModelfullREDMsinglelambda_NA_NA_NA_dataset12.log
    jobid: 3663
    wildcards: optimiser=nlminb, datasetgeneration=GenerationMixturefewersignaturespairedstomachPCAWG, n=100, nlambda=200, lmbda=80, d=4, beta_intensity=-1, model=fullREDMsinglelambda, fixed_beta_intercept=NA, fixed_beta_slope=NA, sdRE_input=NA, itnum=12

Rscript 2_inference_TMB/run_TMB.R --input ../data/assessing_models_simulation/datasets/multiple_GenerationMixturefewersignaturespairedstomachPCAWG_100_200_80_4_-1_NA_NA_NA_dataset12.RDS --output ../data/assessing_models_simulation/inference_results/TMB/nlminb/multiple_GenerationMixturefewersignaturespairedstomachPCAWG_100_200_80_4_-1_fullREDMsinglelambda_NA_NA_NA_dataset12.RDS --model fullREDMsinglelambda --optimiser nlminb  --use_previous_run_startingvals T
[Fri Jan 14 04:01:29 2022]
Finished job 3663.
11 of 1165 steps (0.94%) done

[Fri Jan 14 04:01:29 2022]
rule inference_simulation_TMB_multiple:
    input: ../data/assessing_models_simulation/datasets/multiple_GenerationMixturefewersignaturespairedstomachPCAWG_100_200_80_4_-1_NA_NA_NA_dataset12.RDS
    output: ../data/assessing_models_simulation/inference_results/TMB/nlminb/multiple_GenerationMixturefewersignaturespairedstomachPCAWG_100_200_80_4_-1_fullREM_NA_NA_NA_dataset12.RDS
    log: logs/inference/nlminb/simulation_GenerationMixturefewersignaturespairedstomachPCAWG_100_200_80_4_-1_ModelfullREM_NA_NA_NA_dataset12.log
    jobid: 3003
    wildcards: optimiser=nlminb, datasetgeneration=GenerationMixturefewersignaturespairedstomachPCAWG, n=100, nlambda=200, lmbda=80, d=4, beta_intensity=-1, model=fullREM, fixed_beta_intercept=NA, fixed_beta_slope=NA, sdRE_input=NA, itnum=12

Rscript 2_inference_TMB/run_TMB.R --input ../data/assessing_models_simulation/datasets/multiple_GenerationMixturefewersignaturespairedstomachPCAWG_100_200_80_4_-1_NA_NA_NA_dataset12.RDS --output ../data/assessing_models_simulation/inference_results/TMB/nlminb/multiple_GenerationMixturefewersignaturespairedstomachPCAWG_100_200_80_4_-1_fullREM_NA_NA_NA_dataset12.RDS --model fullREM --optimiser nlminb  --use_previous_run_startingvals T
[Fri Jan 14 04:01:33 2022]
Finished job 3003.
12 of 1165 steps (1%) done

[Fri Jan 14 04:01:33 2022]
rule inference_simulation_TMB_multiple:
    input: ../data/assessing_models_simulation/datasets/multiple_GenerationMixturefewersignaturespairedstomachPCAWG_100_200_80_4_-1_NA_NA_NA_dataset12.RDS
    output: ../data/assessing_models_simulation/inference_results/TMB/nlminb/multiple_GenerationMixturefewersignaturespairedstomachPCAWG_100_200_80_4_-1_diagREDM_NA_NA_NA_dataset12.RDS
    log: logs/inference/nlminb/simulation_GenerationMixturefewersignaturespairedstomachPCAWG_100_200_80_4_-1_ModeldiagREDM_NA_NA_NA_dataset12.log
    jobid: 4983
    wildcards: optimiser=nlminb, datasetgeneration=GenerationMixturefewersignaturespairedstomachPCAWG, n=100, nlambda=200, lmbda=80, d=4, beta_intensity=-1, model=diagREDM, fixed_beta_intercept=NA, fixed_beta_slope=NA, sdRE_input=NA, itnum=12

Rscript 2_inference_TMB/run_TMB.R --input ../data/assessing_models_simulation/datasets/multiple_GenerationMixturefewersignaturespairedstomachPCAWG_100_200_80_4_-1_NA_NA_NA_dataset12.RDS --output ../data/assessing_models_simulation/inference_results/TMB/nlminb/multiple_GenerationMixturefewersignaturespairedstomachPCAWG_100_200_80_4_-1_diagREDM_NA_NA_NA_dataset12.RDS --model diagREDM --optimiser nlminb  --use_previous_run_startingvals T
[Fri Jan 14 04:01:40 2022]
Finished job 4983.
13 of 1165 steps (1%) done

[Fri Jan 14 04:01:40 2022]
rule inference_simulation_TMB_multiple:
    input: ../data/assessing_models_simulation/datasets/multiple_GenerationMixturefewersignaturespairedstomachPCAWG_100_200_80_4_-1_NA_NA_NA_dataset12.RDS
    output: ../data/assessing_models_simulation/inference_results/TMB/nlminb/multiple_GenerationMixturefewersignaturespairedstomachPCAWG_100_200_80_4_-1_diagREDMsinglelambda_NA_NA_NA_dataset12.RDS
    log: logs/inference/nlminb/simulation_GenerationMixturefewersignaturespairedstomachPCAWG_100_200_80_4_-1_ModeldiagREDMsinglelambda_NA_NA_NA_dataset12.log
    jobid: 4323
    wildcards: optimiser=nlminb, datasetgeneration=GenerationMixturefewersignaturespairedstomachPCAWG, n=100, nlambda=200, lmbda=80, d=4, beta_intensity=-1, model=diagREDMsinglelambda, fixed_beta_intercept=NA, fixed_beta_slope=NA, sdRE_input=NA, itnum=12

Rscript 2_inference_TMB/run_TMB.R --input ../data/assessing_models_simulation/datasets/multiple_GenerationMixturefewersignaturespairedstomachPCAWG_100_200_80_4_-1_NA_NA_NA_dataset12.RDS --output ../data/assessing_models_simulation/inference_results/TMB/nlminb/multiple_GenerationMixturefewersignaturespairedstomachPCAWG_100_200_80_4_-1_diagREDMsinglelambda_NA_NA_NA_dataset12.RDS --model diagREDMsinglelambda --optimiser nlminb  --use_previous_run_startingvals T
[Fri Jan 14 04:01:47 2022]
Finished job 4323.
14 of 1165 steps (1%) done

[Fri Jan 14 04:01:47 2022]
rule simulate_for_comparison_multiple:
    input: ../data/assessing_models_simulation/GenerationMixturefewersignaturespairedstomachPCAWG
    output: ../data/assessing_models_simulation/datasets/multiple_GenerationMixturefewersignaturespairedstomachPCAWG_100_200_80_4_-8_NA_NA_NA_dataset8.RDS
    jobid: 6239
    wildcards: datasetgeneration=GenerationMixturefewersignaturespairedstomachPCAWG, n=100, nlambda=200, lmbda=80, d=4, beta_intensity=-8, fixed_beta_intercept=NA, fixed_beta_slope=NA, sdRE_input=NA, itnum=8

Rscript --vanilla 3_analysis/simulation_model_assessment/generate_datasets_simulations/GenerationMixturefewersignaturespairedstomachPCAWG.R --input ../data/assessing_models_simulation/GenerationMixturefewersignaturespairedstomachPCAWG --d 4 --n 100 --nlambda 200 --lambda 80 --beta_gamma_shape -8 --outfile ../data/assessing_models_simulation/datasets/multiple_GenerationMixturefewersignaturespairedstomachPCAWG_100_200_80_4_-8_NA_NA_NA_dataset8.RDS --beta_intercept_input NA --beta_slope_input NA --sdRE_input NA
[Fri Jan 14 04:01:47 2022]
Finished job 6239.
15 of 1165 steps (1%) done

[Fri Jan 14 04:01:47 2022]
rule inference_simulation_TMB_multiple:
    input: ../data/assessing_models_simulation/datasets/multiple_GenerationMixturefewersignaturespairedstomachPCAWG_100_200_80_4_-8_NA_NA_NA_dataset8.RDS
    output: ../data/assessing_models_simulation/inference_results/TMB/nlminb/multiple_GenerationMixturefewersignaturespairedstomachPCAWG_100_200_80_4_-8_fullREDMsinglelambda_NA_NA_NA_dataset8.RDS
    log: logs/inference/nlminb/simulation_GenerationMixturefewersignaturespairedstomachPCAWG_100_200_80_4_-8_ModelfullREDMsinglelambda_NA_NA_NA_dataset8.log
    jobid: 3599
    wildcards: optimiser=nlminb, datasetgeneration=GenerationMixturefewersignaturespairedstomachPCAWG, n=100, nlambda=200, lmbda=80, d=4, beta_intensity=-8, model=fullREDMsinglelambda, fixed_beta_intercept=NA, fixed_beta_slope=NA, sdRE_input=NA, itnum=8

Rscript 2_inference_TMB/run_TMB.R --input ../data/assessing_models_simulation/datasets/multiple_GenerationMixturefewersignaturespairedstomachPCAWG_100_200_80_4_-8_NA_NA_NA_dataset8.RDS --output ../data/assessing_models_simulation/inference_results/TMB/nlminb/multiple_GenerationMixturefewersignaturespairedstomachPCAWG_100_200_80_4_-8_fullREDMsinglelambda_NA_NA_NA_dataset8.RDS --model fullREDMsinglelambda --optimiser nlminb  --use_previous_run_startingvals T
[Fri Jan 14 04:01:56 2022]
Finished job 3599.
16 of 1165 steps (1%) done

[Fri Jan 14 04:01:56 2022]
rule inference_simulation_TMB_multiple:
    input: ../data/assessing_models_simulation/datasets/multiple_GenerationMixturefewersignaturespairedstomachPCAWG_100_200_80_4_-8_NA_NA_NA_dataset8.RDS
    output: ../data/assessing_models_simulation/inference_results/TMB/nlminb/multiple_GenerationMixturefewersignaturespairedstomachPCAWG_100_200_80_4_-8_fullREM_NA_NA_NA_dataset8.RDS
    log: logs/inference/nlminb/simulation_GenerationMixturefewersignaturespairedstomachPCAWG_100_200_80_4_-8_ModelfullREM_NA_NA_NA_dataset8.log
    jobid: 2939
    wildcards: optimiser=nlminb, datasetgeneration=GenerationMixturefewersignaturespairedstomachPCAWG, n=100, nlambda=200, lmbda=80, d=4, beta_intensity=-8, model=fullREM, fixed_beta_intercept=NA, fixed_beta_slope=NA, sdRE_input=NA, itnum=8

Rscript 2_inference_TMB/run_TMB.R --input ../data/assessing_models_simulation/datasets/multiple_GenerationMixturefewersignaturespairedstomachPCAWG_100_200_80_4_-8_NA_NA_NA_dataset8.RDS --output ../data/assessing_models_simulation/inference_results/TMB/nlminb/multiple_GenerationMixturefewersignaturespairedstomachPCAWG_100_200_80_4_-8_fullREM_NA_NA_NA_dataset8.RDS --model fullREM --optimiser nlminb  --use_previous_run_startingvals T
[Fri Jan 14 04:02:00 2022]
Finished job 2939.
17 of 1165 steps (1%) done

[Fri Jan 14 04:02:00 2022]
rule inference_simulation_TMB_multiple:
    input: ../data/assessing_models_simulation/datasets/multiple_GenerationMixturefewersignaturespairedstomachPCAWG_100_200_80_4_-8_NA_NA_NA_dataset8.RDS
    output: ../data/assessing_models_simulation/inference_results/TMB/nlminb/multiple_GenerationMixturefewersignaturespairedstomachPCAWG_100_200_80_4_-8_diagREDM_NA_NA_NA_dataset8.RDS
    log: logs/inference/nlminb/simulation_GenerationMixturefewersignaturespairedstomachPCAWG_100_200_80_4_-8_ModeldiagREDM_NA_NA_NA_dataset8.log
    jobid: 4919
    wildcards: optimiser=nlminb, datasetgeneration=GenerationMixturefewersignaturespairedstomachPCAWG, n=100, nlambda=200, lmbda=80, d=4, beta_intensity=-8, model=diagREDM, fixed_beta_intercept=NA, fixed_beta_slope=NA, sdRE_input=NA, itnum=8

Rscript 2_inference_TMB/run_TMB.R --input ../data/assessing_models_simulation/datasets/multiple_GenerationMixturefewersignaturespairedstomachPCAWG_100_200_80_4_-8_NA_NA_NA_dataset8.RDS --output ../data/assessing_models_simulation/inference_results/TMB/nlminb/multiple_GenerationMixturefewersignaturespairedstomachPCAWG_100_200_80_4_-8_diagREDM_NA_NA_NA_dataset8.RDS --model diagREDM --optimiser nlminb  --use_previous_run_startingvals T
[Fri Jan 14 04:02:10 2022]
Error in rule inference_simulation_TMB_multiple:
    jobid: 4919
    output: ../data/assessing_models_simulation/inference_results/TMB/nlminb/multiple_GenerationMixturefewersignaturespairedstomachPCAWG_100_200_80_4_-8_diagREDM_NA_NA_NA_dataset8.RDS
    log: logs/inference/nlminb/simulation_GenerationMixturefewersignaturespairedstomachPCAWG_100_200_80_4_-8_ModeldiagREDM_NA_NA_NA_dataset8.log (check log file(s) for error message)
    shell:
        Rscript 2_inference_TMB/run_TMB.R --input ../data/assessing_models_simulation/datasets/multiple_GenerationMixturefewersignaturespairedstomachPCAWG_100_200_80_4_-8_NA_NA_NA_dataset8.RDS --output ../data/assessing_models_simulation/inference_results/TMB/nlminb/multiple_GenerationMixturefewersignaturespairedstomachPCAWG_100_200_80_4_-8_diagREDM_NA_NA_NA_dataset8.RDS --model diagREDM --optimiser nlminb  --use_previous_run_startingvals T

Shutting down, this might take some time.
Exiting because a job execution failed. Look above for error message
Complete log: /Users/morril01/Documents/PhD/GlobalDA/code/.snakemake/log/2022-01-14T035956.905210.snakemake.log
