Building DAG of jobs...
Using shell: /usr/local/bin/bash
Provided cores: 1
Rules claiming more threads will be scaled down.
Job counts:
	count	jobs
	1	all
	4	analyse_simulation_TMB_multiple
	709	inference_simulation_TMB_multiple
	177	simulate_for_comparison_multiple
	891

[Fri Feb 18 00:05:42 2022]
rule inference_simulation_TMB_multiple:
    input: ../data/assessing_models_simulation/datasets/multiple_GenerationPois_100_100_80_3_0.1_NA_NA_NA_dataset4.RDS
    output: ../data/assessing_models_simulation/inference_results/TMB/nlminb/multiple_GenerationPois_100_100_80_3_0.1_diagREDM_NA_NA_NA_dataset4.RDS
    log: logs/inference/nlminb/simulation_GenerationPois_100_100_80_3_0.1_ModeldiagREDM_NA_NA_NA_dataset4.log
    jobid: 525
    wildcards: optimiser=nlminb, datasetgeneration=GenerationPois, n=100, nlambda=100, lmbda=80, d=3, beta_intensity=0.1, model=diagREDM, fixed_beta_intercept=NA, fixed_beta_slope=NA, sdRE_input=NA, itnum=4

Rscript 2_inference_TMB/run_TMB.R --input ../data/assessing_models_simulation/datasets/multiple_GenerationPois_100_100_80_3_0.1_NA_NA_NA_dataset4.RDS --output ../data/assessing_models_simulation/inference_results/TMB/nlminb/multiple_GenerationPois_100_100_80_3_0.1_diagREDM_NA_NA_NA_dataset4.RDS --model diagREDM --optimiser nlminb  --use_previous_run_startingvals T
[Fri Feb 18 00:05:51 2022]
Finished job 525.
1 of 891 steps (0.11%) done

[Fri Feb 18 00:05:51 2022]
rule simulate_for_comparison_multiple:
    input: ../data/assessing_models_simulation/GenerationPois
    output: ../data/assessing_models_simulation/datasets/multiple_GenerationPois_100_100_80_3_0.1_NA_NA_NA_dataset0.RDS
    jobid: 1529
    wildcards: datasetgeneration=GenerationPois, n=100, nlambda=100, lmbda=80, d=3, beta_intensity=0.1, fixed_beta_intercept=NA, fixed_beta_slope=NA, sdRE_input=NA, itnum=0

Rscript --vanilla 3_analysis/simulation_model_assessment/generate_datasets_simulations/GenerationPois.R --input ../data/assessing_models_simulation/GenerationPois --d 3 --n 100 --nlambda 100 --lambda 80 --beta_gamma_shape 0.1 --outfile ../data/assessing_models_simulation/datasets/multiple_GenerationPois_100_100_80_3_0.1_NA_NA_NA_dataset0.RDS --beta_intercept_input NA --beta_slope_input NA --sdRE_input NA
[Fri Feb 18 00:05:51 2022]
Finished job 1529.
2 of 891 steps (0.22%) done

[Fri Feb 18 00:05:51 2022]
rule inference_simulation_TMB_multiple:
    input: ../data/assessing_models_simulation/datasets/multiple_GenerationPois_100_100_80_3_0.1_NA_NA_NA_dataset0.RDS
    output: ../data/assessing_models_simulation/inference_results/TMB/nlminb/multiple_GenerationPois_100_100_80_3_0.1_diagREDMsinglelambda_NA_NA_NA_dataset0.RDS
    log: logs/inference/nlminb/simulation_GenerationPois_100_100_80_3_0.1_ModeldiagREDMsinglelambda_NA_NA_NA_dataset0.log
    jobid: 1193
    wildcards: optimiser=nlminb, datasetgeneration=GenerationPois, n=100, nlambda=100, lmbda=80, d=3, beta_intensity=0.1, model=diagREDMsinglelambda, fixed_beta_intercept=NA, fixed_beta_slope=NA, sdRE_input=NA, itnum=0

Rscript 2_inference_TMB/run_TMB.R --input ../data/assessing_models_simulation/datasets/multiple_GenerationPois_100_100_80_3_0.1_NA_NA_NA_dataset0.RDS --output ../data/assessing_models_simulation/inference_results/TMB/nlminb/multiple_GenerationPois_100_100_80_3_0.1_diagREDMsinglelambda_NA_NA_NA_dataset0.RDS --model diagREDMsinglelambda --optimiser nlminb  --use_previous_run_startingvals T
[Fri Feb 18 00:06:00 2022]
Finished job 1193.
3 of 891 steps (0.34%) done

[Fri Feb 18 00:06:00 2022]
rule inference_simulation_TMB_multiple:
    input: ../data/assessing_models_simulation/datasets/multiple_GenerationPois_100_100_80_3_0.1_NA_NA_NA_dataset0.RDS
    output: ../data/assessing_models_simulation/inference_results/TMB/nlminb/multiple_GenerationPois_100_100_80_3_0.1_fullREM_NA_NA_NA_dataset0.RDS
    log: logs/inference/nlminb/simulation_GenerationPois_100_100_80_3_0.1_ModelfullREM_NA_NA_NA_dataset0.log
    jobid: 185
    wildcards: optimiser=nlminb, datasetgeneration=GenerationPois, n=100, nlambda=100, lmbda=80, d=3, beta_intensity=0.1, model=fullREM, fixed_beta_intercept=NA, fixed_beta_slope=NA, sdRE_input=NA, itnum=0

Rscript 2_inference_TMB/run_TMB.R --input ../data/assessing_models_simulation/datasets/multiple_GenerationPois_100_100_80_3_0.1_NA_NA_NA_dataset0.RDS --output ../data/assessing_models_simulation/inference_results/TMB/nlminb/multiple_GenerationPois_100_100_80_3_0.1_fullREM_NA_NA_NA_dataset0.RDS --model fullREM --optimiser nlminb  --use_previous_run_startingvals T
[Fri Feb 18 00:06:04 2022]
Finished job 185.
4 of 891 steps (0.45%) done

[Fri Feb 18 00:06:04 2022]
rule inference_simulation_TMB_multiple:
    input: ../data/assessing_models_simulation/datasets/multiple_GenerationPois_100_100_80_3_0.1_NA_NA_NA_dataset0.RDS
    output: ../data/assessing_models_simulation/inference_results/TMB/nlminb/multiple_GenerationPois_100_100_80_3_0.1_fullREDMsinglelambda_NA_NA_NA_dataset0.RDS
    log: logs/inference/nlminb/simulation_GenerationPois_100_100_80_3_0.1_ModelfullREDMsinglelambda_NA_NA_NA_dataset0.log
    jobid: 857
    wildcards: optimiser=nlminb, datasetgeneration=GenerationPois, n=100, nlambda=100, lmbda=80, d=3, beta_intensity=0.1, model=fullREDMsinglelambda, fixed_beta_intercept=NA, fixed_beta_slope=NA, sdRE_input=NA, itnum=0

Rscript 2_inference_TMB/run_TMB.R --input ../data/assessing_models_simulation/datasets/multiple_GenerationPois_100_100_80_3_0.1_NA_NA_NA_dataset0.RDS --output ../data/assessing_models_simulation/inference_results/TMB/nlminb/multiple_GenerationPois_100_100_80_3_0.1_fullREDMsinglelambda_NA_NA_NA_dataset0.RDS --model fullREDMsinglelambda --optimiser nlminb  --use_previous_run_startingvals T
[Fri Feb 18 00:06:15 2022]
Finished job 857.
5 of 891 steps (0.56%) done

[Fri Feb 18 00:06:15 2022]
rule inference_simulation_TMB_multiple:
    input: ../data/assessing_models_simulation/datasets/multiple_GenerationPois_100_100_80_3_0.1_NA_NA_NA_dataset0.RDS
    output: ../data/assessing_models_simulation/inference_results/TMB/nlminb/multiple_GenerationPois_100_100_80_3_0.1_diagREDM_NA_NA_NA_dataset0.RDS
    log: logs/inference/nlminb/simulation_GenerationPois_100_100_80_3_0.1_ModeldiagREDM_NA_NA_NA_dataset0.log
    jobid: 521
    wildcards: optimiser=nlminb, datasetgeneration=GenerationPois, n=100, nlambda=100, lmbda=80, d=3, beta_intensity=0.1, model=diagREDM, fixed_beta_intercept=NA, fixed_beta_slope=NA, sdRE_input=NA, itnum=0

Rscript 2_inference_TMB/run_TMB.R --input ../data/assessing_models_simulation/datasets/multiple_GenerationPois_100_100_80_3_0.1_NA_NA_NA_dataset0.RDS --output ../data/assessing_models_simulation/inference_results/TMB/nlminb/multiple_GenerationPois_100_100_80_3_0.1_diagREDM_NA_NA_NA_dataset0.RDS --model diagREDM --optimiser nlminb  --use_previous_run_startingvals T
[Fri Feb 18 00:06:24 2022]
Finished job 521.
6 of 891 steps (0.67%) done

[Fri Feb 18 00:06:24 2022]
rule simulate_for_comparison_multiple:
    input: ../data/assessing_models_simulation/GenerationPois
    output: ../data/assessing_models_simulation/datasets/multiple_GenerationPois_50_100_80_5_0.6_NA_NA_NA_dataset0.RDS
    jobid: 1463
    wildcards: datasetgeneration=GenerationPois, n=50, nlambda=100, lmbda=80, d=5, beta_intensity=0.6, fixed_beta_intercept=NA, fixed_beta_slope=NA, sdRE_input=NA, itnum=0

Rscript --vanilla 3_analysis/simulation_model_assessment/generate_datasets_simulations/GenerationPois.R --input ../data/assessing_models_simulation/GenerationPois --d 5 --n 50 --nlambda 100 --lambda 80 --beta_gamma_shape 0.6 --outfile ../data/assessing_models_simulation/datasets/multiple_GenerationPois_50_100_80_5_0.6_NA_NA_NA_dataset0.RDS --beta_intercept_input NA --beta_slope_input NA --sdRE_input NA
[Fri Feb 18 00:06:24 2022]
Finished job 1463.
7 of 891 steps (0.79%) done

[Fri Feb 18 00:06:24 2022]
rule inference_simulation_TMB_multiple:
    input: ../data/assessing_models_simulation/datasets/multiple_GenerationPois_50_100_80_5_0.6_NA_NA_NA_dataset0.RDS
    output: ../data/assessing_models_simulation/inference_results/TMB/nlminb/multiple_GenerationPois_50_100_80_5_0.6_diagREDMsinglelambda_NA_NA_NA_dataset0.RDS
    log: logs/inference/nlminb/simulation_GenerationPois_50_100_80_5_0.6_ModeldiagREDMsinglelambda_NA_NA_NA_dataset0.log
    jobid: 1127
    wildcards: optimiser=nlminb, datasetgeneration=GenerationPois, n=50, nlambda=100, lmbda=80, d=5, beta_intensity=0.6, model=diagREDMsinglelambda, fixed_beta_intercept=NA, fixed_beta_slope=NA, sdRE_input=NA, itnum=0

Rscript 2_inference_TMB/run_TMB.R --input ../data/assessing_models_simulation/datasets/multiple_GenerationPois_50_100_80_5_0.6_NA_NA_NA_dataset0.RDS --output ../data/assessing_models_simulation/inference_results/TMB/nlminb/multiple_GenerationPois_50_100_80_5_0.6_diagREDMsinglelambda_NA_NA_NA_dataset0.RDS --model diagREDMsinglelambda --optimiser nlminb  --use_previous_run_startingvals T
[Fri Feb 18 00:06:36 2022]
Finished job 1127.
8 of 891 steps (0.90%) done

[Fri Feb 18 00:06:36 2022]
rule inference_simulation_TMB_multiple:
    input: ../data/assessing_models_simulation/datasets/multiple_GenerationPois_50_100_80_5_0.6_NA_NA_NA_dataset0.RDS
    output: ../data/assessing_models_simulation/inference_results/TMB/nlminb/multiple_GenerationPois_50_100_80_5_0.6_fullREM_NA_NA_NA_dataset0.RDS
    log: logs/inference/nlminb/simulation_GenerationPois_50_100_80_5_0.6_ModelfullREM_NA_NA_NA_dataset0.log
    jobid: 119
    wildcards: optimiser=nlminb, datasetgeneration=GenerationPois, n=50, nlambda=100, lmbda=80, d=5, beta_intensity=0.6, model=fullREM, fixed_beta_intercept=NA, fixed_beta_slope=NA, sdRE_input=NA, itnum=0

Rscript 2_inference_TMB/run_TMB.R --input ../data/assessing_models_simulation/datasets/multiple_GenerationPois_50_100_80_5_0.6_NA_NA_NA_dataset0.RDS --output ../data/assessing_models_simulation/inference_results/TMB/nlminb/multiple_GenerationPois_50_100_80_5_0.6_fullREM_NA_NA_NA_dataset0.RDS --model fullREM --optimiser nlminb  --use_previous_run_startingvals T
[Fri Feb 18 00:06:41 2022]
Finished job 119.
9 of 891 steps (1%) done

[Fri Feb 18 00:06:41 2022]
rule inference_simulation_TMB_multiple:
    input: ../data/assessing_models_simulation/datasets/multiple_GenerationPois_50_100_80_5_0.6_NA_NA_NA_dataset0.RDS
    output: ../data/assessing_models_simulation/inference_results/TMB/nlminb/multiple_GenerationPois_50_100_80_5_0.6_fullREDMsinglelambda_NA_NA_NA_dataset0.RDS
    log: logs/inference/nlminb/simulation_GenerationPois_50_100_80_5_0.6_ModelfullREDMsinglelambda_NA_NA_NA_dataset0.log
    jobid: 791
    wildcards: optimiser=nlminb, datasetgeneration=GenerationPois, n=50, nlambda=100, lmbda=80, d=5, beta_intensity=0.6, model=fullREDMsinglelambda, fixed_beta_intercept=NA, fixed_beta_slope=NA, sdRE_input=NA, itnum=0

Rscript 2_inference_TMB/run_TMB.R --input ../data/assessing_models_simulation/datasets/multiple_GenerationPois_50_100_80_5_0.6_NA_NA_NA_dataset0.RDS --output ../data/assessing_models_simulation/inference_results/TMB/nlminb/multiple_GenerationPois_50_100_80_5_0.6_fullREDMsinglelambda_NA_NA_NA_dataset0.RDS --model fullREDMsinglelambda --optimiser nlminb  --use_previous_run_startingvals T
[Fri Feb 18 00:06:57 2022]
Error in rule inference_simulation_TMB_multiple:
    jobid: 791
    output: ../data/assessing_models_simulation/inference_results/TMB/nlminb/multiple_GenerationPois_50_100_80_5_0.6_fullREDMsinglelambda_NA_NA_NA_dataset0.RDS
    log: logs/inference/nlminb/simulation_GenerationPois_50_100_80_5_0.6_ModelfullREDMsinglelambda_NA_NA_NA_dataset0.log (check log file(s) for error message)
    shell:
        Rscript 2_inference_TMB/run_TMB.R --input ../data/assessing_models_simulation/datasets/multiple_GenerationPois_50_100_80_5_0.6_NA_NA_NA_dataset0.RDS --output ../data/assessing_models_simulation/inference_results/TMB/nlminb/multiple_GenerationPois_50_100_80_5_0.6_fullREDMsinglelambda_NA_NA_NA_dataset0.RDS --model fullREDMsinglelambda --optimiser nlminb  --use_previous_run_startingvals T

Shutting down, this might take some time.
Exiting because a job execution failed. Look above for error message
Complete log: /Users/morril01/Documents/PhD/GlobalDA/code/.snakemake/log/2022-02-18T000538.656001.snakemake.log
