Building DAG of jobs...
Using shell: /usr/local/bin/bash
Provided cores: 1
Rules claiming more threads will be scaled down.
Job counts:
	count	jobs
	1	all
	38	inference_TMB
	39

[Tue Jan 25 09:41:49 2022]
rule inference_TMB:
    input: ../data/roo/Lung-AdenoCA_signaturesMSE_ROO.RDS
    output: ../data/pcawg_robjects_cache/tmb_results/nlminb/fullREDM_Lung-AdenoCA_signaturesMSE.RDS
    log: logs/inference/TMBinference_Lung-AdenoCA_signaturesMSE_fullREDM.log
    jobid: 62
    wildcards: model=fullREDM, cancer_type=Lung-AdenoCA, feature_type=signaturesMSE

Rscript 2_inference_TMB/run_TMB.R --input ../data/roo/Lung-AdenoCA_signaturesMSE_ROO.RDS --output ../data/pcawg_robjects_cache/tmb_results/nlminb/fullREDM_Lung-AdenoCA_signaturesMSE.RDS --model fullREDM --feature_type signaturesMSE --optimiser nlminb --simulation_bool F --read_directly T --use_previous_run_startingvals T
[Tue Jan 25 09:42:14 2022]
Error in rule inference_TMB:
    jobid: 62
    output: ../data/pcawg_robjects_cache/tmb_results/nlminb/fullREDM_Lung-AdenoCA_signaturesMSE.RDS
    log: logs/inference/TMBinference_Lung-AdenoCA_signaturesMSE_fullREDM.log (check log file(s) for error message)
    shell:
        Rscript 2_inference_TMB/run_TMB.R --input ../data/roo/Lung-AdenoCA_signaturesMSE_ROO.RDS --output ../data/pcawg_robjects_cache/tmb_results/nlminb/fullREDM_Lung-AdenoCA_signaturesMSE.RDS --model fullREDM --feature_type signaturesMSE --optimiser nlminb --simulation_bool F --read_directly T --use_previous_run_startingvals T

Shutting down, this might take some time.
Exiting because a job execution failed. Look above for error message
Complete log: /Users/morril01/Documents/PhD/GlobalDA/code/.snakemake/log/2022-01-25T094147.381910.snakemake.log
