Building DAG of jobs...
Using shell: /usr/local/bin/bash
Provided cores: 1
Rules claiming more threads will be scaled down.
Job counts:
	count	jobs
	1	all
	4	analyse_simulation_TMB_multiple
	1	analyse_simulation_TMB_multiple_integrate
	242	inference_simulation_TMB_multiple
	60	simulate_for_comparison_multiple
	308

[Tue Feb  1 23:44:12 2022]
rule inference_simulation_TMB_multiple:
    input: ../data/assessing_models_simulation/datasets/multiple_GenerationMixturefewersignaturespairedCNSGBMPCAWG_200_200_80_4_-10_NA_NA_NA_dataset8.RDS
    output: ../data/assessing_models_simulation/inference_results/TMB/nlminb/multiple_GenerationMixturefewersignaturespairedCNSGBMPCAWG_200_200_80_4_-10_diagREDMsinglelambda_NA_NA_NA_dataset8.RDS
    log: logs/inference/nlminb/simulation_GenerationMixturefewersignaturespairedCNSGBMPCAWG_200_200_80_4_-10_ModeldiagREDMsinglelambda_NA_NA_NA_dataset8.log
    jobid: 1814
    wildcards: optimiser=nlminb, datasetgeneration=GenerationMixturefewersignaturespairedCNSGBMPCAWG, n=200, nlambda=200, lmbda=80, d=4, beta_intensity=-10, model=diagREDMsinglelambda, fixed_beta_intercept=NA, fixed_beta_slope=NA, sdRE_input=NA, itnum=8

Rscript 2_inference_TMB/run_TMB.R --input ../data/assessing_models_simulation/datasets/multiple_GenerationMixturefewersignaturespairedCNSGBMPCAWG_200_200_80_4_-10_NA_NA_NA_dataset8.RDS --output ../data/assessing_models_simulation/inference_results/TMB/nlminb/multiple_GenerationMixturefewersignaturespairedCNSGBMPCAWG_200_200_80_4_-10_diagREDMsinglelambda_NA_NA_NA_dataset8.RDS --model diagREDMsinglelambda --optimiser nlminb  --use_previous_run_startingvals T
[Tue Feb  1 23:44:38 2022]
Finished job 1814.
1 of 308 steps (0.32%) done

[Tue Feb  1 23:44:38 2022]
rule inference_simulation_TMB_multiple:
    input: ../data/assessing_models_simulation/datasets/multiple_GenerationMixturefewersignaturespairedCNSGBMPCAWG_200_200_80_4_-10_NA_NA_NA_dataset8.RDS
    output: ../data/assessing_models_simulation/inference_results/TMB/nlminb/multiple_GenerationMixturefewersignaturespairedCNSGBMPCAWG_200_200_80_4_-10_diagREDM_NA_NA_NA_dataset8.RDS
    log: logs/inference/nlminb/simulation_GenerationMixturefewersignaturespairedCNSGBMPCAWG_200_200_80_4_-10_ModeldiagREDM_NA_NA_NA_dataset8.log
    jobid: 2474
    wildcards: optimiser=nlminb, datasetgeneration=GenerationMixturefewersignaturespairedCNSGBMPCAWG, n=200, nlambda=200, lmbda=80, d=4, beta_intensity=-10, model=diagREDM, fixed_beta_intercept=NA, fixed_beta_slope=NA, sdRE_input=NA, itnum=8

Rscript 2_inference_TMB/run_TMB.R --input ../data/assessing_models_simulation/datasets/multiple_GenerationMixturefewersignaturespairedCNSGBMPCAWG_200_200_80_4_-10_NA_NA_NA_dataset8.RDS --output ../data/assessing_models_simulation/inference_results/TMB/nlminb/multiple_GenerationMixturefewersignaturespairedCNSGBMPCAWG_200_200_80_4_-10_diagREDM_NA_NA_NA_dataset8.RDS --model diagREDM --optimiser nlminb  --use_previous_run_startingvals T
Waiting at most 5 seconds for missing files.
MissingOutputException in line 394 of /Users/morril01/Documents/PhD/GlobalDA/code/Snakefile:
Missing files after 5 seconds:
../data/assessing_models_simulation/inference_results/TMB/nlminb/multiple_GenerationMixturefewersignaturespairedCNSGBMPCAWG_200_200_80_4_-10_diagREDM_NA_NA_NA_dataset8.RDS
This might be due to filesystem latency. If that is the case, consider to increase the wait time with --latency-wait.
Shutting down, this might take some time.
Exiting because a job execution failed. Look above for error message
Complete log: /Users/morril01/Documents/PhD/GlobalDA/code/.snakemake/log/2022-02-01T234357.802927.snakemake.log
