Building DAG of jobs...
Using shell: /usr/local/bin/bash
Provided cores: 1
Rules claiming more threads will be scaled down.
Job counts:
	count	jobs
	1	all
	8	analyse_simulation_TMB_multiple
	2	analyse_simulation_TMB_multiple_integrate
	4240	inference_simulation_TMB_multiple
	1059	simulate_for_comparison_multiple
	5310

[Mon Jan 31 17:34:58 2022]
rule inference_simulation_TMB_multiple:
    input: ../data/assessing_models_simulation/datasets/multiple_GenerationMixturefewersignaturespairedBoneOsteosarcPCAWG_50_200_80_4_-4_NA_NA_NA_dataset18.RDS
    output: ../data/assessing_models_simulation/inference_results/TMB/nlminb/multiple_GenerationMixturefewersignaturespairedBoneOsteosarcPCAWG_50_200_80_4_-4_fullREM_NA_NA_NA_dataset18.RDS
    log: logs/inference/nlminb/simulation_GenerationMixturefewersignaturespairedBoneOsteosarcPCAWG_50_200_80_4_-4_ModelfullREM_NA_NA_NA_dataset18.log
    jobid: 109
    wildcards: optimiser=nlminb, datasetgeneration=GenerationMixturefewersignaturespairedBoneOsteosarcPCAWG, n=50, nlambda=200, lmbda=80, d=4, beta_intensity=-4, model=fullREM, fixed_beta_intercept=NA, fixed_beta_slope=NA, sdRE_input=NA, itnum=18

Rscript 2_inference_TMB/run_TMB.R --input ../data/assessing_models_simulation/datasets/multiple_GenerationMixturefewersignaturespairedBoneOsteosarcPCAWG_50_200_80_4_-4_NA_NA_NA_dataset18.RDS --output ../data/assessing_models_simulation/inference_results/TMB/nlminb/multiple_GenerationMixturefewersignaturespairedBoneOsteosarcPCAWG_50_200_80_4_-4_fullREM_NA_NA_NA_dataset18.RDS --model fullREM --optimiser nlminb  --use_previous_run_startingvals T
[Mon Jan 31 17:35:01 2022]
Finished job 109.
1 of 5310 steps (0.02%) done

[Mon Jan 31 17:35:01 2022]
rule inference_simulation_TMB_multiple:
    input: ../data/assessing_models_simulation/datasets/multiple_GenerationMixturefewersignaturespairedBoneOsteosarcPCAWG_50_200_80_4_-4_NA_NA_NA_dataset18.RDS
    output: ../data/assessing_models_simulation/inference_results/TMB/nlminb/multiple_GenerationMixturefewersignaturespairedBoneOsteosarcPCAWG_50_200_80_4_-4_diagREDMsinglelambda_NA_NA_NA_dataset18.RDS
    log: logs/inference/nlminb/simulation_GenerationMixturefewersignaturespairedBoneOsteosarcPCAWG_50_200_80_4_-4_ModeldiagREDMsinglelambda_NA_NA_NA_dataset18.log
    jobid: 1429
    wildcards: optimiser=nlminb, datasetgeneration=GenerationMixturefewersignaturespairedBoneOsteosarcPCAWG, n=50, nlambda=200, lmbda=80, d=4, beta_intensity=-4, model=diagREDMsinglelambda, fixed_beta_intercept=NA, fixed_beta_slope=NA, sdRE_input=NA, itnum=18

Rscript 2_inference_TMB/run_TMB.R --input ../data/assessing_models_simulation/datasets/multiple_GenerationMixturefewersignaturespairedBoneOsteosarcPCAWG_50_200_80_4_-4_NA_NA_NA_dataset18.RDS --output ../data/assessing_models_simulation/inference_results/TMB/nlminb/multiple_GenerationMixturefewersignaturespairedBoneOsteosarcPCAWG_50_200_80_4_-4_diagREDMsinglelambda_NA_NA_NA_dataset18.RDS --model diagREDMsinglelambda --optimiser nlminb  --use_previous_run_startingvals T
[Mon Jan 31 17:35:05 2022]
Finished job 1429.
2 of 5310 steps (0.04%) done

[Mon Jan 31 17:35:05 2022]
rule inference_simulation_TMB_multiple:
    input: ../data/assessing_models_simulation/datasets/multiple_GenerationMixturefewersignaturespairedBoneOsteosarcPCAWG_50_200_80_4_-4_NA_NA_NA_dataset18.RDS
    output: ../data/assessing_models_simulation/inference_results/TMB/nlminb/multiple_GenerationMixturefewersignaturespairedBoneOsteosarcPCAWG_50_200_80_4_-4_diagREDM_NA_NA_NA_dataset18.RDS
    log: logs/inference/nlminb/simulation_GenerationMixturefewersignaturespairedBoneOsteosarcPCAWG_50_200_80_4_-4_ModeldiagREDM_NA_NA_NA_dataset18.log
    jobid: 2089
    wildcards: optimiser=nlminb, datasetgeneration=GenerationMixturefewersignaturespairedBoneOsteosarcPCAWG, n=50, nlambda=200, lmbda=80, d=4, beta_intensity=-4, model=diagREDM, fixed_beta_intercept=NA, fixed_beta_slope=NA, sdRE_input=NA, itnum=18

Rscript 2_inference_TMB/run_TMB.R --input ../data/assessing_models_simulation/datasets/multiple_GenerationMixturefewersignaturespairedBoneOsteosarcPCAWG_50_200_80_4_-4_NA_NA_NA_dataset18.RDS --output ../data/assessing_models_simulation/inference_results/TMB/nlminb/multiple_GenerationMixturefewersignaturespairedBoneOsteosarcPCAWG_50_200_80_4_-4_diagREDM_NA_NA_NA_dataset18.RDS --model diagREDM --optimiser nlminb  --use_previous_run_startingvals T
[Mon Jan 31 17:35:11 2022]
Finished job 2089.
3 of 5310 steps (0.06%) done

[Mon Jan 31 17:35:11 2022]
rule inference_simulation_TMB_multiple:
    input: ../data/assessing_models_simulation/datasets/multiple_GenerationMixturefewersignaturespairedBoneOsteosarcPCAWG_50_200_80_4_-4_NA_NA_NA_dataset18.RDS
    output: ../data/assessing_models_simulation/inference_results/TMB/nlminb/multiple_GenerationMixturefewersignaturespairedBoneOsteosarcPCAWG_50_200_80_4_-4_fullREDMsinglelambda_NA_NA_NA_dataset18.RDS
    log: logs/inference/nlminb/simulation_GenerationMixturefewersignaturespairedBoneOsteosarcPCAWG_50_200_80_4_-4_ModelfullREDMsinglelambda_NA_NA_NA_dataset18.log
    jobid: 769
    wildcards: optimiser=nlminb, datasetgeneration=GenerationMixturefewersignaturespairedBoneOsteosarcPCAWG, n=50, nlambda=200, lmbda=80, d=4, beta_intensity=-4, model=fullREDMsinglelambda, fixed_beta_intercept=NA, fixed_beta_slope=NA, sdRE_input=NA, itnum=18

Rscript 2_inference_TMB/run_TMB.R --input ../data/assessing_models_simulation/datasets/multiple_GenerationMixturefewersignaturespairedBoneOsteosarcPCAWG_50_200_80_4_-4_NA_NA_NA_dataset18.RDS --output ../data/assessing_models_simulation/inference_results/TMB/nlminb/multiple_GenerationMixturefewersignaturespairedBoneOsteosarcPCAWG_50_200_80_4_-4_fullREDMsinglelambda_NA_NA_NA_dataset18.RDS --model fullREDMsinglelambda --optimiser nlminb  --use_previous_run_startingvals T
[Mon Jan 31 17:35:16 2022]
Finished job 769.
4 of 5310 steps (0.08%) done

[Mon Jan 31 17:35:16 2022]
rule simulate_for_comparison_multiple:
    input: ../data/assessing_models_simulation/GenerationMixturefewersignaturespairedBoneOsteosarcPCAWG
    output: ../data/assessing_models_simulation/datasets/multiple_GenerationMixturefewersignaturespairedBoneOsteosarcPCAWG_50_200_80_4_-10_NA_NA_NA_dataset14.RDS
    jobid: 5345
    wildcards: datasetgeneration=GenerationMixturefewersignaturespairedBoneOsteosarcPCAWG, n=50, nlambda=200, lmbda=80, d=4, beta_intensity=-10, fixed_beta_intercept=NA, fixed_beta_slope=NA, sdRE_input=NA, itnum=14

Rscript --vanilla 3_analysis/simulation_model_assessment/generate_datasets_simulations/GenerationMixturefewersignaturespairedBoneOsteosarcPCAWG.R --input ../data/assessing_models_simulation/GenerationMixturefewersignaturespairedBoneOsteosarcPCAWG --d 4 --n 50 --nlambda 200 --lambda 80 --beta_gamma_shape -10 --outfile ../data/assessing_models_simulation/datasets/multiple_GenerationMixturefewersignaturespairedBoneOsteosarcPCAWG_50_200_80_4_-10_NA_NA_NA_dataset14.RDS --beta_intercept_input NA --beta_slope_input NA --sdRE_input NA
[Mon Jan 31 17:35:16 2022]
Finished job 5345.
5 of 5310 steps (0.09%) done

[Mon Jan 31 17:35:16 2022]
rule inference_simulation_TMB_multiple:
    input: ../data/assessing_models_simulation/datasets/multiple_GenerationMixturefewersignaturespairedBoneOsteosarcPCAWG_50_200_80_4_-10_NA_NA_NA_dataset14.RDS
    output: ../data/assessing_models_simulation/inference_results/TMB/nlminb/multiple_GenerationMixturefewersignaturespairedBoneOsteosarcPCAWG_50_200_80_4_-10_fullREM_NA_NA_NA_dataset14.RDS
    log: logs/inference/nlminb/simulation_GenerationMixturefewersignaturespairedBoneOsteosarcPCAWG_50_200_80_4_-10_ModelfullREM_NA_NA_NA_dataset14.log
    jobid: 65
    wildcards: optimiser=nlminb, datasetgeneration=GenerationMixturefewersignaturespairedBoneOsteosarcPCAWG, n=50, nlambda=200, lmbda=80, d=4, beta_intensity=-10, model=fullREM, fixed_beta_intercept=NA, fixed_beta_slope=NA, sdRE_input=NA, itnum=14

Rscript 2_inference_TMB/run_TMB.R --input ../data/assessing_models_simulation/datasets/multiple_GenerationMixturefewersignaturespairedBoneOsteosarcPCAWG_50_200_80_4_-10_NA_NA_NA_dataset14.RDS --output ../data/assessing_models_simulation/inference_results/TMB/nlminb/multiple_GenerationMixturefewersignaturespairedBoneOsteosarcPCAWG_50_200_80_4_-10_fullREM_NA_NA_NA_dataset14.RDS --model fullREM --optimiser nlminb  --use_previous_run_startingvals T
[Mon Jan 31 17:35:19 2022]
Finished job 65.
6 of 5310 steps (0.11%) done

[Mon Jan 31 17:35:19 2022]
rule inference_simulation_TMB_multiple:
    input: ../data/assessing_models_simulation/datasets/multiple_GenerationMixturefewersignaturespairedBoneOsteosarcPCAWG_50_200_80_4_-10_NA_NA_NA_dataset14.RDS
    output: ../data/assessing_models_simulation/inference_results/TMB/nlminb/multiple_GenerationMixturefewersignaturespairedBoneOsteosarcPCAWG_50_200_80_4_-10_diagREDMsinglelambda_NA_NA_NA_dataset14.RDS
    log: logs/inference/nlminb/simulation_GenerationMixturefewersignaturespairedBoneOsteosarcPCAWG_50_200_80_4_-10_ModeldiagREDMsinglelambda_NA_NA_NA_dataset14.log
    jobid: 1385
    wildcards: optimiser=nlminb, datasetgeneration=GenerationMixturefewersignaturespairedBoneOsteosarcPCAWG, n=50, nlambda=200, lmbda=80, d=4, beta_intensity=-10, model=diagREDMsinglelambda, fixed_beta_intercept=NA, fixed_beta_slope=NA, sdRE_input=NA, itnum=14

Rscript 2_inference_TMB/run_TMB.R --input ../data/assessing_models_simulation/datasets/multiple_GenerationMixturefewersignaturespairedBoneOsteosarcPCAWG_50_200_80_4_-10_NA_NA_NA_dataset14.RDS --output ../data/assessing_models_simulation/inference_results/TMB/nlminb/multiple_GenerationMixturefewersignaturespairedBoneOsteosarcPCAWG_50_200_80_4_-10_diagREDMsinglelambda_NA_NA_NA_dataset14.RDS --model diagREDMsinglelambda --optimiser nlminb  --use_previous_run_startingvals T
[Mon Jan 31 17:35:23 2022]
Finished job 1385.
7 of 5310 steps (0.13%) done

[Mon Jan 31 17:35:23 2022]
rule inference_simulation_TMB_multiple:
    input: ../data/assessing_models_simulation/datasets/multiple_GenerationMixturefewersignaturespairedBoneOsteosarcPCAWG_50_200_80_4_-10_NA_NA_NA_dataset14.RDS
    output: ../data/assessing_models_simulation/inference_results/TMB/nlminb/multiple_GenerationMixturefewersignaturespairedBoneOsteosarcPCAWG_50_200_80_4_-10_diagREDM_NA_NA_NA_dataset14.RDS
    log: logs/inference/nlminb/simulation_GenerationMixturefewersignaturespairedBoneOsteosarcPCAWG_50_200_80_4_-10_ModeldiagREDM_NA_NA_NA_dataset14.log
    jobid: 2045
    wildcards: optimiser=nlminb, datasetgeneration=GenerationMixturefewersignaturespairedBoneOsteosarcPCAWG, n=50, nlambda=200, lmbda=80, d=4, beta_intensity=-10, model=diagREDM, fixed_beta_intercept=NA, fixed_beta_slope=NA, sdRE_input=NA, itnum=14

Rscript 2_inference_TMB/run_TMB.R --input ../data/assessing_models_simulation/datasets/multiple_GenerationMixturefewersignaturespairedBoneOsteosarcPCAWG_50_200_80_4_-10_NA_NA_NA_dataset14.RDS --output ../data/assessing_models_simulation/inference_results/TMB/nlminb/multiple_GenerationMixturefewersignaturespairedBoneOsteosarcPCAWG_50_200_80_4_-10_diagREDM_NA_NA_NA_dataset14.RDS --model diagREDM --optimiser nlminb  --use_previous_run_startingvals T
[Mon Jan 31 17:35:28 2022]
Finished job 2045.
8 of 5310 steps (0.15%) done

[Mon Jan 31 17:35:28 2022]
rule inference_simulation_TMB_multiple:
    input: ../data/assessing_models_simulation/datasets/multiple_GenerationMixturefewersignaturespairedBoneOsteosarcPCAWG_50_200_80_4_-10_NA_NA_NA_dataset14.RDS
    output: ../data/assessing_models_simulation/inference_results/TMB/nlminb/multiple_GenerationMixturefewersignaturespairedBoneOsteosarcPCAWG_50_200_80_4_-10_fullREDMsinglelambda_NA_NA_NA_dataset14.RDS
    log: logs/inference/nlminb/simulation_GenerationMixturefewersignaturespairedBoneOsteosarcPCAWG_50_200_80_4_-10_ModelfullREDMsinglelambda_NA_NA_NA_dataset14.log
    jobid: 725
    wildcards: optimiser=nlminb, datasetgeneration=GenerationMixturefewersignaturespairedBoneOsteosarcPCAWG, n=50, nlambda=200, lmbda=80, d=4, beta_intensity=-10, model=fullREDMsinglelambda, fixed_beta_intercept=NA, fixed_beta_slope=NA, sdRE_input=NA, itnum=14

Rscript 2_inference_TMB/run_TMB.R --input ../data/assessing_models_simulation/datasets/multiple_GenerationMixturefewersignaturespairedBoneOsteosarcPCAWG_50_200_80_4_-10_NA_NA_NA_dataset14.RDS --output ../data/assessing_models_simulation/inference_results/TMB/nlminb/multiple_GenerationMixturefewersignaturespairedBoneOsteosarcPCAWG_50_200_80_4_-10_fullREDMsinglelambda_NA_NA_NA_dataset14.RDS --model fullREDMsinglelambda --optimiser nlminb  --use_previous_run_startingvals T
[Mon Jan 31 17:35:33 2022]
Finished job 725.
9 of 5310 steps (0.17%) done

[Mon Jan 31 17:35:33 2022]
rule simulate_for_comparison_multiple:
    input: ../data/assessing_models_simulation/GenerationMixturefewersignaturespairedBoneOsteosarcPCAWG
    output: ../data/assessing_models_simulation/datasets/multiple_GenerationMixturefewersignaturespairedBoneOsteosarcPCAWG_50_200_80_4_-4_NA_NA_NA_dataset16.RDS
    jobid: 5387
    wildcards: datasetgeneration=GenerationMixturefewersignaturespairedBoneOsteosarcPCAWG, n=50, nlambda=200, lmbda=80, d=4, beta_intensity=-4, fixed_beta_intercept=NA, fixed_beta_slope=NA, sdRE_input=NA, itnum=16

Rscript --vanilla 3_analysis/simulation_model_assessment/generate_datasets_simulations/GenerationMixturefewersignaturespairedBoneOsteosarcPCAWG.R --input ../data/assessing_models_simulation/GenerationMixturefewersignaturespairedBoneOsteosarcPCAWG --d 4 --n 50 --nlambda 200 --lambda 80 --beta_gamma_shape -4 --outfile ../data/assessing_models_simulation/datasets/multiple_GenerationMixturefewersignaturespairedBoneOsteosarcPCAWG_50_200_80_4_-4_NA_NA_NA_dataset16.RDS --beta_intercept_input NA --beta_slope_input NA --sdRE_input NA
[Mon Jan 31 17:35:33 2022]
Finished job 5387.
10 of 5310 steps (0.19%) done

[Mon Jan 31 17:35:33 2022]
rule inference_simulation_TMB_multiple:
    input: ../data/assessing_models_simulation/datasets/multiple_GenerationMixturefewersignaturespairedBoneOsteosarcPCAWG_50_200_80_4_-4_NA_NA_NA_dataset16.RDS
    output: ../data/assessing_models_simulation/inference_results/TMB/nlminb/multiple_GenerationMixturefewersignaturespairedBoneOsteosarcPCAWG_50_200_80_4_-4_fullREM_NA_NA_NA_dataset16.RDS
    log: logs/inference/nlminb/simulation_GenerationMixturefewersignaturespairedBoneOsteosarcPCAWG_50_200_80_4_-4_ModelfullREM_NA_NA_NA_dataset16.log
    jobid: 107
    wildcards: optimiser=nlminb, datasetgeneration=GenerationMixturefewersignaturespairedBoneOsteosarcPCAWG, n=50, nlambda=200, lmbda=80, d=4, beta_intensity=-4, model=fullREM, fixed_beta_intercept=NA, fixed_beta_slope=NA, sdRE_input=NA, itnum=16

Rscript 2_inference_TMB/run_TMB.R --input ../data/assessing_models_simulation/datasets/multiple_GenerationMixturefewersignaturespairedBoneOsteosarcPCAWG_50_200_80_4_-4_NA_NA_NA_dataset16.RDS --output ../data/assessing_models_simulation/inference_results/TMB/nlminb/multiple_GenerationMixturefewersignaturespairedBoneOsteosarcPCAWG_50_200_80_4_-4_fullREM_NA_NA_NA_dataset16.RDS --model fullREM --optimiser nlminb  --use_previous_run_startingvals T
[Mon Jan 31 17:35:36 2022]
Finished job 107.
11 of 5310 steps (0.21%) done

[Mon Jan 31 17:35:36 2022]
rule inference_simulation_TMB_multiple:
    input: ../data/assessing_models_simulation/datasets/multiple_GenerationMixturefewersignaturespairedBoneOsteosarcPCAWG_50_200_80_4_-4_NA_NA_NA_dataset16.RDS
    output: ../data/assessing_models_simulation/inference_results/TMB/nlminb/multiple_GenerationMixturefewersignaturespairedBoneOsteosarcPCAWG_50_200_80_4_-4_diagREDMsinglelambda_NA_NA_NA_dataset16.RDS
    log: logs/inference/nlminb/simulation_GenerationMixturefewersignaturespairedBoneOsteosarcPCAWG_50_200_80_4_-4_ModeldiagREDMsinglelambda_NA_NA_NA_dataset16.log
    jobid: 1427
    wildcards: optimiser=nlminb, datasetgeneration=GenerationMixturefewersignaturespairedBoneOsteosarcPCAWG, n=50, nlambda=200, lmbda=80, d=4, beta_intensity=-4, model=diagREDMsinglelambda, fixed_beta_intercept=NA, fixed_beta_slope=NA, sdRE_input=NA, itnum=16

Rscript 2_inference_TMB/run_TMB.R --input ../data/assessing_models_simulation/datasets/multiple_GenerationMixturefewersignaturespairedBoneOsteosarcPCAWG_50_200_80_4_-4_NA_NA_NA_dataset16.RDS --output ../data/assessing_models_simulation/inference_results/TMB/nlminb/multiple_GenerationMixturefewersignaturespairedBoneOsteosarcPCAWG_50_200_80_4_-4_diagREDMsinglelambda_NA_NA_NA_dataset16.RDS --model diagREDMsinglelambda --optimiser nlminb  --use_previous_run_startingvals T
[Mon Jan 31 17:35:51 2022]
Finished job 1427.
12 of 5310 steps (0.23%) done

[Mon Jan 31 17:35:51 2022]
rule inference_simulation_TMB_multiple:
    input: ../data/assessing_models_simulation/datasets/multiple_GenerationMixturefewersignaturespairedBoneOsteosarcPCAWG_50_200_80_4_-4_NA_NA_NA_dataset16.RDS
    output: ../data/assessing_models_simulation/inference_results/TMB/nlminb/multiple_GenerationMixturefewersignaturespairedBoneOsteosarcPCAWG_50_200_80_4_-4_diagREDM_NA_NA_NA_dataset16.RDS
    log: logs/inference/nlminb/simulation_GenerationMixturefewersignaturespairedBoneOsteosarcPCAWG_50_200_80_4_-4_ModeldiagREDM_NA_NA_NA_dataset16.log
    jobid: 2087
    wildcards: optimiser=nlminb, datasetgeneration=GenerationMixturefewersignaturespairedBoneOsteosarcPCAWG, n=50, nlambda=200, lmbda=80, d=4, beta_intensity=-4, model=diagREDM, fixed_beta_intercept=NA, fixed_beta_slope=NA, sdRE_input=NA, itnum=16

Rscript 2_inference_TMB/run_TMB.R --input ../data/assessing_models_simulation/datasets/multiple_GenerationMixturefewersignaturespairedBoneOsteosarcPCAWG_50_200_80_4_-4_NA_NA_NA_dataset16.RDS --output ../data/assessing_models_simulation/inference_results/TMB/nlminb/multiple_GenerationMixturefewersignaturespairedBoneOsteosarcPCAWG_50_200_80_4_-4_diagREDM_NA_NA_NA_dataset16.RDS --model diagREDM --optimiser nlminb  --use_previous_run_startingvals T
[Mon Jan 31 17:35:59 2022]
Error in rule inference_simulation_TMB_multiple:
    jobid: 2087
    output: ../data/assessing_models_simulation/inference_results/TMB/nlminb/multiple_GenerationMixturefewersignaturespairedBoneOsteosarcPCAWG_50_200_80_4_-4_diagREDM_NA_NA_NA_dataset16.RDS
    log: logs/inference/nlminb/simulation_GenerationMixturefewersignaturespairedBoneOsteosarcPCAWG_50_200_80_4_-4_ModeldiagREDM_NA_NA_NA_dataset16.log (check log file(s) for error message)
    shell:
        Rscript 2_inference_TMB/run_TMB.R --input ../data/assessing_models_simulation/datasets/multiple_GenerationMixturefewersignaturespairedBoneOsteosarcPCAWG_50_200_80_4_-4_NA_NA_NA_dataset16.RDS --output ../data/assessing_models_simulation/inference_results/TMB/nlminb/multiple_GenerationMixturefewersignaturespairedBoneOsteosarcPCAWG_50_200_80_4_-4_diagREDM_NA_NA_NA_dataset16.RDS --model diagREDM --optimiser nlminb  --use_previous_run_startingvals T

Shutting down, this might take some time.
Exiting because a job execution failed. Look above for error message
Complete log: /Users/morril01/Documents/PhD/GlobalDA/code/.snakemake/log/2022-01-31T173443.941596.snakemake.log
