Building DAG of jobs...
Using shell: /usr/local/bin/bash
Provided cores: 1
Rules claiming more threads will be scaled down.
Job counts:
	count	jobs
	1	all
	38	make_roo_filesMSE
	39

[Mon Jan 24 10:31:34 2022]
rule make_roo_filesMSE:
    input: ../data/restricted/pcawg/pcawg.wg11.final_sample_list_MARCH2019.txt
    output: ../data/roo/CNS-GBM_signaturesMSE_ROO2.RDS
    jobid: 9
    wildcards: cancer_type=CNS-GBM

Rscript 1_create_ROO/sigextractB_extract_mutations_mutSigExtractor.R --input_files ../data/restricted/pcawg/pcawg.wg11.final_sample_list_MARCH2019.txt --cancer_type CNS-GBM --output ../data/roo/CNS-GBM_signaturesMSE_ROO2.RDS
[Mon Jan 24 10:31:41 2022]
Error in rule make_roo_filesMSE:
    jobid: 9
    output: ../data/roo/CNS-GBM_signaturesMSE_ROO2.RDS
    shell:
        Rscript 1_create_ROO/sigextractB_extract_mutations_mutSigExtractor.R --input_files ../data/restricted/pcawg/pcawg.wg11.final_sample_list_MARCH2019.txt --cancer_type CNS-GBM --output ../data/roo/CNS-GBM_signaturesMSE_ROO2.RDS

Shutting down, this might take some time.
Exiting because a job execution failed. Look above for error message
Complete log: /Users/morril01/Documents/PhD/GlobalDA/code/.snakemake/log/2022-01-24T103133.242568.snakemake.log
