Building DAG of jobs...
Using shell: /usr/local/bin/bash
Provided cores: 1
Rules claiming more threads will be scaled down.
Job counts:
	count	jobs
	1	all
	80	analyse_simulation_TMB_multiple
	20	analyse_simulation_TMB_multiple_integrate
	52541	inference_simulation_TMB_multiple
	13135	simulate_for_comparison_multiple
	65777

[Mon Jan 31 03:17:24 2022]
rule inference_simulation_TMB_multiple:
    input: ../data/assessing_models_simulation/datasets/multiple_GenerationMixturefewersignaturespairedLungSCCPCAWG_200_200_80_4_-12_NA_NA_NA_dataset0.RDS
    output: ../data/assessing_models_simulation/inference_results/TMB/nlminb/multiple_GenerationMixturefewersignaturespairedLungSCCPCAWG_200_200_80_4_-12_diagREDM_NA_NA_NA_dataset0.RDS
    log: logs/inference/nlminb/simulation_GenerationMixturefewersignaturespairedLungSCCPCAWG_200_200_80_4_-12_ModeldiagREDM_NA_NA_NA_dataset0.log
    jobid: 28941
    wildcards: optimiser=nlminb, datasetgeneration=GenerationMixturefewersignaturespairedLungSCCPCAWG, n=200, nlambda=200, lmbda=80, d=4, beta_intensity=-12, model=diagREDM, fixed_beta_intercept=NA, fixed_beta_slope=NA, sdRE_input=NA, itnum=0

Rscript 2_inference_TMB/run_TMB.R --input ../data/assessing_models_simulation/datasets/multiple_GenerationMixturefewersignaturespairedLungSCCPCAWG_200_200_80_4_-12_NA_NA_NA_dataset0.RDS --output ../data/assessing_models_simulation/inference_results/TMB/nlminb/multiple_GenerationMixturefewersignaturespairedLungSCCPCAWG_200_200_80_4_-12_diagREDM_NA_NA_NA_dataset0.RDS --model diagREDM --optimiser nlminb  --use_previous_run_startingvals T
[Mon Jan 31 03:17:42 2022]
Finished job 28941.
1 of 65777 steps (0.00%) done

[Mon Jan 31 03:17:42 2022]
rule simulate_for_comparison_multiple:
    input: ../data/assessing_models_simulation/GenerationMixturefewersignaturespairedPancEndocrinePCAWG
    output: ../data/assessing_models_simulation/datasets/multiple_GenerationMixturefewersignaturespairedPancEndocrinePCAWG_50_200_80_4_-1_NA_NA_NA_dataset7.RDS
    jobid: 62928
    wildcards: datasetgeneration=GenerationMixturefewersignaturespairedPancEndocrinePCAWG, n=50, nlambda=200, lmbda=80, d=4, beta_intensity=-1, fixed_beta_intercept=NA, fixed_beta_slope=NA, sdRE_input=NA, itnum=7

Rscript --vanilla 3_analysis/simulation_model_assessment/generate_datasets_simulations/GenerationMixturefewersignaturespairedPancEndocrinePCAWG.R --input ../data/assessing_models_simulation/GenerationMixturefewersignaturespairedPancEndocrinePCAWG --d 4 --n 50 --nlambda 200 --lambda 80 --beta_gamma_shape -1 --outfile ../data/assessing_models_simulation/datasets/multiple_GenerationMixturefewersignaturespairedPancEndocrinePCAWG_50_200_80_4_-1_NA_NA_NA_dataset7.RDS --beta_intercept_input NA --beta_slope_input NA --sdRE_input NA
[Mon Jan 31 03:17:43 2022]
Finished job 62928.
2 of 65777 steps (0.00%) done

[Mon Jan 31 03:17:43 2022]
rule inference_simulation_TMB_multiple:
    input: ../data/assessing_models_simulation/datasets/multiple_GenerationMixturefewersignaturespairedPancEndocrinePCAWG_50_200_80_4_-1_NA_NA_NA_dataset7.RDS
    output: ../data/assessing_models_simulation/inference_results/TMB/nlminb/multiple_GenerationMixturefewersignaturespairedPancEndocrinePCAWG_50_200_80_4_-1_diagREDMsinglelambda_NA_NA_NA_dataset7.RDS
    log: logs/inference/nlminb/simulation_GenerationMixturefewersignaturespairedPancEndocrinePCAWG_50_200_80_4_-1_ModeldiagREDMsinglelambda_NA_NA_NA_dataset7.log
    jobid: 41148
    wildcards: optimiser=nlminb, datasetgeneration=GenerationMixturefewersignaturespairedPancEndocrinePCAWG, n=50, nlambda=200, lmbda=80, d=4, beta_intensity=-1, model=diagREDMsinglelambda, fixed_beta_intercept=NA, fixed_beta_slope=NA, sdRE_input=NA, itnum=7

Rscript 2_inference_TMB/run_TMB.R --input ../data/assessing_models_simulation/datasets/multiple_GenerationMixturefewersignaturespairedPancEndocrinePCAWG_50_200_80_4_-1_NA_NA_NA_dataset7.RDS --output ../data/assessing_models_simulation/inference_results/TMB/nlminb/multiple_GenerationMixturefewersignaturespairedPancEndocrinePCAWG_50_200_80_4_-1_diagREDMsinglelambda_NA_NA_NA_dataset7.RDS --model diagREDMsinglelambda --optimiser nlminb  --use_previous_run_startingvals T
[Mon Jan 31 03:17:48 2022]
Finished job 41148.
3 of 65777 steps (0.00%) done

[Mon Jan 31 03:17:48 2022]
rule inference_simulation_TMB_multiple:
    input: ../data/assessing_models_simulation/datasets/multiple_GenerationMixturefewersignaturespairedPancEndocrinePCAWG_50_200_80_4_-1_NA_NA_NA_dataset7.RDS
    output: ../data/assessing_models_simulation/inference_results/TMB/nlminb/multiple_GenerationMixturefewersignaturespairedPancEndocrinePCAWG_50_200_80_4_-1_diagREDM_NA_NA_NA_dataset7.RDS
    log: logs/inference/nlminb/simulation_GenerationMixturefewersignaturespairedPancEndocrinePCAWG_50_200_80_4_-1_ModeldiagREDM_NA_NA_NA_dataset7.log
    jobid: 41808
    wildcards: optimiser=nlminb, datasetgeneration=GenerationMixturefewersignaturespairedPancEndocrinePCAWG, n=50, nlambda=200, lmbda=80, d=4, beta_intensity=-1, model=diagREDM, fixed_beta_intercept=NA, fixed_beta_slope=NA, sdRE_input=NA, itnum=7

Rscript 2_inference_TMB/run_TMB.R --input ../data/assessing_models_simulation/datasets/multiple_GenerationMixturefewersignaturespairedPancEndocrinePCAWG_50_200_80_4_-1_NA_NA_NA_dataset7.RDS --output ../data/assessing_models_simulation/inference_results/TMB/nlminb/multiple_GenerationMixturefewersignaturespairedPancEndocrinePCAWG_50_200_80_4_-1_diagREDM_NA_NA_NA_dataset7.RDS --model diagREDM --optimiser nlminb  --use_previous_run_startingvals T
[Mon Jan 31 03:17:53 2022]
Finished job 41808.
4 of 65777 steps (0.01%) done

[Mon Jan 31 03:17:53 2022]
rule inference_simulation_TMB_multiple:
    input: ../data/assessing_models_simulation/datasets/multiple_GenerationMixturefewersignaturespairedPancEndocrinePCAWG_50_200_80_4_-1_NA_NA_NA_dataset7.RDS
    output: ../data/assessing_models_simulation/inference_results/TMB/nlminb/multiple_GenerationMixturefewersignaturespairedPancEndocrinePCAWG_50_200_80_4_-1_fullREDMsinglelambda_NA_NA_NA_dataset7.RDS
    log: logs/inference/nlminb/simulation_GenerationMixturefewersignaturespairedPancEndocrinePCAWG_50_200_80_4_-1_ModelfullREDMsinglelambda_NA_NA_NA_dataset7.log
    jobid: 40488
    wildcards: optimiser=nlminb, datasetgeneration=GenerationMixturefewersignaturespairedPancEndocrinePCAWG, n=50, nlambda=200, lmbda=80, d=4, beta_intensity=-1, model=fullREDMsinglelambda, fixed_beta_intercept=NA, fixed_beta_slope=NA, sdRE_input=NA, itnum=7

Rscript 2_inference_TMB/run_TMB.R --input ../data/assessing_models_simulation/datasets/multiple_GenerationMixturefewersignaturespairedPancEndocrinePCAWG_50_200_80_4_-1_NA_NA_NA_dataset7.RDS --output ../data/assessing_models_simulation/inference_results/TMB/nlminb/multiple_GenerationMixturefewersignaturespairedPancEndocrinePCAWG_50_200_80_4_-1_fullREDMsinglelambda_NA_NA_NA_dataset7.RDS --model fullREDMsinglelambda --optimiser nlminb  --use_previous_run_startingvals T
[Mon Jan 31 03:17:59 2022]
Finished job 40488.
5 of 65777 steps (0.01%) done

[Mon Jan 31 03:17:59 2022]
rule inference_simulation_TMB_multiple:
    input: ../data/assessing_models_simulation/datasets/multiple_GenerationMixturefewersignaturespairedPancEndocrinePCAWG_50_200_80_4_-1_NA_NA_NA_dataset7.RDS
    output: ../data/assessing_models_simulation/inference_results/TMB/nlminb/multiple_GenerationMixturefewersignaturespairedPancEndocrinePCAWG_50_200_80_4_-1_fullREM_NA_NA_NA_dataset7.RDS
    log: logs/inference/nlminb/simulation_GenerationMixturefewersignaturespairedPancEndocrinePCAWG_50_200_80_4_-1_ModelfullREM_NA_NA_NA_dataset7.log
    jobid: 39828
    wildcards: optimiser=nlminb, datasetgeneration=GenerationMixturefewersignaturespairedPancEndocrinePCAWG, n=50, nlambda=200, lmbda=80, d=4, beta_intensity=-1, model=fullREM, fixed_beta_intercept=NA, fixed_beta_slope=NA, sdRE_input=NA, itnum=7

Rscript 2_inference_TMB/run_TMB.R --input ../data/assessing_models_simulation/datasets/multiple_GenerationMixturefewersignaturespairedPancEndocrinePCAWG_50_200_80_4_-1_NA_NA_NA_dataset7.RDS --output ../data/assessing_models_simulation/inference_results/TMB/nlminb/multiple_GenerationMixturefewersignaturespairedPancEndocrinePCAWG_50_200_80_4_-1_fullREM_NA_NA_NA_dataset7.RDS --model fullREM --optimiser nlminb  --use_previous_run_startingvals T
[Mon Jan 31 03:18:03 2022]
Finished job 39828.
6 of 65777 steps (0.01%) done

[Mon Jan 31 03:18:03 2022]
rule simulate_for_comparison_multiple:
    input: ../data/assessing_models_simulation/GenerationMixturefewersignaturespairedOvaryAdenoCAPCAWG
    output: ../data/assessing_models_simulation/datasets/multiple_GenerationMixturefewersignaturespairedOvaryAdenoCAPCAWG_200_200_80_4_8_NA_NA_NA_dataset3.RDS
    jobid: 62104
    wildcards: datasetgeneration=GenerationMixturefewersignaturespairedOvaryAdenoCAPCAWG, n=200, nlambda=200, lmbda=80, d=4, beta_intensity=8, fixed_beta_intercept=NA, fixed_beta_slope=NA, sdRE_input=NA, itnum=3

Rscript --vanilla 3_analysis/simulation_model_assessment/generate_datasets_simulations/GenerationMixturefewersignaturespairedOvaryAdenoCAPCAWG.R --input ../data/assessing_models_simulation/GenerationMixturefewersignaturespairedOvaryAdenoCAPCAWG --d 4 --n 200 --nlambda 200 --lambda 80 --beta_gamma_shape 8 --outfile ../data/assessing_models_simulation/datasets/multiple_GenerationMixturefewersignaturespairedOvaryAdenoCAPCAWG_200_200_80_4_8_NA_NA_NA_dataset3.RDS --beta_intercept_input NA --beta_slope_input NA --sdRE_input NA
[Mon Jan 31 03:18:04 2022]
Finished job 62104.
7 of 65777 steps (0.01%) done

[Mon Jan 31 03:18:04 2022]
rule inference_simulation_TMB_multiple:
    input: ../data/assessing_models_simulation/datasets/multiple_GenerationMixturefewersignaturespairedOvaryAdenoCAPCAWG_200_200_80_4_8_NA_NA_NA_dataset3.RDS
    output: ../data/assessing_models_simulation/inference_results/TMB/nlminb/multiple_GenerationMixturefewersignaturespairedOvaryAdenoCAPCAWG_200_200_80_4_8_diagREDMsinglelambda_NA_NA_NA_dataset3.RDS
    log: logs/inference/nlminb/simulation_GenerationMixturefewersignaturespairedOvaryAdenoCAPCAWG_200_200_80_4_8_ModeldiagREDMsinglelambda_NA_NA_NA_dataset3.log
    jobid: 36364
    wildcards: optimiser=nlminb, datasetgeneration=GenerationMixturefewersignaturespairedOvaryAdenoCAPCAWG, n=200, nlambda=200, lmbda=80, d=4, beta_intensity=8, model=diagREDMsinglelambda, fixed_beta_intercept=NA, fixed_beta_slope=NA, sdRE_input=NA, itnum=3

Rscript 2_inference_TMB/run_TMB.R --input ../data/assessing_models_simulation/datasets/multiple_GenerationMixturefewersignaturespairedOvaryAdenoCAPCAWG_200_200_80_4_8_NA_NA_NA_dataset3.RDS --output ../data/assessing_models_simulation/inference_results/TMB/nlminb/multiple_GenerationMixturefewersignaturespairedOvaryAdenoCAPCAWG_200_200_80_4_8_diagREDMsinglelambda_NA_NA_NA_dataset3.RDS --model diagREDMsinglelambda --optimiser nlminb  --use_previous_run_startingvals T
[Mon Jan 31 03:18:16 2022]
Finished job 36364.
8 of 65777 steps (0.01%) done

[Mon Jan 31 03:18:17 2022]
rule inference_simulation_TMB_multiple:
    input: ../data/assessing_models_simulation/datasets/multiple_GenerationMixturefewersignaturespairedOvaryAdenoCAPCAWG_200_200_80_4_8_NA_NA_NA_dataset3.RDS
    output: ../data/assessing_models_simulation/inference_results/TMB/nlminb/multiple_GenerationMixturefewersignaturespairedOvaryAdenoCAPCAWG_200_200_80_4_8_diagREDM_NA_NA_NA_dataset3.RDS
    log: logs/inference/nlminb/simulation_GenerationMixturefewersignaturespairedOvaryAdenoCAPCAWG_200_200_80_4_8_ModeldiagREDM_NA_NA_NA_dataset3.log
    jobid: 37024
    wildcards: optimiser=nlminb, datasetgeneration=GenerationMixturefewersignaturespairedOvaryAdenoCAPCAWG, n=200, nlambda=200, lmbda=80, d=4, beta_intensity=8, model=diagREDM, fixed_beta_intercept=NA, fixed_beta_slope=NA, sdRE_input=NA, itnum=3

Rscript 2_inference_TMB/run_TMB.R --input ../data/assessing_models_simulation/datasets/multiple_GenerationMixturefewersignaturespairedOvaryAdenoCAPCAWG_200_200_80_4_8_NA_NA_NA_dataset3.RDS --output ../data/assessing_models_simulation/inference_results/TMB/nlminb/multiple_GenerationMixturefewersignaturespairedOvaryAdenoCAPCAWG_200_200_80_4_8_diagREDM_NA_NA_NA_dataset3.RDS --model diagREDM --optimiser nlminb  --use_previous_run_startingvals T
[Mon Jan 31 03:18:32 2022]
Finished job 37024.
9 of 65777 steps (0.01%) done

[Mon Jan 31 03:18:32 2022]
rule inference_simulation_TMB_multiple:
    input: ../data/assessing_models_simulation/datasets/multiple_GenerationMixturefewersignaturespairedOvaryAdenoCAPCAWG_200_200_80_4_8_NA_NA_NA_dataset3.RDS
    output: ../data/assessing_models_simulation/inference_results/TMB/nlminb/multiple_GenerationMixturefewersignaturespairedOvaryAdenoCAPCAWG_200_200_80_4_8_fullREDMsinglelambda_NA_NA_NA_dataset3.RDS
    log: logs/inference/nlminb/simulation_GenerationMixturefewersignaturespairedOvaryAdenoCAPCAWG_200_200_80_4_8_ModelfullREDMsinglelambda_NA_NA_NA_dataset3.log
    jobid: 35704
    wildcards: optimiser=nlminb, datasetgeneration=GenerationMixturefewersignaturespairedOvaryAdenoCAPCAWG, n=200, nlambda=200, lmbda=80, d=4, beta_intensity=8, model=fullREDMsinglelambda, fixed_beta_intercept=NA, fixed_beta_slope=NA, sdRE_input=NA, itnum=3

Rscript 2_inference_TMB/run_TMB.R --input ../data/assessing_models_simulation/datasets/multiple_GenerationMixturefewersignaturespairedOvaryAdenoCAPCAWG_200_200_80_4_8_NA_NA_NA_dataset3.RDS --output ../data/assessing_models_simulation/inference_results/TMB/nlminb/multiple_GenerationMixturefewersignaturespairedOvaryAdenoCAPCAWG_200_200_80_4_8_fullREDMsinglelambda_NA_NA_NA_dataset3.RDS --model fullREDMsinglelambda --optimiser nlminb  --use_previous_run_startingvals T
[Mon Jan 31 03:18:47 2022]
Finished job 35704.
10 of 65777 steps (0.02%) done

[Mon Jan 31 03:18:47 2022]
rule inference_simulation_TMB_multiple:
    input: ../data/assessing_models_simulation/datasets/multiple_GenerationMixturefewersignaturespairedOvaryAdenoCAPCAWG_200_200_80_4_8_NA_NA_NA_dataset3.RDS
    output: ../data/assessing_models_simulation/inference_results/TMB/nlminb/multiple_GenerationMixturefewersignaturespairedOvaryAdenoCAPCAWG_200_200_80_4_8_fullREM_NA_NA_NA_dataset3.RDS
    log: logs/inference/nlminb/simulation_GenerationMixturefewersignaturespairedOvaryAdenoCAPCAWG_200_200_80_4_8_ModelfullREM_NA_NA_NA_dataset3.log
    jobid: 35044
    wildcards: optimiser=nlminb, datasetgeneration=GenerationMixturefewersignaturespairedOvaryAdenoCAPCAWG, n=200, nlambda=200, lmbda=80, d=4, beta_intensity=8, model=fullREM, fixed_beta_intercept=NA, fixed_beta_slope=NA, sdRE_input=NA, itnum=3

Rscript 2_inference_TMB/run_TMB.R --input ../data/assessing_models_simulation/datasets/multiple_GenerationMixturefewersignaturespairedOvaryAdenoCAPCAWG_200_200_80_4_8_NA_NA_NA_dataset3.RDS --output ../data/assessing_models_simulation/inference_results/TMB/nlminb/multiple_GenerationMixturefewersignaturespairedOvaryAdenoCAPCAWG_200_200_80_4_8_fullREM_NA_NA_NA_dataset3.RDS --model fullREM --optimiser nlminb  --use_previous_run_startingvals T
[Mon Jan 31 03:18:54 2022]
Finished job 35044.
11 of 65777 steps (0.02%) done

[Mon Jan 31 03:18:54 2022]
rule simulate_for_comparison_multiple:
    input: ../data/assessing_models_simulation/GenerationMixturefewersignaturespairedLymphCLLPCAWG
    output: ../data/assessing_models_simulation/datasets/multiple_GenerationMixturefewersignaturespairedLymphCLLPCAWG_200_200_80_4_-4_NA_NA_NA_dataset19.RDS
    jobid: 61360
    wildcards: datasetgeneration=GenerationMixturefewersignaturespairedLymphCLLPCAWG, n=200, nlambda=200, lmbda=80, d=4, beta_intensity=-4, fixed_beta_intercept=NA, fixed_beta_slope=NA, sdRE_input=NA, itnum=19

Rscript --vanilla 3_analysis/simulation_model_assessment/generate_datasets_simulations/GenerationMixturefewersignaturespairedLymphCLLPCAWG.R --input ../data/assessing_models_simulation/GenerationMixturefewersignaturespairedLymphCLLPCAWG --d 4 --n 200 --nlambda 200 --lambda 80 --beta_gamma_shape -4 --outfile ../data/assessing_models_simulation/datasets/multiple_GenerationMixturefewersignaturespairedLymphCLLPCAWG_200_200_80_4_-4_NA_NA_NA_dataset19.RDS --beta_intercept_input NA --beta_slope_input NA --sdRE_input NA
[Mon Jan 31 03:18:55 2022]
Finished job 61360.
12 of 65777 steps (0.02%) done

[Mon Jan 31 03:18:55 2022]
rule inference_simulation_TMB_multiple:
    input: ../data/assessing_models_simulation/datasets/multiple_GenerationMixturefewersignaturespairedLymphCLLPCAWG_200_200_80_4_-4_NA_NA_NA_dataset19.RDS
    output: ../data/assessing_models_simulation/inference_results/TMB/nlminb/multiple_GenerationMixturefewersignaturespairedLymphCLLPCAWG_200_200_80_4_-4_diagREDMsinglelambda_NA_NA_NA_dataset19.RDS
    log: logs/inference/nlminb/simulation_GenerationMixturefewersignaturespairedLymphCLLPCAWG_200_200_80_4_-4_ModeldiagREDMsinglelambda_NA_NA_NA_dataset19.log
    jobid: 33640
    wildcards: optimiser=nlminb, datasetgeneration=GenerationMixturefewersignaturespairedLymphCLLPCAWG, n=200, nlambda=200, lmbda=80, d=4, beta_intensity=-4, model=diagREDMsinglelambda, fixed_beta_intercept=NA, fixed_beta_slope=NA, sdRE_input=NA, itnum=19

Rscript 2_inference_TMB/run_TMB.R --input ../data/assessing_models_simulation/datasets/multiple_GenerationMixturefewersignaturespairedLymphCLLPCAWG_200_200_80_4_-4_NA_NA_NA_dataset19.RDS --output ../data/assessing_models_simulation/inference_results/TMB/nlminb/multiple_GenerationMixturefewersignaturespairedLymphCLLPCAWG_200_200_80_4_-4_diagREDMsinglelambda_NA_NA_NA_dataset19.RDS --model diagREDMsinglelambda --optimiser nlminb  --use_previous_run_startingvals T
[Mon Jan 31 03:19:09 2022]
Finished job 33640.
13 of 65777 steps (0.02%) done

[Mon Jan 31 03:19:09 2022]
rule inference_simulation_TMB_multiple:
    input: ../data/assessing_models_simulation/datasets/multiple_GenerationMixturefewersignaturespairedLymphCLLPCAWG_200_200_80_4_-4_NA_NA_NA_dataset19.RDS
    output: ../data/assessing_models_simulation/inference_results/TMB/nlminb/multiple_GenerationMixturefewersignaturespairedLymphCLLPCAWG_200_200_80_4_-4_diagREDM_NA_NA_NA_dataset19.RDS
    log: logs/inference/nlminb/simulation_GenerationMixturefewersignaturespairedLymphCLLPCAWG_200_200_80_4_-4_ModeldiagREDM_NA_NA_NA_dataset19.log
    jobid: 34300
    wildcards: optimiser=nlminb, datasetgeneration=GenerationMixturefewersignaturespairedLymphCLLPCAWG, n=200, nlambda=200, lmbda=80, d=4, beta_intensity=-4, model=diagREDM, fixed_beta_intercept=NA, fixed_beta_slope=NA, sdRE_input=NA, itnum=19

Rscript 2_inference_TMB/run_TMB.R --input ../data/assessing_models_simulation/datasets/multiple_GenerationMixturefewersignaturespairedLymphCLLPCAWG_200_200_80_4_-4_NA_NA_NA_dataset19.RDS --output ../data/assessing_models_simulation/inference_results/TMB/nlminb/multiple_GenerationMixturefewersignaturespairedLymphCLLPCAWG_200_200_80_4_-4_diagREDM_NA_NA_NA_dataset19.RDS --model diagREDM --optimiser nlminb  --use_previous_run_startingvals T
[Mon Jan 31 03:19:29 2022]
Error in rule inference_simulation_TMB_multiple:
    jobid: 34300
    output: ../data/assessing_models_simulation/inference_results/TMB/nlminb/multiple_GenerationMixturefewersignaturespairedLymphCLLPCAWG_200_200_80_4_-4_diagREDM_NA_NA_NA_dataset19.RDS
    log: logs/inference/nlminb/simulation_GenerationMixturefewersignaturespairedLymphCLLPCAWG_200_200_80_4_-4_ModeldiagREDM_NA_NA_NA_dataset19.log (check log file(s) for error message)
    shell:
        Rscript 2_inference_TMB/run_TMB.R --input ../data/assessing_models_simulation/datasets/multiple_GenerationMixturefewersignaturespairedLymphCLLPCAWG_200_200_80_4_-4_NA_NA_NA_dataset19.RDS --output ../data/assessing_models_simulation/inference_results/TMB/nlminb/multiple_GenerationMixturefewersignaturespairedLymphCLLPCAWG_200_200_80_4_-4_diagREDM_NA_NA_NA_dataset19.RDS --model diagREDM --optimiser nlminb  --use_previous_run_startingvals T

Shutting down, this might take some time.
Exiting because a job execution failed. Look above for error message
Complete log: /Users/morril01/Documents/PhD/GlobalDA/code/.snakemake/log/2022-01-31T031525.619869.snakemake.log
