Building DAG of jobs...
Using shell: /usr/local/bin/bash
Provided cores: 1
Rules claiming more threads will be scaled down.
Job counts:
	count	jobs
	1	all
	8	analyse_simulation_TMB_multiple
	2	analyse_simulation_TMB_multiple_integrate
	2946	inference_simulation_TMB_multiple
	736	simulate_for_comparison_multiple
	3693

[Mon Jan 31 22:46:32 2022]
rule inference_simulation_TMB_multiple:
    input: ../data/assessing_models_simulation/datasets/multiple_GenerationMixturefewersignaturespairedBoneOsteosarcPCAWG_200_200_80_4_4_NA_NA_NA_dataset11.RDS
    output: ../data/assessing_models_simulation/inference_results/TMB/nlminb/multiple_GenerationMixturefewersignaturespairedBoneOsteosarcPCAWG_200_200_80_4_4_diagREDMsinglelambda_NA_NA_NA_dataset11.RDS
    log: logs/inference/nlminb/simulation_GenerationMixturefewersignaturespairedBoneOsteosarcPCAWG_200_200_80_4_4_ModeldiagREDMsinglelambda_NA_NA_NA_dataset11.log
    jobid: 1942
    wildcards: optimiser=nlminb, datasetgeneration=GenerationMixturefewersignaturespairedBoneOsteosarcPCAWG, n=200, nlambda=200, lmbda=80, d=4, beta_intensity=4, model=diagREDMsinglelambda, fixed_beta_intercept=NA, fixed_beta_slope=NA, sdRE_input=NA, itnum=11

Rscript 2_inference_TMB/run_TMB.R --input ../data/assessing_models_simulation/datasets/multiple_GenerationMixturefewersignaturespairedBoneOsteosarcPCAWG_200_200_80_4_4_NA_NA_NA_dataset11.RDS --output ../data/assessing_models_simulation/inference_results/TMB/nlminb/multiple_GenerationMixturefewersignaturespairedBoneOsteosarcPCAWG_200_200_80_4_4_diagREDMsinglelambda_NA_NA_NA_dataset11.RDS --model diagREDMsinglelambda --optimiser nlminb  --use_previous_run_startingvals T
[Mon Jan 31 22:46:46 2022]
Finished job 1942.
1 of 3693 steps (0.03%) done

[Mon Jan 31 22:46:46 2022]
rule inference_simulation_TMB_multiple:
    input: ../data/assessing_models_simulation/datasets/multiple_GenerationMixturefewersignaturespairedBoneOsteosarcPCAWG_200_200_80_4_4_NA_NA_NA_dataset11.RDS
    output: ../data/assessing_models_simulation/inference_results/TMB/nlminb/multiple_GenerationMixturefewersignaturespairedBoneOsteosarcPCAWG_200_200_80_4_4_fullREDMsinglelambda_NA_NA_NA_dataset11.RDS
    log: logs/inference/nlminb/simulation_GenerationMixturefewersignaturespairedBoneOsteosarcPCAWG_200_200_80_4_4_ModelfullREDMsinglelambda_NA_NA_NA_dataset11.log
    jobid: 1282
    wildcards: optimiser=nlminb, datasetgeneration=GenerationMixturefewersignaturespairedBoneOsteosarcPCAWG, n=200, nlambda=200, lmbda=80, d=4, beta_intensity=4, model=fullREDMsinglelambda, fixed_beta_intercept=NA, fixed_beta_slope=NA, sdRE_input=NA, itnum=11

Rscript 2_inference_TMB/run_TMB.R --input ../data/assessing_models_simulation/datasets/multiple_GenerationMixturefewersignaturespairedBoneOsteosarcPCAWG_200_200_80_4_4_NA_NA_NA_dataset11.RDS --output ../data/assessing_models_simulation/inference_results/TMB/nlminb/multiple_GenerationMixturefewersignaturespairedBoneOsteosarcPCAWG_200_200_80_4_4_fullREDMsinglelambda_NA_NA_NA_dataset11.RDS --model fullREDMsinglelambda --optimiser nlminb  --use_previous_run_startingvals T
[Mon Jan 31 22:47:15 2022]
Finished job 1282.
2 of 3693 steps (0.05%) done

[Mon Jan 31 22:47:15 2022]
rule simulate_for_comparison_multiple:
    input: ../data/assessing_models_simulation/GenerationMixturefewersignaturespairedBreastAdenoCAPCAWG
    output: ../data/assessing_models_simulation/datasets/multiple_GenerationMixturefewersignaturespairedBreastAdenoCAPCAWG_200_200_80_4_4_NA_NA_NA_dataset15.RDS
    jobid: 6566
    wildcards: datasetgeneration=GenerationMixturefewersignaturespairedBreastAdenoCAPCAWG, n=200, nlambda=200, lmbda=80, d=4, beta_intensity=4, fixed_beta_intercept=NA, fixed_beta_slope=NA, sdRE_input=NA, itnum=15

Rscript --vanilla 3_analysis/simulation_model_assessment/generate_datasets_simulations/GenerationMixturefewersignaturespairedBreastAdenoCAPCAWG.R --input ../data/assessing_models_simulation/GenerationMixturefewersignaturespairedBreastAdenoCAPCAWG --d 4 --n 200 --nlambda 200 --lambda 80 --beta_gamma_shape 4 --outfile ../data/assessing_models_simulation/datasets/multiple_GenerationMixturefewersignaturespairedBreastAdenoCAPCAWG_200_200_80_4_4_NA_NA_NA_dataset15.RDS --beta_intercept_input NA --beta_slope_input NA --sdRE_input NA
[Mon Jan 31 22:47:16 2022]
Finished job 6566.
3 of 3693 steps (0.08%) done

[Mon Jan 31 22:47:16 2022]
rule inference_simulation_TMB_multiple:
    input: ../data/assessing_models_simulation/datasets/multiple_GenerationMixturefewersignaturespairedBreastAdenoCAPCAWG_200_200_80_4_4_NA_NA_NA_dataset15.RDS
    output: ../data/assessing_models_simulation/inference_results/TMB/nlminb/multiple_GenerationMixturefewersignaturespairedBreastAdenoCAPCAWG_200_200_80_4_4_fullREDMsinglelambda_NA_NA_NA_dataset15.RDS
    log: logs/inference/nlminb/simulation_GenerationMixturefewersignaturespairedBreastAdenoCAPCAWG_200_200_80_4_4_ModelfullREDMsinglelambda_NA_NA_NA_dataset15.log
    jobid: 3926
    wildcards: optimiser=nlminb, datasetgeneration=GenerationMixturefewersignaturespairedBreastAdenoCAPCAWG, n=200, nlambda=200, lmbda=80, d=4, beta_intensity=4, model=fullREDMsinglelambda, fixed_beta_intercept=NA, fixed_beta_slope=NA, sdRE_input=NA, itnum=15

Rscript 2_inference_TMB/run_TMB.R --input ../data/assessing_models_simulation/datasets/multiple_GenerationMixturefewersignaturespairedBreastAdenoCAPCAWG_200_200_80_4_4_NA_NA_NA_dataset15.RDS --output ../data/assessing_models_simulation/inference_results/TMB/nlminb/multiple_GenerationMixturefewersignaturespairedBreastAdenoCAPCAWG_200_200_80_4_4_fullREDMsinglelambda_NA_NA_NA_dataset15.RDS --model fullREDMsinglelambda --optimiser nlminb  --use_previous_run_startingvals T
[Mon Jan 31 22:47:33 2022]
Finished job 3926.
4 of 3693 steps (0.11%) done

[Mon Jan 31 22:47:33 2022]
rule inference_simulation_TMB_multiple:
    input: ../data/assessing_models_simulation/datasets/multiple_GenerationMixturefewersignaturespairedBreastAdenoCAPCAWG_200_200_80_4_4_NA_NA_NA_dataset15.RDS
    output: ../data/assessing_models_simulation/inference_results/TMB/nlminb/multiple_GenerationMixturefewersignaturespairedBreastAdenoCAPCAWG_200_200_80_4_4_fullREM_NA_NA_NA_dataset15.RDS
    log: logs/inference/nlminb/simulation_GenerationMixturefewersignaturespairedBreastAdenoCAPCAWG_200_200_80_4_4_ModelfullREM_NA_NA_NA_dataset15.log
    jobid: 3266
    wildcards: optimiser=nlminb, datasetgeneration=GenerationMixturefewersignaturespairedBreastAdenoCAPCAWG, n=200, nlambda=200, lmbda=80, d=4, beta_intensity=4, model=fullREM, fixed_beta_intercept=NA, fixed_beta_slope=NA, sdRE_input=NA, itnum=15

Rscript 2_inference_TMB/run_TMB.R --input ../data/assessing_models_simulation/datasets/multiple_GenerationMixturefewersignaturespairedBreastAdenoCAPCAWG_200_200_80_4_4_NA_NA_NA_dataset15.RDS --output ../data/assessing_models_simulation/inference_results/TMB/nlminb/multiple_GenerationMixturefewersignaturespairedBreastAdenoCAPCAWG_200_200_80_4_4_fullREM_NA_NA_NA_dataset15.RDS --model fullREM --optimiser nlminb  --use_previous_run_startingvals T
[Mon Jan 31 22:47:41 2022]
Finished job 3266.
5 of 3693 steps (0.14%) done

[Mon Jan 31 22:47:41 2022]
rule inference_simulation_TMB_multiple:
    input: ../data/assessing_models_simulation/datasets/multiple_GenerationMixturefewersignaturespairedBreastAdenoCAPCAWG_200_200_80_4_4_NA_NA_NA_dataset15.RDS
    output: ../data/assessing_models_simulation/inference_results/TMB/nlminb/multiple_GenerationMixturefewersignaturespairedBreastAdenoCAPCAWG_200_200_80_4_4_diagREDMsinglelambda_NA_NA_NA_dataset15.RDS
    log: logs/inference/nlminb/simulation_GenerationMixturefewersignaturespairedBreastAdenoCAPCAWG_200_200_80_4_4_ModeldiagREDMsinglelambda_NA_NA_NA_dataset15.log
    jobid: 4586
    wildcards: optimiser=nlminb, datasetgeneration=GenerationMixturefewersignaturespairedBreastAdenoCAPCAWG, n=200, nlambda=200, lmbda=80, d=4, beta_intensity=4, model=diagREDMsinglelambda, fixed_beta_intercept=NA, fixed_beta_slope=NA, sdRE_input=NA, itnum=15

Rscript 2_inference_TMB/run_TMB.R --input ../data/assessing_models_simulation/datasets/multiple_GenerationMixturefewersignaturespairedBreastAdenoCAPCAWG_200_200_80_4_4_NA_NA_NA_dataset15.RDS --output ../data/assessing_models_simulation/inference_results/TMB/nlminb/multiple_GenerationMixturefewersignaturespairedBreastAdenoCAPCAWG_200_200_80_4_4_diagREDMsinglelambda_NA_NA_NA_dataset15.RDS --model diagREDMsinglelambda --optimiser nlminb  --use_previous_run_startingvals T
[Mon Jan 31 22:47:51 2022]
Finished job 4586.
6 of 3693 steps (0.16%) done

[Mon Jan 31 22:47:51 2022]
rule inference_simulation_TMB_multiple:
    input: ../data/assessing_models_simulation/datasets/multiple_GenerationMixturefewersignaturespairedBreastAdenoCAPCAWG_200_200_80_4_4_NA_NA_NA_dataset15.RDS
    output: ../data/assessing_models_simulation/inference_results/TMB/nlminb/multiple_GenerationMixturefewersignaturespairedBreastAdenoCAPCAWG_200_200_80_4_4_diagREDM_NA_NA_NA_dataset15.RDS
    log: logs/inference/nlminb/simulation_GenerationMixturefewersignaturespairedBreastAdenoCAPCAWG_200_200_80_4_4_ModeldiagREDM_NA_NA_NA_dataset15.log
    jobid: 5246
    wildcards: optimiser=nlminb, datasetgeneration=GenerationMixturefewersignaturespairedBreastAdenoCAPCAWG, n=200, nlambda=200, lmbda=80, d=4, beta_intensity=4, model=diagREDM, fixed_beta_intercept=NA, fixed_beta_slope=NA, sdRE_input=NA, itnum=15

Rscript 2_inference_TMB/run_TMB.R --input ../data/assessing_models_simulation/datasets/multiple_GenerationMixturefewersignaturespairedBreastAdenoCAPCAWG_200_200_80_4_4_NA_NA_NA_dataset15.RDS --output ../data/assessing_models_simulation/inference_results/TMB/nlminb/multiple_GenerationMixturefewersignaturespairedBreastAdenoCAPCAWG_200_200_80_4_4_diagREDM_NA_NA_NA_dataset15.RDS --model diagREDM --optimiser nlminb  --use_previous_run_startingvals T
[Mon Jan 31 22:48:15 2022]
Finished job 5246.
7 of 3693 steps (0.19%) done

[Mon Jan 31 22:48:15 2022]
rule simulate_for_comparison_multiple:
    input: ../data/assessing_models_simulation/GenerationMixturefewersignaturespairedBoneOsteosarcPCAWG
    output: ../data/assessing_models_simulation/datasets/multiple_GenerationMixturefewersignaturespairedBoneOsteosarcPCAWG_50_200_80_4_-10_NA_NA_NA_dataset11.RDS
    jobid: 5342
    wildcards: datasetgeneration=GenerationMixturefewersignaturespairedBoneOsteosarcPCAWG, n=50, nlambda=200, lmbda=80, d=4, beta_intensity=-10, fixed_beta_intercept=NA, fixed_beta_slope=NA, sdRE_input=NA, itnum=11

Rscript --vanilla 3_analysis/simulation_model_assessment/generate_datasets_simulations/GenerationMixturefewersignaturespairedBoneOsteosarcPCAWG.R --input ../data/assessing_models_simulation/GenerationMixturefewersignaturespairedBoneOsteosarcPCAWG --d 4 --n 50 --nlambda 200 --lambda 80 --beta_gamma_shape -10 --outfile ../data/assessing_models_simulation/datasets/multiple_GenerationMixturefewersignaturespairedBoneOsteosarcPCAWG_50_200_80_4_-10_NA_NA_NA_dataset11.RDS --beta_intercept_input NA --beta_slope_input NA --sdRE_input NA
[Mon Jan 31 22:48:16 2022]
Finished job 5342.
8 of 3693 steps (0.22%) done

[Mon Jan 31 22:48:16 2022]
rule inference_simulation_TMB_multiple:
    input: ../data/assessing_models_simulation/datasets/multiple_GenerationMixturefewersignaturespairedBoneOsteosarcPCAWG_50_200_80_4_-10_NA_NA_NA_dataset11.RDS
    output: ../data/assessing_models_simulation/inference_results/TMB/nlminb/multiple_GenerationMixturefewersignaturespairedBoneOsteosarcPCAWG_50_200_80_4_-10_fullREDMsinglelambda_NA_NA_NA_dataset11.RDS
    log: logs/inference/nlminb/simulation_GenerationMixturefewersignaturespairedBoneOsteosarcPCAWG_50_200_80_4_-10_ModelfullREDMsinglelambda_NA_NA_NA_dataset11.log
    jobid: 722
    wildcards: optimiser=nlminb, datasetgeneration=GenerationMixturefewersignaturespairedBoneOsteosarcPCAWG, n=50, nlambda=200, lmbda=80, d=4, beta_intensity=-10, model=fullREDMsinglelambda, fixed_beta_intercept=NA, fixed_beta_slope=NA, sdRE_input=NA, itnum=11

Rscript 2_inference_TMB/run_TMB.R --input ../data/assessing_models_simulation/datasets/multiple_GenerationMixturefewersignaturespairedBoneOsteosarcPCAWG_50_200_80_4_-10_NA_NA_NA_dataset11.RDS --output ../data/assessing_models_simulation/inference_results/TMB/nlminb/multiple_GenerationMixturefewersignaturespairedBoneOsteosarcPCAWG_50_200_80_4_-10_fullREDMsinglelambda_NA_NA_NA_dataset11.RDS --model fullREDMsinglelambda --optimiser nlminb  --use_previous_run_startingvals T
[Mon Jan 31 22:48:24 2022]
Finished job 722.
9 of 3693 steps (0.24%) done

[Mon Jan 31 22:48:24 2022]
rule inference_simulation_TMB_multiple:
    input: ../data/assessing_models_simulation/datasets/multiple_GenerationMixturefewersignaturespairedBoneOsteosarcPCAWG_50_200_80_4_-10_NA_NA_NA_dataset11.RDS
    output: ../data/assessing_models_simulation/inference_results/TMB/nlminb/multiple_GenerationMixturefewersignaturespairedBoneOsteosarcPCAWG_50_200_80_4_-10_fullREM_NA_NA_NA_dataset11.RDS
    log: logs/inference/nlminb/simulation_GenerationMixturefewersignaturespairedBoneOsteosarcPCAWG_50_200_80_4_-10_ModelfullREM_NA_NA_NA_dataset11.log
    jobid: 62
    wildcards: optimiser=nlminb, datasetgeneration=GenerationMixturefewersignaturespairedBoneOsteosarcPCAWG, n=50, nlambda=200, lmbda=80, d=4, beta_intensity=-10, model=fullREM, fixed_beta_intercept=NA, fixed_beta_slope=NA, sdRE_input=NA, itnum=11

Rscript 2_inference_TMB/run_TMB.R --input ../data/assessing_models_simulation/datasets/multiple_GenerationMixturefewersignaturespairedBoneOsteosarcPCAWG_50_200_80_4_-10_NA_NA_NA_dataset11.RDS --output ../data/assessing_models_simulation/inference_results/TMB/nlminb/multiple_GenerationMixturefewersignaturespairedBoneOsteosarcPCAWG_50_200_80_4_-10_fullREM_NA_NA_NA_dataset11.RDS --model fullREM --optimiser nlminb  --use_previous_run_startingvals T
[Mon Jan 31 22:48:28 2022]
Finished job 62.
10 of 3693 steps (0.27%) done

[Mon Jan 31 22:48:28 2022]
rule inference_simulation_TMB_multiple:
    input: ../data/assessing_models_simulation/datasets/multiple_GenerationMixturefewersignaturespairedBoneOsteosarcPCAWG_50_200_80_4_-10_NA_NA_NA_dataset11.RDS
    output: ../data/assessing_models_simulation/inference_results/TMB/nlminb/multiple_GenerationMixturefewersignaturespairedBoneOsteosarcPCAWG_50_200_80_4_-10_diagREDMsinglelambda_NA_NA_NA_dataset11.RDS
    log: logs/inference/nlminb/simulation_GenerationMixturefewersignaturespairedBoneOsteosarcPCAWG_50_200_80_4_-10_ModeldiagREDMsinglelambda_NA_NA_NA_dataset11.log
    jobid: 1382
    wildcards: optimiser=nlminb, datasetgeneration=GenerationMixturefewersignaturespairedBoneOsteosarcPCAWG, n=50, nlambda=200, lmbda=80, d=4, beta_intensity=-10, model=diagREDMsinglelambda, fixed_beta_intercept=NA, fixed_beta_slope=NA, sdRE_input=NA, itnum=11

Rscript 2_inference_TMB/run_TMB.R --input ../data/assessing_models_simulation/datasets/multiple_GenerationMixturefewersignaturespairedBoneOsteosarcPCAWG_50_200_80_4_-10_NA_NA_NA_dataset11.RDS --output ../data/assessing_models_simulation/inference_results/TMB/nlminb/multiple_GenerationMixturefewersignaturespairedBoneOsteosarcPCAWG_50_200_80_4_-10_diagREDMsinglelambda_NA_NA_NA_dataset11.RDS --model diagREDMsinglelambda --optimiser nlminb  --use_previous_run_startingvals T
[Mon Jan 31 22:48:33 2022]
Finished job 1382.
11 of 3693 steps (0.30%) done

[Mon Jan 31 22:48:33 2022]
rule inference_simulation_TMB_multiple:
    input: ../data/assessing_models_simulation/datasets/multiple_GenerationMixturefewersignaturespairedBoneOsteosarcPCAWG_50_200_80_4_-10_NA_NA_NA_dataset11.RDS
    output: ../data/assessing_models_simulation/inference_results/TMB/nlminb/multiple_GenerationMixturefewersignaturespairedBoneOsteosarcPCAWG_50_200_80_4_-10_diagREDM_NA_NA_NA_dataset11.RDS
    log: logs/inference/nlminb/simulation_GenerationMixturefewersignaturespairedBoneOsteosarcPCAWG_50_200_80_4_-10_ModeldiagREDM_NA_NA_NA_dataset11.log
    jobid: 2042
    wildcards: optimiser=nlminb, datasetgeneration=GenerationMixturefewersignaturespairedBoneOsteosarcPCAWG, n=50, nlambda=200, lmbda=80, d=4, beta_intensity=-10, model=diagREDM, fixed_beta_intercept=NA, fixed_beta_slope=NA, sdRE_input=NA, itnum=11

Rscript 2_inference_TMB/run_TMB.R --input ../data/assessing_models_simulation/datasets/multiple_GenerationMixturefewersignaturespairedBoneOsteosarcPCAWG_50_200_80_4_-10_NA_NA_NA_dataset11.RDS --output ../data/assessing_models_simulation/inference_results/TMB/nlminb/multiple_GenerationMixturefewersignaturespairedBoneOsteosarcPCAWG_50_200_80_4_-10_diagREDM_NA_NA_NA_dataset11.RDS --model diagREDM --optimiser nlminb  --use_previous_run_startingvals T
[Mon Jan 31 22:48:40 2022]
Finished job 2042.
12 of 3693 steps (0.32%) done

[Mon Jan 31 22:48:40 2022]
rule simulate_for_comparison_multiple:
    input: ../data/assessing_models_simulation/GenerationMixturefewersignaturespairedBreastAdenoCAPCAWG
    output: ../data/assessing_models_simulation/datasets/multiple_GenerationMixturefewersignaturespairedBreastAdenoCAPCAWG_50_200_80_4_-8_NA_NA_NA_dataset15.RDS
    jobid: 6026
    wildcards: datasetgeneration=GenerationMixturefewersignaturespairedBreastAdenoCAPCAWG, n=50, nlambda=200, lmbda=80, d=4, beta_intensity=-8, fixed_beta_intercept=NA, fixed_beta_slope=NA, sdRE_input=NA, itnum=15

Rscript --vanilla 3_analysis/simulation_model_assessment/generate_datasets_simulations/GenerationMixturefewersignaturespairedBreastAdenoCAPCAWG.R --input ../data/assessing_models_simulation/GenerationMixturefewersignaturespairedBreastAdenoCAPCAWG --d 4 --n 50 --nlambda 200 --lambda 80 --beta_gamma_shape -8 --outfile ../data/assessing_models_simulation/datasets/multiple_GenerationMixturefewersignaturespairedBreastAdenoCAPCAWG_50_200_80_4_-8_NA_NA_NA_dataset15.RDS --beta_intercept_input NA --beta_slope_input NA --sdRE_input NA
[Mon Jan 31 22:48:41 2022]
Finished job 6026.
13 of 3693 steps (0.35%) done

[Mon Jan 31 22:48:41 2022]
rule inference_simulation_TMB_multiple:
    input: ../data/assessing_models_simulation/datasets/multiple_GenerationMixturefewersignaturespairedBreastAdenoCAPCAWG_50_200_80_4_-8_NA_NA_NA_dataset15.RDS
    output: ../data/assessing_models_simulation/inference_results/TMB/nlminb/multiple_GenerationMixturefewersignaturespairedBreastAdenoCAPCAWG_50_200_80_4_-8_fullREDMsinglelambda_NA_NA_NA_dataset15.RDS
    log: logs/inference/nlminb/simulation_GenerationMixturefewersignaturespairedBreastAdenoCAPCAWG_50_200_80_4_-8_ModelfullREDMsinglelambda_NA_NA_NA_dataset15.log
    jobid: 3386
    wildcards: optimiser=nlminb, datasetgeneration=GenerationMixturefewersignaturespairedBreastAdenoCAPCAWG, n=50, nlambda=200, lmbda=80, d=4, beta_intensity=-8, model=fullREDMsinglelambda, fixed_beta_intercept=NA, fixed_beta_slope=NA, sdRE_input=NA, itnum=15

Rscript 2_inference_TMB/run_TMB.R --input ../data/assessing_models_simulation/datasets/multiple_GenerationMixturefewersignaturespairedBreastAdenoCAPCAWG_50_200_80_4_-8_NA_NA_NA_dataset15.RDS --output ../data/assessing_models_simulation/inference_results/TMB/nlminb/multiple_GenerationMixturefewersignaturespairedBreastAdenoCAPCAWG_50_200_80_4_-8_fullREDMsinglelambda_NA_NA_NA_dataset15.RDS --model fullREDMsinglelambda --optimiser nlminb  --use_previous_run_startingvals T
[Mon Jan 31 22:48:47 2022]
Finished job 3386.
14 of 3693 steps (0.38%) done

[Mon Jan 31 22:48:47 2022]
rule inference_simulation_TMB_multiple:
    input: ../data/assessing_models_simulation/datasets/multiple_GenerationMixturefewersignaturespairedBreastAdenoCAPCAWG_50_200_80_4_-8_NA_NA_NA_dataset15.RDS
    output: ../data/assessing_models_simulation/inference_results/TMB/nlminb/multiple_GenerationMixturefewersignaturespairedBreastAdenoCAPCAWG_50_200_80_4_-8_fullREM_NA_NA_NA_dataset15.RDS
    log: logs/inference/nlminb/simulation_GenerationMixturefewersignaturespairedBreastAdenoCAPCAWG_50_200_80_4_-8_ModelfullREM_NA_NA_NA_dataset15.log
    jobid: 2726
    wildcards: optimiser=nlminb, datasetgeneration=GenerationMixturefewersignaturespairedBreastAdenoCAPCAWG, n=50, nlambda=200, lmbda=80, d=4, beta_intensity=-8, model=fullREM, fixed_beta_intercept=NA, fixed_beta_slope=NA, sdRE_input=NA, itnum=15

Rscript 2_inference_TMB/run_TMB.R --input ../data/assessing_models_simulation/datasets/multiple_GenerationMixturefewersignaturespairedBreastAdenoCAPCAWG_50_200_80_4_-8_NA_NA_NA_dataset15.RDS --output ../data/assessing_models_simulation/inference_results/TMB/nlminb/multiple_GenerationMixturefewersignaturespairedBreastAdenoCAPCAWG_50_200_80_4_-8_fullREM_NA_NA_NA_dataset15.RDS --model fullREM --optimiser nlminb  --use_previous_run_startingvals T
[Mon Jan 31 22:48:51 2022]
Finished job 2726.
15 of 3693 steps (0.41%) done

[Mon Jan 31 22:48:51 2022]
rule inference_simulation_TMB_multiple:
    input: ../data/assessing_models_simulation/datasets/multiple_GenerationMixturefewersignaturespairedBreastAdenoCAPCAWG_50_200_80_4_-8_NA_NA_NA_dataset15.RDS
    output: ../data/assessing_models_simulation/inference_results/TMB/nlminb/multiple_GenerationMixturefewersignaturespairedBreastAdenoCAPCAWG_50_200_80_4_-8_diagREDMsinglelambda_NA_NA_NA_dataset15.RDS
    log: logs/inference/nlminb/simulation_GenerationMixturefewersignaturespairedBreastAdenoCAPCAWG_50_200_80_4_-8_ModeldiagREDMsinglelambda_NA_NA_NA_dataset15.log
    jobid: 4046
    wildcards: optimiser=nlminb, datasetgeneration=GenerationMixturefewersignaturespairedBreastAdenoCAPCAWG, n=50, nlambda=200, lmbda=80, d=4, beta_intensity=-8, model=diagREDMsinglelambda, fixed_beta_intercept=NA, fixed_beta_slope=NA, sdRE_input=NA, itnum=15

Rscript 2_inference_TMB/run_TMB.R --input ../data/assessing_models_simulation/datasets/multiple_GenerationMixturefewersignaturespairedBreastAdenoCAPCAWG_50_200_80_4_-8_NA_NA_NA_dataset15.RDS --output ../data/assessing_models_simulation/inference_results/TMB/nlminb/multiple_GenerationMixturefewersignaturespairedBreastAdenoCAPCAWG_50_200_80_4_-8_diagREDMsinglelambda_NA_NA_NA_dataset15.RDS --model diagREDMsinglelambda --optimiser nlminb  --use_previous_run_startingvals T
[Mon Jan 31 22:48:56 2022]
Finished job 4046.
16 of 3693 steps (0.43%) done

[Mon Jan 31 22:48:56 2022]
rule inference_simulation_TMB_multiple:
    input: ../data/assessing_models_simulation/datasets/multiple_GenerationMixturefewersignaturespairedBreastAdenoCAPCAWG_50_200_80_4_-8_NA_NA_NA_dataset15.RDS
    output: ../data/assessing_models_simulation/inference_results/TMB/nlminb/multiple_GenerationMixturefewersignaturespairedBreastAdenoCAPCAWG_50_200_80_4_-8_diagREDM_NA_NA_NA_dataset15.RDS
    log: logs/inference/nlminb/simulation_GenerationMixturefewersignaturespairedBreastAdenoCAPCAWG_50_200_80_4_-8_ModeldiagREDM_NA_NA_NA_dataset15.log
    jobid: 4706
    wildcards: optimiser=nlminb, datasetgeneration=GenerationMixturefewersignaturespairedBreastAdenoCAPCAWG, n=50, nlambda=200, lmbda=80, d=4, beta_intensity=-8, model=diagREDM, fixed_beta_intercept=NA, fixed_beta_slope=NA, sdRE_input=NA, itnum=15

Rscript 2_inference_TMB/run_TMB.R --input ../data/assessing_models_simulation/datasets/multiple_GenerationMixturefewersignaturespairedBreastAdenoCAPCAWG_50_200_80_4_-8_NA_NA_NA_dataset15.RDS --output ../data/assessing_models_simulation/inference_results/TMB/nlminb/multiple_GenerationMixturefewersignaturespairedBreastAdenoCAPCAWG_50_200_80_4_-8_diagREDM_NA_NA_NA_dataset15.RDS --model diagREDM --optimiser nlminb  --use_previous_run_startingvals T
[Mon Jan 31 22:49:10 2022]
Finished job 4706.
17 of 3693 steps (0.46%) done

[Mon Jan 31 22:49:10 2022]
rule simulate_for_comparison_multiple:
    input: ../data/assessing_models_simulation/GenerationMixturefewersignaturespairedBreastAdenoCAPCAWG
    output: ../data/assessing_models_simulation/datasets/multiple_GenerationMixturefewersignaturespairedBreastAdenoCAPCAWG_100_200_80_4_8_NA_NA_NA_dataset1.RDS
    jobid: 6352
    wildcards: datasetgeneration=GenerationMixturefewersignaturespairedBreastAdenoCAPCAWG, n=100, nlambda=200, lmbda=80, d=4, beta_intensity=8, fixed_beta_intercept=NA, fixed_beta_slope=NA, sdRE_input=NA, itnum=1

Rscript --vanilla 3_analysis/simulation_model_assessment/generate_datasets_simulations/GenerationMixturefewersignaturespairedBreastAdenoCAPCAWG.R --input ../data/assessing_models_simulation/GenerationMixturefewersignaturespairedBreastAdenoCAPCAWG --d 4 --n 100 --nlambda 200 --lambda 80 --beta_gamma_shape 8 --outfile ../data/assessing_models_simulation/datasets/multiple_GenerationMixturefewersignaturespairedBreastAdenoCAPCAWG_100_200_80_4_8_NA_NA_NA_dataset1.RDS --beta_intercept_input NA --beta_slope_input NA --sdRE_input NA
[Mon Jan 31 22:49:11 2022]
Finished job 6352.
18 of 3693 steps (0.49%) done

[Mon Jan 31 22:49:11 2022]
rule inference_simulation_TMB_multiple:
    input: ../data/assessing_models_simulation/datasets/multiple_GenerationMixturefewersignaturespairedBreastAdenoCAPCAWG_100_200_80_4_8_NA_NA_NA_dataset1.RDS
    output: ../data/assessing_models_simulation/inference_results/TMB/nlminb/multiple_GenerationMixturefewersignaturespairedBreastAdenoCAPCAWG_100_200_80_4_8_fullREDMsinglelambda_NA_NA_NA_dataset1.RDS
    log: logs/inference/nlminb/simulation_GenerationMixturefewersignaturespairedBreastAdenoCAPCAWG_100_200_80_4_8_ModelfullREDMsinglelambda_NA_NA_NA_dataset1.log
    jobid: 3712
    wildcards: optimiser=nlminb, datasetgeneration=GenerationMixturefewersignaturespairedBreastAdenoCAPCAWG, n=100, nlambda=200, lmbda=80, d=4, beta_intensity=8, model=fullREDMsinglelambda, fixed_beta_intercept=NA, fixed_beta_slope=NA, sdRE_input=NA, itnum=1

Rscript 2_inference_TMB/run_TMB.R --input ../data/assessing_models_simulation/datasets/multiple_GenerationMixturefewersignaturespairedBreastAdenoCAPCAWG_100_200_80_4_8_NA_NA_NA_dataset1.RDS --output ../data/assessing_models_simulation/inference_results/TMB/nlminb/multiple_GenerationMixturefewersignaturespairedBreastAdenoCAPCAWG_100_200_80_4_8_fullREDMsinglelambda_NA_NA_NA_dataset1.RDS --model fullREDMsinglelambda --optimiser nlminb  --use_previous_run_startingvals T
[Mon Jan 31 22:49:20 2022]
Finished job 3712.
19 of 3693 steps (0.51%) done

[Mon Jan 31 22:49:20 2022]
rule inference_simulation_TMB_multiple:
    input: ../data/assessing_models_simulation/datasets/multiple_GenerationMixturefewersignaturespairedBreastAdenoCAPCAWG_100_200_80_4_8_NA_NA_NA_dataset1.RDS
    output: ../data/assessing_models_simulation/inference_results/TMB/nlminb/multiple_GenerationMixturefewersignaturespairedBreastAdenoCAPCAWG_100_200_80_4_8_fullREM_NA_NA_NA_dataset1.RDS
    log: logs/inference/nlminb/simulation_GenerationMixturefewersignaturespairedBreastAdenoCAPCAWG_100_200_80_4_8_ModelfullREM_NA_NA_NA_dataset1.log
    jobid: 3052
    wildcards: optimiser=nlminb, datasetgeneration=GenerationMixturefewersignaturespairedBreastAdenoCAPCAWG, n=100, nlambda=200, lmbda=80, d=4, beta_intensity=8, model=fullREM, fixed_beta_intercept=NA, fixed_beta_slope=NA, sdRE_input=NA, itnum=1

Rscript 2_inference_TMB/run_TMB.R --input ../data/assessing_models_simulation/datasets/multiple_GenerationMixturefewersignaturespairedBreastAdenoCAPCAWG_100_200_80_4_8_NA_NA_NA_dataset1.RDS --output ../data/assessing_models_simulation/inference_results/TMB/nlminb/multiple_GenerationMixturefewersignaturespairedBreastAdenoCAPCAWG_100_200_80_4_8_fullREM_NA_NA_NA_dataset1.RDS --model fullREM --optimiser nlminb  --use_previous_run_startingvals T
[Mon Jan 31 22:49:25 2022]
Finished job 3052.
20 of 3693 steps (0.54%) done

[Mon Jan 31 22:49:25 2022]
rule inference_simulation_TMB_multiple:
    input: ../data/assessing_models_simulation/datasets/multiple_GenerationMixturefewersignaturespairedBreastAdenoCAPCAWG_100_200_80_4_8_NA_NA_NA_dataset1.RDS
    output: ../data/assessing_models_simulation/inference_results/TMB/nlminb/multiple_GenerationMixturefewersignaturespairedBreastAdenoCAPCAWG_100_200_80_4_8_diagREDMsinglelambda_NA_NA_NA_dataset1.RDS
    log: logs/inference/nlminb/simulation_GenerationMixturefewersignaturespairedBreastAdenoCAPCAWG_100_200_80_4_8_ModeldiagREDMsinglelambda_NA_NA_NA_dataset1.log
    jobid: 4372
    wildcards: optimiser=nlminb, datasetgeneration=GenerationMixturefewersignaturespairedBreastAdenoCAPCAWG, n=100, nlambda=200, lmbda=80, d=4, beta_intensity=8, model=diagREDMsinglelambda, fixed_beta_intercept=NA, fixed_beta_slope=NA, sdRE_input=NA, itnum=1

Rscript 2_inference_TMB/run_TMB.R --input ../data/assessing_models_simulation/datasets/multiple_GenerationMixturefewersignaturespairedBreastAdenoCAPCAWG_100_200_80_4_8_NA_NA_NA_dataset1.RDS --output ../data/assessing_models_simulation/inference_results/TMB/nlminb/multiple_GenerationMixturefewersignaturespairedBreastAdenoCAPCAWG_100_200_80_4_8_diagREDMsinglelambda_NA_NA_NA_dataset1.RDS --model diagREDMsinglelambda --optimiser nlminb  --use_previous_run_startingvals T
[Mon Jan 31 22:49:33 2022]
Finished job 4372.
21 of 3693 steps (0.57%) done

[Mon Jan 31 22:49:33 2022]
rule inference_simulation_TMB_multiple:
    input: ../data/assessing_models_simulation/datasets/multiple_GenerationMixturefewersignaturespairedBreastAdenoCAPCAWG_100_200_80_4_8_NA_NA_NA_dataset1.RDS
    output: ../data/assessing_models_simulation/inference_results/TMB/nlminb/multiple_GenerationMixturefewersignaturespairedBreastAdenoCAPCAWG_100_200_80_4_8_diagREDM_NA_NA_NA_dataset1.RDS
    log: logs/inference/nlminb/simulation_GenerationMixturefewersignaturespairedBreastAdenoCAPCAWG_100_200_80_4_8_ModeldiagREDM_NA_NA_NA_dataset1.log
    jobid: 5032
    wildcards: optimiser=nlminb, datasetgeneration=GenerationMixturefewersignaturespairedBreastAdenoCAPCAWG, n=100, nlambda=200, lmbda=80, d=4, beta_intensity=8, model=diagREDM, fixed_beta_intercept=NA, fixed_beta_slope=NA, sdRE_input=NA, itnum=1

Rscript 2_inference_TMB/run_TMB.R --input ../data/assessing_models_simulation/datasets/multiple_GenerationMixturefewersignaturespairedBreastAdenoCAPCAWG_100_200_80_4_8_NA_NA_NA_dataset1.RDS --output ../data/assessing_models_simulation/inference_results/TMB/nlminb/multiple_GenerationMixturefewersignaturespairedBreastAdenoCAPCAWG_100_200_80_4_8_diagREDM_NA_NA_NA_dataset1.RDS --model diagREDM --optimiser nlminb  --use_previous_run_startingvals T
[Mon Jan 31 22:49:53 2022]
Finished job 5032.
22 of 3693 steps (0.60%) done

[Mon Jan 31 22:49:53 2022]
rule simulate_for_comparison_multiple:
    input: ../data/assessing_models_simulation/GenerationMixturefewersignaturespairedBoneOsteosarcPCAWG
    output: ../data/assessing_models_simulation/datasets/multiple_GenerationMixturefewersignaturespairedBoneOsteosarcPCAWG_200_200_80_4_-1_NA_NA_NA_dataset13.RDS
    jobid: 5864
    wildcards: datasetgeneration=GenerationMixturefewersignaturespairedBoneOsteosarcPCAWG, n=200, nlambda=200, lmbda=80, d=4, beta_intensity=-1, fixed_beta_intercept=NA, fixed_beta_slope=NA, sdRE_input=NA, itnum=13

Rscript --vanilla 3_analysis/simulation_model_assessment/generate_datasets_simulations/GenerationMixturefewersignaturespairedBoneOsteosarcPCAWG.R --input ../data/assessing_models_simulation/GenerationMixturefewersignaturespairedBoneOsteosarcPCAWG --d 4 --n 200 --nlambda 200 --lambda 80 --beta_gamma_shape -1 --outfile ../data/assessing_models_simulation/datasets/multiple_GenerationMixturefewersignaturespairedBoneOsteosarcPCAWG_200_200_80_4_-1_NA_NA_NA_dataset13.RDS --beta_intercept_input NA --beta_slope_input NA --sdRE_input NA
[Mon Jan 31 22:49:53 2022]
Finished job 5864.
23 of 3693 steps (0.62%) done

[Mon Jan 31 22:49:53 2022]
rule inference_simulation_TMB_multiple:
    input: ../data/assessing_models_simulation/datasets/multiple_GenerationMixturefewersignaturespairedBoneOsteosarcPCAWG_200_200_80_4_-1_NA_NA_NA_dataset13.RDS
    output: ../data/assessing_models_simulation/inference_results/TMB/nlminb/multiple_GenerationMixturefewersignaturespairedBoneOsteosarcPCAWG_200_200_80_4_-1_fullREDMsinglelambda_NA_NA_NA_dataset13.RDS
    log: logs/inference/nlminb/simulation_GenerationMixturefewersignaturespairedBoneOsteosarcPCAWG_200_200_80_4_-1_ModelfullREDMsinglelambda_NA_NA_NA_dataset13.log
    jobid: 1244
    wildcards: optimiser=nlminb, datasetgeneration=GenerationMixturefewersignaturespairedBoneOsteosarcPCAWG, n=200, nlambda=200, lmbda=80, d=4, beta_intensity=-1, model=fullREDMsinglelambda, fixed_beta_intercept=NA, fixed_beta_slope=NA, sdRE_input=NA, itnum=13

Rscript 2_inference_TMB/run_TMB.R --input ../data/assessing_models_simulation/datasets/multiple_GenerationMixturefewersignaturespairedBoneOsteosarcPCAWG_200_200_80_4_-1_NA_NA_NA_dataset13.RDS --output ../data/assessing_models_simulation/inference_results/TMB/nlminb/multiple_GenerationMixturefewersignaturespairedBoneOsteosarcPCAWG_200_200_80_4_-1_fullREDMsinglelambda_NA_NA_NA_dataset13.RDS --model fullREDMsinglelambda --optimiser nlminb  --use_previous_run_startingvals T
[Mon Jan 31 22:50:11 2022]
Finished job 1244.
24 of 3693 steps (0.65%) done

[Mon Jan 31 22:50:11 2022]
rule inference_simulation_TMB_multiple:
    input: ../data/assessing_models_simulation/datasets/multiple_GenerationMixturefewersignaturespairedBoneOsteosarcPCAWG_200_200_80_4_-1_NA_NA_NA_dataset13.RDS
    output: ../data/assessing_models_simulation/inference_results/TMB/nlminb/multiple_GenerationMixturefewersignaturespairedBoneOsteosarcPCAWG_200_200_80_4_-1_fullREM_NA_NA_NA_dataset13.RDS
    log: logs/inference/nlminb/simulation_GenerationMixturefewersignaturespairedBoneOsteosarcPCAWG_200_200_80_4_-1_ModelfullREM_NA_NA_NA_dataset13.log
    jobid: 584
    wildcards: optimiser=nlminb, datasetgeneration=GenerationMixturefewersignaturespairedBoneOsteosarcPCAWG, n=200, nlambda=200, lmbda=80, d=4, beta_intensity=-1, model=fullREM, fixed_beta_intercept=NA, fixed_beta_slope=NA, sdRE_input=NA, itnum=13

Rscript 2_inference_TMB/run_TMB.R --input ../data/assessing_models_simulation/datasets/multiple_GenerationMixturefewersignaturespairedBoneOsteosarcPCAWG_200_200_80_4_-1_NA_NA_NA_dataset13.RDS --output ../data/assessing_models_simulation/inference_results/TMB/nlminb/multiple_GenerationMixturefewersignaturespairedBoneOsteosarcPCAWG_200_200_80_4_-1_fullREM_NA_NA_NA_dataset13.RDS --model fullREM --optimiser nlminb  --use_previous_run_startingvals T
[Mon Jan 31 22:50:22 2022]
Finished job 584.
25 of 3693 steps (0.68%) done

[Mon Jan 31 22:50:22 2022]
rule inference_simulation_TMB_multiple:
    input: ../data/assessing_models_simulation/datasets/multiple_GenerationMixturefewersignaturespairedBoneOsteosarcPCAWG_200_200_80_4_-1_NA_NA_NA_dataset13.RDS
    output: ../data/assessing_models_simulation/inference_results/TMB/nlminb/multiple_GenerationMixturefewersignaturespairedBoneOsteosarcPCAWG_200_200_80_4_-1_diagREDMsinglelambda_NA_NA_NA_dataset13.RDS
    log: logs/inference/nlminb/simulation_GenerationMixturefewersignaturespairedBoneOsteosarcPCAWG_200_200_80_4_-1_ModeldiagREDMsinglelambda_NA_NA_NA_dataset13.log
    jobid: 1904
    wildcards: optimiser=nlminb, datasetgeneration=GenerationMixturefewersignaturespairedBoneOsteosarcPCAWG, n=200, nlambda=200, lmbda=80, d=4, beta_intensity=-1, model=diagREDMsinglelambda, fixed_beta_intercept=NA, fixed_beta_slope=NA, sdRE_input=NA, itnum=13

Rscript 2_inference_TMB/run_TMB.R --input ../data/assessing_models_simulation/datasets/multiple_GenerationMixturefewersignaturespairedBoneOsteosarcPCAWG_200_200_80_4_-1_NA_NA_NA_dataset13.RDS --output ../data/assessing_models_simulation/inference_results/TMB/nlminb/multiple_GenerationMixturefewersignaturespairedBoneOsteosarcPCAWG_200_200_80_4_-1_diagREDMsinglelambda_NA_NA_NA_dataset13.RDS --model diagREDMsinglelambda --optimiser nlminb  --use_previous_run_startingvals T
[Mon Jan 31 22:50:40 2022]
Finished job 1904.
26 of 3693 steps (0.70%) done

[Mon Jan 31 22:50:40 2022]
rule inference_simulation_TMB_multiple:
    input: ../data/assessing_models_simulation/datasets/multiple_GenerationMixturefewersignaturespairedBoneOsteosarcPCAWG_200_200_80_4_-1_NA_NA_NA_dataset13.RDS
    output: ../data/assessing_models_simulation/inference_results/TMB/nlminb/multiple_GenerationMixturefewersignaturespairedBoneOsteosarcPCAWG_200_200_80_4_-1_diagREDM_NA_NA_NA_dataset13.RDS
    log: logs/inference/nlminb/simulation_GenerationMixturefewersignaturespairedBoneOsteosarcPCAWG_200_200_80_4_-1_ModeldiagREDM_NA_NA_NA_dataset13.log
    jobid: 2564
    wildcards: optimiser=nlminb, datasetgeneration=GenerationMixturefewersignaturespairedBoneOsteosarcPCAWG, n=200, nlambda=200, lmbda=80, d=4, beta_intensity=-1, model=diagREDM, fixed_beta_intercept=NA, fixed_beta_slope=NA, sdRE_input=NA, itnum=13

Rscript 2_inference_TMB/run_TMB.R --input ../data/assessing_models_simulation/datasets/multiple_GenerationMixturefewersignaturespairedBoneOsteosarcPCAWG_200_200_80_4_-1_NA_NA_NA_dataset13.RDS --output ../data/assessing_models_simulation/inference_results/TMB/nlminb/multiple_GenerationMixturefewersignaturespairedBoneOsteosarcPCAWG_200_200_80_4_-1_diagREDM_NA_NA_NA_dataset13.RDS --model diagREDM --optimiser nlminb  --use_previous_run_startingvals T
[Mon Jan 31 22:51:01 2022]
Finished job 2564.
27 of 3693 steps (0.73%) done

[Mon Jan 31 22:51:01 2022]
rule simulate_for_comparison_multiple:
    input: ../data/assessing_models_simulation/GenerationMixturefewersignaturespairedBreastAdenoCAPCAWG
    output: ../data/assessing_models_simulation/datasets/multiple_GenerationMixturefewersignaturespairedBreastAdenoCAPCAWG_200_200_80_4_-10_NA_NA_NA_dataset14.RDS
    jobid: 6445
    wildcards: datasetgeneration=GenerationMixturefewersignaturespairedBreastAdenoCAPCAWG, n=200, nlambda=200, lmbda=80, d=4, beta_intensity=-10, fixed_beta_intercept=NA, fixed_beta_slope=NA, sdRE_input=NA, itnum=14

Rscript --vanilla 3_analysis/simulation_model_assessment/generate_datasets_simulations/GenerationMixturefewersignaturespairedBreastAdenoCAPCAWG.R --input ../data/assessing_models_simulation/GenerationMixturefewersignaturespairedBreastAdenoCAPCAWG --d 4 --n 200 --nlambda 200 --lambda 80 --beta_gamma_shape -10 --outfile ../data/assessing_models_simulation/datasets/multiple_GenerationMixturefewersignaturespairedBreastAdenoCAPCAWG_200_200_80_4_-10_NA_NA_NA_dataset14.RDS --beta_intercept_input NA --beta_slope_input NA --sdRE_input NA
[Mon Jan 31 22:51:01 2022]
Finished job 6445.
28 of 3693 steps (0.76%) done

[Mon Jan 31 22:51:01 2022]
rule inference_simulation_TMB_multiple:
    input: ../data/assessing_models_simulation/datasets/multiple_GenerationMixturefewersignaturespairedBreastAdenoCAPCAWG_200_200_80_4_-10_NA_NA_NA_dataset14.RDS
    output: ../data/assessing_models_simulation/inference_results/TMB/nlminb/multiple_GenerationMixturefewersignaturespairedBreastAdenoCAPCAWG_200_200_80_4_-10_fullREDMsinglelambda_NA_NA_NA_dataset14.RDS
    log: logs/inference/nlminb/simulation_GenerationMixturefewersignaturespairedBreastAdenoCAPCAWG_200_200_80_4_-10_ModelfullREDMsinglelambda_NA_NA_NA_dataset14.log
    jobid: 3805
    wildcards: optimiser=nlminb, datasetgeneration=GenerationMixturefewersignaturespairedBreastAdenoCAPCAWG, n=200, nlambda=200, lmbda=80, d=4, beta_intensity=-10, model=fullREDMsinglelambda, fixed_beta_intercept=NA, fixed_beta_slope=NA, sdRE_input=NA, itnum=14

Rscript 2_inference_TMB/run_TMB.R --input ../data/assessing_models_simulation/datasets/multiple_GenerationMixturefewersignaturespairedBreastAdenoCAPCAWG_200_200_80_4_-10_NA_NA_NA_dataset14.RDS --output ../data/assessing_models_simulation/inference_results/TMB/nlminb/multiple_GenerationMixturefewersignaturespairedBreastAdenoCAPCAWG_200_200_80_4_-10_fullREDMsinglelambda_NA_NA_NA_dataset14.RDS --model fullREDMsinglelambda --optimiser nlminb  --use_previous_run_startingvals T
[Mon Jan 31 22:51:20 2022]
Finished job 3805.
29 of 3693 steps (0.79%) done

[Mon Jan 31 22:51:20 2022]
rule inference_simulation_TMB_multiple:
    input: ../data/assessing_models_simulation/datasets/multiple_GenerationMixturefewersignaturespairedBreastAdenoCAPCAWG_200_200_80_4_-10_NA_NA_NA_dataset14.RDS
    output: ../data/assessing_models_simulation/inference_results/TMB/nlminb/multiple_GenerationMixturefewersignaturespairedBreastAdenoCAPCAWG_200_200_80_4_-10_fullREM_NA_NA_NA_dataset14.RDS
    log: logs/inference/nlminb/simulation_GenerationMixturefewersignaturespairedBreastAdenoCAPCAWG_200_200_80_4_-10_ModelfullREM_NA_NA_NA_dataset14.log
    jobid: 3145
    wildcards: optimiser=nlminb, datasetgeneration=GenerationMixturefewersignaturespairedBreastAdenoCAPCAWG, n=200, nlambda=200, lmbda=80, d=4, beta_intensity=-10, model=fullREM, fixed_beta_intercept=NA, fixed_beta_slope=NA, sdRE_input=NA, itnum=14

Rscript 2_inference_TMB/run_TMB.R --input ../data/assessing_models_simulation/datasets/multiple_GenerationMixturefewersignaturespairedBreastAdenoCAPCAWG_200_200_80_4_-10_NA_NA_NA_dataset14.RDS --output ../data/assessing_models_simulation/inference_results/TMB/nlminb/multiple_GenerationMixturefewersignaturespairedBreastAdenoCAPCAWG_200_200_80_4_-10_fullREM_NA_NA_NA_dataset14.RDS --model fullREM --optimiser nlminb  --use_previous_run_startingvals T
[Mon Jan 31 22:51:30 2022]
Finished job 3145.
30 of 3693 steps (0.81%) done

[Mon Jan 31 22:51:30 2022]
rule inference_simulation_TMB_multiple:
    input: ../data/assessing_models_simulation/datasets/multiple_GenerationMixturefewersignaturespairedBreastAdenoCAPCAWG_200_200_80_4_-10_NA_NA_NA_dataset14.RDS
    output: ../data/assessing_models_simulation/inference_results/TMB/nlminb/multiple_GenerationMixturefewersignaturespairedBreastAdenoCAPCAWG_200_200_80_4_-10_diagREDMsinglelambda_NA_NA_NA_dataset14.RDS
    log: logs/inference/nlminb/simulation_GenerationMixturefewersignaturespairedBreastAdenoCAPCAWG_200_200_80_4_-10_ModeldiagREDMsinglelambda_NA_NA_NA_dataset14.log
    jobid: 4465
    wildcards: optimiser=nlminb, datasetgeneration=GenerationMixturefewersignaturespairedBreastAdenoCAPCAWG, n=200, nlambda=200, lmbda=80, d=4, beta_intensity=-10, model=diagREDMsinglelambda, fixed_beta_intercept=NA, fixed_beta_slope=NA, sdRE_input=NA, itnum=14

Rscript 2_inference_TMB/run_TMB.R --input ../data/assessing_models_simulation/datasets/multiple_GenerationMixturefewersignaturespairedBreastAdenoCAPCAWG_200_200_80_4_-10_NA_NA_NA_dataset14.RDS --output ../data/assessing_models_simulation/inference_results/TMB/nlminb/multiple_GenerationMixturefewersignaturespairedBreastAdenoCAPCAWG_200_200_80_4_-10_diagREDMsinglelambda_NA_NA_NA_dataset14.RDS --model diagREDMsinglelambda --optimiser nlminb  --use_previous_run_startingvals T
[Mon Jan 31 22:51:51 2022]
Finished job 4465.
31 of 3693 steps (0.84%) done

[Mon Jan 31 22:51:51 2022]
rule inference_simulation_TMB_multiple:
    input: ../data/assessing_models_simulation/datasets/multiple_GenerationMixturefewersignaturespairedBreastAdenoCAPCAWG_200_200_80_4_-10_NA_NA_NA_dataset14.RDS
    output: ../data/assessing_models_simulation/inference_results/TMB/nlminb/multiple_GenerationMixturefewersignaturespairedBreastAdenoCAPCAWG_200_200_80_4_-10_diagREDM_NA_NA_NA_dataset14.RDS
    log: logs/inference/nlminb/simulation_GenerationMixturefewersignaturespairedBreastAdenoCAPCAWG_200_200_80_4_-10_ModeldiagREDM_NA_NA_NA_dataset14.log
    jobid: 5125
    wildcards: optimiser=nlminb, datasetgeneration=GenerationMixturefewersignaturespairedBreastAdenoCAPCAWG, n=200, nlambda=200, lmbda=80, d=4, beta_intensity=-10, model=diagREDM, fixed_beta_intercept=NA, fixed_beta_slope=NA, sdRE_input=NA, itnum=14

Rscript 2_inference_TMB/run_TMB.R --input ../data/assessing_models_simulation/datasets/multiple_GenerationMixturefewersignaturespairedBreastAdenoCAPCAWG_200_200_80_4_-10_NA_NA_NA_dataset14.RDS --output ../data/assessing_models_simulation/inference_results/TMB/nlminb/multiple_GenerationMixturefewersignaturespairedBreastAdenoCAPCAWG_200_200_80_4_-10_diagREDM_NA_NA_NA_dataset14.RDS --model diagREDM --optimiser nlminb  --use_previous_run_startingvals T
[Mon Jan 31 22:52:08 2022]
Finished job 5125.
32 of 3693 steps (0.87%) done

[Mon Jan 31 22:52:08 2022]
rule simulate_for_comparison_multiple:
    input: ../data/assessing_models_simulation/GenerationMixturefewersignaturespairedBreastAdenoCAPCAWG
    output: ../data/assessing_models_simulation/datasets/multiple_GenerationMixturefewersignaturespairedBreastAdenoCAPCAWG_100_200_80_4_0_NA_NA_NA_dataset0.RDS
    jobid: 6311
    wildcards: datasetgeneration=GenerationMixturefewersignaturespairedBreastAdenoCAPCAWG, n=100, nlambda=200, lmbda=80, d=4, beta_intensity=0, fixed_beta_intercept=NA, fixed_beta_slope=NA, sdRE_input=NA, itnum=0

Rscript --vanilla 3_analysis/simulation_model_assessment/generate_datasets_simulations/GenerationMixturefewersignaturespairedBreastAdenoCAPCAWG.R --input ../data/assessing_models_simulation/GenerationMixturefewersignaturespairedBreastAdenoCAPCAWG --d 4 --n 100 --nlambda 200 --lambda 80 --beta_gamma_shape 0 --outfile ../data/assessing_models_simulation/datasets/multiple_GenerationMixturefewersignaturespairedBreastAdenoCAPCAWG_100_200_80_4_0_NA_NA_NA_dataset0.RDS --beta_intercept_input NA --beta_slope_input NA --sdRE_input NA
[Mon Jan 31 22:52:09 2022]
Finished job 6311.
33 of 3693 steps (0.89%) done

[Mon Jan 31 22:52:09 2022]
rule inference_simulation_TMB_multiple:
    input: ../data/assessing_models_simulation/datasets/multiple_GenerationMixturefewersignaturespairedBreastAdenoCAPCAWG_100_200_80_4_0_NA_NA_NA_dataset0.RDS
    output: ../data/assessing_models_simulation/inference_results/TMB/nlminb/multiple_GenerationMixturefewersignaturespairedBreastAdenoCAPCAWG_100_200_80_4_0_fullREDMsinglelambda_NA_NA_NA_dataset0.RDS
    log: logs/inference/nlminb/simulation_GenerationMixturefewersignaturespairedBreastAdenoCAPCAWG_100_200_80_4_0_ModelfullREDMsinglelambda_NA_NA_NA_dataset0.log
    jobid: 3671
    wildcards: optimiser=nlminb, datasetgeneration=GenerationMixturefewersignaturespairedBreastAdenoCAPCAWG, n=100, nlambda=200, lmbda=80, d=4, beta_intensity=0, model=fullREDMsinglelambda, fixed_beta_intercept=NA, fixed_beta_slope=NA, sdRE_input=NA, itnum=0

Rscript 2_inference_TMB/run_TMB.R --input ../data/assessing_models_simulation/datasets/multiple_GenerationMixturefewersignaturespairedBreastAdenoCAPCAWG_100_200_80_4_0_NA_NA_NA_dataset0.RDS --output ../data/assessing_models_simulation/inference_results/TMB/nlminb/multiple_GenerationMixturefewersignaturespairedBreastAdenoCAPCAWG_100_200_80_4_0_fullREDMsinglelambda_NA_NA_NA_dataset0.RDS --model fullREDMsinglelambda --optimiser nlminb  --use_previous_run_startingvals T
[Mon Jan 31 22:52:15 2022]
Finished job 3671.
34 of 3693 steps (0.92%) done

[Mon Jan 31 22:52:15 2022]
rule inference_simulation_TMB_multiple:
    input: ../data/assessing_models_simulation/datasets/multiple_GenerationMixturefewersignaturespairedBreastAdenoCAPCAWG_100_200_80_4_0_NA_NA_NA_dataset0.RDS
    output: ../data/assessing_models_simulation/inference_results/TMB/nlminb/multiple_GenerationMixturefewersignaturespairedBreastAdenoCAPCAWG_100_200_80_4_0_fullREM_NA_NA_NA_dataset0.RDS
    log: logs/inference/nlminb/simulation_GenerationMixturefewersignaturespairedBreastAdenoCAPCAWG_100_200_80_4_0_ModelfullREM_NA_NA_NA_dataset0.log
    jobid: 3011
    wildcards: optimiser=nlminb, datasetgeneration=GenerationMixturefewersignaturespairedBreastAdenoCAPCAWG, n=100, nlambda=200, lmbda=80, d=4, beta_intensity=0, model=fullREM, fixed_beta_intercept=NA, fixed_beta_slope=NA, sdRE_input=NA, itnum=0

Rscript 2_inference_TMB/run_TMB.R --input ../data/assessing_models_simulation/datasets/multiple_GenerationMixturefewersignaturespairedBreastAdenoCAPCAWG_100_200_80_4_0_NA_NA_NA_dataset0.RDS --output ../data/assessing_models_simulation/inference_results/TMB/nlminb/multiple_GenerationMixturefewersignaturespairedBreastAdenoCAPCAWG_100_200_80_4_0_fullREM_NA_NA_NA_dataset0.RDS --model fullREM --optimiser nlminb  --use_previous_run_startingvals T
[Mon Jan 31 22:52:19 2022]
Finished job 3011.
35 of 3693 steps (0.95%) done

[Mon Jan 31 22:52:19 2022]
rule inference_simulation_TMB_multiple:
    input: ../data/assessing_models_simulation/datasets/multiple_GenerationMixturefewersignaturespairedBreastAdenoCAPCAWG_100_200_80_4_0_NA_NA_NA_dataset0.RDS
    output: ../data/assessing_models_simulation/inference_results/TMB/nlminb/multiple_GenerationMixturefewersignaturespairedBreastAdenoCAPCAWG_100_200_80_4_0_diagREDMsinglelambda_NA_NA_NA_dataset0.RDS
    log: logs/inference/nlminb/simulation_GenerationMixturefewersignaturespairedBreastAdenoCAPCAWG_100_200_80_4_0_ModeldiagREDMsinglelambda_NA_NA_NA_dataset0.log
    jobid: 4331
    wildcards: optimiser=nlminb, datasetgeneration=GenerationMixturefewersignaturespairedBreastAdenoCAPCAWG, n=100, nlambda=200, lmbda=80, d=4, beta_intensity=0, model=diagREDMsinglelambda, fixed_beta_intercept=NA, fixed_beta_slope=NA, sdRE_input=NA, itnum=0

Rscript 2_inference_TMB/run_TMB.R --input ../data/assessing_models_simulation/datasets/multiple_GenerationMixturefewersignaturespairedBreastAdenoCAPCAWG_100_200_80_4_0_NA_NA_NA_dataset0.RDS --output ../data/assessing_models_simulation/inference_results/TMB/nlminb/multiple_GenerationMixturefewersignaturespairedBreastAdenoCAPCAWG_100_200_80_4_0_diagREDMsinglelambda_NA_NA_NA_dataset0.RDS --model diagREDMsinglelambda --optimiser nlminb  --use_previous_run_startingvals T
[Mon Jan 31 22:52:25 2022]
Finished job 4331.
36 of 3693 steps (0.97%) done

[Mon Jan 31 22:52:25 2022]
rule inference_simulation_TMB_multiple:
    input: ../data/assessing_models_simulation/datasets/multiple_GenerationMixturefewersignaturespairedBreastAdenoCAPCAWG_100_200_80_4_0_NA_NA_NA_dataset0.RDS
    output: ../data/assessing_models_simulation/inference_results/TMB/nlminb/multiple_GenerationMixturefewersignaturespairedBreastAdenoCAPCAWG_100_200_80_4_0_diagREDM_NA_NA_NA_dataset0.RDS
    log: logs/inference/nlminb/simulation_GenerationMixturefewersignaturespairedBreastAdenoCAPCAWG_100_200_80_4_0_ModeldiagREDM_NA_NA_NA_dataset0.log
    jobid: 4991
    wildcards: optimiser=nlminb, datasetgeneration=GenerationMixturefewersignaturespairedBreastAdenoCAPCAWG, n=100, nlambda=200, lmbda=80, d=4, beta_intensity=0, model=diagREDM, fixed_beta_intercept=NA, fixed_beta_slope=NA, sdRE_input=NA, itnum=0

Rscript 2_inference_TMB/run_TMB.R --input ../data/assessing_models_simulation/datasets/multiple_GenerationMixturefewersignaturespairedBreastAdenoCAPCAWG_100_200_80_4_0_NA_NA_NA_dataset0.RDS --output ../data/assessing_models_simulation/inference_results/TMB/nlminb/multiple_GenerationMixturefewersignaturespairedBreastAdenoCAPCAWG_100_200_80_4_0_diagREDM_NA_NA_NA_dataset0.RDS --model diagREDM --optimiser nlminb  --use_previous_run_startingvals T
[Mon Jan 31 22:52:34 2022]
Finished job 4991.
37 of 3693 steps (1%) done

[Mon Jan 31 22:52:34 2022]
rule simulate_for_comparison_multiple:
    input: ../data/assessing_models_simulation/GenerationMixturefewersignaturespairedBreastAdenoCAPCAWG
    output: ../data/assessing_models_simulation/datasets/multiple_GenerationMixturefewersignaturespairedBreastAdenoCAPCAWG_100_200_80_4_4_NA_NA_NA_dataset4.RDS
    jobid: 6335
    wildcards: datasetgeneration=GenerationMixturefewersignaturespairedBreastAdenoCAPCAWG, n=100, nlambda=200, lmbda=80, d=4, beta_intensity=4, fixed_beta_intercept=NA, fixed_beta_slope=NA, sdRE_input=NA, itnum=4

Rscript --vanilla 3_analysis/simulation_model_assessment/generate_datasets_simulations/GenerationMixturefewersignaturespairedBreastAdenoCAPCAWG.R --input ../data/assessing_models_simulation/GenerationMixturefewersignaturespairedBreastAdenoCAPCAWG --d 4 --n 100 --nlambda 200 --lambda 80 --beta_gamma_shape 4 --outfile ../data/assessing_models_simulation/datasets/multiple_GenerationMixturefewersignaturespairedBreastAdenoCAPCAWG_100_200_80_4_4_NA_NA_NA_dataset4.RDS --beta_intercept_input NA --beta_slope_input NA --sdRE_input NA
[Mon Jan 31 22:52:34 2022]
Finished job 6335.
38 of 3693 steps (1%) done

[Mon Jan 31 22:52:34 2022]
rule inference_simulation_TMB_multiple:
    input: ../data/assessing_models_simulation/datasets/multiple_GenerationMixturefewersignaturespairedBreastAdenoCAPCAWG_100_200_80_4_4_NA_NA_NA_dataset4.RDS
    output: ../data/assessing_models_simulation/inference_results/TMB/nlminb/multiple_GenerationMixturefewersignaturespairedBreastAdenoCAPCAWG_100_200_80_4_4_fullREDMsinglelambda_NA_NA_NA_dataset4.RDS
    log: logs/inference/nlminb/simulation_GenerationMixturefewersignaturespairedBreastAdenoCAPCAWG_100_200_80_4_4_ModelfullREDMsinglelambda_NA_NA_NA_dataset4.log
    jobid: 3695
    wildcards: optimiser=nlminb, datasetgeneration=GenerationMixturefewersignaturespairedBreastAdenoCAPCAWG, n=100, nlambda=200, lmbda=80, d=4, beta_intensity=4, model=fullREDMsinglelambda, fixed_beta_intercept=NA, fixed_beta_slope=NA, sdRE_input=NA, itnum=4

Rscript 2_inference_TMB/run_TMB.R --input ../data/assessing_models_simulation/datasets/multiple_GenerationMixturefewersignaturespairedBreastAdenoCAPCAWG_100_200_80_4_4_NA_NA_NA_dataset4.RDS --output ../data/assessing_models_simulation/inference_results/TMB/nlminb/multiple_GenerationMixturefewersignaturespairedBreastAdenoCAPCAWG_100_200_80_4_4_fullREDMsinglelambda_NA_NA_NA_dataset4.RDS --model fullREDMsinglelambda --optimiser nlminb  --use_previous_run_startingvals T
[Mon Jan 31 22:52:41 2022]
Finished job 3695.
39 of 3693 steps (1%) done

[Mon Jan 31 22:52:41 2022]
rule inference_simulation_TMB_multiple:
    input: ../data/assessing_models_simulation/datasets/multiple_GenerationMixturefewersignaturespairedBreastAdenoCAPCAWG_100_200_80_4_4_NA_NA_NA_dataset4.RDS
    output: ../data/assessing_models_simulation/inference_results/TMB/nlminb/multiple_GenerationMixturefewersignaturespairedBreastAdenoCAPCAWG_100_200_80_4_4_fullREM_NA_NA_NA_dataset4.RDS
    log: logs/inference/nlminb/simulation_GenerationMixturefewersignaturespairedBreastAdenoCAPCAWG_100_200_80_4_4_ModelfullREM_NA_NA_NA_dataset4.log
    jobid: 3035
    wildcards: optimiser=nlminb, datasetgeneration=GenerationMixturefewersignaturespairedBreastAdenoCAPCAWG, n=100, nlambda=200, lmbda=80, d=4, beta_intensity=4, model=fullREM, fixed_beta_intercept=NA, fixed_beta_slope=NA, sdRE_input=NA, itnum=4

Rscript 2_inference_TMB/run_TMB.R --input ../data/assessing_models_simulation/datasets/multiple_GenerationMixturefewersignaturespairedBreastAdenoCAPCAWG_100_200_80_4_4_NA_NA_NA_dataset4.RDS --output ../data/assessing_models_simulation/inference_results/TMB/nlminb/multiple_GenerationMixturefewersignaturespairedBreastAdenoCAPCAWG_100_200_80_4_4_fullREM_NA_NA_NA_dataset4.RDS --model fullREM --optimiser nlminb  --use_previous_run_startingvals T
[Mon Jan 31 22:52:45 2022]
Finished job 3035.
40 of 3693 steps (1%) done

[Mon Jan 31 22:52:45 2022]
rule inference_simulation_TMB_multiple:
    input: ../data/assessing_models_simulation/datasets/multiple_GenerationMixturefewersignaturespairedBreastAdenoCAPCAWG_100_200_80_4_4_NA_NA_NA_dataset4.RDS
    output: ../data/assessing_models_simulation/inference_results/TMB/nlminb/multiple_GenerationMixturefewersignaturespairedBreastAdenoCAPCAWG_100_200_80_4_4_diagREDMsinglelambda_NA_NA_NA_dataset4.RDS
    log: logs/inference/nlminb/simulation_GenerationMixturefewersignaturespairedBreastAdenoCAPCAWG_100_200_80_4_4_ModeldiagREDMsinglelambda_NA_NA_NA_dataset4.log
    jobid: 4355
    wildcards: optimiser=nlminb, datasetgeneration=GenerationMixturefewersignaturespairedBreastAdenoCAPCAWG, n=100, nlambda=200, lmbda=80, d=4, beta_intensity=4, model=diagREDMsinglelambda, fixed_beta_intercept=NA, fixed_beta_slope=NA, sdRE_input=NA, itnum=4

Rscript 2_inference_TMB/run_TMB.R --input ../data/assessing_models_simulation/datasets/multiple_GenerationMixturefewersignaturespairedBreastAdenoCAPCAWG_100_200_80_4_4_NA_NA_NA_dataset4.RDS --output ../data/assessing_models_simulation/inference_results/TMB/nlminb/multiple_GenerationMixturefewersignaturespairedBreastAdenoCAPCAWG_100_200_80_4_4_diagREDMsinglelambda_NA_NA_NA_dataset4.RDS --model diagREDMsinglelambda --optimiser nlminb  --use_previous_run_startingvals T
[Mon Jan 31 22:52:52 2022]
Finished job 4355.
41 of 3693 steps (1%) done

[Mon Jan 31 22:52:52 2022]
rule inference_simulation_TMB_multiple:
    input: ../data/assessing_models_simulation/datasets/multiple_GenerationMixturefewersignaturespairedBreastAdenoCAPCAWG_100_200_80_4_4_NA_NA_NA_dataset4.RDS
    output: ../data/assessing_models_simulation/inference_results/TMB/nlminb/multiple_GenerationMixturefewersignaturespairedBreastAdenoCAPCAWG_100_200_80_4_4_diagREDM_NA_NA_NA_dataset4.RDS
    log: logs/inference/nlminb/simulation_GenerationMixturefewersignaturespairedBreastAdenoCAPCAWG_100_200_80_4_4_ModeldiagREDM_NA_NA_NA_dataset4.log
    jobid: 5015
    wildcards: optimiser=nlminb, datasetgeneration=GenerationMixturefewersignaturespairedBreastAdenoCAPCAWG, n=100, nlambda=200, lmbda=80, d=4, beta_intensity=4, model=diagREDM, fixed_beta_intercept=NA, fixed_beta_slope=NA, sdRE_input=NA, itnum=4

Rscript 2_inference_TMB/run_TMB.R --input ../data/assessing_models_simulation/datasets/multiple_GenerationMixturefewersignaturespairedBreastAdenoCAPCAWG_100_200_80_4_4_NA_NA_NA_dataset4.RDS --output ../data/assessing_models_simulation/inference_results/TMB/nlminb/multiple_GenerationMixturefewersignaturespairedBreastAdenoCAPCAWG_100_200_80_4_4_diagREDM_NA_NA_NA_dataset4.RDS --model diagREDM --optimiser nlminb  --use_previous_run_startingvals T
[Mon Jan 31 22:53:00 2022]
Finished job 5015.
42 of 3693 steps (1%) done

[Mon Jan 31 22:53:00 2022]
rule simulate_for_comparison_multiple:
    input: ../data/assessing_models_simulation/GenerationMixturefewersignaturespairedBreastAdenoCAPCAWG
    output: ../data/assessing_models_simulation/datasets/multiple_GenerationMixturefewersignaturespairedBreastAdenoCAPCAWG_100_200_80_4_8_NA_NA_NA_dataset8.RDS
    jobid: 6359
    wildcards: datasetgeneration=GenerationMixturefewersignaturespairedBreastAdenoCAPCAWG, n=100, nlambda=200, lmbda=80, d=4, beta_intensity=8, fixed_beta_intercept=NA, fixed_beta_slope=NA, sdRE_input=NA, itnum=8

Rscript --vanilla 3_analysis/simulation_model_assessment/generate_datasets_simulations/GenerationMixturefewersignaturespairedBreastAdenoCAPCAWG.R --input ../data/assessing_models_simulation/GenerationMixturefewersignaturespairedBreastAdenoCAPCAWG --d 4 --n 100 --nlambda 200 --lambda 80 --beta_gamma_shape 8 --outfile ../data/assessing_models_simulation/datasets/multiple_GenerationMixturefewersignaturespairedBreastAdenoCAPCAWG_100_200_80_4_8_NA_NA_NA_dataset8.RDS --beta_intercept_input NA --beta_slope_input NA --sdRE_input NA
[Mon Jan 31 22:53:01 2022]
Finished job 6359.
43 of 3693 steps (1%) done

[Mon Jan 31 22:53:01 2022]
rule inference_simulation_TMB_multiple:
    input: ../data/assessing_models_simulation/datasets/multiple_GenerationMixturefewersignaturespairedBreastAdenoCAPCAWG_100_200_80_4_8_NA_NA_NA_dataset8.RDS
    output: ../data/assessing_models_simulation/inference_results/TMB/nlminb/multiple_GenerationMixturefewersignaturespairedBreastAdenoCAPCAWG_100_200_80_4_8_fullREDMsinglelambda_NA_NA_NA_dataset8.RDS
    log: logs/inference/nlminb/simulation_GenerationMixturefewersignaturespairedBreastAdenoCAPCAWG_100_200_80_4_8_ModelfullREDMsinglelambda_NA_NA_NA_dataset8.log
    jobid: 3719
    wildcards: optimiser=nlminb, datasetgeneration=GenerationMixturefewersignaturespairedBreastAdenoCAPCAWG, n=100, nlambda=200, lmbda=80, d=4, beta_intensity=8, model=fullREDMsinglelambda, fixed_beta_intercept=NA, fixed_beta_slope=NA, sdRE_input=NA, itnum=8

Rscript 2_inference_TMB/run_TMB.R --input ../data/assessing_models_simulation/datasets/multiple_GenerationMixturefewersignaturespairedBreastAdenoCAPCAWG_100_200_80_4_8_NA_NA_NA_dataset8.RDS --output ../data/assessing_models_simulation/inference_results/TMB/nlminb/multiple_GenerationMixturefewersignaturespairedBreastAdenoCAPCAWG_100_200_80_4_8_fullREDMsinglelambda_NA_NA_NA_dataset8.RDS --model fullREDMsinglelambda --optimiser nlminb  --use_previous_run_startingvals T
[Mon Jan 31 22:53:08 2022]
Finished job 3719.
44 of 3693 steps (1%) done

[Mon Jan 31 22:53:08 2022]
rule inference_simulation_TMB_multiple:
    input: ../data/assessing_models_simulation/datasets/multiple_GenerationMixturefewersignaturespairedBreastAdenoCAPCAWG_100_200_80_4_8_NA_NA_NA_dataset8.RDS
    output: ../data/assessing_models_simulation/inference_results/TMB/nlminb/multiple_GenerationMixturefewersignaturespairedBreastAdenoCAPCAWG_100_200_80_4_8_fullREM_NA_NA_NA_dataset8.RDS
    log: logs/inference/nlminb/simulation_GenerationMixturefewersignaturespairedBreastAdenoCAPCAWG_100_200_80_4_8_ModelfullREM_NA_NA_NA_dataset8.log
    jobid: 3059
    wildcards: optimiser=nlminb, datasetgeneration=GenerationMixturefewersignaturespairedBreastAdenoCAPCAWG, n=100, nlambda=200, lmbda=80, d=4, beta_intensity=8, model=fullREM, fixed_beta_intercept=NA, fixed_beta_slope=NA, sdRE_input=NA, itnum=8

Rscript 2_inference_TMB/run_TMB.R --input ../data/assessing_models_simulation/datasets/multiple_GenerationMixturefewersignaturespairedBreastAdenoCAPCAWG_100_200_80_4_8_NA_NA_NA_dataset8.RDS --output ../data/assessing_models_simulation/inference_results/TMB/nlminb/multiple_GenerationMixturefewersignaturespairedBreastAdenoCAPCAWG_100_200_80_4_8_fullREM_NA_NA_NA_dataset8.RDS --model fullREM --optimiser nlminb  --use_previous_run_startingvals T
[Mon Jan 31 22:53:11 2022]
Finished job 3059.
45 of 3693 steps (1%) done

[Mon Jan 31 22:53:11 2022]
rule inference_simulation_TMB_multiple:
    input: ../data/assessing_models_simulation/datasets/multiple_GenerationMixturefewersignaturespairedBreastAdenoCAPCAWG_100_200_80_4_8_NA_NA_NA_dataset8.RDS
    output: ../data/assessing_models_simulation/inference_results/TMB/nlminb/multiple_GenerationMixturefewersignaturespairedBreastAdenoCAPCAWG_100_200_80_4_8_diagREDMsinglelambda_NA_NA_NA_dataset8.RDS
    log: logs/inference/nlminb/simulation_GenerationMixturefewersignaturespairedBreastAdenoCAPCAWG_100_200_80_4_8_ModeldiagREDMsinglelambda_NA_NA_NA_dataset8.log
    jobid: 4379
    wildcards: optimiser=nlminb, datasetgeneration=GenerationMixturefewersignaturespairedBreastAdenoCAPCAWG, n=100, nlambda=200, lmbda=80, d=4, beta_intensity=8, model=diagREDMsinglelambda, fixed_beta_intercept=NA, fixed_beta_slope=NA, sdRE_input=NA, itnum=8

Rscript 2_inference_TMB/run_TMB.R --input ../data/assessing_models_simulation/datasets/multiple_GenerationMixturefewersignaturespairedBreastAdenoCAPCAWG_100_200_80_4_8_NA_NA_NA_dataset8.RDS --output ../data/assessing_models_simulation/inference_results/TMB/nlminb/multiple_GenerationMixturefewersignaturespairedBreastAdenoCAPCAWG_100_200_80_4_8_diagREDMsinglelambda_NA_NA_NA_dataset8.RDS --model diagREDMsinglelambda --optimiser nlminb  --use_previous_run_startingvals T
[Mon Jan 31 22:53:24 2022]
Finished job 4379.
46 of 3693 steps (1%) done

[Mon Jan 31 22:53:24 2022]
rule inference_simulation_TMB_multiple:
    input: ../data/assessing_models_simulation/datasets/multiple_GenerationMixturefewersignaturespairedBreastAdenoCAPCAWG_100_200_80_4_8_NA_NA_NA_dataset8.RDS
    output: ../data/assessing_models_simulation/inference_results/TMB/nlminb/multiple_GenerationMixturefewersignaturespairedBreastAdenoCAPCAWG_100_200_80_4_8_diagREDM_NA_NA_NA_dataset8.RDS
    log: logs/inference/nlminb/simulation_GenerationMixturefewersignaturespairedBreastAdenoCAPCAWG_100_200_80_4_8_ModeldiagREDM_NA_NA_NA_dataset8.log
    jobid: 5039
    wildcards: optimiser=nlminb, datasetgeneration=GenerationMixturefewersignaturespairedBreastAdenoCAPCAWG, n=100, nlambda=200, lmbda=80, d=4, beta_intensity=8, model=diagREDM, fixed_beta_intercept=NA, fixed_beta_slope=NA, sdRE_input=NA, itnum=8

Rscript 2_inference_TMB/run_TMB.R --input ../data/assessing_models_simulation/datasets/multiple_GenerationMixturefewersignaturespairedBreastAdenoCAPCAWG_100_200_80_4_8_NA_NA_NA_dataset8.RDS --output ../data/assessing_models_simulation/inference_results/TMB/nlminb/multiple_GenerationMixturefewersignaturespairedBreastAdenoCAPCAWG_100_200_80_4_8_diagREDM_NA_NA_NA_dataset8.RDS --model diagREDM --optimiser nlminb  --use_previous_run_startingvals T
[Mon Jan 31 22:53:35 2022]
Finished job 5039.
47 of 3693 steps (1%) done

[Mon Jan 31 22:53:35 2022]
rule simulate_for_comparison_multiple:
    input: ../data/assessing_models_simulation/GenerationMixturefewersignaturespairedBreastAdenoCAPCAWG
    output: ../data/assessing_models_simulation/datasets/multiple_GenerationMixturefewersignaturespairedBreastAdenoCAPCAWG_100_200_80_4_12_NA_NA_NA_dataset12.RDS
    jobid: 6383
    wildcards: datasetgeneration=GenerationMixturefewersignaturespairedBreastAdenoCAPCAWG, n=100, nlambda=200, lmbda=80, d=4, beta_intensity=12, fixed_beta_intercept=NA, fixed_beta_slope=NA, sdRE_input=NA, itnum=12

Rscript --vanilla 3_analysis/simulation_model_assessment/generate_datasets_simulations/GenerationMixturefewersignaturespairedBreastAdenoCAPCAWG.R --input ../data/assessing_models_simulation/GenerationMixturefewersignaturespairedBreastAdenoCAPCAWG --d 4 --n 100 --nlambda 200 --lambda 80 --beta_gamma_shape 12 --outfile ../data/assessing_models_simulation/datasets/multiple_GenerationMixturefewersignaturespairedBreastAdenoCAPCAWG_100_200_80_4_12_NA_NA_NA_dataset12.RDS --beta_intercept_input NA --beta_slope_input NA --sdRE_input NA
[Mon Jan 31 22:53:36 2022]
Finished job 6383.
48 of 3693 steps (1%) done

[Mon Jan 31 22:53:36 2022]
rule inference_simulation_TMB_multiple:
    input: ../data/assessing_models_simulation/datasets/multiple_GenerationMixturefewersignaturespairedBreastAdenoCAPCAWG_100_200_80_4_12_NA_NA_NA_dataset12.RDS
    output: ../data/assessing_models_simulation/inference_results/TMB/nlminb/multiple_GenerationMixturefewersignaturespairedBreastAdenoCAPCAWG_100_200_80_4_12_fullREDMsinglelambda_NA_NA_NA_dataset12.RDS
    log: logs/inference/nlminb/simulation_GenerationMixturefewersignaturespairedBreastAdenoCAPCAWG_100_200_80_4_12_ModelfullREDMsinglelambda_NA_NA_NA_dataset12.log
    jobid: 3743
    wildcards: optimiser=nlminb, datasetgeneration=GenerationMixturefewersignaturespairedBreastAdenoCAPCAWG, n=100, nlambda=200, lmbda=80, d=4, beta_intensity=12, model=fullREDMsinglelambda, fixed_beta_intercept=NA, fixed_beta_slope=NA, sdRE_input=NA, itnum=12

Rscript 2_inference_TMB/run_TMB.R --input ../data/assessing_models_simulation/datasets/multiple_GenerationMixturefewersignaturespairedBreastAdenoCAPCAWG_100_200_80_4_12_NA_NA_NA_dataset12.RDS --output ../data/assessing_models_simulation/inference_results/TMB/nlminb/multiple_GenerationMixturefewersignaturespairedBreastAdenoCAPCAWG_100_200_80_4_12_fullREDMsinglelambda_NA_NA_NA_dataset12.RDS --model fullREDMsinglelambda --optimiser nlminb  --use_previous_run_startingvals T
[Mon Jan 31 22:53:45 2022]
Finished job 3743.
49 of 3693 steps (1%) done

[Mon Jan 31 22:53:45 2022]
rule inference_simulation_TMB_multiple:
    input: ../data/assessing_models_simulation/datasets/multiple_GenerationMixturefewersignaturespairedBreastAdenoCAPCAWG_100_200_80_4_12_NA_NA_NA_dataset12.RDS
    output: ../data/assessing_models_simulation/inference_results/TMB/nlminb/multiple_GenerationMixturefewersignaturespairedBreastAdenoCAPCAWG_100_200_80_4_12_fullREM_NA_NA_NA_dataset12.RDS
    log: logs/inference/nlminb/simulation_GenerationMixturefewersignaturespairedBreastAdenoCAPCAWG_100_200_80_4_12_ModelfullREM_NA_NA_NA_dataset12.log
    jobid: 3083
    wildcards: optimiser=nlminb, datasetgeneration=GenerationMixturefewersignaturespairedBreastAdenoCAPCAWG, n=100, nlambda=200, lmbda=80, d=4, beta_intensity=12, model=fullREM, fixed_beta_intercept=NA, fixed_beta_slope=NA, sdRE_input=NA, itnum=12

Rscript 2_inference_TMB/run_TMB.R --input ../data/assessing_models_simulation/datasets/multiple_GenerationMixturefewersignaturespairedBreastAdenoCAPCAWG_100_200_80_4_12_NA_NA_NA_dataset12.RDS --output ../data/assessing_models_simulation/inference_results/TMB/nlminb/multiple_GenerationMixturefewersignaturespairedBreastAdenoCAPCAWG_100_200_80_4_12_fullREM_NA_NA_NA_dataset12.RDS --model fullREM --optimiser nlminb  --use_previous_run_startingvals T
[Mon Jan 31 22:53:49 2022]
Finished job 3083.
50 of 3693 steps (1%) done

[Mon Jan 31 22:53:49 2022]
rule inference_simulation_TMB_multiple:
    input: ../data/assessing_models_simulation/datasets/multiple_GenerationMixturefewersignaturespairedBreastAdenoCAPCAWG_100_200_80_4_12_NA_NA_NA_dataset12.RDS
    output: ../data/assessing_models_simulation/inference_results/TMB/nlminb/multiple_GenerationMixturefewersignaturespairedBreastAdenoCAPCAWG_100_200_80_4_12_diagREDMsinglelambda_NA_NA_NA_dataset12.RDS
    log: logs/inference/nlminb/simulation_GenerationMixturefewersignaturespairedBreastAdenoCAPCAWG_100_200_80_4_12_ModeldiagREDMsinglelambda_NA_NA_NA_dataset12.log
    jobid: 4403
    wildcards: optimiser=nlminb, datasetgeneration=GenerationMixturefewersignaturespairedBreastAdenoCAPCAWG, n=100, nlambda=200, lmbda=80, d=4, beta_intensity=12, model=diagREDMsinglelambda, fixed_beta_intercept=NA, fixed_beta_slope=NA, sdRE_input=NA, itnum=12

Rscript 2_inference_TMB/run_TMB.R --input ../data/assessing_models_simulation/datasets/multiple_GenerationMixturefewersignaturespairedBreastAdenoCAPCAWG_100_200_80_4_12_NA_NA_NA_dataset12.RDS --output ../data/assessing_models_simulation/inference_results/TMB/nlminb/multiple_GenerationMixturefewersignaturespairedBreastAdenoCAPCAWG_100_200_80_4_12_diagREDMsinglelambda_NA_NA_NA_dataset12.RDS --model diagREDMsinglelambda --optimiser nlminb  --use_previous_run_startingvals T
[Mon Jan 31 22:53:56 2022]
Finished job 4403.
51 of 3693 steps (1%) done

[Mon Jan 31 22:53:56 2022]
rule inference_simulation_TMB_multiple:
    input: ../data/assessing_models_simulation/datasets/multiple_GenerationMixturefewersignaturespairedBreastAdenoCAPCAWG_100_200_80_4_12_NA_NA_NA_dataset12.RDS
    output: ../data/assessing_models_simulation/inference_results/TMB/nlminb/multiple_GenerationMixturefewersignaturespairedBreastAdenoCAPCAWG_100_200_80_4_12_diagREDM_NA_NA_NA_dataset12.RDS
    log: logs/inference/nlminb/simulation_GenerationMixturefewersignaturespairedBreastAdenoCAPCAWG_100_200_80_4_12_ModeldiagREDM_NA_NA_NA_dataset12.log
    jobid: 5063
    wildcards: optimiser=nlminb, datasetgeneration=GenerationMixturefewersignaturespairedBreastAdenoCAPCAWG, n=100, nlambda=200, lmbda=80, d=4, beta_intensity=12, model=diagREDM, fixed_beta_intercept=NA, fixed_beta_slope=NA, sdRE_input=NA, itnum=12

Rscript 2_inference_TMB/run_TMB.R --input ../data/assessing_models_simulation/datasets/multiple_GenerationMixturefewersignaturespairedBreastAdenoCAPCAWG_100_200_80_4_12_NA_NA_NA_dataset12.RDS --output ../data/assessing_models_simulation/inference_results/TMB/nlminb/multiple_GenerationMixturefewersignaturespairedBreastAdenoCAPCAWG_100_200_80_4_12_diagREDM_NA_NA_NA_dataset12.RDS --model diagREDM --optimiser nlminb  --use_previous_run_startingvals T
[Mon Jan 31 22:54:05 2022]
Finished job 5063.
52 of 3693 steps (1%) done

[Mon Jan 31 22:54:05 2022]
rule simulate_for_comparison_multiple:
    input: ../data/assessing_models_simulation/GenerationMixturefewersignaturespairedBoneOsteosarcPCAWG
    output: ../data/assessing_models_simulation/datasets/multiple_GenerationMixturefewersignaturespairedBoneOsteosarcPCAWG_200_200_80_4_8_NA_NA_NA_dataset9.RDS
    jobid: 5920
    wildcards: datasetgeneration=GenerationMixturefewersignaturespairedBoneOsteosarcPCAWG, n=200, nlambda=200, lmbda=80, d=4, beta_intensity=8, fixed_beta_intercept=NA, fixed_beta_slope=NA, sdRE_input=NA, itnum=9

Rscript --vanilla 3_analysis/simulation_model_assessment/generate_datasets_simulations/GenerationMixturefewersignaturespairedBoneOsteosarcPCAWG.R --input ../data/assessing_models_simulation/GenerationMixturefewersignaturespairedBoneOsteosarcPCAWG --d 4 --n 200 --nlambda 200 --lambda 80 --beta_gamma_shape 8 --outfile ../data/assessing_models_simulation/datasets/multiple_GenerationMixturefewersignaturespairedBoneOsteosarcPCAWG_200_200_80_4_8_NA_NA_NA_dataset9.RDS --beta_intercept_input NA --beta_slope_input NA --sdRE_input NA
[Mon Jan 31 22:54:06 2022]
Finished job 5920.
53 of 3693 steps (1%) done

[Mon Jan 31 22:54:06 2022]
rule inference_simulation_TMB_multiple:
    input: ../data/assessing_models_simulation/datasets/multiple_GenerationMixturefewersignaturespairedBoneOsteosarcPCAWG_200_200_80_4_8_NA_NA_NA_dataset9.RDS
    output: ../data/assessing_models_simulation/inference_results/TMB/nlminb/multiple_GenerationMixturefewersignaturespairedBoneOsteosarcPCAWG_200_200_80_4_8_fullREDMsinglelambda_NA_NA_NA_dataset9.RDS
    log: logs/inference/nlminb/simulation_GenerationMixturefewersignaturespairedBoneOsteosarcPCAWG_200_200_80_4_8_ModelfullREDMsinglelambda_NA_NA_NA_dataset9.log
    jobid: 1300
    wildcards: optimiser=nlminb, datasetgeneration=GenerationMixturefewersignaturespairedBoneOsteosarcPCAWG, n=200, nlambda=200, lmbda=80, d=4, beta_intensity=8, model=fullREDMsinglelambda, fixed_beta_intercept=NA, fixed_beta_slope=NA, sdRE_input=NA, itnum=9

Rscript 2_inference_TMB/run_TMB.R --input ../data/assessing_models_simulation/datasets/multiple_GenerationMixturefewersignaturespairedBoneOsteosarcPCAWG_200_200_80_4_8_NA_NA_NA_dataset9.RDS --output ../data/assessing_models_simulation/inference_results/TMB/nlminb/multiple_GenerationMixturefewersignaturespairedBoneOsteosarcPCAWG_200_200_80_4_8_fullREDMsinglelambda_NA_NA_NA_dataset9.RDS --model fullREDMsinglelambda --optimiser nlminb  --use_previous_run_startingvals T
[Mon Jan 31 22:54:29 2022]
Error in rule inference_simulation_TMB_multiple:
    jobid: 1300
    output: ../data/assessing_models_simulation/inference_results/TMB/nlminb/multiple_GenerationMixturefewersignaturespairedBoneOsteosarcPCAWG_200_200_80_4_8_fullREDMsinglelambda_NA_NA_NA_dataset9.RDS
    log: logs/inference/nlminb/simulation_GenerationMixturefewersignaturespairedBoneOsteosarcPCAWG_200_200_80_4_8_ModelfullREDMsinglelambda_NA_NA_NA_dataset9.log (check log file(s) for error message)
    shell:
        Rscript 2_inference_TMB/run_TMB.R --input ../data/assessing_models_simulation/datasets/multiple_GenerationMixturefewersignaturespairedBoneOsteosarcPCAWG_200_200_80_4_8_NA_NA_NA_dataset9.RDS --output ../data/assessing_models_simulation/inference_results/TMB/nlminb/multiple_GenerationMixturefewersignaturespairedBoneOsteosarcPCAWG_200_200_80_4_8_fullREDMsinglelambda_NA_NA_NA_dataset9.RDS --model fullREDMsinglelambda --optimiser nlminb  --use_previous_run_startingvals T

Shutting down, this might take some time.
Exiting because a job execution failed. Look above for error message
Complete log: /Users/morril01/Documents/PhD/GlobalDA/code/.snakemake/log/2022-01-31T224616.658609.snakemake.log
