Building DAG of jobs...
Using shell: /usr/local/bin/bash
Provided cores: 1
Rules claiming more threads will be scaled down.
Job counts:
	count	jobs
	1	all
	8	analyse_simulation_TMB_multiple
	2	analyse_simulation_TMB_multiple_integrate
	636	inference_simulation_TMB_multiple
	158	simulate_for_comparison_multiple
	805

[Tue Feb  8 12:58:42 2022]
rule inference_simulation_TMB_multiple:
    input: ../data/assessing_models_simulation/datasets/multiple_GenerationMixturefewersignaturespairedObsNmInvPCAWGColoRectAdenoCAPCAWG_100_200_80_4_-8_NA_NA_NA_dataset18.RDS
    output: ../data/assessing_models_simulation/inference_results/TMB/nlminb/multiple_GenerationMixturefewersignaturespairedObsNmInvPCAWGColoRectAdenoCAPCAWG_100_200_80_4_-8_fullREM_NA_NA_NA_dataset18.RDS
    log: logs/inference/nlminb/simulation_GenerationMixturefewersignaturespairedObsNmInvPCAWGColoRectAdenoCAPCAWG_100_200_80_4_-8_ModelfullREM_NA_NA_NA_dataset18.log
    jobid: 289
    wildcards: optimiser=nlminb, datasetgeneration=GenerationMixturefewersignaturespairedObsNmInvPCAWGColoRectAdenoCAPCAWG, n=100, nlambda=200, lmbda=80, d=4, beta_intensity=-8, model=fullREM, fixed_beta_intercept=NA, fixed_beta_slope=NA, sdRE_input=NA, itnum=18

Rscript 2_inference_TMB/run_TMB.R --input ../data/assessing_models_simulation/datasets/multiple_GenerationMixturefewersignaturespairedObsNmInvPCAWGColoRectAdenoCAPCAWG_100_200_80_4_-8_NA_NA_NA_dataset18.RDS --output ../data/assessing_models_simulation/inference_results/TMB/nlminb/multiple_GenerationMixturefewersignaturespairedObsNmInvPCAWGColoRectAdenoCAPCAWG_100_200_80_4_-8_fullREM_NA_NA_NA_dataset18.RDS --model fullREM --optimiser nlminb  --use_previous_run_startingvals T
[Tue Feb  8 12:58:46 2022]
Finished job 289.
1 of 805 steps (0.12%) done

[Tue Feb  8 12:58:46 2022]
rule inference_simulation_TMB_multiple:
    input: ../data/assessing_models_simulation/datasets/multiple_GenerationMixturefewersignaturespairedObsNmInvPCAWGColoRectAdenoCAPCAWG_100_200_80_4_-8_NA_NA_NA_dataset18.RDS
    output: ../data/assessing_models_simulation/inference_results/TMB/nlminb/multiple_GenerationMixturefewersignaturespairedObsNmInvPCAWGColoRectAdenoCAPCAWG_100_200_80_4_-8_diagREDMsinglelambda_NA_NA_NA_dataset18.RDS
    log: logs/inference/nlminb/simulation_GenerationMixturefewersignaturespairedObsNmInvPCAWGColoRectAdenoCAPCAWG_100_200_80_4_-8_ModeldiagREDMsinglelambda_NA_NA_NA_dataset18.log
    jobid: 1489
    wildcards: optimiser=nlminb, datasetgeneration=GenerationMixturefewersignaturespairedObsNmInvPCAWGColoRectAdenoCAPCAWG, n=100, nlambda=200, lmbda=80, d=4, beta_intensity=-8, model=diagREDMsinglelambda, fixed_beta_intercept=NA, fixed_beta_slope=NA, sdRE_input=NA, itnum=18

Rscript 2_inference_TMB/run_TMB.R --input ../data/assessing_models_simulation/datasets/multiple_GenerationMixturefewersignaturespairedObsNmInvPCAWGColoRectAdenoCAPCAWG_100_200_80_4_-8_NA_NA_NA_dataset18.RDS --output ../data/assessing_models_simulation/inference_results/TMB/nlminb/multiple_GenerationMixturefewersignaturespairedObsNmInvPCAWGColoRectAdenoCAPCAWG_100_200_80_4_-8_diagREDMsinglelambda_NA_NA_NA_dataset18.RDS --model diagREDMsinglelambda --optimiser nlminb  --use_previous_run_startingvals T
[Tue Feb  8 12:58:58 2022]
Finished job 1489.
2 of 805 steps (0.25%) done

[Tue Feb  8 12:58:58 2022]
rule inference_simulation_TMB_multiple:
    input: ../data/assessing_models_simulation/datasets/multiple_GenerationMixturefewersignaturespairedObsNmInvPCAWGColoRectAdenoCAPCAWG_100_200_80_4_-8_NA_NA_NA_dataset18.RDS
    output: ../data/assessing_models_simulation/inference_results/TMB/nlminb/multiple_GenerationMixturefewersignaturespairedObsNmInvPCAWGColoRectAdenoCAPCAWG_100_200_80_4_-8_diagREDM_NA_NA_NA_dataset18.RDS
    log: logs/inference/nlminb/simulation_GenerationMixturefewersignaturespairedObsNmInvPCAWGColoRectAdenoCAPCAWG_100_200_80_4_-8_ModeldiagREDM_NA_NA_NA_dataset18.log
    jobid: 2089
    wildcards: optimiser=nlminb, datasetgeneration=GenerationMixturefewersignaturespairedObsNmInvPCAWGColoRectAdenoCAPCAWG, n=100, nlambda=200, lmbda=80, d=4, beta_intensity=-8, model=diagREDM, fixed_beta_intercept=NA, fixed_beta_slope=NA, sdRE_input=NA, itnum=18

Rscript 2_inference_TMB/run_TMB.R --input ../data/assessing_models_simulation/datasets/multiple_GenerationMixturefewersignaturespairedObsNmInvPCAWGColoRectAdenoCAPCAWG_100_200_80_4_-8_NA_NA_NA_dataset18.RDS --output ../data/assessing_models_simulation/inference_results/TMB/nlminb/multiple_GenerationMixturefewersignaturespairedObsNmInvPCAWGColoRectAdenoCAPCAWG_100_200_80_4_-8_diagREDM_NA_NA_NA_dataset18.RDS --model diagREDM --optimiser nlminb  --use_previous_run_startingvals T
[Tue Feb  8 12:59:11 2022]
Error in rule inference_simulation_TMB_multiple:
    jobid: 2089
    output: ../data/assessing_models_simulation/inference_results/TMB/nlminb/multiple_GenerationMixturefewersignaturespairedObsNmInvPCAWGColoRectAdenoCAPCAWG_100_200_80_4_-8_diagREDM_NA_NA_NA_dataset18.RDS
    log: logs/inference/nlminb/simulation_GenerationMixturefewersignaturespairedObsNmInvPCAWGColoRectAdenoCAPCAWG_100_200_80_4_-8_ModeldiagREDM_NA_NA_NA_dataset18.log (check log file(s) for error message)
    shell:
        Rscript 2_inference_TMB/run_TMB.R --input ../data/assessing_models_simulation/datasets/multiple_GenerationMixturefewersignaturespairedObsNmInvPCAWGColoRectAdenoCAPCAWG_100_200_80_4_-8_NA_NA_NA_dataset18.RDS --output ../data/assessing_models_simulation/inference_results/TMB/nlminb/multiple_GenerationMixturefewersignaturespairedObsNmInvPCAWGColoRectAdenoCAPCAWG_100_200_80_4_-8_diagREDM_NA_NA_NA_dataset18.RDS --model diagREDM --optimiser nlminb  --use_previous_run_startingvals T

Shutting down, this might take some time.
Exiting because a job execution failed. Look above for error message
Complete log: /Users/morril01/Documents/PhD/GlobalDA/code/.snakemake/log/2022-02-08T125824.825980.snakemake.log
