Building DAG of jobs...
Using shell: /usr/local/bin/bash
Provided cores: 1
Rules claiming more threads will be scaled down.
Job counts:
	count	jobs
	1	all
	4	analyse_simulation_TMB_multiple
	1	analyse_simulation_TMB_multiple_integrate
	521	inference_simulation_TMB_multiple
	130	simulate_for_comparison_multiple
	657

[Thu Jan 13 00:10:04 2022]
rule inference_simulation_TMB_multiple:
    input: ../data/assessing_models_simulation/datasets/multiple_GenerationMixturefewersignaturesPCAWG_100_200_80_4_-2_NA_NA_NA_dataset5.RDS
    output: ../data/assessing_models_simulation/inference_results/TMB/nlminb/multiple_GenerationMixturefewersignaturesPCAWG_100_200_80_4_-2_fullREDMsinglelambda_NA_NA_NA_dataset5.RDS
    log: logs/inference/nlminb/simulation_GenerationMixturefewersignaturesPCAWG_100_200_80_4_-2_ModelfullREDMsinglelambda_NA_NA_NA_dataset5.log
    jobid: 591
    wildcards: optimiser=nlminb, datasetgeneration=GenerationMixturefewersignaturesPCAWG, n=100, nlambda=200, lmbda=80, d=4, beta_intensity=-2, model=fullREDMsinglelambda, fixed_beta_intercept=NA, fixed_beta_slope=NA, sdRE_input=NA, itnum=5

Rscript 2_inference_TMB/run_TMB.R --input ../data/assessing_models_simulation/datasets/multiple_GenerationMixturefewersignaturesPCAWG_100_200_80_4_-2_NA_NA_NA_dataset5.RDS --output ../data/assessing_models_simulation/inference_results/TMB/nlminb/multiple_GenerationMixturefewersignaturesPCAWG_100_200_80_4_-2_fullREDMsinglelambda_NA_NA_NA_dataset5.RDS --model fullREDMsinglelambda --optimiser nlminb  --use_previous_run_startingvals T
[Thu Jan 13 00:10:11 2022]
Finished job 591.
1 of 657 steps (0.15%) done

[Thu Jan 13 00:10:11 2022]
rule simulate_for_comparison_multiple:
    input: ../data/assessing_models_simulation/GenerationMixturefewersignaturesPCAWG
    output: ../data/assessing_models_simulation/datasets/multiple_GenerationMixturefewersignaturesPCAWG_200_200_80_4_-12_NA_NA_NA_dataset14.RDS
    jobid: 1720
    wildcards: datasetgeneration=GenerationMixturefewersignaturesPCAWG, n=200, nlambda=200, lmbda=80, d=4, beta_intensity=-12, fixed_beta_intercept=NA, fixed_beta_slope=NA, sdRE_input=NA, itnum=14

Rscript --vanilla 3_analysis/simulation_model_assessment/generate_datasets_simulations/GenerationMixturefewersignaturesPCAWG.R --input ../data/assessing_models_simulation/GenerationMixturefewersignaturesPCAWG --d 4 --n 200 --nlambda 200 --lambda 80 --beta_gamma_shape -12 --outfile ../data/assessing_models_simulation/datasets/multiple_GenerationMixturefewersignaturesPCAWG_200_200_80_4_-12_NA_NA_NA_dataset14.RDS --beta_intercept_input NA --beta_slope_input NA --sdRE_input NA
[Thu Jan 13 00:10:12 2022]
Finished job 1720.
2 of 657 steps (0.30%) done

[Thu Jan 13 00:10:12 2022]
rule inference_simulation_TMB_multiple:
    input: ../data/assessing_models_simulation/datasets/multiple_GenerationMixturefewersignaturesPCAWG_200_200_80_4_-12_NA_NA_NA_dataset14.RDS
    output: ../data/assessing_models_simulation/inference_results/TMB/nlminb/multiple_GenerationMixturefewersignaturesPCAWG_200_200_80_4_-12_diagREDMsinglelambda_NA_NA_NA_dataset14.RDS
    log: logs/inference/nlminb/simulation_GenerationMixturefewersignaturesPCAWG_200_200_80_4_-12_ModeldiagREDMsinglelambda_NA_NA_NA_dataset14.log
    jobid: 1000
    wildcards: optimiser=nlminb, datasetgeneration=GenerationMixturefewersignaturesPCAWG, n=200, nlambda=200, lmbda=80, d=4, beta_intensity=-12, model=diagREDMsinglelambda, fixed_beta_intercept=NA, fixed_beta_slope=NA, sdRE_input=NA, itnum=14

Rscript 2_inference_TMB/run_TMB.R --input ../data/assessing_models_simulation/datasets/multiple_GenerationMixturefewersignaturesPCAWG_200_200_80_4_-12_NA_NA_NA_dataset14.RDS --output ../data/assessing_models_simulation/inference_results/TMB/nlminb/multiple_GenerationMixturefewersignaturesPCAWG_200_200_80_4_-12_diagREDMsinglelambda_NA_NA_NA_dataset14.RDS --model diagREDMsinglelambda --optimiser nlminb  --use_previous_run_startingvals T
[Thu Jan 13 00:10:25 2022]
Finished job 1000.
3 of 657 steps (0.46%) done

[Thu Jan 13 00:10:25 2022]
rule inference_simulation_TMB_multiple:
    input: ../data/assessing_models_simulation/datasets/multiple_GenerationMixturefewersignaturesPCAWG_200_200_80_4_-12_NA_NA_NA_dataset14.RDS
    output: ../data/assessing_models_simulation/inference_results/TMB/nlminb/multiple_GenerationMixturefewersignaturesPCAWG_200_200_80_4_-12_diagREDM_NA_NA_NA_dataset14.RDS
    log: logs/inference/nlminb/simulation_GenerationMixturefewersignaturesPCAWG_200_200_80_4_-12_ModeldiagREDM_NA_NA_NA_dataset14.log
    jobid: 1360
    wildcards: optimiser=nlminb, datasetgeneration=GenerationMixturefewersignaturesPCAWG, n=200, nlambda=200, lmbda=80, d=4, beta_intensity=-12, model=diagREDM, fixed_beta_intercept=NA, fixed_beta_slope=NA, sdRE_input=NA, itnum=14

Rscript 2_inference_TMB/run_TMB.R --input ../data/assessing_models_simulation/datasets/multiple_GenerationMixturefewersignaturesPCAWG_200_200_80_4_-12_NA_NA_NA_dataset14.RDS --output ../data/assessing_models_simulation/inference_results/TMB/nlminb/multiple_GenerationMixturefewersignaturesPCAWG_200_200_80_4_-12_diagREDM_NA_NA_NA_dataset14.RDS --model diagREDM --optimiser nlminb  --use_previous_run_startingvals T
[Thu Jan 13 00:10:40 2022]
Finished job 1360.
4 of 657 steps (0.61%) done

[Thu Jan 13 00:10:40 2022]
rule inference_simulation_TMB_multiple:
    input: ../data/assessing_models_simulation/datasets/multiple_GenerationMixturefewersignaturesPCAWG_200_200_80_4_-12_NA_NA_NA_dataset14.RDS
    output: ../data/assessing_models_simulation/inference_results/TMB/nlminb/multiple_GenerationMixturefewersignaturesPCAWG_200_200_80_4_-12_fullREDMsinglelambda_NA_NA_NA_dataset14.RDS
    log: logs/inference/nlminb/simulation_GenerationMixturefewersignaturesPCAWG_200_200_80_4_-12_ModelfullREDMsinglelambda_NA_NA_NA_dataset14.log
    jobid: 640
    wildcards: optimiser=nlminb, datasetgeneration=GenerationMixturefewersignaturesPCAWG, n=200, nlambda=200, lmbda=80, d=4, beta_intensity=-12, model=fullREDMsinglelambda, fixed_beta_intercept=NA, fixed_beta_slope=NA, sdRE_input=NA, itnum=14

Rscript 2_inference_TMB/run_TMB.R --input ../data/assessing_models_simulation/datasets/multiple_GenerationMixturefewersignaturesPCAWG_200_200_80_4_-12_NA_NA_NA_dataset14.RDS --output ../data/assessing_models_simulation/inference_results/TMB/nlminb/multiple_GenerationMixturefewersignaturesPCAWG_200_200_80_4_-12_fullREDMsinglelambda_NA_NA_NA_dataset14.RDS --model fullREDMsinglelambda --optimiser nlminb  --use_previous_run_startingvals T
[Thu Jan 13 00:10:56 2022]
Finished job 640.
5 of 657 steps (0.76%) done

[Thu Jan 13 00:10:56 2022]
rule inference_simulation_TMB_multiple:
    input: ../data/assessing_models_simulation/datasets/multiple_GenerationMixturefewersignaturesPCAWG_200_200_80_4_-12_NA_NA_NA_dataset14.RDS
    output: ../data/assessing_models_simulation/inference_results/TMB/nlminb/multiple_GenerationMixturefewersignaturesPCAWG_200_200_80_4_-12_fullREM_NA_NA_NA_dataset14.RDS
    log: logs/inference/nlminb/simulation_GenerationMixturefewersignaturesPCAWG_200_200_80_4_-12_ModelfullREM_NA_NA_NA_dataset14.log
    jobid: 280
    wildcards: optimiser=nlminb, datasetgeneration=GenerationMixturefewersignaturesPCAWG, n=200, nlambda=200, lmbda=80, d=4, beta_intensity=-12, model=fullREM, fixed_beta_intercept=NA, fixed_beta_slope=NA, sdRE_input=NA, itnum=14

Rscript 2_inference_TMB/run_TMB.R --input ../data/assessing_models_simulation/datasets/multiple_GenerationMixturefewersignaturesPCAWG_200_200_80_4_-12_NA_NA_NA_dataset14.RDS --output ../data/assessing_models_simulation/inference_results/TMB/nlminb/multiple_GenerationMixturefewersignaturesPCAWG_200_200_80_4_-12_fullREM_NA_NA_NA_dataset14.RDS --model fullREM --optimiser nlminb  --use_previous_run_startingvals T
[Thu Jan 13 00:11:01 2022]
Finished job 280.
6 of 657 steps (0.91%) done

[Thu Jan 13 00:11:01 2022]
rule simulate_for_comparison_multiple:
    input: ../data/assessing_models_simulation/GenerationMixturefewersignaturesPCAWG
    output: ../data/assessing_models_simulation/datasets/multiple_GenerationMixturefewersignaturesPCAWG_50_200_80_4_-4_NA_NA_NA_dataset9.RDS
    jobid: 1535
    wildcards: datasetgeneration=GenerationMixturefewersignaturesPCAWG, n=50, nlambda=200, lmbda=80, d=4, beta_intensity=-4, fixed_beta_intercept=NA, fixed_beta_slope=NA, sdRE_input=NA, itnum=9

Rscript --vanilla 3_analysis/simulation_model_assessment/generate_datasets_simulations/GenerationMixturefewersignaturesPCAWG.R --input ../data/assessing_models_simulation/GenerationMixturefewersignaturesPCAWG --d 4 --n 50 --nlambda 200 --lambda 80 --beta_gamma_shape -4 --outfile ../data/assessing_models_simulation/datasets/multiple_GenerationMixturefewersignaturesPCAWG_50_200_80_4_-4_NA_NA_NA_dataset9.RDS --beta_intercept_input NA --beta_slope_input NA --sdRE_input NA
[Thu Jan 13 00:11:01 2022]
Finished job 1535.
7 of 657 steps (1%) done

[Thu Jan 13 00:11:01 2022]
rule inference_simulation_TMB_multiple:
    input: ../data/assessing_models_simulation/datasets/multiple_GenerationMixturefewersignaturesPCAWG_50_200_80_4_-4_NA_NA_NA_dataset9.RDS
    output: ../data/assessing_models_simulation/inference_results/TMB/nlminb/multiple_GenerationMixturefewersignaturesPCAWG_50_200_80_4_-4_diagREDMsinglelambda_NA_NA_NA_dataset9.RDS
    log: logs/inference/nlminb/simulation_GenerationMixturefewersignaturesPCAWG_50_200_80_4_-4_ModeldiagREDMsinglelambda_NA_NA_NA_dataset9.log
    jobid: 815
    wildcards: optimiser=nlminb, datasetgeneration=GenerationMixturefewersignaturesPCAWG, n=50, nlambda=200, lmbda=80, d=4, beta_intensity=-4, model=diagREDMsinglelambda, fixed_beta_intercept=NA, fixed_beta_slope=NA, sdRE_input=NA, itnum=9

Rscript 2_inference_TMB/run_TMB.R --input ../data/assessing_models_simulation/datasets/multiple_GenerationMixturefewersignaturesPCAWG_50_200_80_4_-4_NA_NA_NA_dataset9.RDS --output ../data/assessing_models_simulation/inference_results/TMB/nlminb/multiple_GenerationMixturefewersignaturesPCAWG_50_200_80_4_-4_diagREDMsinglelambda_NA_NA_NA_dataset9.RDS --model diagREDMsinglelambda --optimiser nlminb  --use_previous_run_startingvals T
[Thu Jan 13 00:11:06 2022]
Finished job 815.
8 of 657 steps (1%) done

[Thu Jan 13 00:11:06 2022]
rule inference_simulation_TMB_multiple:
    input: ../data/assessing_models_simulation/datasets/multiple_GenerationMixturefewersignaturesPCAWG_50_200_80_4_-4_NA_NA_NA_dataset9.RDS
    output: ../data/assessing_models_simulation/inference_results/TMB/nlminb/multiple_GenerationMixturefewersignaturesPCAWG_50_200_80_4_-4_diagREDM_NA_NA_NA_dataset9.RDS
    log: logs/inference/nlminb/simulation_GenerationMixturefewersignaturesPCAWG_50_200_80_4_-4_ModeldiagREDM_NA_NA_NA_dataset9.log
    jobid: 1175
    wildcards: optimiser=nlminb, datasetgeneration=GenerationMixturefewersignaturesPCAWG, n=50, nlambda=200, lmbda=80, d=4, beta_intensity=-4, model=diagREDM, fixed_beta_intercept=NA, fixed_beta_slope=NA, sdRE_input=NA, itnum=9

Rscript 2_inference_TMB/run_TMB.R --input ../data/assessing_models_simulation/datasets/multiple_GenerationMixturefewersignaturesPCAWG_50_200_80_4_-4_NA_NA_NA_dataset9.RDS --output ../data/assessing_models_simulation/inference_results/TMB/nlminb/multiple_GenerationMixturefewersignaturesPCAWG_50_200_80_4_-4_diagREDM_NA_NA_NA_dataset9.RDS --model diagREDM --optimiser nlminb  --use_previous_run_startingvals T
[Thu Jan 13 00:11:11 2022]
Finished job 1175.
9 of 657 steps (1%) done

[Thu Jan 13 00:11:11 2022]
rule inference_simulation_TMB_multiple:
    input: ../data/assessing_models_simulation/datasets/multiple_GenerationMixturefewersignaturesPCAWG_50_200_80_4_-4_NA_NA_NA_dataset9.RDS
    output: ../data/assessing_models_simulation/inference_results/TMB/nlminb/multiple_GenerationMixturefewersignaturesPCAWG_50_200_80_4_-4_fullREDMsinglelambda_NA_NA_NA_dataset9.RDS
    log: logs/inference/nlminb/simulation_GenerationMixturefewersignaturesPCAWG_50_200_80_4_-4_ModelfullREDMsinglelambda_NA_NA_NA_dataset9.log
    jobid: 455
    wildcards: optimiser=nlminb, datasetgeneration=GenerationMixturefewersignaturesPCAWG, n=50, nlambda=200, lmbda=80, d=4, beta_intensity=-4, model=fullREDMsinglelambda, fixed_beta_intercept=NA, fixed_beta_slope=NA, sdRE_input=NA, itnum=9

Rscript 2_inference_TMB/run_TMB.R --input ../data/assessing_models_simulation/datasets/multiple_GenerationMixturefewersignaturesPCAWG_50_200_80_4_-4_NA_NA_NA_dataset9.RDS --output ../data/assessing_models_simulation/inference_results/TMB/nlminb/multiple_GenerationMixturefewersignaturesPCAWG_50_200_80_4_-4_fullREDMsinglelambda_NA_NA_NA_dataset9.RDS --model fullREDMsinglelambda --optimiser nlminb  --use_previous_run_startingvals T
[Thu Jan 13 00:11:16 2022]
Error in rule inference_simulation_TMB_multiple:
    jobid: 455
    output: ../data/assessing_models_simulation/inference_results/TMB/nlminb/multiple_GenerationMixturefewersignaturesPCAWG_50_200_80_4_-4_fullREDMsinglelambda_NA_NA_NA_dataset9.RDS
    log: logs/inference/nlminb/simulation_GenerationMixturefewersignaturesPCAWG_50_200_80_4_-4_ModelfullREDMsinglelambda_NA_NA_NA_dataset9.log (check log file(s) for error message)
    shell:
        Rscript 2_inference_TMB/run_TMB.R --input ../data/assessing_models_simulation/datasets/multiple_GenerationMixturefewersignaturesPCAWG_50_200_80_4_-4_NA_NA_NA_dataset9.RDS --output ../data/assessing_models_simulation/inference_results/TMB/nlminb/multiple_GenerationMixturefewersignaturesPCAWG_50_200_80_4_-4_fullREDMsinglelambda_NA_NA_NA_dataset9.RDS --model fullREDMsinglelambda --optimiser nlminb  --use_previous_run_startingvals T

Shutting down, this might take some time.
Exiting because a job execution failed. Look above for error message
Complete log: /Users/morril01/Documents/PhD/GlobalDA/code/.snakemake/log/2022-01-13T000959.919588.snakemake.log
