Building DAG of jobs...
Using shell: /usr/local/bin/bash
Provided cores: 1
Rules claiming more threads will be scaled down.
Job counts:
	count	jobs
	1	all
	4	analyse_simulation_TMB_multiple
	1	analyse_simulation_TMB_multiple_integrate
	777	inference_simulation_TMB_multiple
	194	simulate_for_comparison_multiple
	977

[Fri Jan 14 04:29:39 2022]
rule inference_simulation_TMB_multiple:
    input: ../data/assessing_models_simulation/datasets/multiple_GenerationMixturefewersignaturespairedstomachPCAWG_50_200_80_4_-8_NA_NA_NA_dataset3.RDS
    output: ../data/assessing_models_simulation/inference_results/TMB/nlminb/multiple_GenerationMixturefewersignaturespairedstomachPCAWG_50_200_80_4_-8_fullREDMsinglelambda_NA_NA_NA_dataset3.RDS
    log: logs/inference/nlminb/simulation_GenerationMixturefewersignaturespairedstomachPCAWG_50_200_80_4_-8_ModelfullREDMsinglelambda_NA_NA_NA_dataset3.log
    jobid: 3374
    wildcards: optimiser=nlminb, datasetgeneration=GenerationMixturefewersignaturespairedstomachPCAWG, n=50, nlambda=200, lmbda=80, d=4, beta_intensity=-8, model=fullREDMsinglelambda, fixed_beta_intercept=NA, fixed_beta_slope=NA, sdRE_input=NA, itnum=3

Rscript 2_inference_TMB/run_TMB.R --input ../data/assessing_models_simulation/datasets/multiple_GenerationMixturefewersignaturespairedstomachPCAWG_50_200_80_4_-8_NA_NA_NA_dataset3.RDS --output ../data/assessing_models_simulation/inference_results/TMB/nlminb/multiple_GenerationMixturefewersignaturespairedstomachPCAWG_50_200_80_4_-8_fullREDMsinglelambda_NA_NA_NA_dataset3.RDS --model fullREDMsinglelambda --optimiser nlminb  --use_previous_run_startingvals T
[Fri Jan 14 04:29:45 2022]
Finished job 3374.
1 of 977 steps (0.10%) done

[Fri Jan 14 04:29:45 2022]
rule simulate_for_comparison_multiple:
    input: ../data/assessing_models_simulation/GenerationMixturefewersignaturespairedstomachPCAWG
    output: ../data/assessing_models_simulation/datasets/multiple_GenerationMixturefewersignaturespairedstomachPCAWG_50_200_80_4_-8_NA_NA_NA_dataset8.RDS
    jobid: 6019
    wildcards: datasetgeneration=GenerationMixturefewersignaturespairedstomachPCAWG, n=50, nlambda=200, lmbda=80, d=4, beta_intensity=-8, fixed_beta_intercept=NA, fixed_beta_slope=NA, sdRE_input=NA, itnum=8

Rscript --vanilla 3_analysis/simulation_model_assessment/generate_datasets_simulations/GenerationMixturefewersignaturespairedstomachPCAWG.R --input ../data/assessing_models_simulation/GenerationMixturefewersignaturespairedstomachPCAWG --d 4 --n 50 --nlambda 200 --lambda 80 --beta_gamma_shape -8 --outfile ../data/assessing_models_simulation/datasets/multiple_GenerationMixturefewersignaturespairedstomachPCAWG_50_200_80_4_-8_NA_NA_NA_dataset8.RDS --beta_intercept_input NA --beta_slope_input NA --sdRE_input NA
[Fri Jan 14 04:29:46 2022]
Finished job 6019.
2 of 977 steps (0.20%) done

[Fri Jan 14 04:29:46 2022]
rule inference_simulation_TMB_multiple:
    input: ../data/assessing_models_simulation/datasets/multiple_GenerationMixturefewersignaturespairedstomachPCAWG_50_200_80_4_-8_NA_NA_NA_dataset8.RDS
    output: ../data/assessing_models_simulation/inference_results/TMB/nlminb/multiple_GenerationMixturefewersignaturespairedstomachPCAWG_50_200_80_4_-8_fullREDMsinglelambda_NA_NA_NA_dataset8.RDS
    log: logs/inference/nlminb/simulation_GenerationMixturefewersignaturespairedstomachPCAWG_50_200_80_4_-8_ModelfullREDMsinglelambda_NA_NA_NA_dataset8.log
    jobid: 3379
    wildcards: optimiser=nlminb, datasetgeneration=GenerationMixturefewersignaturespairedstomachPCAWG, n=50, nlambda=200, lmbda=80, d=4, beta_intensity=-8, model=fullREDMsinglelambda, fixed_beta_intercept=NA, fixed_beta_slope=NA, sdRE_input=NA, itnum=8

Rscript 2_inference_TMB/run_TMB.R --input ../data/assessing_models_simulation/datasets/multiple_GenerationMixturefewersignaturespairedstomachPCAWG_50_200_80_4_-8_NA_NA_NA_dataset8.RDS --output ../data/assessing_models_simulation/inference_results/TMB/nlminb/multiple_GenerationMixturefewersignaturespairedstomachPCAWG_50_200_80_4_-8_fullREDMsinglelambda_NA_NA_NA_dataset8.RDS --model fullREDMsinglelambda --optimiser nlminb  --use_previous_run_startingvals T
[Fri Jan 14 04:29:51 2022]
Finished job 3379.
3 of 977 steps (0.31%) done

[Fri Jan 14 04:29:51 2022]
rule inference_simulation_TMB_multiple:
    input: ../data/assessing_models_simulation/datasets/multiple_GenerationMixturefewersignaturespairedstomachPCAWG_50_200_80_4_-8_NA_NA_NA_dataset8.RDS
    output: ../data/assessing_models_simulation/inference_results/TMB/nlminb/multiple_GenerationMixturefewersignaturespairedstomachPCAWG_50_200_80_4_-8_fullREM_NA_NA_NA_dataset8.RDS
    log: logs/inference/nlminb/simulation_GenerationMixturefewersignaturespairedstomachPCAWG_50_200_80_4_-8_ModelfullREM_NA_NA_NA_dataset8.log
    jobid: 2719
    wildcards: optimiser=nlminb, datasetgeneration=GenerationMixturefewersignaturespairedstomachPCAWG, n=50, nlambda=200, lmbda=80, d=4, beta_intensity=-8, model=fullREM, fixed_beta_intercept=NA, fixed_beta_slope=NA, sdRE_input=NA, itnum=8

Rscript 2_inference_TMB/run_TMB.R --input ../data/assessing_models_simulation/datasets/multiple_GenerationMixturefewersignaturespairedstomachPCAWG_50_200_80_4_-8_NA_NA_NA_dataset8.RDS --output ../data/assessing_models_simulation/inference_results/TMB/nlminb/multiple_GenerationMixturefewersignaturespairedstomachPCAWG_50_200_80_4_-8_fullREM_NA_NA_NA_dataset8.RDS --model fullREM --optimiser nlminb  --use_previous_run_startingvals T
[Fri Jan 14 04:29:54 2022]
Finished job 2719.
4 of 977 steps (0.41%) done

[Fri Jan 14 04:29:54 2022]
rule inference_simulation_TMB_multiple:
    input: ../data/assessing_models_simulation/datasets/multiple_GenerationMixturefewersignaturespairedstomachPCAWG_50_200_80_4_-8_NA_NA_NA_dataset8.RDS
    output: ../data/assessing_models_simulation/inference_results/TMB/nlminb/multiple_GenerationMixturefewersignaturespairedstomachPCAWG_50_200_80_4_-8_diagREDMsinglelambda_NA_NA_NA_dataset8.RDS
    log: logs/inference/nlminb/simulation_GenerationMixturefewersignaturespairedstomachPCAWG_50_200_80_4_-8_ModeldiagREDMsinglelambda_NA_NA_NA_dataset8.log
    jobid: 4039
    wildcards: optimiser=nlminb, datasetgeneration=GenerationMixturefewersignaturespairedstomachPCAWG, n=50, nlambda=200, lmbda=80, d=4, beta_intensity=-8, model=diagREDMsinglelambda, fixed_beta_intercept=NA, fixed_beta_slope=NA, sdRE_input=NA, itnum=8

Rscript 2_inference_TMB/run_TMB.R --input ../data/assessing_models_simulation/datasets/multiple_GenerationMixturefewersignaturespairedstomachPCAWG_50_200_80_4_-8_NA_NA_NA_dataset8.RDS --output ../data/assessing_models_simulation/inference_results/TMB/nlminb/multiple_GenerationMixturefewersignaturespairedstomachPCAWG_50_200_80_4_-8_diagREDMsinglelambda_NA_NA_NA_dataset8.RDS --model diagREDMsinglelambda --optimiser nlminb  --use_previous_run_startingvals T
[Fri Jan 14 04:29:58 2022]
Finished job 4039.
5 of 977 steps (0.51%) done

[Fri Jan 14 04:29:58 2022]
rule inference_simulation_TMB_multiple:
    input: ../data/assessing_models_simulation/datasets/multiple_GenerationMixturefewersignaturespairedstomachPCAWG_50_200_80_4_-8_NA_NA_NA_dataset8.RDS
    output: ../data/assessing_models_simulation/inference_results/TMB/nlminb/multiple_GenerationMixturefewersignaturespairedstomachPCAWG_50_200_80_4_-8_diagREDM_NA_NA_NA_dataset8.RDS
    log: logs/inference/nlminb/simulation_GenerationMixturefewersignaturespairedstomachPCAWG_50_200_80_4_-8_ModeldiagREDM_NA_NA_NA_dataset8.log
    jobid: 4699
    wildcards: optimiser=nlminb, datasetgeneration=GenerationMixturefewersignaturespairedstomachPCAWG, n=50, nlambda=200, lmbda=80, d=4, beta_intensity=-8, model=diagREDM, fixed_beta_intercept=NA, fixed_beta_slope=NA, sdRE_input=NA, itnum=8

Rscript 2_inference_TMB/run_TMB.R --input ../data/assessing_models_simulation/datasets/multiple_GenerationMixturefewersignaturespairedstomachPCAWG_50_200_80_4_-8_NA_NA_NA_dataset8.RDS --output ../data/assessing_models_simulation/inference_results/TMB/nlminb/multiple_GenerationMixturefewersignaturespairedstomachPCAWG_50_200_80_4_-8_diagREDM_NA_NA_NA_dataset8.RDS --model diagREDM --optimiser nlminb  --use_previous_run_startingvals T
[Fri Jan 14 04:30:03 2022]
Finished job 4699.
6 of 977 steps (0.61%) done

[Fri Jan 14 04:30:03 2022]
rule simulate_for_comparison_multiple:
    input: ../data/assessing_models_simulation/GenerationMixturefewersignaturespairedstomachPCAWG
    output: ../data/assessing_models_simulation/datasets/multiple_GenerationMixturefewersignaturespairedstomachPCAWG_100_200_80_4_-10_NA_NA_NA_dataset14.RDS
    jobid: 6225
    wildcards: datasetgeneration=GenerationMixturefewersignaturespairedstomachPCAWG, n=100, nlambda=200, lmbda=80, d=4, beta_intensity=-10, fixed_beta_intercept=NA, fixed_beta_slope=NA, sdRE_input=NA, itnum=14

Rscript --vanilla 3_analysis/simulation_model_assessment/generate_datasets_simulations/GenerationMixturefewersignaturespairedstomachPCAWG.R --input ../data/assessing_models_simulation/GenerationMixturefewersignaturespairedstomachPCAWG --d 4 --n 100 --nlambda 200 --lambda 80 --beta_gamma_shape -10 --outfile ../data/assessing_models_simulation/datasets/multiple_GenerationMixturefewersignaturespairedstomachPCAWG_100_200_80_4_-10_NA_NA_NA_dataset14.RDS --beta_intercept_input NA --beta_slope_input NA --sdRE_input NA
[Fri Jan 14 04:30:03 2022]
Finished job 6225.
7 of 977 steps (0.72%) done

[Fri Jan 14 04:30:03 2022]
rule inference_simulation_TMB_multiple:
    input: ../data/assessing_models_simulation/datasets/multiple_GenerationMixturefewersignaturespairedstomachPCAWG_100_200_80_4_-10_NA_NA_NA_dataset14.RDS
    output: ../data/assessing_models_simulation/inference_results/TMB/nlminb/multiple_GenerationMixturefewersignaturespairedstomachPCAWG_100_200_80_4_-10_fullREDMsinglelambda_NA_NA_NA_dataset14.RDS
    log: logs/inference/nlminb/simulation_GenerationMixturefewersignaturespairedstomachPCAWG_100_200_80_4_-10_ModelfullREDMsinglelambda_NA_NA_NA_dataset14.log
    jobid: 3585
    wildcards: optimiser=nlminb, datasetgeneration=GenerationMixturefewersignaturespairedstomachPCAWG, n=100, nlambda=200, lmbda=80, d=4, beta_intensity=-10, model=fullREDMsinglelambda, fixed_beta_intercept=NA, fixed_beta_slope=NA, sdRE_input=NA, itnum=14

Rscript 2_inference_TMB/run_TMB.R --input ../data/assessing_models_simulation/datasets/multiple_GenerationMixturefewersignaturespairedstomachPCAWG_100_200_80_4_-10_NA_NA_NA_dataset14.RDS --output ../data/assessing_models_simulation/inference_results/TMB/nlminb/multiple_GenerationMixturefewersignaturespairedstomachPCAWG_100_200_80_4_-10_fullREDMsinglelambda_NA_NA_NA_dataset14.RDS --model fullREDMsinglelambda --optimiser nlminb  --use_previous_run_startingvals T
[Fri Jan 14 04:30:11 2022]
Finished job 3585.
8 of 977 steps (0.82%) done

[Fri Jan 14 04:30:11 2022]
rule inference_simulation_TMB_multiple:
    input: ../data/assessing_models_simulation/datasets/multiple_GenerationMixturefewersignaturespairedstomachPCAWG_100_200_80_4_-10_NA_NA_NA_dataset14.RDS
    output: ../data/assessing_models_simulation/inference_results/TMB/nlminb/multiple_GenerationMixturefewersignaturespairedstomachPCAWG_100_200_80_4_-10_fullREM_NA_NA_NA_dataset14.RDS
    log: logs/inference/nlminb/simulation_GenerationMixturefewersignaturespairedstomachPCAWG_100_200_80_4_-10_ModelfullREM_NA_NA_NA_dataset14.log
    jobid: 2925
    wildcards: optimiser=nlminb, datasetgeneration=GenerationMixturefewersignaturespairedstomachPCAWG, n=100, nlambda=200, lmbda=80, d=4, beta_intensity=-10, model=fullREM, fixed_beta_intercept=NA, fixed_beta_slope=NA, sdRE_input=NA, itnum=14

Rscript 2_inference_TMB/run_TMB.R --input ../data/assessing_models_simulation/datasets/multiple_GenerationMixturefewersignaturespairedstomachPCAWG_100_200_80_4_-10_NA_NA_NA_dataset14.RDS --output ../data/assessing_models_simulation/inference_results/TMB/nlminb/multiple_GenerationMixturefewersignaturespairedstomachPCAWG_100_200_80_4_-10_fullREM_NA_NA_NA_dataset14.RDS --model fullREM --optimiser nlminb  --use_previous_run_startingvals T
[Fri Jan 14 04:30:15 2022]
Finished job 2925.
9 of 977 steps (0.92%) done

[Fri Jan 14 04:30:15 2022]
rule inference_simulation_TMB_multiple:
    input: ../data/assessing_models_simulation/datasets/multiple_GenerationMixturefewersignaturespairedstomachPCAWG_100_200_80_4_-10_NA_NA_NA_dataset14.RDS
    output: ../data/assessing_models_simulation/inference_results/TMB/nlminb/multiple_GenerationMixturefewersignaturespairedstomachPCAWG_100_200_80_4_-10_diagREDMsinglelambda_NA_NA_NA_dataset14.RDS
    log: logs/inference/nlminb/simulation_GenerationMixturefewersignaturespairedstomachPCAWG_100_200_80_4_-10_ModeldiagREDMsinglelambda_NA_NA_NA_dataset14.log
    jobid: 4245
    wildcards: optimiser=nlminb, datasetgeneration=GenerationMixturefewersignaturespairedstomachPCAWG, n=100, nlambda=200, lmbda=80, d=4, beta_intensity=-10, model=diagREDMsinglelambda, fixed_beta_intercept=NA, fixed_beta_slope=NA, sdRE_input=NA, itnum=14

Rscript 2_inference_TMB/run_TMB.R --input ../data/assessing_models_simulation/datasets/multiple_GenerationMixturefewersignaturespairedstomachPCAWG_100_200_80_4_-10_NA_NA_NA_dataset14.RDS --output ../data/assessing_models_simulation/inference_results/TMB/nlminb/multiple_GenerationMixturefewersignaturespairedstomachPCAWG_100_200_80_4_-10_diagREDMsinglelambda_NA_NA_NA_dataset14.RDS --model diagREDMsinglelambda --optimiser nlminb  --use_previous_run_startingvals T
[Fri Jan 14 04:30:21 2022]
Finished job 4245.
10 of 977 steps (1%) done

[Fri Jan 14 04:30:21 2022]
rule inference_simulation_TMB_multiple:
    input: ../data/assessing_models_simulation/datasets/multiple_GenerationMixturefewersignaturespairedstomachPCAWG_100_200_80_4_-10_NA_NA_NA_dataset14.RDS
    output: ../data/assessing_models_simulation/inference_results/TMB/nlminb/multiple_GenerationMixturefewersignaturespairedstomachPCAWG_100_200_80_4_-10_diagREDM_NA_NA_NA_dataset14.RDS
    log: logs/inference/nlminb/simulation_GenerationMixturefewersignaturespairedstomachPCAWG_100_200_80_4_-10_ModeldiagREDM_NA_NA_NA_dataset14.log
    jobid: 4905
    wildcards: optimiser=nlminb, datasetgeneration=GenerationMixturefewersignaturespairedstomachPCAWG, n=100, nlambda=200, lmbda=80, d=4, beta_intensity=-10, model=diagREDM, fixed_beta_intercept=NA, fixed_beta_slope=NA, sdRE_input=NA, itnum=14

Rscript 2_inference_TMB/run_TMB.R --input ../data/assessing_models_simulation/datasets/multiple_GenerationMixturefewersignaturespairedstomachPCAWG_100_200_80_4_-10_NA_NA_NA_dataset14.RDS --output ../data/assessing_models_simulation/inference_results/TMB/nlminb/multiple_GenerationMixturefewersignaturespairedstomachPCAWG_100_200_80_4_-10_diagREDM_NA_NA_NA_dataset14.RDS --model diagREDM --optimiser nlminb  --use_previous_run_startingvals T
[Fri Jan 14 04:30:29 2022]
Finished job 4905.
11 of 977 steps (1%) done

[Fri Jan 14 04:30:29 2022]
rule simulate_for_comparison_multiple:
    input: ../data/assessing_models_simulation/GenerationMixturefewersignaturespairedstomachPCAWG
    output: ../data/assessing_models_simulation/datasets/multiple_GenerationMixturefewersignaturespairedstomachPCAWG_100_200_80_4_-8_NA_NA_NA_dataset0.RDS
    jobid: 6231
    wildcards: datasetgeneration=GenerationMixturefewersignaturespairedstomachPCAWG, n=100, nlambda=200, lmbda=80, d=4, beta_intensity=-8, fixed_beta_intercept=NA, fixed_beta_slope=NA, sdRE_input=NA, itnum=0

Rscript --vanilla 3_analysis/simulation_model_assessment/generate_datasets_simulations/GenerationMixturefewersignaturespairedstomachPCAWG.R --input ../data/assessing_models_simulation/GenerationMixturefewersignaturespairedstomachPCAWG --d 4 --n 100 --nlambda 200 --lambda 80 --beta_gamma_shape -8 --outfile ../data/assessing_models_simulation/datasets/multiple_GenerationMixturefewersignaturespairedstomachPCAWG_100_200_80_4_-8_NA_NA_NA_dataset0.RDS --beta_intercept_input NA --beta_slope_input NA --sdRE_input NA
[Fri Jan 14 04:30:29 2022]
Finished job 6231.
12 of 977 steps (1%) done

[Fri Jan 14 04:30:29 2022]
rule inference_simulation_TMB_multiple:
    input: ../data/assessing_models_simulation/datasets/multiple_GenerationMixturefewersignaturespairedstomachPCAWG_100_200_80_4_-8_NA_NA_NA_dataset0.RDS
    output: ../data/assessing_models_simulation/inference_results/TMB/nlminb/multiple_GenerationMixturefewersignaturespairedstomachPCAWG_100_200_80_4_-8_fullREDMsinglelambda_NA_NA_NA_dataset0.RDS
    log: logs/inference/nlminb/simulation_GenerationMixturefewersignaturespairedstomachPCAWG_100_200_80_4_-8_ModelfullREDMsinglelambda_NA_NA_NA_dataset0.log
    jobid: 3591
    wildcards: optimiser=nlminb, datasetgeneration=GenerationMixturefewersignaturespairedstomachPCAWG, n=100, nlambda=200, lmbda=80, d=4, beta_intensity=-8, model=fullREDMsinglelambda, fixed_beta_intercept=NA, fixed_beta_slope=NA, sdRE_input=NA, itnum=0

Rscript 2_inference_TMB/run_TMB.R --input ../data/assessing_models_simulation/datasets/multiple_GenerationMixturefewersignaturespairedstomachPCAWG_100_200_80_4_-8_NA_NA_NA_dataset0.RDS --output ../data/assessing_models_simulation/inference_results/TMB/nlminb/multiple_GenerationMixturefewersignaturespairedstomachPCAWG_100_200_80_4_-8_fullREDMsinglelambda_NA_NA_NA_dataset0.RDS --model fullREDMsinglelambda --optimiser nlminb  --use_previous_run_startingvals T
[Fri Jan 14 04:30:39 2022]
Finished job 3591.
13 of 977 steps (1%) done

[Fri Jan 14 04:30:39 2022]
rule inference_simulation_TMB_multiple:
    input: ../data/assessing_models_simulation/datasets/multiple_GenerationMixturefewersignaturespairedstomachPCAWG_100_200_80_4_-8_NA_NA_NA_dataset0.RDS
    output: ../data/assessing_models_simulation/inference_results/TMB/nlminb/multiple_GenerationMixturefewersignaturespairedstomachPCAWG_100_200_80_4_-8_fullREM_NA_NA_NA_dataset0.RDS
    log: logs/inference/nlminb/simulation_GenerationMixturefewersignaturespairedstomachPCAWG_100_200_80_4_-8_ModelfullREM_NA_NA_NA_dataset0.log
    jobid: 2931
    wildcards: optimiser=nlminb, datasetgeneration=GenerationMixturefewersignaturespairedstomachPCAWG, n=100, nlambda=200, lmbda=80, d=4, beta_intensity=-8, model=fullREM, fixed_beta_intercept=NA, fixed_beta_slope=NA, sdRE_input=NA, itnum=0

Rscript 2_inference_TMB/run_TMB.R --input ../data/assessing_models_simulation/datasets/multiple_GenerationMixturefewersignaturespairedstomachPCAWG_100_200_80_4_-8_NA_NA_NA_dataset0.RDS --output ../data/assessing_models_simulation/inference_results/TMB/nlminb/multiple_GenerationMixturefewersignaturespairedstomachPCAWG_100_200_80_4_-8_fullREM_NA_NA_NA_dataset0.RDS --model fullREM --optimiser nlminb  --use_previous_run_startingvals T
[Fri Jan 14 04:30:42 2022]
Finished job 2931.
14 of 977 steps (1%) done

[Fri Jan 14 04:30:43 2022]
rule inference_simulation_TMB_multiple:
    input: ../data/assessing_models_simulation/datasets/multiple_GenerationMixturefewersignaturespairedstomachPCAWG_100_200_80_4_-8_NA_NA_NA_dataset0.RDS
    output: ../data/assessing_models_simulation/inference_results/TMB/nlminb/multiple_GenerationMixturefewersignaturespairedstomachPCAWG_100_200_80_4_-8_diagREDMsinglelambda_NA_NA_NA_dataset0.RDS
    log: logs/inference/nlminb/simulation_GenerationMixturefewersignaturespairedstomachPCAWG_100_200_80_4_-8_ModeldiagREDMsinglelambda_NA_NA_NA_dataset0.log
    jobid: 4251
    wildcards: optimiser=nlminb, datasetgeneration=GenerationMixturefewersignaturespairedstomachPCAWG, n=100, nlambda=200, lmbda=80, d=4, beta_intensity=-8, model=diagREDMsinglelambda, fixed_beta_intercept=NA, fixed_beta_slope=NA, sdRE_input=NA, itnum=0

Rscript 2_inference_TMB/run_TMB.R --input ../data/assessing_models_simulation/datasets/multiple_GenerationMixturefewersignaturespairedstomachPCAWG_100_200_80_4_-8_NA_NA_NA_dataset0.RDS --output ../data/assessing_models_simulation/inference_results/TMB/nlminb/multiple_GenerationMixturefewersignaturespairedstomachPCAWG_100_200_80_4_-8_diagREDMsinglelambda_NA_NA_NA_dataset0.RDS --model diagREDMsinglelambda --optimiser nlminb  --use_previous_run_startingvals T
[Fri Jan 14 04:30:49 2022]
Finished job 4251.
15 of 977 steps (2%) done

[Fri Jan 14 04:30:49 2022]
rule inference_simulation_TMB_multiple:
    input: ../data/assessing_models_simulation/datasets/multiple_GenerationMixturefewersignaturespairedstomachPCAWG_100_200_80_4_-8_NA_NA_NA_dataset0.RDS
    output: ../data/assessing_models_simulation/inference_results/TMB/nlminb/multiple_GenerationMixturefewersignaturespairedstomachPCAWG_100_200_80_4_-8_diagREDM_NA_NA_NA_dataset0.RDS
    log: logs/inference/nlminb/simulation_GenerationMixturefewersignaturespairedstomachPCAWG_100_200_80_4_-8_ModeldiagREDM_NA_NA_NA_dataset0.log
    jobid: 4911
    wildcards: optimiser=nlminb, datasetgeneration=GenerationMixturefewersignaturespairedstomachPCAWG, n=100, nlambda=200, lmbda=80, d=4, beta_intensity=-8, model=diagREDM, fixed_beta_intercept=NA, fixed_beta_slope=NA, sdRE_input=NA, itnum=0

Rscript 2_inference_TMB/run_TMB.R --input ../data/assessing_models_simulation/datasets/multiple_GenerationMixturefewersignaturespairedstomachPCAWG_100_200_80_4_-8_NA_NA_NA_dataset0.RDS --output ../data/assessing_models_simulation/inference_results/TMB/nlminb/multiple_GenerationMixturefewersignaturespairedstomachPCAWG_100_200_80_4_-8_diagREDM_NA_NA_NA_dataset0.RDS --model diagREDM --optimiser nlminb  --use_previous_run_startingvals T
[Fri Jan 14 04:30:57 2022]
Error in rule inference_simulation_TMB_multiple:
    jobid: 4911
    output: ../data/assessing_models_simulation/inference_results/TMB/nlminb/multiple_GenerationMixturefewersignaturespairedstomachPCAWG_100_200_80_4_-8_diagREDM_NA_NA_NA_dataset0.RDS
    log: logs/inference/nlminb/simulation_GenerationMixturefewersignaturespairedstomachPCAWG_100_200_80_4_-8_ModeldiagREDM_NA_NA_NA_dataset0.log (check log file(s) for error message)
    shell:
        Rscript 2_inference_TMB/run_TMB.R --input ../data/assessing_models_simulation/datasets/multiple_GenerationMixturefewersignaturespairedstomachPCAWG_100_200_80_4_-8_NA_NA_NA_dataset0.RDS --output ../data/assessing_models_simulation/inference_results/TMB/nlminb/multiple_GenerationMixturefewersignaturespairedstomachPCAWG_100_200_80_4_-8_diagREDM_NA_NA_NA_dataset0.RDS --model diagREDM --optimiser nlminb  --use_previous_run_startingvals T

Shutting down, this might take some time.
Exiting because a job execution failed. Look above for error message
Complete log: /Users/morril01/Documents/PhD/GlobalDA/code/.snakemake/log/2022-01-14T042925.096720.snakemake.log
