Building DAG of jobs...
Using shell: /usr/local/bin/bash
Provided cores: 1
Rules claiming more threads will be scaled down.
Job counts:
	count	jobs
	1	all
	4	analyse_simulation_TMB_multiple
	1	analyse_simulation_TMB_multiple_integrate
	123	inference_simulation_TMB_multiple
	30	simulate_for_comparison_multiple
	159

[Tue Feb  1 08:15:16 2022]
rule inference_simulation_TMB_multiple:
    input: ../data/assessing_models_simulation/datasets/multiple_GenerationMixturefewersmallsignaturespairedKidneyRCCPCAWG_200_200_80_4_-4_NA_NA_NA_dataset4.RDS
    output: ../data/assessing_models_simulation/inference_results/TMB/nlminb/multiple_GenerationMixturefewersmallsignaturespairedKidneyRCCPCAWG_200_200_80_4_-4_fullREDMsinglelambda_NA_NA_NA_dataset4.RDS
    log: logs/inference/nlminb/simulation_GenerationMixturefewersmallsignaturespairedKidneyRCCPCAWG_200_200_80_4_-4_ModelfullREDMsinglelambda_NA_NA_NA_dataset4.log
    jobid: 1190
    wildcards: optimiser=nlminb, datasetgeneration=GenerationMixturefewersmallsignaturespairedKidneyRCCPCAWG, n=200, nlambda=200, lmbda=80, d=4, beta_intensity=-4, model=fullREDMsinglelambda, fixed_beta_intercept=NA, fixed_beta_slope=NA, sdRE_input=NA, itnum=4

Rscript 2_inference_TMB/run_TMB.R --input ../data/assessing_models_simulation/datasets/multiple_GenerationMixturefewersmallsignaturespairedKidneyRCCPCAWG_200_200_80_4_-4_NA_NA_NA_dataset4.RDS --output ../data/assessing_models_simulation/inference_results/TMB/nlminb/multiple_GenerationMixturefewersmallsignaturespairedKidneyRCCPCAWG_200_200_80_4_-4_fullREDMsinglelambda_NA_NA_NA_dataset4.RDS --model fullREDMsinglelambda --optimiser nlminb  --use_previous_run_startingvals T
[Tue Feb  1 08:15:32 2022]
Finished job 1190.
1 of 159 steps (0.63%) done

[Tue Feb  1 08:15:32 2022]
rule inference_simulation_TMB_multiple:
    input: ../data/assessing_models_simulation/datasets/multiple_GenerationMixturefewersmallsignaturespairedKidneyRCCPCAWG_200_200_80_4_-4_NA_NA_NA_dataset4.RDS
    output: ../data/assessing_models_simulation/inference_results/TMB/nlminb/multiple_GenerationMixturefewersmallsignaturespairedKidneyRCCPCAWG_200_200_80_4_-4_diagREDMsinglelambda_NA_NA_NA_dataset4.RDS
    log: logs/inference/nlminb/simulation_GenerationMixturefewersmallsignaturespairedKidneyRCCPCAWG_200_200_80_4_-4_ModeldiagREDMsinglelambda_NA_NA_NA_dataset4.log
    jobid: 1850
    wildcards: optimiser=nlminb, datasetgeneration=GenerationMixturefewersmallsignaturespairedKidneyRCCPCAWG, n=200, nlambda=200, lmbda=80, d=4, beta_intensity=-4, model=diagREDMsinglelambda, fixed_beta_intercept=NA, fixed_beta_slope=NA, sdRE_input=NA, itnum=4

Rscript 2_inference_TMB/run_TMB.R --input ../data/assessing_models_simulation/datasets/multiple_GenerationMixturefewersmallsignaturespairedKidneyRCCPCAWG_200_200_80_4_-4_NA_NA_NA_dataset4.RDS --output ../data/assessing_models_simulation/inference_results/TMB/nlminb/multiple_GenerationMixturefewersmallsignaturespairedKidneyRCCPCAWG_200_200_80_4_-4_diagREDMsinglelambda_NA_NA_NA_dataset4.RDS --model diagREDMsinglelambda --optimiser nlminb  --use_previous_run_startingvals T
[Tue Feb  1 08:15:43 2022]
Finished job 1850.
2 of 159 steps (1%) done

[Tue Feb  1 08:15:43 2022]
rule inference_simulation_TMB_multiple:
    input: ../data/assessing_models_simulation/datasets/multiple_GenerationMixturefewersmallsignaturespairedKidneyRCCPCAWG_200_200_80_4_-4_NA_NA_NA_dataset4.RDS
    output: ../data/assessing_models_simulation/inference_results/TMB/nlminb/multiple_GenerationMixturefewersmallsignaturespairedKidneyRCCPCAWG_200_200_80_4_-4_diagREDM_NA_NA_NA_dataset4.RDS
    log: logs/inference/nlminb/simulation_GenerationMixturefewersmallsignaturespairedKidneyRCCPCAWG_200_200_80_4_-4_ModeldiagREDM_NA_NA_NA_dataset4.log
    jobid: 2510
    wildcards: optimiser=nlminb, datasetgeneration=GenerationMixturefewersmallsignaturespairedKidneyRCCPCAWG, n=200, nlambda=200, lmbda=80, d=4, beta_intensity=-4, model=diagREDM, fixed_beta_intercept=NA, fixed_beta_slope=NA, sdRE_input=NA, itnum=4

Rscript 2_inference_TMB/run_TMB.R --input ../data/assessing_models_simulation/datasets/multiple_GenerationMixturefewersmallsignaturespairedKidneyRCCPCAWG_200_200_80_4_-4_NA_NA_NA_dataset4.RDS --output ../data/assessing_models_simulation/inference_results/TMB/nlminb/multiple_GenerationMixturefewersmallsignaturespairedKidneyRCCPCAWG_200_200_80_4_-4_diagREDM_NA_NA_NA_dataset4.RDS --model diagREDM --optimiser nlminb  --use_previous_run_startingvals T
[Tue Feb  1 08:16:00 2022]
Finished job 2510.
3 of 159 steps (2%) done

[Tue Feb  1 08:16:00 2022]
rule simulate_for_comparison_multiple:
    input: ../data/assessing_models_simulation/GenerationMixturefewersmallsignaturespairedKidneyRCCPCAWG
    output: ../data/assessing_models_simulation/datasets/multiple_GenerationMixturefewersmallsignaturespairedKidneyRCCPCAWG_50_200_80_4_12_NA_NA_NA_dataset10.RDS
    jobid: 2856
    wildcards: datasetgeneration=GenerationMixturefewersmallsignaturespairedKidneyRCCPCAWG, n=50, nlambda=200, lmbda=80, d=4, beta_intensity=12, fixed_beta_intercept=NA, fixed_beta_slope=NA, sdRE_input=NA, itnum=10

Rscript --vanilla 3_analysis/simulation_model_assessment/generate_datasets_simulations/GenerationMixturefewersmallsignaturespairedKidneyRCCPCAWG.R --input ../data/assessing_models_simulation/GenerationMixturefewersmallsignaturespairedKidneyRCCPCAWG --d 4 --n 50 --nlambda 200 --lambda 80 --beta_gamma_shape 12 --outfile ../data/assessing_models_simulation/datasets/multiple_GenerationMixturefewersmallsignaturespairedKidneyRCCPCAWG_50_200_80_4_12_NA_NA_NA_dataset10.RDS --beta_intercept_input NA --beta_slope_input NA --sdRE_input NA
[Tue Feb  1 08:16:01 2022]
Finished job 2856.
4 of 159 steps (3%) done

[Tue Feb  1 08:16:01 2022]
rule inference_simulation_TMB_multiple:
    input: ../data/assessing_models_simulation/datasets/multiple_GenerationMixturefewersmallsignaturespairedKidneyRCCPCAWG_50_200_80_4_12_NA_NA_NA_dataset10.RDS
    output: ../data/assessing_models_simulation/inference_results/TMB/nlminb/multiple_GenerationMixturefewersmallsignaturespairedKidneyRCCPCAWG_50_200_80_4_12_fullREDMsinglelambda_NA_NA_NA_dataset10.RDS
    log: logs/inference/nlminb/simulation_GenerationMixturefewersmallsignaturespairedKidneyRCCPCAWG_50_200_80_4_12_ModelfullREDMsinglelambda_NA_NA_NA_dataset10.log
    jobid: 876
    wildcards: optimiser=nlminb, datasetgeneration=GenerationMixturefewersmallsignaturespairedKidneyRCCPCAWG, n=50, nlambda=200, lmbda=80, d=4, beta_intensity=12, model=fullREDMsinglelambda, fixed_beta_intercept=NA, fixed_beta_slope=NA, sdRE_input=NA, itnum=10

Rscript 2_inference_TMB/run_TMB.R --input ../data/assessing_models_simulation/datasets/multiple_GenerationMixturefewersmallsignaturespairedKidneyRCCPCAWG_50_200_80_4_12_NA_NA_NA_dataset10.RDS --output ../data/assessing_models_simulation/inference_results/TMB/nlminb/multiple_GenerationMixturefewersmallsignaturespairedKidneyRCCPCAWG_50_200_80_4_12_fullREDMsinglelambda_NA_NA_NA_dataset10.RDS --model fullREDMsinglelambda --optimiser nlminb  --use_previous_run_startingvals T
[Tue Feb  1 08:16:06 2022]
Error in rule inference_simulation_TMB_multiple:
    jobid: 876
    output: ../data/assessing_models_simulation/inference_results/TMB/nlminb/multiple_GenerationMixturefewersmallsignaturespairedKidneyRCCPCAWG_50_200_80_4_12_fullREDMsinglelambda_NA_NA_NA_dataset10.RDS
    log: logs/inference/nlminb/simulation_GenerationMixturefewersmallsignaturespairedKidneyRCCPCAWG_50_200_80_4_12_ModelfullREDMsinglelambda_NA_NA_NA_dataset10.log (check log file(s) for error message)
    shell:
        Rscript 2_inference_TMB/run_TMB.R --input ../data/assessing_models_simulation/datasets/multiple_GenerationMixturefewersmallsignaturespairedKidneyRCCPCAWG_50_200_80_4_12_NA_NA_NA_dataset10.RDS --output ../data/assessing_models_simulation/inference_results/TMB/nlminb/multiple_GenerationMixturefewersmallsignaturespairedKidneyRCCPCAWG_50_200_80_4_12_fullREDMsinglelambda_NA_NA_NA_dataset10.RDS --model fullREDMsinglelambda --optimiser nlminb  --use_previous_run_startingvals T

Shutting down, this might take some time.
Exiting because a job execution failed. Look above for error message
Complete log: /Users/morril01/Documents/PhD/GlobalDA/code/.snakemake/log/2022-02-01T081506.370747.snakemake.log
