Building DAG of jobs...
Using shell: /usr/local/bin/bash
Provided cores: 1
Rules claiming more threads will be scaled down.
Job counts:
	count	jobs
	1	all
	4	analyse_simulation_TMB_multiple
	270	inference_simulation_TMB_multiple
	67	simulate_for_comparison_multiple
	342

[Fri Feb 18 03:31:28 2022]
rule inference_simulation_TMB_multiple:
    input: ../data/assessing_models_simulation/datasets/multiple_GenerationPois_100_100_80_5_0.3_NA_NA_NA_dataset4.RDS
    output: ../data/assessing_models_simulation/inference_results/TMB/nlminb/multiple_GenerationPois_100_100_80_5_0.3_fullREM_NA_NA_NA_dataset4.RDS
    log: logs/inference/nlminb/simulation_GenerationPois_100_100_80_5_0.3_ModelfullREM_NA_NA_NA_dataset4.log
    jobid: 285
    wildcards: optimiser=nlminb, datasetgeneration=GenerationPois, n=100, nlambda=100, lmbda=80, d=5, beta_intensity=0.3, model=fullREM, fixed_beta_intercept=NA, fixed_beta_slope=NA, sdRE_input=NA, itnum=4

Rscript 2_inference_TMB/run_TMB.R --input ../data/assessing_models_simulation/datasets/multiple_GenerationPois_100_100_80_5_0.3_NA_NA_NA_dataset4.RDS --output ../data/assessing_models_simulation/inference_results/TMB/nlminb/multiple_GenerationPois_100_100_80_5_0.3_fullREM_NA_NA_NA_dataset4.RDS --model fullREM --optimiser nlminb  --use_previous_run_startingvals T
[Fri Feb 18 03:31:36 2022]
Finished job 285.
1 of 342 steps (0.29%) done

[Fri Feb 18 03:31:36 2022]
rule inference_simulation_TMB_multiple:
    input: ../data/assessing_models_simulation/datasets/multiple_GenerationPois_100_100_80_5_0.3_NA_NA_NA_dataset4.RDS
    output: ../data/assessing_models_simulation/inference_results/TMB/nlminb/multiple_GenerationPois_100_100_80_5_0.3_diagREDM_NA_NA_NA_dataset4.RDS
    log: logs/inference/nlminb/simulation_GenerationPois_100_100_80_5_0.3_ModeldiagREDM_NA_NA_NA_dataset4.log
    jobid: 621
    wildcards: optimiser=nlminb, datasetgeneration=GenerationPois, n=100, nlambda=100, lmbda=80, d=5, beta_intensity=0.3, model=diagREDM, fixed_beta_intercept=NA, fixed_beta_slope=NA, sdRE_input=NA, itnum=4

Rscript 2_inference_TMB/run_TMB.R --input ../data/assessing_models_simulation/datasets/multiple_GenerationPois_100_100_80_5_0.3_NA_NA_NA_dataset4.RDS --output ../data/assessing_models_simulation/inference_results/TMB/nlminb/multiple_GenerationPois_100_100_80_5_0.3_diagREDM_NA_NA_NA_dataset4.RDS --model diagREDM --optimiser nlminb  --use_previous_run_startingvals T
[Fri Feb 18 03:31:58 2022]
Finished job 621.
2 of 342 steps (0.58%) done

[Fri Feb 18 03:31:58 2022]
rule simulate_for_comparison_multiple:
    input: ../data/assessing_models_simulation/GenerationPois
    output: ../data/assessing_models_simulation/datasets/multiple_GenerationPois_100_100_80_3_0.01_NA_NA_NA_dataset5.RDS
    jobid: 1528
    wildcards: datasetgeneration=GenerationPois, n=100, nlambda=100, lmbda=80, d=3, beta_intensity=0.01, fixed_beta_intercept=NA, fixed_beta_slope=NA, sdRE_input=NA, itnum=5

Rscript --vanilla 3_analysis/simulation_model_assessment/generate_datasets_simulations/GenerationPois.R --input ../data/assessing_models_simulation/GenerationPois --d 3 --n 100 --nlambda 100 --lambda 80 --beta_gamma_shape 0.01 --outfile ../data/assessing_models_simulation/datasets/multiple_GenerationPois_100_100_80_3_0.01_NA_NA_NA_dataset5.RDS --beta_intercept_input NA --beta_slope_input NA --sdRE_input NA
[Fri Feb 18 03:31:58 2022]
Finished job 1528.
3 of 342 steps (0.88%) done

[Fri Feb 18 03:31:58 2022]
rule inference_simulation_TMB_multiple:
    input: ../data/assessing_models_simulation/datasets/multiple_GenerationPois_100_100_80_3_0.01_NA_NA_NA_dataset5.RDS
    output: ../data/assessing_models_simulation/inference_results/TMB/nlminb/multiple_GenerationPois_100_100_80_3_0.01_fullREDMsinglelambda_NA_NA_NA_dataset5.RDS
    log: logs/inference/nlminb/simulation_GenerationPois_100_100_80_3_0.01_ModelfullREDMsinglelambda_NA_NA_NA_dataset5.log
    jobid: 856
    wildcards: optimiser=nlminb, datasetgeneration=GenerationPois, n=100, nlambda=100, lmbda=80, d=3, beta_intensity=0.01, model=fullREDMsinglelambda, fixed_beta_intercept=NA, fixed_beta_slope=NA, sdRE_input=NA, itnum=5

Rscript 2_inference_TMB/run_TMB.R --input ../data/assessing_models_simulation/datasets/multiple_GenerationPois_100_100_80_3_0.01_NA_NA_NA_dataset5.RDS --output ../data/assessing_models_simulation/inference_results/TMB/nlminb/multiple_GenerationPois_100_100_80_3_0.01_fullREDMsinglelambda_NA_NA_NA_dataset5.RDS --model fullREDMsinglelambda --optimiser nlminb  --use_previous_run_startingvals T
[Fri Feb 18 03:32:08 2022]
Finished job 856.
4 of 342 steps (1%) done

[Fri Feb 18 03:32:08 2022]
rule inference_simulation_TMB_multiple:
    input: ../data/assessing_models_simulation/datasets/multiple_GenerationPois_100_100_80_3_0.01_NA_NA_NA_dataset5.RDS
    output: ../data/assessing_models_simulation/inference_results/TMB/nlminb/multiple_GenerationPois_100_100_80_3_0.01_diagREDM_NA_NA_NA_dataset5.RDS
    log: logs/inference/nlminb/simulation_GenerationPois_100_100_80_3_0.01_ModeldiagREDM_NA_NA_NA_dataset5.log
    jobid: 520
    wildcards: optimiser=nlminb, datasetgeneration=GenerationPois, n=100, nlambda=100, lmbda=80, d=3, beta_intensity=0.01, model=diagREDM, fixed_beta_intercept=NA, fixed_beta_slope=NA, sdRE_input=NA, itnum=5

Rscript 2_inference_TMB/run_TMB.R --input ../data/assessing_models_simulation/datasets/multiple_GenerationPois_100_100_80_3_0.01_NA_NA_NA_dataset5.RDS --output ../data/assessing_models_simulation/inference_results/TMB/nlminb/multiple_GenerationPois_100_100_80_3_0.01_diagREDM_NA_NA_NA_dataset5.RDS --model diagREDM --optimiser nlminb  --use_previous_run_startingvals T
[Fri Feb 18 03:32:17 2022]
Finished job 520.
5 of 342 steps (1%) done

[Fri Feb 18 03:32:17 2022]
rule inference_simulation_TMB_multiple:
    input: ../data/assessing_models_simulation/datasets/multiple_GenerationPois_100_100_80_3_0.01_NA_NA_NA_dataset5.RDS
    output: ../data/assessing_models_simulation/inference_results/TMB/nlminb/multiple_GenerationPois_100_100_80_3_0.01_diagREDMsinglelambda_NA_NA_NA_dataset5.RDS
    log: logs/inference/nlminb/simulation_GenerationPois_100_100_80_3_0.01_ModeldiagREDMsinglelambda_NA_NA_NA_dataset5.log
    jobid: 1192
    wildcards: optimiser=nlminb, datasetgeneration=GenerationPois, n=100, nlambda=100, lmbda=80, d=3, beta_intensity=0.01, model=diagREDMsinglelambda, fixed_beta_intercept=NA, fixed_beta_slope=NA, sdRE_input=NA, itnum=5

Rscript 2_inference_TMB/run_TMB.R --input ../data/assessing_models_simulation/datasets/multiple_GenerationPois_100_100_80_3_0.01_NA_NA_NA_dataset5.RDS --output ../data/assessing_models_simulation/inference_results/TMB/nlminb/multiple_GenerationPois_100_100_80_3_0.01_diagREDMsinglelambda_NA_NA_NA_dataset5.RDS --model diagREDMsinglelambda --optimiser nlminb  --use_previous_run_startingvals T
[Fri Feb 18 03:32:26 2022]
Finished job 1192.
6 of 342 steps (2%) done

[Fri Feb 18 03:32:26 2022]
rule inference_simulation_TMB_multiple:
    input: ../data/assessing_models_simulation/datasets/multiple_GenerationPois_100_100_80_3_0.01_NA_NA_NA_dataset5.RDS
    output: ../data/assessing_models_simulation/inference_results/TMB/nlminb/multiple_GenerationPois_100_100_80_3_0.01_fullREM_NA_NA_NA_dataset5.RDS
    log: logs/inference/nlminb/simulation_GenerationPois_100_100_80_3_0.01_ModelfullREM_NA_NA_NA_dataset5.log
    jobid: 184
    wildcards: optimiser=nlminb, datasetgeneration=GenerationPois, n=100, nlambda=100, lmbda=80, d=3, beta_intensity=0.01, model=fullREM, fixed_beta_intercept=NA, fixed_beta_slope=NA, sdRE_input=NA, itnum=5

Rscript 2_inference_TMB/run_TMB.R --input ../data/assessing_models_simulation/datasets/multiple_GenerationPois_100_100_80_3_0.01_NA_NA_NA_dataset5.RDS --output ../data/assessing_models_simulation/inference_results/TMB/nlminb/multiple_GenerationPois_100_100_80_3_0.01_fullREM_NA_NA_NA_dataset5.RDS --model fullREM --optimiser nlminb  --use_previous_run_startingvals T
[Fri Feb 18 03:32:30 2022]
Finished job 184.
7 of 342 steps (2%) done

[Fri Feb 18 03:32:30 2022]
rule simulate_for_comparison_multiple:
    input: ../data/assessing_models_simulation/GenerationPois
    output: ../data/assessing_models_simulation/datasets/multiple_GenerationPois_100_100_80_5_0.01_NA_NA_NA_dataset3.RDS
    jobid: 1610
    wildcards: datasetgeneration=GenerationPois, n=100, nlambda=100, lmbda=80, d=5, beta_intensity=0.01, fixed_beta_intercept=NA, fixed_beta_slope=NA, sdRE_input=NA, itnum=3

Rscript --vanilla 3_analysis/simulation_model_assessment/generate_datasets_simulations/GenerationPois.R --input ../data/assessing_models_simulation/GenerationPois --d 5 --n 100 --nlambda 100 --lambda 80 --beta_gamma_shape 0.01 --outfile ../data/assessing_models_simulation/datasets/multiple_GenerationPois_100_100_80_5_0.01_NA_NA_NA_dataset3.RDS --beta_intercept_input NA --beta_slope_input NA --sdRE_input NA
[Fri Feb 18 03:32:30 2022]
Finished job 1610.
8 of 342 steps (2%) done

[Fri Feb 18 03:32:30 2022]
rule inference_simulation_TMB_multiple:
    input: ../data/assessing_models_simulation/datasets/multiple_GenerationPois_100_100_80_5_0.01_NA_NA_NA_dataset3.RDS
    output: ../data/assessing_models_simulation/inference_results/TMB/nlminb/multiple_GenerationPois_100_100_80_5_0.01_fullREDMsinglelambda_NA_NA_NA_dataset3.RDS
    log: logs/inference/nlminb/simulation_GenerationPois_100_100_80_5_0.01_ModelfullREDMsinglelambda_NA_NA_NA_dataset3.log
    jobid: 938
    wildcards: optimiser=nlminb, datasetgeneration=GenerationPois, n=100, nlambda=100, lmbda=80, d=5, beta_intensity=0.01, model=fullREDMsinglelambda, fixed_beta_intercept=NA, fixed_beta_slope=NA, sdRE_input=NA, itnum=3

Rscript 2_inference_TMB/run_TMB.R --input ../data/assessing_models_simulation/datasets/multiple_GenerationPois_100_100_80_5_0.01_NA_NA_NA_dataset3.RDS --output ../data/assessing_models_simulation/inference_results/TMB/nlminb/multiple_GenerationPois_100_100_80_5_0.01_fullREDMsinglelambda_NA_NA_NA_dataset3.RDS --model fullREDMsinglelambda --optimiser nlminb  --use_previous_run_startingvals T
[Fri Feb 18 03:32:55 2022]
Finished job 938.
9 of 342 steps (3%) done

[Fri Feb 18 03:32:55 2022]
rule inference_simulation_TMB_multiple:
    input: ../data/assessing_models_simulation/datasets/multiple_GenerationPois_100_100_80_5_0.01_NA_NA_NA_dataset3.RDS
    output: ../data/assessing_models_simulation/inference_results/TMB/nlminb/multiple_GenerationPois_100_100_80_5_0.01_diagREDM_NA_NA_NA_dataset3.RDS
    log: logs/inference/nlminb/simulation_GenerationPois_100_100_80_5_0.01_ModeldiagREDM_NA_NA_NA_dataset3.log
    jobid: 602
    wildcards: optimiser=nlminb, datasetgeneration=GenerationPois, n=100, nlambda=100, lmbda=80, d=5, beta_intensity=0.01, model=diagREDM, fixed_beta_intercept=NA, fixed_beta_slope=NA, sdRE_input=NA, itnum=3

Rscript 2_inference_TMB/run_TMB.R --input ../data/assessing_models_simulation/datasets/multiple_GenerationPois_100_100_80_5_0.01_NA_NA_NA_dataset3.RDS --output ../data/assessing_models_simulation/inference_results/TMB/nlminb/multiple_GenerationPois_100_100_80_5_0.01_diagREDM_NA_NA_NA_dataset3.RDS --model diagREDM --optimiser nlminb  --use_previous_run_startingvals T
[Fri Feb 18 03:33:22 2022]
Error in rule inference_simulation_TMB_multiple:
    jobid: 602
    output: ../data/assessing_models_simulation/inference_results/TMB/nlminb/multiple_GenerationPois_100_100_80_5_0.01_diagREDM_NA_NA_NA_dataset3.RDS
    log: logs/inference/nlminb/simulation_GenerationPois_100_100_80_5_0.01_ModeldiagREDM_NA_NA_NA_dataset3.log (check log file(s) for error message)
    shell:
        Rscript 2_inference_TMB/run_TMB.R --input ../data/assessing_models_simulation/datasets/multiple_GenerationPois_100_100_80_5_0.01_NA_NA_NA_dataset3.RDS --output ../data/assessing_models_simulation/inference_results/TMB/nlminb/multiple_GenerationPois_100_100_80_5_0.01_diagREDM_NA_NA_NA_dataset3.RDS --model diagREDM --optimiser nlminb  --use_previous_run_startingvals T

Shutting down, this might take some time.
Exiting because a job execution failed. Look above for error message
Complete log: /Users/morril01/Documents/PhD/GlobalDA/code/.snakemake/log/2022-02-18T033123.389168.snakemake.log
