Building DAG of jobs...
Using shell: /usr/local/bin/bash
Provided cores: 1
Rules claiming more threads will be scaled down.
Job counts:
	count	jobs
	1	all
	8	analyse_simulation_TMB_multiple
	2	analyse_simulation_TMB_multiple_integrate
	3410	inference_simulation_TMB_multiple
	852	simulate_for_comparison_multiple
	4273

[Tue Feb  8 00:52:59 2022]
rule inference_simulation_TMB_multiple:
    input: ../data/assessing_models_simulation/datasets/multiple_GenerationMixturefewersignaturespairedObsNmInvPCAWGColoRectAdenoCAPCAWG_100_200_80_4_-999_NA_NA_NA_dataset11.RDS
    output: ../data/assessing_models_simulation/inference_results/TMB/nlminb/multiple_GenerationMixturefewersignaturespairedObsNmInvPCAWGColoRectAdenoCAPCAWG_100_200_80_4_-999_diagREDM_NA_NA_NA_dataset11.RDS
    log: logs/inference/nlminb/simulation_GenerationMixturefewersignaturespairedObsNmInvPCAWGColoRectAdenoCAPCAWG_100_200_80_4_-999_ModeldiagREDM_NA_NA_NA_dataset11.log
    jobid: 2022
    wildcards: optimiser=nlminb, datasetgeneration=GenerationMixturefewersignaturespairedObsNmInvPCAWGColoRectAdenoCAPCAWG, n=100, nlambda=200, lmbda=80, d=4, beta_intensity=-999, model=diagREDM, fixed_beta_intercept=NA, fixed_beta_slope=NA, sdRE_input=NA, itnum=11

Rscript 2_inference_TMB/run_TMB.R --input ../data/assessing_models_simulation/datasets/multiple_GenerationMixturefewersignaturespairedObsNmInvPCAWGColoRectAdenoCAPCAWG_100_200_80_4_-999_NA_NA_NA_dataset11.RDS --output ../data/assessing_models_simulation/inference_results/TMB/nlminb/multiple_GenerationMixturefewersignaturespairedObsNmInvPCAWGColoRectAdenoCAPCAWG_100_200_80_4_-999_diagREDM_NA_NA_NA_dataset11.RDS --model diagREDM --optimiser nlminb  --use_previous_run_startingvals T
[Tue Feb  8 00:53:08 2022]
Finished job 2022.
1 of 4273 steps (0.02%) done

[Tue Feb  8 00:53:08 2022]
rule inference_simulation_TMB_multiple:
    input: ../data/assessing_models_simulation/datasets/multiple_GenerationMixturefewersignaturespairedObsNmInvPCAWGColoRectAdenoCAPCAWG_100_200_80_4_-999_NA_NA_NA_dataset11.RDS
    output: ../data/assessing_models_simulation/inference_results/TMB/nlminb/multiple_GenerationMixturefewersignaturespairedObsNmInvPCAWGColoRectAdenoCAPCAWG_100_200_80_4_-999_fullREDMsinglelambda_NA_NA_NA_dataset11.RDS
    log: logs/inference/nlminb/simulation_GenerationMixturefewersignaturespairedObsNmInvPCAWGColoRectAdenoCAPCAWG_100_200_80_4_-999_ModelfullREDMsinglelambda_NA_NA_NA_dataset11.log
    jobid: 822
    wildcards: optimiser=nlminb, datasetgeneration=GenerationMixturefewersignaturespairedObsNmInvPCAWGColoRectAdenoCAPCAWG, n=100, nlambda=200, lmbda=80, d=4, beta_intensity=-999, model=fullREDMsinglelambda, fixed_beta_intercept=NA, fixed_beta_slope=NA, sdRE_input=NA, itnum=11

Rscript 2_inference_TMB/run_TMB.R --input ../data/assessing_models_simulation/datasets/multiple_GenerationMixturefewersignaturespairedObsNmInvPCAWGColoRectAdenoCAPCAWG_100_200_80_4_-999_NA_NA_NA_dataset11.RDS --output ../data/assessing_models_simulation/inference_results/TMB/nlminb/multiple_GenerationMixturefewersignaturespairedObsNmInvPCAWGColoRectAdenoCAPCAWG_100_200_80_4_-999_fullREDMsinglelambda_NA_NA_NA_dataset11.RDS --model fullREDMsinglelambda --optimiser nlminb  --use_previous_run_startingvals T
[Tue Feb  8 00:53:21 2022]
Finished job 822.
2 of 4273 steps (0.05%) done

[Tue Feb  8 00:53:21 2022]
rule simulate_for_comparison_multiple:
    input: ../data/assessing_models_simulation/GenerationMixturefewersignaturespairedObsNmPoissonSigPCAWGColoRectAdenoCAPCAWG
    output: ../data/assessing_models_simulation/datasets/multiple_GenerationMixturefewersignaturespairedObsNmPoissonSigPCAWGColoRectAdenoCAPCAWG_50_200_80_4_-1_NA_NA_NA_dataset9.RDS
    jobid: 5540
    wildcards: datasetgeneration=GenerationMixturefewersignaturespairedObsNmPoissonSigPCAWGColoRectAdenoCAPCAWG, n=50, nlambda=200, lmbda=80, d=4, beta_intensity=-1, fixed_beta_intercept=NA, fixed_beta_slope=NA, sdRE_input=NA, itnum=9

Rscript --vanilla 3_analysis/simulation_model_assessment/generate_datasets_simulations/GenerationMixturefewersignaturespairedObsNmPoissonSigPCAWGColoRectAdenoCAPCAWG.R --input ../data/assessing_models_simulation/GenerationMixturefewersignaturespairedObsNmPoissonSigPCAWGColoRectAdenoCAPCAWG --d 4 --n 50 --nlambda 200 --lambda 80 --beta_gamma_shape -1 --outfile ../data/assessing_models_simulation/datasets/multiple_GenerationMixturefewersignaturespairedObsNmPoissonSigPCAWGColoRectAdenoCAPCAWG_50_200_80_4_-1_NA_NA_NA_dataset9.RDS --beta_intercept_input NA --beta_slope_input NA --sdRE_input NA
[Tue Feb  8 00:53:21 2022]
Finished job 5540.
3 of 4273 steps (0.07%) done

[Tue Feb  8 00:53:21 2022]
rule inference_simulation_TMB_multiple:
    input: ../data/assessing_models_simulation/datasets/multiple_GenerationMixturefewersignaturespairedObsNmPoissonSigPCAWGColoRectAdenoCAPCAWG_50_200_80_4_-1_NA_NA_NA_dataset9.RDS
    output: ../data/assessing_models_simulation/inference_results/TMB/nlminb/multiple_GenerationMixturefewersignaturespairedObsNmPoissonSigPCAWGColoRectAdenoCAPCAWG_50_200_80_4_-1_fullREM_NA_NA_NA_dataset9.RDS
    log: logs/inference/nlminb/simulation_GenerationMixturefewersignaturespairedObsNmPoissonSigPCAWGColoRectAdenoCAPCAWG_50_200_80_4_-1_ModelfullREM_NA_NA_NA_dataset9.log
    jobid: 2540
    wildcards: optimiser=nlminb, datasetgeneration=GenerationMixturefewersignaturespairedObsNmPoissonSigPCAWGColoRectAdenoCAPCAWG, n=50, nlambda=200, lmbda=80, d=4, beta_intensity=-1, model=fullREM, fixed_beta_intercept=NA, fixed_beta_slope=NA, sdRE_input=NA, itnum=9

Rscript 2_inference_TMB/run_TMB.R --input ../data/assessing_models_simulation/datasets/multiple_GenerationMixturefewersignaturespairedObsNmPoissonSigPCAWGColoRectAdenoCAPCAWG_50_200_80_4_-1_NA_NA_NA_dataset9.RDS --output ../data/assessing_models_simulation/inference_results/TMB/nlminb/multiple_GenerationMixturefewersignaturespairedObsNmPoissonSigPCAWGColoRectAdenoCAPCAWG_50_200_80_4_-1_fullREM_NA_NA_NA_dataset9.RDS --model fullREM --optimiser nlminb  --use_previous_run_startingvals T
[Tue Feb  8 00:53:25 2022]
Finished job 2540.
4 of 4273 steps (0.09%) done

[Tue Feb  8 00:53:25 2022]
rule inference_simulation_TMB_multiple:
    input: ../data/assessing_models_simulation/datasets/multiple_GenerationMixturefewersignaturespairedObsNmPoissonSigPCAWGColoRectAdenoCAPCAWG_50_200_80_4_-1_NA_NA_NA_dataset9.RDS
    output: ../data/assessing_models_simulation/inference_results/TMB/nlminb/multiple_GenerationMixturefewersignaturespairedObsNmPoissonSigPCAWGColoRectAdenoCAPCAWG_50_200_80_4_-1_diagREDMsinglelambda_NA_NA_NA_dataset9.RDS
    log: logs/inference/nlminb/simulation_GenerationMixturefewersignaturespairedObsNmPoissonSigPCAWGColoRectAdenoCAPCAWG_50_200_80_4_-1_ModeldiagREDMsinglelambda_NA_NA_NA_dataset9.log
    jobid: 3740
    wildcards: optimiser=nlminb, datasetgeneration=GenerationMixturefewersignaturespairedObsNmPoissonSigPCAWGColoRectAdenoCAPCAWG, n=50, nlambda=200, lmbda=80, d=4, beta_intensity=-1, model=diagREDMsinglelambda, fixed_beta_intercept=NA, fixed_beta_slope=NA, sdRE_input=NA, itnum=9

Rscript 2_inference_TMB/run_TMB.R --input ../data/assessing_models_simulation/datasets/multiple_GenerationMixturefewersignaturespairedObsNmPoissonSigPCAWGColoRectAdenoCAPCAWG_50_200_80_4_-1_NA_NA_NA_dataset9.RDS --output ../data/assessing_models_simulation/inference_results/TMB/nlminb/multiple_GenerationMixturefewersignaturespairedObsNmPoissonSigPCAWGColoRectAdenoCAPCAWG_50_200_80_4_-1_diagREDMsinglelambda_NA_NA_NA_dataset9.RDS --model diagREDMsinglelambda --optimiser nlminb  --use_previous_run_startingvals T
[Tue Feb  8 00:53:30 2022]
Finished job 3740.
5 of 4273 steps (0.12%) done

[Tue Feb  8 00:53:30 2022]
rule inference_simulation_TMB_multiple:
    input: ../data/assessing_models_simulation/datasets/multiple_GenerationMixturefewersignaturespairedObsNmPoissonSigPCAWGColoRectAdenoCAPCAWG_50_200_80_4_-1_NA_NA_NA_dataset9.RDS
    output: ../data/assessing_models_simulation/inference_results/TMB/nlminb/multiple_GenerationMixturefewersignaturespairedObsNmPoissonSigPCAWGColoRectAdenoCAPCAWG_50_200_80_4_-1_fullREDMsinglelambda_NA_NA_NA_dataset9.RDS
    log: logs/inference/nlminb/simulation_GenerationMixturefewersignaturespairedObsNmPoissonSigPCAWGColoRectAdenoCAPCAWG_50_200_80_4_-1_ModelfullREDMsinglelambda_NA_NA_NA_dataset9.log
    jobid: 3140
    wildcards: optimiser=nlminb, datasetgeneration=GenerationMixturefewersignaturespairedObsNmPoissonSigPCAWGColoRectAdenoCAPCAWG, n=50, nlambda=200, lmbda=80, d=4, beta_intensity=-1, model=fullREDMsinglelambda, fixed_beta_intercept=NA, fixed_beta_slope=NA, sdRE_input=NA, itnum=9

Rscript 2_inference_TMB/run_TMB.R --input ../data/assessing_models_simulation/datasets/multiple_GenerationMixturefewersignaturespairedObsNmPoissonSigPCAWGColoRectAdenoCAPCAWG_50_200_80_4_-1_NA_NA_NA_dataset9.RDS --output ../data/assessing_models_simulation/inference_results/TMB/nlminb/multiple_GenerationMixturefewersignaturespairedObsNmPoissonSigPCAWGColoRectAdenoCAPCAWG_50_200_80_4_-1_fullREDMsinglelambda_NA_NA_NA_dataset9.RDS --model fullREDMsinglelambda --optimiser nlminb  --use_previous_run_startingvals T
[Tue Feb  8 00:53:36 2022]
Finished job 3140.
6 of 4273 steps (0.14%) done

[Tue Feb  8 00:53:36 2022]
rule inference_simulation_TMB_multiple:
    input: ../data/assessing_models_simulation/datasets/multiple_GenerationMixturefewersignaturespairedObsNmPoissonSigPCAWGColoRectAdenoCAPCAWG_50_200_80_4_-1_NA_NA_NA_dataset9.RDS
    output: ../data/assessing_models_simulation/inference_results/TMB/nlminb/multiple_GenerationMixturefewersignaturespairedObsNmPoissonSigPCAWGColoRectAdenoCAPCAWG_50_200_80_4_-1_diagREDM_NA_NA_NA_dataset9.RDS
    log: logs/inference/nlminb/simulation_GenerationMixturefewersignaturespairedObsNmPoissonSigPCAWGColoRectAdenoCAPCAWG_50_200_80_4_-1_ModeldiagREDM_NA_NA_NA_dataset9.log
    jobid: 4340
    wildcards: optimiser=nlminb, datasetgeneration=GenerationMixturefewersignaturespairedObsNmPoissonSigPCAWGColoRectAdenoCAPCAWG, n=50, nlambda=200, lmbda=80, d=4, beta_intensity=-1, model=diagREDM, fixed_beta_intercept=NA, fixed_beta_slope=NA, sdRE_input=NA, itnum=9

Rscript 2_inference_TMB/run_TMB.R --input ../data/assessing_models_simulation/datasets/multiple_GenerationMixturefewersignaturespairedObsNmPoissonSigPCAWGColoRectAdenoCAPCAWG_50_200_80_4_-1_NA_NA_NA_dataset9.RDS --output ../data/assessing_models_simulation/inference_results/TMB/nlminb/multiple_GenerationMixturefewersignaturespairedObsNmPoissonSigPCAWGColoRectAdenoCAPCAWG_50_200_80_4_-1_diagREDM_NA_NA_NA_dataset9.RDS --model diagREDM --optimiser nlminb  --use_previous_run_startingvals T
[Tue Feb  8 00:53:41 2022]
Finished job 4340.
7 of 4273 steps (0.16%) done

[Tue Feb  8 00:53:41 2022]
rule simulate_for_comparison_multiple:
    input: ../data/assessing_models_simulation/GenerationMixturefewersignaturespairedObsNmInvPCAWGColoRectAdenoCAPCAWG
    output: ../data/assessing_models_simulation/datasets/multiple_GenerationMixturefewersignaturespairedObsNmInvPCAWGColoRectAdenoCAPCAWG_50_200_80_4_-4_NA_NA_NA_dataset7.RDS
    jobid: 4898
    wildcards: datasetgeneration=GenerationMixturefewersignaturespairedObsNmInvPCAWGColoRectAdenoCAPCAWG, n=50, nlambda=200, lmbda=80, d=4, beta_intensity=-4, fixed_beta_intercept=NA, fixed_beta_slope=NA, sdRE_input=NA, itnum=7

Rscript --vanilla 3_analysis/simulation_model_assessment/generate_datasets_simulations/GenerationMixturefewersignaturespairedObsNmInvPCAWGColoRectAdenoCAPCAWG.R --input ../data/assessing_models_simulation/GenerationMixturefewersignaturespairedObsNmInvPCAWGColoRectAdenoCAPCAWG --d 4 --n 50 --nlambda 200 --lambda 80 --beta_gamma_shape -4 --outfile ../data/assessing_models_simulation/datasets/multiple_GenerationMixturefewersignaturespairedObsNmInvPCAWGColoRectAdenoCAPCAWG_50_200_80_4_-4_NA_NA_NA_dataset7.RDS --beta_intercept_input NA --beta_slope_input NA --sdRE_input NA
[Tue Feb  8 00:53:41 2022]
Finished job 4898.
8 of 4273 steps (0.19%) done

[Tue Feb  8 00:53:41 2022]
rule inference_simulation_TMB_multiple:
    input: ../data/assessing_models_simulation/datasets/multiple_GenerationMixturefewersignaturespairedObsNmInvPCAWGColoRectAdenoCAPCAWG_50_200_80_4_-4_NA_NA_NA_dataset7.RDS
    output: ../data/assessing_models_simulation/inference_results/TMB/nlminb/multiple_GenerationMixturefewersignaturespairedObsNmInvPCAWGColoRectAdenoCAPCAWG_50_200_80_4_-4_fullREM_NA_NA_NA_dataset7.RDS
    log: logs/inference/nlminb/simulation_GenerationMixturefewersignaturespairedObsNmInvPCAWGColoRectAdenoCAPCAWG_50_200_80_4_-4_ModelfullREM_NA_NA_NA_dataset7.log
    jobid: 98
    wildcards: optimiser=nlminb, datasetgeneration=GenerationMixturefewersignaturespairedObsNmInvPCAWGColoRectAdenoCAPCAWG, n=50, nlambda=200, lmbda=80, d=4, beta_intensity=-4, model=fullREM, fixed_beta_intercept=NA, fixed_beta_slope=NA, sdRE_input=NA, itnum=7

Rscript 2_inference_TMB/run_TMB.R --input ../data/assessing_models_simulation/datasets/multiple_GenerationMixturefewersignaturespairedObsNmInvPCAWGColoRectAdenoCAPCAWG_50_200_80_4_-4_NA_NA_NA_dataset7.RDS --output ../data/assessing_models_simulation/inference_results/TMB/nlminb/multiple_GenerationMixturefewersignaturespairedObsNmInvPCAWGColoRectAdenoCAPCAWG_50_200_80_4_-4_fullREM_NA_NA_NA_dataset7.RDS --model fullREM --optimiser nlminb  --use_previous_run_startingvals T
[Tue Feb  8 00:53:44 2022]
Finished job 98.
9 of 4273 steps (0.21%) done

[Tue Feb  8 00:53:44 2022]
rule inference_simulation_TMB_multiple:
    input: ../data/assessing_models_simulation/datasets/multiple_GenerationMixturefewersignaturespairedObsNmInvPCAWGColoRectAdenoCAPCAWG_50_200_80_4_-4_NA_NA_NA_dataset7.RDS
    output: ../data/assessing_models_simulation/inference_results/TMB/nlminb/multiple_GenerationMixturefewersignaturespairedObsNmInvPCAWGColoRectAdenoCAPCAWG_50_200_80_4_-4_diagREDMsinglelambda_NA_NA_NA_dataset7.RDS
    log: logs/inference/nlminb/simulation_GenerationMixturefewersignaturespairedObsNmInvPCAWGColoRectAdenoCAPCAWG_50_200_80_4_-4_ModeldiagREDMsinglelambda_NA_NA_NA_dataset7.log
    jobid: 1298
    wildcards: optimiser=nlminb, datasetgeneration=GenerationMixturefewersignaturespairedObsNmInvPCAWGColoRectAdenoCAPCAWG, n=50, nlambda=200, lmbda=80, d=4, beta_intensity=-4, model=diagREDMsinglelambda, fixed_beta_intercept=NA, fixed_beta_slope=NA, sdRE_input=NA, itnum=7

Rscript 2_inference_TMB/run_TMB.R --input ../data/assessing_models_simulation/datasets/multiple_GenerationMixturefewersignaturespairedObsNmInvPCAWGColoRectAdenoCAPCAWG_50_200_80_4_-4_NA_NA_NA_dataset7.RDS --output ../data/assessing_models_simulation/inference_results/TMB/nlminb/multiple_GenerationMixturefewersignaturespairedObsNmInvPCAWGColoRectAdenoCAPCAWG_50_200_80_4_-4_diagREDMsinglelambda_NA_NA_NA_dataset7.RDS --model diagREDMsinglelambda --optimiser nlminb  --use_previous_run_startingvals T
[Tue Feb  8 00:53:51 2022]
Finished job 1298.
10 of 4273 steps (0.23%) done

[Tue Feb  8 00:53:51 2022]
rule inference_simulation_TMB_multiple:
    input: ../data/assessing_models_simulation/datasets/multiple_GenerationMixturefewersignaturespairedObsNmInvPCAWGColoRectAdenoCAPCAWG_50_200_80_4_-4_NA_NA_NA_dataset7.RDS
    output: ../data/assessing_models_simulation/inference_results/TMB/nlminb/multiple_GenerationMixturefewersignaturespairedObsNmInvPCAWGColoRectAdenoCAPCAWG_50_200_80_4_-4_fullREDMsinglelambda_NA_NA_NA_dataset7.RDS
    log: logs/inference/nlminb/simulation_GenerationMixturefewersignaturespairedObsNmInvPCAWGColoRectAdenoCAPCAWG_50_200_80_4_-4_ModelfullREDMsinglelambda_NA_NA_NA_dataset7.log
    jobid: 698
    wildcards: optimiser=nlminb, datasetgeneration=GenerationMixturefewersignaturespairedObsNmInvPCAWGColoRectAdenoCAPCAWG, n=50, nlambda=200, lmbda=80, d=4, beta_intensity=-4, model=fullREDMsinglelambda, fixed_beta_intercept=NA, fixed_beta_slope=NA, sdRE_input=NA, itnum=7

Rscript 2_inference_TMB/run_TMB.R --input ../data/assessing_models_simulation/datasets/multiple_GenerationMixturefewersignaturespairedObsNmInvPCAWGColoRectAdenoCAPCAWG_50_200_80_4_-4_NA_NA_NA_dataset7.RDS --output ../data/assessing_models_simulation/inference_results/TMB/nlminb/multiple_GenerationMixturefewersignaturespairedObsNmInvPCAWGColoRectAdenoCAPCAWG_50_200_80_4_-4_fullREDMsinglelambda_NA_NA_NA_dataset7.RDS --model fullREDMsinglelambda --optimiser nlminb  --use_previous_run_startingvals T
[Tue Feb  8 00:53:58 2022]
Error in rule inference_simulation_TMB_multiple:
    jobid: 698
    output: ../data/assessing_models_simulation/inference_results/TMB/nlminb/multiple_GenerationMixturefewersignaturespairedObsNmInvPCAWGColoRectAdenoCAPCAWG_50_200_80_4_-4_fullREDMsinglelambda_NA_NA_NA_dataset7.RDS
    log: logs/inference/nlminb/simulation_GenerationMixturefewersignaturespairedObsNmInvPCAWGColoRectAdenoCAPCAWG_50_200_80_4_-4_ModelfullREDMsinglelambda_NA_NA_NA_dataset7.log (check log file(s) for error message)
    shell:
        Rscript 2_inference_TMB/run_TMB.R --input ../data/assessing_models_simulation/datasets/multiple_GenerationMixturefewersignaturespairedObsNmInvPCAWGColoRectAdenoCAPCAWG_50_200_80_4_-4_NA_NA_NA_dataset7.RDS --output ../data/assessing_models_simulation/inference_results/TMB/nlminb/multiple_GenerationMixturefewersignaturespairedObsNmInvPCAWGColoRectAdenoCAPCAWG_50_200_80_4_-4_fullREDMsinglelambda_NA_NA_NA_dataset7.RDS --model fullREDMsinglelambda --optimiser nlminb  --use_previous_run_startingvals T

Shutting down, this might take some time.
Exiting because a job execution failed. Look above for error message
Complete log: /Users/morril01/Documents/PhD/GlobalDA/code/.snakemake/log/2022-02-08T005248.054930.snakemake.log
