Building DAG of jobs...
Using shell: /usr/local/bin/bash
Provided cores: 1
Rules claiming more threads will be scaled down.
Job counts:
	count	jobs
	1	all
	80	analyse_simulation_TMB_multiple
	20	analyse_simulation_TMB_multiple_integrate
	51860	inference_simulation_TMB_multiple
	12964	simulate_for_comparison_multiple
	64925

[Mon Jan 31 11:44:46 2022]
rule inference_simulation_TMB_multiple:
    input: ../data/assessing_models_simulation/datasets/multiple_GenerationMixturefewersignaturespairedColoRectAdenoCAPCAWG_50_200_80_4_-999_NA_NA_NA_dataset2.RDS
    output: ../data/assessing_models_simulation/inference_results/TMB/nlminb/multiple_GenerationMixturefewersignaturespairedColoRectAdenoCAPCAWG_50_200_80_4_-999_fullREM_NA_NA_NA_dataset2.RDS
    log: logs/inference/nlminb/simulation_GenerationMixturefewersignaturespairedColoRectAdenoCAPCAWG_50_200_80_4_-999_ModelfullREM_NA_NA_NA_dataset2.log
    jobid: 13303
    wildcards: optimiser=nlminb, datasetgeneration=GenerationMixturefewersignaturespairedColoRectAdenoCAPCAWG, n=50, nlambda=200, lmbda=80, d=4, beta_intensity=-999, model=fullREM, fixed_beta_intercept=NA, fixed_beta_slope=NA, sdRE_input=NA, itnum=2

Rscript 2_inference_TMB/run_TMB.R --input ../data/assessing_models_simulation/datasets/multiple_GenerationMixturefewersignaturespairedColoRectAdenoCAPCAWG_50_200_80_4_-999_NA_NA_NA_dataset2.RDS --output ../data/assessing_models_simulation/inference_results/TMB/nlminb/multiple_GenerationMixturefewersignaturespairedColoRectAdenoCAPCAWG_50_200_80_4_-999_fullREM_NA_NA_NA_dataset2.RDS --model fullREM --optimiser nlminb  --use_previous_run_startingvals T
[Mon Jan 31 11:44:58 2022]
Finished job 13303.
1 of 64925 steps (0.00%) done

[Mon Jan 31 11:44:59 2022]
rule inference_simulation_TMB_multiple:
    input: ../data/assessing_models_simulation/datasets/multiple_GenerationMixturefewersignaturespairedColoRectAdenoCAPCAWG_50_200_80_4_-999_NA_NA_NA_dataset2.RDS
    output: ../data/assessing_models_simulation/inference_results/TMB/nlminb/multiple_GenerationMixturefewersignaturespairedColoRectAdenoCAPCAWG_50_200_80_4_-999_diagREDM_NA_NA_NA_dataset2.RDS
    log: logs/inference/nlminb/simulation_GenerationMixturefewersignaturespairedColoRectAdenoCAPCAWG_50_200_80_4_-999_ModeldiagREDM_NA_NA_NA_dataset2.log
    jobid: 15283
    wildcards: optimiser=nlminb, datasetgeneration=GenerationMixturefewersignaturespairedColoRectAdenoCAPCAWG, n=50, nlambda=200, lmbda=80, d=4, beta_intensity=-999, model=diagREDM, fixed_beta_intercept=NA, fixed_beta_slope=NA, sdRE_input=NA, itnum=2

Rscript 2_inference_TMB/run_TMB.R --input ../data/assessing_models_simulation/datasets/multiple_GenerationMixturefewersignaturespairedColoRectAdenoCAPCAWG_50_200_80_4_-999_NA_NA_NA_dataset2.RDS --output ../data/assessing_models_simulation/inference_results/TMB/nlminb/multiple_GenerationMixturefewersignaturespairedColoRectAdenoCAPCAWG_50_200_80_4_-999_diagREDM_NA_NA_NA_dataset2.RDS --model diagREDM --optimiser nlminb  --use_previous_run_startingvals T
[Mon Jan 31 11:45:43 2022]
Finished job 15283.
2 of 64925 steps (0.00%) done

[Mon Jan 31 11:45:45 2022]
rule inference_simulation_TMB_multiple:
    input: ../data/assessing_models_simulation/datasets/multiple_GenerationMixturefewersignaturespairedColoRectAdenoCAPCAWG_50_200_80_4_-999_NA_NA_NA_dataset2.RDS
    output: ../data/assessing_models_simulation/inference_results/TMB/nlminb/multiple_GenerationMixturefewersignaturespairedColoRectAdenoCAPCAWG_50_200_80_4_-999_fullREDMsinglelambda_NA_NA_NA_dataset2.RDS
    log: logs/inference/nlminb/simulation_GenerationMixturefewersignaturespairedColoRectAdenoCAPCAWG_50_200_80_4_-999_ModelfullREDMsinglelambda_NA_NA_NA_dataset2.log
    jobid: 13963
    wildcards: optimiser=nlminb, datasetgeneration=GenerationMixturefewersignaturespairedColoRectAdenoCAPCAWG, n=50, nlambda=200, lmbda=80, d=4, beta_intensity=-999, model=fullREDMsinglelambda, fixed_beta_intercept=NA, fixed_beta_slope=NA, sdRE_input=NA, itnum=2

Rscript 2_inference_TMB/run_TMB.R --input ../data/assessing_models_simulation/datasets/multiple_GenerationMixturefewersignaturespairedColoRectAdenoCAPCAWG_50_200_80_4_-999_NA_NA_NA_dataset2.RDS --output ../data/assessing_models_simulation/inference_results/TMB/nlminb/multiple_GenerationMixturefewersignaturespairedColoRectAdenoCAPCAWG_50_200_80_4_-999_fullREDMsinglelambda_NA_NA_NA_dataset2.RDS --model fullREDMsinglelambda --optimiser nlminb  --use_previous_run_startingvals T
[Mon Jan 31 11:46:16 2022]
Error in rule inference_simulation_TMB_multiple:
    jobid: 13963
    output: ../data/assessing_models_simulation/inference_results/TMB/nlminb/multiple_GenerationMixturefewersignaturespairedColoRectAdenoCAPCAWG_50_200_80_4_-999_fullREDMsinglelambda_NA_NA_NA_dataset2.RDS
    log: logs/inference/nlminb/simulation_GenerationMixturefewersignaturespairedColoRectAdenoCAPCAWG_50_200_80_4_-999_ModelfullREDMsinglelambda_NA_NA_NA_dataset2.log (check log file(s) for error message)
    shell:
        Rscript 2_inference_TMB/run_TMB.R --input ../data/assessing_models_simulation/datasets/multiple_GenerationMixturefewersignaturespairedColoRectAdenoCAPCAWG_50_200_80_4_-999_NA_NA_NA_dataset2.RDS --output ../data/assessing_models_simulation/inference_results/TMB/nlminb/multiple_GenerationMixturefewersignaturespairedColoRectAdenoCAPCAWG_50_200_80_4_-999_fullREDMsinglelambda_NA_NA_NA_dataset2.RDS --model fullREDMsinglelambda --optimiser nlminb  --use_previous_run_startingvals T

Shutting down, this might take some time.
Exiting because a job execution failed. Look above for error message
Complete log: /Users/morril01/Documents/PhD/GlobalDA/code/.snakemake/log/2022-01-31T113817.246403.snakemake.log
