Building DAG of jobs...
Using shell: /usr/local/bin/bash
Provided cores: 1
Rules claiming more threads will be scaled down.
Job counts:
	count	jobs
	1	all
	4	analyse_simulation_TMB_multiple
	1	analyse_simulation_TMB_multiple_integrate
	1730	inference_simulation_TMB_multiple
	432	simulate_for_comparison_multiple
	2168

[Tue Feb  1 14:14:16 2022]
rule inference_simulation_TMB_multiple:
    input: ../data/assessing_models_simulation/datasets/multiple_GenerationMixturefewersignaturespairedCNSGBMPCAWG_100_200_80_4_8_NA_NA_NA_dataset3.RDS
    output: ../data/assessing_models_simulation/inference_results/TMB/nlminb/multiple_GenerationMixturefewersignaturespairedCNSGBMPCAWG_100_200_80_4_8_fullREDMsinglelambda_NA_NA_NA_dataset3.RDS
    log: logs/inference/nlminb/simulation_GenerationMixturefewersignaturespairedCNSGBMPCAWG_100_200_80_4_8_ModelfullREDMsinglelambda_NA_NA_NA_dataset3.log
    jobid: 1069
    wildcards: optimiser=nlminb, datasetgeneration=GenerationMixturefewersignaturespairedCNSGBMPCAWG, n=100, nlambda=200, lmbda=80, d=4, beta_intensity=8, model=fullREDMsinglelambda, fixed_beta_intercept=NA, fixed_beta_slope=NA, sdRE_input=NA, itnum=3

Rscript 2_inference_TMB/run_TMB.R --input ../data/assessing_models_simulation/datasets/multiple_GenerationMixturefewersignaturespairedCNSGBMPCAWG_100_200_80_4_8_NA_NA_NA_dataset3.RDS --output ../data/assessing_models_simulation/inference_results/TMB/nlminb/multiple_GenerationMixturefewersignaturespairedCNSGBMPCAWG_100_200_80_4_8_fullREDMsinglelambda_NA_NA_NA_dataset3.RDS --model fullREDMsinglelambda --optimiser nlminb  --use_previous_run_startingvals T
[Tue Feb  1 14:14:23 2022]
Finished job 1069.
1 of 2168 steps (0.05%) done

[Tue Feb  1 14:14:23 2022]
rule inference_simulation_TMB_multiple:
    input: ../data/assessing_models_simulation/datasets/multiple_GenerationMixturefewersignaturespairedCNSGBMPCAWG_100_200_80_4_8_NA_NA_NA_dataset3.RDS
    output: ../data/assessing_models_simulation/inference_results/TMB/nlminb/multiple_GenerationMixturefewersignaturespairedCNSGBMPCAWG_100_200_80_4_8_fullREM_NA_NA_NA_dataset3.RDS
    log: logs/inference/nlminb/simulation_GenerationMixturefewersignaturespairedCNSGBMPCAWG_100_200_80_4_8_ModelfullREM_NA_NA_NA_dataset3.log
    jobid: 409
    wildcards: optimiser=nlminb, datasetgeneration=GenerationMixturefewersignaturespairedCNSGBMPCAWG, n=100, nlambda=200, lmbda=80, d=4, beta_intensity=8, model=fullREM, fixed_beta_intercept=NA, fixed_beta_slope=NA, sdRE_input=NA, itnum=3

Rscript 2_inference_TMB/run_TMB.R --input ../data/assessing_models_simulation/datasets/multiple_GenerationMixturefewersignaturespairedCNSGBMPCAWG_100_200_80_4_8_NA_NA_NA_dataset3.RDS --output ../data/assessing_models_simulation/inference_results/TMB/nlminb/multiple_GenerationMixturefewersignaturespairedCNSGBMPCAWG_100_200_80_4_8_fullREM_NA_NA_NA_dataset3.RDS --model fullREM --optimiser nlminb  --use_previous_run_startingvals T
[Tue Feb  1 14:14:27 2022]
Finished job 409.
2 of 2168 steps (0.09%) done

[Tue Feb  1 14:14:27 2022]
rule simulate_for_comparison_multiple:
    input: ../data/assessing_models_simulation/GenerationMixturefewersignaturespairedCNSGBMPCAWG
    output: ../data/assessing_models_simulation/datasets/multiple_GenerationMixturefewersignaturespairedCNSGBMPCAWG_200_200_80_4_-12_NA_NA_NA_dataset14.RDS
    jobid: 3120
    wildcards: datasetgeneration=GenerationMixturefewersignaturespairedCNSGBMPCAWG, n=200, nlambda=200, lmbda=80, d=4, beta_intensity=-12, fixed_beta_intercept=NA, fixed_beta_slope=NA, sdRE_input=NA, itnum=14

Rscript --vanilla 3_analysis/simulation_model_assessment/generate_datasets_simulations/GenerationMixturefewersignaturespairedCNSGBMPCAWG.R --input ../data/assessing_models_simulation/GenerationMixturefewersignaturespairedCNSGBMPCAWG --d 4 --n 200 --nlambda 200 --lambda 80 --beta_gamma_shape -12 --outfile ../data/assessing_models_simulation/datasets/multiple_GenerationMixturefewersignaturespairedCNSGBMPCAWG_200_200_80_4_-12_NA_NA_NA_dataset14.RDS --beta_intercept_input NA --beta_slope_input NA --sdRE_input NA
[Tue Feb  1 14:14:28 2022]
Finished job 3120.
3 of 2168 steps (0.14%) done

[Tue Feb  1 14:14:28 2022]
rule inference_simulation_TMB_multiple:
    input: ../data/assessing_models_simulation/datasets/multiple_GenerationMixturefewersignaturespairedCNSGBMPCAWG_200_200_80_4_-12_NA_NA_NA_dataset14.RDS
    output: ../data/assessing_models_simulation/inference_results/TMB/nlminb/multiple_GenerationMixturefewersignaturespairedCNSGBMPCAWG_200_200_80_4_-12_diagREDMsinglelambda_NA_NA_NA_dataset14.RDS
    log: logs/inference/nlminb/simulation_GenerationMixturefewersignaturespairedCNSGBMPCAWG_200_200_80_4_-12_ModeldiagREDMsinglelambda_NA_NA_NA_dataset14.log
    jobid: 1800
    wildcards: optimiser=nlminb, datasetgeneration=GenerationMixturefewersignaturespairedCNSGBMPCAWG, n=200, nlambda=200, lmbda=80, d=4, beta_intensity=-12, model=diagREDMsinglelambda, fixed_beta_intercept=NA, fixed_beta_slope=NA, sdRE_input=NA, itnum=14

Rscript 2_inference_TMB/run_TMB.R --input ../data/assessing_models_simulation/datasets/multiple_GenerationMixturefewersignaturespairedCNSGBMPCAWG_200_200_80_4_-12_NA_NA_NA_dataset14.RDS --output ../data/assessing_models_simulation/inference_results/TMB/nlminb/multiple_GenerationMixturefewersignaturespairedCNSGBMPCAWG_200_200_80_4_-12_diagREDMsinglelambda_NA_NA_NA_dataset14.RDS --model diagREDMsinglelambda --optimiser nlminb  --use_previous_run_startingvals T
[Tue Feb  1 14:14:44 2022]
Finished job 1800.
4 of 2168 steps (0.18%) done

[Tue Feb  1 14:14:44 2022]
rule inference_simulation_TMB_multiple:
    input: ../data/assessing_models_simulation/datasets/multiple_GenerationMixturefewersignaturespairedCNSGBMPCAWG_200_200_80_4_-12_NA_NA_NA_dataset14.RDS
    output: ../data/assessing_models_simulation/inference_results/TMB/nlminb/multiple_GenerationMixturefewersignaturespairedCNSGBMPCAWG_200_200_80_4_-12_diagREDM_NA_NA_NA_dataset14.RDS
    log: logs/inference/nlminb/simulation_GenerationMixturefewersignaturespairedCNSGBMPCAWG_200_200_80_4_-12_ModeldiagREDM_NA_NA_NA_dataset14.log
    jobid: 2460
    wildcards: optimiser=nlminb, datasetgeneration=GenerationMixturefewersignaturespairedCNSGBMPCAWG, n=200, nlambda=200, lmbda=80, d=4, beta_intensity=-12, model=diagREDM, fixed_beta_intercept=NA, fixed_beta_slope=NA, sdRE_input=NA, itnum=14

Rscript 2_inference_TMB/run_TMB.R --input ../data/assessing_models_simulation/datasets/multiple_GenerationMixturefewersignaturespairedCNSGBMPCAWG_200_200_80_4_-12_NA_NA_NA_dataset14.RDS --output ../data/assessing_models_simulation/inference_results/TMB/nlminb/multiple_GenerationMixturefewersignaturespairedCNSGBMPCAWG_200_200_80_4_-12_diagREDM_NA_NA_NA_dataset14.RDS --model diagREDM --optimiser nlminb  --use_previous_run_startingvals T
[Tue Feb  1 14:15:03 2022]
Finished job 2460.
5 of 2168 steps (0.23%) done

[Tue Feb  1 14:15:03 2022]
rule inference_simulation_TMB_multiple:
    input: ../data/assessing_models_simulation/datasets/multiple_GenerationMixturefewersignaturespairedCNSGBMPCAWG_200_200_80_4_-12_NA_NA_NA_dataset14.RDS
    output: ../data/assessing_models_simulation/inference_results/TMB/nlminb/multiple_GenerationMixturefewersignaturespairedCNSGBMPCAWG_200_200_80_4_-12_fullREDMsinglelambda_NA_NA_NA_dataset14.RDS
    log: logs/inference/nlminb/simulation_GenerationMixturefewersignaturespairedCNSGBMPCAWG_200_200_80_4_-12_ModelfullREDMsinglelambda_NA_NA_NA_dataset14.log
    jobid: 1140
    wildcards: optimiser=nlminb, datasetgeneration=GenerationMixturefewersignaturespairedCNSGBMPCAWG, n=200, nlambda=200, lmbda=80, d=4, beta_intensity=-12, model=fullREDMsinglelambda, fixed_beta_intercept=NA, fixed_beta_slope=NA, sdRE_input=NA, itnum=14

Rscript 2_inference_TMB/run_TMB.R --input ../data/assessing_models_simulation/datasets/multiple_GenerationMixturefewersignaturespairedCNSGBMPCAWG_200_200_80_4_-12_NA_NA_NA_dataset14.RDS --output ../data/assessing_models_simulation/inference_results/TMB/nlminb/multiple_GenerationMixturefewersignaturespairedCNSGBMPCAWG_200_200_80_4_-12_fullREDMsinglelambda_NA_NA_NA_dataset14.RDS --model fullREDMsinglelambda --optimiser nlminb  --use_previous_run_startingvals T
[Tue Feb  1 14:15:25 2022]
Finished job 1140.
6 of 2168 steps (0.28%) done

[Tue Feb  1 14:15:25 2022]
rule inference_simulation_TMB_multiple:
    input: ../data/assessing_models_simulation/datasets/multiple_GenerationMixturefewersignaturespairedCNSGBMPCAWG_200_200_80_4_-12_NA_NA_NA_dataset14.RDS
    output: ../data/assessing_models_simulation/inference_results/TMB/nlminb/multiple_GenerationMixturefewersignaturespairedCNSGBMPCAWG_200_200_80_4_-12_fullREM_NA_NA_NA_dataset14.RDS
    log: logs/inference/nlminb/simulation_GenerationMixturefewersignaturespairedCNSGBMPCAWG_200_200_80_4_-12_ModelfullREM_NA_NA_NA_dataset14.log
    jobid: 480
    wildcards: optimiser=nlminb, datasetgeneration=GenerationMixturefewersignaturespairedCNSGBMPCAWG, n=200, nlambda=200, lmbda=80, d=4, beta_intensity=-12, model=fullREM, fixed_beta_intercept=NA, fixed_beta_slope=NA, sdRE_input=NA, itnum=14

Rscript 2_inference_TMB/run_TMB.R --input ../data/assessing_models_simulation/datasets/multiple_GenerationMixturefewersignaturespairedCNSGBMPCAWG_200_200_80_4_-12_NA_NA_NA_dataset14.RDS --output ../data/assessing_models_simulation/inference_results/TMB/nlminb/multiple_GenerationMixturefewersignaturespairedCNSGBMPCAWG_200_200_80_4_-12_fullREM_NA_NA_NA_dataset14.RDS --model fullREM --optimiser nlminb  --use_previous_run_startingvals T
[Tue Feb  1 14:15:34 2022]
Finished job 480.
7 of 2168 steps (0.32%) done

[Tue Feb  1 14:15:34 2022]
rule simulate_for_comparison_multiple:
    input: ../data/assessing_models_simulation/GenerationMixturefewersignaturespairedCNSGBMPCAWG
    output: ../data/assessing_models_simulation/datasets/multiple_GenerationMixturefewersignaturespairedCNSGBMPCAWG_100_200_80_4_-8_NA_NA_NA_dataset14.RDS
    jobid: 2940
    wildcards: datasetgeneration=GenerationMixturefewersignaturespairedCNSGBMPCAWG, n=100, nlambda=200, lmbda=80, d=4, beta_intensity=-8, fixed_beta_intercept=NA, fixed_beta_slope=NA, sdRE_input=NA, itnum=14

Rscript --vanilla 3_analysis/simulation_model_assessment/generate_datasets_simulations/GenerationMixturefewersignaturespairedCNSGBMPCAWG.R --input ../data/assessing_models_simulation/GenerationMixturefewersignaturespairedCNSGBMPCAWG --d 4 --n 100 --nlambda 200 --lambda 80 --beta_gamma_shape -8 --outfile ../data/assessing_models_simulation/datasets/multiple_GenerationMixturefewersignaturespairedCNSGBMPCAWG_100_200_80_4_-8_NA_NA_NA_dataset14.RDS --beta_intercept_input NA --beta_slope_input NA --sdRE_input NA
[Tue Feb  1 14:15:34 2022]
Finished job 2940.
8 of 2168 steps (0.37%) done

[Tue Feb  1 14:15:34 2022]
rule inference_simulation_TMB_multiple:
    input: ../data/assessing_models_simulation/datasets/multiple_GenerationMixturefewersignaturespairedCNSGBMPCAWG_100_200_80_4_-8_NA_NA_NA_dataset14.RDS
    output: ../data/assessing_models_simulation/inference_results/TMB/nlminb/multiple_GenerationMixturefewersignaturespairedCNSGBMPCAWG_100_200_80_4_-8_diagREDMsinglelambda_NA_NA_NA_dataset14.RDS
    log: logs/inference/nlminb/simulation_GenerationMixturefewersignaturespairedCNSGBMPCAWG_100_200_80_4_-8_ModeldiagREDMsinglelambda_NA_NA_NA_dataset14.log
    jobid: 1620
    wildcards: optimiser=nlminb, datasetgeneration=GenerationMixturefewersignaturespairedCNSGBMPCAWG, n=100, nlambda=200, lmbda=80, d=4, beta_intensity=-8, model=diagREDMsinglelambda, fixed_beta_intercept=NA, fixed_beta_slope=NA, sdRE_input=NA, itnum=14

Rscript 2_inference_TMB/run_TMB.R --input ../data/assessing_models_simulation/datasets/multiple_GenerationMixturefewersignaturespairedCNSGBMPCAWG_100_200_80_4_-8_NA_NA_NA_dataset14.RDS --output ../data/assessing_models_simulation/inference_results/TMB/nlminb/multiple_GenerationMixturefewersignaturespairedCNSGBMPCAWG_100_200_80_4_-8_diagREDMsinglelambda_NA_NA_NA_dataset14.RDS --model diagREDMsinglelambda --optimiser nlminb  --use_previous_run_startingvals T
[Tue Feb  1 14:15:45 2022]
Finished job 1620.
9 of 2168 steps (0.42%) done

[Tue Feb  1 14:15:45 2022]
rule inference_simulation_TMB_multiple:
    input: ../data/assessing_models_simulation/datasets/multiple_GenerationMixturefewersignaturespairedCNSGBMPCAWG_100_200_80_4_-8_NA_NA_NA_dataset14.RDS
    output: ../data/assessing_models_simulation/inference_results/TMB/nlminb/multiple_GenerationMixturefewersignaturespairedCNSGBMPCAWG_100_200_80_4_-8_diagREDM_NA_NA_NA_dataset14.RDS
    log: logs/inference/nlminb/simulation_GenerationMixturefewersignaturespairedCNSGBMPCAWG_100_200_80_4_-8_ModeldiagREDM_NA_NA_NA_dataset14.log
    jobid: 2280
    wildcards: optimiser=nlminb, datasetgeneration=GenerationMixturefewersignaturespairedCNSGBMPCAWG, n=100, nlambda=200, lmbda=80, d=4, beta_intensity=-8, model=diagREDM, fixed_beta_intercept=NA, fixed_beta_slope=NA, sdRE_input=NA, itnum=14

Rscript 2_inference_TMB/run_TMB.R --input ../data/assessing_models_simulation/datasets/multiple_GenerationMixturefewersignaturespairedCNSGBMPCAWG_100_200_80_4_-8_NA_NA_NA_dataset14.RDS --output ../data/assessing_models_simulation/inference_results/TMB/nlminb/multiple_GenerationMixturefewersignaturespairedCNSGBMPCAWG_100_200_80_4_-8_diagREDM_NA_NA_NA_dataset14.RDS --model diagREDM --optimiser nlminb  --use_previous_run_startingvals T
[Tue Feb  1 14:15:55 2022]
Finished job 2280.
10 of 2168 steps (0.46%) done

[Tue Feb  1 14:15:55 2022]
rule inference_simulation_TMB_multiple:
    input: ../data/assessing_models_simulation/datasets/multiple_GenerationMixturefewersignaturespairedCNSGBMPCAWG_100_200_80_4_-8_NA_NA_NA_dataset14.RDS
    output: ../data/assessing_models_simulation/inference_results/TMB/nlminb/multiple_GenerationMixturefewersignaturespairedCNSGBMPCAWG_100_200_80_4_-8_fullREDMsinglelambda_NA_NA_NA_dataset14.RDS
    log: logs/inference/nlminb/simulation_GenerationMixturefewersignaturespairedCNSGBMPCAWG_100_200_80_4_-8_ModelfullREDMsinglelambda_NA_NA_NA_dataset14.log
    jobid: 960
    wildcards: optimiser=nlminb, datasetgeneration=GenerationMixturefewersignaturespairedCNSGBMPCAWG, n=100, nlambda=200, lmbda=80, d=4, beta_intensity=-8, model=fullREDMsinglelambda, fixed_beta_intercept=NA, fixed_beta_slope=NA, sdRE_input=NA, itnum=14

Rscript 2_inference_TMB/run_TMB.R --input ../data/assessing_models_simulation/datasets/multiple_GenerationMixturefewersignaturespairedCNSGBMPCAWG_100_200_80_4_-8_NA_NA_NA_dataset14.RDS --output ../data/assessing_models_simulation/inference_results/TMB/nlminb/multiple_GenerationMixturefewersignaturespairedCNSGBMPCAWG_100_200_80_4_-8_fullREDMsinglelambda_NA_NA_NA_dataset14.RDS --model fullREDMsinglelambda --optimiser nlminb  --use_previous_run_startingvals T
[Tue Feb  1 14:16:05 2022]
Finished job 960.
11 of 2168 steps (0.51%) done

[Tue Feb  1 14:16:05 2022]
rule inference_simulation_TMB_multiple:
    input: ../data/assessing_models_simulation/datasets/multiple_GenerationMixturefewersignaturespairedCNSGBMPCAWG_100_200_80_4_-8_NA_NA_NA_dataset14.RDS
    output: ../data/assessing_models_simulation/inference_results/TMB/nlminb/multiple_GenerationMixturefewersignaturespairedCNSGBMPCAWG_100_200_80_4_-8_fullREM_NA_NA_NA_dataset14.RDS
    log: logs/inference/nlminb/simulation_GenerationMixturefewersignaturespairedCNSGBMPCAWG_100_200_80_4_-8_ModelfullREM_NA_NA_NA_dataset14.log
    jobid: 300
    wildcards: optimiser=nlminb, datasetgeneration=GenerationMixturefewersignaturespairedCNSGBMPCAWG, n=100, nlambda=200, lmbda=80, d=4, beta_intensity=-8, model=fullREM, fixed_beta_intercept=NA, fixed_beta_slope=NA, sdRE_input=NA, itnum=14

Rscript 2_inference_TMB/run_TMB.R --input ../data/assessing_models_simulation/datasets/multiple_GenerationMixturefewersignaturespairedCNSGBMPCAWG_100_200_80_4_-8_NA_NA_NA_dataset14.RDS --output ../data/assessing_models_simulation/inference_results/TMB/nlminb/multiple_GenerationMixturefewersignaturespairedCNSGBMPCAWG_100_200_80_4_-8_fullREM_NA_NA_NA_dataset14.RDS --model fullREM --optimiser nlminb  --use_previous_run_startingvals T
[Tue Feb  1 14:16:09 2022]
Finished job 300.
12 of 2168 steps (0.55%) done

[Tue Feb  1 14:16:09 2022]
rule simulate_for_comparison_multiple:
    input: ../data/assessing_models_simulation/GenerationMixturefewersignaturespairedCNSGBMPCAWG
    output: ../data/assessing_models_simulation/datasets/multiple_GenerationMixturefewersignaturespairedCNSGBMPCAWG_200_200_80_4_4_NA_NA_NA_dataset1.RDS
    jobid: 3247
    wildcards: datasetgeneration=GenerationMixturefewersignaturespairedCNSGBMPCAWG, n=200, nlambda=200, lmbda=80, d=4, beta_intensity=4, fixed_beta_intercept=NA, fixed_beta_slope=NA, sdRE_input=NA, itnum=1

Rscript --vanilla 3_analysis/simulation_model_assessment/generate_datasets_simulations/GenerationMixturefewersignaturespairedCNSGBMPCAWG.R --input ../data/assessing_models_simulation/GenerationMixturefewersignaturespairedCNSGBMPCAWG --d 4 --n 200 --nlambda 200 --lambda 80 --beta_gamma_shape 4 --outfile ../data/assessing_models_simulation/datasets/multiple_GenerationMixturefewersignaturespairedCNSGBMPCAWG_200_200_80_4_4_NA_NA_NA_dataset1.RDS --beta_intercept_input NA --beta_slope_input NA --sdRE_input NA
[Tue Feb  1 14:16:09 2022]
Finished job 3247.
13 of 2168 steps (0.60%) done

[Tue Feb  1 14:16:09 2022]
rule inference_simulation_TMB_multiple:
    input: ../data/assessing_models_simulation/datasets/multiple_GenerationMixturefewersignaturespairedCNSGBMPCAWG_200_200_80_4_4_NA_NA_NA_dataset1.RDS
    output: ../data/assessing_models_simulation/inference_results/TMB/nlminb/multiple_GenerationMixturefewersignaturespairedCNSGBMPCAWG_200_200_80_4_4_diagREDMsinglelambda_NA_NA_NA_dataset1.RDS
    log: logs/inference/nlminb/simulation_GenerationMixturefewersignaturespairedCNSGBMPCAWG_200_200_80_4_4_ModeldiagREDMsinglelambda_NA_NA_NA_dataset1.log
    jobid: 1927
    wildcards: optimiser=nlminb, datasetgeneration=GenerationMixturefewersignaturespairedCNSGBMPCAWG, n=200, nlambda=200, lmbda=80, d=4, beta_intensity=4, model=diagREDMsinglelambda, fixed_beta_intercept=NA, fixed_beta_slope=NA, sdRE_input=NA, itnum=1

Rscript 2_inference_TMB/run_TMB.R --input ../data/assessing_models_simulation/datasets/multiple_GenerationMixturefewersignaturespairedCNSGBMPCAWG_200_200_80_4_4_NA_NA_NA_dataset1.RDS --output ../data/assessing_models_simulation/inference_results/TMB/nlminb/multiple_GenerationMixturefewersignaturespairedCNSGBMPCAWG_200_200_80_4_4_diagREDMsinglelambda_NA_NA_NA_dataset1.RDS --model diagREDMsinglelambda --optimiser nlminb  --use_previous_run_startingvals T
[Tue Feb  1 14:16:26 2022]
Finished job 1927.
14 of 2168 steps (0.65%) done

[Tue Feb  1 14:16:26 2022]
rule inference_simulation_TMB_multiple:
    input: ../data/assessing_models_simulation/datasets/multiple_GenerationMixturefewersignaturespairedCNSGBMPCAWG_200_200_80_4_4_NA_NA_NA_dataset1.RDS
    output: ../data/assessing_models_simulation/inference_results/TMB/nlminb/multiple_GenerationMixturefewersignaturespairedCNSGBMPCAWG_200_200_80_4_4_diagREDM_NA_NA_NA_dataset1.RDS
    log: logs/inference/nlminb/simulation_GenerationMixturefewersignaturespairedCNSGBMPCAWG_200_200_80_4_4_ModeldiagREDM_NA_NA_NA_dataset1.log
    jobid: 2587
    wildcards: optimiser=nlminb, datasetgeneration=GenerationMixturefewersignaturespairedCNSGBMPCAWG, n=200, nlambda=200, lmbda=80, d=4, beta_intensity=4, model=diagREDM, fixed_beta_intercept=NA, fixed_beta_slope=NA, sdRE_input=NA, itnum=1

Rscript 2_inference_TMB/run_TMB.R --input ../data/assessing_models_simulation/datasets/multiple_GenerationMixturefewersignaturespairedCNSGBMPCAWG_200_200_80_4_4_NA_NA_NA_dataset1.RDS --output ../data/assessing_models_simulation/inference_results/TMB/nlminb/multiple_GenerationMixturefewersignaturespairedCNSGBMPCAWG_200_200_80_4_4_diagREDM_NA_NA_NA_dataset1.RDS --model diagREDM --optimiser nlminb  --use_previous_run_startingvals T
[Tue Feb  1 14:16:55 2022]
Finished job 2587.
15 of 2168 steps (0.69%) done

[Tue Feb  1 14:16:55 2022]
rule inference_simulation_TMB_multiple:
    input: ../data/assessing_models_simulation/datasets/multiple_GenerationMixturefewersignaturespairedCNSGBMPCAWG_200_200_80_4_4_NA_NA_NA_dataset1.RDS
    output: ../data/assessing_models_simulation/inference_results/TMB/nlminb/multiple_GenerationMixturefewersignaturespairedCNSGBMPCAWG_200_200_80_4_4_fullREDMsinglelambda_NA_NA_NA_dataset1.RDS
    log: logs/inference/nlminb/simulation_GenerationMixturefewersignaturespairedCNSGBMPCAWG_200_200_80_4_4_ModelfullREDMsinglelambda_NA_NA_NA_dataset1.log
    jobid: 1267
    wildcards: optimiser=nlminb, datasetgeneration=GenerationMixturefewersignaturespairedCNSGBMPCAWG, n=200, nlambda=200, lmbda=80, d=4, beta_intensity=4, model=fullREDMsinglelambda, fixed_beta_intercept=NA, fixed_beta_slope=NA, sdRE_input=NA, itnum=1

Rscript 2_inference_TMB/run_TMB.R --input ../data/assessing_models_simulation/datasets/multiple_GenerationMixturefewersignaturespairedCNSGBMPCAWG_200_200_80_4_4_NA_NA_NA_dataset1.RDS --output ../data/assessing_models_simulation/inference_results/TMB/nlminb/multiple_GenerationMixturefewersignaturespairedCNSGBMPCAWG_200_200_80_4_4_fullREDMsinglelambda_NA_NA_NA_dataset1.RDS --model fullREDMsinglelambda --optimiser nlminb  --use_previous_run_startingvals T
[Tue Feb  1 14:17:49 2022]
Finished job 1267.
16 of 2168 steps (0.74%) done

[Tue Feb  1 14:17:49 2022]
rule inference_simulation_TMB_multiple:
    input: ../data/assessing_models_simulation/datasets/multiple_GenerationMixturefewersignaturespairedCNSGBMPCAWG_200_200_80_4_4_NA_NA_NA_dataset1.RDS
    output: ../data/assessing_models_simulation/inference_results/TMB/nlminb/multiple_GenerationMixturefewersignaturespairedCNSGBMPCAWG_200_200_80_4_4_fullREM_NA_NA_NA_dataset1.RDS
    log: logs/inference/nlminb/simulation_GenerationMixturefewersignaturespairedCNSGBMPCAWG_200_200_80_4_4_ModelfullREM_NA_NA_NA_dataset1.log
    jobid: 607
    wildcards: optimiser=nlminb, datasetgeneration=GenerationMixturefewersignaturespairedCNSGBMPCAWG, n=200, nlambda=200, lmbda=80, d=4, beta_intensity=4, model=fullREM, fixed_beta_intercept=NA, fixed_beta_slope=NA, sdRE_input=NA, itnum=1

Rscript 2_inference_TMB/run_TMB.R --input ../data/assessing_models_simulation/datasets/multiple_GenerationMixturefewersignaturespairedCNSGBMPCAWG_200_200_80_4_4_NA_NA_NA_dataset1.RDS --output ../data/assessing_models_simulation/inference_results/TMB/nlminb/multiple_GenerationMixturefewersignaturespairedCNSGBMPCAWG_200_200_80_4_4_fullREM_NA_NA_NA_dataset1.RDS --model fullREM --optimiser nlminb  --use_previous_run_startingvals T
[Tue Feb  1 14:18:12 2022]
Finished job 607.
17 of 2168 steps (0.78%) done

[Tue Feb  1 14:18:12 2022]
rule simulate_for_comparison_multiple:
    input: ../data/assessing_models_simulation/GenerationMixturefewersignaturespairedCNSGBMPCAWG
    output: ../data/assessing_models_simulation/datasets/multiple_GenerationMixturefewersignaturespairedCNSGBMPCAWG_100_200_80_4_-10_NA_NA_NA_dataset9.RDS
    jobid: 2915
    wildcards: datasetgeneration=GenerationMixturefewersignaturespairedCNSGBMPCAWG, n=100, nlambda=200, lmbda=80, d=4, beta_intensity=-10, fixed_beta_intercept=NA, fixed_beta_slope=NA, sdRE_input=NA, itnum=9

Rscript --vanilla 3_analysis/simulation_model_assessment/generate_datasets_simulations/GenerationMixturefewersignaturespairedCNSGBMPCAWG.R --input ../data/assessing_models_simulation/GenerationMixturefewersignaturespairedCNSGBMPCAWG --d 4 --n 100 --nlambda 200 --lambda 80 --beta_gamma_shape -10 --outfile ../data/assessing_models_simulation/datasets/multiple_GenerationMixturefewersignaturespairedCNSGBMPCAWG_100_200_80_4_-10_NA_NA_NA_dataset9.RDS --beta_intercept_input NA --beta_slope_input NA --sdRE_input NA
[Tue Feb  1 14:18:14 2022]
Finished job 2915.
18 of 2168 steps (0.83%) done

[Tue Feb  1 14:18:14 2022]
rule inference_simulation_TMB_multiple:
    input: ../data/assessing_models_simulation/datasets/multiple_GenerationMixturefewersignaturespairedCNSGBMPCAWG_100_200_80_4_-10_NA_NA_NA_dataset9.RDS
    output: ../data/assessing_models_simulation/inference_results/TMB/nlminb/multiple_GenerationMixturefewersignaturespairedCNSGBMPCAWG_100_200_80_4_-10_diagREDMsinglelambda_NA_NA_NA_dataset9.RDS
    log: logs/inference/nlminb/simulation_GenerationMixturefewersignaturespairedCNSGBMPCAWG_100_200_80_4_-10_ModeldiagREDMsinglelambda_NA_NA_NA_dataset9.log
    jobid: 1595
    wildcards: optimiser=nlminb, datasetgeneration=GenerationMixturefewersignaturespairedCNSGBMPCAWG, n=100, nlambda=200, lmbda=80, d=4, beta_intensity=-10, model=diagREDMsinglelambda, fixed_beta_intercept=NA, fixed_beta_slope=NA, sdRE_input=NA, itnum=9

Rscript 2_inference_TMB/run_TMB.R --input ../data/assessing_models_simulation/datasets/multiple_GenerationMixturefewersignaturespairedCNSGBMPCAWG_100_200_80_4_-10_NA_NA_NA_dataset9.RDS --output ../data/assessing_models_simulation/inference_results/TMB/nlminb/multiple_GenerationMixturefewersignaturespairedCNSGBMPCAWG_100_200_80_4_-10_diagREDMsinglelambda_NA_NA_NA_dataset9.RDS --model diagREDMsinglelambda --optimiser nlminb  --use_previous_run_startingvals T
[Tue Feb  1 14:18:35 2022]
Finished job 1595.
19 of 2168 steps (0.88%) done

[Tue Feb  1 14:18:35 2022]
rule inference_simulation_TMB_multiple:
    input: ../data/assessing_models_simulation/datasets/multiple_GenerationMixturefewersignaturespairedCNSGBMPCAWG_100_200_80_4_-10_NA_NA_NA_dataset9.RDS
    output: ../data/assessing_models_simulation/inference_results/TMB/nlminb/multiple_GenerationMixturefewersignaturespairedCNSGBMPCAWG_100_200_80_4_-10_diagREDM_NA_NA_NA_dataset9.RDS
    log: logs/inference/nlminb/simulation_GenerationMixturefewersignaturespairedCNSGBMPCAWG_100_200_80_4_-10_ModeldiagREDM_NA_NA_NA_dataset9.log
    jobid: 2255
    wildcards: optimiser=nlminb, datasetgeneration=GenerationMixturefewersignaturespairedCNSGBMPCAWG, n=100, nlambda=200, lmbda=80, d=4, beta_intensity=-10, model=diagREDM, fixed_beta_intercept=NA, fixed_beta_slope=NA, sdRE_input=NA, itnum=9

Rscript 2_inference_TMB/run_TMB.R --input ../data/assessing_models_simulation/datasets/multiple_GenerationMixturefewersignaturespairedCNSGBMPCAWG_100_200_80_4_-10_NA_NA_NA_dataset9.RDS --output ../data/assessing_models_simulation/inference_results/TMB/nlminb/multiple_GenerationMixturefewersignaturespairedCNSGBMPCAWG_100_200_80_4_-10_diagREDM_NA_NA_NA_dataset9.RDS --model diagREDM --optimiser nlminb  --use_previous_run_startingvals T
[Tue Feb  1 14:18:59 2022]
Finished job 2255.
20 of 2168 steps (0.92%) done

[Tue Feb  1 14:18:59 2022]
rule inference_simulation_TMB_multiple:
    input: ../data/assessing_models_simulation/datasets/multiple_GenerationMixturefewersignaturespairedCNSGBMPCAWG_100_200_80_4_-10_NA_NA_NA_dataset9.RDS
    output: ../data/assessing_models_simulation/inference_results/TMB/nlminb/multiple_GenerationMixturefewersignaturespairedCNSGBMPCAWG_100_200_80_4_-10_fullREDMsinglelambda_NA_NA_NA_dataset9.RDS
    log: logs/inference/nlminb/simulation_GenerationMixturefewersignaturespairedCNSGBMPCAWG_100_200_80_4_-10_ModelfullREDMsinglelambda_NA_NA_NA_dataset9.log
    jobid: 935
    wildcards: optimiser=nlminb, datasetgeneration=GenerationMixturefewersignaturespairedCNSGBMPCAWG, n=100, nlambda=200, lmbda=80, d=4, beta_intensity=-10, model=fullREDMsinglelambda, fixed_beta_intercept=NA, fixed_beta_slope=NA, sdRE_input=NA, itnum=9

Rscript 2_inference_TMB/run_TMB.R --input ../data/assessing_models_simulation/datasets/multiple_GenerationMixturefewersignaturespairedCNSGBMPCAWG_100_200_80_4_-10_NA_NA_NA_dataset9.RDS --output ../data/assessing_models_simulation/inference_results/TMB/nlminb/multiple_GenerationMixturefewersignaturespairedCNSGBMPCAWG_100_200_80_4_-10_fullREDMsinglelambda_NA_NA_NA_dataset9.RDS --model fullREDMsinglelambda --optimiser nlminb  --use_previous_run_startingvals T
[Tue Feb  1 14:19:19 2022]
Error in rule inference_simulation_TMB_multiple:
    jobid: 935
    output: ../data/assessing_models_simulation/inference_results/TMB/nlminb/multiple_GenerationMixturefewersignaturespairedCNSGBMPCAWG_100_200_80_4_-10_fullREDMsinglelambda_NA_NA_NA_dataset9.RDS
    log: logs/inference/nlminb/simulation_GenerationMixturefewersignaturespairedCNSGBMPCAWG_100_200_80_4_-10_ModelfullREDMsinglelambda_NA_NA_NA_dataset9.log (check log file(s) for error message)
    shell:
        Rscript 2_inference_TMB/run_TMB.R --input ../data/assessing_models_simulation/datasets/multiple_GenerationMixturefewersignaturespairedCNSGBMPCAWG_100_200_80_4_-10_NA_NA_NA_dataset9.RDS --output ../data/assessing_models_simulation/inference_results/TMB/nlminb/multiple_GenerationMixturefewersignaturespairedCNSGBMPCAWG_100_200_80_4_-10_fullREDMsinglelambda_NA_NA_NA_dataset9.RDS --model fullREDMsinglelambda --optimiser nlminb  --use_previous_run_startingvals T

Shutting down, this might take some time.
Exiting because a job execution failed. Look above for error message
Complete log: /Users/morril01/Documents/PhD/GlobalDA/code/.snakemake/log/2022-02-01T141408.920314.snakemake.log
