Building DAG of jobs...
Using shell: /usr/local/bin/bash
Provided cores: 1
Rules claiming more threads will be scaled down.
Job counts:
	count	jobs
	1	all
	4	analyse_simulation_TMB_multiple
	1	analyse_simulation_TMB_multiple_integrate
	161	inference_simulation_TMB_multiple
	40	simulate_for_comparison_multiple
	207

[Wed Feb  2 00:14:23 2022]
rule inference_simulation_TMB_multiple:
    input: ../data/assessing_models_simulation/datasets/multiple_GenerationMixturefewersignaturespairedCNSGBMPCAWG_200_200_80_4_12_NA_NA_NA_dataset11.RDS
    output: ../data/assessing_models_simulation/inference_results/TMB/nlminb/multiple_GenerationMixturefewersignaturespairedCNSGBMPCAWG_200_200_80_4_12_fullREDMsinglelambda_NA_NA_NA_dataset11.RDS
    log: logs/inference/nlminb/simulation_GenerationMixturefewersignaturespairedCNSGBMPCAWG_200_200_80_4_12_ModelfullREDMsinglelambda_NA_NA_NA_dataset11.log
    jobid: 1317
    wildcards: optimiser=nlminb, datasetgeneration=GenerationMixturefewersignaturespairedCNSGBMPCAWG, n=200, nlambda=200, lmbda=80, d=4, beta_intensity=12, model=fullREDMsinglelambda, fixed_beta_intercept=NA, fixed_beta_slope=NA, sdRE_input=NA, itnum=11

Rscript 2_inference_TMB/run_TMB.R --input ../data/assessing_models_simulation/datasets/multiple_GenerationMixturefewersignaturespairedCNSGBMPCAWG_200_200_80_4_12_NA_NA_NA_dataset11.RDS --output ../data/assessing_models_simulation/inference_results/TMB/nlminb/multiple_GenerationMixturefewersignaturespairedCNSGBMPCAWG_200_200_80_4_12_fullREDMsinglelambda_NA_NA_NA_dataset11.RDS --model fullREDMsinglelambda --optimiser nlminb  --use_previous_run_startingvals T
[Wed Feb  2 00:14:36 2022]
Finished job 1317.
1 of 207 steps (0.48%) done

[Wed Feb  2 00:14:36 2022]
rule simulate_for_comparison_multiple:
    input: ../data/assessing_models_simulation/GenerationMixturefewersignaturespairedCNSGBMPCAWG
    output: ../data/assessing_models_simulation/datasets/multiple_GenerationMixturefewersignaturespairedCNSGBMPCAWG_50_200_80_4_-10_NA_NA_NA_dataset11.RDS
    jobid: 2697
    wildcards: datasetgeneration=GenerationMixturefewersignaturespairedCNSGBMPCAWG, n=50, nlambda=200, lmbda=80, d=4, beta_intensity=-10, fixed_beta_intercept=NA, fixed_beta_slope=NA, sdRE_input=NA, itnum=11

Rscript --vanilla 3_analysis/simulation_model_assessment/generate_datasets_simulations/GenerationMixturefewersignaturespairedCNSGBMPCAWG.R --input ../data/assessing_models_simulation/GenerationMixturefewersignaturespairedCNSGBMPCAWG --d 4 --n 50 --nlambda 200 --lambda 80 --beta_gamma_shape -10 --outfile ../data/assessing_models_simulation/datasets/multiple_GenerationMixturefewersignaturespairedCNSGBMPCAWG_50_200_80_4_-10_NA_NA_NA_dataset11.RDS --beta_intercept_input NA --beta_slope_input NA --sdRE_input NA
[Wed Feb  2 00:14:36 2022]
Finished job 2697.
2 of 207 steps (0.97%) done

[Wed Feb  2 00:14:36 2022]
rule inference_simulation_TMB_multiple:
    input: ../data/assessing_models_simulation/datasets/multiple_GenerationMixturefewersignaturespairedCNSGBMPCAWG_50_200_80_4_-10_NA_NA_NA_dataset11.RDS
    output: ../data/assessing_models_simulation/inference_results/TMB/nlminb/multiple_GenerationMixturefewersignaturespairedCNSGBMPCAWG_50_200_80_4_-10_fullREDMsinglelambda_NA_NA_NA_dataset11.RDS
    log: logs/inference/nlminb/simulation_GenerationMixturefewersignaturespairedCNSGBMPCAWG_50_200_80_4_-10_ModelfullREDMsinglelambda_NA_NA_NA_dataset11.log
    jobid: 717
    wildcards: optimiser=nlminb, datasetgeneration=GenerationMixturefewersignaturespairedCNSGBMPCAWG, n=50, nlambda=200, lmbda=80, d=4, beta_intensity=-10, model=fullREDMsinglelambda, fixed_beta_intercept=NA, fixed_beta_slope=NA, sdRE_input=NA, itnum=11

Rscript 2_inference_TMB/run_TMB.R --input ../data/assessing_models_simulation/datasets/multiple_GenerationMixturefewersignaturespairedCNSGBMPCAWG_50_200_80_4_-10_NA_NA_NA_dataset11.RDS --output ../data/assessing_models_simulation/inference_results/TMB/nlminb/multiple_GenerationMixturefewersignaturespairedCNSGBMPCAWG_50_200_80_4_-10_fullREDMsinglelambda_NA_NA_NA_dataset11.RDS --model fullREDMsinglelambda --optimiser nlminb  --use_previous_run_startingvals T
[Wed Feb  2 00:14:42 2022]
Finished job 717.
3 of 207 steps (1%) done

[Wed Feb  2 00:14:42 2022]
rule inference_simulation_TMB_multiple:
    input: ../data/assessing_models_simulation/datasets/multiple_GenerationMixturefewersignaturespairedCNSGBMPCAWG_50_200_80_4_-10_NA_NA_NA_dataset11.RDS
    output: ../data/assessing_models_simulation/inference_results/TMB/nlminb/multiple_GenerationMixturefewersignaturespairedCNSGBMPCAWG_50_200_80_4_-10_diagREDMsinglelambda_NA_NA_NA_dataset11.RDS
    log: logs/inference/nlminb/simulation_GenerationMixturefewersignaturespairedCNSGBMPCAWG_50_200_80_4_-10_ModeldiagREDMsinglelambda_NA_NA_NA_dataset11.log
    jobid: 1377
    wildcards: optimiser=nlminb, datasetgeneration=GenerationMixturefewersignaturespairedCNSGBMPCAWG, n=50, nlambda=200, lmbda=80, d=4, beta_intensity=-10, model=diagREDMsinglelambda, fixed_beta_intercept=NA, fixed_beta_slope=NA, sdRE_input=NA, itnum=11

Rscript 2_inference_TMB/run_TMB.R --input ../data/assessing_models_simulation/datasets/multiple_GenerationMixturefewersignaturespairedCNSGBMPCAWG_50_200_80_4_-10_NA_NA_NA_dataset11.RDS --output ../data/assessing_models_simulation/inference_results/TMB/nlminb/multiple_GenerationMixturefewersignaturespairedCNSGBMPCAWG_50_200_80_4_-10_diagREDMsinglelambda_NA_NA_NA_dataset11.RDS --model diagREDMsinglelambda --optimiser nlminb  --use_previous_run_startingvals T
[Wed Feb  2 00:14:47 2022]
Finished job 1377.
4 of 207 steps (2%) done

[Wed Feb  2 00:14:47 2022]
rule inference_simulation_TMB_multiple:
    input: ../data/assessing_models_simulation/datasets/multiple_GenerationMixturefewersignaturespairedCNSGBMPCAWG_50_200_80_4_-10_NA_NA_NA_dataset11.RDS
    output: ../data/assessing_models_simulation/inference_results/TMB/nlminb/multiple_GenerationMixturefewersignaturespairedCNSGBMPCAWG_50_200_80_4_-10_diagREDM_NA_NA_NA_dataset11.RDS
    log: logs/inference/nlminb/simulation_GenerationMixturefewersignaturespairedCNSGBMPCAWG_50_200_80_4_-10_ModeldiagREDM_NA_NA_NA_dataset11.log
    jobid: 2037
    wildcards: optimiser=nlminb, datasetgeneration=GenerationMixturefewersignaturespairedCNSGBMPCAWG, n=50, nlambda=200, lmbda=80, d=4, beta_intensity=-10, model=diagREDM, fixed_beta_intercept=NA, fixed_beta_slope=NA, sdRE_input=NA, itnum=11

Rscript 2_inference_TMB/run_TMB.R --input ../data/assessing_models_simulation/datasets/multiple_GenerationMixturefewersignaturespairedCNSGBMPCAWG_50_200_80_4_-10_NA_NA_NA_dataset11.RDS --output ../data/assessing_models_simulation/inference_results/TMB/nlminb/multiple_GenerationMixturefewersignaturespairedCNSGBMPCAWG_50_200_80_4_-10_diagREDM_NA_NA_NA_dataset11.RDS --model diagREDM --optimiser nlminb  --use_previous_run_startingvals T
[Wed Feb  2 00:14:53 2022]
Finished job 2037.
5 of 207 steps (2%) done

[Wed Feb  2 00:14:53 2022]
rule inference_simulation_TMB_multiple:
    input: ../data/assessing_models_simulation/datasets/multiple_GenerationMixturefewersignaturespairedCNSGBMPCAWG_50_200_80_4_-10_NA_NA_NA_dataset11.RDS
    output: ../data/assessing_models_simulation/inference_results/TMB/nlminb/multiple_GenerationMixturefewersignaturespairedCNSGBMPCAWG_50_200_80_4_-10_fullREM_NA_NA_NA_dataset11.RDS
    log: logs/inference/nlminb/simulation_GenerationMixturefewersignaturespairedCNSGBMPCAWG_50_200_80_4_-10_ModelfullREM_NA_NA_NA_dataset11.log
    jobid: 57
    wildcards: optimiser=nlminb, datasetgeneration=GenerationMixturefewersignaturespairedCNSGBMPCAWG, n=50, nlambda=200, lmbda=80, d=4, beta_intensity=-10, model=fullREM, fixed_beta_intercept=NA, fixed_beta_slope=NA, sdRE_input=NA, itnum=11

Rscript 2_inference_TMB/run_TMB.R --input ../data/assessing_models_simulation/datasets/multiple_GenerationMixturefewersignaturespairedCNSGBMPCAWG_50_200_80_4_-10_NA_NA_NA_dataset11.RDS --output ../data/assessing_models_simulation/inference_results/TMB/nlminb/multiple_GenerationMixturefewersignaturespairedCNSGBMPCAWG_50_200_80_4_-10_fullREM_NA_NA_NA_dataset11.RDS --model fullREM --optimiser nlminb  --use_previous_run_startingvals T
[Wed Feb  2 00:14:56 2022]
Finished job 57.
6 of 207 steps (3%) done

[Wed Feb  2 00:14:56 2022]
rule simulate_for_comparison_multiple:
    input: ../data/assessing_models_simulation/GenerationMixturefewersignaturespairedCNSGBMPCAWG
    output: ../data/assessing_models_simulation/datasets/multiple_GenerationMixturefewersignaturespairedCNSGBMPCAWG_100_200_80_4_8_NA_NA_NA_dataset10.RDS
    jobid: 3056
    wildcards: datasetgeneration=GenerationMixturefewersignaturespairedCNSGBMPCAWG, n=100, nlambda=200, lmbda=80, d=4, beta_intensity=8, fixed_beta_intercept=NA, fixed_beta_slope=NA, sdRE_input=NA, itnum=10

Rscript --vanilla 3_analysis/simulation_model_assessment/generate_datasets_simulations/GenerationMixturefewersignaturespairedCNSGBMPCAWG.R --input ../data/assessing_models_simulation/GenerationMixturefewersignaturespairedCNSGBMPCAWG --d 4 --n 100 --nlambda 200 --lambda 80 --beta_gamma_shape 8 --outfile ../data/assessing_models_simulation/datasets/multiple_GenerationMixturefewersignaturespairedCNSGBMPCAWG_100_200_80_4_8_NA_NA_NA_dataset10.RDS --beta_intercept_input NA --beta_slope_input NA --sdRE_input NA
[Wed Feb  2 00:14:56 2022]
Finished job 3056.
7 of 207 steps (3%) done

[Wed Feb  2 00:14:56 2022]
rule inference_simulation_TMB_multiple:
    input: ../data/assessing_models_simulation/datasets/multiple_GenerationMixturefewersignaturespairedCNSGBMPCAWG_100_200_80_4_8_NA_NA_NA_dataset10.RDS
    output: ../data/assessing_models_simulation/inference_results/TMB/nlminb/multiple_GenerationMixturefewersignaturespairedCNSGBMPCAWG_100_200_80_4_8_fullREDMsinglelambda_NA_NA_NA_dataset10.RDS
    log: logs/inference/nlminb/simulation_GenerationMixturefewersignaturespairedCNSGBMPCAWG_100_200_80_4_8_ModelfullREDMsinglelambda_NA_NA_NA_dataset10.log
    jobid: 1076
    wildcards: optimiser=nlminb, datasetgeneration=GenerationMixturefewersignaturespairedCNSGBMPCAWG, n=100, nlambda=200, lmbda=80, d=4, beta_intensity=8, model=fullREDMsinglelambda, fixed_beta_intercept=NA, fixed_beta_slope=NA, sdRE_input=NA, itnum=10

Rscript 2_inference_TMB/run_TMB.R --input ../data/assessing_models_simulation/datasets/multiple_GenerationMixturefewersignaturespairedCNSGBMPCAWG_100_200_80_4_8_NA_NA_NA_dataset10.RDS --output ../data/assessing_models_simulation/inference_results/TMB/nlminb/multiple_GenerationMixturefewersignaturespairedCNSGBMPCAWG_100_200_80_4_8_fullREDMsinglelambda_NA_NA_NA_dataset10.RDS --model fullREDMsinglelambda --optimiser nlminb  --use_previous_run_startingvals T
[Wed Feb  2 00:15:07 2022]
Finished job 1076.
8 of 207 steps (4%) done

[Wed Feb  2 00:15:07 2022]
rule inference_simulation_TMB_multiple:
    input: ../data/assessing_models_simulation/datasets/multiple_GenerationMixturefewersignaturespairedCNSGBMPCAWG_100_200_80_4_8_NA_NA_NA_dataset10.RDS
    output: ../data/assessing_models_simulation/inference_results/TMB/nlminb/multiple_GenerationMixturefewersignaturespairedCNSGBMPCAWG_100_200_80_4_8_diagREDMsinglelambda_NA_NA_NA_dataset10.RDS
    log: logs/inference/nlminb/simulation_GenerationMixturefewersignaturespairedCNSGBMPCAWG_100_200_80_4_8_ModeldiagREDMsinglelambda_NA_NA_NA_dataset10.log
    jobid: 1736
    wildcards: optimiser=nlminb, datasetgeneration=GenerationMixturefewersignaturespairedCNSGBMPCAWG, n=100, nlambda=200, lmbda=80, d=4, beta_intensity=8, model=diagREDMsinglelambda, fixed_beta_intercept=NA, fixed_beta_slope=NA, sdRE_input=NA, itnum=10

Rscript 2_inference_TMB/run_TMB.R --input ../data/assessing_models_simulation/datasets/multiple_GenerationMixturefewersignaturespairedCNSGBMPCAWG_100_200_80_4_8_NA_NA_NA_dataset10.RDS --output ../data/assessing_models_simulation/inference_results/TMB/nlminb/multiple_GenerationMixturefewersignaturespairedCNSGBMPCAWG_100_200_80_4_8_diagREDMsinglelambda_NA_NA_NA_dataset10.RDS --model diagREDMsinglelambda --optimiser nlminb  --use_previous_run_startingvals T
[Wed Feb  2 00:15:16 2022]
Finished job 1736.
9 of 207 steps (4%) done

[Wed Feb  2 00:15:16 2022]
rule inference_simulation_TMB_multiple:
    input: ../data/assessing_models_simulation/datasets/multiple_GenerationMixturefewersignaturespairedCNSGBMPCAWG_100_200_80_4_8_NA_NA_NA_dataset10.RDS
    output: ../data/assessing_models_simulation/inference_results/TMB/nlminb/multiple_GenerationMixturefewersignaturespairedCNSGBMPCAWG_100_200_80_4_8_diagREDM_NA_NA_NA_dataset10.RDS
    log: logs/inference/nlminb/simulation_GenerationMixturefewersignaturespairedCNSGBMPCAWG_100_200_80_4_8_ModeldiagREDM_NA_NA_NA_dataset10.log
    jobid: 2396
    wildcards: optimiser=nlminb, datasetgeneration=GenerationMixturefewersignaturespairedCNSGBMPCAWG, n=100, nlambda=200, lmbda=80, d=4, beta_intensity=8, model=diagREDM, fixed_beta_intercept=NA, fixed_beta_slope=NA, sdRE_input=NA, itnum=10

Rscript 2_inference_TMB/run_TMB.R --input ../data/assessing_models_simulation/datasets/multiple_GenerationMixturefewersignaturespairedCNSGBMPCAWG_100_200_80_4_8_NA_NA_NA_dataset10.RDS --output ../data/assessing_models_simulation/inference_results/TMB/nlminb/multiple_GenerationMixturefewersignaturespairedCNSGBMPCAWG_100_200_80_4_8_diagREDM_NA_NA_NA_dataset10.RDS --model diagREDM --optimiser nlminb  --use_previous_run_startingvals T
[Wed Feb  2 00:15:26 2022]
Finished job 2396.
10 of 207 steps (5%) done

[Wed Feb  2 00:15:26 2022]
rule inference_simulation_TMB_multiple:
    input: ../data/assessing_models_simulation/datasets/multiple_GenerationMixturefewersignaturespairedCNSGBMPCAWG_100_200_80_4_8_NA_NA_NA_dataset10.RDS
    output: ../data/assessing_models_simulation/inference_results/TMB/nlminb/multiple_GenerationMixturefewersignaturespairedCNSGBMPCAWG_100_200_80_4_8_fullREM_NA_NA_NA_dataset10.RDS
    log: logs/inference/nlminb/simulation_GenerationMixturefewersignaturespairedCNSGBMPCAWG_100_200_80_4_8_ModelfullREM_NA_NA_NA_dataset10.log
    jobid: 416
    wildcards: optimiser=nlminb, datasetgeneration=GenerationMixturefewersignaturespairedCNSGBMPCAWG, n=100, nlambda=200, lmbda=80, d=4, beta_intensity=8, model=fullREM, fixed_beta_intercept=NA, fixed_beta_slope=NA, sdRE_input=NA, itnum=10

Rscript 2_inference_TMB/run_TMB.R --input ../data/assessing_models_simulation/datasets/multiple_GenerationMixturefewersignaturespairedCNSGBMPCAWG_100_200_80_4_8_NA_NA_NA_dataset10.RDS --output ../data/assessing_models_simulation/inference_results/TMB/nlminb/multiple_GenerationMixturefewersignaturespairedCNSGBMPCAWG_100_200_80_4_8_fullREM_NA_NA_NA_dataset10.RDS --model fullREM --optimiser nlminb  --use_previous_run_startingvals T
[Wed Feb  2 00:15:31 2022]
Finished job 416.
11 of 207 steps (5%) done

[Wed Feb  2 00:15:31 2022]
rule simulate_for_comparison_multiple:
    input: ../data/assessing_models_simulation/GenerationMixturefewersignaturespairedCNSGBMPCAWG
    output: ../data/assessing_models_simulation/datasets/multiple_GenerationMixturefewersignaturespairedCNSGBMPCAWG_200_200_80_4_-1_NA_NA_NA_dataset10.RDS
    jobid: 3216
    wildcards: datasetgeneration=GenerationMixturefewersignaturespairedCNSGBMPCAWG, n=200, nlambda=200, lmbda=80, d=4, beta_intensity=-1, fixed_beta_intercept=NA, fixed_beta_slope=NA, sdRE_input=NA, itnum=10

Rscript --vanilla 3_analysis/simulation_model_assessment/generate_datasets_simulations/GenerationMixturefewersignaturespairedCNSGBMPCAWG.R --input ../data/assessing_models_simulation/GenerationMixturefewersignaturespairedCNSGBMPCAWG --d 4 --n 200 --nlambda 200 --lambda 80 --beta_gamma_shape -1 --outfile ../data/assessing_models_simulation/datasets/multiple_GenerationMixturefewersignaturespairedCNSGBMPCAWG_200_200_80_4_-1_NA_NA_NA_dataset10.RDS --beta_intercept_input NA --beta_slope_input NA --sdRE_input NA
[Wed Feb  2 00:15:31 2022]
Finished job 3216.
12 of 207 steps (6%) done

[Wed Feb  2 00:15:31 2022]
rule inference_simulation_TMB_multiple:
    input: ../data/assessing_models_simulation/datasets/multiple_GenerationMixturefewersignaturespairedCNSGBMPCAWG_200_200_80_4_-1_NA_NA_NA_dataset10.RDS
    output: ../data/assessing_models_simulation/inference_results/TMB/nlminb/multiple_GenerationMixturefewersignaturespairedCNSGBMPCAWG_200_200_80_4_-1_fullREDMsinglelambda_NA_NA_NA_dataset10.RDS
    log: logs/inference/nlminb/simulation_GenerationMixturefewersignaturespairedCNSGBMPCAWG_200_200_80_4_-1_ModelfullREDMsinglelambda_NA_NA_NA_dataset10.log
    jobid: 1236
    wildcards: optimiser=nlminb, datasetgeneration=GenerationMixturefewersignaturespairedCNSGBMPCAWG, n=200, nlambda=200, lmbda=80, d=4, beta_intensity=-1, model=fullREDMsinglelambda, fixed_beta_intercept=NA, fixed_beta_slope=NA, sdRE_input=NA, itnum=10

Rscript 2_inference_TMB/run_TMB.R --input ../data/assessing_models_simulation/datasets/multiple_GenerationMixturefewersignaturespairedCNSGBMPCAWG_200_200_80_4_-1_NA_NA_NA_dataset10.RDS --output ../data/assessing_models_simulation/inference_results/TMB/nlminb/multiple_GenerationMixturefewersignaturespairedCNSGBMPCAWG_200_200_80_4_-1_fullREDMsinglelambda_NA_NA_NA_dataset10.RDS --model fullREDMsinglelambda --optimiser nlminb  --use_previous_run_startingvals T
[Wed Feb  2 00:15:49 2022]
Finished job 1236.
13 of 207 steps (6%) done

[Wed Feb  2 00:15:49 2022]
rule inference_simulation_TMB_multiple:
    input: ../data/assessing_models_simulation/datasets/multiple_GenerationMixturefewersignaturespairedCNSGBMPCAWG_200_200_80_4_-1_NA_NA_NA_dataset10.RDS
    output: ../data/assessing_models_simulation/inference_results/TMB/nlminb/multiple_GenerationMixturefewersignaturespairedCNSGBMPCAWG_200_200_80_4_-1_diagREDM_NA_NA_NA_dataset10.RDS
    log: logs/inference/nlminb/simulation_GenerationMixturefewersignaturespairedCNSGBMPCAWG_200_200_80_4_-1_ModeldiagREDM_NA_NA_NA_dataset10.log
    jobid: 2556
    wildcards: optimiser=nlminb, datasetgeneration=GenerationMixturefewersignaturespairedCNSGBMPCAWG, n=200, nlambda=200, lmbda=80, d=4, beta_intensity=-1, model=diagREDM, fixed_beta_intercept=NA, fixed_beta_slope=NA, sdRE_input=NA, itnum=10

Rscript 2_inference_TMB/run_TMB.R --input ../data/assessing_models_simulation/datasets/multiple_GenerationMixturefewersignaturespairedCNSGBMPCAWG_200_200_80_4_-1_NA_NA_NA_dataset10.RDS --output ../data/assessing_models_simulation/inference_results/TMB/nlminb/multiple_GenerationMixturefewersignaturespairedCNSGBMPCAWG_200_200_80_4_-1_diagREDM_NA_NA_NA_dataset10.RDS --model diagREDM --optimiser nlminb  --use_previous_run_startingvals T
[Wed Feb  2 00:16:06 2022]
Finished job 2556.
14 of 207 steps (7%) done

[Wed Feb  2 00:16:06 2022]
rule inference_simulation_TMB_multiple:
    input: ../data/assessing_models_simulation/datasets/multiple_GenerationMixturefewersignaturespairedCNSGBMPCAWG_200_200_80_4_-1_NA_NA_NA_dataset10.RDS
    output: ../data/assessing_models_simulation/inference_results/TMB/nlminb/multiple_GenerationMixturefewersignaturespairedCNSGBMPCAWG_200_200_80_4_-1_diagREDMsinglelambda_NA_NA_NA_dataset10.RDS
    log: logs/inference/nlminb/simulation_GenerationMixturefewersignaturespairedCNSGBMPCAWG_200_200_80_4_-1_ModeldiagREDMsinglelambda_NA_NA_NA_dataset10.log
    jobid: 1896
    wildcards: optimiser=nlminb, datasetgeneration=GenerationMixturefewersignaturespairedCNSGBMPCAWG, n=200, nlambda=200, lmbda=80, d=4, beta_intensity=-1, model=diagREDMsinglelambda, fixed_beta_intercept=NA, fixed_beta_slope=NA, sdRE_input=NA, itnum=10

Rscript 2_inference_TMB/run_TMB.R --input ../data/assessing_models_simulation/datasets/multiple_GenerationMixturefewersignaturespairedCNSGBMPCAWG_200_200_80_4_-1_NA_NA_NA_dataset10.RDS --output ../data/assessing_models_simulation/inference_results/TMB/nlminb/multiple_GenerationMixturefewersignaturespairedCNSGBMPCAWG_200_200_80_4_-1_diagREDMsinglelambda_NA_NA_NA_dataset10.RDS --model diagREDMsinglelambda --optimiser nlminb  --use_previous_run_startingvals T
[Wed Feb  2 00:16:21 2022]
Finished job 1896.
15 of 207 steps (7%) done

[Wed Feb  2 00:16:21 2022]
rule inference_simulation_TMB_multiple:
    input: ../data/assessing_models_simulation/datasets/multiple_GenerationMixturefewersignaturespairedCNSGBMPCAWG_200_200_80_4_-1_NA_NA_NA_dataset10.RDS
    output: ../data/assessing_models_simulation/inference_results/TMB/nlminb/multiple_GenerationMixturefewersignaturespairedCNSGBMPCAWG_200_200_80_4_-1_fullREM_NA_NA_NA_dataset10.RDS
    log: logs/inference/nlminb/simulation_GenerationMixturefewersignaturespairedCNSGBMPCAWG_200_200_80_4_-1_ModelfullREM_NA_NA_NA_dataset10.log
    jobid: 576
    wildcards: optimiser=nlminb, datasetgeneration=GenerationMixturefewersignaturespairedCNSGBMPCAWG, n=200, nlambda=200, lmbda=80, d=4, beta_intensity=-1, model=fullREM, fixed_beta_intercept=NA, fixed_beta_slope=NA, sdRE_input=NA, itnum=10

Rscript 2_inference_TMB/run_TMB.R --input ../data/assessing_models_simulation/datasets/multiple_GenerationMixturefewersignaturespairedCNSGBMPCAWG_200_200_80_4_-1_NA_NA_NA_dataset10.RDS --output ../data/assessing_models_simulation/inference_results/TMB/nlminb/multiple_GenerationMixturefewersignaturespairedCNSGBMPCAWG_200_200_80_4_-1_fullREM_NA_NA_NA_dataset10.RDS --model fullREM --optimiser nlminb  --use_previous_run_startingvals T
[Wed Feb  2 00:16:28 2022]
Finished job 576.
16 of 207 steps (8%) done

[Wed Feb  2 00:16:28 2022]
rule simulate_for_comparison_multiple:
    input: ../data/assessing_models_simulation/GenerationMixturefewersignaturespairedCNSGBMPCAWG
    output: ../data/assessing_models_simulation/datasets/multiple_GenerationMixturefewersignaturespairedCNSGBMPCAWG_200_200_80_4_12_NA_NA_NA_dataset4.RDS
    jobid: 3290
    wildcards: datasetgeneration=GenerationMixturefewersignaturespairedCNSGBMPCAWG, n=200, nlambda=200, lmbda=80, d=4, beta_intensity=12, fixed_beta_intercept=NA, fixed_beta_slope=NA, sdRE_input=NA, itnum=4

Rscript --vanilla 3_analysis/simulation_model_assessment/generate_datasets_simulations/GenerationMixturefewersignaturespairedCNSGBMPCAWG.R --input ../data/assessing_models_simulation/GenerationMixturefewersignaturespairedCNSGBMPCAWG --d 4 --n 200 --nlambda 200 --lambda 80 --beta_gamma_shape 12 --outfile ../data/assessing_models_simulation/datasets/multiple_GenerationMixturefewersignaturespairedCNSGBMPCAWG_200_200_80_4_12_NA_NA_NA_dataset4.RDS --beta_intercept_input NA --beta_slope_input NA --sdRE_input NA
[Wed Feb  2 00:16:28 2022]
Finished job 3290.
17 of 207 steps (8%) done

[Wed Feb  2 00:16:28 2022]
rule inference_simulation_TMB_multiple:
    input: ../data/assessing_models_simulation/datasets/multiple_GenerationMixturefewersignaturespairedCNSGBMPCAWG_200_200_80_4_12_NA_NA_NA_dataset4.RDS
    output: ../data/assessing_models_simulation/inference_results/TMB/nlminb/multiple_GenerationMixturefewersignaturespairedCNSGBMPCAWG_200_200_80_4_12_fullREDMsinglelambda_NA_NA_NA_dataset4.RDS
    log: logs/inference/nlminb/simulation_GenerationMixturefewersignaturespairedCNSGBMPCAWG_200_200_80_4_12_ModelfullREDMsinglelambda_NA_NA_NA_dataset4.log
    jobid: 1310
    wildcards: optimiser=nlminb, datasetgeneration=GenerationMixturefewersignaturespairedCNSGBMPCAWG, n=200, nlambda=200, lmbda=80, d=4, beta_intensity=12, model=fullREDMsinglelambda, fixed_beta_intercept=NA, fixed_beta_slope=NA, sdRE_input=NA, itnum=4

Rscript 2_inference_TMB/run_TMB.R --input ../data/assessing_models_simulation/datasets/multiple_GenerationMixturefewersignaturespairedCNSGBMPCAWG_200_200_80_4_12_NA_NA_NA_dataset4.RDS --output ../data/assessing_models_simulation/inference_results/TMB/nlminb/multiple_GenerationMixturefewersignaturespairedCNSGBMPCAWG_200_200_80_4_12_fullREDMsinglelambda_NA_NA_NA_dataset4.RDS --model fullREDMsinglelambda --optimiser nlminb  --use_previous_run_startingvals T
[Wed Feb  2 00:16:48 2022]
Error in rule inference_simulation_TMB_multiple:
    jobid: 1310
    output: ../data/assessing_models_simulation/inference_results/TMB/nlminb/multiple_GenerationMixturefewersignaturespairedCNSGBMPCAWG_200_200_80_4_12_fullREDMsinglelambda_NA_NA_NA_dataset4.RDS
    log: logs/inference/nlminb/simulation_GenerationMixturefewersignaturespairedCNSGBMPCAWG_200_200_80_4_12_ModelfullREDMsinglelambda_NA_NA_NA_dataset4.log (check log file(s) for error message)
    shell:
        Rscript 2_inference_TMB/run_TMB.R --input ../data/assessing_models_simulation/datasets/multiple_GenerationMixturefewersignaturespairedCNSGBMPCAWG_200_200_80_4_12_NA_NA_NA_dataset4.RDS --output ../data/assessing_models_simulation/inference_results/TMB/nlminb/multiple_GenerationMixturefewersignaturespairedCNSGBMPCAWG_200_200_80_4_12_fullREDMsinglelambda_NA_NA_NA_dataset4.RDS --model fullREDMsinglelambda --optimiser nlminb  --use_previous_run_startingvals T

Shutting down, this might take some time.
Exiting because a job execution failed. Look above for error message
Complete log: /Users/morril01/Documents/PhD/GlobalDA/code/.snakemake/log/2022-02-02T001414.684816.snakemake.log
