Building DAG of jobs...
Using shell: /usr/local/bin/bash
Provided cores: 1
Rules claiming more threads will be scaled down.
Job counts:
	count	jobs
	1	all
	4	analyse_simulation_TMB_multiple
	1	analyse_simulation_TMB_multiple_integrate
	37	inference_simulation_TMB_multiple
	9	simulate_for_comparison_multiple
	52

[Tue Jan 11 07:18:43 2022]
rule inference_simulation_TMB_multiple:
    input: ../data/assessing_models_simulation/datasets/multiple_GenerationMixturePCAWG_200_200_80_7_0.01_NA_NA_NA_dataset0.RDS
    output: ../data/assessing_models_simulation/inference_results/TMB/nlminb/multiple_GenerationMixturePCAWG_200_200_80_7_0.01_fullREDMsinglelambda_NA_NA_NA_dataset0.RDS
    log: logs/inference/nlminb/simulation_GenerationMixturePCAWG_200_200_80_7_0.01_ModelfullREDMsinglelambda_NA_NA_NA_dataset0.log
    jobid: 27
    wildcards: optimiser=nlminb, datasetgeneration=GenerationMixturePCAWG, n=200, nlambda=200, lmbda=80, d=7, beta_intensity=0.01, model=fullREDMsinglelambda, fixed_beta_intercept=NA, fixed_beta_slope=NA, sdRE_input=NA, itnum=0

Rscript 2_inference_TMB/run_TMB.R --input ../data/assessing_models_simulation/datasets/multiple_GenerationMixturePCAWG_200_200_80_7_0.01_NA_NA_NA_dataset0.RDS --output ../data/assessing_models_simulation/inference_results/TMB/nlminb/multiple_GenerationMixturePCAWG_200_200_80_7_0.01_fullREDMsinglelambda_NA_NA_NA_dataset0.RDS --model fullREDMsinglelambda --optimiser nlminb  --use_previous_run_startingvals T
[Tue Jan 11 07:19:17 2022]
Finished job 27.
1 of 52 steps (2%) done

[Tue Jan 11 07:19:17 2022]
rule simulate_for_comparison_multiple:
    input: ../data/assessing_models_simulation/GenerationMixturePCAWG
    output: ../data/assessing_models_simulation/datasets/multiple_GenerationMixturePCAWG_200_200_80_7_0.6_NA_NA_NA_dataset0.RDS
    jobid: 65
    wildcards: datasetgeneration=GenerationMixturePCAWG, n=200, nlambda=200, lmbda=80, d=7, beta_intensity=0.6, fixed_beta_intercept=NA, fixed_beta_slope=NA, sdRE_input=NA, itnum=0

Rscript --vanilla 3_analysis/simulation_model_assessment/generate_datasets_simulations/GenerationMixturePCAWG.R --input ../data/assessing_models_simulation/GenerationMixturePCAWG --d 7 --n 200 --nlambda 200 --lambda 80 --beta_gamma_shape 0.6 --outfile ../data/assessing_models_simulation/datasets/multiple_GenerationMixturePCAWG_200_200_80_7_0.6_NA_NA_NA_dataset0.RDS --beta_intercept_input NA --beta_slope_input NA --sdRE_input NA
[Tue Jan 11 07:19:17 2022]
Finished job 65.
2 of 52 steps (4%) done

[Tue Jan 11 07:19:17 2022]
rule inference_simulation_TMB_multiple:
    input: ../data/assessing_models_simulation/datasets/multiple_GenerationMixturePCAWG_200_200_80_7_0.6_NA_NA_NA_dataset0.RDS
    output: ../data/assessing_models_simulation/inference_results/TMB/nlminb/multiple_GenerationMixturePCAWG_200_200_80_7_0.6_fullREM_NA_NA_NA_dataset0.RDS
    log: logs/inference/nlminb/simulation_GenerationMixturePCAWG_200_200_80_7_0.6_ModelfullREM_NA_NA_NA_dataset0.log
    jobid: 17
    wildcards: optimiser=nlminb, datasetgeneration=GenerationMixturePCAWG, n=200, nlambda=200, lmbda=80, d=7, beta_intensity=0.6, model=fullREM, fixed_beta_intercept=NA, fixed_beta_slope=NA, sdRE_input=NA, itnum=0

Rscript 2_inference_TMB/run_TMB.R --input ../data/assessing_models_simulation/datasets/multiple_GenerationMixturePCAWG_200_200_80_7_0.6_NA_NA_NA_dataset0.RDS --output ../data/assessing_models_simulation/inference_results/TMB/nlminb/multiple_GenerationMixturePCAWG_200_200_80_7_0.6_fullREM_NA_NA_NA_dataset0.RDS --model fullREM --optimiser nlminb  --use_previous_run_startingvals T
[Tue Jan 11 07:19:35 2022]
Finished job 17.
3 of 52 steps (6%) done

[Tue Jan 11 07:19:35 2022]
rule inference_simulation_TMB_multiple:
    input: ../data/assessing_models_simulation/datasets/multiple_GenerationMixturePCAWG_200_200_80_7_0.6_NA_NA_NA_dataset0.RDS
    output: ../data/assessing_models_simulation/inference_results/TMB/nlminb/multiple_GenerationMixturePCAWG_200_200_80_7_0.6_diagREDMsinglelambda_NA_NA_NA_dataset0.RDS
    log: logs/inference/nlminb/simulation_GenerationMixturePCAWG_200_200_80_7_0.6_ModeldiagREDMsinglelambda_NA_NA_NA_dataset0.log
    jobid: 41
    wildcards: optimiser=nlminb, datasetgeneration=GenerationMixturePCAWG, n=200, nlambda=200, lmbda=80, d=7, beta_intensity=0.6, model=diagREDMsinglelambda, fixed_beta_intercept=NA, fixed_beta_slope=NA, sdRE_input=NA, itnum=0

Rscript 2_inference_TMB/run_TMB.R --input ../data/assessing_models_simulation/datasets/multiple_GenerationMixturePCAWG_200_200_80_7_0.6_NA_NA_NA_dataset0.RDS --output ../data/assessing_models_simulation/inference_results/TMB/nlminb/multiple_GenerationMixturePCAWG_200_200_80_7_0.6_diagREDMsinglelambda_NA_NA_NA_dataset0.RDS --model diagREDMsinglelambda --optimiser nlminb  --use_previous_run_startingvals T
[Tue Jan 11 07:20:16 2022]
Finished job 41.
4 of 52 steps (8%) done

[Tue Jan 11 07:20:16 2022]
rule inference_simulation_TMB_multiple:
    input: ../data/assessing_models_simulation/datasets/multiple_GenerationMixturePCAWG_200_200_80_7_0.6_NA_NA_NA_dataset0.RDS
    output: ../data/assessing_models_simulation/inference_results/TMB/nlminb/multiple_GenerationMixturePCAWG_200_200_80_7_0.6_diagREDM_NA_NA_NA_dataset0.RDS
    log: logs/inference/nlminb/simulation_GenerationMixturePCAWG_200_200_80_7_0.6_ModeldiagREDM_NA_NA_NA_dataset0.log
    jobid: 53
    wildcards: optimiser=nlminb, datasetgeneration=GenerationMixturePCAWG, n=200, nlambda=200, lmbda=80, d=7, beta_intensity=0.6, model=diagREDM, fixed_beta_intercept=NA, fixed_beta_slope=NA, sdRE_input=NA, itnum=0

Rscript 2_inference_TMB/run_TMB.R --input ../data/assessing_models_simulation/datasets/multiple_GenerationMixturePCAWG_200_200_80_7_0.6_NA_NA_NA_dataset0.RDS --output ../data/assessing_models_simulation/inference_results/TMB/nlminb/multiple_GenerationMixturePCAWG_200_200_80_7_0.6_diagREDM_NA_NA_NA_dataset0.RDS --model diagREDM --optimiser nlminb  --use_previous_run_startingvals T
[Tue Jan 11 07:21:18 2022]
Error in rule inference_simulation_TMB_multiple:
    jobid: 53
    output: ../data/assessing_models_simulation/inference_results/TMB/nlminb/multiple_GenerationMixturePCAWG_200_200_80_7_0.6_diagREDM_NA_NA_NA_dataset0.RDS
    log: logs/inference/nlminb/simulation_GenerationMixturePCAWG_200_200_80_7_0.6_ModeldiagREDM_NA_NA_NA_dataset0.log (check log file(s) for error message)
    shell:
        Rscript 2_inference_TMB/run_TMB.R --input ../data/assessing_models_simulation/datasets/multiple_GenerationMixturePCAWG_200_200_80_7_0.6_NA_NA_NA_dataset0.RDS --output ../data/assessing_models_simulation/inference_results/TMB/nlminb/multiple_GenerationMixturePCAWG_200_200_80_7_0.6_diagREDM_NA_NA_NA_dataset0.RDS --model diagREDM --optimiser nlminb  --use_previous_run_startingvals T

Shutting down, this might take some time.
Exiting because a job execution failed. Look above for error message
Complete log: /Users/morril01/Documents/PhD/GlobalDA/code/.snakemake/log/2022-01-11T071842.606459.snakemake.log
