Building DAG of jobs...
Using shell: /usr/local/bin/bash
Provided cores: 1
Rules claiming more threads will be scaled down.
Job counts:
	count	jobs
	1	all
	4	analyse_simulation_TMB_multiple
	1	analyse_simulation_TMB_multiple_integrate
	663	inference_simulation_TMB_multiple
	165	simulate_for_comparison_multiple
	834

[Thu Jan 13 15:26:27 2022]
rule inference_simulation_TMB_multiple:
    input: ../data/assessing_models_simulation/datasets/multiple_GenerationMixturefewersignaturespairedPCAWG_100_200_80_4_-2_NA_NA_NA_dataset8.RDS
    output: ../data/assessing_models_simulation/inference_results/TMB/nlminb/multiple_GenerationMixturefewersignaturespairedPCAWG_100_200_80_4_-2_fullREM_NA_NA_NA_dataset8.RDS
    log: logs/inference/nlminb/simulation_GenerationMixturefewersignaturespairedPCAWG_100_200_80_4_-2_ModelfullREM_NA_NA_NA_dataset8.log
    jobid: 234
    wildcards: optimiser=nlminb, datasetgeneration=GenerationMixturefewersignaturespairedPCAWG, n=100, nlambda=200, lmbda=80, d=4, beta_intensity=-2, model=fullREM, fixed_beta_intercept=NA, fixed_beta_slope=NA, sdRE_input=NA, itnum=8

Rscript 2_inference_TMB/run_TMB.R --input ../data/assessing_models_simulation/datasets/multiple_GenerationMixturefewersignaturespairedPCAWG_100_200_80_4_-2_NA_NA_NA_dataset8.RDS --output ../data/assessing_models_simulation/inference_results/TMB/nlminb/multiple_GenerationMixturefewersignaturespairedPCAWG_100_200_80_4_-2_fullREM_NA_NA_NA_dataset8.RDS --model fullREM --optimiser nlminb  --use_previous_run_startingvals T
[Thu Jan 13 15:26:31 2022]
Finished job 234.
1 of 834 steps (0.12%) done

[Thu Jan 13 15:26:31 2022]
rule inference_simulation_TMB_multiple:
    input: ../data/assessing_models_simulation/datasets/multiple_GenerationMixturefewersignaturespairedPCAWG_100_200_80_4_-2_NA_NA_NA_dataset8.RDS
    output: ../data/assessing_models_simulation/inference_results/TMB/nlminb/multiple_GenerationMixturefewersignaturespairedPCAWG_100_200_80_4_-2_diagREDM_NA_NA_NA_dataset8.RDS
    log: logs/inference/nlminb/simulation_GenerationMixturefewersignaturespairedPCAWG_100_200_80_4_-2_ModeldiagREDM_NA_NA_NA_dataset8.log
    jobid: 1314
    wildcards: optimiser=nlminb, datasetgeneration=GenerationMixturefewersignaturespairedPCAWG, n=100, nlambda=200, lmbda=80, d=4, beta_intensity=-2, model=diagREDM, fixed_beta_intercept=NA, fixed_beta_slope=NA, sdRE_input=NA, itnum=8

Rscript 2_inference_TMB/run_TMB.R --input ../data/assessing_models_simulation/datasets/multiple_GenerationMixturefewersignaturespairedPCAWG_100_200_80_4_-2_NA_NA_NA_dataset8.RDS --output ../data/assessing_models_simulation/inference_results/TMB/nlminb/multiple_GenerationMixturefewersignaturespairedPCAWG_100_200_80_4_-2_diagREDM_NA_NA_NA_dataset8.RDS --model diagREDM --optimiser nlminb  --use_previous_run_startingvals T
[Thu Jan 13 15:26:39 2022]
Error in rule inference_simulation_TMB_multiple:
    jobid: 1314
    output: ../data/assessing_models_simulation/inference_results/TMB/nlminb/multiple_GenerationMixturefewersignaturespairedPCAWG_100_200_80_4_-2_diagREDM_NA_NA_NA_dataset8.RDS
    log: logs/inference/nlminb/simulation_GenerationMixturefewersignaturespairedPCAWG_100_200_80_4_-2_ModeldiagREDM_NA_NA_NA_dataset8.log (check log file(s) for error message)
    shell:
        Rscript 2_inference_TMB/run_TMB.R --input ../data/assessing_models_simulation/datasets/multiple_GenerationMixturefewersignaturespairedPCAWG_100_200_80_4_-2_NA_NA_NA_dataset8.RDS --output ../data/assessing_models_simulation/inference_results/TMB/nlminb/multiple_GenerationMixturefewersignaturespairedPCAWG_100_200_80_4_-2_diagREDM_NA_NA_NA_dataset8.RDS --model diagREDM --optimiser nlminb  --use_previous_run_startingvals T

Shutting down, this might take some time.
Exiting because a job execution failed. Look above for error message
Complete log: /Users/morril01/Documents/PhD/GlobalDA/code/.snakemake/log/2022-01-13T152622.406092.snakemake.log
