Building DAG of jobs...
Using shell: /usr/local/bin/bash
Provided cores: 1
Rules claiming more threads will be scaled down.
Job counts:
	count	jobs
	1	all
	4	analyse_simulation_TMB_multiple
	569	inference_simulation_TMB_multiple
	142	simulate_for_comparison_multiple
	716

[Fri Feb 18 01:09:28 2022]
rule inference_simulation_TMB_multiple:
    input: ../data/assessing_models_simulation/datasets/multiple_GenerationPois_50_100_80_4_0.3_NA_NA_NA_dataset3.RDS
    output: ../data/assessing_models_simulation/inference_results/TMB/nlminb/multiple_GenerationPois_50_100_80_4_0.3_diagREDM_NA_NA_NA_dataset3.RDS
    log: logs/inference/nlminb/simulation_GenerationPois_50_100_80_4_0.3_ModeldiagREDM_NA_NA_NA_dataset3.log
    jobid: 410
    wildcards: optimiser=nlminb, datasetgeneration=GenerationPois, n=50, nlambda=100, lmbda=80, d=4, beta_intensity=0.3, model=diagREDM, fixed_beta_intercept=NA, fixed_beta_slope=NA, sdRE_input=NA, itnum=3

Rscript 2_inference_TMB/run_TMB.R --input ../data/assessing_models_simulation/datasets/multiple_GenerationPois_50_100_80_4_0.3_NA_NA_NA_dataset3.RDS --output ../data/assessing_models_simulation/inference_results/TMB/nlminb/multiple_GenerationPois_50_100_80_4_0.3_diagREDM_NA_NA_NA_dataset3.RDS --model diagREDM --optimiser nlminb  --use_previous_run_startingvals T
[Fri Feb 18 01:09:37 2022]
Finished job 410.
1 of 716 steps (0.14%) done

[Fri Feb 18 01:09:37 2022]
rule simulate_for_comparison_multiple:
    input: ../data/assessing_models_simulation/GenerationPois
    output: ../data/assessing_models_simulation/datasets/multiple_GenerationPois_100_100_80_5_0.6_NA_NA_NA_dataset4.RDS
    jobid: 1635
    wildcards: datasetgeneration=GenerationPois, n=100, nlambda=100, lmbda=80, d=5, beta_intensity=0.6, fixed_beta_intercept=NA, fixed_beta_slope=NA, sdRE_input=NA, itnum=4

Rscript --vanilla 3_analysis/simulation_model_assessment/generate_datasets_simulations/GenerationPois.R --input ../data/assessing_models_simulation/GenerationPois --d 5 --n 100 --nlambda 100 --lambda 80 --beta_gamma_shape 0.6 --outfile ../data/assessing_models_simulation/datasets/multiple_GenerationPois_100_100_80_5_0.6_NA_NA_NA_dataset4.RDS --beta_intercept_input NA --beta_slope_input NA --sdRE_input NA
[Fri Feb 18 01:09:37 2022]
Finished job 1635.
2 of 716 steps (0.28%) done

[Fri Feb 18 01:09:37 2022]
rule inference_simulation_TMB_multiple:
    input: ../data/assessing_models_simulation/datasets/multiple_GenerationPois_100_100_80_5_0.6_NA_NA_NA_dataset4.RDS
    output: ../data/assessing_models_simulation/inference_results/TMB/nlminb/multiple_GenerationPois_100_100_80_5_0.6_fullREDMsinglelambda_NA_NA_NA_dataset4.RDS
    log: logs/inference/nlminb/simulation_GenerationPois_100_100_80_5_0.6_ModelfullREDMsinglelambda_NA_NA_NA_dataset4.log
    jobid: 963
    wildcards: optimiser=nlminb, datasetgeneration=GenerationPois, n=100, nlambda=100, lmbda=80, d=5, beta_intensity=0.6, model=fullREDMsinglelambda, fixed_beta_intercept=NA, fixed_beta_slope=NA, sdRE_input=NA, itnum=4

Rscript 2_inference_TMB/run_TMB.R --input ../data/assessing_models_simulation/datasets/multiple_GenerationPois_100_100_80_5_0.6_NA_NA_NA_dataset4.RDS --output ../data/assessing_models_simulation/inference_results/TMB/nlminb/multiple_GenerationPois_100_100_80_5_0.6_fullREDMsinglelambda_NA_NA_NA_dataset4.RDS --model fullREDMsinglelambda --optimiser nlminb  --use_previous_run_startingvals T
[Fri Feb 18 01:10:03 2022]
Finished job 963.
3 of 716 steps (0.42%) done

[Fri Feb 18 01:10:03 2022]
rule inference_simulation_TMB_multiple:
    input: ../data/assessing_models_simulation/datasets/multiple_GenerationPois_100_100_80_5_0.6_NA_NA_NA_dataset4.RDS
    output: ../data/assessing_models_simulation/inference_results/TMB/nlminb/multiple_GenerationPois_100_100_80_5_0.6_diagREDMsinglelambda_NA_NA_NA_dataset4.RDS
    log: logs/inference/nlminb/simulation_GenerationPois_100_100_80_5_0.6_ModeldiagREDMsinglelambda_NA_NA_NA_dataset4.log
    jobid: 1299
    wildcards: optimiser=nlminb, datasetgeneration=GenerationPois, n=100, nlambda=100, lmbda=80, d=5, beta_intensity=0.6, model=diagREDMsinglelambda, fixed_beta_intercept=NA, fixed_beta_slope=NA, sdRE_input=NA, itnum=4

Rscript 2_inference_TMB/run_TMB.R --input ../data/assessing_models_simulation/datasets/multiple_GenerationPois_100_100_80_5_0.6_NA_NA_NA_dataset4.RDS --output ../data/assessing_models_simulation/inference_results/TMB/nlminb/multiple_GenerationPois_100_100_80_5_0.6_diagREDMsinglelambda_NA_NA_NA_dataset4.RDS --model diagREDMsinglelambda --optimiser nlminb  --use_previous_run_startingvals T
[Fri Feb 18 01:10:23 2022]
Finished job 1299.
4 of 716 steps (0.56%) done

[Fri Feb 18 01:10:23 2022]
rule inference_simulation_TMB_multiple:
    input: ../data/assessing_models_simulation/datasets/multiple_GenerationPois_100_100_80_5_0.6_NA_NA_NA_dataset4.RDS
    output: ../data/assessing_models_simulation/inference_results/TMB/nlminb/multiple_GenerationPois_100_100_80_5_0.6_fullREM_NA_NA_NA_dataset4.RDS
    log: logs/inference/nlminb/simulation_GenerationPois_100_100_80_5_0.6_ModelfullREM_NA_NA_NA_dataset4.log
    jobid: 291
    wildcards: optimiser=nlminb, datasetgeneration=GenerationPois, n=100, nlambda=100, lmbda=80, d=5, beta_intensity=0.6, model=fullREM, fixed_beta_intercept=NA, fixed_beta_slope=NA, sdRE_input=NA, itnum=4

Rscript 2_inference_TMB/run_TMB.R --input ../data/assessing_models_simulation/datasets/multiple_GenerationPois_100_100_80_5_0.6_NA_NA_NA_dataset4.RDS --output ../data/assessing_models_simulation/inference_results/TMB/nlminb/multiple_GenerationPois_100_100_80_5_0.6_fullREM_NA_NA_NA_dataset4.RDS --model fullREM --optimiser nlminb  --use_previous_run_startingvals T
[Fri Feb 18 01:10:32 2022]
Finished job 291.
5 of 716 steps (0.70%) done

[Fri Feb 18 01:10:32 2022]
rule inference_simulation_TMB_multiple:
    input: ../data/assessing_models_simulation/datasets/multiple_GenerationPois_100_100_80_5_0.6_NA_NA_NA_dataset4.RDS
    output: ../data/assessing_models_simulation/inference_results/TMB/nlminb/multiple_GenerationPois_100_100_80_5_0.6_diagREDM_NA_NA_NA_dataset4.RDS
    log: logs/inference/nlminb/simulation_GenerationPois_100_100_80_5_0.6_ModeldiagREDM_NA_NA_NA_dataset4.log
    jobid: 627
    wildcards: optimiser=nlminb, datasetgeneration=GenerationPois, n=100, nlambda=100, lmbda=80, d=5, beta_intensity=0.6, model=diagREDM, fixed_beta_intercept=NA, fixed_beta_slope=NA, sdRE_input=NA, itnum=4

Rscript 2_inference_TMB/run_TMB.R --input ../data/assessing_models_simulation/datasets/multiple_GenerationPois_100_100_80_5_0.6_NA_NA_NA_dataset4.RDS --output ../data/assessing_models_simulation/inference_results/TMB/nlminb/multiple_GenerationPois_100_100_80_5_0.6_diagREDM_NA_NA_NA_dataset4.RDS --model diagREDM --optimiser nlminb  --use_previous_run_startingvals T
[Fri Feb 18 01:10:55 2022]
Finished job 627.
6 of 716 steps (0.84%) done

[Fri Feb 18 01:10:55 2022]
rule simulate_for_comparison_multiple:
    input: ../data/assessing_models_simulation/GenerationPois
    output: ../data/assessing_models_simulation/datasets/multiple_GenerationPois_100_100_80_3_0.2_NA_NA_NA_dataset3.RDS
    jobid: 1538
    wildcards: datasetgeneration=GenerationPois, n=100, nlambda=100, lmbda=80, d=3, beta_intensity=0.2, fixed_beta_intercept=NA, fixed_beta_slope=NA, sdRE_input=NA, itnum=3

Rscript --vanilla 3_analysis/simulation_model_assessment/generate_datasets_simulations/GenerationPois.R --input ../data/assessing_models_simulation/GenerationPois --d 3 --n 100 --nlambda 100 --lambda 80 --beta_gamma_shape 0.2 --outfile ../data/assessing_models_simulation/datasets/multiple_GenerationPois_100_100_80_3_0.2_NA_NA_NA_dataset3.RDS --beta_intercept_input NA --beta_slope_input NA --sdRE_input NA
[Fri Feb 18 01:10:56 2022]
Finished job 1538.
7 of 716 steps (0.98%) done

[Fri Feb 18 01:10:56 2022]
rule inference_simulation_TMB_multiple:
    input: ../data/assessing_models_simulation/datasets/multiple_GenerationPois_100_100_80_3_0.2_NA_NA_NA_dataset3.RDS
    output: ../data/assessing_models_simulation/inference_results/TMB/nlminb/multiple_GenerationPois_100_100_80_3_0.2_fullREDMsinglelambda_NA_NA_NA_dataset3.RDS
    log: logs/inference/nlminb/simulation_GenerationPois_100_100_80_3_0.2_ModelfullREDMsinglelambda_NA_NA_NA_dataset3.log
    jobid: 866
    wildcards: optimiser=nlminb, datasetgeneration=GenerationPois, n=100, nlambda=100, lmbda=80, d=3, beta_intensity=0.2, model=fullREDMsinglelambda, fixed_beta_intercept=NA, fixed_beta_slope=NA, sdRE_input=NA, itnum=3

Rscript 2_inference_TMB/run_TMB.R --input ../data/assessing_models_simulation/datasets/multiple_GenerationPois_100_100_80_3_0.2_NA_NA_NA_dataset3.RDS --output ../data/assessing_models_simulation/inference_results/TMB/nlminb/multiple_GenerationPois_100_100_80_3_0.2_fullREDMsinglelambda_NA_NA_NA_dataset3.RDS --model fullREDMsinglelambda --optimiser nlminb  --use_previous_run_startingvals T
[Fri Feb 18 01:11:07 2022]
Finished job 866.
8 of 716 steps (1%) done

[Fri Feb 18 01:11:07 2022]
rule inference_simulation_TMB_multiple:
    input: ../data/assessing_models_simulation/datasets/multiple_GenerationPois_100_100_80_3_0.2_NA_NA_NA_dataset3.RDS
    output: ../data/assessing_models_simulation/inference_results/TMB/nlminb/multiple_GenerationPois_100_100_80_3_0.2_diagREDMsinglelambda_NA_NA_NA_dataset3.RDS
    log: logs/inference/nlminb/simulation_GenerationPois_100_100_80_3_0.2_ModeldiagREDMsinglelambda_NA_NA_NA_dataset3.log
    jobid: 1202
    wildcards: optimiser=nlminb, datasetgeneration=GenerationPois, n=100, nlambda=100, lmbda=80, d=3, beta_intensity=0.2, model=diagREDMsinglelambda, fixed_beta_intercept=NA, fixed_beta_slope=NA, sdRE_input=NA, itnum=3

Rscript 2_inference_TMB/run_TMB.R --input ../data/assessing_models_simulation/datasets/multiple_GenerationPois_100_100_80_3_0.2_NA_NA_NA_dataset3.RDS --output ../data/assessing_models_simulation/inference_results/TMB/nlminb/multiple_GenerationPois_100_100_80_3_0.2_diagREDMsinglelambda_NA_NA_NA_dataset3.RDS --model diagREDMsinglelambda --optimiser nlminb  --use_previous_run_startingvals T
[Fri Feb 18 01:11:17 2022]
Finished job 1202.
9 of 716 steps (1%) done

[Fri Feb 18 01:11:17 2022]
rule inference_simulation_TMB_multiple:
    input: ../data/assessing_models_simulation/datasets/multiple_GenerationPois_100_100_80_3_0.2_NA_NA_NA_dataset3.RDS
    output: ../data/assessing_models_simulation/inference_results/TMB/nlminb/multiple_GenerationPois_100_100_80_3_0.2_fullREM_NA_NA_NA_dataset3.RDS
    log: logs/inference/nlminb/simulation_GenerationPois_100_100_80_3_0.2_ModelfullREM_NA_NA_NA_dataset3.log
    jobid: 194
    wildcards: optimiser=nlminb, datasetgeneration=GenerationPois, n=100, nlambda=100, lmbda=80, d=3, beta_intensity=0.2, model=fullREM, fixed_beta_intercept=NA, fixed_beta_slope=NA, sdRE_input=NA, itnum=3

Rscript 2_inference_TMB/run_TMB.R --input ../data/assessing_models_simulation/datasets/multiple_GenerationPois_100_100_80_3_0.2_NA_NA_NA_dataset3.RDS --output ../data/assessing_models_simulation/inference_results/TMB/nlminb/multiple_GenerationPois_100_100_80_3_0.2_fullREM_NA_NA_NA_dataset3.RDS --model fullREM --optimiser nlminb  --use_previous_run_startingvals T
[Fri Feb 18 01:11:21 2022]
Finished job 194.
10 of 716 steps (1%) done

[Fri Feb 18 01:11:21 2022]
rule inference_simulation_TMB_multiple:
    input: ../data/assessing_models_simulation/datasets/multiple_GenerationPois_100_100_80_3_0.2_NA_NA_NA_dataset3.RDS
    output: ../data/assessing_models_simulation/inference_results/TMB/nlminb/multiple_GenerationPois_100_100_80_3_0.2_diagREDM_NA_NA_NA_dataset3.RDS
    log: logs/inference/nlminb/simulation_GenerationPois_100_100_80_3_0.2_ModeldiagREDM_NA_NA_NA_dataset3.log
    jobid: 530
    wildcards: optimiser=nlminb, datasetgeneration=GenerationPois, n=100, nlambda=100, lmbda=80, d=3, beta_intensity=0.2, model=diagREDM, fixed_beta_intercept=NA, fixed_beta_slope=NA, sdRE_input=NA, itnum=3

Rscript 2_inference_TMB/run_TMB.R --input ../data/assessing_models_simulation/datasets/multiple_GenerationPois_100_100_80_3_0.2_NA_NA_NA_dataset3.RDS --output ../data/assessing_models_simulation/inference_results/TMB/nlminb/multiple_GenerationPois_100_100_80_3_0.2_diagREDM_NA_NA_NA_dataset3.RDS --model diagREDM --optimiser nlminb  --use_previous_run_startingvals T
[Fri Feb 18 01:11:31 2022]
Error in rule inference_simulation_TMB_multiple:
    jobid: 530
    output: ../data/assessing_models_simulation/inference_results/TMB/nlminb/multiple_GenerationPois_100_100_80_3_0.2_diagREDM_NA_NA_NA_dataset3.RDS
    log: logs/inference/nlminb/simulation_GenerationPois_100_100_80_3_0.2_ModeldiagREDM_NA_NA_NA_dataset3.log (check log file(s) for error message)
    shell:
        Rscript 2_inference_TMB/run_TMB.R --input ../data/assessing_models_simulation/datasets/multiple_GenerationPois_100_100_80_3_0.2_NA_NA_NA_dataset3.RDS --output ../data/assessing_models_simulation/inference_results/TMB/nlminb/multiple_GenerationPois_100_100_80_3_0.2_diagREDM_NA_NA_NA_dataset3.RDS --model diagREDM --optimiser nlminb  --use_previous_run_startingvals T

Shutting down, this might take some time.
Exiting because a job execution failed. Look above for error message
Complete log: /Users/morril01/Documents/PhD/GlobalDA/code/.snakemake/log/2022-02-18T010925.221380.snakemake.log
