Building DAG of jobs...
Using shell: /usr/local/bin/bash
Provided cores: 1
Rules claiming more threads will be scaled down.
Job counts:
	count	jobs
	1	all
	8	analyse_simulation_TMB_multiple
	2	analyse_simulation_TMB_multiple_integrate
	4897	inference_simulation_TMB_multiple
	1224	simulate_for_comparison_multiple
	6132

[Mon Jan 31 14:25:33 2022]
rule inference_simulation_TMB_multiple:
    input: ../data/assessing_models_simulation/datasets/multiple_GenerationMixturefewersignaturespairedBoneOsteosarcPCAWG_100_200_80_4_-12_NA_NA_NA_dataset16.RDS
    output: ../data/assessing_models_simulation/inference_results/TMB/nlminb/multiple_GenerationMixturefewersignaturespairedBoneOsteosarcPCAWG_100_200_80_4_-12_diagREDMsinglelambda_NA_NA_NA_dataset16.RDS
    log: logs/inference/nlminb/simulation_GenerationMixturefewersignaturespairedBoneOsteosarcPCAWG_100_200_80_4_-12_ModeldiagREDMsinglelambda_NA_NA_NA_dataset16.log
    jobid: 1587
    wildcards: optimiser=nlminb, datasetgeneration=GenerationMixturefewersignaturespairedBoneOsteosarcPCAWG, n=100, nlambda=200, lmbda=80, d=4, beta_intensity=-12, model=diagREDMsinglelambda, fixed_beta_intercept=NA, fixed_beta_slope=NA, sdRE_input=NA, itnum=16

Rscript 2_inference_TMB/run_TMB.R --input ../data/assessing_models_simulation/datasets/multiple_GenerationMixturefewersignaturespairedBoneOsteosarcPCAWG_100_200_80_4_-12_NA_NA_NA_dataset16.RDS --output ../data/assessing_models_simulation/inference_results/TMB/nlminb/multiple_GenerationMixturefewersignaturespairedBoneOsteosarcPCAWG_100_200_80_4_-12_diagREDMsinglelambda_NA_NA_NA_dataset16.RDS --model diagREDMsinglelambda --optimiser nlminb  --use_previous_run_startingvals T
[Mon Jan 31 14:25:45 2022]
Finished job 1587.
1 of 6132 steps (0.02%) done

[Mon Jan 31 14:25:45 2022]
rule simulate_for_comparison_multiple:
    input: ../data/assessing_models_simulation/GenerationMixturefewersignaturespairedBreastAdenoCAPCAWG
    output: ../data/assessing_models_simulation/datasets/multiple_GenerationMixturefewersignaturespairedBreastAdenoCAPCAWG_200_200_80_4_-4_NA_NA_NA_dataset17.RDS
    jobid: 6488
    wildcards: datasetgeneration=GenerationMixturefewersignaturespairedBreastAdenoCAPCAWG, n=200, nlambda=200, lmbda=80, d=4, beta_intensity=-4, fixed_beta_intercept=NA, fixed_beta_slope=NA, sdRE_input=NA, itnum=17

Rscript --vanilla 3_analysis/simulation_model_assessment/generate_datasets_simulations/GenerationMixturefewersignaturespairedBreastAdenoCAPCAWG.R --input ../data/assessing_models_simulation/GenerationMixturefewersignaturespairedBreastAdenoCAPCAWG --d 4 --n 200 --nlambda 200 --lambda 80 --beta_gamma_shape -4 --outfile ../data/assessing_models_simulation/datasets/multiple_GenerationMixturefewersignaturespairedBreastAdenoCAPCAWG_200_200_80_4_-4_NA_NA_NA_dataset17.RDS --beta_intercept_input NA --beta_slope_input NA --sdRE_input NA
[Mon Jan 31 14:25:45 2022]
Finished job 6488.
2 of 6132 steps (0.03%) done

[Mon Jan 31 14:25:45 2022]
rule inference_simulation_TMB_multiple:
    input: ../data/assessing_models_simulation/datasets/multiple_GenerationMixturefewersignaturespairedBreastAdenoCAPCAWG_200_200_80_4_-4_NA_NA_NA_dataset17.RDS
    output: ../data/assessing_models_simulation/inference_results/TMB/nlminb/multiple_GenerationMixturefewersignaturespairedBreastAdenoCAPCAWG_200_200_80_4_-4_diagREDMsinglelambda_NA_NA_NA_dataset17.RDS
    log: logs/inference/nlminb/simulation_GenerationMixturefewersignaturespairedBreastAdenoCAPCAWG_200_200_80_4_-4_ModeldiagREDMsinglelambda_NA_NA_NA_dataset17.log
    jobid: 4508
    wildcards: optimiser=nlminb, datasetgeneration=GenerationMixturefewersignaturespairedBreastAdenoCAPCAWG, n=200, nlambda=200, lmbda=80, d=4, beta_intensity=-4, model=diagREDMsinglelambda, fixed_beta_intercept=NA, fixed_beta_slope=NA, sdRE_input=NA, itnum=17

Rscript 2_inference_TMB/run_TMB.R --input ../data/assessing_models_simulation/datasets/multiple_GenerationMixturefewersignaturespairedBreastAdenoCAPCAWG_200_200_80_4_-4_NA_NA_NA_dataset17.RDS --output ../data/assessing_models_simulation/inference_results/TMB/nlminb/multiple_GenerationMixturefewersignaturespairedBreastAdenoCAPCAWG_200_200_80_4_-4_diagREDMsinglelambda_NA_NA_NA_dataset17.RDS --model diagREDMsinglelambda --optimiser nlminb  --use_previous_run_startingvals T
[Mon Jan 31 14:26:06 2022]
Finished job 4508.
3 of 6132 steps (0.05%) done

[Mon Jan 31 14:26:06 2022]
rule inference_simulation_TMB_multiple:
    input: ../data/assessing_models_simulation/datasets/multiple_GenerationMixturefewersignaturespairedBreastAdenoCAPCAWG_200_200_80_4_-4_NA_NA_NA_dataset17.RDS
    output: ../data/assessing_models_simulation/inference_results/TMB/nlminb/multiple_GenerationMixturefewersignaturespairedBreastAdenoCAPCAWG_200_200_80_4_-4_fullREDMsinglelambda_NA_NA_NA_dataset17.RDS
    log: logs/inference/nlminb/simulation_GenerationMixturefewersignaturespairedBreastAdenoCAPCAWG_200_200_80_4_-4_ModelfullREDMsinglelambda_NA_NA_NA_dataset17.log
    jobid: 3848
    wildcards: optimiser=nlminb, datasetgeneration=GenerationMixturefewersignaturespairedBreastAdenoCAPCAWG, n=200, nlambda=200, lmbda=80, d=4, beta_intensity=-4, model=fullREDMsinglelambda, fixed_beta_intercept=NA, fixed_beta_slope=NA, sdRE_input=NA, itnum=17

Rscript 2_inference_TMB/run_TMB.R --input ../data/assessing_models_simulation/datasets/multiple_GenerationMixturefewersignaturespairedBreastAdenoCAPCAWG_200_200_80_4_-4_NA_NA_NA_dataset17.RDS --output ../data/assessing_models_simulation/inference_results/TMB/nlminb/multiple_GenerationMixturefewersignaturespairedBreastAdenoCAPCAWG_200_200_80_4_-4_fullREDMsinglelambda_NA_NA_NA_dataset17.RDS --model fullREDMsinglelambda --optimiser nlminb  --use_previous_run_startingvals T
[Mon Jan 31 14:26:27 2022]
Finished job 3848.
4 of 6132 steps (0.07%) done

[Mon Jan 31 14:26:27 2022]
rule inference_simulation_TMB_multiple:
    input: ../data/assessing_models_simulation/datasets/multiple_GenerationMixturefewersignaturespairedBreastAdenoCAPCAWG_200_200_80_4_-4_NA_NA_NA_dataset17.RDS
    output: ../data/assessing_models_simulation/inference_results/TMB/nlminb/multiple_GenerationMixturefewersignaturespairedBreastAdenoCAPCAWG_200_200_80_4_-4_diagREDM_NA_NA_NA_dataset17.RDS
    log: logs/inference/nlminb/simulation_GenerationMixturefewersignaturespairedBreastAdenoCAPCAWG_200_200_80_4_-4_ModeldiagREDM_NA_NA_NA_dataset17.log
    jobid: 5168
    wildcards: optimiser=nlminb, datasetgeneration=GenerationMixturefewersignaturespairedBreastAdenoCAPCAWG, n=200, nlambda=200, lmbda=80, d=4, beta_intensity=-4, model=diagREDM, fixed_beta_intercept=NA, fixed_beta_slope=NA, sdRE_input=NA, itnum=17

Rscript 2_inference_TMB/run_TMB.R --input ../data/assessing_models_simulation/datasets/multiple_GenerationMixturefewersignaturespairedBreastAdenoCAPCAWG_200_200_80_4_-4_NA_NA_NA_dataset17.RDS --output ../data/assessing_models_simulation/inference_results/TMB/nlminb/multiple_GenerationMixturefewersignaturespairedBreastAdenoCAPCAWG_200_200_80_4_-4_diagREDM_NA_NA_NA_dataset17.RDS --model diagREDM --optimiser nlminb  --use_previous_run_startingvals T
[Mon Jan 31 14:26:47 2022]
Error in rule inference_simulation_TMB_multiple:
    jobid: 5168
    output: ../data/assessing_models_simulation/inference_results/TMB/nlminb/multiple_GenerationMixturefewersignaturespairedBreastAdenoCAPCAWG_200_200_80_4_-4_diagREDM_NA_NA_NA_dataset17.RDS
    log: logs/inference/nlminb/simulation_GenerationMixturefewersignaturespairedBreastAdenoCAPCAWG_200_200_80_4_-4_ModeldiagREDM_NA_NA_NA_dataset17.log (check log file(s) for error message)
    shell:
        Rscript 2_inference_TMB/run_TMB.R --input ../data/assessing_models_simulation/datasets/multiple_GenerationMixturefewersignaturespairedBreastAdenoCAPCAWG_200_200_80_4_-4_NA_NA_NA_dataset17.RDS --output ../data/assessing_models_simulation/inference_results/TMB/nlminb/multiple_GenerationMixturefewersignaturespairedBreastAdenoCAPCAWG_200_200_80_4_-4_diagREDM_NA_NA_NA_dataset17.RDS --model diagREDM --optimiser nlminb  --use_previous_run_startingvals T

Shutting down, this might take some time.
Exiting because a job execution failed. Look above for error message
Complete log: /Users/morril01/Documents/PhD/GlobalDA/code/.snakemake/log/2022-01-31T142519.708463.snakemake.log
