Building DAG of jobs...
Using shell: /usr/local/bin/bash
Provided cores: 1
Rules claiming more threads will be scaled down.
Job counts:
	count	jobs
	1	all
	8	analyse_simulation_TMB_multiple
	2	analyse_simulation_TMB_multiple_integrate
	4413	inference_simulation_TMB_multiple
	1103	simulate_for_comparison_multiple
	5527

[Mon Jan 31 16:48:55 2022]
rule inference_simulation_TMB_multiple:
    input: ../data/assessing_models_simulation/datasets/multiple_GenerationMixturefewersignaturespairedBoneOsteosarcPCAWG_100_200_80_4_-10_NA_NA_NA_dataset12.RDS
    output: ../data/assessing_models_simulation/inference_results/TMB/nlminb/multiple_GenerationMixturefewersignaturespairedBoneOsteosarcPCAWG_100_200_80_4_-10_fullREDMsinglelambda_NA_NA_NA_dataset12.RDS
    log: logs/inference/nlminb/simulation_GenerationMixturefewersignaturespairedBoneOsteosarcPCAWG_100_200_80_4_-10_ModelfullREDMsinglelambda_NA_NA_NA_dataset12.log
    jobid: 943
    wildcards: optimiser=nlminb, datasetgeneration=GenerationMixturefewersignaturespairedBoneOsteosarcPCAWG, n=100, nlambda=200, lmbda=80, d=4, beta_intensity=-10, model=fullREDMsinglelambda, fixed_beta_intercept=NA, fixed_beta_slope=NA, sdRE_input=NA, itnum=12

Rscript 2_inference_TMB/run_TMB.R --input ../data/assessing_models_simulation/datasets/multiple_GenerationMixturefewersignaturespairedBoneOsteosarcPCAWG_100_200_80_4_-10_NA_NA_NA_dataset12.RDS --output ../data/assessing_models_simulation/inference_results/TMB/nlminb/multiple_GenerationMixturefewersignaturespairedBoneOsteosarcPCAWG_100_200_80_4_-10_fullREDMsinglelambda_NA_NA_NA_dataset12.RDS --model fullREDMsinglelambda --optimiser nlminb  --use_previous_run_startingvals T
[Mon Jan 31 16:49:06 2022]
Finished job 943.
1 of 5527 steps (0.02%) done

[Mon Jan 31 16:49:06 2022]
rule simulate_for_comparison_multiple:
    input: ../data/assessing_models_simulation/GenerationMixturefewersignaturespairedBreastAdenoCAPCAWG
    output: ../data/assessing_models_simulation/datasets/multiple_GenerationMixturefewersignaturespairedBreastAdenoCAPCAWG_200_200_80_4_-10_NA_NA_NA_dataset6.RDS
    jobid: 6437
    wildcards: datasetgeneration=GenerationMixturefewersignaturespairedBreastAdenoCAPCAWG, n=200, nlambda=200, lmbda=80, d=4, beta_intensity=-10, fixed_beta_intercept=NA, fixed_beta_slope=NA, sdRE_input=NA, itnum=6

Rscript --vanilla 3_analysis/simulation_model_assessment/generate_datasets_simulations/GenerationMixturefewersignaturespairedBreastAdenoCAPCAWG.R --input ../data/assessing_models_simulation/GenerationMixturefewersignaturespairedBreastAdenoCAPCAWG --d 4 --n 200 --nlambda 200 --lambda 80 --beta_gamma_shape -10 --outfile ../data/assessing_models_simulation/datasets/multiple_GenerationMixturefewersignaturespairedBreastAdenoCAPCAWG_200_200_80_4_-10_NA_NA_NA_dataset6.RDS --beta_intercept_input NA --beta_slope_input NA --sdRE_input NA
[Mon Jan 31 16:49:07 2022]
Finished job 6437.
2 of 5527 steps (0.04%) done

[Mon Jan 31 16:49:07 2022]
rule inference_simulation_TMB_multiple:
    input: ../data/assessing_models_simulation/datasets/multiple_GenerationMixturefewersignaturespairedBreastAdenoCAPCAWG_200_200_80_4_-10_NA_NA_NA_dataset6.RDS
    output: ../data/assessing_models_simulation/inference_results/TMB/nlminb/multiple_GenerationMixturefewersignaturespairedBreastAdenoCAPCAWG_200_200_80_4_-10_fullREM_NA_NA_NA_dataset6.RDS
    log: logs/inference/nlminb/simulation_GenerationMixturefewersignaturespairedBreastAdenoCAPCAWG_200_200_80_4_-10_ModelfullREM_NA_NA_NA_dataset6.log
    jobid: 3137
    wildcards: optimiser=nlminb, datasetgeneration=GenerationMixturefewersignaturespairedBreastAdenoCAPCAWG, n=200, nlambda=200, lmbda=80, d=4, beta_intensity=-10, model=fullREM, fixed_beta_intercept=NA, fixed_beta_slope=NA, sdRE_input=NA, itnum=6

Rscript 2_inference_TMB/run_TMB.R --input ../data/assessing_models_simulation/datasets/multiple_GenerationMixturefewersignaturespairedBreastAdenoCAPCAWG_200_200_80_4_-10_NA_NA_NA_dataset6.RDS --output ../data/assessing_models_simulation/inference_results/TMB/nlminb/multiple_GenerationMixturefewersignaturespairedBreastAdenoCAPCAWG_200_200_80_4_-10_fullREM_NA_NA_NA_dataset6.RDS --model fullREM --optimiser nlminb  --use_previous_run_startingvals T
[Mon Jan 31 16:49:14 2022]
Finished job 3137.
3 of 5527 steps (0.05%) done

[Mon Jan 31 16:49:14 2022]
rule inference_simulation_TMB_multiple:
    input: ../data/assessing_models_simulation/datasets/multiple_GenerationMixturefewersignaturespairedBreastAdenoCAPCAWG_200_200_80_4_-10_NA_NA_NA_dataset6.RDS
    output: ../data/assessing_models_simulation/inference_results/TMB/nlminb/multiple_GenerationMixturefewersignaturespairedBreastAdenoCAPCAWG_200_200_80_4_-10_fullREDMsinglelambda_NA_NA_NA_dataset6.RDS
    log: logs/inference/nlminb/simulation_GenerationMixturefewersignaturespairedBreastAdenoCAPCAWG_200_200_80_4_-10_ModelfullREDMsinglelambda_NA_NA_NA_dataset6.log
    jobid: 3797
    wildcards: optimiser=nlminb, datasetgeneration=GenerationMixturefewersignaturespairedBreastAdenoCAPCAWG, n=200, nlambda=200, lmbda=80, d=4, beta_intensity=-10, model=fullREDMsinglelambda, fixed_beta_intercept=NA, fixed_beta_slope=NA, sdRE_input=NA, itnum=6

Rscript 2_inference_TMB/run_TMB.R --input ../data/assessing_models_simulation/datasets/multiple_GenerationMixturefewersignaturespairedBreastAdenoCAPCAWG_200_200_80_4_-10_NA_NA_NA_dataset6.RDS --output ../data/assessing_models_simulation/inference_results/TMB/nlminb/multiple_GenerationMixturefewersignaturespairedBreastAdenoCAPCAWG_200_200_80_4_-10_fullREDMsinglelambda_NA_NA_NA_dataset6.RDS --model fullREDMsinglelambda --optimiser nlminb  --use_previous_run_startingvals T
[Mon Jan 31 16:49:33 2022]
Finished job 3797.
4 of 5527 steps (0.07%) done

[Mon Jan 31 16:49:33 2022]
rule inference_simulation_TMB_multiple:
    input: ../data/assessing_models_simulation/datasets/multiple_GenerationMixturefewersignaturespairedBreastAdenoCAPCAWG_200_200_80_4_-10_NA_NA_NA_dataset6.RDS
    output: ../data/assessing_models_simulation/inference_results/TMB/nlminb/multiple_GenerationMixturefewersignaturespairedBreastAdenoCAPCAWG_200_200_80_4_-10_diagREDM_NA_NA_NA_dataset6.RDS
    log: logs/inference/nlminb/simulation_GenerationMixturefewersignaturespairedBreastAdenoCAPCAWG_200_200_80_4_-10_ModeldiagREDM_NA_NA_NA_dataset6.log
    jobid: 5117
    wildcards: optimiser=nlminb, datasetgeneration=GenerationMixturefewersignaturespairedBreastAdenoCAPCAWG, n=200, nlambda=200, lmbda=80, d=4, beta_intensity=-10, model=diagREDM, fixed_beta_intercept=NA, fixed_beta_slope=NA, sdRE_input=NA, itnum=6

Rscript 2_inference_TMB/run_TMB.R --input ../data/assessing_models_simulation/datasets/multiple_GenerationMixturefewersignaturespairedBreastAdenoCAPCAWG_200_200_80_4_-10_NA_NA_NA_dataset6.RDS --output ../data/assessing_models_simulation/inference_results/TMB/nlminb/multiple_GenerationMixturefewersignaturespairedBreastAdenoCAPCAWG_200_200_80_4_-10_diagREDM_NA_NA_NA_dataset6.RDS --model diagREDM --optimiser nlminb  --use_previous_run_startingvals T
[Mon Jan 31 16:49:51 2022]
Finished job 5117.
5 of 5527 steps (0.09%) done

[Mon Jan 31 16:49:51 2022]
rule inference_simulation_TMB_multiple:
    input: ../data/assessing_models_simulation/datasets/multiple_GenerationMixturefewersignaturespairedBreastAdenoCAPCAWG_200_200_80_4_-10_NA_NA_NA_dataset6.RDS
    output: ../data/assessing_models_simulation/inference_results/TMB/nlminb/multiple_GenerationMixturefewersignaturespairedBreastAdenoCAPCAWG_200_200_80_4_-10_diagREDMsinglelambda_NA_NA_NA_dataset6.RDS
    log: logs/inference/nlminb/simulation_GenerationMixturefewersignaturespairedBreastAdenoCAPCAWG_200_200_80_4_-10_ModeldiagREDMsinglelambda_NA_NA_NA_dataset6.log
    jobid: 4457
    wildcards: optimiser=nlminb, datasetgeneration=GenerationMixturefewersignaturespairedBreastAdenoCAPCAWG, n=200, nlambda=200, lmbda=80, d=4, beta_intensity=-10, model=diagREDMsinglelambda, fixed_beta_intercept=NA, fixed_beta_slope=NA, sdRE_input=NA, itnum=6

Rscript 2_inference_TMB/run_TMB.R --input ../data/assessing_models_simulation/datasets/multiple_GenerationMixturefewersignaturespairedBreastAdenoCAPCAWG_200_200_80_4_-10_NA_NA_NA_dataset6.RDS --output ../data/assessing_models_simulation/inference_results/TMB/nlminb/multiple_GenerationMixturefewersignaturespairedBreastAdenoCAPCAWG_200_200_80_4_-10_diagREDMsinglelambda_NA_NA_NA_dataset6.RDS --model diagREDMsinglelambda --optimiser nlminb  --use_previous_run_startingvals T
[Mon Jan 31 16:50:07 2022]
Finished job 4457.
6 of 5527 steps (0.11%) done

[Mon Jan 31 16:50:07 2022]
rule simulate_for_comparison_multiple:
    input: ../data/assessing_models_simulation/GenerationMixturefewersignaturespairedBreastAdenoCAPCAWG
    output: ../data/assessing_models_simulation/datasets/multiple_GenerationMixturefewersignaturespairedBreastAdenoCAPCAWG_50_200_80_4_-2_NA_NA_NA_dataset19.RDS
    jobid: 6070
    wildcards: datasetgeneration=GenerationMixturefewersignaturespairedBreastAdenoCAPCAWG, n=50, nlambda=200, lmbda=80, d=4, beta_intensity=-2, fixed_beta_intercept=NA, fixed_beta_slope=NA, sdRE_input=NA, itnum=19

Rscript --vanilla 3_analysis/simulation_model_assessment/generate_datasets_simulations/GenerationMixturefewersignaturespairedBreastAdenoCAPCAWG.R --input ../data/assessing_models_simulation/GenerationMixturefewersignaturespairedBreastAdenoCAPCAWG --d 4 --n 50 --nlambda 200 --lambda 80 --beta_gamma_shape -2 --outfile ../data/assessing_models_simulation/datasets/multiple_GenerationMixturefewersignaturespairedBreastAdenoCAPCAWG_50_200_80_4_-2_NA_NA_NA_dataset19.RDS --beta_intercept_input NA --beta_slope_input NA --sdRE_input NA
[Mon Jan 31 16:50:07 2022]
Finished job 6070.
7 of 5527 steps (0.13%) done

[Mon Jan 31 16:50:07 2022]
rule inference_simulation_TMB_multiple:
    input: ../data/assessing_models_simulation/datasets/multiple_GenerationMixturefewersignaturespairedBreastAdenoCAPCAWG_50_200_80_4_-2_NA_NA_NA_dataset19.RDS
    output: ../data/assessing_models_simulation/inference_results/TMB/nlminb/multiple_GenerationMixturefewersignaturespairedBreastAdenoCAPCAWG_50_200_80_4_-2_fullREM_NA_NA_NA_dataset19.RDS
    log: logs/inference/nlminb/simulation_GenerationMixturefewersignaturespairedBreastAdenoCAPCAWG_50_200_80_4_-2_ModelfullREM_NA_NA_NA_dataset19.log
    jobid: 2770
    wildcards: optimiser=nlminb, datasetgeneration=GenerationMixturefewersignaturespairedBreastAdenoCAPCAWG, n=50, nlambda=200, lmbda=80, d=4, beta_intensity=-2, model=fullREM, fixed_beta_intercept=NA, fixed_beta_slope=NA, sdRE_input=NA, itnum=19

Rscript 2_inference_TMB/run_TMB.R --input ../data/assessing_models_simulation/datasets/multiple_GenerationMixturefewersignaturespairedBreastAdenoCAPCAWG_50_200_80_4_-2_NA_NA_NA_dataset19.RDS --output ../data/assessing_models_simulation/inference_results/TMB/nlminb/multiple_GenerationMixturefewersignaturespairedBreastAdenoCAPCAWG_50_200_80_4_-2_fullREM_NA_NA_NA_dataset19.RDS --model fullREM --optimiser nlminb  --use_previous_run_startingvals T
[Mon Jan 31 16:50:11 2022]
Finished job 2770.
8 of 5527 steps (0.14%) done

[Mon Jan 31 16:50:11 2022]
rule inference_simulation_TMB_multiple:
    input: ../data/assessing_models_simulation/datasets/multiple_GenerationMixturefewersignaturespairedBreastAdenoCAPCAWG_50_200_80_4_-2_NA_NA_NA_dataset19.RDS
    output: ../data/assessing_models_simulation/inference_results/TMB/nlminb/multiple_GenerationMixturefewersignaturespairedBreastAdenoCAPCAWG_50_200_80_4_-2_fullREDMsinglelambda_NA_NA_NA_dataset19.RDS
    log: logs/inference/nlminb/simulation_GenerationMixturefewersignaturespairedBreastAdenoCAPCAWG_50_200_80_4_-2_ModelfullREDMsinglelambda_NA_NA_NA_dataset19.log
    jobid: 3430
    wildcards: optimiser=nlminb, datasetgeneration=GenerationMixturefewersignaturespairedBreastAdenoCAPCAWG, n=50, nlambda=200, lmbda=80, d=4, beta_intensity=-2, model=fullREDMsinglelambda, fixed_beta_intercept=NA, fixed_beta_slope=NA, sdRE_input=NA, itnum=19

Rscript 2_inference_TMB/run_TMB.R --input ../data/assessing_models_simulation/datasets/multiple_GenerationMixturefewersignaturespairedBreastAdenoCAPCAWG_50_200_80_4_-2_NA_NA_NA_dataset19.RDS --output ../data/assessing_models_simulation/inference_results/TMB/nlminb/multiple_GenerationMixturefewersignaturespairedBreastAdenoCAPCAWG_50_200_80_4_-2_fullREDMsinglelambda_NA_NA_NA_dataset19.RDS --model fullREDMsinglelambda --optimiser nlminb  --use_previous_run_startingvals T
[Mon Jan 31 16:50:17 2022]
Finished job 3430.
9 of 5527 steps (0.16%) done

[Mon Jan 31 16:50:17 2022]
rule inference_simulation_TMB_multiple:
    input: ../data/assessing_models_simulation/datasets/multiple_GenerationMixturefewersignaturespairedBreastAdenoCAPCAWG_50_200_80_4_-2_NA_NA_NA_dataset19.RDS
    output: ../data/assessing_models_simulation/inference_results/TMB/nlminb/multiple_GenerationMixturefewersignaturespairedBreastAdenoCAPCAWG_50_200_80_4_-2_diagREDM_NA_NA_NA_dataset19.RDS
    log: logs/inference/nlminb/simulation_GenerationMixturefewersignaturespairedBreastAdenoCAPCAWG_50_200_80_4_-2_ModeldiagREDM_NA_NA_NA_dataset19.log
    jobid: 4750
    wildcards: optimiser=nlminb, datasetgeneration=GenerationMixturefewersignaturespairedBreastAdenoCAPCAWG, n=50, nlambda=200, lmbda=80, d=4, beta_intensity=-2, model=diagREDM, fixed_beta_intercept=NA, fixed_beta_slope=NA, sdRE_input=NA, itnum=19

Rscript 2_inference_TMB/run_TMB.R --input ../data/assessing_models_simulation/datasets/multiple_GenerationMixturefewersignaturespairedBreastAdenoCAPCAWG_50_200_80_4_-2_NA_NA_NA_dataset19.RDS --output ../data/assessing_models_simulation/inference_results/TMB/nlminb/multiple_GenerationMixturefewersignaturespairedBreastAdenoCAPCAWG_50_200_80_4_-2_diagREDM_NA_NA_NA_dataset19.RDS --model diagREDM --optimiser nlminb  --use_previous_run_startingvals T
[Mon Jan 31 16:50:30 2022]
Finished job 4750.
10 of 5527 steps (0.18%) done

[Mon Jan 31 16:50:30 2022]
rule inference_simulation_TMB_multiple:
    input: ../data/assessing_models_simulation/datasets/multiple_GenerationMixturefewersignaturespairedBreastAdenoCAPCAWG_50_200_80_4_-2_NA_NA_NA_dataset19.RDS
    output: ../data/assessing_models_simulation/inference_results/TMB/nlminb/multiple_GenerationMixturefewersignaturespairedBreastAdenoCAPCAWG_50_200_80_4_-2_diagREDMsinglelambda_NA_NA_NA_dataset19.RDS
    log: logs/inference/nlminb/simulation_GenerationMixturefewersignaturespairedBreastAdenoCAPCAWG_50_200_80_4_-2_ModeldiagREDMsinglelambda_NA_NA_NA_dataset19.log
    jobid: 4090
    wildcards: optimiser=nlminb, datasetgeneration=GenerationMixturefewersignaturespairedBreastAdenoCAPCAWG, n=50, nlambda=200, lmbda=80, d=4, beta_intensity=-2, model=diagREDMsinglelambda, fixed_beta_intercept=NA, fixed_beta_slope=NA, sdRE_input=NA, itnum=19

Rscript 2_inference_TMB/run_TMB.R --input ../data/assessing_models_simulation/datasets/multiple_GenerationMixturefewersignaturespairedBreastAdenoCAPCAWG_50_200_80_4_-2_NA_NA_NA_dataset19.RDS --output ../data/assessing_models_simulation/inference_results/TMB/nlminb/multiple_GenerationMixturefewersignaturespairedBreastAdenoCAPCAWG_50_200_80_4_-2_diagREDMsinglelambda_NA_NA_NA_dataset19.RDS --model diagREDMsinglelambda --optimiser nlminb  --use_previous_run_startingvals T
[Mon Jan 31 16:50:36 2022]
Finished job 4090.
11 of 5527 steps (0.20%) done

[Mon Jan 31 16:50:36 2022]
rule simulate_for_comparison_multiple:
    input: ../data/assessing_models_simulation/GenerationMixturefewersignaturespairedBoneOsteosarcPCAWG
    output: ../data/assessing_models_simulation/datasets/multiple_GenerationMixturefewersignaturespairedBoneOsteosarcPCAWG_200_200_80_4_12_NA_NA_NA_dataset1.RDS
    jobid: 5932
    wildcards: datasetgeneration=GenerationMixturefewersignaturespairedBoneOsteosarcPCAWG, n=200, nlambda=200, lmbda=80, d=4, beta_intensity=12, fixed_beta_intercept=NA, fixed_beta_slope=NA, sdRE_input=NA, itnum=1

Rscript --vanilla 3_analysis/simulation_model_assessment/generate_datasets_simulations/GenerationMixturefewersignaturespairedBoneOsteosarcPCAWG.R --input ../data/assessing_models_simulation/GenerationMixturefewersignaturespairedBoneOsteosarcPCAWG --d 4 --n 200 --nlambda 200 --lambda 80 --beta_gamma_shape 12 --outfile ../data/assessing_models_simulation/datasets/multiple_GenerationMixturefewersignaturespairedBoneOsteosarcPCAWG_200_200_80_4_12_NA_NA_NA_dataset1.RDS --beta_intercept_input NA --beta_slope_input NA --sdRE_input NA
[Mon Jan 31 16:50:36 2022]
Finished job 5932.
12 of 5527 steps (0.22%) done

[Mon Jan 31 16:50:36 2022]
rule inference_simulation_TMB_multiple:
    input: ../data/assessing_models_simulation/datasets/multiple_GenerationMixturefewersignaturespairedBoneOsteosarcPCAWG_200_200_80_4_12_NA_NA_NA_dataset1.RDS
    output: ../data/assessing_models_simulation/inference_results/TMB/nlminb/multiple_GenerationMixturefewersignaturespairedBoneOsteosarcPCAWG_200_200_80_4_12_fullREM_NA_NA_NA_dataset1.RDS
    log: logs/inference/nlminb/simulation_GenerationMixturefewersignaturespairedBoneOsteosarcPCAWG_200_200_80_4_12_ModelfullREM_NA_NA_NA_dataset1.log
    jobid: 652
    wildcards: optimiser=nlminb, datasetgeneration=GenerationMixturefewersignaturespairedBoneOsteosarcPCAWG, n=200, nlambda=200, lmbda=80, d=4, beta_intensity=12, model=fullREM, fixed_beta_intercept=NA, fixed_beta_slope=NA, sdRE_input=NA, itnum=1

Rscript 2_inference_TMB/run_TMB.R --input ../data/assessing_models_simulation/datasets/multiple_GenerationMixturefewersignaturespairedBoneOsteosarcPCAWG_200_200_80_4_12_NA_NA_NA_dataset1.RDS --output ../data/assessing_models_simulation/inference_results/TMB/nlminb/multiple_GenerationMixturefewersignaturespairedBoneOsteosarcPCAWG_200_200_80_4_12_fullREM_NA_NA_NA_dataset1.RDS --model fullREM --optimiser nlminb  --use_previous_run_startingvals T
[Mon Jan 31 16:50:44 2022]
Finished job 652.
13 of 5527 steps (0.24%) done

[Mon Jan 31 16:50:44 2022]
rule inference_simulation_TMB_multiple:
    input: ../data/assessing_models_simulation/datasets/multiple_GenerationMixturefewersignaturespairedBoneOsteosarcPCAWG_200_200_80_4_12_NA_NA_NA_dataset1.RDS
    output: ../data/assessing_models_simulation/inference_results/TMB/nlminb/multiple_GenerationMixturefewersignaturespairedBoneOsteosarcPCAWG_200_200_80_4_12_fullREDMsinglelambda_NA_NA_NA_dataset1.RDS
    log: logs/inference/nlminb/simulation_GenerationMixturefewersignaturespairedBoneOsteosarcPCAWG_200_200_80_4_12_ModelfullREDMsinglelambda_NA_NA_NA_dataset1.log
    jobid: 1312
    wildcards: optimiser=nlminb, datasetgeneration=GenerationMixturefewersignaturespairedBoneOsteosarcPCAWG, n=200, nlambda=200, lmbda=80, d=4, beta_intensity=12, model=fullREDMsinglelambda, fixed_beta_intercept=NA, fixed_beta_slope=NA, sdRE_input=NA, itnum=1

Rscript 2_inference_TMB/run_TMB.R --input ../data/assessing_models_simulation/datasets/multiple_GenerationMixturefewersignaturespairedBoneOsteosarcPCAWG_200_200_80_4_12_NA_NA_NA_dataset1.RDS --output ../data/assessing_models_simulation/inference_results/TMB/nlminb/multiple_GenerationMixturefewersignaturespairedBoneOsteosarcPCAWG_200_200_80_4_12_fullREDMsinglelambda_NA_NA_NA_dataset1.RDS --model fullREDMsinglelambda --optimiser nlminb  --use_previous_run_startingvals T
[Mon Jan 31 16:51:06 2022]
Error in rule inference_simulation_TMB_multiple:
    jobid: 1312
    output: ../data/assessing_models_simulation/inference_results/TMB/nlminb/multiple_GenerationMixturefewersignaturespairedBoneOsteosarcPCAWG_200_200_80_4_12_fullREDMsinglelambda_NA_NA_NA_dataset1.RDS
    log: logs/inference/nlminb/simulation_GenerationMixturefewersignaturespairedBoneOsteosarcPCAWG_200_200_80_4_12_ModelfullREDMsinglelambda_NA_NA_NA_dataset1.log (check log file(s) for error message)
    shell:
        Rscript 2_inference_TMB/run_TMB.R --input ../data/assessing_models_simulation/datasets/multiple_GenerationMixturefewersignaturespairedBoneOsteosarcPCAWG_200_200_80_4_12_NA_NA_NA_dataset1.RDS --output ../data/assessing_models_simulation/inference_results/TMB/nlminb/multiple_GenerationMixturefewersignaturespairedBoneOsteosarcPCAWG_200_200_80_4_12_fullREDMsinglelambda_NA_NA_NA_dataset1.RDS --model fullREDMsinglelambda --optimiser nlminb  --use_previous_run_startingvals T

Shutting down, this might take some time.
Exiting because a job execution failed. Look above for error message
Complete log: /Users/morril01/Documents/PhD/GlobalDA/code/.snakemake/log/2022-01-31T164839.206260.snakemake.log
