Building DAG of jobs...
Using shell: /usr/local/bin/bash
Provided cores: 1
Rules claiming more threads will be scaled down.
Job counts:
	count	jobs
	1	all
	10	inference_TMB
	11

[Thu Jan 27 12:10:39 2022]
rule inference_TMB:
    input: ../data/roo/SoftTissue-Liposarc_nucleotidesubstitution1_ROO.RDS
    output: ../data/pcawg_robjects_cache/tmb_results/nlminb/fullREDM_SoftTissue-Liposarc_nucleotidesubstitution1.RDS
    log: logs/inference/TMBinference_SoftTissue-Liposarc_nucleotidesubstitution1_fullREDM.log
    jobid: 33
    wildcards: model=fullREDM, cancer_type=SoftTissue-Liposarc, feature_type=nucleotidesubstitution1

Rscript 2_inference_TMB/run_TMB.R --input ../data/roo/SoftTissue-Liposarc_nucleotidesubstitution1_ROO.RDS --output ../data/pcawg_robjects_cache/tmb_results/nlminb/fullREDM_SoftTissue-Liposarc_nucleotidesubstitution1.RDS --model fullREDM --feature_type nucleotidesubstitution1 --optimiser nlminb --simulation_bool F --read_directly T --use_previous_run_startingvals T
[Thu Jan 27 12:10:46 2022]
Finished job 33.
1 of 11 steps (9%) done

[Thu Jan 27 12:10:46 2022]
rule inference_TMB:
    input: ../data/roo/SoftTissue-Leiomyo_nucleotidesubstitution1_ROO.RDS
    output: ../data/pcawg_robjects_cache/tmb_results/nlminb/fullREDM_SoftTissue-Leiomyo_nucleotidesubstitution1.RDS
    log: logs/inference/TMBinference_SoftTissue-Leiomyo_nucleotidesubstitution1_fullREDM.log
    jobid: 32
    wildcards: model=fullREDM, cancer_type=SoftTissue-Leiomyo, feature_type=nucleotidesubstitution1

Rscript 2_inference_TMB/run_TMB.R --input ../data/roo/SoftTissue-Leiomyo_nucleotidesubstitution1_ROO.RDS --output ../data/pcawg_robjects_cache/tmb_results/nlminb/fullREDM_SoftTissue-Leiomyo_nucleotidesubstitution1.RDS --model fullREDM --feature_type nucleotidesubstitution1 --optimiser nlminb --simulation_bool F --read_directly T --use_previous_run_startingvals T
[Thu Jan 27 12:10:51 2022]
Error in rule inference_TMB:
    jobid: 32
    output: ../data/pcawg_robjects_cache/tmb_results/nlminb/fullREDM_SoftTissue-Leiomyo_nucleotidesubstitution1.RDS
    log: logs/inference/TMBinference_SoftTissue-Leiomyo_nucleotidesubstitution1_fullREDM.log (check log file(s) for error message)
    shell:
        Rscript 2_inference_TMB/run_TMB.R --input ../data/roo/SoftTissue-Leiomyo_nucleotidesubstitution1_ROO.RDS --output ../data/pcawg_robjects_cache/tmb_results/nlminb/fullREDM_SoftTissue-Leiomyo_nucleotidesubstitution1.RDS --model fullREDM --feature_type nucleotidesubstitution1 --optimiser nlminb --simulation_bool F --read_directly T --use_previous_run_startingvals T

Shutting down, this might take some time.
Exiting because a job execution failed. Look above for error message
Complete log: /Users/morril01/Documents/PhD/GlobalDA/code/.snakemake/log/2022-01-27T121037.884103.snakemake.log
