Building DAG of jobs...
Using shell: /usr/local/bin/bash
Provided cores: 1
Rules claiming more threads will be scaled down.
Job counts:
	count	jobs
	1	all
	8	analyse_simulation_TMB_multiple
	2	analyse_simulation_TMB_multiple_integrate
	3195	inference_simulation_TMB_multiple
	798	simulate_for_comparison_multiple
	4004

[Tue Feb  8 01:44:14 2022]
rule inference_simulation_TMB_multiple:
    input: ../data/assessing_models_simulation/datasets/multiple_GenerationMixturefewersignaturespairedObsNmPoissonSigPCAWGColoRectAdenoCAPCAWG_200_200_80_4_-10_NA_NA_NA_dataset12.RDS
    output: ../data/assessing_models_simulation/inference_results/TMB/nlminb/multiple_GenerationMixturefewersignaturespairedObsNmPoissonSigPCAWGColoRectAdenoCAPCAWG_200_200_80_4_-10_diagREDM_NA_NA_NA_dataset12.RDS
    log: logs/inference/nlminb/simulation_GenerationMixturefewersignaturespairedObsNmPoissonSigPCAWGColoRectAdenoCAPCAWG_200_200_80_4_-10_ModeldiagREDM_NA_NA_NA_dataset12.log
    jobid: 4663
    wildcards: optimiser=nlminb, datasetgeneration=GenerationMixturefewersignaturespairedObsNmPoissonSigPCAWGColoRectAdenoCAPCAWG, n=200, nlambda=200, lmbda=80, d=4, beta_intensity=-10, model=diagREDM, fixed_beta_intercept=NA, fixed_beta_slope=NA, sdRE_input=NA, itnum=12

Rscript 2_inference_TMB/run_TMB.R --input ../data/assessing_models_simulation/datasets/multiple_GenerationMixturefewersignaturespairedObsNmPoissonSigPCAWGColoRectAdenoCAPCAWG_200_200_80_4_-10_NA_NA_NA_dataset12.RDS --output ../data/assessing_models_simulation/inference_results/TMB/nlminb/multiple_GenerationMixturefewersignaturespairedObsNmPoissonSigPCAWGColoRectAdenoCAPCAWG_200_200_80_4_-10_diagREDM_NA_NA_NA_dataset12.RDS --model diagREDM --optimiser nlminb  --use_previous_run_startingvals T
[Tue Feb  8 01:44:31 2022]
Finished job 4663.
1 of 4004 steps (0.02%) done

[Tue Feb  8 01:44:31 2022]
rule inference_simulation_TMB_multiple:
    input: ../data/assessing_models_simulation/datasets/multiple_GenerationMixturefewersignaturespairedObsNmPoissonSigPCAWGColoRectAdenoCAPCAWG_200_200_80_4_-10_NA_NA_NA_dataset12.RDS
    output: ../data/assessing_models_simulation/inference_results/TMB/nlminb/multiple_GenerationMixturefewersignaturespairedObsNmPoissonSigPCAWGColoRectAdenoCAPCAWG_200_200_80_4_-10_fullREM_NA_NA_NA_dataset12.RDS
    log: logs/inference/nlminb/simulation_GenerationMixturefewersignaturespairedObsNmPoissonSigPCAWGColoRectAdenoCAPCAWG_200_200_80_4_-10_ModelfullREM_NA_NA_NA_dataset12.log
    jobid: 2863
    wildcards: optimiser=nlminb, datasetgeneration=GenerationMixturefewersignaturespairedObsNmPoissonSigPCAWGColoRectAdenoCAPCAWG, n=200, nlambda=200, lmbda=80, d=4, beta_intensity=-10, model=fullREM, fixed_beta_intercept=NA, fixed_beta_slope=NA, sdRE_input=NA, itnum=12

Rscript 2_inference_TMB/run_TMB.R --input ../data/assessing_models_simulation/datasets/multiple_GenerationMixturefewersignaturespairedObsNmPoissonSigPCAWGColoRectAdenoCAPCAWG_200_200_80_4_-10_NA_NA_NA_dataset12.RDS --output ../data/assessing_models_simulation/inference_results/TMB/nlminb/multiple_GenerationMixturefewersignaturespairedObsNmPoissonSigPCAWGColoRectAdenoCAPCAWG_200_200_80_4_-10_fullREM_NA_NA_NA_dataset12.RDS --model fullREM --optimiser nlminb  --use_previous_run_startingvals T
[Tue Feb  8 01:44:38 2022]
Finished job 2863.
2 of 4004 steps (0.05%) done

[Tue Feb  8 01:44:38 2022]
rule inference_simulation_TMB_multiple:
    input: ../data/assessing_models_simulation/datasets/multiple_GenerationMixturefewersignaturespairedObsNmPoissonSigPCAWGColoRectAdenoCAPCAWG_200_200_80_4_-10_NA_NA_NA_dataset12.RDS
    output: ../data/assessing_models_simulation/inference_results/TMB/nlminb/multiple_GenerationMixturefewersignaturespairedObsNmPoissonSigPCAWGColoRectAdenoCAPCAWG_200_200_80_4_-10_fullREDMsinglelambda_NA_NA_NA_dataset12.RDS
    log: logs/inference/nlminb/simulation_GenerationMixturefewersignaturespairedObsNmPoissonSigPCAWGColoRectAdenoCAPCAWG_200_200_80_4_-10_ModelfullREDMsinglelambda_NA_NA_NA_dataset12.log
    jobid: 3463
    wildcards: optimiser=nlminb, datasetgeneration=GenerationMixturefewersignaturespairedObsNmPoissonSigPCAWGColoRectAdenoCAPCAWG, n=200, nlambda=200, lmbda=80, d=4, beta_intensity=-10, model=fullREDMsinglelambda, fixed_beta_intercept=NA, fixed_beta_slope=NA, sdRE_input=NA, itnum=12

Rscript 2_inference_TMB/run_TMB.R --input ../data/assessing_models_simulation/datasets/multiple_GenerationMixturefewersignaturespairedObsNmPoissonSigPCAWGColoRectAdenoCAPCAWG_200_200_80_4_-10_NA_NA_NA_dataset12.RDS --output ../data/assessing_models_simulation/inference_results/TMB/nlminb/multiple_GenerationMixturefewersignaturespairedObsNmPoissonSigPCAWGColoRectAdenoCAPCAWG_200_200_80_4_-10_fullREDMsinglelambda_NA_NA_NA_dataset12.RDS --model fullREDMsinglelambda --optimiser nlminb  --use_previous_run_startingvals T
[Tue Feb  8 01:44:59 2022]
Finished job 3463.
3 of 4004 steps (0.07%) done

[Tue Feb  8 01:44:59 2022]
rule simulate_for_comparison_multiple:
    input: ../data/assessing_models_simulation/GenerationMixturefewersignaturespairedObsNmPoissonSigPCAWGColoRectAdenoCAPCAWG
    output: ../data/assessing_models_simulation/datasets/multiple_GenerationMixturefewersignaturespairedObsNmPoissonSigPCAWGColoRectAdenoCAPCAWG_100_200_80_4_4_NA_NA_NA_dataset16.RDS
    jobid: 5787
    wildcards: datasetgeneration=GenerationMixturefewersignaturespairedObsNmPoissonSigPCAWGColoRectAdenoCAPCAWG, n=100, nlambda=200, lmbda=80, d=4, beta_intensity=4, fixed_beta_intercept=NA, fixed_beta_slope=NA, sdRE_input=NA, itnum=16

Rscript --vanilla 3_analysis/simulation_model_assessment/generate_datasets_simulations/GenerationMixturefewersignaturespairedObsNmPoissonSigPCAWGColoRectAdenoCAPCAWG.R --input ../data/assessing_models_simulation/GenerationMixturefewersignaturespairedObsNmPoissonSigPCAWGColoRectAdenoCAPCAWG --d 4 --n 100 --nlambda 200 --lambda 80 --beta_gamma_shape 4 --outfile ../data/assessing_models_simulation/datasets/multiple_GenerationMixturefewersignaturespairedObsNmPoissonSigPCAWGColoRectAdenoCAPCAWG_100_200_80_4_4_NA_NA_NA_dataset16.RDS --beta_intercept_input NA --beta_slope_input NA --sdRE_input NA
[Tue Feb  8 01:44:59 2022]
Finished job 5787.
4 of 4004 steps (0.10%) done

[Tue Feb  8 01:44:59 2022]
rule inference_simulation_TMB_multiple:
    input: ../data/assessing_models_simulation/datasets/multiple_GenerationMixturefewersignaturespairedObsNmPoissonSigPCAWGColoRectAdenoCAPCAWG_100_200_80_4_4_NA_NA_NA_dataset16.RDS
    output: ../data/assessing_models_simulation/inference_results/TMB/nlminb/multiple_GenerationMixturefewersignaturespairedObsNmPoissonSigPCAWGColoRectAdenoCAPCAWG_100_200_80_4_4_diagREDMsinglelambda_NA_NA_NA_dataset16.RDS
    log: logs/inference/nlminb/simulation_GenerationMixturefewersignaturespairedObsNmPoissonSigPCAWGColoRectAdenoCAPCAWG_100_200_80_4_4_ModeldiagREDMsinglelambda_NA_NA_NA_dataset16.log
    jobid: 3987
    wildcards: optimiser=nlminb, datasetgeneration=GenerationMixturefewersignaturespairedObsNmPoissonSigPCAWGColoRectAdenoCAPCAWG, n=100, nlambda=200, lmbda=80, d=4, beta_intensity=4, model=diagREDMsinglelambda, fixed_beta_intercept=NA, fixed_beta_slope=NA, sdRE_input=NA, itnum=16

Rscript 2_inference_TMB/run_TMB.R --input ../data/assessing_models_simulation/datasets/multiple_GenerationMixturefewersignaturespairedObsNmPoissonSigPCAWGColoRectAdenoCAPCAWG_100_200_80_4_4_NA_NA_NA_dataset16.RDS --output ../data/assessing_models_simulation/inference_results/TMB/nlminb/multiple_GenerationMixturefewersignaturespairedObsNmPoissonSigPCAWGColoRectAdenoCAPCAWG_100_200_80_4_4_diagREDMsinglelambda_NA_NA_NA_dataset16.RDS --model diagREDMsinglelambda --optimiser nlminb  --use_previous_run_startingvals T
[Tue Feb  8 01:45:08 2022]
Finished job 3987.
5 of 4004 steps (0.12%) done

[Tue Feb  8 01:45:08 2022]
rule inference_simulation_TMB_multiple:
    input: ../data/assessing_models_simulation/datasets/multiple_GenerationMixturefewersignaturespairedObsNmPoissonSigPCAWGColoRectAdenoCAPCAWG_100_200_80_4_4_NA_NA_NA_dataset16.RDS
    output: ../data/assessing_models_simulation/inference_results/TMB/nlminb/multiple_GenerationMixturefewersignaturespairedObsNmPoissonSigPCAWGColoRectAdenoCAPCAWG_100_200_80_4_4_diagREDM_NA_NA_NA_dataset16.RDS
    log: logs/inference/nlminb/simulation_GenerationMixturefewersignaturespairedObsNmPoissonSigPCAWGColoRectAdenoCAPCAWG_100_200_80_4_4_ModeldiagREDM_NA_NA_NA_dataset16.log
    jobid: 4587
    wildcards: optimiser=nlminb, datasetgeneration=GenerationMixturefewersignaturespairedObsNmPoissonSigPCAWGColoRectAdenoCAPCAWG, n=100, nlambda=200, lmbda=80, d=4, beta_intensity=4, model=diagREDM, fixed_beta_intercept=NA, fixed_beta_slope=NA, sdRE_input=NA, itnum=16

Rscript 2_inference_TMB/run_TMB.R --input ../data/assessing_models_simulation/datasets/multiple_GenerationMixturefewersignaturespairedObsNmPoissonSigPCAWGColoRectAdenoCAPCAWG_100_200_80_4_4_NA_NA_NA_dataset16.RDS --output ../data/assessing_models_simulation/inference_results/TMB/nlminb/multiple_GenerationMixturefewersignaturespairedObsNmPoissonSigPCAWGColoRectAdenoCAPCAWG_100_200_80_4_4_diagREDM_NA_NA_NA_dataset16.RDS --model diagREDM --optimiser nlminb  --use_previous_run_startingvals T
[Tue Feb  8 01:45:18 2022]
Finished job 4587.
6 of 4004 steps (0.15%) done

[Tue Feb  8 01:45:18 2022]
rule inference_simulation_TMB_multiple:
    input: ../data/assessing_models_simulation/datasets/multiple_GenerationMixturefewersignaturespairedObsNmPoissonSigPCAWGColoRectAdenoCAPCAWG_100_200_80_4_4_NA_NA_NA_dataset16.RDS
    output: ../data/assessing_models_simulation/inference_results/TMB/nlminb/multiple_GenerationMixturefewersignaturespairedObsNmPoissonSigPCAWGColoRectAdenoCAPCAWG_100_200_80_4_4_fullREM_NA_NA_NA_dataset16.RDS
    log: logs/inference/nlminb/simulation_GenerationMixturefewersignaturespairedObsNmPoissonSigPCAWGColoRectAdenoCAPCAWG_100_200_80_4_4_ModelfullREM_NA_NA_NA_dataset16.log
    jobid: 2787
    wildcards: optimiser=nlminb, datasetgeneration=GenerationMixturefewersignaturespairedObsNmPoissonSigPCAWGColoRectAdenoCAPCAWG, n=100, nlambda=200, lmbda=80, d=4, beta_intensity=4, model=fullREM, fixed_beta_intercept=NA, fixed_beta_slope=NA, sdRE_input=NA, itnum=16

Rscript 2_inference_TMB/run_TMB.R --input ../data/assessing_models_simulation/datasets/multiple_GenerationMixturefewersignaturespairedObsNmPoissonSigPCAWGColoRectAdenoCAPCAWG_100_200_80_4_4_NA_NA_NA_dataset16.RDS --output ../data/assessing_models_simulation/inference_results/TMB/nlminb/multiple_GenerationMixturefewersignaturespairedObsNmPoissonSigPCAWGColoRectAdenoCAPCAWG_100_200_80_4_4_fullREM_NA_NA_NA_dataset16.RDS --model fullREM --optimiser nlminb  --use_previous_run_startingvals T
[Tue Feb  8 01:45:22 2022]
Finished job 2787.
7 of 4004 steps (0.17%) done

[Tue Feb  8 01:45:22 2022]
rule inference_simulation_TMB_multiple:
    input: ../data/assessing_models_simulation/datasets/multiple_GenerationMixturefewersignaturespairedObsNmPoissonSigPCAWGColoRectAdenoCAPCAWG_100_200_80_4_4_NA_NA_NA_dataset16.RDS
    output: ../data/assessing_models_simulation/inference_results/TMB/nlminb/multiple_GenerationMixturefewersignaturespairedObsNmPoissonSigPCAWGColoRectAdenoCAPCAWG_100_200_80_4_4_fullREDMsinglelambda_NA_NA_NA_dataset16.RDS
    log: logs/inference/nlminb/simulation_GenerationMixturefewersignaturespairedObsNmPoissonSigPCAWGColoRectAdenoCAPCAWG_100_200_80_4_4_ModelfullREDMsinglelambda_NA_NA_NA_dataset16.log
    jobid: 3387
    wildcards: optimiser=nlminb, datasetgeneration=GenerationMixturefewersignaturespairedObsNmPoissonSigPCAWGColoRectAdenoCAPCAWG, n=100, nlambda=200, lmbda=80, d=4, beta_intensity=4, model=fullREDMsinglelambda, fixed_beta_intercept=NA, fixed_beta_slope=NA, sdRE_input=NA, itnum=16

Rscript 2_inference_TMB/run_TMB.R --input ../data/assessing_models_simulation/datasets/multiple_GenerationMixturefewersignaturespairedObsNmPoissonSigPCAWGColoRectAdenoCAPCAWG_100_200_80_4_4_NA_NA_NA_dataset16.RDS --output ../data/assessing_models_simulation/inference_results/TMB/nlminb/multiple_GenerationMixturefewersignaturespairedObsNmPoissonSigPCAWGColoRectAdenoCAPCAWG_100_200_80_4_4_fullREDMsinglelambda_NA_NA_NA_dataset16.RDS --model fullREDMsinglelambda --optimiser nlminb  --use_previous_run_startingvals T
[Tue Feb  8 01:45:32 2022]
Finished job 3387.
8 of 4004 steps (0.20%) done

[Tue Feb  8 01:45:32 2022]
rule simulate_for_comparison_multiple:
    input: ../data/assessing_models_simulation/GenerationMixturefewersignaturespairedObsNmInvPCAWGColoRectAdenoCAPCAWG
    output: ../data/assessing_models_simulation/datasets/multiple_GenerationMixturefewersignaturespairedObsNmInvPCAWGColoRectAdenoCAPCAWG_100_200_80_4_0_NA_NA_NA_dataset15.RDS
    jobid: 5166
    wildcards: datasetgeneration=GenerationMixturefewersignaturespairedObsNmInvPCAWGColoRectAdenoCAPCAWG, n=100, nlambda=200, lmbda=80, d=4, beta_intensity=0, fixed_beta_intercept=NA, fixed_beta_slope=NA, sdRE_input=NA, itnum=15

Rscript --vanilla 3_analysis/simulation_model_assessment/generate_datasets_simulations/GenerationMixturefewersignaturespairedObsNmInvPCAWGColoRectAdenoCAPCAWG.R --input ../data/assessing_models_simulation/GenerationMixturefewersignaturespairedObsNmInvPCAWGColoRectAdenoCAPCAWG --d 4 --n 100 --nlambda 200 --lambda 80 --beta_gamma_shape 0 --outfile ../data/assessing_models_simulation/datasets/multiple_GenerationMixturefewersignaturespairedObsNmInvPCAWGColoRectAdenoCAPCAWG_100_200_80_4_0_NA_NA_NA_dataset15.RDS --beta_intercept_input NA --beta_slope_input NA --sdRE_input NA
[Tue Feb  8 01:45:33 2022]
Finished job 5166.
9 of 4004 steps (0.22%) done

[Tue Feb  8 01:45:33 2022]
rule inference_simulation_TMB_multiple:
    input: ../data/assessing_models_simulation/datasets/multiple_GenerationMixturefewersignaturespairedObsNmInvPCAWGColoRectAdenoCAPCAWG_100_200_80_4_0_NA_NA_NA_dataset15.RDS
    output: ../data/assessing_models_simulation/inference_results/TMB/nlminb/multiple_GenerationMixturefewersignaturespairedObsNmInvPCAWGColoRectAdenoCAPCAWG_100_200_80_4_0_diagREDMsinglelambda_NA_NA_NA_dataset15.RDS
    log: logs/inference/nlminb/simulation_GenerationMixturefewersignaturespairedObsNmInvPCAWGColoRectAdenoCAPCAWG_100_200_80_4_0_ModeldiagREDMsinglelambda_NA_NA_NA_dataset15.log
    jobid: 1566
    wildcards: optimiser=nlminb, datasetgeneration=GenerationMixturefewersignaturespairedObsNmInvPCAWGColoRectAdenoCAPCAWG, n=100, nlambda=200, lmbda=80, d=4, beta_intensity=0, model=diagREDMsinglelambda, fixed_beta_intercept=NA, fixed_beta_slope=NA, sdRE_input=NA, itnum=15

Rscript 2_inference_TMB/run_TMB.R --input ../data/assessing_models_simulation/datasets/multiple_GenerationMixturefewersignaturespairedObsNmInvPCAWGColoRectAdenoCAPCAWG_100_200_80_4_0_NA_NA_NA_dataset15.RDS --output ../data/assessing_models_simulation/inference_results/TMB/nlminb/multiple_GenerationMixturefewersignaturespairedObsNmInvPCAWGColoRectAdenoCAPCAWG_100_200_80_4_0_diagREDMsinglelambda_NA_NA_NA_dataset15.RDS --model diagREDMsinglelambda --optimiser nlminb  --use_previous_run_startingvals T
[Tue Feb  8 01:45:40 2022]
Finished job 1566.
10 of 4004 steps (0.25%) done

[Tue Feb  8 01:45:40 2022]
rule inference_simulation_TMB_multiple:
    input: ../data/assessing_models_simulation/datasets/multiple_GenerationMixturefewersignaturespairedObsNmInvPCAWGColoRectAdenoCAPCAWG_100_200_80_4_0_NA_NA_NA_dataset15.RDS
    output: ../data/assessing_models_simulation/inference_results/TMB/nlminb/multiple_GenerationMixturefewersignaturespairedObsNmInvPCAWGColoRectAdenoCAPCAWG_100_200_80_4_0_diagREDM_NA_NA_NA_dataset15.RDS
    log: logs/inference/nlminb/simulation_GenerationMixturefewersignaturespairedObsNmInvPCAWGColoRectAdenoCAPCAWG_100_200_80_4_0_ModeldiagREDM_NA_NA_NA_dataset15.log
    jobid: 2166
    wildcards: optimiser=nlminb, datasetgeneration=GenerationMixturefewersignaturespairedObsNmInvPCAWGColoRectAdenoCAPCAWG, n=100, nlambda=200, lmbda=80, d=4, beta_intensity=0, model=diagREDM, fixed_beta_intercept=NA, fixed_beta_slope=NA, sdRE_input=NA, itnum=15

Rscript 2_inference_TMB/run_TMB.R --input ../data/assessing_models_simulation/datasets/multiple_GenerationMixturefewersignaturespairedObsNmInvPCAWGColoRectAdenoCAPCAWG_100_200_80_4_0_NA_NA_NA_dataset15.RDS --output ../data/assessing_models_simulation/inference_results/TMB/nlminb/multiple_GenerationMixturefewersignaturespairedObsNmInvPCAWGColoRectAdenoCAPCAWG_100_200_80_4_0_diagREDM_NA_NA_NA_dataset15.RDS --model diagREDM --optimiser nlminb  --use_previous_run_startingvals T
[Tue Feb  8 01:45:49 2022]
Finished job 2166.
11 of 4004 steps (0.27%) done

[Tue Feb  8 01:45:49 2022]
rule inference_simulation_TMB_multiple:
    input: ../data/assessing_models_simulation/datasets/multiple_GenerationMixturefewersignaturespairedObsNmInvPCAWGColoRectAdenoCAPCAWG_100_200_80_4_0_NA_NA_NA_dataset15.RDS
    output: ../data/assessing_models_simulation/inference_results/TMB/nlminb/multiple_GenerationMixturefewersignaturespairedObsNmInvPCAWGColoRectAdenoCAPCAWG_100_200_80_4_0_fullREM_NA_NA_NA_dataset15.RDS
    log: logs/inference/nlminb/simulation_GenerationMixturefewersignaturespairedObsNmInvPCAWGColoRectAdenoCAPCAWG_100_200_80_4_0_ModelfullREM_NA_NA_NA_dataset15.log
    jobid: 366
    wildcards: optimiser=nlminb, datasetgeneration=GenerationMixturefewersignaturespairedObsNmInvPCAWGColoRectAdenoCAPCAWG, n=100, nlambda=200, lmbda=80, d=4, beta_intensity=0, model=fullREM, fixed_beta_intercept=NA, fixed_beta_slope=NA, sdRE_input=NA, itnum=15

Rscript 2_inference_TMB/run_TMB.R --input ../data/assessing_models_simulation/datasets/multiple_GenerationMixturefewersignaturespairedObsNmInvPCAWGColoRectAdenoCAPCAWG_100_200_80_4_0_NA_NA_NA_dataset15.RDS --output ../data/assessing_models_simulation/inference_results/TMB/nlminb/multiple_GenerationMixturefewersignaturespairedObsNmInvPCAWGColoRectAdenoCAPCAWG_100_200_80_4_0_fullREM_NA_NA_NA_dataset15.RDS --model fullREM --optimiser nlminb  --use_previous_run_startingvals T
[Tue Feb  8 01:45:53 2022]
Finished job 366.
12 of 4004 steps (0.30%) done

[Tue Feb  8 01:45:53 2022]
rule inference_simulation_TMB_multiple:
    input: ../data/assessing_models_simulation/datasets/multiple_GenerationMixturefewersignaturespairedObsNmInvPCAWGColoRectAdenoCAPCAWG_100_200_80_4_0_NA_NA_NA_dataset15.RDS
    output: ../data/assessing_models_simulation/inference_results/TMB/nlminb/multiple_GenerationMixturefewersignaturespairedObsNmInvPCAWGColoRectAdenoCAPCAWG_100_200_80_4_0_fullREDMsinglelambda_NA_NA_NA_dataset15.RDS
    log: logs/inference/nlminb/simulation_GenerationMixturefewersignaturespairedObsNmInvPCAWGColoRectAdenoCAPCAWG_100_200_80_4_0_ModelfullREDMsinglelambda_NA_NA_NA_dataset15.log
    jobid: 966
    wildcards: optimiser=nlminb, datasetgeneration=GenerationMixturefewersignaturespairedObsNmInvPCAWGColoRectAdenoCAPCAWG, n=100, nlambda=200, lmbda=80, d=4, beta_intensity=0, model=fullREDMsinglelambda, fixed_beta_intercept=NA, fixed_beta_slope=NA, sdRE_input=NA, itnum=15

Rscript 2_inference_TMB/run_TMB.R --input ../data/assessing_models_simulation/datasets/multiple_GenerationMixturefewersignaturespairedObsNmInvPCAWGColoRectAdenoCAPCAWG_100_200_80_4_0_NA_NA_NA_dataset15.RDS --output ../data/assessing_models_simulation/inference_results/TMB/nlminb/multiple_GenerationMixturefewersignaturespairedObsNmInvPCAWGColoRectAdenoCAPCAWG_100_200_80_4_0_fullREDMsinglelambda_NA_NA_NA_dataset15.RDS --model fullREDMsinglelambda --optimiser nlminb  --use_previous_run_startingvals T
[Tue Feb  8 01:46:03 2022]
Finished job 966.
13 of 4004 steps (0.32%) done

[Tue Feb  8 01:46:03 2022]
rule simulate_for_comparison_multiple:
    input: ../data/assessing_models_simulation/GenerationMixturefewersignaturespairedObsNmPoissonSigPCAWGColoRectAdenoCAPCAWG
    output: ../data/assessing_models_simulation/datasets/multiple_GenerationMixturefewersignaturespairedObsNmPoissonSigPCAWGColoRectAdenoCAPCAWG_50_200_80_4_-999_NA_NA_NA_dataset6.RDS
    jobid: 5417
    wildcards: datasetgeneration=GenerationMixturefewersignaturespairedObsNmPoissonSigPCAWGColoRectAdenoCAPCAWG, n=50, nlambda=200, lmbda=80, d=4, beta_intensity=-999, fixed_beta_intercept=NA, fixed_beta_slope=NA, sdRE_input=NA, itnum=6

Rscript --vanilla 3_analysis/simulation_model_assessment/generate_datasets_simulations/GenerationMixturefewersignaturespairedObsNmPoissonSigPCAWGColoRectAdenoCAPCAWG.R --input ../data/assessing_models_simulation/GenerationMixturefewersignaturespairedObsNmPoissonSigPCAWGColoRectAdenoCAPCAWG --d 4 --n 50 --nlambda 200 --lambda 80 --beta_gamma_shape -999 --outfile ../data/assessing_models_simulation/datasets/multiple_GenerationMixturefewersignaturespairedObsNmPoissonSigPCAWGColoRectAdenoCAPCAWG_50_200_80_4_-999_NA_NA_NA_dataset6.RDS --beta_intercept_input NA --beta_slope_input NA --sdRE_input NA
[Tue Feb  8 01:46:03 2022]
Finished job 5417.
14 of 4004 steps (0.35%) done

[Tue Feb  8 01:46:03 2022]
rule inference_simulation_TMB_multiple:
    input: ../data/assessing_models_simulation/datasets/multiple_GenerationMixturefewersignaturespairedObsNmPoissonSigPCAWGColoRectAdenoCAPCAWG_50_200_80_4_-999_NA_NA_NA_dataset6.RDS
    output: ../data/assessing_models_simulation/inference_results/TMB/nlminb/multiple_GenerationMixturefewersignaturespairedObsNmPoissonSigPCAWGColoRectAdenoCAPCAWG_50_200_80_4_-999_diagREDMsinglelambda_NA_NA_NA_dataset6.RDS
    log: logs/inference/nlminb/simulation_GenerationMixturefewersignaturespairedObsNmPoissonSigPCAWGColoRectAdenoCAPCAWG_50_200_80_4_-999_ModeldiagREDMsinglelambda_NA_NA_NA_dataset6.log
    jobid: 3617
    wildcards: optimiser=nlminb, datasetgeneration=GenerationMixturefewersignaturespairedObsNmPoissonSigPCAWGColoRectAdenoCAPCAWG, n=50, nlambda=200, lmbda=80, d=4, beta_intensity=-999, model=diagREDMsinglelambda, fixed_beta_intercept=NA, fixed_beta_slope=NA, sdRE_input=NA, itnum=6

Rscript 2_inference_TMB/run_TMB.R --input ../data/assessing_models_simulation/datasets/multiple_GenerationMixturefewersignaturespairedObsNmPoissonSigPCAWGColoRectAdenoCAPCAWG_50_200_80_4_-999_NA_NA_NA_dataset6.RDS --output ../data/assessing_models_simulation/inference_results/TMB/nlminb/multiple_GenerationMixturefewersignaturespairedObsNmPoissonSigPCAWGColoRectAdenoCAPCAWG_50_200_80_4_-999_diagREDMsinglelambda_NA_NA_NA_dataset6.RDS --model diagREDMsinglelambda --optimiser nlminb  --use_previous_run_startingvals T
[Tue Feb  8 01:46:07 2022]
Finished job 3617.
15 of 4004 steps (0.37%) done

[Tue Feb  8 01:46:07 2022]
rule inference_simulation_TMB_multiple:
    input: ../data/assessing_models_simulation/datasets/multiple_GenerationMixturefewersignaturespairedObsNmPoissonSigPCAWGColoRectAdenoCAPCAWG_50_200_80_4_-999_NA_NA_NA_dataset6.RDS
    output: ../data/assessing_models_simulation/inference_results/TMB/nlminb/multiple_GenerationMixturefewersignaturespairedObsNmPoissonSigPCAWGColoRectAdenoCAPCAWG_50_200_80_4_-999_diagREDM_NA_NA_NA_dataset6.RDS
    log: logs/inference/nlminb/simulation_GenerationMixturefewersignaturespairedObsNmPoissonSigPCAWGColoRectAdenoCAPCAWG_50_200_80_4_-999_ModeldiagREDM_NA_NA_NA_dataset6.log
    jobid: 4217
    wildcards: optimiser=nlminb, datasetgeneration=GenerationMixturefewersignaturespairedObsNmPoissonSigPCAWGColoRectAdenoCAPCAWG, n=50, nlambda=200, lmbda=80, d=4, beta_intensity=-999, model=diagREDM, fixed_beta_intercept=NA, fixed_beta_slope=NA, sdRE_input=NA, itnum=6

Rscript 2_inference_TMB/run_TMB.R --input ../data/assessing_models_simulation/datasets/multiple_GenerationMixturefewersignaturespairedObsNmPoissonSigPCAWGColoRectAdenoCAPCAWG_50_200_80_4_-999_NA_NA_NA_dataset6.RDS --output ../data/assessing_models_simulation/inference_results/TMB/nlminb/multiple_GenerationMixturefewersignaturespairedObsNmPoissonSigPCAWGColoRectAdenoCAPCAWG_50_200_80_4_-999_diagREDM_NA_NA_NA_dataset6.RDS --model diagREDM --optimiser nlminb  --use_previous_run_startingvals T
[Tue Feb  8 01:46:11 2022]
Finished job 4217.
16 of 4004 steps (0.40%) done

[Tue Feb  8 01:46:11 2022]
rule inference_simulation_TMB_multiple:
    input: ../data/assessing_models_simulation/datasets/multiple_GenerationMixturefewersignaturespairedObsNmPoissonSigPCAWGColoRectAdenoCAPCAWG_50_200_80_4_-999_NA_NA_NA_dataset6.RDS
    output: ../data/assessing_models_simulation/inference_results/TMB/nlminb/multiple_GenerationMixturefewersignaturespairedObsNmPoissonSigPCAWGColoRectAdenoCAPCAWG_50_200_80_4_-999_fullREM_NA_NA_NA_dataset6.RDS
    log: logs/inference/nlminb/simulation_GenerationMixturefewersignaturespairedObsNmPoissonSigPCAWGColoRectAdenoCAPCAWG_50_200_80_4_-999_ModelfullREM_NA_NA_NA_dataset6.log
    jobid: 2417
    wildcards: optimiser=nlminb, datasetgeneration=GenerationMixturefewersignaturespairedObsNmPoissonSigPCAWGColoRectAdenoCAPCAWG, n=50, nlambda=200, lmbda=80, d=4, beta_intensity=-999, model=fullREM, fixed_beta_intercept=NA, fixed_beta_slope=NA, sdRE_input=NA, itnum=6

Rscript 2_inference_TMB/run_TMB.R --input ../data/assessing_models_simulation/datasets/multiple_GenerationMixturefewersignaturespairedObsNmPoissonSigPCAWGColoRectAdenoCAPCAWG_50_200_80_4_-999_NA_NA_NA_dataset6.RDS --output ../data/assessing_models_simulation/inference_results/TMB/nlminb/multiple_GenerationMixturefewersignaturespairedObsNmPoissonSigPCAWGColoRectAdenoCAPCAWG_50_200_80_4_-999_fullREM_NA_NA_NA_dataset6.RDS --model fullREM --optimiser nlminb  --use_previous_run_startingvals T
[Tue Feb  8 01:46:14 2022]
Finished job 2417.
17 of 4004 steps (0.42%) done

[Tue Feb  8 01:46:14 2022]
rule inference_simulation_TMB_multiple:
    input: ../data/assessing_models_simulation/datasets/multiple_GenerationMixturefewersignaturespairedObsNmPoissonSigPCAWGColoRectAdenoCAPCAWG_50_200_80_4_-999_NA_NA_NA_dataset6.RDS
    output: ../data/assessing_models_simulation/inference_results/TMB/nlminb/multiple_GenerationMixturefewersignaturespairedObsNmPoissonSigPCAWGColoRectAdenoCAPCAWG_50_200_80_4_-999_fullREDMsinglelambda_NA_NA_NA_dataset6.RDS
    log: logs/inference/nlminb/simulation_GenerationMixturefewersignaturespairedObsNmPoissonSigPCAWGColoRectAdenoCAPCAWG_50_200_80_4_-999_ModelfullREDMsinglelambda_NA_NA_NA_dataset6.log
    jobid: 3017
    wildcards: optimiser=nlminb, datasetgeneration=GenerationMixturefewersignaturespairedObsNmPoissonSigPCAWGColoRectAdenoCAPCAWG, n=50, nlambda=200, lmbda=80, d=4, beta_intensity=-999, model=fullREDMsinglelambda, fixed_beta_intercept=NA, fixed_beta_slope=NA, sdRE_input=NA, itnum=6

Rscript 2_inference_TMB/run_TMB.R --input ../data/assessing_models_simulation/datasets/multiple_GenerationMixturefewersignaturespairedObsNmPoissonSigPCAWGColoRectAdenoCAPCAWG_50_200_80_4_-999_NA_NA_NA_dataset6.RDS --output ../data/assessing_models_simulation/inference_results/TMB/nlminb/multiple_GenerationMixturefewersignaturespairedObsNmPoissonSigPCAWGColoRectAdenoCAPCAWG_50_200_80_4_-999_fullREDMsinglelambda_NA_NA_NA_dataset6.RDS --model fullREDMsinglelambda --optimiser nlminb  --use_previous_run_startingvals T
[Tue Feb  8 01:46:19 2022]
Finished job 3017.
18 of 4004 steps (0.45%) done

[Tue Feb  8 01:46:19 2022]
rule simulate_for_comparison_multiple:
    input: ../data/assessing_models_simulation/GenerationMixturefewersignaturespairedObsNmInvPCAWGColoRectAdenoCAPCAWG
    output: ../data/assessing_models_simulation/datasets/multiple_GenerationMixturefewersignaturespairedObsNmInvPCAWGColoRectAdenoCAPCAWG_50_200_80_4_-10_NA_NA_NA_dataset12.RDS
    jobid: 4863
    wildcards: datasetgeneration=GenerationMixturefewersignaturespairedObsNmInvPCAWGColoRectAdenoCAPCAWG, n=50, nlambda=200, lmbda=80, d=4, beta_intensity=-10, fixed_beta_intercept=NA, fixed_beta_slope=NA, sdRE_input=NA, itnum=12

Rscript --vanilla 3_analysis/simulation_model_assessment/generate_datasets_simulations/GenerationMixturefewersignaturespairedObsNmInvPCAWGColoRectAdenoCAPCAWG.R --input ../data/assessing_models_simulation/GenerationMixturefewersignaturespairedObsNmInvPCAWGColoRectAdenoCAPCAWG --d 4 --n 50 --nlambda 200 --lambda 80 --beta_gamma_shape -10 --outfile ../data/assessing_models_simulation/datasets/multiple_GenerationMixturefewersignaturespairedObsNmInvPCAWGColoRectAdenoCAPCAWG_50_200_80_4_-10_NA_NA_NA_dataset12.RDS --beta_intercept_input NA --beta_slope_input NA --sdRE_input NA
[Tue Feb  8 01:46:19 2022]
Finished job 4863.
19 of 4004 steps (0.47%) done

[Tue Feb  8 01:46:19 2022]
rule inference_simulation_TMB_multiple:
    input: ../data/assessing_models_simulation/datasets/multiple_GenerationMixturefewersignaturespairedObsNmInvPCAWGColoRectAdenoCAPCAWG_50_200_80_4_-10_NA_NA_NA_dataset12.RDS
    output: ../data/assessing_models_simulation/inference_results/TMB/nlminb/multiple_GenerationMixturefewersignaturespairedObsNmInvPCAWGColoRectAdenoCAPCAWG_50_200_80_4_-10_diagREDMsinglelambda_NA_NA_NA_dataset12.RDS
    log: logs/inference/nlminb/simulation_GenerationMixturefewersignaturespairedObsNmInvPCAWGColoRectAdenoCAPCAWG_50_200_80_4_-10_ModeldiagREDMsinglelambda_NA_NA_NA_dataset12.log
    jobid: 1263
    wildcards: optimiser=nlminb, datasetgeneration=GenerationMixturefewersignaturespairedObsNmInvPCAWGColoRectAdenoCAPCAWG, n=50, nlambda=200, lmbda=80, d=4, beta_intensity=-10, model=diagREDMsinglelambda, fixed_beta_intercept=NA, fixed_beta_slope=NA, sdRE_input=NA, itnum=12

Rscript 2_inference_TMB/run_TMB.R --input ../data/assessing_models_simulation/datasets/multiple_GenerationMixturefewersignaturespairedObsNmInvPCAWGColoRectAdenoCAPCAWG_50_200_80_4_-10_NA_NA_NA_dataset12.RDS --output ../data/assessing_models_simulation/inference_results/TMB/nlminb/multiple_GenerationMixturefewersignaturespairedObsNmInvPCAWGColoRectAdenoCAPCAWG_50_200_80_4_-10_diagREDMsinglelambda_NA_NA_NA_dataset12.RDS --model diagREDMsinglelambda --optimiser nlminb  --use_previous_run_startingvals T
[Tue Feb  8 01:46:25 2022]
Finished job 1263.
20 of 4004 steps (0.50%) done

[Tue Feb  8 01:46:25 2022]
rule inference_simulation_TMB_multiple:
    input: ../data/assessing_models_simulation/datasets/multiple_GenerationMixturefewersignaturespairedObsNmInvPCAWGColoRectAdenoCAPCAWG_50_200_80_4_-10_NA_NA_NA_dataset12.RDS
    output: ../data/assessing_models_simulation/inference_results/TMB/nlminb/multiple_GenerationMixturefewersignaturespairedObsNmInvPCAWGColoRectAdenoCAPCAWG_50_200_80_4_-10_diagREDM_NA_NA_NA_dataset12.RDS
    log: logs/inference/nlminb/simulation_GenerationMixturefewersignaturespairedObsNmInvPCAWGColoRectAdenoCAPCAWG_50_200_80_4_-10_ModeldiagREDM_NA_NA_NA_dataset12.log
    jobid: 1863
    wildcards: optimiser=nlminb, datasetgeneration=GenerationMixturefewersignaturespairedObsNmInvPCAWGColoRectAdenoCAPCAWG, n=50, nlambda=200, lmbda=80, d=4, beta_intensity=-10, model=diagREDM, fixed_beta_intercept=NA, fixed_beta_slope=NA, sdRE_input=NA, itnum=12

Rscript 2_inference_TMB/run_TMB.R --input ../data/assessing_models_simulation/datasets/multiple_GenerationMixturefewersignaturespairedObsNmInvPCAWGColoRectAdenoCAPCAWG_50_200_80_4_-10_NA_NA_NA_dataset12.RDS --output ../data/assessing_models_simulation/inference_results/TMB/nlminb/multiple_GenerationMixturefewersignaturespairedObsNmInvPCAWGColoRectAdenoCAPCAWG_50_200_80_4_-10_diagREDM_NA_NA_NA_dataset12.RDS --model diagREDM --optimiser nlminb  --use_previous_run_startingvals T
[Tue Feb  8 01:46:30 2022]
Error in rule inference_simulation_TMB_multiple:
    jobid: 1863
    output: ../data/assessing_models_simulation/inference_results/TMB/nlminb/multiple_GenerationMixturefewersignaturespairedObsNmInvPCAWGColoRectAdenoCAPCAWG_50_200_80_4_-10_diagREDM_NA_NA_NA_dataset12.RDS
    log: logs/inference/nlminb/simulation_GenerationMixturefewersignaturespairedObsNmInvPCAWGColoRectAdenoCAPCAWG_50_200_80_4_-10_ModeldiagREDM_NA_NA_NA_dataset12.log (check log file(s) for error message)
    shell:
        Rscript 2_inference_TMB/run_TMB.R --input ../data/assessing_models_simulation/datasets/multiple_GenerationMixturefewersignaturespairedObsNmInvPCAWGColoRectAdenoCAPCAWG_50_200_80_4_-10_NA_NA_NA_dataset12.RDS --output ../data/assessing_models_simulation/inference_results/TMB/nlminb/multiple_GenerationMixturefewersignaturespairedObsNmInvPCAWGColoRectAdenoCAPCAWG_50_200_80_4_-10_diagREDM_NA_NA_NA_dataset12.RDS --model diagREDM --optimiser nlminb  --use_previous_run_startingvals T

Shutting down, this might take some time.
Exiting because a job execution failed. Look above for error message
Complete log: /Users/morril01/Documents/PhD/GlobalDA/code/.snakemake/log/2022-02-08T014402.591548.snakemake.log
