Building DAG of jobs...
Using shell: /usr/local/bin/bash
Provided cores: 1
Rules claiming more threads will be scaled down.
Job counts:
	count	jobs
	1	all
	8	analyse_simulation_TMB_multiple
	2	analyse_simulation_TMB_multiple_integrate
	3269	inference_simulation_TMB_multiple
	817	simulate_for_comparison_multiple
	4097

[Tue Feb  8 01:30:45 2022]
rule inference_simulation_TMB_multiple:
    input: ../data/assessing_models_simulation/datasets/multiple_GenerationMixturefewersignaturespairedObsNmInvPCAWGColoRectAdenoCAPCAWG_100_200_80_4_-999_NA_NA_NA_dataset16.RDS
    output: ../data/assessing_models_simulation/inference_results/TMB/nlminb/multiple_GenerationMixturefewersignaturespairedObsNmInvPCAWGColoRectAdenoCAPCAWG_100_200_80_4_-999_diagREDM_NA_NA_NA_dataset16.RDS
    log: logs/inference/nlminb/simulation_GenerationMixturefewersignaturespairedObsNmInvPCAWGColoRectAdenoCAPCAWG_100_200_80_4_-999_ModeldiagREDM_NA_NA_NA_dataset16.log
    jobid: 2027
    wildcards: optimiser=nlminb, datasetgeneration=GenerationMixturefewersignaturespairedObsNmInvPCAWGColoRectAdenoCAPCAWG, n=100, nlambda=200, lmbda=80, d=4, beta_intensity=-999, model=diagREDM, fixed_beta_intercept=NA, fixed_beta_slope=NA, sdRE_input=NA, itnum=16

Rscript 2_inference_TMB/run_TMB.R --input ../data/assessing_models_simulation/datasets/multiple_GenerationMixturefewersignaturespairedObsNmInvPCAWGColoRectAdenoCAPCAWG_100_200_80_4_-999_NA_NA_NA_dataset16.RDS --output ../data/assessing_models_simulation/inference_results/TMB/nlminb/multiple_GenerationMixturefewersignaturespairedObsNmInvPCAWGColoRectAdenoCAPCAWG_100_200_80_4_-999_diagREDM_NA_NA_NA_dataset16.RDS --model diagREDM --optimiser nlminb  --use_previous_run_startingvals T
[Tue Feb  8 01:30:56 2022]
Finished job 2027.
1 of 4097 steps (0.02%) done

[Tue Feb  8 01:30:56 2022]
rule simulate_for_comparison_multiple:
    input: ../data/assessing_models_simulation/GenerationMixturefewersignaturespairedObsNmPoissonSigPCAWGColoRectAdenoCAPCAWG
    output: ../data/assessing_models_simulation/datasets/multiple_GenerationMixturefewersignaturespairedObsNmPoissonSigPCAWGColoRectAdenoCAPCAWG_200_200_80_4_8_NA_NA_NA_dataset3.RDS
    jobid: 5994
    wildcards: datasetgeneration=GenerationMixturefewersignaturespairedObsNmPoissonSigPCAWGColoRectAdenoCAPCAWG, n=200, nlambda=200, lmbda=80, d=4, beta_intensity=8, fixed_beta_intercept=NA, fixed_beta_slope=NA, sdRE_input=NA, itnum=3

Rscript --vanilla 3_analysis/simulation_model_assessment/generate_datasets_simulations/GenerationMixturefewersignaturespairedObsNmPoissonSigPCAWGColoRectAdenoCAPCAWG.R --input ../data/assessing_models_simulation/GenerationMixturefewersignaturespairedObsNmPoissonSigPCAWGColoRectAdenoCAPCAWG --d 4 --n 200 --nlambda 200 --lambda 80 --beta_gamma_shape 8 --outfile ../data/assessing_models_simulation/datasets/multiple_GenerationMixturefewersignaturespairedObsNmPoissonSigPCAWGColoRectAdenoCAPCAWG_200_200_80_4_8_NA_NA_NA_dataset3.RDS --beta_intercept_input NA --beta_slope_input NA --sdRE_input NA
[Tue Feb  8 01:30:57 2022]
Finished job 5994.
2 of 4097 steps (0.05%) done

[Tue Feb  8 01:30:57 2022]
rule inference_simulation_TMB_multiple:
    input: ../data/assessing_models_simulation/datasets/multiple_GenerationMixturefewersignaturespairedObsNmPoissonSigPCAWGColoRectAdenoCAPCAWG_200_200_80_4_8_NA_NA_NA_dataset3.RDS
    output: ../data/assessing_models_simulation/inference_results/TMB/nlminb/multiple_GenerationMixturefewersignaturespairedObsNmPoissonSigPCAWGColoRectAdenoCAPCAWG_200_200_80_4_8_fullREM_NA_NA_NA_dataset3.RDS
    log: logs/inference/nlminb/simulation_GenerationMixturefewersignaturespairedObsNmPoissonSigPCAWGColoRectAdenoCAPCAWG_200_200_80_4_8_ModelfullREM_NA_NA_NA_dataset3.log
    jobid: 2994
    wildcards: optimiser=nlminb, datasetgeneration=GenerationMixturefewersignaturespairedObsNmPoissonSigPCAWGColoRectAdenoCAPCAWG, n=200, nlambda=200, lmbda=80, d=4, beta_intensity=8, model=fullREM, fixed_beta_intercept=NA, fixed_beta_slope=NA, sdRE_input=NA, itnum=3

Rscript 2_inference_TMB/run_TMB.R --input ../data/assessing_models_simulation/datasets/multiple_GenerationMixturefewersignaturespairedObsNmPoissonSigPCAWGColoRectAdenoCAPCAWG_200_200_80_4_8_NA_NA_NA_dataset3.RDS --output ../data/assessing_models_simulation/inference_results/TMB/nlminb/multiple_GenerationMixturefewersignaturespairedObsNmPoissonSigPCAWGColoRectAdenoCAPCAWG_200_200_80_4_8_fullREM_NA_NA_NA_dataset3.RDS --model fullREM --optimiser nlminb  --use_previous_run_startingvals T
[Tue Feb  8 01:31:05 2022]
Finished job 2994.
3 of 4097 steps (0.07%) done

[Tue Feb  8 01:31:05 2022]
rule inference_simulation_TMB_multiple:
    input: ../data/assessing_models_simulation/datasets/multiple_GenerationMixturefewersignaturespairedObsNmPoissonSigPCAWGColoRectAdenoCAPCAWG_200_200_80_4_8_NA_NA_NA_dataset3.RDS
    output: ../data/assessing_models_simulation/inference_results/TMB/nlminb/multiple_GenerationMixturefewersignaturespairedObsNmPoissonSigPCAWGColoRectAdenoCAPCAWG_200_200_80_4_8_diagREDMsinglelambda_NA_NA_NA_dataset3.RDS
    log: logs/inference/nlminb/simulation_GenerationMixturefewersignaturespairedObsNmPoissonSigPCAWGColoRectAdenoCAPCAWG_200_200_80_4_8_ModeldiagREDMsinglelambda_NA_NA_NA_dataset3.log
    jobid: 4194
    wildcards: optimiser=nlminb, datasetgeneration=GenerationMixturefewersignaturespairedObsNmPoissonSigPCAWGColoRectAdenoCAPCAWG, n=200, nlambda=200, lmbda=80, d=4, beta_intensity=8, model=diagREDMsinglelambda, fixed_beta_intercept=NA, fixed_beta_slope=NA, sdRE_input=NA, itnum=3

Rscript 2_inference_TMB/run_TMB.R --input ../data/assessing_models_simulation/datasets/multiple_GenerationMixturefewersignaturespairedObsNmPoissonSigPCAWGColoRectAdenoCAPCAWG_200_200_80_4_8_NA_NA_NA_dataset3.RDS --output ../data/assessing_models_simulation/inference_results/TMB/nlminb/multiple_GenerationMixturefewersignaturespairedObsNmPoissonSigPCAWGColoRectAdenoCAPCAWG_200_200_80_4_8_diagREDMsinglelambda_NA_NA_NA_dataset3.RDS --model diagREDMsinglelambda --optimiser nlminb  --use_previous_run_startingvals T
[Tue Feb  8 01:31:23 2022]
Finished job 4194.
4 of 4097 steps (0.10%) done

[Tue Feb  8 01:31:23 2022]
rule inference_simulation_TMB_multiple:
    input: ../data/assessing_models_simulation/datasets/multiple_GenerationMixturefewersignaturespairedObsNmPoissonSigPCAWGColoRectAdenoCAPCAWG_200_200_80_4_8_NA_NA_NA_dataset3.RDS
    output: ../data/assessing_models_simulation/inference_results/TMB/nlminb/multiple_GenerationMixturefewersignaturespairedObsNmPoissonSigPCAWGColoRectAdenoCAPCAWG_200_200_80_4_8_fullREDMsinglelambda_NA_NA_NA_dataset3.RDS
    log: logs/inference/nlminb/simulation_GenerationMixturefewersignaturespairedObsNmPoissonSigPCAWGColoRectAdenoCAPCAWG_200_200_80_4_8_ModelfullREDMsinglelambda_NA_NA_NA_dataset3.log
    jobid: 3594
    wildcards: optimiser=nlminb, datasetgeneration=GenerationMixturefewersignaturespairedObsNmPoissonSigPCAWGColoRectAdenoCAPCAWG, n=200, nlambda=200, lmbda=80, d=4, beta_intensity=8, model=fullREDMsinglelambda, fixed_beta_intercept=NA, fixed_beta_slope=NA, sdRE_input=NA, itnum=3

Rscript 2_inference_TMB/run_TMB.R --input ../data/assessing_models_simulation/datasets/multiple_GenerationMixturefewersignaturespairedObsNmPoissonSigPCAWGColoRectAdenoCAPCAWG_200_200_80_4_8_NA_NA_NA_dataset3.RDS --output ../data/assessing_models_simulation/inference_results/TMB/nlminb/multiple_GenerationMixturefewersignaturespairedObsNmPoissonSigPCAWGColoRectAdenoCAPCAWG_200_200_80_4_8_fullREDMsinglelambda_NA_NA_NA_dataset3.RDS --model fullREDMsinglelambda --optimiser nlminb  --use_previous_run_startingvals T
[Tue Feb  8 01:31:42 2022]
Finished job 3594.
5 of 4097 steps (0.12%) done

[Tue Feb  8 01:31:42 2022]
rule inference_simulation_TMB_multiple:
    input: ../data/assessing_models_simulation/datasets/multiple_GenerationMixturefewersignaturespairedObsNmPoissonSigPCAWGColoRectAdenoCAPCAWG_200_200_80_4_8_NA_NA_NA_dataset3.RDS
    output: ../data/assessing_models_simulation/inference_results/TMB/nlminb/multiple_GenerationMixturefewersignaturespairedObsNmPoissonSigPCAWGColoRectAdenoCAPCAWG_200_200_80_4_8_diagREDM_NA_NA_NA_dataset3.RDS
    log: logs/inference/nlminb/simulation_GenerationMixturefewersignaturespairedObsNmPoissonSigPCAWGColoRectAdenoCAPCAWG_200_200_80_4_8_ModeldiagREDM_NA_NA_NA_dataset3.log
    jobid: 4794
    wildcards: optimiser=nlminb, datasetgeneration=GenerationMixturefewersignaturespairedObsNmPoissonSigPCAWGColoRectAdenoCAPCAWG, n=200, nlambda=200, lmbda=80, d=4, beta_intensity=8, model=diagREDM, fixed_beta_intercept=NA, fixed_beta_slope=NA, sdRE_input=NA, itnum=3

Rscript 2_inference_TMB/run_TMB.R --input ../data/assessing_models_simulation/datasets/multiple_GenerationMixturefewersignaturespairedObsNmPoissonSigPCAWGColoRectAdenoCAPCAWG_200_200_80_4_8_NA_NA_NA_dataset3.RDS --output ../data/assessing_models_simulation/inference_results/TMB/nlminb/multiple_GenerationMixturefewersignaturespairedObsNmPoissonSigPCAWGColoRectAdenoCAPCAWG_200_200_80_4_8_diagREDM_NA_NA_NA_dataset3.RDS --model diagREDM --optimiser nlminb  --use_previous_run_startingvals T
[Tue Feb  8 01:31:58 2022]
Finished job 4794.
6 of 4097 steps (0.15%) done

[Tue Feb  8 01:31:58 2022]
rule simulate_for_comparison_multiple:
    input: ../data/assessing_models_simulation/GenerationMixturefewersignaturespairedObsNmPoissonSigPCAWGColoRectAdenoCAPCAWG
    output: ../data/assessing_models_simulation/datasets/multiple_GenerationMixturefewersignaturespairedObsNmPoissonSigPCAWGColoRectAdenoCAPCAWG_200_200_80_4_-10_NA_NA_NA_dataset18.RDS
    jobid: 5869
    wildcards: datasetgeneration=GenerationMixturefewersignaturespairedObsNmPoissonSigPCAWGColoRectAdenoCAPCAWG, n=200, nlambda=200, lmbda=80, d=4, beta_intensity=-10, fixed_beta_intercept=NA, fixed_beta_slope=NA, sdRE_input=NA, itnum=18

Rscript --vanilla 3_analysis/simulation_model_assessment/generate_datasets_simulations/GenerationMixturefewersignaturespairedObsNmPoissonSigPCAWGColoRectAdenoCAPCAWG.R --input ../data/assessing_models_simulation/GenerationMixturefewersignaturespairedObsNmPoissonSigPCAWGColoRectAdenoCAPCAWG --d 4 --n 200 --nlambda 200 --lambda 80 --beta_gamma_shape -10 --outfile ../data/assessing_models_simulation/datasets/multiple_GenerationMixturefewersignaturespairedObsNmPoissonSigPCAWGColoRectAdenoCAPCAWG_200_200_80_4_-10_NA_NA_NA_dataset18.RDS --beta_intercept_input NA --beta_slope_input NA --sdRE_input NA
[Tue Feb  8 01:31:59 2022]
Finished job 5869.
7 of 4097 steps (0.17%) done

[Tue Feb  8 01:31:59 2022]
rule inference_simulation_TMB_multiple:
    input: ../data/assessing_models_simulation/datasets/multiple_GenerationMixturefewersignaturespairedObsNmPoissonSigPCAWGColoRectAdenoCAPCAWG_200_200_80_4_-10_NA_NA_NA_dataset18.RDS
    output: ../data/assessing_models_simulation/inference_results/TMB/nlminb/multiple_GenerationMixturefewersignaturespairedObsNmPoissonSigPCAWGColoRectAdenoCAPCAWG_200_200_80_4_-10_fullREM_NA_NA_NA_dataset18.RDS
    log: logs/inference/nlminb/simulation_GenerationMixturefewersignaturespairedObsNmPoissonSigPCAWGColoRectAdenoCAPCAWG_200_200_80_4_-10_ModelfullREM_NA_NA_NA_dataset18.log
    jobid: 2869
    wildcards: optimiser=nlminb, datasetgeneration=GenerationMixturefewersignaturespairedObsNmPoissonSigPCAWGColoRectAdenoCAPCAWG, n=200, nlambda=200, lmbda=80, d=4, beta_intensity=-10, model=fullREM, fixed_beta_intercept=NA, fixed_beta_slope=NA, sdRE_input=NA, itnum=18

Rscript 2_inference_TMB/run_TMB.R --input ../data/assessing_models_simulation/datasets/multiple_GenerationMixturefewersignaturespairedObsNmPoissonSigPCAWGColoRectAdenoCAPCAWG_200_200_80_4_-10_NA_NA_NA_dataset18.RDS --output ../data/assessing_models_simulation/inference_results/TMB/nlminb/multiple_GenerationMixturefewersignaturespairedObsNmPoissonSigPCAWGColoRectAdenoCAPCAWG_200_200_80_4_-10_fullREM_NA_NA_NA_dataset18.RDS --model fullREM --optimiser nlminb  --use_previous_run_startingvals T
[Tue Feb  8 01:32:07 2022]
Finished job 2869.
8 of 4097 steps (0.20%) done

[Tue Feb  8 01:32:07 2022]
rule inference_simulation_TMB_multiple:
    input: ../data/assessing_models_simulation/datasets/multiple_GenerationMixturefewersignaturespairedObsNmPoissonSigPCAWGColoRectAdenoCAPCAWG_200_200_80_4_-10_NA_NA_NA_dataset18.RDS
    output: ../data/assessing_models_simulation/inference_results/TMB/nlminb/multiple_GenerationMixturefewersignaturespairedObsNmPoissonSigPCAWGColoRectAdenoCAPCAWG_200_200_80_4_-10_diagREDMsinglelambda_NA_NA_NA_dataset18.RDS
    log: logs/inference/nlminb/simulation_GenerationMixturefewersignaturespairedObsNmPoissonSigPCAWGColoRectAdenoCAPCAWG_200_200_80_4_-10_ModeldiagREDMsinglelambda_NA_NA_NA_dataset18.log
    jobid: 4069
    wildcards: optimiser=nlminb, datasetgeneration=GenerationMixturefewersignaturespairedObsNmPoissonSigPCAWGColoRectAdenoCAPCAWG, n=200, nlambda=200, lmbda=80, d=4, beta_intensity=-10, model=diagREDMsinglelambda, fixed_beta_intercept=NA, fixed_beta_slope=NA, sdRE_input=NA, itnum=18

Rscript 2_inference_TMB/run_TMB.R --input ../data/assessing_models_simulation/datasets/multiple_GenerationMixturefewersignaturespairedObsNmPoissonSigPCAWGColoRectAdenoCAPCAWG_200_200_80_4_-10_NA_NA_NA_dataset18.RDS --output ../data/assessing_models_simulation/inference_results/TMB/nlminb/multiple_GenerationMixturefewersignaturespairedObsNmPoissonSigPCAWGColoRectAdenoCAPCAWG_200_200_80_4_-10_diagREDMsinglelambda_NA_NA_NA_dataset18.RDS --model diagREDMsinglelambda --optimiser nlminb  --use_previous_run_startingvals T
[Tue Feb  8 01:32:23 2022]
Finished job 4069.
9 of 4097 steps (0.22%) done

[Tue Feb  8 01:32:23 2022]
rule inference_simulation_TMB_multiple:
    input: ../data/assessing_models_simulation/datasets/multiple_GenerationMixturefewersignaturespairedObsNmPoissonSigPCAWGColoRectAdenoCAPCAWG_200_200_80_4_-10_NA_NA_NA_dataset18.RDS
    output: ../data/assessing_models_simulation/inference_results/TMB/nlminb/multiple_GenerationMixturefewersignaturespairedObsNmPoissonSigPCAWGColoRectAdenoCAPCAWG_200_200_80_4_-10_fullREDMsinglelambda_NA_NA_NA_dataset18.RDS
    log: logs/inference/nlminb/simulation_GenerationMixturefewersignaturespairedObsNmPoissonSigPCAWGColoRectAdenoCAPCAWG_200_200_80_4_-10_ModelfullREDMsinglelambda_NA_NA_NA_dataset18.log
    jobid: 3469
    wildcards: optimiser=nlminb, datasetgeneration=GenerationMixturefewersignaturespairedObsNmPoissonSigPCAWGColoRectAdenoCAPCAWG, n=200, nlambda=200, lmbda=80, d=4, beta_intensity=-10, model=fullREDMsinglelambda, fixed_beta_intercept=NA, fixed_beta_slope=NA, sdRE_input=NA, itnum=18

Rscript 2_inference_TMB/run_TMB.R --input ../data/assessing_models_simulation/datasets/multiple_GenerationMixturefewersignaturespairedObsNmPoissonSigPCAWGColoRectAdenoCAPCAWG_200_200_80_4_-10_NA_NA_NA_dataset18.RDS --output ../data/assessing_models_simulation/inference_results/TMB/nlminb/multiple_GenerationMixturefewersignaturespairedObsNmPoissonSigPCAWGColoRectAdenoCAPCAWG_200_200_80_4_-10_fullREDMsinglelambda_NA_NA_NA_dataset18.RDS --model fullREDMsinglelambda --optimiser nlminb  --use_previous_run_startingvals T
[Tue Feb  8 01:32:41 2022]
Finished job 3469.
10 of 4097 steps (0.24%) done

[Tue Feb  8 01:32:41 2022]
rule inference_simulation_TMB_multiple:
    input: ../data/assessing_models_simulation/datasets/multiple_GenerationMixturefewersignaturespairedObsNmPoissonSigPCAWGColoRectAdenoCAPCAWG_200_200_80_4_-10_NA_NA_NA_dataset18.RDS
    output: ../data/assessing_models_simulation/inference_results/TMB/nlminb/multiple_GenerationMixturefewersignaturespairedObsNmPoissonSigPCAWGColoRectAdenoCAPCAWG_200_200_80_4_-10_diagREDM_NA_NA_NA_dataset18.RDS
    log: logs/inference/nlminb/simulation_GenerationMixturefewersignaturespairedObsNmPoissonSigPCAWGColoRectAdenoCAPCAWG_200_200_80_4_-10_ModeldiagREDM_NA_NA_NA_dataset18.log
    jobid: 4669
    wildcards: optimiser=nlminb, datasetgeneration=GenerationMixturefewersignaturespairedObsNmPoissonSigPCAWGColoRectAdenoCAPCAWG, n=200, nlambda=200, lmbda=80, d=4, beta_intensity=-10, model=diagREDM, fixed_beta_intercept=NA, fixed_beta_slope=NA, sdRE_input=NA, itnum=18

Rscript 2_inference_TMB/run_TMB.R --input ../data/assessing_models_simulation/datasets/multiple_GenerationMixturefewersignaturespairedObsNmPoissonSigPCAWGColoRectAdenoCAPCAWG_200_200_80_4_-10_NA_NA_NA_dataset18.RDS --output ../data/assessing_models_simulation/inference_results/TMB/nlminb/multiple_GenerationMixturefewersignaturespairedObsNmPoissonSigPCAWGColoRectAdenoCAPCAWG_200_200_80_4_-10_diagREDM_NA_NA_NA_dataset18.RDS --model diagREDM --optimiser nlminb  --use_previous_run_startingvals T
[Tue Feb  8 01:33:00 2022]
Error in rule inference_simulation_TMB_multiple:
    jobid: 4669
    output: ../data/assessing_models_simulation/inference_results/TMB/nlminb/multiple_GenerationMixturefewersignaturespairedObsNmPoissonSigPCAWGColoRectAdenoCAPCAWG_200_200_80_4_-10_diagREDM_NA_NA_NA_dataset18.RDS
    log: logs/inference/nlminb/simulation_GenerationMixturefewersignaturespairedObsNmPoissonSigPCAWGColoRectAdenoCAPCAWG_200_200_80_4_-10_ModeldiagREDM_NA_NA_NA_dataset18.log (check log file(s) for error message)
    shell:
        Rscript 2_inference_TMB/run_TMB.R --input ../data/assessing_models_simulation/datasets/multiple_GenerationMixturefewersignaturespairedObsNmPoissonSigPCAWGColoRectAdenoCAPCAWG_200_200_80_4_-10_NA_NA_NA_dataset18.RDS --output ../data/assessing_models_simulation/inference_results/TMB/nlminb/multiple_GenerationMixturefewersignaturespairedObsNmPoissonSigPCAWGColoRectAdenoCAPCAWG_200_200_80_4_-10_diagREDM_NA_NA_NA_dataset18.RDS --model diagREDM --optimiser nlminb  --use_previous_run_startingvals T

Shutting down, this might take some time.
Exiting because a job execution failed. Look above for error message
Complete log: /Users/morril01/Documents/PhD/GlobalDA/code/.snakemake/log/2022-02-08T013035.233740.snakemake.log
