Building DAG of jobs...
Using shell: /usr/local/bin/bash
Provided cores: 1
Rules claiming more threads will be scaled down.
Job counts:
	count	jobs
	1	all
	4	analyse_simulation_TMB_multiple
	1	analyse_simulation_TMB_multiple_integrate
	119	inference_simulation_TMB_multiple
	29	simulate_for_comparison_multiple
	154

[Thu Jan 13 10:23:53 2022]
rule inference_simulation_TMB_multiple:
    input: ../data/assessing_models_simulation/datasets/multiple_GenerationMixturefewersignaturesPCAWG_50_200_80_4_-8_NA_NA_NA_dataset19.RDS
    output: ../data/assessing_models_simulation/inference_results/TMB/nlminb/multiple_GenerationMixturefewersignaturesPCAWG_50_200_80_4_-8_fullREDMsinglelambda_NA_NA_NA_dataset19.RDS
    log: logs/inference/nlminb/simulation_GenerationMixturefewersignaturesPCAWG_50_200_80_4_-8_ModelfullREDMsinglelambda_NA_NA_NA_dataset19.log
    jobid: 445
    wildcards: optimiser=nlminb, datasetgeneration=GenerationMixturefewersignaturesPCAWG, n=50, nlambda=200, lmbda=80, d=4, beta_intensity=-8, model=fullREDMsinglelambda, fixed_beta_intercept=NA, fixed_beta_slope=NA, sdRE_input=NA, itnum=19

Rscript 2_inference_TMB/run_TMB.R --input ../data/assessing_models_simulation/datasets/multiple_GenerationMixturefewersignaturesPCAWG_50_200_80_4_-8_NA_NA_NA_dataset19.RDS --output ../data/assessing_models_simulation/inference_results/TMB/nlminb/multiple_GenerationMixturefewersignaturesPCAWG_50_200_80_4_-8_fullREDMsinglelambda_NA_NA_NA_dataset19.RDS --model fullREDMsinglelambda --optimiser nlminb  --use_previous_run_startingvals T
[Thu Jan 13 10:23:59 2022]
Finished job 445.
1 of 154 steps (0.65%) done

[Thu Jan 13 10:23:59 2022]
rule inference_simulation_TMB_multiple:
    input: ../data/assessing_models_simulation/datasets/multiple_GenerationMixturefewersignaturesPCAWG_50_200_80_4_-8_NA_NA_NA_dataset19.RDS
    output: ../data/assessing_models_simulation/inference_results/TMB/nlminb/multiple_GenerationMixturefewersignaturesPCAWG_50_200_80_4_-8_diagREDMsinglelambda_NA_NA_NA_dataset19.RDS
    log: logs/inference/nlminb/simulation_GenerationMixturefewersignaturesPCAWG_50_200_80_4_-8_ModeldiagREDMsinglelambda_NA_NA_NA_dataset19.log
    jobid: 805
    wildcards: optimiser=nlminb, datasetgeneration=GenerationMixturefewersignaturesPCAWG, n=50, nlambda=200, lmbda=80, d=4, beta_intensity=-8, model=diagREDMsinglelambda, fixed_beta_intercept=NA, fixed_beta_slope=NA, sdRE_input=NA, itnum=19

Rscript 2_inference_TMB/run_TMB.R --input ../data/assessing_models_simulation/datasets/multiple_GenerationMixturefewersignaturesPCAWG_50_200_80_4_-8_NA_NA_NA_dataset19.RDS --output ../data/assessing_models_simulation/inference_results/TMB/nlminb/multiple_GenerationMixturefewersignaturesPCAWG_50_200_80_4_-8_diagREDMsinglelambda_NA_NA_NA_dataset19.RDS --model diagREDMsinglelambda --optimiser nlminb  --use_previous_run_startingvals T
[Thu Jan 13 10:24:03 2022]
Finished job 805.
2 of 154 steps (1%) done

[Thu Jan 13 10:24:03 2022]
rule inference_simulation_TMB_multiple:
    input: ../data/assessing_models_simulation/datasets/multiple_GenerationMixturefewersignaturesPCAWG_50_200_80_4_-8_NA_NA_NA_dataset19.RDS
    output: ../data/assessing_models_simulation/inference_results/TMB/nlminb/multiple_GenerationMixturefewersignaturesPCAWG_50_200_80_4_-8_diagREDM_NA_NA_NA_dataset19.RDS
    log: logs/inference/nlminb/simulation_GenerationMixturefewersignaturesPCAWG_50_200_80_4_-8_ModeldiagREDM_NA_NA_NA_dataset19.log
    jobid: 1165
    wildcards: optimiser=nlminb, datasetgeneration=GenerationMixturefewersignaturesPCAWG, n=50, nlambda=200, lmbda=80, d=4, beta_intensity=-8, model=diagREDM, fixed_beta_intercept=NA, fixed_beta_slope=NA, sdRE_input=NA, itnum=19

Rscript 2_inference_TMB/run_TMB.R --input ../data/assessing_models_simulation/datasets/multiple_GenerationMixturefewersignaturesPCAWG_50_200_80_4_-8_NA_NA_NA_dataset19.RDS --output ../data/assessing_models_simulation/inference_results/TMB/nlminb/multiple_GenerationMixturefewersignaturesPCAWG_50_200_80_4_-8_diagREDM_NA_NA_NA_dataset19.RDS --model diagREDM --optimiser nlminb  --use_previous_run_startingvals T
[Thu Jan 13 10:24:08 2022]
Finished job 1165.
3 of 154 steps (2%) done

[Thu Jan 13 10:24:08 2022]
rule simulate_for_comparison_multiple:
    input: ../data/assessing_models_simulation/GenerationMixturefewersignaturesPCAWG
    output: ../data/assessing_models_simulation/datasets/multiple_GenerationMixturefewersignaturesPCAWG_50_200_80_4_-2_NA_NA_NA_dataset19.RDS
    jobid: 1565
    wildcards: datasetgeneration=GenerationMixturefewersignaturesPCAWG, n=50, nlambda=200, lmbda=80, d=4, beta_intensity=-2, fixed_beta_intercept=NA, fixed_beta_slope=NA, sdRE_input=NA, itnum=19

Rscript --vanilla 3_analysis/simulation_model_assessment/generate_datasets_simulations/GenerationMixturefewersignaturesPCAWG.R --input ../data/assessing_models_simulation/GenerationMixturefewersignaturesPCAWG --d 4 --n 50 --nlambda 200 --lambda 80 --beta_gamma_shape -2 --outfile ../data/assessing_models_simulation/datasets/multiple_GenerationMixturefewersignaturesPCAWG_50_200_80_4_-2_NA_NA_NA_dataset19.RDS --beta_intercept_input NA --beta_slope_input NA --sdRE_input NA
[Thu Jan 13 10:24:08 2022]
Finished job 1565.
4 of 154 steps (3%) done

[Thu Jan 13 10:24:08 2022]
rule inference_simulation_TMB_multiple:
    input: ../data/assessing_models_simulation/datasets/multiple_GenerationMixturefewersignaturesPCAWG_50_200_80_4_-2_NA_NA_NA_dataset19.RDS
    output: ../data/assessing_models_simulation/inference_results/TMB/nlminb/multiple_GenerationMixturefewersignaturesPCAWG_50_200_80_4_-2_fullREDMsinglelambda_NA_NA_NA_dataset19.RDS
    log: logs/inference/nlminb/simulation_GenerationMixturefewersignaturesPCAWG_50_200_80_4_-2_ModelfullREDMsinglelambda_NA_NA_NA_dataset19.log
    jobid: 485
    wildcards: optimiser=nlminb, datasetgeneration=GenerationMixturefewersignaturesPCAWG, n=50, nlambda=200, lmbda=80, d=4, beta_intensity=-2, model=fullREDMsinglelambda, fixed_beta_intercept=NA, fixed_beta_slope=NA, sdRE_input=NA, itnum=19

Rscript 2_inference_TMB/run_TMB.R --input ../data/assessing_models_simulation/datasets/multiple_GenerationMixturefewersignaturesPCAWG_50_200_80_4_-2_NA_NA_NA_dataset19.RDS --output ../data/assessing_models_simulation/inference_results/TMB/nlminb/multiple_GenerationMixturefewersignaturesPCAWG_50_200_80_4_-2_fullREDMsinglelambda_NA_NA_NA_dataset19.RDS --model fullREDMsinglelambda --optimiser nlminb  --use_previous_run_startingvals T
[Thu Jan 13 10:24:14 2022]
Finished job 485.
5 of 154 steps (3%) done

[Thu Jan 13 10:24:14 2022]
rule inference_simulation_TMB_multiple:
    input: ../data/assessing_models_simulation/datasets/multiple_GenerationMixturefewersignaturesPCAWG_50_200_80_4_-2_NA_NA_NA_dataset19.RDS
    output: ../data/assessing_models_simulation/inference_results/TMB/nlminb/multiple_GenerationMixturefewersignaturesPCAWG_50_200_80_4_-2_diagREDMsinglelambda_NA_NA_NA_dataset19.RDS
    log: logs/inference/nlminb/simulation_GenerationMixturefewersignaturesPCAWG_50_200_80_4_-2_ModeldiagREDMsinglelambda_NA_NA_NA_dataset19.log
    jobid: 845
    wildcards: optimiser=nlminb, datasetgeneration=GenerationMixturefewersignaturesPCAWG, n=50, nlambda=200, lmbda=80, d=4, beta_intensity=-2, model=diagREDMsinglelambda, fixed_beta_intercept=NA, fixed_beta_slope=NA, sdRE_input=NA, itnum=19

Rscript 2_inference_TMB/run_TMB.R --input ../data/assessing_models_simulation/datasets/multiple_GenerationMixturefewersignaturesPCAWG_50_200_80_4_-2_NA_NA_NA_dataset19.RDS --output ../data/assessing_models_simulation/inference_results/TMB/nlminb/multiple_GenerationMixturefewersignaturesPCAWG_50_200_80_4_-2_diagREDMsinglelambda_NA_NA_NA_dataset19.RDS --model diagREDMsinglelambda --optimiser nlminb  --use_previous_run_startingvals T
[Thu Jan 13 10:24:18 2022]
Finished job 845.
6 of 154 steps (4%) done

[Thu Jan 13 10:24:18 2022]
rule inference_simulation_TMB_multiple:
    input: ../data/assessing_models_simulation/datasets/multiple_GenerationMixturefewersignaturesPCAWG_50_200_80_4_-2_NA_NA_NA_dataset19.RDS
    output: ../data/assessing_models_simulation/inference_results/TMB/nlminb/multiple_GenerationMixturefewersignaturesPCAWG_50_200_80_4_-2_fullREM_NA_NA_NA_dataset19.RDS
    log: logs/inference/nlminb/simulation_GenerationMixturefewersignaturesPCAWG_50_200_80_4_-2_ModelfullREM_NA_NA_NA_dataset19.log
    jobid: 125
    wildcards: optimiser=nlminb, datasetgeneration=GenerationMixturefewersignaturesPCAWG, n=50, nlambda=200, lmbda=80, d=4, beta_intensity=-2, model=fullREM, fixed_beta_intercept=NA, fixed_beta_slope=NA, sdRE_input=NA, itnum=19

Rscript 2_inference_TMB/run_TMB.R --input ../data/assessing_models_simulation/datasets/multiple_GenerationMixturefewersignaturesPCAWG_50_200_80_4_-2_NA_NA_NA_dataset19.RDS --output ../data/assessing_models_simulation/inference_results/TMB/nlminb/multiple_GenerationMixturefewersignaturesPCAWG_50_200_80_4_-2_fullREM_NA_NA_NA_dataset19.RDS --model fullREM --optimiser nlminb  --use_previous_run_startingvals T
[Thu Jan 13 10:24:21 2022]
Finished job 125.
7 of 154 steps (5%) done

[Thu Jan 13 10:24:21 2022]
rule inference_simulation_TMB_multiple:
    input: ../data/assessing_models_simulation/datasets/multiple_GenerationMixturefewersignaturesPCAWG_50_200_80_4_-2_NA_NA_NA_dataset19.RDS
    output: ../data/assessing_models_simulation/inference_results/TMB/nlminb/multiple_GenerationMixturefewersignaturesPCAWG_50_200_80_4_-2_diagREDM_NA_NA_NA_dataset19.RDS
    log: logs/inference/nlminb/simulation_GenerationMixturefewersignaturesPCAWG_50_200_80_4_-2_ModeldiagREDM_NA_NA_NA_dataset19.log
    jobid: 1205
    wildcards: optimiser=nlminb, datasetgeneration=GenerationMixturefewersignaturesPCAWG, n=50, nlambda=200, lmbda=80, d=4, beta_intensity=-2, model=diagREDM, fixed_beta_intercept=NA, fixed_beta_slope=NA, sdRE_input=NA, itnum=19

Rscript 2_inference_TMB/run_TMB.R --input ../data/assessing_models_simulation/datasets/multiple_GenerationMixturefewersignaturesPCAWG_50_200_80_4_-2_NA_NA_NA_dataset19.RDS --output ../data/assessing_models_simulation/inference_results/TMB/nlminb/multiple_GenerationMixturefewersignaturesPCAWG_50_200_80_4_-2_diagREDM_NA_NA_NA_dataset19.RDS --model diagREDM --optimiser nlminb  --use_previous_run_startingvals T
[Thu Jan 13 10:24:27 2022]
Finished job 1205.
8 of 154 steps (5%) done

[Thu Jan 13 10:24:27 2022]
rule simulate_for_comparison_multiple:
    input: ../data/assessing_models_simulation/GenerationMixturefewersignaturesPCAWG
    output: ../data/assessing_models_simulation/datasets/multiple_GenerationMixturefewersignaturesPCAWG_100_200_80_4_-4_NA_NA_NA_dataset15.RDS
    jobid: 1661
    wildcards: datasetgeneration=GenerationMixturefewersignaturesPCAWG, n=100, nlambda=200, lmbda=80, d=4, beta_intensity=-4, fixed_beta_intercept=NA, fixed_beta_slope=NA, sdRE_input=NA, itnum=15

Rscript --vanilla 3_analysis/simulation_model_assessment/generate_datasets_simulations/GenerationMixturefewersignaturesPCAWG.R --input ../data/assessing_models_simulation/GenerationMixturefewersignaturesPCAWG --d 4 --n 100 --nlambda 200 --lambda 80 --beta_gamma_shape -4 --outfile ../data/assessing_models_simulation/datasets/multiple_GenerationMixturefewersignaturesPCAWG_100_200_80_4_-4_NA_NA_NA_dataset15.RDS --beta_intercept_input NA --beta_slope_input NA --sdRE_input NA
[Thu Jan 13 10:24:27 2022]
Finished job 1661.
9 of 154 steps (6%) done

[Thu Jan 13 10:24:27 2022]
rule inference_simulation_TMB_multiple:
    input: ../data/assessing_models_simulation/datasets/multiple_GenerationMixturefewersignaturesPCAWG_100_200_80_4_-4_NA_NA_NA_dataset15.RDS
    output: ../data/assessing_models_simulation/inference_results/TMB/nlminb/multiple_GenerationMixturefewersignaturesPCAWG_100_200_80_4_-4_fullREDMsinglelambda_NA_NA_NA_dataset15.RDS
    log: logs/inference/nlminb/simulation_GenerationMixturefewersignaturesPCAWG_100_200_80_4_-4_ModelfullREDMsinglelambda_NA_NA_NA_dataset15.log
    jobid: 581
    wildcards: optimiser=nlminb, datasetgeneration=GenerationMixturefewersignaturesPCAWG, n=100, nlambda=200, lmbda=80, d=4, beta_intensity=-4, model=fullREDMsinglelambda, fixed_beta_intercept=NA, fixed_beta_slope=NA, sdRE_input=NA, itnum=15

Rscript 2_inference_TMB/run_TMB.R --input ../data/assessing_models_simulation/datasets/multiple_GenerationMixturefewersignaturesPCAWG_100_200_80_4_-4_NA_NA_NA_dataset15.RDS --output ../data/assessing_models_simulation/inference_results/TMB/nlminb/multiple_GenerationMixturefewersignaturesPCAWG_100_200_80_4_-4_fullREDMsinglelambda_NA_NA_NA_dataset15.RDS --model fullREDMsinglelambda --optimiser nlminb  --use_previous_run_startingvals T
[Thu Jan 13 10:24:39 2022]
Error in rule inference_simulation_TMB_multiple:
    jobid: 581
    output: ../data/assessing_models_simulation/inference_results/TMB/nlminb/multiple_GenerationMixturefewersignaturesPCAWG_100_200_80_4_-4_fullREDMsinglelambda_NA_NA_NA_dataset15.RDS
    log: logs/inference/nlminb/simulation_GenerationMixturefewersignaturesPCAWG_100_200_80_4_-4_ModelfullREDMsinglelambda_NA_NA_NA_dataset15.log (check log file(s) for error message)
    shell:
        Rscript 2_inference_TMB/run_TMB.R --input ../data/assessing_models_simulation/datasets/multiple_GenerationMixturefewersignaturesPCAWG_100_200_80_4_-4_NA_NA_NA_dataset15.RDS --output ../data/assessing_models_simulation/inference_results/TMB/nlminb/multiple_GenerationMixturefewersignaturesPCAWG_100_200_80_4_-4_fullREDMsinglelambda_NA_NA_NA_dataset15.RDS --model fullREDMsinglelambda --optimiser nlminb  --use_previous_run_startingvals T

Shutting down, this might take some time.
Exiting because a job execution failed. Look above for error message
Complete log: /Users/morril01/Documents/PhD/GlobalDA/code/.snakemake/log/2022-01-13T102349.045295.snakemake.log
