Building DAG of jobs...
Using shell: /usr/local/bin/bash
Provided cores: 1
Rules claiming more threads will be scaled down.
Job counts:
	count	jobs
	1	all
	4	analyse_simulation_TMB_multiple
	1	analyse_simulation_TMB_multiple_integrate
	749	inference_simulation_TMB_multiple
	187	simulate_for_comparison_multiple
	942

[Thu Jan 13 15:02:30 2022]
rule inference_simulation_TMB_multiple:
    input: ../data/assessing_models_simulation/datasets/multiple_GenerationMixturefewersignaturespairedPCAWG_50_200_80_4_-12_NA_NA_NA_dataset16.RDS
    output: ../data/assessing_models_simulation/inference_results/TMB/nlminb/multiple_GenerationMixturefewersignaturespairedPCAWG_50_200_80_4_-12_diagREDM_NA_NA_NA_dataset16.RDS
    log: logs/inference/nlminb/simulation_GenerationMixturefewersignaturespairedPCAWG_50_200_80_4_-12_ModeldiagREDM_NA_NA_NA_dataset16.log
    jobid: 1122
    wildcards: optimiser=nlminb, datasetgeneration=GenerationMixturefewersignaturespairedPCAWG, n=50, nlambda=200, lmbda=80, d=4, beta_intensity=-12, model=diagREDM, fixed_beta_intercept=NA, fixed_beta_slope=NA, sdRE_input=NA, itnum=16

Rscript 2_inference_TMB/run_TMB.R --input ../data/assessing_models_simulation/datasets/multiple_GenerationMixturefewersignaturespairedPCAWG_50_200_80_4_-12_NA_NA_NA_dataset16.RDS --output ../data/assessing_models_simulation/inference_results/TMB/nlminb/multiple_GenerationMixturefewersignaturespairedPCAWG_50_200_80_4_-12_diagREDM_NA_NA_NA_dataset16.RDS --model diagREDM --optimiser nlminb  --use_previous_run_startingvals T
[Thu Jan 13 15:02:36 2022]
Finished job 1122.
1 of 942 steps (0.11%) done

[Thu Jan 13 15:02:36 2022]
rule simulate_for_comparison_multiple:
    input: ../data/assessing_models_simulation/GenerationMixturefewersignaturespairedPCAWG
    output: ../data/assessing_models_simulation/datasets/multiple_GenerationMixturefewersignaturespairedPCAWG_50_200_80_4_-4_NA_NA_NA_dataset6.RDS
    jobid: 1532
    wildcards: datasetgeneration=GenerationMixturefewersignaturespairedPCAWG, n=50, nlambda=200, lmbda=80, d=4, beta_intensity=-4, fixed_beta_intercept=NA, fixed_beta_slope=NA, sdRE_input=NA, itnum=6

Rscript --vanilla 3_analysis/simulation_model_assessment/generate_datasets_simulations/GenerationMixturefewersignaturespairedPCAWG.R --input ../data/assessing_models_simulation/GenerationMixturefewersignaturespairedPCAWG --d 4 --n 50 --nlambda 200 --lambda 80 --beta_gamma_shape -4 --outfile ../data/assessing_models_simulation/datasets/multiple_GenerationMixturefewersignaturespairedPCAWG_50_200_80_4_-4_NA_NA_NA_dataset6.RDS --beta_intercept_input NA --beta_slope_input NA --sdRE_input NA
[Thu Jan 13 15:02:37 2022]
Finished job 1532.
2 of 942 steps (0.21%) done

[Thu Jan 13 15:02:37 2022]
rule inference_simulation_TMB_multiple:
    input: ../data/assessing_models_simulation/datasets/multiple_GenerationMixturefewersignaturespairedPCAWG_50_200_80_4_-4_NA_NA_NA_dataset6.RDS
    output: ../data/assessing_models_simulation/inference_results/TMB/nlminb/multiple_GenerationMixturefewersignaturespairedPCAWG_50_200_80_4_-4_diagREDM_NA_NA_NA_dataset6.RDS
    log: logs/inference/nlminb/simulation_GenerationMixturefewersignaturespairedPCAWG_50_200_80_4_-4_ModeldiagREDM_NA_NA_NA_dataset6.log
    jobid: 1172
    wildcards: optimiser=nlminb, datasetgeneration=GenerationMixturefewersignaturespairedPCAWG, n=50, nlambda=200, lmbda=80, d=4, beta_intensity=-4, model=diagREDM, fixed_beta_intercept=NA, fixed_beta_slope=NA, sdRE_input=NA, itnum=6

Rscript 2_inference_TMB/run_TMB.R --input ../data/assessing_models_simulation/datasets/multiple_GenerationMixturefewersignaturespairedPCAWG_50_200_80_4_-4_NA_NA_NA_dataset6.RDS --output ../data/assessing_models_simulation/inference_results/TMB/nlminb/multiple_GenerationMixturefewersignaturespairedPCAWG_50_200_80_4_-4_diagREDM_NA_NA_NA_dataset6.RDS --model diagREDM --optimiser nlminb  --use_previous_run_startingvals T
[Thu Jan 13 15:02:42 2022]
Error in rule inference_simulation_TMB_multiple:
    jobid: 1172
    output: ../data/assessing_models_simulation/inference_results/TMB/nlminb/multiple_GenerationMixturefewersignaturespairedPCAWG_50_200_80_4_-4_diagREDM_NA_NA_NA_dataset6.RDS
    log: logs/inference/nlminb/simulation_GenerationMixturefewersignaturespairedPCAWG_50_200_80_4_-4_ModeldiagREDM_NA_NA_NA_dataset6.log (check log file(s) for error message)
    shell:
        Rscript 2_inference_TMB/run_TMB.R --input ../data/assessing_models_simulation/datasets/multiple_GenerationMixturefewersignaturespairedPCAWG_50_200_80_4_-4_NA_NA_NA_dataset6.RDS --output ../data/assessing_models_simulation/inference_results/TMB/nlminb/multiple_GenerationMixturefewersignaturespairedPCAWG_50_200_80_4_-4_diagREDM_NA_NA_NA_dataset6.RDS --model diagREDM --optimiser nlminb  --use_previous_run_startingvals T

Shutting down, this might take some time.
Exiting because a job execution failed. Look above for error message
Complete log: /Users/morril01/Documents/PhD/GlobalDA/code/.snakemake/log/2022-01-13T150226.299519.snakemake.log
