Building DAG of jobs...
Using shell: /usr/local/bin/bash
Provided cores: 1
Rules claiming more threads will be scaled down.
Job counts:
	count	jobs
	1	all
	8	analyse_simulation_TMB_multiple
	2	analyse_simulation_TMB_multiple_integrate
	1135	inference_simulation_TMB_multiple
	283	simulate_for_comparison_multiple
	1429

[Sun Feb  6 19:42:45 2022]
rule inference_simulation_TMB_multiple:
    input: ../data/assessing_models_simulation/datasets/multiple_GenerationMixturefewersignaturespairedObsNmInvPCAWGCNSGBMPCAWG_100_200_80_4_-10_NA_NA_NA_dataset14.RDS
    output: ../data/assessing_models_simulation/inference_results/TMB/nlminb/multiple_GenerationMixturefewersignaturespairedObsNmInvPCAWGCNSGBMPCAWG_100_200_80_4_-10_diagREDM_NA_NA_NA_dataset14.RDS
    log: logs/inference/nlminb/simulation_GenerationMixturefewersignaturespairedObsNmInvPCAWGCNSGBMPCAWG_100_200_80_4_-10_ModeldiagREDM_NA_NA_NA_dataset14.log
    jobid: 2065
    wildcards: optimiser=nlminb, datasetgeneration=GenerationMixturefewersignaturespairedObsNmInvPCAWGCNSGBMPCAWG, n=100, nlambda=200, lmbda=80, d=4, beta_intensity=-10, model=diagREDM, fixed_beta_intercept=NA, fixed_beta_slope=NA, sdRE_input=NA, itnum=14

Rscript 2_inference_TMB/run_TMB.R --input ../data/assessing_models_simulation/datasets/multiple_GenerationMixturefewersignaturespairedObsNmInvPCAWGCNSGBMPCAWG_100_200_80_4_-10_NA_NA_NA_dataset14.RDS --output ../data/assessing_models_simulation/inference_results/TMB/nlminb/multiple_GenerationMixturefewersignaturespairedObsNmInvPCAWGCNSGBMPCAWG_100_200_80_4_-10_diagREDM_NA_NA_NA_dataset14.RDS --model diagREDM --optimiser nlminb  --use_previous_run_startingvals T
[Sun Feb  6 19:42:54 2022]
Finished job 2065.
1 of 1429 steps (0.07%) done

[Sun Feb  6 19:42:54 2022]
rule inference_simulation_TMB_multiple:
    input: ../data/assessing_models_simulation/datasets/multiple_GenerationMixturefewersignaturespairedObsNmInvPCAWGCNSGBMPCAWG_100_200_80_4_-10_NA_NA_NA_dataset14.RDS
    output: ../data/assessing_models_simulation/inference_results/TMB/nlminb/multiple_GenerationMixturefewersignaturespairedObsNmInvPCAWGCNSGBMPCAWG_100_200_80_4_-10_fullREM_NA_NA_NA_dataset14.RDS
    log: logs/inference/nlminb/simulation_GenerationMixturefewersignaturespairedObsNmInvPCAWGCNSGBMPCAWG_100_200_80_4_-10_ModelfullREM_NA_NA_NA_dataset14.log
    jobid: 265
    wildcards: optimiser=nlminb, datasetgeneration=GenerationMixturefewersignaturespairedObsNmInvPCAWGCNSGBMPCAWG, n=100, nlambda=200, lmbda=80, d=4, beta_intensity=-10, model=fullREM, fixed_beta_intercept=NA, fixed_beta_slope=NA, sdRE_input=NA, itnum=14

Rscript 2_inference_TMB/run_TMB.R --input ../data/assessing_models_simulation/datasets/multiple_GenerationMixturefewersignaturespairedObsNmInvPCAWGCNSGBMPCAWG_100_200_80_4_-10_NA_NA_NA_dataset14.RDS --output ../data/assessing_models_simulation/inference_results/TMB/nlminb/multiple_GenerationMixturefewersignaturespairedObsNmInvPCAWGCNSGBMPCAWG_100_200_80_4_-10_fullREM_NA_NA_NA_dataset14.RDS --model fullREM --optimiser nlminb  --use_previous_run_startingvals T
[Sun Feb  6 19:42:58 2022]
Finished job 265.
2 of 1429 steps (0.14%) done

[Sun Feb  6 19:42:58 2022]
rule inference_simulation_TMB_multiple:
    input: ../data/assessing_models_simulation/datasets/multiple_GenerationMixturefewersignaturespairedObsNmInvPCAWGCNSGBMPCAWG_100_200_80_4_-10_NA_NA_NA_dataset14.RDS
    output: ../data/assessing_models_simulation/inference_results/TMB/nlminb/multiple_GenerationMixturefewersignaturespairedObsNmInvPCAWGCNSGBMPCAWG_100_200_80_4_-10_diagREDMsinglelambda_NA_NA_NA_dataset14.RDS
    log: logs/inference/nlminb/simulation_GenerationMixturefewersignaturespairedObsNmInvPCAWGCNSGBMPCAWG_100_200_80_4_-10_ModeldiagREDMsinglelambda_NA_NA_NA_dataset14.log
    jobid: 1465
    wildcards: optimiser=nlminb, datasetgeneration=GenerationMixturefewersignaturespairedObsNmInvPCAWGCNSGBMPCAWG, n=100, nlambda=200, lmbda=80, d=4, beta_intensity=-10, model=diagREDMsinglelambda, fixed_beta_intercept=NA, fixed_beta_slope=NA, sdRE_input=NA, itnum=14

Rscript 2_inference_TMB/run_TMB.R --input ../data/assessing_models_simulation/datasets/multiple_GenerationMixturefewersignaturespairedObsNmInvPCAWGCNSGBMPCAWG_100_200_80_4_-10_NA_NA_NA_dataset14.RDS --output ../data/assessing_models_simulation/inference_results/TMB/nlminb/multiple_GenerationMixturefewersignaturespairedObsNmInvPCAWGCNSGBMPCAWG_100_200_80_4_-10_diagREDMsinglelambda_NA_NA_NA_dataset14.RDS --model diagREDMsinglelambda --optimiser nlminb  --use_previous_run_startingvals T
[Sun Feb  6 19:43:06 2022]
Finished job 1465.
3 of 1429 steps (0.21%) done

[Sun Feb  6 19:43:06 2022]
rule simulate_for_comparison_multiple:
    input: ../data/assessing_models_simulation/GenerationMixturefewersignaturespairedObsNmInvPCAWGCNSGBMPCAWG
    output: ../data/assessing_models_simulation/datasets/multiple_GenerationMixturefewersignaturespairedObsNmInvPCAWGCNSGBMPCAWG_50_200_80_4_-4_NA_NA_NA_dataset8.RDS
    jobid: 4899
    wildcards: datasetgeneration=GenerationMixturefewersignaturespairedObsNmInvPCAWGCNSGBMPCAWG, n=50, nlambda=200, lmbda=80, d=4, beta_intensity=-4, fixed_beta_intercept=NA, fixed_beta_slope=NA, sdRE_input=NA, itnum=8

Rscript --vanilla 3_analysis/simulation_model_assessment/generate_datasets_simulations/GenerationMixturefewersignaturespairedObsNmInvPCAWGCNSGBMPCAWG.R --input ../data/assessing_models_simulation/GenerationMixturefewersignaturespairedObsNmInvPCAWGCNSGBMPCAWG --d 4 --n 50 --nlambda 200 --lambda 80 --beta_gamma_shape -4 --outfile ../data/assessing_models_simulation/datasets/multiple_GenerationMixturefewersignaturespairedObsNmInvPCAWGCNSGBMPCAWG_50_200_80_4_-4_NA_NA_NA_dataset8.RDS --beta_intercept_input NA --beta_slope_input NA --sdRE_input NA
[Sun Feb  6 19:43:07 2022]
Finished job 4899.
4 of 1429 steps (0.28%) done

[Sun Feb  6 19:43:07 2022]
rule inference_simulation_TMB_multiple:
    input: ../data/assessing_models_simulation/datasets/multiple_GenerationMixturefewersignaturespairedObsNmInvPCAWGCNSGBMPCAWG_50_200_80_4_-4_NA_NA_NA_dataset8.RDS
    output: ../data/assessing_models_simulation/inference_results/TMB/nlminb/multiple_GenerationMixturefewersignaturespairedObsNmInvPCAWGCNSGBMPCAWG_50_200_80_4_-4_fullREM_NA_NA_NA_dataset8.RDS
    log: logs/inference/nlminb/simulation_GenerationMixturefewersignaturespairedObsNmInvPCAWGCNSGBMPCAWG_50_200_80_4_-4_ModelfullREM_NA_NA_NA_dataset8.log
    jobid: 99
    wildcards: optimiser=nlminb, datasetgeneration=GenerationMixturefewersignaturespairedObsNmInvPCAWGCNSGBMPCAWG, n=50, nlambda=200, lmbda=80, d=4, beta_intensity=-4, model=fullREM, fixed_beta_intercept=NA, fixed_beta_slope=NA, sdRE_input=NA, itnum=8

Rscript 2_inference_TMB/run_TMB.R --input ../data/assessing_models_simulation/datasets/multiple_GenerationMixturefewersignaturespairedObsNmInvPCAWGCNSGBMPCAWG_50_200_80_4_-4_NA_NA_NA_dataset8.RDS --output ../data/assessing_models_simulation/inference_results/TMB/nlminb/multiple_GenerationMixturefewersignaturespairedObsNmInvPCAWGCNSGBMPCAWG_50_200_80_4_-4_fullREM_NA_NA_NA_dataset8.RDS --model fullREM --optimiser nlminb  --use_previous_run_startingvals T
[Sun Feb  6 19:43:10 2022]
Finished job 99.
5 of 1429 steps (0.35%) done

[Sun Feb  6 19:43:10 2022]
rule inference_simulation_TMB_multiple:
    input: ../data/assessing_models_simulation/datasets/multiple_GenerationMixturefewersignaturespairedObsNmInvPCAWGCNSGBMPCAWG_50_200_80_4_-4_NA_NA_NA_dataset8.RDS
    output: ../data/assessing_models_simulation/inference_results/TMB/nlminb/multiple_GenerationMixturefewersignaturespairedObsNmInvPCAWGCNSGBMPCAWG_50_200_80_4_-4_diagREDM_NA_NA_NA_dataset8.RDS
    log: logs/inference/nlminb/simulation_GenerationMixturefewersignaturespairedObsNmInvPCAWGCNSGBMPCAWG_50_200_80_4_-4_ModeldiagREDM_NA_NA_NA_dataset8.log
    jobid: 1899
    wildcards: optimiser=nlminb, datasetgeneration=GenerationMixturefewersignaturespairedObsNmInvPCAWGCNSGBMPCAWG, n=50, nlambda=200, lmbda=80, d=4, beta_intensity=-4, model=diagREDM, fixed_beta_intercept=NA, fixed_beta_slope=NA, sdRE_input=NA, itnum=8

Rscript 2_inference_TMB/run_TMB.R --input ../data/assessing_models_simulation/datasets/multiple_GenerationMixturefewersignaturespairedObsNmInvPCAWGCNSGBMPCAWG_50_200_80_4_-4_NA_NA_NA_dataset8.RDS --output ../data/assessing_models_simulation/inference_results/TMB/nlminb/multiple_GenerationMixturefewersignaturespairedObsNmInvPCAWGCNSGBMPCAWG_50_200_80_4_-4_diagREDM_NA_NA_NA_dataset8.RDS --model diagREDM --optimiser nlminb  --use_previous_run_startingvals T
[Sun Feb  6 19:43:16 2022]
Finished job 1899.
6 of 1429 steps (0.42%) done

[Sun Feb  6 19:43:16 2022]
rule inference_simulation_TMB_multiple:
    input: ../data/assessing_models_simulation/datasets/multiple_GenerationMixturefewersignaturespairedObsNmInvPCAWGCNSGBMPCAWG_50_200_80_4_-4_NA_NA_NA_dataset8.RDS
    output: ../data/assessing_models_simulation/inference_results/TMB/nlminb/multiple_GenerationMixturefewersignaturespairedObsNmInvPCAWGCNSGBMPCAWG_50_200_80_4_-4_fullREDMsinglelambda_NA_NA_NA_dataset8.RDS
    log: logs/inference/nlminb/simulation_GenerationMixturefewersignaturespairedObsNmInvPCAWGCNSGBMPCAWG_50_200_80_4_-4_ModelfullREDMsinglelambda_NA_NA_NA_dataset8.log
    jobid: 699
    wildcards: optimiser=nlminb, datasetgeneration=GenerationMixturefewersignaturespairedObsNmInvPCAWGCNSGBMPCAWG, n=50, nlambda=200, lmbda=80, d=4, beta_intensity=-4, model=fullREDMsinglelambda, fixed_beta_intercept=NA, fixed_beta_slope=NA, sdRE_input=NA, itnum=8

Rscript 2_inference_TMB/run_TMB.R --input ../data/assessing_models_simulation/datasets/multiple_GenerationMixturefewersignaturespairedObsNmInvPCAWGCNSGBMPCAWG_50_200_80_4_-4_NA_NA_NA_dataset8.RDS --output ../data/assessing_models_simulation/inference_results/TMB/nlminb/multiple_GenerationMixturefewersignaturespairedObsNmInvPCAWGCNSGBMPCAWG_50_200_80_4_-4_fullREDMsinglelambda_NA_NA_NA_dataset8.RDS --model fullREDMsinglelambda --optimiser nlminb  --use_previous_run_startingvals T
[Sun Feb  6 19:43:22 2022]
Finished job 699.
7 of 1429 steps (0.49%) done

[Sun Feb  6 19:43:22 2022]
rule inference_simulation_TMB_multiple:
    input: ../data/assessing_models_simulation/datasets/multiple_GenerationMixturefewersignaturespairedObsNmInvPCAWGCNSGBMPCAWG_50_200_80_4_-4_NA_NA_NA_dataset8.RDS
    output: ../data/assessing_models_simulation/inference_results/TMB/nlminb/multiple_GenerationMixturefewersignaturespairedObsNmInvPCAWGCNSGBMPCAWG_50_200_80_4_-4_diagREDMsinglelambda_NA_NA_NA_dataset8.RDS
    log: logs/inference/nlminb/simulation_GenerationMixturefewersignaturespairedObsNmInvPCAWGCNSGBMPCAWG_50_200_80_4_-4_ModeldiagREDMsinglelambda_NA_NA_NA_dataset8.log
    jobid: 1299
    wildcards: optimiser=nlminb, datasetgeneration=GenerationMixturefewersignaturespairedObsNmInvPCAWGCNSGBMPCAWG, n=50, nlambda=200, lmbda=80, d=4, beta_intensity=-4, model=diagREDMsinglelambda, fixed_beta_intercept=NA, fixed_beta_slope=NA, sdRE_input=NA, itnum=8

Rscript 2_inference_TMB/run_TMB.R --input ../data/assessing_models_simulation/datasets/multiple_GenerationMixturefewersignaturespairedObsNmInvPCAWGCNSGBMPCAWG_50_200_80_4_-4_NA_NA_NA_dataset8.RDS --output ../data/assessing_models_simulation/inference_results/TMB/nlminb/multiple_GenerationMixturefewersignaturespairedObsNmInvPCAWGCNSGBMPCAWG_50_200_80_4_-4_diagREDMsinglelambda_NA_NA_NA_dataset8.RDS --model diagREDMsinglelambda --optimiser nlminb  --use_previous_run_startingvals T
[Sun Feb  6 19:43:26 2022]
Finished job 1299.
8 of 1429 steps (0.56%) done

[Sun Feb  6 19:43:26 2022]
rule simulate_for_comparison_multiple:
    input: ../data/assessing_models_simulation/GenerationMixturefewersignaturespairedObsNmGaussianVarPCAWGCNSGBMPCAWG
    output: ../data/assessing_models_simulation/datasets/multiple_GenerationMixturefewersignaturespairedObsNmGaussianVarPCAWGCNSGBMPCAWG_200_200_80_4_-2_NA_NA_NA_dataset15.RDS
    jobid: 5926
    wildcards: datasetgeneration=GenerationMixturefewersignaturespairedObsNmGaussianVarPCAWGCNSGBMPCAWG, n=200, nlambda=200, lmbda=80, d=4, beta_intensity=-2, fixed_beta_intercept=NA, fixed_beta_slope=NA, sdRE_input=NA, itnum=15

Rscript --vanilla 3_analysis/simulation_model_assessment/generate_datasets_simulations/GenerationMixturefewersignaturespairedObsNmGaussianVarPCAWGCNSGBMPCAWG.R --input ../data/assessing_models_simulation/GenerationMixturefewersignaturespairedObsNmGaussianVarPCAWGCNSGBMPCAWG --d 4 --n 200 --nlambda 200 --lambda 80 --beta_gamma_shape -2 --outfile ../data/assessing_models_simulation/datasets/multiple_GenerationMixturefewersignaturespairedObsNmGaussianVarPCAWGCNSGBMPCAWG_200_200_80_4_-2_NA_NA_NA_dataset15.RDS --beta_intercept_input NA --beta_slope_input NA --sdRE_input NA
[Sun Feb  6 19:43:27 2022]
Finished job 5926.
9 of 1429 steps (0.63%) done

[Sun Feb  6 19:43:27 2022]
rule inference_simulation_TMB_multiple:
    input: ../data/assessing_models_simulation/datasets/multiple_GenerationMixturefewersignaturespairedObsNmGaussianVarPCAWGCNSGBMPCAWG_200_200_80_4_-2_NA_NA_NA_dataset15.RDS
    output: ../data/assessing_models_simulation/inference_results/TMB/nlminb/multiple_GenerationMixturefewersignaturespairedObsNmGaussianVarPCAWGCNSGBMPCAWG_200_200_80_4_-2_fullREM_NA_NA_NA_dataset15.RDS
    log: logs/inference/nlminb/simulation_GenerationMixturefewersignaturespairedObsNmGaussianVarPCAWGCNSGBMPCAWG_200_200_80_4_-2_ModelfullREM_NA_NA_NA_dataset15.log
    jobid: 2926
    wildcards: optimiser=nlminb, datasetgeneration=GenerationMixturefewersignaturespairedObsNmGaussianVarPCAWGCNSGBMPCAWG, n=200, nlambda=200, lmbda=80, d=4, beta_intensity=-2, model=fullREM, fixed_beta_intercept=NA, fixed_beta_slope=NA, sdRE_input=NA, itnum=15

Rscript 2_inference_TMB/run_TMB.R --input ../data/assessing_models_simulation/datasets/multiple_GenerationMixturefewersignaturespairedObsNmGaussianVarPCAWGCNSGBMPCAWG_200_200_80_4_-2_NA_NA_NA_dataset15.RDS --output ../data/assessing_models_simulation/inference_results/TMB/nlminb/multiple_GenerationMixturefewersignaturespairedObsNmGaussianVarPCAWGCNSGBMPCAWG_200_200_80_4_-2_fullREM_NA_NA_NA_dataset15.RDS --model fullREM --optimiser nlminb  --use_previous_run_startingvals T
[Sun Feb  6 19:43:33 2022]
Finished job 2926.
10 of 1429 steps (0.70%) done

[Sun Feb  6 19:43:33 2022]
rule inference_simulation_TMB_multiple:
    input: ../data/assessing_models_simulation/datasets/multiple_GenerationMixturefewersignaturespairedObsNmGaussianVarPCAWGCNSGBMPCAWG_200_200_80_4_-2_NA_NA_NA_dataset15.RDS
    output: ../data/assessing_models_simulation/inference_results/TMB/nlminb/multiple_GenerationMixturefewersignaturespairedObsNmGaussianVarPCAWGCNSGBMPCAWG_200_200_80_4_-2_diagREDM_NA_NA_NA_dataset15.RDS
    log: logs/inference/nlminb/simulation_GenerationMixturefewersignaturespairedObsNmGaussianVarPCAWGCNSGBMPCAWG_200_200_80_4_-2_ModeldiagREDM_NA_NA_NA_dataset15.log
    jobid: 4726
    wildcards: optimiser=nlminb, datasetgeneration=GenerationMixturefewersignaturespairedObsNmGaussianVarPCAWGCNSGBMPCAWG, n=200, nlambda=200, lmbda=80, d=4, beta_intensity=-2, model=diagREDM, fixed_beta_intercept=NA, fixed_beta_slope=NA, sdRE_input=NA, itnum=15

Rscript 2_inference_TMB/run_TMB.R --input ../data/assessing_models_simulation/datasets/multiple_GenerationMixturefewersignaturespairedObsNmGaussianVarPCAWGCNSGBMPCAWG_200_200_80_4_-2_NA_NA_NA_dataset15.RDS --output ../data/assessing_models_simulation/inference_results/TMB/nlminb/multiple_GenerationMixturefewersignaturespairedObsNmGaussianVarPCAWGCNSGBMPCAWG_200_200_80_4_-2_diagREDM_NA_NA_NA_dataset15.RDS --model diagREDM --optimiser nlminb  --use_previous_run_startingvals T
[Sun Feb  6 19:43:47 2022]
Finished job 4726.
11 of 1429 steps (0.77%) done

[Sun Feb  6 19:43:47 2022]
rule inference_simulation_TMB_multiple:
    input: ../data/assessing_models_simulation/datasets/multiple_GenerationMixturefewersignaturespairedObsNmGaussianVarPCAWGCNSGBMPCAWG_200_200_80_4_-2_NA_NA_NA_dataset15.RDS
    output: ../data/assessing_models_simulation/inference_results/TMB/nlminb/multiple_GenerationMixturefewersignaturespairedObsNmGaussianVarPCAWGCNSGBMPCAWG_200_200_80_4_-2_fullREDMsinglelambda_NA_NA_NA_dataset15.RDS
    log: logs/inference/nlminb/simulation_GenerationMixturefewersignaturespairedObsNmGaussianVarPCAWGCNSGBMPCAWG_200_200_80_4_-2_ModelfullREDMsinglelambda_NA_NA_NA_dataset15.log
    jobid: 3526
    wildcards: optimiser=nlminb, datasetgeneration=GenerationMixturefewersignaturespairedObsNmGaussianVarPCAWGCNSGBMPCAWG, n=200, nlambda=200, lmbda=80, d=4, beta_intensity=-2, model=fullREDMsinglelambda, fixed_beta_intercept=NA, fixed_beta_slope=NA, sdRE_input=NA, itnum=15

Rscript 2_inference_TMB/run_TMB.R --input ../data/assessing_models_simulation/datasets/multiple_GenerationMixturefewersignaturespairedObsNmGaussianVarPCAWGCNSGBMPCAWG_200_200_80_4_-2_NA_NA_NA_dataset15.RDS --output ../data/assessing_models_simulation/inference_results/TMB/nlminb/multiple_GenerationMixturefewersignaturespairedObsNmGaussianVarPCAWGCNSGBMPCAWG_200_200_80_4_-2_fullREDMsinglelambda_NA_NA_NA_dataset15.RDS --model fullREDMsinglelambda --optimiser nlminb  --use_previous_run_startingvals T
[Sun Feb  6 19:44:00 2022]
Finished job 3526.
12 of 1429 steps (0.84%) done

[Sun Feb  6 19:44:00 2022]
rule inference_simulation_TMB_multiple:
    input: ../data/assessing_models_simulation/datasets/multiple_GenerationMixturefewersignaturespairedObsNmGaussianVarPCAWGCNSGBMPCAWG_200_200_80_4_-2_NA_NA_NA_dataset15.RDS
    output: ../data/assessing_models_simulation/inference_results/TMB/nlminb/multiple_GenerationMixturefewersignaturespairedObsNmGaussianVarPCAWGCNSGBMPCAWG_200_200_80_4_-2_diagREDMsinglelambda_NA_NA_NA_dataset15.RDS
    log: logs/inference/nlminb/simulation_GenerationMixturefewersignaturespairedObsNmGaussianVarPCAWGCNSGBMPCAWG_200_200_80_4_-2_ModeldiagREDMsinglelambda_NA_NA_NA_dataset15.log
    jobid: 4126
    wildcards: optimiser=nlminb, datasetgeneration=GenerationMixturefewersignaturespairedObsNmGaussianVarPCAWGCNSGBMPCAWG, n=200, nlambda=200, lmbda=80, d=4, beta_intensity=-2, model=diagREDMsinglelambda, fixed_beta_intercept=NA, fixed_beta_slope=NA, sdRE_input=NA, itnum=15

Rscript 2_inference_TMB/run_TMB.R --input ../data/assessing_models_simulation/datasets/multiple_GenerationMixturefewersignaturespairedObsNmGaussianVarPCAWGCNSGBMPCAWG_200_200_80_4_-2_NA_NA_NA_dataset15.RDS --output ../data/assessing_models_simulation/inference_results/TMB/nlminb/multiple_GenerationMixturefewersignaturespairedObsNmGaussianVarPCAWGCNSGBMPCAWG_200_200_80_4_-2_diagREDMsinglelambda_NA_NA_NA_dataset15.RDS --model diagREDMsinglelambda --optimiser nlminb  --use_previous_run_startingvals T
[Sun Feb  6 19:44:13 2022]
Finished job 4126.
13 of 1429 steps (0.91%) done

[Sun Feb  6 19:44:13 2022]
rule simulate_for_comparison_multiple:
    input: ../data/assessing_models_simulation/GenerationMixturefewersignaturespairedObsNmInvPCAWGCNSGBMPCAWG
    output: ../data/assessing_models_simulation/datasets/multiple_GenerationMixturefewersignaturespairedObsNmInvPCAWGCNSGBMPCAWG_100_200_80_4_-999_NA_NA_NA_dataset6.RDS
    jobid: 5017
    wildcards: datasetgeneration=GenerationMixturefewersignaturespairedObsNmInvPCAWGCNSGBMPCAWG, n=100, nlambda=200, lmbda=80, d=4, beta_intensity=-999, fixed_beta_intercept=NA, fixed_beta_slope=NA, sdRE_input=NA, itnum=6

Rscript --vanilla 3_analysis/simulation_model_assessment/generate_datasets_simulations/GenerationMixturefewersignaturespairedObsNmInvPCAWGCNSGBMPCAWG.R --input ../data/assessing_models_simulation/GenerationMixturefewersignaturespairedObsNmInvPCAWGCNSGBMPCAWG --d 4 --n 100 --nlambda 200 --lambda 80 --beta_gamma_shape -999 --outfile ../data/assessing_models_simulation/datasets/multiple_GenerationMixturefewersignaturespairedObsNmInvPCAWGCNSGBMPCAWG_100_200_80_4_-999_NA_NA_NA_dataset6.RDS --beta_intercept_input NA --beta_slope_input NA --sdRE_input NA
[Sun Feb  6 19:44:13 2022]
Finished job 5017.
14 of 1429 steps (0.98%) done

[Sun Feb  6 19:44:13 2022]
rule inference_simulation_TMB_multiple:
    input: ../data/assessing_models_simulation/datasets/multiple_GenerationMixturefewersignaturespairedObsNmInvPCAWGCNSGBMPCAWG_100_200_80_4_-999_NA_NA_NA_dataset6.RDS
    output: ../data/assessing_models_simulation/inference_results/TMB/nlminb/multiple_GenerationMixturefewersignaturespairedObsNmInvPCAWGCNSGBMPCAWG_100_200_80_4_-999_fullREM_NA_NA_NA_dataset6.RDS
    log: logs/inference/nlminb/simulation_GenerationMixturefewersignaturespairedObsNmInvPCAWGCNSGBMPCAWG_100_200_80_4_-999_ModelfullREM_NA_NA_NA_dataset6.log
    jobid: 217
    wildcards: optimiser=nlminb, datasetgeneration=GenerationMixturefewersignaturespairedObsNmInvPCAWGCNSGBMPCAWG, n=100, nlambda=200, lmbda=80, d=4, beta_intensity=-999, model=fullREM, fixed_beta_intercept=NA, fixed_beta_slope=NA, sdRE_input=NA, itnum=6

Rscript 2_inference_TMB/run_TMB.R --input ../data/assessing_models_simulation/datasets/multiple_GenerationMixturefewersignaturespairedObsNmInvPCAWGCNSGBMPCAWG_100_200_80_4_-999_NA_NA_NA_dataset6.RDS --output ../data/assessing_models_simulation/inference_results/TMB/nlminb/multiple_GenerationMixturefewersignaturespairedObsNmInvPCAWGCNSGBMPCAWG_100_200_80_4_-999_fullREM_NA_NA_NA_dataset6.RDS --model fullREM --optimiser nlminb  --use_previous_run_startingvals T
[Sun Feb  6 19:44:18 2022]
Finished job 217.
15 of 1429 steps (1%) done

[Sun Feb  6 19:44:18 2022]
rule inference_simulation_TMB_multiple:
    input: ../data/assessing_models_simulation/datasets/multiple_GenerationMixturefewersignaturespairedObsNmInvPCAWGCNSGBMPCAWG_100_200_80_4_-999_NA_NA_NA_dataset6.RDS
    output: ../data/assessing_models_simulation/inference_results/TMB/nlminb/multiple_GenerationMixturefewersignaturespairedObsNmInvPCAWGCNSGBMPCAWG_100_200_80_4_-999_diagREDM_NA_NA_NA_dataset6.RDS
    log: logs/inference/nlminb/simulation_GenerationMixturefewersignaturespairedObsNmInvPCAWGCNSGBMPCAWG_100_200_80_4_-999_ModeldiagREDM_NA_NA_NA_dataset6.log
    jobid: 2017
    wildcards: optimiser=nlminb, datasetgeneration=GenerationMixturefewersignaturespairedObsNmInvPCAWGCNSGBMPCAWG, n=100, nlambda=200, lmbda=80, d=4, beta_intensity=-999, model=diagREDM, fixed_beta_intercept=NA, fixed_beta_slope=NA, sdRE_input=NA, itnum=6

Rscript 2_inference_TMB/run_TMB.R --input ../data/assessing_models_simulation/datasets/multiple_GenerationMixturefewersignaturespairedObsNmInvPCAWGCNSGBMPCAWG_100_200_80_4_-999_NA_NA_NA_dataset6.RDS --output ../data/assessing_models_simulation/inference_results/TMB/nlminb/multiple_GenerationMixturefewersignaturespairedObsNmInvPCAWGCNSGBMPCAWG_100_200_80_4_-999_diagREDM_NA_NA_NA_dataset6.RDS --model diagREDM --optimiser nlminb  --use_previous_run_startingvals T
[Sun Feb  6 19:44:28 2022]
Error in rule inference_simulation_TMB_multiple:
    jobid: 2017
    output: ../data/assessing_models_simulation/inference_results/TMB/nlminb/multiple_GenerationMixturefewersignaturespairedObsNmInvPCAWGCNSGBMPCAWG_100_200_80_4_-999_diagREDM_NA_NA_NA_dataset6.RDS
    log: logs/inference/nlminb/simulation_GenerationMixturefewersignaturespairedObsNmInvPCAWGCNSGBMPCAWG_100_200_80_4_-999_ModeldiagREDM_NA_NA_NA_dataset6.log (check log file(s) for error message)
    shell:
        Rscript 2_inference_TMB/run_TMB.R --input ../data/assessing_models_simulation/datasets/multiple_GenerationMixturefewersignaturespairedObsNmInvPCAWGCNSGBMPCAWG_100_200_80_4_-999_NA_NA_NA_dataset6.RDS --output ../data/assessing_models_simulation/inference_results/TMB/nlminb/multiple_GenerationMixturefewersignaturespairedObsNmInvPCAWGCNSGBMPCAWG_100_200_80_4_-999_diagREDM_NA_NA_NA_dataset6.RDS --model diagREDM --optimiser nlminb  --use_previous_run_startingvals T

Shutting down, this might take some time.
Exiting because a job execution failed. Look above for error message
Complete log: /Users/morril01/Documents/PhD/GlobalDA/code/.snakemake/log/2022-02-06T194235.450033.snakemake.log
