Building DAG of jobs...
Using shell: /usr/local/bin/bash
Provided cores: 1
Rules claiming more threads will be scaled down.
Job counts:
	count	jobs
	1	all
	4	analyse_simulation_TMB_multiple
	730	inference_simulation_TMB_multiple
	182	simulate_for_comparison_multiple
	917

[Thu Feb 17 23:53:28 2022]
rule inference_simulation_TMB_multiple:
    input: ../data/assessing_models_simulation/datasets/multiple_GenerationPois_50_100_80_4_0_NA_NA_NA_dataset0.RDS
    output: ../data/assessing_models_simulation/inference_results/TMB/nlminb/multiple_GenerationPois_50_100_80_4_0_diagREDM_NA_NA_NA_dataset0.RDS
    log: logs/inference/nlminb/simulation_GenerationPois_50_100_80_4_0_ModeldiagREDM_NA_NA_NA_dataset0.log
    jobid: 383
    wildcards: optimiser=nlminb, datasetgeneration=GenerationPois, n=50, nlambda=100, lmbda=80, d=4, beta_intensity=0, model=diagREDM, fixed_beta_intercept=NA, fixed_beta_slope=NA, sdRE_input=NA, itnum=0

Rscript 2_inference_TMB/run_TMB.R --input ../data/assessing_models_simulation/datasets/multiple_GenerationPois_50_100_80_4_0_NA_NA_NA_dataset0.RDS --output ../data/assessing_models_simulation/inference_results/TMB/nlminb/multiple_GenerationPois_50_100_80_4_0_diagREDM_NA_NA_NA_dataset0.RDS --model diagREDM --optimiser nlminb  --use_previous_run_startingvals T
[Thu Feb 17 23:53:37 2022]
Finished job 383.
1 of 917 steps (0.11%) done

[Thu Feb 17 23:53:37 2022]
rule inference_simulation_TMB_multiple:
    input: ../data/assessing_models_simulation/datasets/multiple_GenerationPois_50_100_80_4_0_NA_NA_NA_dataset0.RDS
    output: ../data/assessing_models_simulation/inference_results/TMB/nlminb/multiple_GenerationPois_50_100_80_4_0_fullREDMsinglelambda_NA_NA_NA_dataset0.RDS
    log: logs/inference/nlminb/simulation_GenerationPois_50_100_80_4_0_ModelfullREDMsinglelambda_NA_NA_NA_dataset0.log
    jobid: 719
    wildcards: optimiser=nlminb, datasetgeneration=GenerationPois, n=50, nlambda=100, lmbda=80, d=4, beta_intensity=0, model=fullREDMsinglelambda, fixed_beta_intercept=NA, fixed_beta_slope=NA, sdRE_input=NA, itnum=0

Rscript 2_inference_TMB/run_TMB.R --input ../data/assessing_models_simulation/datasets/multiple_GenerationPois_50_100_80_4_0_NA_NA_NA_dataset0.RDS --output ../data/assessing_models_simulation/inference_results/TMB/nlminb/multiple_GenerationPois_50_100_80_4_0_fullREDMsinglelambda_NA_NA_NA_dataset0.RDS --model fullREDMsinglelambda --optimiser nlminb  --use_previous_run_startingvals T
[Thu Feb 17 23:53:48 2022]
Error in rule inference_simulation_TMB_multiple:
    jobid: 719
    output: ../data/assessing_models_simulation/inference_results/TMB/nlminb/multiple_GenerationPois_50_100_80_4_0_fullREDMsinglelambda_NA_NA_NA_dataset0.RDS
    log: logs/inference/nlminb/simulation_GenerationPois_50_100_80_4_0_ModelfullREDMsinglelambda_NA_NA_NA_dataset0.log (check log file(s) for error message)
    shell:
        Rscript 2_inference_TMB/run_TMB.R --input ../data/assessing_models_simulation/datasets/multiple_GenerationPois_50_100_80_4_0_NA_NA_NA_dataset0.RDS --output ../data/assessing_models_simulation/inference_results/TMB/nlminb/multiple_GenerationPois_50_100_80_4_0_fullREDMsinglelambda_NA_NA_NA_dataset0.RDS --model fullREDMsinglelambda --optimiser nlminb  --use_previous_run_startingvals T

Shutting down, this might take some time.
Exiting because a job execution failed. Look above for error message
Complete log: /Users/morril01/Documents/PhD/GlobalDA/code/.snakemake/log/2022-02-17T235324.480070.snakemake.log
