Building DAG of jobs...
Using shell: /usr/local/bin/bash
Provided cores: 1
Rules claiming more threads will be scaled down.
Job counts:
	count	jobs
	1	all
	8	analyse_simulation_TMB_multiple
	2	analyse_simulation_TMB_multiple_integrate
	2890	inference_simulation_TMB_multiple
	722	simulate_for_comparison_multiple
	3623

[Mon Jan 31 23:01:49 2022]
rule inference_simulation_TMB_multiple:
    input: ../data/assessing_models_simulation/datasets/multiple_GenerationMixturefewersignaturespairedBreastAdenoCAPCAWG_100_200_80_4_-8_NA_NA_NA_dataset6.RDS
    output: ../data/assessing_models_simulation/inference_results/TMB/nlminb/multiple_GenerationMixturefewersignaturespairedBreastAdenoCAPCAWG_100_200_80_4_-8_diagREDMsinglelambda_NA_NA_NA_dataset6.RDS
    log: logs/inference/nlminb/simulation_GenerationMixturefewersignaturespairedBreastAdenoCAPCAWG_100_200_80_4_-8_ModeldiagREDMsinglelambda_NA_NA_NA_dataset6.log
    jobid: 4257
    wildcards: optimiser=nlminb, datasetgeneration=GenerationMixturefewersignaturespairedBreastAdenoCAPCAWG, n=100, nlambda=200, lmbda=80, d=4, beta_intensity=-8, model=diagREDMsinglelambda, fixed_beta_intercept=NA, fixed_beta_slope=NA, sdRE_input=NA, itnum=6

Rscript 2_inference_TMB/run_TMB.R --input ../data/assessing_models_simulation/datasets/multiple_GenerationMixturefewersignaturespairedBreastAdenoCAPCAWG_100_200_80_4_-8_NA_NA_NA_dataset6.RDS --output ../data/assessing_models_simulation/inference_results/TMB/nlminb/multiple_GenerationMixturefewersignaturespairedBreastAdenoCAPCAWG_100_200_80_4_-8_diagREDMsinglelambda_NA_NA_NA_dataset6.RDS --model diagREDMsinglelambda --optimiser nlminb  --use_previous_run_startingvals T
[Mon Jan 31 23:01:58 2022]
Finished job 4257.
1 of 3623 steps (0.03%) done

[Mon Jan 31 23:01:58 2022]
rule inference_simulation_TMB_multiple:
    input: ../data/assessing_models_simulation/datasets/multiple_GenerationMixturefewersignaturespairedBreastAdenoCAPCAWG_100_200_80_4_-8_NA_NA_NA_dataset6.RDS
    output: ../data/assessing_models_simulation/inference_results/TMB/nlminb/multiple_GenerationMixturefewersignaturespairedBreastAdenoCAPCAWG_100_200_80_4_-8_fullREDMsinglelambda_NA_NA_NA_dataset6.RDS
    log: logs/inference/nlminb/simulation_GenerationMixturefewersignaturespairedBreastAdenoCAPCAWG_100_200_80_4_-8_ModelfullREDMsinglelambda_NA_NA_NA_dataset6.log
    jobid: 3597
    wildcards: optimiser=nlminb, datasetgeneration=GenerationMixturefewersignaturespairedBreastAdenoCAPCAWG, n=100, nlambda=200, lmbda=80, d=4, beta_intensity=-8, model=fullREDMsinglelambda, fixed_beta_intercept=NA, fixed_beta_slope=NA, sdRE_input=NA, itnum=6

Rscript 2_inference_TMB/run_TMB.R --input ../data/assessing_models_simulation/datasets/multiple_GenerationMixturefewersignaturespairedBreastAdenoCAPCAWG_100_200_80_4_-8_NA_NA_NA_dataset6.RDS --output ../data/assessing_models_simulation/inference_results/TMB/nlminb/multiple_GenerationMixturefewersignaturespairedBreastAdenoCAPCAWG_100_200_80_4_-8_fullREDMsinglelambda_NA_NA_NA_dataset6.RDS --model fullREDMsinglelambda --optimiser nlminb  --use_previous_run_startingvals T
[Mon Jan 31 23:02:11 2022]
Error in rule inference_simulation_TMB_multiple:
    jobid: 3597
    output: ../data/assessing_models_simulation/inference_results/TMB/nlminb/multiple_GenerationMixturefewersignaturespairedBreastAdenoCAPCAWG_100_200_80_4_-8_fullREDMsinglelambda_NA_NA_NA_dataset6.RDS
    log: logs/inference/nlminb/simulation_GenerationMixturefewersignaturespairedBreastAdenoCAPCAWG_100_200_80_4_-8_ModelfullREDMsinglelambda_NA_NA_NA_dataset6.log (check log file(s) for error message)
    shell:
        Rscript 2_inference_TMB/run_TMB.R --input ../data/assessing_models_simulation/datasets/multiple_GenerationMixturefewersignaturespairedBreastAdenoCAPCAWG_100_200_80_4_-8_NA_NA_NA_dataset6.RDS --output ../data/assessing_models_simulation/inference_results/TMB/nlminb/multiple_GenerationMixturefewersignaturespairedBreastAdenoCAPCAWG_100_200_80_4_-8_fullREDMsinglelambda_NA_NA_NA_dataset6.RDS --model fullREDMsinglelambda --optimiser nlminb  --use_previous_run_startingvals T

Shutting down, this might take some time.
Exiting because a job execution failed. Look above for error message
Complete log: /Users/morril01/Documents/PhD/GlobalDA/code/.snakemake/log/2022-01-31T230123.966129.snakemake.log
