Building DAG of jobs...
Using shell: /usr/bin/bash
Provided cores: 1 (use --cores to define parallelism)
Rules claiming more threads will be scaled down.
Job counts:
	count	jobs
	1	inference_simulation_TMB_multiple
	1

[Sun Aug 15 08:51:21 2021]
rule inference_simulation_TMB_multiple:
    input: ../data/assessing_models_simulation/datasets/multiple_GenerationJnorm3_20_100_10_5_0.8_NA_NA_NA_dataset0.RDS
    output: ../data/assessing_models_simulation/inference_results/TMB/nlminb/multiple_GenerationJnorm3_20_100_10_5_0.8_diagREDM_NA_NA_NA_dataset0.RDS
    log: logs/inference/nlminb/simulation_GenerationJnorm3_20_100_10_5_0.8_ModeldiagREDM_NA_NA_NA_dataset0.log
    jobid: 0
    wildcards: optimiser=nlminb, datasetgeneration=GenerationJnorm3, n=20, nlambda=100, lmbda=10, d=5, beta_intensity=0.8, model=diagREDM, fixed_beta_intercept=NA, fixed_beta_slope=NA, sdRE_input=NA, itnum=0

Rscript 2_inference_TMB/run_TMB.R --input ../data/assessing_models_simulation/datasets/multiple_GenerationJnorm3_20_100_10_5_0.8_NA_NA_NA_dataset0.RDS --output ../data/assessing_models_simulation/inference_results/TMB/nlminb/multiple_GenerationJnorm3_20_100_10_5_0.8_diagREDM_NA_NA_NA_dataset0.RDS --model diagREDM --optimiser nlminb
Model: diagREDM 
Feature type: signatures 
Using nlminb: TRUE 
Simulation boolean: TRUE 
make: Nothing to be done for 'all'.
../data/assessing_models_simulation/datasets/multiple_GenerationJnorm3_20_100_10_5_0.8_NA_NA_NA_dataset0.RDS[1] "../data/assessing_models_simulation/datasets/multiple_GenerationJnorm3_20_100_10_5_0.8_NA_NA_NA_dataset0.RDS"
Reading file ../data/assessing_models_simulation/datasets/multiple_GenerationJnorm3_20_100_10_5_0.8_NA_NA_NA_dataset0.RDS 
Loading required package: nnet
# weights:  15 (8 variable)
initial  value 6420.047833 
iter  10 value 6016.144199
final  value 6013.889987 
converged
Constructing atomic invpd
Constructing atomic D_lgamma
Constructing atomic invpd
Constructing atomic D_lgamma
Constructing atomic matmul
Constructing atomic invpd
Constructing atomic D_lgamma
Constructing atomic matmul
Optimizing tape... Done
iter: 1  value: 7704.645 mgc: 72.13279 ustep: 0.4367355 
iter: 2  value: 6798.429 mgc: 56.60332 ustep: 0.0861637 
iter: 3  value: 6462.932 mgc: 41.79049 ustep: 0.06217666 
iter: 4  value: 6260.663 mgc: 30.82739 ustep: 0.07773709 
iter: 5  value: 6073.225 mgc: 53.53928 ustep: 0.124838 
iter: 6  value: 5998.4 mgc: 12.22255 ustep: 0.1958591 
iter: 7  value: 5976.222 mgc: 7.193336 ustep: 0.4426154 
iter: 8  value: 5973.032 mgc: 6.035568 ustep: 0.6653269 
iter: 9  value: 5972.922 mgc: 1.062976 ustep: 0.8156942 
iter: 10  value: 5972.921 mgc: 0.0713328 ustep: 0.9031676 
iter: 11  value: 5972.921 mgc: 0.001154822 ustep: 0.9503563 
iter: 12  value: 5972.921 mgc: 1.127044e-05 ustep: 0.9748647 
iter: 13  value: 5972.921 mgc: 5.53332e-08 ustep: 0.9873536 
iter: 14  mgc: 1.337639e-10 
iter: 1  mgc: 1.337639e-10 
Matching hessian patterns... Done
outer mgc:  289.6326 
iter: 1  value: 5685.926 mgc: 25.17817 ustep: 1 
iter: 2  value: 5680.777 mgc: 5.211471 ustep: 1 
iter: 3  value: 5680.752 mgc: 0.5535729 ustep: 1 
iter: 4  value: 5680.752 mgc: 0.008784609 ustep: 1 
iter: 5  value: 5680.752 mgc: 2.321235e-06 ustep: 1 
iter: 6  mgc: 3.376216e-12 
iter: 1  value: 5548.599 mgc: 26.03664 ustep: 1 
iter: 2  value: 5545.981 mgc: 3.787108 ustep: 1 
iter: 3  value: 5545.978 mgc: 0.2147821 ustep: 1 
iter: 4  value: 5545.978 mgc: 0.001308869 ustep: 1 
iter: 5  value: 5545.978 mgc: 4.954154e-08 ustep: 1 
mgc: 3.41116e-12 
iter: 1  mgc: 3.41116e-12 
outer mgc:  45.10211 
iter: 1  value: 5610.109 mgc: 37.97924 ustep: 1 
iter: 2  value: 5578.092 mgc: 16.86633 ustep: 1 
iter: 3  value: 5577.806 mgc: 1.794592 ustep: 1 
iter: 4  value: 5577.806 mgc: 0.03989994 ustep: 1 
iter: 5  value: 5577.806 mgc: 2.263789e-05 ustep: 1 
iter: 6  mgc: 4.717199e-12 
iter: 1  value: 5507.127 mgc: 16.72922 ustep: 1 
iter: 2  value: 5506.559 mgc: 1.831923 ustep: 1 
iter: 3  value: 5506.559 mgc: 0.04728828 ustep: 1 
iter: 4  value: 5506.559 mgc: 3.538354e-05 ustep: 1 
iter: 5  mgc: 1.997227e-11 
iter: 1  mgc: 1.997227e-11 
outer mgc:  47.76255 
iter: 1  value: 5506.102 mgc: 24.07796 ustep: 1 
iter: 2  value: 5504.852 mgc: 2.12021 ustep: 1 
iter: 3  value: 5504.851 mgc: 0.05964677 ustep: 1 
iter: 4  value: 5504.851 mgc: 0.0001110516 ustep: 1 
iter: 5  mgc: 5.192099e-10 
iter: 1  mgc: 5.192099e-10 
outer mgc:  57.70513 
iter: 1  value: 5483.819 mgc: 15.54692 ustep: 1 
iter: 2  value: 5483.281 mgc: 1.832601 ustep: 1 
iter: 3  value: 5483.281 mgc: 0.02994002 ustep: 1 
iter: 4  value: 5483.281 mgc: 2.013722e-05 ustep: 1 
iter: 5  mgc: 1.982992e-11 
iter: 1  mgc: 1.982992e-11 
outer mgc:  9.848053 
iter: 1  value: 5476.255 mgc: 7.575653 ustep: 1 
iter: 2  value: 5476.241 mgc: 0.2852918 ustep: 1 
iter: 3  value: 5476.241 mgc: 0.001256261 ustep: 1 
iter: 4  value: 5476.241 mgc: 7.303075e-08 ustep: 1 
mgc: 4.928669e-12 
iter: 1  mgc: 4.928669e-12 
outer mgc:  11.33751 
iter: 1  value: 5474.195 mgc: 9.580369 ustep: 1 
iter: 2  value: 5473.944 mgc: 1.242549 ustep: 1 
iter: 3  value: 5473.944 mgc: 0.01854315 ustep: 1 
iter: 4  value: 5473.944 mgc: 5.339715e-06 ustep: 1 
iter: 5  mgc: 5.540346e-12 
iter: 1  mgc: 5.540346e-12 
outer mgc:  24.07806 
iter: 1  value: 5465.708 mgc: 10.7321 ustep: 1 
iter: 2  value: 5465.611 mgc: 0.7925633 ustep: 1 
iter: 3  value: 5465.611 mgc: 0.006330709 ustep: 1 
iter: 4  value: 5465.611 mgc: 1.788439e-06 ustep: 1 
iter: 5  mgc: 4.107048e-12 
iter: 1  mgc: 4.107048e-12 
outer mgc:  9.137442 
iter: 1  value: 5463.503 mgc: 11.57676 ustep: 1 
iter: 2  value: 5463.305 mgc: 0.9511373 ustep: 1 
iter: 3  value: 5463.305 mgc: 0.01313624 ustep: 1 
iter: 4  value: 5463.305 mgc: 3.374195e-06 ustep: 1 
iter: 5  mgc: 3.938017e-12 
iter: 1  mgc: 3.938017e-12 
outer mgc:  18.31819 
iter: 1  value: 5455.658 mgc: 8.61841 ustep: 1 
iter: 2  value: 5455.491 mgc: 0.8574504 ustep: 1 
iter: 3  value: 5455.491 mgc: 0.01393414 ustep: 1 
iter: 4  value: 5455.491 mgc: 4.283831e-06 ustep: 1 
iter: 5  mgc: 3.116618e-12 
iter: 1  mgc: 3.116618e-12 
outer mgc:  6.39953 
iter: 1  value: 5454.483 mgc: 7.208662 ustep: 1 
iter: 2  value: 5454.453 mgc: 0.4531637 ustep: 1 
iter: 3  value: 5454.453 mgc: 0.00212606 ustep: 1 
iter: 4  value: 5454.453 mgc: 1.469229e-07 ustep: 1 
iter: 5  mgc: 1.913136e-12 
iter: 1  mgc: 1.913136e-12 
outer mgc:  20.79711 
iter: 1  value: 5447.87 mgc: 11.01601 ustep: 1 
iter: 2  value: 5447.609 mgc: 1.3538 ustep: 1 
iter: 3  value: 5447.609 mgc: 0.01614857 ustep: 1 
iter: 4  value: 5447.609 mgc: 7.183739e-06 ustep: 1 
iter: 5  mgc: 4.290623e-12 
iter: 1  mgc: 4.290623e-12 
outer mgc:  9.141221 
iter: 1  value: 5445.621 mgc: 8.136738 ustep: 1 
iter: 2  value: 5445.577 mgc: 0.3963544 ustep: 1 
iter: 3  value: 5445.577 mgc: 0.003477295 ustep: 1 
iter: 4  value: 5445.577 mgc: 2.794883e-07 ustep: 1 
iter: 5  mgc: 1.626144e-12 
iter: 1  mgc: 1.626144e-12 
outer mgc:  20.14921 
iter: 1  value: 5439.524 mgc: 6.538967 ustep: 1 
iter: 2  value: 5439.499 mgc: 0.36697 ustep: 1 
iter: 3  value: 5439.499 mgc: 0.001173745 ustep: 1 
iter: 4  value: 5439.499 mgc: 5.678591e-08 ustep: 1 
iter: 5  mgc: 1.242673e-12 
iter: 1  mgc: 1.242673e-12 
outer mgc:  5.435767 
iter: 1  value: 5437.324 mgc: 10.34581 ustep: 1 
iter: 2  value: 5437.164 mgc: 0.9057408 ustep: 1 
iter: 3  value: 5437.164 mgc: 0.01044641 ustep: 1 
iter: 4  value: 5437.164 mgc: 2.70232e-06 ustep: 1 
iter: 5  mgc: 1.156186e-12 
iter: 1  mgc: 1.156186e-12 
outer mgc:  14.8291 
iter: 1  value: 5430.816 mgc: 2.055358 ustep: 1 
iter: 2  value: 5430.815 mgc: 0.04019564 ustep: 1 
iter: 3  value: 5430.815 mgc: 4.503215e-05 ustep: 1 
iter: 4  mgc: 9.500978e-11 
iter: 1  value: 5416.427 mgc: 15.24286 ustep: 1 
iter: 2  value: 5412.599 mgc: 4.168925 ustep: 1 
iter: 3  value: 5412.585 mgc: 0.2301492 ustep: 1 
iter: 4  value: 5412.585 mgc: 0.001762728 ustep: 1 
iter: 5  value: 5412.585 mgc: 1.349163e-07 ustep: 1 
iter: 6  mgc: 2.642331e-13 
iter: 1  value: 5355.687 mgc: 8.203516 ustep: 1 
iter: 2  value: 5354.92 mgc: 1.548473 ustep: 1 
iter: 3  value: 5354.919 mgc: 0.08074919 ustep: 1 
iter: 4  value: 5354.919 mgc: 0.0002672056 ustep: 1 
iter: 5  value: 5354.919 mgc: 1.445096e-08 ustep: 1 
iter: 6  mgc: 3.372302e-15 
iter: 1  mgc: 3.372302e-15 
outer mgc:  37.52285 
iter: 1  value: 8250.734 mgc: 647.8371 ustep: 1 
iter: 2  value: 8250.732 mgc: 0.7315314 ustep: 1 
iter: 3  value: 8250.732 mgc: 1.447963e-06 ustep: 1 
iter: 4  mgc: 8.881784e-16 
iter: 1  value: 5425.743 mgc: 9.044172 ustep: 1 
iter: 2  value: 5425.606 mgc: 1.004449 ustep: 1 
iter: 3  value: 5425.606 mgc: 0.01458351 ustep: 1 
iter: 4  value: 5425.606 mgc: 2.770954e-06 ustep: 1 
iter: 5  mgc: 1.019185e-13 
iter: 1  value: 5319.946 mgc: 2.587256 ustep: 1 
iter: 2  value: 5319.925 mgc: 0.3050798 ustep: 1 
iter: 3  value: 5319.925 mgc: 0.008111048 ustep: 1 
iter: 4  value: 5319.925 mgc: 3.391695e-06 ustep: 1 
iter: 5  mgc: 6.945555e-13 
iter: 1  mgc: 6.945555e-13 
outer mgc:  31.05687 
iter: 1  value: 5292.1 mgc: 1.083852 ustep: 1 
iter: 2  value: 5292.038 mgc: 0.6552441 ustep: 1 
iter: 3  value: 5292.037 mgc: 0.0539981 ustep: 1 
iter: 4  value: 5292.037 mgc: 0.0005462568 ustep: 1 
iter: 5  value: 5292.037 mgc: 5.662986e-08 ustep: 1 
iter: 6  mgc: 2.51188e-15 
iter: 1  value: 5279.805 mgc: 3.457319 ustep: 1 
iter: 2  value: 5279.383 mgc: 0.4585676 ustep: 1 
iter: 3  value: 5279.382 mgc: 0.02136752 ustep: 1 
iter: 4  value: 5279.382 mgc: 5.360319e-05 ustep: 1 
iter: 5  mgc: 3.402202e-10 
iter: 1  mgc: 3.402202e-10 
outer mgc:  8.130242 
iter: 1  value: 5282.857 mgc: 7.055377 ustep: 1 
iter: 2  value: 5282.111 mgc: 2.584588 ustep: 1 
iter: 3  value: 5282.11 mgc: 0.07342923 ustep: 1 
iter: 4  value: 5282.11 mgc: 0.000122227 ustep: 1 
iter: 5  mgc: 8.87312e-10 
iter: 1  value: 5271.017 mgc: 1.562115 ustep: 1 
iter: 2  value: 5271.016 mgc: 0.04874604 ustep: 1 
iter: 3  value: 5271.016 mgc: 0.0001309782 ustep: 1 
iter: 4  mgc: 1.278694e-09 
iter: 1  mgc: 1.278694e-09 
outer mgc:  3.916693 
iter: 1  value: 5267.443 mgc: 1.658578 ustep: 1 
iter: 2  value: 5267.438 mgc: 0.07242812 ustep: 1 
iter: 3  value: 5267.438 mgc: 0.0002186976 ustep: 1 
iter: 4  mgc: 2.102061e-09 
iter: 1  mgc: 2.102061e-09 
outer mgc:  7.405132 
iter: 1  value: 5266.094 mgc: 1.747293 ustep: 1 
iter: 2  value: 5266.092 mgc: 0.04229663 ustep: 1 
iter: 3  value: 5266.092 mgc: 0.0001230415 ustep: 1 
iter: 4  mgc: 1.232824e-09 
iter: 1  mgc: 1.232824e-09 
outer mgc:  4.074106 
iter: 1  value: 5260.959 mgc: 1.090251 ustep: 1 
iter: 2  value: 5260.953 mgc: 0.1288459 ustep: 1 
iter: 3  value: 5260.953 mgc: 0.0008576973 ustep: 1 
iter: 4  value: 5260.953 mgc: 4.945185e-08 ustep: 1 
mgc: 4.884981e-15 
iter: 1  mgc: 4.884981e-15 
outer mgc:  5.043052 
iter: 1  value: 5259.908 mgc: 1.723386 ustep: 1 
iter: 2  value: 5259.906 mgc: 0.06791452 ustep: 1 
iter: 3  value: 5259.906 mgc: 0.0001969766 ustep: 1 
iter: 4  mgc: 1.683348e-09 
iter: 1  mgc: 1.683348e-09 
outer mgc:  5.621443 
iter: 1  value: 5265.992 mgc: 1.520841 ustep: 1 
iter: 2  value: 5265.986 mgc: 0.07475617 ustep: 1 
iter: 3  value: 5265.986 mgc: 0.0004162019 ustep: 1 
iter: 4  value: 5265.986 mgc: 1.764068e-08 ustep: 1 
mgc: 3.552714e-15 
iter: 1  value: 5259.287 mgc: 0.8143689 ustep: 1 
iter: 2  value: 5259.286 mgc: 0.02841376 ustep: 1 
iter: 3  value: 5259.286 mgc: 3.981431e-05 ustep: 1 
iter: 4  mgc: 7.851675e-11 
iter: 1  mgc: 7.851675e-11 
outer mgc:  1.314691 
iter: 1  value: 5257.892 mgc: 0.3884472 ustep: 1 
iter: 2  value: 5257.892 mgc: 0.01083346 ustep: 1 
iter: 3  value: 5257.892 mgc: 8.758078e-06 ustep: 1 
iter: 4  mgc: 6.282974e-12 
iter: 1  value: 5258.698 mgc: 0.1487041 ustep: 1 
iter: 2  value: 5258.698 mgc: 0.001661165 ustep: 1 
iter: 3  value: 5258.698 mgc: 2.330844e-07 ustep: 1 
iter: 4  mgc: 3.996803e-15 
iter: 1  mgc: 3.996803e-15 
outer mgc:  0.6066937 
iter: 1  value: 5258.746 mgc: 0.1842109 ustep: 1 
iter: 2  value: 5258.746 mgc: 0.001620743 ustep: 1 
iter: 3  value: 5258.746 mgc: 1.365748e-07 ustep: 1 
iter: 4  mgc: 2.442491e-15 
iter: 1  mgc: 2.442491e-15 
outer mgc:  0.9184193 
iter: 1  value: 5258.135 mgc: 0.2528598 ustep: 1 
iter: 2  value: 5258.135 mgc: 0.00191816 ustep: 1 
iter: 3  value: 5258.135 mgc: 2.47998e-07 ustep: 1 
iter: 4  mgc: 6.661338e-15 
iter: 1  mgc: 6.661338e-15 
outer mgc:  0.6744328 
iter: 1  value: 5257.281 mgc: 0.1884593 ustep: 1 
iter: 2  value: 5257.281 mgc: 0.002350111 ustep: 1 
iter: 3  value: 5257.281 mgc: 4.790657e-07 ustep: 1 
iter: 4  mgc: 1.731948e-14 
iter: 1  mgc: 1.731948e-14 
outer mgc:  0.6912956 
iter: 1  value: 5257.029 mgc: 0.1712571 ustep: 1 
iter: 2  value: 5257.029 mgc: 0.0007573786 ustep: 1 
iter: 3  value: 5257.029 mgc: 3.616191e-08 ustep: 1 
mgc: 2.969847e-15 
iter: 1  mgc: 2.969847e-15 
outer mgc:  0.5230784 
iter: 1  value: 5256.42 mgc: 0.1931861 ustep: 1 
iter: 2  value: 5256.42 mgc: 0.001937993 ustep: 1 
iter: 3  value: 5256.42 mgc: 3.280266e-07 ustep: 1 
iter: 4  mgc: 1.287859e-14 
iter: 1  mgc: 1.287859e-14 
outer mgc:  0.3963111 
iter: 1  value: 5256.333 mgc: 0.1987293 ustep: 1 
iter: 2  value: 5256.333 mgc: 0.0008038505 ustep: 1 
iter: 3  value: 5256.333 mgc: 2.736419e-08 ustep: 1 
mgc: 3.552714e-15 
iter: 1  value: 5256.322 mgc: 0.0588186 ustep: 1 
iter: 2  value: 5256.322 mgc: 6.205503e-05 ustep: 1 
iter: 3  mgc: 2.333367e-10 
iter: 1  mgc: 2.333367e-10 
outer mgc:  0.191399 
iter: 1  value: 5256.241 mgc: 0.04226282 ustep: 1 
iter: 2  value: 5256.241 mgc: 7.741423e-05 ustep: 1 
iter: 3  mgc: 4.265388e-10 
iter: 1  mgc: 4.265388e-10 
outer mgc:  0.2006971 
iter: 1  value: 5256.274 mgc: 0.04055606 ustep: 1 
iter: 2  value: 5256.274 mgc: 5.248983e-05 ustep: 1 
iter: 3  mgc: 1.219169e-10 
iter: 1  value: 5256.263 mgc: 0.03032745 ustep: 1 
iter: 2  value: 5256.263 mgc: 3.073654e-05 ustep: 1 
iter: 3  mgc: 3.751865e-11 
iter: 1  mgc: 3.751865e-11 
outer mgc:  0.04853959 
iter: 1  value: 5256.265 mgc: 0.01742574 ustep: 1 
iter: 2  value: 5256.265 mgc: 4.738811e-06 ustep: 1 
iter: 3  mgc: 8.566481e-13 
iter: 1  value: 5256.264 mgc: 0.007701111 ustep: 1 
iter: 2  value: 5256.264 mgc: 2.161267e-06 ustep: 1 
iter: 3  mgc: 2.051692e-13 
iter: 1  mgc: 2.051692e-13 
outer mgc:  0.04248466 
iter: 1  value: 5256.241 mgc: 0.009699239 ustep: 1 
iter: 2  value: 5256.241 mgc: 2.720431e-06 ustep: 1 
iter: 3  mgc: 3.053113e-13 
iter: 1  mgc: 3.053113e-13 
outer mgc:  0.03018213 
iter: 1  value: 5256.242 mgc: 0.009661792 ustep: 1 
iter: 2  value: 5256.242 mgc: 3.308695e-06 ustep: 1 
iter: 3  mgc: 9.272583e-13 
iter: 1  mgc: 9.272583e-13 
outer mgc:  0.02761906 
iter: 1  value: 5256.213 mgc: 0.007014846 ustep: 1 
iter: 2  value: 5256.213 mgc: 8.022605e-07 ustep: 1 
iter: 3  mgc: 1.421085e-14 
iter: 1  mgc: 1.421085e-14 
outer mgc:  0.03063136 
iter: 1  value: 5256.219 mgc: 0.008289206 ustep: 1 
iter: 2  value: 5256.219 mgc: 1.086699e-06 ustep: 1 
iter: 3  mgc: 2.087219e-14 
iter: 1  mgc: 2.087219e-14 
outer mgc:  0.01089103 
iter: 1  value: 5256.207 mgc: 0.005730296 ustep: 1 
iter: 2  value: 5256.207 mgc: 2.472673e-06 ustep: 1 
iter: 3  mgc: 5.17808e-13 
iter: 1  mgc: 5.17808e-13 
outer mgc:  0.006352531 
iter: 1  value: 5256.212 mgc: 0.003208457 ustep: 1 
iter: 2  value: 5256.212 mgc: 7.894575e-07 ustep: 1 
iter: 3  mgc: 5.240253e-14 
iter: 1  mgc: 5.240253e-14 
outer mgc:  0.004715451 
iter: 1  value: 5256.213 mgc: 0.001038756 ustep: 1 
iter: 2  value: 5256.213 mgc: 2.889728e-08 ustep: 1 
mgc: 3.552714e-15 
iter: 1  value: 5256.212 mgc: 0.0006251883 ustep: 1 
iter: 2  mgc: 6.036862e-09 
iter: 1  mgc: 6.036862e-09 
outer mgc:  0.0009793733 
iter: 1  value: 5256.212 mgc: 0.0004440068 ustep: 1 
iter: 2  mgc: 8.805003e-09 
iter: 1  mgc: 8.805003e-09 
outer mgc:  0.0004030872 
iter: 1  mgc: 8.805003e-09 
iter: 1  mgc: 8.805003e-09 
outer mgc:  0.0004030872 
iter: 1  value: 5256.21 mgc: 0.003262136 ustep: 1 
iter: 2  value: 5256.21 mgc: 4.170232e-07 ustep: 1 
iter: 3  mgc: 9.769963e-15 
outer mgc:  0.02867846 
iter: 1  value: 5256.213 mgc: 0.003258945 ustep: 1 
iter: 2  value: 5256.213 mgc: 4.168277e-07 ustep: 1 
iter: 3  mgc: 1.154632e-14 
outer mgc:  0.0284078 
iter: 1  value: 5256.211 mgc: 0.002266365 ustep: 1 
iter: 2  value: 5256.211 mgc: 1.779294e-07 ustep: 1 
iter: 3  mgc: 3.552714e-15 
outer mgc:  0.02084241 
iter: 1  value: 5256.212 mgc: 0.002265032 ustep: 1 
iter: 2  value: 5256.212 mgc: 1.778808e-07 ustep: 1 
iter: 3  mgc: 2.220446e-15 
outer mgc:  0.02116114 
iter: 1  value: 5256.212 mgc: 0.004054305 ustep: 1 
iter: 2  value: 5256.212 mgc: 2.822461e-07 ustep: 1 
iter: 3  mgc: 3.108624e-15 
outer mgc:  0.04098161 
iter: 1  value: 5256.212 mgc: 0.00405144 ustep: 1 
iter: 2  value: 5256.212 mgc: 2.822124e-07 ustep: 1 
iter: 3  mgc: 3.552714e-15 
outer mgc:  0.04166749 
iter: 1  value: 5256.212 mgc: 0.00204777 ustep: 1 
iter: 2  value: 5256.212 mgc: 7.917821e-08 ustep: 1 
iter: 3  mgc: 2.664535e-15 
outer mgc:  0.01849036 
iter: 1  value: 5256.212 mgc: 0.002046386 ustep: 1 
iter: 2  value: 5256.212 mgc: 7.911414e-08 ustep: 1 
iter: 3  mgc: 3.108624e-15 
outer mgc:  0.01928163 
iter: 1  value: 5256.211 mgc: 0.003807305 ustep: 1 
iter: 2  value: 5256.211 mgc: 3.294602e-07 ustep: 1 
iter: 3  mgc: 3.747003e-15 
outer mgc:  0.03540213 
iter: 1  value: 5256.212 mgc: 0.003804256 ustep: 1 
iter: 2  value: 5256.212 mgc: 3.29544e-07 ustep: 1 
iter: 3  mgc: 4.163336e-15 
outer mgc:  0.03515632 
iter: 1  value: 5256.212 mgc: 0.0026423 ustep: 1 
iter: 2  value: 5256.212 mgc: 1.337024e-07 ustep: 1 
iter: 3  mgc: 3.552714e-15 
outer mgc:  0.02780114 
iter: 1  value: 5256.212 mgc: 0.002641104 ustep: 1 
iter: 2  value: 5256.212 mgc: 1.338138e-07 ustep: 1 
iter: 3  mgc: 3.774758e-15 
outer mgc:  0.0274818 
iter: 1  value: 5256.21 mgc: 0.002871794 ustep: 1 
iter: 2  value: 5256.21 mgc: 4.55945e-07 ustep: 1 
iter: 3  mgc: 1.865175e-14 
outer mgc:  0.02314556 
iter: 1  value: 5256.214 mgc: 0.002869027 ustep: 1 
iter: 2  value: 5256.214 mgc: 4.557545e-07 ustep: 1 
iter: 3  mgc: 1.554312e-14 
outer mgc:  0.02312803 
iter: 1  value: 5256.211 mgc: 0.002098198 ustep: 1 
iter: 2  value: 5256.211 mgc: 2.775762e-07 ustep: 1 
iter: 3  mgc: 4.107825e-15 
outer mgc:  0.01714982 
iter: 1  value: 5256.213 mgc: 0.00209664 ustep: 1 
iter: 2  value: 5256.213 mgc: 2.776035e-07 ustep: 1 
iter: 3  mgc: 3.996803e-15 
outer mgc:  0.01706871 
iter: 1  value: 5256.217 mgc: 0.00331731 ustep: 1 
iter: 2  value: 5256.217 mgc: 5.862158e-07 ustep: 1 
iter: 3  mgc: 2.220446e-14 
outer mgc:  0.002107863 
iter: 1  value: 5256.206 mgc: 0.003320624 ustep: 1 
iter: 2  value: 5256.206 mgc: 5.860152e-07 ustep: 1 
iter: 3  mgc: 2.220446e-14 
outer mgc:  0.001803733 
iter: 1  value: 5256.219 mgc: 0.003115518 ustep: 1 
iter: 2  value: 5256.219 mgc: 1.639723e-07 ustep: 1 
iter: 3  mgc: 3.108624e-15 
outer mgc:  0.001610766 
iter: 1  value: 5256.205 mgc: 0.003118643 ustep: 1 
iter: 2  value: 5256.205 mgc: 1.638659e-07 ustep: 1 
iter: 3  mgc: 2.664535e-15 
outer mgc:  0.001275255 
iter: 1  value: 5256.218 mgc: 0.002846673 ustep: 1 
iter: 2  value: 5256.218 mgc: 1.569093e-07 ustep: 1 
iter: 3  mgc: 2.331468e-15 
outer mgc:  0.001489277 
iter: 1  value: 5256.206 mgc: 0.00284952 ustep: 1 
iter: 2  value: 5256.206 mgc: 1.568548e-07 ustep: 1 
iter: 3  mgc: 2.664535e-15 
outer mgc:  0.001413062 
iter: 1  value: 5256.217 mgc: 0.002876463 ustep: 1 
iter: 2  value: 5256.217 mgc: 6.196895e-07 ustep: 1 
iter: 3  mgc: 3.330669e-14 
outer mgc:  0.002243293 
iter: 1  value: 5256.207 mgc: 0.002879358 ustep: 1 
iter: 2  value: 5256.207 mgc: 6.196021e-07 ustep: 1 
iter: 3  mgc: 3.241851e-14 
outer mgc:  0.002253475 
iter: 1  value: 5256.207 mgc: 0.002481657 ustep: 1 
iter: 2  value: 5256.207 mgc: 1.618173e-07 ustep: 1 
iter: 3  mgc: 4.884981e-15 
outer mgc:  0.02437841 
iter: 1  value: 5256.217 mgc: 0.002479848 ustep: 1 
iter: 2  value: 5256.217 mgc: 1.613684e-07 ustep: 1 
iter: 3  mgc: 3.663736e-15 
outer mgc:  0.02471832 
iter: 1  value: 5256.207 mgc: 0.002526056 ustep: 1 
iter: 2  value: 5256.207 mgc: 1.976516e-07 ustep: 1 
iter: 3  mgc: 3.441691e-15 
outer mgc:  0.02556716 
iter: 1  value: 5256.217 mgc: 0.002524361 ustep: 1 
iter: 2  value: 5256.217 mgc: 1.973053e-07 ustep: 1 
iter: 3  mgc: 3.108624e-15 
outer mgc:  0.02554035 
[Sun Aug 15 08:51:24 2021]
Finished job 0.
1 of 1 steps (100%) done
