Building DAG of jobs...
Using shell: /usr/bin/bash
Provided cores: 1 (use --cores to define parallelism)
Rules claiming more threads will be scaled down.
Job counts:
	count	jobs
	1	inference_simulation_TMB_multiple
	1

[Mon Aug 16 07:29:06 2021]
rule inference_simulation_TMB_multiple:
    input: ../data/assessing_models_simulation/datasets/multiple_GenerationJnorm2_50_100_10_5_0.6_NA_NA_NA_dataset0.RDS
    output: ../data/assessing_models_simulation/inference_results/TMB/nlminb/multiple_GenerationJnorm2_50_100_10_5_0.6_fullREM_NA_NA_NA_dataset0.RDS
    log: logs/inference/nlminb/simulation_GenerationJnorm2_50_100_10_5_0.6_ModelfullREM_NA_NA_NA_dataset0.log
    jobid: 0
    wildcards: optimiser=nlminb, datasetgeneration=GenerationJnorm2, n=50, nlambda=100, lmbda=10, d=5, beta_intensity=0.6, model=fullREM, fixed_beta_intercept=NA, fixed_beta_slope=NA, sdRE_input=NA, itnum=0

Rscript 2_inference_TMB/run_TMB.R --input ../data/assessing_models_simulation/datasets/multiple_GenerationJnorm2_50_100_10_5_0.6_NA_NA_NA_dataset0.RDS --output ../data/assessing_models_simulation/inference_results/TMB/nlminb/multiple_GenerationJnorm2_50_100_10_5_0.6_fullREM_NA_NA_NA_dataset0.RDS --model fullREM --optimiser nlminb
Model: fullREM 
Feature type: signatures 
Using nlminb: TRUE 
Simulation boolean: TRUE 
make: Nothing to be done for 'all'.
../data/assessing_models_simulation/datasets/multiple_GenerationJnorm2_50_100_10_5_0.6_NA_NA_NA_dataset0.RDS[1] "../data/assessing_models_simulation/datasets/multiple_GenerationJnorm2_50_100_10_5_0.6_NA_NA_NA_dataset0.RDS"
Reading file ../data/assessing_models_simulation/datasets/multiple_GenerationJnorm2_50_100_10_5_0.6_NA_NA_NA_dataset0.RDS 
Loading required package: nnet
# weights:  15 (8 variable)
initial  value 16318.090994 
iter  10 value 16000.209897
final  value 15999.570565 
converged
Order of parameters:
[1] "beta"       "u_large"    "logs_sd_RE" "cov_par_RE"
Not matching template order:
[1] "beta"       "u_large"    "cov_par_RE" "logs_sd_RE"
Your parameter list has been re-ordered.
(Disable this warning with checkParameterOrder=FALSE)
Constructing atomic invpd
Constructing atomic D_lgamma
Constructing atomic invpd
Constructing atomic D_lgamma
Constructing atomic matmul
Constructing atomic invpd
Constructing atomic D_lgamma
Constructing atomic matmul
Optimizing tape... Done
iter: 1  value: 2383.044 mgc: 99.17165 ustep: 1 
iter: 2  value: 2214.345 mgc: 27.29139 ustep: 1 
iter: 3  value: 2208.77 mgc: 4.660076 ustep: 1 
iter: 4  value: 2208.565 mgc: 0.8721998 ustep: 1 
iter: 5  value: 2208.564 mgc: 0.0685985 ustep: 1 
iter: 6  value: 2208.564 mgc: 0.0005519976 ustep: 1 
iter: 7  value: 2208.564 mgc: 3.646127e-08 ustep: 1 
iter: 8  mgc: 2.731149e-14 
iter: 1  mgc: 2.731149e-14 
Matching hessian patterns... Done
outer mgc:  263.1334 
iter: 1  value: 2155.564 mgc: 35.5584 ustep: 1 
iter: 2  value: 2151.24 mgc: 2.773178 ustep: 1 
iter: 3  value: 2151.237 mgc: 0.1056737 ustep: 1 
iter: 4  value: 2151.237 mgc: 0.0004069296 ustep: 1 
iter: 5  mgc: 6.096012e-09 
iter: 1  mgc: 6.096012e-09 
outer mgc:  166.3785 
iter: 1  value: 2088.767 mgc: 23.0709 ustep: 1 
iter: 2  value: 2087.804 mgc: 1.636042 ustep: 1 
iter: 3  value: 2087.803 mgc: 0.02332615 ustep: 1 
iter: 4  value: 2087.803 mgc: 1.637911e-05 ustep: 1 
iter: 5  mgc: 1.007017e-11 
iter: 1  mgc: 1.007017e-11 
outer mgc:  111.1339 
iter: 1  value: 2111.405 mgc: 25.40064 ustep: 1 
iter: 2  value: 2110.64 mgc: 1.448751 ustep: 1 
iter: 3  value: 2110.64 mgc: 0.02690976 ustep: 1 
iter: 4  value: 2110.64 mgc: 1.363234e-05 ustep: 1 
iter: 5  mgc: 3.504863e-12 
iter: 1  value: 2058.671 mgc: 12.05691 ustep: 1 
iter: 2  value: 2058.61 mgc: 0.3820876 ustep: 1 
iter: 3  value: 2058.61 mgc: 0.003066892 ustep: 1 
iter: 4  value: 2058.61 mgc: 2.83963e-07 ustep: 1 
iter: 5  mgc: 2.775558e-14 
iter: 1  mgc: 2.775558e-14 
outer mgc:  53.48806 
iter: 1  value: 2051.501 mgc: 15.45994 ustep: 1 
iter: 2  value: 2051.359 mgc: 0.6887323 ustep: 1 
iter: 3  value: 2051.359 mgc: 0.003475339 ustep: 1 
iter: 4  value: 2051.359 mgc: 3.281441e-07 ustep: 1 
iter: 5  mgc: 2.053913e-14 
iter: 1  mgc: 2.053913e-14 
outer mgc:  77.91375 
iter: 1  value: 2033.879 mgc: 4.562249 ustep: 1 
iter: 2  value: 2033.875 mgc: 0.08366005 ustep: 1 
iter: 3  value: 2033.875 mgc: 0.0001138599 ustep: 1 
iter: 4  mgc: 2.624223e-10 
iter: 1  mgc: 2.624223e-10 
outer mgc:  35.45493 
iter: 1  value: 2037.431 mgc: 14.02718 ustep: 1 
iter: 2  value: 2037.081 mgc: 1.05897 ustep: 1 
iter: 3  value: 2037.081 mgc: 0.01171355 ustep: 1 
iter: 4  value: 2037.081 mgc: 1.493686e-06 ustep: 1 
iter: 5  mgc: 2.453593e-14 
iter: 1  value: 2029.722 mgc: 6.689881 ustep: 1 
iter: 2  value: 2029.707 mgc: 0.2106629 ustep: 1 
iter: 3  value: 2029.707 mgc: 0.0004800268 ustep: 1 
iter: 4  mgc: 2.526157e-09 
iter: 1  mgc: 2.526157e-09 
outer mgc:  21.13743 
iter: 1  value: 2025.807 mgc: 4.227503 ustep: 1 
iter: 2  value: 2025.806 mgc: 0.06700648 ustep: 1 
iter: 3  value: 2025.806 mgc: 2.906673e-05 ustep: 1 
iter: 4  mgc: 1.36029e-11 
iter: 1  mgc: 1.36029e-11 
outer mgc:  19.82213 
iter: 1  value: 2021.954 mgc: 4.902171 ustep: 1 
iter: 2  value: 2021.952 mgc: 0.1013641 ustep: 1 
iter: 3  value: 2021.952 mgc: 0.0001074991 ustep: 1 
iter: 4  mgc: 1.241192e-10 
iter: 1  mgc: 1.241192e-10 
outer mgc:  14.77339 
iter: 1  value: 2014.702 mgc: 5.85158 ustep: 1 
iter: 2  value: 2014.697 mgc: 0.1355147 ustep: 1 
iter: 3  value: 2014.697 mgc: 0.0003876824 ustep: 1 
iter: 4  mgc: 6.12514e-09 
iter: 1  mgc: 6.12514e-09 
outer mgc:  24.85314 
iter: 1  value: 2014.502 mgc: 10.44371 ustep: 1 
iter: 2  value: 2014.463 mgc: 0.2847996 ustep: 1 
iter: 3  value: 2014.463 mgc: 0.0007220698 ustep: 1 
iter: 4  mgc: 6.677935e-09 
iter: 1  value: 2013.442 mgc: 6.140453 ustep: 1 
iter: 2  value: 2013.436 mgc: 0.1264253 ustep: 1 
iter: 3  value: 2013.436 mgc: 0.0001303064 ustep: 1 
iter: 4  mgc: 3.01688e-10 
iter: 1  mgc: 3.01688e-10 
outer mgc:  34.432 
iter: 1  value: 2010.159 mgc: 1.814032 ustep: 1 
iter: 2  value: 2010.158 mgc: 0.01569553 ustep: 1 
iter: 3  value: 2010.158 mgc: 2.042555e-06 ustep: 1 
iter: 4  mgc: 1.634248e-13 
iter: 1  mgc: 1.634248e-13 
outer mgc:  13.04416 
iter: 1  value: 2008.938 mgc: 4.015691 ustep: 1 
iter: 2  value: 2008.937 mgc: 0.04763041 ustep: 1 
iter: 3  value: 2008.937 mgc: 2.874514e-05 ustep: 1 
iter: 4  mgc: 2.026512e-11 
iter: 1  mgc: 2.026512e-11 
outer mgc:  26.30749 
iter: 1  value: 2006.669 mgc: 4.630801 ustep: 1 
iter: 2  value: 2006.667 mgc: 0.05709653 ustep: 1 
iter: 3  value: 2006.667 mgc: 2.299259e-05 ustep: 1 
iter: 4  mgc: 7.12852e-12 
iter: 1  mgc: 7.12852e-12 
outer mgc:  7.10999 
iter: 1  value: 2005.063 mgc: 3.572177 ustep: 1 
iter: 2  value: 2005.062 mgc: 0.04021408 ustep: 1 
iter: 3  value: 2005.062 mgc: 2.887676e-05 ustep: 1 
iter: 4  mgc: 2.347811e-11 
iter: 1  mgc: 2.347811e-11 
outer mgc:  15.50469 
iter: 1  value: 2003.614 mgc: 1.254925 ustep: 1 
iter: 2  value: 2003.614 mgc: 0.01693644 ustep: 1 
iter: 3  value: 2003.614 mgc: 1.107459e-05 ustep: 1 
iter: 4  mgc: 4.754863e-12 
iter: 1  mgc: 4.754863e-12 
outer mgc:  11.04957 
iter: 1  value: 2003.137 mgc: 3.538754 ustep: 1 
iter: 2  value: 2003.137 mgc: 0.04148186 ustep: 1 
iter: 3  value: 2003.137 mgc: 1.720703e-05 ustep: 1 
iter: 4  mgc: 3.083755e-12 
iter: 1  mgc: 3.083755e-12 
outer mgc:  14.83616 
iter: 1  value: 2002.635 mgc: 3.402623 ustep: 1 
iter: 2  value: 2002.635 mgc: 0.04420458 ustep: 1 
iter: 3  value: 2002.635 mgc: 1.065893e-05 ustep: 1 
iter: 4  mgc: 1.121159e-12 
iter: 1  mgc: 1.121159e-12 
outer mgc:  16.17982 
iter: 1  value: 2001.236 mgc: 4.232564 ustep: 1 
iter: 2  value: 2001.235 mgc: 0.04014221 ustep: 1 
iter: 3  value: 2001.235 mgc: 2.18267e-05 ustep: 1 
iter: 4  mgc: 1.181565e-11 
iter: 1  mgc: 1.181565e-11 
outer mgc:  5.684126 
iter: 1  value: 2001.197 mgc: 5.414613 ustep: 1 
iter: 2  value: 2001.194 mgc: 0.1020493 ustep: 1 
iter: 3  value: 2001.194 mgc: 6.474366e-05 ustep: 1 
iter: 4  mgc: 6.172929e-11 
iter: 1  value: 2000.932 mgc: 2.500447 ustep: 1 
iter: 2  value: 2000.932 mgc: 0.02539633 ustep: 1 
iter: 3  value: 2000.932 mgc: 6.532924e-06 ustep: 1 
iter: 4  mgc: 4.503065e-13 
iter: 1  mgc: 4.503065e-13 
outer mgc:  10.83728 
iter: 1  value: 2001.039 mgc: 3.684024 ustep: 1 
iter: 2  value: 2001.038 mgc: 0.04977088 ustep: 1 
iter: 3  value: 2001.038 mgc: 2.100115e-05 ustep: 1 
iter: 4  mgc: 6.733947e-12 
iter: 1  value: 2000.81 mgc: 1.251965 ustep: 1 
iter: 2  value: 2000.81 mgc: 0.004271254 ustep: 1 
iter: 3  value: 2000.81 mgc: 1.154423e-07 ustep: 1 
iter: 4  mgc: 3.219647e-14 
iter: 1  mgc: 3.219647e-14 
outer mgc:  5.875355 
iter: 1  value: 2000.757 mgc: 0.7811077 ustep: 1 
iter: 2  value: 2000.757 mgc: 0.002249457 ustep: 1 
iter: 3  value: 2000.757 mgc: 1.305644e-07 ustep: 1 
iter: 4  mgc: 3.552714e-14 
iter: 1  mgc: 3.552714e-14 
outer mgc:  1.153296 
iter: 1  value: 2000.645 mgc: 0.7674232 ustep: 1 
iter: 2  value: 2000.645 mgc: 0.001648817 ustep: 1 
iter: 3  value: 2000.645 mgc: 2.675781e-08 ustep: 1 
mgc: 2.331468e-14 
iter: 1  value: 2000.687 mgc: 0.3433323 ustep: 1 
iter: 2  value: 2000.687 mgc: 0.0003287658 ustep: 1 
iter: 3  mgc: 1.063857e-09 
iter: 1  mgc: 1.063857e-09 
outer mgc:  2.16599 
iter: 1  value: 2000.649 mgc: 0.4221169 ustep: 1 
iter: 2  value: 2000.649 mgc: 0.0006623575 ustep: 1 
iter: 3  mgc: 4.638545e-09 
iter: 1  mgc: 4.638545e-09 
outer mgc:  2.57277 
iter: 1  value: 2000.627 mgc: 0.5046461 ustep: 1 
iter: 2  value: 2000.627 mgc: 0.001029899 ustep: 1 
iter: 3  mgc: 8.089679e-09 
iter: 1  mgc: 8.089679e-09 
outer mgc:  1.075107 
iter: 1  value: 2000.599 mgc: 0.4249421 ustep: 1 
iter: 2  value: 2000.599 mgc: 0.0005711721 ustep: 1 
iter: 3  mgc: 2.778218e-09 
iter: 1  mgc: 2.778218e-09 
outer mgc:  2.050582 
iter: 1  value: 2000.54 mgc: 0.2752403 ustep: 1 
iter: 2  value: 2000.54 mgc: 0.0003250855 ustep: 1 
iter: 3  mgc: 1.184365e-09 
iter: 1  mgc: 1.184365e-09 
outer mgc:  0.9676285 
iter: 1  value: 2000.539 mgc: 0.4464787 ustep: 1 
iter: 2  value: 2000.539 mgc: 0.0007942768 ustep: 1 
iter: 3  mgc: 6.052124e-09 
iter: 1  mgc: 6.052124e-09 
outer mgc:  0.7187152 
iter: 1  value: 2000.564 mgc: 0.2015263 ustep: 1 
iter: 2  value: 2000.564 mgc: 0.0001009808 ustep: 1 
iter: 3  mgc: 7.58309e-11 
iter: 1  value: 2000.536 mgc: 0.03855836 ustep: 1 
iter: 2  value: 2000.536 mgc: 3.678105e-06 ustep: 1 
iter: 3  mgc: 1.003642e-13 
iter: 1  mgc: 1.003642e-13 
outer mgc:  0.3680901 
iter: 1  value: 2000.53 mgc: 0.145507 ustep: 1 
iter: 2  value: 2000.53 mgc: 8.776746e-05 ustep: 1 
iter: 3  mgc: 6.657475e-11 
iter: 1  mgc: 6.657475e-11 
outer mgc:  0.6465409 
iter: 1  value: 2000.536 mgc: 0.05650302 ustep: 1 
iter: 2  value: 2000.536 mgc: 8.078724e-06 ustep: 1 
iter: 3  mgc: 9.139356e-13 
iter: 1  mgc: 9.139356e-13 
outer mgc:  0.1952227 
iter: 1  value: 2000.526 mgc: 0.07010784 ustep: 1 
iter: 2  value: 2000.526 mgc: 1.146073e-05 ustep: 1 
iter: 3  mgc: 8.313072e-13 
iter: 1  mgc: 8.313072e-13 
outer mgc:  0.2624665 
iter: 1  value: 2000.518 mgc: 0.06606858 ustep: 1 
iter: 2  value: 2000.518 mgc: 2.183784e-05 ustep: 1 
iter: 3  mgc: 4.371836e-12 
iter: 1  mgc: 4.371836e-12 
outer mgc:  0.1762621 
iter: 1  value: 2000.524 mgc: 0.02003261 ustep: 1 
iter: 2  value: 2000.524 mgc: 4.501182e-06 ustep: 1 
iter: 3  mgc: 1.686207e-12 
iter: 1  mgc: 1.686207e-12 
outer mgc:  0.1697297 
iter: 1  value: 2000.514 mgc: 0.09492168 ustep: 1 
iter: 2  value: 2000.514 mgc: 3.363219e-05 ustep: 1 
iter: 3  mgc: 2.064104e-11 
iter: 1  mgc: 2.064104e-11 
outer mgc:  0.1980733 
iter: 1  value: 2000.511 mgc: 0.05215854 ustep: 1 
iter: 2  value: 2000.511 mgc: 1.133213e-05 ustep: 1 
iter: 3  mgc: 1.397826e-12 
iter: 1  mgc: 1.397826e-12 
outer mgc:  0.1364643 
iter: 1  value: 2000.515 mgc: 0.02927941 ustep: 1 
iter: 2  value: 2000.515 mgc: 3.049236e-06 ustep: 1 
iter: 3  mgc: 9.792167e-14 
iter: 1  mgc: 9.792167e-14 
outer mgc:  0.05631412 
iter: 1  value: 2000.511 mgc: 0.02450319 ustep: 1 
iter: 2  value: 2000.511 mgc: 3.373776e-06 ustep: 1 
iter: 3  mgc: 1.763034e-13 
iter: 1  mgc: 1.763034e-13 
outer mgc:  0.06614383 
iter: 1  value: 2000.511 mgc: 0.009527656 ustep: 1 
iter: 2  value: 2000.511 mgc: 1.265606e-06 ustep: 1 
iter: 3  mgc: 5.77316e-14 
iter: 1  value: 2000.511 mgc: 0.002515068 ustep: 1 
iter: 2  value: 2000.511 mgc: 8.82573e-08 ustep: 1 
iter: 3  mgc: 2.131628e-14 
iter: 1  mgc: 2.131628e-14 
outer mgc:  0.05407353 
iter: 1  value: 2000.511 mgc: 0.01692958 ustep: 1 
iter: 2  value: 2000.511 mgc: 7.156418e-07 ustep: 1 
iter: 3  mgc: 2.198242e-14 
iter: 1  mgc: 2.198242e-14 
outer mgc:  0.07412712 
iter: 1  value: 2000.511 mgc: 0.005411083 ustep: 1 
iter: 2  value: 2000.511 mgc: 1.022046e-07 ustep: 1 
iter: 3  mgc: 2.797762e-14 
iter: 1  mgc: 2.797762e-14 
outer mgc:  0.02062519 
iter: 1  value: 2000.51 mgc: 0.005177026 ustep: 1 
iter: 2  value: 2000.51 mgc: 9.869422e-08 ustep: 1 
iter: 3  mgc: 4.174439e-14 
iter: 1  mgc: 4.174439e-14 
outer mgc:  0.02677829 
iter: 1  value: 2000.51 mgc: 0.005862483 ustep: 1 
iter: 2  value: 2000.51 mgc: 1.256806e-07 ustep: 1 
iter: 3  mgc: 2.664535e-14 
iter: 1  mgc: 2.664535e-14 
outer mgc:  0.01235623 
iter: 1  value: 2000.51 mgc: 0.008645196 ustep: 1 
iter: 2  value: 2000.51 mgc: 3.065153e-07 ustep: 1 
iter: 3  mgc: 2.4869e-14 
iter: 1  mgc: 2.4869e-14 
outer mgc:  0.03559999 
iter: 1  value: 2000.509 mgc: 0.004540753 ustep: 1 
iter: 2  value: 2000.509 mgc: 8.244839e-08 ustep: 1 
iter: 3  mgc: 2.658984e-14 
iter: 1  mgc: 2.658984e-14 
outer mgc:  0.03560447 
iter: 1  value: 2000.509 mgc: 0.002667389 ustep: 1 
iter: 2  value: 2000.509 mgc: 3.597224e-08 ustep: 1 
mgc: 2.975398e-14 
iter: 1  mgc: 2.975398e-14 
outer mgc:  0.01744243 
iter: 1  value: 2000.509 mgc: 0.004407118 ustep: 1 
iter: 2  value: 2000.509 mgc: 7.275275e-08 ustep: 1 
iter: 3  mgc: 2.065015e-14 
iter: 1  mgc: 2.065015e-14 
outer mgc:  0.01698627 
iter: 1  value: 2000.509 mgc: 0.00388725 ustep: 1 
iter: 2  value: 2000.509 mgc: 4.969859e-08 ustep: 1 
iter: 3  mgc: 2.708944e-14 
iter: 1  mgc: 2.708944e-14 
outer mgc:  0.01934676 
iter: 1  value: 2000.509 mgc: 0.005532538 ustep: 1 
iter: 2  value: 2000.509 mgc: 1.068038e-07 ustep: 1 
iter: 3  mgc: 3.108624e-14 
iter: 1  mgc: 3.108624e-14 
outer mgc:  0.008407062 
iter: 1  value: 2000.508 mgc: 0.005947295 ustep: 1 
iter: 2  value: 2000.508 mgc: 1.272434e-07 ustep: 1 
iter: 3  mgc: 2.509104e-14 
iter: 1  value: 2000.509 mgc: 0.00224247 ustep: 1 
iter: 2  value: 2000.509 mgc: 2.311895e-08 ustep: 1 
mgc: 3.641532e-14 
iter: 1  mgc: 3.641532e-14 
outer mgc:  0.01067478 
iter: 1  value: 2000.509 mgc: 0.001406308 ustep: 1 
iter: 2  mgc: 5.37084e-09 
iter: 1  mgc: 5.37084e-09 
outer mgc:  0.002881924 
iter: 1  value: 2000.509 mgc: 0.0004270395 ustep: 1 
iter: 2  mgc: 6.841356e-10 
iter: 1  mgc: 6.841356e-10 
outer mgc:  0.008631504 
iter: 1  value: 2000.509 mgc: 0.000738394 ustep: 1 
iter: 2  mgc: 1.702944e-09 
iter: 1  mgc: 1.702944e-09 
outer mgc:  0.001241112 
iter: 1  value: 2000.509 mgc: 0.00115513 ustep: 1 
iter: 2  mgc: 4.679936e-09 
iter: 1  mgc: 4.679936e-09 
outer mgc:  0.00379998 
iter: 1  value: 2000.509 mgc: 0.0006975669 ustep: 1 
iter: 2  mgc: 1.63454e-09 
iter: 1  mgc: 1.63454e-09 
outer mgc:  0.001108931 
iter: 1  value: 2000.509 mgc: 0.0003264843 ustep: 1 
iter: 2  mgc: 6.614935e-10 
iter: 1  mgc: 6.614935e-10 
outer mgc:  0.0008637461 
iter: 1  value: 2000.509 mgc: 0.0004027562 ustep: 1 
iter: 2  mgc: 1.299114e-09 
iter: 1  mgc: 1.299114e-09 
outer mgc:  0.001732566 
iter: 1  mgc: 1.299114e-09 
iter: 1  mgc: 1.299114e-09 
outer mgc:  0.001732566 
iter: 1  value: 2000.51 mgc: 0.05509223 ustep: 1 
iter: 2  value: 2000.51 mgc: 9.542105e-06 ustep: 1 
iter: 3  mgc: 7.394085e-13 
outer mgc:  0.1305462 
iter: 1  value: 2000.508 mgc: 0.05509097 ustep: 1 
iter: 2  value: 2000.508 mgc: 9.549882e-06 ustep: 1 
iter: 3  mgc: 7.442935e-13 
outer mgc:  0.1315136 
iter: 1  value: 2000.509 mgc: 0.02836185 ustep: 1 
iter: 2  value: 2000.509 mgc: 2.949624e-06 ustep: 1 
iter: 3  mgc: 4.862777e-14 
outer mgc:  0.482548 
iter: 1  value: 2000.509 mgc: 0.02835987 ustep: 1 
iter: 2  value: 2000.509 mgc: 2.950083e-06 ustep: 1 
iter: 3  mgc: 5.151435e-14 
outer mgc:  0.4837819 
iter: 1  value: 2000.509 mgc: 0.05450361 ustep: 1 
iter: 2  value: 2000.509 mgc: 9.739441e-06 ustep: 1 
iter: 3  mgc: 9.470758e-13 
outer mgc:  0.05905505 
iter: 1  value: 2000.509 mgc: 0.0544876 ustep: 1 
iter: 2  value: 2000.509 mgc: 9.748964e-06 ustep: 1 
iter: 3  mgc: 9.422463e-13 
outer mgc:  0.05846736 
iter: 1  value: 2000.509 mgc: 0.02689245 ustep: 1 
iter: 2  value: 2000.509 mgc: 3.430824e-06 ustep: 1 
iter: 3  mgc: 1.157963e-13 
outer mgc:  0.3522229 
iter: 1  value: 2000.509 mgc: 0.02689074 ustep: 1 
iter: 2  value: 2000.509 mgc: 3.431029e-06 ustep: 1 
iter: 3  mgc: 1.105088e-13 
outer mgc:  0.354392 
iter: 1  value: 2000.509 mgc: 0.05460554 ustep: 1 
iter: 2  value: 2000.509 mgc: 9.942777e-06 ustep: 1 
iter: 3  mgc: 8.156253e-13 
outer mgc:  0.08690131 
iter: 1  value: 2000.508 mgc: 0.05460317 ustep: 1 
iter: 2  value: 2000.508 mgc: 9.951729e-06 ustep: 1 
iter: 3  mgc: 8.206213e-13 
outer mgc:  0.08660479 
iter: 1  value: 2000.51 mgc: 0.03002185 ustep: 1 
iter: 2  value: 2000.51 mgc: 3.390492e-06 ustep: 1 
iter: 3  mgc: 9.681145e-14 
outer mgc:  0.4492457 
iter: 1  value: 2000.508 mgc: 0.03001396 ustep: 1 
iter: 2  value: 2000.508 mgc: 3.391954e-06 ustep: 1 
iter: 3  mgc: 9.992007e-14 
outer mgc:  0.4458009 
iter: 1  value: 2000.508 mgc: 0.04863478 ustep: 1 
iter: 2  value: 2000.508 mgc: 8.988985e-06 ustep: 1 
iter: 3  mgc: 7.937401e-13 
outer mgc:  0.0939799 
iter: 1  value: 2000.51 mgc: 0.04862015 ustep: 1 
iter: 2  value: 2000.51 mgc: 8.9965e-06 ustep: 1 
iter: 3  mgc: 7.950446e-13 
outer mgc:  0.09346878 
iter: 1  value: 2000.508 mgc: 0.02488908 ustep: 1 
iter: 2  value: 2000.508 mgc: 2.678097e-06 ustep: 1 
iter: 3  mgc: 7.649437e-14 
outer mgc:  0.3244399 
iter: 1  value: 2000.509 mgc: 0.02488108 ustep: 1 
iter: 2  value: 2000.509 mgc: 2.677749e-06 ustep: 1 
iter: 3  mgc: 7.026324e-14 
outer mgc:  0.3250262 
iter: 1  value: 2000.51 mgc: 0.003871677 ustep: 1 
iter: 2  value: 2000.51 mgc: 4.463591e-07 ustep: 1 
iter: 3  mgc: 2.597922e-14 
outer mgc:  0.04168203 
iter: 1  value: 2000.508 mgc: 0.003869765 ustep: 1 
iter: 2  value: 2000.508 mgc: 4.463766e-07 ustep: 1 
iter: 3  mgc: 3.064216e-14 
outer mgc:  0.04091899 
iter: 1  value: 2000.508 mgc: 0.003838614 ustep: 1 
iter: 2  value: 2000.508 mgc: 5.297557e-07 ustep: 1 
iter: 3  mgc: 2.68674e-14 
outer mgc:  0.04489625 
iter: 1  value: 2000.51 mgc: 0.003833754 ustep: 1 
iter: 2  value: 2000.51 mgc: 5.284028e-07 ustep: 1 
iter: 3  mgc: 2.331468e-14 
outer mgc:  0.04494128 
iter: 1  value: 2000.508 mgc: 0.004521095 ustep: 1 
iter: 2  value: 2000.508 mgc: 6.062593e-07 ustep: 1 
iter: 3  mgc: 2.176037e-14 
outer mgc:  0.04679288 
iter: 1  value: 2000.509 mgc: 0.00451864 ustep: 1 
iter: 2  value: 2000.509 mgc: 6.058051e-07 ustep: 1 
iter: 3  mgc: 3.597123e-14 
outer mgc:  0.04691078 
iter: 1  value: 2000.505 mgc: 0.003931274 ustep: 1 
iter: 2  value: 2000.505 mgc: 3.968886e-07 ustep: 1 
iter: 3  mgc: 3.019807e-14 
outer mgc:  0.02700122 
iter: 1  value: 2000.512 mgc: 0.003927975 ustep: 1 
iter: 2  value: 2000.512 mgc: 3.964458e-07 ustep: 1 
iter: 3  mgc: 2.442491e-14 
outer mgc:  0.02728558 
iter: 1  value: 2000.509 mgc: 0.004284278 ustep: 1 
iter: 2  value: 2000.509 mgc: 7.544456e-07 ustep: 1 
iter: 3  mgc: 3.108624e-14 
outer mgc:  0.03937755 
iter: 1  value: 2000.509 mgc: 0.004283468 ustep: 1 
iter: 2  value: 2000.509 mgc: 7.538598e-07 ustep: 1 
iter: 3  mgc: 3.197442e-14 
outer mgc:  0.03898794 
iter: 1  value: 2000.508 mgc: 0.003991128 ustep: 1 
iter: 2  value: 2000.508 mgc: 2.059086e-07 ustep: 1 
iter: 3  mgc: 3.375078e-14 
outer mgc:  0.03983344 
iter: 1  value: 2000.51 mgc: 0.003988983 ustep: 1 
iter: 2  value: 2000.51 mgc: 2.054787e-07 ustep: 1 
iter: 3  mgc: 2.264855e-14 
outer mgc:  0.03897206 
iter: 1  value: 2000.515 mgc: 0.00992812 ustep: 1 
iter: 2  value: 2000.515 mgc: 2.224004e-06 ustep: 1 
iter: 3  mgc: 1.176836e-13 
outer mgc:  0.110189 
iter: 1  value: 2000.503 mgc: 0.009950208 ustep: 1 
iter: 2  value: 2000.503 mgc: 2.230975e-06 ustep: 1 
iter: 3  mgc: 1.221245e-13 
outer mgc:  0.1087535 
iter: 1  value: 2000.515 mgc: 0.006754204 ustep: 1 
iter: 2  value: 2000.515 mgc: 1.140699e-06 ustep: 1 
iter: 3  mgc: 9.148238e-14 
outer mgc:  0.07800038 
iter: 1  value: 2000.503 mgc: 0.006767645 ustep: 1 
iter: 2  value: 2000.503 mgc: 1.143355e-06 ustep: 1 
iter: 3  mgc: 9.192647e-14 
outer mgc:  0.07796666 
iter: 1  value: 2000.514 mgc: 0.006323854 ustep: 1 
iter: 2  value: 2000.514 mgc: 1.448735e-06 ustep: 1 
iter: 3  mgc: 8.082424e-14 
outer mgc:  0.09987846 
iter: 1  value: 2000.504 mgc: 0.006335751 ustep: 1 
iter: 2  value: 2000.504 mgc: 1.452242e-06 ustep: 1 
iter: 3  mgc: 8.038015e-14 
outer mgc:  0.09835548 
iter: 1  value: 2000.515 mgc: 0.00870453 ustep: 1 
iter: 2  value: 2000.515 mgc: 1.84736e-06 ustep: 1 
iter: 3  mgc: 1.452172e-13 
outer mgc:  0.1195261 
iter: 1  value: 2000.503 mgc: 0.008725196 ustep: 1 
iter: 2  value: 2000.503 mgc: 1.851664e-06 ustep: 1 
iter: 3  mgc: 1.429967e-13 
outer mgc:  0.1203554 
[Mon Aug 16 07:29:08 2021]
Finished job 0.
1 of 1 steps (100%) done
