Building DAG of jobs...
Using shell: /usr/bin/bash
Provided cores: 1 (use --cores to define parallelism)
Rules claiming more threads will be scaled down.
Job counts:
	count	jobs
	1	inference_simulation_TMB_multiple
	1

[Sat Aug 14 21:59:52 2021]
rule inference_simulation_TMB_multiple:
    input: ../data/assessing_models_simulation/datasets/multiple_GenerationJnorm2_10_100_10_5_0.01_NA_NA_NA_dataset1.RDS
    output: ../data/assessing_models_simulation/inference_results/TMB/nlminb/multiple_GenerationJnorm2_10_100_10_5_0.01_fullREDMsinglelambda_NA_NA_NA_dataset1.RDS
    log: logs/inference/nlminb/simulation_GenerationJnorm2_10_100_10_5_0.01_ModelfullREDMsinglelambda_NA_NA_NA_dataset1.log
    jobid: 0
    wildcards: optimiser=nlminb, datasetgeneration=GenerationJnorm2, n=10, nlambda=100, lmbda=10, d=5, beta_intensity=0.01, model=fullREDMsinglelambda, fixed_beta_intercept=NA, fixed_beta_slope=NA, sdRE_input=NA, itnum=1

Rscript 2_inference_TMB/run_TMB.R --input ../data/assessing_models_simulation/datasets/multiple_GenerationJnorm2_10_100_10_5_0.01_NA_NA_NA_dataset1.RDS --output ../data/assessing_models_simulation/inference_results/TMB/nlminb/multiple_GenerationJnorm2_10_100_10_5_0.01_fullREDMsinglelambda_NA_NA_NA_dataset1.RDS --model fullREDMsinglelambda --optimiser nlminb
Model: fullREDMsinglelambda 
Feature type: signatures 
Using nlminb: TRUE 
Simulation boolean: TRUE 
make: Nothing to be done for 'all'.
../data/assessing_models_simulation/datasets/multiple_GenerationJnorm2_10_100_10_5_0.01_NA_NA_NA_dataset1.RDS[1] "../data/assessing_models_simulation/datasets/multiple_GenerationJnorm2_10_100_10_5_0.01_NA_NA_NA_dataset1.RDS"
Reading file ../data/assessing_models_simulation/datasets/multiple_GenerationJnorm2_10_100_10_5_0.01_NA_NA_NA_dataset1.RDS 
Loading required package: nnet
# weights:  15 (8 variable)
initial  value 3167.373812 
iter  10 value 2864.401943
final  value 2859.320259 
converged
Order of parameters:
[1] "beta"       "u_large"    "logs_sd_RE" "cov_par_RE" "log_lambda"
Not matching template order:
[1] "beta"       "logs_sd_RE" "cov_par_RE" "log_lambda" "u_large"   
Your parameter list has been re-ordered.
(Disable this warning with checkParameterOrder=FALSE)
Constructing atomic invpd
Constructing atomic D_lgamma
Constructing atomic invpd
Constructing atomic D_lgamma
Constructing atomic matmul
Constructing atomic invpd
Constructing atomic D_lgamma
Constructing atomic matmul
Optimizing tape... Done
iter: 1  value: 2674.04 mgc: 4.616415 ustep: 1 
iter: 2  value: 2652.938 mgc: 4.695053 ustep: 0.8994163 
iter: 3  value: 2642.097 mgc: 5.485075 ustep: 0.9483808 
iter: 4  value: 2639.211 mgc: 3.220218 ustep: 0.8382098 
iter: 5  value: 2637.317 mgc: 3.383783 ustep: 0.9155464 
iter: 6  value: 2635.032 mgc: 2.4885 ustep: 0.9568462 
iter: 7  value: 2633.72 mgc: 1.690194 ustep: 0.9781873 
iter: 8  value: 2633.665 mgc: 0.3600955 ustep: 0.9890346 
iter: 9  value: 2633.665 mgc: 0.01029114 ustep: 0.9945028 
iter: 10  value: 2633.665 mgc: 6.820868e-05 ustep: 0.9972479 
iter: 11  value: 2633.665 mgc: 3.008006e-07 ustep: 0.9986231 
iter: 12  mgc: 7.403487e-10 
iter: 1  mgc: 7.403487e-10 
Matching hessian patterns... Done
outer mgc:  15.92774 
iter: 1  value: 2606.044 mgc: 1.442526 ustep: 1 
iter: 2  value: 2605.995 mgc: 0.3997449 ustep: 1 
iter: 3  value: 2605.995 mgc: 0.009055172 ustep: 1 
iter: 4  value: 2605.995 mgc: 5.876981e-06 ustep: 1 
iter: 5  mgc: 3.414047e-12 
iter: 1  mgc: 3.414047e-12 
outer mgc:  12.80377 
iter: 1  value: 2583.24 mgc: 1.115315 ustep: 1 
iter: 2  value: 2583.239 mgc: 0.05836915 ustep: 1 
iter: 3  value: 2583.239 mgc: 0.0002265674 ustep: 1 
iter: 4  mgc: 4.206981e-09 
iter: 1  value: 2568.927 mgc: 2.317844 ustep: 1 
iter: 2  value: 2568.924 mgc: 0.1161148 ustep: 1 
iter: 3  value: 2568.924 mgc: 0.0003849398 ustep: 1 
iter: 4  value: 2568.924 mgc: 1.470402e-08 ustep: 1 
mgc: 1.261404e-14 
iter: 1  mgc: 1.261404e-14 
outer mgc:  15.1475 
iter: 1  value: 2566.69 mgc: 7.43457 ustep: 1 
iter: 2  value: 2566.021 mgc: 0.6491504 ustep: 1 
iter: 3  value: 2566.02 mgc: 0.04138065 ustep: 1 
iter: 4  value: 2566.02 mgc: 0.0001536366 ustep: 1 
iter: 5  mgc: 1.94183e-09 
iter: 1  mgc: 1.94183e-09 
outer mgc:  12.21757 
iter: 1  value: 2557.221 mgc: 9.536622 ustep: 1 
iter: 2  value: 2554.521 mgc: 3.010828 ustep: 1 
iter: 3  value: 2554.508 mgc: 0.2691278 ustep: 1 
iter: 4  value: 2554.508 mgc: 0.00215996 ustep: 1 
iter: 5  value: 2554.508 mgc: 3.373227e-07 ustep: 1 
iter: 6  mgc: 7.993606e-15 
iter: 1  mgc: 7.993606e-15 
outer mgc:  15.57181 
iter: 1  value: 2547.932 mgc: 15.64618 ustep: 1 
iter: 2  value: 2547.684 mgc: 1.215119 ustep: 1 
iter: 3  value: 2547.684 mgc: 0.03807388 ustep: 1 
iter: 4  value: 2547.684 mgc: 0.0002862304 ustep: 1 
iter: 5  value: 2547.684 mgc: 1.623195e-08 ustep: 1 
mgc: 4.218847e-15 
iter: 1  value: 2540.326 mgc: 3.536698 ustep: 1 
iter: 2  value: 2540.278 mgc: 0.4849945 ustep: 1 
iter: 3  value: 2540.278 mgc: 0.0151246 ustep: 1 
iter: 4  value: 2540.278 mgc: 1.600964e-05 ustep: 1 
iter: 5  mgc: 1.808087e-11 
iter: 1  mgc: 1.808087e-11 
outer mgc:  7.641024 
iter: 1  value: 2533.48 mgc: 4.470329 ustep: 1 
iter: 2  value: 2533.479 mgc: 0.05341305 ustep: 1 
iter: 3  value: 2533.479 mgc: 7.223971e-05 ustep: 1 
iter: 4  mgc: 8.118151e-11 
iter: 1  mgc: 8.118151e-11 
outer mgc:  10.58547 
iter: 1  value: 2532.342 mgc: 6.452751 ustep: 1 
iter: 2  value: 2532.275 mgc: 0.3263289 ustep: 1 
iter: 3  value: 2532.275 mgc: 0.004871093 ustep: 1 
iter: 4  value: 2532.275 mgc: 4.824365e-07 ustep: 1 
iter: 5  mgc: 3.419487e-14 
iter: 1  value: 2531.294 mgc: 2.77594 ustep: 1 
iter: 2  value: 2531.292 mgc: 0.04117413 ustep: 1 
iter: 3  value: 2531.292 mgc: 8.142999e-05 ustep: 1 
iter: 4  mgc: 1.829796e-10 
iter: 1  mgc: 1.829796e-10 
outer mgc:  2.68693 
iter: 1  value: 2531.713 mgc: 2.092938 ustep: 1 
iter: 2  value: 2531.713 mgc: 0.03336235 ustep: 1 
iter: 3  value: 2531.713 mgc: 2.703682e-05 ustep: 1 
iter: 4  mgc: 1.928147e-11 
iter: 1  mgc: 1.928147e-11 
outer mgc:  5.561408 
iter: 1  value: 2530.189 mgc: 1.100191 ustep: 1 
iter: 2  value: 2530.188 mgc: 0.01183134 ustep: 1 
iter: 3  value: 2530.188 mgc: 3.425849e-06 ustep: 1 
iter: 4  mgc: 3.266276e-13 
iter: 1  mgc: 3.266276e-13 
outer mgc:  1.173044 
iter: 1  value: 2528.422 mgc: 1.039915 ustep: 1 
iter: 2  value: 2528.422 mgc: 0.00189111 ustep: 1 
iter: 3  value: 2528.422 mgc: 7.2606e-08 ustep: 1 
iter: 4  mgc: 5.107026e-15 
iter: 1  mgc: 5.107026e-15 
outer mgc:  1.340525 
iter: 1  value: 2527.389 mgc: 1.226569 ustep: 1 
iter: 2  value: 2527.389 mgc: 0.005875058 ustep: 1 
iter: 3  value: 2527.389 mgc: 1.534854e-06 ustep: 1 
iter: 4  mgc: 3.463896e-14 
iter: 1  mgc: 3.463896e-14 
outer mgc:  1.081929 
iter: 1  value: 2526.444 mgc: 0.9785369 ustep: 1 
iter: 2  value: 2526.444 mgc: 0.007597051 ustep: 1 
iter: 3  value: 2526.444 mgc: 8.606984e-07 ustep: 1 
iter: 4  mgc: 1.088019e-14 
iter: 1  mgc: 1.088019e-14 
outer mgc:  0.7195175 
iter: 1  value: 2525.36 mgc: 2.015331 ustep: 1 
iter: 2  value: 2525.36 mgc: 0.009350989 ustep: 1 
iter: 3  value: 2525.36 mgc: 2.011179e-06 ustep: 1 
iter: 4  mgc: 1.323386e-13 
iter: 1  mgc: 1.323386e-13 
outer mgc:  1.257491 
iter: 1  value: 2524.596 mgc: 2.592151 ustep: 1 
iter: 2  value: 2524.596 mgc: 0.006792783 ustep: 1 
iter: 3  value: 2524.596 mgc: 1.693141e-06 ustep: 1 
iter: 4  mgc: 1.153522e-13 
iter: 1  mgc: 1.153522e-13 
outer mgc:  0.6809178 
iter: 1  value: 2524.258 mgc: 2.502287 ustep: 1 
iter: 2  value: 2524.258 mgc: 0.001039235 ustep: 1 
iter: 3  value: 2524.258 mgc: 1.798964e-08 ustep: 1 
mgc: 5.77316e-15 
iter: 1  mgc: 5.77316e-15 
outer mgc:  1.321903 
iter: 1  value: 2523.634 mgc: 2.488491 ustep: 1 
iter: 2  value: 2523.634 mgc: 0.00191566 ustep: 1 
iter: 3  value: 2523.634 mgc: 1.190246e-07 ustep: 1 
iter: 4  mgc: 5.329071e-15 
iter: 1  mgc: 5.329071e-15 
outer mgc:  0.538249 
iter: 1  value: 2523.015 mgc: 3.830271 ustep: 1 
iter: 2  value: 2523.015 mgc: 0.003963074 ustep: 1 
iter: 3  value: 2523.015 mgc: 4.960724e-07 ustep: 1 
iter: 4  mgc: 7.993606e-15 
iter: 1  mgc: 7.993606e-15 
outer mgc:  0.8839484 
iter: 1  value: 2522.65 mgc: 4.669054 ustep: 1 
iter: 2  value: 2522.65 mgc: 0.003351891 ustep: 1 
iter: 3  value: 2522.65 mgc: 9.652123e-08 ustep: 1 
iter: 4  mgc: 7.549517e-15 
iter: 1  mgc: 7.549517e-15 
outer mgc:  0.3356557 
iter: 1  value: 2522.221 mgc: 3.133286 ustep: 1 
iter: 2  value: 2522.221 mgc: 0.002096187 ustep: 1 
iter: 3  value: 2522.221 mgc: 2.766482e-08 ustep: 1 
mgc: 7.160939e-15 
iter: 1  value: 2521.521 mgc: 4.573004 ustep: 1 
iter: 2  value: 2521.521 mgc: 0.00410166 ustep: 1 
iter: 3  value: 2521.521 mgc: 5.746853e-08 ustep: 1 
mgc: 1.09357e-14 
iter: 1  mgc: 1.09357e-14 
outer mgc:  0.5917871 
iter: 1  value: 2519.853 mgc: 5.610845 ustep: 1 
iter: 2  value: 2519.853 mgc: 0.003174202 ustep: 1 
iter: 3  value: 2519.853 mgc: 1.41007e-07 ustep: 1 
iter: 4  mgc: 1.282308e-14 
iter: 1  mgc: 1.282308e-14 
outer mgc:  0.3564774 
iter: 1  value: 2517.723 mgc: 7.073017 ustep: 1 
iter: 2  value: 2517.723 mgc: 0.004320294 ustep: 1 
iter: 3  value: 2517.723 mgc: 3.292474e-07 ustep: 1 
iter: 4  mgc: 1.421085e-14 
iter: 1  mgc: 1.421085e-14 
outer mgc:  0.3977081 
iter: 1  value: 2515.331 mgc: 7.379315 ustep: 1 
iter: 2  value: 2515.331 mgc: 0.01016209 ustep: 1 
iter: 3  value: 2515.331 mgc: 3.403143e-06 ustep: 1 
iter: 4  mgc: 3.339551e-13 
iter: 1  value: 2516.858 mgc: 2.127046 ustep: 1 
iter: 2  value: 2516.858 mgc: 0.001671318 ustep: 1 
iter: 3  value: 2516.858 mgc: 9.390715e-08 ustep: 1 
iter: 4  mgc: 1.026956e-14 
iter: 1  mgc: 1.026956e-14 
outer mgc:  0.2669352 
iter: 1  value: 2516.08 mgc: 2.949611 ustep: 1 
iter: 2  value: 2516.08 mgc: 0.00136707 ustep: 1 
iter: 3  value: 2516.08 mgc: 7.022886e-08 ustep: 1 
iter: 4  mgc: 2.742251e-14 
iter: 1  mgc: 2.742251e-14 
outer mgc:  0.2061816 
iter: 1  value: 2515.288 mgc: 1.946006 ustep: 1 
iter: 2  value: 2515.288 mgc: 0.0004544163 ustep: 1 
iter: 3  mgc: 8.464955e-09 
iter: 1  mgc: 8.464955e-09 
outer mgc:  0.247579 
iter: 1  value: 2514.611 mgc: 2.98539 ustep: 1 
iter: 2  value: 2514.611 mgc: 0.0001787541 ustep: 1 
iter: 3  mgc: 5.240752e-10 
iter: 1  value: 2513.094 mgc: 7.295234 ustep: 1 
iter: 2  value: 2513.094 mgc: 0.0008338328 ustep: 1 
iter: 3  value: 2513.094 mgc: 1.080525e-08 ustep: 1 
mgc: 2.331468e-14 
iter: 1  mgc: 2.331468e-14 
outer mgc:  0.09585168 
iter: 1  value: 2510.705 mgc: 13.36846 ustep: 1 
iter: 2  value: 2510.705 mgc: 0.001528444 ustep: 1 
iter: 3  value: 2510.705 mgc: 4.982097e-08 ustep: 1 
mgc: 4.152234e-14 
iter: 1  mgc: 4.152234e-14 
outer mgc:  0.3337705 
iter: 1  value: 2508.892 mgc: 24.47169 ustep: 1 
iter: 2  value: 2508.892 mgc: 0.001955271 ustep: 1 
iter: 3  value: 2508.892 mgc: 2.618814e-08 ustep: 1 
mgc: 5.617729e-14 
iter: 1  mgc: 5.617729e-14 
outer mgc:  0.12848 
iter: 1  value: 2507.247 mgc: 22.68923 ustep: 1 
iter: 2  value: 2507.247 mgc: 0.001002394 ustep: 1 
iter: 3  value: 2507.247 mgc: 1.283233e-08 ustep: 1 
mgc: 7.596701e-14 
iter: 1  mgc: 7.596701e-14 
outer mgc:  0.1231344 
iter: 1  value: 2505.666 mgc: 3.516975 ustep: 1 
iter: 2  value: 2505.666 mgc: 7.431255e-05 ustep: 1 
iter: 3  mgc: 1.032749e-10 
iter: 1  mgc: 1.032749e-10 
outer mgc:  0.1661566 
iter: 1  value: 2504.333 mgc: 15.3762 ustep: 1 
iter: 2  value: 2504.333 mgc: 0.0001527043 ustep: 1 
iter: 3  mgc: 3.438231e-10 
iter: 1  value: 2501.984 mgc: 43.38935 ustep: 1 
iter: 2  value: 2501.984 mgc: 0.0004901092 ustep: 1 
iter: 3  mgc: 5.028162e-09 
iter: 1  mgc: 5.028162e-09 
outer mgc:  0.2254502 
iter: 1  value: 2499.411 mgc: 62.50469 ustep: 1 
iter: 2  value: 2499.411 mgc: 0.0004325422 ustep: 1 
iter: 3  mgc: 2.485393e-09 
iter: 1  mgc: 2.485393e-09 
outer mgc:  0.06779974 
iter: 1  value: 2497.186 mgc: 45.88384 ustep: 1 
iter: 2  value: 2497.186 mgc: 0.0001458142 ustep: 1 
iter: 3  mgc: 2.360703e-10 
iter: 1  mgc: 2.360703e-10 
outer mgc:  0.05967397 
iter: 1  value: 2493.446 mgc: 108.1536 ustep: 1 
iter: 2  value: 2493.446 mgc: 0.000183252 ustep: 1 
iter: 3  mgc: 2.871132e-10 
iter: 1  mgc: 2.871132e-10 
outer mgc:  0.03447068 
iter: 1  value: 2490.212 mgc: 125.3334 ustep: 1 
iter: 2  value: 2490.212 mgc: 7.676906e-05 ustep: 1 
iter: 3  mgc: 1.834746e-10 
iter: 1  mgc: 1.834746e-10 
outer mgc:  0.01634974 
iter: 1  value: 2486.331 mgc: 222.2982 ustep: 1 
iter: 2  value: 2486.331 mgc: 9.290825e-05 ustep: 1 
iter: 3  mgc: 2.053484e-10 
iter: 1  mgc: 2.053484e-10 
outer mgc:  0.02618154 
iter: 1  value: 2483.092 mgc: 357.2201 ustep: 1 
iter: 2  value: 2483.092 mgc: 5.133908e-05 ustep: 1 
iter: 3  mgc: 8.035927e-11 
iter: 1  mgc: 8.035927e-11 
outer mgc:  0.02436881 
iter: 1  value: 2480.243 mgc: 660.5731 ustep: 1 
iter: 2  value: 2480.243 mgc: 4.771291e-05 ustep: 1 
iter: 3  mgc: 4.711009e-11 
iter: 1  mgc: 4.711009e-11 
outer mgc:  0.01773738 
iter: 1  value: 2475.992 mgc: 1817.273 ustep: 1 
iter: 2  value: 2475.992 mgc: 5.96121e-05 ustep: 1 
iter: 3  mgc: 9.228129e-11 
iter: 1  mgc: 9.228129e-11 
outer mgc:  0.04263935 
iter: 1  value: 2472.39 mgc: 3700.8 ustep: 1 
iter: 2  value: 2472.39 mgc: 3.661754e-05 ustep: 1 
iter: 3  mgc: 1.115239e-10 
iter: 1  mgc: 1.115239e-10 
outer mgc:  0.02197801 
iter: 1  value: 2469.363 mgc: 4866.874 ustep: 1 
iter: 2  value: 2469.363 mgc: 2.538015e-05 ustep: 1 
iter: 3  mgc: 1.161083e-10 
iter: 1  mgc: 1.161083e-10 
outer mgc:  0.007775176 
iter: 1  value: 2465.358 mgc: 8839.786 ustep: 1 
iter: 2  value: 2465.358 mgc: 2.15768e-05 ustep: 1 
iter: 3  mgc: 3.170968e-10 
iter: 1  mgc: 3.170968e-10 
outer mgc:  0.008585606 
iter: 1  value: 2461.991 mgc: 7388.97 ustep: 1 
iter: 2  value: 2461.991 mgc: 1.358298e-05 ustep: 1 
iter: 3  mgc: 8.023153e-10 
iter: 1  mgc: 8.023153e-10 
outer mgc:  0.005709415 
iter: 1  value: 2458.062 mgc: 15170.78 ustep: 1 
iter: 2  value: 2458.062 mgc: 1.030197e-05 ustep: 1 
iter: 3  mgc: 4.962786e-10 
iter: 1  mgc: 4.962786e-10 
outer mgc:  0.004343921 
iter: 1  value: 2454.771 mgc: 18531.11 ustep: 1 
iter: 2  value: 2454.771 mgc: 5.669864e-06 ustep: 1 
iter: 3  mgc: 1.317302e-09 
iter: 1  mgc: 1.317302e-09 
outer mgc:  0.002757264 
iter: 1  value: 2450.66 mgc: 49305.5 ustep: 1 
iter: 2  value: 2450.66 mgc: 5.709642e-06 ustep: 1 
iter: 3  mgc: 9.903735e-09 
iter: 1  mgc: 9.903735e-09 
outer mgc:  0.003042511 
iter: 1  value: 2447.247 mgc: 110527.2 ustep: 1 
iter: 2  value: 2447.247 mgc: 3.165607e-06 ustep: 1 
iter: 3  value: 2447.247 mgc: 1.475438e-08 ustep: 1 
mgc: 6.363427e-09 
iter: 1  mgc: 6.363427e-09 
outer mgc:  0.01266299 
iter: 1  value: 2441.711 mgc: 1316073 ustep: 1 
iter: 2  value: 2441.711 mgc: 1.129657e-05 ustep: 1 
iter: 3  value: 2441.711 mgc: 5.714966e-08 ustep: 1 
mgc: 4.683007e-08 
iter: 1  value: 2441.711 mgc: 4.683007e-08 ustep: 1 
mgc: 2.988286e-08 
outer mgc:  0.08559336 
iter: 1  value: 2433.838 mgc: 18087757 ustep: 1 
iter: 2  value: 2433.838 mgc: 9.034793e-05 ustep: 0.1336527 
iter: 3  value: 2433.838 mgc: 1.23848e-05 ustep: 0.05528862 
iter: 4  value: 2433.838 mgc: 9.938407e-06 ustep: 7.777013e-12 
mgc: 9.938224e-06 
iter: 1  value: 2438.011 mgc: 4266032 ustep: 1 
iter: 2  value: 2438.011 mgc: 2.803719e-05 ustep: 1 
iter: 3  value: 2438.011 mgc: 7.581792e-08 ustep: 1 
mgc: 1.037273e-07 
iter: 1  value: 2439.959 mgc: 1924665 ustep: 1 
iter: 2  value: 2439.959 mgc: 1.289454e-05 ustep: 1 
iter: 3  value: 2439.959 mgc: 5.633698e-08 ustep: 1 
mgc: 8.471482e-08 
iter: 1  value: 2440.893 mgc: 1240819 ustep: 1 
iter: 2  value: 2440.893 mgc: 7.97655e-06 ustep: 0.9999 
iter: 3  value: 2440.893 mgc: 4.832425e-08 ustep: 0.2653346 
mgc: 5.219437e-08 
iter: 1  value: 2441.335 mgc: 986390.1 ustep: 1 
iter: 2  value: 2441.335 mgc: 6.097826e-06 ustep: 1 
iter: 3  value: 2441.335 mgc: 9.155153e-08 ustep: 1 
mgc: 7.480901e-08 
iter: 1  value: 2441.54 mgc: 881564.2 ustep: 1 
iter: 2  value: 2441.54 mgc: 5.338615e-06 ustep: 1 
iter: 3  value: 2441.54 mgc: 9.252771e-08 ustep: 0.9999 
mgc: 1.979545e-08 
iter: 1  value: 2441.633 mgc: 836559.2 ustep: 1 
iter: 2  value: 2441.633 mgc: 4.970507e-06 ustep: 0.9999 
iter: 3  value: 2441.633 mgc: 3.706829e-08 ustep: 0.99995 
mgc: 6.387734e-08 
iter: 1  value: 2441.674 mgc: 816918.1 ustep: 1 
iter: 2  value: 2441.674 mgc: 4.854202e-06 ustep: 0.1336527 
iter: 3  value: 2441.674 mgc: 6.51162e-07 ustep: 0.3656489 
iter: 4  value: 2441.674 mgc: 2.013237e-07 ustep: 0.6047286 
iter: 5  value: 2441.674 mgc: 7.390521e-08 ustep: 0.7776652 
iter: 6  value: 2441.674 mgc: 2.469222e-08 ustep: 0.8818651 
mgc: 2.074965e-08 
iter: 1  value: 2441.693 mgc: 808290 ustep: 1 
iter: 2  value: 2441.693 mgc: 4.811407e-06 ustep: 1 
iter: 3  value: 2441.693 mgc: 4.457211e-08 ustep: 1 
mgc: 4.010194e-08 
iter: 1  value: 2441.701 mgc: 804485.5 ustep: 1 
iter: 2  value: 2441.701 mgc: 4.779647e-06 ustep: 1 
iter: 3  value: 2441.701 mgc: 6.918959e-08 ustep: 1 
mgc: 7.345473e-08 
iter: 1  value: 2441.705 mgc: 802798.5 ustep: 1 
iter: 2  value: 2441.705 mgc: 4.79123e-06 ustep: 1 
iter: 3  value: 2441.705 mgc: 5.000032e-08 ustep: 0.9999 
mgc: 8.455236e-08 
iter: 1  value: 2441.706 mgc: 802032.1 ustep: 1 
iter: 2  value: 2441.706 mgc: 4.726301e-06 ustep: 0.9999 
iter: 3  value: 2441.706 mgc: 6.600207e-08 ustep: 0.99995 
mgc: 6.992434e-08 
iter: 1  value: 2441.707 mgc: 801611.3 ustep: 1 
iter: 2  value: 2441.707 mgc: 4.820535e-06 ustep: 1 
iter: 3  value: 2441.707 mgc: 2.241973e-08 ustep: 1 
mgc: 5.985731e-08 
iter: 1  value: 2441.709 mgc: 395479.9 ustep: 1 
iter: 2  value: 2441.709 mgc: 1.198844e-06 ustep: 0.9999 
iter: 3  value: 2441.709 mgc: 4.059087e-08 ustep: 0.9152321 
mgc: 3.371191e-08 
iter: 1  value: 2441.71 mgc: 178793.6 ustep: 1 
iter: 2  value: 2441.71 mgc: 2.99377e-07 ustep: 1 
iter: 3  value: 2441.71 mgc: 9.423437e-08 ustep: 1 
mgc: 2.916173e-08 
iter: 1  value: 2441.711 mgc: 81909.04 ustep: 1 
iter: 2  value: 2441.711 mgc: 7.262346e-08 ustep: 1 
mgc: 2.155517e-08 
iter: 1  value: 2441.711 mgc: 37804.88 ustep: 1 
iter: 2  value: 2441.711 mgc: 3.31272e-08 ustep: 1 
mgc: 7.014601e-08 
iter: 1  value: 2441.711 mgc: 17439.31 ustep: 1 
iter: 2  value: 2441.711 mgc: 4.392501e-08 ustep: 1 
mgc: 4.779056e-08 
iter: 1  value: 2441.711 mgc: 8036.418 ustep: 1 
iter: 2  value: 2441.711 mgc: 8.540027e-08 ustep: 1 
mgc: 6.089569e-08 
iter: 1  value: 2441.711 mgc: 3694.879 ustep: 1 
iter: 2  value: 2441.711 mgc: 6.26461e-08 ustep: 0.9999 
mgc: 3.2208e-08 
iter: 1  value: 2441.711 mgc: 1650.653 ustep: 1 
iter: 2  value: 2441.711 mgc: 4.422357e-08 ustep: 1 
mgc: 4.501809e-08 
iter: 1  value: 2441.711 mgc: 727.1336 ustep: 1 
iter: 2  value: 2441.711 mgc: 6.638507e-08 ustep: 1 
mgc: 2.550948e-08 
iter: 1  value: 2441.711 mgc: 333.061 ustep: 1 
iter: 2  value: 2441.711 mgc: 3.359884e-08 ustep: 1 
mgc: 4.205867e-08 
iter: 1  value: 2441.711 mgc: 0.02315031 ustep: 1 
mgc: 6.338051e-08 
iter: 1  value: 2441.711 mgc: 0.002315082 ustep: 1 
mgc: 6.724189e-08 
iter: 1  value: 2441.711 mgc: 0.0002315201 ustep: 0.9999 
mgc: 3.612037e-08 
iter: 1  value: 2441.711 mgc: 2.314932e-05 ustep: 1 
mgc: 2.086024e-08 
iter: 1  value: 2441.711 mgc: 2.34815e-06 ustep: 1 
mgc: 1.498284e-08 
iter: 1  value: 2441.711 mgc: 2.596172e-07 ustep: 1 
mgc: 3.55146e-08 
iter: 1  value: 2441.711 mgc: 4.683007e-08 ustep: 1 
mgc: 2.988286e-08 
iter: 1  value: 2441.711 mgc: 4.683007e-08 ustep: 1 
mgc: 2.988286e-08 
outer mgc:  0.08559336 
iter: 1  value: 2441.711 mgc: 0.005859401 ustep: 1 
iter: 2  value: 2441.711 mgc: 9.554882e-07 ustep: 1 
iter: 3  value: 2441.711 mgc: 2.749366e-08 ustep: 1 
mgc: 1.993339e-08 
outer mgc:  0.2410834 
iter: 1  value: 2441.711 mgc: 0.005856036 ustep: 1 
iter: 2  value: 2441.711 mgc: 9.570033e-07 ustep: 1 
iter: 3  value: 2441.711 mgc: 4.169463e-08 ustep: 1 
mgc: 3.920747e-08 
outer mgc:  0.05620005 
iter: 1  value: 2441.711 mgc: 0.00356359 ustep: 1 
iter: 2  value: 2441.711 mgc: 3.445854e-07 ustep: 1 
iter: 3  value: 2441.711 mgc: 5.320623e-08 ustep: 1 
mgc: 4.337732e-08 
outer mgc:  0.05354174 
iter: 1  value: 2441.711 mgc: 0.003562895 ustep: 1 
iter: 2  value: 2441.711 mgc: 3.444419e-07 ustep: 1 
iter: 3  value: 2441.711 mgc: 2.777331e-08 ustep: 1 
mgc: 4.307689e-08 
outer mgc:  0.03876164 
iter: 1  value: 2441.712 mgc: 0.005293684 ustep: 1 
iter: 2  value: 2441.712 mgc: 1.003707e-07 ustep: 1 
iter: 3  value: 2441.712 mgc: 3.63596e-08 ustep: 1 
mgc: 2.616681e-08 
outer mgc:  0.03192389 
iter: 1  value: 2441.71 mgc: 0.005289444 ustep: 1 
iter: 2  value: 2441.71 mgc: 1.001327e-07 ustep: 0.9999 
iter: 3  value: 2441.71 mgc: 4.564836e-08 ustep: 0.99995 
mgc: 3.045969e-08 
outer mgc:  0.07218329 
iter: 1  value: 2441.712 mgc: 0.002745634 ustep: 1 
iter: 2  value: 2441.712 mgc: 4.341749e-08 ustep: 0.989901 
iter: 3  value: 2441.712 mgc: 6.369437e-08 ustep: 0.9949382 
mgc: 4.842073e-08 
outer mgc:  0.2308955 
iter: 1  value: 2441.711 mgc: 0.002743639 ustep: 1 
iter: 2  value: 2441.711 mgc: 4.327528e-08 ustep: 1 
iter: 3  value: 2441.711 mgc: 4.887284e-08 ustep: 0.989901 
mgc: 8.444578e-08 
outer mgc:  0.02652466 
iter: 1  value: 2441.711 mgc: 0.007141228 ustep: 1 
iter: 2  value: 2441.711 mgc: 6.615303e-07 ustep: 1 
iter: 3  value: 2441.711 mgc: 3.398092e-08 ustep: 1 
mgc: 5.289964e-08 
outer mgc:  0.02565686 
iter: 1  value: 2441.711 mgc: 0.007140754 ustep: 1 
iter: 2  value: 2441.711 mgc: 6.625078e-07 ustep: 1 
iter: 3  value: 2441.711 mgc: 2.644889e-08 ustep: 1 
mgc: 4.430487e-08 
outer mgc:  0.1046081 
iter: 1  value: 2441.711 mgc: 0.003527841 ustep: 1 
iter: 2  value: 2441.711 mgc: 1.513108e-07 ustep: 1 
iter: 3  value: 2441.711 mgc: 8.819116e-08 ustep: 1 
mgc: 3.504059e-08 
outer mgc:  0.207424 
iter: 1  value: 2441.711 mgc: 0.003528359 ustep: 1 
iter: 2  value: 2441.711 mgc: 1.356553e-07 ustep: 1 
iter: 3  value: 2441.711 mgc: 5.545982e-08 ustep: 1 
mgc: 5.188216e-08 
outer mgc:  0.1005443 
iter: 1  value: 2441.711 mgc: 0.002571445 ustep: 1 
iter: 2  value: 2441.711 mgc: 9.953927e-08 ustep: 1 
iter: 3  value: 2441.711 mgc: 5.552993e-08 ustep: 1 
mgc: 2.601629e-08 
outer mgc:  0.08372304 
iter: 1  value: 2441.712 mgc: 0.002569276 ustep: 1 
iter: 2  value: 2441.712 mgc: 1.382044e-07 ustep: 1 
iter: 3  value: 2441.712 mgc: 6.345842e-08 ustep: 1 
mgc: 3.459361e-08 
outer mgc:  0.05432356 
iter: 1  value: 2441.711 mgc: 0.001469599 ustep: 1 
iter: 2  value: 2441.711 mgc: 4.834849e-08 ustep: 1 
mgc: 5.20015e-08 
outer mgc:  0.08325696 
iter: 1  value: 2441.711 mgc: 0.001468398 ustep: 1 
iter: 2  value: 2441.711 mgc: 3.285344e-08 ustep: 1 
mgc: 3.663845e-08 
outer mgc:  0.1973946 
iter: 1  value: 2441.715 mgc: 13766.11 ustep: 1 
iter: 2  value: 2441.715 mgc: 7.15752e-07 ustep: 1 
iter: 3  value: 2441.715 mgc: 7.410522e-08 ustep: 1 
mgc: 4.221054e-08 
outer mgc:  0.02384486 
iter: 1  value: 2441.707 mgc: 13779.88 ustep: 1 
iter: 2  value: 2441.707 mgc: 7.177526e-07 ustep: 1 
iter: 3  value: 2441.707 mgc: 4.320162e-08 ustep: 1 
mgc: 2.113814e-08 
outer mgc:  0.07574785 
iter: 1  value: 2441.721 mgc: 249315.9 ustep: 1 
iter: 2  value: 2441.721 mgc: 5.219034e-07 ustep: 1 
iter: 3  value: 2441.721 mgc: 5.873971e-08 ustep: 1 
mgc: 3.134288e-08 
outer mgc:  0.2129069 
iter: 1  value: 2441.701 mgc: 250065 ustep: 1 
iter: 2  value: 2441.701 mgc: 4.375014e-07 ustep: 0.9999 
iter: 3  value: 2441.701 mgc: 4.859348e-08 ustep: 0.99995 
mgc: 3.431329e-08 
outer mgc:  0.04884278 
iter: 1  value: 2441.715 mgc: 260367.6 ustep: 1 
iter: 2  value: 2441.715 mgc: 7.461668e-07 ustep: 1 
iter: 3  value: 2441.715 mgc: 3.415013e-08 ustep: 1 
mgc: 3.94475e-08 
outer mgc:  0.05182575 
iter: 1  value: 2441.707 mgc: 260628.1 ustep: 1 
iter: 2  value: 2441.707 mgc: 8.01401e-07 ustep: 1 
iter: 3  value: 2441.707 mgc: 7.667655e-08 ustep: 1 
mgc: 3.410214e-08 
outer mgc:  0.2059904 
iter: 1  value: 2441.72 mgc: 1851.751 ustep: 1 
iter: 2  value: 2441.72 mgc: 1.973679e-07 ustep: 1 
iter: 3  value: 2441.72 mgc: 3.298689e-08 ustep: 1 
mgc: 4.994133e-08 
outer mgc:  0.1266451 
iter: 1  value: 2441.703 mgc: 1853.604 ustep: 1 
iter: 2  value: 2441.703 mgc: 1.972016e-07 ustep: 1 
iter: 3  value: 2441.703 mgc: 3.515827e-08 ustep: 1 
mgc: 4.178426e-08 
outer mgc:  0.09509064 
iter: 1  value: 2441.71 mgc: 232712.6 ustep: 1 
iter: 2  value: 2441.71 mgc: 4.024362e-07 ustep: 0.9999 
iter: 3  value: 2441.71 mgc: 2.59319e-08 ustep: 0.9928299 
mgc: 7.055522e-08 
outer mgc:  0.1164735 
iter: 1  value: 2441.712 mgc: 232427.1 ustep: 1 
iter: 2  value: 2441.712 mgc: 3.443738e-07 ustep: 0.9999 
iter: 3  value: 2441.712 mgc: 5.242171e-08 ustep: 0.99995 
mgc: 4.82787e-08 
outer mgc:  0.02013237 
iter: 1  value: 2441.711 mgc: 2021.877 ustep: 1 
iter: 2  value: 2441.711 mgc: 6.993361e-08 ustep: 1 
mgc: 4.600162e-08 
outer mgc:  0.1044081 
iter: 1  value: 2441.711 mgc: 2021.865 ustep: 1 
iter: 2  value: 2441.711 mgc: 4.465115e-08 ustep: 1 
mgc: 6.050244e-08 
outer mgc:  0.07446364 
iter: 1  value: 2441.711 mgc: 553.1528 ustep: 1 
iter: 2  value: 2441.711 mgc: 5.359534e-08 ustep: 1 
mgc: 4.564431e-08 
outer mgc:  0.1129424 
iter: 1  value: 2441.711 mgc: 553.1444 ustep: 1 
iter: 2  value: 2441.711 mgc: 4.387344e-08 ustep: 1 
mgc: 6.913885e-08 
outer mgc:  0.01178653 
iter: 1  value: 2441.711 mgc: 24.22829 ustep: 1 
iter: 2  value: 2441.711 mgc: 6.128311e-08 ustep: 1 
mgc: 3.340142e-08 
outer mgc:  0.05535651 
iter: 1  value: 2441.711 mgc: 24.22812 ustep: 1 
iter: 2  value: 2441.711 mgc: 4.853879e-08 ustep: 1 
mgc: 6.625294e-08 
outer mgc:  0.1637223 
iter: 1  value: 2441.711 mgc: 23.31236 ustep: 1 
iter: 2  value: 2441.711 mgc: 5.899123e-08 ustep: 1 
mgc: 2.469339e-08 
outer mgc:  0.01420539 
iter: 1  value: 2441.711 mgc: 23.31213 ustep: 1 
iter: 2  value: 2441.711 mgc: 4.574532e-08 ustep: 1 
mgc: 4.095243e-08 
outer mgc:  0.07132333 
iter: 1  value: 2441.711 mgc: 22.19538 ustep: 1 
iter: 2  value: 2441.711 mgc: 4.178928e-08 ustep: 0.9999 
mgc: 4.028516e-08 
outer mgc:  0.05599309 
iter: 1  value: 2441.711 mgc: 22.19621 ustep: 1 
iter: 2  value: 2441.711 mgc: 6.982413e-08 ustep: 1 
mgc: 3.97993e-08 
outer mgc:  0.1203755 
iter: 1  value: 2441.707 mgc: 0.00350881 ustep: 1 
iter: 2  value: 2441.707 mgc: 1.586155e-07 ustep: 1 
iter: 3  value: 2441.707 mgc: 7.298956e-08 ustep: 1 
mgc: 4.678885e-08 
outer mgc:  0.2880467 
iter: 1  value: 2441.715 mgc: 0.003506997 ustep: 1 
iter: 2  value: 2441.715 mgc: 1.602477e-07 ustep: 1 
iter: 3  value: 2441.715 mgc: 1.754669e-08 ustep: 1 
mgc: 8.443703e-08 
outer mgc:  0.2025539 
[Sat Aug 14 21:59:55 2021]
Finished job 0.
1 of 1 steps (100%) done
