Building DAG of jobs...
Using shell: /usr/bin/bash
Provided cores: 1 (use --cores to define parallelism)
Rules claiming more threads will be scaled down.
Job counts:
	count	jobs
	1	inference_simulation_TMB_multiple
	1

[Mon Aug 16 08:22:15 2021]
rule inference_simulation_TMB_multiple:
    input: ../data/assessing_models_simulation/datasets/multiple_GenerationJnorm3_100_100_10_4_0.05_NA_NA_NA_dataset1.RDS
    output: ../data/assessing_models_simulation/inference_results/TMB/nlminb/multiple_GenerationJnorm3_100_100_10_4_0.05_diagREDM_NA_NA_NA_dataset1.RDS
    log: logs/inference/nlminb/simulation_GenerationJnorm3_100_100_10_4_0.05_ModeldiagREDM_NA_NA_NA_dataset1.log
    jobid: 0
    wildcards: optimiser=nlminb, datasetgeneration=GenerationJnorm3, n=100, nlambda=100, lmbda=10, d=4, beta_intensity=0.05, model=diagREDM, fixed_beta_intercept=NA, fixed_beta_slope=NA, sdRE_input=NA, itnum=1

Rscript 2_inference_TMB/run_TMB.R --input ../data/assessing_models_simulation/datasets/multiple_GenerationJnorm3_100_100_10_4_0.05_NA_NA_NA_dataset1.RDS --output ../data/assessing_models_simulation/inference_results/TMB/nlminb/multiple_GenerationJnorm3_100_100_10_4_0.05_diagREDM_NA_NA_NA_dataset1.RDS --model diagREDM --optimiser nlminb
Model: diagREDM 
Feature type: signatures 
Using nlminb: TRUE 
Simulation boolean: TRUE 
make: Nothing to be done for 'all'.
../data/assessing_models_simulation/datasets/multiple_GenerationJnorm3_100_100_10_4_0.05_NA_NA_NA_dataset1.RDS[1] "../data/assessing_models_simulation/datasets/multiple_GenerationJnorm3_100_100_10_4_0.05_NA_NA_NA_dataset1.RDS"
Reading file ../data/assessing_models_simulation/datasets/multiple_GenerationJnorm3_100_100_10_4_0.05_NA_NA_NA_dataset1.RDS 
Loading required package: nnet
# weights:  12 (6 variable)
initial  value 27610.824790 
iter  10 value 26435.116759
final  value 26435.047953 
converged
Constructing atomic invpd
Constructing atomic D_lgamma
Constructing atomic invpd
Constructing atomic D_lgamma
Constructing atomic matmul
Constructing atomic invpd
Constructing atomic D_lgamma
Constructing atomic matmul
Optimizing tape... Done
iter: 1  value: 34447.44 mgc: 88.20166 ustep: 0.4367355 
iter: 2  value: 28761.15 mgc: 95.99059 ustep: 0.04054532 
iter: 3  value: 26824.61 mgc: 50.87667 ustep: 0.04080593 
iter: 4  value: 25608.46 mgc: 51.52694 ustep: 0.05173113 
iter: 5  value: 24913.93 mgc: 56.82026 ustep: 0.06846057 
iter: 6  value: 24531.4 mgc: 30.15713 ustep: 0.09728575 
iter: 7  value: 24401.49 mgc: 21.10151 ustep: 0.1705105 
iter: 8  value: 24341.69 mgc: 55.41268 ustep: 0.4129879 
iter: 9  value: 24328.66 mgc: 20.26286 ustep: 0.6426771 
iter: 10  value: 24327.36 mgc: 5.436035 ustep: 0.8016912 
iter: 11  value: 24327.31 mgc: 0.9479009 ustep: 0.8953826 
iter: 12  value: 24327.31 mgc: 0.05386816 ustep: 0.946252 
iter: 13  value: 24327.31 mgc: 0.0005253915 ustep: 0.9727576 
iter: 14  value: 24327.31 mgc: 1.836805e-06 ustep: 0.125343 
iter: 15  value: 24327.31 mgc: 8.569923e-07 ustep: 0.0004263426 
mgc: 8.540866e-07 
iter: 1  value: 24327.31 mgc: 8.540866e-07 ustep: 1 
iter: 2  mgc: 5.959299e-12 
Matching hessian patterns... Done
outer mgc:  280.2602 
iter: 1  value: 24375.82 mgc: 36.16829 ustep: 1 
iter: 2  value: 24363.8 mgc: 4.813092 ustep: 1 
iter: 3  value: 24363.79 mgc: 0.1526132 ustep: 1 
iter: 4  value: 24363.79 mgc: 0.0006230587 ustep: 1 
iter: 5  value: 24363.79 mgc: 1.225086e-08 ustep: 1 
mgc: 7.241235e-12 
iter: 1  value: 24226.85 mgc: 17.48842 ustep: 1 
iter: 2  value: 24226.33 mgc: 0.9265235 ustep: 1 
iter: 3  value: 24226.33 mgc: 0.00829313 ustep: 1 
iter: 4  value: 24226.33 mgc: 1.846287e-06 ustep: 1 
iter: 5  mgc: 7.550752e-12 
iter: 1  mgc: 7.550752e-12 
outer mgc:  106.2474 
iter: 1  value: 24198.72 mgc: 10.03137 ustep: 1 
iter: 2  value: 24198.6 mgc: 0.336758 ustep: 1 
iter: 3  value: 24198.6 mgc: 0.001346139 ustep: 1 
iter: 4  value: 24198.6 mgc: 4.393897e-08 ustep: 0.4367355 
iter: 5  mgc: 6.196281e-09 
iter: 1  mgc: 6.196281e-09 
outer mgc:  145.2593 
iter: 1  value: 24183.2 mgc: 17.38668 ustep: 1 
iter: 2  value: 24182.53 mgc: 1.007713 ustep: 1 
iter: 3  value: 24182.53 mgc: 0.008800742 ustep: 1 
iter: 4  value: 24182.53 mgc: 2.105265e-06 ustep: 0.989901 
iter: 5  mgc: 2.11642e-09 
iter: 1  mgc: 2.11642e-09 
outer mgc:  179.31 
iter: 1  value: 24139.59 mgc: 7.337081 ustep: 1 
iter: 2  value: 24139.55 mgc: 0.1775493 ustep: 1 
iter: 3  value: 24139.55 mgc: 0.0003424811 ustep: 1 
iter: 4  mgc: 2.510806e-09 
iter: 1  mgc: 2.510806e-09 
outer mgc:  33.26712 
iter: 1  value: 24120.87 mgc: 10.73203 ustep: 1 
iter: 2  value: 24120.52 mgc: 0.623407 ustep: 1 
iter: 3  value: 24120.52 mgc: 0.004323988 ustep: 1 
iter: 4  value: 24120.52 mgc: 4.48998e-07 ustep: 1 
iter: 5  mgc: 6.502521e-12 
iter: 1  mgc: 6.502521e-12 
outer mgc:  113.6607 
iter: 1  value: 24088.57 mgc: 15.45289 ustep: 1 
iter: 2  value: 24087.6 mgc: 1.155923 ustep: 1 
iter: 3  value: 24087.6 mgc: 0.01586593 ustep: 1 
iter: 4  value: 24087.6 mgc: 6.190629e-06 ustep: 0.9999 
iter: 5  mgc: 7.83531e-11 
iter: 1  mgc: 7.83531e-11 
outer mgc:  124.9642 
iter: 1  value: 24084.15 mgc: 20.10151 ustep: 1 
iter: 2  value: 24080.03 mgc: 2.236097 ustep: 1 
iter: 3  value: 24080.03 mgc: 0.05174255 ustep: 1 
iter: 4  value: 24080.03 mgc: 4.786766e-05 ustep: 0.004471122 
iter: 5  value: 24080.03 mgc: 4.385235e-05 ustep: 0.008623348 
iter: 6  value: 24080.03 mgc: 3.73681e-05 ustep: 0.02409028 
iter: 7  value: 24080.03 mgc: 2.534878e-05 ustep: 0.08091353 
iter: 8  value: 24080.03 mgc: 1.394425e-05 ustep: 0.2845246 
iter: 9  value: 24080.03 mgc: 4.04583e-06 ustep: 0.5334551 
iter: 10  value: 24080.03 mgc: 8.546339e-07 ustep: 0.4807285 
iter: 11  value: 24080.03 mgc: 2.183598e-07 ustep: 0.4462195 
iter: 12  value: 24080.03 mgc: 7.526063e-08 ustep: 0.06656853 
Not improving much - will try early exit...PD hess?: TRUE 
mgc: 6.442018e-08 
iter: 1  value: 24080.03 mgc: 6.442018e-08 ustep: 0.002237842 
mgc: 6.408101e-08 
outer mgc:  214.1671 
iter: 1  value: 24043.51 mgc: 19.03635 ustep: 1 
iter: 2  value: 24042.39 mgc: 1.401872 ustep: 1 
iter: 3  value: 24042.39 mgc: 0.01908653 ustep: 1 
iter: 4  value: 24042.39 mgc: 7.230457e-06 ustep: 1 
iter: 5  mgc: 3.580691e-12 
iter: 1  mgc: 3.580691e-12 
outer mgc:  104.9188 
iter: 1  value: 24039.61 mgc: 10.46863 ustep: 1 
iter: 2  value: 24039.52 mgc: 0.4022432 ustep: 1 
iter: 3  value: 24039.52 mgc: 0.00167702 ustep: 1 
iter: 4  value: 24039.52 mgc: 4.999141e-08 ustep: 1 
mgc: 3.169243e-12 
iter: 1  mgc: 3.169243e-12 
outer mgc:  138.1205 
iter: 1  value: 24025.3 mgc: 6.868413 ustep: 1 
iter: 2  value: 24025.29 mgc: 0.1208251 ustep: 1 
iter: 3  value: 24025.29 mgc: 0.0002124479 ustep: 1 
iter: 4  mgc: 7.853636e-10 
iter: 1  mgc: 7.853636e-10 
outer mgc:  17.02194 
iter: 1  value: 24021.67 mgc: 2.757291 ustep: 1 
iter: 2  value: 24021.67 mgc: 0.03114753 ustep: 1 
iter: 3  value: 24021.67 mgc: 1.044815e-05 ustep: 1 
iter: 4  mgc: 2.805756e-12 
iter: 1  mgc: 2.805756e-12 
outer mgc:  46.68781 
iter: 1  value: 24008.01 mgc: 3.416494 ustep: 1 
iter: 2  value: 24008 mgc: 0.04379032 ustep: 1 
iter: 3  value: 24008 mgc: 2.906652e-05 ustep: 1 
iter: 4  mgc: 2.290435e-11 
iter: 1  value: 23948.56 mgc: 12.69442 ustep: 1 
iter: 2  value: 23948.2 mgc: 0.6372424 ustep: 1 
iter: 3  value: 23948.2 mgc: 0.007224085 ustep: 1 
iter: 4  value: 23948.2 mgc: 1.781792e-06 ustep: 1 
iter: 5  mgc: 6.044054e-13 
iter: 1  value: 23513.02 mgc: 9.852073 ustep: 1 
iter: 2  value: 23482.21 mgc: 5.460825 ustep: 1 
iter: 3  value: 23481.89 mgc: 0.5744326 ustep: 1 
iter: 4  value: 23481.89 mgc: 0.01918548 ustep: 1 
iter: 5  value: 23481.89 mgc: 2.552747e-05 ustep: 1 
iter: 6  mgc: 4.479495e-11 
iter: 1  mgc: 4.479495e-11 
outer mgc:  110.607 
iter: 1  value: 34551.98 mgc: 5.328386 ustep: 1 
iter: 2  value: 34529.71 mgc: 2.786018 ustep: 1 
iter: 3  value: 34529.43 mgc: 0.4493845 ustep: 1 
iter: 4  value: 34529.43 mgc: 0.005783927 ustep: 1 
iter: 5  value: 34529.43 mgc: 3.499852e-06 ustep: 1 
iter: 6  mgc: 1.044609e-12 
iter: 1  value: 23822.75 mgc: 4.062455 ustep: 1 
iter: 2  value: 23821.1 mgc: 0.7317718 ustep: 1 
iter: 3  value: 23821.1 mgc: 0.03122642 ustep: 1 
iter: 4  value: 23821.1 mgc: 8.686044e-05 ustep: 1 
iter: 5  mgc: 7.053965e-10 
iter: 1  value: 23465.28 mgc: 2.364852 ustep: 1 
iter: 2  value: 23465.17 mgc: 0.1424443 ustep: 1 
iter: 3  value: 23465.17 mgc: 0.001697648 ustep: 1 
iter: 4  value: 23465.17 mgc: 2.822849e-07 ustep: 1 
iter: 5  mgc: 1.021405e-14 
iter: 1  mgc: 1.021405e-14 
outer mgc:  74.44002 
iter: 1  value: 23427.21 mgc: 3.073434 ustep: 1 
iter: 2  value: 23425.46 mgc: 0.735477 ustep: 1 
iter: 3  value: 23425.46 mgc: 0.0281097 ustep: 1 
iter: 4  value: 23425.46 mgc: 7.903915e-05 ustep: 1 
iter: 5  mgc: 6.382409e-10 
iter: 1  mgc: 6.382409e-10 
outer mgc:  29.78107 
iter: 1  value: 23398.31 mgc: 2.199746 ustep: 1 
iter: 2  value: 23397.3 mgc: 0.4883446 ustep: 1 
iter: 3  value: 23397.3 mgc: 0.01378936 ustep: 1 
iter: 4  value: 23397.3 mgc: 1.69279e-05 ustep: 1 
iter: 5  mgc: 2.674772e-11 
iter: 1  mgc: 2.674772e-11 
outer mgc:  15.4834 
iter: 1  value: 23382.48 mgc: 1.095433 ustep: 1 
iter: 2  value: 23382.48 mgc: 0.05913377 ustep: 1 
iter: 3  value: 23382.48 mgc: 0.0001502842 ustep: 1 
iter: 4  mgc: 9.547965e-10 
iter: 1  mgc: 9.547965e-10 
outer mgc:  23.50769 
iter: 1  value: 23378.03 mgc: 3.184825 ustep: 1 
iter: 2  value: 23377.98 mgc: 0.1205136 ustep: 1 
iter: 3  value: 23377.98 mgc: 0.0005854647 ustep: 1 
iter: 4  value: 23377.98 mgc: 2.474359e-08 ustep: 1 
iter: 5  mgc: 6.716849e-15 
iter: 1  mgc: 6.716849e-15 
outer mgc:  37.48085 
iter: 1  value: 23351.52 mgc: 2.472562 ustep: 1 
iter: 2  value: 23351.48 mgc: 0.1343711 ustep: 1 
iter: 3  value: 23351.48 mgc: 0.0003226688 ustep: 1 
iter: 4  mgc: 3.612531e-09 
iter: 1  mgc: 3.612531e-09 
outer mgc:  21.97164 
iter: 1  value: 23365.02 mgc: 1.984356 ustep: 1 
iter: 2  value: 23364.99 mgc: 0.08431553 ustep: 1 
iter: 3  value: 23364.99 mgc: 0.0003850609 ustep: 1 
iter: 4  mgc: 9.59164e-09 
iter: 1  mgc: 9.59164e-09 
outer mgc:  13.93131 
iter: 1  value: 23361.03 mgc: 2.362731 ustep: 1 
iter: 2  value: 23360.87 mgc: 0.1632507 ustep: 1 
iter: 3  value: 23360.87 mgc: 0.001197475 ustep: 1 
iter: 4  value: 23360.87 mgc: 7.623375e-08 ustep: 1 
iter: 5  mgc: 5.995204e-15 
iter: 1  value: 23358.24 mgc: 0.6532952 ustep: 1 
iter: 2  value: 23358.24 mgc: 0.02141985 ustep: 1 
iter: 3  value: 23358.24 mgc: 1.794478e-05 ustep: 1 
iter: 4  mgc: 2.129885e-11 
iter: 1  mgc: 2.129885e-11 
outer mgc:  5.582219 
iter: 1  value: 23349.85 mgc: 0.3271189 ustep: 1 
iter: 2  value: 23349.85 mgc: 0.004821794 ustep: 1 
iter: 3  value: 23349.85 mgc: 1.466024e-06 ustep: 1 
iter: 4  mgc: 1.516565e-13 
iter: 1  mgc: 1.516565e-13 
outer mgc:  5.204853 
iter: 1  value: 23349.78 mgc: 0.95194 ustep: 1 
iter: 2  value: 23349.77 mgc: 0.01207447 ustep: 1 
iter: 3  value: 23349.77 mgc: 6.596939e-06 ustep: 1 
iter: 4  mgc: 2.5564e-12 
iter: 1  value: 23349.31 mgc: 0.3576353 ustep: 1 
iter: 2  value: 23349.31 mgc: 0.001736304 ustep: 1 
iter: 3  value: 23349.31 mgc: 1.212014e-07 ustep: 1 
iter: 4  mgc: 6.328271e-15 
iter: 1  mgc: 6.328271e-15 
outer mgc:  3.805625 
iter: 1  value: 23347.92 mgc: 0.2629374 ustep: 1 
iter: 2  value: 23347.92 mgc: 0.001967835 ustep: 1 
iter: 3  value: 23347.92 mgc: 9.564665e-08 ustep: 1 
iter: 4  mgc: 4.884981e-15 
iter: 1  mgc: 4.884981e-15 
outer mgc:  3.868147 
iter: 1  value: 23343.68 mgc: 0.4528822 ustep: 1 
iter: 2  value: 23343.68 mgc: 0.002214508 ustep: 1 
iter: 3  value: 23343.68 mgc: 2.731147e-07 ustep: 1 
iter: 4  mgc: 6.883383e-15 
iter: 1  mgc: 6.883383e-15 
outer mgc:  5.335267 
iter: 1  value: 23346.45 mgc: 0.7053273 ustep: 1 
iter: 2  value: 23346.45 mgc: 0.01164783 ustep: 1 
iter: 3  value: 23346.45 mgc: 8.383868e-06 ustep: 1 
iter: 4  mgc: 3.79119e-12 
iter: 1  value: 23344 mgc: 0.3640964 ustep: 1 
iter: 2  value: 23344 mgc: 0.003598589 ustep: 1 
iter: 3  value: 23344 mgc: 6.549854e-07 ustep: 1 
iter: 4  mgc: 2.04281e-14 
iter: 1  mgc: 2.04281e-14 
outer mgc:  3.566882 
iter: 1  value: 23339.91 mgc: 0.1230786 ustep: 1 
iter: 2  value: 23339.91 mgc: 0.0004271034 ustep: 1 
iter: 3  mgc: 8.564768e-09 
iter: 1  mgc: 8.564768e-09 
outer mgc:  2.199227 
iter: 1  value: 23339.75 mgc: 0.2129908 ustep: 1 
iter: 2  value: 23339.75 mgc: 0.002215769 ustep: 1 
iter: 3  value: 23339.75 mgc: 2.328776e-07 ustep: 1 
iter: 4  mgc: 4.635181e-15 
iter: 1  mgc: 4.635181e-15 
outer mgc:  3.399797 
iter: 1  value: 23338.43 mgc: 0.3711187 ustep: 1 
iter: 2  value: 23338.43 mgc: 0.003799131 ustep: 1 
iter: 3  value: 23338.43 mgc: 6.236131e-07 ustep: 1 
iter: 4  mgc: 2.131628e-14 
iter: 1  mgc: 2.131628e-14 
outer mgc:  2.593354 
iter: 1  value: 23335.11 mgc: 0.3688193 ustep: 1 
iter: 2  value: 23335.11 mgc: 0.003184135 ustep: 1 
iter: 3  value: 23335.11 mgc: 5.338744e-07 ustep: 1 
iter: 4  mgc: 1.532108e-14 
iter: 1  value: 23337.04 mgc: 0.1891332 ustep: 1 
iter: 2  value: 23337.04 mgc: 0.0009409392 ustep: 1 
iter: 3  value: 23337.04 mgc: 3.888742e-08 ustep: 1 
iter: 4  mgc: 4.440892e-15 
iter: 1  mgc: 4.440892e-15 
outer mgc:  2.617947 
iter: 1  value: 23336.55 mgc: 0.2292929 ustep: 1 
iter: 2  value: 23336.55 mgc: 0.001165715 ustep: 1 
iter: 3  value: 23336.55 mgc: 2.691606e-08 ustep: 1 
iter: 4  mgc: 5.800915e-15 
iter: 1  value: 23336.81 mgc: 0.1157064 ustep: 1 
iter: 2  value: 23336.81 mgc: 0.0002621738 ustep: 1 
iter: 3  mgc: 1.321972e-09 
iter: 1  mgc: 1.321972e-09 
outer mgc:  1.332875 
iter: 1  value: 23336.15 mgc: 0.08038803 ustep: 1 
iter: 2  value: 23336.15 mgc: 0.0001490038 ustep: 1 
iter: 3  mgc: 5.847172e-10 
iter: 1  mgc: 5.847172e-10 
outer mgc:  1.377128 
iter: 1  value: 23334.84 mgc: 0.08927198 ustep: 1 
iter: 2  value: 23334.84 mgc: 0.0002603173 ustep: 1 
iter: 3  mgc: 2.470956e-09 
iter: 1  mgc: 2.470956e-09 
outer mgc:  0.8306121 
iter: 1  value: 23334.6 mgc: 0.1523983 ustep: 1 
iter: 2  value: 23334.6 mgc: 0.0007644296 ustep: 1 
iter: 3  value: 23334.6 mgc: 1.812665e-08 ustep: 1 
mgc: 7.549517e-15 
iter: 1  mgc: 7.549517e-15 
outer mgc:  1.096546 
iter: 1  value: 23333.41 mgc: 0.1483109 ustep: 1 
iter: 2  value: 23333.41 mgc: 0.0003774688 ustep: 1 
iter: 3  mgc: 8.401992e-09 
iter: 1  mgc: 8.401992e-09 
outer mgc:  0.7826619 
iter: 1  value: 23332.46 mgc: 0.1204757 ustep: 1 
iter: 2  value: 23332.46 mgc: 0.0006579574 ustep: 1 
iter: 3  value: 23332.46 mgc: 2.499651e-08 ustep: 1 
mgc: 4.884981e-15 
iter: 1  mgc: 4.884981e-15 
outer mgc:  1.515036 
iter: 1  value: 23332.37 mgc: 0.06681426 ustep: 1 
iter: 2  value: 23332.37 mgc: 0.0001910964 ustep: 1 
iter: 3  mgc: 1.716186e-09 
iter: 1  mgc: 1.716186e-09 
outer mgc:  0.6464879 
iter: 1  value: 23332.08 mgc: 0.05291614 ustep: 1 
iter: 2  value: 23332.08 mgc: 9.082331e-05 ustep: 1 
iter: 3  mgc: 2.829665e-10 
iter: 1  mgc: 2.829665e-10 
outer mgc:  0.8766763 
iter: 1  value: 23331.57 mgc: 0.0877479 ustep: 1 
iter: 2  value: 23331.57 mgc: 0.0002350458 ustep: 1 
iter: 3  mgc: 2.972583e-09 
iter: 1  mgc: 2.972583e-09 
outer mgc:  0.6079246 
iter: 1  value: 23331.59 mgc: 0.05220854 ustep: 1 
iter: 2  value: 23331.59 mgc: 7.574735e-05 ustep: 1 
iter: 3  mgc: 2.184124e-10 
iter: 1  mgc: 2.184124e-10 
outer mgc:  0.5020045 
iter: 1  value: 23331.12 mgc: 0.06801929 ustep: 1 
iter: 2  value: 23331.12 mgc: 0.000226099 ustep: 1 
iter: 3  mgc: 2.413994e-09 
iter: 1  value: 23331.35 mgc: 0.04342796 ustep: 1 
iter: 2  value: 23331.35 mgc: 5.580029e-05 ustep: 1 
iter: 3  mgc: 1.175717e-10 
iter: 1  value: 23331.49 mgc: 0.02303018 ustep: 1 
iter: 2  value: 23331.49 mgc: 1.149936e-05 ustep: 1 
iter: 3  mgc: 3.863132e-12 
iter: 1  mgc: 3.863132e-12 
outer mgc:  0.3368004 
iter: 1  value: 23331.38 mgc: 0.02226639 ustep: 1 
iter: 2  value: 23331.38 mgc: 5.888528e-06 ustep: 1 
iter: 3  mgc: 9.312551e-13 
iter: 1  mgc: 9.312551e-13 
outer mgc:  0.1739374 
iter: 1  value: 23331.12 mgc: 0.02373307 ustep: 1 
iter: 2  value: 23331.12 mgc: 1.348508e-05 ustep: 1 
iter: 3  mgc: 9.004797e-12 
iter: 1  mgc: 9.004797e-12 
outer mgc:  0.1400289 
iter: 1  value: 23330.81 mgc: 0.02173077 ustep: 1 
iter: 2  value: 23330.81 mgc: 1.742306e-05 ustep: 1 
iter: 3  mgc: 1.622258e-11 
iter: 1  mgc: 1.622258e-11 
outer mgc:  0.18677 
iter: 1  value: 23330.65 mgc: 0.01981089 ustep: 1 
iter: 2  value: 23330.65 mgc: 1.289643e-05 ustep: 1 
iter: 3  mgc: 9.344081e-12 
iter: 1  mgc: 9.344081e-12 
outer mgc:  0.07177392 
iter: 1  value: 23330.48 mgc: 0.0249111 ustep: 1 
iter: 2  value: 23330.48 mgc: 1.518137e-05 ustep: 1 
iter: 3  mgc: 1.170886e-11 
iter: 1  mgc: 1.170886e-11 
outer mgc:  0.2398211 
iter: 1  value: 23330.25 mgc: 0.02502904 ustep: 1 
iter: 2  value: 23330.25 mgc: 2.133018e-05 ustep: 1 
iter: 3  mgc: 1.491207e-11 
iter: 1  mgc: 1.491207e-11 
outer mgc:  0.08817191 
iter: 1  value: 23330.14 mgc: 0.01814779 ustep: 1 
iter: 2  value: 23330.14 mgc: 1.443432e-05 ustep: 1 
iter: 3  mgc: 1.067058e-11 
iter: 1  mgc: 1.067058e-11 
outer mgc:  0.1197103 
iter: 1  value: 23330.12 mgc: 0.01563434 ustep: 1 
iter: 2  value: 23330.12 mgc: 1.162674e-05 ustep: 1 
iter: 3  mgc: 5.703771e-12 
iter: 1  value: 23330.15 mgc: 0.007509348 ustep: 1 
iter: 2  value: 23330.15 mgc: 2.40774e-06 ustep: 1 
iter: 3  mgc: 2.383649e-13 
iter: 1  mgc: 2.383649e-13 
outer mgc:  0.1026202 
iter: 1  value: 23330.19 mgc: 0.007700184 ustep: 1 
iter: 2  value: 23330.19 mgc: 1.4324e-06 ustep: 1 
iter: 3  mgc: 1.030287e-13 
iter: 1  mgc: 1.030287e-13 
outer mgc:  0.04063073 
iter: 1  value: 23330.25 mgc: 0.008534387 ustep: 1 
iter: 2  value: 23330.25 mgc: 2.308241e-06 ustep: 1 
iter: 3  mgc: 2.460254e-13 
iter: 1  value: 23330.21 mgc: 0.003654938 ustep: 1 
iter: 2  value: 23330.21 mgc: 4.411625e-07 ustep: 1 
iter: 3  mgc: 6.661338e-15 
iter: 1  mgc: 6.661338e-15 
outer mgc:  0.05511835 
iter: 1  value: 23330.21 mgc: 0.001775194 ustep: 1 
iter: 2  value: 23330.21 mgc: 1.330609e-07 ustep: 1 
iter: 3  mgc: 4.662937e-15 
iter: 1  mgc: 4.662937e-15 
outer mgc:  0.01132921 
iter: 1  value: 23330.21 mgc: 0.001324516 ustep: 1 
iter: 2  value: 23330.21 mgc: 4.761224e-08 ustep: 1 
iter: 3  mgc: 4.884981e-15 
iter: 1  mgc: 4.884981e-15 
outer mgc:  0.0252348 
iter: 1  value: 23330.22 mgc: 0.001198671 ustep: 1 
iter: 2  value: 23330.22 mgc: 4.95336e-08 ustep: 1 
iter: 3  mgc: 6.217249e-15 
iter: 1  mgc: 6.217249e-15 
outer mgc:  0.00786431 
iter: 1  value: 23330.23 mgc: 0.001174723 ustep: 1 
iter: 2  value: 23330.23 mgc: 6.305922e-08 ustep: 1 
iter: 3  mgc: 6.661338e-15 
iter: 1  mgc: 6.661338e-15 
outer mgc:  0.003208008 
iter: 1  value: 23330.23 mgc: 0.0006196358 ustep: 1 
iter: 2  mgc: 9.364187e-09 
iter: 1  mgc: 9.364187e-09 
outer mgc:  0.003323642 
iter: 1  mgc: 9.364187e-09 
iter: 1  mgc: 9.364187e-09 
outer mgc:  0.003323642 
iter: 1  value: 23330.23 mgc: 0.003843186 ustep: 1 
iter: 2  value: 23330.23 mgc: 6.539651e-07 ustep: 1 
iter: 3  mgc: 2.087219e-14 
outer mgc:  0.1408915 
iter: 1  value: 23330.24 mgc: 0.003839252 ustep: 1 
iter: 2  value: 23330.24 mgc: 6.544286e-07 ustep: 1 
iter: 3  mgc: 1.865175e-14 
outer mgc:  0.1413236 
iter: 1  value: 23330.23 mgc: 0.002759608 ustep: 1 
iter: 2  value: 23330.23 mgc: 3.417886e-07 ustep: 1 
iter: 3  mgc: 6.716849e-15 
outer mgc:  0.109016 
iter: 1  value: 23330.24 mgc: 0.002758047 ustep: 1 
iter: 2  value: 23330.24 mgc: 3.419261e-07 ustep: 1 
iter: 3  mgc: 6.883383e-15 
outer mgc:  0.1077314 
iter: 1  value: 23330.23 mgc: 0.005624467 ustep: 1 
iter: 2  value: 23330.23 mgc: 5.58559e-07 ustep: 1 
iter: 3  mgc: 9.103829e-15 
outer mgc:  0.2051545 
iter: 1  value: 23330.23 mgc: 0.005622705 ustep: 1 
iter: 2  value: 23330.23 mgc: 5.590384e-07 ustep: 1 
iter: 3  mgc: 9.992007e-15 
outer mgc:  0.2010234 
iter: 1  value: 23330.23 mgc: 0.003632542 ustep: 1 
iter: 2  value: 23330.23 mgc: 2.905684e-07 ustep: 1 
iter: 3  mgc: 7.105427e-15 
outer mgc:  0.1693621 
iter: 1  value: 23330.23 mgc: 0.003631608 ustep: 1 
iter: 2  value: 23330.23 mgc: 2.910595e-07 ustep: 1 
iter: 3  mgc: 5.551115e-15 
outer mgc:  0.1696738 
iter: 1  value: 23330.23 mgc: 0.004442865 ustep: 1 
iter: 2  value: 23330.23 mgc: 6.713605e-07 ustep: 1 
iter: 3  mgc: 1.754152e-14 
outer mgc:  0.1550408 
iter: 1  value: 23330.24 mgc: 0.004439002 ustep: 1 
iter: 2  value: 23330.24 mgc: 6.725811e-07 ustep: 1 
iter: 3  mgc: 1.64313e-14 
outer mgc:  0.1526215 
iter: 1  value: 23330.23 mgc: 0.002752218 ustep: 1 
iter: 2  value: 23330.23 mgc: 3.325978e-07 ustep: 1 
iter: 3  mgc: 5.995204e-15 
outer mgc:  0.118604 
iter: 1  value: 23330.24 mgc: 0.002750381 ustep: 1 
iter: 2  value: 23330.24 mgc: 3.327566e-07 ustep: 1 
iter: 3  mgc: 8.437695e-15 
outer mgc:  0.1182561 
iter: 1  value: 23330.26 mgc: 0.002751706 ustep: 1 
iter: 2  value: 23330.26 mgc: 3.251346e-07 ustep: 1 
iter: 3  mgc: 7.105427e-15 
outer mgc:  0.01182242 
iter: 1  value: 23330.21 mgc: 0.002754478 ustep: 1 
iter: 2  value: 23330.21 mgc: 3.251955e-07 ustep: 1 
iter: 3  mgc: 5.995204e-15 
outer mgc:  0.01014927 
iter: 1  value: 23330.26 mgc: 0.003185898 ustep: 1 
iter: 2  value: 23330.26 mgc: 1.662145e-07 ustep: 1 
iter: 3  mgc: 6.217249e-15 
outer mgc:  0.01284176 
iter: 1  value: 23330.21 mgc: 0.003189082 ustep: 1 
iter: 2  value: 23330.21 mgc: 1.661915e-07 ustep: 1 
iter: 3  mgc: 6.661338e-15 
outer mgc:  0.01064652 
iter: 1  value: 23330.26 mgc: 0.002947408 ustep: 1 
iter: 2  value: 23330.26 mgc: 2.731847e-07 ustep: 1 
iter: 3  mgc: 6.661338e-15 
outer mgc:  0.01198706 
iter: 1  value: 23330.21 mgc: 0.00295036 ustep: 1 
iter: 2  value: 23330.21 mgc: 2.73262e-07 ustep: 1 
iter: 3  mgc: 6.77236e-15 
outer mgc:  0.01093019 
iter: 1  value: 23330.21 mgc: 0.00248393 ustep: 1 
iter: 2  value: 23330.21 mgc: 2.756937e-07 ustep: 1 
iter: 3  mgc: 5.995204e-15 
outer mgc:  0.08833517 
iter: 1  value: 23330.26 mgc: 0.002482047 ustep: 1 
iter: 2  value: 23330.26 mgc: 2.748878e-07 ustep: 1 
iter: 3  mgc: 5.551115e-15 
outer mgc:  0.09104516 
iter: 1  value: 23330.21 mgc: 0.003557338 ustep: 1 
iter: 2  value: 23330.21 mgc: 3.531588e-07 ustep: 1 
iter: 3  mgc: 6.106227e-15 
outer mgc:  0.07872559 
iter: 1  value: 23330.26 mgc: 0.003555246 ustep: 1 
iter: 2  value: 23330.26 mgc: 3.524393e-07 ustep: 1 
iter: 3  mgc: 6.661338e-15 
outer mgc:  0.08540141 
[Mon Aug 16 08:22:21 2021]
Finished job 0.
1 of 1 steps (100%) done
