Building DAG of jobs...
Using shell: /usr/bin/bash
Provided cores: 1 (use --cores to define parallelism)
Rules claiming more threads will be scaled down.
Job counts:
	count	jobs
	1	inference_simulation_TMB_multiple
	1

[Sun Aug 15 23:59:45 2021]
rule inference_simulation_TMB_multiple:
    input: ../data/assessing_models_simulation/datasets/multiple_GenerationJnorm2_100_100_80_5_0.02_NA_NA_NA_dataset0.RDS
    output: ../data/assessing_models_simulation/inference_results/TMB/nlminb/multiple_GenerationJnorm2_100_100_80_5_0.02_diagREDMsinglelambda_NA_NA_NA_dataset0.RDS
    log: logs/inference/nlminb/simulation_GenerationJnorm2_100_100_80_5_0.02_ModeldiagREDMsinglelambda_NA_NA_NA_dataset0.log
    jobid: 0
    wildcards: optimiser=nlminb, datasetgeneration=GenerationJnorm2, n=100, nlambda=100, lmbda=80, d=5, beta_intensity=0.02, model=diagREDMsinglelambda, fixed_beta_intercept=NA, fixed_beta_slope=NA, sdRE_input=NA, itnum=0

Rscript 2_inference_TMB/run_TMB.R --input ../data/assessing_models_simulation/datasets/multiple_GenerationJnorm2_100_100_80_5_0.02_NA_NA_NA_dataset0.RDS --output ../data/assessing_models_simulation/inference_results/TMB/nlminb/multiple_GenerationJnorm2_100_100_80_5_0.02_diagREDMsinglelambda_NA_NA_NA_dataset0.RDS --model diagREDMsinglelambda --optimiser nlminb
Model: diagREDMsinglelambda 
Feature type: signatures 
Using nlminb: TRUE 
Simulation boolean: TRUE 
make: Nothing to be done for 'all'.
../data/assessing_models_simulation/datasets/multiple_GenerationJnorm2_100_100_80_5_0.02_NA_NA_NA_dataset0.RDS[1] "../data/assessing_models_simulation/datasets/multiple_GenerationJnorm2_100_100_80_5_0.02_NA_NA_NA_dataset0.RDS"
Reading file ../data/assessing_models_simulation/datasets/multiple_GenerationJnorm2_100_100_80_5_0.02_NA_NA_NA_dataset0.RDS 
Loading required package: nnet
# weights:  15 (8 variable)
initial  value 31998.844575 
iter  10 value 30848.951072
final  value 30829.342317 
converged
Constructing atomic invpd
Constructing atomic D_lgamma
Constructing atomic invpd
Constructing atomic D_lgamma
Constructing atomic matmul
Constructing atomic invpd
Constructing atomic D_lgamma
Constructing atomic matmul
Optimizing tape... Done
iter: 1  value: 30998.49 mgc: 4.407869 ustep: 1 
iter: 2  value: 30897.37 mgc: 13.89494 ustep: 1 
iter: 3  value: 30773.78 mgc: 9.999978 ustep: 1 
iter: 4  value: 30743.03 mgc: 9.967461 ustep: 0.6827823 
iter: 5  value: 30723.28 mgc: 4.217857 ustep: 0.8263238 
iter: 6  value: 30718.02 mgc: 4.698973 ustep: 0.9090326 
iter: 7  value: 30717.54 mgc: 1.23853 ustep: 0.9534367 
iter: 8  value: 30717.53 mgc: 0.2376566 ustep: 0.9764432 
iter: 9  value: 30717.53 mgc: 0.005975883 ustep: 0.9881526 
iter: 10  value: 30717.53 mgc: 3.103331e-05 ustep: 0.9940592 
iter: 11  value: 30717.53 mgc: 1.308971e-07 ustep: 0.9970255 
iter: 12  mgc: 4.413169e-10 
iter: 1  mgc: 4.413169e-10 
Matching hessian patterns... Done
outer mgc:  379.3874 
iter: 1  value: 30326.53 mgc: 2.458874 ustep: 1 
iter: 2  value: 30326.28 mgc: 0.2341457 ustep: 1 
iter: 3  value: 30326.28 mgc: 0.002961607 ustep: 1 
iter: 4  value: 30326.28 mgc: 2.222982e-06 ustep: 1 
iter: 5  mgc: 6.682432e-13 
iter: 1  value: 29879.9 mgc: 4.755358 ustep: 1 
iter: 2  value: 29879.06 mgc: 0.7135242 ustep: 1 
iter: 3  value: 29879.05 mgc: 0.02373893 ustep: 1 
iter: 4  value: 29879.05 mgc: 5.605028e-05 ustep: 1 
iter: 5  mgc: 3.149001e-10 
iter: 1  mgc: 3.149001e-10 
outer mgc:  66.26718 
iter: 1  value: 30439.43 mgc: 25.71098 ustep: 1 
iter: 2  value: 29733.08 mgc: 42.28359 ustep: 1 
iter: 3  value: 29715.95 mgc: 4.329331 ustep: 1 
iter: 4  value: 29715.84 mgc: 0.6373386 ustep: 1 
iter: 5  value: 29715.84 mgc: 0.0171702 ustep: 1 
iter: 6  value: 29715.84 mgc: 1.38193e-05 ustep: 1 
iter: 7  mgc: 8.969658e-12 
iter: 1  mgc: 8.969658e-12 
outer mgc:  314.1178 
iter: 1  value: 32991.68 mgc: 43.83944 ustep: 1 
iter: 2  value: 31267.57 mgc: 76.09223 ustep: 0.05925594 
iter: 3  value: 30602.96 mgc: 51.48388 ustep: 0.04146885 
iter: 4  value: 30560.88 mgc: 33.63314 ustep: 0.08230945 
iter: 5  value: 30267.81 mgc: 31.69062 ustep: 0.06915117 
iter: 6  value: 30231.98 mgc: 20.42709 ustep: 0.2630398 
iter: 7  value: 30229.47 mgc: 2.859659 ustep: 0.5129228 
iter: 8  value: 30229.43 mgc: 0.1707407 ustep: 0.7162147 
iter: 9  value: 30229.43 mgc: 0.01381622 ustep: 0.84631 
iter: 10  value: 30229.43 mgc: 0.0006021418 ustep: 0.9199591 
iter: 11  value: 30229.43 mgc: 1.260674e-05 ustep: 0.9591491 
iter: 12  value: 30229.43 mgc: 1.303946e-07 ustep: 0.9793636 
iter: 13  mgc: 6.701841e-10 
iter: 1  value: 29598.51 mgc: 12.63533 ustep: 1 
iter: 2  value: 29594.84 mgc: 2.13814 ustep: 1 
iter: 3  value: 29594.84 mgc: 0.1521377 ustep: 1 
iter: 4  value: 29594.84 mgc: 0.001127348 ustep: 1 
iter: 5  value: 29594.84 mgc: 6.364741e-08 ustep: 1 
mgc: 1.025846e-13 
iter: 1  mgc: 1.025846e-13 
outer mgc:  115.6541 
iter: 1  value: 29573.24 mgc: 8.342462 ustep: 1 
iter: 2  value: 29572.97 mgc: 0.502516 ustep: 1 
iter: 3  value: 29572.97 mgc: 0.004950855 ustep: 1 
iter: 4  value: 29572.97 mgc: 1.185882e-06 ustep: 1 
iter: 5  mgc: 8.226753e-14 
iter: 1  mgc: 8.226753e-14 
outer mgc:  144.9453 
iter: 1  value: 29510.93 mgc: 9.626769 ustep: 1 
iter: 2  value: 29509.2 mgc: 1.455234 ustep: 1 
iter: 3  value: 29509.2 mgc: 0.03344604 ustep: 1 
iter: 4  value: 29509.2 mgc: 4.91623e-05 ustep: 1 
iter: 5  mgc: 1.067164e-10 
iter: 1  mgc: 1.067164e-10 
outer mgc:  75.44843 
iter: 1  value: 29482.41 mgc: 7.020891 ustep: 1 
iter: 2  value: 29481.01 mgc: 1.104232 ustep: 1 
iter: 3  value: 29481.01 mgc: 0.0234431 ustep: 1 
iter: 4  value: 29481.01 mgc: 1.968097e-05 ustep: 1 
iter: 5  mgc: 1.76023e-11 
iter: 1  mgc: 1.76023e-11 
outer mgc:  72.36385 
iter: 1  value: 29465.36 mgc: 9.799674 ustep: 1 
iter: 2  value: 29464.76 mgc: 0.6690045 ustep: 1 
iter: 3  value: 29464.76 mgc: 0.0108264 ustep: 1 
iter: 4  value: 29464.76 mgc: 3.303203e-06 ustep: 1 
iter: 5  mgc: 2.892131e-13 
iter: 1  mgc: 2.892131e-13 
outer mgc:  124.7047 
iter: 1  value: 29461.45 mgc: 9.681187 ustep: 1 
iter: 2  value: 29460.94 mgc: 0.8716877 ustep: 1 
iter: 3  value: 29460.94 mgc: 0.005146714 ustep: 1 
iter: 4  value: 29460.94 mgc: 7.85596e-07 ustep: 1 
iter: 5  mgc: 6.57252e-14 
iter: 1  mgc: 6.57252e-14 
outer mgc:  95.98283 
iter: 1  value: 29450.35 mgc: 6.85768 ustep: 1 
iter: 2  value: 29450.21 mgc: 0.3343231 ustep: 1 
iter: 3  value: 29450.21 mgc: 0.002093818 ustep: 1 
iter: 4  value: 29450.21 mgc: 9.032411e-08 ustep: 1 
mgc: 5.662137e-14 
iter: 1  mgc: 5.662137e-14 
outer mgc:  102.4063 
iter: 1  value: 29487.49 mgc: 6.905359 ustep: 1 
iter: 2  value: 29486.86 mgc: 0.7564942 ustep: 1 
iter: 3  value: 29486.86 mgc: 0.01215568 ustep: 1 
iter: 4  value: 29486.86 mgc: 3.539768e-06 ustep: 1 
iter: 5  mgc: 3.121392e-13 
iter: 1  value: 29434 mgc: 3.092847 ustep: 1 
iter: 2  value: 29433.98 mgc: 0.1521462 ustep: 1 
iter: 3  value: 29433.98 mgc: 0.0005068276 ustep: 1 
iter: 4  mgc: 5.832671e-09 
iter: 1  mgc: 5.832671e-09 
outer mgc:  33.6142 
iter: 1  value: 29434.76 mgc: 6.448838 ustep: 1 
iter: 2  value: 29434.63 mgc: 0.3049012 ustep: 1 
iter: 3  value: 29434.63 mgc: 0.001419577 ustep: 1 
iter: 4  value: 29434.63 mgc: 4.999102e-08 ustep: 1 
iter: 5  mgc: 6.850076e-14 
iter: 1  value: 29430.96 mgc: 3.047616 ustep: 1 
iter: 2  value: 29430.95 mgc: 0.07883957 ustep: 1 
iter: 3  value: 29430.95 mgc: 9.555905e-05 ustep: 1 
iter: 4  mgc: 1.868298e-10 
iter: 1  mgc: 1.868298e-10 
outer mgc:  17.71197 
iter: 1  value: 29430.1 mgc: 1.647987 ustep: 1 
iter: 2  value: 29430.1 mgc: 0.02147145 ustep: 1 
iter: 3  value: 29430.1 mgc: 9.389726e-06 ustep: 1 
iter: 4  mgc: 1.82801e-12 
iter: 1  mgc: 1.82801e-12 
outer mgc:  27.3253 
iter: 1  value: 29426.5 mgc: 1.662336 ustep: 1 
iter: 2  value: 29426.5 mgc: 0.02530902 ustep: 1 
iter: 3  value: 29426.5 mgc: 1.285119e-05 ustep: 1 
iter: 4  mgc: 3.538336e-12 
iter: 1  mgc: 3.538336e-12 
outer mgc:  11.69522 
iter: 1  value: 29425.17 mgc: 1.849916 ustep: 1 
iter: 2  value: 29425.17 mgc: 0.03764433 ustep: 1 
iter: 3  value: 29425.17 mgc: 3.459416e-05 ustep: 1 
iter: 4  mgc: 2.991474e-11 
iter: 1  mgc: 2.991474e-11 
outer mgc:  10.28051 
iter: 1  value: 29424.27 mgc: 1.629828 ustep: 1 
iter: 2  value: 29424.27 mgc: 0.04642307 ustep: 1 
iter: 3  value: 29424.27 mgc: 5.167934e-05 ustep: 1 
iter: 4  mgc: 6.639156e-11 
iter: 1  mgc: 6.639156e-11 
outer mgc:  14.89041 
iter: 1  value: 29422.78 mgc: 1.609801 ustep: 1 
iter: 2  value: 29422.78 mgc: 0.05487336 ustep: 1 
iter: 3  value: 29422.78 mgc: 7.248042e-05 ustep: 1 
iter: 4  mgc: 1.415121e-10 
iter: 1  mgc: 1.415121e-10 
outer mgc:  9.311572 
iter: 1  value: 29423.62 mgc: 2.531685 ustep: 1 
iter: 2  value: 29423.62 mgc: 0.06038194 ustep: 1 
iter: 3  value: 29423.62 mgc: 8.572896e-05 ustep: 1 
iter: 4  mgc: 2.183349e-10 
iter: 1  mgc: 2.183349e-10 
outer mgc:  15.26929 
iter: 1  value: 29423 mgc: 1.709672 ustep: 1 
iter: 2  value: 29423 mgc: 0.04436356 ustep: 1 
iter: 3  value: 29423 mgc: 4.722014e-05 ustep: 1 
iter: 4  mgc: 6.836776e-11 
iter: 1  mgc: 6.836776e-11 
outer mgc:  10.80828 
iter: 1  value: 29422.35 mgc: 1.748518 ustep: 1 
iter: 2  value: 29422.35 mgc: 0.02170964 ustep: 1 
iter: 3  value: 29422.35 mgc: 7.173469e-06 ustep: 1 
iter: 4  mgc: 1.338707e-12 
iter: 1  mgc: 1.338707e-12 
outer mgc:  14.86814 
iter: 1  value: 29422.95 mgc: 1.407278 ustep: 1 
iter: 2  value: 29422.95 mgc: 0.02397144 ustep: 1 
iter: 3  value: 29422.95 mgc: 1.637631e-05 ustep: 1 
iter: 4  mgc: 7.978063e-12 
iter: 1  value: 29422.03 mgc: 0.4587301 ustep: 1 
iter: 2  value: 29422.03 mgc: 0.002604024 ustep: 1 
iter: 3  value: 29422.03 mgc: 1.694673e-07 ustep: 1 
iter: 4  mgc: 5.062617e-14 
iter: 1  mgc: 5.062617e-14 
outer mgc:  5.1297 
iter: 1  value: 29422.42 mgc: 0.9580231 ustep: 1 
iter: 2  value: 29422.42 mgc: 0.008443125 ustep: 1 
iter: 3  value: 29422.42 mgc: 9.891048e-07 ustep: 1 
iter: 4  mgc: 4.707346e-14 
iter: 1  value: 29422.12 mgc: 0.4514258 ustep: 1 
iter: 2  value: 29422.12 mgc: 0.001929185 ustep: 1 
iter: 3  value: 29422.12 mgc: 5.002094e-08 ustep: 1 
iter: 4  mgc: 4.218847e-14 
iter: 1  mgc: 4.218847e-14 
outer mgc:  2.905172 
iter: 1  value: 29422.25 mgc: 0.1906253 ustep: 1 
iter: 2  value: 29422.25 mgc: 0.0004401847 ustep: 1 
iter: 3  mgc: 4.285683e-09 
iter: 1  mgc: 4.285683e-09 
outer mgc:  4.789422 
iter: 1  value: 29422.16 mgc: 0.1819747 ustep: 1 
iter: 2  value: 29422.16 mgc: 0.0002884617 ustep: 1 
iter: 3  mgc: 1.691983e-09 
iter: 1  mgc: 1.691983e-09 
outer mgc:  1.076448 
iter: 1  value: 29422.2 mgc: 0.2500471 ustep: 1 
iter: 2  value: 29422.2 mgc: 0.0006164329 ustep: 1 
iter: 3  mgc: 8.143299e-09 
iter: 1  mgc: 8.143299e-09 
outer mgc:  2.086611 
iter: 1  value: 29422.05 mgc: 0.1559074 ustep: 1 
iter: 2  value: 29422.05 mgc: 0.0003966379 ustep: 1 
iter: 3  mgc: 4.621117e-09 
iter: 1  mgc: 4.621117e-09 
outer mgc:  1.878586 
iter: 1  value: 29422.05 mgc: 0.168994 ustep: 1 
iter: 2  value: 29422.05 mgc: 0.000415737 ustep: 1 
iter: 3  mgc: 4.184732e-09 
iter: 1  mgc: 4.184732e-09 
outer mgc:  1.426119 
iter: 1  value: 29422.27 mgc: 0.2623343 ustep: 1 
iter: 2  value: 29422.27 mgc: 0.0005385057 ustep: 1 
iter: 3  mgc: 4.174795e-09 
iter: 1  value: 29422.09 mgc: 0.1827166 ustep: 1 
iter: 2  value: 29422.09 mgc: 0.0003272405 ustep: 1 
iter: 3  mgc: 1.374441e-09 
iter: 1  mgc: 1.374441e-09 
outer mgc:  1.587491 
iter: 1  value: 29422.11 mgc: 0.07933946 ustep: 1 
iter: 2  value: 29422.11 mgc: 5.602573e-05 ustep: 1 
iter: 3  mgc: 8.260681e-11 
iter: 1  mgc: 8.260681e-11 
outer mgc:  0.7333064 
iter: 1  value: 29421.98 mgc: 0.0419062 ustep: 1 
iter: 2  value: 29421.98 mgc: 1.094797e-05 ustep: 1 
iter: 3  mgc: 3.365308e-12 
iter: 1  mgc: 3.365308e-12 
outer mgc:  0.5141485 
iter: 1  value: 29422.11 mgc: 0.06527147 ustep: 1 
iter: 2  value: 29422.11 mgc: 5.127327e-05 ustep: 1 
iter: 3  mgc: 5.763834e-11 
iter: 1  mgc: 5.763834e-11 
outer mgc:  0.4187704 
iter: 1  value: 29422.08 mgc: 0.08150182 ustep: 1 
iter: 2  value: 29422.08 mgc: 3.78471e-05 ustep: 1 
iter: 3  mgc: 5.052225e-11 
iter: 1  mgc: 5.052225e-11 
outer mgc:  0.7058594 
iter: 1  value: 29421.95 mgc: 0.06400655 ustep: 1 
iter: 2  value: 29421.95 mgc: 4.949169e-05 ustep: 1 
iter: 3  mgc: 5.239986e-11 
iter: 1  mgc: 5.239986e-11 
outer mgc:  0.3821465 
iter: 1  value: 29422.08 mgc: 0.03554624 ustep: 1 
iter: 2  value: 29422.08 mgc: 2.575113e-05 ustep: 1 
iter: 3  mgc: 1.809264e-11 
iter: 1  mgc: 1.809264e-11 
outer mgc:  0.6748789 
iter: 1  value: 29421.98 mgc: 0.07896367 ustep: 1 
iter: 2  value: 29421.98 mgc: 0.0001234129 ustep: 1 
iter: 3  mgc: 3.319576e-10 
iter: 1  value: 29422.04 mgc: 0.05131781 ustep: 1 
iter: 2  value: 29422.04 mgc: 3.961899e-05 ustep: 1 
iter: 3  mgc: 3.356426e-11 
iter: 1  mgc: 3.356426e-11 
outer mgc:  0.7207412 
iter: 1  value: 29421.98 mgc: 0.05855814 ustep: 1 
iter: 2  value: 29421.98 mgc: 2.635977e-05 ustep: 1 
iter: 3  mgc: 1.069284e-11 
iter: 1  mgc: 1.069284e-11 
outer mgc:  0.4134975 
iter: 1  value: 29421.96 mgc: 0.04063688 ustep: 1 
iter: 2  value: 29421.96 mgc: 1.491523e-05 ustep: 1 
iter: 3  mgc: 4.582779e-12 
iter: 1  value: 29422 mgc: 0.02594122 ustep: 1 
iter: 2  value: 29422 mgc: 6.72019e-06 ustep: 1 
iter: 3  mgc: 7.749357e-13 
iter: 1  mgc: 7.749357e-13 
outer mgc:  0.2016291 
iter: 1  value: 29422.02 mgc: 0.01369262 ustep: 1 
iter: 2  value: 29422.02 mgc: 2.974365e-06 ustep: 1 
iter: 3  mgc: 1.798561e-13 
iter: 1  mgc: 1.798561e-13 
outer mgc:  0.108698 
iter: 1  value: 29422.03 mgc: 0.01460623 ustep: 1 
iter: 2  value: 29422.03 mgc: 1.236158e-06 ustep: 1 
iter: 3  mgc: 4.996004e-14 
iter: 1  mgc: 4.996004e-14 
outer mgc:  0.1101013 
iter: 1  value: 29422.01 mgc: 0.01179041 ustep: 1 
iter: 2  value: 29422.01 mgc: 5.159058e-07 ustep: 1 
iter: 3  mgc: 5.195844e-14 
iter: 1  mgc: 5.195844e-14 
outer mgc:  0.05342156 
iter: 1  value: 29422.01 mgc: 0.01441444 ustep: 1 
iter: 2  value: 29422.01 mgc: 4.068984e-06 ustep: 1 
iter: 3  mgc: 3.885781e-13 
iter: 1  value: 29422.01 mgc: 0.009362705 ustep: 1 
iter: 2  value: 29422.01 mgc: 1.764371e-06 ustep: 1 
iter: 3  mgc: 7.194245e-14 
iter: 1  value: 29422.01 mgc: 0.004665656 ustep: 1 
iter: 2  value: 29422.01 mgc: 4.383344e-07 ustep: 1 
iter: 3  mgc: 4.085621e-14 
iter: 1  mgc: 4.085621e-14 
outer mgc:  0.02942084 
iter: 1  value: 29422.02 mgc: 0.002465285 ustep: 1 
iter: 2  value: 29422.02 mgc: 1.1591e-07 ustep: 1 
iter: 3  mgc: 5.684342e-14 
iter: 1  mgc: 5.684342e-14 
outer mgc:  0.03245633 
iter: 1  value: 29422.01 mgc: 0.00341091 ustep: 1 
iter: 2  value: 29422.01 mgc: 2.429806e-07 ustep: 1 
iter: 3  mgc: 4.973799e-14 
iter: 1  mgc: 4.973799e-14 
outer mgc:  0.02258631 
iter: 1  value: 29421.98 mgc: 0.003910505 ustep: 1 
iter: 2  value: 29421.98 mgc: 2.590899e-07 ustep: 1 
iter: 3  mgc: 4.685141e-14 
iter: 1  mgc: 4.685141e-14 
outer mgc:  0.03663289 
iter: 1  value: 29422.03 mgc: 0.007307111 ustep: 1 
iter: 2  value: 29422.03 mgc: 7.775933e-07 ustep: 1 
iter: 3  mgc: 5.195844e-14 
iter: 1  mgc: 5.195844e-14 
outer mgc:  0.05563918 
iter: 1  value: 29422.02 mgc: 0.00383942 ustep: 1 
iter: 2  value: 29422.02 mgc: 4.466208e-07 ustep: 1 
iter: 3  mgc: 5.684342e-14 
iter: 1  mgc: 5.684342e-14 
outer mgc:  0.06276475 
iter: 1  value: 29422.01 mgc: 0.007167941 ustep: 1 
iter: 2  value: 29422.01 mgc: 4.697757e-07 ustep: 1 
iter: 3  mgc: 5.007106e-14 
iter: 1  value: 29422.02 mgc: 0.004887406 ustep: 1 
iter: 2  value: 29422.02 mgc: 1.972005e-07 ustep: 1 
iter: 3  mgc: 5.440093e-14 
iter: 1  value: 29422.02 mgc: 0.002073473 ustep: 1 
iter: 2  value: 29422.02 mgc: 3.548813e-08 ustep: 1 
iter: 3  mgc: 5.551115e-14 
iter: 1  mgc: 5.551115e-14 
outer mgc:  0.01577398 
iter: 1  value: 29422.02 mgc: 0.002996918 ustep: 1 
iter: 2  value: 29422.02 mgc: 7.04672e-08 ustep: 1 
iter: 3  mgc: 5.240253e-14 
iter: 1  mgc: 5.240253e-14 
outer mgc:  0.0302194 
iter: 1  value: 29422.01 mgc: 0.001765464 ustep: 1 
iter: 2  value: 29422.01 mgc: 4.042463e-08 ustep: 1 
iter: 3  mgc: 5.484502e-14 
iter: 1  mgc: 5.484502e-14 
outer mgc:  0.007662821 
iter: 1  value: 29422.01 mgc: 0.0008526707 ustep: 1 
iter: 2  mgc: 5.294908e-09 
iter: 1  mgc: 5.294908e-09 
outer mgc:  0.01370524 
iter: 1  value: 29422.01 mgc: 0.0008392184 ustep: 1 
iter: 2  value: 29422.01 mgc: 1.682011e-08 ustep: 1 
mgc: 5.284662e-14 
iter: 1  mgc: 5.284662e-14 
outer mgc:  0.005205273 
iter: 1  mgc: 5.284662e-14 
iter: 1  mgc: 5.284662e-14 
outer mgc:  0.005205273 
iter: 1  value: 29422.01 mgc: 0.01557517 ustep: 1 
iter: 2  value: 29422.01 mgc: 4.775099e-06 ustep: 1 
iter: 3  mgc: 4.956036e-13 
outer mgc:  0.2740337 
iter: 1  value: 29422.02 mgc: 0.01556015 ustep: 1 
iter: 2  value: 29422.02 mgc: 4.782158e-06 ustep: 1 
iter: 3  mgc: 4.791723e-13 
outer mgc:  0.2723137 
iter: 1  value: 29422.01 mgc: 0.008382408 ustep: 1 
iter: 2  value: 29422.01 mgc: 1.604714e-06 ustep: 1 
iter: 3  mgc: 6.394885e-14 
outer mgc:  0.307959 
iter: 1  value: 29422.02 mgc: 0.00837539 ustep: 1 
iter: 2  value: 29422.02 mgc: 1.604842e-06 ustep: 1 
iter: 3  mgc: 6.505907e-14 
outer mgc:  0.3122642 
iter: 1  value: 29422.01 mgc: 0.02394198 ustep: 1 
iter: 2  value: 29422.01 mgc: 5.112969e-06 ustep: 1 
iter: 3  mgc: 4.498624e-13 
outer mgc:  0.2869304 
iter: 1  value: 29422.02 mgc: 0.02394538 ustep: 1 
iter: 2  value: 29422.02 mgc: 5.121941e-06 ustep: 1 
iter: 3  mgc: 4.464762e-13 
outer mgc:  0.2890983 
iter: 1  value: 29422.01 mgc: 0.01225913 ustep: 1 
iter: 2  value: 29422.01 mgc: 1.617011e-06 ustep: 1 
iter: 3  mgc: 5.917489e-14 
outer mgc:  0.454687 
iter: 1  value: 29422.01 mgc: 0.01226069 ustep: 1 
iter: 2  value: 29422.01 mgc: 1.617399e-06 ustep: 1 
iter: 3  mgc: 6.039613e-14 
outer mgc:  0.4531159 
iter: 1  value: 29422.01 mgc: 0.02089521 ustep: 1 
iter: 2  value: 29422.01 mgc: 4.891644e-06 ustep: 1 
iter: 3  mgc: 5.335732e-13 
outer mgc:  0.2428839 
iter: 1  value: 29422.02 mgc: 0.02088673 ustep: 1 
iter: 2  value: 29422.02 mgc: 4.901334e-06 ustep: 1 
iter: 3  mgc: 5.255796e-13 
outer mgc:  0.2483607 
iter: 1  value: 29422.01 mgc: 0.01010336 ustep: 1 
iter: 2  value: 29422.01 mgc: 1.608896e-06 ustep: 1 
iter: 3  mgc: 8.193446e-14 
outer mgc:  0.2951113 
iter: 1  value: 29422.02 mgc: 0.01009999 ustep: 1 
iter: 2  value: 29422.02 mgc: 1.608966e-06 ustep: 1 
iter: 3  mgc: 7.771561e-14 
outer mgc:  0.2998405 
iter: 1  value: 29422.01 mgc: 0.02326807 ustep: 1 
iter: 2  value: 29422.01 mgc: 4.968467e-06 ustep: 1 
iter: 3  mgc: 4.365397e-13 
outer mgc:  0.2988017 
iter: 1  value: 29422.01 mgc: 0.02326138 ustep: 1 
iter: 2  value: 29422.01 mgc: 4.97941e-06 ustep: 1 
iter: 3  mgc: 4.265477e-13 
outer mgc:  0.3042367 
iter: 1  value: 29422.01 mgc: 0.01222181 ustep: 1 
iter: 2  value: 29422.01 mgc: 1.516245e-06 ustep: 1 
iter: 3  mgc: 5.501155e-14 
outer mgc:  0.4877813 
iter: 1  value: 29422.01 mgc: 0.01222219 ustep: 1 
iter: 2  value: 29422.01 mgc: 1.516801e-06 ustep: 1 
iter: 3  mgc: 8.792966e-14 
outer mgc:  0.4772896 
iter: 1  value: 29422.03 mgc: 0.004598385 ustep: 1 
iter: 2  value: 29422.03 mgc: 3.639853e-07 ustep: 1 
iter: 3  mgc: 6.483702e-14 
outer mgc:  0.02362897 
iter: 1  value: 29422 mgc: 0.004602986 ustep: 1 
iter: 2  value: 29422 mgc: 3.641517e-07 ustep: 1 
iter: 3  mgc: 7.41629e-14 
outer mgc:  0.01684092 
iter: 1  value: 29422.03 mgc: 0.004474103 ustep: 1 
iter: 2  value: 29422.03 mgc: 3.247382e-07 ustep: 1 
iter: 3  mgc: 4.085621e-14 
outer mgc:  0.03042729 
iter: 1  value: 29422 mgc: 0.004478579 ustep: 1 
iter: 2  value: 29422 mgc: 3.250141e-07 ustep: 1 
iter: 3  mgc: 4.307665e-14 
outer mgc:  0.02580124 
iter: 1  value: 29422.03 mgc: 0.004991325 ustep: 1 
iter: 2  value: 29422.03 mgc: 2.429802e-07 ustep: 1 
iter: 3  mgc: 3.952394e-14 
outer mgc:  0.0221378 
iter: 1  value: 29422 mgc: 0.004996319 ustep: 1 
iter: 2  value: 29422 mgc: 2.432616e-07 ustep: 1 
iter: 3  mgc: 5.517808e-14 
outer mgc:  0.02608156 
iter: 1  value: 29422.03 mgc: 0.004533751 ustep: 1 
iter: 2  value: 29422.03 mgc: 4.031976e-07 ustep: 1 
iter: 3  mgc: 3.641532e-14 
outer mgc:  0.02695633 
iter: 1  value: 29422 mgc: 0.004538287 ustep: 1 
iter: 2  value: 29422 mgc: 4.034616e-07 ustep: 1 
iter: 3  mgc: 4.440892e-14 
outer mgc:  0.02915911 
iter: 1  value: 29421.94 mgc: 0.00292956 ustep: 1 
iter: 2  value: 29421.94 mgc: 1.141094e-07 ustep: 1 
iter: 3  mgc: 5.240253e-14 
outer mgc:  0.06035785 
iter: 1  value: 29422.08 mgc: 0.002929812 ustep: 1 
iter: 2  value: 29422.08 mgc: 1.141604e-07 ustep: 1 
iter: 3  mgc: 4.596323e-14 
outer mgc:  0.06634156 
[Sun Aug 15 23:59:52 2021]
Finished job 0.
1 of 1 steps (100%) done
