Building DAG of jobs...
Using shell: /usr/bin/bash
Provided cores: 1 (use --cores to define parallelism)
Rules claiming more threads will be scaled down.
Job counts:
	count	jobs
	1	inference_simulation_TMB_multiple
	1

[Sun Aug 15 07:49:12 2021]
rule inference_simulation_TMB_multiple:
    input: ../data/assessing_models_simulation/datasets/multiple_GenerationJnorm3_10_100_10_4_0.02_NA_NA_NA_dataset0.RDS
    output: ../data/assessing_models_simulation/inference_results/TMB/nlminb/multiple_GenerationJnorm3_10_100_10_4_0.02_diagREDMsinglelambda_NA_NA_NA_dataset0.RDS
    log: logs/inference/nlminb/simulation_GenerationJnorm3_10_100_10_4_0.02_ModeldiagREDMsinglelambda_NA_NA_NA_dataset0.log
    jobid: 0
    wildcards: optimiser=nlminb, datasetgeneration=GenerationJnorm3, n=10, nlambda=100, lmbda=10, d=4, beta_intensity=0.02, model=diagREDMsinglelambda, fixed_beta_intercept=NA, fixed_beta_slope=NA, sdRE_input=NA, itnum=0

Rscript 2_inference_TMB/run_TMB.R --input ../data/assessing_models_simulation/datasets/multiple_GenerationJnorm3_10_100_10_4_0.02_NA_NA_NA_dataset0.RDS --output ../data/assessing_models_simulation/inference_results/TMB/nlminb/multiple_GenerationJnorm3_10_100_10_4_0.02_diagREDMsinglelambda_NA_NA_NA_dataset0.RDS --model diagREDMsinglelambda --optimiser nlminb
Model: diagREDMsinglelambda 
Feature type: signatures 
Using nlminb: TRUE 
Simulation boolean: TRUE 
make: Nothing to be done for 'all'.
../data/assessing_models_simulation/datasets/multiple_GenerationJnorm3_10_100_10_4_0.02_NA_NA_NA_dataset0.RDS[1] "../data/assessing_models_simulation/datasets/multiple_GenerationJnorm3_10_100_10_4_0.02_NA_NA_NA_dataset0.RDS"
Reading file ../data/assessing_models_simulation/datasets/multiple_GenerationJnorm3_10_100_10_4_0.02_NA_NA_NA_dataset0.RDS 
Loading required package: nnet
# weights:  12 (6 variable)
initial  value 2706.046593 
iter  10 value 2416.128235
iter  10 value 2416.128213
iter  10 value 2416.128213
final  value 2416.128213 
converged
Constructing atomic invpd
Constructing atomic D_lgamma
Constructing atomic invpd
Constructing atomic D_lgamma
Constructing atomic matmul
Constructing atomic invpd
Constructing atomic D_lgamma
Constructing atomic matmul
Optimizing tape... Done
iter: 1  value: 2069.157 mgc: 6.529623 ustep: 0.310326 
iter: 2  value: 2053.851 mgc: 4.305719 ustep: 0.5571134 
iter: 3  value: 2050.129 mgc: 1.012823 ustep: 0.7464257 
iter: 4  value: 2049.905 mgc: 0.2264697 ustep: 0.8639729 
iter: 5  value: 2049.901 mgc: 0.03016828 ustep: 0.9295085 
iter: 6  value: 2049.901 mgc: 0.002248516 ustep: 0.9641138 
iter: 7  value: 2049.901 mgc: 9.457118e-05 ustep: 0.9818948 
iter: 8  value: 2049.901 mgc: 2.103131e-06 ustep: 0.9909069 
iter: 9  value: 2049.901 mgc: 2.392396e-08 ustep: 0.9954435 
iter: 10  mgc: 1.371513e-10 
iter: 1  mgc: 1.371513e-10 
Matching hessian patterns... Done
outer mgc:  13.54072 
iter: 1  value: 2034.976 mgc: 2.110217 ustep: 1 
iter: 2  value: 2034.869 mgc: 0.5732215 ustep: 1 
iter: 3  value: 2034.869 mgc: 0.01529247 ustep: 1 
iter: 4  value: 2034.869 mgc: 2.20244e-05 ustep: 1 
iter: 5  mgc: 4.576409e-11 
iter: 1  mgc: 4.576409e-11 
outer mgc:  4.861334 
iter: 1  value: 2031.214 mgc: 3.298018 ustep: 1 
iter: 2  value: 2028.407 mgc: 3.693157 ustep: 1 
iter: 3  value: 2028.384 mgc: 0.2903951 ustep: 1 
iter: 4  value: 2028.384 mgc: 0.006892015 ustep: 1 
iter: 5  value: 2028.384 mgc: 9.527272e-06 ustep: 1 
iter: 6  mgc: 1.822587e-11 
iter: 1  mgc: 1.822587e-11 
outer mgc:  2.770936 
iter: 1  value: 2021.472 mgc: 0.8320211 ustep: 1 
iter: 2  value: 2021.468 mgc: 0.07469449 ustep: 1 
iter: 3  value: 2021.468 mgc: 0.0006787486 ustep: 1 
iter: 4  value: 2021.468 mgc: 5.435807e-08 ustep: 1 
iter: 5  mgc: 3.622103e-15 
iter: 1  mgc: 3.622103e-15 
outer mgc:  3.491537 
iter: 1  value: 2019.444 mgc: 3.255554 ustep: 1 
iter: 2  value: 2019.336 mgc: 0.5368835 ustep: 1 
iter: 3  value: 2019.336 mgc: 0.01097337 ustep: 1 
iter: 4  value: 2019.336 mgc: 1.060399e-05 ustep: 1 
iter: 5  mgc: 1.004163e-11 
iter: 1  mgc: 1.004163e-11 
outer mgc:  3.682682 
iter: 1  value: 2012.69 mgc: 2.160897 ustep: 1 
iter: 2  value: 2012.67 mgc: 0.1723635 ustep: 1 
iter: 3  value: 2012.67 mgc: 0.00113204 ustep: 1 
iter: 4  value: 2012.67 mgc: 6.066306e-08 ustep: 1 
iter: 5  mgc: 4.884981e-15 
iter: 1  mgc: 4.884981e-15 
outer mgc:  1.949618 
iter: 1  value: 2009.215 mgc: 2.426561 ustep: 1 
iter: 2  value: 2009.206 mgc: 0.1407957 ustep: 1 
iter: 3  value: 2009.206 mgc: 0.0007808808 ustep: 1 
iter: 4  value: 2009.206 mgc: 2.167019e-08 ustep: 1 
mgc: 3.774758e-15 
iter: 1  value: 2011.499 mgc: 1.125386 ustep: 1 
iter: 2  value: 2011.497 mgc: 0.05095671 ustep: 1 
iter: 3  value: 2011.497 mgc: 0.0001198059 ustep: 1 
iter: 4  mgc: 6.697279e-10 
iter: 1  mgc: 6.697279e-10 
outer mgc:  1.394491 
iter: 1  value: 2009.389 mgc: 0.7989544 ustep: 1 
iter: 2  value: 2009.388 mgc: 0.02688526 ustep: 1 
iter: 3  value: 2009.388 mgc: 3.288491e-05 ustep: 1 
iter: 4  mgc: 6.186551e-11 
iter: 1  mgc: 6.186551e-11 
outer mgc:  1.168845 
iter: 1  value: 2007.396 mgc: 0.8684286 ustep: 1 
iter: 2  value: 2007.396 mgc: 0.01646912 ustep: 1 
iter: 3  value: 2007.396 mgc: 9.358641e-06 ustep: 1 
iter: 4  mgc: 4.302558e-12 
iter: 1  mgc: 4.302558e-12 
outer mgc:  0.6984898 
iter: 1  value: 2005.119 mgc: 0.6190095 ustep: 1 
iter: 2  value: 2005.119 mgc: 0.0111734 ustep: 1 
iter: 3  value: 2005.119 mgc: 5.326301e-06 ustep: 1 
iter: 4  mgc: 9.541257e-13 
iter: 1  value: 2002.574 mgc: 0.6727632 ustep: 1 
iter: 2  value: 2002.574 mgc: 0.0125299 ustep: 1 
iter: 3  value: 2002.574 mgc: 5.648707e-06 ustep: 1 
iter: 4  mgc: 9.838796e-13 
iter: 1  mgc: 9.838796e-13 
outer mgc:  1.412241 
iter: 1  value: 1998.08 mgc: 1.598471 ustep: 1 
iter: 2  value: 1998.08 mgc: 0.02627118 ustep: 1 
iter: 3  value: 1998.08 mgc: 1.061886e-05 ustep: 1 
iter: 4  mgc: 1.692646e-12 
iter: 1  mgc: 1.692646e-12 
outer mgc:  1.416805 
iter: 1  value: 1992.959 mgc: 1.832137 ustep: 1 
iter: 2  value: 1992.959 mgc: 0.008259063 ustep: 1 
iter: 3  value: 1992.959 mgc: 1.359939e-06 ustep: 1 
iter: 4  mgc: 2.797762e-14 
iter: 1  mgc: 2.797762e-14 
outer mgc:  1.549831 
iter: 1  value: 1993.565 mgc: 0.3332297 ustep: 1 
iter: 2  value: 1993.565 mgc: 0.000552206 ustep: 1 
iter: 3  mgc: 3.772624e-09 
iter: 1  value: 1993.063 mgc: 0.2819215 ustep: 1 
iter: 2  value: 1993.063 mgc: 0.0005511824 ustep: 1 
iter: 3  mgc: 6.348951e-09 
iter: 1  mgc: 6.348951e-09 
outer mgc:  0.5965204 
iter: 1  value: 1992.848 mgc: 0.3741521 ustep: 1 
iter: 2  value: 1992.848 mgc: 0.0004046356 ustep: 1 
iter: 3  mgc: 1.203912e-09 
iter: 1  mgc: 1.203912e-09 
outer mgc:  0.6399924 
iter: 1  value: 1992.713 mgc: 0.1695819 ustep: 1 
iter: 2  value: 1992.713 mgc: 0.0003089331 ustep: 1 
iter: 3  mgc: 9.31657e-10 
iter: 1  mgc: 9.31657e-10 
outer mgc:  0.1377198 
iter: 1  value: 1992.387 mgc: 0.1149983 ustep: 1 
iter: 2  value: 1992.387 mgc: 2.046257e-05 ustep: 1 
iter: 3  mgc: 8.949286e-12 
iter: 1  value: 1991.653 mgc: 0.2531066 ustep: 1 
iter: 2  value: 1991.653 mgc: 6.01514e-05 ustep: 1 
iter: 3  mgc: 2.409761e-11 
iter: 1  mgc: 2.409761e-11 
outer mgc:  0.157129 
iter: 1  value: 1990.527 mgc: 0.3781716 ustep: 1 
iter: 2  value: 1990.527 mgc: 0.0001562082 ustep: 1 
iter: 3  mgc: 5.037446e-10 
iter: 1  value: 1989.028 mgc: 0.5190668 ustep: 1 
iter: 2  value: 1989.028 mgc: 0.0002420395 ustep: 1 
iter: 3  mgc: 1.13003e-09 
iter: 1  mgc: 1.13003e-09 
outer mgc:  0.1572474 
iter: 1  value: 1986.408 mgc: 0.8989962 ustep: 1 
iter: 2  value: 1986.408 mgc: 0.0002510689 ustep: 1 
iter: 3  mgc: 8.642012e-10 
iter: 1  mgc: 8.642012e-10 
outer mgc:  0.1788577 
iter: 1  value: 1983.788 mgc: 0.9566655 ustep: 1 
iter: 2  value: 1983.788 mgc: 0.0002508941 ustep: 1 
iter: 3  mgc: 6.270167e-10 
iter: 1  mgc: 6.270167e-10 
outer mgc:  0.06441859 
iter: 1  value: 1981.787 mgc: 0.7362125 ustep: 1 
iter: 2  value: 1981.787 mgc: 3.199917e-05 ustep: 1 
iter: 3  mgc: 7.386092e-12 
iter: 1  mgc: 7.386092e-12 
outer mgc:  0.04454024 
iter: 1  value: 1979.975 mgc: 0.7314949 ustep: 1 
iter: 2  value: 1979.975 mgc: 2.159197e-05 ustep: 1 
iter: 3  mgc: 7.055689e-12 
iter: 1  mgc: 7.055689e-12 
outer mgc:  0.04319062 
iter: 1  value: 1975.53 mgc: 2.738707 ustep: 1 
iter: 2  value: 1975.53 mgc: 0.001184308 ustep: 1 
iter: 3  value: 1975.53 mgc: 2.337368e-08 ustep: 1 
mgc: 1.554312e-15 
iter: 1  mgc: 1.554312e-15 
outer mgc:  0.02954137 
iter: 1  value: 1971.456 mgc: 2.566696 ustep: 1 
iter: 2  value: 1971.456 mgc: 0.00263599 ustep: 1 
iter: 3  value: 1971.456 mgc: 1.455755e-07 ustep: 1 
iter: 4  mgc: 2.775558e-15 
iter: 1  mgc: 2.775558e-15 
outer mgc:  0.02160443 
iter: 1  value: 1970.335 mgc: 0.4513021 ustep: 1 
iter: 2  value: 1970.335 mgc: 9.194313e-05 ustep: 1 
iter: 3  mgc: 1.802007e-10 
iter: 1  mgc: 1.802007e-10 
outer mgc:  0.004212181 
iter: 1  value: 1969.648 mgc: 0.2387161 ustep: 1 
iter: 2  value: 1969.648 mgc: 2.968404e-07 ustep: 1 
iter: 3  mgc: 2.664535e-15 
iter: 1  mgc: 2.664535e-15 
outer mgc:  0.008167581 
iter: 1  value: 1967.351 mgc: 0.9312362 ustep: 1 
iter: 2  value: 1967.351 mgc: 3.030635e-06 ustep: 1 
iter: 3  mgc: 2.304823e-13 
iter: 1  mgc: 2.304823e-13 
outer mgc:  0.01640242 
iter: 1  value: 1965.044 mgc: 0.9325163 ustep: 1 
iter: 2  value: 1965.044 mgc: 4.452792e-06 ustep: 1 
iter: 3  mgc: 4.32987e-13 
iter: 1  mgc: 4.32987e-13 
outer mgc:  0.01379117 
iter: 1  value: 1961.035 mgc: 1.95557 ustep: 1 
iter: 2  value: 1961.035 mgc: 7.184224e-06 ustep: 1 
iter: 3  mgc: 1.03384e-12 
iter: 1  mgc: 1.03384e-12 
outer mgc:  0.003941588 
iter: 1  value: 1957.871 mgc: 1.414638 ustep: 1 
iter: 2  value: 1957.871 mgc: 3.854554e-07 ustep: 1 
iter: 3  mgc: 1.776357e-15 
iter: 1  mgc: 1.776357e-15 
outer mgc:  0.00170312 
iter: 1  value: 1954.933 mgc: 1.286164 ustep: 1 
iter: 2  value: 1954.933 mgc: 5.712942e-08 ustep: 1 
iter: 3  mgc: 2.109424e-15 
iter: 1  mgc: 2.109424e-15 
outer mgc:  0.002868333 
iter: 1  value: 1951.998 mgc: 1.28604 ustep: 1 
iter: 2  value: 1951.998 mgc: 2.752725e-08 ustep: 1 
mgc: 2.220446e-15 
iter: 1  mgc: 2.220446e-15 
outer mgc:  0.002332146 
iter: 1  value: 1948.298 mgc: 1.766335 ustep: 1 
iter: 2  value: 1948.298 mgc: 3.354483e-08 ustep: 1 
mgc: 5.107026e-15 
iter: 1  mgc: 5.107026e-15 
outer mgc:  0.0007662939 
iter: 1  value: 1944.96 mgc: 1.529857 ustep: 1 
iter: 2  value: 1944.96 mgc: 1.101324e-08 ustep: 1 
mgc: 1.44329e-15 
iter: 1  mgc: 1.44329e-15 
outer mgc:  0.0001730686 
iter: 1  value: 1941.783 mgc: 1.42923 ustep: 1 
iter: 2  mgc: 3.157994e-09 
iter: 1  mgc: 3.157994e-09 
outer mgc:  0.0005506876 
iter: 1  value: 1938.606 mgc: 1.429351 ustep: 1 
iter: 2  mgc: 1.728426e-10 
iter: 1  mgc: 1.728426e-10 
outer mgc:  0.0004350056 
iter: 1  value: 1935.428 mgc: 1.42932 ustep: 1 
iter: 2  mgc: 6.68682e-10 
iter: 1  mgc: 6.68682e-10 
outer mgc:  0.0002055242 
iter: 1  value: 1932.25 mgc: 1.429327 ustep: 1 
iter: 2  mgc: 7.095482e-10 
iter: 1  mgc: 7.095482e-10 
outer mgc:  2.312961e-05 
iter: 1  value: 1929.073 mgc: 1.429288 ustep: 1 
iter: 2  mgc: 8.821699e-11 
iter: 1  mgc: 8.821699e-11 
outer mgc:  0.0001002264 
iter: 1  mgc: 8.821699e-11 
iter: 1  mgc: 8.821699e-11 
outer mgc:  0.0001002264 
iter: 1  value: 1929.073 mgc: 0.002742378 ustep: 1 
iter: 2  value: 1929.073 mgc: 2.125153e-08 ustep: 1 
mgc: 3.552714e-15 
outer mgc:  0.01724731 
iter: 1  value: 1929.073 mgc: 0.002740135 ustep: 1 
iter: 2  value: 1929.073 mgc: 2.122597e-08 ustep: 1 
mgc: 2.220446e-15 
outer mgc:  0.0171003 
iter: 1  value: 1929.073 mgc: 0.001728041 ustep: 1 
iter: 2  mgc: 9.606574e-09 
outer mgc:  0.008489437 
iter: 1  value: 1929.073 mgc: 0.001727056 ustep: 1 
iter: 2  mgc: 9.5961e-09 
outer mgc:  0.008548464 
iter: 1  value: 1929.072 mgc: 0.002783737 ustep: 1 
iter: 2  value: 1929.072 mgc: 1.096536e-07 ustep: 1 
iter: 3  mgc: 3.108624e-15 
outer mgc:  0.01640633 
iter: 1  value: 1929.074 mgc: 0.002781455 ustep: 1 
iter: 2  value: 1929.074 mgc: 1.09598e-07 ustep: 1 
iter: 3  mgc: 2.664535e-15 
outer mgc:  0.01619879 
iter: 1  value: 1929.073 mgc: 0.001795805 ustep: 1 
iter: 2  value: 1929.073 mgc: 5.697074e-08 ustep: 1 
mgc: 2.664535e-15 
outer mgc:  0.00902892 
iter: 1  value: 1929.073 mgc: 0.001794673 ustep: 1 
iter: 2  value: 1929.073 mgc: 5.694582e-08 ustep: 1 
mgc: 2.88658e-15 
outer mgc:  0.008930808 
iter: 1  value: 1929.073 mgc: 0.004253522 ustep: 1 
iter: 2  value: 1929.073 mgc: 1.1454e-07 ustep: 1 
iter: 3  mgc: 2.664535e-15 
outer mgc:  0.01865923 
iter: 1  value: 1929.073 mgc: 0.004253307 ustep: 1 
iter: 2  value: 1929.073 mgc: 1.153361e-07 ustep: 1 
iter: 3  mgc: 3.108624e-15 
outer mgc:  0.01869621 
iter: 1  value: 1929.073 mgc: 0.002108011 ustep: 1 
iter: 2  value: 1929.073 mgc: 2.590705e-08 ustep: 1 
mgc: 2.109424e-15 
outer mgc:  0.01366529 
iter: 1  value: 1929.073 mgc: 0.002108596 ustep: 1 
iter: 2  value: 1929.073 mgc: 2.603362e-08 ustep: 1 
mgc: 3.552714e-15 
outer mgc:  0.0136433 
iter: 1  value: 1929.078 mgc: 0.001608967 ustep: 1 
mgc: 2.220446e-15 
outer mgc:  0.0001002264 
iter: 1  value: 1929.068 mgc: 0.001610577 ustep: 1 
mgc: 2.220446e-15 
outer mgc:  0.0001002264 
iter: 1  value: 1929.077 mgc: 0.002429491 ustep: 1 
iter: 2  value: 1929.077 mgc: 7.754618e-08 ustep: 1 
iter: 3  mgc: 1.998401e-15 
outer mgc:  0.0009106673 
iter: 1  value: 1929.069 mgc: 0.002431922 ustep: 1 
iter: 2  value: 1929.069 mgc: 7.744079e-08 ustep: 1 
iter: 3  mgc: 2.442491e-15 
outer mgc:  0.0007980341 
iter: 1  value: 1929.076 mgc: 0.002518453 ustep: 1 
iter: 2  value: 1929.076 mgc: 1.873281e-08 ustep: 1 
mgc: 2.664535e-15 
outer mgc:  0.001681473 
iter: 1  value: 1929.07 mgc: 0.002520973 ustep: 1 
iter: 2  value: 1929.07 mgc: 1.871693e-08 ustep: 1 
mgc: 1.554312e-15 
outer mgc:  0.001569687 
iter: 1  value: 1929.071 mgc: 0.003676967 ustep: 1 
iter: 2  value: 1929.071 mgc: 6.59889e-08 ustep: 1 
iter: 3  mgc: 3.108624e-15 
outer mgc:  0.02364263 
iter: 1  value: 1929.075 mgc: 0.00367472 ustep: 1 
iter: 2  value: 1929.075 mgc: 6.5897e-08 ustep: 1 
iter: 3  mgc: 1.831868e-15 
outer mgc:  0.02374854 
[Sun Aug 15 07:49:14 2021]
Finished job 0.
1 of 1 steps (100%) done
