Building DAG of jobs...
Using shell: /usr/bin/bash
Provided cores: 1 (use --cores to define parallelism)
Rules claiming more threads will be scaled down.
Job counts:
	count	jobs
	1	inference_simulation_TMB_multiple
	1

[Sun Aug 15 07:35:18 2021]
rule inference_simulation_TMB_multiple:
    input: ../data/assessing_models_simulation/datasets/multiple_GenerationJnorm2_100_100_80_4_0.4_NA_NA_NA_dataset1.RDS
    output: ../data/assessing_models_simulation/inference_results/TMB/nlminb/multiple_GenerationJnorm2_100_100_80_4_0.4_fullREDMsinglelambda_NA_NA_NA_dataset1.RDS
    log: logs/inference/nlminb/simulation_GenerationJnorm2_100_100_80_4_0.4_ModelfullREDMsinglelambda_NA_NA_NA_dataset1.log
    jobid: 0
    wildcards: optimiser=nlminb, datasetgeneration=GenerationJnorm2, n=100, nlambda=100, lmbda=80, d=4, beta_intensity=0.4, model=fullREDMsinglelambda, fixed_beta_intercept=NA, fixed_beta_slope=NA, sdRE_input=NA, itnum=1

Rscript 2_inference_TMB/run_TMB.R --input ../data/assessing_models_simulation/datasets/multiple_GenerationJnorm2_100_100_80_4_0.4_NA_NA_NA_dataset1.RDS --output ../data/assessing_models_simulation/inference_results/TMB/nlminb/multiple_GenerationJnorm2_100_100_80_4_0.4_fullREDMsinglelambda_NA_NA_NA_dataset1.RDS --model fullREDMsinglelambda --optimiser nlminb
Model: fullREDMsinglelambda 
Feature type: signatures 
Using nlminb: TRUE 
Simulation boolean: TRUE 
make: Nothing to be done for 'all'.
../data/assessing_models_simulation/datasets/multiple_GenerationJnorm2_100_100_80_4_0.4_NA_NA_NA_dataset1.RDS[1] "../data/assessing_models_simulation/datasets/multiple_GenerationJnorm2_100_100_80_4_0.4_NA_NA_NA_dataset1.RDS"
Reading file ../data/assessing_models_simulation/datasets/multiple_GenerationJnorm2_100_100_80_4_0.4_NA_NA_NA_dataset1.RDS 
Loading required package: nnet
# weights:  12 (6 variable)
initial  value 27807.678590 
iter  10 value 23889.363782
iter  20 value 23639.937264
final  value 23639.934740 
converged
Order of parameters:
[1] "beta"       "u_large"    "logs_sd_RE" "cov_par_RE" "log_lambda"
Not matching template order:
[1] "beta"       "logs_sd_RE" "cov_par_RE" "log_lambda" "u_large"   
Your parameter list has been re-ordered.
(Disable this warning with checkParameterOrder=FALSE)
Constructing atomic invpd
Constructing atomic D_lgamma
Constructing atomic invpd
Constructing atomic D_lgamma
Constructing atomic matmul
Constructing atomic invpd
Constructing atomic D_lgamma
Constructing atomic matmul
Optimizing tape... Done
iter: 1  value: 23940.8 mgc: 5.847646 ustep: 0.6827823 
iter: 2  value: 23762.94 mgc: 8.757508 ustep: 0.8263238 
iter: 3  value: 23750.96 mgc: 5.621221 ustep: 0.9090326 
iter: 4  value: 23729.35 mgc: 8.487893 ustep: 0.7841362 
iter: 5  value: 23709.11 mgc: 5.613284 ustep: 0.661594 
iter: 6  value: 23702.64 mgc: 6.684247 ustep: 0.8134029 
iter: 7  value: 23696.68 mgc: 4.228926 ustep: 0.4402413 
iter: 8  value: 23696.2 mgc: 1.67505 ustep: 0.6635405 
iter: 9  value: 23696.18 mgc: 0.236395 ustep: 0.8145985 
iter: 10  value: 23696.18 mgc: 0.02673559 ustep: 0.9025608 
iter: 11  value: 23696.18 mgc: 0.002448683 ustep: 0.950037 
iter: 12  value: 23696.18 mgc: 0.0001858631 ustep: 0.974701 
iter: 13  value: 23696.18 mgc: 7.365349e-06 ustep: 0.9872707 
iter: 14  value: 23696.18 mgc: 1.472767e-07 ustep: 0.9936156 
iter: 15  mgc: 1.482232e-09 
iter: 1  mgc: 1.482232e-09 
Matching hessian patterns... Done
outer mgc:  226.0382 
iter: 1  value: 23393.52 mgc: 2.750812 ustep: 1 
iter: 2  value: 23393.12 mgc: 0.3819664 ustep: 1 
iter: 3  value: 23393.12 mgc: 0.003458819 ustep: 1 
iter: 4  value: 23393.12 mgc: 1.347656e-06 ustep: 1 
iter: 5  mgc: 1.149081e-13 
iter: 1  value: 23917.94 mgc: 21.96955 ustep: 1 
iter: 2  value: 23480.57 mgc: 31.90973 ustep: 1 
iter: 3  value: 23273.09 mgc: 17.17466 ustep: 0.1336527 
iter: 4  value: 23210.03 mgc: 11.52133 ustep: 0.3656489 
iter: 5  value: 23198.25 mgc: 9.529441 ustep: 0.6047286 
iter: 6  value: 23196.93 mgc: 1.53327 ustep: 0.7776652 
iter: 7  value: 23196.85 mgc: 0.3137397 ustep: 0.8818651 
iter: 8  value: 23196.85 mgc: 0.04233826 ustep: 0.9390828 
iter: 9  value: 23196.85 mgc: 0.002368238 ustep: 0.969066 
iter: 10  value: 23196.85 mgc: 6.11759e-05 ustep: 0.984413 
iter: 11  value: 23196.85 mgc: 7.835596e-07 ustep: 0.9921767 
iter: 12  mgc: 5.038281e-09 
iter: 1  mgc: 1.149081e-13 
outer mgc:  150.3511 
iter: 1  value: 23094.38 mgc: 11.62554 ustep: 1 
iter: 2  value: 23032.28 mgc: 5.295713 ustep: 1 
iter: 3  value: 23032.17 mgc: 0.2764603 ustep: 1 
iter: 4  value: 23032.17 mgc: 0.00542133 ustep: 1 
iter: 5  value: 23032.17 mgc: 2.205334e-06 ustep: 1 
iter: 6  mgc: 4.440892e-13 
iter: 1  mgc: 4.440892e-13 
outer mgc:  183.0139 
iter: 1  value: 23872.73 mgc: 27.81967 ustep: 0.3857059 
iter: 2  value: 23834.79 mgc: 34.07762 ustep: 0.6210902 
iter: 3  value: 23528.86 mgc: 61.91801 ustep: 0.7881139 
iter: 4  value: 23470.45 mgc: 38.90009 ustep: 0.04465804 
iter: 5  value: 23468.09 mgc: 3.831587 ustep: 0.2114033 
iter: 6  value: 23467.51 mgc: 1.204779 ustep: 0.4598402 
iter: 7  value: 23467.42 mgc: 0.4299507 ustep: 0.6781474 
iter: 8  value: 23467.42 mgc: 0.08910277 ustep: 0.8235147 
iter: 9  value: 23467.42 mgc: 0.008366893 ustep: 0.9074864 
iter: 10  value: 23467.42 mgc: 0.0005222163 ustep: 0.9526255 
iter: 11  value: 23467.42 mgc: 3.94317e-05 ustep: 0.9760278 
iter: 12  value: 23467.42 mgc: 1.527318e-06 ustep: 0.9879424 
iter: 13  value: 23467.42 mgc: 2.997836e-08 ustep: 0.9939535 
iter: 14  mgc: 2.962091e-10 
iter: 1  value: 22954.55 mgc: 6.184047 ustep: 1 
iter: 2  value: 22954.24 mgc: 0.4685338 ustep: 1 
iter: 3  value: 22954.24 mgc: 0.004558257 ustep: 1 
iter: 4  value: 22954.24 mgc: 4.435357e-07 ustep: 1 
iter: 5  mgc: 1.648681e-14 
iter: 1  mgc: 1.648681e-14 
outer mgc:  56.25192 
iter: 1  value: 22899.47 mgc: 6.519611 ustep: 1 
iter: 2  value: 22898.81 mgc: 0.7355203 ustep: 1 
iter: 3  value: 22898.81 mgc: 0.01502799 ustep: 1 
iter: 4  value: 22898.81 mgc: 2.571844e-05 ustep: 1 
iter: 5  mgc: 7.620626e-11 
iter: 1  mgc: 7.620626e-11 
outer mgc:  93.53046 
iter: 1  value: 22780.58 mgc: 7.055891 ustep: 1 
iter: 2  value: 22773.35 mgc: 2.351414 ustep: 1 
iter: 3  value: 22773.32 mgc: 0.2016403 ustep: 1 
iter: 4  value: 22773.32 mgc: 0.002057935 ustep: 1 
iter: 5  value: 22773.32 mgc: 2.363747e-07 ustep: 1 
iter: 6  mgc: 4.707346e-14 
iter: 1  mgc: 4.707346e-14 
outer mgc:  100.3059 
iter: 1  value: 22694.81 mgc: 11.59225 ustep: 1 
iter: 2  value: 22693.97 mgc: 1.928258 ustep: 1 
iter: 3  value: 22693.97 mgc: 0.07073989 ustep: 1 
iter: 4  value: 22693.97 mgc: 0.0001021835 ustep: 1 
iter: 5  mgc: 2.144076e-10 
iter: 1  mgc: 2.144076e-10 
outer mgc:  96.69853 
iter: 1  value: 22717.78 mgc: 17.0118 ustep: 1 
iter: 2  value: 22714.41 mgc: 1.908348 ustep: 1 
iter: 3  value: 22714.41 mgc: 0.04740778 ustep: 1 
iter: 4  value: 22714.41 mgc: 2.426217e-05 ustep: 1 
iter: 5  mgc: 3.539391e-11 
iter: 1  value: 22679.98 mgc: 7.818952 ustep: 1 
iter: 2  value: 22679.73 mgc: 0.6796632 ustep: 1 
iter: 3  value: 22679.73 mgc: 0.005890615 ustep: 1 
iter: 4  value: 22679.73 mgc: 6.344218e-07 ustep: 1 
iter: 5  mgc: 5.045964e-14 
iter: 1  mgc: 5.045964e-14 
outer mgc:  133.1481 
iter: 1  value: 22662.99 mgc: 3.776343 ustep: 1 
iter: 2  value: 22662.98 mgc: 0.1032858 ustep: 1 
iter: 3  value: 22662.98 mgc: 0.0002326892 ustep: 1 
iter: 4  mgc: 1.704672e-09 
iter: 1  mgc: 1.704672e-09 
outer mgc:  24.72322 
iter: 1  value: 22646.73 mgc: 1.154615 ustep: 1 
iter: 2  value: 22646.73 mgc: 0.03284213 ustep: 1 
iter: 3  value: 22646.73 mgc: 2.208195e-05 ustep: 1 
iter: 4  mgc: 1.453593e-11 
iter: 1  value: 22611.77 mgc: 3.744276 ustep: 1 
iter: 2  value: 22611.72 mgc: 0.3329415 ustep: 1 
iter: 3  value: 22611.72 mgc: 0.001797118 ustep: 1 
iter: 4  value: 22611.72 mgc: 6.955663e-08 ustep: 1 
mgc: 6.020184e-14 
iter: 1  mgc: 6.020184e-14 
outer mgc:  96.55183 
iter: 1  value: 22602.46 mgc: 5.083078 ustep: 1 
iter: 2  value: 22602.42 mgc: 0.3237763 ustep: 1 
iter: 3  value: 22602.42 mgc: 0.002143844 ustep: 1 
iter: 4  value: 22602.42 mgc: 1.104074e-07 ustep: 1 
iter: 5  mgc: 5.817569e-14 
iter: 1  value: 22607.21 mgc: 6.033871 ustep: 1 
iter: 2  value: 22607.17 mgc: 0.2297572 ustep: 1 
iter: 3  value: 22607.17 mgc: 0.0007520596 ustep: 1 
iter: 4  value: 22607.17 mgc: 1.371221e-08 ustep: 1 
mgc: 6.061818e-14 
iter: 1  value: 22601.53 mgc: 3.427314 ustep: 1 
iter: 2  value: 22601.52 mgc: 0.06906567 ustep: 1 
iter: 3  value: 22601.52 mgc: 7.529381e-05 ustep: 1 
iter: 4  mgc: 1.311484e-10 
iter: 1  mgc: 1.311484e-10 
outer mgc:  38.52125 
iter: 1  value: 22598.03 mgc: 2.692514 ustep: 1 
iter: 2  value: 22598.03 mgc: 0.04376329 ustep: 1 
iter: 3  value: 22598.03 mgc: 2.342738e-05 ustep: 1 
iter: 4  mgc: 6.965983e-12 
iter: 1  mgc: 6.965983e-12 
outer mgc:  43.71264 
iter: 1  value: 22591.44 mgc: 1.807994 ustep: 1 
iter: 2  value: 22591.44 mgc: 0.01744763 ustep: 1 
iter: 3  value: 22591.44 mgc: 6.252576e-06 ustep: 1 
iter: 4  mgc: 1.134204e-12 
iter: 1  mgc: 1.134204e-12 
outer mgc:  24.77556 
iter: 1  value: 22587.05 mgc: 1.4158 ustep: 1 
iter: 2  value: 22587.05 mgc: 0.02300929 ustep: 1 
iter: 3  value: 22587.05 mgc: 3.551743e-06 ustep: 1 
iter: 4  mgc: 1.054712e-13 
iter: 1  mgc: 1.054712e-13 
outer mgc:  19.60075 
iter: 1  value: 22581.27 mgc: 1.119093 ustep: 1 
iter: 2  value: 22581.27 mgc: 0.01303578 ustep: 1 
iter: 3  value: 22581.27 mgc: 1.542892e-06 ustep: 1 
iter: 4  mgc: 1.04361e-13 
iter: 1  mgc: 1.04361e-13 
outer mgc:  29.4649 
iter: 1  value: 22578.11 mgc: 2.010772 ustep: 1 
iter: 2  value: 22578.11 mgc: 0.03510825 ustep: 1 
iter: 3  value: 22578.11 mgc: 2.786125e-05 ustep: 1 
iter: 4  mgc: 1.794209e-11 
iter: 1  mgc: 1.794209e-11 
outer mgc:  28.58556 
iter: 1  value: 22569.55 mgc: 3.054009 ustep: 1 
iter: 2  value: 22569.54 mgc: 0.05780426 ustep: 1 
iter: 3  value: 22569.54 mgc: 7.103306e-05 ustep: 1 
iter: 4  mgc: 1.456801e-10 
iter: 1  mgc: 1.456801e-10 
outer mgc:  14.0515 
iter: 1  value: 22567.57 mgc: 3.93555 ustep: 1 
iter: 2  value: 22567.57 mgc: 0.04868707 ustep: 1 
iter: 3  value: 22567.57 mgc: 9.545723e-06 ustep: 1 
iter: 4  mgc: 7.063239e-13 
iter: 1  mgc: 7.063239e-13 
outer mgc:  32.31746 
iter: 1  value: 22565.87 mgc: 3.518542 ustep: 1 
iter: 2  value: 22565.87 mgc: 0.03296948 ustep: 1 
iter: 3  value: 22565.87 mgc: 4.478687e-06 ustep: 1 
iter: 4  mgc: 2.826628e-13 
iter: 1  value: 22565 mgc: 1.546935 ustep: 1 
iter: 2  value: 22565 mgc: 0.006896238 ustep: 1 
iter: 3  value: 22565 mgc: 4.050996e-07 ustep: 1 
iter: 4  mgc: 6.816769e-14 
iter: 1  mgc: 6.816769e-14 
outer mgc:  24.37217 
iter: 1  value: 22562.44 mgc: 1.520236 ustep: 1 
iter: 2  value: 22562.44 mgc: 0.007503339 ustep: 1 
iter: 3  value: 22562.44 mgc: 7.116512e-07 ustep: 1 
iter: 4  mgc: 7.149836e-14 
iter: 1  mgc: 7.149836e-14 
outer mgc:  7.050873 
iter: 1  value: 22559.29 mgc: 0.777443 ustep: 1 
iter: 2  value: 22559.29 mgc: 0.00383738 ustep: 1 
iter: 3  value: 22559.29 mgc: 1.346691e-07 ustep: 1 
iter: 4  mgc: 7.460699e-14 
iter: 1  mgc: 7.460699e-14 
outer mgc:  14.42671 
iter: 1  value: 22557.36 mgc: 0.9842851 ustep: 1 
iter: 2  value: 22557.36 mgc: 0.004302949 ustep: 1 
iter: 3  value: 22557.36 mgc: 1.188207e-07 ustep: 1 
mgc: 6.838974e-14 
iter: 1  mgc: 6.838974e-14 
outer mgc:  4.738528 
iter: 1  value: 22553.77 mgc: 1.253368 ustep: 1 
iter: 2  value: 22553.77 mgc: 0.00578542 ustep: 1 
iter: 3  value: 22553.77 mgc: 4.86026e-07 ustep: 1 
iter: 4  mgc: 6.294965e-14 
iter: 1  mgc: 6.294965e-14 
outer mgc:  10.2013 
iter: 1  value: 22551.59 mgc: 0.9148677 ustep: 1 
iter: 2  value: 22551.59 mgc: 0.003725143 ustep: 1 
iter: 3  value: 22551.59 mgc: 2.086992e-07 ustep: 1 
iter: 4  mgc: 5.329071e-14 
iter: 1  mgc: 5.329071e-14 
outer mgc:  12.69253 
iter: 1  value: 22549.05 mgc: 1.376795 ustep: 1 
iter: 2  value: 22549.05 mgc: 0.005092393 ustep: 1 
iter: 3  value: 22549.05 mgc: 2.588168e-07 ustep: 1 
iter: 4  mgc: 6.528111e-14 
iter: 1  mgc: 6.528111e-14 
outer mgc:  8.791269 
iter: 1  value: 22548.15 mgc: 0.8576823 ustep: 1 
iter: 2  value: 22548.15 mgc: 0.0020671 ustep: 1 
iter: 3  value: 22548.15 mgc: 9.113791e-08 ustep: 1 
iter: 4  mgc: 6.994405e-14 
iter: 1  mgc: 6.994405e-14 
outer mgc:  12.72213 
iter: 1  value: 22547.17 mgc: 0.6711549 ustep: 1 
iter: 2  value: 22547.17 mgc: 0.001578384 ustep: 1 
iter: 3  value: 22547.17 mgc: 3.785214e-08 ustep: 1 
mgc: 6.084022e-14 
iter: 1  mgc: 6.084022e-14 
outer mgc:  8.596636 
iter: 1  value: 22546.48 mgc: 0.3437261 ustep: 1 
iter: 2  value: 22546.48 mgc: 0.0003070708 ustep: 1 
iter: 3  mgc: 1.047386e-09 
iter: 1  mgc: 1.047386e-09 
outer mgc:  3.938363 
iter: 1  value: 22545.12 mgc: 0.2812096 ustep: 1 
iter: 2  value: 22545.12 mgc: 0.0004129748 ustep: 1 
iter: 3  mgc: 3.246183e-09 
iter: 1  mgc: 3.246183e-09 
outer mgc:  4.42017 
iter: 1  value: 22543.94 mgc: 0.3736996 ustep: 1 
iter: 2  value: 22543.94 mgc: 0.0002637243 ustep: 1 
iter: 3  mgc: 5.277143e-10 
iter: 1  mgc: 5.277143e-10 
outer mgc:  2.498304 
iter: 1  value: 22542.56 mgc: 0.4812384 ustep: 1 
iter: 2  value: 22542.56 mgc: 0.0007383244 ustep: 1 
iter: 3  mgc: 3.858296e-09 
iter: 1  value: 22541.52 mgc: 0.7421132 ustep: 1 
iter: 2  value: 22541.52 mgc: 0.001543518 ustep: 1 
iter: 3  value: 22541.52 mgc: 1.938389e-08 ustep: 1 
mgc: 5.861978e-14 
iter: 1  mgc: 5.861978e-14 
outer mgc:  3.983452 
iter: 1  value: 22536.25 mgc: 1.027884 ustep: 1 
iter: 2  value: 22536.25 mgc: 0.002592687 ustep: 1 
iter: 3  value: 22536.25 mgc: 4.597909e-08 ustep: 1 
iter: 4  mgc: 6.639134e-14 
iter: 1  mgc: 6.639134e-14 
outer mgc:  13.80273 
iter: 1  value: 22530.87 mgc: 2.013281 ustep: 1 
iter: 2  value: 22530.87 mgc: 0.005828127 ustep: 1 
iter: 3  value: 22530.87 mgc: 9.045658e-07 ustep: 1 
iter: 4  mgc: 5.018208e-14 
iter: 1  mgc: 5.018208e-14 
outer mgc:  6.397289 
iter: 1  value: 22526.15 mgc: 3.11627 ustep: 1 
iter: 2  value: 22526.15 mgc: 0.0227196 ustep: 1 
iter: 3  value: 22526.15 mgc: 5.144374e-06 ustep: 1 
iter: 4  mgc: 3.770317e-13 
iter: 1  value: 22530.61 mgc: 1.185969 ustep: 1 
iter: 2  value: 22530.61 mgc: 0.00440423 ustep: 1 
iter: 3  value: 22530.61 mgc: 2.512944e-07 ustep: 1 
iter: 4  mgc: 6.37268e-14 
iter: 1  value: 22530.67 mgc: 0.3934493 ustep: 1 
iter: 2  value: 22530.67 mgc: 0.0004903366 ustep: 1 
iter: 3  mgc: 3.104265e-09 
iter: 1  mgc: 3.104265e-09 
outer mgc:  5.190164 
iter: 1  value: 22530.09 mgc: 0.3545921 ustep: 1 
iter: 2  value: 22530.09 mgc: 0.0001508769 ustep: 1 
iter: 3  mgc: 1.001608e-10 
iter: 1  mgc: 1.001608e-10 
outer mgc:  3.277066 
iter: 1  value: 22529.18 mgc: 0.3694756 ustep: 1 
iter: 2  value: 22529.18 mgc: 0.0001911938 ustep: 1 
iter: 3  mgc: 4.338537e-10 
iter: 1  mgc: 4.338537e-10 
outer mgc:  3.804795 
iter: 1  value: 22527.97 mgc: 0.1875981 ustep: 1 
iter: 2  value: 22527.97 mgc: 0.0002334152 ustep: 1 
iter: 3  mgc: 8.446328e-10 
iter: 1  value: 22526.83 mgc: 0.2633207 ustep: 1 
iter: 2  value: 22526.83 mgc: 0.0002045005 ustep: 1 
iter: 3  mgc: 3.501848e-10 
iter: 1  mgc: 3.501848e-10 
outer mgc:  2.489428 
iter: 1  value: 22524.04 mgc: 0.4907347 ustep: 1 
iter: 2  value: 22524.04 mgc: 0.0005909098 ustep: 1 
iter: 3  mgc: 7.109483e-09 
iter: 1  mgc: 7.109483e-09 
outer mgc:  7.212043 
iter: 1  value: 22521.27 mgc: 0.8096554 ustep: 1 
iter: 2  value: 22521.27 mgc: 0.0009888794 ustep: 1 
iter: 3  mgc: 2.87777e-09 
iter: 1  mgc: 2.87777e-09 
outer mgc:  1.894981 
iter: 1  value: 22518.84 mgc: 1.031943 ustep: 1 
iter: 2  value: 22518.84 mgc: 0.002625037 ustep: 1 
iter: 3  value: 22518.84 mgc: 1.293075e-07 ustep: 1 
iter: 4  mgc: 5.462297e-14 
iter: 1  mgc: 5.462297e-14 
outer mgc:  9.262246 
iter: 1  value: 22517.22 mgc: 0.4093714 ustep: 1 
iter: 2  value: 22517.22 mgc: 0.000495484 ustep: 1 
iter: 3  mgc: 4.559875e-09 
iter: 1  mgc: 4.559875e-09 
outer mgc:  1.680941 
iter: 1  value: 22516.04 mgc: 0.3319305 ustep: 1 
iter: 2  value: 22516.04 mgc: 0.0001996864 ustep: 1 
iter: 3  mgc: 5.408585e-10 
iter: 1  mgc: 5.408585e-10 
outer mgc:  2.164787 
iter: 1  value: 22514.57 mgc: 0.247998 ustep: 1 
iter: 2  value: 22514.57 mgc: 6.97807e-05 ustep: 1 
iter: 3  mgc: 1.771583e-11 
iter: 1  value: 22513 mgc: 0.3554027 ustep: 1 
iter: 2  value: 22513 mgc: 0.0001051205 ustep: 1 
iter: 3  mgc: 1.007407e-10 
iter: 1  value: 22509.55 mgc: 0.7996381 ustep: 1 
iter: 2  value: 22509.55 mgc: 0.0005310358 ustep: 1 
iter: 3  mgc: 2.55557e-09 
iter: 1  mgc: 2.55557e-09 
outer mgc:  6.362505 
iter: 1  value: 22503.64 mgc: 1.378055 ustep: 1 
iter: 2  value: 22503.64 mgc: 0.001311454 ustep: 1 
iter: 3  mgc: 7.630565e-09 
iter: 1  mgc: 7.630565e-09 
outer mgc:  3.823994 
iter: 1  value: 22501.55 mgc: 2.74811 ustep: 1 
iter: 2  value: 22501.55 mgc: 0.004498467 ustep: 1 
iter: 3  value: 22501.55 mgc: 1.940558e-07 ustep: 1 
iter: 4  mgc: 6.927792e-14 
iter: 1  mgc: 6.927792e-14 
outer mgc:  7.954401 
iter: 1  value: 22497.47 mgc: 0.6909204 ustep: 1 
iter: 2  value: 22497.47 mgc: 0.0004371056 ustep: 1 
iter: 3  mgc: 2.539677e-09 
iter: 1  mgc: 2.539677e-09 
outer mgc:  6.234938 
iter: 1  value: 22492.92 mgc: 0.6312524 ustep: 1 
iter: 2  value: 22492.92 mgc: 0.0002689875 ustep: 1 
iter: 3  mgc: 6.578329e-10 
iter: 1  mgc: 6.578329e-10 
outer mgc:  2.56054 
iter: 1  value: 22490.93 mgc: 1.928559 ustep: 1 
iter: 2  value: 22490.93 mgc: 0.001865282 ustep: 1 
iter: 3  value: 22490.93 mgc: 2.273017e-08 ustep: 1 
mgc: 7.610579e-14 
iter: 1  mgc: 7.610579e-14 
outer mgc:  1.64588 
iter: 1  value: 22489.05 mgc: 0.7074906 ustep: 1 
iter: 2  value: 22489.05 mgc: 0.0002025019 ustep: 1 
iter: 3  mgc: 1.400632e-10 
iter: 1  mgc: 1.400632e-10 
outer mgc:  1.527857 
iter: 1  value: 22486.35 mgc: 0.5507111 ustep: 1 
iter: 2  value: 22486.35 mgc: 9.115312e-05 ustep: 1 
iter: 3  mgc: 2.319656e-11 
iter: 1  value: 22482.22 mgc: 0.7582704 ustep: 1 
iter: 2  value: 22482.22 mgc: 0.0001744152 ustep: 1 
iter: 3  mgc: 1.028564e-10 
iter: 1  mgc: 1.028564e-10 
outer mgc:  2.935848 
iter: 1  value: 22475.67 mgc: 1.377893 ustep: 1 
iter: 2  value: 22475.67 mgc: 0.0003821767 ustep: 1 
iter: 3  mgc: 4.756666e-10 
iter: 1  mgc: 4.756666e-10 
outer mgc:  2.183491 
iter: 1  value: 22469.92 mgc: 1.416839 ustep: 1 
iter: 2  value: 22469.92 mgc: 0.0003888894 ustep: 1 
iter: 3  mgc: 6.748699e-10 
iter: 1  value: 22459.62 mgc: 2.805991 ustep: 1 
iter: 2  value: 22459.62 mgc: 0.001236605 ustep: 1 
iter: 3  mgc: 9.020676e-09 
iter: 1  mgc: 9.020676e-09 
outer mgc:  1.645617 
iter: 1  value: 22447.42 mgc: 4.540255 ustep: 1 
iter: 2  value: 22447.42 mgc: 0.001413659 ustep: 1 
iter: 3  mgc: 8.140108e-09 
iter: 1  mgc: 8.140108e-09 
outer mgc:  4.66033 
iter: 1  value: 22437.41 mgc: 2.707632 ustep: 1 
iter: 2  value: 22437.41 mgc: 0.000497533 ustep: 1 
iter: 3  mgc: 2.247549e-09 
iter: 1  mgc: 2.247549e-09 
outer mgc:  1.243208 
iter: 1  value: 22426.08 mgc: 2.08291 ustep: 1 
iter: 2  value: 22426.08 mgc: 0.001067832 ustep: 1 
iter: 3  value: 22426.08 mgc: 2.48781e-08 ustep: 1 
mgc: 1.278977e-13 
iter: 1  mgc: 1.278977e-13 
outer mgc:  2.196711 
iter: 1  value: 22421.22 mgc: 5.107464 ustep: 1 
iter: 2  value: 22421.22 mgc: 0.0008252875 ustep: 1 
iter: 3  mgc: 8.136517e-09 
iter: 1  mgc: 8.136517e-09 
outer mgc:  1.43998 
iter: 1  value: 22413.61 mgc: 2.165112 ustep: 1 
iter: 2  value: 22413.61 mgc: 0.0002552752 ustep: 1 
iter: 3  mgc: 7.5788e-10 
iter: 1  mgc: 7.5788e-10 
outer mgc:  0.3746525 
iter: 1  value: 22406.58 mgc: 1.749827 ustep: 1 
iter: 2  value: 22406.58 mgc: 4.885171e-05 ustep: 1 
iter: 3  mgc: 8.370638e-12 
iter: 1  mgc: 8.370638e-12 
outer mgc:  0.3655642 
iter: 1  value: 22387.06 mgc: 4.551988 ustep: 1 
iter: 2  value: 22387.06 mgc: 0.0001136495 ustep: 1 
iter: 3  mgc: 4.471357e-11 
iter: 1  mgc: 4.471357e-11 
outer mgc:  0.1031817 
iter: 1  value: 22370.99 mgc: 3.547732 ustep: 1 
iter: 2  value: 22370.99 mgc: 3.497807e-05 ustep: 1 
iter: 3  mgc: 4.836131e-12 
iter: 1  mgc: 4.836131e-12 
outer mgc:  0.06262095 
iter: 1  value: 22351.28 mgc: 4.47829 ustep: 1 
iter: 2  value: 22351.28 mgc: 2.564024e-05 ustep: 1 
iter: 3  mgc: 2.353673e-12 
iter: 1  mgc: 2.353673e-12 
outer mgc:  0.05202479 
iter: 1  value: 22334.77 mgc: 3.759432 ustep: 1 
iter: 2  value: 22334.77 mgc: 9.34639e-06 ustep: 1 
iter: 3  mgc: 4.813927e-13 
iter: 1  mgc: 4.813927e-13 
outer mgc:  0.0268398 
iter: 1  value: 22314.34 mgc: 4.745105 ustep: 1 
iter: 2  value: 22314.34 mgc: 7.70478e-06 ustep: 1 
iter: 3  mgc: 8.251178e-13 
iter: 1  mgc: 8.251178e-13 
outer mgc:  0.03552139 
iter: 1  value: 22297.35 mgc: 4.010038 ustep: 1 
iter: 2  value: 22297.35 mgc: 1.968753e-06 ustep: 1 
iter: 3  mgc: 1.101119e-12 
iter: 1  mgc: 1.101119e-12 
outer mgc:  0.01719211 
iter: 1  value: 22276.54 mgc: 4.709919 ustep: 1 
iter: 2  value: 22276.54 mgc: 1.93535e-06 ustep: 1 
iter: 3  mgc: 1.498357e-12 
iter: 1  mgc: 1.498357e-12 
outer mgc:  0.02378387 
iter: 1  value: 22259.25 mgc: 4.404269 ustep: 1 
iter: 2  value: 22259.25 mgc: 5.891302e-07 ustep: 1 
iter: 3  mgc: 2.387868e-12 
iter: 1  mgc: 2.387868e-12 
outer mgc:  0.01101101 
iter: 1  value: 22238.16 mgc: 4.480091 ustep: 1 
iter: 2  value: 22238.16 mgc: 4.123748e-07 ustep: 1 
iter: 3  mgc: 4.701128e-12 
iter: 1  mgc: 4.701128e-12 
outer mgc:  0.01271348 
iter: 1  value: 22220.7 mgc: 4.859262 ustep: 1 
iter: 2  value: 22220.7 mgc: 2.601832e-07 ustep: 1 
iter: 3  mgc: 9.922729e-12 
iter: 1  mgc: 9.922729e-12 
outer mgc:  0.007220109 
iter: 1  value: 22199.68 mgc: 4.530168 ustep: 1 
iter: 2  value: 22199.68 mgc: 5.867908e-08 ustep: 1 
iter: 3  mgc: 1.123013e-11 
iter: 1  mgc: 1.123013e-11 
outer mgc:  0.01122297 
iter: 1  value: 22182.3 mgc: 5.131133 ustep: 1 
iter: 2  value: 22182.3 mgc: 7.31951e-08 ustep: 1 
mgc: 1.070966e-11 
iter: 1  mgc: 1.070966e-11 
outer mgc:  0.007447701 
iter: 1  value: 22161.21 mgc: 8.988418 ustep: 1 
iter: 2  value: 22161.21 mgc: 4.336896e-08 ustep: 1 
mgc: 1.929579e-11 
iter: 1  mgc: 1.929579e-11 
outer mgc:  0.01049748 
iter: 1  value: 22143.79 mgc: 7.101025 ustep: 1 
iter: 2  value: 22143.79 mgc: 2.731838e-08 ustep: 1 
mgc: 2.261702e-11 
iter: 1  mgc: 2.261702e-11 
outer mgc:  0.006239477 
iter: 1  value: 22122.62 mgc: 14.25311 ustep: 1 
iter: 2  value: 22122.62 mgc: 2.365389e-08 ustep: 1 
mgc: 6.172751e-11 
iter: 1  mgc: 6.172751e-11 
outer mgc:  0.007197939 
iter: 1  value: 22105.14 mgc: 10.41185 ustep: 1 
iter: 2  mgc: 8.412371e-09 
iter: 1  mgc: 8.412371e-09 
outer mgc:  0.003111852 
iter: 1  mgc: 8.412371e-09 
iter: 1  mgc: 8.412371e-09 
outer mgc:  0.003111852 
iter: 1  value: 22105.14 mgc: 0.0119869 ustep: 1 
iter: 2  value: 22105.14 mgc: 3.811358e-07 ustep: 1 
iter: 3  mgc: 4.627942e-11 
outer mgc:  0.6561372 
iter: 1  value: 22105.14 mgc: 0.01197735 ustep: 1 
iter: 2  value: 22105.14 mgc: 3.804163e-07 ustep: 1 
iter: 3  mgc: 6.217191e-11 
outer mgc:  0.6608081 
iter: 1  value: 22105.14 mgc: 0.006328874 ustep: 1 
iter: 2  value: 22105.14 mgc: 8.783056e-08 ustep: 1 
iter: 3  mgc: 4.236034e-11 
outer mgc:  0.3631395 
iter: 1  value: 22105.14 mgc: 0.00632298 ustep: 1 
iter: 2  value: 22105.14 mgc: 8.765383e-08 ustep: 1 
iter: 3  mgc: 9.820234e-11 
outer mgc:  0.3662767 
iter: 1  value: 22105.14 mgc: 0.02344256 ustep: 1 
iter: 2  value: 22105.14 mgc: 4.838941e-06 ustep: 1 
iter: 3  mgc: 5.668532e-11 
outer mgc:  0.2806883 
iter: 1  value: 22105.14 mgc: 0.02343968 ustep: 1 
iter: 2  value: 22105.14 mgc: 4.849193e-06 ustep: 1 
iter: 3  mgc: 1.301483e-10 
outer mgc:  0.2793408 
iter: 1  value: 22105.14 mgc: 0.01216183 ustep: 1 
iter: 2  value: 22105.14 mgc: 1.242053e-06 ustep: 1 
iter: 3  mgc: 6.048184e-11 
outer mgc:  0.502664 
iter: 1  value: 22105.14 mgc: 0.01216097 ustep: 1 
iter: 2  value: 22105.14 mgc: 1.242209e-06 ustep: 1 
iter: 3  mgc: 5.371525e-11 
outer mgc:  0.5020414 
iter: 1  value: 22105.15 mgc: 0.02427138 ustep: 1 
iter: 2  value: 22105.15 mgc: 2.465481e-06 ustep: 1 
iter: 3  mgc: 4.045519e-11 
outer mgc:  0.8530708 
iter: 1  value: 22105.14 mgc: 0.02427155 ustep: 1 
iter: 2  value: 22105.14 mgc: 2.458597e-06 ustep: 1 
iter: 3  mgc: 6.257382e-11 
outer mgc:  0.8472796 
iter: 1  value: 22105.15 mgc: 0.01264596 ustep: 1 
iter: 2  value: 22105.15 mgc: 7.870689e-07 ustep: 1 
iter: 3  mgc: 6.326362e-11 
outer mgc:  0.7693402 
iter: 1  value: 22105.14 mgc: 0.01264678 ustep: 1 
iter: 2  value: 22105.14 mgc: 7.872846e-07 ustep: 1 
iter: 3  mgc: 5.408207e-11 
outer mgc:  0.766518 
iter: 1  value: 22105.24 mgc: 235.2816 ustep: 1 
iter: 2  value: 22105.24 mgc: 4.462033e-06 ustep: 1 
iter: 3  mgc: 6.930917e-11 
outer mgc:  0.09557765 
iter: 1  value: 22105.05 mgc: 235.9885 ustep: 1 
iter: 2  value: 22105.05 mgc: 4.457266e-06 ustep: 1 
iter: 3  mgc: 6.038192e-11 
outer mgc:  0.09895672 
iter: 1  value: 22105.17 mgc: 44.32173 ustep: 1 
iter: 2  value: 22105.17 mgc: 1.612812e-06 ustep: 1 
iter: 3  mgc: 4.817524e-11 
outer mgc:  0.1036704 
iter: 1  value: 22105.11 mgc: 44.36608 ustep: 1 
iter: 2  value: 22105.11 mgc: 1.614986e-06 ustep: 1 
iter: 3  mgc: 3.889067e-11 
outer mgc:  0.1017205 
iter: 1  value: 22105.17 mgc: 229.5195 ustep: 1 
iter: 2  value: 22105.17 mgc: 4.056435e-06 ustep: 1 
iter: 3  mgc: 6.136769e-11 
outer mgc:  0.1854505 
iter: 1  value: 22105.11 mgc: 229.7491 ustep: 1 
iter: 2  value: 22105.11 mgc: 4.053594e-06 ustep: 1 
iter: 3  mgc: 5.744161e-11 
outer mgc:  0.1795552 
iter: 1  value: 22105.17 mgc: 48.28665 ustep: 1 
iter: 2  value: 22105.17 mgc: 5.862974e-07 ustep: 1 
iter: 3  mgc: 4.597445e-11 
outer mgc:  0.05976707 
iter: 1  value: 22105.11 mgc: 48.30064 ustep: 1 
iter: 2  value: 22105.11 mgc: 5.84665e-07 ustep: 1 
iter: 3  mgc: 4.82423e-11 
outer mgc:  0.06346827 
iter: 1  value: 22105.14 mgc: 0.2331066 ustep: 1 
iter: 2  mgc: 6.834444e-11 
outer mgc:  0.003163914 
iter: 1  value: 22105.14 mgc: 0.2331044 ustep: 1 
iter: 2  mgc: 5.583578e-11 
outer mgc:  0.003059788 
iter: 1  value: 22105.14 mgc: 1.115113 ustep: 1 
iter: 2  mgc: 1.100875e-10 
outer mgc:  0.0028628 
iter: 1  value: 22105.14 mgc: 1.11511 ustep: 1 
iter: 2  mgc: 1.270126e-10 
outer mgc:  0.003360902 
iter: 1  value: 22105.1 mgc: 0.005084564 ustep: 1 
iter: 2  value: 22105.1 mgc: 1.323567e-07 ustep: 1 
iter: 3  mgc: 5.621503e-11 
outer mgc:  0.06277387 
iter: 1  value: 22105.18 mgc: 0.005084775 ustep: 1 
iter: 2  value: 22105.18 mgc: 1.324566e-07 ustep: 1 
iter: 3  mgc: 8.659296e-11 
outer mgc:  0.06356328 
[Sun Aug 15 07:35:25 2021]
Finished job 0.
1 of 1 steps (100%) done
