Building DAG of jobs...
Using shell: /usr/bin/bash
Provided cores: 1 (use --cores to define parallelism)
Rules claiming more threads will be scaled down.
Job counts:
	count	jobs
	1	inference_simulation_TMB_multiple
	1

[Sat Aug 14 21:46:45 2021]
rule inference_simulation_TMB_multiple:
    input: ../data/assessing_models_simulation/datasets/multiple_GenerationJnorm2_10_100_10_5_0.02_NA_NA_NA_dataset0.RDS
    output: ../data/assessing_models_simulation/inference_results/TMB/nlminb/multiple_GenerationJnorm2_10_100_10_5_0.02_diagREDM_NA_NA_NA_dataset0.RDS
    log: logs/inference/nlminb/simulation_GenerationJnorm2_10_100_10_5_0.02_ModeldiagREDM_NA_NA_NA_dataset0.log
    jobid: 0
    wildcards: optimiser=nlminb, datasetgeneration=GenerationJnorm2, n=10, nlambda=100, lmbda=10, d=5, beta_intensity=0.02, model=diagREDM, fixed_beta_intercept=NA, fixed_beta_slope=NA, sdRE_input=NA, itnum=0

Rscript 2_inference_TMB/run_TMB.R --input ../data/assessing_models_simulation/datasets/multiple_GenerationJnorm2_10_100_10_5_0.02_NA_NA_NA_dataset0.RDS --output ../data/assessing_models_simulation/inference_results/TMB/nlminb/multiple_GenerationJnorm2_10_100_10_5_0.02_diagREDM_NA_NA_NA_dataset0.RDS --model diagREDM --optimiser nlminb
Model: diagREDM 
Feature type: signatures 
Using nlminb: TRUE 
Simulation boolean: TRUE 
make: Nothing to be done for 'all'.
../data/assessing_models_simulation/datasets/multiple_GenerationJnorm2_10_100_10_5_0.02_NA_NA_NA_dataset0.RDS[1] "../data/assessing_models_simulation/datasets/multiple_GenerationJnorm2_10_100_10_5_0.02_NA_NA_NA_dataset0.RDS"
Reading file ../data/assessing_models_simulation/datasets/multiple_GenerationJnorm2_10_100_10_5_0.02_NA_NA_NA_dataset0.RDS 
Loading required package: nnet
# weights:  15 (8 variable)
initial  value 3098.167981 
iter  10 value 2860.214990
final  value 2856.249638 
converged
Constructing atomic invpd
Constructing atomic D_lgamma
Constructing atomic invpd
Constructing atomic D_lgamma
Constructing atomic matmul
Constructing atomic invpd
Constructing atomic D_lgamma
Constructing atomic matmul
Optimizing tape... Done
iter: 1  value: 3138.735 mgc: 86.39919 ustep: 1 
iter: 2  value: 2921.394 mgc: 53.25161 ustep: 0.2494656 
iter: 3  value: 2777.725 mgc: 82.41361 ustep: 0.4995153 
iter: 4  value: 2765.925 mgc: 24.51302 ustep: 0.7067933 
iter: 5  value: 2765.26 mgc: 5.799931 ustep: 0.8407259 
iter: 6  value: 2765.258 mgc: 0.2379471 ustep: 0.9169194 
iter: 7  value: 2765.258 mgc: 0.001987306 ustep: 0.9575633 
iter: 8  value: 2765.258 mgc: 4.470329e-06 ustep: 0.9785538 
iter: 9  mgc: 6.542307e-09 
iter: 1  mgc: 6.542307e-09 
Matching hessian patterns... Done
outer mgc:  56.33714 
iter: 1  value: 2754.814 mgc: 25.40752 ustep: 1 
iter: 2  value: 2753.595 mgc: 3.308226 ustep: 1 
iter: 3  value: 2753.594 mgc: 0.1600319 ustep: 1 
iter: 4  value: 2753.594 mgc: 0.0006040503 ustep: 1 
iter: 5  mgc: 9.865861e-09 
iter: 1  mgc: 9.865861e-09 
outer mgc:  41.12178 
iter: 1  value: 2755.552 mgc: 27.86361 ustep: 1 
iter: 2  value: 2755.008 mgc: 1.930456 ustep: 1 
iter: 3  value: 2755.007 mgc: 0.05483785 ustep: 1 
iter: 4  value: 2755.007 mgc: 4.946298e-05 ustep: 1 
iter: 5  mgc: 5.211465e-11 
iter: 1  value: 2742.39 mgc: 12.89068 ustep: 1 
iter: 2  value: 2742.333 mgc: 1.078975 ustep: 1 
iter: 3  value: 2742.333 mgc: 0.006123606 ustep: 1 
iter: 4  value: 2742.333 mgc: 1.977366e-07 ustep: 1 
iter: 5  mgc: 3.344103e-12 
iter: 1  mgc: 3.344103e-12 
outer mgc:  10.68582 
iter: 1  value: 2739.06 mgc: 10.11785 ustep: 1 
iter: 2  value: 2739.044 mgc: 0.4050734 ustep: 1 
iter: 3  value: 2739.044 mgc: 0.00125603 ustep: 1 
iter: 4  value: 2739.044 mgc: 3.771009e-08 ustep: 1 
mgc: 2.550802e-12 
iter: 1  mgc: 2.550802e-12 
outer mgc:  16.13853 
iter: 1  value: 2734.97 mgc: 11.52083 ustep: 1 
iter: 2  value: 2734.805 mgc: 1.056817 ustep: 1 
iter: 3  value: 2734.805 mgc: 0.01932191 ustep: 1 
iter: 4  value: 2734.805 mgc: 1.183205e-05 ustep: 1 
iter: 5  mgc: 4.486467e-12 
iter: 1  mgc: 4.486467e-12 
outer mgc:  6.540754 
iter: 1  value: 2731.252 mgc: 5.788866 ustep: 1 
iter: 2  value: 2731.247 mgc: 0.1727739 ustep: 1 
iter: 3  value: 2731.247 mgc: 0.0005658986 ustep: 1 
iter: 4  mgc: 6.582331e-09 
iter: 1  mgc: 6.582331e-09 
outer mgc:  7.537362 
iter: 1  value: 2727.796 mgc: 8.330847 ustep: 1 
iter: 2  value: 2727.657 mgc: 1.026582 ustep: 1 
iter: 3  value: 2727.657 mgc: 0.01193243 ustep: 1 
iter: 4  value: 2727.657 mgc: 3.816051e-06 ustep: 1 
iter: 5  mgc: 5.237477e-12 
iter: 1  mgc: 5.237477e-12 
outer mgc:  5.496104 
iter: 1  value: 2724.552 mgc: 5.038272 ustep: 1 
iter: 2  value: 2724.546 mgc: 0.2077975 ustep: 1 
iter: 3  value: 2724.546 mgc: 0.0005868663 ustep: 1 
iter: 4  mgc: 7.757707e-09 
iter: 1  mgc: 7.757707e-09 
outer mgc:  8.478811 
iter: 1  value: 2722.047 mgc: 9.652286 ustep: 1 
iter: 2  value: 2722.01 mgc: 0.453753 ustep: 1 
iter: 3  value: 2722.01 mgc: 0.003545735 ustep: 1 
iter: 4  value: 2722.01 mgc: 2.480276e-07 ustep: 1 
iter: 5  mgc: 2.220057e-12 
iter: 1  mgc: 2.220057e-12 
outer mgc:  13.70958 
iter: 1  value: 2718.131 mgc: 5.988347 ustep: 1 
iter: 2  value: 2718.13 mgc: 0.07750896 ustep: 1 
iter: 3  value: 2718.13 mgc: 8.931546e-05 ustep: 1 
iter: 4  mgc: 1.444316e-10 
iter: 1  mgc: 1.444316e-10 
outer mgc:  3.177559 
iter: 1  value: 2715.448 mgc: 5.523241 ustep: 1 
iter: 2  value: 2715.437 mgc: 0.2689062 ustep: 1 
iter: 3  value: 2715.437 mgc: 0.001451207 ustep: 1 
iter: 4  value: 2715.437 mgc: 4.314118e-08 ustep: 1 
mgc: 1.816464e-12 
iter: 1  mgc: 1.816464e-12 
outer mgc:  4.89841 
iter: 1  value: 2712.433 mgc: 1.546118 ustep: 1 
iter: 2  value: 2712.433 mgc: 0.02076243 ustep: 1 
iter: 3  value: 2712.433 mgc: 1.212255e-05 ustep: 1 
iter: 4  mgc: 1.015943e-11 
iter: 1  value: 2709.218 mgc: 3.14475 ustep: 1 
iter: 2  value: 2709.218 mgc: 0.05134574 ustep: 1 
iter: 3  value: 2709.218 mgc: 3.631563e-05 ustep: 1 
iter: 4  mgc: 3.05973e-11 
iter: 1  value: 2706.644 mgc: 7.127074 ustep: 1 
iter: 2  value: 2706.637 mgc: 0.2554366 ustep: 1 
iter: 3  value: 2706.637 mgc: 0.001089166 ustep: 1 
iter: 4  value: 2706.637 mgc: 4.865914e-08 ustep: 1 
mgc: 4.791723e-13 
iter: 1  mgc: 4.791723e-13 
outer mgc:  37.4339 
iter: 1  value: 2662.653 mgc: 20.94745 ustep: 1 
iter: 2  value: 2662.589 mgc: 0.7059315 ustep: 1 
iter: 3  value: 2662.589 mgc: 0.01371748 ustep: 1 
iter: 4  value: 2662.589 mgc: 6.471712e-06 ustep: 1 
iter: 5  mgc: 1.473044e-12 
iter: 1  value: 2562.075 mgc: 538.7377 ustep: 1 
iter: 2  value: 2562.07 mgc: 0.2561237 ustep: 1 
iter: 3  value: 2562.07 mgc: 3.433275e-05 ustep: 1 
iter: 4  mgc: 6.893375e-13 
iter: 1  value: 3684.147 mgc: 12315080 ustep: 1 
iter: 2  value: 3684.147 mgc: 0.0007042979 ustep: 1 
iter: 3  mgc: 1.110223e-15 
iter: 1  mgc: 6.893375e-13 
outer mgc:  25.62886 
iter: 1  value: 3162.323 mgc: 51.31284 ustep: 1 
iter: 2  value: 3155.365 mgc: 15.81802 ustep: 1 
iter: 3  value: 3155.351 mgc: 0.8396859 ustep: 1 
iter: 4  value: 3155.351 mgc: 0.002901433 ustep: 1 
iter: 5  value: 3155.351 mgc: 3.653541e-08 ustep: 1 
mgc: 1.278977e-13 
iter: 1  value: 2539.126 mgc: 1.467935 ustep: 1 
iter: 2  value: 2539.126 mgc: 0.001099234 ustep: 1 
iter: 3  mgc: 9.359764e-10 
iter: 1  mgc: 9.359764e-10 
outer mgc:  14.95064 
iter: 1  value: 2527.641 mgc: 1.498699 ustep: 1 
iter: 2  value: 2527.641 mgc: 0.001213708 ustep: 1 
iter: 3  mgc: 1.600062e-09 
iter: 1  mgc: 1.600062e-09 
outer mgc:  6.552321 
iter: 1  value: 2529.009 mgc: 4.039224 ustep: 1 
iter: 2  value: 2529.009 mgc: 0.005619567 ustep: 1 
iter: 3  value: 2529.009 mgc: 2.215197e-08 ustep: 1 
mgc: 3.996803e-15 
iter: 1  value: 2524.935 mgc: 1.517228 ustep: 1 
iter: 2  value: 2524.935 mgc: 0.001585548 ustep: 1 
iter: 3  mgc: 1.84263e-09 
iter: 1  mgc: 1.84263e-09 
outer mgc:  4.986523 
iter: 1  value: 2524.23 mgc: 1.866872 ustep: 1 
iter: 2  value: 2524.23 mgc: 0.002190747 ustep: 1 
iter: 3  mgc: 5.371384e-09 
iter: 1  mgc: 5.371384e-09 
outer mgc:  7.699056 
iter: 1  value: 2520.424 mgc: 1.743617 ustep: 1 
iter: 2  value: 2520.424 mgc: 0.0008711221 ustep: 1 
iter: 3  mgc: 7.04651e-10 
iter: 1  mgc: 7.04651e-10 
outer mgc:  2.236521 
iter: 1  value: 2520.528 mgc: 0.765941 ustep: 1 
iter: 2  value: 2520.528 mgc: 0.0001234189 ustep: 1 
iter: 3  mgc: 3.697764e-12 
iter: 1  value: 2520.126 mgc: 0.4309424 ustep: 1 
iter: 2  value: 2520.126 mgc: 2.353273e-05 ustep: 1 
iter: 3  mgc: 1.181277e-13 
iter: 1  mgc: 1.181277e-13 
outer mgc:  1.625206 
iter: 1  value: 2519.313 mgc: 0.328106 ustep: 1 
iter: 2  value: 2519.313 mgc: 3.307172e-05 ustep: 1 
iter: 3  mgc: 9.223178e-13 
iter: 1  mgc: 9.223178e-13 
outer mgc:  0.8634473 
iter: 1  value: 2518.796 mgc: 0.2382566 ustep: 1 
iter: 2  value: 2518.796 mgc: 2.266572e-05 ustep: 1 
iter: 3  mgc: 4.138911e-13 
iter: 1  mgc: 4.138911e-13 
outer mgc:  1.162804 
iter: 1  value: 2518.448 mgc: 0.2397126 ustep: 1 
iter: 2  value: 2518.448 mgc: 1.295671e-05 ustep: 1 
iter: 3  mgc: 1.327827e-13 
iter: 1  mgc: 1.327827e-13 
outer mgc:  0.4955279 
iter: 1  value: 2518.125 mgc: 0.1920555 ustep: 1 
iter: 2  value: 2518.125 mgc: 6.73158e-06 ustep: 1 
iter: 3  mgc: 7.549517e-15 
iter: 1  mgc: 7.549517e-15 
outer mgc:  1.039859 
iter: 1  value: 2517.728 mgc: 0.3093445 ustep: 1 
iter: 2  value: 2517.728 mgc: 2.870725e-05 ustep: 1 
iter: 3  mgc: 5.946355e-13 
iter: 1  mgc: 5.946355e-13 
outer mgc:  0.8329459 
iter: 1  value: 2517.488 mgc: 0.2071075 ustep: 1 
iter: 2  value: 2517.488 mgc: 1.646778e-05 ustep: 1 
iter: 3  mgc: 1.230127e-13 
iter: 1  mgc: 1.230127e-13 
outer mgc:  1.29614 
iter: 1  value: 2517.294 mgc: 0.344998 ustep: 1 
iter: 2  value: 2517.294 mgc: 3.059428e-05 ustep: 1 
iter: 3  mgc: 6.239453e-13 
iter: 1  value: 2517.459 mgc: 0.2734887 ustep: 1 
iter: 2  value: 2517.459 mgc: 2.309355e-05 ustep: 1 
iter: 3  mgc: 3.379796e-13 
iter: 1  mgc: 3.379796e-13 
outer mgc:  0.8456115 
iter: 1  value: 2517.306 mgc: 0.09750673 ustep: 1 
iter: 2  value: 2517.306 mgc: 4.497475e-06 ustep: 1 
iter: 3  mgc: 1.310063e-14 
iter: 1  mgc: 1.310063e-14 
outer mgc:  0.1391905 
iter: 1  value: 2517.203 mgc: 0.08012186 ustep: 1 
iter: 2  value: 2517.203 mgc: 3.529959e-07 ustep: 1 
mgc: 4.440892e-15 
iter: 1  mgc: 4.440892e-15 
outer mgc:  0.05535599 
iter: 1  value: 2517.049 mgc: 0.08827892 ustep: 1 
iter: 2  value: 2517.049 mgc: 5.036646e-07 ustep: 1 
mgc: 2.88658e-15 
iter: 1  value: 2516.733 mgc: 0.1845772 ustep: 1 
iter: 2  value: 2516.733 mgc: 1.85377e-06 ustep: 1 
iter: 3  mgc: 3.996803e-15 
iter: 1  mgc: 3.996803e-15 
outer mgc:  0.2078307 
iter: 1  value: 2516.331 mgc: 0.2698305 ustep: 1 
iter: 2  value: 2516.331 mgc: 3.512945e-06 ustep: 1 
iter: 3  mgc: 2.664535e-15 
iter: 1  value: 2515.853 mgc: 0.325679 ustep: 1 
iter: 2  value: 2515.853 mgc: 3.77898e-06 ustep: 1 
iter: 3  mgc: 5.107026e-15 
iter: 1  mgc: 5.107026e-15 
outer mgc:  0.2594301 
iter: 1  value: 2514.866 mgc: 0.6291129 ustep: 1 
iter: 2  value: 2514.866 mgc: 7.722263e-06 ustep: 1 
iter: 3  mgc: 1.154632e-14 
iter: 1  value: 2513.578 mgc: 0.8671057 ustep: 1 
iter: 2  value: 2513.578 mgc: 1.186183e-05 ustep: 1 
iter: 3  mgc: 5.107026e-14 
iter: 1  mgc: 5.107026e-14 
outer mgc:  0.4732743 
iter: 1  value: 2511.482 mgc: 1.864318 ustep: 1 
iter: 2  value: 2511.482 mgc: 6.81244e-05 ustep: 1 
iter: 3  mgc: 2.251088e-12 
iter: 1  mgc: 2.251088e-12 
outer mgc:  0.2145147 
iter: 1  value: 2509.249 mgc: 1.79428 ustep: 1 
iter: 2  value: 2509.249 mgc: 8.369534e-05 ustep: 1 
iter: 3  mgc: 4.728662e-12 
iter: 1  mgc: 4.728662e-12 
outer mgc:  0.1351646 
iter: 1  value: 2507.021 mgc: 1.832596 ustep: 1 
iter: 2  value: 2507.021 mgc: 0.0001153931 ustep: 1 
iter: 3  mgc: 1.248823e-11 
iter: 1  mgc: 1.248823e-11 
outer mgc:  0.1588278 
iter: 1  value: 2501.451 mgc: 7.875575 ustep: 1 
iter: 2  value: 2501.451 mgc: 0.001414693 ustep: 1 
iter: 3  mgc: 4.415946e-09 
iter: 1  mgc: 4.415946e-09 
outer mgc:  0.1047413 
iter: 1  value: 2498.875 mgc: 2.312119 ustep: 1 
iter: 2  value: 2498.875 mgc: 0.0006234157 ustep: 1 
iter: 3  mgc: 1.295276e-09 
iter: 1  mgc: 1.295276e-09 
outer mgc:  0.04132266 
iter: 1  value: 2498.999 mgc: 0.03959805 ustep: 1 
iter: 2  value: 2498.999 mgc: 3.46995e-07 ustep: 1 
iter: 3  mgc: 2.88658e-15 
iter: 1  mgc: 2.88658e-15 
outer mgc:  0.01341364 
iter: 1  value: 2498.99 mgc: 0.03844004 ustep: 1 
iter: 2  value: 2498.99 mgc: 6.752512e-07 ustep: 1 
iter: 3  mgc: 3.552714e-15 
iter: 1  mgc: 3.552714e-15 
outer mgc:  0.008940662 
iter: 1  value: 2499.053 mgc: 0.07299938 ustep: 1 
iter: 2  value: 2499.053 mgc: 1.385381e-06 ustep: 1 
iter: 3  mgc: 6.217249e-15 
iter: 1  mgc: 6.217249e-15 
outer mgc:  0.01262086 
iter: 1  value: 2499.128 mgc: 0.07881417 ustep: 1 
iter: 2  value: 2499.128 mgc: 1.657358e-06 ustep: 1 
iter: 3  mgc: 3.552714e-15 
iter: 1  mgc: 3.552714e-15 
outer mgc:  0.01809899 
iter: 1  value: 2499.53 mgc: 0.343681 ustep: 1 
iter: 2  value: 2499.53 mgc: 3.657022e-05 ustep: 1 
iter: 3  mgc: 5.844214e-13 
iter: 1  mgc: 5.844214e-13 
outer mgc:  0.03580859 
iter: 1  value: 2500.545 mgc: 0.7807844 ustep: 1 
iter: 2  value: 2500.545 mgc: 0.000282183 ustep: 1 
iter: 3  mgc: 5.475931e-11 
iter: 1  mgc: 5.475931e-11 
outer mgc:  0.05749746 
iter: 1  value: 2501.263 mgc: 0.5999074 ustep: 1 
iter: 2  value: 2501.263 mgc: 0.0002304448 ustep: 1 
iter: 3  mgc: 5.035217e-11 
iter: 1  mgc: 5.035217e-11 
outer mgc:  0.05213474 
iter: 1  value: 2501.44 mgc: 0.205032 ustep: 1 
iter: 2  value: 2501.44 mgc: 3.1479e-05 ustep: 1 
iter: 3  mgc: 9.885426e-13 
iter: 1  mgc: 9.885426e-13 
outer mgc:  0.02140119 
iter: 1  value: 2501.435 mgc: 0.1392968 ustep: 1 
iter: 2  value: 2501.435 mgc: 1.51121e-05 ustep: 1 
iter: 3  mgc: 9.934276e-13 
iter: 1  mgc: 9.934276e-13 
outer mgc:  0.004957806 
iter: 1  value: 2501.436 mgc: 0.05126457 ustep: 1 
iter: 2  value: 2501.436 mgc: 3.47366e-07 ustep: 1 
iter: 3  mgc: 3.330669e-15 
iter: 1  mgc: 3.330669e-15 
outer mgc:  0.004133277 
iter: 1  value: 2501.44 mgc: 0.2465756 ustep: 1 
iter: 2  value: 2501.44 mgc: 2.626311e-06 ustep: 1 
iter: 3  mgc: 7.105427e-15 
iter: 1  mgc: 7.105427e-15 
outer mgc:  0.02320801 
iter: 1  value: 2501.36 mgc: 0.9449495 ustep: 1 
iter: 2  value: 2501.36 mgc: 1.961363e-05 ustep: 1 
iter: 3  mgc: 4.676259e-13 
iter: 1  mgc: 4.676259e-13 
outer mgc:  0.0819476 
iter: 1  value: 2501.061 mgc: 3.058641 ustep: 1 
iter: 2  value: 2501.061 mgc: 0.0001296722 ustep: 1 
iter: 3  mgc: 2.191403e-11 
iter: 1  mgc: 2.191403e-11 
outer mgc:  0.2272029 
iter: 1  value: 2498.958 mgc: 68.38906 ustep: 1 
iter: 2  value: 2498.958 mgc: 0.03446572 ustep: 1 
iter: 3  value: 2498.958 mgc: 2.080569e-06 ustep: 1 
iter: 4  mgc: 1.065814e-14 
iter: 1  value: 2489.905 mgc: 68259.92 ustep: 1 
iter: 2  value: 2489.785 mgc: 0.9045986 ustep: 1 
iter: 3  value: 2489.785 mgc: 0.03162162 ustep: 1 
iter: 4  value: 2489.785 mgc: 2.333073e-05 ustep: 1 
iter: 5  mgc: 1.324229e-11 
iter: 1  mgc: 1.065814e-14 
outer mgc:  0.9187537 
iter: 1  value: 2492.866 mgc: 24.70825 ustep: 1 
iter: 2  value: 2492.863 mgc: 0.2141692 ustep: 1 
iter: 3  value: 2492.863 mgc: 0.0003720025 ustep: 1 
iter: 4  mgc: 1.161137e-09 
iter: 1  value: 2498.416 mgc: 0.7578816 ustep: 1 
iter: 2  value: 2498.416 mgc: 0.0008610916 ustep: 1 
iter: 3  mgc: 1.862738e-09 
iter: 1  mgc: 1.862738e-09 
outer mgc:  0.9190228 
iter: 1  value: 2497.894 mgc: 2.410052 ustep: 1 
iter: 2  value: 2497.894 mgc: 0.01834724 ustep: 1 
iter: 3  value: 2497.894 mgc: 9.631715e-07 ustep: 1 
iter: 4  mgc: 3.774758e-15 
iter: 1  value: 2498.221 mgc: 0.3082143 ustep: 1 
iter: 2  value: 2498.221 mgc: 0.0002656379 ustep: 1 
iter: 3  mgc: 1.220721e-10 
iter: 1  mgc: 1.220721e-10 
outer mgc:  0.5616788 
iter: 1  value: 2497.83 mgc: 0.225522 ustep: 1 
iter: 2  value: 2497.83 mgc: 3.141698e-05 ustep: 1 
iter: 3  mgc: 1.668887e-12 
iter: 1  value: 2497.104 mgc: 0.3952317 ustep: 1 
iter: 2  value: 2497.104 mgc: 0.0001730254 ustep: 1 
iter: 3  mgc: 3.921974e-11 
iter: 1  value: 2493.593 mgc: 2.108027 ustep: 1 
iter: 2  value: 2493.593 mgc: 0.006363205 ustep: 1 
iter: 3  value: 2493.593 mgc: 1.396478e-07 ustep: 1 
mgc: 4.884981e-15 
iter: 1  value: 2488.557 mgc: 3.123063 ustep: 1 
iter: 2  value: 2488.557 mgc: 0.02389093 ustep: 1 
iter: 3  value: 2488.557 mgc: 4.20471e-06 ustep: 1 
iter: 4  mgc: 1.265654e-13 
iter: 1  mgc: 4.884981e-15 
outer mgc:  0.5606916 
iter: 1  value: 2490.93 mgc: 2.733472 ustep: 1 
iter: 2  value: 2490.93 mgc: 0.01021789 ustep: 1 
iter: 3  value: 2490.93 mgc: 7.030829e-07 ustep: 1 
iter: 4  mgc: 4.440892e-15 
iter: 1  mgc: 4.440892e-15 
outer mgc:  0.1705035 
iter: 1  value: 2487.192 mgc: 3.291205 ustep: 1 
iter: 2  value: 2487.192 mgc: 0.00984879 ustep: 1 
iter: 3  value: 2487.192 mgc: 4.71922e-07 ustep: 1 
iter: 4  mgc: 3.552714e-15 
iter: 1  mgc: 3.552714e-15 
outer mgc:  0.2872644 
iter: 1  value: 2484.613 mgc: 1.475361 ustep: 1 
iter: 2  value: 2484.613 mgc: 0.0004532126 ustep: 1 
iter: 3  mgc: 1.006007e-09 
iter: 1  mgc: 1.006007e-09 
outer mgc:  0.07396855 
iter: 1  value: 2482.364 mgc: 1.327688 ustep: 1 
iter: 2  value: 2482.364 mgc: 0.0001795968 ustep: 1 
iter: 3  mgc: 1.779208e-10 
iter: 1  mgc: 1.779208e-10 
outer mgc:  0.0347536 
iter: 1  value: 2480.024 mgc: 1.32747 ustep: 1 
iter: 2  value: 2480.024 mgc: 2.789438e-05 ustep: 1 
iter: 3  mgc: 8.615331e-13 
iter: 1  mgc: 8.615331e-13 
outer mgc:  0.02632112 
iter: 1  value: 2475.096 mgc: 3.497569 ustep: 1 
iter: 2  value: 2475.096 mgc: 3.358983e-05 ustep: 1 
iter: 3  mgc: 3.984368e-12 
iter: 1  mgc: 3.984368e-12 
outer mgc:  0.0227931 
iter: 1  value: 2470.365 mgc: 3.026368 ustep: 1 
iter: 2  value: 2470.365 mgc: 8.981488e-06 ustep: 1 
iter: 3  mgc: 1.061373e-13 
iter: 1  mgc: 1.061373e-13 
outer mgc:  0.0174595 
iter: 1  value: 2465.63 mgc: 3.057559 ustep: 1 
iter: 2  value: 2465.63 mgc: 2.964699e-06 ustep: 1 
iter: 3  mgc: 2.309264e-14 
iter: 1  mgc: 2.309264e-14 
outer mgc:  0.006522125 
iter: 1  value: 2460.897 mgc: 3.016992 ustep: 1 
iter: 2  value: 2460.897 mgc: 6.221898e-07 ustep: 1 
iter: 3  mgc: 6.217249e-15 
iter: 1  mgc: 6.217249e-15 
outer mgc:  0.003833955 
iter: 1  value: 2456.167 mgc: 3.069529 ustep: 1 
iter: 2  value: 2456.167 mgc: 2.015784e-07 ustep: 1 
iter: 3  mgc: 3.552714e-15 
iter: 1  mgc: 3.552714e-15 
outer mgc:  0.005105472 
iter: 1  value: 2451.435 mgc: 3.050463 ustep: 1 
iter: 2  value: 2451.435 mgc: 3.884095e-08 ustep: 1 
mgc: 2.997602e-15 
iter: 1  mgc: 2.997602e-15 
outer mgc:  0.002160481 
iter: 1  value: 2446.703 mgc: 3.06803 ustep: 1 
iter: 2  value: 2446.703 mgc: 3.737566e-08 ustep: 1 
mgc: 3.552714e-15 
iter: 1  mgc: 3.552714e-15 
outer mgc:  0.0006059729 
iter: 1  value: 2441.97 mgc: 3.055692 ustep: 1 
iter: 2  mgc: 3.66729e-09 
iter: 1  mgc: 3.66729e-09 
outer mgc:  0.0008270958 
iter: 1  value: 2437.236 mgc: 3.060804 ustep: 1 
iter: 2  mgc: 2.366992e-09 
iter: 1  mgc: 2.366992e-09 
outer mgc:  0.000604701 
iter: 1  value: 2432.502 mgc: 3.056724 ustep: 1 
iter: 2  mgc: 8.041141e-10 
iter: 1  mgc: 8.041141e-10 
outer mgc:  0.000261279 
iter: 1  value: 2427.769 mgc: 3.059166 ustep: 1 
iter: 2  mgc: 2.303095e-10 
iter: 1  mgc: 2.303095e-10 
outer mgc:  8.867225e-05 
iter: 1  value: 2423.035 mgc: 3.058281 ustep: 1 
iter: 2  mgc: 8.410428e-11 
iter: 1  mgc: 8.410428e-11 
outer mgc:  0.0001148002 
iter: 1  value: 2418.301 mgc: 3.059184 ustep: 1 
iter: 2  mgc: 3.061773e-11 
iter: 1  mgc: 3.061773e-11 
outer mgc:  8.777798e-05 
iter: 1  value: 2413.567 mgc: 3.058823 ustep: 1 
iter: 2  mgc: 4.091838e-12 
iter: 1  mgc: 4.091838e-12 
outer mgc:  2.206708e-05 
iter: 1  value: 2408.834 mgc: 3.059014 ustep: 1 
iter: 2  mgc: 6.181944e-12 
iter: 1  mgc: 6.181944e-12 
outer mgc:  8.576239e-06 
iter: 1  mgc: 6.181944e-12 
iter: 1  mgc: 6.181944e-12 
outer mgc:  8.576239e-06 
iter: 1  value: 2408.834 mgc: 0.003718146 ustep: 1 
iter: 2  value: 2408.834 mgc: 1.017636e-08 ustep: 1 
mgc: 2.775558e-15 
outer mgc:  0.02275562 
iter: 1  value: 2408.833 mgc: 0.003715393 ustep: 1 
iter: 2  value: 2408.833 mgc: 1.015345e-08 ustep: 1 
mgc: 2.220446e-15 
outer mgc:  0.02273402 
iter: 1  value: 2408.834 mgc: 0.001831658 ustep: 1 
iter: 2  mgc: 2.695371e-09 
outer mgc:  0.01139226 
iter: 1  value: 2408.833 mgc: 0.00183017 ustep: 1 
iter: 2  mgc: 2.689847e-09 
outer mgc:  0.01137696 
iter: 1  value: 2408.834 mgc: 0.00517283 ustep: 1 
iter: 2  value: 2408.834 mgc: 3.093819e-08 ustep: 1 
mgc: 3.552714e-15 
outer mgc:  0.03923282 
iter: 1  value: 2408.833 mgc: 0.00517042 ustep: 1 
iter: 2  value: 2408.833 mgc: 3.084831e-08 ustep: 1 
mgc: 4.440892e-15 
outer mgc:  0.03921327 
iter: 1  value: 2408.834 mgc: 0.002963076 ustep: 1 
iter: 2  mgc: 9.259583e-09 
outer mgc:  0.02272042 
iter: 1  value: 2408.833 mgc: 0.002962002 ustep: 1 
iter: 2  mgc: 9.238059e-09 
outer mgc:  0.02269927 
iter: 1  value: 2408.833 mgc: 0.003513868 ustep: 1 
iter: 2  value: 2408.833 mgc: 4.812973e-08 ustep: 1 
mgc: 5.329071e-15 
outer mgc:  0.02119162 
iter: 1  value: 2408.834 mgc: 0.003511084 ustep: 1 
iter: 2  value: 2408.834 mgc: 4.804006e-08 ustep: 1 
mgc: 3.774758e-15 
outer mgc:  0.02118992 
iter: 1  value: 2408.833 mgc: 0.002382162 ustep: 1 
iter: 2  value: 2408.833 mgc: 2.115793e-08 ustep: 1 
mgc: 4.357625e-15 
outer mgc:  0.01264261 
iter: 1  value: 2408.834 mgc: 0.002380708 ustep: 1 
iter: 2  value: 2408.834 mgc: 2.113956e-08 ustep: 1 
mgc: 3.552714e-15 
outer mgc:  0.01263843 
iter: 1  value: 2408.833 mgc: 0.005451993 ustep: 1 
iter: 2  value: 2408.833 mgc: 1.345221e-07 ustep: 1 
iter: 3  mgc: 3.552714e-15 
outer mgc:  0.03481301 
iter: 1  value: 2408.834 mgc: 0.005449627 ustep: 1 
iter: 2  value: 2408.834 mgc: 1.348014e-07 ustep: 1 
iter: 3  mgc: 3.330669e-15 
outer mgc:  0.03478692 
iter: 1  value: 2408.833 mgc: 0.003085257 ustep: 1 
iter: 2  value: 2408.833 mgc: 4.056749e-08 ustep: 1 
mgc: 2.553513e-15 
outer mgc:  0.02170204 
iter: 1  value: 2408.834 mgc: 0.00308432 ustep: 1 
iter: 2  value: 2408.834 mgc: 4.061422e-08 ustep: 1 
mgc: 3.330669e-15 
outer mgc:  0.02169613 
iter: 1  value: 2408.839 mgc: 0.002140048 ustep: 1 
mgc: 3.219647e-15 
outer mgc:  8.576237e-06 
iter: 1  value: 2408.829 mgc: 0.00214219 ustep: 1 
mgc: 4.884981e-15 
outer mgc:  8.576239e-06 
iter: 1  value: 2408.839 mgc: 0.003624118 ustep: 1 
mgc: 2.664535e-15 
outer mgc:  8.575903e-06 
iter: 1  value: 2408.829 mgc: 0.003627744 ustep: 1 
mgc: 4.884981e-15 
outer mgc:  8.576573e-06 
iter: 1  value: 2408.838 mgc: 0.00216351 ustep: 1 
iter: 2  value: 2408.838 mgc: 1.741079e-08 ustep: 1 
mgc: 3.996803e-15 
outer mgc:  0.0002909642 
iter: 1  value: 2408.829 mgc: 0.002165674 ustep: 1 
iter: 2  value: 2408.829 mgc: 1.738069e-08 ustep: 1 
mgc: 2.942091e-15 
outer mgc:  0.0002876848 
iter: 1  value: 2408.837 mgc: 0.004086546 ustep: 1 
iter: 2  value: 2408.837 mgc: 8.781409e-08 ustep: 1 
mgc: 3.108624e-15 
outer mgc:  0.0008844754 
iter: 1  value: 2408.83 mgc: 0.004090635 ustep: 1 
iter: 2  value: 2408.83 mgc: 8.775612e-08 ustep: 1 
mgc: 2.664535e-15 
outer mgc:  0.0008812003 
iter: 1  value: 2408.833 mgc: 0.002318441 ustep: 1 
iter: 2  value: 2408.833 mgc: 2.436494e-08 ustep: 1 
mgc: 3.108624e-15 
outer mgc:  0.01545988 
iter: 1  value: 2408.834 mgc: 0.002317208 ustep: 1 
iter: 2  value: 2408.834 mgc: 2.432033e-08 ustep: 1 
mgc: 5.77316e-15 
outer mgc:  0.01546554 
iter: 1  value: 2408.833 mgc: 0.003785644 ustep: 1 
iter: 2  value: 2408.833 mgc: 8.344814e-08 ustep: 1 
mgc: 2.664535e-15 
outer mgc:  0.01604749 
iter: 1  value: 2408.834 mgc: 0.003783068 ustep: 1 
iter: 2  value: 2408.834 mgc: 8.327057e-08 ustep: 1 
mgc: 2.88658e-15 
outer mgc:  0.01604843 
[Sat Aug 14 21:46:47 2021]
Finished job 0.
1 of 1 steps (100%) done
