Building DAG of jobs...
Using shell: /usr/bin/bash
Provided cores: 1 (use --cores to define parallelism)
Rules claiming more threads will be scaled down.
Job counts:
	count	jobs
	1	inference_simulation_TMB_multiple
	1

[Mon Aug 16 04:53:47 2021]
rule inference_simulation_TMB_multiple:
    input: ../data/assessing_models_simulation/datasets/multiple_GenerationJnorm2_10_100_80_4_0.8_NA_NA_NA_dataset1.RDS
    output: ../data/assessing_models_simulation/inference_results/TMB/nlminb/multiple_GenerationJnorm2_10_100_80_4_0.8_fullREDMsinglelambda_NA_NA_NA_dataset1.RDS
    log: logs/inference/nlminb/simulation_GenerationJnorm2_10_100_80_4_0.8_ModelfullREDMsinglelambda_NA_NA_NA_dataset1.log
    jobid: 0
    wildcards: optimiser=nlminb, datasetgeneration=GenerationJnorm2, n=10, nlambda=100, lmbda=80, d=4, beta_intensity=0.8, model=fullREDMsinglelambda, fixed_beta_intercept=NA, fixed_beta_slope=NA, sdRE_input=NA, itnum=1

Rscript 2_inference_TMB/run_TMB.R --input ../data/assessing_models_simulation/datasets/multiple_GenerationJnorm2_10_100_80_4_0.8_NA_NA_NA_dataset1.RDS --output ../data/assessing_models_simulation/inference_results/TMB/nlminb/multiple_GenerationJnorm2_10_100_80_4_0.8_fullREDMsinglelambda_NA_NA_NA_dataset1.RDS --model fullREDMsinglelambda --optimiser nlminb
Model: fullREDMsinglelambda 
Feature type: signatures 
Using nlminb: TRUE 
Simulation boolean: TRUE 
make: Nothing to be done for 'all'.
../data/assessing_models_simulation/datasets/multiple_GenerationJnorm2_10_100_80_4_0.8_NA_NA_NA_dataset1.RDS[1] "../data/assessing_models_simulation/datasets/multiple_GenerationJnorm2_10_100_80_4_0.8_NA_NA_NA_dataset1.RDS"
Reading file ../data/assessing_models_simulation/datasets/multiple_GenerationJnorm2_10_100_80_4_0.8_NA_NA_NA_dataset1.RDS 
Loading required package: nnet
# weights:  12 (6 variable)
initial  value 2714.364359 
iter  10 value 2492.183658
iter  10 value 2492.183643
iter  10 value 2492.183642
final  value 2492.183642 
converged
Order of parameters:
[1] "beta"       "u_large"    "logs_sd_RE" "cov_par_RE" "log_lambda"
Not matching template order:
[1] "beta"       "logs_sd_RE" "cov_par_RE" "log_lambda" "u_large"   
Your parameter list has been re-ordered.
(Disable this warning with checkParameterOrder=FALSE)
Constructing atomic invpd
Constructing atomic D_lgamma
Constructing atomic invpd
Constructing atomic D_lgamma
Constructing atomic matmul
Constructing atomic invpd
Constructing atomic D_lgamma
Constructing atomic matmul
Optimizing tape... Done
iter: 1  value: 2512.82 mgc: 2.981934 ustep: 1 
iter: 2  value: 2512.6 mgc: 0.6793558 ustep: 1 
iter: 3  value: 2512.6 mgc: 0.01939845 ustep: 1 
iter: 4  value: 2512.6 mgc: 3.634022e-05 ustep: 1 
iter: 5  mgc: 1.537494e-10 
iter: 1  mgc: 1.537494e-10 
Matching hessian patterns... Done
outer mgc:  20.69942 
iter: 1  value: 2483.257 mgc: 1.387213 ustep: 1 
iter: 2  value: 2483.204 mgc: 0.2705013 ustep: 1 
iter: 3  value: 2483.204 mgc: 0.004452432 ustep: 1 
iter: 4  value: 2483.204 mgc: 1.330635e-06 ustep: 1 
iter: 5  mgc: 1.232348e-13 
iter: 1  value: 2450.097 mgc: 6.660987 ustep: 1 
iter: 2  value: 2445.068 mgc: 4.653601 ustep: 1 
iter: 3  value: 2445.04 mgc: 0.3935182 ustep: 1 
iter: 4  value: 2445.04 mgc: 0.005896929 ustep: 1 
iter: 5  value: 2445.04 mgc: 1.39948e-06 ustep: 1 
iter: 6  mgc: 7.670253e-14 
iter: 1  mgc: 7.670253e-14 
outer mgc:  19.0749 
iter: 1  value: 2457.509 mgc: 7.506684 ustep: 1 
iter: 2  value: 2456.575 mgc: 1.041635 ustep: 1 
iter: 3  value: 2456.574 mgc: 0.05132054 ustep: 1 
iter: 4  value: 2456.574 mgc: 5.838451e-05 ustep: 1 
iter: 5  mgc: 9.985879e-11 
iter: 1  value: 2432.207 mgc: 1.503322 ustep: 1 
iter: 2  value: 2432.198 mgc: 0.1200276 ustep: 1 
iter: 3  value: 2432.198 mgc: 0.0009482894 ustep: 1 
iter: 4  value: 2432.198 mgc: 1.309776e-07 ustep: 1 
iter: 5  mgc: 6.994405e-15 
iter: 1  mgc: 6.994405e-15 
outer mgc:  13.0767 
iter: 1  value: 2445.728 mgc: 11.51297 ustep: 1 
iter: 2  value: 2443.994 mgc: 2.161701 ustep: 1 
iter: 3  value: 2443.992 mgc: 0.06584364 ustep: 1 
iter: 4  value: 2443.992 mgc: 0.0003112756 ustep: 1 
iter: 5  mgc: 2.59478e-09 
iter: 1  value: 2427.502 mgc: 3.682948 ustep: 1 
iter: 2  value: 2427.496 mgc: 0.1394126 ustep: 1 
iter: 3  value: 2427.496 mgc: 0.0004319415 ustep: 1 
iter: 4  mgc: 3.69097e-09 
iter: 1  mgc: 3.69097e-09 
outer mgc:  7.383845 
iter: 1  value: 2421.173 mgc: 3.940604 ustep: 1 
iter: 2  value: 2421.165 mgc: 0.1636695 ustep: 1 
iter: 3  value: 2421.165 mgc: 0.0003662213 ustep: 1 
iter: 4  value: 2421.165 mgc: 1.278175e-08 ustep: 1 
mgc: 1.465494e-14 
iter: 1  mgc: 1.465494e-14 
outer mgc:  6.147249 
iter: 1  value: 2409.189 mgc: 6.841887 ustep: 1 
iter: 2  value: 2409.133 mgc: 0.4214037 ustep: 1 
iter: 3  value: 2409.133 mgc: 0.003496672 ustep: 1 
iter: 4  value: 2409.133 mgc: 1.609242e-07 ustep: 1 
iter: 5  mgc: 1.509903e-14 
iter: 1  mgc: 1.509903e-14 
outer mgc:  14.64768 
iter: 1  value: 2404.2 mgc: 5.957203 ustep: 1 
iter: 2  value: 2404.16 mgc: 0.2876267 ustep: 1 
iter: 3  value: 2404.16 mgc: 0.002318531 ustep: 1 
iter: 4  value: 2404.16 mgc: 3.098622e-07 ustep: 1 
iter: 5  mgc: 3.197442e-14 
iter: 1  mgc: 3.197442e-14 
outer mgc:  26.09262 
iter: 1  value: 2399.251 mgc: 20.45235 ustep: 1 
iter: 2  value: 2399.211 mgc: 0.455698 ustep: 1 
iter: 3  value: 2399.21 mgc: 0.004158388 ustep: 1 
iter: 4  value: 2399.21 mgc: 1.722672e-07 ustep: 1 
iter: 5  mgc: 5.428991e-14 
iter: 1  mgc: 5.428991e-14 
outer mgc:  24.48816 
iter: 1  value: 2396.288 mgc: 23.21444 ustep: 1 
iter: 2  value: 2396.271 mgc: 0.4425871 ustep: 1 
iter: 3  value: 2396.271 mgc: 0.005683331 ustep: 1 
iter: 4  value: 2396.271 mgc: 8.896271e-07 ustep: 1 
iter: 5  mgc: 2.287059e-14 
iter: 1  mgc: 2.287059e-14 
outer mgc:  19.99834 
iter: 1  value: 2389.151 mgc: 8.987142 ustep: 1 
iter: 2  value: 2389.142 mgc: 0.3045288 ustep: 1 
iter: 3  value: 2389.142 mgc: 0.0005308048 ustep: 1 
iter: 4  mgc: 3.764686e-09 
iter: 1  mgc: 3.764686e-09 
outer mgc:  12.07704 
iter: 1  value: 2379.023 mgc: 28.94666 ustep: 1 
iter: 2  value: 2379.021 mgc: 0.2240124 ustep: 1 
iter: 3  value: 2379.021 mgc: 9.956009e-05 ustep: 1 
iter: 4  mgc: 1.155758e-10 
iter: 1  mgc: 1.155758e-10 
outer mgc:  5.744863 
iter: 1  value: 2376.35 mgc: 13.71649 ustep: 1 
iter: 2  value: 2376.35 mgc: 0.05499974 ustep: 1 
iter: 3  value: 2376.35 mgc: 2.63615e-05 ustep: 1 
iter: 4  mgc: 7.384759e-12 
iter: 1  value: 2380.009 mgc: 5.479841 ustep: 1 
iter: 2  value: 2380.009 mgc: 0.08684316 ustep: 1 
iter: 3  value: 2380.009 mgc: 0.0001169352 ustep: 1 
iter: 4  mgc: 2.375522e-10 
iter: 1  value: 2378.519 mgc: 1.696695 ustep: 1 
iter: 2  value: 2378.519 mgc: 0.006165124 ustep: 1 
iter: 3  value: 2378.519 mgc: 5.887947e-07 ustep: 1 
iter: 4  mgc: 2.220446e-14 
iter: 1  mgc: 2.220446e-14 
outer mgc:  4.821472 
iter: 1  value: 2377.886 mgc: 1.078276 ustep: 1 
iter: 2  value: 2377.886 mgc: 0.0009946541 ustep: 1 
iter: 3  mgc: 3.941983e-09 
iter: 1  mgc: 3.941983e-09 
outer mgc:  3.657031 
iter: 1  value: 2376.754 mgc: 0.9629003 ustep: 1 
iter: 2  value: 2376.754 mgc: 0.00561065 ustep: 1 
iter: 3  value: 2376.754 mgc: 4.615658e-07 ustep: 1 
iter: 4  mgc: 3.108624e-14 
iter: 1  mgc: 3.108624e-14 
outer mgc:  2.704725 
iter: 1  value: 2376.187 mgc: 1.450381 ustep: 1 
iter: 2  value: 2376.187 mgc: 0.003679183 ustep: 1 
iter: 3  value: 2376.187 mgc: 6.411694e-08 ustep: 1 
mgc: 3.430589e-14 
iter: 1  mgc: 3.430589e-14 
outer mgc:  1.172882 
iter: 1  value: 2374.91 mgc: 3.201858 ustep: 1 
iter: 2  value: 2374.91 mgc: 0.007835778 ustep: 1 
iter: 3  value: 2374.91 mgc: 1.667494e-07 ustep: 1 
mgc: 4.263256e-14 
iter: 1  mgc: 4.263256e-14 
outer mgc:  3.561898 
iter: 1  value: 2374.406 mgc: 1.017632 ustep: 1 
iter: 2  value: 2374.406 mgc: 0.001340021 ustep: 1 
iter: 3  mgc: 3.521505e-09 
iter: 1  mgc: 3.521505e-09 
outer mgc:  5.509808 
iter: 1  value: 2373.616 mgc: 1.268572 ustep: 1 
iter: 2  value: 2373.616 mgc: 0.0004240921 ustep: 1 
iter: 3  mgc: 1.384516e-09 
iter: 1  mgc: 1.384516e-09 
outer mgc:  2.442919 
iter: 1  value: 2373.267 mgc: 1.475452 ustep: 1 
iter: 2  value: 2373.267 mgc: 0.004115948 ustep: 1 
iter: 3  value: 2373.267 mgc: 2.041182e-07 ustep: 1 
iter: 4  mgc: 2.442491e-14 
iter: 1  mgc: 2.442491e-14 
outer mgc:  1.061417 
iter: 1  value: 2372.968 mgc: 0.8315481 ustep: 1 
iter: 2  value: 2372.968 mgc: 0.001297041 ustep: 1 
iter: 3  mgc: 6.678386e-09 
iter: 1  value: 2373.278 mgc: 0.7848183 ustep: 1 
iter: 2  value: 2373.278 mgc: 0.001471174 ustep: 1 
iter: 3  value: 2373.278 mgc: 2.026512e-08 ustep: 1 
mgc: 3.641532e-14 
iter: 1  value: 2373.25 mgc: 0.2501303 ustep: 1 
iter: 2  value: 2373.25 mgc: 0.0001421782 ustep: 1 
iter: 3  mgc: 2.028531e-10 
iter: 1  mgc: 2.028531e-10 
outer mgc:  0.8384881 
iter: 1  value: 2373.207 mgc: 0.1683273 ustep: 1 
iter: 2  value: 2373.207 mgc: 6.620705e-05 ustep: 1 
iter: 3  mgc: 5.100587e-11 
iter: 1  mgc: 5.100587e-11 
outer mgc:  0.6171165 
iter: 1  value: 2373.09 mgc: 0.1652602 ustep: 1 
iter: 2  value: 2373.09 mgc: 4.015444e-05 ustep: 1 
iter: 3  mgc: 2.112754e-12 
iter: 1  value: 2372.955 mgc: 0.1171679 ustep: 1 
iter: 2  value: 2372.955 mgc: 5.11294e-05 ustep: 1 
iter: 3  mgc: 4.218981e-11 
iter: 1  value: 2372.383 mgc: 0.5281072 ustep: 1 
iter: 2  value: 2372.383 mgc: 0.0009607042 ustep: 1 
iter: 3  value: 2372.383 mgc: 1.489961e-08 ustep: 1 
mgc: 3.18634e-14 
iter: 1  value: 2371.515 mgc: 0.6933076 ustep: 1 
iter: 2  value: 2371.515 mgc: 0.001821197 ustep: 1 
iter: 3  value: 2371.515 mgc: 5.391095e-08 ustep: 1 
mgc: 4.857226e-14 
iter: 1  mgc: 4.857226e-14 
outer mgc:  1.772855 
iter: 1  value: 2369.146 mgc: 3.567332 ustep: 1 
iter: 2  value: 2369.146 mgc: 0.007725744 ustep: 1 
iter: 3  value: 2369.146 mgc: 8.237643e-07 ustep: 1 
iter: 4  mgc: 5.373479e-14 
iter: 1  mgc: 5.373479e-14 
outer mgc:  0.9144375 
iter: 1  value: 2367.493 mgc: 3.287538 ustep: 1 
iter: 2  value: 2367.493 mgc: 0.001787479 ustep: 1 
iter: 3  mgc: 5.20232e-09 
iter: 1  mgc: 5.20232e-09 
outer mgc:  0.4784052 
iter: 1  value: 2365.849 mgc: 3.26247 ustep: 1 
iter: 2  value: 2365.849 mgc: 0.0009058552 ustep: 1 
iter: 3  mgc: 3.40337e-09 
iter: 1  mgc: 3.40337e-09 
outer mgc:  0.6769816 
iter: 1  value: 2364.149 mgc: 2.17833 ustep: 1 
iter: 2  value: 2364.149 mgc: 0.0001957673 ustep: 1 
iter: 3  mgc: 3.343902e-10 
iter: 1  value: 2362.296 mgc: 2.740385 ustep: 1 
iter: 2  value: 2362.296 mgc: 0.0002416896 ustep: 1 
iter: 3  mgc: 3.800547e-10 
iter: 1  mgc: 3.800547e-10 
outer mgc:  0.3538702 
iter: 1  value: 2359.265 mgc: 8.735512 ustep: 1 
iter: 2  value: 2359.265 mgc: 0.001462922 ustep: 1 
iter: 3  mgc: 4.008444e-09 
iter: 1  mgc: 4.008444e-09 
outer mgc:  0.7776786 
iter: 1  value: 2357.337 mgc: 6.982577 ustep: 1 
iter: 2  value: 2357.337 mgc: 0.0005858935 ustep: 1 
iter: 3  mgc: 9.45765e-10 
iter: 1  mgc: 9.45765e-10 
outer mgc:  0.3781501 
iter: 1  value: 2354.919 mgc: 10.41939 ustep: 1 
iter: 2  value: 2354.919 mgc: 0.000772968 ustep: 1 
iter: 3  mgc: 1.222122e-09 
iter: 1  mgc: 1.222122e-09 
outer mgc:  0.2099697 
iter: 1  value: 2352.576 mgc: 5.250551 ustep: 1 
iter: 2  value: 2352.576 mgc: 0.0002891173 ustep: 1 
iter: 3  mgc: 3.730155e-11 
iter: 1  mgc: 3.730155e-11 
outer mgc:  0.1734783 
iter: 1  value: 2348.759 mgc: 4.084989 ustep: 1 
iter: 2  value: 2348.759 mgc: 0.0006130972 ustep: 1 
iter: 3  mgc: 1.455446e-09 
iter: 1  mgc: 1.455446e-09 
outer mgc:  0.1182604 
iter: 1  value: 2345.098 mgc: 4.890798 ustep: 1 
iter: 2  value: 2345.098 mgc: 0.0003084357 ustep: 1 
iter: 3  mgc: 1.675398e-10 
iter: 1  mgc: 1.675398e-10 
outer mgc:  0.05115891 
iter: 1  value: 2342.234 mgc: 5.500495 ustep: 1 
iter: 2  value: 2342.234 mgc: 1.045815e-05 ustep: 1 
iter: 3  mgc: 3.326228e-13 
iter: 1  mgc: 3.326228e-13 
outer mgc:  0.02795192 
iter: 1  value: 2337.983 mgc: 5.050947 ustep: 1 
iter: 2  value: 2337.983 mgc: 1.375243e-05 ustep: 1 
iter: 3  mgc: 1.703082e-12 
iter: 1  mgc: 1.703082e-12 
outer mgc:  0.0158601 
iter: 1  value: 2334.444 mgc: 4.662234 ustep: 1 
iter: 2  value: 2334.444 mgc: 8.565372e-06 ustep: 1 
iter: 3  mgc: 1.116662e-12 
iter: 1  mgc: 1.116662e-12 
outer mgc:  0.01196034 
iter: 1  value: 2330.347 mgc: 7.659143 ustep: 1 
iter: 2  value: 2330.347 mgc: 4.978608e-06 ustep: 1 
iter: 3  mgc: 9.314771e-13 
iter: 1  mgc: 9.314771e-13 
outer mgc:  0.006910985 
iter: 1  value: 2326.95 mgc: 4.098772 ustep: 1 
iter: 2  value: 2326.95 mgc: 1.26869e-06 ustep: 1 
iter: 3  mgc: 1.834366e-12 
iter: 1  mgc: 1.834366e-12 
outer mgc:  0.004433118 
iter: 1  value: 2322.782 mgc: 4.042226 ustep: 1 
iter: 2  value: 2322.782 mgc: 6.051535e-07 ustep: 1 
iter: 3  mgc: 3.564926e-12 
iter: 1  mgc: 3.564926e-12 
outer mgc:  0.003700367 
iter: 1  value: 2319.334 mgc: 3.035117 ustep: 1 
iter: 2  value: 2319.334 mgc: 2.440959e-07 ustep: 1 
mgc: 5.053097e-12 
iter: 1  mgc: 5.053097e-12 
outer mgc:  0.002853619 
iter: 1  value: 2315.184 mgc: 6.049071 ustep: 1 
iter: 2  value: 2315.184 mgc: 1.98655e-07 ustep: 1 
mgc: 6.337819e-12 
iter: 1  mgc: 6.337819e-12 
outer mgc:  0.002282578 
iter: 1  value: 2311.748 mgc: 6.44944 ustep: 1 
iter: 2  value: 2311.748 mgc: 1.009666e-07 ustep: 1 
mgc: 8.112178e-12 
iter: 1  mgc: 8.112178e-12 
outer mgc:  0.00193097 
iter: 1  value: 2307.593 mgc: 13.3149 ustep: 1 
iter: 2  value: 2307.593 mgc: 7.790909e-08 ustep: 1 
mgc: 1.607736e-11 
iter: 1  mgc: 1.607736e-11 
outer mgc:  0.001574883 
iter: 1  value: 2304.154 mgc: 14.90739 ustep: 1 
iter: 2  value: 2304.154 mgc: 3.009637e-08 ustep: 1 
mgc: 2.486708e-11 
iter: 1  mgc: 2.486708e-11 
outer mgc:  0.001329168 
iter: 1  value: 2300.001 mgc: 29.68323 ustep: 1 
iter: 2  value: 2300.001 mgc: 2.276498e-08 ustep: 1 
mgc: 9.522516e-11 
iter: 1  mgc: 9.522516e-11 
outer mgc:  0.001082162 
iter: 1  value: 2296.564 mgc: 37.36714 ustep: 1 
iter: 2  mgc: 9.738875e-09 
iter: 1  mgc: 9.738875e-09 
outer mgc:  0.0009124005 
iter: 1  value: 2292.413 mgc: 80.31372 ustep: 1 
iter: 2  mgc: 8.501228e-09 
iter: 1  mgc: 8.501228e-09 
outer mgc:  0.000742183 
iter: 1  value: 2288.977 mgc: 103.8034 ustep: 1 
iter: 2  mgc: 3.759173e-09 
iter: 1  mgc: 3.759173e-09 
outer mgc:  0.0006254349 
iter: 1  value: 2284.828 mgc: 222.603 ustep: 1 
iter: 2  mgc: 3.337814e-09 
iter: 1  mgc: 3.337814e-09 
outer mgc:  0.0005085457 
iter: 1  value: 2281.394 mgc: 286.5366 ustep: 1 
iter: 2  mgc: 1.422223e-09 
iter: 1  mgc: 1.422223e-09 
outer mgc:  0.0004285286 
iter: 1  value: 2277.242 mgc: 623.0763 ustep: 1 
iter: 2  mgc: 3.015043e-09 
iter: 1  mgc: 3.015043e-09 
outer mgc:  0.0003483185 
iter: 1  value: 2273.806 mgc: 816.0344 ustep: 1 
iter: 2  mgc: 5.643241e-09 
iter: 1  mgc: 5.643241e-09 
outer mgc:  0.000293651 
iter: 1  mgc: 5.643241e-09 
iter: 1  mgc: 5.643241e-09 
outer mgc:  0.000293651 
iter: 1  value: 2273.806 mgc: 0.02159752 ustep: 1 
iter: 2  value: 2273.806 mgc: 1.128093e-06 ustep: 1 
iter: 3  mgc: 6.14802e-09 
outer mgc:  0.1399912 
iter: 1  value: 2273.806 mgc: 0.02159256 ustep: 1 
iter: 2  value: 2273.806 mgc: 1.11876e-06 ustep: 1 
iter: 3  mgc: 6.1271e-09 
outer mgc:  0.1397338 
iter: 1  value: 2273.806 mgc: 0.009590328 ustep: 1 
iter: 2  value: 2273.806 mgc: 3.937206e-07 ustep: 1 
iter: 3  mgc: 4.66336e-09 
outer mgc:  0.06050507 
iter: 1  value: 2273.806 mgc: 0.009584192 ustep: 1 
iter: 2  value: 2273.806 mgc: 3.924875e-07 ustep: 1 
iter: 3  mgc: 6.821072e-09 
outer mgc:  0.0601829 
iter: 1  value: 2273.806 mgc: 0.02185858 ustep: 1 
iter: 2  value: 2273.806 mgc: 2.900347e-06 ustep: 1 
iter: 3  mgc: 8.138088e-09 
outer mgc:  0.03467385 
iter: 1  value: 2273.806 mgc: 0.02185886 ustep: 1 
iter: 2  value: 2273.806 mgc: 2.906025e-06 ustep: 1 
iter: 3  mgc: 6.612721e-09 
outer mgc:  0.03455518 
iter: 1  value: 2273.806 mgc: 0.01305612 ustep: 1 
iter: 2  value: 2273.806 mgc: 1.664811e-06 ustep: 1 
iter: 3  mgc: 6.292627e-09 
outer mgc:  0.05424047 
iter: 1  value: 2273.806 mgc: 0.01305538 ustep: 1 
iter: 2  value: 2273.806 mgc: 1.664979e-06 ustep: 1 
iter: 3  mgc: 7.259454e-09 
outer mgc:  0.05422371 
iter: 1  value: 2273.806 mgc: 0.01880513 ustep: 1 
iter: 2  value: 2273.806 mgc: 1.003808e-06 ustep: 1 
iter: 3  mgc: 7.276951e-09 
outer mgc:  0.121641 
iter: 1  value: 2273.806 mgc: 0.01879249 ustep: 1 
iter: 2  value: 2273.806 mgc: 1.001124e-06 ustep: 1 
iter: 3  mgc: 9.811867e-09 
outer mgc:  0.1220168 
iter: 1  value: 2273.805 mgc: 0.01138863 ustep: 1 
iter: 2  value: 2273.805 mgc: 6.930679e-07 ustep: 1 
iter: 3  value: 2273.805 mgc: 1.019859e-08 ustep: 1 
mgc: 8.981267e-09 
outer mgc:  0.06413734 
iter: 1  value: 2273.807 mgc: 0.01138414 ustep: 1 
iter: 2  value: 2273.807 mgc: 6.927234e-07 ustep: 1 
iter: 3  mgc: 9.82328e-09 
outer mgc:  0.06447846 
iter: 1  value: 2273.814 mgc: 39753.81 ustep: 1 
iter: 2  value: 2273.814 mgc: 5.163093e-07 ustep: 1 
iter: 3  mgc: 9.479446e-09 
outer mgc:  0.01116362 
iter: 1  value: 2273.798 mgc: 39873.25 ustep: 1 
iter: 2  value: 2273.798 mgc: 5.062878e-07 ustep: 1 
iter: 3  mgc: 9.167405e-09 
outer mgc:  0.01072475 
iter: 1  value: 2273.811 mgc: 34768.42 ustep: 1 
iter: 2  value: 2273.811 mgc: 2.095541e-07 ustep: 1 
iter: 3  mgc: 6.011854e-09 
outer mgc:  0.008949609 
iter: 1  value: 2273.801 mgc: 34803.21 ustep: 1 
iter: 2  value: 2273.801 mgc: 1.983551e-07 ustep: 1 
iter: 3  value: 2273.801 mgc: 1.05826e-08 ustep: 1 
mgc: 9.123181e-09 
outer mgc:  0.009011519 
iter: 1  value: 2273.814 mgc: 5025.16 ustep: 1 
iter: 2  value: 2273.814 mgc: 1.098431e-06 ustep: 1 
iter: 3  mgc: 4.784241e-09 
outer mgc:  0.01015977 
iter: 1  value: 2273.798 mgc: 5030.188 ustep: 1 
iter: 2  value: 2273.798 mgc: 1.097722e-06 ustep: 1 
iter: 3  value: 2273.798 mgc: 1.2839e-08 ustep: 1 
mgc: 1.147226e-08 
outer mgc:  0.01049732 
iter: 1  value: 2273.806 mgc: 0.01541398 ustep: 1 
mgc: 8.407067e-09 
outer mgc:  0.0002931935 
iter: 1  value: 2273.806 mgc: 0.01541409 ustep: 1 
mgc: 6.267498e-09 
outer mgc:  0.0002935478 
iter: 1  value: 2273.806 mgc: 0.01382268 ustep: 1 
mgc: 7.387778e-09 
outer mgc:  0.0002932465 
iter: 1  value: 2273.806 mgc: 0.0138227 ustep: 1 
mgc: 1.054347e-08 
outer mgc:  0.0002934768 
iter: 1  value: 2273.806 mgc: 0.5307834 ustep: 1 
iter: 2  mgc: 7.570491e-09 
outer mgc:  0.000293289 
iter: 1  value: 2273.806 mgc: 0.5306539 ustep: 1 
iter: 2  mgc: 9.168831e-09 
outer mgc:  0.0002930815 
iter: 1  value: 2273.804 mgc: 0.00318185 ustep: 1 
iter: 2  value: 2273.804 mgc: 1.933426e-08 ustep: 1 
mgc: 6.31914e-09 
outer mgc:  0.006557326 
iter: 1  value: 2273.808 mgc: 0.003181963 ustep: 1 
iter: 2  value: 2273.808 mgc: 1.962348e-08 ustep: 1 
mgc: 6.07058e-09 
outer mgc:  0.006657142 
[Mon Aug 16 04:53:49 2021]
Finished job 0.
1 of 1 steps (100%) done
