Building DAG of jobs...
Using shell: /usr/bin/bash
Provided cores: 1 (use --cores to define parallelism)
Rules claiming more threads will be scaled down.
Job counts:
	count	jobs
	1	inference_simulation_TMB_multiple
	1

[Mon Aug 16 01:17:21 2021]
rule inference_simulation_TMB_multiple:
    input: ../data/assessing_models_simulation/datasets/multiple_GenerationJnorm3_10_100_10_3_0.005_NA_NA_NA_dataset1.RDS
    output: ../data/assessing_models_simulation/inference_results/TMB/nlminb/multiple_GenerationJnorm3_10_100_10_3_0.005_diagREDMsinglelambda_NA_NA_NA_dataset1.RDS
    log: logs/inference/nlminb/simulation_GenerationJnorm3_10_100_10_3_0.005_ModeldiagREDMsinglelambda_NA_NA_NA_dataset1.log
    jobid: 0
    wildcards: optimiser=nlminb, datasetgeneration=GenerationJnorm3, n=10, nlambda=100, lmbda=10, d=3, beta_intensity=0.005, model=diagREDMsinglelambda, fixed_beta_intercept=NA, fixed_beta_slope=NA, sdRE_input=NA, itnum=1

Rscript 2_inference_TMB/run_TMB.R --input ../data/assessing_models_simulation/datasets/multiple_GenerationJnorm3_10_100_10_3_0.005_NA_NA_NA_dataset1.RDS --output ../data/assessing_models_simulation/inference_results/TMB/nlminb/multiple_GenerationJnorm3_10_100_10_3_0.005_diagREDMsinglelambda_NA_NA_NA_dataset1.RDS --model diagREDMsinglelambda --optimiser nlminb
Model: diagREDMsinglelambda 
Feature type: signatures 
Using nlminb: TRUE 
Simulation boolean: TRUE 
make: Nothing to be done for 'all'.
../data/assessing_models_simulation/datasets/multiple_GenerationJnorm3_10_100_10_3_0.005_NA_NA_NA_dataset1.RDS[1] "../data/assessing_models_simulation/datasets/multiple_GenerationJnorm3_10_100_10_3_0.005_NA_NA_NA_dataset1.RDS"
Reading file ../data/assessing_models_simulation/datasets/multiple_GenerationJnorm3_10_100_10_3_0.005_NA_NA_NA_dataset1.RDS 
Loading required package: nnet
# weights:  9 (4 variable)
initial  value 2213.703762 
final  value 1899.149991 
converged
Constructing atomic invpd
Constructing atomic D_lgamma
Constructing atomic invpd
Constructing atomic D_lgamma
Constructing atomic matmul
Constructing atomic invpd
Constructing atomic D_lgamma
Constructing atomic matmul
Optimizing tape... Done
iter: 1  value: 1817.805 mgc: 5.433102 ustep: 0.8994163 
iter: 2  value: 1796.258 mgc: 4.867811 ustep: 0.9483808 
iter: 3  value: 1791.3 mgc: 2.597415 ustep: 0.5977087 
iter: 4  value: 1788.992 mgc: 3.264349 ustep: 0.7731389 
iter: 5  value: 1788.935 mgc: 0.4943726 ustep: 0.8792952 
iter: 6  value: 1788.934 mgc: 0.04380486 ustep: 0.9377137 
iter: 7  value: 1788.934 mgc: 0.001534451 ustep: 0.9683593 
iter: 8  value: 1788.934 mgc: 2.593479e-05 ustep: 0.9840541 
iter: 9  value: 1788.934 mgc: 2.412557e-07 ustep: 0.9919958 
iter: 10  mgc: 1.197008e-09 
iter: 1  mgc: 1.197008e-09 
Matching hessian patterns... Done
outer mgc:  9.721073 
iter: 1  value: 1776.046 mgc: 1.642994 ustep: 1 
iter: 2  value: 1776.04 mgc: 0.09298094 ustep: 1 
iter: 3  value: 1776.04 mgc: 0.0008812194 ustep: 1 
iter: 4  value: 1776.04 mgc: 8.834698e-08 ustep: 1 
iter: 5  mgc: 3.219647e-15 
iter: 1  mgc: 3.219647e-15 
outer mgc:  4.66661 
iter: 1  value: 1769.881 mgc: 3.923147 ustep: 1 
iter: 2  value: 1768.931 mgc: 1.344341 ustep: 1 
iter: 3  value: 1768.929 mgc: 0.05407597 ustep: 1 
iter: 4  value: 1768.929 mgc: 0.0002914144 ustep: 1 
iter: 5  value: 1768.929 mgc: 1.039863e-08 ustep: 1 
mgc: 4.107825e-15 
iter: 1  value: 1773.831 mgc: 6.07245 ustep: 1 
iter: 2  value: 1766.121 mgc: 4.558115 ustep: 1 
iter: 3  value: 1766.073 mgc: 0.4501346 ustep: 1 
iter: 4  value: 1766.073 mgc: 0.003174003 ustep: 1 
iter: 5  value: 1766.073 mgc: 8.710504e-07 ustep: 1 
iter: 6  mgc: 6.328271e-15 
iter: 1  mgc: 6.328271e-15 
outer mgc:  8.958031 
iter: 1  value: 1762.165 mgc: 3.484074 ustep: 1 
iter: 2  value: 1762.155 mgc: 0.1891 ustep: 1 
iter: 3  value: 1762.155 mgc: 0.0004125207 ustep: 1 
iter: 4  mgc: 5.291915e-09 
iter: 1  value: 1761.022 mgc: 1.710747 ustep: 1 
iter: 2  value: 1761.013 mgc: 0.1052142 ustep: 1 
iter: 3  value: 1761.013 mgc: 0.0005308531 ustep: 1 
iter: 4  value: 1761.013 mgc: 1.945287e-08 ustep: 1 
mgc: 2.470246e-15 
iter: 1  mgc: 2.470246e-15 
outer mgc:  3.972267 
iter: 1  value: 1753.558 mgc: 0.7250132 ustep: 1 
iter: 2  value: 1753.558 mgc: 0.01937636 ustep: 1 
iter: 3  value: 1753.558 mgc: 1.386367e-05 ustep: 1 
iter: 4  mgc: 7.348823e-12 
iter: 1  mgc: 7.348823e-12 
outer mgc:  3.19671 
iter: 1  value: 1748.478 mgc: 7.013379 ustep: 1 
iter: 2  value: 1748.46 mgc: 0.3201428 ustep: 1 
iter: 3  value: 1748.46 mgc: 0.0002769243 ustep: 1 
iter: 4  mgc: 9.136439e-10 
iter: 1  value: 1751.449 mgc: 2.050995 ustep: 1 
iter: 2  value: 1751.448 mgc: 0.05846222 ustep: 1 
iter: 3  value: 1751.448 mgc: 4.222021e-05 ustep: 1 
iter: 4  mgc: 3.063177e-11 
iter: 1  mgc: 3.063177e-11 
outer mgc:  4.299232 
iter: 1  value: 1746.977 mgc: 2.563585 ustep: 1 
iter: 2  value: 1746.976 mgc: 0.06109102 ustep: 1 
iter: 3  value: 1746.976 mgc: 7.372553e-05 ustep: 1 
iter: 4  mgc: 9.654511e-11 
iter: 1  mgc: 9.654511e-11 
outer mgc:  3.610803 
iter: 1  value: 1742.242 mgc: 1.295113 ustep: 1 
iter: 2  value: 1742.242 mgc: 0.006737488 ustep: 1 
iter: 3  value: 1742.242 mgc: 5.694719e-07 ustep: 1 
iter: 4  mgc: 6.439294e-15 
iter: 1  mgc: 6.439294e-15 
outer mgc:  4.239571 
iter: 1  value: 1739.593 mgc: 1.415456 ustep: 1 
iter: 2  value: 1739.593 mgc: 0.005900656 ustep: 1 
iter: 3  value: 1739.593 mgc: 2.767631e-07 ustep: 1 
iter: 4  mgc: 4.440892e-15 
iter: 1  mgc: 4.440892e-15 
outer mgc:  4.818367 
iter: 1  value: 1735.592 mgc: 2.469275 ustep: 1 
iter: 2  value: 1735.592 mgc: 0.003072773 ustep: 1 
iter: 3  value: 1735.592 mgc: 2.509248e-08 ustep: 1 
mgc: 4.357625e-15 
iter: 1  mgc: 4.357625e-15 
outer mgc:  3.973632 
iter: 1  value: 1732.301 mgc: 1.195054 ustep: 1 
iter: 2  value: 1732.301 mgc: 0.00244884 ustep: 1 
iter: 3  value: 1732.301 mgc: 2.047217e-08 ustep: 1 
mgc: 2.664535e-15 
iter: 1  mgc: 2.664535e-15 
outer mgc:  3.924787 
iter: 1  value: 1729.043 mgc: 2.747077 ustep: 1 
iter: 2  value: 1729.043 mgc: 0.005496799 ustep: 1 
iter: 3  value: 1729.043 mgc: 4.124611e-08 ustep: 1 
mgc: 3.774758e-15 
iter: 1  value: 1731.854 mgc: 1.221229 ustep: 1 
iter: 2  value: 1731.854 mgc: 0.004768699 ustep: 1 
iter: 3  value: 1731.854 mgc: 5.72618e-08 ustep: 1 
mgc: 3.774758e-15 
iter: 1  mgc: 3.774758e-15 
outer mgc:  5.425326 
iter: 1  value: 1731.257 mgc: 0.7905356 ustep: 1 
iter: 2  value: 1731.257 mgc: 0.001530994 ustep: 1 
iter: 3  mgc: 6.444229e-09 
iter: 1  mgc: 6.444229e-09 
outer mgc:  1.129918 
iter: 1  value: 1730.782 mgc: 0.17469 ustep: 1 
iter: 2  value: 1730.782 mgc: 6.961394e-05 ustep: 1 
iter: 3  mgc: 1.339728e-11 
iter: 1  mgc: 1.339728e-11 
outer mgc:  0.4561706 
iter: 1  value: 1729.861 mgc: 0.2352751 ustep: 1 
iter: 2  value: 1729.861 mgc: 5.88993e-05 ustep: 1 
iter: 3  mgc: 9.433565e-12 
iter: 1  value: 1727.055 mgc: 0.5367349 ustep: 1 
iter: 2  value: 1727.055 mgc: 0.0003782505 ustep: 1 
iter: 3  mgc: 2.147578e-10 
iter: 1  value: 1723.184 mgc: 0.9056928 ustep: 1 
iter: 2  value: 1723.184 mgc: 0.0003393231 ustep: 1 
iter: 3  mgc: 8.364109e-11 
iter: 1  mgc: 8.364109e-11 
outer mgc:  0.9997383 
iter: 1  value: 1715.548 mgc: 2.010962 ustep: 1 
iter: 2  value: 1715.548 mgc: 0.0004028925 ustep: 1 
iter: 3  mgc: 3.017742e-11 
iter: 1  mgc: 3.017742e-11 
outer mgc:  0.6946946 
iter: 1  value: 1708.865 mgc: 1.754921 ustep: 1 
iter: 2  value: 1708.865 mgc: 8.665433e-05 ustep: 1 
iter: 3  mgc: 4.856116e-13 
iter: 1  mgc: 4.856116e-13 
outer mgc:  1.011312 
iter: 1  value: 1704.711 mgc: 0.9223075 ustep: 1 
iter: 2  value: 1704.711 mgc: 2.077856e-05 ustep: 1 
iter: 3  mgc: 9.103829e-15 
iter: 1  mgc: 9.103829e-15 
outer mgc:  0.2989678 
iter: 1  value: 1700.562 mgc: 0.9589991 ustep: 1 
iter: 2  value: 1700.562 mgc: 6.154882e-06 ustep: 1 
iter: 3  mgc: 4.996004e-15 
iter: 1  mgc: 4.996004e-15 
outer mgc:  0.1654706 
iter: 1  value: 1693.057 mgc: 2.093991 ustep: 1 
iter: 2  value: 1693.057 mgc: 6.803954e-06 ustep: 1 
iter: 3  mgc: 7.105427e-15 
iter: 1  mgc: 7.105427e-15 
outer mgc:  0.08924461 
iter: 1  value: 1686.153 mgc: 1.823632 ustep: 1 
iter: 2  value: 1686.153 mgc: 1.393181e-06 ustep: 1 
mgc: 4.551914e-15 
iter: 1  mgc: 4.551914e-15 
outer mgc:  0.0531437 
iter: 1  value: 1679.246 mgc: 1.858271 ustep: 1 
iter: 2  value: 1679.246 mgc: 3.852263e-07 ustep: 1 
mgc: 3.108624e-15 
iter: 1  mgc: 3.108624e-15 
outer mgc:  0.03145845 
iter: 1  value: 1672.338 mgc: 1.833432 ustep: 1 
iter: 2  value: 1672.338 mgc: 1.004115e-07 ustep: 1 
mgc: 3.108624e-15 
iter: 1  mgc: 3.108624e-15 
outer mgc:  0.0160355 
iter: 1  value: 1665.43 mgc: 1.846544 ustep: 1 
iter: 2  value: 1665.43 mgc: 2.653421e-08 ustep: 1 
mgc: 5.273559e-15 
iter: 1  mgc: 5.273559e-15 
outer mgc:  0.004008336 
iter: 1  value: 1658.522 mgc: 1.842098 ustep: 1 
iter: 2  mgc: 7.025393e-09 
iter: 1  mgc: 7.025393e-09 
outer mgc:  0.002873663 
iter: 1  value: 1651.613 mgc: 1.843626 ustep: 1 
iter: 2  mgc: 1.882821e-09 
iter: 1  mgc: 1.882821e-09 
outer mgc:  0.001521508 
iter: 1  value: 1644.704 mgc: 1.842863 ustep: 1 
iter: 2  mgc: 5.032856e-10 
iter: 1  mgc: 5.032856e-10 
outer mgc:  0.0006357379 
iter: 1  value: 1637.796 mgc: 1.843315 ustep: 1 
iter: 2  mgc: 1.346112e-10 
iter: 1  mgc: 1.346112e-10 
outer mgc:  0.0003375343 
iter: 1  value: 1630.887 mgc: 1.843106 ustep: 1 
iter: 2  mgc: 3.595479e-11 
iter: 1  mgc: 3.595479e-11 
outer mgc:  0.0001974914 
iter: 1  value: 1623.978 mgc: 1.843224 ustep: 1 
iter: 2  mgc: 9.600987e-12 
iter: 1  mgc: 9.600987e-12 
outer mgc:  7.631639e-05 
iter: 1  value: 1617.07 mgc: 1.843158 ustep: 1 
iter: 2  mgc: 2.562395e-12 
iter: 1  mgc: 2.562395e-12 
outer mgc:  5.58476e-05 
iter: 1  value: 1610.161 mgc: 1.843191 ustep: 1 
iter: 2  mgc: 6.82121e-13 
iter: 1  mgc: 6.82121e-13 
outer mgc:  1.991342e-05 
iter: 1  value: 1603.252 mgc: 1.843173 ustep: 1 
iter: 2  mgc: 1.811884e-13 
iter: 1  mgc: 1.811884e-13 
outer mgc:  1.333426e-05 
iter: 1  value: 1596.343 mgc: 1.843183 ustep: 1 
iter: 2  mgc: 4.884981e-14 
iter: 1  mgc: 4.884981e-14 
outer mgc:  6.864029e-06 
iter: 1  value: 1589.435 mgc: 1.843178 ustep: 1 
iter: 2  mgc: 1.287859e-14 
iter: 1  mgc: 1.287859e-14 
outer mgc:  2.795251e-06 
iter: 1  value: 1582.526 mgc: 1.843181 ustep: 1 
iter: 2  mgc: 4.884981e-15 
iter: 1  mgc: 4.884981e-15 
outer mgc:  1.668533e-06 
iter: 1  value: 1575.617 mgc: 1.84318 ustep: 1 
iter: 2  mgc: 3.996803e-15 
iter: 1  mgc: 3.996803e-15 
outer mgc:  1.124811e-06 
iter: 1  mgc: 3.996803e-15 
iter: 1  mgc: 3.996803e-15 
outer mgc:  1.124811e-06 
iter: 1  value: 1575.617 mgc: 0.005047979 ustep: 1 
mgc: 4.218847e-15 
outer mgc:  0.04878879 
iter: 1  value: 1575.617 mgc: 0.005048271 ustep: 1 
mgc: 5.77316e-15 
outer mgc:  0.04879524 
iter: 1  value: 1575.617 mgc: 0.002659198 ustep: 1 
mgc: 3.38618e-15 
outer mgc:  0.02424584 
iter: 1  value: 1575.617 mgc: 0.002658309 ustep: 1 
mgc: 2.831069e-15 
outer mgc:  0.02424995 
iter: 1  value: 1575.617 mgc: 0.003816266 ustep: 1 
mgc: 2.664535e-15 
outer mgc:  0.02744998 
iter: 1  value: 1575.617 mgc: 0.003813389 ustep: 1 
mgc: 5.995204e-15 
outer mgc:  0.02742061 
iter: 1  value: 1575.617 mgc: 0.002109035 ustep: 1 
mgc: 2.359224e-15 
outer mgc:  0.0134655 
iter: 1  value: 1575.617 mgc: 0.002107626 ustep: 1 
mgc: 3.38618e-15 
outer mgc:  0.01345095 
iter: 1  value: 1575.622 mgc: 0.001755579 ustep: 1 
mgc: 4.551914e-15 
outer mgc:  1.124814e-06 
iter: 1  value: 1575.612 mgc: 0.001757335 ustep: 1 
mgc: 2.997602e-15 
outer mgc:  1.124808e-06 
iter: 1  value: 1575.622 mgc: 0.001847614 ustep: 1 
mgc: 2.88658e-15 
outer mgc:  1.124882e-06 
iter: 1  value: 1575.612 mgc: 0.001849463 ustep: 1 
mgc: 3.885781e-15 
outer mgc:  1.12474e-06 
iter: 1  value: 1575.617 mgc: 0.002154821 ustep: 1 
mgc: 4.357625e-15 
outer mgc:  0.01924858 
iter: 1  value: 1575.617 mgc: 0.002153554 ustep: 1 
mgc: 4.274359e-15 
outer mgc:  0.01924016 
[Mon Aug 16 01:17:22 2021]
Finished job 0.
1 of 1 steps (100%) done
