Building DAG of jobs...
Using shell: /usr/bin/bash
Provided cores: 1 (use --cores to define parallelism)
Rules claiming more threads will be scaled down.
Job counts:
	count	jobs
	1	inference_simulation_TMB_multiple
	1

[Mon Aug 16 03:37:38 2021]
rule inference_simulation_TMB_multiple:
    input: ../data/assessing_models_simulation/datasets/multiple_GenerationJnorm3_100_100_10_7_0_NA_NA_NA_dataset1.RDS
    output: ../data/assessing_models_simulation/inference_results/TMB/nlminb/multiple_GenerationJnorm3_100_100_10_7_0_diagREDM_NA_NA_NA_dataset1.RDS
    log: logs/inference/nlminb/simulation_GenerationJnorm3_100_100_10_7_0_ModeldiagREDM_NA_NA_NA_dataset1.log
    jobid: 0
    wildcards: optimiser=nlminb, datasetgeneration=GenerationJnorm3, n=100, nlambda=100, lmbda=10, d=7, beta_intensity=0, model=diagREDM, fixed_beta_intercept=NA, fixed_beta_slope=NA, sdRE_input=NA, itnum=1

Rscript 2_inference_TMB/run_TMB.R --input ../data/assessing_models_simulation/datasets/multiple_GenerationJnorm3_100_100_10_7_0_NA_NA_NA_dataset1.RDS --output ../data/assessing_models_simulation/inference_results/TMB/nlminb/multiple_GenerationJnorm3_100_100_10_7_0_diagREDM_NA_NA_NA_dataset1.RDS --model diagREDM --optimiser nlminb
Model: diagREDM 
Feature type: signatures 
Using nlminb: TRUE 
Simulation boolean: TRUE 
make: Nothing to be done for 'all'.
../data/assessing_models_simulation/datasets/multiple_GenerationJnorm3_100_100_10_7_0_NA_NA_NA_dataset1.RDS[1] "../data/assessing_models_simulation/datasets/multiple_GenerationJnorm3_100_100_10_7_0_NA_NA_NA_dataset1.RDS"
Reading file ../data/assessing_models_simulation/datasets/multiple_GenerationJnorm3_100_100_10_7_0_NA_NA_NA_dataset1.RDS 
Loading required package: nnet
# weights:  21 (12 variable)
initial  value 38850.096126 
iter  10 value 38532.467417
final  value 38501.653849 
converged
Constructing atomic invpd
Constructing atomic D_lgamma
Constructing atomic invpd
Constructing atomic D_lgamma
Constructing atomic matmul
Constructing atomic invpd
Constructing atomic D_lgamma
Constructing atomic matmul
Optimizing tape... Done
iter: 1  value: 37338.82 mgc: 84.91969 ustep: 1 
iter: 2  value: 35686.38 mgc: 69.91477 ustep: 0.09701891 
iter: 3  value: 35446.47 mgc: 84.35792 ustep: 0.3115474 
iter: 4  value: 35113.45 mgc: 78.73068 ustep: 0.05210279 
iter: 5  value: 35031.46 mgc: 40.6288 ustep: 0.2283375 
iter: 6  value: 35024.94 mgc: 2.981922 ustep: 0.477899 
iter: 7  value: 35023.89 mgc: 0.5917162 ustep: 0.6913332 
iter: 8  value: 35023.81 mgc: 0.1746298 ustep: 0.8314814 
iter: 9  value: 35023.8 mgc: 0.03162663 ustep: 0.9118648 
iter: 10  value: 35023.8 mgc: 0.003631258 ustep: 0.9549206 
iter: 11  value: 35023.8 mgc: 0.000208225 ustep: 0.9772027 
iter: 12  value: 35023.8 mgc: 6.053698e-06 ustep: 0.8928443 
iter: 13  value: 35023.8 mgc: 8.109017e-07 ustep: 0.3038358 
iter: 14  value: 35023.8 mgc: 6.059665e-07 ustep: 0.5512579 
iter: 15  value: 35023.8 mgc: 3.106505e-07 ustep: 0.7424932 
iter: 16  value: 35023.8 mgc: 9.617931e-08 ustep: 0.0304162 
mgc: 9.390126e-08 
iter: 1  value: 35023.8 mgc: 9.390126e-08 ustep: 0.004471122 
mgc: 9.357626e-08 
Matching hessian patterns... Done
outer mgc:  208.69 
iter: 1  value: 35006.28 mgc: 22.79308 ustep: 1 
iter: 2  value: 35003.27 mgc: 1.659221 ustep: 1 
iter: 3  value: 35003.27 mgc: 0.05569695 ustep: 1 
iter: 4  value: 35003.27 mgc: 0.0001005472 ustep: 1 
iter: 5  mgc: 3.54121e-10 
iter: 1  mgc: 3.54121e-10 
outer mgc:  210.6736 
iter: 1  value: 34935.36 mgc: 15.89325 ustep: 1 
iter: 2  value: 34933.32 mgc: 1.532328 ustep: 1 
iter: 3  value: 34933.32 mgc: 0.04069783 ustep: 1 
iter: 4  value: 34933.32 mgc: 5.349084e-05 ustep: 1 
iter: 5  mgc: 9.253037e-11 
iter: 1  mgc: 9.253037e-11 
outer mgc:  33.26743 
iter: 1  value: 34916.02 mgc: 10.13773 ustep: 1 
iter: 2  value: 34915.86 mgc: 0.4874056 ustep: 1 
iter: 3  value: 34915.86 mgc: 0.003482156 ustep: 1 
iter: 4  value: 34915.86 mgc: 3.132291e-07 ustep: 1 
iter: 5  mgc: 6.807332e-12 
iter: 1  mgc: 6.807332e-12 
outer mgc:  113.7454 
iter: 1  value: 34882.32 mgc: 8.476328 ustep: 1 
iter: 2  value: 34882.18 mgc: 0.4516029 ustep: 1 
iter: 3  value: 34882.18 mgc: 0.001735653 ustep: 1 
iter: 4  value: 34882.18 mgc: 6.423252e-08 ustep: 1 
iter: 5  mgc: 3.407996e-12 
iter: 1  mgc: 3.407996e-12 
outer mgc:  48.22942 
iter: 1  value: 34863.05 mgc: 10.54854 ustep: 1 
iter: 2  value: 34862.89 mgc: 0.5462952 ustep: 1 
iter: 3  value: 34862.89 mgc: 0.002579726 ustep: 1 
iter: 4  value: 34862.89 mgc: 1.018995e-07 ustep: 1 
iter: 5  mgc: 4.184875e-12 
iter: 1  mgc: 4.184875e-12 
outer mgc:  68.06271 
iter: 1  value: 34843.06 mgc: 6.099752 ustep: 1 
iter: 2  value: 34843.02 mgc: 0.2048117 ustep: 1 
iter: 3  value: 34843.02 mgc: 0.0006397603 ustep: 1 
iter: 4  value: 34843.02 mgc: 1.00598e-08 ustep: 1 
mgc: 3.008774e-12 
iter: 1  mgc: 3.008774e-12 
outer mgc:  50.08935 
iter: 1  value: 34835.27 mgc: 6.975641 ustep: 1 
iter: 2  value: 34835.23 mgc: 0.2275744 ustep: 1 
iter: 3  value: 34835.23 mgc: 0.0005492168 ustep: 1 
iter: 4  mgc: 6.961286e-09 
iter: 1  mgc: 6.961286e-09 
outer mgc:  111.0529 
iter: 1  value: 34809.92 mgc: 7.48128 ustep: 1 
iter: 2  value: 34809.89 mgc: 0.2337328 ustep: 1 
iter: 3  value: 34809.89 mgc: 0.0007535723 ustep: 1 
iter: 4  value: 34809.89 mgc: 1.047449e-08 ustep: 1 
mgc: 1.687317e-12 
iter: 1  mgc: 1.687317e-12 
outer mgc:  54.14439 
iter: 1  value: 34791.3 mgc: 6.377114 ustep: 1 
iter: 2  value: 34791.26 mgc: 0.1846798 ustep: 1 
iter: 3  value: 34791.26 mgc: 0.0005721072 ustep: 1 
iter: 4  mgc: 5.79521e-09 
iter: 1  mgc: 5.79521e-09 
outer mgc:  67.40858 
iter: 1  value: 34762 mgc: 5.205303 ustep: 1 
iter: 2  value: 34761.98 mgc: 0.1599747 ustep: 1 
iter: 3  value: 34761.98 mgc: 0.0003356748 ustep: 1 
iter: 4  mgc: 1.570088e-09 
iter: 1  mgc: 1.570088e-09 
outer mgc:  59.20469 
iter: 1  value: 34719.78 mgc: 4.27943 ustep: 1 
iter: 2  value: 34719.77 mgc: 0.06687737 ustep: 1 
iter: 3  value: 34719.77 mgc: 9.102806e-05 ustep: 1 
iter: 4  mgc: 1.810338e-10 
iter: 1  value: 34534.27 mgc: 5.37876 ustep: 1 
iter: 2  value: 34534.21 mgc: 0.2449235 ustep: 1 
iter: 3  value: 34534.21 mgc: 0.001232309 ustep: 1 
iter: 4  value: 34534.21 mgc: 7.307129e-08 ustep: 1 
iter: 5  mgc: 1.928457e-13 
iter: 1  value: 33958.27 mgc: 6.093939 ustep: 1 
iter: 2  value: 33945.72 mgc: 1.825745 ustep: 1 
iter: 3  value: 33945.66 mgc: 0.1863029 ustep: 1 
iter: 4  value: 33945.66 mgc: 0.002935327 ustep: 1 
iter: 5  value: 33945.66 mgc: 8.072256e-07 ustep: 1 
iter: 6  mgc: 6.067369e-14 
iter: 1  value: 51325.07 mgc: 11.44996 ustep: 1 
iter: 2  value: 51324.69 mgc: 0.5438835 ustep: 1 
iter: 3  value: 51324.69 mgc: 0.003751912 ustep: 1 
iter: 4  value: 51324.69 mgc: 1.71218e-07 ustep: 1 
iter: 5  mgc: 1.776357e-15 
iter: 1  mgc: 6.067369e-14 
outer mgc:  147.3182 
iter: 1  value: 37772.03 mgc: 30.53691 ustep: 1 
iter: 2  value: 37695.09 mgc: 21.84595 ustep: 1 
iter: 3  value: 37694.04 mgc: 4.831619 ustep: 1 
iter: 4  value: 37694.04 mgc: 0.3885946 ustep: 1 
iter: 5  value: 37694.04 mgc: 0.001220673 ustep: 1 
iter: 6  value: 37694.04 mgc: 1.315392e-08 ustep: 1 
mgc: 5.995204e-14 
iter: 1  value: 33771.78 mgc: 2.554104 ustep: 1 
iter: 2  value: 33771.62 mgc: 0.6126518 ustep: 1 
iter: 3  value: 33771.62 mgc: 0.01215822 ustep: 1 
iter: 4  value: 33771.62 mgc: 5.788114e-06 ustep: 1 
iter: 5  mgc: 1.260769e-12 
iter: 1  mgc: 1.260769e-12 
outer mgc:  58.70307 
iter: 1  value: 33670.91 mgc: 2.767484 ustep: 1 
iter: 2  value: 33670.62 mgc: 0.4304542 ustep: 1 
iter: 3  value: 33670.62 mgc: 0.004355487 ustep: 1 
iter: 4  value: 33670.62 mgc: 1.929747e-06 ustep: 1 
iter: 5  mgc: 5.851986e-13 
iter: 1  mgc: 5.851986e-13 
outer mgc:  36.11981 
iter: 1  value: 33645.47 mgc: 2.670282 ustep: 1 
iter: 2  value: 33645.34 mgc: 0.2876225 ustep: 1 
iter: 3  value: 33645.34 mgc: 0.0073159 ustep: 1 
iter: 4  value: 33645.34 mgc: 6.197854e-06 ustep: 1 
iter: 5  mgc: 4.450773e-12 
iter: 1  mgc: 4.450773e-12 
outer mgc:  20.51885 
iter: 1  value: 33606.05 mgc: 2.128112 ustep: 1 
iter: 2  value: 33605.11 mgc: 0.7594462 ustep: 1 
iter: 3  value: 33605.11 mgc: 0.03652894 ustep: 1 
iter: 4  value: 33605.11 mgc: 0.0001180123 ustep: 1 
iter: 5  mgc: 1.248603e-09 
iter: 1  mgc: 1.248603e-09 
outer mgc:  29.84539 
iter: 1  value: 33568.47 mgc: 2.919889 ustep: 1 
iter: 2  value: 33568.35 mgc: 0.2792585 ustep: 1 
iter: 3  value: 33568.35 mgc: 0.004743301 ustep: 1 
iter: 4  value: 33568.35 mgc: 1.48608e-06 ustep: 1 
iter: 5  mgc: 1.474376e-13 
iter: 1  mgc: 1.474376e-13 
outer mgc:  24.14438 
iter: 1  value: 33579.76 mgc: 4.172031 ustep: 1 
iter: 2  value: 33579.5 mgc: 0.2411739 ustep: 1 
iter: 3  value: 33579.5 mgc: 0.001371404 ustep: 1 
iter: 4  value: 33579.5 mgc: 5.15113e-08 ustep: 1 
iter: 5  mgc: 3.552714e-15 
iter: 1  value: 33560.94 mgc: 0.8247737 ustep: 1 
iter: 2  value: 33560.94 mgc: 0.02534065 ustep: 1 
iter: 3  value: 33560.94 mgc: 2.723497e-05 ustep: 1 
iter: 4  mgc: 3.271738e-11 
iter: 1  mgc: 3.271738e-11 
outer mgc:  5.237809 
iter: 1  value: 33553.34 mgc: 0.5583313 ustep: 1 
iter: 2  value: 33553.34 mgc: 0.008932287 ustep: 1 
iter: 3  value: 33553.34 mgc: 2.614906e-06 ustep: 1 
iter: 4  mgc: 2.23821e-13 
iter: 1  mgc: 2.23821e-13 
outer mgc:  12.58914 
iter: 1  value: 33545.72 mgc: 0.8342097 ustep: 1 
iter: 2  value: 33545.72 mgc: 0.01638188 ustep: 1 
iter: 3  value: 33545.72 mgc: 6.030647e-06 ustep: 1 
iter: 4  mgc: 8.109069e-13 
iter: 1  mgc: 8.109069e-13 
outer mgc:  12.873 
iter: 1  value: 33539.44 mgc: 0.5789454 ustep: 1 
iter: 2  value: 33539.44 mgc: 0.009674184 ustep: 1 
iter: 3  value: 33539.44 mgc: 3.56403e-06 ustep: 1 
iter: 4  mgc: 5.462297e-13 
iter: 1  mgc: 5.462297e-13 
outer mgc:  9.163673 
iter: 1  value: 33530.65 mgc: 0.5642728 ustep: 1 
iter: 2  value: 33530.65 mgc: 0.0071426 ustep: 1 
iter: 3  value: 33530.65 mgc: 2.043953e-06 ustep: 1 
iter: 4  mgc: 1.951772e-13 
iter: 1  mgc: 1.951772e-13 
outer mgc:  6.581722 
iter: 1  value: 33524.62 mgc: 0.579668 ustep: 1 
iter: 2  value: 33524.62 mgc: 0.01713984 ustep: 1 
iter: 3  value: 33524.62 mgc: 1.739778e-05 ustep: 1 
iter: 4  mgc: 1.828093e-11 
iter: 1  mgc: 1.828093e-11 
outer mgc:  10.35424 
iter: 1  value: 33517.33 mgc: 0.6841493 ustep: 1 
iter: 2  value: 33517.33 mgc: 0.02472852 ustep: 1 
iter: 3  value: 33517.33 mgc: 2.928788e-05 ustep: 1 
iter: 4  mgc: 4.086198e-11 
iter: 1  mgc: 4.086198e-11 
outer mgc:  15.42192 
iter: 1  value: 33516.06 mgc: 0.5363152 ustep: 1 
iter: 2  value: 33516.06 mgc: 0.01186366 ustep: 1 
iter: 3  value: 33516.06 mgc: 6.403125e-06 ustep: 1 
iter: 4  mgc: 1.856293e-12 
iter: 1  mgc: 1.856293e-12 
outer mgc:  1.806704 
iter: 1  value: 33512.33 mgc: 0.2758217 ustep: 1 
iter: 2  value: 33512.33 mgc: 0.002336378 ustep: 1 
iter: 3  value: 33512.33 mgc: 1.741888e-07 ustep: 1 
iter: 4  mgc: 5.995204e-15 
iter: 1  mgc: 5.995204e-15 
outer mgc:  4.78236 
iter: 1  value: 33508.14 mgc: 0.2683907 ustep: 1 
iter: 2  value: 33508.14 mgc: 0.001914026 ustep: 1 
iter: 3  value: 33508.14 mgc: 2.377913e-07 ustep: 1 
iter: 4  mgc: 4.218847e-15 
iter: 1  mgc: 4.218847e-15 
outer mgc:  2.964204 
iter: 1  value: 33504.34 mgc: 0.2264791 ustep: 1 
iter: 2  value: 33504.34 mgc: 0.002783907 ustep: 1 
iter: 3  value: 33504.34 mgc: 4.733342e-07 ustep: 1 
iter: 4  mgc: 1.421085e-14 
iter: 1  mgc: 1.421085e-14 
outer mgc:  3.443488 
iter: 1  value: 33500.34 mgc: 0.2602801 ustep: 1 
iter: 2  value: 33500.34 mgc: 0.001465044 ustep: 1 
iter: 3  value: 33500.34 mgc: 9.362788e-08 ustep: 1 
iter: 4  mgc: 3.996803e-15 
iter: 1  mgc: 3.996803e-15 
outer mgc:  3.683429 
iter: 1  value: 33496.05 mgc: 0.2091595 ustep: 1 
iter: 2  value: 33496.05 mgc: 0.00138854 ustep: 1 
iter: 3  value: 33496.05 mgc: 9.551158e-08 ustep: 1 
iter: 4  mgc: 4.440892e-15 
iter: 1  mgc: 4.440892e-15 
outer mgc:  3.702521 
iter: 1  value: 33493.17 mgc: 0.3451882 ustep: 1 
iter: 2  value: 33493.17 mgc: 0.004208269 ustep: 1 
iter: 3  value: 33493.17 mgc: 6.949221e-07 ustep: 1 
iter: 4  mgc: 1.776357e-14 
iter: 1  mgc: 1.776357e-14 
outer mgc:  3.45951 
iter: 1  value: 33488.32 mgc: 0.2515209 ustep: 1 
iter: 2  value: 33488.32 mgc: 0.001298593 ustep: 1 
iter: 3  value: 33488.32 mgc: 4.813001e-08 ustep: 1 
mgc: 3.441691e-15 
iter: 1  mgc: 3.441691e-15 
outer mgc:  4.27096 
iter: 1  value: 33484.54 mgc: 0.2103841 ustep: 1 
iter: 2  value: 33484.54 mgc: 0.003072769 ustep: 1 
iter: 3  value: 33484.54 mgc: 6.292661e-07 ustep: 1 
iter: 4  mgc: 2.575717e-14 
iter: 1  value: 33487.66 mgc: 0.1352051 ustep: 1 
iter: 2  value: 33487.66 mgc: 0.0002869139 ustep: 1 
iter: 3  mgc: 1.325998e-09 
iter: 1  mgc: 1.325998e-09 
outer mgc:  1.495604 
iter: 1  value: 33486.76 mgc: 0.09289146 ustep: 1 
iter: 2  value: 33486.76 mgc: 0.0002010029 ustep: 1 
iter: 3  mgc: 7.702887e-10 
iter: 1  mgc: 7.702887e-10 
outer mgc:  1.956339 
iter: 1  value: 33484.94 mgc: 0.1402877 ustep: 1 
iter: 2  value: 33484.94 mgc: 0.0002363748 ustep: 1 
iter: 3  mgc: 2.474403e-09 
iter: 1  mgc: 2.474403e-09 
outer mgc:  1.129605 
iter: 1  value: 33482.91 mgc: 0.06785139 ustep: 1 
iter: 2  value: 33482.91 mgc: 0.00011206 ustep: 1 
iter: 3  mgc: 4.806298e-10 
iter: 1  mgc: 4.806298e-10 
outer mgc:  1.293432 
iter: 1  value: 33481.24 mgc: 0.1200431 ustep: 1 
iter: 2  value: 33481.24 mgc: 0.0003955415 ustep: 1 
iter: 3  mgc: 4.499285e-09 
iter: 1  mgc: 4.499285e-09 
outer mgc:  0.6366565 
iter: 1  value: 33479.96 mgc: 0.09071572 ustep: 1 
iter: 2  value: 33479.96 mgc: 0.0002047325 ustep: 1 
iter: 3  mgc: 1.599191e-09 
iter: 1  mgc: 1.599191e-09 
outer mgc:  0.7091806 
iter: 1  value: 33477.7 mgc: 0.07102457 ustep: 1 
iter: 2  value: 33477.7 mgc: 0.0001037733 ustep: 1 
iter: 3  mgc: 2.963647e-10 
iter: 1  mgc: 2.963647e-10 
outer mgc:  0.7742657 
iter: 1  value: 33475.98 mgc: 0.08930028 ustep: 1 
iter: 2  value: 33475.98 mgc: 0.000255674 ustep: 1 
iter: 3  mgc: 4.26754e-09 
iter: 1  mgc: 4.26754e-09 
outer mgc:  1.654123 
iter: 1  value: 33474.33 mgc: 0.1089792 ustep: 1 
iter: 2  value: 33474.33 mgc: 0.000260754 ustep: 1 
iter: 3  mgc: 1.886059e-09 
iter: 1  mgc: 1.886059e-09 
outer mgc:  0.8538914 
iter: 1  value: 33474.27 mgc: 0.1089469 ustep: 1 
iter: 2  value: 33474.27 mgc: 0.0003911396 ustep: 1 
iter: 3  mgc: 5.364166e-09 
iter: 1  value: 33474.3 mgc: 0.02180528 ustep: 1 
iter: 2  value: 33474.3 mgc: 1.595615e-05 ustep: 1 
iter: 3  mgc: 9.076295e-12 
iter: 1  mgc: 9.076295e-12 
outer mgc:  0.2191479 
iter: 1  value: 33474.04 mgc: 0.01775337 ustep: 1 
iter: 2  value: 33474.04 mgc: 5.187526e-06 ustep: 1 
iter: 3  mgc: 5.060397e-13 
iter: 1  mgc: 5.060397e-13 
outer mgc:  0.4366774 
iter: 1  value: 33473.66 mgc: 0.0225585 ustep: 1 
iter: 2  value: 33473.66 mgc: 1.609972e-05 ustep: 1 
iter: 3  mgc: 9.452883e-12 
iter: 1  mgc: 9.452883e-12 
outer mgc:  0.2173011 
iter: 1  value: 33473.27 mgc: 0.02145916 ustep: 1 
iter: 2  value: 33473.27 mgc: 7.563991e-06 ustep: 1 
iter: 3  mgc: 1.544542e-12 
iter: 1  mgc: 1.544542e-12 
outer mgc:  0.2167781 
iter: 1  value: 33472.86 mgc: 0.02735869 ustep: 1 
iter: 2  value: 33472.86 mgc: 6.508376e-06 ustep: 1 
iter: 3  mgc: 9.476864e-13 
iter: 1  mgc: 9.476864e-13 
outer mgc:  0.2370038 
iter: 1  value: 33472.46 mgc: 0.02107163 ustep: 1 
iter: 2  value: 33472.46 mgc: 7.71756e-06 ustep: 1 
iter: 3  mgc: 1.586287e-12 
iter: 1  value: 33471.85 mgc: 0.03337903 ustep: 1 
iter: 2  value: 33471.85 mgc: 1.570997e-05 ustep: 1 
iter: 3  mgc: 6.700418e-12 
iter: 1  value: 33469.55 mgc: 0.113991 ustep: 1 
iter: 2  value: 33469.55 mgc: 0.0002244457 ustep: 1 
iter: 3  mgc: 1.345743e-09 
iter: 1  mgc: 1.345743e-09 
outer mgc:  0.4441755 
iter: 1  value: 33466.28 mgc: 0.1533839 ustep: 1 
iter: 2  value: 33466.28 mgc: 0.0003867038 ustep: 1 
iter: 3  mgc: 5.007208e-09 
iter: 1  value: 33468.27 mgc: 0.06244609 ustep: 1 
iter: 2  value: 33468.27 mgc: 0.0001112151 ustep: 1 
iter: 3  mgc: 4.334346e-10 
iter: 1  mgc: 4.334346e-10 
outer mgc:  0.3700563 
iter: 1  value: 33467.21 mgc: 0.03910737 ustep: 1 
iter: 2  value: 33467.21 mgc: 8.857593e-05 ustep: 1 
iter: 3  mgc: 4.955574e-10 
iter: 1  value: 33468.09 mgc: 0.01244127 ustep: 1 
iter: 2  value: 33468.09 mgc: 5.856457e-06 ustep: 1 
iter: 3  mgc: 2.018385e-12 
iter: 1  mgc: 2.018385e-12 
outer mgc:  0.1082631 
iter: 1  value: 33467.96 mgc: 0.01506959 ustep: 1 
iter: 2  value: 33467.96 mgc: 7.467496e-06 ustep: 1 
iter: 3  mgc: 1.415756e-12 
iter: 1  mgc: 1.415756e-12 
outer mgc:  0.07074959 
iter: 1  value: 33467.68 mgc: 0.01236815 ustep: 1 
iter: 2  value: 33467.68 mgc: 2.969945e-06 ustep: 1 
iter: 3  mgc: 2.2915e-13 
iter: 1  mgc: 2.2915e-13 
outer mgc:  0.1378785 
iter: 1  value: 33467.54 mgc: 0.007273243 ustep: 1 
iter: 2  value: 33467.54 mgc: 1.692263e-06 ustep: 1 
iter: 3  mgc: 1.003642e-13 
iter: 1  mgc: 1.003642e-13 
outer mgc:  0.04082464 
iter: 1  value: 33467.4 mgc: 0.006234175 ustep: 1 
iter: 2  value: 33467.4 mgc: 8.67268e-07 ustep: 1 
iter: 3  mgc: 1.865175e-14 
iter: 1  mgc: 1.865175e-14 
outer mgc:  0.02554417 
iter: 1  value: 33467.27 mgc: 0.007189126 ustep: 1 
iter: 2  value: 33467.27 mgc: 9.393806e-07 ustep: 1 
iter: 3  mgc: 2.309264e-14 
iter: 1  mgc: 2.309264e-14 
outer mgc:  0.01987437 
iter: 1  value: 33467.18 mgc: 0.007422812 ustep: 1 
iter: 2  value: 33467.18 mgc: 6.254928e-07 ustep: 1 
iter: 3  mgc: 2.575717e-14 
iter: 1  mgc: 2.575717e-14 
outer mgc:  0.01687706 
iter: 1  value: 33467.01 mgc: 0.007467446 ustep: 1 
iter: 2  value: 33467.01 mgc: 9.823517e-07 ustep: 1 
iter: 3  mgc: 5.861978e-14 
iter: 1  value: 33467.11 mgc: 0.001937275 ustep: 1 
iter: 2  value: 33467.11 mgc: 9.754107e-08 ustep: 1 
iter: 3  mgc: 3.996803e-15 
iter: 1  mgc: 3.996803e-15 
outer mgc:  0.01701838 
iter: 1  value: 33467.09 mgc: 0.003265712 ustep: 1 
iter: 2  value: 33467.09 mgc: 5.951138e-07 ustep: 1 
iter: 3  mgc: 1.998401e-14 
iter: 1  mgc: 1.998401e-14 
outer mgc:  0.01145283 
iter: 1  value: 33467.13 mgc: 0.002551639 ustep: 1 
iter: 2  value: 33467.13 mgc: 2.059614e-07 ustep: 1 
iter: 3  mgc: 3.552714e-15 
iter: 1  mgc: 1.998401e-14 
iter: 1  mgc: 1.998401e-14 
outer mgc:  0.01145283 
iter: 1  value: 33467.1 mgc: 0.004989946 ustep: 1 
iter: 2  value: 33467.1 mgc: 2.521272e-07 ustep: 1 
iter: 3  mgc: 4.440892e-15 
outer mgc:  0.2319414 
iter: 1  value: 33467.09 mgc: 0.004986427 ustep: 1 
iter: 2  value: 33467.09 mgc: 2.519759e-07 ustep: 1 
iter: 3  mgc: 3.996803e-15 
outer mgc:  0.2387265 
iter: 1  value: 33467.09 mgc: 0.002773049 ustep: 1 
iter: 2  value: 33467.09 mgc: 9.948099e-08 ustep: 1 
iter: 3  mgc: 4.884981e-15 
outer mgc:  0.1412159 
iter: 1  value: 33467.09 mgc: 0.0027712 ustep: 1 
iter: 2  value: 33467.09 mgc: 9.942379e-08 ustep: 1 
iter: 3  mgc: 3.996803e-15 
outer mgc:  0.1422428 
iter: 1  value: 33467.09 mgc: 0.004489447 ustep: 1 
iter: 2  value: 33467.09 mgc: 7.337593e-07 ustep: 1 
iter: 3  mgc: 2.353673e-14 
outer mgc:  0.1516246 
iter: 1  value: 33467.1 mgc: 0.00448555 ustep: 1 
iter: 2  value: 33467.1 mgc: 7.342021e-07 ustep: 1 
iter: 3  mgc: 2.4869e-14 
outer mgc:  0.1617217 
iter: 1  value: 33467.09 mgc: 0.002770464 ustep: 1 
iter: 2  value: 33467.09 mgc: 3.457779e-07 ustep: 1 
iter: 3  mgc: 7.993606e-15 
outer mgc:  0.1203595 
iter: 1  value: 33467.09 mgc: 0.002768865 ustep: 1 
iter: 2  value: 33467.09 mgc: 3.45911e-07 ustep: 1 
iter: 3  mgc: 5.218048e-15 
outer mgc:  0.1270524 
iter: 1  value: 33467.08 mgc: 0.00316455 ustep: 1 
iter: 2  value: 33467.08 mgc: 4.85404e-07 ustep: 1 
iter: 3  mgc: 1.687539e-14 
outer mgc:  0.1330584 
iter: 1  value: 33467.1 mgc: 0.003161906 ustep: 1 
iter: 2  value: 33467.1 mgc: 4.850124e-07 ustep: 1 
iter: 3  mgc: 1.598721e-14 
outer mgc:  0.1297411 
iter: 1  value: 33467.09 mgc: 0.002325916 ustep: 1 
iter: 2  value: 33467.09 mgc: 3.43141e-07 ustep: 1 
iter: 3  mgc: 6.217249e-15 
outer mgc:  0.09847832 
iter: 1  value: 33467.1 mgc: 0.002323781 ustep: 1 
iter: 2  value: 33467.1 mgc: 3.431912e-07 ustep: 1 
iter: 3  mgc: 8.437695e-15 
outer mgc:  0.0968151 
iter: 1  value: 33467.09 mgc: 0.003952768 ustep: 1 
iter: 2  value: 33467.09 mgc: 2.90933e-07 ustep: 1 
iter: 3  mgc: 5.329071e-15 
outer mgc:  0.182589 
iter: 1  value: 33467.09 mgc: 0.003949378 ustep: 1 
iter: 2  value: 33467.09 mgc: 2.9066e-07 ustep: 1 
iter: 3  mgc: 4.440892e-15 
outer mgc:  0.194091 
iter: 1  value: 33467.09 mgc: 0.002460574 ustep: 1 
iter: 2  value: 33467.09 mgc: 1.463321e-07 ustep: 1 
iter: 3  mgc: 4.440892e-15 
outer mgc:  0.1098579 
iter: 1  value: 33467.09 mgc: 0.002458964 ustep: 1 
iter: 2  value: 33467.09 mgc: 1.462399e-07 ustep: 1 
iter: 3  mgc: 4.440892e-15 
outer mgc:  0.116039 
iter: 1  value: 33467.08 mgc: 0.003239789 ustep: 1 
iter: 2  value: 33467.08 mgc: 4.539742e-07 ustep: 1 
iter: 3  mgc: 1.376677e-14 
outer mgc:  0.1469891 
iter: 1  value: 33467.1 mgc: 0.00323708 ustep: 1 
iter: 2  value: 33467.1 mgc: 4.535431e-07 ustep: 1 
iter: 3  mgc: 1.421085e-14 
outer mgc:  0.1240358 
iter: 1  value: 33467.09 mgc: 0.002185241 ustep: 1 
iter: 2  value: 33467.09 mgc: 2.606234e-07 ustep: 1 
iter: 3  mgc: 4.884981e-15 
outer mgc:  0.09713579 
iter: 1  value: 33467.1 mgc: 0.002183309 ustep: 1 
iter: 2  value: 33467.1 mgc: 2.605021e-07 ustep: 1 
iter: 3  mgc: 3.13638e-15 
outer mgc:  0.09043227 
iter: 1  value: 33467.09 mgc: 0.004283433 ustep: 1 
iter: 2  value: 33467.09 mgc: 2.842024e-07 ustep: 1 
iter: 3  mgc: 3.552714e-15 
outer mgc:  0.2141766 
iter: 1  value: 33467.09 mgc: 0.004280236 ustep: 1 
iter: 2  value: 33467.09 mgc: 2.839888e-07 ustep: 1 
iter: 3  mgc: 3.552714e-15 
outer mgc:  0.211826 
iter: 1  value: 33467.09 mgc: 0.002754407 ustep: 1 
iter: 2  value: 33467.09 mgc: 1.372125e-07 ustep: 1 
iter: 3  mgc: 3.552714e-15 
outer mgc:  0.1403237 
iter: 1  value: 33467.09 mgc: 0.002752534 ustep: 1 
iter: 2  value: 33467.09 mgc: 1.371819e-07 ustep: 1 
iter: 3  mgc: 3.996803e-15 
outer mgc:  0.1299528 
iter: 1  value: 33467.13 mgc: 0.003935229 ustep: 1 
iter: 2  value: 33467.13 mgc: 1.217625e-07 ustep: 1 
iter: 3  mgc: 5.329071e-15 
outer mgc:  0.01122745 
iter: 1  value: 33467.05 mgc: 0.003939166 ustep: 1 
iter: 2  value: 33467.05 mgc: 1.216018e-07 ustep: 1 
iter: 3  mgc: 3.552714e-15 
outer mgc:  0.01167788 
iter: 1  value: 33467.12 mgc: 0.004014179 ustep: 1 
iter: 2  value: 33467.12 mgc: 4.957117e-07 ustep: 1 
iter: 3  mgc: 7.993606e-15 
outer mgc:  0.01290355 
iter: 1  value: 33467.07 mgc: 0.004018195 ustep: 1 
iter: 2  value: 33467.07 mgc: 4.960073e-07 ustep: 1 
iter: 3  mgc: 9.769963e-15 
outer mgc:  0.01324848 
iter: 1  value: 33467.12 mgc: 0.003628175 ustep: 1 
iter: 2  value: 33467.12 mgc: 7.330725e-07 ustep: 1 
iter: 3  mgc: 3.597123e-14 
outer mgc:  0.01063409 
iter: 1  value: 33467.06 mgc: 0.003631805 ustep: 1 
iter: 2  value: 33467.06 mgc: 7.328732e-07 ustep: 1 
iter: 3  mgc: 3.197442e-14 
outer mgc:  0.01227141 
iter: 1  value: 33467.13 mgc: 0.004678882 ustep: 1 
iter: 2  value: 33467.13 mgc: 6.20667e-07 ustep: 1 
iter: 3  mgc: 1.687539e-14 
outer mgc:  0.01092992 
iter: 1  value: 33467.06 mgc: 0.004683563 ustep: 1 
iter: 2  value: 33467.06 mgc: 6.200167e-07 ustep: 1 
iter: 3  mgc: 1.24345e-14 
outer mgc:  0.01197536 
iter: 1  value: 33467.12 mgc: 0.003247376 ustep: 1 
iter: 2  value: 33467.12 mgc: 6.078044e-07 ustep: 1 
iter: 3  mgc: 2.575717e-14 
outer mgc:  0.01681578 
iter: 1  value: 33467.06 mgc: 0.003250625 ustep: 1 
iter: 2  value: 33467.06 mgc: 6.075497e-07 ustep: 1 
iter: 3  mgc: 2.398082e-14 
outer mgc:  0.01064796 
iter: 1  value: 33467.13 mgc: 0.004419339 ustep: 1 
iter: 2  value: 33467.13 mgc: 3.741116e-07 ustep: 1 
iter: 3  mgc: 7.105427e-15 
outer mgc:  0.01110041 
iter: 1  value: 33467.06 mgc: 0.004423761 ustep: 1 
iter: 2  value: 33467.06 mgc: 3.736735e-07 ustep: 1 
iter: 3  mgc: 4.440892e-15 
outer mgc:  0.01180489 
iter: 1  value: 33467.06 mgc: 0.003463055 ustep: 1 
iter: 2  value: 33467.06 mgc: 4.44264e-07 ustep: 1 
iter: 3  mgc: 1.332268e-14 
outer mgc:  0.196532 
iter: 1  value: 33467.12 mgc: 0.003460835 ustep: 1 
iter: 2  value: 33467.12 mgc: 4.432638e-07 ustep: 1 
iter: 3  mgc: 1.465494e-14 
outer mgc:  0.1981202 
iter: 1  value: 33467.06 mgc: 0.00252863 ustep: 1 
iter: 2  value: 33467.06 mgc: 3.189964e-07 ustep: 1 
iter: 3  mgc: 6.661338e-15 
outer mgc:  0.1967707 
iter: 1  value: 33467.12 mgc: 0.0025269 ustep: 1 
iter: 2  value: 33467.12 mgc: 3.182905e-07 ustep: 1 
iter: 3  mgc: 6.661338e-15 
outer mgc:  0.1901489 
[Mon Aug 16 03:37:55 2021]
Finished job 0.
1 of 1 steps (100%) done
