Building DAG of jobs...
Using shell: /usr/bin/bash
Provided cores: 1 (use --cores to define parallelism)
Rules claiming more threads will be scaled down.
Job counts:
	count	jobs
	1	inference_simulation_TMB_multiple
	1

[Sat Aug 14 00:15:34 2021]
rule inference_simulation_TMB_multiple:
    input: ../data/assessing_models_simulation/datasets/multiple_GenerationJnorm2_10_100_80_3_0.05_NA_NA_NA_dataset0.RDS
    output: ../data/assessing_models_simulation/inference_results/TMB/nlminb/multiple_GenerationJnorm2_10_100_80_3_0.05_diagREDMsinglelambda_NA_NA_NA_dataset0.RDS
    log: logs/inference/nlminb/simulation_GenerationJnorm2_10_100_80_3_0.05_ModeldiagREDMsinglelambda_NA_NA_NA_dataset0.log
    jobid: 0
    wildcards: optimiser=nlminb, datasetgeneration=GenerationJnorm2, n=10, nlambda=100, lmbda=80, d=3, beta_intensity=0.05, model=diagREDMsinglelambda, fixed_beta_intercept=NA, fixed_beta_slope=NA, sdRE_input=NA, itnum=0

Rscript 2_inference_TMB/run_TMB.R --input ../data/assessing_models_simulation/datasets/multiple_GenerationJnorm2_10_100_80_3_0.05_NA_NA_NA_dataset0.RDS --output ../data/assessing_models_simulation/inference_results/TMB/nlminb/multiple_GenerationJnorm2_10_100_80_3_0.05_diagREDMsinglelambda_NA_NA_NA_dataset0.RDS --model diagREDMsinglelambda --optimiser nlminb
Model: diagREDMsinglelambda 
Feature type: signatures 
Using nlminb: TRUE 
Simulation boolean: TRUE 
make: Nothing to be done for 'all'.
../data/assessing_models_simulation/datasets/multiple_GenerationJnorm2_10_100_80_3_0.05_NA_NA_NA_dataset0.RDS[1] "../data/assessing_models_simulation/datasets/multiple_GenerationJnorm2_10_100_80_3_0.05_NA_NA_NA_dataset0.RDS"
Reading file ../data/assessing_models_simulation/datasets/multiple_GenerationJnorm2_10_100_80_3_0.05_NA_NA_NA_dataset0.RDS 
Loading required package: nnet
# weights:  9 (4 variable)
initial  value 2158.773147 
final  value 1952.818328 
converged
Constructing atomic invpd
Constructing atomic D_lgamma
Constructing atomic invpd
Constructing atomic D_lgamma
Constructing atomic matmul
Constructing atomic invpd
Constructing atomic D_lgamma
Constructing atomic matmul
Optimizing tape... Done
iter: 1  value: 1976.836 mgc: 1.209226 ustep: 1 
iter: 2  value: 1976.828 mgc: 0.1348227 ustep: 1 
iter: 3  value: 1976.828 mgc: 0.002115576 ustep: 1 
iter: 4  value: 1976.828 mgc: 6.128634e-07 ustep: 1 
iter: 5  mgc: 5.645484e-14 
iter: 1  mgc: 5.645484e-14 
Matching hessian patterns... Done
outer mgc:  14.8341 
iter: 1  value: 1958.095 mgc: 1.046775 ustep: 1 
iter: 2  value: 1958.093 mgc: 0.09329808 ustep: 1 
iter: 3  value: 1958.093 mgc: 0.0005518379 ustep: 1 
iter: 4  value: 1958.093 mgc: 3.420027e-08 ustep: 1 
mgc: 5.662137e-15 
iter: 1  value: 1928.778 mgc: 5.528086 ustep: 1 
iter: 2  value: 1928.106 mgc: 3.318399 ustep: 1 
iter: 3  value: 1928.105 mgc: 0.07601382 ustep: 1 
iter: 4  value: 1928.105 mgc: 0.0002063918 ustep: 1 
iter: 5  mgc: 1.417723e-09 
iter: 1  mgc: 1.417723e-09 
outer mgc:  5.001304 
iter: 1  value: 1962.669 mgc: 7.530735 ustep: 1 
iter: 2  value: 1943.583 mgc: 6.403362 ustep: 1 
iter: 3  value: 1943.245 mgc: 0.9097123 ustep: 1 
iter: 4  value: 1943.245 mgc: 0.03950354 ustep: 1 
iter: 5  value: 1943.245 mgc: 9.91915e-05 ustep: 1 
iter: 6  mgc: 5.926267e-10 
iter: 1  value: 1924.246 mgc: 4.849331 ustep: 1 
iter: 2  value: 1923.789 mgc: 0.8573394 ustep: 1 
iter: 3  value: 1923.788 mgc: 0.0407495 ustep: 1 
iter: 4  value: 1923.788 mgc: 9.966785e-05 ustep: 1 
iter: 5  mgc: 6.321437e-10 
iter: 1  mgc: 6.321437e-10 
outer mgc:  14.10744 
iter: 1  value: 1932.066 mgc: 12.65688 ustep: 1 
iter: 2  value: 1927.686 mgc: 5.59174 ustep: 1 
iter: 3  value: 1927.678 mgc: 0.1872922 ustep: 1 
iter: 4  value: 1927.678 mgc: 0.001280246 ustep: 1 
iter: 5  value: 1927.678 mgc: 7.964662e-08 ustep: 1 
iter: 6  mgc: 3.008704e-14 
iter: 1  value: 1922.741 mgc: 6.51702 ustep: 1 
iter: 2  value: 1922.674 mgc: 0.8601918 ustep: 1 
iter: 3  value: 1922.674 mgc: 0.01431695 ustep: 1 
iter: 4  value: 1922.674 mgc: 4.91951e-06 ustep: 1 
iter: 5  mgc: 5.834222e-13 
iter: 1  mgc: 5.834222e-13 
outer mgc:  11.55859 
iter: 1  value: 1919.224 mgc: 3.669344 ustep: 1 
iter: 2  value: 1919.212 mgc: 0.2416625 ustep: 1 
iter: 3  value: 1919.212 mgc: 0.0006169663 ustep: 1 
iter: 4  value: 1919.212 mgc: 1.124583e-08 ustep: 1 
mgc: 2.631229e-14 
iter: 1  mgc: 2.631229e-14 
outer mgc:  3.344113 
iter: 1  value: 1916.894 mgc: 2.697951 ustep: 1 
iter: 2  value: 1916.893 mgc: 0.0942461 ustep: 1 
iter: 3  value: 1916.893 mgc: 0.0001602277 ustep: 1 
iter: 4  mgc: 1.468042e-09 
iter: 1  mgc: 1.468042e-09 
outer mgc:  7.285774 
iter: 1  value: 1912.915 mgc: 2.671487 ustep: 1 
iter: 2  value: 1912.914 mgc: 0.1098348 ustep: 1 
iter: 3  value: 1912.914 mgc: 0.0001441249 ustep: 1 
iter: 4  mgc: 5.798184e-10 
iter: 1  mgc: 5.798184e-10 
outer mgc:  6.0898 
iter: 1  value: 1923.349 mgc: 11.81452 ustep: 1 
iter: 2  value: 1923.283 mgc: 0.7244633 ustep: 1 
iter: 3  value: 1923.283 mgc: 0.008518994 ustep: 1 
iter: 4  value: 1923.283 mgc: 1.193077e-06 ustep: 1 
iter: 5  mgc: 1.976197e-14 
iter: 1  value: 1912.228 mgc: 2.322271 ustep: 1 
iter: 2  value: 1912.228 mgc: 0.05753387 ustep: 1 
iter: 3  value: 1912.228 mgc: 6.528609e-05 ustep: 1 
iter: 4  mgc: 8.118151e-11 
iter: 1  mgc: 8.118151e-11 
outer mgc:  4.545897 
iter: 1  value: 1911.447 mgc: 1.393582 ustep: 1 
iter: 2  value: 1911.447 mgc: 0.0292014 ustep: 1 
iter: 3  value: 1911.447 mgc: 1.730514e-05 ustep: 1 
iter: 4  mgc: 5.973888e-12 
iter: 1  mgc: 5.973888e-12 
outer mgc:  2.502199 
iter: 1  value: 1910.428 mgc: 3.405441 ustep: 1 
iter: 2  value: 1910.427 mgc: 0.06295136 ustep: 1 
iter: 3  value: 1910.427 mgc: 7.760076e-05 ustep: 1 
iter: 4  mgc: 4.244316e-11 
iter: 1  mgc: 4.244316e-11 
outer mgc:  4.158211 
iter: 1  value: 1909.532 mgc: 3.936977 ustep: 1 
iter: 2  value: 1909.53 mgc: 0.1326415 ustep: 1 
iter: 3  value: 1909.53 mgc: 0.0002524973 ustep: 1 
iter: 4  mgc: 1.027016e-09 
iter: 1  mgc: 1.027016e-09 
outer mgc:  1.518633 
iter: 1  value: 1910.569 mgc: 3.523498 ustep: 1 
iter: 2  value: 1910.568 mgc: 0.09383396 ustep: 1 
iter: 3  value: 1910.568 mgc: 0.0001385371 ustep: 1 
iter: 4  mgc: 3.255638e-10 
iter: 1  value: 1909.354 mgc: 0.8951085 ustep: 1 
iter: 2  value: 1909.354 mgc: 0.00701294 ustep: 1 
iter: 3  value: 1909.354 mgc: 7.669153e-07 ustep: 1 
iter: 4  mgc: 1.84297e-14 
iter: 1  mgc: 1.84297e-14 
outer mgc:  1.459565 
iter: 1  value: 1909.205 mgc: 1.14627 ustep: 1 
iter: 2  value: 1909.205 mgc: 0.01488821 ustep: 1 
iter: 3  value: 1909.205 mgc: 3.80401e-06 ustep: 1 
iter: 4  mgc: 2.131628e-13 
iter: 1  mgc: 2.131628e-13 
outer mgc:  1.652749 
iter: 1  value: 1909.013 mgc: 0.796541 ustep: 1 
iter: 2  value: 1909.013 mgc: 0.006726468 ustep: 1 
iter: 3  value: 1909.013 mgc: 6.695e-07 ustep: 1 
iter: 4  mgc: 2.4869e-14 
iter: 1  mgc: 2.4869e-14 
outer mgc:  0.7551872 
iter: 1  value: 1908.661 mgc: 0.8841096 ustep: 1 
iter: 2  value: 1908.661 mgc: 0.02159146 ustep: 1 
iter: 3  value: 1908.661 mgc: 4.449028e-06 ustep: 1 
iter: 4  mgc: 5.604406e-13 
iter: 1  mgc: 5.604406e-13 
outer mgc:  1.497665 
iter: 1  value: 1908.241 mgc: 0.6599726 ustep: 1 
iter: 2  value: 1908.241 mgc: 0.008855324 ustep: 1 
iter: 3  value: 1908.241 mgc: 4.121822e-07 ustep: 1 
iter: 4  mgc: 3.774758e-14 
iter: 1  value: 1906.968 mgc: 2.425183 ustep: 1 
iter: 2  value: 1906.968 mgc: 0.07452928 ustep: 1 
iter: 3  value: 1906.968 mgc: 6.585595e-05 ustep: 1 
iter: 4  mgc: 5.780665e-11 
iter: 1  mgc: 5.780665e-11 
outer mgc:  3.706203 
iter: 1  value: 1904.281 mgc: 5.346206 ustep: 1 
iter: 2  value: 1904.281 mgc: 0.1347261 ustep: 1 
iter: 3  value: 1904.281 mgc: 3.449359e-05 ustep: 1 
iter: 4  mgc: 2.958522e-12 
iter: 1  value: 1900.525 mgc: 6.536245 ustep: 1 
iter: 2  value: 1900.525 mgc: 0.05356311 ustep: 1 
iter: 3  value: 1900.525 mgc: 2.611022e-06 ustep: 1 
iter: 4  mgc: 2.220446e-14 
iter: 1  mgc: 2.958522e-12 
outer mgc:  1.529136 
iter: 1  value: 1900.253 mgc: 4.554684 ustep: 1 
iter: 2  value: 1900.253 mgc: 0.03512039 ustep: 1 
iter: 3  value: 1900.253 mgc: 1.402073e-06 ustep: 1 
iter: 4  mgc: 1.687539e-14 
iter: 1  value: 1895.854 mgc: 4.923001 ustep: 1 
iter: 2  value: 1895.854 mgc: 0.01315423 ustep: 1 
iter: 3  value: 1895.854 mgc: 1.425169e-07 ustep: 1 
mgc: 1.021405e-14 
iter: 1  mgc: 1.021405e-14 
outer mgc:  4.435108 
iter: 1  value: 1889.098 mgc: 7.096196 ustep: 1 
iter: 2  value: 1889.098 mgc: 0.01841268 ustep: 1 
iter: 3  value: 1889.098 mgc: 1.140451e-07 ustep: 1 
mgc: 1.687539e-14 
iter: 1  mgc: 1.687539e-14 
outer mgc:  3.887798 
iter: 1  value: 1887.683 mgc: 0.4573521 ustep: 1 
iter: 2  value: 1887.683 mgc: 3.252588e-05 ustep: 1 
iter: 3  mgc: 3.921308e-13 
iter: 1  mgc: 3.921308e-13 
outer mgc:  1.592484 
iter: 1  value: 1886.058 mgc: 1.776234 ustep: 1 
iter: 2  value: 1886.058 mgc: 0.000194824 ustep: 1 
iter: 3  mgc: 9.791279e-12 
iter: 1  mgc: 9.791279e-12 
outer mgc:  0.5592255 
iter: 1  value: 1884.383 mgc: 1.482843 ustep: 1 
iter: 2  value: 1884.383 mgc: 0.0001979812 ustep: 1 
iter: 3  mgc: 7.460699e-12 
iter: 1  mgc: 7.460699e-12 
outer mgc:  0.4392439 
iter: 1  value: 1878.358 mgc: 6.632136 ustep: 1 
iter: 2  value: 1878.358 mgc: 0.001168368 ustep: 1 
iter: 3  mgc: 8.114576e-11 
iter: 1  mgc: 8.114576e-11 
outer mgc:  0.1542538 
iter: 1  value: 1873.392 mgc: 4.903252 ustep: 1 
iter: 2  value: 1873.392 mgc: 0.0002591215 ustep: 1 
iter: 3  mgc: 1.624478e-12 
iter: 1  mgc: 1.624478e-12 
outer mgc:  0.09305181 
iter: 1  value: 1868.383 mgc: 4.927366 ustep: 1 
iter: 2  value: 1868.383 mgc: 0.0001007012 ustep: 1 
iter: 3  mgc: 1.039169e-13 
iter: 1  mgc: 1.039169e-13 
outer mgc:  0.04672881 
iter: 1  value: 1863.348 mgc: 4.961629 ustep: 1 
iter: 2  value: 1863.348 mgc: 3.906419e-05 ustep: 1 
iter: 3  mgc: 1.820766e-14 
iter: 1  mgc: 1.820766e-14 
outer mgc:  0.01685196 
iter: 1  value: 1858.294 mgc: 4.976362 ustep: 1 
iter: 2  value: 1858.294 mgc: 1.522299e-05 ustep: 1 
iter: 3  mgc: 1.598721e-14 
iter: 1  mgc: 1.598721e-14 
outer mgc:  0.01841919 
iter: 1  value: 1853.229 mgc: 4.977178 ustep: 1 
iter: 2  value: 1853.229 mgc: 5.906275e-06 ustep: 1 
mgc: 1.132427e-14 
iter: 1  mgc: 1.132427e-14 
outer mgc:  0.006870761 
iter: 1  value: 1848.157 mgc: 4.971555 ustep: 1 
iter: 2  value: 1848.157 mgc: 2.319291e-06 ustep: 1 
mgc: 1.798561e-14 
iter: 1  mgc: 1.798561e-14 
outer mgc:  0.007649963 
iter: 1  value: 1843.079 mgc: 4.967513 ustep: 1 
iter: 2  value: 1843.079 mgc: 9.150157e-07 ustep: 1 
mgc: 1.465494e-14 
iter: 1  mgc: 1.465494e-14 
outer mgc:  0.003943219 
iter: 1  value: 1836.907 mgc: 6.478635 ustep: 1 
iter: 2  value: 1836.907 mgc: 5.080497e-07 ustep: 1 
mgc: 1.687539e-14 
iter: 1  mgc: 1.687539e-14 
outer mgc:  0.004421473 
iter: 1  value: 1831.061 mgc: 5.999824 ustep: 1 
iter: 2  value: 1831.061 mgc: 1.650872e-07 ustep: 1 
mgc: 1.376677e-14 
iter: 1  mgc: 1.376677e-14 
outer mgc:  0.002719151 
iter: 1  value: 1825.213 mgc: 5.997971 ustep: 1 
iter: 2  value: 1825.213 mgc: 6.225127e-08 ustep: 1 
mgc: 1.04361e-14 
iter: 1  mgc: 1.04361e-14 
outer mgc:  0.003074456 
iter: 1  value: 1819.364 mgc: 5.997853 ustep: 1 
iter: 2  value: 1819.364 mgc: 2.350027e-08 ustep: 1 
mgc: 1.287859e-14 
iter: 1  mgc: 1.287859e-14 
outer mgc:  0.001944105 
iter: 1  value: 1813.514 mgc: 5.996908 ustep: 1 
iter: 2  mgc: 8.935545e-09 
iter: 1  mgc: 8.935545e-09 
outer mgc:  0.0018703 
iter: 1  value: 1807.664 mgc: 5.996866 ustep: 1 
iter: 2  mgc: 3.399615e-09 
iter: 1  mgc: 3.399615e-09 
outer mgc:  0.0009212198 
iter: 1  value: 1801.814 mgc: 5.996377 ustep: 1 
iter: 2  mgc: 1.29931e-09 
iter: 1  mgc: 1.29931e-09 
outer mgc:  0.0006193933 
iter: 1  value: 1795.964 mgc: 5.996311 ustep: 1 
iter: 2  mgc: 4.970646e-10 
iter: 1  mgc: 4.970646e-10 
outer mgc:  0.0002403239 
iter: 1  value: 1790.114 mgc: 5.996148 ustep: 1 
iter: 2  mgc: 1.905951e-10 
iter: 1  mgc: 1.905951e-10 
outer mgc:  0.0001508897 
iter: 1  value: 1782.907 mgc: 8.087179 ustep: 1 
iter: 2  mgc: 1.00334e-10 
iter: 1  mgc: 1.00334e-10 
outer mgc:  7.470056e-05 
iter: 1  value: 1776.009 mgc: 7.582101 ustep: 1 
iter: 2  mgc: 2.897504e-11 
iter: 1  mgc: 2.897504e-11 
outer mgc:  6.287017e-05 
iter: 1  value: 1769.111 mgc: 7.582088 ustep: 1 
iter: 2  mgc: 9.404033e-12 
iter: 1  mgc: 9.404033e-12 
outer mgc:  1.671653e-05 
iter: 1  mgc: 9.404033e-12 
iter: 1  mgc: 9.404033e-12 
outer mgc:  1.671653e-05 
iter: 1  value: 1769.111 mgc: 0.01223629 ustep: 1 
iter: 2  mgc: 2.04281e-14 
outer mgc:  0.1197629 
iter: 1  value: 1769.111 mgc: 0.01223489 ustep: 1 
iter: 2  mgc: 1.332268e-14 
outer mgc:  0.1197573 
iter: 1  value: 1769.111 mgc: 0.006297496 ustep: 1 
iter: 2  mgc: 1.154632e-14 
outer mgc:  0.06067543 
iter: 1  value: 1769.111 mgc: 0.00629766 ustep: 1 
iter: 2  mgc: 1.221245e-14 
outer mgc:  0.06066479 
iter: 1  value: 1769.111 mgc: 0.01147093 ustep: 1 
iter: 2  mgc: 1.24345e-14 
outer mgc:  0.09778953 
iter: 1  value: 1769.111 mgc: 0.01146571 ustep: 1 
iter: 2  mgc: 1.953993e-14 
outer mgc:  0.09775085 
iter: 1  value: 1769.111 mgc: 0.005589433 ustep: 1 
mgc: 1.865175e-14 
outer mgc:  0.05037595 
iter: 1  value: 1769.111 mgc: 0.005586109 ustep: 1 
mgc: 1.421085e-14 
outer mgc:  0.05037195 
iter: 1  value: 1769.116 mgc: 0.006665539 ustep: 1 
mgc: 1.976197e-14 
outer mgc:  1.669791e-05 
iter: 1  value: 1769.106 mgc: 0.006672208 ustep: 1 
mgc: 1.532108e-14 
outer mgc:  1.673514e-05 
iter: 1  value: 1769.116 mgc: 0.005979972 ustep: 1 
mgc: 1.64313e-14 
outer mgc:  1.671646e-05 
iter: 1  value: 1769.106 mgc: 0.005985955 ustep: 1 
mgc: 1.332268e-14 
outer mgc:  1.67166e-05 
iter: 1  value: 1769.111 mgc: 0.005227207 ustep: 1 
mgc: 2.442491e-14 
outer mgc:  0.01183601 
iter: 1  value: 1769.111 mgc: 0.005224954 ustep: 1 
mgc: 1.421085e-14 
outer mgc:  0.01185377 
[Sat Aug 14 00:15:36 2021]
Finished job 0.
1 of 1 steps (100%) done
