Building DAG of jobs...
Using shell: /usr/bin/bash
Provided cores: 1 (use --cores to define parallelism)
Rules claiming more threads will be scaled down.
Job counts:
	count	jobs
	1	inference_simulation_TMB_multiple
	1

[Sun Aug 15 21:18:10 2021]
rule inference_simulation_TMB_multiple:
    input: ../data/assessing_models_simulation/datasets/multiple_GenerationJnorm2_100_100_10_6_4_NA_NA_NA_dataset1.RDS
    output: ../data/assessing_models_simulation/inference_results/TMB/nlminb/multiple_GenerationJnorm2_100_100_10_6_4_fullREM_NA_NA_NA_dataset1.RDS
    log: logs/inference/nlminb/simulation_GenerationJnorm2_100_100_10_6_4_ModelfullREM_NA_NA_NA_dataset1.log
    jobid: 0
    wildcards: optimiser=nlminb, datasetgeneration=GenerationJnorm2, n=100, nlambda=100, lmbda=10, d=6, beta_intensity=4, model=fullREM, fixed_beta_intercept=NA, fixed_beta_slope=NA, sdRE_input=NA, itnum=1

Rscript 2_inference_TMB/run_TMB.R --input ../data/assessing_models_simulation/datasets/multiple_GenerationJnorm2_100_100_10_6_4_NA_NA_NA_dataset1.RDS --output ../data/assessing_models_simulation/inference_results/TMB/nlminb/multiple_GenerationJnorm2_100_100_10_6_4_fullREM_NA_NA_NA_dataset1.RDS --model fullREM --optimiser nlminb
Model: fullREM 
Feature type: signatures 
Using nlminb: TRUE 
Simulation boolean: TRUE 
make: Nothing to be done for 'all'.
../data/assessing_models_simulation/datasets/multiple_GenerationJnorm2_100_100_10_6_4_NA_NA_NA_dataset1.RDS[1] "../data/assessing_models_simulation/datasets/multiple_GenerationJnorm2_100_100_10_6_4_NA_NA_NA_dataset1.RDS"
Reading file ../data/assessing_models_simulation/datasets/multiple_GenerationJnorm2_100_100_10_6_4_NA_NA_NA_dataset1.RDS 
Loading required package: nnet
# weights:  18 (10 variable)
initial  value 35324.537936 
iter  10 value 16067.830999
iter  20 value 16017.376623
iter  30 value 16015.319391
iter  40 value 16015.007719
final  value 16015.007411 
converged
Order of parameters:
[1] "beta"       "u_large"    "logs_sd_RE" "cov_par_RE"
Not matching template order:
[1] "beta"       "u_large"    "cov_par_RE" "logs_sd_RE"
Your parameter list has been re-ordered.
(Disable this warning with checkParameterOrder=FALSE)
Constructing atomic invpd
Constructing atomic D_lgamma
Constructing atomic invpd
Constructing atomic D_lgamma
Constructing atomic matmul
Constructing atomic invpd
Constructing atomic D_lgamma
Constructing atomic matmul
Optimizing tape... Done
iter: 1  value: 144855.2 mgc: 164.3653 ustep: 1 
iter: 2  value: 124861.4 mgc: 98.12025 ustep: 0.2494656 
iter: 3  value: 111904.8 mgc: 94.76272 ustep: 0.1588666 
iter: 4  value: 102541.4 mgc: 190.3845 ustep: 0.1193656 
iter: 5  value: 100593.2 mgc: 96.26968 ustep: 0.1910054 
iter: 6  value: 97558.58 mgc: 133.2494 ustep: 0.1337921 
iter: 7  value: 95097.29 mgc: 85.08863 ustep: 0.1075979 
iter: 8  value: 94493.45 mgc: 62.25602 ustep: 0.3280884 
iter: 9  value: 94375.51 mgc: 143.2267 ustep: 0.1915162 
iter: 10  value: 93300.01 mgc: 75.41114 ustep: 0.1340168 
iter: 11  value: 92947.29 mgc: 55.32196 ustep: 0.1077059 
iter: 12  value: 92656.57 mgc: 58.48213 ustep: 0.3282529 
iter: 13  value: 92490.29 mgc: 54.86841 ustep: 0.1008704 
iter: 14  value: 92299.13 mgc: 54.20908 ustep: 0.3176693 
iter: 15  value: 92057.97 mgc: 45.48823 ustep: 0.5636652 
iter: 16  value: 91878.49 mgc: 53.54621 ustep: 0.7508013 
iter: 17  value: 91816.26 mgc: 49.38222 ustep: 0.1181984 
iter: 18  value: 91769.79 mgc: 39.38785 ustep: 0.3438656 
iter: 19  value: 91739.99 mgc: 11.48567 ustep: 0.5864419 
iter: 20  value: 91708.31 mgc: 0.6549179 ustep: 0.7658183 
iter: 21  value: 91683.81 mgc: 0.5305352 ustep: 0.875123 
iter: 22  value: 91673.48 mgc: 0.3257185 ustep: 0.9354865 
iter: 23  value: 91671.65 mgc: 0.1901386 ustep: 0.9672088 
iter: 24  value: 91671.46 mgc: 0.05009012 ustep: 0.9834694 
iter: 25  value: 91671.45 mgc: 0.01341823 ustep: 0.9917011 
iter: 26  value: 91671.45 mgc: 0.002185795 ustep: 0.9958423 
iter: 27  value: 91671.45 mgc: 0.000187972 ustep: 0.9979192 
iter: 28  value: 91671.45 mgc: 8.659772e-06 ustep: 0.9989592 
iter: 29  value: 91671.45 mgc: 2.080816e-07 ustep: 0.9994795 
iter: 30  mgc: 2.543346e-09 
iter: 1  mgc: 2.543346e-09 
Matching hessian patterns... Done
outer mgc:  29319.01 
iter: 1  value: 73118.99 mgc: 17.36543 ustep: 0.6827823 
iter: 2  value: 72883.1 mgc: 67.42483 ustep: 0.3543617 
iter: 3  value: 72655.48 mgc: 54.82728 ustep: 0.2023718 
iter: 4  value: 72544.12 mgc: 70.74408 ustep: 0.4499126 
iter: 5  value: 72495.3 mgc: 37.96051 ustep: 0.129626 
iter: 6  value: 72369.3 mgc: 56.7483 ustep: 0.3601001 
iter: 7  value: 72306.02 mgc: 28.93479 ustep: 0.3676053 
iter: 8  value: 72270.12 mgc: 21.45129 ustep: 0.606344 
iter: 9  value: 72261.17 mgc: 1.603375 ustep: 0.778703 
iter: 10  value: 72259.66 mgc: 0.3682712 ustep: 0.8824533 
iter: 11  value: 72259.57 mgc: 0.0977587 ustep: 0.9393959 
iter: 12  value: 72259.57 mgc: 0.01371018 ustep: 0.9692275 
iter: 13  value: 72259.57 mgc: 0.001333894 ustep: 0.9844951 
iter: 14  value: 72259.57 mgc: 8.756982e-05 ustep: 0.992218 
iter: 15  value: 72259.57 mgc: 2.895222e-06 ustep: 0.9961018 
iter: 16  value: 72259.57 mgc: 4.788042e-08 ustep: 0.9980492 
iter: 17  mgc: 3.968834e-10 
iter: 1  mgc: 3.968834e-10 
outer mgc:  5918.18 
iter: 1  value: 65051.45 mgc: 28.321 ustep: 1 
iter: 2  value: 64972.91 mgc: 14.05103 ustep: 1 
iter: 3  value: 64972.32 mgc: 1.252651 ustep: 1 
iter: 4  value: 64972.32 mgc: 0.03469 ustep: 1 
iter: 5  value: 64972.32 mgc: 4.883813e-05 ustep: 1 
iter: 6  mgc: 9.72038e-11 
iter: 1  value: 58147.39 mgc: 66.44979 ustep: 0.4367355 
iter: 2  value: 55350.4 mgc: 89.63987 ustep: 0.6608936 
iter: 3  value: 55322.91 mgc: 50.74873 ustep: 0.1889943 
iter: 4  value: 55252.29 mgc: 121.5639 ustep: 0.2481715 
iter: 5  value: 54603.46 mgc: 49.43012 ustep: 0.1583223 
iter: 6  value: 54392.15 mgc: 114.1248 ustep: 0.3979576 
iter: 7  value: 54169.97 mgc: 86.51683 ustep: 0.1170919 
iter: 8  value: 54097.76 mgc: 53.56605 ustep: 0.09941519 
iter: 9  value: 53966.59 mgc: 114.3535 ustep: 0.3153702 
iter: 10  value: 53946.36 mgc: 27.44907 ustep: 0.5616222 
iter: 11  value: 53935.61 mgc: 23.05517 ustep: 0.7494396 
iter: 12  value: 53934.88 mgc: 0.8366032 ustep: 0.8657152 
iter: 13  value: 53934.72 mgc: 0.1412799 ustep: 0.9304452 
iter: 14  value: 53934.7 mgc: 0.04777869 ustep: 0.9645994 
iter: 15  value: 53934.7 mgc: 0.009613268 ustep: 0.982142 
iter: 16  value: 53934.7 mgc: 0.0009266604 ustep: 0.9910317 
iter: 17  value: 53934.7 mgc: 4.407871e-05 ustep: 0.9955062 
iter: 18  value: 53934.7 mgc: 1.252595e-06 ustep: 0.9977508 
iter: 19  value: 53934.7 mgc: 1.889e-08 ustep: 0.9988749 
iter: 20  mgc: 1.449666e-10 
iter: 1  value: 48716.9 mgc: 93.56336 ustep: 0.1336527 
iter: 2  value: 45762.02 mgc: 137.5346 ustep: 0.3656489 
iter: 3  value: 42125.21 mgc: 111.2739 ustep: 0.1095094 
iter: 4  value: 40961.01 mgc: 146.3033 ustep: 0.1820508 
iter: 5  value: 38854.46 mgc: 113.5656 ustep: 0.1298323 
iter: 6  value: 38679.6 mgc: 120.3362 ustep: 0.3603864 
iter: 7  value: 38194.84 mgc: 97.33334 ustep: 0.05568838 
iter: 8  value: 38078.67 mgc: 16.29711 ustep: 0.2360603 
iter: 9  value: 37909.25 mgc: 17.98759 ustep: 0.4859117 
iter: 10  value: 37729.86 mgc: 2.486559 ustep: 0.697104 
iter: 11  value: 37611.77 mgc: 1.311952 ustep: 0.834944 
iter: 12  value: 37572.91 mgc: 1.074242 ustep: 0.9137613 
iter: 13  value: 37567.2 mgc: 0.7016389 ustep: 0.9559131 
iter: 14  value: 37566.79 mgc: 0.2972072 ustep: 0.9777103 
iter: 15  value: 37566.78 mgc: 0.06618555 ustep: 0.9887935 
iter: 16  value: 37566.78 mgc: 0.006008778 ustep: 0.9943815 
iter: 17  value: 37566.78 mgc: 0.0002288619 ustep: 0.9971871 
iter: 18  value: 37566.78 mgc: 5.637902e-06 ustep: 0.9985927 
iter: 19  value: 37566.78 mgc: 8.455358e-08 ustep: 0.9992962 
iter: 20  mgc: 6.517132e-10 
iter: 1  mgc: 6.517132e-10 
outer mgc:  9278.584 
iter: 1  value: 39446.93 mgc: 306.1158 ustep: 0.1336527 
iter: 2  value: 35672.66 mgc: 172.4489 ustep: 0.1075309 
iter: 3  value: 26348.79 mgc: 103.7849 ustep: 0.09457213 
iter: 4  value: 25042.82 mgc: 163.2915 ustep: 0.08778208 
iter: 5  value: 23906.34 mgc: 134.9282 ustep: 0.08410178 
iter: 6  value: 23364.03 mgc: 165.5896 ustep: 0.08206654 
iter: 7  value: 20999.09 mgc: 103.7901 ustep: 0.08092781 
iter: 8  value: 20298.48 mgc: 115.0142 ustep: 0.08028638 
iter: 9  value: 20282.66 mgc: 95.19103 ustep: 0.07992368 
iter: 10  value: 19976.7 mgc: 125.0623 ustep: 0.07971814 
iter: 11  value: 19889.48 mgc: 92.41948 ustep: 0.07960151 
iter: 12  value: 19636.95 mgc: 105.8992 ustep: 0.2822092 
iter: 13  value: 19550.25 mgc: 90.92405 ustep: 0.09034237 
iter: 14  value: 19398.04 mgc: 97.96483 ustep: 0.30064 
iter: 15  value: 19301.41 mgc: 81.63607 ustep: 0.5483517 
iter: 16  value: 19222.45 mgc: 94.47586 ustep: 0.7405337 
iter: 17  value: 19114.57 mgc: 93.14906 ustep: 0.05967263 
iter: 18  value: 19023.34 mgc: 84.61647 ustep: 0.2443554 
iter: 19  value: 18994.14 mgc: 33.56371 ustep: 0.4943737 
iter: 20  value: 18972.05 mgc: 3.747998 ustep: 0.7031468 
iter: 21  value: 18959.67 mgc: 0.6687768 ustep: 0.8385547 
iter: 22  value: 18957.1 mgc: 0.4489414 ustep: 0.9157347 
iter: 23  value: 18955.3 mgc: 0.1905917 ustep: 0.9569446 
iter: 24  value: 18954.61 mgc: 0.1268808 ustep: 0.9782376 
iter: 25  value: 18954.44 mgc: 0.07954881 ustep: 0.9890601 
iter: 26  value: 18954.32 mgc: 0.01822921 ustep: 0.9945155 
iter: 27  value: 18954.19 mgc: 0.01188041 ustep: 0.9972543 
iter: 28  value: 18953.98 mgc: 0.01047617 ustep: 0.9986263 
iter: 29  value: 18953.51 mgc: 0.01034662 ustep: 0.999313 
iter: 30  value: 18952.57 mgc: 0.01026242 ustep: 0.9996565 
iter: 31  value: 18950.79 mgc: 0.01009675 ustep: 0.9998282 
iter: 32  value: 18947.59 mgc: 0.009775744 ustep: 0.9999141 
iter: 33  value: 18942.4 mgc: 0.009172704 ustep: 0.9999571 
iter: 34  value: 18935.42 mgc: 0.01161286 ustep: 0.9999785 
iter: 35  value: 18928.59 mgc: 0.03059734 ustep: 0.9999893 
iter: 36  value: 18924.53 mgc: 0.05640267 ustep: 0.9999946 
iter: 37  value: 18923.31 mgc: 0.0585065 ustep: 0.9999973 
iter: 38  value: 18923.16 mgc: 0.0269282 ustep: 0.9999987 
iter: 39  value: 18923.16 mgc: 0.004379894 ustep: 0.9999993 
iter: 40  value: 18923.16 mgc: 0.0002043879 ustep: 0.9999997 
iter: 41  value: 18923.16 mgc: 2.510186e-06 ustep: 0.9999998 
iter: 42  value: 18923.16 mgc: 2.712884e-08 ustep: 0.9999999 
iter: 43  mgc: 5.413676e-10 
iter: 1  mgc: 5.413676e-10 
outer mgc:  3242.656 
iter: 1  value: 8622.922 mgc: 63.865 ustep: 0.1336527 
iter: 2  value: 8275.935 mgc: 101.8873 ustep: 0.3656489 
iter: 3  value: 8256.348 mgc: 102.2678 ustep: 0.6047286 
iter: 4  value: 6373.96 mgc: 118.9443 ustep: 0.08965133 
iter: 5  value: 6061.086 mgc: 85.74616 ustep: 0.08512427 
iter: 6  value: 5892.779 mgc: 97.38501 ustep: 0.08263501 
iter: 7  value: 5883.683 mgc: 82.92803 ustep: 0.08124685 
iter: 8  value: 5770.755 mgc: 92.68356 ustep: 0.08046641 
iter: 9  value: 5738.051 mgc: 72.97743 ustep: 0.1536618 
iter: 10  value: 5665.722 mgc: 72.48818 ustep: 0.392058 
iter: 11  value: 5630.528 mgc: 41.17588 ustep: 0.6261827 
iter: 12  value: 5621.885 mgc: 8.836259 ustep: 0.7913379 
iter: 13  value: 5621.12 mgc: 0.7019925 ustep: 0.8895828 
iter: 14  value: 5620.981 mgc: 0.1041331 ustep: 0.9431827 
iter: 15  value: 5620.944 mgc: 0.04480909 ustep: 0.9711788 
iter: 16  value: 5620.91 mgc: 0.01245468 ustep: 0.9854855 
iter: 17  value: 5620.844 mgc: 0.01069345 ustep: 0.9927169 
iter: 18  value: 5620.712 mgc: 0.0106802 ustep: 0.9963522 
iter: 19  value: 5620.452 mgc: 0.01065372 ustep: 0.9981746 
iter: 20  value: 5619.979 mgc: 0.01060094 ustep: 0.999087 
iter: 21  value: 5619.076 mgc: 0.01404196 ustep: 0.9995434 
iter: 22  value: 5617.38 mgc: 0.01034991 ustep: 0.9997717 
iter: 23  value: 5614.35 mgc: 0.01008827 ustep: 0.9998859 
iter: 24  value: 5609.486 mgc: 0.009582128 ustep: 0.9999429 
iter: 25  value: 5603.109 mgc: 0.01375884 ustep: 0.9999715 
iter: 26  value: 5597.27 mgc: 0.04230542 ustep: 0.9999857 
iter: 27  value: 5594.248 mgc: 0.07813162 ustep: 0.9999929 
iter: 28  value: 5593.536 mgc: 0.05702167 ustep: 0.9999964 
iter: 29  value: 5593.472 mgc: 0.01583557 ustep: 0.9999982 
iter: 30  value: 5593.47 mgc: 0.001740311 ustep: 0.9999991 
iter: 31  value: 5593.47 mgc: 6.369563e-05 ustep: 0.9999996 
iter: 32  value: 5593.47 mgc: 6.580273e-07 ustep: 0.9999998 
iter: 33  value: 5593.47 mgc: 1.154313e-08 ustep: 0.9999999 
iter: 34  mgc: 1.555416e-10 
iter: 1  mgc: 1.555416e-10 
outer mgc:  920.5161 
iter: 1  value: 3847.044 mgc: 48.4079 ustep: 0.2494656 
iter: 2  value: 3517.893 mgc: 67.89329 ustep: 0.4995153 
iter: 3  value: 2861.417 mgc: 66.7106 ustep: 0.1421311 
iter: 4  value: 2661.941 mgc: 55.88001 ustep: 0.2107167 
iter: 5  value: 2603.892 mgc: 47.57575 ustep: 0.459093 
iter: 6  value: 2567.92 mgc: 43.16415 ustep: 0.6775962 
iter: 7  value: 2546.683 mgc: 30.05371 ustep: 0.82318 
iter: 8  value: 2543.947 mgc: 10.79376 ustep: 0.907302 
iter: 9  value: 2543.902 mgc: 0.3939715 ustep: 0.9525287 
iter: 10  value: 2543.868 mgc: 0.0112841 ustep: 0.9759782 
iter: 11  value: 2543.802 mgc: 0.01127018 ustep: 0.9879173 
iter: 12  value: 2543.674 mgc: 0.01124039 ustep: 0.9939409 
iter: 13  value: 2543.432 mgc: 0.01118082 ustep: 0.9969661 
iter: 14  value: 2542.99 mgc: 0.01106273 ustep: 0.9984821 
iter: 15  value: 2542.17 mgc: 0.01083117 ustep: 0.9992408 
iter: 16  value: 2540.743 mgc: 0.01038647 ustep: 0.9996204 
iter: 17  value: 2538.568 mgc: 0.009565757 ustep: 0.9998102 
iter: 18  value: 2535.945 mgc: 0.008160917 ustep: 0.9999051 
iter: 19  value: 2533.815 mgc: 0.006062986 ustep: 0.9999526 
iter: 20  value: 2533.8 mgc: 0.006364313 ustep: 0.9950301 
iter: 21  value: 2533.771 mgc: 0.003549818 ustep: 0.9975122 
iter: 22  value: 2533.715 mgc: 0.00350549 ustep: 0.9987554 
iter: 23  value: 2533.613 mgc: 0.003419132 ustep: 0.9993776 
iter: 24  value: 2533.444 mgc: 0.003254578 ustep: 0.9996888 
iter: 25  value: 2533.206 mgc: 0.002955363 ustep: 0.9998444 
iter: 26  value: 2532.946 mgc: 0.00245691 ustep: 0.9999222 
iter: 27  value: 2532.769 mgc: 0.001746219 ustep: 0.9999611 
iter: 28  value: 2532.717 mgc: 0.002581578 ustep: 0.9999806 
iter: 29  value: 2532.7 mgc: 0.01281227 ustep: 0.9999903 
iter: 30  value: 2532.696 mgc: 0.004645807 ustep: 0.9999951 
iter: 31  value: 2532.695 mgc: 0.001633592 ustep: 0.9999976 
iter: 32  value: 2532.695 mgc: 0.0005239624 ustep: 0.9999988 
iter: 33  value: 2532.695 mgc: 0.0001285779 ustep: 0.9999994 
iter: 34  value: 2532.695 mgc: 1.503789e-05 ustep: 0.9999997 
iter: 35  value: 2532.695 mgc: 2.881789e-07 ustep: 0.9999998 
iter: 36  mgc: 2.301967e-10 
iter: 1  mgc: 2.301967e-10 
outer mgc:  89.76081 
iter: 1  value: 12970.82 mgc: 5930.499 ustep: 0.989901 
iter: 2  value: 11806.27 mgc: 182.1999 ustep: 0.2811189 
iter: 3  value: 7405.26 mgc: 158.8078 ustep: 0.1720866 
iter: 4  value: 6271.601 mgc: 136.2645 ustep: 0.2350528 
iter: 5  value: 4855.089 mgc: 69.69842 ustep: 0.1527828 
iter: 6  value: 4622.599 mgc: 55.15646 ustep: 0.2195521 
iter: 7  value: 4408.239 mgc: 52.35483 ustep: 0.1461778 
iter: 8  value: 4351.324 mgc: 47.101 ustep: 0.2140994 
iter: 9  value: 4293.386 mgc: 41.85296 ustep: 0.4627625 
iter: 10  value: 4272.994 mgc: 25.14741 ustep: 0.6802985 
iter: 11  value: 4256.087 mgc: 17.92488 ustep: 0.8248196 
iter: 12  value: 4237.88 mgc: 1.059597 ustep: 0.908205 
iter: 13  value: 4207.176 mgc: 0.9965311 ustep: 0.9530026 
iter: 14  value: 4168.007 mgc: 0.8764889 ustep: 0.9762209 
iter: 15  value: 4160.33 mgc: 2.072152 ustep: 0.8905496 
iter: 16  value: 4148.727 mgc: 0.7429992 ustep: 0.943695 
iter: 17  value: 4142.836 mgc: 0.5624033 ustep: 0.9714425 
iter: 18  value: 4126.537 mgc: 9.554582 ustep: 0.9856193 
iter: 19  value: 4123.486 mgc: 3.265669 ustep: 0.9149633 
iter: 20  value: 4120.904 mgc: 1.1062 ustep: 0.9565415 
iter: 21  value: 4120.34 mgc: 0.3232431 ustep: 0.8516974 
iter: 22  value: 4119.502 mgc: 0.2430172 ustep: 0.9228822 
iter: 23  value: 4118.914 mgc: 0.1601118 ustep: 0.9606715 
iter: 24  value: 4118.171 mgc: 0.09034624 ustep: 0.9801405 
iter: 25  value: 4117.642 mgc: 0.06778423 ustep: 0.9900215 
iter: 26  value: 4117.358 mgc: 0.1134648 ustep: 0.9949987 
iter: 27  value: 4117.188 mgc: 0.1031656 ustep: 0.9974965 
iter: 28  value: 4117.143 mgc: 0.03058115 ustep: 0.9987476 
iter: 29  value: 4117.137 mgc: 0.006022723 ustep: 0.9993737 
iter: 30  value: 4117.136 mgc: 0.0009169873 ustep: 0.9996868 
iter: 31  value: 4117.136 mgc: 0.0001442988 ustep: 0.9998434 
iter: 32  value: 4117.136 mgc: 1.702172e-05 ustep: 0.9999217 
iter: 33  value: 4117.136 mgc: 1.063906e-06 ustep: 0.9999609 
iter: 34  value: 4117.136 mgc: 3.424939e-08 ustep: 0.9999804 
iter: 35  mgc: 5.599198e-10 
iter: 1  value: 2454.387 mgc: 16.9773 ustep: 0.989901 
iter: 2  value: 2448.699 mgc: 2.139433 ustep: 0.9949382 
iter: 3  value: 2447.666 mgc: 0.1792298 ustep: 0.9974661 
iter: 4  value: 2446.393 mgc: 0.02972215 ustep: 0.9987324 
iter: 5  value: 2444.433 mgc: 0.264524 ustep: 0.9993661 
iter: 6  value: 2442.757 mgc: 0.09395722 ustep: 0.999683 
iter: 7  value: 2442.627 mgc: 0.03134554 ustep: 0.9998415 
iter: 8  value: 2442.2 mgc: 0.4685533 ustep: 0.9999208 
iter: 9  value: 2442.09 mgc: 0.169027 ustep: 0.9999604 
iter: 10  value: 2442.059 mgc: 0.05912171 ustep: 0.9999802 
iter: 11  value: 2442.052 mgc: 0.0189294 ustep: 0.9999901 
iter: 12  value: 2442.051 mgc: 0.00472874 ustep: 0.999995 
iter: 13  value: 2442.051 mgc: 0.0005957954 ustep: 0.9999975 
iter: 14  value: 2442.051 mgc: 1.346385e-05 ustep: 0.9999988 
iter: 15  mgc: 8.590624e-09 
iter: 1  mgc: 8.590624e-09 
outer mgc:  113.8664 
iter: 1  value: 2307.564 mgc: 7.939128 ustep: 0.989901 
iter: 2  value: 2299.551 mgc: 1.871946 ustep: 0.9949382 
iter: 3  value: 2299.09 mgc: 0.2736984 ustep: 0.9495676 
iter: 4  value: 2298.313 mgc: 0.06251588 ustep: 0.9744601 
iter: 5  value: 2296.958 mgc: 0.06088703 ustep: 0.9871488 
iter: 6  value: 2294.83 mgc: 0.057546 ustep: 0.9935542 
iter: 7  value: 2291.992 mgc: 0.05154739 ustep: 0.9967722 
iter: 8  value: 2289.215 mgc: 0.04183881 ustep: 0.998385 
iter: 9  value: 2289.096 mgc: 0.02865221 ustep: 0.9714818 
iter: 10  value: 2288.879 mgc: 0.02804144 ustep: 0.9856392 
iter: 11  value: 2288.52 mgc: 0.02662236 ustep: 0.9927943 
iter: 12  value: 2288.111 mgc: 0.02372511 ustep: 0.996391 
iter: 13  value: 2287.681 mgc: 0.03824697 ustep: 0.9981941 
iter: 14  value: 2287.401 mgc: 0.01379331 ustep: 0.9990967 
iter: 15  value: 2287.305 mgc: 0.007489472 ustep: 0.9995483 
iter: 16  value: 2287.291 mgc: 0.002794985 ustep: 0.9997741 
iter: 17  value: 2287.291 mgc: 0.0006425375 ustep: 0.9998871 
iter: 18  value: 2287.291 mgc: 8.351455e-05 ustep: 0.9999435 
iter: 19  value: 2287.291 mgc: 5.799219e-06 ustep: 0.9999718 
iter: 20  value: 2287.291 mgc: 2.083979e-07 ustep: 0.9999859 
iter: 21  mgc: 3.81161e-09 
iter: 1  mgc: 3.81161e-09 
outer mgc:  96.12169 
iter: 1  value: 2230.423 mgc: 12.84138 ustep: 0.989901 
iter: 2  value: 2196.583 mgc: 23.87122 ustep: 0.9949382 
iter: 3  value: 2190.43 mgc: 7.755661 ustep: 0.9974661 
iter: 4  value: 2188.657 mgc: 2.712583 ustep: 0.9987324 
iter: 5  value: 2188.174 mgc: 0.9340358 ustep: 0.9993661 
iter: 6  value: 2188.074 mgc: 0.2929408 ustep: 0.999683 
iter: 7  value: 2188.065 mgc: 0.06956066 ustep: 0.9998415 
iter: 8  value: 2188.065 mgc: 0.007662332 ustep: 0.9999208 
iter: 9  value: 2188.065 mgc: 0.0001277092 ustep: 0.9999604 
iter: 10  value: 2188.065 mgc: 5.937323e-08 ustep: 0.9999802 
iter: 11  mgc: 1.183219e-11 
iter: 1  mgc: 1.183219e-11 
outer mgc:  84.71497 
iter: 1  value: 2122.937 mgc: 12.31513 ustep: 0.989901 
iter: 2  value: 2102.2 mgc: 14.16254 ustep: 0.9949382 
iter: 3  value: 2097.514 mgc: 4.799324 ustep: 0.9974661 
iter: 4  value: 2096.268 mgc: 1.678285 ustep: 0.9987324 
iter: 5  value: 2095.998 mgc: 0.5601486 ustep: 0.9993661 
iter: 6  value: 2095.961 mgc: 0.1571723 ustep: 0.999683 
iter: 7  value: 2095.96 mgc: 0.02661026 ustep: 0.9998415 
iter: 8  value: 2095.96 mgc: 0.001205975 ustep: 0.9999208 
iter: 9  value: 2095.96 mgc: 3.146964e-06 ustep: 0.9999604 
iter: 10  mgc: 5.525114e-10 
iter: 1  mgc: 5.525114e-10 
outer mgc:  98.26869 
iter: 1  value: 2221.744 mgc: 9.520814 ustep: 1 
iter: 2  value: 2062.4 mgc: 78.83167 ustep: 1 
iter: 3  value: 2052.895 mgc: 7.916989 ustep: 1 
iter: 4  value: 2050.291 mgc: 2.731743 ustep: 1 
iter: 5  value: 2049.73 mgc: 0.892589 ustep: 1 
iter: 6  value: 2049.675 mgc: 0.2322788 ustep: 1 
iter: 7  value: 2049.674 mgc: 0.03102863 ustep: 1 
iter: 8  value: 2049.674 mgc: 0.000772318 ustep: 1 
iter: 9  value: 2049.674 mgc: 5.07913e-07 ustep: 1 
iter: 10  mgc: 2.202127e-13 
iter: 1  mgc: 2.202127e-13 
outer mgc:  92.38234 
iter: 1  value: 1979.343 mgc: 10.3416 ustep: 1 
iter: 2  value: 1960.846 mgc: 8.697191 ustep: 1 
iter: 3  value: 1958.456 mgc: 2.542699 ustep: 1 
iter: 4  value: 1958.342 mgc: 0.5087056 ustep: 1 
iter: 5  value: 1958.342 mgc: 0.03447521 ustep: 1 
iter: 6  value: 1958.342 mgc: 0.0001871483 ustep: 1 
iter: 7  mgc: 5.587355e-09 
iter: 1  mgc: 5.587355e-09 
outer mgc:  68.69372 
iter: 1  value: 1989.369 mgc: 11.51111 ustep: 1 
iter: 2  value: 1983.697 mgc: 3.465544 ustep: 1 
iter: 3  value: 1983.6 mgc: 0.5639447 ustep: 1 
iter: 4  value: 1983.599 mgc: 0.04232888 ustep: 1 
iter: 5  value: 1983.599 mgc: 0.0002772696 ustep: 1 
iter: 6  value: 1983.599 mgc: 1.201398e-08 ustep: 1 
mgc: 2.575717e-14 
iter: 1  value: 1937.154 mgc: 3.032967 ustep: 1 
iter: 2  value: 1936.941 mgc: 0.522906 ustep: 1 
iter: 3  value: 1936.941 mgc: 0.03840977 ustep: 1 
iter: 4  value: 1936.941 mgc: 0.0002554935 ustep: 1 
iter: 5  value: 1936.941 mgc: 1.133978e-08 ustep: 1 
mgc: 4.463097e-14 
iter: 1  mgc: 4.463097e-14 
outer mgc:  33.64031 
iter: 1  value: 1925.623 mgc: 5.104534 ustep: 1 
iter: 2  value: 1924.839 mgc: 0.4942359 ustep: 1 
iter: 3  value: 1924.831 mgc: 0.07180756 ustep: 1 
iter: 4  value: 1924.831 mgc: 0.001686001 ustep: 1 
iter: 5  value: 1924.831 mgc: 9.127264e-07 ustep: 1 
iter: 6  mgc: 2.689238e-13 
iter: 1  mgc: 2.689238e-13 
outer mgc:  64.24312 
iter: 1  value: 1904.538 mgc: 8.130537 ustep: 1 
iter: 2  value: 1904.153 mgc: 0.4530908 ustep: 1 
iter: 3  value: 1904.151 mgc: 0.05326018 ustep: 1 
iter: 4  value: 1904.151 mgc: 0.0009240227 ustep: 1 
iter: 5  value: 1904.151 mgc: 2.868646e-07 ustep: 1 
iter: 6  mgc: 3.28626e-14 
iter: 1  mgc: 3.28626e-14 
outer mgc:  27.19464 
iter: 1  value: 1895.031 mgc: 9.830385 ustep: 1 
iter: 2  value: 1894.534 mgc: 0.897303 ustep: 1 
iter: 3  value: 1894.533 mgc: 0.023957 ustep: 1 
iter: 4  value: 1894.533 mgc: 0.000113766 ustep: 1 
iter: 5  mgc: 3.930977e-09 
iter: 1  mgc: 3.930977e-09 
outer mgc:  28.02433 
iter: 1  value: 1883.094 mgc: 10.73019 ustep: 1 
iter: 2  value: 1882.578 mgc: 0.8706389 ustep: 1 
iter: 3  value: 1882.578 mgc: 0.01086701 ustep: 1 
iter: 4  value: 1882.578 mgc: 2.870751e-06 ustep: 1 
iter: 5  mgc: 1.98952e-13 
iter: 1  mgc: 1.98952e-13 
outer mgc:  21.20663 
iter: 1  value: 1861.787 mgc: 8.897716 ustep: 1 
iter: 2  value: 1861.488 mgc: 0.8355645 ustep: 1 
iter: 3  value: 1861.488 mgc: 0.009880595 ustep: 1 
iter: 4  value: 1861.488 mgc: 1.936724e-06 ustep: 1 
iter: 5  mgc: 8.526513e-14 
iter: 1  mgc: 8.526513e-14 
outer mgc:  26.03273 
iter: 1  value: 1846.773 mgc: 7.090555 ustep: 1 
iter: 2  value: 1846.635 mgc: 0.3721884 ustep: 1 
iter: 3  value: 1846.635 mgc: 0.002355117 ustep: 1 
iter: 4  value: 1846.635 mgc: 3.962477e-07 ustep: 1 
iter: 5  mgc: 3.68594e-14 
iter: 1  mgc: 3.68594e-14 
outer mgc:  21.05796 
iter: 1  value: 1829.253 mgc: 7.985932 ustep: 1 
iter: 2  value: 1829.115 mgc: 0.560887 ustep: 1 
iter: 3  value: 1829.115 mgc: 0.00425734 ustep: 1 
iter: 4  value: 1829.115 mgc: 4.315984e-07 ustep: 1 
iter: 5  mgc: 4.92939e-14 
iter: 1  mgc: 4.92939e-14 
outer mgc:  25.17506 
iter: 1  value: 1797.289 mgc: 7.082518 ustep: 1 
iter: 2  value: 1797.093 mgc: 0.4568334 ustep: 1 
iter: 3  value: 1797.093 mgc: 0.01154254 ustep: 1 
iter: 4  value: 1797.093 mgc: 2.867175e-05 ustep: 1 
iter: 5  mgc: 1.782751e-10 
iter: 1  mgc: 1.782751e-10 
outer mgc:  19.31451 
iter: 1  value: 1809.356 mgc: 11.26012 ustep: 1 
iter: 2  value: 1808.071 mgc: 1.077017 ustep: 1 
iter: 3  value: 1808.07 mgc: 0.02441038 ustep: 1 
iter: 4  value: 1808.07 mgc: 0.0002989496 ustep: 1 
iter: 5  value: 1808.07 mgc: 4.585856e-08 ustep: 1 
iter: 6  mgc: 1.953993e-14 
iter: 1  value: 1787.939 mgc: 5.693008 ustep: 1 
iter: 2  value: 1787.888 mgc: 0.2816176 ustep: 1 
iter: 3  value: 1787.888 mgc: 0.001290824 ustep: 1 
iter: 4  value: 1787.888 mgc: 1.187716e-07 ustep: 1 
iter: 5  mgc: 4.796163e-14 
iter: 1  mgc: 4.796163e-14 
outer mgc:  12.16629 
iter: 1  value: 1784.104 mgc: 6.775494 ustep: 1 
iter: 2  value: 1783.973 mgc: 0.4133027 ustep: 1 
iter: 3  value: 1783.973 mgc: 0.003653803 ustep: 1 
iter: 4  value: 1783.973 mgc: 2.932006e-07 ustep: 1 
iter: 5  mgc: 2.797762e-14 
iter: 1  mgc: 2.797762e-14 
outer mgc:  21.83653 
iter: 1  value: 1779.415 mgc: 6.125504 ustep: 1 
iter: 2  value: 1779.333 mgc: 0.2853447 ustep: 1 
iter: 3  value: 1779.333 mgc: 0.001684409 ustep: 1 
iter: 4  value: 1779.333 mgc: 9.072948e-08 ustep: 1 
iter: 5  mgc: 3.630429e-14 
iter: 1  mgc: 3.630429e-14 
outer mgc:  25.15582 
iter: 1  value: 1780.596 mgc: 1.51991 ustep: 1 
iter: 2  value: 1780.591 mgc: 0.09576008 ustep: 1 
iter: 3  value: 1780.591 mgc: 0.0003711045 ustep: 1 
iter: 4  value: 1780.591 mgc: 1.014404e-08 ustep: 1 
iter: 5  mgc: 3.819167e-14 
iter: 1  mgc: 3.819167e-14 
outer mgc:  33.53505 
iter: 1  value: 1773.441 mgc: 3.631023 ustep: 1 
iter: 2  value: 1773.436 mgc: 0.1116532 ustep: 1 
iter: 3  value: 1773.436 mgc: 0.0001831331 ustep: 1 
iter: 4  mgc: 1.589916e-09 
iter: 1  mgc: 1.589916e-09 
outer mgc:  17.21892 
iter: 1  value: 1766.453 mgc: 2.811875 ustep: 1 
iter: 2  value: 1766.447 mgc: 0.06618145 ustep: 1 
iter: 3  value: 1766.447 mgc: 0.0003941504 ustep: 1 
iter: 4  value: 1766.447 mgc: 3.826161e-08 ustep: 1 
iter: 5  mgc: 3.042011e-14 
iter: 1  mgc: 3.042011e-14 
outer mgc:  9.990752 
iter: 1  value: 1763.761 mgc: 1.13162 ustep: 1 
iter: 2  value: 1763.76 mgc: 0.01566833 ustep: 1 
iter: 3  value: 1763.76 mgc: 3.892919e-05 ustep: 1 
iter: 4  mgc: 4.052911e-10 
iter: 1  mgc: 4.052911e-10 
outer mgc:  9.985313 
iter: 1  value: 1757.904 mgc: 1.281362 ustep: 1 
iter: 2  value: 1757.903 mgc: 0.05460571 ustep: 1 
iter: 3  value: 1757.903 mgc: 0.0003368339 ustep: 1 
iter: 4  value: 1757.903 mgc: 1.861542e-08 ustep: 1 
iter: 5  mgc: 2.797762e-14 
iter: 1  mgc: 2.797762e-14 
outer mgc:  32.7808 
iter: 1  value: 1753.836 mgc: 1.284087 ustep: 1 
iter: 2  value: 1753.835 mgc: 0.06248855 ustep: 1 
iter: 3  value: 1753.835 mgc: 0.0001618384 ustep: 1 
iter: 4  mgc: 1.082254e-09 
iter: 1  mgc: 1.082254e-09 
outer mgc:  16.50285 
iter: 1  value: 1751.501 mgc: 1.266725 ustep: 1 
iter: 2  value: 1751.5 mgc: 0.03708923 ustep: 1 
iter: 3  value: 1751.5 mgc: 6.307582e-05 ustep: 1 
iter: 4  mgc: 5.66412e-10 
iter: 1  mgc: 5.66412e-10 
outer mgc:  23.689 
iter: 1  value: 1746.463 mgc: 1.249901 ustep: 1 
iter: 2  value: 1746.463 mgc: 0.02938729 ustep: 1 
iter: 3  value: 1746.463 mgc: 3.400839e-05 ustep: 1 
iter: 4  mgc: 4.465428e-11 
iter: 1  mgc: 4.465428e-11 
outer mgc:  9.911482 
iter: 1  value: 1738.533 mgc: 1.508851 ustep: 1 
iter: 2  value: 1738.532 mgc: 0.02578771 ustep: 1 
iter: 3  value: 1738.532 mgc: 4.992794e-05 ustep: 1 
iter: 4  mgc: 5.697749e-10 
iter: 1  mgc: 5.697749e-10 
outer mgc:  14.99363 
iter: 1  value: 1735.935 mgc: 1.78494 ustep: 1 
iter: 2  value: 1735.931 mgc: 0.03833737 ustep: 1 
iter: 3  value: 1735.931 mgc: 0.0002253779 ustep: 1 
iter: 4  value: 1735.931 mgc: 1.586741e-08 ustep: 1 
iter: 5  mgc: 3.330669e-14 
iter: 1  mgc: 3.330669e-14 
outer mgc:  9.633758 
iter: 1  value: 1722.948 mgc: 2.26608 ustep: 1 
iter: 2  value: 1722.937 mgc: 0.05237569 ustep: 1 
iter: 3  value: 1722.937 mgc: 0.0005829651 ustep: 1 
iter: 4  value: 1722.937 mgc: 9.154434e-08 ustep: 1 
iter: 5  mgc: 3.774758e-14 
iter: 1  mgc: 3.774758e-14 
outer mgc:  9.094238 
iter: 1  value: 1721.903 mgc: 5.980062 ustep: 1 
iter: 2  value: 1721.847 mgc: 0.1562572 ustep: 1 
iter: 3  value: 1721.847 mgc: 0.002285566 ustep: 1 
iter: 4  value: 1721.847 mgc: 8.416978e-07 ustep: 1 
iter: 5  mgc: 1.141309e-13 
iter: 1  mgc: 1.141309e-13 
outer mgc:  16.4283 
iter: 1  value: 1715.288 mgc: 5.14685 ustep: 1 
iter: 2  value: 1715.261 mgc: 0.2896308 ustep: 1 
iter: 3  value: 1715.261 mgc: 0.001003758 ustep: 1 
iter: 4  value: 1715.261 mgc: 4.587001e-08 ustep: 1 
iter: 5  mgc: 3.552714e-14 
iter: 1  mgc: 3.552714e-14 
outer mgc:  29.26806 
iter: 1  value: 1707.144 mgc: 3.246281 ustep: 1 
iter: 2  value: 1707.095 mgc: 0.169657 ustep: 1 
iter: 3  value: 1707.095 mgc: 0.003099159 ustep: 1 
iter: 4  value: 1707.095 mgc: 1.836149e-06 ustep: 1 
iter: 5  mgc: 6.454837e-13 
iter: 1  value: 1708.611 mgc: 2.754047 ustep: 1 
iter: 2  value: 1708.605 mgc: 0.08871126 ustep: 1 
iter: 3  value: 1708.605 mgc: 0.0005117645 ustep: 1 
iter: 4  value: 1708.605 mgc: 2.715759e-08 ustep: 1 
iter: 5  mgc: 4.485301e-14 
iter: 1  mgc: 4.485301e-14 
outer mgc:  31.09253 
iter: 1  value: 1709.373 mgc: 5.137956 ustep: 1 
iter: 2  value: 1709.303 mgc: 0.2657324 ustep: 1 
iter: 3  value: 1709.303 mgc: 0.001477129 ustep: 1 
iter: 4  value: 1709.303 mgc: 1.015243e-07 ustep: 1 
iter: 5  mgc: 2.930989e-14 
iter: 1  mgc: 2.930989e-14 
outer mgc:  9.564244 
iter: 1  value: 1707.394 mgc: 5.536524 ustep: 1 
iter: 2  value: 1707.335 mgc: 0.2008032 ustep: 1 
iter: 3  value: 1707.335 mgc: 0.0009661223 ustep: 1 
iter: 4  value: 1707.335 mgc: 6.305936e-08 ustep: 1 
iter: 5  mgc: 2.531308e-14 
iter: 1  value: 1706.895 mgc: 2.804452 ustep: 1 
iter: 2  value: 1706.89 mgc: 0.05688587 ustep: 1 
iter: 3  value: 1706.89 mgc: 7.097458e-05 ustep: 1 
iter: 4  mgc: 5.272898e-10 
iter: 1  mgc: 5.272898e-10 
outer mgc:  4.41041 
iter: 1  value: 1706.905 mgc: 1.419659 ustep: 1 
iter: 2  value: 1706.904 mgc: 0.01726499 ustep: 1 
iter: 3  value: 1706.904 mgc: 2.145779e-05 ustep: 1 
iter: 4  mgc: 1.129353e-10 
iter: 1  mgc: 1.129353e-10 
outer mgc:  6.459856 
iter: 1  value: 1706.571 mgc: 2.559475 ustep: 1 
iter: 2  value: 1706.567 mgc: 0.053189 ustep: 1 
iter: 3  value: 1706.567 mgc: 7.038134e-05 ustep: 1 
iter: 4  mgc: 1.248496e-10 
iter: 1  value: 1706.224 mgc: 1.021786 ustep: 1 
iter: 2  value: 1706.224 mgc: 0.009184191 ustep: 1 
iter: 3  value: 1706.224 mgc: 2.631407e-06 ustep: 1 
iter: 4  mgc: 6.905587e-13 
iter: 1  mgc: 6.905587e-13 
outer mgc:  7.670832 
iter: 1  value: 1705.147 mgc: 0.8035468 ustep: 1 
iter: 2  value: 1705.147 mgc: 0.004273269 ustep: 1 
iter: 3  value: 1705.147 mgc: 5.244415e-07 ustep: 1 
iter: 4  mgc: 4.307665e-14 
iter: 1  mgc: 4.307665e-14 
outer mgc:  5.07386 
iter: 1  value: 1705.354 mgc: 1.107135 ustep: 1 
iter: 2  value: 1705.354 mgc: 0.007486542 ustep: 1 
iter: 3  value: 1705.354 mgc: 1.952851e-06 ustep: 1 
iter: 4  mgc: 1.346701e-13 
iter: 1  mgc: 1.346701e-13 
outer mgc:  3.410391 
iter: 1  value: 1705.76 mgc: 0.5536283 ustep: 1 
iter: 2  value: 1705.76 mgc: 0.003413993 ustep: 1 
iter: 3  value: 1705.76 mgc: 1.539037e-07 ustep: 1 
iter: 4  mgc: 4.440892e-14 
iter: 1  mgc: 4.440892e-14 
outer mgc:  3.134391 
iter: 1  value: 1704.617 mgc: 0.5731891 ustep: 1 
iter: 2  value: 1704.617 mgc: 0.003237116 ustep: 1 
iter: 3  value: 1704.617 mgc: 3.270344e-07 ustep: 1 
iter: 4  mgc: 3.308465e-14 
iter: 1  mgc: 3.308465e-14 
outer mgc:  3.615372 
iter: 1  value: 1704.304 mgc: 0.7810392 ustep: 1 
iter: 2  value: 1704.304 mgc: 0.006058435 ustep: 1 
iter: 3  value: 1704.304 mgc: 8.388462e-07 ustep: 1 
iter: 4  mgc: 4.440892e-14 
iter: 1  mgc: 4.440892e-14 
outer mgc:  4.039073 
iter: 1  value: 1704.658 mgc: 0.6900517 ustep: 1 
iter: 2  value: 1704.658 mgc: 0.005474043 ustep: 1 
iter: 3  value: 1704.658 mgc: 6.416908e-07 ustep: 1 
iter: 4  mgc: 3.264056e-14 
iter: 1  mgc: 3.264056e-14 
outer mgc:  4.360299 
iter: 1  value: 1704.582 mgc: 0.4683684 ustep: 1 
iter: 2  value: 1704.582 mgc: 0.002452668 ustep: 1 
iter: 3  value: 1704.582 mgc: 6.870603e-07 ustep: 1 
iter: 4  mgc: 6.57252e-14 
iter: 1  mgc: 6.57252e-14 
outer mgc:  3.800277 
iter: 1  value: 1704.526 mgc: 0.5798624 ustep: 1 
iter: 2  value: 1704.526 mgc: 0.00302315 ustep: 1 
iter: 3  value: 1704.526 mgc: 2.157251e-07 ustep: 1 
iter: 4  mgc: 3.852474e-14 
iter: 1  mgc: 3.852474e-14 
outer mgc:  2.348217 
iter: 1  value: 1703.617 mgc: 0.5818489 ustep: 1 
iter: 2  value: 1703.617 mgc: 0.002798568 ustep: 1 
iter: 3  value: 1703.617 mgc: 6.985012e-07 ustep: 1 
iter: 4  mgc: 5.317968e-14 
iter: 1  mgc: 5.317968e-14 
outer mgc:  2.069947 
iter: 1  value: 1703.844 mgc: 0.5607951 ustep: 1 
iter: 2  value: 1703.844 mgc: 0.003914971 ustep: 1 
iter: 3  value: 1703.844 mgc: 6.783537e-07 ustep: 1 
iter: 4  mgc: 5.084821e-14 
iter: 1  mgc: 5.084821e-14 
outer mgc:  3.029399 
iter: 1  value: 1704.289 mgc: 0.4190313 ustep: 1 
iter: 2  value: 1704.289 mgc: 0.002556951 ustep: 1 
iter: 3  value: 1704.289 mgc: 2.667455e-07 ustep: 1 
iter: 4  mgc: 2.780415e-14 
iter: 1  mgc: 2.780415e-14 
outer mgc:  6.132975 
iter: 1  value: 1704.134 mgc: 0.1700632 ustep: 1 
iter: 2  value: 1704.134 mgc: 0.001114256 ustep: 1 
iter: 3  value: 1704.134 mgc: 7.890144e-08 ustep: 1 
iter: 4  mgc: 2.749884e-14 
iter: 1  mgc: 2.749884e-14 
outer mgc:  3.241865 
iter: 1  value: 1703.046 mgc: 0.6020071 ustep: 1 
iter: 2  value: 1703.046 mgc: 0.003951082 ustep: 1 
iter: 3  value: 1703.046 mgc: 4.831715e-07 ustep: 1 
iter: 4  mgc: 3.175238e-14 
iter: 1  mgc: 3.175238e-14 
outer mgc:  2.497577 
iter: 1  value: 1703.362 mgc: 0.5838207 ustep: 1 
iter: 2  value: 1703.362 mgc: 0.002433636 ustep: 1 
iter: 3  value: 1703.362 mgc: 9.559807e-08 ustep: 1 
iter: 4  mgc: 3.752554e-14 
iter: 1  mgc: 3.752554e-14 
outer mgc:  1.414554 
iter: 1  value: 1703.721 mgc: 0.8720656 ustep: 1 
iter: 2  value: 1703.721 mgc: 0.006102076 ustep: 1 
iter: 3  value: 1703.721 mgc: 5.49451e-07 ustep: 1 
iter: 4  mgc: 3.419487e-14 
iter: 1  mgc: 3.419487e-14 
outer mgc:  3.280371 
iter: 1  value: 1703.288 mgc: 0.8724897 ustep: 1 
iter: 2  value: 1703.288 mgc: 0.005748945 ustep: 1 
iter: 3  value: 1703.288 mgc: 4.743655e-07 ustep: 1 
iter: 4  mgc: 3.375078e-14 
iter: 1  mgc: 3.375078e-14 
outer mgc:  1.215191 
iter: 1  value: 1703.155 mgc: 0.5894652 ustep: 1 
iter: 2  value: 1703.155 mgc: 0.002442259 ustep: 1 
iter: 3  value: 1703.155 mgc: 1.589689e-07 ustep: 1 
iter: 4  mgc: 3.38618e-14 
iter: 1  mgc: 3.38618e-14 
outer mgc:  3.15844 
iter: 1  value: 1702.838 mgc: 0.4190127 ustep: 1 
iter: 2  value: 1702.838 mgc: 0.001323929 ustep: 1 
iter: 3  value: 1702.838 mgc: 4.591829e-08 ustep: 1 
iter: 4  mgc: 3.441691e-14 
iter: 1  mgc: 3.441691e-14 
outer mgc:  1.497782 
iter: 1  value: 1703.232 mgc: 0.8120019 ustep: 1 
iter: 2  value: 1703.232 mgc: 0.003457318 ustep: 1 
iter: 3  value: 1703.232 mgc: 2.309726e-07 ustep: 1 
iter: 4  mgc: 3.257464e-14 
iter: 1  mgc: 3.257464e-14 
outer mgc:  1.634957 
iter: 1  value: 1702.854 mgc: 0.4227318 ustep: 1 
iter: 2  value: 1702.854 mgc: 0.001392582 ustep: 1 
iter: 3  value: 1702.854 mgc: 1.12857e-07 ustep: 1 
iter: 4  mgc: 3.697043e-14 
iter: 1  mgc: 3.697043e-14 
outer mgc:  0.8572556 
iter: 1  value: 1702.884 mgc: 0.5706936 ustep: 1 
iter: 2  value: 1702.884 mgc: 0.002899436 ustep: 1 
iter: 3  value: 1702.884 mgc: 2.886512e-07 ustep: 1 
iter: 4  mgc: 3.663736e-14 
iter: 1  value: 1702.811 mgc: 0.3773392 ustep: 1 
iter: 2  value: 1702.811 mgc: 0.001237453 ustep: 1 
iter: 3  value: 1702.811 mgc: 4.949276e-08 ustep: 1 
iter: 4  mgc: 3.952394e-14 
iter: 1  mgc: 3.952394e-14 
outer mgc:  2.999765 
iter: 1  value: 1702.748 mgc: 0.1938536 ustep: 1 
iter: 2  value: 1702.748 mgc: 0.0005294941 ustep: 1 
iter: 3  value: 1702.748 mgc: 1.390242e-08 ustep: 1 
mgc: 3.552714e-14 
iter: 1  mgc: 3.552714e-14 
outer mgc:  1.130245 
iter: 1  value: 1702.842 mgc: 0.1171009 ustep: 1 
iter: 2  value: 1702.842 mgc: 0.0001740908 ustep: 1 
iter: 3  mgc: 5.387131e-10 
iter: 1  mgc: 5.387131e-10 
outer mgc:  0.9265836 
iter: 1  value: 1702.608 mgc: 0.1543166 ustep: 1 
iter: 2  value: 1702.608 mgc: 0.0002176982 ustep: 1 
iter: 3  mgc: 6.515286e-10 
iter: 1  value: 1702.402 mgc: 0.1124202 ustep: 1 
iter: 2  value: 1702.402 mgc: 0.0001434539 ustep: 1 
iter: 3  mgc: 8.171812e-10 
iter: 1  mgc: 8.171812e-10 
outer mgc:  1.162256 
iter: 1  value: 1702.955 mgc: 0.212336 ustep: 1 
iter: 2  value: 1702.955 mgc: 0.000654687 ustep: 1 
iter: 3  value: 1702.955 mgc: 2.066494e-08 ustep: 1 
iter: 4  mgc: 3.419487e-14 
iter: 1  mgc: 3.419487e-14 
outer mgc:  2.652201 
iter: 1  value: 1702.607 mgc: 0.2019855 ustep: 1 
iter: 2  value: 1702.607 mgc: 0.0003578769 ustep: 1 
iter: 3  mgc: 3.040533e-09 
iter: 1  value: 1702.363 mgc: 0.2090187 ustep: 1 
iter: 2  value: 1702.363 mgc: 0.0003865385 ustep: 1 
iter: 3  mgc: 4.390208e-09 
iter: 1  mgc: 4.390208e-09 
outer mgc:  2.006223 
iter: 1  value: 1702.236 mgc: 0.3542022 ustep: 1 
iter: 2  value: 1702.236 mgc: 0.001322741 ustep: 1 
iter: 3  value: 1702.236 mgc: 7.049854e-08 ustep: 1 
iter: 4  mgc: 4.574119e-14 
iter: 1  mgc: 4.574119e-14 
outer mgc:  3.135895 
iter: 1  value: 1701.874 mgc: 0.5981863 ustep: 1 
iter: 2  value: 1701.874 mgc: 0.002444715 ustep: 1 
iter: 3  value: 1701.874 mgc: 1.376997e-07 ustep: 1 
iter: 4  mgc: 3.530509e-14 
iter: 1  mgc: 3.530509e-14 
outer mgc:  1.309561 
iter: 1  value: 1702.744 mgc: 0.5535286 ustep: 1 
iter: 2  value: 1702.744 mgc: 0.002441377 ustep: 1 
iter: 3  value: 1702.744 mgc: 1.179262e-07 ustep: 1 
iter: 4  mgc: 3.230749e-14 
iter: 1  mgc: 3.230749e-14 
outer mgc:  3.522566 
iter: 1  value: 1702.736 mgc: 0.4881512 ustep: 1 
iter: 2  value: 1702.736 mgc: 0.002233144 ustep: 1 
iter: 3  value: 1702.736 mgc: 9.019732e-08 ustep: 1 
iter: 4  mgc: 3.264056e-14 
iter: 1  mgc: 3.264056e-14 
outer mgc:  2.87576 
iter: 1  value: 1702.2 mgc: 0.170636 ustep: 1 
iter: 2  value: 1702.2 mgc: 0.001107791 ustep: 1 
iter: 3  value: 1702.2 mgc: 4.893799e-08 ustep: 1 
iter: 4  mgc: 3.641532e-14 
iter: 1  mgc: 3.641532e-14 
outer mgc:  3.259793 
iter: 1  value: 1701.629 mgc: 0.497046 ustep: 1 
iter: 2  value: 1701.629 mgc: 0.002022455 ustep: 1 
iter: 3  value: 1701.629 mgc: 1.076835e-07 ustep: 1 
iter: 4  mgc: 3.508305e-14 
iter: 1  mgc: 3.508305e-14 
outer mgc:  1.768587 
iter: 1  value: 1702.04 mgc: 0.282905 ustep: 1 
iter: 2  value: 1702.04 mgc: 0.0008259802 ustep: 1 
iter: 3  value: 1702.04 mgc: 2.236088e-08 ustep: 1 
iter: 4  mgc: 2.975398e-14 
iter: 1  mgc: 2.975398e-14 
outer mgc:  4.207127 
iter: 1  value: 1702.236 mgc: 0.2300618 ustep: 1 
iter: 2  value: 1702.236 mgc: 0.000375022 ustep: 1 
iter: 3  mgc: 6.22009e-09 
iter: 1  mgc: 6.22009e-09 
outer mgc:  1.68392 
iter: 1  value: 1701.851 mgc: 0.1524783 ustep: 1 
iter: 2  value: 1701.851 mgc: 0.0003910541 ustep: 1 
iter: 3  mgc: 8.133462e-09 
iter: 1  mgc: 8.133462e-09 
outer mgc:  1.67193 
iter: 1  value: 1701.932 mgc: 0.09291704 ustep: 1 
iter: 2  value: 1701.932 mgc: 9.699491e-05 ustep: 1 
iter: 3  mgc: 6.040821e-10 
iter: 1  mgc: 6.040821e-10 
outer mgc:  1.689992 
iter: 1  value: 1701.939 mgc: 0.09976899 ustep: 1 
iter: 2  value: 1701.939 mgc: 0.0001790661 ustep: 1 
iter: 3  mgc: 1.136048e-09 
iter: 1  mgc: 1.136048e-09 
outer mgc:  0.8464067 
iter: 1  value: 1702.034 mgc: 0.09856591 ustep: 1 
iter: 2  value: 1702.034 mgc: 9.356277e-05 ustep: 1 
iter: 3  mgc: 6.826186e-10 
iter: 1  mgc: 6.826186e-10 
outer mgc:  0.5861492 
iter: 1  value: 1701.988 mgc: 0.07339006 ustep: 1 
iter: 2  value: 1701.988 mgc: 5.322873e-05 ustep: 1 
iter: 3  mgc: 4.478213e-10 
iter: 1  mgc: 4.478213e-10 
outer mgc:  0.594416 
iter: 1  value: 1702.001 mgc: 0.1070275 ustep: 1 
iter: 2  value: 1702.001 mgc: 6.125991e-05 ustep: 1 
iter: 3  mgc: 9.6123e-11 
iter: 1  value: 1702.035 mgc: 0.1905797 ustep: 1 
iter: 2  value: 1702.035 mgc: 0.0001936532 ustep: 1 
iter: 3  mgc: 9.371013e-10 
iter: 1  mgc: 9.371013e-10 
outer mgc:  0.90393 
iter: 1  value: 1701.947 mgc: 0.1597239 ustep: 1 
iter: 2  value: 1701.947 mgc: 0.0001669796 ustep: 1 
iter: 3  mgc: 9.895795e-10 
iter: 1  mgc: 9.895795e-10 
outer mgc:  0.3195221 
iter: 1  value: 1701.869 mgc: 0.4484214 ustep: 1 
iter: 2  value: 1701.869 mgc: 0.001220288 ustep: 1 
iter: 3  value: 1701.869 mgc: 3.662468e-08 ustep: 1 
iter: 4  mgc: 2.78666e-14 
iter: 1  value: 1701.907 mgc: 0.221924 ustep: 1 
iter: 2  value: 1701.907 mgc: 0.0002945203 ustep: 1 
iter: 3  mgc: 2.252302e-09 
iter: 1  mgc: 2.252302e-09 
outer mgc:  0.3383834 
iter: 1  value: 1701.911 mgc: 0.1350152 ustep: 1 
iter: 2  value: 1701.911 mgc: 0.0001842985 ustep: 1 
iter: 3  mgc: 6.813542e-10 
iter: 1  mgc: 6.813542e-10 
outer mgc:  0.3219539 
iter: 1  value: 1701.91 mgc: 0.04345159 ustep: 1 
iter: 2  value: 1701.91 mgc: 2.014731e-05 ustep: 1 
iter: 3  mgc: 8.295586e-12 
iter: 1  mgc: 8.295586e-12 
outer mgc:  0.1476444 
iter: 1  value: 1701.954 mgc: 0.03386199 ustep: 1 
iter: 2  value: 1701.954 mgc: 1.493164e-05 ustep: 1 
iter: 3  mgc: 4.7787e-11 
iter: 1  mgc: 4.7787e-11 
outer mgc:  0.1356976 
iter: 1  value: 1701.934 mgc: 0.04553497 ustep: 1 
iter: 2  value: 1701.934 mgc: 1.817083e-05 ustep: 1 
iter: 3  mgc: 1.598488e-11 
iter: 1  mgc: 1.598488e-11 
outer mgc:  0.1531814 
iter: 1  value: 1701.933 mgc: 0.02513165 ustep: 1 
iter: 2  value: 1701.933 mgc: 6.771615e-06 ustep: 1 
iter: 3  mgc: 1.095235e-12 
iter: 1  value: 1701.931 mgc: 0.03562499 ustep: 1 
iter: 2  value: 1701.931 mgc: 1.396823e-05 ustep: 1 
iter: 3  mgc: 4.181988e-12 
iter: 1  mgc: 4.181988e-12 
outer mgc:  0.1145251 
iter: 1  value: 1701.962 mgc: 0.04006557 ustep: 1 
iter: 2  value: 1701.962 mgc: 1.700828e-05 ustep: 1 
iter: 3  mgc: 3.314649e-11 
iter: 1  mgc: 3.314649e-11 
outer mgc:  0.258594 
iter: 1  value: 1701.838 mgc: 0.07697077 ustep: 1 
iter: 2  value: 1701.838 mgc: 6.158639e-05 ustep: 1 
iter: 3  mgc: 1.087423e-10 
iter: 1  mgc: 1.087423e-10 
outer mgc:  0.1418658 
iter: 1  value: 1701.927 mgc: 0.08284795 ustep: 1 
iter: 2  value: 1701.927 mgc: 0.0001004727 ustep: 1 
iter: 3  mgc: 3.710343e-10 
iter: 1  mgc: 3.710343e-10 
outer mgc:  0.2365496 
iter: 1  value: 1702.024 mgc: 0.1318515 ustep: 1 
iter: 2  value: 1702.024 mgc: 0.0001544766 ustep: 1 
iter: 3  mgc: 5.194689e-10 
iter: 1  value: 1701.962 mgc: 0.04885026 ustep: 1 
iter: 2  value: 1701.962 mgc: 2.137019e-05 ustep: 1 
iter: 3  mgc: 9.978296e-12 
iter: 1  mgc: 9.978296e-12 
outer mgc:  0.135017 
iter: 1  value: 1701.929 mgc: 0.06321424 ustep: 1 
iter: 2  value: 1701.929 mgc: 3.834963e-05 ustep: 1 
iter: 3  mgc: 3.234857e-11 
iter: 1  mgc: 3.234857e-11 
outer mgc:  0.08492542 
iter: 1  value: 1701.923 mgc: 0.007920619 ustep: 1 
iter: 2  value: 1701.923 mgc: 4.033215e-07 ustep: 1 
iter: 3  mgc: 4.535261e-14 
iter: 1  value: 1701.917 mgc: 0.009986791 ustep: 1 
iter: 2  value: 1701.917 mgc: 6.415321e-07 ustep: 1 
iter: 3  mgc: 1.141309e-13 
iter: 1  mgc: 1.141309e-13 
outer mgc:  0.06313018 
iter: 1  value: 1701.92 mgc: 0.005026396 ustep: 1 
iter: 2  value: 1701.92 mgc: 2.811135e-07 ustep: 1 
iter: 3  mgc: 5.639933e-14 
iter: 1  value: 1701.925 mgc: 0.006518846 ustep: 1 
iter: 2  value: 1701.925 mgc: 4.728312e-07 ustep: 1 
iter: 3  mgc: 3.56104e-14 
iter: 1  mgc: 3.56104e-14 
outer mgc:  0.1016741 
iter: 1  value: 1701.919 mgc: 0.01334739 ustep: 1 
iter: 2  value: 1701.919 mgc: 1.756992e-06 ustep: 1 
iter: 3  mgc: 7.271961e-14 
iter: 1  mgc: 7.271961e-14 
outer mgc:  0.04423418 
iter: 1  value: 1701.93 mgc: 0.01450301 ustep: 1 
iter: 2  value: 1701.93 mgc: 1.502485e-06 ustep: 1 
iter: 3  mgc: 7.210899e-14 
iter: 1  mgc: 7.210899e-14 
outer mgc:  0.02123559 
iter: 1  value: 1701.931 mgc: 0.00371559 ustep: 1 
iter: 2  value: 1701.931 mgc: 1.773094e-07 ustep: 1 
iter: 3  mgc: 4.019007e-14 
iter: 1  mgc: 4.019007e-14 
outer mgc:  0.04248919 
iter: 1  value: 1701.927 mgc: 0.006346087 ustep: 1 
iter: 2  value: 1701.927 mgc: 3.233259e-07 ustep: 1 
iter: 3  mgc: 3.119727e-14 
iter: 1  mgc: 3.119727e-14 
outer mgc:  0.02145901 
iter: 1  value: 1701.922 mgc: 0.002649459 ustep: 1 
iter: 2  value: 1701.922 mgc: 6.200776e-08 ustep: 1 
iter: 3  mgc: 2.864375e-14 
iter: 1  mgc: 2.864375e-14 
outer mgc:  0.009584031 
iter: 1  value: 1701.924 mgc: 0.0007164864 ustep: 1 
iter: 2  mgc: 4.813071e-09 
iter: 1  mgc: 4.813071e-09 
outer mgc:  0.004438422 
iter: 1  value: 1701.925 mgc: 0.0007678043 ustep: 1 
iter: 2  mgc: 5.182969e-09 
iter: 1  mgc: 5.182969e-09 
outer mgc:  0.002436827 
iter: 1  value: 1701.925 mgc: 0.0001033518 ustep: 1 
iter: 2  mgc: 9.864687e-11 
iter: 1  mgc: 9.864687e-11 
outer mgc:  0.0008982801 
iter: 1  value: 1701.925 mgc: 0.0001273391 ustep: 1 
iter: 2  mgc: 1.390348e-10 
iter: 1  mgc: 1.390348e-10 
outer mgc:  0.0001525782 
iter: 1  value: 1701.925 mgc: 3.548067e-05 ustep: 1 
iter: 2  mgc: 1.102363e-11 
iter: 1  mgc: 1.102363e-11 
outer mgc:  0.0001917702 
iter: 1  value: 1701.925 mgc: 6.07807e-06 ustep: 1 
iter: 2  mgc: 4.762857e-13 
iter: 1  mgc: 4.762857e-13 
outer mgc:  7.280981e-05 
iter: 1  value: 1701.925 mgc: 9.309559e-06 ustep: 1 
iter: 2  mgc: 7.398526e-13 
iter: 1  mgc: 7.398526e-13 
outer mgc:  1.031912e-05 
iter: 1  value: 1701.925 mgc: 1.80128e-06 ustep: 1 
iter: 2  mgc: 3.863576e-14 
iter: 1  mgc: 3.863576e-14 
outer mgc:  1.688623e-05 
iter: 1  mgc: 3.863576e-14 
iter: 1  mgc: 3.863576e-14 
outer mgc:  1.688623e-05 
iter: 1  value: 1701.929 mgc: 0.02811174 ustep: 1 
iter: 2  value: 1701.929 mgc: 4.87876e-06 ustep: 1 
iter: 3  mgc: 3.517187e-13 
outer mgc:  0.1337022 
iter: 1  value: 1701.921 mgc: 0.02811879 ustep: 1 
iter: 2  value: 1701.921 mgc: 4.872169e-06 ustep: 1 
iter: 3  mgc: 3.557155e-13 
outer mgc:  0.1336937 
iter: 1  mgc: 4.076739e-13 
outer mgc:  1.688623e-05 
iter: 1  mgc: 3.876899e-13 
outer mgc:  1.688623e-05 
iter: 1  value: 1701.924 mgc: 0.02904582 ustep: 1 
iter: 2  value: 1701.924 mgc: 4.654062e-06 ustep: 1 
iter: 3  mgc: 4.297673e-13 
outer mgc:  0.07429145 
iter: 1  value: 1701.926 mgc: 0.02904168 ustep: 1 
iter: 2  value: 1701.926 mgc: 4.659615e-06 ustep: 1 
iter: 3  mgc: 4.303224e-13 
outer mgc:  0.07428568 
iter: 1  value: 1701.925 mgc: 0.0008793362 ustep: 1 
iter: 2  value: 1701.925 mgc: 2.114664e-08 ustep: 1 
mgc: 3.330669e-14 
outer mgc:  0.009510574 
iter: 1  value: 1701.926 mgc: 0.0008784732 ustep: 1 
iter: 2  value: 1701.926 mgc: 2.112556e-08 ustep: 1 
mgc: 3.630429e-14 
outer mgc:  0.009501853 
iter: 1  value: 1701.92 mgc: 0.02341714 ustep: 1 
iter: 2  value: 1701.92 mgc: 4.887156e-06 ustep: 1 
iter: 3  mgc: 5.104805e-13 
outer mgc:  0.03508428 
iter: 1  value: 1701.93 mgc: 0.02340766 ustep: 1 
iter: 2  value: 1701.93 mgc: 4.891444e-06 ustep: 1 
iter: 3  mgc: 5.095924e-13 
outer mgc:  0.03507998 
iter: 1  mgc: 2.358114e-12 
outer mgc:  1.688622e-05 
iter: 1  mgc: 2.356448e-12 
outer mgc:  1.688623e-05 
iter: 1  value: 1701.924 mgc: 0.02523677 ustep: 1 
iter: 2  value: 1701.924 mgc: 4.979167e-06 ustep: 1 
iter: 3  mgc: 4.997669e-13 
outer mgc:  0.05178548 
iter: 1  value: 1701.926 mgc: 0.02523734 ustep: 1 
iter: 2  value: 1701.926 mgc: 4.984086e-06 ustep: 1 
iter: 3  mgc: 5.015988e-13 
outer mgc:  0.05179129 
iter: 1  mgc: 3.863576e-14 
outer mgc:  1.688623e-05 
iter: 1  mgc: 3.863576e-14 
outer mgc:  1.688623e-05 
iter: 1  value: 1701.928 mgc: 0.02852626 ustep: 1 
iter: 2  value: 1701.928 mgc: 4.579113e-06 ustep: 1 
iter: 3  mgc: 3.606004e-13 
outer mgc:  0.1347405 
iter: 1  value: 1701.922 mgc: 0.02852899 ustep: 1 
iter: 2  value: 1701.922 mgc: 4.583402e-06 ustep: 1 
iter: 3  mgc: 3.663736e-13 
outer mgc:  0.1347449 
iter: 1  value: 1701.926 mgc: 0.0008784732 ustep: 1 
iter: 2  value: 1701.926 mgc: 2.112558e-08 ustep: 1 
mgc: 3.430589e-14 
outer mgc:  0.009501853 
iter: 1  value: 1701.925 mgc: 0.0008793362 ustep: 1 
iter: 2  value: 1701.925 mgc: 2.114662e-08 ustep: 1 
mgc: 4.263256e-14 
outer mgc:  0.009510574 
iter: 1  value: 1701.916 mgc: 0.002428306 ustep: 1 
iter: 2  value: 1701.916 mgc: 5.103529e-07 ustep: 1 
iter: 3  mgc: 4.263256e-14 
outer mgc:  0.07247766 
iter: 1  value: 1701.934 mgc: 0.00242514 ustep: 1 
iter: 2  value: 1701.934 mgc: 5.100236e-07 ustep: 1 
iter: 3  mgc: 3.730349e-14 
outer mgc:  0.07248169 
iter: 1  value: 1701.915 mgc: 0.002149528 ustep: 1 
iter: 2  value: 1701.915 mgc: 4.568295e-07 ustep: 1 
iter: 3  mgc: 5.551115e-14 
outer mgc:  0.06248303 
iter: 1  value: 1701.935 mgc: 0.002147386 ustep: 1 
iter: 2  value: 1701.935 mgc: 4.563035e-07 ustep: 1 
iter: 3  mgc: 5.584422e-14 
outer mgc:  0.06247312 
iter: 1  value: 1701.917 mgc: 0.002489509 ustep: 1 
iter: 2  value: 1701.917 mgc: 7.308622e-07 ustep: 1 
iter: 3  mgc: 1.347811e-13 
outer mgc:  0.06282138 
iter: 1  value: 1701.933 mgc: 0.00248673 ustep: 1 
iter: 2  value: 1701.933 mgc: 7.291968e-07 ustep: 1 
iter: 3  mgc: 1.341149e-13 
outer mgc:  0.06283311 
iter: 1  value: 1701.917 mgc: 0.001733272 ustep: 1 
iter: 2  value: 1701.917 mgc: 5.660131e-07 ustep: 1 
iter: 3  mgc: 6.805667e-14 
outer mgc:  0.06218228 
iter: 1  value: 1701.933 mgc: 0.001731563 ustep: 1 
iter: 2  value: 1701.933 mgc: 5.65216e-07 ustep: 1 
iter: 3  mgc: 6.783463e-14 
outer mgc:  0.06217859 
iter: 1  value: 1701.92 mgc: 0.001660457 ustep: 1 
iter: 2  value: 1701.92 mgc: 4.389664e-07 ustep: 1 
iter: 3  mgc: 3.885781e-14 
outer mgc:  0.0673705 
iter: 1  value: 1701.93 mgc: 0.001658819 ustep: 1 
iter: 2  value: 1701.93 mgc: 4.382872e-07 ustep: 1 
iter: 3  mgc: 3.841372e-14 
outer mgc:  0.06736978 
iter: 1  value: 1701.915 mgc: 0.002143112 ustep: 1 
iter: 2  value: 1701.915 mgc: 7.863335e-07 ustep: 1 
iter: 3  mgc: 1.061373e-13 
outer mgc:  0.05792736 
iter: 1  value: 1701.935 mgc: 0.002140659 ustep: 1 
iter: 2  value: 1701.935 mgc: 7.844617e-07 ustep: 1 
iter: 3  mgc: 1.04583e-13 
outer mgc:  0.0579612 
iter: 1  value: 1701.919 mgc: 0.002790929 ustep: 1 
iter: 2  value: 1701.919 mgc: 2.580781e-07 ustep: 1 
iter: 3  mgc: 3.885781e-14 
outer mgc:  0.05189602 
iter: 1  value: 1701.931 mgc: 0.002788503 ustep: 1 
iter: 2  value: 1701.931 mgc: 2.577044e-07 ustep: 1 
iter: 3  mgc: 3.530509e-14 
outer mgc:  0.05191862 
iter: 1  value: 1701.922 mgc: 0.002702593 ustep: 1 
iter: 2  value: 1701.922 mgc: 6.350607e-07 ustep: 1 
iter: 3  mgc: 5.928591e-14 
outer mgc:  0.07026178 
iter: 1  value: 1701.928 mgc: 0.002700632 ustep: 1 
iter: 2  value: 1701.928 mgc: 6.337238e-07 ustep: 1 
iter: 3  mgc: 5.861978e-14 
outer mgc:  0.07027376 
iter: 1  value: 1701.927 mgc: 0.00245222 ustep: 1 
iter: 2  value: 1701.927 mgc: 5.194464e-07 ustep: 1 
iter: 3  mgc: 6.750156e-14 
outer mgc:  0.06670261 
iter: 1  value: 1701.923 mgc: 0.00245428 ustep: 1 
iter: 2  value: 1701.923 mgc: 5.20677e-07 ustep: 1 
iter: 3  mgc: 6.739054e-14 
outer mgc:  0.06669901 
iter: 1  value: 1701.924 mgc: 0.00218805 ustep: 1 
iter: 2  value: 1701.924 mgc: 4.561252e-07 ustep: 1 
iter: 3  mgc: 3.880229e-14 
outer mgc:  0.07411949 
iter: 1  value: 1701.926 mgc: 0.002188835 ustep: 1 
iter: 2  value: 1701.926 mgc: 4.556201e-07 ustep: 1 
iter: 3  mgc: 4.973799e-14 
outer mgc:  0.07412437 
iter: 1  value: 1701.938 mgc: 0.005895644 ustep: 1 
iter: 2  value: 1701.938 mgc: 1.282793e-06 ustep: 1 
iter: 3  mgc: 6.394885e-14 
outer mgc:  0.274705 
iter: 1  value: 1701.912 mgc: 0.005910718 ustep: 1 
iter: 2  value: 1701.912 mgc: 1.288176e-06 ustep: 1 
iter: 3  mgc: 6.972201e-14 
outer mgc:  0.2750483 
iter: 1  value: 1701.949 mgc: 0.003929614 ustep: 1 
iter: 2  value: 1701.949 mgc: 1.944195e-06 ustep: 1 
iter: 3  mgc: 5.055956e-13 
outer mgc:  0.1631227 
iter: 1  value: 1701.902 mgc: 0.00393832 ustep: 1 
iter: 2  value: 1701.902 mgc: 1.949043e-06 ustep: 1 
iter: 3  mgc: 5.062617e-13 
outer mgc:  0.1632872 
iter: 1  value: 1701.958 mgc: 0.00315984 ustep: 1 
iter: 2  value: 1701.958 mgc: 1.102727e-06 ustep: 1 
iter: 3  mgc: 3.372302e-13 
outer mgc:  0.1190082 
iter: 1  value: 1701.892 mgc: 0.003166792 ustep: 1 
iter: 2  value: 1701.892 mgc: 1.105527e-06 ustep: 1 
iter: 3  mgc: 3.372858e-13 
outer mgc:  0.1191507 
iter: 1  value: 1701.948 mgc: 0.003249289 ustep: 1 
iter: 2  value: 1701.948 mgc: 1.957868e-06 ustep: 1 
iter: 3  mgc: 7.827072e-13 
outer mgc:  0.1515192 
iter: 1  value: 1701.902 mgc: 0.003257334 ustep: 1 
iter: 2  value: 1701.902 mgc: 1.963823e-06 ustep: 1 
iter: 3  mgc: 7.849277e-13 
outer mgc:  0.1517112 
iter: 1  value: 1701.939 mgc: 0.007340955 ustep: 1 
iter: 2  value: 1701.939 mgc: 2.642386e-06 ustep: 1 
iter: 3  mgc: 3.63265e-13 
outer mgc:  0.2642783 
iter: 1  value: 1701.912 mgc: 0.007357613 ustep: 1 
iter: 2  value: 1701.912 mgc: 2.651247e-06 ustep: 1 
iter: 3  mgc: 3.637091e-13 
outer mgc:  0.2646164 
[Sun Aug 15 21:18:13 2021]
Finished job 0.
1 of 1 steps (100%) done
