Building DAG of jobs...
Using shell: /usr/bin/bash
Provided cores: 1 (use --cores to define parallelism)
Rules claiming more threads will be scaled down.
Job counts:
	count	jobs
	1	inference_simulation_TMB_multiple
	1

[Fri Aug 13 13:33:42 2021]
rule inference_simulation_TMB_multiple:
    input: ../data/assessing_models_simulation/datasets/multiple_GenerationInoRE_20_100_80_4_0.2_NA_NA_NA_dataset0.RDS
    output: ../data/assessing_models_simulation/inference_results/TMB/nlminb/multiple_GenerationInoRE_20_100_80_4_0.2_fullREDMsinglelambda_NA_NA_NA_dataset0.RDS
    log: logs/inference/nlminb/simulation_GenerationInoRE_20_100_80_4_0.2_ModelfullREDMsinglelambda_NA_NA_NA_dataset0.log
    jobid: 0
    wildcards: optimiser=nlminb, datasetgeneration=GenerationInoRE, n=20, nlambda=100, lmbda=80, d=4, beta_intensity=0.2, model=fullREDMsinglelambda, fixed_beta_intercept=NA, fixed_beta_slope=NA, sdRE_input=NA, itnum=0

Rscript 2_inference_TMB/run_TMB.R --input ../data/assessing_models_simulation/datasets/multiple_GenerationInoRE_20_100_80_4_0.2_NA_NA_NA_dataset0.RDS --output ../data/assessing_models_simulation/inference_results/TMB/nlminb/multiple_GenerationInoRE_20_100_80_4_0.2_fullREDMsinglelambda_NA_NA_NA_dataset0.RDS --model fullREDMsinglelambda --optimiser nlminb
Model: fullREDMsinglelambda 
Feature type: signatures 
Using nlminb: TRUE 
Simulation boolean: TRUE 
make: Nothing to be done for 'all'.
../data/assessing_models_simulation/datasets/multiple_GenerationInoRE_20_100_80_4_0.2_NA_NA_NA_dataset0.RDS[1] "../data/assessing_models_simulation/datasets/multiple_GenerationInoRE_20_100_80_4_0.2_NA_NA_NA_dataset0.RDS"
Reading file ../data/assessing_models_simulation/datasets/multiple_GenerationInoRE_20_100_80_4_0.2_NA_NA_NA_dataset0.RDS 
Loading required package: nnet
# weights:  12 (6 variable)
initial  value 5502.202319 
iter  10 value 5079.909395
iter  10 value 5079.909379
iter  10 value 5079.909379
final  value 5079.909379 
converged
Order of parameters:
[1] "beta"       "u_large"    "logs_sd_RE" "cov_par_RE" "log_lambda"
Not matching template order:
[1] "beta"       "logs_sd_RE" "cov_par_RE" "log_lambda" "u_large"   
Your parameter list has been re-ordered.
(Disable this warning with checkParameterOrder=FALSE)
Constructing atomic invpd
Constructing atomic D_lgamma
Constructing atomic invpd
Constructing atomic D_lgamma
Constructing atomic matmul
Constructing atomic invpd
Constructing atomic D_lgamma
Constructing atomic matmul
Optimizing tape... Done
iter: 1  value: 5291.065 mgc: 2.563032 ustep: 0.8994163 
iter: 2  value: 5273.423 mgc: 1.276811 ustep: 0.9483808 
iter: 3  value: 5273.111 mgc: 0.1918357 ustep: 0.973851 
iter: 4  value: 5273.109 mgc: 0.008533607 ustep: 0.9868402 
iter: 5  value: 5273.109 mgc: 0.0001507925 ustep: 0.993399 
iter: 6  value: 5273.109 mgc: 1.43616e-06 ustep: 0.9966944 
iter: 7  mgc: 6.886934e-09 
iter: 1  mgc: 6.886934e-09 
Matching hessian patterns... Done
outer mgc:  47.87111 
iter: 1  value: 5211.636 mgc: 0.7098857 ustep: 1 
iter: 2  value: 5211.634 mgc: 0.04747059 ustep: 1 
iter: 3  value: 5211.634 mgc: 0.0002534564 ustep: 1 
iter: 4  mgc: 8.039378e-09 
iter: 1  value: 5136.835 mgc: 1.410351 ustep: 1 
iter: 2  value: 5136.834 mgc: 0.05025085 ustep: 1 
iter: 3  value: 5136.834 mgc: 0.0001376016 ustep: 1 
iter: 4  mgc: 1.044269e-09 
iter: 1  mgc: 1.044269e-09 
outer mgc:  45.47214 
iter: 1  value: 5172.903 mgc: 9.51058 ustep: 1 
iter: 2  value: 5170.205 mgc: 3.080557 ustep: 1 
iter: 3  value: 5170.182 mgc: 0.3713802 ustep: 1 
iter: 4  value: 5170.182 mgc: 0.008973538 ustep: 1 
iter: 5  value: 5170.182 mgc: 5.739712e-06 ustep: 1 
iter: 6  mgc: 2.363887e-12 
iter: 1  value: 5104.785 mgc: 2.722315 ustep: 1 
iter: 2  value: 5104.753 mgc: 0.2634458 ustep: 1 
iter: 3  value: 5104.753 mgc: 0.003411859 ustep: 1 
iter: 4  value: 5104.753 mgc: 5.771538e-07 ustep: 1 
iter: 5  mgc: 1.398881e-14 
iter: 1  mgc: 1.398881e-14 
outer mgc:  22.05779 
iter: 1  value: 5205.369 mgc: 9.120449 ustep: 0.8994163 
iter: 2  value: 5147.874 mgc: 17.05931 ustep: 0.9483808 
iter: 3  value: 5146.439 mgc: 2.264145 ustep: 0.973851 
iter: 4  value: 5146.431 mgc: 0.5686203 ustep: 0.9868402 
iter: 5  value: 5146.431 mgc: 0.003115112 ustep: 0.993399 
iter: 6  value: 5146.431 mgc: 2.927545e-06 ustep: 0.9966944 
iter: 7  mgc: 2.485978e-09 
iter: 1  value: 5094.133 mgc: 2.238988 ustep: 1 
iter: 2  value: 5094.128 mgc: 0.1115698 ustep: 1 
iter: 3  value: 5094.128 mgc: 0.000202724 ustep: 1 
iter: 4  mgc: 6.961602e-10 
iter: 1  mgc: 6.961602e-10 
outer mgc:  18.49346 
iter: 1  value: 5084.815 mgc: 0.9811596 ustep: 1 
iter: 2  value: 5084.815 mgc: 0.009853878 ustep: 1 
iter: 3  value: 5084.815 mgc: 2.68737e-06 ustep: 1 
iter: 4  mgc: 7.389644e-13 
iter: 1  mgc: 7.389644e-13 
outer mgc:  17.1985 
iter: 1  value: 5068.79 mgc: 4.364708 ustep: 1 
iter: 2  value: 5068.757 mgc: 0.3187975 ustep: 1 
iter: 3  value: 5068.757 mgc: 0.00100563 ustep: 1 
iter: 4  value: 5068.757 mgc: 1.417398e-08 ustep: 1 
mgc: 2.131628e-14 
iter: 1  mgc: 2.131628e-14 
outer mgc:  30.60624 
iter: 1  value: 5051.695 mgc: 4.170497 ustep: 1 
iter: 2  value: 5051.695 mgc: 0.04612982 ustep: 1 
iter: 3  value: 5051.695 mgc: 4.239657e-05 ustep: 1 
iter: 4  mgc: 6.047607e-12 
iter: 1  mgc: 6.047607e-12 
outer mgc:  23.70749 
iter: 1  value: 5042.453 mgc: 8.571543 ustep: 1 
iter: 2  value: 5042.108 mgc: 0.8217792 ustep: 1 
iter: 3  value: 5042.108 mgc: 0.02027865 ustep: 1 
iter: 4  value: 5042.108 mgc: 1.153675e-05 ustep: 1 
iter: 5  mgc: 3.839595e-12 
iter: 1  mgc: 3.839595e-12 
outer mgc:  22.3009 
iter: 1  value: 5031.286 mgc: 8.905595 ustep: 1 
iter: 2  value: 5031.268 mgc: 0.3664559 ustep: 1 
iter: 3  value: 5031.268 mgc: 0.000294403 ustep: 1 
iter: 4  mgc: 3.087272e-09 
iter: 1  mgc: 3.087272e-09 
outer mgc:  26.28672 
iter: 1  value: 5036.35 mgc: 9.378899 ustep: 1 
iter: 2  value: 5036.344 mgc: 0.1469443 ustep: 1 
iter: 3  value: 5036.344 mgc: 0.000334181 ustep: 1 
iter: 4  mgc: 1.292061e-09 
iter: 1  value: 5028.216 mgc: 4.272102 ustep: 1 
iter: 2  value: 5028.216 mgc: 0.03306348 ustep: 1 
iter: 3  value: 5028.216 mgc: 1.534882e-05 ustep: 1 
iter: 4  mgc: 4.560796e-12 
iter: 1  mgc: 4.560796e-12 
outer mgc:  25.00744 
iter: 1  value: 5022.424 mgc: 2.925209 ustep: 1 
iter: 2  value: 5022.424 mgc: 0.03801231 ustep: 1 
iter: 3  value: 5022.424 mgc: 3.010829e-05 ustep: 1 
iter: 4  mgc: 1.497757e-11 
iter: 1  mgc: 1.497757e-11 
outer mgc:  10.30237 
iter: 1  value: 5017.033 mgc: 2.217108 ustep: 1 
iter: 2  value: 5017.033 mgc: 0.009650079 ustep: 1 
iter: 3  value: 5017.033 mgc: 8.141764e-07 ustep: 1 
iter: 4  mgc: 3.952394e-14 
iter: 1  mgc: 3.952394e-14 
outer mgc:  10.88827 
iter: 1  value: 5006.686 mgc: 4.054398 ustep: 1 
iter: 2  value: 5006.685 mgc: 0.07841664 ustep: 1 
iter: 3  value: 5006.685 mgc: 3.764618e-05 ustep: 1 
iter: 4  mgc: 9.561685e-12 
iter: 1  mgc: 9.561685e-12 
outer mgc:  12.5931 
iter: 1  value: 5000.033 mgc: 2.582755 ustep: 1 
iter: 2  value: 5000.033 mgc: 0.009747558 ustep: 1 
iter: 3  value: 5000.033 mgc: 2.553677e-07 ustep: 1 
iter: 4  mgc: 4.085621e-14 
iter: 1  mgc: 4.085621e-14 
outer mgc:  14.57057 
iter: 1  value: 4998.52 mgc: 6.262135 ustep: 1 
iter: 2  value: 4998.52 mgc: 0.01800713 ustep: 1 
iter: 3  value: 4998.52 mgc: 1.605382e-06 ustep: 1 
iter: 4  mgc: 5.218048e-14 
iter: 1  value: 4997.159 mgc: 1.991189 ustep: 1 
iter: 2  value: 4997.159 mgc: 0.002061133 ustep: 1 
iter: 3  value: 4997.159 mgc: 5.745978e-08 ustep: 1 
mgc: 4.52971e-14 
iter: 1  mgc: 4.52971e-14 
outer mgc:  11.64638 
iter: 1  value: 4995 mgc: 4.31399 ustep: 1 
iter: 2  value: 4995 mgc: 0.01149857 ustep: 1 
iter: 3  value: 4995 mgc: 1.430015e-07 ustep: 1 
mgc: 4.52971e-14 
iter: 1  mgc: 4.52971e-14 
outer mgc:  21.38719 
iter: 1  value: 4992.85 mgc: 1.980225 ustep: 1 
iter: 2  value: 4992.85 mgc: 0.001194685 ustep: 1 
iter: 3  mgc: 2.301046e-09 
iter: 1  mgc: 2.301046e-09 
outer mgc:  2.417725 
iter: 1  value: 4989.418 mgc: 1.835702 ustep: 1 
iter: 2  value: 4989.418 mgc: 0.01171404 ustep: 1 
iter: 3  value: 4989.418 mgc: 3.871921e-07 ustep: 1 
iter: 4  mgc: 3.785861e-14 
iter: 1  mgc: 3.785861e-14 
outer mgc:  9.291895 
iter: 1  value: 4982.911 mgc: 3.586059 ustep: 1 
iter: 2  value: 4982.911 mgc: 0.0178906 ustep: 1 
iter: 3  value: 4982.911 mgc: 7.008634e-07 ustep: 1 
iter: 4  mgc: 4.263256e-14 
iter: 1  mgc: 4.263256e-14 
outer mgc:  9.754444 
iter: 1  value: 4988.163 mgc: 6.291318 ustep: 1 
iter: 2  value: 4988.163 mgc: 0.02463155 ustep: 1 
iter: 3  value: 4988.163 mgc: 2.564113e-06 ustep: 1 
iter: 4  mgc: 3.641532e-14 
iter: 1  value: 4982.569 mgc: 1.176614 ustep: 1 
iter: 2  value: 4982.569 mgc: 0.001317687 ustep: 1 
iter: 3  value: 4982.569 mgc: 1.065191e-08 ustep: 1 
mgc: 2.753353e-14 
iter: 1  mgc: 2.753353e-14 
outer mgc:  12.85473 
iter: 1  value: 4981.316 mgc: 1.227583 ustep: 1 
iter: 2  value: 4981.316 mgc: 0.0007144597 ustep: 1 
iter: 3  mgc: 2.157249e-09 
iter: 1  mgc: 2.157249e-09 
outer mgc:  3.917222 
iter: 1  value: 4979.069 mgc: 2.628116 ustep: 1 
iter: 2  value: 4979.069 mgc: 0.001592597 ustep: 1 
iter: 3  value: 4979.069 mgc: 2.640994e-08 ustep: 1 
mgc: 3.863576e-14 
iter: 1  mgc: 3.863576e-14 
outer mgc:  7.113746 
iter: 1  value: 4976.794 mgc: 1.894059 ustep: 1 
iter: 2  value: 4976.794 mgc: 0.002232125 ustep: 1 
iter: 3  value: 4976.794 mgc: 1.052819e-08 ustep: 1 
mgc: 4.174439e-14 
iter: 1  mgc: 4.174439e-14 
outer mgc:  3.016004 
iter: 1  value: 4975.086 mgc: 1.775684 ustep: 1 
iter: 2  value: 4975.086 mgc: 0.001617586 ustep: 1 
iter: 3  mgc: 3.912779e-09 
iter: 1  mgc: 3.912779e-09 
outer mgc:  6.949952 
iter: 1  value: 4973.321 mgc: 1.353302 ustep: 1 
iter: 2  value: 4973.321 mgc: 0.001002887 ustep: 1 
iter: 3  mgc: 7.113614e-10 
iter: 1  mgc: 7.113614e-10 
outer mgc:  6.135377 
iter: 1  value: 4972.148 mgc: 1.01979 ustep: 1 
iter: 2  value: 4972.148 mgc: 0.0003755913 ustep: 1 
iter: 3  mgc: 8.051053e-10 
iter: 1  mgc: 8.051053e-10 
outer mgc:  2.620486 
iter: 1  value: 4970.791 mgc: 1.378587 ustep: 1 
iter: 2  value: 4970.791 mgc: 0.001523447 ustep: 1 
iter: 3  value: 4970.791 mgc: 1.32756e-08 ustep: 1 
mgc: 3.597123e-14 
iter: 1  mgc: 3.597123e-14 
outer mgc:  7.077981 
iter: 1  value: 4969.764 mgc: 1.009646 ustep: 1 
iter: 2  value: 4969.764 mgc: 0.0005083273 ustep: 1 
iter: 3  mgc: 1.319505e-09 
iter: 1  mgc: 1.319505e-09 
outer mgc:  1.414744 
iter: 1  value: 4968.203 mgc: 1.554986 ustep: 1 
iter: 2  value: 4968.203 mgc: 0.0007607129 ustep: 1 
iter: 3  mgc: 4.202989e-10 
iter: 1  mgc: 4.202989e-10 
outer mgc:  2.364278 
iter: 1  value: 4967.019 mgc: 1.33642 ustep: 1 
iter: 2  value: 4967.019 mgc: 0.0004977559 ustep: 1 
iter: 3  mgc: 8.353922e-10 
iter: 1  value: 4963.154 mgc: 4.235604 ustep: 1 
iter: 2  value: 4963.154 mgc: 0.004705221 ustep: 1 
iter: 3  value: 4963.154 mgc: 5.126566e-08 ustep: 1 
mgc: 2.609024e-14 
iter: 1  mgc: 2.609024e-14 
outer mgc:  1.267309 
iter: 1  value: 4951.763 mgc: 15.43726 ustep: 1 
iter: 2  value: 4951.763 mgc: 0.02587255 ustep: 1 
iter: 3  value: 4951.763 mgc: 1.326549e-06 ustep: 1 
iter: 4  mgc: 4.840572e-14 
iter: 1  value: 4961.781 mgc: 2.11529 ustep: 1 
iter: 2  value: 4961.781 mgc: 0.001098709 ustep: 1 
iter: 3  mgc: 5.751767e-09 
iter: 1  mgc: 5.751767e-09 
outer mgc:  1.60961 
iter: 1  value: 4959.54 mgc: 2.15442 ustep: 1 
iter: 2  value: 4959.54 mgc: 0.0009022384 ustep: 1 
iter: 3  mgc: 2.527881e-09 
iter: 1  mgc: 2.527881e-09 
outer mgc:  0.4010987 
iter: 1  value: 4956.068 mgc: 2.450686 ustep: 1 
iter: 2  value: 4956.068 mgc: 0.00110782 ustep: 1 
iter: 3  mgc: 4.020093e-09 
iter: 1  mgc: 4.020093e-09 
outer mgc:  0.8894081 
iter: 1  value: 4952.658 mgc: 2.643601 ustep: 1 
iter: 2  value: 4952.658 mgc: 0.0005586286 ustep: 1 
iter: 3  mgc: 7.018377e-10 
iter: 1  mgc: 7.018377e-10 
outer mgc:  0.5326276 
iter: 1  value: 4949.011 mgc: 6.621157 ustep: 1 
iter: 2  value: 4949.011 mgc: 0.0001474005 ustep: 1 
iter: 3  mgc: 3.324718e-11 
iter: 1  mgc: 3.324718e-11 
outer mgc:  0.3456116 
iter: 1  value: 4945.422 mgc: 7.692472 ustep: 1 
iter: 2  value: 4945.422 mgc: 9.802588e-05 ustep: 1 
iter: 3  mgc: 4.525802e-11 
iter: 1  mgc: 4.525802e-11 
outer mgc:  0.1091321 
iter: 1  value: 4938.874 mgc: 19.66218 ustep: 1 
iter: 2  value: 4938.874 mgc: 0.0003525731 ustep: 1 
iter: 3  mgc: 6.281726e-10 
iter: 1  mgc: 6.281726e-10 
outer mgc:  0.101363 
iter: 1  value: 4934.867 mgc: 18.47595 ustep: 1 
iter: 2  value: 4934.867 mgc: 0.0002124093 ustep: 1 
iter: 3  mgc: 2.470339e-10 
iter: 1  mgc: 2.470339e-10 
outer mgc:  0.0851306 
iter: 1  value: 4931.464 mgc: 20.90174 ustep: 1 
iter: 2  value: 4931.464 mgc: 0.0001116533 ustep: 1 
iter: 3  mgc: 5.848936e-11 
iter: 1  mgc: 5.848936e-11 
outer mgc:  0.07033492 
iter: 1  value: 4927.044 mgc: 43.8792 ustep: 1 
iter: 2  value: 4927.044 mgc: 0.0001686346 ustep: 1 
iter: 3  mgc: 1.490625e-10 
iter: 1  mgc: 1.490625e-10 
outer mgc:  0.1319992 
iter: 1  value: 4924.267 mgc: 30.62924 ustep: 1 
iter: 2  value: 4924.267 mgc: 0.0002354968 ustep: 1 
iter: 3  mgc: 5.412026e-11 
iter: 1  mgc: 5.412026e-11 
outer mgc:  0.04671288 
iter: 1  value: 4923.706 mgc: 9.211031 ustep: 1 
iter: 2  value: 4923.706 mgc: 0.0001338376 ustep: 1 
iter: 3  mgc: 4.801493e-12 
iter: 1  mgc: 4.801493e-12 
outer mgc:  0.08790335 
iter: 1  value: 4924.377 mgc: 6.058495 ustep: 1 
iter: 2  value: 4924.377 mgc: 1.403715e-05 ustep: 1 
iter: 3  mgc: 8.775203e-13 
iter: 1  mgc: 8.775203e-13 
outer mgc:  0.03117574 
iter: 1  value: 4925.096 mgc: 5.268069 ustep: 1 
iter: 2  value: 4925.096 mgc: 1.801935e-06 ustep: 1 
iter: 3  mgc: 4.174439e-14 
iter: 1  value: 4926.298 mgc: 8.181053 ustep: 1 
iter: 2  value: 4926.298 mgc: 5.389692e-06 ustep: 1 
iter: 3  mgc: 1.253685e-13 
iter: 1  mgc: 1.253685e-13 
outer mgc:  0.08128524 
iter: 1  value: 4932.422 mgc: 28.06271 ustep: 1 
iter: 2  value: 4932.422 mgc: 9.003223e-05 ustep: 1 
iter: 3  mgc: 4.504752e-11 
iter: 1  mgc: 4.504752e-11 
outer mgc:  0.1582529 
iter: 1  value: 4933.437 mgc: 7.13436 ustep: 1 
iter: 2  value: 4933.437 mgc: 7.294261e-06 ustep: 1 
iter: 3  mgc: 1.39444e-13 
iter: 1  mgc: 1.39444e-13 
outer mgc:  0.1355142 
iter: 1  value: 4936.595 mgc: 23.83158 ustep: 1 
iter: 2  value: 4936.595 mgc: 9.47067e-05 ustep: 1 
iter: 3  mgc: 3.66196e-11 
iter: 1  value: 4941.426 mgc: 33.81352 ustep: 1 
iter: 2  value: 4941.426 mgc: 0.0003502144 ustep: 1 
iter: 3  mgc: 2.977245e-10 
iter: 1  mgc: 2.977245e-10 
outer mgc:  0.142556 
iter: 1  value: 4932.222 mgc: 83.07839 ustep: 1 
iter: 2  value: 4932.222 mgc: 0.0004275667 ustep: 1 
iter: 3  mgc: 9.194348e-10 
iter: 1  mgc: 9.194348e-10 
outer mgc:  0.2330087 
iter: 1  value: 4934.293 mgc: 13.06949 ustep: 1 
iter: 2  value: 4934.293 mgc: 0.0003078029 ustep: 1 
iter: 3  mgc: 5.084777e-10 
iter: 1  mgc: 5.084777e-10 
outer mgc:  0.09639998 
iter: 1  value: 4935.673 mgc: 16.61592 ustep: 1 
iter: 2  value: 4935.673 mgc: 2.696733e-05 ustep: 1 
iter: 3  mgc: 8.197887e-13 
iter: 1  mgc: 8.197887e-13 
outer mgc:  0.06847213 
iter: 1  value: 4936.033 mgc: 39.4041 ustep: 1 
iter: 2  value: 4936.033 mgc: 0.0002488237 ustep: 1 
iter: 3  mgc: 6.151835e-11 
iter: 1  mgc: 6.151835e-11 
outer mgc:  0.01830325 
iter: 1  value: 4931.312 mgc: 27.82788 ustep: 1 
iter: 2  value: 4931.312 mgc: 6.927803e-05 ustep: 1 
iter: 3  mgc: 1.994471e-11 
iter: 1  mgc: 1.994471e-11 
outer mgc:  0.01571472 
iter: 1  value: 4929.468 mgc: 14.74969 ustep: 1 
iter: 2  value: 4929.468 mgc: 1.749624e-05 ustep: 1 
iter: 3  mgc: 1.676437e-13 
iter: 1  mgc: 1.676437e-13 
outer mgc:  0.01392647 
iter: 1  value: 4928.346 mgc: 9.646045 ustep: 1 
iter: 2  value: 4928.346 mgc: 3.96727e-06 ustep: 1 
iter: 3  mgc: 5.950795e-14 
iter: 1  mgc: 5.950795e-14 
outer mgc:  0.005582491 
iter: 1  value: 4927.657 mgc: 4.879555 ustep: 1 
iter: 2  value: 4927.657 mgc: 9.288158e-07 ustep: 1 
iter: 3  mgc: 6.261658e-14 
iter: 1  mgc: 6.261658e-14 
outer mgc:  0.001266933 
iter: 1  value: 4927.289 mgc: 2.100244 ustep: 1 
iter: 2  value: 4927.289 mgc: 3.646541e-07 ustep: 1 
iter: 3  mgc: 5.684342e-14 
iter: 1  mgc: 5.684342e-14 
outer mgc:  0.001463163 
iter: 1  value: 4927.093 mgc: 1.178554 ustep: 1 
iter: 2  value: 4927.093 mgc: 8.345402e-08 ustep: 1 
mgc: 4.440892e-14 
iter: 1  mgc: 4.440892e-14 
outer mgc:  0.001568128 
iter: 1  value: 4926.858 mgc: 1.161786 ustep: 1 
iter: 2  value: 4926.858 mgc: 1.295472e-07 ustep: 1 
mgc: 5.329071e-14 
iter: 1  mgc: 5.329071e-14 
outer mgc:  0.0016729 
iter: 1  value: 4926.444 mgc: 1.450076 ustep: 1 
iter: 2  value: 4926.444 mgc: 2.715944e-07 ustep: 1 
iter: 3  mgc: 5.861978e-14 
iter: 1  mgc: 5.861978e-14 
outer mgc:  0.002054997 
iter: 1  value: 4925.625 mgc: 1.862171 ustep: 1 
iter: 2  value: 4925.625 mgc: 5.060182e-07 ustep: 1 
iter: 3  mgc: 6.039613e-14 
iter: 1  mgc: 6.039613e-14 
outer mgc:  0.003681823 
iter: 1  value: 4924.065 mgc: 2.204873 ustep: 1 
iter: 2  value: 4924.065 mgc: 5.795929e-07 ustep: 1 
iter: 3  mgc: 1.065814e-13 
iter: 1  mgc: 1.065814e-13 
outer mgc:  0.005558676 
iter: 1  value: 4921.489 mgc: 2.248234 ustep: 1 
iter: 2  value: 4921.489 mgc: 2.954788e-07 ustep: 1 
iter: 3  mgc: 1.119105e-13 
iter: 1  mgc: 1.119105e-13 
outer mgc:  0.006714451 
iter: 1  value: 4918.018 mgc: 7.392529 ustep: 1 
iter: 2  value: 4918.018 mgc: 4.820888e-07 ustep: 1 
iter: 3  mgc: 1.119105e-13 
iter: 1  mgc: 1.119105e-13 
outer mgc:  0.005744829 
iter: 1  value: 4914.343 mgc: 21.16112 ustep: 1 
iter: 2  value: 4914.343 mgc: 1.668386e-06 ustep: 1 
iter: 3  mgc: 2.118306e-13 
iter: 1  mgc: 2.118306e-13 
outer mgc:  0.002865458 
iter: 1  value: 4911.285 mgc: 24.5402 ustep: 1 
iter: 2  value: 4911.285 mgc: 1.40729e-06 ustep: 1 
iter: 3  mgc: 1.660894e-13 
iter: 1  mgc: 1.660894e-13 
outer mgc:  0.001511255 
iter: 1  value: 4908.56 mgc: 16.95093 ustep: 1 
iter: 2  value: 4908.56 mgc: 5.702686e-07 ustep: 1 
iter: 3  mgc: 3.423928e-13 
iter: 1  mgc: 3.423928e-13 
outer mgc:  0.001893752 
iter: 1  value: 4904.957 mgc: 29.07627 ustep: 1 
iter: 2  value: 4904.957 mgc: 4.493399e-07 ustep: 1 
iter: 3  mgc: 4.209966e-13 
iter: 1  mgc: 4.209966e-13 
outer mgc:  0.001934415 
iter: 1  value: 4901.867 mgc: 34.7045 ustep: 1 
iter: 2  value: 4901.867 mgc: 2.450593e-07 ustep: 1 
mgc: 7.296386e-13 
iter: 1  mgc: 7.296386e-13 
outer mgc:  0.001238988 
iter: 1  value: 4898.337 mgc: 46.60162 ustep: 1 
iter: 2  value: 4898.337 mgc: 2.64706e-07 ustep: 1 
mgc: 1.117773e-12 
iter: 1  mgc: 1.117773e-12 
outer mgc:  0.0005012979 
iter: 1  value: 4895.351 mgc: 36.40718 ustep: 1 
iter: 2  value: 4895.351 mgc: 6.224736e-08 ustep: 1 
mgc: 1.84297e-12 
iter: 1  mgc: 1.84297e-12 
outer mgc:  0.0005734504 
iter: 1  value: 4892.071 mgc: 36.2865 ustep: 1 
iter: 2  value: 4892.071 mgc: 6.926313e-08 ustep: 1 
mgc: 1.054712e-12 
iter: 1  mgc: 1.054712e-12 
outer mgc:  0.0004856364 
iter: 1  value: 4889.261 mgc: 31.34799 ustep: 1 
iter: 2  value: 4889.261 mgc: 4.2674e-08 ustep: 1 
mgc: 2.149392e-12 
iter: 1  mgc: 2.149392e-12 
outer mgc:  0.0002103784 
iter: 1  value: 4886.06 mgc: 40.59043 ustep: 1 
iter: 2  value: 4886.06 mgc: 3.347432e-08 ustep: 1 
mgc: 1.893596e-12 
iter: 1  mgc: 1.893596e-12 
outer mgc:  0.0001420458 
iter: 1  value: 4883.294 mgc: 41.08148 ustep: 1 
iter: 2  value: 4883.294 mgc: 1.261716e-08 ustep: 1 
mgc: 3.04512e-12 
iter: 1  mgc: 3.04512e-12 
outer mgc:  0.0001495603 
iter: 1  value: 4880.301 mgc: 55.51568 ustep: 1 
iter: 2  mgc: 7.564589e-09 
iter: 1  mgc: 7.564589e-09 
outer mgc:  0.0001018971 
iter: 1  value: 4877.697 mgc: 52.64775 ustep: 1 
iter: 2  mgc: 3.56566e-09 
iter: 1  mgc: 3.56566e-09 
outer mgc:  8.161622e-05 
iter: 1  mgc: 3.56566e-09 
iter: 1  mgc: 3.56566e-09 
outer mgc:  8.161622e-05 
iter: 1  value: 4877.695 mgc: 0.01124948 ustep: 1 
iter: 2  value: 4877.695 mgc: 5.929556e-07 ustep: 1 
iter: 3  mgc: 1.013589e-11 
outer mgc:  0.1394337 
iter: 1  value: 4877.7 mgc: 0.01123933 ustep: 1 
iter: 2  value: 4877.7 mgc: 5.922285e-07 ustep: 1 
iter: 3  mgc: 6.134648e-12 
outer mgc:  0.1393207 
iter: 1  value: 4877.696 mgc: 0.007359401 ustep: 1 
iter: 2  value: 4877.696 mgc: 2.686918e-07 ustep: 1 
iter: 3  mgc: 8.114398e-12 
outer mgc:  0.1037679 
iter: 1  value: 4877.699 mgc: 0.007353466 ustep: 1 
iter: 2  value: 4877.699 mgc: 2.683326e-07 ustep: 1 
iter: 3  mgc: 6.893153e-12 
outer mgc:  0.1036548 
iter: 1  value: 4877.697 mgc: 0.01984439 ustep: 1 
iter: 2  value: 4877.697 mgc: 1.735142e-07 ustep: 1 
iter: 3  mgc: 7.0699e-12 
outer mgc:  0.2917236 
iter: 1  value: 4877.698 mgc: 0.01983353 ustep: 1 
iter: 2  value: 4877.698 mgc: 1.731484e-07 ustep: 1 
iter: 3  mgc: 4.201528e-12 
outer mgc:  0.2915571 
iter: 1  value: 4877.697 mgc: 0.01211253 ustep: 1 
iter: 2  value: 4877.697 mgc: 9.684492e-08 ustep: 1 
mgc: 9.465317e-12 
outer mgc:  0.1825449 
iter: 1  value: 4877.697 mgc: 0.01210834 ustep: 1 
iter: 2  value: 4877.697 mgc: 9.66845e-08 ustep: 1 
mgc: 6.817658e-12 
outer mgc:  0.1823916 
iter: 1  value: 4877.699 mgc: 0.02248364 ustep: 1 
iter: 2  value: 4877.699 mgc: 3.680116e-08 ustep: 1 
mgc: 2.29905e-12 
outer mgc:  0.3768983 
iter: 1  value: 4877.696 mgc: 0.02247763 ustep: 1 
iter: 2  value: 4877.696 mgc: 3.67344e-08 ustep: 1 
mgc: 6.023182e-12 
outer mgc:  0.3769577 
iter: 1  value: 4877.698 mgc: 0.009635712 ustep: 1 
iter: 2  mgc: 7.71257e-09 
outer mgc:  0.1673418 
iter: 1  value: 4877.697 mgc: 0.00963031 ustep: 1 
iter: 2  mgc: 7.695502e-09 
outer mgc:  0.1673577 
iter: 1  value: 4877.711 mgc: 10.8236 ustep: 1 
iter: 2  value: 4877.711 mgc: 4.741023e-07 ustep: 1 
iter: 3  mgc: 5.606182e-12 
outer mgc:  0.003835207 
iter: 1  value: 4877.683 mgc: 10.83443 ustep: 1 
iter: 2  value: 4877.683 mgc: 4.734363e-07 ustep: 1 
iter: 3  mgc: 8.817835e-12 
outer mgc:  0.003865775 
iter: 1  value: 4877.715 mgc: 27.86317 ustep: 1 
iter: 2  value: 4877.715 mgc: 6.169704e-08 ustep: 1 
mgc: 5.967671e-12 
outer mgc:  0.0008876406 
iter: 1  value: 4877.68 mgc: 27.89105 ustep: 1 
iter: 2  value: 4877.68 mgc: 6.153694e-08 ustep: 1 
mgc: 4.149125e-12 
outer mgc:  0.001050061 
iter: 1  value: 4877.717 mgc: 38.65245 ustep: 1 
iter: 2  mgc: 3.929759e-09 
outer mgc:  0.0001318832 
iter: 1  value: 4877.678 mgc: 38.76857 ustep: 1 
iter: 2  mgc: 3.915371e-09 
outer mgc:  0.0002901523 
iter: 1  value: 4877.702 mgc: 28.36442 ustep: 1 
iter: 2  value: 4877.702 mgc: 5.184379e-08 ustep: 1 
mgc: 8.865797e-12 
outer mgc:  0.0005054883 
iter: 1  value: 4877.693 mgc: 28.36102 ustep: 1 
iter: 2  value: 4877.693 mgc: 5.175175e-08 ustep: 1 
mgc: 1.18372e-11 
outer mgc:  0.0005615489 
iter: 1  value: 4877.697 mgc: 0.9324456 ustep: 1 
iter: 2  mgc: 4.904521e-12 
outer mgc:  8.742025e-05 
iter: 1  value: 4877.698 mgc: 0.9324159 ustep: 1 
iter: 2  mgc: 4.730438e-12 
outer mgc:  7.805432e-05 
iter: 1  value: 4877.698 mgc: 0.5118799 ustep: 1 
iter: 2  mgc: 4.718892e-12 
outer mgc:  8.480559e-05 
iter: 1  value: 4877.697 mgc: 0.5119072 ustep: 1 
iter: 2  mgc: 1.478018e-11 
outer mgc:  7.861136e-05 
iter: 1  value: 4877.695 mgc: 0.00411654 ustep: 1 
iter: 2  value: 4877.695 mgc: 3.544755e-08 ustep: 1 
mgc: 7.127632e-12 
outer mgc:  0.01510676 
iter: 1  value: 4877.7 mgc: 0.004116298 ustep: 1 
iter: 2  value: 4877.7 mgc: 3.543692e-08 ustep: 1 
mgc: 8.559375e-12 
outer mgc:  0.01495828 
[Fri Aug 13 13:33:45 2021]
Finished job 0.
1 of 1 steps (100%) done
