Building DAG of jobs...
Using shell: /usr/bin/bash
Provided cores: 1 (use --cores to define parallelism)
Rules claiming more threads will be scaled down.
Job counts:
	count	jobs
	1	inference_simulation_TMB_multiple
	1

[Sun Aug 15 23:41:27 2021]
rule inference_simulation_TMB_multiple:
    input: ../data/assessing_models_simulation/datasets/multiple_GenerationJnorm2_20_100_80_4_2_NA_NA_NA_dataset1.RDS
    output: ../data/assessing_models_simulation/inference_results/TMB/nlminb/multiple_GenerationJnorm2_20_100_80_4_2_fullREM_NA_NA_NA_dataset1.RDS
    log: logs/inference/nlminb/simulation_GenerationJnorm2_20_100_80_4_2_ModelfullREM_NA_NA_NA_dataset1.log
    jobid: 0
    wildcards: optimiser=nlminb, datasetgeneration=GenerationJnorm2, n=20, nlambda=100, lmbda=80, d=4, beta_intensity=2, model=fullREM, fixed_beta_intercept=NA, fixed_beta_slope=NA, sdRE_input=NA, itnum=1

Rscript 2_inference_TMB/run_TMB.R --input ../data/assessing_models_simulation/datasets/multiple_GenerationJnorm2_20_100_80_4_2_NA_NA_NA_dataset1.RDS --output ../data/assessing_models_simulation/inference_results/TMB/nlminb/multiple_GenerationJnorm2_20_100_80_4_2_fullREM_NA_NA_NA_dataset1.RDS --model fullREM --optimiser nlminb
Model: fullREM 
Feature type: signatures 
Using nlminb: TRUE 
Simulation boolean: TRUE 
make: Nothing to be done for 'all'.
../data/assessing_models_simulation/datasets/multiple_GenerationJnorm2_20_100_80_4_2_NA_NA_NA_dataset1.RDS[1] "../data/assessing_models_simulation/datasets/multiple_GenerationJnorm2_20_100_80_4_2_NA_NA_NA_dataset1.RDS"
Reading file ../data/assessing_models_simulation/datasets/multiple_GenerationJnorm2_20_100_80_4_2_NA_NA_NA_dataset1.RDS 
Loading required package: nnet
# weights:  12 (6 variable)
initial  value 5409.320597 
iter  10 value 4418.077985
final  value 4417.774652 
converged
Order of parameters:
[1] "beta"       "u_large"    "logs_sd_RE" "cov_par_RE"
Not matching template order:
[1] "beta"       "u_large"    "cov_par_RE" "logs_sd_RE"
Your parameter list has been re-ordered.
(Disable this warning with checkParameterOrder=FALSE)
Constructing atomic invpd
Constructing atomic D_lgamma
Constructing atomic invpd
Constructing atomic D_lgamma
Constructing atomic matmul
Constructing atomic invpd
Constructing atomic D_lgamma
Constructing atomic matmul
Optimizing tape... Done
iter: 1  value: 1705.765 mgc: 125.0074 ustep: 1 
iter: 2  value: 1536.503 mgc: 36.37242 ustep: 1 
iter: 3  value: 1424.364 mgc: 58.42447 ustep: 1 
iter: 4  value: 1422.96 mgc: 5.376739 ustep: 1 
iter: 5  value: 1422.957 mgc: 0.2658226 ustep: 1 
iter: 6  value: 1422.957 mgc: 0.0007157968 ustep: 1 
iter: 7  value: 1422.957 mgc: 1.613611e-08 ustep: 1 
mgc: 2.997602e-14 
iter: 1  mgc: 2.997602e-14 
Matching hessian patterns... Done
outer mgc:  491.4975 
iter: 1  value: 1002.74 mgc: 32.14816 ustep: 1 
iter: 2  value: 997.2346 mgc: 5.658872 ustep: 1 
iter: 3  value: 997.2143 mgc: 0.4037247 ustep: 1 
iter: 4  value: 997.2143 mgc: 0.005139598 ustep: 1 
iter: 5  value: 997.2143 mgc: 8.647766e-07 ustep: 1 
iter: 6  mgc: 4.740652e-14 
iter: 1  value: 798.0388 mgc: 46.13858 ustep: 1 
iter: 2  value: 782.8797 mgc: 9.371688 ustep: 1 
iter: 3  value: 782.831 mgc: 0.5107075 ustep: 1 
iter: 4  value: 782.831 mgc: 0.007279944 ustep: 1 
iter: 5  value: 782.831 mgc: 1.488769e-06 ustep: 1 
iter: 6  mgc: 5.845324e-14 
iter: 1  mgc: 5.845324e-14 
outer mgc:  236.0967 
iter: 1  value: 735.5433 mgc: 64.26509 ustep: 1 
iter: 2  value: 723.073 mgc: 9.175226 ustep: 1 
iter: 3  value: 722.9931 mgc: 1.036002 ustep: 1 
iter: 4  value: 722.9931 mgc: 0.02055586 ustep: 1 
iter: 5  value: 722.9931 mgc: 8.656432e-06 ustep: 1 
iter: 6  mgc: 1.542322e-12 
iter: 1  mgc: 1.542322e-12 
outer mgc:  302.8601 
iter: 1  value: 728.2215 mgc: 57.43066 ustep: 1 
iter: 2  value: 446.1146 mgc: 51.13121 ustep: 1 
iter: 3  value: 439.112 mgc: 7.36576 ustep: 1 
iter: 4  value: 439.0735 mgc: 0.6500874 ustep: 1 
iter: 5  value: 439.0735 mgc: 0.008454867 ustep: 1 
iter: 6  value: 439.0735 mgc: 1.489378e-06 ustep: 1 
iter: 7  mgc: 4.440892e-14 
iter: 1  mgc: 4.440892e-14 
outer mgc:  96.70333 
iter: 1  value: 430.1933 mgc: 9.85498 ustep: 1 
iter: 2  value: 429.9121 mgc: 1.353948 ustep: 1 
iter: 3  value: 429.912 mgc: 0.03847084 ustep: 1 
iter: 4  value: 429.912 mgc: 6.855752e-05 ustep: 1 
iter: 5  mgc: 2.498903e-10 
iter: 1  mgc: 2.498903e-10 
outer mgc:  105.0282 
iter: 1  value: 467.2092 mgc: 37.52382 ustep: 1 
iter: 2  value: 407.3814 mgc: 27.95154 ustep: 1 
iter: 3  value: 406.12 mgc: 3.438103 ustep: 1 
iter: 4  value: 406.1186 mgc: 0.10225 ustep: 1 
iter: 5  value: 406.1186 mgc: 0.0001494537 ustep: 1 
iter: 6  mgc: 6.954137e-10 
iter: 1  mgc: 6.954137e-10 
outer mgc:  107.4608 
iter: 1  value: 424.0755 mgc: 58.41439 ustep: 1 
iter: 2  value: 410.7662 mgc: 12.59617 ustep: 1 
iter: 3  value: 410.7581 mgc: 0.274932 ustep: 1 
iter: 4  value: 410.7581 mgc: 0.0003776225 ustep: 1 
iter: 5  mgc: 2.948476e-09 
iter: 1  value: 372.2893 mgc: 30.68593 ustep: 1 
iter: 2  value: 371.8264 mgc: 2.000697 ustep: 1 
iter: 3  value: 371.8264 mgc: 0.0158516 ustep: 1 
iter: 4  value: 371.8264 mgc: 2.149491e-06 ustep: 1 
iter: 5  mgc: 4.396483e-14 
iter: 1  mgc: 4.396483e-14 
outer mgc:  52.34582 
iter: 1  value: 362.2341 mgc: 18.97505 ustep: 1 
iter: 2  value: 361.519 mgc: 2.030391 ustep: 1 
iter: 3  value: 361.5189 mgc: 0.03165086 ustep: 1 
iter: 4  value: 361.5189 mgc: 8.377656e-06 ustep: 1 
iter: 5  mgc: 5.820899e-13 
iter: 1  mgc: 5.820899e-13 
outer mgc:  42.98212 
iter: 1  value: 353.4582 mgc: 14.84303 ustep: 1 
iter: 2  value: 353.4128 mgc: 0.4325377 ustep: 1 
iter: 3  value: 353.4128 mgc: 0.002791141 ustep: 1 
iter: 4  value: 353.4128 mgc: 1.189114e-07 ustep: 1 
mgc: 2.903233e-14 
iter: 1  mgc: 2.903233e-14 
outer mgc:  31.41941 
iter: 1  value: 345.6474 mgc: 14.11685 ustep: 1 
iter: 2  value: 345.0073 mgc: 2.369833 ustep: 1 
iter: 3  value: 345.0072 mgc: 0.04036801 ustep: 1 
iter: 4  value: 345.0072 mgc: 1.248904e-05 ustep: 1 
iter: 5  mgc: 1.940337e-12 
iter: 1  mgc: 1.940337e-12 
outer mgc:  14.53584 
iter: 1  value: 347.6875 mgc: 13.60967 ustep: 1 
iter: 2  value: 347.4019 mgc: 1.820705 ustep: 1 
iter: 3  value: 347.4018 mgc: 0.02635707 ustep: 1 
iter: 4  value: 347.4018 mgc: 5.785338e-06 ustep: 1 
iter: 5  mgc: 2.779998e-13 
iter: 1  value: 342.8194 mgc: 6.87443 ustep: 1 
iter: 2  value: 342.8084 mgc: 0.2844809 ustep: 1 
iter: 3  value: 342.8084 mgc: 0.0005872232 ustep: 1 
iter: 4  mgc: 2.78085e-09 
iter: 1  mgc: 2.78085e-09 
outer mgc:  11.81582 
iter: 1  value: 343.6428 mgc: 9.109601 ustep: 1 
iter: 2  value: 343.6298 mgc: 0.2677916 ustep: 1 
iter: 3  value: 343.6298 mgc: 0.0007768427 ustep: 1 
iter: 4  mgc: 6.578651e-09 
iter: 1  value: 342.3956 mgc: 4.359908 ustep: 1 
iter: 2  value: 342.3953 mgc: 0.0426665 ustep: 1 
iter: 3  value: 342.3953 mgc: 1.266087e-05 ustep: 1 
iter: 4  mgc: 1.494804e-12 
iter: 1  mgc: 1.494804e-12 
outer mgc:  11.86807 
iter: 1  value: 341.5185 mgc: 3.731655 ustep: 1 
iter: 2  value: 341.5185 mgc: 0.02502323 ustep: 1 
iter: 3  value: 341.5185 mgc: 4.278939e-06 ustep: 1 
iter: 4  mgc: 1.334488e-13 
iter: 1  mgc: 1.334488e-13 
outer mgc:  5.166364 
iter: 1  value: 340.9554 mgc: 2.008325 ustep: 1 
iter: 2  value: 340.9554 mgc: 0.02180175 ustep: 1 
iter: 3  value: 340.9554 mgc: 5.163745e-06 ustep: 1 
iter: 4  mgc: 2.948752e-13 
iter: 1  mgc: 2.948752e-13 
outer mgc:  5.357491 
iter: 1  value: 340.2232 mgc: 3.616937 ustep: 1 
iter: 2  value: 340.2232 mgc: 0.01643342 ustep: 1 
iter: 3  value: 340.2232 mgc: 2.790558e-06 ustep: 1 
iter: 4  mgc: 8.615331e-14 
iter: 1  mgc: 8.615331e-14 
outer mgc:  5.385767 
iter: 1  value: 339.5477 mgc: 2.867156 ustep: 1 
iter: 2  value: 339.5476 mgc: 0.02169422 ustep: 1 
iter: 3  value: 339.5476 mgc: 4.779596e-06 ustep: 1 
iter: 4  mgc: 2.380318e-13 
iter: 1  mgc: 2.380318e-13 
outer mgc:  4.255114 
iter: 1  value: 339.0036 mgc: 2.79515 ustep: 1 
iter: 2  value: 339.0032 mgc: 0.05710498 ustep: 1 
iter: 3  value: 339.0032 mgc: 2.949105e-05 ustep: 1 
iter: 4  mgc: 1.189437e-11 
iter: 1  mgc: 1.189437e-11 
outer mgc:  9.279793 
iter: 1  value: 338.7841 mgc: 3.227372 ustep: 1 
iter: 2  value: 338.7838 mgc: 0.03804742 ustep: 1 
iter: 3  value: 338.7838 mgc: 1.351138e-05 ustep: 1 
iter: 4  mgc: 1.99929e-12 
iter: 1  mgc: 1.99929e-12 
outer mgc:  10.91316 
iter: 1  value: 338.8015 mgc: 3.827696 ustep: 1 
iter: 2  value: 338.8013 mgc: 0.03278161 ustep: 1 
iter: 3  value: 338.8013 mgc: 7.656981e-06 ustep: 1 
iter: 4  mgc: 4.227729e-13 
iter: 1  mgc: 4.227729e-13 
outer mgc:  3.647579 
iter: 1  value: 338.1855 mgc: 2.732326 ustep: 1 
iter: 2  value: 338.1849 mgc: 0.09136949 ustep: 1 
iter: 3  value: 338.1849 mgc: 9.019391e-05 ustep: 1 
iter: 4  mgc: 9.079315e-11 
iter: 1  value: 338.3188 mgc: 1.131065 ustep: 1 
iter: 2  value: 338.3187 mgc: 0.01265593 ustep: 1 
iter: 3  value: 338.3187 mgc: 9.398696e-07 ustep: 1 
iter: 4  mgc: 3.580469e-14 
iter: 1  mgc: 3.580469e-14 
outer mgc:  1.933768 
iter: 1  value: 338.0838 mgc: 1.363274 ustep: 1 
iter: 2  value: 338.0838 mgc: 0.01332868 ustep: 1 
iter: 3  value: 338.0838 mgc: 1.298439e-06 ustep: 1 
iter: 4  mgc: 3.153033e-14 
iter: 1  value: 338.2888 mgc: 0.8921638 ustep: 1 
iter: 2  value: 338.2888 mgc: 0.005850355 ustep: 1 
iter: 3  value: 338.2888 mgc: 2.461798e-07 ustep: 1 
iter: 4  mgc: 2.353673e-14 
iter: 1  value: 338.2697 mgc: 0.4084654 ustep: 1 
iter: 2  value: 338.2697 mgc: 0.001208371 ustep: 1 
iter: 3  value: 338.2697 mgc: 1.049259e-08 ustep: 1 
mgc: 3.819167e-14 
iter: 1  mgc: 3.819167e-14 
outer mgc:  1.289515 
iter: 1  value: 338.2196 mgc: 1.04676 ustep: 1 
iter: 2  value: 338.2196 mgc: 0.002842372 ustep: 1 
iter: 3  value: 338.2196 mgc: 5.675458e-08 ustep: 1 
mgc: 2.842171e-14 
iter: 1  value: 338.2368 mgc: 0.4300921 ustep: 1 
iter: 2  value: 338.2368 mgc: 0.0004846873 ustep: 1 
iter: 3  mgc: 1.658986e-09 
iter: 1  mgc: 1.658986e-09 
outer mgc:  0.6936435 
iter: 1  value: 338.2091 mgc: 0.2043182 ustep: 1 
iter: 2  value: 338.2091 mgc: 0.0001967944 ustep: 1 
iter: 3  mgc: 4.442633e-10 
iter: 1  mgc: 4.442633e-10 
outer mgc:  0.7754123 
iter: 1  value: 338.145 mgc: 0.352811 ustep: 1 
iter: 2  value: 338.145 mgc: 0.000363634 ustep: 1 
iter: 3  mgc: 8.055024e-10 
iter: 1  mgc: 8.055024e-10 
outer mgc:  0.6683588 
iter: 1  value: 338.0472 mgc: 0.2618791 ustep: 1 
iter: 2  value: 338.0472 mgc: 0.0006220221 ustep: 1 
iter: 3  mgc: 3.228735e-09 
iter: 1  mgc: 3.228735e-09 
outer mgc:  0.4728748 
iter: 1  value: 337.9437 mgc: 0.3863154 ustep: 1 
iter: 2  value: 337.9437 mgc: 0.0009108489 ustep: 1 
iter: 3  mgc: 4.619125e-09 
iter: 1  mgc: 4.619125e-09 
outer mgc:  0.3648576 
iter: 1  value: 337.8842 mgc: 0.2621238 ustep: 1 
iter: 2  value: 337.8842 mgc: 0.0003668894 ustep: 1 
iter: 3  mgc: 1.666815e-09 
iter: 1  mgc: 1.666815e-09 
outer mgc:  0.2651472 
iter: 1  value: 337.878 mgc: 0.3178707 ustep: 1 
iter: 2  value: 337.878 mgc: 0.0008903436 ustep: 1 
iter: 3  mgc: 6.052413e-09 
iter: 1  value: 337.8682 mgc: 0.1727155 ustep: 1 
iter: 2  value: 337.8682 mgc: 0.0002261336 ustep: 1 
iter: 3  mgc: 3.703464e-10 
iter: 1  mgc: 3.703464e-10 
outer mgc:  0.368251 
iter: 1  value: 337.88 mgc: 0.1000047 ustep: 1 
iter: 2  value: 337.88 mgc: 5.902931e-05 ustep: 1 
iter: 3  mgc: 2.43956e-11 
iter: 1  mgc: 2.43956e-11 
outer mgc:  0.4582496 
iter: 1  value: 337.8233 mgc: 0.1283327 ustep: 1 
iter: 2  value: 337.8233 mgc: 7.445703e-05 ustep: 1 
iter: 3  mgc: 1.065432e-10 
iter: 1  mgc: 1.065432e-10 
outer mgc:  0.2396558 
iter: 1  value: 337.8395 mgc: 0.1100173 ustep: 1 
iter: 2  value: 337.8395 mgc: 4.82478e-05 ustep: 1 
iter: 3  mgc: 3.424283e-11 
iter: 1  mgc: 3.424283e-11 
outer mgc:  0.2222589 
iter: 1  value: 337.7968 mgc: 0.05976713 ustep: 1 
iter: 2  value: 337.7968 mgc: 6.547792e-05 ustep: 1 
iter: 3  mgc: 9.156231e-11 
iter: 1  value: 337.8187 mgc: 0.033526 ustep: 1 
iter: 2  value: 337.8187 mgc: 1.468056e-05 ustep: 1 
iter: 3  mgc: 4.590106e-12 
iter: 1  mgc: 4.590106e-12 
outer mgc:  0.04644933 
iter: 1  value: 337.8262 mgc: 0.02470906 ustep: 1 
iter: 2  value: 337.8262 mgc: 4.100974e-06 ustep: 1 
iter: 3  mgc: 1.803002e-13 
iter: 1  mgc: 1.803002e-13 
outer mgc:  0.03614827 
iter: 1  value: 337.815 mgc: 0.04465546 ustep: 1 
iter: 2  value: 337.815 mgc: 7.750433e-06 ustep: 1 
iter: 3  mgc: 6.152856e-13 
iter: 1  value: 337.8242 mgc: 0.01167761 ustep: 1 
iter: 2  value: 337.8242 mgc: 3.495764e-07 ustep: 1 
iter: 3  mgc: 3.064216e-14 
iter: 1  mgc: 3.064216e-14 
outer mgc:  0.06017255 
iter: 1  value: 337.8244 mgc: 0.02123659 ustep: 1 
iter: 2  value: 337.8244 mgc: 9.273722e-07 ustep: 1 
iter: 3  mgc: 4.019007e-14 
iter: 1  mgc: 4.019007e-14 
outer mgc:  0.03202478 
iter: 1  value: 337.8241 mgc: 0.009667227 ustep: 1 
iter: 2  value: 337.8241 mgc: 5.212768e-07 ustep: 1 
iter: 3  mgc: 3.730349e-14 
iter: 1  mgc: 3.730349e-14 
outer mgc:  0.02695991 
iter: 1  value: 337.8207 mgc: 0.02405781 ustep: 1 
iter: 2  value: 337.8207 mgc: 1.112317e-06 ustep: 1 
iter: 3  mgc: 2.253753e-14 
iter: 1  value: 337.823 mgc: 0.01307195 ustep: 1 
iter: 2  value: 337.823 mgc: 3.365626e-07 ustep: 1 
iter: 3  mgc: 4.396483e-14 
iter: 1  mgc: 4.396483e-14 
outer mgc:  0.006922507 
iter: 1  value: 337.8235 mgc: 0.007008642 ustep: 1 
iter: 2  value: 337.8235 mgc: 3.711491e-07 ustep: 1 
iter: 3  mgc: 3.175238e-14 
iter: 1  value: 337.8231 mgc: 0.003200116 ustep: 1 
iter: 2  value: 337.8231 mgc: 7.306731e-08 ustep: 1 
mgc: 3.552714e-14 
iter: 1  mgc: 3.552714e-14 
outer mgc:  0.001051908 
iter: 1  value: 337.8227 mgc: 0.001247167 ustep: 1 
iter: 2  value: 337.8227 mgc: 1.559053e-08 ustep: 1 
mgc: 2.4869e-14 
iter: 1  mgc: 2.4869e-14 
outer mgc:  0.001131058 
iter: 1  value: 337.8228 mgc: 0.000381058 ustep: 1 
iter: 2  mgc: 1.438237e-09 
iter: 1  mgc: 1.438237e-09 
outer mgc:  0.0004347478 
iter: 1  value: 337.823 mgc: 0.0005659894 ustep: 1 
iter: 2  mgc: 1.94862e-09 
iter: 1  mgc: 1.438237e-09 
iter: 1  mgc: 1.438237e-09 
outer mgc:  0.0004347478 
iter: 1  value: 337.8224 mgc: 0.04522332 ustep: 1 
iter: 2  value: 337.8224 mgc: 7.219273e-06 ustep: 1 
iter: 3  mgc: 3.247125e-13 
outer mgc:  0.09200735 
iter: 1  value: 337.8233 mgc: 0.0452088 ustep: 1 
iter: 2  value: 337.8233 mgc: 7.225257e-06 ustep: 1 
iter: 3  mgc: 3.2363e-13 
outer mgc:  0.09193361 
iter: 1  value: 337.8231 mgc: 0.02613099 ustep: 1 
iter: 2  value: 337.8231 mgc: 2.913828e-06 ustep: 1 
iter: 3  mgc: 9.370282e-14 
outer mgc:  0.1783118 
iter: 1  value: 337.8227 mgc: 0.02612468 ustep: 1 
iter: 2  value: 337.8227 mgc: 2.915379e-06 ustep: 1 
iter: 3  mgc: 8.570922e-14 
outer mgc:  0.1791866 
iter: 1  value: 337.8221 mgc: 0.03119234 ustep: 1 
iter: 2  value: 337.8221 mgc: 7.297673e-06 ustep: 1 
iter: 3  mgc: 4.267697e-13 
outer mgc:  0.07664788 
iter: 1  value: 337.8236 mgc: 0.0311732 ustep: 1 
iter: 2  value: 337.8236 mgc: 7.302149e-06 ustep: 1 
iter: 3  mgc: 4.178879e-13 
outer mgc:  0.07603398 
iter: 1  value: 337.8222 mgc: 0.01744118 ustep: 1 
iter: 2  value: 337.8222 mgc: 2.24317e-06 ustep: 1 
iter: 3  mgc: 3.841372e-14 
outer mgc:  0.09603985 
iter: 1  value: 337.8235 mgc: 0.01742983 ustep: 1 
iter: 2  value: 337.8235 mgc: 2.242698e-06 ustep: 1 
iter: 3  mgc: 3.375078e-14 
outer mgc:  0.09657724 
iter: 1  value: 337.8241 mgc: 0.05431647 ustep: 1 
iter: 2  value: 337.8241 mgc: 5.155616e-06 ustep: 1 
iter: 3  mgc: 9.592327e-14 
outer mgc:  0.1409615 
iter: 1  value: 337.8217 mgc: 0.05431581 ustep: 1 
iter: 2  value: 337.8217 mgc: 5.146998e-06 ustep: 1 
iter: 3  mgc: 1.199041e-13 
outer mgc:  0.1417894 
iter: 1  value: 337.8239 mgc: 0.02942702 ustep: 1 
iter: 2  value: 337.8239 mgc: 1.776e-06 ustep: 1 
iter: 3  mgc: 3.28626e-14 
outer mgc:  0.2458992 
iter: 1  value: 337.822 mgc: 0.02943186 ustep: 1 
iter: 2  value: 337.822 mgc: 1.775064e-06 ustep: 1 
iter: 3  mgc: 3.996803e-14 
outer mgc:  0.2454173 
iter: 1  value: 337.8229 mgc: 0.005482684 ustep: 1 
iter: 2  value: 337.8229 mgc: 3.790092e-07 ustep: 1 
iter: 3  mgc: 4.263256e-14 
outer mgc:  0.01286127 
iter: 1  value: 337.8228 mgc: 0.005479149 ustep: 1 
iter: 2  value: 337.8228 mgc: 3.777792e-07 ustep: 1 
iter: 3  mgc: 3.247402e-14 
outer mgc:  0.01289102 
iter: 1  value: 337.821 mgc: 0.00504526 ustep: 1 
iter: 2  value: 337.821 mgc: 1.053422e-07 ustep: 1 
mgc: 2.442491e-14 
outer mgc:  0.009608927 
iter: 1  value: 337.8246 mgc: 0.005040892 ustep: 1 
iter: 2  value: 337.8246 mgc: 1.052659e-07 ustep: 1 
mgc: 3.153033e-14 
outer mgc:  0.009395149 
iter: 1  value: 337.8232 mgc: 0.005280073 ustep: 1 
iter: 2  value: 337.8232 mgc: 2.296665e-07 ustep: 1 
iter: 3  mgc: 2.4869e-14 
outer mgc:  0.01193272 
iter: 1  value: 337.8224 mgc: 0.005279608 ustep: 1 
iter: 2  value: 337.8224 mgc: 2.298686e-07 ustep: 1 
iter: 3  mgc: 2.997602e-14 
outer mgc:  0.01183287 
iter: 1  value: 337.8259 mgc: 0.01125802 ustep: 1 
iter: 2  value: 337.8259 mgc: 1.466784e-06 ustep: 1 
iter: 3  mgc: 3.819167e-14 
outer mgc:  0.04425145 
iter: 1  value: 337.8198 mgc: 0.01128465 ustep: 1 
iter: 2  value: 337.8198 mgc: 1.471285e-06 ustep: 1 
iter: 3  mgc: 4.52971e-14 
outer mgc:  0.04482454 
iter: 1  value: 337.8293 mgc: 0.007776774 ustep: 1 
iter: 2  value: 337.8293 mgc: 1.029953e-06 ustep: 1 
iter: 3  mgc: 3.28626e-14 
outer mgc:  0.0183686 
iter: 1  value: 337.8164 mgc: 0.007792778 ustep: 1 
iter: 2  value: 337.8164 mgc: 1.030646e-06 ustep: 1 
iter: 3  mgc: 3.197442e-14 
outer mgc:  0.01862062 
iter: 1  value: 337.8262 mgc: 0.01488893 ustep: 1 
iter: 2  value: 337.8262 mgc: 9.742123e-07 ustep: 1 
iter: 3  mgc: 3.463896e-14 
outer mgc:  0.04396006 
iter: 1  value: 337.8195 mgc: 0.01492364 ustep: 1 
iter: 2  value: 337.8195 mgc: 9.778954e-07 ustep: 1 
iter: 3  mgc: 2.664535e-14 
outer mgc:  0.04367322 
[Sun Aug 15 23:41:28 2021]
Finished job 0.
1 of 1 steps (100%) done
