Building DAG of jobs...
Using shell: /usr/bin/bash
Provided cores: 1 (use --cores to define parallelism)
Rules claiming more threads will be scaled down.
Job counts:
	count	jobs
	1	inference_simulation_TMB_multiple
	1

[Fri Aug 13 09:13:02 2021]
rule inference_simulation_TMB_multiple:
    input: ../data/assessing_models_simulation/datasets/multiple_GenerationInoRE_10_100_10_6_0.02_NA_NA_NA_dataset1.RDS
    output: ../data/assessing_models_simulation/inference_results/TMB/nlminb/multiple_GenerationInoRE_10_100_10_6_0.02_fullREM_NA_NA_NA_dataset1.RDS
    log: logs/inference/nlminb/simulation_GenerationInoRE_10_100_10_6_0.02_ModelfullREM_NA_NA_NA_dataset1.log
    jobid: 0
    wildcards: optimiser=nlminb, datasetgeneration=GenerationInoRE, n=10, nlambda=100, lmbda=10, d=6, beta_intensity=0.02, model=fullREM, fixed_beta_intercept=NA, fixed_beta_slope=NA, sdRE_input=NA, itnum=1

Rscript 2_inference_TMB/run_TMB.R --input ../data/assessing_models_simulation/datasets/multiple_GenerationInoRE_10_100_10_6_0.02_NA_NA_NA_dataset1.RDS --output ../data/assessing_models_simulation/inference_results/TMB/nlminb/multiple_GenerationInoRE_10_100_10_6_0.02_fullREM_NA_NA_NA_dataset1.RDS --model fullREM --optimiser nlminb
Model: fullREM 
Feature type: signatures 
Using nlminb: TRUE 
Simulation boolean: TRUE 
make: Nothing to be done for 'all'.
../data/assessing_models_simulation/datasets/multiple_GenerationInoRE_10_100_10_6_0.02_NA_NA_NA_dataset1.RDS[1] "../data/assessing_models_simulation/datasets/multiple_GenerationInoRE_10_100_10_6_0.02_NA_NA_NA_dataset1.RDS"
Reading file ../data/assessing_models_simulation/datasets/multiple_GenerationInoRE_10_100_10_6_0.02_NA_NA_NA_dataset1.RDS 
Loading required package: nnet
# weights:  18 (10 variable)
initial  value 3536.933192 
iter  10 value 2788.530005
iter  20 value 2762.103150
iter  20 value 2762.103145
iter  20 value 2762.103145
final  value 2762.103145 
converged
Order of parameters:
[1] "beta"       "u_large"    "logs_sd_RE" "cov_par_RE"
Not matching template order:
[1] "beta"       "u_large"    "cov_par_RE" "logs_sd_RE"
Your parameter list has been re-ordered.
(Disable this warning with checkParameterOrder=FALSE)
Constructing atomic invpd
Constructing atomic D_lgamma
Constructing atomic invpd
Constructing atomic D_lgamma
Constructing atomic matmul
Constructing atomic invpd
Constructing atomic D_lgamma
Constructing atomic matmul
Optimizing tape... Done
iter: 1  value: 2108.7 mgc: 99.0096 ustep: 1 
iter: 2  value: 1986.286 mgc: 97.22889 ustep: 0.4367355 
iter: 3  value: 1794.858 mgc: 78.76163 ustep: 0.1263996 
iter: 4  value: 1348.466 mgc: 104.4687 ustep: 0.0534299 
iter: 5  value: 1305.289 mgc: 46.64959 ustep: 0.231226 
iter: 6  value: 1300.478 mgc: 17.54109 ustep: 0.4809115 
iter: 7  value: 1300.283 mgc: 0.6023864 ustep: 0.6935085 
iter: 8  value: 1300.27 mgc: 0.06092546 ustep: 0.8327883 
iter: 9  value: 1300.27 mgc: 0.009083987 ustep: 0.9125811 
iter: 10  value: 1300.27 mgc: 0.001093749 ustep: 0.9552956 
iter: 11  value: 1300.27 mgc: 6.747202e-05 ustep: 0.9773945 
iter: 12  value: 1300.27 mgc: 2.134411e-06 ustep: 0.9886338 
iter: 13  value: 1300.27 mgc: 3.433109e-08 ustep: 0.9943012 
iter: 14  mgc: 2.78209e-10 
iter: 1  mgc: 2.78209e-10 
Matching hessian patterns... Done
outer mgc:  209.0969 
iter: 1  value: 1031.125 mgc: 20.31122 ustep: 1 
iter: 2  value: 1028.109 mgc: 6.359731 ustep: 1 
iter: 3  value: 1028.101 mgc: 0.2911627 ustep: 1 
iter: 4  value: 1028.101 mgc: 0.001916195 ustep: 1 
iter: 5  value: 1028.101 mgc: 8.604146e-08 ustep: 1 
mgc: 3.130829e-14 
iter: 1  value: 758.6235 mgc: 33.76746 ustep: 1 
iter: 2  value: 724.512 mgc: 20.71623 ustep: 1 
iter: 3  value: 724.0886 mgc: 1.891874 ustep: 1 
iter: 4  value: 724.0882 mgc: 0.08149318 ustep: 1 
iter: 5  value: 724.0882 mgc: 0.0001711404 ustep: 1 
iter: 6  mgc: 7.587496e-10 
iter: 1  mgc: 7.587496e-10 
outer mgc:  73.77313 
iter: 1  value: 566.5961 mgc: 37.11905 ustep: 1 
iter: 2  value: 557.5463 mgc: 4.690727 ustep: 1 
iter: 3  value: 557.4491 mgc: 0.4774405 ustep: 1 
iter: 4  value: 557.4491 mgc: 0.008798126 ustep: 1 
iter: 5  value: 557.4491 mgc: 4.246567e-06 ustep: 1 
iter: 6  mgc: 1.088907e-12 
iter: 1  mgc: 1.088907e-12 
outer mgc:  66.64995 
iter: 1  value: 847.9388 mgc: 58.39093 ustep: 1 
iter: 2  value: 756.1589 mgc: 45.08244 ustep: 1 
iter: 3  value: 754.5501 mgc: 4.020063 ustep: 1 
iter: 4  value: 754.5493 mgc: 0.1086458 ustep: 1 
iter: 5  value: 754.5493 mgc: 0.0002654654 ustep: 1 
iter: 6  mgc: 1.598707e-09 
iter: 1  value: 511.1875 mgc: 25.88636 ustep: 1 
iter: 2  value: 509.7451 mgc: 5.159703 ustep: 1 
iter: 3  value: 509.7445 mgc: 0.1310032 ustep: 1 
iter: 4  value: 509.7445 mgc: 0.0001223389 ustep: 1 
iter: 5  mgc: 1.08135e-10 
iter: 1  mgc: 1.08135e-10 
outer mgc:  42.20124 
iter: 1  value: 485.9642 mgc: 21.81102 ustep: 1 
iter: 2  value: 485.3879 mgc: 3.034086 ustep: 1 
iter: 3  value: 485.3877 mgc: 0.07892386 ustep: 1 
iter: 4  value: 485.3877 mgc: 7.31315e-05 ustep: 1 
iter: 5  mgc: 7.368697e-11 
iter: 1  mgc: 7.368697e-11 
outer mgc:  43.93775 
iter: 1  value: 449.2805 mgc: 21.68268 ustep: 1 
iter: 2  value: 449.0465 mgc: 1.474487 ustep: 1 
iter: 3  value: 449.0465 mgc: 0.01902534 ustep: 1 
iter: 4  value: 449.0465 mgc: 4.612524e-06 ustep: 1 
iter: 5  mgc: 5.307976e-13 
iter: 1  mgc: 5.307976e-13 
outer mgc:  47.0877 
iter: 1  value: 445.0575 mgc: 33.83002 ustep: 1 
iter: 2  value: 426.7036 mgc: 20.64403 ustep: 1 
iter: 3  value: 426.3323 mgc: 2.675883 ustep: 1 
iter: 4  value: 426.3318 mgc: 0.07844235 ustep: 1 
iter: 5  value: 426.3318 mgc: 0.0002063247 ustep: 1 
iter: 6  mgc: 1.561704e-09 
iter: 1  mgc: 1.561704e-09 
outer mgc:  17.49388 
iter: 1  value: 407.1753 mgc: 18.01821 ustep: 1 
iter: 2  value: 405.215 mgc: 4.45637 ustep: 1 
iter: 3  value: 405.2075 mgc: 0.3141604 ustep: 1 
iter: 4  value: 405.2075 mgc: 0.002827332 ustep: 1 
iter: 5  value: 405.2075 mgc: 2.360205e-07 ustep: 1 
iter: 6  mgc: 3.655409e-14 
iter: 1  mgc: 3.655409e-14 
outer mgc:  12.2686 
iter: 1  value: 468.5282 mgc: 92.65506 ustep: 1 
iter: 2  value: 467.4376 mgc: 5.001989 ustep: 1 
iter: 3  value: 467.4372 mgc: 0.09390572 ustep: 1 
iter: 4  value: 467.4372 mgc: 5.292367e-05 ustep: 1 
iter: 5  mgc: 9.635601e-10 
iter: 1  value: 403.5733 mgc: 10.7701 ustep: 1 
iter: 2  value: 403.5654 mgc: 0.319578 ustep: 1 
iter: 3  value: 403.5654 mgc: 0.0004042897 ustep: 1 
iter: 4  mgc: 9.64016e-10 
iter: 1  mgc: 9.64016e-10 
outer mgc:  19.40372 
iter: 1  value: 400.6309 mgc: 10.13342 ustep: 1 
iter: 2  value: 400.6236 mgc: 0.2668746 ustep: 1 
iter: 3  value: 400.6236 mgc: 0.0004383698 ustep: 1 
iter: 4  mgc: 1.564144e-09 
iter: 1  mgc: 1.564144e-09 
outer mgc:  8.914923 
iter: 1  value: 397.8095 mgc: 9.646608 ustep: 1 
iter: 2  value: 397.804 mgc: 0.1869064 ustep: 1 
iter: 3  value: 397.804 mgc: 0.0002434598 ustep: 1 
iter: 4  mgc: 4.68702e-10 
iter: 1  mgc: 4.68702e-10 
outer mgc:  6.412137 
iter: 1  value: 395.2056 mgc: 6.513393 ustep: 1 
iter: 2  value: 395.2046 mgc: 0.09068803 ustep: 1 
iter: 3  value: 395.2046 mgc: 6.056537e-05 ustep: 1 
iter: 4  mgc: 7.673084e-11 
iter: 1  mgc: 7.673084e-11 
outer mgc:  3.576537 
iter: 1  value: 392.9721 mgc: 6.825802 ustep: 1 
iter: 2  value: 392.9713 mgc: 0.1259866 ustep: 1 
iter: 3  value: 392.9713 mgc: 5.140745e-05 ustep: 1 
iter: 4  mgc: 3.460898e-11 
iter: 1  mgc: 3.460898e-11 
outer mgc:  7.322342 
iter: 1  value: 391.5282 mgc: 8.374066 ustep: 1 
iter: 2  value: 391.5267 mgc: 0.1853395 ustep: 1 
iter: 3  value: 391.5267 mgc: 0.0001060286 ustep: 1 
iter: 4  mgc: 2.241518e-11 
iter: 1  mgc: 2.241518e-11 
outer mgc:  10.32882 
iter: 1  value: 389.0296 mgc: 3.977547 ustep: 1 
iter: 2  value: 389.0284 mgc: 0.1060155 ustep: 1 
iter: 3  value: 389.0284 mgc: 0.0001248683 ustep: 1 
iter: 4  mgc: 5.063456e-10 
iter: 1  mgc: 5.063456e-10 
outer mgc:  3.45303 
iter: 1  value: 387.641 mgc: 4.431102 ustep: 1 
iter: 2  value: 387.6406 mgc: 0.1066419 ustep: 1 
iter: 3  value: 387.6406 mgc: 6.276021e-05 ustep: 1 
iter: 4  mgc: 8.135126e-11 
iter: 1  mgc: 8.135126e-11 
outer mgc:  5.793511 
iter: 1  value: 386.4672 mgc: 6.023854 ustep: 1 
iter: 2  value: 386.4646 mgc: 0.1111132 ustep: 1 
iter: 3  value: 386.4646 mgc: 0.0005464155 ustep: 1 
iter: 4  value: 386.4646 mgc: 4.040087e-08 ustep: 1 
iter: 5  mgc: 3.197442e-14 
iter: 1  mgc: 3.197442e-14 
outer mgc:  7.361259 
iter: 1  value: 385.3523 mgc: 5.872933 ustep: 1 
iter: 2  value: 385.3521 mgc: 0.04270144 ustep: 1 
iter: 3  value: 385.3521 mgc: 2.378899e-05 ustep: 1 
iter: 4  mgc: 7.853229e-11 
iter: 1  mgc: 7.853229e-11 
outer mgc:  5.423045 
iter: 1  value: 384.7929 mgc: 7.247373 ustep: 1 
iter: 2  value: 384.7927 mgc: 0.04595668 ustep: 1 
iter: 3  value: 384.7927 mgc: 1.26546e-05 ustep: 1 
iter: 4  mgc: 2.555733e-12 
iter: 1  value: 385.1655 mgc: 4.280134 ustep: 1 
iter: 2  value: 385.1654 mgc: 0.02107405 ustep: 1 
iter: 3  value: 385.1654 mgc: 2.248735e-06 ustep: 1 
iter: 4  mgc: 3.952394e-14 
iter: 1  value: 385.1334 mgc: 2.082053 ustep: 1 
iter: 2  value: 385.1334 mgc: 0.005472088 ustep: 1 
iter: 3  value: 385.1334 mgc: 1.385244e-07 ustep: 1 
iter: 4  mgc: 2.4869e-14 
iter: 1  mgc: 2.4869e-14 
outer mgc:  1.037263 
iter: 1  value: 385.029 mgc: 1.263474 ustep: 1 
iter: 2  value: 385.029 mgc: 0.002666313 ustep: 1 
iter: 3  value: 385.029 mgc: 3.884801e-08 ustep: 1 
iter: 4  mgc: 3.375078e-14 
iter: 1  mgc: 3.375078e-14 
outer mgc:  2.018303 
iter: 1  value: 384.663 mgc: 1.563579 ustep: 1 
iter: 2  value: 384.663 mgc: 0.003453034 ustep: 1 
iter: 3  value: 384.663 mgc: 7.137224e-08 ustep: 1 
mgc: 2.531308e-14 
iter: 1  mgc: 2.531308e-14 
outer mgc:  1.031608 
iter: 1  value: 384.4712 mgc: 1.090413 ustep: 1 
iter: 2  value: 384.4712 mgc: 0.001716366 ustep: 1 
iter: 3  value: 384.4712 mgc: 2.748482e-08 ustep: 1 
iter: 4  mgc: 2.88658e-14 
iter: 1  mgc: 2.88658e-14 
outer mgc:  0.4941332 
iter: 1  value: 384.1473 mgc: 0.8320624 ustep: 1 
iter: 2  value: 384.1473 mgc: 0.001489629 ustep: 1 
iter: 3  mgc: 4.576072e-09 
iter: 1  value: 383.7753 mgc: 0.7873785 ustep: 1 
iter: 2  value: 383.7753 mgc: 0.002273626 ustep: 1 
iter: 3  value: 383.7753 mgc: 8.356685e-08 ustep: 1 
mgc: 4.662937e-14 
iter: 1  mgc: 4.662937e-14 
outer mgc:  2.503863 
iter: 1  value: 382.9628 mgc: 1.94584 ustep: 1 
iter: 2  value: 382.9628 mgc: 0.006801132 ustep: 1 
iter: 3  value: 382.9628 mgc: 4.699134e-07 ustep: 1 
iter: 4  mgc: 3.108624e-14 
iter: 1  mgc: 3.108624e-14 
outer mgc:  1.497361 
iter: 1  value: 382.3853 mgc: 0.9272736 ustep: 1 
iter: 2  value: 382.3853 mgc: 0.00789304 ustep: 1 
iter: 3  value: 382.3853 mgc: 9.349311e-07 ustep: 1 
iter: 4  mgc: 3.375078e-14 
iter: 1  mgc: 3.375078e-14 
outer mgc:  2.039065 
iter: 1  value: 381.6854 mgc: 2.081007 ustep: 1 
iter: 2  value: 381.6854 mgc: 0.0103243 ustep: 1 
iter: 3  value: 381.6854 mgc: 4.482147e-07 ustep: 1 
iter: 4  mgc: 2.753353e-14 
iter: 1  mgc: 2.753353e-14 
outer mgc:  3.431403 
iter: 1  value: 381.3651 mgc: 1.640347 ustep: 1 
iter: 2  value: 381.3651 mgc: 0.01101115 ustep: 1 
iter: 3  value: 381.3651 mgc: 7.364743e-07 ustep: 1 
iter: 4  mgc: 3.28626e-14 
iter: 1  mgc: 3.28626e-14 
outer mgc:  1.683924 
iter: 1  value: 380.6639 mgc: 3.154277 ustep: 1 
iter: 2  value: 380.6639 mgc: 0.004328004 ustep: 1 
iter: 3  value: 380.6639 mgc: 1.903607e-07 ustep: 1 
iter: 4  mgc: 2.842171e-14 
iter: 1  mgc: 2.842171e-14 
outer mgc:  2.765392 
iter: 1  value: 380.3204 mgc: 2.776105 ustep: 1 
iter: 2  value: 380.3203 mgc: 0.02025366 ustep: 1 
iter: 3  value: 380.3203 mgc: 1.411429e-05 ustep: 1 
iter: 4  mgc: 7.887802e-12 
iter: 1  mgc: 7.887802e-12 
outer mgc:  2.37732 
iter: 1  value: 380.3331 mgc: 3.757013 ustep: 1 
iter: 2  value: 380.333 mgc: 0.01809651 ustep: 1 
iter: 3  value: 380.333 mgc: 1.242231e-06 ustep: 1 
iter: 4  mgc: 2.309264e-14 
iter: 1  value: 380.3466 mgc: 2.14543 ustep: 1 
iter: 2  value: 380.3466 mgc: 0.005812518 ustep: 1 
iter: 3  value: 380.3466 mgc: 1.346796e-07 ustep: 1 
iter: 4  mgc: 1.909584e-14 
iter: 1  mgc: 1.909584e-14 
outer mgc:  2.525699 
iter: 1  value: 380.2085 mgc: 1.029233 ustep: 1 
iter: 2  value: 380.2085 mgc: 0.00117529 ustep: 1 
iter: 3  mgc: 5.324837e-09 
iter: 1  mgc: 5.324837e-09 
outer mgc:  0.6465395 
iter: 1  value: 380.0159 mgc: 1.031651 ustep: 1 
iter: 2  value: 380.0159 mgc: 0.002152851 ustep: 1 
iter: 3  value: 380.0159 mgc: 1.846757e-07 ustep: 1 
iter: 4  mgc: 2.353673e-14 
iter: 1  mgc: 2.353673e-14 
outer mgc:  0.3085836 
iter: 1  value: 379.6921 mgc: 0.5249294 ustep: 1 
iter: 2  value: 379.6921 mgc: 0.0004162865 ustep: 1 
iter: 3  mgc: 2.857776e-09 
iter: 1  mgc: 2.857776e-09 
outer mgc:  0.3464292 
iter: 1  value: 379.3225 mgc: 0.5930687 ustep: 1 
iter: 2  value: 379.3225 mgc: 0.000700869 ustep: 1 
iter: 3  mgc: 4.79423e-09 
iter: 1  value: 378.883 mgc: 0.5985475 ustep: 1 
iter: 2  value: 378.883 mgc: 0.001041999 ustep: 1 
iter: 3  mgc: 8.841279e-09 
iter: 1  mgc: 8.841279e-09 
outer mgc:  0.4568594 
iter: 1  value: 377.9579 mgc: 1.340582 ustep: 1 
iter: 2  value: 377.9579 mgc: 0.001030569 ustep: 1 
iter: 3  value: 377.9579 mgc: 4.170723e-08 ustep: 1 
iter: 4  mgc: 3.197442e-14 
iter: 1  mgc: 3.197442e-14 
outer mgc:  0.3509729 
iter: 1  value: 377.2288 mgc: 1.774282 ustep: 1 
iter: 2  value: 377.2288 mgc: 0.001607011 ustep: 1 
iter: 3  value: 377.2288 mgc: 2.957622e-08 ustep: 1 
mgc: 2.864375e-14 
iter: 1  mgc: 2.864375e-14 
outer mgc:  0.5575457 
iter: 1  value: 376.8463 mgc: 0.5474531 ustep: 1 
iter: 2  value: 376.8463 mgc: 0.0005242325 ustep: 1 
iter: 3  value: 376.8463 mgc: 1.459421e-08 ustep: 1 
mgc: 2.031708e-14 
iter: 1  mgc: 2.031708e-14 
outer mgc:  0.3758996 
iter: 1  value: 375.7812 mgc: 1.225848 ustep: 1 
iter: 2  value: 375.7812 mgc: 0.004333152 ustep: 1 
iter: 3  value: 375.7812 mgc: 1.084629e-07 ustep: 1 
mgc: 1.509903e-14 
iter: 1  mgc: 1.509903e-14 
outer mgc:  0.8908911 
iter: 1  value: 375.0964 mgc: 2.692174 ustep: 1 
iter: 2  value: 375.0963 mgc: 0.02240949 ustep: 1 
iter: 3  value: 375.0963 mgc: 7.754862e-06 ustep: 1 
iter: 4  mgc: 8.398282e-13 
iter: 1  mgc: 8.398282e-13 
outer mgc:  0.7979657 
iter: 1  value: 374.3173 mgc: 3.56392 ustep: 1 
iter: 2  value: 374.3172 mgc: 0.012301 ustep: 1 
iter: 3  value: 374.3172 mgc: 2.681806e-06 ustep: 1 
iter: 4  mgc: 1.816325e-13 
iter: 1  mgc: 1.816325e-13 
outer mgc:  0.9217959 
iter: 1  value: 375.0392 mgc: 6.830417 ustep: 1 
iter: 2  value: 375.0384 mgc: 0.08341095 ustep: 1 
iter: 3  value: 375.0384 mgc: 9.942732e-05 ustep: 1 
iter: 4  mgc: 1.605529e-10 
iter: 1  value: 374.605 mgc: 3.176641 ustep: 1 
iter: 2  value: 374.605 mgc: 0.01739966 ustep: 1 
iter: 3  value: 374.605 mgc: 4.230525e-06 ustep: 1 
iter: 4  mgc: 2.842171e-13 
iter: 1  mgc: 2.842171e-13 
outer mgc:  0.6493322 
iter: 1  value: 374.4191 mgc: 3.067131 ustep: 1 
iter: 2  value: 374.4191 mgc: 0.01158136 ustep: 1 
iter: 3  value: 374.4191 mgc: 8.960969e-07 ustep: 1 
iter: 4  mgc: 3.952394e-14 
iter: 1  mgc: 3.952394e-14 
outer mgc:  0.235555 
iter: 1  value: 374.3147 mgc: 1.10479 ustep: 1 
iter: 2  value: 374.3147 mgc: 0.00167578 ustep: 1 
iter: 3  value: 374.3147 mgc: 5.060835e-08 ustep: 1 
mgc: 3.996803e-14 
iter: 1  mgc: 3.996803e-14 
outer mgc:  0.3173862 
iter: 1  value: 374.1617 mgc: 0.612677 ustep: 1 
iter: 2  value: 374.1617 mgc: 0.0001007744 ustep: 1 
iter: 3  mgc: 4.140512e-10 
iter: 1  value: 373.8738 mgc: 1.221651 ustep: 1 
iter: 2  value: 373.8738 mgc: 0.0003724566 ustep: 1 
iter: 3  mgc: 7.041924e-09 
iter: 1  mgc: 7.041924e-09 
outer mgc:  0.2461505 
iter: 1  value: 373.4942 mgc: 2.257931 ustep: 1 
iter: 2  value: 373.4942 mgc: 0.0050621 ustep: 1 
iter: 3  value: 373.4942 mgc: 3.002786e-07 ustep: 1 
iter: 4  mgc: 4.085621e-14 
iter: 1  mgc: 4.085621e-14 
outer mgc:  0.258921 
iter: 1  value: 372.9874 mgc: 1.783433 ustep: 1 
iter: 2  value: 372.9874 mgc: 0.0002794637 ustep: 1 
iter: 3  mgc: 1.545023e-09 
iter: 1  mgc: 1.545023e-09 
outer mgc:  0.2249772 
iter: 1  value: 371.9452 mgc: 2.78955 ustep: 1 
iter: 2  value: 371.9452 mgc: 0.001600008 ustep: 1 
iter: 3  value: 371.9452 mgc: 3.17035e-08 ustep: 1 
mgc: 5.062617e-14 
iter: 1  mgc: 5.062617e-14 
outer mgc:  0.1251791 
iter: 1  value: 370.775 mgc: 1.802593 ustep: 1 
iter: 2  value: 370.775 mgc: 0.001273362 ustep: 1 
iter: 3  value: 370.775 mgc: 3.40431e-08 ustep: 1 
mgc: 6.616929e-14 
iter: 1  mgc: 6.616929e-14 
outer mgc:  0.2682863 
iter: 1  value: 369.5741 mgc: 1.902824 ustep: 1 
iter: 2  value: 369.5741 mgc: 0.0001199338 ustep: 1 
iter: 3  mgc: 3.995999e-10 
iter: 1  mgc: 3.995999e-10 
outer mgc:  0.07899267 
iter: 1  value: 368.6472 mgc: 1.979243 ustep: 1 
iter: 2  value: 368.6472 mgc: 0.0004514526 ustep: 1 
iter: 3  mgc: 6.659922e-09 
iter: 1  mgc: 6.659922e-09 
outer mgc:  0.07392763 
iter: 1  value: 367.7574 mgc: 0.8332468 ustep: 1 
iter: 2  value: 367.7574 mgc: 0.0002103688 ustep: 1 
iter: 3  mgc: 8.561365e-10 
iter: 1  value: 366.4274 mgc: 1.409755 ustep: 1 
iter: 2  value: 366.4274 mgc: 0.0005825346 ustep: 1 
iter: 3  mgc: 6.070257e-09 
iter: 1  mgc: 6.070257e-09 
outer mgc:  0.08859975 
iter: 1  value: 364.7372 mgc: 4.56187 ustep: 1 
iter: 2  value: 364.7372 mgc: 0.001035516 ustep: 1 
iter: 3  value: 364.7372 mgc: 1.861912e-08 ustep: 1 
mgc: 1.434408e-13 
iter: 1  mgc: 1.434408e-13 
outer mgc:  0.06106854 
iter: 1  value: 363.3099 mgc: 4.012489 ustep: 1 
iter: 2  value: 363.3099 mgc: 5.237993e-05 ustep: 1 
iter: 3  mgc: 8.260204e-11 
iter: 1  mgc: 8.260204e-11 
outer mgc:  0.04331196 
iter: 1  value: 362.0416 mgc: 4.143438 ustep: 1 
iter: 2  value: 362.0416 mgc: 1.423654e-05 ustep: 1 
iter: 3  mgc: 5.001e-12 
iter: 1  mgc: 5.001e-12 
outer mgc:  0.03436465 
iter: 1  value: 359.8398 mgc: 4.792419 ustep: 1 
iter: 2  value: 359.8398 mgc: 5.613451e-05 ustep: 1 
iter: 3  mgc: 4.284417e-11 
iter: 1  mgc: 4.284417e-11 
outer mgc:  0.03690411 
iter: 1  value: 358.0398 mgc: 8.008997 ustep: 1 
iter: 2  value: 358.0398 mgc: 4.831878e-06 ustep: 1 
iter: 3  mgc: 8.04995e-13 
iter: 1  mgc: 8.04995e-13 
outer mgc:  0.01289175 
iter: 1  value: 356.5103 mgc: 2.482842 ustep: 1 
iter: 2  value: 356.5103 mgc: 1.308167e-06 ustep: 1 
iter: 3  mgc: 1.048939e-12 
iter: 1  mgc: 1.048939e-12 
outer mgc:  0.009501295 
iter: 1  value: 354.4298 mgc: 3.217229 ustep: 1 
iter: 2  value: 354.4298 mgc: 8.945756e-07 ustep: 1 
iter: 3  mgc: 1.853628e-12 
iter: 1  mgc: 1.853628e-12 
outer mgc:  0.008919486 
iter: 1  value: 352.7035 mgc: 2.332072 ustep: 1 
iter: 2  value: 352.7035 mgc: 5.921207e-07 ustep: 1 
iter: 3  mgc: 2.09277e-12 
iter: 1  mgc: 2.09277e-12 
outer mgc:  0.008518062 
iter: 1  value: 350.6672 mgc: 8.301789 ustep: 1 
iter: 2  value: 350.6672 mgc: 1.014892e-06 ustep: 1 
iter: 3  mgc: 4.593215e-12 
iter: 1  mgc: 4.593215e-12 
outer mgc:  0.006750369 
iter: 1  value: 348.9615 mgc: 13.38698 ustep: 1 
iter: 2  value: 348.9615 mgc: 1.394443e-06 ustep: 1 
iter: 3  mgc: 4.389156e-12 
iter: 1  mgc: 4.389156e-12 
outer mgc:  0.008703865 
iter: 1  value: 347.5161 mgc: 11.44567 ustep: 1 
iter: 2  value: 347.5161 mgc: 4.140579e-07 ustep: 1 
iter: 3  mgc: 6.08491e-12 
iter: 1  mgc: 6.08491e-12 
outer mgc:  0.003768902 
iter: 1  value: 345.3567 mgc: 8.11238 ustep: 1 
iter: 2  value: 345.3567 mgc: 5.727686e-08 ustep: 1 
iter: 3  mgc: 4.167056e-12 
iter: 1  mgc: 4.167056e-12 
outer mgc:  0.00307702 
iter: 1  value: 343.5849 mgc: 9.136013 ustep: 1 
iter: 2  value: 343.5849 mgc: 3.661431e-08 ustep: 1 
mgc: 9.15068e-12 
iter: 1  mgc: 9.15068e-12 
outer mgc:  0.002850038 
iter: 1  value: 341.543 mgc: 12.44655 ustep: 1 
iter: 2  value: 341.543 mgc: 2.396092e-08 ustep: 1 
mgc: 1.350831e-11 
iter: 1  mgc: 1.350831e-11 
outer mgc:  0.00218909 
iter: 1  value: 339.8494 mgc: 10.68679 ustep: 1 
iter: 2  value: 339.8494 mgc: 2.123753e-08 ustep: 1 
mgc: 2.283929e-11 
iter: 1  mgc: 2.283929e-11 
outer mgc:  0.001698928 
iter: 1  value: 337.7382 mgc: 20.22145 ustep: 1 
iter: 2  value: 337.7382 mgc: 1.881013e-08 ustep: 1 
mgc: 4.450262e-11 
iter: 1  mgc: 4.450262e-11 
outer mgc:  0.001845453 
iter: 1  value: 335.9965 mgc: 20.51417 ustep: 1 
iter: 2  value: 335.9965 mgc: 1.268393e-08 ustep: 1 
mgc: 4.081513e-11 
iter: 1  mgc: 4.081513e-11 
outer mgc:  0.0009524456 
iter: 1  value: 333.8447 mgc: 31.07362 ustep: 1 
iter: 2  value: 333.8447 mgc: 1.469459e-08 ustep: 1 
mgc: 1.500711e-10 
iter: 1  mgc: 1.500711e-10 
outer mgc:  0.001321613 
iter: 1  value: 332.075 mgc: 43.66311 ustep: 1 
iter: 2  value: 332.075 mgc: 1.705944e-08 ustep: 1 
mgc: 1.246034e-10 
iter: 1  mgc: 1.246034e-10 
outer mgc:  0.000526068 
iter: 1  value: 329.8375 mgc: 66.89383 ustep: 1 
iter: 2  value: 329.8375 mgc: 1.40453e-08 ustep: 1 
mgc: 1.968514e-10 
iter: 1  mgc: 1.968514e-10 
outer mgc:  0.001193406 
iter: 1  value: 328.0094 mgc: 114.6898 ustep: 1 
iter: 2  value: 328.0094 mgc: 2.090925e-08 ustep: 1 
mgc: 3.016272e-10 
iter: 1  mgc: 3.016272e-10 
outer mgc:  0.0006468034 
iter: 1  value: 325.6428 mgc: 219.0547 ustep: 1 
iter: 2  value: 325.6428 mgc: 2.145691e-08 ustep: 1 
mgc: 6.441416e-10 
iter: 1  mgc: 6.441416e-10 
outer mgc:  0.0007996175 
iter: 1  value: 323.7305 mgc: 172.8381 ustep: 1 
iter: 2  mgc: 7.047747e-09 
iter: 1  mgc: 7.047747e-09 
outer mgc:  0.004495276 
iter: 1  mgc: 7.047747e-09 
iter: 1  mgc: 7.047747e-09 
outer mgc:  0.004495276 
iter: 1  value: 323.7297 mgc: 0.04613614 ustep: 1 
iter: 2  value: 323.7297 mgc: 5.272986e-06 ustep: 1 
iter: 3  mgc: 6.182188e-10 
outer mgc:  0.07908056 
iter: 1  value: 323.7314 mgc: 0.04612433 ustep: 1 
iter: 2  value: 323.7314 mgc: 5.280788e-06 ustep: 1 
iter: 3  mgc: 5.788654e-10 
outer mgc:  0.07928849 
iter: 1  value: 323.7303 mgc: 0.02609306 ustep: 1 
iter: 2  value: 323.7303 mgc: 1.961702e-06 ustep: 1 
iter: 3  mgc: 5.874996e-10 
outer mgc:  0.1172458 
iter: 1  value: 323.7309 mgc: 0.02609508 ustep: 1 
iter: 2  value: 323.7309 mgc: 1.963107e-06 ustep: 1 
iter: 3  mgc: 1.055018e-09 
outer mgc:  0.1177102 
iter: 1  value: 323.7297 mgc: 0.02808479 ustep: 1 
iter: 2  value: 323.7297 mgc: 6.222338e-06 ustep: 1 
iter: 3  mgc: 6.503647e-10 
outer mgc:  0.01954097 
iter: 1  value: 323.7314 mgc: 0.02807069 ustep: 1 
iter: 2  value: 323.7314 mgc: 6.228964e-06 ustep: 1 
iter: 3  mgc: 9.270198e-10 
outer mgc:  0.01964979 
iter: 1  value: 323.7303 mgc: 0.005721541 ustep: 1 
iter: 2  value: 323.7303 mgc: 2.647199e-07 ustep: 1 
iter: 3  mgc: 6.863872e-10 
outer mgc:  0.01268288 
iter: 1  value: 323.7308 mgc: 0.005716506 ustep: 1 
iter: 2  value: 323.7308 mgc: 2.642095e-07 ustep: 1 
iter: 3  mgc: 6.980967e-10 
outer mgc:  0.01261854 
iter: 1  value: 323.7292 mgc: 0.03701797 ustep: 1 
iter: 2  value: 323.7292 mgc: 8.328315e-06 ustep: 1 
iter: 3  mgc: 7.923111e-10 
outer mgc:  0.02904392 
iter: 1  value: 323.7319 mgc: 0.03699726 ustep: 1 
iter: 2  value: 323.7319 mgc: 8.336634e-06 ustep: 1 
iter: 3  mgc: 8.589858e-10 
outer mgc:  0.02889748 
iter: 1  value: 323.7298 mgc: 0.01713138 ustep: 1 
iter: 2  value: 323.7298 mgc: 1.798665e-06 ustep: 1 
iter: 3  mgc: 9.438001e-10 
outer mgc:  0.03673371 
iter: 1  value: 323.7313 mgc: 0.01712221 ustep: 1 
iter: 2  value: 323.7313 mgc: 1.79853e-06 ustep: 1 
iter: 3  mgc: 9.829857e-10 
outer mgc:  0.03685459 
iter: 1  value: 323.7296 mgc: 0.02622221 ustep: 1 
iter: 2  value: 323.7296 mgc: 4.402676e-06 ustep: 1 
iter: 3  mgc: 6.250467e-10 
outer mgc:  0.0199359 
iter: 1  value: 323.7315 mgc: 0.02621765 ustep: 1 
iter: 2  value: 323.7315 mgc: 4.406152e-06 ustep: 1 
iter: 3  mgc: 8.172945e-10 
outer mgc:  0.01993 
iter: 1  value: 323.7304 mgc: 0.002220527 ustep: 1 
iter: 2  value: 323.7304 mgc: 1.347462e-08 ustep: 1 
mgc: 6.427152e-10 
outer mgc:  0.00830113 
iter: 1  value: 323.7307 mgc: 0.002218405 ustep: 1 
iter: 2  value: 323.7307 mgc: 1.37692e-08 ustep: 1 
mgc: 7.865673e-10 
outer mgc:  0.008224442 
iter: 1  value: 323.7328 mgc: 0.05189833 ustep: 1 
iter: 2  value: 323.7328 mgc: 4.269385e-06 ustep: 1 
iter: 3  mgc: 5.785963e-10 
outer mgc:  0.1126684 
iter: 1  value: 323.7284 mgc: 0.05189623 ustep: 1 
iter: 2  value: 323.7284 mgc: 4.275757e-06 ustep: 1 
iter: 3  mgc: 6.184175e-10 
outer mgc:  0.1125641 
iter: 1  value: 323.7319 mgc: 0.02544186 ustep: 1 
iter: 2  value: 323.7319 mgc: 1.193843e-06 ustep: 1 
iter: 3  mgc: 6.508045e-10 
outer mgc:  0.135016 
iter: 1  value: 323.7293 mgc: 0.02544308 ustep: 1 
iter: 2  value: 323.7293 mgc: 1.195267e-06 ustep: 1 
iter: 3  mgc: 7.41049e-10 
outer mgc:  0.134929 
iter: 1  value: 323.7334 mgc: 2055.214 ustep: 1 
iter: 2  value: 323.7334 mgc: 5.47078e-07 ustep: 1 
iter: 3  mgc: 1.02027e-09 
outer mgc:  0.01715056 
iter: 1  value: 323.7277 mgc: 2054.91 ustep: 1 
iter: 2  value: 323.7277 mgc: 5.474865e-07 ustep: 1 
iter: 3  mgc: 7.589973e-10 
outer mgc:  0.01780236 
iter: 1  value: 323.7326 mgc: 3169.117 ustep: 1 
iter: 2  value: 323.7326 mgc: 1.432321e-06 ustep: 1 
iter: 3  mgc: 5.734418e-10 
outer mgc:  0.02900613 
iter: 1  value: 323.7285 mgc: 3168.9 ustep: 1 
iter: 2  value: 323.7285 mgc: 1.431282e-06 ustep: 1 
iter: 3  mgc: 7.464158e-10 
outer mgc:  0.02571023 
iter: 1  value: 323.7358 mgc: 2409.167 ustep: 1 
iter: 2  value: 323.7358 mgc: 6.956935e-07 ustep: 1 
iter: 3  mgc: 7.051169e-10 
outer mgc:  0.01284284 
iter: 1  value: 323.7253 mgc: 2410.039 ustep: 1 
iter: 2  value: 323.7253 mgc: 6.937506e-07 ustep: 1 
iter: 3  mgc: 6.245831e-10 
outer mgc:  0.01429755 
iter: 1  value: 323.7306 mgc: 930.606 ustep: 1 
iter: 2  value: 323.7306 mgc: 2.103357e-07 ustep: 1 
iter: 3  mgc: 6.680247e-10 
outer mgc:  0.009633569 
iter: 1  value: 323.7305 mgc: 930.7678 ustep: 1 
iter: 2  value: 323.7305 mgc: 2.098237e-07 ustep: 1 
iter: 3  mgc: 9.812335e-10 
outer mgc:  0.006389649 
iter: 1  value: 323.7322 mgc: 813.1393 ustep: 1 
iter: 2  value: 323.7322 mgc: 1.10648e-07 ustep: 1 
iter: 3  mgc: 5.865424e-10 
outer mgc:  0.00499391 
iter: 1  value: 323.7289 mgc: 812.9269 ustep: 1 
iter: 2  value: 323.7289 mgc: 1.103651e-07 ustep: 1 
iter: 3  mgc: 9.11589e-10 
outer mgc:  0.006234526 
iter: 1  value: 323.7342 mgc: 829.4902 ustep: 1 
iter: 2  value: 323.7342 mgc: 7.618785e-08 ustep: 1 
iter: 3  mgc: 8.812688e-10 
outer mgc:  0.004702899 
iter: 1  value: 323.7269 mgc: 829.588 ustep: 1 
iter: 2  value: 323.7269 mgc: 7.554872e-08 ustep: 1 
iter: 3  mgc: 6.528866e-10 
outer mgc:  0.004624733 
iter: 1  value: 323.7305 mgc: 1.005893 ustep: 1 
iter: 2  mgc: 7.060885e-10 
outer mgc:  0.002568275 
iter: 1  value: 323.7305 mgc: 1.005892 ustep: 1 
iter: 2  mgc: 1.125072e-09 
outer mgc:  0.00121471 
iter: 1  value: 323.7305 mgc: 2.074401 ustep: 1 
iter: 2  mgc: 4.841936e-10 
outer mgc:  0.003187019 
iter: 1  value: 323.7305 mgc: 2.074401 ustep: 1 
iter: 2  mgc: 1.008422e-09 
outer mgc:  0.002201955 
iter: 1  value: 323.7305 mgc: 3.026431 ustep: 1 
iter: 2  mgc: 5.909961e-10 
outer mgc:  0.0003987962 
iter: 1  value: 323.7305 mgc: 3.02643 ustep: 1 
iter: 2  mgc: 5.641447e-10 
outer mgc:  0.0006022534 
iter: 1  value: 323.7305 mgc: 2.076675 ustep: 1 
iter: 2  mgc: 4.310241e-10 
outer mgc:  0.002532692 
iter: 1  value: 323.7306 mgc: 2.076672 ustep: 1 
iter: 2  mgc: 6.44004e-10 
outer mgc:  0.0005974487 
iter: 1  value: 323.7332 mgc: 2236.73 ustep: 1 
iter: 2  value: 323.7332 mgc: 3.240287e-06 ustep: 1 
iter: 3  mgc: 6.399099e-10 
outer mgc:  0.06267259 
iter: 1  value: 323.7279 mgc: 2238.968 ustep: 1 
iter: 2  value: 323.7279 mgc: 3.249599e-06 ustep: 1 
iter: 3  mgc: 1.202196e-09 
outer mgc:  0.06195398 
iter: 1  value: 323.7347 mgc: 1528.425 ustep: 1 
iter: 2  value: 323.7347 mgc: 7.226834e-07 ustep: 1 
iter: 3  mgc: 9.409646e-10 
outer mgc:  0.01137013 
iter: 1  value: 323.7264 mgc: 1529.954 ustep: 1 
iter: 2  value: 323.7264 mgc: 7.231762e-07 ustep: 1 
iter: 3  mgc: 4.844087e-10 
outer mgc:  0.01186606 
iter: 1  value: 323.7365 mgc: 2954.489 ustep: 1 
iter: 2  value: 323.7365 mgc: 1.0225e-06 ustep: 1 
iter: 3  mgc: 5.863079e-10 
outer mgc:  0.01798437 
iter: 1  value: 323.7246 mgc: 2957.445 ustep: 1 
iter: 2  value: 323.7246 mgc: 1.024014e-06 ustep: 1 
iter: 3  mgc: 9.582917e-10 
outer mgc:  0.01777452 
iter: 1  value: 323.7343 mgc: 3000.772 ustep: 1 
iter: 2  value: 323.7343 mgc: 2.544578e-06 ustep: 1 
iter: 3  mgc: 9.515326e-10 
outer mgc:  0.02938931 
iter: 1  value: 323.7268 mgc: 3003.774 ustep: 1 
iter: 2  value: 323.7268 mgc: 2.5473e-06 ustep: 1 
iter: 3  mgc: 1.008847e-09 
outer mgc:  0.02909024 
iter: 1  value: 323.7304 mgc: 3246.936 ustep: 1 
iter: 2  value: 323.7304 mgc: 1.702662e-06 ustep: 1 
iter: 3  mgc: 6.796341e-10 
outer mgc:  0.07947325 
iter: 1  value: 323.7308 mgc: 3256.692 ustep: 1 
iter: 2  value: 323.7308 mgc: 1.712877e-06 ustep: 1 
iter: 3  mgc: 4.842651e-10 
outer mgc:  0.07898292 
[Fri Aug 13 09:13:04 2021]
Finished job 0.
1 of 1 steps (100%) done
