Building DAG of jobs...
Using shell: /usr/bin/bash
Provided cores: 1 (use --cores to define parallelism)
Rules claiming more threads will be scaled down.
Job counts:
	count	jobs
	1	inference_simulation_TMB_multiple
	1

[Fri Aug 13 12:03:14 2021]
rule inference_simulation_TMB_multiple:
    input: ../data/assessing_models_simulation/datasets/multiple_GenerationInoRE_50_100_80_4_0.005_NA_NA_NA_dataset1.RDS
    output: ../data/assessing_models_simulation/inference_results/TMB/nlminb/multiple_GenerationInoRE_50_100_80_4_0.005_fullREM_NA_NA_NA_dataset1.RDS
    log: logs/inference/nlminb/simulation_GenerationInoRE_50_100_80_4_0.005_ModelfullREM_NA_NA_NA_dataset1.log
    jobid: 0
    wildcards: optimiser=nlminb, datasetgeneration=GenerationInoRE, n=50, nlambda=100, lmbda=80, d=4, beta_intensity=0.005, model=fullREM, fixed_beta_intercept=NA, fixed_beta_slope=NA, sdRE_input=NA, itnum=1

Rscript 2_inference_TMB/run_TMB.R --input ../data/assessing_models_simulation/datasets/multiple_GenerationInoRE_50_100_80_4_0.005_NA_NA_NA_dataset1.RDS --output ../data/assessing_models_simulation/inference_results/TMB/nlminb/multiple_GenerationInoRE_50_100_80_4_0.005_fullREM_NA_NA_NA_dataset1.RDS --model fullREM --optimiser nlminb
Model: fullREM 
Feature type: signatures 
Using nlminb: TRUE 
Simulation boolean: TRUE 
make: Nothing to be done for 'all'.
../data/assessing_models_simulation/datasets/multiple_GenerationInoRE_50_100_80_4_0.005_NA_NA_NA_dataset1.RDS[1] "../data/assessing_models_simulation/datasets/multiple_GenerationInoRE_50_100_80_4_0.005_NA_NA_NA_dataset1.RDS"
Reading file ../data/assessing_models_simulation/datasets/multiple_GenerationInoRE_50_100_80_4_0.005_NA_NA_NA_dataset1.RDS 
Loading required package: nnet
# weights:  12 (6 variable)
initial  value 13832.445135 
iter  10 value 12629.967385
final  value 12629.966836 
converged
Order of parameters:
[1] "beta"       "u_large"    "logs_sd_RE" "cov_par_RE"
Not matching template order:
[1] "beta"       "u_large"    "cov_par_RE" "logs_sd_RE"
Your parameter list has been re-ordered.
(Disable this warning with checkParameterOrder=FALSE)
Constructing atomic invpd
Constructing atomic D_lgamma
Constructing atomic invpd
Constructing atomic D_lgamma
Constructing atomic matmul
Constructing atomic invpd
Constructing atomic D_lgamma
Constructing atomic matmul
Optimizing tape... Done
iter: 1  value: 2003.653 mgc: 73.90096 ustep: 1 
iter: 2  value: 1513.914 mgc: 49.62284 ustep: 1 
iter: 3  value: 1508.79 mgc: 9.663506 ustep: 1 
iter: 4  value: 1508.787 mgc: 0.12732 ustep: 1 
iter: 5  value: 1508.787 mgc: 0.0003936269 ustep: 1 
iter: 6  mgc: 1.784348e-09 
iter: 1  mgc: 1.784348e-09 
Matching hessian patterns... Done
outer mgc:  601.2131 
iter: 1  value: 1117.123 mgc: 36.78844 ustep: 1 
iter: 2  value: 1110.003 mgc: 5.12511 ustep: 1 
iter: 3  value: 1110.001 mgc: 0.1284328 ustep: 1 
iter: 4  value: 1110.001 mgc: 0.0001070343 ustep: 1 
iter: 5  mgc: 7.617357e-11 
iter: 1  mgc: 7.617357e-11 
outer mgc:  80.97535 
iter: 1  value: 1092.931 mgc: 12.13423 ustep: 1 
iter: 2  value: 1091.167 mgc: 1.975834 ustep: 1 
iter: 3  value: 1091.166 mgc: 0.03807691 ustep: 1 
iter: 4  value: 1091.166 mgc: 2.637205e-05 ustep: 1 
iter: 5  mgc: 1.266132e-11 
iter: 1  mgc: 1.266132e-11 
outer mgc:  258.8245 
iter: 1  value: 1006.74 mgc: 21.24557 ustep: 1 
iter: 2  value: 1005.694 mgc: 2.050823 ustep: 1 
iter: 3  value: 1005.694 mgc: 0.02347239 ustep: 1 
iter: 4  value: 1005.694 mgc: 3.258319e-06 ustep: 1 
iter: 5  mgc: 5.945244e-14 
iter: 1  mgc: 5.945244e-14 
outer mgc:  141.7101 
iter: 1  value: 1091.491 mgc: 25.27945 ustep: 1 
iter: 2  value: 1091.178 mgc: 1.081761 ustep: 1 
iter: 3  value: 1091.178 mgc: 0.005893472 ustep: 1 
iter: 4  value: 1091.178 mgc: 1.681177e-07 ustep: 1 
mgc: 2.620126e-14 
iter: 1  value: 979.8357 mgc: 12.4106 ustep: 1 
iter: 2  value: 979.778 mgc: 0.3272423 ustep: 1 
iter: 3  value: 979.778 mgc: 0.0006975451 ustep: 1 
iter: 4  mgc: 2.712183e-09 
iter: 1  mgc: 2.712183e-09 
outer mgc:  75.2548 
iter: 1  value: 967.9289 mgc: 8.643707 ustep: 1 
iter: 2  value: 967.9206 mgc: 0.1389295 ustep: 1 
iter: 3  value: 967.9206 mgc: 7.48648e-05 ustep: 1 
iter: 4  mgc: 1.599089e-10 
iter: 1  mgc: 1.599089e-10 
outer mgc:  69.81232 
iter: 1  value: 949.2442 mgc: 6.298326 ustep: 1 
iter: 2  value: 949.2428 mgc: 0.0637889 ustep: 1 
iter: 3  value: 949.2428 mgc: 2.192427e-05 ustep: 1 
iter: 4  mgc: 2.521983e-12 
iter: 1  mgc: 2.521983e-12 
outer mgc:  47.1505 
iter: 1  value: 936.7115 mgc: 10.75485 ustep: 1 
iter: 2  value: 936.6929 mgc: 0.1887255 ustep: 1 
iter: 3  value: 936.6929 mgc: 0.0002660051 ustep: 1 
iter: 4  mgc: 1.852205e-09 
iter: 1  mgc: 1.852205e-09 
outer mgc:  66.13952 
iter: 1  value: 920.7323 mgc: 4.870833 ustep: 1 
iter: 2  value: 920.7295 mgc: 0.07892187 ustep: 1 
iter: 3  value: 920.7295 mgc: 3.181114e-05 ustep: 1 
iter: 4  mgc: 5.647927e-12 
iter: 1  mgc: 5.647927e-12 
outer mgc:  53.37985 
iter: 1  value: 907.0081 mgc: 11.84561 ustep: 1 
iter: 2  value: 906.9444 mgc: 0.3441196 ustep: 1 
iter: 3  value: 906.9444 mgc: 0.0007641803 ustep: 1 
iter: 4  value: 906.9444 mgc: 1.410772e-08 ustep: 1 
mgc: 2.220446e-14 
iter: 1  mgc: 2.220446e-14 
outer mgc:  47.50584 
iter: 1  value: 892.3365 mgc: 5.322066 ustep: 1 
iter: 2  value: 892.3329 mgc: 0.08075487 ustep: 1 
iter: 3  value: 892.3329 mgc: 3.957265e-05 ustep: 1 
iter: 4  mgc: 2.402442e-11 
iter: 1  mgc: 2.402442e-11 
outer mgc:  38.40241 
iter: 1  value: 882.4495 mgc: 12.73007 ustep: 1 
iter: 2  value: 882.4119 mgc: 0.2765807 ustep: 1 
iter: 3  value: 882.4119 mgc: 0.000473007 ustep: 1 
iter: 4  mgc: 3.408748e-09 
iter: 1  mgc: 3.408748e-09 
outer mgc:  63.92387 
iter: 1  value: 868.3639 mgc: 6.137912 ustep: 1 
iter: 2  value: 868.3606 mgc: 0.09595475 ustep: 1 
iter: 3  value: 868.3606 mgc: 3.779311e-05 ustep: 1 
iter: 4  mgc: 2.779466e-11 
iter: 1  mgc: 2.779466e-11 
outer mgc:  61.78095 
iter: 1  value: 856.2786 mgc: 14.47318 ustep: 1 
iter: 2  value: 856.2725 mgc: 0.1782363 ustep: 1 
iter: 3  value: 856.2725 mgc: 8.570655e-05 ustep: 1 
iter: 4  mgc: 4.8062e-11 
iter: 1  mgc: 4.8062e-11 
outer mgc:  55.56844 
iter: 1  value: 841.1813 mgc: 7.265097 ustep: 1 
iter: 2  value: 841.1742 mgc: 0.09347037 ustep: 1 
iter: 3  value: 841.1742 mgc: 7.194272e-05 ustep: 1 
iter: 4  mgc: 7.603873e-11 
iter: 1  mgc: 7.603873e-11 
outer mgc:  44.02141 
iter: 1  value: 833.0933 mgc: 8.906349 ustep: 1 
iter: 2  value: 833.0856 mgc: 0.1204696 ustep: 1 
iter: 3  value: 833.0856 mgc: 0.0001627726 ustep: 1 
iter: 4  mgc: 4.443939e-10 
iter: 1  mgc: 4.443939e-10 
outer mgc:  63.55357 
iter: 1  value: 817.136 mgc: 6.522554 ustep: 1 
iter: 2  value: 817.1352 mgc: 0.1241982 ustep: 1 
iter: 3  value: 817.1352 mgc: 6.099123e-05 ustep: 1 
iter: 4  mgc: 1.355183e-11 
iter: 1  mgc: 1.355183e-11 
outer mgc:  37.97888 
iter: 1  value: 810.8489 mgc: 6.42163 ustep: 1 
iter: 2  value: 810.8481 mgc: 0.07080478 ustep: 1 
iter: 3  value: 810.8481 mgc: 7.401049e-06 ustep: 1 
iter: 4  mgc: 1.509903e-13 
iter: 1  mgc: 1.509903e-13 
outer mgc:  86.19118 
iter: 1  value: 803.9829 mgc: 7.822602 ustep: 1 
iter: 2  value: 803.9825 mgc: 0.04773776 ustep: 1 
iter: 3  value: 803.9825 mgc: 3.168649e-06 ustep: 1 
iter: 4  mgc: 4.13003e-14 
iter: 1  mgc: 4.13003e-14 
outer mgc:  49.96316 
iter: 1  value: 799.1732 mgc: 3.63986 ustep: 1 
iter: 2  value: 799.1731 mgc: 0.00849289 ustep: 1 
iter: 3  value: 799.1731 mgc: 6.083133e-07 ustep: 1 
iter: 4  mgc: 2.442491e-14 
iter: 1  mgc: 2.442491e-14 
outer mgc:  19.41725 
iter: 1  value: 795.9449 mgc: 2.27555 ustep: 1 
iter: 2  value: 795.9449 mgc: 0.007231616 ustep: 1 
iter: 3  value: 795.9449 mgc: 9.907319e-08 ustep: 1 
iter: 4  mgc: 3.907985e-14 
iter: 1  mgc: 3.907985e-14 
outer mgc:  14.51081 
iter: 1  value: 793.0579 mgc: 1.52865 ustep: 1 
iter: 2  value: 793.0579 mgc: 0.002934796 ustep: 1 
iter: 3  value: 793.0579 mgc: 1.631384e-08 ustep: 1 
mgc: 2.220446e-14 
iter: 1  mgc: 2.220446e-14 
outer mgc:  9.721979 
iter: 1  value: 791.3862 mgc: 1.377669 ustep: 1 
iter: 2  value: 791.3862 mgc: 0.002672735 ustep: 1 
iter: 3  value: 791.3862 mgc: 3.676641e-08 ustep: 1 
mgc: 3.28626e-14 
iter: 1  mgc: 3.28626e-14 
outer mgc:  20.76624 
iter: 1  value: 790.3072 mgc: 2.427054 ustep: 1 
iter: 2  value: 790.3072 mgc: 0.003108301 ustep: 1 
iter: 3  value: 790.3072 mgc: 3.936519e-08 ustep: 1 
mgc: 2.664535e-14 
iter: 1  mgc: 2.664535e-14 
outer mgc:  21.37371 
iter: 1  value: 788.9426 mgc: 3.334976 ustep: 1 
iter: 2  value: 788.9426 mgc: 0.004176491 ustep: 1 
iter: 3  value: 788.9426 mgc: 4.980536e-08 ustep: 1 
mgc: 2.88658e-14 
iter: 1  mgc: 2.88658e-14 
outer mgc:  41.21171 
iter: 1  value: 787.55 mgc: 3.905891 ustep: 1 
iter: 2  value: 787.55 mgc: 0.005626426 ustep: 1 
iter: 3  value: 787.55 mgc: 7.091168e-08 ustep: 1 
mgc: 2.575717e-14 
iter: 1  mgc: 2.575717e-14 
outer mgc:  7.12054 
iter: 1  value: 785.1613 mgc: 2.445644 ustep: 1 
iter: 2  value: 785.1613 mgc: 0.004467663 ustep: 1 
iter: 3  value: 785.1613 mgc: 7.71135e-08 ustep: 1 
mgc: 2.664535e-14 
iter: 1  mgc: 2.664535e-14 
outer mgc:  29.42498 
iter: 1  value: 783.3513 mgc: 2.454272 ustep: 1 
iter: 2  value: 783.3513 mgc: 0.003960712 ustep: 1 
iter: 3  value: 783.3513 mgc: 2.366524e-08 ustep: 1 
mgc: 3.019807e-14 
iter: 1  mgc: 3.019807e-14 
outer mgc:  27.98974 
iter: 1  value: 781.6914 mgc: 2.548775 ustep: 1 
iter: 2  value: 781.6914 mgc: 0.002486257 ustep: 1 
iter: 3  value: 781.6914 mgc: 3.294879e-08 ustep: 1 
mgc: 2.597922e-14 
iter: 1  mgc: 2.597922e-14 
outer mgc:  5.265128 
iter: 1  value: 780.4754 mgc: 1.188017 ustep: 1 
iter: 2  value: 780.4754 mgc: 0.001322087 ustep: 1 
iter: 3  value: 780.4754 mgc: 1.269799e-08 ustep: 1 
mgc: 3.419487e-14 
iter: 1  mgc: 3.419487e-14 
outer mgc:  10.02865 
iter: 1  value: 777.667 mgc: 1.660696 ustep: 1 
iter: 2  value: 777.667 mgc: 0.001700891 ustep: 1 
iter: 3  value: 777.667 mgc: 1.594896e-08 ustep: 1 
mgc: 3.730349e-14 
iter: 1  mgc: 3.730349e-14 
outer mgc:  3.151912 
iter: 1  value: 774.812 mgc: 1.140156 ustep: 1 
iter: 2  value: 774.812 mgc: 0.00134472 ustep: 1 
iter: 3  mgc: 7.469883e-09 
iter: 1  mgc: 7.469883e-09 
outer mgc:  6.843711 
iter: 1  value: 772.1283 mgc: 0.9543776 ustep: 1 
iter: 2  value: 772.1283 mgc: 0.001597083 ustep: 1 
iter: 3  value: 772.1283 mgc: 1.137834e-08 ustep: 1 
mgc: 2.309264e-14 
iter: 1  mgc: 2.309264e-14 
outer mgc:  11.40402 
iter: 1  value: 770.6353 mgc: 1.130755 ustep: 1 
iter: 2  value: 770.6353 mgc: 0.0003596477 ustep: 1 
iter: 3  mgc: 6.38174e-10 
iter: 1  mgc: 6.38174e-10 
outer mgc:  5.950567 
iter: 1  value: 768.3193 mgc: 2.411894 ustep: 1 
iter: 2  value: 768.3193 mgc: 0.002044524 ustep: 1 
iter: 3  value: 768.3193 mgc: 1.674041e-08 ustep: 1 
mgc: 3.180789e-14 
iter: 1  value: 769.6836 mgc: 1.302525 ustep: 1 
iter: 2  value: 769.6836 mgc: 0.000562261 ustep: 1 
iter: 3  mgc: 6.275425e-10 
iter: 1  value: 770.239 mgc: 0.8754612 ustep: 1 
iter: 2  value: 770.239 mgc: 0.0002302295 ustep: 1 
iter: 3  mgc: 6.51923e-11 
iter: 1  value: 770.5639 mgc: 0.4919477 ustep: 1 
iter: 2  value: 770.5639 mgc: 8.403392e-05 ustep: 1 
iter: 3  mgc: 8.067325e-12 
iter: 1  mgc: 8.067325e-12 
outer mgc:  7.18168 
iter: 1  value: 770.3372 mgc: 0.3973976 ustep: 1 
iter: 2  value: 770.3372 mgc: 3.091809e-05 ustep: 1 
iter: 3  mgc: 2.54774e-12 
iter: 1  mgc: 2.54774e-12 
outer mgc:  1.703842 
iter: 1  value: 770.0889 mgc: 0.310896 ustep: 1 
iter: 2  value: 770.0889 mgc: 1.591235e-05 ustep: 1 
iter: 3  mgc: 6.82121e-13 
iter: 1  mgc: 6.82121e-13 
outer mgc:  3.06176 
iter: 1  value: 769.6208 mgc: 0.3316464 ustep: 1 
iter: 2  value: 769.6208 mgc: 2.527671e-05 ustep: 1 
iter: 3  mgc: 3.077538e-12 
iter: 1  value: 769.1659 mgc: 0.1996236 ustep: 1 
iter: 2  value: 769.1659 mgc: 1.790791e-05 ustep: 1 
iter: 3  mgc: 2.217782e-12 
iter: 1  value: 767.7677 mgc: 0.6230757 ustep: 1 
iter: 2  value: 767.7677 mgc: 0.0001615802 ustep: 1 
iter: 3  mgc: 1.848055e-10 
iter: 1  mgc: 1.848055e-10 
outer mgc:  3.609667 
iter: 1  value: 765.1719 mgc: 1.719626 ustep: 1 
iter: 2  value: 765.1719 mgc: 0.0009282646 ustep: 1 
iter: 3  mgc: 6.171593e-09 
iter: 1  mgc: 6.171593e-09 
outer mgc:  4.321491 
iter: 1  value: 762.4493 mgc: 1.316784 ustep: 1 
iter: 2  value: 762.4493 mgc: 0.0006644578 ustep: 1 
iter: 3  mgc: 1.67889e-09 
iter: 1  mgc: 1.67889e-09 
outer mgc:  3.568125 
iter: 1  value: 760.2589 mgc: 1.387356 ustep: 1 
iter: 2  value: 760.2589 mgc: 0.0004586852 ustep: 1 
iter: 3  mgc: 1.518098e-09 
iter: 1  mgc: 1.518098e-09 
outer mgc:  4.949397 
iter: 1  value: 758.0715 mgc: 1.554638 ustep: 1 
iter: 2  value: 758.0715 mgc: 0.0004478602 ustep: 1 
iter: 3  mgc: 2.957012e-10 
iter: 1  mgc: 2.957012e-10 
outer mgc:  5.951326 
iter: 1  value: 755.9119 mgc: 3.079059 ustep: 1 
iter: 2  value: 755.9119 mgc: 0.001042232 ustep: 1 
iter: 3  mgc: 1.717387e-09 
iter: 1  mgc: 1.717387e-09 
outer mgc:  7.459636 
iter: 1  value: 753.5594 mgc: 1.116615 ustep: 1 
iter: 2  value: 753.5594 mgc: 0.0002184049 ustep: 1 
iter: 3  mgc: 2.084368e-10 
iter: 1  mgc: 2.084368e-10 
outer mgc:  8.312609 
iter: 1  value: 751.2076 mgc: 1.974994 ustep: 1 
iter: 2  value: 751.2076 mgc: 0.001651703 ustep: 1 
iter: 3  mgc: 9.710892e-09 
iter: 1  mgc: 9.710892e-09 
outer mgc:  2.483644 
iter: 1  value: 748.3325 mgc: 1.549046 ustep: 1 
iter: 2  value: 748.3325 mgc: 0.0002949352 ustep: 1 
iter: 3  mgc: 1.451799e-10 
iter: 1  mgc: 1.451799e-10 
outer mgc:  2.385638 
iter: 1  value: 747.5811 mgc: 0.9368322 ustep: 1 
iter: 2  value: 747.5811 mgc: 0.000625898 ustep: 1 
iter: 3  mgc: 1.185741e-09 
iter: 1  mgc: 1.185741e-09 
outer mgc:  3.662273 
iter: 1  value: 745.5629 mgc: 1.376646 ustep: 1 
iter: 2  value: 745.5629 mgc: 0.0003076356 ustep: 1 
iter: 3  mgc: 3.310623e-10 
iter: 1  mgc: 3.310623e-10 
outer mgc:  2.143314 
iter: 1  value: 741.8486 mgc: 2.224085 ustep: 1 
iter: 2  value: 741.8486 mgc: 0.0002703985 ustep: 1 
iter: 3  mgc: 2.0946e-10 
iter: 1  mgc: 2.0946e-10 
outer mgc:  2.649418 
iter: 1  value: 740.4351 mgc: 0.9308342 ustep: 1 
iter: 2  value: 740.4351 mgc: 0.0001841522 ustep: 1 
iter: 3  mgc: 1.099787e-10 
iter: 1  mgc: 1.099787e-10 
outer mgc:  0.6063035 
iter: 1  value: 739.4142 mgc: 0.509366 ustep: 1 
iter: 2  value: 739.4142 mgc: 5.729762e-06 ustep: 1 
iter: 3  mgc: 1.323386e-13 
iter: 1  mgc: 1.323386e-13 
outer mgc:  0.1467704 
iter: 1  value: 736.7835 mgc: 1.229364 ustep: 1 
iter: 2  value: 736.7835 mgc: 1.531871e-05 ustep: 1 
iter: 3  mgc: 1.302958e-12 
iter: 1  mgc: 1.302958e-12 
outer mgc:  0.1958381 
iter: 1  value: 735.7408 mgc: 0.5178546 ustep: 1 
iter: 2  value: 735.7408 mgc: 3.240136e-06 ustep: 1 
iter: 3  mgc: 7.283063e-14 
iter: 1  mgc: 7.283063e-14 
outer mgc:  0.1020151 
iter: 1  value: 735.1784 mgc: 0.2581795 ustep: 1 
iter: 2  value: 735.1784 mgc: 7.919923e-07 ustep: 1 
iter: 3  mgc: 6.483702e-14 
iter: 1  mgc: 6.483702e-14 
outer mgc:  0.02738094 
iter: 1  value: 735.1655 mgc: 0.01941525 ustep: 1 
iter: 2  value: 735.1655 mgc: 2.066578e-08 ustep: 1 
mgc: 4.440892e-14 
iter: 1  mgc: 4.440892e-14 
outer mgc:  0.005258945 
iter: 1  value: 735.1785 mgc: 0.00609074 ustep: 1 
iter: 2  mgc: 3.305524e-09 
iter: 1  mgc: 3.305524e-09 
outer mgc:  0.000414267 
iter: 1  mgc: 3.305524e-09 
iter: 1  mgc: 3.305524e-09 
outer mgc:  0.000414267 
iter: 1  value: 735.18 mgc: 0.05187181 ustep: 1 
iter: 2  value: 735.18 mgc: 2.199114e-06 ustep: 1 
iter: 3  mgc: 7.105427e-14 
outer mgc:  1.363023 
iter: 1  value: 735.1784 mgc: 0.05185576 ustep: 1 
iter: 2  value: 735.1784 mgc: 2.199254e-06 ustep: 1 
iter: 3  mgc: 3.907985e-14 
outer mgc:  1.362466 
iter: 1  value: 735.1789 mgc: 0.02623099 ustep: 1 
iter: 2  value: 735.1789 mgc: 5.094664e-07 ustep: 1 
iter: 3  mgc: 4.540812e-14 
outer mgc:  0.830714 
iter: 1  value: 735.179 mgc: 0.0262207 ustep: 1 
iter: 2  value: 735.179 mgc: 5.092664e-07 ustep: 1 
iter: 3  mgc: 6.394885e-14 
outer mgc:  0.8296569 
iter: 1  value: 735.1817 mgc: 0.05485425 ustep: 1 
iter: 2  value: 735.1817 mgc: 2.309828e-06 ustep: 1 
iter: 3  mgc: 5.77316e-14 
outer mgc:  1.57539 
iter: 1  value: 735.1769 mgc: 0.05484634 ustep: 1 
iter: 2  value: 735.1769 mgc: 2.308263e-06 ustep: 1 
iter: 3  mgc: 4.707346e-14 
outer mgc:  1.575706 
iter: 1  value: 735.1809 mgc: 0.03016544 ustep: 1 
iter: 2  value: 735.1809 mgc: 7.267116e-07 ustep: 1 
iter: 3  mgc: 5.717649e-14 
outer mgc:  1.013722 
iter: 1  value: 735.1772 mgc: 0.03016049 ustep: 1 
iter: 2  value: 735.1772 mgc: 7.263088e-07 ustep: 1 
iter: 3  mgc: 4.085621e-14 
outer mgc:  1.014503 
iter: 1  value: 735.1765 mgc: 0.02833215 ustep: 1 
iter: 2  value: 735.1765 mgc: 2.445422e-06 ustep: 1 
iter: 3  mgc: 3.408385e-14 
outer mgc:  0.5682614 
iter: 1  value: 735.1811 mgc: 0.02831213 ustep: 1 
iter: 2  value: 735.1811 mgc: 2.443843e-06 ustep: 1 
iter: 3  mgc: 6.694645e-14 
outer mgc:  0.5680183 
iter: 1  value: 735.1774 mgc: 0.01313526 ustep: 1 
iter: 2  value: 735.1774 mgc: 5.422179e-07 ustep: 1 
iter: 3  mgc: 5.639933e-14 
outer mgc:  0.3379048 
iter: 1  value: 735.18 mgc: 0.01312529 ustep: 1 
iter: 2  value: 735.18 mgc: 5.415378e-07 ustep: 1 
iter: 3  mgc: 3.783085e-14 
outer mgc:  0.3377979 
iter: 1  value: 735.1641 mgc: 0.02354874 ustep: 1 
iter: 2  mgc: 9.164503e-09 
outer mgc:  0.00200571 
iter: 1  value: 735.193 mgc: 0.02353061 ustep: 1 
iter: 2  mgc: 9.170984e-09 
outer mgc:  0.001945687 
iter: 1  value: 735.174 mgc: 0.03199881 ustep: 1 
iter: 2  value: 735.174 mgc: 9.389526e-08 ustep: 1 
mgc: 7.460699e-14 
outer mgc:  0.005738274 
iter: 1  value: 735.1831 mgc: 0.03199552 ustep: 1 
iter: 2  value: 735.1831 mgc: 9.388372e-08 ustep: 1 
mgc: 5.329071e-14 
outer mgc:  0.005856848 
iter: 1  value: 735.1994 mgc: 0.01398401 ustep: 1 
iter: 2  value: 735.1994 mgc: 1.844848e-08 ustep: 1 
mgc: 3.730349e-14 
outer mgc:  0.002174755 
iter: 1  value: 735.1576 mgc: 0.01400096 ustep: 1 
iter: 2  value: 735.1576 mgc: 1.841529e-08 ustep: 1 
mgc: 4.071743e-14 
outer mgc:  0.002292158 
iter: 1  value: 735.1974 mgc: 0.2004105 ustep: 1 
iter: 2  value: 735.1974 mgc: 1.866354e-06 ustep: 1 
iter: 3  mgc: 5.329071e-14 
outer mgc:  0.08156216 
iter: 1  value: 735.1597 mgc: 0.200611 ustep: 1 
iter: 2  value: 735.1597 mgc: 1.868963e-06 ustep: 1 
iter: 3  mgc: 5.007106e-14 
outer mgc:  0.08118106 
iter: 1  value: 735.2145 mgc: 0.1941726 ustep: 1 
iter: 2  value: 735.2145 mgc: 7.00638e-07 ustep: 1 
iter: 3  mgc: 5.240253e-14 
outer mgc:  0.05483983 
iter: 1  value: 735.1426 mgc: 0.1947388 ustep: 1 
iter: 2  value: 735.1426 mgc: 7.02459e-07 ustep: 1 
iter: 3  mgc: 5.606626e-14 
outer mgc:  0.05459838 
iter: 1  value: 735.2148 mgc: 0.05674145 ustep: 1 
iter: 2  value: 735.2148 mgc: 5.932459e-07 ustep: 1 
iter: 3  mgc: 6.217249e-14 
outer mgc:  0.01277841 
iter: 1  value: 735.1423 mgc: 0.05679822 ustep: 1 
iter: 2  value: 735.1423 mgc: 5.925438e-07 ustep: 1 
iter: 3  mgc: 4.973799e-14 
outer mgc:  0.01250623 
[Fri Aug 13 12:03:16 2021]
Finished job 0.
1 of 1 steps (100%) done
