Building DAG of jobs...
Using shell: /usr/bin/bash
Provided cores: 1 (use --cores to define parallelism)
Rules claiming more threads will be scaled down.
Job counts:
	count	jobs
	1	inference_simulation_TMB_multiple
	1

[Fri Aug 13 09:05:57 2021]
rule inference_simulation_TMB_multiple:
    input: ../data/assessing_models_simulation/datasets/multiple_GenerationInoRE_10_100_10_6_0.02_NA_NA_NA_dataset0.RDS
    output: ../data/assessing_models_simulation/inference_results/TMB/nlminb/multiple_GenerationInoRE_10_100_10_6_0.02_fullREDMsinglelambda_NA_NA_NA_dataset0.RDS
    log: logs/inference/nlminb/simulation_GenerationInoRE_10_100_10_6_0.02_ModelfullREDMsinglelambda_NA_NA_NA_dataset0.log
    jobid: 0
    wildcards: optimiser=nlminb, datasetgeneration=GenerationInoRE, n=10, nlambda=100, lmbda=10, d=6, beta_intensity=0.02, model=fullREDMsinglelambda, fixed_beta_intercept=NA, fixed_beta_slope=NA, sdRE_input=NA, itnum=0

Rscript 2_inference_TMB/run_TMB.R --input ../data/assessing_models_simulation/datasets/multiple_GenerationInoRE_10_100_10_6_0.02_NA_NA_NA_dataset0.RDS --output ../data/assessing_models_simulation/inference_results/TMB/nlminb/multiple_GenerationInoRE_10_100_10_6_0.02_fullREDMsinglelambda_NA_NA_NA_dataset0.RDS --model fullREDMsinglelambda --optimiser nlminb
Model: fullREDMsinglelambda 
Feature type: signatures 
Using nlminb: TRUE 
Simulation boolean: TRUE 
make: Nothing to be done for 'all'.
../data/assessing_models_simulation/datasets/multiple_GenerationInoRE_10_100_10_6_0.02_NA_NA_NA_dataset0.RDS[1] "../data/assessing_models_simulation/datasets/multiple_GenerationInoRE_10_100_10_6_0.02_NA_NA_NA_dataset0.RDS"
Reading file ../data/assessing_models_simulation/datasets/multiple_GenerationInoRE_10_100_10_6_0.02_NA_NA_NA_dataset0.RDS 
Loading required package: nnet
# weights:  18 (10 variable)
initial  value 3656.981077 
iter  10 value 3533.180531
final  value 3531.613675 
converged
Order of parameters:
[1] "beta"       "u_large"    "logs_sd_RE" "cov_par_RE" "log_lambda"
Not matching template order:
[1] "beta"       "logs_sd_RE" "cov_par_RE" "log_lambda" "u_large"   
Your parameter list has been re-ordered.
(Disable this warning with checkParameterOrder=FALSE)
Constructing atomic invpd
Constructing atomic D_lgamma
Constructing atomic invpd
Constructing atomic D_lgamma
Constructing atomic matmul
Constructing atomic invpd
Constructing atomic D_lgamma
Constructing atomic matmul
Optimizing tape... Done
iter: 1  value: 3269.183 mgc: 4.954168 ustep: 1 
iter: 2  value: 3258.157 mgc: 2.007568 ustep: 1 
iter: 3  value: 3252.08 mgc: 3.138343 ustep: 0.8994163 
iter: 4  value: 3251.816 mgc: 0.4894948 ustep: 0.9483808 
iter: 5  value: 3251.811 mgc: 0.05333563 ustep: 0.973851 
iter: 6  value: 3251.811 mgc: 0.002275665 ustep: 0.9868402 
iter: 7  value: 3251.811 mgc: 6.018373e-05 ustep: 0.993399 
iter: 8  value: 3251.811 mgc: 8.118148e-07 ustep: 0.9966944 
iter: 9  mgc: 5.375328e-09 
iter: 1  mgc: 5.375328e-09 
Matching hessian patterns... Done
outer mgc:  36.43383 
iter: 1  value: 3212.973 mgc: 1.29322 ustep: 1 
iter: 2  value: 3212.955 mgc: 0.2080835 ustep: 1 
iter: 3  value: 3212.955 mgc: 0.003199326 ustep: 1 
iter: 4  value: 3212.955 mgc: 7.991752e-07 ustep: 1 
iter: 5  mgc: 5.084821e-14 
iter: 1  mgc: 5.084821e-14 
outer mgc:  12.44133 
iter: 1  value: 3188.015 mgc: 2.175914 ustep: 1 
iter: 2  value: 3187.959 mgc: 0.696639 ustep: 1 
iter: 3  value: 3187.959 mgc: 0.02850128 ustep: 1 
iter: 4  value: 3187.959 mgc: 5.543997e-05 ustep: 1 
iter: 5  mgc: 2.160312e-10 
iter: 1  mgc: 2.160312e-10 
outer mgc:  6.248939 
iter: 1  value: 3168.356 mgc: 8.99954 ustep: 1 
iter: 2  value: 3168.165 mgc: 0.6677011 ustep: 1 
iter: 3  value: 3168.165 mgc: 0.01450222 ustep: 1 
iter: 4  value: 3168.165 mgc: 1.091626e-05 ustep: 1 
iter: 5  mgc: 6.851963e-12 
iter: 1  mgc: 6.851963e-12 
outer mgc:  8.43843 
iter: 1  value: 3170.58 mgc: 15.5345 ustep: 1 
iter: 2  value: 3170.483 mgc: 0.5702384 ustep: 1 
iter: 3  value: 3170.483 mgc: 0.008449865 ustep: 1 
iter: 4  value: 3170.483 mgc: 4.497975e-06 ustep: 1 
iter: 5  mgc: 9.667822e-13 
iter: 1  value: 3160.963 mgc: 2.365198 ustep: 1 
iter: 2  value: 3160.958 mgc: 0.1682209 ustep: 1 
iter: 3  value: 3160.958 mgc: 0.0007128449 ustep: 1 
iter: 4  value: 3160.958 mgc: 1.287728e-08 ustep: 1 
mgc: 3.552714e-15 
iter: 1  mgc: 3.552714e-15 
outer mgc:  4.188805 
iter: 1  value: 3156.756 mgc: 3.518495 ustep: 1 
iter: 2  value: 3156.746 mgc: 0.257515 ustep: 1 
iter: 3  value: 3156.746 mgc: 0.001308041 ustep: 1 
iter: 4  value: 3156.746 mgc: 3.269421e-08 ustep: 1 
mgc: 7.105427e-15 
iter: 1  mgc: 7.105427e-15 
outer mgc:  5.125752 
iter: 1  value: 3151.316 mgc: 3.347365 ustep: 1 
iter: 2  value: 3151.316 mgc: 0.03046994 ustep: 1 
iter: 3  value: 3151.316 mgc: 5.317673e-05 ustep: 1 
iter: 4  mgc: 4.952461e-11 
iter: 1  mgc: 4.952461e-11 
outer mgc:  3.169278 
iter: 1  value: 3147.741 mgc: 4.203332 ustep: 1 
iter: 2  value: 3147.739 mgc: 0.05886269 ustep: 1 
iter: 3  value: 3147.739 mgc: 3.771503e-05 ustep: 1 
iter: 4  mgc: 1.707456e-11 
iter: 1  mgc: 1.707456e-11 
outer mgc:  5.845214 
iter: 1  value: 3144.948 mgc: 6.434182 ustep: 1 
iter: 2  value: 3144.948 mgc: 0.07544448 ustep: 1 
iter: 3  value: 3144.948 mgc: 9.115091e-05 ustep: 1 
iter: 4  mgc: 1.147131e-10 
iter: 1  mgc: 1.147131e-10 
outer mgc:  5.044012 
iter: 1  value: 3141.759 mgc: 2.682725 ustep: 1 
iter: 2  value: 3141.759 mgc: 0.05864754 ustep: 1 
iter: 3  value: 3141.759 mgc: 3.266236e-05 ustep: 1 
iter: 4  mgc: 1.309244e-11 
iter: 1  mgc: 1.309244e-11 
outer mgc:  3.30777 
iter: 1  value: 3140.114 mgc: 15.48054 ustep: 1 
iter: 2  value: 3140.11 mgc: 0.09042156 ustep: 1 
iter: 3  value: 3140.11 mgc: 0.0003497624 ustep: 1 
iter: 4  mgc: 5.41741e-09 
iter: 1  mgc: 5.41741e-09 
outer mgc:  2.388949 
iter: 1  value: 3137.025 mgc: 10.78184 ustep: 1 
iter: 2  value: 3137.025 mgc: 0.05033007 ustep: 1 
iter: 3  value: 3137.025 mgc: 4.53654e-05 ustep: 1 
iter: 4  mgc: 5.847722e-11 
iter: 1  mgc: 5.847722e-11 
outer mgc:  3.741052 
iter: 1  value: 3134.129 mgc: 3.796328 ustep: 1 
iter: 2  value: 3134.128 mgc: 0.0326493 ustep: 1 
iter: 3  value: 3134.128 mgc: 6.680019e-05 ustep: 1 
iter: 4  mgc: 1.83854e-10 
iter: 1  mgc: 1.83854e-10 
outer mgc:  3.410931 
iter: 1  value: 3132.093 mgc: 2.530687 ustep: 1 
iter: 2  value: 3132.093 mgc: 0.02574516 ustep: 1 
iter: 3  value: 3132.093 mgc: 9.110875e-06 ustep: 1 
iter: 4  mgc: 4.132583e-12 
iter: 1  mgc: 4.132583e-12 
outer mgc:  3.656395 
iter: 1  value: 3130.012 mgc: 2.943729 ustep: 1 
iter: 2  value: 3130.012 mgc: 0.03463702 ustep: 1 
iter: 3  value: 3130.012 mgc: 1.804847e-05 ustep: 1 
iter: 4  mgc: 5.790188e-12 
iter: 1  mgc: 5.790188e-12 
outer mgc:  2.014395 
iter: 1  value: 3126.805 mgc: 5.983626 ustep: 1 
iter: 2  value: 3126.805 mgc: 0.01472142 ustep: 1 
iter: 3  value: 3126.805 mgc: 4.608877e-06 ustep: 1 
iter: 4  mgc: 6.450396e-13 
iter: 1  mgc: 6.450396e-13 
outer mgc:  2.708312 
iter: 1  value: 3127.286 mgc: 8.386813 ustep: 1 
iter: 2  value: 3127.284 mgc: 0.1678061 ustep: 1 
iter: 3  value: 3127.284 mgc: 0.0005456811 ustep: 1 
iter: 4  mgc: 4.610326e-09 
iter: 1  value: 3126.46 mgc: 2.711886 ustep: 1 
iter: 2  value: 3126.46 mgc: 0.02778651 ustep: 1 
iter: 3  value: 3126.46 mgc: 9.255026e-06 ustep: 1 
iter: 4  mgc: 6.359357e-13 
iter: 1  mgc: 6.359357e-13 
outer mgc:  1.470183 
iter: 1  value: 3126.61 mgc: 4.113302 ustep: 1 
iter: 2  value: 3126.61 mgc: 0.01647552 ustep: 1 
iter: 3  value: 3126.61 mgc: 5.377071e-06 ustep: 1 
iter: 4  mgc: 1.0838e-12 
iter: 1  mgc: 1.0838e-12 
outer mgc:  1.299019 
iter: 1  value: 3126.218 mgc: 4.080381 ustep: 1 
iter: 2  value: 3126.218 mgc: 0.005995225 ustep: 1 
iter: 3  value: 3126.218 mgc: 2.968859e-07 ustep: 1 
iter: 4  mgc: 2.987888e-14 
iter: 1  mgc: 2.987888e-14 
outer mgc:  1.087928 
iter: 1  value: 3124.738 mgc: 2.557093 ustep: 1 
iter: 2  value: 3124.738 mgc: 0.00534115 ustep: 1 
iter: 3  value: 3124.738 mgc: 7.905123e-07 ustep: 1 
iter: 4  mgc: 5.340173e-14 
iter: 1  mgc: 5.340173e-14 
outer mgc:  0.681821 
iter: 1  value: 3123.184 mgc: 1.838245 ustep: 1 
iter: 2  value: 3123.184 mgc: 0.002522113 ustep: 1 
iter: 3  value: 3123.184 mgc: 2.495674e-07 ustep: 1 
iter: 4  mgc: 1.953993e-14 
iter: 1  mgc: 1.953993e-14 
outer mgc:  0.8593689 
iter: 1  value: 3121.412 mgc: 1.298114 ustep: 1 
iter: 2  value: 3121.412 mgc: 0.001629892 ustep: 1 
iter: 3  value: 3121.412 mgc: 7.205385e-08 ustep: 1 
iter: 4  mgc: 4.307665e-14 
iter: 1  mgc: 4.307665e-14 
outer mgc:  0.4100661 
iter: 1  value: 3118.972 mgc: 4.288633 ustep: 1 
iter: 2  value: 3118.972 mgc: 0.001761292 ustep: 1 
iter: 3  value: 3118.972 mgc: 2.672983e-07 ustep: 1 
iter: 4  mgc: 1.754152e-14 
iter: 1  mgc: 1.754152e-14 
outer mgc:  0.3738225 
iter: 1  value: 3116.766 mgc: 7.430258 ustep: 1 
iter: 2  value: 3116.766 mgc: 0.002514449 ustep: 1 
iter: 3  value: 3116.766 mgc: 2.864386e-07 ustep: 1 
iter: 4  mgc: 3.294587e-14 
iter: 1  mgc: 3.294587e-14 
outer mgc:  0.5227411 
iter: 1  value: 3113.868 mgc: 5.739929 ustep: 1 
iter: 2  value: 3113.868 mgc: 0.002188019 ustep: 1 
iter: 3  value: 3113.868 mgc: 7.271181e-08 ustep: 1 
iter: 4  mgc: 2.678413e-14 
iter: 1  mgc: 2.678413e-14 
outer mgc:  0.4497709 
iter: 1  value: 3110.364 mgc: 4.792269 ustep: 1 
iter: 2  value: 3110.364 mgc: 0.002791617 ustep: 1 
iter: 3  value: 3110.364 mgc: 2.882193e-07 ustep: 1 
iter: 4  mgc: 4.907186e-14 
iter: 1  mgc: 4.907186e-14 
outer mgc:  0.2794801 
iter: 1  value: 3107.138 mgc: 4.576036 ustep: 1 
iter: 2  value: 3107.138 mgc: 0.003680212 ustep: 1 
iter: 3  value: 3107.138 mgc: 5.364343e-07 ustep: 1 
iter: 4  mgc: 5.845324e-14 
iter: 1  mgc: 5.845324e-14 
outer mgc:  0.2152265 
iter: 1  value: 3107.286 mgc: 5.289618 ustep: 1 
iter: 2  value: 3107.286 mgc: 0.005885819 ustep: 1 
iter: 3  value: 3107.286 mgc: 1.793824e-06 ustep: 1 
iter: 4  mgc: 1.660894e-13 
iter: 1  mgc: 1.660894e-13 
outer mgc:  0.213349 
iter: 1  value: 3106.379 mgc: 2.230594 ustep: 1 
iter: 2  value: 3106.379 mgc: 0.0003031817 ustep: 1 
iter: 3  mgc: 1.894108e-09 
iter: 1  mgc: 1.894108e-09 
outer mgc:  0.134513 
iter: 1  value: 3105.255 mgc: 4.05107 ustep: 1 
iter: 2  value: 3105.255 mgc: 6.094068e-05 ustep: 1 
iter: 3  mgc: 9.705614e-11 
iter: 1  value: 3103.843 mgc: 5.77311 ustep: 1 
iter: 2  value: 3103.843 mgc: 9.667552e-05 ustep: 1 
iter: 3  mgc: 3.095209e-10 
iter: 1  mgc: 3.095209e-10 
outer mgc:  0.1663411 
iter: 1  value: 3101.402 mgc: 5.550114 ustep: 1 
iter: 2  value: 3101.402 mgc: 0.0001085999 ustep: 1 
iter: 3  mgc: 7.347631e-10 
iter: 1  mgc: 7.347631e-10 
outer mgc:  0.094406 
iter: 1  value: 3099.311 mgc: 5.370665 ustep: 1 
iter: 2  value: 3099.311 mgc: 5.02374e-05 ustep: 1 
iter: 3  mgc: 4.03626e-11 
iter: 1  mgc: 4.03626e-11 
outer mgc:  0.03794047 
iter: 1  value: 3096.212 mgc: 13.44181 ustep: 1 
iter: 2  value: 3096.212 mgc: 0.0003687352 ustep: 1 
iter: 3  mgc: 7.217553e-10 
iter: 1  mgc: 7.217553e-10 
outer mgc:  0.05787996 
iter: 1  value: 3093.282 mgc: 19.74197 ustep: 1 
iter: 2  value: 3093.282 mgc: 0.0005033058 ustep: 1 
iter: 3  value: 3093.282 mgc: 1.418707e-08 ustep: 1 
mgc: 2.352007e-13 
iter: 1  mgc: 2.352007e-13 
outer mgc:  0.1403341 
iter: 1  value: 3090.964 mgc: 14.00353 ustep: 1 
iter: 2  value: 3090.964 mgc: 0.0008186881 ustep: 1 
iter: 3  value: 3090.964 mgc: 3.879466e-08 ustep: 1 
mgc: 3.445577e-13 
iter: 1  mgc: 3.445577e-13 
outer mgc:  0.104944 
iter: 1  value: 3090.627 mgc: 17.88648 ustep: 1 
iter: 2  value: 3090.627 mgc: 0.000220292 ustep: 1 
iter: 3  mgc: 1.954482e-10 
iter: 1  mgc: 1.954482e-10 
outer mgc:  0.03892262 
iter: 1  value: 3091.09 mgc: 30.56134 ustep: 1 
iter: 2  value: 3091.09 mgc: 0.0004322832 ustep: 1 
iter: 3  mgc: 1.671846e-09 
iter: 1  mgc: 1.671846e-09 
outer mgc:  0.04978935 
iter: 1  value: 3092.049 mgc: 22.87128 ustep: 1 
iter: 2  value: 3092.049 mgc: 0.0002766036 ustep: 1 
iter: 3  mgc: 3.399829e-09 
iter: 1  mgc: 3.399829e-09 
outer mgc:  0.03543444 
iter: 1  value: 3092.116 mgc: 4.646223 ustep: 1 
iter: 2  value: 3092.116 mgc: 2.626432e-05 ustep: 1 
iter: 3  mgc: 5.382716e-11 
iter: 1  mgc: 5.382716e-11 
outer mgc:  0.02244478 
iter: 1  value: 3092.146 mgc: 14.21801 ustep: 1 
iter: 2  value: 3092.146 mgc: 0.0001648859 ustep: 1 
iter: 3  mgc: 1.716349e-09 
iter: 1  mgc: 1.716349e-09 
outer mgc:  0.06684921 
iter: 1  value: 3091.861 mgc: 9.193682 ustep: 1 
iter: 2  value: 3091.861 mgc: 3.250414e-05 ustep: 1 
iter: 3  mgc: 9.602763e-12 
iter: 1  mgc: 9.602763e-12 
outer mgc:  0.07377696 
iter: 1  value: 3090.699 mgc: 17.94251 ustep: 1 
iter: 2  value: 3090.699 mgc: 0.0001255717 ustep: 1 
iter: 3  mgc: 2.366869e-10 
iter: 1  mgc: 2.366869e-10 
outer mgc:  0.04784918 
iter: 1  value: 3089.443 mgc: 10.91782 ustep: 1 
iter: 2  value: 3089.443 mgc: 3.410477e-05 ustep: 1 
iter: 3  mgc: 1.607114e-11 
iter: 1  mgc: 1.607114e-11 
outer mgc:  0.02231933 
iter: 1  value: 3086.988 mgc: 16.00906 ustep: 1 
iter: 2  value: 3086.988 mgc: 4.917377e-05 ustep: 1 
iter: 3  mgc: 3.191802e-11 
iter: 1  mgc: 3.191802e-11 
outer mgc:  0.01879475 
iter: 1  value: 3085.094 mgc: 9.026127 ustep: 1 
iter: 2  value: 3085.094 mgc: 1.040438e-05 ustep: 1 
iter: 3  mgc: 3.180844e-12 
iter: 1  mgc: 3.180844e-12 
outer mgc:  0.02672366 
iter: 1  value: 3082.811 mgc: 9.557579 ustep: 1 
iter: 2  value: 3082.811 mgc: 1.427668e-05 ustep: 1 
iter: 3  mgc: 4.979572e-12 
iter: 1  mgc: 4.979572e-12 
outer mgc:  0.01975052 
iter: 1  value: 3080.667 mgc: 9.131374 ustep: 1 
iter: 2  value: 3080.667 mgc: 7.6851e-06 ustep: 1 
iter: 3  mgc: 1.086797e-12 
iter: 1  mgc: 1.086797e-12 
outer mgc:  0.009152682 
iter: 1  value: 3078.125 mgc: 13.44988 ustep: 1 
iter: 2  value: 3078.125 mgc: 8.209541e-06 ustep: 1 
iter: 3  mgc: 2.033484e-12 
iter: 1  mgc: 2.033484e-12 
outer mgc:  0.01378328 
iter: 1  value: 3075.195 mgc: 20.21242 ustep: 1 
iter: 2  value: 3075.195 mgc: 1.854452e-05 ustep: 1 
iter: 3  mgc: 1.387043e-12 
iter: 1  mgc: 1.387043e-12 
outer mgc:  0.02926939 
iter: 1  value: 3071.913 mgc: 36.57073 ustep: 1 
iter: 2  value: 3071.913 mgc: 6.188928e-05 ustep: 1 
iter: 3  mgc: 2.927078e-11 
iter: 1  mgc: 2.927078e-11 
outer mgc:  0.03268184 
iter: 1  value: 3068.281 mgc: 50.45442 ustep: 1 
iter: 2  value: 3068.281 mgc: 7.20567e-05 ustep: 1 
iter: 3  mgc: 9.171169e-11 
iter: 1  mgc: 9.171169e-11 
outer mgc:  0.03362025 
iter: 1  value: 3065.463 mgc: 80.26071 ustep: 1 
iter: 2  value: 3065.463 mgc: 0.0001767624 ustep: 1 
iter: 3  mgc: 3.978628e-10 
iter: 1  mgc: 3.978628e-10 
outer mgc:  0.009751942 
iter: 1  value: 3062.971 mgc: 131.0341 ustep: 1 
iter: 2  value: 3062.971 mgc: 0.0001426175 ustep: 1 
iter: 3  mgc: 3.304266e-10 
iter: 1  mgc: 3.304266e-10 
outer mgc:  0.00904169 
iter: 1  value: 3061.784 mgc: 84.09267 ustep: 1 
iter: 2  value: 3061.784 mgc: 0.0001152058 ustep: 1 
iter: 3  mgc: 5.597334e-11 
iter: 1  mgc: 5.597334e-11 
outer mgc:  0.007264689 
iter: 1  value: 3061.4 mgc: 78.08563 ustep: 1 
iter: 2  value: 3061.4 mgc: 0.0001369732 ustep: 1 
iter: 3  mgc: 7.515544e-11 
iter: 1  mgc: 7.515544e-11 
outer mgc:  0.008422043 
iter: 1  value: 3061.835 mgc: 34.62006 ustep: 1 
iter: 2  value: 3061.835 mgc: 4.781079e-05 ustep: 1 
iter: 3  mgc: 1.448008e-11 
iter: 1  mgc: 1.448008e-11 
outer mgc:  0.008745125 
iter: 1  value: 3063.066 mgc: 53.49656 ustep: 1 
iter: 2  value: 3063.066 mgc: 4.53623e-05 ustep: 1 
iter: 3  mgc: 1.094297e-11 
iter: 1  mgc: 1.094297e-11 
outer mgc:  0.00858363 
iter: 1  value: 3064.182 mgc: 44.19044 ustep: 1 
iter: 2  value: 3064.182 mgc: 5.676635e-06 ustep: 1 
iter: 3  mgc: 3.919309e-12 
iter: 1  mgc: 3.919309e-12 
outer mgc:  0.005825858 
iter: 1  value: 3065.449 mgc: 74.25536 ustep: 1 
iter: 2  value: 3065.449 mgc: 1.413709e-05 ustep: 1 
iter: 3  mgc: 7.850387e-12 
iter: 1  mgc: 7.850387e-12 
outer mgc:  0.004938072 
iter: 1  value: 3065.329 mgc: 37.7585 ustep: 1 
iter: 2  value: 3065.329 mgc: 2.059284e-05 ustep: 1 
iter: 3  mgc: 4.017148e-12 
iter: 1  mgc: 4.017148e-12 
outer mgc:  0.005024732 
iter: 1  value: 3065.032 mgc: 6.020237 ustep: 1 
iter: 2  value: 3065.032 mgc: 1.093198e-06 ustep: 1 
iter: 3  mgc: 6.670442e-12 
iter: 1  value: 3064.393 mgc: 14.1357 ustep: 1 
iter: 2  value: 3064.393 mgc: 5.118039e-06 ustep: 1 
iter: 3  mgc: 4.877321e-12 
iter: 1  mgc: 4.877321e-12 
outer mgc:  0.003086687 
iter: 1  value: 3062.221 mgc: 74.04697 ustep: 1 
iter: 2  value: 3062.221 mgc: 9.646972e-06 ustep: 1 
iter: 3  mgc: 5.873968e-12 
iter: 1  mgc: 5.873968e-12 
outer mgc:  0.003350485 
iter: 1  value: 3058.875 mgc: 173.377 ustep: 1 
iter: 2  value: 3058.875 mgc: 7.074164e-06 ustep: 1 
iter: 3  mgc: 1.060267e-11 
iter: 1  mgc: 1.060267e-11 
outer mgc:  0.004428304 
iter: 1  value: 3055.848 mgc: 215.6397 ustep: 1 
iter: 2  value: 3055.848 mgc: 9.056374e-06 ustep: 1 
iter: 3  mgc: 1.595168e-11 
iter: 1  mgc: 1.595168e-11 
outer mgc:  0.004283426 
iter: 1  value: 3053.087 mgc: 273.197 ustep: 1 
iter: 2  value: 3053.087 mgc: 1.318669e-05 ustep: 1 
iter: 3  mgc: 2.397833e-11 
iter: 1  mgc: 2.397833e-11 
outer mgc:  0.002986141 
iter: 1  value: 3051.098 mgc: 247.2052 ustep: 1 
iter: 2  value: 3051.098 mgc: 6.630165e-06 ustep: 1 
iter: 3  mgc: 3.097239e-11 
iter: 1  mgc: 3.097239e-11 
outer mgc:  0.002416927 
iter: 1  value: 3049.758 mgc: 184.0042 ustep: 1 
iter: 2  value: 3049.758 mgc: 2.247225e-06 ustep: 1 
iter: 3  mgc: 3.19158e-11 
iter: 1  mgc: 3.19158e-11 
outer mgc:  0.002583201 
iter: 1  value: 3048.665 mgc: 149.4736 ustep: 1 
iter: 2  value: 3048.665 mgc: 1.040944e-06 ustep: 1 
iter: 3  mgc: 3.808914e-11 
iter: 1  mgc: 3.808914e-11 
outer mgc:  0.002590803 
iter: 1  value: 3047.388 mgc: 166.1087 ustep: 1 
iter: 2  value: 3047.388 mgc: 9.976571e-07 ustep: 1 
iter: 3  mgc: 6.695355e-11 
iter: 1  mgc: 6.695355e-11 
outer mgc:  0.002587128 
iter: 1  value: 3045.705 mgc: 185.4805 ustep: 1 
iter: 2  value: 3045.705 mgc: 1.178239e-06 ustep: 1 
iter: 3  mgc: 3.962308e-11 
iter: 1  mgc: 3.962308e-11 
outer mgc:  0.004350419 
iter: 1  value: 3043.618 mgc: 310.7987 ustep: 1 
iter: 2  value: 3043.618 mgc: 2.620054e-06 ustep: 1 
iter: 3  mgc: 8.627543e-11 
iter: 1  mgc: 8.627543e-11 
outer mgc:  0.006054678 
iter: 1  value: 3041.467 mgc: 968.2879 ustep: 1 
iter: 2  value: 3041.467 mgc: 6.366037e-06 ustep: 1 
iter: 3  mgc: 1.233449e-10 
iter: 1  mgc: 1.233449e-10 
outer mgc:  0.006453122 
iter: 1  value: 3039.862 mgc: 1947.843 ustep: 1 
iter: 2  value: 3039.862 mgc: 9.621255e-06 ustep: 1 
iter: 3  mgc: 1.171204e-10 
iter: 1  mgc: 1.171204e-10 
outer mgc:  0.005135279 
iter: 1  value: 3039.324 mgc: 2424.649 ustep: 1 
iter: 2  value: 3039.324 mgc: 9.657029e-06 ustep: 1 
iter: 3  mgc: 2.524635e-10 
iter: 1  mgc: 2.524635e-10 
outer mgc:  0.004296088 
iter: 1  value: 3039.634 mgc: 1613.53 ustep: 1 
iter: 2  value: 3039.634 mgc: 6.228658e-06 ustep: 1 
iter: 3  mgc: 2.007414e-10 
iter: 1  mgc: 2.007414e-10 
outer mgc:  0.002968007 
iter: 1  value: 3039.911 mgc: 350.5823 ustep: 1 
iter: 2  value: 3039.911 mgc: 6.278783e-07 ustep: 1 
iter: 3  mgc: 1.962348e-10 
iter: 1  mgc: 1.962348e-10 
outer mgc:  0.002080905 
iter: 1  value: 3040.794 mgc: 360.2157 ustep: 1 
iter: 2  value: 3040.794 mgc: 6.900784e-06 ustep: 1 
iter: 3  mgc: 1.984928e-10 
iter: 1  mgc: 1.984928e-10 
outer mgc:  0.0006390393 
iter: 1  value: 3040.818 mgc: 315.7198 ustep: 1 
iter: 2  value: 3040.818 mgc: 5.908762e-07 ustep: 1 
iter: 3  mgc: 1.475025e-10 
iter: 1  mgc: 1.475025e-10 
outer mgc:  0.0005343471 
iter: 1  value: 3040.696 mgc: 253.7418 ustep: 1 
iter: 2  value: 3040.696 mgc: 1.561296e-07 ustep: 1 
iter: 3  mgc: 1.282875e-10 
iter: 1  value: 3040.524 mgc: 364.0722 ustep: 1 
iter: 2  value: 3040.524 mgc: 3.075948e-07 ustep: 1 
iter: 3  mgc: 2.010099e-10 
iter: 1  mgc: 2.010099e-10 
outer mgc:  0.0005346553 
iter: 1  value: 3040.248 mgc: 275.9015 ustep: 1 
iter: 2  value: 3040.248 mgc: 7.749464e-08 ustep: 1 
iter: 3  mgc: 1.473231e-10 
iter: 1  mgc: 1.473231e-10 
outer mgc:  0.0007651319 
iter: 1  value: 3039.195 mgc: 912.1251 ustep: 1 
iter: 2  value: 3039.195 mgc: 5.075199e-07 ustep: 1 
iter: 3  mgc: 1.552539e-10 
iter: 1  mgc: 1.552539e-10 
outer mgc:  0.00110013 
iter: 1  value: 3038.584 mgc: 409.6901 ustep: 1 
iter: 2  value: 3038.584 mgc: 2.606935e-07 ustep: 1 
iter: 3  mgc: 3.020899e-10 
iter: 1  mgc: 3.020899e-10 
outer mgc:  0.0008001196 
iter: 1  value: 3038.325 mgc: 182.8644 ustep: 1 
iter: 2  value: 3038.325 mgc: 3.474949e-07 ustep: 1 
iter: 3  mgc: 2.584373e-10 
iter: 1  mgc: 2.584373e-10 
outer mgc:  0.0003894971 
iter: 1  value: 3038.56 mgc: 33.21506 ustep: 1 
iter: 2  value: 3038.56 mgc: 3.53712e-07 ustep: 1 
iter: 3  mgc: 2.338241e-10 
iter: 1  mgc: 2.338241e-10 
outer mgc:  0.0004062155 
iter: 1  value: 3038.786 mgc: 39.72985 ustep: 1 
iter: 2  value: 3038.786 mgc: 2.828186e-08 ustep: 1 
mgc: 1.107991e-10 
iter: 1  value: 3039.407 mgc: 101.8248 ustep: 1 
iter: 2  value: 3039.407 mgc: 2.205369e-07 ustep: 1 
iter: 3  mgc: 2.382004e-10 
iter: 1  mgc: 2.382004e-10 
outer mgc:  0.0005779398 
iter: 1  value: 3040.268 mgc: 171.3845 ustep: 1 
iter: 2  value: 3040.268 mgc: 5.299648e-08 ustep: 1 
iter: 3  mgc: 1.418174e-10 
iter: 1  mgc: 1.418174e-10 
outer mgc:  0.0005945347 
iter: 1  value: 3042.583 mgc: 474.5545 ustep: 1 
iter: 2  value: 3042.583 mgc: 2.920338e-07 ustep: 1 
iter: 3  mgc: 1.979155e-10 
iter: 1  mgc: 1.979155e-10 
outer mgc:  0.0004071129 
iter: 1  value: 3042.422 mgc: 74.81236 ustep: 1 
iter: 2  value: 3042.422 mgc: 1.404895e-07 ustep: 1 
iter: 3  mgc: 1.132324e-10 
iter: 1  mgc: 1.132324e-10 
outer mgc:  0.0003166034 
iter: 1  value: 3042.459 mgc: 47.31672 ustep: 1 
iter: 2  value: 3042.459 mgc: 6.636545e-08 ustep: 1 
iter: 3  mgc: 2.014215e-10 
iter: 1  mgc: 2.014215e-10 
outer mgc:  0.0003110356 
iter: 1  value: 3042.483 mgc: 18.32357 ustep: 1 
iter: 2  mgc: 8.184259e-09 
iter: 1  mgc: 8.184259e-09 
outer mgc:  0.0003078666 
iter: 1  mgc: 8.184259e-09 
iter: 1  mgc: 8.184259e-09 
outer mgc:  0.0003078666 
iter: 1  value: 3042.483 mgc: 0.005265084 ustep: 1 
iter: 2  value: 3042.483 mgc: 3.462878e-07 ustep: 1 
iter: 3  mgc: 1.175515e-10 
outer mgc:  0.02565644 
iter: 1  value: 3042.484 mgc: 0.005260407 ustep: 1 
iter: 2  value: 3042.484 mgc: 3.460235e-07 ustep: 1 
iter: 3  mgc: 1.495172e-10 
outer mgc:  0.02575367 
iter: 1  value: 3042.483 mgc: 0.00318261 ustep: 1 
iter: 2  value: 3042.483 mgc: 1.05246e-07 ustep: 1 
iter: 3  mgc: 1.297815e-10 
outer mgc:  0.01746518 
iter: 1  value: 3042.484 mgc: 0.003180911 ustep: 1 
iter: 2  value: 3042.484 mgc: 1.05347e-07 ustep: 1 
iter: 3  mgc: 8.622225e-11 
outer mgc:  0.01763884 
iter: 1  value: 3042.484 mgc: 0.005458588 ustep: 1 
iter: 2  value: 3042.484 mgc: 8.478051e-08 ustep: 1 
iter: 3  mgc: 1.944402e-10 
outer mgc:  0.03435039 
iter: 1  value: 3042.482 mgc: 0.005454867 ustep: 1 
iter: 2  value: 3042.482 mgc: 8.456426e-08 ustep: 1 
iter: 3  mgc: 8.596013e-11 
outer mgc:  0.03466626 
iter: 1  value: 3042.484 mgc: 0.002880119 ustep: 1 
iter: 2  value: 3042.484 mgc: 3.630934e-08 ustep: 1 
iter: 3  mgc: 1.515259e-10 
outer mgc:  0.01981348 
iter: 1  value: 3042.483 mgc: 0.002878099 ustep: 1 
iter: 2  value: 3042.483 mgc: 3.624673e-08 ustep: 1 
iter: 3  mgc: 1.59516e-10 
outer mgc:  0.01998951 
iter: 1  value: 3042.483 mgc: 0.004332723 ustep: 1 
iter: 2  value: 3042.483 mgc: 1.216301e-07 ustep: 1 
iter: 3  mgc: 8.680917e-11 
outer mgc:  0.02380878 
iter: 1  value: 3042.483 mgc: 0.004328926 ustep: 1 
iter: 2  value: 3042.483 mgc: 1.216244e-07 ustep: 1 
iter: 3  mgc: 1.782388e-10 
outer mgc:  0.02361228 
iter: 1  value: 3042.483 mgc: 0.001641178 ustep: 1 
iter: 2  value: 3042.483 mgc: 2.871804e-08 ustep: 1 
iter: 3  mgc: 1.637846e-10 
outer mgc:  0.01014376 
iter: 1  value: 3042.483 mgc: 0.00163956 ustep: 1 
iter: 2  value: 3042.483 mgc: 2.866408e-08 ustep: 1 
iter: 3  mgc: 7.362222e-11 
outer mgc:  0.009981906 
iter: 1  value: 3042.482 mgc: 0.003242182 ustep: 1 
iter: 2  value: 3042.482 mgc: 4.380352e-07 ustep: 1 
iter: 3  mgc: 1.065055e-10 
outer mgc:  0.01282086 
iter: 1  value: 3042.484 mgc: 0.003239005 ustep: 1 
iter: 2  value: 3042.484 mgc: 4.377199e-07 ustep: 1 
iter: 3  mgc: 1.064187e-10 
outer mgc:  0.01249521 
iter: 1  value: 3042.483 mgc: 0.001562012 ustep: 1 
iter: 2  value: 3042.483 mgc: 1.103394e-07 ustep: 1 
iter: 3  mgc: 1.320374e-10 
outer mgc:  0.006974789 
iter: 1  value: 3042.484 mgc: 0.001560764 ustep: 1 
iter: 2  value: 3042.484 mgc: 1.102119e-07 ustep: 1 
iter: 3  mgc: 1.135763e-10 
outer mgc:  0.006771361 
iter: 1  value: 3042.482 mgc: 0.005447009 ustep: 1 
iter: 2  value: 3042.482 mgc: 2.965023e-07 ustep: 1 
iter: 3  mgc: 1.529994e-10 
outer mgc:  0.02450383 
iter: 1  value: 3042.484 mgc: 0.005443258 ustep: 1 
iter: 2  value: 3042.484 mgc: 2.967545e-07 ustep: 1 
iter: 3  mgc: 1.146319e-10 
outer mgc:  0.02447784 
iter: 1  value: 3042.483 mgc: 0.002735704 ustep: 1 
iter: 2  value: 3042.483 mgc: 8.762177e-08 ustep: 1 
iter: 3  mgc: 9.934342e-11 
outer mgc:  0.01576902 
iter: 1  value: 3042.483 mgc: 0.002733833 ustep: 1 
iter: 2  value: 3042.483 mgc: 8.755164e-08 ustep: 1 
iter: 3  mgc: 8.388185e-11 
outer mgc:  0.01574741 
iter: 1  value: 3042.49 mgc: 529.8977 ustep: 1 
iter: 2  value: 3042.49 mgc: 4.416396e-07 ustep: 1 
iter: 3  mgc: 1.335279e-10 
outer mgc:  0.008430056 
iter: 1  value: 3042.477 mgc: 530.4279 ustep: 1 
iter: 2  value: 3042.477 mgc: 4.417152e-07 ustep: 1 
iter: 3  mgc: 1.216568e-10 
outer mgc:  0.008205286 
iter: 1  value: 3042.492 mgc: 37.13301 ustep: 1 
iter: 2  value: 3042.492 mgc: 1.58722e-07 ustep: 1 
iter: 3  mgc: 9.515144e-11 
outer mgc:  0.001582691 
iter: 1  value: 3042.474 mgc: 37.17017 ustep: 1 
iter: 2  value: 3042.474 mgc: 1.584977e-07 ustep: 1 
iter: 3  mgc: 8.267137e-11 
outer mgc:  0.001222202 
iter: 1  value: 3042.491 mgc: 589.0843 ustep: 1 
iter: 2  value: 3042.491 mgc: 6.152233e-07 ustep: 1 
iter: 3  mgc: 1.568046e-10 
outer mgc:  0.006548761 
iter: 1  value: 3042.475 mgc: 590.8542 ustep: 1 
iter: 2  value: 3042.475 mgc: 6.147877e-07 ustep: 1 
iter: 3  mgc: 2.067404e-10 
outer mgc:  0.006544139 
iter: 1  value: 3042.49 mgc: 31.60222 ustep: 1 
iter: 2  value: 3042.49 mgc: 7.241306e-07 ustep: 1 
iter: 3  mgc: 6.538414e-11 
outer mgc:  0.003047839 
iter: 1  value: 3042.476 mgc: 31.63384 ustep: 1 
iter: 2  value: 3042.476 mgc: 7.23503e-07 ustep: 1 
iter: 3  mgc: 1.279615e-10 
outer mgc:  0.002985068 
iter: 1  value: 3042.49 mgc: 10.89824 ustep: 1 
iter: 2  value: 3042.49 mgc: 6.043425e-07 ustep: 1 
iter: 3  mgc: 7.734102e-11 
outer mgc:  0.003438479 
iter: 1  value: 3042.476 mgc: 10.90914 ustep: 1 
iter: 2  value: 3042.476 mgc: 6.038885e-07 ustep: 1 
iter: 3  mgc: 9.049425e-11 
outer mgc:  0.00336645 
iter: 1  value: 3042.488 mgc: 22.96158 ustep: 1 
iter: 2  value: 3042.488 mgc: 5.226933e-08 ustep: 1 
mgc: 1.092711e-10 
outer mgc:  0.000595264 
iter: 1  value: 3042.478 mgc: 22.96403 ustep: 1 
iter: 2  value: 3042.478 mgc: 5.215971e-08 ustep: 1 
mgc: 1.653191e-10 
outer mgc:  0.0005716868 
iter: 1  value: 3042.483 mgc: 0.4878086 ustep: 1 
iter: 2  mgc: 1.391441e-10 
outer mgc:  0.0003078917 
iter: 1  value: 3042.483 mgc: 0.4877858 ustep: 1 
iter: 2  mgc: 1.437919e-10 
outer mgc:  0.000307883 
iter: 1  value: 3042.483 mgc: 12.74081 ustep: 1 
iter: 2  mgc: 3.444245e-10 
outer mgc:  0.0003079014 
iter: 1  value: 3042.483 mgc: 12.74072 ustep: 1 
iter: 2  mgc: 3.548882e-10 
outer mgc:  0.0003078708 
iter: 1  value: 3042.483 mgc: 0.6776656 ustep: 1 
iter: 2  mgc: 1.187215e-10 
outer mgc:  0.0003077717 
iter: 1  value: 3042.483 mgc: 0.6776558 ustep: 1 
iter: 2  mgc: 1.606052e-10 
outer mgc:  0.0003079803 
iter: 1  value: 3042.483 mgc: 0.8130281 ustep: 1 
iter: 2  mgc: 2.248597e-10 
outer mgc:  0.00030788 
iter: 1  value: 3042.483 mgc: 0.8130209 ustep: 1 
iter: 2  mgc: 1.065874e-10 
outer mgc:  0.0003078652 
iter: 1  value: 3042.483 mgc: 0.320537 ustep: 1 
iter: 2  mgc: 1.575813e-10 
outer mgc:  0.0003081143 
iter: 1  value: 3042.483 mgc: 0.3206176 ustep: 1 
iter: 2  mgc: 9.973422e-11 
outer mgc:  0.0003076529 
iter: 1  value: 3042.483 mgc: 0.319603 ustep: 1 
iter: 2  mgc: 2.706262e-10 
outer mgc:  0.0003082227 
iter: 1  value: 3042.483 mgc: 0.3195898 ustep: 1 
iter: 2  mgc: 2.740954e-10 
outer mgc:  0.0003075155 
iter: 1  value: 3042.483 mgc: 0.1122418 ustep: 1 
iter: 2  mgc: 2.034071e-10 
outer mgc:  0.0003080212 
iter: 1  value: 3042.483 mgc: 0.1122415 ustep: 1 
iter: 2  mgc: 1.045919e-10 
outer mgc:  0.0003077379 
iter: 1  value: 3042.483 mgc: 0.1339548 ustep: 1 
iter: 2  mgc: 9.398365e-11 
outer mgc:  0.0003080435 
iter: 1  value: 3042.483 mgc: 0.1340311 ustep: 1 
iter: 2  mgc: 2.047886e-10 
outer mgc:  0.0003077295 
iter: 1  value: 3042.483 mgc: 0.03636971 ustep: 1 
iter: 2  mgc: 1.646954e-10 
outer mgc:  0.0003078688 
iter: 1  value: 3042.483 mgc: 0.03640301 ustep: 1 
iter: 2  mgc: 2.327438e-10 
outer mgc:  0.0003078987 
iter: 1  value: 3042.479 mgc: 0.004046719 ustep: 1 
iter: 2  value: 3042.479 mgc: 1.913341e-07 ustep: 1 
iter: 3  mgc: 1.045186e-10 
outer mgc:  0.03471692 
iter: 1  value: 3042.487 mgc: 0.004043776 ustep: 1 
iter: 2  value: 3042.487 mgc: 1.910236e-07 ustep: 1 
iter: 3  mgc: 1.91385e-10 
outer mgc:  0.03444933 
[Fri Aug 13 09:06:00 2021]
Finished job 0.
1 of 1 steps (100%) done
