Building DAG of jobs...
Using shell: /usr/bin/bash
Provided cores: 1 (use --cores to define parallelism)
Rules claiming more threads will be scaled down.
Job counts:
	count	jobs
	1	inference_simulation_TMB_multiple
	1

[Mon Aug 16 00:05:46 2021]
rule inference_simulation_TMB_multiple:
    input: ../data/assessing_models_simulation/datasets/multiple_GenerationJnorm3_50_100_80_3_0.6_NA_NA_NA_dataset1.RDS
    output: ../data/assessing_models_simulation/inference_results/TMB/nlminb/multiple_GenerationJnorm3_50_100_80_3_0.6_diagREDM_NA_NA_NA_dataset1.RDS
    log: logs/inference/nlminb/simulation_GenerationJnorm3_50_100_80_3_0.6_ModeldiagREDM_NA_NA_NA_dataset1.log
    jobid: 0
    wildcards: optimiser=nlminb, datasetgeneration=GenerationJnorm3, n=50, nlambda=100, lmbda=80, d=3, beta_intensity=0.6, model=diagREDM, fixed_beta_intercept=NA, fixed_beta_slope=NA, sdRE_input=NA, itnum=1

Rscript 2_inference_TMB/run_TMB.R --input ../data/assessing_models_simulation/datasets/multiple_GenerationJnorm3_50_100_80_3_0.6_NA_NA_NA_dataset1.RDS --output ../data/assessing_models_simulation/inference_results/TMB/nlminb/multiple_GenerationJnorm3_50_100_80_3_0.6_diagREDM_NA_NA_NA_dataset1.RDS --model diagREDM --optimiser nlminb
Model: diagREDM 
Feature type: signatures 
Using nlminb: TRUE 
Simulation boolean: TRUE 
make: Nothing to be done for 'all'.
../data/assessing_models_simulation/datasets/multiple_GenerationJnorm3_50_100_80_3_0.6_NA_NA_NA_dataset1.RDS[1] "../data/assessing_models_simulation/datasets/multiple_GenerationJnorm3_50_100_80_3_0.6_NA_NA_NA_dataset1.RDS"
Reading file ../data/assessing_models_simulation/datasets/multiple_GenerationJnorm3_50_100_80_3_0.6_NA_NA_NA_dataset1.RDS 
Loading required package: nnet
# weights:  9 (4 variable)
initial  value 10863.078310 
final  value 10324.082441 
converged
Constructing atomic invpd
Constructing atomic D_lgamma
Constructing atomic invpd
Constructing atomic D_lgamma
Constructing atomic matmul
Constructing atomic invpd
Constructing atomic D_lgamma
Constructing atomic matmul
Optimizing tape... Done
iter: 1  value: 10688.86 mgc: 71.49081 ustep: 1 
iter: 2  value: 10661.59 mgc: 14.48948 ustep: 1 
iter: 3  value: 10661.49 mgc: 0.956737 ustep: 1 
iter: 4  value: 10661.49 mgc: 0.01495181 ustep: 1 
iter: 5  value: 10661.49 mgc: 9.777738e-06 ustep: 0.989901 
iter: 6  value: 10661.49 mgc: 1.680712e-08 ustep: 0.9949382 
mgc: 2.14494e-11 
iter: 1  mgc: 2.14494e-11 
Matching hessian patterns... Done
outer mgc:  711.6057 
iter: 1  value: 10221.53 mgc: 36.2435 ustep: 1 
iter: 2  value: 10213.58 mgc: 6.998956 ustep: 1 
iter: 3  value: 10213.57 mgc: 0.2364595 ustep: 1 
iter: 4  value: 10213.57 mgc: 0.0003217839 ustep: 1 
iter: 5  mgc: 5.989088e-10 
iter: 1  mgc: 5.989088e-10 
outer mgc:  71.25197 
iter: 1  value: 10244.67 mgc: 18.74369 ustep: 1 
iter: 2  value: 10241.59 mgc: 2.260222 ustep: 1 
iter: 3  value: 10241.59 mgc: 0.033794 ustep: 1 
iter: 4  value: 10241.59 mgc: 2.965456e-05 ustep: 1 
iter: 5  mgc: 3.047346e-11 
iter: 1  value: 10197.54 mgc: 7.004361 ustep: 1 
iter: 2  value: 10197.48 mgc: 0.3180094 ustep: 1 
iter: 3  value: 10197.48 mgc: 0.0007391474 ustep: 1 
iter: 4  value: 10197.48 mgc: 1.251912e-08 ustep: 1 
mgc: 7.917222e-12 
iter: 1  mgc: 7.917222e-12 
outer mgc:  62.7673 
iter: 1  value: 10218.96 mgc: 13.90939 ustep: 1 
iter: 2  value: 10218.94 mgc: 0.4161404 ustep: 1 
iter: 3  value: 10218.94 mgc: 0.0009917948 ustep: 1 
iter: 4  mgc: 6.051749e-09 
iter: 1  value: 10193.28 mgc: 4.306985 ustep: 1 
iter: 2  value: 10193.28 mgc: 0.04758632 ustep: 1 
iter: 3  value: 10193.28 mgc: 1.193138e-05 ustep: 1 
iter: 4  mgc: 9.732604e-12 
iter: 1  mgc: 9.732604e-12 
outer mgc:  20.50692 
iter: 1  value: 10190.58 mgc: 2.781012 ustep: 1 
iter: 2  value: 10190.58 mgc: 0.03263358 ustep: 1 
iter: 3  value: 10190.58 mgc: 3.622142e-06 ustep: 1 
iter: 4  mgc: 1.164985e-11 
iter: 1  mgc: 1.164985e-11 
outer mgc:  28.07587 
iter: 1  value: 10183.63 mgc: 4.926785 ustep: 1 
iter: 2  value: 10183.63 mgc: 0.0987445 ustep: 1 
iter: 3  value: 10183.63 mgc: 0.0001010877 ustep: 1 
iter: 4  mgc: 2.573126e-10 
iter: 1  value: 10175.51 mgc: 3.000871 ustep: 1 
iter: 2  value: 10175.5 mgc: 0.09153879 ustep: 1 
iter: 3  value: 10175.5 mgc: 0.0001292441 ustep: 1 
iter: 4  mgc: 7.624927e-10 
iter: 1  value: 10154.31 mgc: 14.92893 ustep: 1 
iter: 2  value: 10141.39 mgc: 3.608912 ustep: 1 
iter: 3  value: 10141.37 mgc: 0.1448389 ustep: 1 
iter: 4  value: 10141.37 mgc: 0.0004910147 ustep: 1 
iter: 5  value: 10141.37 mgc: 1.133086e-08 ustep: 1 
mgc: 6.339262e-12 
iter: 1  value: 10489.31 mgc: 23.63954 ustep: 1 
iter: 2  value: 10457.31 mgc: 6.354253 ustep: 1 
iter: 3  value: 10457.26 mgc: 0.3548917 ustep: 1 
iter: 4  value: 10457.26 mgc: 0.001315173 ustep: 1 
iter: 5  value: 10457.26 mgc: 1.867871e-08 ustep: 1 
mgc: 1.127054e-11 
iter: 1  mgc: 6.339262e-12 
outer mgc:  15.14542 
iter: 1  value: 10165.58 mgc: 9.704867 ustep: 1 
iter: 2  value: 10165.52 mgc: 0.3592624 ustep: 1 
iter: 3  value: 10165.52 mgc: 0.0006905145 ustep: 1 
iter: 4  mgc: 3.141044e-09 
iter: 1  value: 10134.03 mgc: 2.890016 ustep: 1 
iter: 2  value: 10134.03 mgc: 0.04656287 ustep: 1 
iter: 3  value: 10134.03 mgc: 1.76917e-05 ustep: 1 
iter: 4  mgc: 1.308481e-11 
iter: 1  mgc: 1.308481e-11 
outer mgc:  52.13853 
iter: 1  value: 10122.64 mgc: 7.088153 ustep: 1 
iter: 2  value: 10122.63 mgc: 0.2318904 ustep: 1 
iter: 3  value: 10122.63 mgc: 0.0002042487 ustep: 1 
iter: 4  mgc: 1.986042e-10 
iter: 1  mgc: 1.986042e-10 
outer mgc:  66.08711 
iter: 1  value: 10116.18 mgc: 20.42811 ustep: 1 
iter: 2  value: 10115.84 mgc: 1.134286 ustep: 1 
iter: 3  value: 10115.84 mgc: 0.00598459 ustep: 1 
iter: 4  value: 10115.84 mgc: 1.779967e-07 ustep: 1 
mgc: 8.505419e-12 
iter: 1  mgc: 8.505419e-12 
outer mgc:  49.75822 
iter: 1  value: 10120.76 mgc: 32.60528 ustep: 1 
iter: 2  value: 10117.62 mgc: 4.511275 ustep: 1 
iter: 3  value: 10117.62 mgc: 0.08478405 ustep: 1 
iter: 4  value: 10117.62 mgc: 3.285671e-05 ustep: 1 
iter: 5  mgc: 6.456391e-12 
iter: 1  value: 10109.66 mgc: 16.14829 ustep: 1 
iter: 2  value: 10109.53 mgc: 0.8780893 ustep: 1 
iter: 3  value: 10109.53 mgc: 0.003492652 ustep: 1 
iter: 4  value: 10109.53 mgc: 5.75719e-08 ustep: 1 
mgc: 6.257217e-12 
iter: 1  mgc: 6.257217e-12 
outer mgc:  8.065846 
iter: 1  value: 10107.88 mgc: 1.750968 ustep: 1 
iter: 2  value: 10107.88 mgc: 0.02309435 ustep: 1 
iter: 3  value: 10107.88 mgc: 1.205344e-05 ustep: 1 
iter: 4  mgc: 7.656986e-12 
iter: 1  mgc: 7.656986e-12 
outer mgc:  8.537422 
iter: 1  value: 10109.96 mgc: 7.062764 ustep: 1 
iter: 2  value: 10109.96 mgc: 0.09754325 ustep: 1 
iter: 3  value: 10109.96 mgc: 3.507661e-05 ustep: 1 
iter: 4  mgc: 6.197487e-12 
iter: 1  value: 10107.68 mgc: 0.7507552 ustep: 1 
iter: 2  value: 10107.68 mgc: 0.002386983 ustep: 1 
iter: 3  value: 10107.68 mgc: 5.546579e-08 ustep: 1 
mgc: 5.079714e-12 
iter: 1  mgc: 5.079714e-12 
outer mgc:  6.474059 
iter: 1  value: 10107.58 mgc: 0.7626622 ustep: 1 
iter: 2  value: 10107.58 mgc: 0.001087534 ustep: 1 
iter: 3  mgc: 4.609182e-09 
iter: 1  mgc: 4.609182e-09 
outer mgc:  6.920997 
iter: 1  value: 10107.51 mgc: 0.7121156 ustep: 1 
iter: 2  value: 10107.51 mgc: 0.001248931 ustep: 1 
iter: 3  mgc: 6.929759e-09 
iter: 1  mgc: 6.929759e-09 
outer mgc:  1.943988 
iter: 1  value: 10107.65 mgc: 2.417891 ustep: 1 
iter: 2  value: 10107.65 mgc: 0.01770267 ustep: 1 
iter: 3  value: 10107.65 mgc: 1.380164e-06 ustep: 1 
iter: 4  mgc: 6.732503e-12 
iter: 1  value: 10107.5 mgc: 0.4986495 ustep: 1 
iter: 2  value: 10107.5 mgc: 0.0007334851 ustep: 1 
iter: 3  mgc: 2.357661e-09 
iter: 1  mgc: 2.357661e-09 
outer mgc:  1.413428 
iter: 1  value: 10107.49 mgc: 0.1011392 ustep: 1 
iter: 2  value: 10107.49 mgc: 2.293358e-05 ustep: 1 
iter: 3  mgc: 7.530643e-12 
iter: 1  mgc: 7.530643e-12 
outer mgc:  0.7018539 
iter: 1  value: 10107.49 mgc: 0.1112144 ustep: 1 
iter: 2  value: 10107.49 mgc: 2.711763e-05 ustep: 1 
iter: 3  mgc: 6.769252e-12 
iter: 1  value: 10107.46 mgc: 0.06021325 ustep: 1 
iter: 2  value: 10107.46 mgc: 1.158077e-05 ustep: 1 
iter: 3  mgc: 3.413048e-12 
iter: 1  value: 10107.36 mgc: 0.2299766 ustep: 1 
iter: 2  value: 10107.36 mgc: 0.0001690791 ustep: 1 
iter: 3  mgc: 1.280789e-10 
iter: 1  value: 10107 mgc: 0.6829958 ustep: 1 
iter: 2  value: 10107 mgc: 0.001451952 ustep: 1 
iter: 3  mgc: 9.672816e-09 
iter: 1  mgc: 9.672816e-09 
outer mgc:  2.602522 
iter: 1  value: 10101.41 mgc: 4.095177 ustep: 1 
iter: 2  value: 10101.41 mgc: 0.09399889 ustep: 1 
iter: 3  value: 10101.41 mgc: 0.0001474102 ustep: 1 
iter: 4  mgc: 2.424043e-10 
iter: 1  mgc: 2.424043e-10 
outer mgc:  9.723634 
iter: 1  value: 10567.33 mgc: 12.61221 ustep: 1 
iter: 2  value: 10567.32 mgc: 0.1412264 ustep: 1 
iter: 3  value: 10567.32 mgc: 9.091773e-05 ustep: 1 
iter: 4  mgc: 1.365197e-10 
iter: 1  value: 10104.66 mgc: 1.697913 ustep: 1 
iter: 2  value: 10104.66 mgc: 0.02039454 ustep: 1 
iter: 3  value: 10104.66 mgc: 5.659899e-06 ustep: 1 
iter: 4  mgc: 2.304823e-13 
iter: 1  mgc: 2.304823e-13 
outer mgc:  11.32642 
iter: 1  value: 10120.35 mgc: 9.549925 ustep: 1 
iter: 2  value: 10119.41 mgc: 1.580088 ustep: 1 
iter: 3  value: 10119.41 mgc: 0.02498426 ustep: 1 
iter: 4  value: 10119.41 mgc: 7.991577e-06 ustep: 1 
iter: 5  mgc: 8.417711e-13 
iter: 1  value: 10103.75 mgc: 2.736025 ustep: 1 
iter: 2  value: 10103.74 mgc: 0.08941417 ustep: 1 
iter: 3  value: 10103.74 mgc: 0.000104845 ustep: 1 
iter: 4  mgc: 1.492668e-10 
iter: 1  mgc: 1.492668e-10 
outer mgc:  15.50068 
iter: 1  value: 10103.22 mgc: 2.33462 ustep: 1 
iter: 2  value: 10103.22 mgc: 0.03372099 ustep: 1 
iter: 3  value: 10103.22 mgc: 1.132938e-05 ustep: 1 
iter: 4  mgc: 1.5552e-12 
iter: 1  mgc: 1.5552e-12 
outer mgc:  19.37168 
iter: 1  value: 10103.14 mgc: 1.700612 ustep: 1 
iter: 2  value: 10103.14 mgc: 0.03133229 ustep: 1 
iter: 3  value: 10103.14 mgc: 1.235594e-05 ustep: 1 
iter: 4  mgc: 2.108091e-12 
iter: 1  mgc: 2.108091e-12 
outer mgc:  11.49283 
iter: 1  value: 10102.4 mgc: 1.859523 ustep: 1 
iter: 2  value: 10102.4 mgc: 0.01758843 ustep: 1 
iter: 3  value: 10102.4 mgc: 3.806695e-06 ustep: 1 
iter: 4  mgc: 1.699682e-13 
iter: 1  mgc: 1.699682e-13 
outer mgc:  12.66247 
iter: 1  value: 10095.79 mgc: 2.166935 ustep: 1 
iter: 2  value: 10095.79 mgc: 0.03508906 ustep: 1 
iter: 3  value: 10095.79 mgc: 1.403159e-05 ustep: 1 
iter: 4  mgc: 1.058265e-12 
iter: 1  mgc: 1.058265e-12 
outer mgc:  10.23561 
iter: 1  value: 10092.87 mgc: 2.806007 ustep: 1 
iter: 2  value: 10092.86 mgc: 0.06800009 ustep: 1 
iter: 3  value: 10092.86 mgc: 2.957764e-05 ustep: 1 
iter: 4  mgc: 8.067769e-12 
iter: 1  mgc: 8.067769e-12 
outer mgc:  17.88056 
iter: 1  value: 10087.03 mgc: 2.559741 ustep: 1 
iter: 2  value: 10087.03 mgc: 0.01718081 ustep: 1 
iter: 3  value: 10087.03 mgc: 1.412427e-06 ustep: 1 
iter: 4  mgc: 2.364775e-14 
iter: 1  mgc: 2.364775e-14 
outer mgc:  8.352616 
iter: 1  value: 10086.96 mgc: 3.903402 ustep: 1 
iter: 2  value: 10086.96 mgc: 0.03167423 ustep: 1 
iter: 3  value: 10086.96 mgc: 3.414822e-06 ustep: 1 
iter: 4  mgc: 2.753353e-14 
iter: 1  value: 10085.97 mgc: 0.9578655 ustep: 1 
iter: 2  value: 10085.97 mgc: 0.003024573 ustep: 1 
iter: 3  value: 10085.97 mgc: 3.626107e-08 ustep: 1 
mgc: 2.831069e-14 
iter: 1  mgc: 2.831069e-14 
outer mgc:  8.64555 
iter: 1  value: 10083.88 mgc: 0.798747 ustep: 1 
iter: 2  value: 10083.88 mgc: 0.003396869 ustep: 1 
iter: 3  value: 10083.88 mgc: 5.686235e-08 ustep: 1 
mgc: 2.131628e-14 
iter: 1  mgc: 2.131628e-14 
outer mgc:  4.100944 
iter: 1  value: 10081.8 mgc: 0.5392507 ustep: 1 
iter: 2  value: 10081.8 mgc: 0.001164932 ustep: 1 
iter: 3  mgc: 7.748119e-09 
iter: 1  mgc: 7.748119e-09 
outer mgc:  4.526114 
iter: 1  value: 10078.12 mgc: 1.890953 ustep: 1 
iter: 2  value: 10078.12 mgc: 0.007796353 ustep: 1 
iter: 3  value: 10078.12 mgc: 1.857755e-07 ustep: 1 
iter: 4  mgc: 2.231548e-14 
iter: 1  mgc: 2.231548e-14 
outer mgc:  11.91839 
iter: 1  value: 10072.55 mgc: 1.196048 ustep: 1 
iter: 2  value: 10072.55 mgc: 0.003817849 ustep: 1 
iter: 3  value: 10072.55 mgc: 3.653421e-08 ustep: 1 
mgc: 2.131628e-14 
iter: 1  value: 10061.57 mgc: 3.383303 ustep: 1 
iter: 2  value: 10061.57 mgc: 0.01442009 ustep: 1 
iter: 3  value: 10061.57 mgc: 3.931573e-07 ustep: 1 
iter: 4  mgc: 2.442491e-14 
iter: 1  mgc: 2.442491e-14 
outer mgc:  9.178887 
iter: 1  value: 10044.91 mgc: 5.517158 ustep: 1 
iter: 2  value: 10044.91 mgc: 0.01649811 ustep: 1 
iter: 3  value: 10044.91 mgc: 2.592061e-07 ustep: 1 
mgc: 1.687539e-14 
iter: 1  mgc: 1.687539e-14 
outer mgc:  3.640358 
iter: 1  value: 10024.99 mgc: 5.737967 ustep: 1 
iter: 2  value: 10024.99 mgc: 0.006244072 ustep: 1 
iter: 3  value: 10024.99 mgc: 2.195446e-08 ustep: 1 
mgc: 1.909584e-14 
iter: 1  mgc: 1.909584e-14 
outer mgc:  5.269162 
iter: 1  value: 10004.73 mgc: 6.992609 ustep: 1 
iter: 2  value: 10004.73 mgc: 0.006982487 ustep: 1 
iter: 3  value: 10004.73 mgc: 2.562259e-08 ustep: 1 
mgc: 2.065015e-14 
iter: 1  mgc: 2.065015e-14 
outer mgc:  3.798581 
iter: 1  value: 9989.622 mgc: 4.441059 ustep: 1 
iter: 2  value: 9989.622 mgc: 0.002160459 ustep: 1 
iter: 3  mgc: 1.757499e-09 
iter: 1  mgc: 1.757499e-09 
outer mgc:  0.6074363 
iter: 1  value: 9975.9 mgc: 3.892534 ustep: 1 
iter: 2  value: 9975.9 mgc: 0.0009745872 ustep: 1 
iter: 3  mgc: 2.67784e-10 
iter: 1  mgc: 2.67784e-10 
outer mgc:  0.6516393 
iter: 1  value: 9963.694 mgc: 3.45866 ustep: 1 
iter: 2  value: 9963.694 mgc: 0.0005923876 ustep: 1 
iter: 3  mgc: 7.61613e-11 
iter: 1  mgc: 7.61613e-11 
outer mgc:  0.2205738 
iter: 1  value: 9955.464 mgc: 2.234162 ustep: 1 
iter: 2  value: 9955.464 mgc: 0.0001954575 ustep: 1 
iter: 3  mgc: 6.950884e-12 
iter: 1  mgc: 6.950884e-12 
outer mgc:  0.1412171 
iter: 1  value: 9949.644 mgc: 1.593873 ustep: 1 
iter: 2  value: 9949.644 mgc: 6.601721e-05 ustep: 1 
iter: 3  mgc: 7.034373e-13 
iter: 1  mgc: 7.034373e-13 
outer mgc:  0.1414428 
iter: 1  value: 9944.055 mgc: 1.621013 ustep: 1 
iter: 2  value: 9944.055 mgc: 3.952469e-05 ustep: 1 
iter: 3  mgc: 2.220446e-13 
iter: 1  mgc: 2.220446e-13 
outer mgc:  0.1398013 
iter: 1  value: 9936.794 mgc: 2.437291 ustep: 1 
iter: 2  value: 9936.794 mgc: 2.015054e-05 ustep: 1 
iter: 3  mgc: 5.329071e-14 
iter: 1  mgc: 5.329071e-14 
outer mgc:  0.1394936 
iter: 1  value: 9926.087 mgc: 4.615276 ustep: 1 
iter: 2  value: 9926.087 mgc: 1.840829e-05 ustep: 1 
iter: 3  mgc: 2.309264e-14 
iter: 1  mgc: 2.309264e-14 
outer mgc:  0.1390048 
iter: 1  value: 9908.777 mgc: 11.78425 ustep: 1 
iter: 2  value: 9908.777 mgc: 0.000573183 ustep: 1 
iter: 3  mgc: 6.500755e-11 
iter: 1  mgc: 6.500755e-11 
outer mgc:  0.1558399 
iter: 1  value: 9873.223 mgc: 62.01136 ustep: 1 
iter: 2  value: 9873.223 mgc: 0.02095407 ustep: 1 
iter: 3  value: 9873.223 mgc: 2.941579e-07 ustep: 1 
mgc: 1.998401e-14 
iter: 1  mgc: 1.998401e-14 
outer mgc:  0.2666344 
iter: 1  value: 9888.3 mgc: 5.26046 ustep: 1 
iter: 2  value: 9888.3 mgc: 0.007013096 ustep: 1 
iter: 3  value: 9888.3 mgc: 1.783271e-08 ustep: 1 
mgc: 2.04281e-14 
iter: 1  mgc: 2.04281e-14 
outer mgc:  0.07361104 
iter: 1  value: 9882.22 mgc: 3.647521 ustep: 1 
iter: 2  value: 9882.22 mgc: 0.0006005646 ustep: 1 
iter: 3  mgc: 1.604175e-10 
iter: 1  mgc: 1.604175e-10 
outer mgc:  0.02345695 
iter: 1  value: 9877.867 mgc: 2.273777 ustep: 1 
iter: 2  value: 9877.867 mgc: 0.0002125695 ustep: 1 
iter: 3  mgc: 2.243183e-11 
iter: 1  mgc: 2.243183e-11 
outer mgc:  0.01424785 
iter: 1  value: 9877.683 mgc: 0.1507788 ustep: 1 
iter: 2  value: 9877.683 mgc: 1.094859e-05 ustep: 1 
iter: 3  mgc: 6.217249e-14 
iter: 1  mgc: 6.217249e-14 
outer mgc:  0.007587011 
iter: 1  value: 9877.178 mgc: 0.158678 ustep: 1 
iter: 2  value: 9877.178 mgc: 1.652753e-07 ustep: 1 
mgc: 1.648681e-14 
iter: 1  value: 9875.985 mgc: 0.3800382 ustep: 1 
iter: 2  value: 9875.985 mgc: 9.204101e-07 ustep: 1 
iter: 3  mgc: 1.881828e-14 
iter: 1  mgc: 1.881828e-14 
outer mgc:  0.00440586 
iter: 1  value: 9869.523 mgc: 2.411769 ustep: 1 
iter: 2  value: 9869.523 mgc: 4.526127e-06 ustep: 1 
iter: 3  mgc: 1.98036e-14 
iter: 1  mgc: 1.98036e-14 
outer mgc:  0.004885797 
iter: 1  value: 9854.59 mgc: 6.843092 ustep: 1 
iter: 2  value: 9854.59 mgc: 2.872298e-06 ustep: 1 
iter: 3  mgc: 2.020606e-14 
iter: 1  mgc: 2.020606e-14 
outer mgc:  0.008689431 
iter: 1  value: 9839.914 mgc: 6.839919 ustep: 1 
iter: 2  value: 9839.914 mgc: 4.033386e-07 ustep: 1 
mgc: 2.485512e-14 
iter: 1  mgc: 2.485512e-14 
outer mgc:  0.006992945 
iter: 1  value: 9821.25 mgc: 9.592884 ustep: 1 
iter: 2  value: 9821.25 mgc: 3.569277e-06 ustep: 1 
iter: 3  mgc: 2.398082e-14 
iter: 1  mgc: 2.398082e-14 
outer mgc:  0.002059224 
iter: 1  value: 9805.811 mgc: 7.350555 ustep: 1 
iter: 2  value: 9805.811 mgc: 1.239816e-06 ustep: 1 
iter: 3  mgc: 2.309264e-14 
iter: 1  mgc: 2.309264e-14 
outer mgc:  0.0008909702 
iter: 1  value: 9791.063 mgc: 6.865545 ustep: 1 
iter: 2  value: 9791.063 mgc: 9.554856e-08 ustep: 1 
mgc: 2.4869e-14 
iter: 1  mgc: 2.4869e-14 
outer mgc:  0.001723243 
iter: 1  value: 9776.264 mgc: 6.86658 ustep: 1 
iter: 2  value: 9776.264 mgc: 2.470918e-08 ustep: 1 
mgc: 2.04281e-14 
iter: 1  mgc: 2.04281e-14 
outer mgc:  0.001314621 
iter: 1  value: 9757.566 mgc: 9.445589 ustep: 1 
iter: 2  value: 9757.566 mgc: 1.372448e-07 ustep: 1 
mgc: 1.865175e-14 
iter: 1  mgc: 1.865175e-14 
outer mgc:  0.0003401708 
iter: 1  value: 9741.416 mgc: 7.715851 ustep: 1 
iter: 2  value: 9741.416 mgc: 4.443337e-08 ustep: 1 
mgc: 2.153833e-14 
iter: 1  mgc: 2.153833e-14 
outer mgc:  0.0002131709 
iter: 1  value: 9725.284 mgc: 7.715367 ustep: 1 
iter: 2  mgc: 2.93881e-09 
iter: 1  mgc: 2.93881e-09 
outer mgc:  0.0003547235 
iter: 1  value: 9709.161 mgc: 7.715179 ustep: 1 
iter: 2  mgc: 1.804962e-09 
iter: 1  mgc: 1.804962e-09 
outer mgc:  0.0002423092 
iter: 1  value: 9693.042 mgc: 7.715225 ustep: 1 
iter: 2  mgc: 4.220118e-09 
iter: 1  mgc: 4.220118e-09 
outer mgc:  7.096323e-05 
iter: 1  mgc: 4.220118e-09 
iter: 1  mgc: 4.220118e-09 
outer mgc:  7.096323e-05 
iter: 1  value: 9693.043 mgc: 0.01333004 ustep: 1 
iter: 2  value: 9693.043 mgc: 2.934805e-08 ustep: 1 
mgc: 1.687539e-14 
outer mgc:  0.5530013 
iter: 1  value: 9693.041 mgc: 0.01332711 ustep: 1 
iter: 2  value: 9693.041 mgc: 2.922834e-08 ustep: 1 
mgc: 1.931788e-14 
outer mgc:  0.5528785 
iter: 1  value: 9693.042 mgc: 0.007058869 ustep: 1 
iter: 2  value: 9693.042 mgc: 1.001246e-08 ustep: 1 
mgc: 1.576517e-14 
outer mgc:  0.2843201 
iter: 1  value: 9693.042 mgc: 0.007056995 ustep: 1 
iter: 2  mgc: 9.978583e-09 
outer mgc:  0.2842719 
iter: 1  value: 9693.041 mgc: 0.0131794 ustep: 1 
iter: 2  value: 9693.041 mgc: 7.096866e-08 ustep: 1 
mgc: 1.665335e-14 
outer mgc:  0.5105684 
iter: 1  value: 9693.043 mgc: 0.01317716 ustep: 1 
iter: 2  value: 9693.043 mgc: 7.124522e-08 ustep: 1 
mgc: 2.087219e-14 
outer mgc:  0.5105675 
iter: 1  value: 9693.042 mgc: 0.007099691 ustep: 1 
iter: 2  value: 9693.042 mgc: 2.084653e-08 ustep: 1 
mgc: 2.131628e-14 
outer mgc:  0.3010978 
iter: 1  value: 9693.042 mgc: 0.0070993 ustep: 1 
iter: 2  value: 9693.042 mgc: 2.088675e-08 ustep: 1 
mgc: 2.206568e-14 
outer mgc:  0.3010245 
iter: 1  value: 9693.067 mgc: 0.008510419 ustep: 1 
mgc: 2.220446e-14 
outer mgc:  7.096342e-05 
iter: 1  value: 9693.017 mgc: 0.008518934 ustep: 1 
mgc: 2.398082e-14 
outer mgc:  7.096306e-05 
iter: 1  value: 9693.063 mgc: 0.008447034 ustep: 1 
iter: 2  value: 9693.063 mgc: 3.409614e-08 ustep: 1 
mgc: 2.309264e-14 
outer mgc:  0.001597944 
iter: 1  value: 9693.021 mgc: 0.008455493 ustep: 1 
iter: 2  value: 9693.021 mgc: 3.405501e-08 ustep: 1 
mgc: 2.398082e-14 
outer mgc:  0.001708073 
iter: 1  value: 9693.04 mgc: 0.0038282 ustep: 1 
iter: 2  mgc: 5.884241e-09 
outer mgc:  0.02860912 
iter: 1  value: 9693.043 mgc: 0.003826168 ustep: 1 
iter: 2  mgc: 5.871508e-09 
outer mgc:  0.02857174 
iter: 1  value: 9693.04 mgc: 0.005617919 ustep: 1 
iter: 2  value: 9693.04 mgc: 1.505932e-08 ustep: 1 
mgc: 1.598721e-14 
outer mgc:  0.02453081 
iter: 1  value: 9693.043 mgc: 0.005615523 ustep: 1 
iter: 2  value: 9693.043 mgc: 1.504276e-08 ustep: 1 
mgc: 1.687539e-14 
outer mgc:  0.02442672 
[Mon Aug 16 00:05:52 2021]
Finished job 0.
1 of 1 steps (100%) done
