Building DAG of jobs...
Using shell: /usr/bin/bash
Provided cores: 1 (use --cores to define parallelism)
Rules claiming more threads will be scaled down.
Job counts:
	count	jobs
	1	inference_simulation_TMB_multiple
	1

[Mon Aug 16 07:07:36 2021]
rule inference_simulation_TMB_multiple:
    input: ../data/assessing_models_simulation/datasets/multiple_GenerationJnorm3_20_100_80_5_0.02_NA_NA_NA_dataset1.RDS
    output: ../data/assessing_models_simulation/inference_results/TMB/nlminb/multiple_GenerationJnorm3_20_100_80_5_0.02_fullREDMsinglelambda_NA_NA_NA_dataset1.RDS
    log: logs/inference/nlminb/simulation_GenerationJnorm3_20_100_80_5_0.02_ModelfullREDMsinglelambda_NA_NA_NA_dataset1.log
    jobid: 0
    wildcards: optimiser=nlminb, datasetgeneration=GenerationJnorm3, n=20, nlambda=100, lmbda=80, d=5, beta_intensity=0.02, model=fullREDMsinglelambda, fixed_beta_intercept=NA, fixed_beta_slope=NA, sdRE_input=NA, itnum=1

Rscript 2_inference_TMB/run_TMB.R --input ../data/assessing_models_simulation/datasets/multiple_GenerationJnorm3_20_100_80_5_0.02_NA_NA_NA_dataset1.RDS --output ../data/assessing_models_simulation/inference_results/TMB/nlminb/multiple_GenerationJnorm3_20_100_80_5_0.02_fullREDMsinglelambda_NA_NA_NA_dataset1.RDS --model fullREDMsinglelambda --optimiser nlminb
Model: fullREDMsinglelambda 
Feature type: signatures 
Using nlminb: TRUE 
Simulation boolean: TRUE 
make: Nothing to be done for 'all'.
../data/assessing_models_simulation/datasets/multiple_GenerationJnorm3_20_100_80_5_0.02_NA_NA_NA_dataset1.RDS[1] "../data/assessing_models_simulation/datasets/multiple_GenerationJnorm3_20_100_80_5_0.02_NA_NA_NA_dataset1.RDS"
Reading file ../data/assessing_models_simulation/datasets/multiple_GenerationJnorm3_20_100_80_5_0.02_NA_NA_NA_dataset1.RDS 
Loading required package: nnet
# weights:  15 (8 variable)
initial  value 6516.614107 
iter  10 value 6354.448945
final  value 6349.448721 
converged
Order of parameters:
[1] "beta"       "u_large"    "logs_sd_RE" "cov_par_RE" "log_lambda"
Not matching template order:
[1] "beta"       "logs_sd_RE" "cov_par_RE" "log_lambda" "u_large"   
Your parameter list has been re-ordered.
(Disable this warning with checkParameterOrder=FALSE)
Constructing atomic invpd
Constructing atomic D_lgamma
Constructing atomic invpd
Constructing atomic D_lgamma
Constructing atomic matmul
Constructing atomic invpd
Constructing atomic D_lgamma
Constructing atomic matmul
Optimizing tape... Done
iter: 1  value: 6174.672 mgc: 3.477663 ustep: 1 
iter: 2  value: 6158.418 mgc: 1.674653 ustep: 1 
iter: 3  value: 6158.194 mgc: 0.2870232 ustep: 1 
iter: 4  value: 6158.194 mgc: 0.01088516 ustep: 1 
iter: 5  value: 6158.194 mgc: 1.53832e-05 ustep: 1 
iter: 6  mgc: 7.823953e-11 
iter: 1  mgc: 7.823953e-11 
Matching hessian patterns... Done
outer mgc:  75.78366 
iter: 1  value: 6073.165 mgc: 1.830723 ustep: 1 
iter: 2  value: 6073.137 mgc: 0.2494245 ustep: 1 
iter: 3  value: 6073.137 mgc: 0.002004086 ustep: 1 
iter: 4  value: 6073.137 mgc: 1.576183e-07 ustep: 1 
iter: 5  mgc: 6.883383e-15 
iter: 1  value: 5972.867 mgc: 6.852378 ustep: 1 
iter: 2  value: 5972.763 mgc: 0.7455525 ustep: 1 
iter: 3  value: 5972.763 mgc: 0.01134913 ustep: 1 
iter: 4  value: 5972.763 mgc: 1.134655e-05 ustep: 1 
iter: 5  mgc: 1.12188e-11 
iter: 1  mgc: 1.12188e-11 
outer mgc:  15.83927 
iter: 1  value: 6147.278 mgc: 26.23387 ustep: 1 
iter: 2  value: 6138.699 mgc: 4.49134 ustep: 1 
iter: 3  value: 6138.626 mgc: 0.2239891 ustep: 1 
iter: 4  value: 6138.626 mgc: 0.00718412 ustep: 1 
iter: 5  value: 6138.626 mgc: 3.127584e-06 ustep: 1 
iter: 6  mgc: 1.0143e-12 
iter: 1  value: 5959.588 mgc: 4.024501 ustep: 1 
iter: 2  value: 5959.53 mgc: 0.3681193 ustep: 1 
iter: 3  value: 5959.53 mgc: 0.004022723 ustep: 1 
iter: 4  value: 5959.53 mgc: 4.884401e-07 ustep: 1 
iter: 5  mgc: 1.998401e-14 
iter: 1  mgc: 1.998401e-14 
outer mgc:  11.68129 
iter: 1  value: 5949.982 mgc: 4.820055 ustep: 1 
iter: 2  value: 5949.943 mgc: 0.4598091 ustep: 1 
iter: 3  value: 5949.943 mgc: 0.003554494 ustep: 1 
iter: 4  value: 5949.943 mgc: 1.235476e-07 ustep: 1 
iter: 5  mgc: 1.820766e-14 
iter: 1  mgc: 1.820766e-14 
outer mgc:  20.99637 
iter: 1  value: 5938.643 mgc: 7.781581 ustep: 1 
iter: 2  value: 5938.552 mgc: 0.6777038 ustep: 1 
iter: 3  value: 5938.552 mgc: 0.01113702 ustep: 1 
iter: 4  value: 5938.552 mgc: 3.205012e-06 ustep: 1 
iter: 5  mgc: 2.594869e-13 
iter: 1  mgc: 2.594869e-13 
outer mgc:  12.29875 
iter: 1  value: 5928.746 mgc: 6.080527 ustep: 1 
iter: 2  value: 5928.737 mgc: 0.1560829 ustep: 1 
iter: 3  value: 5928.737 mgc: 0.0004470357 ustep: 1 
iter: 4  mgc: 3.21495e-09 
iter: 1  mgc: 3.21495e-09 
outer mgc:  11.90376 
iter: 1  value: 5922.701 mgc: 5.855552 ustep: 1 
iter: 2  value: 5922.658 mgc: 0.4904968 ustep: 1 
iter: 3  value: 5922.658 mgc: 0.003060931 ustep: 1 
iter: 4  value: 5922.658 mgc: 2.420208e-07 ustep: 1 
iter: 5  mgc: 2.4869e-14 
iter: 1  value: 5922.216 mgc: 3.970415 ustep: 1 
iter: 2  value: 5922.208 mgc: 0.2438966 ustep: 1 
iter: 3  value: 5922.208 mgc: 0.0007028323 ustep: 1 
iter: 4  mgc: 5.421461e-09 
iter: 1  mgc: 5.421461e-09 
outer mgc:  17.24973 
iter: 1  value: 5915.754 mgc: 4.681437 ustep: 1 
iter: 2  value: 5915.743 mgc: 0.2022176 ustep: 1 
iter: 3  value: 5915.743 mgc: 0.0009642868 ustep: 1 
iter: 4  value: 5915.743 mgc: 5.282128e-08 ustep: 1 
mgc: 5.107026e-14 
iter: 1  mgc: 5.107026e-14 
outer mgc:  12.40226 
iter: 1  value: 5911.332 mgc: 6.687042 ustep: 1 
iter: 2  value: 5911.242 mgc: 0.5178137 ustep: 1 
iter: 3  value: 5911.242 mgc: 0.003344456 ustep: 1 
iter: 4  value: 5911.242 mgc: 1.683829e-07 ustep: 1 
iter: 5  mgc: 3.996803e-14 
iter: 1  mgc: 3.996803e-14 
outer mgc:  17.04947 
iter: 1  value: 5907.199 mgc: 7.059607 ustep: 1 
iter: 2  value: 5907.14 mgc: 0.5304001 ustep: 1 
iter: 3  value: 5907.14 mgc: 0.00414428 ustep: 1 
iter: 4  value: 5907.14 mgc: 3.059862e-07 ustep: 1 
iter: 5  mgc: 3.153033e-14 
iter: 1  mgc: 3.153033e-14 
outer mgc:  10.44578 
iter: 1  value: 5904.494 mgc: 9.556506 ustep: 1 
iter: 2  value: 5904.473 mgc: 0.3913818 ustep: 1 
iter: 3  value: 5904.473 mgc: 0.00289135 ustep: 1 
iter: 4  value: 5904.473 mgc: 2.874733e-07 ustep: 1 
iter: 5  mgc: 3.108624e-14 
iter: 1  mgc: 3.108624e-14 
outer mgc:  13.03498 
iter: 1  value: 5900.514 mgc: 3.972484 ustep: 1 
iter: 2  value: 5900.513 mgc: 0.07342811 ustep: 1 
iter: 3  value: 5900.513 mgc: 8.105376e-05 ustep: 1 
iter: 4  mgc: 2.509142e-10 
iter: 1  mgc: 2.509142e-10 
outer mgc:  8.544077 
iter: 1  value: 5899.515 mgc: 6.311709 ustep: 1 
iter: 2  value: 5899.513 mgc: 0.1559254 ustep: 1 
iter: 3  value: 5899.513 mgc: 0.0003189185 ustep: 1 
iter: 4  mgc: 1.125488e-09 
iter: 1  value: 5899.879 mgc: 2.77151 ustep: 1 
iter: 2  value: 5899.879 mgc: 0.01905503 ustep: 1 
iter: 3  value: 5899.879 mgc: 7.359739e-06 ustep: 1 
iter: 4  mgc: 1.045386e-12 
iter: 1  mgc: 1.045386e-12 
outer mgc:  8.9785 
iter: 1  value: 5898.233 mgc: 2.240453 ustep: 1 
iter: 2  value: 5898.233 mgc: 0.01677276 ustep: 1 
iter: 3  value: 5898.233 mgc: 5.959824e-06 ustep: 1 
iter: 4  mgc: 1.219025e-12 
iter: 1  mgc: 1.219025e-12 
outer mgc:  1.952727 
iter: 1  value: 5897.139 mgc: 1.546281 ustep: 1 
iter: 2  value: 5897.139 mgc: 0.01035022 ustep: 1 
iter: 3  value: 5897.139 mgc: 2.000207e-06 ustep: 1 
iter: 4  mgc: 1.176836e-13 
iter: 1  mgc: 1.176836e-13 
outer mgc:  2.623969 
iter: 1  value: 5895.919 mgc: 1.200022 ustep: 1 
iter: 2  value: 5895.919 mgc: 0.004524139 ustep: 1 
iter: 3  value: 5895.919 mgc: 4.049e-07 ustep: 1 
iter: 4  mgc: 2.131628e-14 
iter: 1  mgc: 2.131628e-14 
outer mgc:  1.849027 
iter: 1  value: 5894.964 mgc: 1.320379 ustep: 1 
iter: 2  value: 5894.964 mgc: 0.005885047 ustep: 1 
iter: 3  value: 5894.964 mgc: 2.443546e-07 ustep: 1 
iter: 4  mgc: 3.597123e-14 
iter: 1  mgc: 3.597123e-14 
outer mgc:  4.629505 
iter: 1  value: 5894.282 mgc: 1.263507 ustep: 1 
iter: 2  value: 5894.282 mgc: 0.002302704 ustep: 1 
iter: 3  value: 5894.282 mgc: 1.307989e-07 ustep: 1 
iter: 4  mgc: 2.4869e-14 
iter: 1  mgc: 2.4869e-14 
outer mgc:  1.885841 
iter: 1  value: 5893.564 mgc: 0.8965877 ustep: 1 
iter: 2  value: 5893.564 mgc: 0.001917722 ustep: 1 
iter: 3  value: 5893.564 mgc: 8.843198e-08 ustep: 1 
iter: 4  mgc: 2.353673e-14 
iter: 1  mgc: 2.353673e-14 
outer mgc:  1.978054 
iter: 1  value: 5892.579 mgc: 0.7407205 ustep: 1 
iter: 2  value: 5892.579 mgc: 0.00305301 ustep: 1 
iter: 3  value: 5892.579 mgc: 9.111761e-08 ustep: 1 
iter: 4  mgc: 2.398082e-14 
iter: 1  mgc: 2.398082e-14 
outer mgc:  2.48095 
iter: 1  value: 5891.821 mgc: 1.342537 ustep: 1 
iter: 2  value: 5891.821 mgc: 0.004369564 ustep: 1 
iter: 3  value: 5891.821 mgc: 1.238548e-07 ustep: 1 
iter: 4  mgc: 3.197442e-14 
iter: 1  mgc: 3.197442e-14 
outer mgc:  2.755745 
iter: 1  value: 5890.973 mgc: 0.7989133 ustep: 1 
iter: 2  value: 5890.973 mgc: 0.00214833 ustep: 1 
iter: 3  value: 5890.973 mgc: 5.603646e-08 ustep: 1 
iter: 4  mgc: 2.464695e-14 
iter: 1  mgc: 2.464695e-14 
outer mgc:  1.249881 
iter: 1  value: 5890.658 mgc: 1.252461 ustep: 1 
iter: 2  value: 5890.658 mgc: 0.002212581 ustep: 1 
iter: 3  value: 5890.658 mgc: 1.313629e-07 ustep: 1 
iter: 4  mgc: 4.596323e-14 
iter: 1  mgc: 4.596323e-14 
outer mgc:  1.253551 
iter: 1  value: 5889.948 mgc: 1.400314 ustep: 1 
iter: 2  value: 5889.948 mgc: 0.005374421 ustep: 1 
iter: 3  value: 5889.948 mgc: 8.251521e-07 ustep: 1 
iter: 4  mgc: 3.508305e-14 
iter: 1  mgc: 3.508305e-14 
outer mgc:  1.982929 
iter: 1  value: 5888.891 mgc: 0.5073842 ustep: 1 
iter: 2  value: 5888.891 mgc: 0.0009779237 ustep: 1 
iter: 3  value: 5888.891 mgc: 1.814536e-08 ustep: 1 
mgc: 3.330669e-14 
iter: 1  mgc: 3.330669e-14 
outer mgc:  2.531937 
iter: 1  value: 5888.33 mgc: 0.5157065 ustep: 1 
iter: 2  value: 5888.33 mgc: 0.001247787 ustep: 1 
iter: 3  value: 5888.33 mgc: 1.237523e-08 ustep: 1 
mgc: 3.330669e-14 
iter: 1  mgc: 3.330669e-14 
outer mgc:  0.6848814 
iter: 1  value: 5888.034 mgc: 1.724252 ustep: 1 
iter: 2  value: 5888.034 mgc: 0.004054697 ustep: 1 
iter: 3  value: 5888.034 mgc: 3.11043e-07 ustep: 1 
iter: 4  mgc: 2.83662e-14 
iter: 1  mgc: 2.83662e-14 
outer mgc:  1.865148 
iter: 1  value: 5887.649 mgc: 1.352345 ustep: 1 
iter: 2  value: 5887.649 mgc: 0.002681891 ustep: 1 
iter: 3  value: 5887.649 mgc: 1.111526e-07 ustep: 1 
iter: 4  mgc: 5.284662e-14 
iter: 1  mgc: 5.284662e-14 
outer mgc:  2.528748 
iter: 1  value: 5887.346 mgc: 0.8772555 ustep: 1 
iter: 2  value: 5887.346 mgc: 0.002473745 ustep: 1 
iter: 3  value: 5887.346 mgc: 1.63815e-07 ustep: 1 
iter: 4  mgc: 2.287059e-14 
iter: 1  mgc: 2.287059e-14 
outer mgc:  0.8024367 
iter: 1  value: 5886.514 mgc: 0.8281584 ustep: 1 
iter: 2  value: 5886.514 mgc: 0.002679676 ustep: 1 
iter: 3  value: 5886.514 mgc: 1.279679e-07 ustep: 1 
iter: 4  mgc: 3.641532e-14 
iter: 1  value: 5885.767 mgc: 0.5461617 ustep: 1 
iter: 2  value: 5885.767 mgc: 0.002120751 ustep: 1 
iter: 3  value: 5885.767 mgc: 1.439823e-07 ustep: 1 
iter: 4  mgc: 2.503553e-14 
iter: 1  mgc: 2.503553e-14 
outer mgc:  1.291505 
iter: 1  value: 5884.652 mgc: 0.8450614 ustep: 1 
iter: 2  value: 5884.652 mgc: 0.001839537 ustep: 1 
iter: 3  value: 5884.652 mgc: 9.09056e-08 ustep: 1 
mgc: 2.531308e-14 
iter: 1  mgc: 2.531308e-14 
outer mgc:  0.5031523 
iter: 1  value: 5884.073 mgc: 0.8493582 ustep: 1 
iter: 2  value: 5884.073 mgc: 0.006760864 ustep: 1 
iter: 3  value: 5884.073 mgc: 1.305832e-06 ustep: 1 
iter: 4  mgc: 5.173639e-14 
iter: 1  mgc: 5.173639e-14 
outer mgc:  3.311156 
iter: 1  value: 5883.616 mgc: 0.9116249 ustep: 1 
iter: 2  value: 5883.616 mgc: 0.003344995 ustep: 1 
iter: 3  value: 5883.616 mgc: 4.354046e-07 ustep: 1 
iter: 4  mgc: 5.551115e-14 
iter: 1  mgc: 5.551115e-14 
outer mgc:  1.158033 
iter: 1  value: 5882.465 mgc: 0.802873 ustep: 1 
iter: 2  value: 5882.465 mgc: 0.001829705 ustep: 1 
iter: 3  value: 5882.465 mgc: 1.495516e-07 ustep: 1 
iter: 4  mgc: 3.153033e-14 
iter: 1  mgc: 3.153033e-14 
outer mgc:  1.971136 
iter: 1  value: 5881.542 mgc: 0.7616249 ustep: 1 
iter: 2  value: 5881.542 mgc: 0.001749098 ustep: 1 
iter: 3  value: 5881.542 mgc: 7.554491e-08 ustep: 1 
iter: 4  mgc: 3.508305e-14 
iter: 1  mgc: 3.508305e-14 
outer mgc:  1.012852 
iter: 1  value: 5880.889 mgc: 0.6922888 ustep: 1 
iter: 2  value: 5880.889 mgc: 0.0003439479 ustep: 1 
iter: 3  mgc: 3.147746e-09 
iter: 1  mgc: 3.147746e-09 
outer mgc:  1.105877 
iter: 1  value: 5879.997 mgc: 0.6281329 ustep: 1 
iter: 2  value: 5879.997 mgc: 0.001050507 ustep: 1 
iter: 3  value: 5879.997 mgc: 3.704507e-08 ustep: 1 
mgc: 2.770006e-14 
iter: 1  value: 5879.035 mgc: 0.549094 ustep: 1 
iter: 2  value: 5879.035 mgc: 0.001227702 ustep: 1 
iter: 3  value: 5879.035 mgc: 6.265617e-08 ustep: 1 
mgc: 2.542411e-14 
iter: 1  mgc: 2.542411e-14 
outer mgc:  1.985419 
iter: 1  value: 5877.695 mgc: 0.8262984 ustep: 1 
iter: 2  value: 5877.695 mgc: 0.001331555 ustep: 1 
iter: 3  value: 5877.695 mgc: 6.565478e-08 ustep: 1 
mgc: 5.77316e-14 
iter: 1  value: 5876.198 mgc: 1.160223 ustep: 1 
iter: 2  value: 5876.198 mgc: 0.001123546 ustep: 1 
iter: 3  value: 5876.198 mgc: 4.622526e-08 ustep: 1 
mgc: 4.973799e-14 
iter: 1  mgc: 4.973799e-14 
outer mgc:  2.142231 
iter: 1  value: 5873.608 mgc: 3.687594 ustep: 1 
iter: 2  value: 5873.608 mgc: 0.004666557 ustep: 1 
iter: 3  value: 5873.608 mgc: 5.768301e-07 ustep: 1 
iter: 4  mgc: 7.571721e-14 
iter: 1  mgc: 7.571721e-14 
outer mgc:  1.143122 
iter: 1  value: 5870.925 mgc: 3.62067 ustep: 1 
iter: 2  value: 5870.925 mgc: 0.005186605 ustep: 1 
iter: 3  value: 5870.925 mgc: 7.942927e-07 ustep: 1 
iter: 4  mgc: 9.547918e-14 
iter: 1  mgc: 9.547918e-14 
outer mgc:  0.7401155 
iter: 1  value: 5868.297 mgc: 3.047909 ustep: 1 
iter: 2  value: 5868.297 mgc: 0.001569817 ustep: 1 
iter: 3  value: 5868.297 mgc: 4.298655e-08 ustep: 1 
mgc: 7.083223e-14 
iter: 1  mgc: 7.083223e-14 
outer mgc:  1.019855 
iter: 1  value: 5865.776 mgc: 2.987415 ustep: 1 
iter: 2  value: 5865.776 mgc: 0.001935116 ustep: 1 
iter: 3  value: 5865.776 mgc: 6.356224e-08 ustep: 1 
iter: 4  mgc: 6.594725e-14 
iter: 1  mgc: 6.594725e-14 
outer mgc:  0.4978588 
iter: 1  value: 5864.29 mgc: 2.559943 ustep: 1 
iter: 2  value: 5864.29 mgc: 0.0008223455 ustep: 1 
iter: 3  value: 5864.29 mgc: 1.49465e-08 ustep: 1 
mgc: 1.806333e-13 
iter: 1  mgc: 1.806333e-13 
outer mgc:  0.4524804 
iter: 1  value: 5862.64 mgc: 1.204886 ustep: 1 
iter: 2  value: 5862.64 mgc: 0.000302225 ustep: 1 
iter: 3  mgc: 3.542576e-09 
iter: 1  mgc: 3.542576e-09 
outer mgc:  0.519478 
iter: 1  value: 5861.338 mgc: 0.7858572 ustep: 1 
iter: 2  value: 5861.338 mgc: 0.0002883788 ustep: 1 
iter: 3  mgc: 1.602662e-09 
iter: 1  mgc: 1.602662e-09 
outer mgc:  0.1897147 
iter: 1  value: 5859.945 mgc: 2.822835 ustep: 1 
iter: 2  value: 5859.945 mgc: 9.135847e-05 ustep: 1 
iter: 3  mgc: 1.915554e-10 
iter: 1  value: 5858.16 mgc: 4.492189 ustep: 1 
iter: 2  value: 5858.16 mgc: 0.0001815904 ustep: 1 
iter: 3  mgc: 7.259058e-10 
iter: 1  mgc: 7.259058e-10 
outer mgc:  0.4248395 
iter: 1  value: 5855.226 mgc: 3.966971 ustep: 1 
iter: 2  value: 5855.226 mgc: 0.0002518683 ustep: 1 
iter: 3  mgc: 1.24723e-09 
iter: 1  mgc: 1.24723e-09 
outer mgc:  0.3746169 
iter: 1  value: 5852.558 mgc: 11.53652 ustep: 1 
iter: 2  value: 5852.558 mgc: 0.0002430825 ustep: 1 
iter: 3  mgc: 8.104726e-10 
iter: 1  mgc: 8.104726e-10 
outer mgc:  0.235319 
iter: 1  value: 5850.329 mgc: 2.259419 ustep: 1 
iter: 2  value: 5850.329 mgc: 4.854504e-05 ustep: 1 
iter: 3  mgc: 1.043108e-10 
iter: 1  value: 5847.737 mgc: 3.253615 ustep: 1 
iter: 2  value: 5847.737 mgc: 8.390833e-05 ustep: 1 
iter: 3  mgc: 3.142531e-10 
iter: 1  mgc: 3.142531e-10 
outer mgc:  0.285299 
iter: 1  value: 5844.304 mgc: 5.1532 ustep: 1 
iter: 2  value: 5844.304 mgc: 3.101014e-05 ustep: 1 
iter: 3  mgc: 2.714939e-11 
iter: 1  mgc: 2.714939e-11 
outer mgc:  0.1132962 
iter: 1  value: 5841.415 mgc: 6.190078 ustep: 1 
iter: 2  value: 5841.415 mgc: 2.694921e-05 ustep: 1 
iter: 3  mgc: 3.0423e-11 
iter: 1  mgc: 3.0423e-11 
outer mgc:  0.07740514 
iter: 1  value: 5837.132 mgc: 7.64376 ustep: 1 
iter: 2  value: 5837.132 mgc: 1.562651e-05 ustep: 1 
iter: 3  mgc: 3.746337e-12 
iter: 1  mgc: 3.746337e-12 
outer mgc:  0.06655622 
iter: 1  value: 5833.766 mgc: 9.900691 ustep: 1 
iter: 2  value: 5833.766 mgc: 6.061363e-06 ustep: 1 
iter: 3  mgc: 2.600128e-12 
iter: 1  mgc: 2.600128e-12 
outer mgc:  0.08591678 
iter: 1  value: 5830.648 mgc: 3.705416 ustep: 1 
iter: 2  value: 5830.648 mgc: 5.750888e-06 ustep: 1 
iter: 3  mgc: 3.577361e-12 
iter: 1  mgc: 3.577361e-12 
outer mgc:  0.03890661 
iter: 1  value: 5828.022 mgc: 8.480386 ustep: 1 
iter: 2  value: 5828.022 mgc: 4.465746e-06 ustep: 1 
iter: 3  mgc: 3.999606e-12 
iter: 1  mgc: 3.999606e-12 
outer mgc:  0.01519597 
iter: 1  value: 5823.45 mgc: 2.503829 ustep: 1 
iter: 2  value: 5823.45 mgc: 1.359258e-06 ustep: 1 
iter: 3  mgc: 7.311041e-12 
iter: 1  mgc: 7.311041e-12 
outer mgc:  0.01190974 
iter: 1  value: 5819.768 mgc: 5.15659 ustep: 1 
iter: 2  value: 5819.768 mgc: 9.347012e-07 ustep: 1 
iter: 3  mgc: 7.81375e-12 
iter: 1  mgc: 7.81375e-12 
outer mgc:  0.009110968 
iter: 1  value: 5815.641 mgc: 11.71247 ustep: 1 
iter: 2  value: 5815.641 mgc: 3.088766e-07 ustep: 1 
iter: 3  mgc: 1.664047e-11 
iter: 1  mgc: 1.664047e-11 
outer mgc:  0.003241406 
iter: 1  value: 5812.223 mgc: 3.821521 ustep: 1 
iter: 2  value: 5812.223 mgc: 8.517874e-08 ustep: 1 
iter: 3  mgc: 1.716027e-11 
iter: 1  mgc: 1.716027e-11 
outer mgc:  0.001780817 
iter: 1  value: 5808.008 mgc: 2.712899 ustep: 1 
iter: 2  value: 5808.008 mgc: 1.344198e-08 ustep: 1 
mgc: 4.414868e-11 
iter: 1  mgc: 4.414868e-11 
outer mgc:  0.001563739 
iter: 1  value: 5804.529 mgc: 5.092778 ustep: 1 
iter: 2  mgc: 5.852944e-09 
iter: 1  mgc: 5.852944e-09 
outer mgc:  0.0002930537 
iter: 1  value: 5800.341 mgc: 4.27886 ustep: 1 
iter: 2  mgc: 1.808563e-09 
iter: 1  mgc: 1.808563e-09 
outer mgc:  0.000314226 
iter: 1  value: 5796.88 mgc: 3.555706 ustep: 1 
iter: 2  mgc: 5.246346e-10 
iter: 1  mgc: 5.246346e-10 
outer mgc:  0.0001419547 
iter: 1  value: 5792.686 mgc: 3.989603 ustep: 1 
iter: 2  mgc: 2.504592e-10 
iter: 1  mgc: 2.504592e-10 
outer mgc:  4.923928e-05 
iter: 1  value: 5789.221 mgc: 4.165153 ustep: 1 
iter: 2  mgc: 3.126452e-10 
iter: 1  mgc: 3.126452e-10 
outer mgc:  5.863838e-05 
iter: 1  mgc: 3.126452e-10 
iter: 1  mgc: 3.126452e-10 
outer mgc:  5.863838e-05 
iter: 1  value: 5789.22 mgc: 0.01886357 ustep: 1 
iter: 2  value: 5789.22 mgc: 1.205943e-06 ustep: 1 
iter: 3  mgc: 3.022322e-10 
outer mgc:  0.1342988 
iter: 1  value: 5789.222 mgc: 0.01885468 ustep: 1 
iter: 2  value: 5789.222 mgc: 1.205194e-06 ustep: 1 
iter: 3  mgc: 2.851861e-10 
outer mgc:  0.1342436 
iter: 1  value: 5789.221 mgc: 0.01012252 ustep: 1 
iter: 2  value: 5789.221 mgc: 4.322806e-07 ustep: 1 
iter: 3  mgc: 2.047358e-10 
outer mgc:  0.09620068 
iter: 1  value: 5789.221 mgc: 0.01011872 ustep: 1 
iter: 2  value: 5789.221 mgc: 4.31913e-07 ustep: 1 
iter: 3  mgc: 2.68388e-10 
outer mgc:  0.09615186 
iter: 1  value: 5789.22 mgc: 0.02042835 ustep: 1 
iter: 2  value: 5789.22 mgc: 4.470917e-06 ustep: 1 
iter: 3  mgc: 2.717128e-10 
outer mgc:  0.05006682 
iter: 1  value: 5789.222 mgc: 0.02042271 ustep: 1 
iter: 2  value: 5789.222 mgc: 4.478245e-06 ustep: 1 
iter: 3  mgc: 1.39134e-10 
outer mgc:  0.05006796 
iter: 1  value: 5789.221 mgc: 0.01037781 ustep: 1 
iter: 2  value: 5789.221 mgc: 1.135405e-06 ustep: 1 
iter: 3  mgc: 2.693463e-10 
outer mgc:  0.07296936 
iter: 1  value: 5789.221 mgc: 0.01037482 ustep: 1 
iter: 2  value: 5789.221 mgc: 1.13529e-06 ustep: 1 
iter: 3  mgc: 2.226199e-10 
outer mgc:  0.07299173 
iter: 1  value: 5789.222 mgc: 0.0208265 ustep: 1 
iter: 2  value: 5789.222 mgc: 3.495943e-06 ustep: 1 
iter: 3  mgc: 2.17145e-10 
outer mgc:  0.08269098 
iter: 1  value: 5789.22 mgc: 0.02082678 ustep: 1 
iter: 2  value: 5789.22 mgc: 3.502608e-06 ustep: 1 
iter: 3  mgc: 3.530432e-10 
outer mgc:  0.08280978 
iter: 1  value: 5789.221 mgc: 0.01064362 ustep: 1 
iter: 2  value: 5789.221 mgc: 8.480561e-07 ustep: 1 
iter: 3  mgc: 3.290377e-10 
outer mgc:  0.09945817 
iter: 1  value: 5789.221 mgc: 0.01064396 ustep: 1 
iter: 2  value: 5789.221 mgc: 8.480872e-07 ustep: 1 
iter: 3  mgc: 2.3359e-10 
outer mgc:  0.09947528 
iter: 1  value: 5789.222 mgc: 0.0191033 ustep: 1 
iter: 2  value: 5789.222 mgc: 8.072418e-07 ustep: 1 
iter: 3  mgc: 3.100569e-10 
outer mgc:  0.1696139 
iter: 1  value: 5789.22 mgc: 0.01909548 ustep: 1 
iter: 2  value: 5789.22 mgc: 8.074152e-07 ustep: 1 
iter: 3  mgc: 1.47254e-10 
outer mgc:  0.169642 
iter: 1  value: 5789.222 mgc: 0.01021182 ustep: 1 
iter: 2  value: 5789.222 mgc: 2.9685e-07 ustep: 1 
iter: 3  mgc: 1.438891e-10 
outer mgc:  0.107126 
iter: 1  value: 5789.22 mgc: 0.01020815 ustep: 1 
iter: 2  value: 5789.22 mgc: 2.968787e-07 ustep: 1 
iter: 3  mgc: 3.358899e-10 
outer mgc:  0.1071091 
iter: 1  value: 5789.23 mgc: 913.7355 ustep: 1 
iter: 2  value: 5789.23 mgc: 4.942656e-06 ustep: 1 
iter: 3  mgc: 2.975025e-10 
outer mgc:  0.08302019 
iter: 1  value: 5789.212 mgc: 914.6497 ustep: 1 
iter: 2  value: 5789.212 mgc: 4.968804e-06 ustep: 1 
iter: 3  mgc: 2.482263e-10 
outer mgc:  0.08294861 
iter: 1  value: 5789.227 mgc: 56.78042 ustep: 1 
iter: 2  value: 5789.227 mgc: 8.399338e-07 ustep: 1 
iter: 3  mgc: 1.440466e-10 
outer mgc:  0.02515854 
iter: 1  value: 5789.216 mgc: 56.83723 ustep: 1 
iter: 2  value: 5789.216 mgc: 8.413929e-07 ustep: 1 
iter: 3  mgc: 2.819265e-10 
outer mgc:  0.02516401 
iter: 1  value: 5789.23 mgc: 14.63236 ustep: 1 
iter: 2  value: 5789.23 mgc: 1.003985e-06 ustep: 1 
iter: 3  mgc: 1.432587e-10 
outer mgc:  0.01450349 
iter: 1  value: 5789.212 mgc: 14.647 ustep: 1 
iter: 2  value: 5789.212 mgc: 1.004187e-06 ustep: 1 
iter: 3  mgc: 1.872218e-10 
outer mgc:  0.01446257 
iter: 1  value: 5789.236 mgc: 935.4272 ustep: 1 
iter: 2  value: 5789.236 mgc: 2.79117e-06 ustep: 1 
iter: 3  mgc: 1.908175e-10 
outer mgc:  0.07465203 
iter: 1  value: 5789.206 mgc: 938.2377 ustep: 1 
iter: 2  value: 5789.206 mgc: 2.764136e-06 ustep: 1 
iter: 3  mgc: 1.752671e-10 
outer mgc:  0.07441204 
iter: 1  value: 5789.222 mgc: 52.24746 ustep: 1 
iter: 2  value: 5789.222 mgc: 4.218468e-07 ustep: 1 
iter: 3  mgc: 1.330234e-10 
outer mgc:  0.01391769 
iter: 1  value: 5789.22 mgc: 52.28131 ustep: 1 
iter: 2  value: 5789.22 mgc: 4.230327e-07 ustep: 1 
iter: 3  mgc: 2.440164e-10 
outer mgc:  0.01390455 
iter: 1  value: 5789.226 mgc: 8.30847 ustep: 1 
iter: 2  value: 5789.226 mgc: 1.766443e-07 ustep: 1 
iter: 3  mgc: 2.153263e-10 
outer mgc:  0.006689408 
iter: 1  value: 5789.216 mgc: 8.305046 ustep: 1 
iter: 2  value: 5789.216 mgc: 1.76612e-07 ustep: 1 
iter: 3  mgc: 1.781237e-10 
outer mgc:  0.006665725 
iter: 1  value: 5789.22 mgc: 11.09855 ustep: 1 
iter: 2  value: 5789.22 mgc: 2.609251e-07 ustep: 1 
iter: 3  mgc: 4.171881e-10 
outer mgc:  0.008891943 
iter: 1  value: 5789.222 mgc: 11.09932 ustep: 1 
iter: 2  value: 5789.222 mgc: 2.606124e-07 ustep: 1 
iter: 3  mgc: 2.405587e-10 
outer mgc:  0.008902019 
iter: 1  value: 5789.221 mgc: 0.09681069 ustep: 1 
iter: 2  mgc: 2.692109e-10 
outer mgc:  5.86495e-05 
iter: 1  value: 5789.221 mgc: 0.09681036 ustep: 1 
iter: 2  mgc: 1.996399e-10 
outer mgc:  5.862715e-05 
iter: 1  value: 5789.221 mgc: 1.694637 ustep: 1 
iter: 2  mgc: 4.490603e-10 
outer mgc:  6.334755e-05 
iter: 1  value: 5789.221 mgc: 1.694637 ustep: 1 
iter: 2  mgc: 1.578297e-10 
outer mgc:  6.034719e-05 
iter: 1  value: 5789.221 mgc: 1.3941 ustep: 1 
iter: 2  mgc: 2.214648e-10 
outer mgc:  5.98783e-05 
iter: 1  value: 5789.221 mgc: 1.394098 ustep: 1 
iter: 2  mgc: 3.936758e-10 
outer mgc:  5.855854e-05 
iter: 1  value: 5789.21 mgc: 0.003287559 ustep: 1 
iter: 2  value: 5789.21 mgc: 1.044388e-07 ustep: 1 
iter: 3  mgc: 1.756688e-10 
outer mgc:  0.01941965 
iter: 1  value: 5789.232 mgc: 0.003287214 ustep: 1 
iter: 2  value: 5789.232 mgc: 1.044556e-07 ustep: 1 
iter: 3  mgc: 3.279153e-10 
outer mgc:  0.01944488 
[Mon Aug 16 07:07:39 2021]
Finished job 0.
1 of 1 steps (100%) done
