Building DAG of jobs...
Using shell: /usr/bin/bash
Provided cores: 1 (use --cores to define parallelism)
Rules claiming more threads will be scaled down.
Job counts:
	count	jobs
	1	inference_simulation_TMB_multiple
	1

[Sun Aug 15 21:35:36 2021]
rule inference_simulation_TMB_multiple:
    input: ../data/assessing_models_simulation/datasets/multiple_GenerationJnorm3_100_100_80_3_0.8_NA_NA_NA_dataset1.RDS
    output: ../data/assessing_models_simulation/inference_results/TMB/nlminb/multiple_GenerationJnorm3_100_100_80_3_0.8_fullREM_NA_NA_NA_dataset1.RDS
    log: logs/inference/nlminb/simulation_GenerationJnorm3_100_100_80_3_0.8_ModelfullREM_NA_NA_NA_dataset1.log
    jobid: 0
    wildcards: optimiser=nlminb, datasetgeneration=GenerationJnorm3, n=100, nlambda=100, lmbda=80, d=3, beta_intensity=0.8, model=fullREM, fixed_beta_intercept=NA, fixed_beta_slope=NA, sdRE_input=NA, itnum=1

Rscript 2_inference_TMB/run_TMB.R --input ../data/assessing_models_simulation/datasets/multiple_GenerationJnorm3_100_100_80_3_0.8_NA_NA_NA_dataset1.RDS --output ../data/assessing_models_simulation/inference_results/TMB/nlminb/multiple_GenerationJnorm3_100_100_80_3_0.8_fullREM_NA_NA_NA_dataset1.RDS --model fullREM --optimiser nlminb
Model: fullREM 
Feature type: signatures 
Using nlminb: TRUE 
Simulation boolean: TRUE 
make: Nothing to be done for 'all'.
../data/assessing_models_simulation/datasets/multiple_GenerationJnorm3_100_100_80_3_0.8_NA_NA_NA_dataset1.RDS[1] "../data/assessing_models_simulation/datasets/multiple_GenerationJnorm3_100_100_80_3_0.8_NA_NA_NA_dataset1.RDS"
Reading file ../data/assessing_models_simulation/datasets/multiple_GenerationJnorm3_100_100_80_3_0.8_NA_NA_NA_dataset1.RDS 
Loading required package: nnet
# weights:  9 (4 variable)
initial  value 22171.094598 
final  value 20155.206930 
converged
Order of parameters:
[1] "beta"       "u_large"    "logs_sd_RE" "cov_par_RE"
Not matching template order:
[1] "beta"       "u_large"    "cov_par_RE" "logs_sd_RE"
Your parameter list has been re-ordered.
(Disable this warning with checkParameterOrder=FALSE)
Constructing atomic invpd
Constructing atomic D_lgamma
Constructing atomic invpd
Constructing atomic D_lgamma
Constructing atomic matmul
Constructing atomic invpd
Constructing atomic D_lgamma
Constructing atomic matmul
Optimizing tape... Done
iter: 1  value: 4203.8 mgc: 101.0648 ustep: 1 
iter: 2  value: 3877.627 mgc: 45.88262 ustep: 1 
iter: 3  value: 3851.673 mgc: 42.80624 ustep: 1 
iter: 4  value: 3851.574 mgc: 2.258057 ustep: 1 
iter: 5  value: 3851.574 mgc: 0.06352749 ustep: 1 
iter: 6  value: 3851.574 mgc: 4.573402e-05 ustep: 1 
iter: 7  mgc: 2.380957e-11 
iter: 1  mgc: 2.380957e-11 
Matching hessian patterns... Done
outer mgc:  2148.12 
iter: 1  value: 2373.081 mgc: 39.31938 ustep: 1 
iter: 2  value: 2359.792 mgc: 7.967959 ustep: 1 
iter: 3  value: 2359.786 mgc: 0.2247589 ustep: 1 
iter: 4  value: 2359.786 mgc: 0.0004307026 ustep: 1 
iter: 5  mgc: 1.59595e-09 
iter: 1  mgc: 1.59595e-09 
outer mgc:  833.5663 
iter: 1  value: 1787.147 mgc: 24.65907 ustep: 1 
iter: 2  value: 1784.617 mgc: 1.668886 ustep: 1 
iter: 3  value: 1784.617 mgc: 0.02464744 ustep: 1 
iter: 4  value: 1784.617 mgc: 2.089635e-05 ustep: 1 
iter: 5  mgc: 3.193407e-11 
iter: 1  mgc: 3.193407e-11 
outer mgc:  622.023 
iter: 1  value: 2460.738 mgc: 57.69218 ustep: 1 
iter: 2  value: 2451.921 mgc: 4.781716 ustep: 1 
iter: 3  value: 2451.917 mgc: 0.2044927 ustep: 1 
iter: 4  value: 2451.917 mgc: 0.0004473306 ustep: 1 
iter: 5  mgc: 2.163014e-09 
iter: 1  value: 1578.307 mgc: 17.71949 ustep: 1 
iter: 2  value: 1577.888 mgc: 0.8966376 ustep: 1 
iter: 3  value: 1577.888 mgc: 0.00697288 ustep: 1 
iter: 4  value: 1577.888 mgc: 6.182394e-07 ustep: 1 
iter: 5  mgc: 3.197442e-14 
iter: 1  mgc: 3.197442e-14 
outer mgc:  470.3671 
iter: 1  value: 1519.567 mgc: 25.84157 ustep: 1 
iter: 2  value: 1517.582 mgc: 2.204234 ustep: 1 
iter: 3  value: 1517.582 mgc: 0.02591884 ustep: 1 
iter: 4  value: 1517.582 mgc: 5.603014e-06 ustep: 1 
iter: 5  mgc: 2.6118e-13 
iter: 1  mgc: 2.6118e-13 
outer mgc:  474.0574 
iter: 1  value: 1362.576 mgc: 3.768713 ustep: 1 
iter: 2  value: 1362.575 mgc: 0.06011992 ustep: 1 
iter: 3  value: 1362.575 mgc: 2.032658e-05 ustep: 1 
iter: 4  mgc: 1.002753e-12 
iter: 1  mgc: 1.002753e-12 
outer mgc:  212.9607 
iter: 1  value: 1301.999 mgc: 32.31463 ustep: 1 
iter: 2  value: 1287.845 mgc: 5.134889 ustep: 1 
iter: 3  value: 1287.84 mgc: 0.1544382 ustep: 1 
iter: 4  value: 1287.84 mgc: 0.0001615973 ustep: 1 
iter: 5  mgc: 2.278908e-10 
iter: 1  mgc: 2.278908e-10 
outer mgc:  195.8753 
iter: 1  value: 1235.706 mgc: 22.00387 ustep: 1 
iter: 2  value: 1235.462 mgc: 0.9417642 ustep: 1 
iter: 3  value: 1235.462 mgc: 0.00280802 ustep: 1 
iter: 4  value: 1235.462 mgc: 3.041444e-08 ustep: 1 
mgc: 4.352074e-14 
iter: 1  mgc: 4.352074e-14 
outer mgc:  180.0768 
iter: 1  value: 1289.41 mgc: 30.00319 ustep: 1 
iter: 2  value: 1283.713 mgc: 3.634078 ustep: 1 
iter: 3  value: 1283.712 mgc: 0.04051695 ustep: 1 
iter: 4  value: 1283.712 mgc: 6.45417e-06 ustep: 1 
iter: 5  mgc: 1.686429e-13 
iter: 1  value: 1224.281 mgc: 16.23007 ustep: 1 
iter: 2  value: 1224.016 mgc: 0.7617246 ustep: 1 
iter: 3  value: 1224.016 mgc: 0.002447003 ustep: 1 
iter: 4  value: 1224.016 mgc: 2.99019e-08 ustep: 1 
mgc: 3.574918e-14 
iter: 1  mgc: 3.574918e-14 
outer mgc:  172.0427 
iter: 1  value: 1208.37 mgc: 6.032296 ustep: 1 
iter: 2  value: 1208.369 mgc: 0.09753286 ustep: 1 
iter: 3  value: 1208.369 mgc: 1.876642e-05 ustep: 1 
iter: 4  mgc: 1.152856e-12 
iter: 1  mgc: 1.152856e-12 
outer mgc:  82.10531 
iter: 1  value: 1197.396 mgc: 4.230002 ustep: 1 
iter: 2  value: 1197.396 mgc: 0.03013762 ustep: 1 
iter: 3  value: 1197.396 mgc: 8.565479e-06 ustep: 1 
iter: 4  mgc: 1.160849e-12 
iter: 1  mgc: 1.160849e-12 
outer mgc:  50.8251 
iter: 1  value: 1193.984 mgc: 4.985958 ustep: 1 
iter: 2  value: 1193.983 mgc: 0.1007206 ustep: 1 
iter: 3  value: 1193.983 mgc: 4.364376e-05 ustep: 1 
iter: 4  mgc: 9.618084e-12 
iter: 1  value: 1194.572 mgc: 0.956596 ustep: 1 
iter: 2  value: 1194.572 mgc: 0.00229706 ustep: 1 
iter: 3  value: 1194.572 mgc: 7.686511e-08 ustep: 1 
iter: 4  mgc: 2.842171e-14 
iter: 1  mgc: 2.842171e-14 
outer mgc:  64.26323 
iter: 1  value: 1195.494 mgc: 5.38941 ustep: 1 
iter: 2  value: 1195.493 mgc: 0.05108363 ustep: 1 
iter: 3  value: 1195.493 mgc: 1.072557e-05 ustep: 1 
iter: 4  mgc: 4.733991e-13 
iter: 1  value: 1193.264 mgc: 2.269716 ustep: 1 
iter: 2  value: 1193.264 mgc: 0.009019032 ustep: 1 
iter: 3  value: 1193.264 mgc: 3.059553e-07 ustep: 1 
iter: 4  mgc: 3.28626e-14 
iter: 1  mgc: 3.28626e-14 
outer mgc:  21.52572 
iter: 1  value: 1191.955 mgc: 1.817062 ustep: 1 
iter: 2  value: 1191.955 mgc: 0.007317227 ustep: 1 
iter: 3  value: 1191.955 mgc: 1.679896e-07 ustep: 1 
iter: 4  mgc: 3.508305e-14 
iter: 1  mgc: 3.508305e-14 
outer mgc:  26.75204 
iter: 1  value: 1189.613 mgc: 1.459959 ustep: 1 
iter: 2  value: 1189.613 mgc: 0.007638411 ustep: 1 
iter: 3  value: 1189.613 mgc: 2.914321e-07 ustep: 1 
iter: 4  mgc: 3.4861e-14 
iter: 1  mgc: 3.4861e-14 
outer mgc:  14.7898 
iter: 1  value: 1189.334 mgc: 3.081426 ustep: 1 
iter: 2  value: 1189.334 mgc: 0.03710793 ustep: 1 
iter: 3  value: 1189.334 mgc: 7.679456e-06 ustep: 1 
iter: 4  mgc: 2.98872e-13 
iter: 1  value: 1188.618 mgc: 1.694115 ustep: 1 
iter: 2  value: 1188.618 mgc: 0.008848812 ustep: 1 
iter: 3  value: 1188.618 mgc: 4.069173e-07 ustep: 1 
iter: 4  mgc: 3.264056e-14 
iter: 1  mgc: 3.264056e-14 
outer mgc:  15.30441 
iter: 1  value: 1187.401 mgc: 1.25535 ustep: 1 
iter: 2  value: 1187.401 mgc: 0.006905502 ustep: 1 
iter: 3  value: 1187.401 mgc: 2.282379e-07 ustep: 1 
mgc: 4.884981e-14 
iter: 1  mgc: 4.884981e-14 
outer mgc:  12.41766 
iter: 1  value: 1187.258 mgc: 3.467222 ustep: 1 
iter: 2  value: 1187.258 mgc: 0.01945369 ustep: 1 
iter: 3  value: 1187.258 mgc: 8.722406e-07 ustep: 1 
iter: 4  mgc: 4.307665e-14 
iter: 1  value: 1186.977 mgc: 1.56691 ustep: 1 
iter: 2  value: 1186.977 mgc: 0.003721521 ustep: 1 
iter: 3  value: 1186.977 mgc: 3.938515e-08 ustep: 1 
mgc: 2.287059e-14 
iter: 1  value: 1187.119 mgc: 0.962482 ustep: 1 
iter: 2  value: 1187.119 mgc: 0.001585354 ustep: 1 
iter: 3  mgc: 8.089581e-09 
iter: 1  mgc: 8.089581e-09 
outer mgc:  14.93206 
iter: 1  value: 1186.843 mgc: 0.682362 ustep: 1 
iter: 2  value: 1186.843 mgc: 0.0009935773 ustep: 1 
iter: 3  mgc: 3.405971e-09 
iter: 1  mgc: 3.405971e-09 
outer mgc:  9.007133 
iter: 1  value: 1186.228 mgc: 0.5908826 ustep: 1 
iter: 2  value: 1186.228 mgc: 0.0004551885 ustep: 1 
iter: 3  mgc: 8.441168e-10 
iter: 1  mgc: 8.441168e-10 
outer mgc:  12.62541 
iter: 1  value: 1185.532 mgc: 0.6408921 ustep: 1 
iter: 2  value: 1185.532 mgc: 0.001363956 ustep: 1 
iter: 3  mgc: 6.86663e-09 
iter: 1  mgc: 6.86663e-09 
outer mgc:  7.821447 
iter: 1  value: 1185.214 mgc: 1.239961 ustep: 1 
iter: 2  value: 1185.214 mgc: 0.006647043 ustep: 1 
iter: 3  value: 1185.214 mgc: 2.027721e-07 ustep: 1 
mgc: 3.042011e-14 
iter: 1  mgc: 3.042011e-14 
outer mgc:  12.44171 
iter: 1  value: 1184.081 mgc: 1.069989 ustep: 1 
iter: 2  value: 1184.081 mgc: 0.00356717 ustep: 1 
iter: 3  value: 1184.081 mgc: 5.58958e-08 ustep: 1 
mgc: 3.774758e-14 
iter: 1  mgc: 3.774758e-14 
outer mgc:  7.565301 
iter: 1  value: 1183.122 mgc: 1.28246 ustep: 1 
iter: 2  value: 1183.122 mgc: 0.004384844 ustep: 1 
iter: 3  value: 1183.122 mgc: 5.987595e-08 ustep: 1 
mgc: 3.153033e-14 
iter: 1  mgc: 3.153033e-14 
outer mgc:  11.99827 
iter: 1  value: 1182.527 mgc: 1.102501 ustep: 1 
iter: 2  value: 1182.527 mgc: 0.003733514 ustep: 1 
iter: 3  value: 1182.527 mgc: 2.420215e-07 ustep: 1 
iter: 4  mgc: 3.841372e-14 
iter: 1  mgc: 3.841372e-14 
outer mgc:  8.88225 
iter: 1  value: 1182.002 mgc: 1.660005 ustep: 1 
iter: 2  value: 1182.002 mgc: 0.005605267 ustep: 1 
iter: 3  value: 1182.002 mgc: 2.821264e-07 ustep: 1 
iter: 4  mgc: 4.085621e-14 
iter: 1  mgc: 4.085621e-14 
outer mgc:  12.37314 
iter: 1  value: 1182.035 mgc: 1.82692 ustep: 1 
iter: 2  value: 1182.035 mgc: 0.007192331 ustep: 1 
iter: 3  value: 1182.035 mgc: 2.129945e-07 ustep: 1 
iter: 4  mgc: 3.28626e-14 
iter: 1  value: 1181.966 mgc: 1.383605 ustep: 1 
iter: 2  value: 1181.966 mgc: 0.002303949 ustep: 1 
iter: 3  value: 1181.966 mgc: 1.69952e-08 ustep: 1 
mgc: 3.380629e-14 
iter: 1  value: 1181.881 mgc: 0.5320124 ustep: 1 
iter: 2  value: 1181.881 mgc: 0.0003463944 ustep: 1 
iter: 3  mgc: 3.751457e-10 
iter: 1  mgc: 3.751457e-10 
outer mgc:  6.210478 
iter: 1  value: 1181.821 mgc: 0.3314473 ustep: 1 
iter: 2  value: 1181.821 mgc: 0.0002112519 ustep: 1 
iter: 3  mgc: 1.049933e-10 
iter: 1  mgc: 1.049933e-10 
outer mgc:  6.554003 
iter: 1  value: 1181.718 mgc: 0.378289 ustep: 1 
iter: 2  value: 1181.718 mgc: 0.000148463 ustep: 1 
iter: 3  mgc: 6.778927e-11 
iter: 1  mgc: 6.778927e-11 
outer mgc:  4.752854 
iter: 1  value: 1181.648 mgc: 0.2208404 ustep: 1 
iter: 2  value: 1181.648 mgc: 0.0001158467 ustep: 1 
iter: 3  mgc: 3.970957e-11 
iter: 1  mgc: 3.970957e-11 
outer mgc:  4.667302 
iter: 1  value: 1181.498 mgc: 0.2251874 ustep: 1 
iter: 2  value: 1181.498 mgc: 5.346499e-05 ustep: 1 
iter: 3  mgc: 9.06919e-12 
iter: 1  value: 1181.391 mgc: 0.105594 ustep: 1 
iter: 2  value: 1181.391 mgc: 4.466908e-05 ustep: 1 
iter: 3  mgc: 3.880807e-11 
iter: 1  value: 1181.106 mgc: 0.3705658 ustep: 1 
iter: 2  value: 1181.106 mgc: 0.0005495685 ustep: 1 
iter: 3  mgc: 6.109602e-09 
iter: 1  mgc: 6.109602e-09 
outer mgc:  9.817679 
iter: 1  value: 1179.529 mgc: 1.387939 ustep: 1 
iter: 2  value: 1179.529 mgc: 0.006780806 ustep: 1 
iter: 3  value: 1179.529 mgc: 3.801668e-07 ustep: 1 
iter: 4  mgc: 3.885781e-14 
iter: 1  mgc: 3.885781e-14 
outer mgc:  6.780814 
iter: 1  value: 1177.532 mgc: 2.12409 ustep: 1 
iter: 2  value: 1177.531 mgc: 0.02070994 ustep: 1 
iter: 3  value: 1177.531 mgc: 4.229173e-06 ustep: 1 
iter: 4  mgc: 4.050094e-13 
iter: 1  value: 1178.635 mgc: 1.243253 ustep: 1 
iter: 2  value: 1178.635 mgc: 0.00353654 ustep: 1 
iter: 3  value: 1178.635 mgc: 1.076273e-07 ustep: 1 
iter: 4  mgc: 5.040413e-14 
iter: 1  mgc: 5.040413e-14 
outer mgc:  12.86819 
iter: 1  value: 1178.961 mgc: 0.5501175 ustep: 1 
iter: 2  value: 1178.961 mgc: 0.000568698 ustep: 1 
iter: 3  mgc: 5.239542e-10 
iter: 1  mgc: 5.239542e-10 
outer mgc:  8.322761 
iter: 1  value: 1177.842 mgc: 0.5516565 ustep: 1 
iter: 2  value: 1177.842 mgc: 0.0007414232 ustep: 1 
iter: 3  mgc: 1.558142e-09 
iter: 1  mgc: 1.558142e-09 
outer mgc:  5.553631 
iter: 1  value: 1177.775 mgc: 0.4426882 ustep: 1 
iter: 2  value: 1177.775 mgc: 0.0002550888 ustep: 1 
iter: 3  mgc: 1.565089e-09 
iter: 1  mgc: 1.565089e-09 
outer mgc:  8.1555 
iter: 1  value: 1177.256 mgc: 0.5103858 ustep: 1 
iter: 2  value: 1177.256 mgc: 0.001012169 ustep: 1 
iter: 3  mgc: 3.154467e-09 
iter: 1  mgc: 3.154467e-09 
outer mgc:  8.41909 
iter: 1  value: 1176.962 mgc: 0.4859571 ustep: 1 
iter: 2  value: 1176.962 mgc: 0.0007152437 ustep: 1 
iter: 3  mgc: 1.78796e-09 
iter: 1  mgc: 1.78796e-09 
outer mgc:  5.725815 
iter: 1  value: 1176.651 mgc: 0.4979555 ustep: 1 
iter: 2  value: 1176.651 mgc: 0.0002864711 ustep: 1 
iter: 3  mgc: 2.254925e-10 
iter: 1  mgc: 2.254925e-10 
outer mgc:  8.678144 
iter: 1  value: 1176.329 mgc: 0.3784786 ustep: 1 
iter: 2  value: 1176.329 mgc: 0.0003240947 ustep: 1 
iter: 3  mgc: 2.560743e-10 
iter: 1  mgc: 2.560743e-10 
outer mgc:  2.085628 
iter: 1  value: 1175.752 mgc: 0.3623937 ustep: 1 
iter: 2  value: 1175.752 mgc: 0.0002333107 ustep: 1 
iter: 3  mgc: 1.135157e-10 
iter: 1  mgc: 1.135157e-10 
outer mgc:  0.9293192 
iter: 1  value: 1175.54 mgc: 0.1453619 ustep: 1 
iter: 2  value: 1175.54 mgc: 6.067271e-05 ustep: 1 
iter: 3  mgc: 7.346657e-11 
iter: 1  mgc: 7.346657e-11 
outer mgc:  0.8198816 
iter: 1  value: 1175.051 mgc: 0.2364214 ustep: 1 
iter: 2  value: 1175.051 mgc: 0.0001239337 ustep: 1 
iter: 3  mgc: 3.834266e-11 
iter: 1  mgc: 3.834266e-11 
outer mgc:  0.9438374 
iter: 1  value: 1174.941 mgc: 0.07626013 ustep: 1 
iter: 2  value: 1174.941 mgc: 1.819964e-05 ustep: 1 
iter: 3  mgc: 1.514788e-12 
iter: 1  mgc: 1.514788e-12 
outer mgc:  0.2363515 
iter: 1  value: 1174.973 mgc: 0.02365993 ustep: 1 
iter: 2  value: 1174.973 mgc: 1.815248e-06 ustep: 1 
iter: 3  mgc: 6.661338e-14 
iter: 1  mgc: 6.661338e-14 
outer mgc:  0.03239789 
iter: 1  value: 1174.972 mgc: 0.002115364 ustep: 1 
iter: 2  value: 1174.972 mgc: 3.445114e-08 ustep: 1 
iter: 3  mgc: 3.796963e-14 
iter: 1  mgc: 3.796963e-14 
outer mgc:  0.01130543 
iter: 1  value: 1174.972 mgc: 0.0005781178 ustep: 1 
iter: 2  mgc: 1.217408e-09 
iter: 1  mgc: 1.217408e-09 
outer mgc:  0.0002287275 
iter: 1  value: 1174.972 mgc: 2.778086e-05 ustep: 1 
iter: 2  mgc: 1.397105e-12 
iter: 1  mgc: 1.397105e-12 
outer mgc:  1.609394e-05 
iter: 1  value: 1174.972 mgc: 1.761647e-06 ustep: 1 
iter: 2  mgc: 3.641532e-14 
iter: 1  mgc: 3.641532e-14 
outer mgc:  2.297747e-07 
iter: 1  value: 1174.972 mgc: 1.6748e-08 ustep: 1 
mgc: 3.419487e-14 
iter: 1  mgc: 3.641532e-14 
iter: 1  mgc: 3.641532e-14 
outer mgc:  2.297747e-07 
iter: 1  value: 1174.97 mgc: 0.05283543 ustep: 1 
iter: 2  value: 1174.97 mgc: 4.86619e-06 ustep: 1 
iter: 3  mgc: 4.907511e-14 
outer mgc:  1.556402 
iter: 1  value: 1174.975 mgc: 0.05281371 ustep: 1 
iter: 2  value: 1174.975 mgc: 4.871988e-06 ustep: 1 
iter: 3  mgc: 5.676015e-14 
outer mgc:  1.556308 
iter: 1  value: 1174.972 mgc: 0.03016164 ustep: 1 
iter: 2  value: 1174.972 mgc: 1.539164e-06 ustep: 1 
iter: 3  mgc: 3.730349e-14 
outer mgc:  1.452916 
iter: 1  value: 1174.973 mgc: 0.03015068 ustep: 1 
iter: 2  value: 1174.973 mgc: 1.540008e-06 ustep: 1 
iter: 3  mgc: 4.218847e-14 
outer mgc:  1.452703 
iter: 1  value: 1174.976 mgc: 0.06267475 ustep: 1 
iter: 2  value: 1174.976 mgc: 4.011809e-06 ustep: 1 
iter: 3  mgc: 9.414691e-14 
outer mgc:  1.49473 
iter: 1  value: 1174.969 mgc: 0.06267935 ustep: 1 
iter: 2  value: 1174.969 mgc: 4.004046e-06 ustep: 1 
iter: 3  mgc: 1.083578e-13 
outer mgc:  1.494786 
iter: 1  value: 1174.977 mgc: 0.03352197 ustep: 1 
iter: 2  value: 1174.977 mgc: 1.120381e-06 ustep: 1 
iter: 3  mgc: 4.085621e-14 
outer mgc:  1.61854 
iter: 1  value: 1174.968 mgc: 0.03352826 ustep: 1 
iter: 2  value: 1174.968 mgc: 1.121808e-06 ustep: 1 
iter: 3  mgc: 3.580469e-14 
outer mgc:  1.61866 
iter: 1  value: 1174.959 mgc: 0.006360061 ustep: 1 
iter: 2  value: 1174.959 mgc: 9.679404e-08 ustep: 1 
mgc: 3.552714e-14 
outer mgc:  0.01286887 
iter: 1  value: 1174.985 mgc: 0.006357943 ustep: 1 
iter: 2  value: 1174.985 mgc: 9.683399e-08 ustep: 1 
mgc: 4.485301e-14 
outer mgc:  0.01287367 
iter: 1  value: 1175.005 mgc: 0.0440993 ustep: 1 
iter: 2  value: 1175.005 mgc: 4.884155e-06 ustep: 1 
iter: 3  mgc: 8.393286e-14 
outer mgc:  0.5430013 
iter: 1  value: 1174.939 mgc: 0.04422545 ustep: 1 
iter: 2  value: 1174.939 mgc: 4.898552e-06 ustep: 1 
iter: 3  mgc: 9.814372e-14 
outer mgc:  0.5432145 
iter: 1  value: 1174.991 mgc: 0.03958083 ustep: 1 
iter: 2  value: 1174.991 mgc: 2.836487e-06 ustep: 1 
iter: 3  mgc: 7.638334e-14 
outer mgc:  0.590612 
iter: 1  value: 1174.954 mgc: 0.03969771 ustep: 1 
iter: 2  value: 1174.954 mgc: 2.835507e-06 ustep: 1 
iter: 3  mgc: 4.263256e-14 
outer mgc:  0.5913419 
[Sun Aug 15 21:35:38 2021]
Finished job 0.
1 of 1 steps (100%) done
