Building DAG of jobs...
Using shell: /usr/bin/bash
Provided cores: 1 (use --cores to define parallelism)
Rules claiming more threads will be scaled down.
Job counts:
	count	jobs
	1	inference_simulation_TMB_multiple
	1

[Mon Aug 16 06:42:15 2021]
rule inference_simulation_TMB_multiple:
    input: ../data/assessing_models_simulation/datasets/multiple_GenerationJnorm2_20_100_80_3_0.02_NA_NA_NA_dataset1.RDS
    output: ../data/assessing_models_simulation/inference_results/TMB/nlminb/multiple_GenerationJnorm2_20_100_80_3_0.02_fullREM_NA_NA_NA_dataset1.RDS
    log: logs/inference/nlminb/simulation_GenerationJnorm2_20_100_80_3_0.02_ModelfullREM_NA_NA_NA_dataset1.log
    jobid: 0
    wildcards: optimiser=nlminb, datasetgeneration=GenerationJnorm2, n=20, nlambda=100, lmbda=80, d=3, beta_intensity=0.02, model=fullREM, fixed_beta_intercept=NA, fixed_beta_slope=NA, sdRE_input=NA, itnum=1

Rscript 2_inference_TMB/run_TMB.R --input ../data/assessing_models_simulation/datasets/multiple_GenerationJnorm2_20_100_80_3_0.02_NA_NA_NA_dataset1.RDS --output ../data/assessing_models_simulation/inference_results/TMB/nlminb/multiple_GenerationJnorm2_20_100_80_3_0.02_fullREM_NA_NA_NA_dataset1.RDS --model fullREM --optimiser nlminb
Model: fullREM 
Feature type: signatures 
Using nlminb: TRUE 
Simulation boolean: TRUE 
make: Nothing to be done for 'all'.
../data/assessing_models_simulation/datasets/multiple_GenerationJnorm2_20_100_80_3_0.02_NA_NA_NA_dataset1.RDS[1] "../data/assessing_models_simulation/datasets/multiple_GenerationJnorm2_20_100_80_3_0.02_NA_NA_NA_dataset1.RDS"
Reading file ../data/assessing_models_simulation/datasets/multiple_GenerationJnorm2_20_100_80_3_0.02_NA_NA_NA_dataset1.RDS 
Loading required package: nnet
# weights:  9 (4 variable)
initial  value 4440.590871 
final  value 4185.798835 
converged
Order of parameters:
[1] "beta"       "u_large"    "logs_sd_RE" "cov_par_RE"
Not matching template order:
[1] "beta"       "u_large"    "cov_par_RE" "logs_sd_RE"
Your parameter list has been re-ordered.
(Disable this warning with checkParameterOrder=FALSE)
Constructing atomic invpd
Constructing atomic D_lgamma
Constructing atomic invpd
Constructing atomic D_lgamma
Constructing atomic matmul
Constructing atomic invpd
Constructing atomic D_lgamma
Constructing atomic matmul
Optimizing tape... Done
iter: 1  value: 1606.171 mgc: 100.202 ustep: 1 
iter: 2  value: 1167.366 mgc: 48.99879 ustep: 0.2494656 
iter: 3  value: 405.3193 mgc: 119.7126 ustep: 0.4995153 
iter: 4  value: 363.7506 mgc: 25.95909 ustep: 0.4584685 
iter: 5  value: 307.0514 mgc: 58.59534 ustep: 0.6771353 
iter: 6  value: 305.501 mgc: 7.526547 ustep: 0.8229 
iter: 7  value: 305.4879 mgc: 0.6923916 ustep: 0.9071477 
iter: 8  value: 305.4879 mgc: 0.006798781 ustep: 0.9524478 
iter: 9  value: 305.4879 mgc: 1.331959e-05 ustep: 0.9759367 
iter: 10  value: 305.4879 mgc: 1.308675e-08 ustep: 0.9878963 
mgc: 7.946865e-12 
iter: 1  mgc: 7.946865e-12 
Matching hessian patterns... Done
outer mgc:  20.45345 
iter: 1  value: 296.5659 mgc: 21.74339 ustep: 1 
iter: 2  value: 295.6732 mgc: 2.087675 ustep: 1 
iter: 3  value: 295.6731 mgc: 0.03052413 ustep: 1 
iter: 4  value: 295.6731 mgc: 1.201924e-05 ustep: 1 
iter: 5  mgc: 1.882716e-12 
iter: 1  mgc: 1.882716e-12 
outer mgc:  64.55089 
iter: 1  value: 272.8046 mgc: 9.50512 ustep: 1 
iter: 2  value: 272.7713 mgc: 0.6952207 ustep: 1 
iter: 3  value: 272.7713 mgc: 0.003228262 ustep: 1 
iter: 4  value: 272.7713 mgc: 7.102055e-08 ustep: 1 
mgc: 1.221245e-14 
iter: 1  mgc: 1.221245e-14 
outer mgc:  28.57295 
iter: 1  value: 268.224 mgc: 24.88254 ustep: 1 
iter: 2  value: 265.4397 mgc: 5.786416 ustep: 1 
iter: 3  value: 265.4383 mgc: 0.1816051 ustep: 1 
iter: 4  value: 265.4383 mgc: 0.0001913654 ustep: 1 
iter: 5  mgc: 2.159801e-10 
iter: 1  mgc: 2.159801e-10 
outer mgc:  62.82325 
iter: 1  value: 336.2075 mgc: 37.79773 ustep: 1 
iter: 2  value: 334.2034 mgc: 4.162677 ustep: 1 
iter: 3  value: 334.2032 mgc: 0.05049953 ustep: 1 
iter: 4  value: 334.2032 mgc: 7.449872e-06 ustep: 1 
iter: 5  mgc: 1.603162e-13 
iter: 1  value: 255.4093 mgc: 12.16391 ustep: 1 
iter: 2  value: 255.3981 mgc: 0.2743783 ustep: 1 
iter: 3  value: 255.3981 mgc: 0.0004252329 ustep: 1 
iter: 4  mgc: 8.37298e-10 
iter: 1  mgc: 8.37298e-10 
outer mgc:  32.70586 
iter: 1  value: 251.2709 mgc: 2.039363 ustep: 1 
iter: 2  value: 251.2709 mgc: 0.009900284 ustep: 1 
iter: 3  value: 251.2709 mgc: 5.150683e-07 ustep: 1 
iter: 4  mgc: 1.421085e-14 
iter: 1  mgc: 1.421085e-14 
outer mgc:  19.9314 
iter: 1  value: 249.1935 mgc: 8.00692 ustep: 1 
iter: 2  value: 249.1864 mgc: 0.2443463 ustep: 1 
iter: 3  value: 249.1864 mgc: 0.0002901611 ustep: 1 
iter: 4  mgc: 4.065375e-10 
iter: 1  mgc: 4.065375e-10 
outer mgc:  24.7772 
iter: 1  value: 245.5686 mgc: 8.552683 ustep: 1 
iter: 2  value: 245.5646 mgc: 0.2038914 ustep: 1 
iter: 3  value: 245.5646 mgc: 0.0001453327 ustep: 1 
iter: 4  mgc: 1.023834e-10 
iter: 1  mgc: 1.023834e-10 
outer mgc:  10.07223 
iter: 1  value: 243.36 mgc: 4.031355 ustep: 1 
iter: 2  value: 243.3596 mgc: 0.06756845 ustep: 1 
iter: 3  value: 243.3596 mgc: 2.401053e-05 ustep: 1 
iter: 4  mgc: 2.772893e-12 
iter: 1  mgc: 2.772893e-12 
outer mgc:  9.283389 
iter: 1  value: 245.267 mgc: 7.54653 ustep: 1 
iter: 2  value: 245.2652 mgc: 0.1466732 ustep: 1 
iter: 3  value: 245.2652 mgc: 7.486638e-05 ustep: 1 
iter: 4  mgc: 1.792788e-11 
iter: 1  value: 243.2154 mgc: 2.216506 ustep: 1 
iter: 2  value: 243.2154 mgc: 0.005647091 ustep: 1 
iter: 3  value: 243.2154 mgc: 1.144374e-07 ustep: 1 
mgc: 1.64313e-14 
iter: 1  mgc: 1.64313e-14 
outer mgc:  7.985233 
iter: 1  value: 242.9245 mgc: 1.489866 ustep: 1 
iter: 2  value: 242.9245 mgc: 0.007897963 ustep: 1 
iter: 3  value: 242.9245 mgc: 2.646472e-07 ustep: 1 
iter: 4  mgc: 1.44329e-14 
iter: 1  mgc: 1.44329e-14 
outer mgc:  2.479755 
iter: 1  value: 242.7656 mgc: 0.6156458 ustep: 1 
iter: 2  value: 242.7656 mgc: 0.001059312 ustep: 1 
iter: 3  mgc: 4.617937e-09 
iter: 1  mgc: 4.617937e-09 
outer mgc:  3.222626 
iter: 1  value: 242.5717 mgc: 0.9632411 ustep: 1 
iter: 2  value: 242.5717 mgc: 0.003027378 ustep: 1 
iter: 3  value: 242.5717 mgc: 2.503094e-08 ustep: 1 
mgc: 1.776357e-14 
iter: 1  mgc: 1.776357e-14 
outer mgc:  1.385526 
iter: 1  value: 242.3484 mgc: 0.9915694 ustep: 1 
iter: 2  value: 242.3484 mgc: 0.001243839 ustep: 1 
iter: 3  mgc: 4.44294e-09 
iter: 1  mgc: 4.44294e-09 
outer mgc:  3.352598 
iter: 1  value: 242.2267 mgc: 0.9272374 ustep: 1 
iter: 2  value: 242.2267 mgc: 0.001700388 ustep: 1 
iter: 3  mgc: 9.288282e-09 
iter: 1  mgc: 9.288282e-09 
outer mgc:  1.360039 
iter: 1  value: 242.2747 mgc: 0.6186911 ustep: 1 
iter: 2  value: 242.2747 mgc: 0.0009381623 ustep: 1 
iter: 3  mgc: 4.420029e-09 
iter: 1  mgc: 4.420029e-09 
outer mgc:  2.487629 
iter: 1  value: 242.2217 mgc: 0.5036309 ustep: 1 
iter: 2  value: 242.2217 mgc: 0.0008724702 ustep: 1 
iter: 3  mgc: 2.445697e-09 
iter: 1  mgc: 2.445697e-09 
outer mgc:  0.6776841 
iter: 1  value: 241.942 mgc: 0.6095493 ustep: 1 
iter: 2  value: 241.942 mgc: 0.0006539486 ustep: 1 
iter: 3  mgc: 6.989858e-10 
iter: 1  mgc: 6.989858e-10 
outer mgc:  0.9624791 
iter: 1  value: 241.7332 mgc: 0.4840385 ustep: 1 
iter: 2  value: 241.7332 mgc: 0.0003491519 ustep: 1 
iter: 3  mgc: 3.370344e-10 
iter: 1  mgc: 3.370344e-10 
outer mgc:  1.538818 
iter: 1  value: 241.7144 mgc: 0.458003 ustep: 1 
iter: 2  value: 241.7144 mgc: 0.0003647283 ustep: 1 
iter: 3  mgc: 4.02161e-10 
iter: 1  mgc: 4.02161e-10 
outer mgc:  0.5420918 
iter: 1  value: 241.6446 mgc: 0.9281134 ustep: 1 
iter: 2  value: 241.6446 mgc: 0.003193878 ustep: 1 
iter: 3  value: 241.6446 mgc: 4.451297e-08 ustep: 1 
mgc: 1.754152e-14 
iter: 1  value: 241.695 mgc: 0.2235427 ustep: 1 
iter: 2  value: 241.695 mgc: 0.0001950779 ustep: 1 
iter: 3  mgc: 1.747951e-10 
iter: 1  mgc: 1.747951e-10 
outer mgc:  0.8422466 
iter: 1  value: 241.6716 mgc: 0.1608763 ustep: 1 
iter: 2  value: 241.6716 mgc: 2.724916e-05 ustep: 1 
iter: 3  mgc: 4.107825e-12 
iter: 1  mgc: 4.107825e-12 
outer mgc:  0.3867972 
iter: 1  value: 241.6477 mgc: 0.0890979 ustep: 1 
iter: 2  value: 241.6477 mgc: 1.012523e-05 ustep: 1 
iter: 3  mgc: 2.842171e-13 
iter: 1  value: 241.5991 mgc: 0.09589592 ustep: 1 
iter: 2  value: 241.5991 mgc: 2.015747e-05 ustep: 1 
iter: 3  mgc: 1.172396e-12 
iter: 1  value: 241.3984 mgc: 0.3867339 ustep: 1 
iter: 2  value: 241.3984 mgc: 0.0003245119 ustep: 1 
iter: 3  mgc: 3.001945e-10 
iter: 1  value: 241.055 mgc: 0.6431257 ustep: 1 
iter: 2  value: 241.055 mgc: 0.0008901618 ustep: 1 
iter: 3  mgc: 2.148887e-09 
iter: 1  mgc: 2.148887e-09 
outer mgc:  0.8734457 
iter: 1  value: 239.8566 mgc: 2.428244 ustep: 1 
iter: 2  value: 239.8566 mgc: 0.01336616 ustep: 1 
iter: 3  value: 239.8566 mgc: 4.690199e-07 ustep: 1 
iter: 4  mgc: 2.04281e-14 
iter: 1  value: 240.6534 mgc: 0.862192 ustep: 1 
iter: 2  value: 240.6534 mgc: 0.001477399 ustep: 1 
iter: 3  mgc: 6.289064e-09 
iter: 1  mgc: 6.289064e-09 
outer mgc:  0.9692513 
iter: 1  value: 240.3628 mgc: 0.7174854 ustep: 1 
iter: 2  value: 240.3628 mgc: 0.0009087924 ustep: 1 
iter: 3  mgc: 2.892738e-09 
iter: 1  value: 240.5156 mgc: 0.3324542 ustep: 1 
iter: 2  value: 240.5156 mgc: 0.0001982844 ustep: 1 
iter: 3  mgc: 1.400258e-10 
iter: 1  mgc: 1.400258e-10 
outer mgc:  0.4868655 
iter: 1  value: 240.3771 mgc: 0.5255817 ustep: 1 
iter: 2  value: 240.3771 mgc: 0.0002298675 ustep: 1 
iter: 3  mgc: 1.20564e-10 
iter: 1  mgc: 1.20564e-10 
outer mgc:  0.545911 
iter: 1  value: 240.361 mgc: 0.1733074 ustep: 1 
iter: 2  value: 240.361 mgc: 0.0002063235 ustep: 1 
iter: 3  mgc: 3.425895e-10 
iter: 1  mgc: 3.425895e-10 
outer mgc:  0.4265669 
iter: 1  value: 240.3419 mgc: 0.2477415 ustep: 1 
iter: 2  value: 240.3419 mgc: 0.0001551828 ustep: 1 
iter: 3  mgc: 6.494227e-11 
iter: 1  mgc: 6.494227e-11 
outer mgc:  0.1018614 
iter: 1  value: 240.3452 mgc: 0.05359728 ustep: 1 
iter: 2  value: 240.3452 mgc: 4.831082e-06 ustep: 1 
iter: 3  mgc: 2.464695e-14 
iter: 1  mgc: 2.464695e-14 
outer mgc:  0.03412518 
iter: 1  value: 240.3395 mgc: 0.01297934 ustep: 1 
iter: 2  value: 240.3395 mgc: 3.894302e-07 ustep: 1 
iter: 3  mgc: 1.509903e-14 
iter: 1  mgc: 1.509903e-14 
outer mgc:  0.01204087 
iter: 1  value: 240.3407 mgc: 0.006363223 ustep: 1 
iter: 2  value: 240.3407 mgc: 3.937013e-08 ustep: 1 
mgc: 1.765255e-14 
iter: 1  mgc: 1.765255e-14 
outer mgc:  0.002916577 
iter: 1  value: 240.3405 mgc: 0.00127481 ustep: 1 
iter: 2  mgc: 1.189196e-09 
iter: 1  mgc: 1.189196e-09 
outer mgc:  0.000204453 
iter: 1  value: 240.3404 mgc: 4.230307e-05 ustep: 1 
iter: 2  mgc: 2.329692e-12 
iter: 1  mgc: 2.329692e-12 
outer mgc:  1.064468e-05 
iter: 1  mgc: 2.329692e-12 
iter: 1  mgc: 2.329692e-12 
outer mgc:  1.064468e-05 
iter: 1  value: 240.3405 mgc: 0.04957663 ustep: 1 
iter: 2  value: 240.3405 mgc: 4.593214e-06 ustep: 1 
iter: 3  mgc: 7.01661e-14 
outer mgc:  0.2632017 
iter: 1  value: 240.3407 mgc: 0.04956704 ustep: 1 
iter: 2  value: 240.3407 mgc: 4.595259e-06 ustep: 1 
iter: 3  mgc: 5.639933e-14 
outer mgc:  0.2631913 
iter: 1  value: 240.3405 mgc: 0.02459169 ustep: 1 
iter: 2  value: 240.3405 mgc: 1.34006e-06 ustep: 1 
iter: 3  mgc: 2.353673e-14 
outer mgc:  0.2556488 
iter: 1  value: 240.3406 mgc: 0.02458704 ustep: 1 
iter: 2  value: 240.3406 mgc: 1.339709e-06 ustep: 1 
iter: 3  mgc: 1.776357e-14 
outer mgc:  0.2556264 
iter: 1  value: 240.3405 mgc: 0.04626768 ustep: 1 
iter: 2  value: 240.3405 mgc: 3.288536e-06 ustep: 1 
iter: 3  mgc: 2.575717e-14 
outer mgc:  0.3200786 
iter: 1  value: 240.3407 mgc: 0.0462486 ustep: 1 
iter: 2  value: 240.3407 mgc: 3.288941e-06 ustep: 1 
iter: 3  mgc: 3.019807e-14 
outer mgc:  0.3200683 
iter: 1  value: 240.3405 mgc: 0.02337735 ustep: 1 
iter: 2  value: 240.3405 mgc: 9.384431e-07 ustep: 1 
iter: 3  mgc: 1.44329e-14 
outer mgc:  0.2574258 
iter: 1  value: 240.3406 mgc: 0.02336764 ustep: 1 
iter: 2  value: 240.3406 mgc: 9.379876e-07 ustep: 1 
iter: 3  mgc: 1.953993e-14 
outer mgc:  0.2573669 
iter: 1  value: 240.3367 mgc: 0.00539018 ustep: 1 
iter: 2  value: 240.3367 mgc: 4.209459e-08 ustep: 1 
mgc: 1.953993e-14 
outer mgc:  0.001502369 
iter: 1  value: 240.3442 mgc: 0.005388229 ustep: 1 
iter: 2  value: 240.3442 mgc: 4.213046e-08 ustep: 1 
mgc: 1.332268e-14 
outer mgc:  0.001498749 
iter: 1  value: 240.3459 mgc: 0.03839663 ustep: 1 
iter: 2  value: 240.3459 mgc: 8.067275e-07 ustep: 1 
iter: 3  mgc: 2.575717e-14 
outer mgc:  0.08555839 
iter: 1  value: 240.3351 mgc: 0.03849816 ustep: 1 
iter: 2  value: 240.3351 mgc: 8.091109e-07 ustep: 1 
iter: 3  mgc: 1.554312e-14 
outer mgc:  0.08564637 
iter: 1  value: 240.3482 mgc: 0.03992123 ustep: 1 
iter: 2  value: 240.3482 mgc: 1.809352e-06 ustep: 1 
iter: 3  mgc: 2.087219e-14 
outer mgc:  0.07772479 
iter: 1  value: 240.3328 mgc: 0.04003464 ustep: 1 
iter: 2  value: 240.3328 mgc: 1.812456e-06 ustep: 1 
iter: 3  mgc: 1.421085e-14 
outer mgc:  0.07774173 
[Mon Aug 16 06:42:16 2021]
Finished job 0.
1 of 1 steps (100%) done
