Building DAG of jobs...
Using shell: /usr/bin/bash
Provided cores: 1 (use --cores to define parallelism)
Rules claiming more threads will be scaled down.
Job counts:
	count	jobs
	1	inference_simulation_TMB_multiple
	1

[Mon Aug 16 00:42:02 2021]
rule inference_simulation_TMB_multiple:
    input: ../data/assessing_models_simulation/datasets/multiple_GenerationJnorm2_10_100_10_6_0_NA_NA_NA_dataset1.RDS
    output: ../data/assessing_models_simulation/inference_results/TMB/nlminb/multiple_GenerationJnorm2_10_100_10_6_0_diagREDM_NA_NA_NA_dataset1.RDS
    log: logs/inference/nlminb/simulation_GenerationJnorm2_10_100_10_6_0_ModeldiagREDM_NA_NA_NA_dataset1.log
    jobid: 0
    wildcards: optimiser=nlminb, datasetgeneration=GenerationJnorm2, n=10, nlambda=100, lmbda=10, d=6, beta_intensity=0, model=diagREDM, fixed_beta_intercept=NA, fixed_beta_slope=NA, sdRE_input=NA, itnum=1

Rscript 2_inference_TMB/run_TMB.R --input ../data/assessing_models_simulation/datasets/multiple_GenerationJnorm2_10_100_10_6_0_NA_NA_NA_dataset1.RDS --output ../data/assessing_models_simulation/inference_results/TMB/nlminb/multiple_GenerationJnorm2_10_100_10_6_0_diagREDM_NA_NA_NA_dataset1.RDS --model diagREDM --optimiser nlminb
Model: diagREDM 
Feature type: signatures 
Using nlminb: TRUE 
Simulation boolean: TRUE 
make: Nothing to be done for 'all'.
../data/assessing_models_simulation/datasets/multiple_GenerationJnorm2_10_100_10_6_0_NA_NA_NA_dataset1.RDS[1] "../data/assessing_models_simulation/datasets/multiple_GenerationJnorm2_10_100_10_6_0_NA_NA_NA_dataset1.RDS"
Reading file ../data/assessing_models_simulation/datasets/multiple_GenerationJnorm2_10_100_10_6_0_NA_NA_NA_dataset1.RDS 
Loading required package: nnet
# weights:  18 (10 variable)
initial  value 3409.718270 
iter  10 value 2981.606893
final  value 2965.016118 
converged
Constructing atomic invpd
Constructing atomic D_lgamma
Constructing atomic invpd
Constructing atomic D_lgamma
Constructing atomic matmul
Constructing atomic invpd
Constructing atomic D_lgamma
Constructing atomic matmul
Optimizing tape... Done
iter: 1  value: 3885.001 mgc: 112.4309 ustep: 0.6827823 
iter: 2  value: 3351.444 mgc: 63.32704 ustep: 0.0359561 
iter: 3  value: 2997.244 mgc: 56.45856 ustep: 0.09982446 
iter: 4  value: 2995.75 mgc: 41.83679 ustep: 0.09056858 
iter: 5  value: 2864.591 mgc: 88.16644 ustep: 0.301016 
iter: 6  value: 2853.764 mgc: 16.95306 ustep: 0.5486944 
iter: 7  value: 2852.757 mgc: 4.173251 ustep: 0.740765 
iter: 8  value: 2852.721 mgc: 0.4848902 ustep: 0.860691 
iter: 9  value: 2852.721 mgc: 0.02528485 ustep: 0.9277416 
iter: 10  value: 2852.721 mgc: 0.002048389 ustep: 0.9631971 
iter: 11  value: 2852.721 mgc: 8.038868e-05 ustep: 0.9814279 
iter: 12  value: 2852.721 mgc: 1.583371e-06 ustep: 0.9906714 
iter: 13  value: 2852.721 mgc: 1.56876e-08 ustep: 0.9953252 
iter: 14  mgc: 7.795109e-11 
iter: 1  mgc: 7.795109e-11 
Matching hessian patterns... Done
outer mgc:  70.01017 
iter: 1  value: 2793.225 mgc: 24.68093 ustep: 1 
iter: 2  value: 2792.926 mgc: 1.268807 ustep: 1 
iter: 3  value: 2792.926 mgc: 0.02614312 ustep: 1 
iter: 4  value: 2792.926 mgc: 2.280781e-05 ustep: 1 
iter: 5  mgc: 1.685296e-11 
iter: 1  mgc: 1.685296e-11 
outer mgc:  31.56717 
iter: 1  value: 2776.492 mgc: 17.94415 ustep: 1 
iter: 2  value: 2775.859 mgc: 2.580597 ustep: 1 
iter: 3  value: 2775.859 mgc: 0.1017907 ustep: 1 
iter: 4  value: 2775.859 mgc: 0.0001810597 ustep: 1 
iter: 5  mgc: 5.771526e-10 
iter: 1  mgc: 5.771526e-10 
outer mgc:  29.9786 
iter: 1  value: 2769.944 mgc: 6.776534 ustep: 1 
iter: 2  value: 2769.923 mgc: 0.4768614 ustep: 1 
iter: 3  value: 2769.923 mgc: 0.00393408 ustep: 1 
iter: 4  value: 2769.923 mgc: 2.766982e-07 ustep: 1 
iter: 5  mgc: 3.857692e-12 
iter: 1  mgc: 3.857692e-12 
outer mgc:  33.85111 
iter: 1  value: 2772.934 mgc: 26.50113 ustep: 1 
iter: 2  value: 2759.842 mgc: 8.903581 ustep: 1 
iter: 3  value: 2759.645 mgc: 1.432285 ustep: 1 
iter: 4  value: 2759.645 mgc: 0.06305611 ustep: 1 
iter: 5  value: 2759.645 mgc: 0.0001395933 ustep: 1 
iter: 6  mgc: 6.896237e-10 
iter: 1  mgc: 6.896237e-10 
outer mgc:  11.75929 
iter: 1  value: 2773.791 mgc: 19.37508 ustep: 1 
iter: 2  value: 2773.402 mgc: 2.113817 ustep: 1 
iter: 3  value: 2773.402 mgc: 0.0516441 ustep: 1 
iter: 4  value: 2773.402 mgc: 3.461153e-05 ustep: 1 
iter: 5  mgc: 1.241496e-11 
iter: 1  value: 2757.048 mgc: 5.970659 ustep: 1 
iter: 2  value: 2757.046 mgc: 0.1653871 ustep: 1 
iter: 3  value: 2757.046 mgc: 0.0003524755 ustep: 1 
iter: 4  mgc: 1.612399e-09 
iter: 1  mgc: 1.612399e-09 
outer mgc:  6.620628 
iter: 1  value: 2756.98 mgc: 5.551616 ustep: 1 
iter: 2  value: 2756.978 mgc: 0.1255295 ustep: 1 
iter: 3  value: 2756.978 mgc: 0.0001562341 ustep: 1 
iter: 4  mgc: 3.77762e-10 
iter: 1  mgc: 3.77762e-10 
outer mgc:  15.17749 
iter: 1  value: 2755.206 mgc: 4.954285 ustep: 1 
iter: 2  value: 2755.206 mgc: 0.09549156 ustep: 1 
iter: 3  value: 2755.206 mgc: 8.254192e-05 ustep: 1 
iter: 4  mgc: 8.822365e-11 
iter: 1  mgc: 8.822365e-11 
outer mgc:  3.048869 
iter: 1  value: 2753.673 mgc: 7.490121 ustep: 1 
iter: 2  value: 2753.662 mgc: 0.2971973 ustep: 1 
iter: 3  value: 2753.662 mgc: 0.001505111 ustep: 1 
iter: 4  value: 2753.662 mgc: 7.894812e-08 ustep: 1 
mgc: 6.231016e-12 
iter: 1  value: 2753.092 mgc: 7.56361 ustep: 1 
iter: 2  value: 2753.081 mgc: 0.2999025 ustep: 1 
iter: 3  value: 2753.081 mgc: 0.001562437 ustep: 1 
iter: 4  value: 2753.081 mgc: 8.521006e-08 ustep: 1 
mgc: 3.001432e-12 
iter: 1  mgc: 3.001432e-12 
outer mgc:  14.26052 
iter: 1  value: 2748.285 mgc: 19.10926 ustep: 1 
iter: 2  value: 2745.615 mgc: 3.354394 ustep: 1 
iter: 3  value: 2745.605 mgc: 0.2270832 ustep: 1 
iter: 4  value: 2745.605 mgc: 0.001755432 ustep: 1 
iter: 5  value: 2745.605 mgc: 1.074866e-07 ustep: 1 
iter: 6  mgc: 4.139578e-12 
iter: 1  value: 2844.308 mgc: 40.19845 ustep: 1 
iter: 2  value: 2750.124 mgc: 31.04223 ustep: 1 
iter: 3  value: 2745.581 mgc: 7.132763 ustep: 1 
iter: 4  value: 2745.503 mgc: 1.017712 ustep: 1 
iter: 5  value: 2745.503 mgc: 0.03309698 ustep: 1 
iter: 6  value: 2745.503 mgc: 3.860983e-05 ustep: 1 
iter: 7  mgc: 5.248749e-11 
iter: 1  mgc: 4.139578e-12 
outer mgc:  8.01547 
iter: 1  value: 2750.931 mgc: 13.64621 ustep: 1 
iter: 2  value: 2740.808 mgc: 8.956363 ustep: 1 
iter: 3  value: 2740.627 mgc: 0.923896 ustep: 1 
iter: 4  value: 2740.627 mgc: 0.02946893 ustep: 1 
iter: 5  value: 2740.627 mgc: 4.092608e-05 ustep: 1 
iter: 6  mgc: 1.696017e-10 
iter: 1  mgc: 1.696017e-10 
outer mgc:  11.02416 
iter: 1  value: 2804.29 mgc: 22.68205 ustep: 0.2494656 
iter: 2  value: 2762.38 mgc: 34.49183 ustep: 0.4995153 
iter: 3  value: 2759.949 mgc: 7.170946 ustep: 0.7067933 
iter: 4  value: 2759.918 mgc: 0.8078413 ustep: 0.8407259 
iter: 5  value: 2759.918 mgc: 0.02040242 ustep: 0.9169194 
iter: 6  value: 2759.918 mgc: 0.0001256864 ustep: 0.9575633 
iter: 7  value: 2759.918 mgc: 2.30086e-06 ustep: 0.9785538 
iter: 8  value: 2759.918 mgc: 2.139202e-08 ustep: 0.9892199 
iter: 9  mgc: 1.001437e-10 
iter: 1  value: 2737.508 mgc: 7.436349 ustep: 1 
iter: 2  value: 2737.411 mgc: 0.7935626 ustep: 1 
iter: 3  value: 2737.411 mgc: 0.01387693 ustep: 1 
iter: 4  value: 2737.411 mgc: 4.850533e-06 ustep: 1 
iter: 5  mgc: 1.448626e-12 
iter: 1  mgc: 1.448626e-12 
outer mgc:  5.202823 
iter: 1  value: 2735.905 mgc: 10.65256 ustep: 1 
iter: 2  value: 2735.889 mgc: 0.4758621 ustep: 1 
iter: 3  value: 2735.889 mgc: 0.002783855 ustep: 1 
iter: 4  value: 2735.889 mgc: 9.440357e-08 ustep: 1 
mgc: 2.142064e-12 
iter: 1  mgc: 2.142064e-12 
outer mgc:  1.954744 
iter: 1  value: 2734.89 mgc: 4.926021 ustep: 1 
iter: 2  value: 2734.884 mgc: 0.1777065 ustep: 1 
iter: 3  value: 2734.884 mgc: 0.0007349865 ustep: 1 
iter: 4  value: 2734.884 mgc: 2.394997e-08 ustep: 1 
mgc: 1.449285e-12 
iter: 1  mgc: 1.449285e-12 
outer mgc:  2.689068 
iter: 1  value: 2733.236 mgc: 2.094902 ustep: 1 
iter: 2  value: 2733.235 mgc: 0.07685661 ustep: 1 
iter: 3  value: 2733.235 mgc: 0.0001178593 ustep: 1 
iter: 4  mgc: 2.78966e-10 
iter: 1  value: 2726.923 mgc: 6.419554 ustep: 1 
iter: 2  value: 2726.915 mgc: 0.2552163 ustep: 1 
iter: 3  value: 2726.915 mgc: 0.001322189 ustep: 1 
iter: 4  value: 2726.915 mgc: 4.528872e-08 ustep: 1 
mgc: 3.470557e-13 
iter: 1  value: 2755.189 mgc: 6.280633 ustep: 1 
iter: 2  value: 2743.667 mgc: 8.81485 ustep: 1 
iter: 3  value: 2743.269 mgc: 1.386706 ustep: 1 
iter: 4  value: 2743.266 mgc: 0.1339981 ustep: 1 
iter: 5  value: 2743.266 mgc: 0.001905204 ustep: 1 
iter: 6  value: 2743.266 mgc: 4.046321e-07 ustep: 1 
iter: 7  mgc: 1.931788e-14 
iter: 1  mgc: 1.931788e-14 
outer mgc:  27.11053 
iter: 1  value: 2831.664 mgc: 32.7134 ustep: 1 
iter: 2  value: 2736.446 mgc: 48.07902 ustep: 1 
iter: 3  value: 2724.632 mgc: 22.6316 ustep: 1 
iter: 4  value: 2724.142 mgc: 5.330859 ustep: 1 
iter: 5  value: 2724.142 mgc: 0.04939181 ustep: 1 
iter: 6  value: 2724.142 mgc: 0.0001567213 ustep: 1 
iter: 7  mgc: 2.662668e-10 
iter: 1  mgc: 2.662668e-10 
outer mgc:  15.56423 
iter: 1  value: 2715.268 mgc: 23.93095 ustep: 1 
iter: 2  value: 2711.081 mgc: 5.19213 ustep: 1 
iter: 3  value: 2711.064 mgc: 0.3642664 ustep: 1 
iter: 4  value: 2711.064 mgc: 0.003825121 ustep: 1 
iter: 5  value: 2711.064 mgc: 4.46169e-07 ustep: 1 
iter: 6  mgc: 3.478329e-13 
iter: 1  mgc: 3.478329e-13 
outer mgc:  12.07714 
iter: 1  value: 2820.079 mgc: 38.29359 ustep: 0.1361167 
iter: 2  value: 2729.883 mgc: 31.24098 ustep: 0.3690031 
iter: 3  value: 2723.608 mgc: 10.23638 ustep: 0.6074955 
iter: 4  value: 2723.525 mgc: 0.3744816 ustep: 0.7794421 
iter: 5  value: 2723.524 mgc: 0.0530705 ustep: 0.8828719 
iter: 6  value: 2723.524 mgc: 0.003860694 ustep: 0.9396187 
iter: 7  value: 2723.524 mgc: 0.0001338514 ustep: 0.9693424 
iter: 8  value: 2723.524 mgc: 3.056396e-06 ustep: 0.9845534 
iter: 9  value: 2723.524 mgc: 3.961167e-08 ustep: 0.9922474 
iter: 10  mgc: 2.583818e-10 
iter: 1  value: 2708.4 mgc: 20.43061 ustep: 1 
iter: 2  value: 2702.899 mgc: 5.969615 ustep: 1 
iter: 3  value: 2702.87 mgc: 0.473955 ustep: 1 
iter: 4  value: 2702.87 mgc: 0.004360376 ustep: 1 
iter: 5  value: 2702.87 mgc: 4.499941e-07 ustep: 1 
iter: 6  mgc: 4.384548e-13 
iter: 1  mgc: 4.384548e-13 
outer mgc:  2.863103 
iter: 1  value: 2705.654 mgc: 18.16741 ustep: 1 
iter: 2  value: 2705.051 mgc: 2.889821 ustep: 1 
iter: 3  value: 2705.05 mgc: 0.1366675 ustep: 1 
iter: 4  value: 2705.05 mgc: 0.0003679405 ustep: 1 
iter: 5  mgc: 2.722143e-09 
iter: 1  value: 2701.943 mgc: 7.280857 ustep: 1 
iter: 2  value: 2701.925 mgc: 0.3114206 ustep: 1 
iter: 3  value: 2701.925 mgc: 0.002684979 ustep: 1 
iter: 4  value: 2701.925 mgc: 2.030154e-07 ustep: 1 
iter: 5  mgc: 3.106404e-13 
iter: 1  mgc: 3.106404e-13 
outer mgc:  1.306625 
iter: 1  value: 2701.551 mgc: 2.363793 ustep: 1 
iter: 2  value: 2701.551 mgc: 0.03761938 ustep: 1 
iter: 3  value: 2701.551 mgc: 2.311773e-05 ustep: 1 
iter: 4  mgc: 6.393064e-11 
iter: 1  mgc: 6.393064e-11 
outer mgc:  1.05572 
iter: 1  value: 2700.722 mgc: 2.106054 ustep: 1 
iter: 2  value: 2700.722 mgc: 0.03265582 ustep: 1 
iter: 3  value: 2700.722 mgc: 5.983361e-05 ustep: 1 
iter: 4  mgc: 1.920368e-10 
iter: 1  mgc: 1.920368e-10 
outer mgc:  1.256285 
iter: 1  value: 2700.449 mgc: 1.821081 ustep: 1 
iter: 2  value: 2700.449 mgc: 0.06611152 ustep: 1 
iter: 3  value: 2700.449 mgc: 0.0001034884 ustep: 1 
iter: 4  mgc: 2.584959e-10 
iter: 1  value: 2700.282 mgc: 5.229374 ustep: 1 
iter: 2  value: 2700.28 mgc: 0.1424942 ustep: 1 
iter: 3  value: 2700.28 mgc: 0.0005532782 ustep: 1 
iter: 4  mgc: 9.093501e-09 
iter: 1  mgc: 2.584959e-10 
outer mgc:  1.577586 
iter: 1  value: 2700.06 mgc: 1.047701 ustep: 1 
iter: 2  value: 2700.06 mgc: 0.01020625 ustep: 1 
iter: 3  value: 2700.06 mgc: 2.762031e-06 ustep: 1 
iter: 4  mgc: 4.156675e-13 
iter: 1  value: 2699.129 mgc: 4.724451 ustep: 1 
iter: 2  value: 2699.122 mgc: 0.1485235 ustep: 1 
iter: 3  value: 2699.122 mgc: 0.001354356 ustep: 1 
iter: 4  value: 2699.122 mgc: 1.45087e-07 ustep: 1 
iter: 5  mgc: 6.661338e-14 
iter: 1  value: 2714.015 mgc: 28.81968 ustep: 1 
iter: 2  value: 2711.562 mgc: 2.78645 ustep: 1 
iter: 3  value: 2711.535 mgc: 0.3574753 ustep: 1 
iter: 4  value: 2711.535 mgc: 0.01539639 ustep: 1 
iter: 5  value: 2711.535 mgc: 3.453643e-05 ustep: 1 
iter: 6  mgc: 1.742841e-10 
iter: 1  mgc: 6.661338e-14 
outer mgc:  3.94956 
iter: 1  value: 2697.704 mgc: 13.17846 ustep: 1 
iter: 2  value: 2697.253 mgc: 1.027217 ustep: 1 
iter: 3  value: 2697.252 mgc: 0.0952685 ustep: 1 
iter: 4  value: 2697.252 mgc: 0.001057222 ustep: 1 
iter: 5  value: 2697.252 mgc: 1.398569e-07 ustep: 1 
iter: 6  mgc: 4.32987e-15 
iter: 1  value: 2935.861 mgc: 90.95687 ustep: 1 
iter: 2  value: 2935.331 mgc: 1.918842 ustep: 1 
iter: 3  value: 2935.33 mgc: 0.08601455 ustep: 1 
iter: 4  value: 2935.33 mgc: 0.0002592049 ustep: 1 
iter: 5  mgc: 2.237434e-09 
iter: 1  mgc: 4.32987e-15 
outer mgc:  4.701259 
iter: 1  value: 2746.444 mgc: 12.01823 ustep: 1 
iter: 2  value: 2734.958 mgc: 4.367536 ustep: 1 
iter: 3  value: 2734.493 mgc: 0.914157 ustep: 1 
iter: 4  value: 2734.491 mgc: 0.07182007 ustep: 1 
iter: 5  value: 2734.491 mgc: 0.0007562659 ustep: 1 
iter: 6  value: 2734.491 mgc: 8.662734e-08 ustep: 1 
iter: 7  mgc: 3.379241e-15 
iter: 1  value: 2693.387 mgc: 1.721081 ustep: 1 
iter: 2  value: 2693.371 mgc: 0.1571709 ustep: 1 
iter: 3  value: 2693.371 mgc: 0.0021352 ustep: 1 
iter: 4  value: 2693.371 mgc: 4.189005e-07 ustep: 1 
iter: 5  mgc: 1.598721e-14 
iter: 1  mgc: 1.598721e-14 
outer mgc:  2.64679 
iter: 1  value: 2692.364 mgc: 2.818009 ustep: 1 
iter: 2  value: 2692.359 mgc: 0.1214268 ustep: 1 
iter: 3  value: 2692.359 mgc: 0.0005062045 ustep: 1 
iter: 4  value: 2692.359 mgc: 1.171209e-08 ustep: 1 
mgc: 8.65974e-15 
iter: 1  mgc: 8.65974e-15 
outer mgc:  7.302017 
iter: 1  value: 2689.075 mgc: 2.245623 ustep: 1 
iter: 2  value: 2689.074 mgc: 0.060669 ustep: 1 
iter: 3  value: 2689.074 mgc: 0.0001341008 ustep: 1 
iter: 4  mgc: 1.147976e-09 
iter: 1  mgc: 1.147976e-09 
outer mgc:  1.469502 
iter: 1  value: 2686.97 mgc: 0.7215721 ustep: 1 
iter: 2  value: 2686.969 mgc: 0.03890721 ustep: 1 
iter: 3  value: 2686.969 mgc: 9.431469e-05 ustep: 1 
iter: 4  mgc: 5.715535e-10 
iter: 1  mgc: 5.715535e-10 
outer mgc:  1.504981 
iter: 1  value: 2684.855 mgc: 1.216524 ustep: 1 
iter: 2  value: 2684.854 mgc: 0.06786676 ustep: 1 
iter: 3  value: 2684.854 mgc: 0.0002782009 ustep: 1 
iter: 4  mgc: 4.683531e-09 
iter: 1  mgc: 4.683531e-09 
outer mgc:  0.9041837 
iter: 1  value: 2682.575 mgc: 0.7530117 ustep: 1 
iter: 2  value: 2682.575 mgc: 0.01232396 ustep: 1 
iter: 3  value: 2682.575 mgc: 4.224499e-06 ustep: 1 
iter: 4  mgc: 8.824053e-13 
iter: 1  mgc: 8.824053e-13 
outer mgc:  1.362499 
iter: 1  value: 2680.14 mgc: 0.8584077 ustep: 1 
iter: 2  value: 2680.14 mgc: 0.03104368 ustep: 1 
iter: 3  value: 2680.14 mgc: 5.946741e-05 ustep: 1 
iter: 4  mgc: 2.652558e-10 
iter: 1  mgc: 2.652558e-10 
outer mgc:  1.122401 
iter: 1  value: 2678.521 mgc: 1.041388 ustep: 1 
iter: 2  value: 2678.521 mgc: 0.02420238 ustep: 1 
iter: 3  value: 2678.521 mgc: 2.784365e-05 ustep: 1 
iter: 4  mgc: 4.175593e-11 
iter: 1  mgc: 4.175593e-11 
outer mgc:  1.063311 
iter: 1  value: 2676.698 mgc: 0.9500104 ustep: 1 
iter: 2  value: 2676.698 mgc: 0.01348299 ustep: 1 
iter: 3  value: 2676.698 mgc: 9.217572e-06 ustep: 1 
iter: 4  mgc: 5.277778e-12 
iter: 1  mgc: 5.277778e-12 
outer mgc:  0.3978153 
iter: 1  value: 2674.687 mgc: 0.8008984 ustep: 1 
iter: 2  value: 2674.687 mgc: 0.01179923 ustep: 1 
iter: 3  value: 2674.687 mgc: 5.314521e-06 ustep: 1 
iter: 4  mgc: 1.173728e-12 
iter: 1  value: 2676.159 mgc: 0.3418131 ustep: 1 
iter: 2  value: 2676.159 mgc: 0.0007667319 ustep: 1 
iter: 3  mgc: 9.312687e-09 
iter: 1  value: 2676.55 mgc: 0.2288823 ustep: 1 
iter: 2  value: 2676.55 mgc: 0.0002483886 ustep: 1 
iter: 3  mgc: 7.917784e-10 
iter: 1  mgc: 7.917784e-10 
outer mgc:  0.8557845 
iter: 1  value: 2676.324 mgc: 0.1665239 ustep: 1 
iter: 2  value: 2676.324 mgc: 0.0001697523 ustep: 1 
iter: 3  mgc: 8.798007e-10 
iter: 1  mgc: 8.798007e-10 
outer mgc:  0.1694098 
iter: 1  value: 2676.078 mgc: 0.1556957 ustep: 1 
iter: 2  value: 2676.078 mgc: 0.0001603457 ustep: 1 
iter: 3  mgc: 2.429341e-10 
iter: 1  value: 2675.416 mgc: 0.3118816 ustep: 1 
iter: 2  value: 2675.416 mgc: 0.0008934743 ustep: 1 
iter: 3  value: 2675.416 mgc: 3.389202e-08 ustep: 1 
mgc: 5.329071e-15 
iter: 1  mgc: 5.329071e-15 
outer mgc:  0.1819495 
iter: 1  value: 2673.835 mgc: 1.169658 ustep: 1 
iter: 2  value: 2673.835 mgc: 0.003518628 ustep: 1 
iter: 3  value: 2673.835 mgc: 9.789477e-08 ustep: 1 
iter: 4  mgc: 7.771561e-15 
iter: 1  mgc: 7.771561e-15 
outer mgc:  0.4463742 
iter: 1  value: 2672.689 mgc: 0.6765444 ustep: 1 
iter: 2  value: 2672.689 mgc: 0.001028713 ustep: 1 
iter: 3  value: 2672.689 mgc: 3.75069e-08 ustep: 1 
mgc: 4.440892e-15 
iter: 1  mgc: 4.440892e-15 
outer mgc:  0.1441271 
iter: 1  value: 2672.462 mgc: 0.2882771 ustep: 1 
iter: 2  value: 2672.462 mgc: 0.0001082658 ustep: 1 
iter: 3  mgc: 1.771128e-10 
iter: 1  mgc: 1.771128e-10 
outer mgc:  0.1346009 
iter: 1  value: 2672.242 mgc: 0.2006453 ustep: 1 
iter: 2  value: 2672.242 mgc: 0.0001490585 ustep: 1 
iter: 3  mgc: 7.859797e-10 
iter: 1  mgc: 7.859797e-10 
outer mgc:  0.07270239 
iter: 1  value: 2672.062 mgc: 0.2272922 ustep: 1 
iter: 2  value: 2672.062 mgc: 6.516205e-05 ustep: 1 
iter: 3  mgc: 1.259064e-10 
iter: 1  mgc: 1.259064e-10 
outer mgc:  0.06645987 
iter: 1  value: 2671.563 mgc: 0.722608 ustep: 1 
iter: 2  value: 2671.563 mgc: 0.0005433757 ustep: 1 
iter: 3  value: 2671.563 mgc: 1.226641e-08 ustep: 1 
mgc: 4.218847e-15 
iter: 1  mgc: 4.218847e-15 
outer mgc:  0.07454892 
iter: 1  value: 2671.237 mgc: 0.461216 ustep: 1 
iter: 2  value: 2671.237 mgc: 0.0001146531 ustep: 1 
iter: 3  mgc: 3.724407e-10 
iter: 1  mgc: 3.724407e-10 
outer mgc:  0.05286731 
iter: 1  value: 2670.932 mgc: 0.4049312 ustep: 1 
iter: 2  value: 2670.932 mgc: 6.698606e-05 ustep: 1 
iter: 3  mgc: 3.006173e-11 
iter: 1  mgc: 3.006173e-11 
outer mgc:  0.02057621 
iter: 1  value: 2670.817 mgc: 0.1471263 ustep: 1 
iter: 2  value: 2670.817 mgc: 9.935873e-06 ustep: 1 
iter: 3  mgc: 1.219247e-12 
iter: 1  mgc: 1.219247e-12 
outer mgc:  0.01430641 
iter: 1  value: 2670.826 mgc: 0.06018268 ustep: 1 
iter: 2  value: 2670.826 mgc: 7.292936e-06 ustep: 1 
iter: 3  mgc: 2.303047e-12 
iter: 1  mgc: 2.303047e-12 
outer mgc:  0.0166132 
iter: 1  value: 2670.929 mgc: 0.05067726 ustep: 1 
iter: 2  value: 2670.929 mgc: 7.115909e-06 ustep: 1 
iter: 3  mgc: 5.893064e-13 
iter: 1  mgc: 5.893064e-13 
outer mgc:  0.02141012 
iter: 1  value: 2671.316 mgc: 0.200735 ustep: 1 
iter: 2  value: 2671.316 mgc: 5.570491e-05 ustep: 1 
iter: 3  mgc: 3.720135e-11 
iter: 1  mgc: 3.720135e-11 
outer mgc:  0.02112588 
iter: 1  value: 2671.61 mgc: 0.1543805 ustep: 1 
iter: 2  value: 2671.61 mgc: 2.599275e-05 ustep: 1 
iter: 3  mgc: 6.191492e-12 
iter: 1  mgc: 6.191492e-12 
outer mgc:  0.01163933 
iter: 1  value: 2671.712 mgc: 0.04614136 ustep: 1 
iter: 2  value: 2671.712 mgc: 6.178725e-06 ustep: 1 
iter: 3  mgc: 1.625811e-12 
iter: 1  mgc: 1.625811e-12 
outer mgc:  0.003269625 
iter: 1  value: 2671.708 mgc: 0.008793328 ustep: 1 
iter: 2  value: 2671.708 mgc: 1.218221e-06 ustep: 1 
iter: 3  mgc: 6.306067e-14 
iter: 1  mgc: 6.306067e-14 
outer mgc:  0.0005540476 
iter: 1  value: 2671.701 mgc: 0.004422261 ustep: 1 
iter: 2  value: 2671.701 mgc: 1.491662e-08 ustep: 1 
mgc: 7.105427e-15 
iter: 1  mgc: 7.105427e-15 
outer mgc:  0.0002708453 
iter: 1  mgc: 7.105427e-15 
iter: 1  mgc: 7.105427e-15 
outer mgc:  0.0002708453 
iter: 1  value: 2671.7 mgc: 0.002806845 ustep: 1 
iter: 2  value: 2671.7 mgc: 2.068276e-07 ustep: 1 
iter: 3  mgc: 5.329071e-15 
outer mgc:  0.01431167 
iter: 1  value: 2671.702 mgc: 0.00280405 ustep: 1 
iter: 2  value: 2671.702 mgc: 2.0649e-07 ustep: 1 
iter: 3  mgc: 8.881784e-15 
outer mgc:  0.01411773 
iter: 1  value: 2671.701 mgc: 0.00230905 ustep: 1 
iter: 2  value: 2671.701 mgc: 1.395388e-07 ustep: 1 
iter: 3  mgc: 4.662937e-15 
outer mgc:  0.01138436 
iter: 1  value: 2671.702 mgc: 0.002306933 ustep: 1 
iter: 2  value: 2671.702 mgc: 1.393586e-07 ustep: 1 
iter: 3  mgc: 4.773959e-15 
outer mgc:  0.01109643 
iter: 1  value: 2671.701 mgc: 0.008170582 ustep: 1 
iter: 2  value: 2671.701 mgc: 1.253422e-06 ustep: 1 
iter: 3  mgc: 3.769207e-14 
outer mgc:  0.01816239 
iter: 1  value: 2671.701 mgc: 0.008168938 ustep: 1 
iter: 2  value: 2671.701 mgc: 1.25647e-06 ustep: 1 
iter: 3  mgc: 3.863576e-14 
outer mgc:  0.01791218 
iter: 1  value: 2671.701 mgc: 0.004491764 ustep: 1 
iter: 2  value: 2671.701 mgc: 4.074955e-07 ustep: 1 
iter: 3  mgc: 6.217249e-15 
outer mgc:  0.02126491 
iter: 1  value: 2671.701 mgc: 0.00449152 ustep: 1 
iter: 2  value: 2671.701 mgc: 4.078716e-07 ustep: 1 
iter: 3  mgc: 5.329071e-15 
outer mgc:  0.02132443 
iter: 1  value: 2671.702 mgc: 0.004018287 ustep: 1 
iter: 2  value: 2671.702 mgc: 5.321015e-08 ustep: 1 
mgc: 5.551115e-15 
outer mgc:  0.02366753 
iter: 1  value: 2671.701 mgc: 0.004015168 ustep: 1 
iter: 2  value: 2671.701 mgc: 5.309369e-08 ustep: 1 
mgc: 6.661338e-15 
outer mgc:  0.02359464 
iter: 1  value: 2671.701 mgc: 0.002609405 ustep: 1 
iter: 2  value: 2671.701 mgc: 2.234135e-08 ustep: 1 
mgc: 6.883383e-15 
outer mgc:  0.01497315 
iter: 1  value: 2671.701 mgc: 0.002607106 ustep: 1 
iter: 2  value: 2671.701 mgc: 2.230419e-08 ustep: 1 
mgc: 4.218847e-15 
outer mgc:  0.01441708 
iter: 1  value: 2671.702 mgc: 0.007001078 ustep: 1 
iter: 2  value: 2671.702 mgc: 2.573787e-07 ustep: 1 
iter: 3  mgc: 4.884981e-15 
outer mgc:  0.03800791 
iter: 1  value: 2671.7 mgc: 0.006996581 ustep: 1 
iter: 2  value: 2671.7 mgc: 2.575523e-07 ustep: 1 
iter: 3  mgc: 7.105427e-15 
outer mgc:  0.03806585 
iter: 1  value: 2671.702 mgc: 0.004127267 ustep: 1 
iter: 2  value: 2671.702 mgc: 1.106649e-07 ustep: 1 
iter: 3  mgc: 5.77316e-15 
outer mgc:  0.02489301 
iter: 1  value: 2671.701 mgc: 0.004125498 ustep: 1 
iter: 2  value: 2671.701 mgc: 1.107368e-07 ustep: 1 
iter: 3  mgc: 6.217249e-15 
outer mgc:  0.02467551 
iter: 1  value: 2671.7 mgc: 0.003674056 ustep: 1 
iter: 2  value: 2671.7 mgc: 8.179525e-07 ustep: 1 
iter: 3  mgc: 4.019007e-14 
outer mgc:  0.01292667 
iter: 1  value: 2671.702 mgc: 0.003669473 ustep: 1 
iter: 2  value: 2671.702 mgc: 8.179133e-07 ustep: 1 
iter: 3  mgc: 3.974598e-14 
outer mgc:  0.01300885 
iter: 1  value: 2671.701 mgc: 0.001747628 ustep: 1 
iter: 2  value: 2671.701 mgc: 1.681977e-07 ustep: 1 
iter: 3  mgc: 5.662137e-15 
outer mgc:  0.009361357 
iter: 1  value: 2671.702 mgc: 0.001746189 ustep: 1 
iter: 2  value: 2671.702 mgc: 1.680325e-07 ustep: 1 
iter: 3  mgc: 5.77316e-15 
outer mgc:  0.009724349 
iter: 1  value: 2671.705 mgc: 0.002404962 ustep: 1 
iter: 2  value: 2671.705 mgc: 1.996433e-07 ustep: 1 
iter: 3  mgc: 7.993606e-15 
outer mgc:  0.0007666583 
iter: 1  value: 2671.698 mgc: 0.002407368 ustep: 1 
iter: 2  value: 2671.698 mgc: 1.993986e-07 ustep: 1 
iter: 3  mgc: 6.605827e-15 
outer mgc:  0.0005075626 
iter: 1  value: 2671.703 mgc: 0.002652869 ustep: 1 
iter: 2  value: 2671.703 mgc: 1.314325e-07 ustep: 1 
iter: 3  mgc: 4.884981e-15 
outer mgc:  0.002340181 
iter: 1  value: 2671.7 mgc: 0.002655523 ustep: 1 
iter: 2  value: 2671.7 mgc: 1.315166e-07 ustep: 1 
iter: 3  mgc: 6.217249e-15 
outer mgc:  0.002379829 
iter: 1  value: 2671.706 mgc: 0.003508675 ustep: 1 
iter: 2  mgc: 8.825713e-09 
outer mgc:  0.0003258381 
iter: 1  value: 2671.697 mgc: 0.003512185 ustep: 1 
iter: 2  mgc: 8.811349e-09 
outer mgc:  0.0002159155 
iter: 1  value: 2671.705 mgc: 0.003410549 ustep: 1 
iter: 2  value: 2671.705 mgc: 2.889267e-08 ustep: 1 
mgc: 5.77316e-15 
outer mgc:  0.0004772941 
iter: 1  value: 2671.697 mgc: 0.003413961 ustep: 1 
iter: 2  value: 2671.697 mgc: 2.885127e-08 ustep: 1 
mgc: 6.217249e-15 
outer mgc:  0.0003096378 
iter: 1  value: 2671.704 mgc: 0.00178027 ustep: 1 
iter: 2  value: 2671.704 mgc: 1.507449e-07 ustep: 1 
iter: 3  mgc: 3.108624e-15 
outer mgc:  0.001184735 
iter: 1  value: 2671.699 mgc: 0.001782052 ustep: 1 
iter: 2  value: 2671.699 mgc: 1.507678e-07 ustep: 1 
iter: 3  mgc: 6.217249e-15 
outer mgc:  0.001184659 
iter: 1  value: 2671.699 mgc: 0.002825594 ustep: 1 
iter: 2  value: 2671.699 mgc: 1.185919e-07 ustep: 1 
iter: 3  mgc: 5.551115e-15 
outer mgc:  0.01346537 
iter: 1  value: 2671.704 mgc: 0.002824018 ustep: 1 
iter: 2  value: 2671.704 mgc: 1.185188e-07 ustep: 1 
iter: 3  mgc: 3.996803e-15 
outer mgc:  0.0136624 
iter: 1  value: 2671.698 mgc: 0.00248459 ustep: 1 
iter: 2  value: 2671.698 mgc: 7.813029e-08 ustep: 1 
iter: 3  mgc: 5.329071e-15 
outer mgc:  0.01314621 
iter: 1  value: 2671.704 mgc: 0.002483305 ustep: 1 
iter: 2  value: 2671.704 mgc: 7.796531e-08 ustep: 1 
iter: 3  mgc: 5.662137e-15 
outer mgc:  0.01340798 
[Mon Aug 16 00:42:05 2021]
Finished job 0.
1 of 1 steps (100%) done
