Building DAG of jobs...
Using shell: /usr/bin/bash
Provided cores: 1 (use --cores to define parallelism)
Rules claiming more threads will be scaled down.
Job counts:
	count	jobs
	1	inference_simulation_TMB_multiple
	1

[Sat Aug 14 19:30:10 2021]
rule inference_simulation_TMB_multiple:
    input: ../data/assessing_models_simulation/datasets/multiple_GenerationJnorm3_20_100_10_4_0.005_NA_NA_NA_dataset1.RDS
    output: ../data/assessing_models_simulation/inference_results/TMB/nlminb/multiple_GenerationJnorm3_20_100_10_4_0.005_fullREM_NA_NA_NA_dataset1.RDS
    log: logs/inference/nlminb/simulation_GenerationJnorm3_20_100_10_4_0.005_ModelfullREM_NA_NA_NA_dataset1.log
    jobid: 0
    wildcards: optimiser=nlminb, datasetgeneration=GenerationJnorm3, n=20, nlambda=100, lmbda=10, d=4, beta_intensity=0.005, model=fullREM, fixed_beta_intercept=NA, fixed_beta_slope=NA, sdRE_input=NA, itnum=1

Rscript 2_inference_TMB/run_TMB.R --input ../data/assessing_models_simulation/datasets/multiple_GenerationJnorm3_20_100_10_4_0.005_NA_NA_NA_dataset1.RDS --output ../data/assessing_models_simulation/inference_results/TMB/nlminb/multiple_GenerationJnorm3_20_100_10_4_0.005_fullREM_NA_NA_NA_dataset1.RDS --model fullREM --optimiser nlminb
Model: fullREM 
Feature type: signatures 
Using nlminb: TRUE 
Simulation boolean: TRUE 
make: Nothing to be done for 'all'.
../data/assessing_models_simulation/datasets/multiple_GenerationJnorm3_20_100_10_4_0.005_NA_NA_NA_dataset1.RDS[1] "../data/assessing_models_simulation/datasets/multiple_GenerationJnorm3_20_100_10_4_0.005_NA_NA_NA_dataset1.RDS"
Reading file ../data/assessing_models_simulation/datasets/multiple_GenerationJnorm3_20_100_10_4_0.005_NA_NA_NA_dataset1.RDS 
Loading required package: nnet
# weights:  12 (6 variable)
initial  value 5588.152570 
iter  10 value 4732.946406
final  value 4732.702600 
converged
Order of parameters:
[1] "beta"       "u_large"    "logs_sd_RE" "cov_par_RE"
Not matching template order:
[1] "beta"       "u_large"    "cov_par_RE" "logs_sd_RE"
Your parameter list has been re-ordered.
(Disable this warning with checkParameterOrder=FALSE)
Constructing atomic invpd
Constructing atomic D_lgamma
Constructing atomic invpd
Constructing atomic D_lgamma
Constructing atomic matmul
Constructing atomic invpd
Constructing atomic D_lgamma
Constructing atomic matmul
Optimizing tape... Done
iter: 1  value: 3511.418 mgc: 120.258 ustep: 0.6827823 
iter: 2  value: 3350.198 mgc: 120.3531 ustep: 0.1964641 
iter: 3  value: 1503.354 mgc: 114.1687 ustep: 0.1361868 
iter: 4  value: 1114.308 mgc: 141.6019 ustep: 0.1087462 
iter: 5  value: 1072.844 mgc: 117.0601 ustep: 0.095195 
iter: 6  value: 816.6271 mgc: 110.3978 ustep: 0.08811516 
iter: 7  value: 764.802 mgc: 98.63211 ustep: 0.1614806 
iter: 8  value: 759.8328 mgc: 75.45186 ustep: 0.4019063 
iter: 9  value: 691.844 mgc: 87.2031 ustep: 0.6339974 
iter: 10  value: 663.4404 mgc: 43.5749 ustep: 0.7962599 
iter: 11  value: 659.2065 mgc: 19.51015 ustep: 0.8923447 
iter: 12  value: 659.199 mgc: 0.4487777 ustep: 0.9446455 
iter: 13  value: 659.199 mgc: 0.002129947 ustep: 0.9719316 
iter: 14  value: 659.199 mgc: 4.017369e-06 ustep: 0.9858673 
iter: 15  mgc: 7.063562e-09 
iter: 1  mgc: 7.063562e-09 
Matching hessian patterns... Done
outer mgc:  86.55998 
iter: 1  value: 652.6197 mgc: 21.39057 ustep: 1 
iter: 2  value: 652.1322 mgc: 1.710816 ustep: 1 
iter: 3  value: 652.1321 mgc: 0.02472089 ustep: 1 
iter: 4  value: 652.1321 mgc: 1.601672e-05 ustep: 1 
iter: 5  mgc: 1.310152e-11 
iter: 1  mgc: 1.310152e-11 
outer mgc:  109.3376 
iter: 1  value: 616.9944 mgc: 18.91939 ustep: 1 
iter: 2  value: 616.3888 mgc: 2.407564 ustep: 1 
iter: 3  value: 616.3886 mgc: 0.0500079 ustep: 1 
iter: 4  value: 616.3886 mgc: 2.348356e-05 ustep: 1 
iter: 5  mgc: 1.604505e-11 
iter: 1  mgc: 1.604505e-11 
outer mgc:  15.61308 
iter: 1  value: 607.4568 mgc: 8.241949 ustep: 1 
iter: 2  value: 607.4356 mgc: 0.2715788 ustep: 1 
iter: 3  value: 607.4356 mgc: 0.001849929 ustep: 1 
iter: 4  value: 607.4356 mgc: 8.978661e-08 ustep: 1 
iter: 5  mgc: 4.862777e-14 
iter: 1  mgc: 4.862777e-14 
outer mgc:  23.54796 
iter: 1  value: 603.4294 mgc: 25.125 ustep: 1 
iter: 2  value: 601.7904 mgc: 3.654894 ustep: 1 
iter: 3  value: 601.7751 mgc: 0.2111844 ustep: 1 
iter: 4  value: 601.7751 mgc: 0.009974093 ustep: 1 
iter: 5  value: 601.7751 mgc: 2.493934e-05 ustep: 1 
iter: 6  mgc: 1.568545e-10 
iter: 1  mgc: 1.568545e-10 
outer mgc:  42.82422 
iter: 1  value: 622.1403 mgc: 41.03126 ustep: 1 
iter: 2  value: 616.4807 mgc: 9.270461 ustep: 1 
iter: 3  value: 616.4616 mgc: 0.6396937 ustep: 1 
iter: 4  value: 616.4616 mgc: 0.006948311 ustep: 1 
iter: 5  value: 616.4616 mgc: 3.290971e-06 ustep: 1 
iter: 6  mgc: 7.400747e-13 
iter: 1  value: 598.2779 mgc: 14.62158 ustep: 1 
iter: 2  value: 598.1828 mgc: 0.8387722 ustep: 1 
iter: 3  value: 598.1828 mgc: 0.005598427 ustep: 1 
iter: 4  value: 598.1828 mgc: 2.568072e-07 ustep: 1 
iter: 5  mgc: 3.308465e-14 
iter: 1  mgc: 3.308465e-14 
outer mgc:  33.3743 
iter: 1  value: 592.9536 mgc: 9.99565 ustep: 1 
iter: 2  value: 592.9041 mgc: 0.4246562 ustep: 1 
iter: 3  value: 592.904 mgc: 0.003991463 ustep: 1 
iter: 4  value: 592.904 mgc: 4.135719e-07 ustep: 1 
iter: 5  mgc: 5.118128e-14 
iter: 1  mgc: 5.118128e-14 
outer mgc:  10.18495 
iter: 1  value: 590.8805 mgc: 9.801052 ustep: 1 
iter: 2  value: 590.8129 mgc: 0.6611366 ustep: 1 
iter: 3  value: 590.8129 mgc: 0.00433422 ustep: 1 
iter: 4  value: 590.8129 mgc: 1.829505e-06 ustep: 1 
iter: 5  mgc: 7.978063e-13 
iter: 1  mgc: 7.978063e-13 
outer mgc:  8.663271 
iter: 1  value: 588.3256 mgc: 11.51292 ustep: 1 
iter: 2  value: 588.2234 mgc: 0.936098 ustep: 1 
iter: 3  value: 588.2234 mgc: 0.008554415 ustep: 1 
iter: 4  value: 588.2234 mgc: 2.874458e-06 ustep: 1 
iter: 5  mgc: 5.384582e-13 
iter: 1  mgc: 5.384582e-13 
outer mgc:  5.486396 
iter: 1  value: 586.0497 mgc: 6.439259 ustep: 1 
iter: 2  value: 586.027 mgc: 0.2647219 ustep: 1 
iter: 3  value: 586.027 mgc: 0.00337409 ustep: 1 
iter: 4  value: 586.027 mgc: 1.730051e-06 ustep: 1 
iter: 5  mgc: 4.558576e-13 
iter: 1  mgc: 4.558576e-13 
outer mgc:  12.35598 
iter: 1  value: 583.4984 mgc: 12.4071 ustep: 1 
iter: 2  value: 583.3361 mgc: 0.7692637 ustep: 1 
iter: 3  value: 583.336 mgc: 0.01015457 ustep: 1 
iter: 4  value: 583.336 mgc: 2.614084e-06 ustep: 1 
iter: 5  mgc: 6.679102e-13 
iter: 1  mgc: 6.679102e-13 
outer mgc:  7.863254 
iter: 1  value: 581.8264 mgc: 10.66505 ustep: 1 
iter: 2  value: 581.7568 mgc: 0.6892787 ustep: 1 
iter: 3  value: 581.7568 mgc: 0.005629568 ustep: 1 
iter: 4  value: 581.7568 mgc: 5.181541e-07 ustep: 1 
iter: 5  mgc: 2.708944e-14 
iter: 1  mgc: 2.708944e-14 
outer mgc:  15.40083 
iter: 1  value: 579.2773 mgc: 8.048707 ustep: 1 
iter: 2  value: 579.2452 mgc: 0.3083723 ustep: 1 
iter: 3  value: 579.2452 mgc: 0.001859345 ustep: 1 
iter: 4  value: 579.2452 mgc: 1.425171e-07 ustep: 1 
iter: 5  mgc: 2.531308e-14 
iter: 1  mgc: 2.531308e-14 
outer mgc:  5.718695 
iter: 1  value: 577.0553 mgc: 7.207328 ustep: 1 
iter: 2  value: 577.0323 mgc: 0.2464498 ustep: 1 
iter: 3  value: 577.0323 mgc: 0.001140625 ustep: 1 
iter: 4  value: 577.0323 mgc: 1.126966e-07 ustep: 1 
iter: 5  mgc: 5.551115e-14 
iter: 1  mgc: 5.551115e-14 
outer mgc:  5.339019 
iter: 1  value: 574.9995 mgc: 13.63602 ustep: 1 
iter: 2  value: 574.7361 mgc: 1.082866 ustep: 1 
iter: 3  value: 574.736 mgc: 0.01122414 ustep: 1 
iter: 4  value: 574.736 mgc: 4.530979e-06 ustep: 1 
iter: 5  mgc: 1.129513e-12 
iter: 1  mgc: 1.129513e-12 
outer mgc:  8.217514 
iter: 1  value: 575.7651 mgc: 17.01844 ustep: 1 
iter: 2  value: 575.699 mgc: 0.5334045 ustep: 1 
iter: 3  value: 575.699 mgc: 0.00306221 ustep: 1 
iter: 4  value: 575.699 mgc: 1.043781e-07 ustep: 1 
iter: 5  mgc: 3.197442e-14 
iter: 1  value: 574.1558 mgc: 6.111983 ustep: 1 
iter: 2  value: 574.1548 mgc: 0.08363056 ustep: 1 
iter: 3  value: 574.1548 mgc: 5.86537e-05 ustep: 1 
iter: 4  mgc: 4.051737e-11 
iter: 1  mgc: 4.051737e-11 
outer mgc:  7.823912 
iter: 1  value: 573.4731 mgc: 1.191543 ustep: 1 
iter: 2  value: 573.4731 mgc: 0.01158628 ustep: 1 
iter: 3  value: 573.4731 mgc: 3.203347e-06 ustep: 1 
iter: 4  mgc: 8.693046e-13 
iter: 1  mgc: 8.693046e-13 
outer mgc:  3.743432 
iter: 1  value: 573.5875 mgc: 3.201738 ustep: 1 
iter: 2  value: 573.5873 mgc: 0.03543562 ustep: 1 
iter: 3  value: 573.5873 mgc: 1.145506e-05 ustep: 1 
iter: 4  mgc: 8.010037e-12 
iter: 1  mgc: 8.010037e-12 
outer mgc:  2.326026 
iter: 1  value: 573.911 mgc: 5.858334 ustep: 1 
iter: 2  value: 573.9067 mgc: 0.1272386 ustep: 1 
iter: 3  value: 573.9067 mgc: 0.0003756836 ustep: 1 
iter: 4  mgc: 5.959217e-09 
iter: 1  value: 573.5653 mgc: 2.653989 ustep: 1 
iter: 2  value: 573.5651 mgc: 0.0271507 ustep: 1 
iter: 3  value: 573.5651 mgc: 1.057804e-05 ustep: 1 
iter: 4  mgc: 2.760866e-12 
iter: 1  mgc: 2.760866e-12 
outer mgc:  3.897285 
iter: 1  value: 573.5567 mgc: 1.022146 ustep: 1 
iter: 2  value: 573.5567 mgc: 0.005445309 ustep: 1 
iter: 3  value: 573.5567 mgc: 2.489732e-07 ustep: 1 
iter: 4  mgc: 4.996004e-14 
iter: 1  mgc: 4.996004e-14 
outer mgc:  3.142844 
iter: 1  value: 573.6332 mgc: 0.765994 ustep: 1 
iter: 2  value: 573.6332 mgc: 0.003070204 ustep: 1 
iter: 3  value: 573.6332 mgc: 1.244327e-07 ustep: 1 
iter: 4  mgc: 2.609024e-14 
iter: 1  mgc: 2.609024e-14 
outer mgc:  1.04922 
iter: 1  value: 573.5697 mgc: 1.139092 ustep: 1 
iter: 2  value: 573.5697 mgc: 0.003983396 ustep: 1 
iter: 3  value: 573.5697 mgc: 2.122978e-07 ustep: 1 
iter: 4  mgc: 4.374279e-14 
iter: 1  mgc: 4.374279e-14 
outer mgc:  1.187491 
iter: 1  value: 573.5584 mgc: 0.8712663 ustep: 1 
iter: 2  value: 573.5584 mgc: 0.003982683 ustep: 1 
iter: 3  value: 573.5584 mgc: 1.396284e-07 ustep: 1 
iter: 4  mgc: 2.575717e-14 
iter: 1  value: 573.5499 mgc: 0.280726 ustep: 1 
iter: 2  value: 573.5499 mgc: 0.000422593 ustep: 1 
iter: 3  mgc: 1.389081e-09 
iter: 1  mgc: 1.389081e-09 
outer mgc:  1.143959 
iter: 1  value: 573.5367 mgc: 0.2354413 ustep: 1 
iter: 2  value: 573.5367 mgc: 0.0002776359 ustep: 1 
iter: 3  mgc: 5.390731e-10 
iter: 1  mgc: 5.390731e-10 
outer mgc:  0.3095385 
iter: 1  value: 573.5144 mgc: 0.1317741 ustep: 1 
iter: 2  value: 573.5144 mgc: 0.0001034689 ustep: 1 
iter: 3  mgc: 1.049814e-10 
iter: 1  mgc: 1.049814e-10 
outer mgc:  0.1861427 
iter: 1  value: 573.5048 mgc: 0.3267759 ustep: 1 
iter: 2  value: 573.5048 mgc: 0.0004629589 ustep: 1 
iter: 3  mgc: 2.423329e-09 
iter: 1  mgc: 2.423329e-09 
outer mgc:  0.1515803 
iter: 1  value: 573.4999 mgc: 0.2766742 ustep: 1 
iter: 2  value: 573.4999 mgc: 0.0003464844 ustep: 1 
iter: 3  mgc: 1.062227e-09 
iter: 1  mgc: 1.062227e-09 
outer mgc:  0.3617243 
iter: 1  value: 573.5311 mgc: 0.2787479 ustep: 1 
iter: 2  value: 573.5311 mgc: 0.0002643824 ustep: 1 
iter: 3  mgc: 1.168752e-09 
iter: 1  value: 573.5121 mgc: 0.1478749 ustep: 1 
iter: 2  value: 573.5121 mgc: 6.701453e-05 ustep: 1 
iter: 3  mgc: 5.563017e-11 
iter: 1  mgc: 5.563017e-11 
outer mgc:  0.04933735 
iter: 1  value: 573.5131 mgc: 0.1114156 ustep: 1 
iter: 2  value: 573.5131 mgc: 4.288806e-05 ustep: 1 
iter: 3  mgc: 1.832134e-11 
iter: 1  value: 573.5109 mgc: 0.08554734 ustep: 1 
iter: 2  value: 573.5109 mgc: 2.813002e-05 ustep: 1 
iter: 3  mgc: 6.864065e-12 
iter: 1  mgc: 6.864065e-12 
outer mgc:  0.07464532 
iter: 1  value: 573.5082 mgc: 0.03750956 ustep: 1 
iter: 2  value: 573.5082 mgc: 7.818569e-06 ustep: 1 
iter: 3  mgc: 4.691803e-13 
iter: 1  mgc: 4.691803e-13 
outer mgc:  0.04509693 
iter: 1  value: 573.5061 mgc: 0.0666659 ustep: 1 
iter: 2  value: 573.5061 mgc: 1.672903e-05 ustep: 1 
iter: 3  mgc: 5.220269e-12 
iter: 1  mgc: 5.220269e-12 
outer mgc:  0.02316302 
iter: 1  value: 573.5048 mgc: 0.03044651 ustep: 1 
iter: 2  value: 573.5048 mgc: 4.656387e-06 ustep: 1 
iter: 3  mgc: 1.376677e-13 
iter: 1  value: 573.506 mgc: 0.009551854 ustep: 1 
iter: 2  value: 573.506 mgc: 6.056053e-07 ustep: 1 
iter: 3  mgc: 2.720046e-14 
iter: 1  mgc: 2.720046e-14 
outer mgc:  0.02387107 
iter: 1  value: 573.5076 mgc: 0.003442417 ustep: 1 
iter: 2  value: 573.5076 mgc: 2.496981e-07 ustep: 1 
iter: 3  mgc: 4.285461e-14 
iter: 1  mgc: 4.285461e-14 
outer mgc:  0.01415681 
iter: 1  value: 573.5069 mgc: 0.01824967 ustep: 1 
iter: 2  value: 573.5069 mgc: 1.245486e-06 ustep: 1 
iter: 3  mgc: 3.885781e-14 
iter: 1  mgc: 3.885781e-14 
outer mgc:  0.01074495 
iter: 1  value: 573.5094 mgc: 0.006972145 ustep: 1 
iter: 2  value: 573.5094 mgc: 3.066673e-07 ustep: 1 
iter: 3  mgc: 2.997602e-14 
iter: 1  value: 573.508 mgc: 0.003835613 ustep: 1 
iter: 2  value: 573.508 mgc: 7.963528e-08 ustep: 1 
iter: 3  mgc: 2.442491e-14 
iter: 1  mgc: 2.442491e-14 
outer mgc:  0.002755239 
iter: 1  value: 573.5073 mgc: 0.003749791 ustep: 1 
iter: 2  value: 573.5073 mgc: 9.044774e-08 ustep: 1 
iter: 3  mgc: 2.597922e-14 
iter: 1  value: 573.5077 mgc: 0.001951916 ustep: 1 
iter: 2  value: 573.5077 mgc: 2.376905e-08 ustep: 1 
mgc: 4.707346e-14 
iter: 1  mgc: 4.707346e-14 
outer mgc:  0.002840734 
iter: 1  value: 573.5077 mgc: 0.003975745 ustep: 1 
iter: 2  value: 573.5077 mgc: 6.264855e-08 ustep: 1 
iter: 3  mgc: 3.28626e-14 
iter: 1  mgc: 3.28626e-14 
outer mgc:  0.003191344 
iter: 1  value: 573.5077 mgc: 0.001014245 ustep: 1 
iter: 2  mgc: 4.163688e-09 
iter: 1  mgc: 4.163688e-09 
outer mgc:  0.000155783 
iter: 1  value: 573.5077 mgc: 0.0005508597 ustep: 1 
iter: 2  mgc: 1.166631e-09 
iter: 1  mgc: 1.166631e-09 
outer mgc:  0.0001399533 
iter: 1  mgc: 1.166631e-09 
iter: 1  mgc: 1.166631e-09 
outer mgc:  0.0001399533 
iter: 1  value: 573.507 mgc: 0.0436098 ustep: 1 
iter: 2  value: 573.507 mgc: 8.371611e-06 ustep: 1 
iter: 3  mgc: 8.108236e-13 
outer mgc:  0.01966372 
iter: 1  value: 573.5085 mgc: 0.04359688 ustep: 1 
iter: 2  value: 573.5085 mgc: 8.37963e-06 ustep: 1 
iter: 3  mgc: 8.029133e-13 
outer mgc:  0.01951414 
iter: 1  value: 573.5074 mgc: 0.02150513 ustep: 1 
iter: 2  value: 573.5074 mgc: 1.837354e-06 ustep: 1 
iter: 3  mgc: 5.093842e-14 
outer mgc:  0.06622806 
iter: 1  value: 573.5082 mgc: 0.02149761 ustep: 1 
iter: 2  value: 573.5082 mgc: 1.83683e-06 ustep: 1 
iter: 3  mgc: 4.982126e-14 
outer mgc:  0.06620096 
iter: 1  value: 573.5078 mgc: 0.05511918 ustep: 1 
iter: 2  value: 573.5078 mgc: 9.089065e-06 ustep: 1 
iter: 3  mgc: 5.311307e-13 
outer mgc:  0.0454484 
iter: 1  value: 573.5077 mgc: 0.05511701 ustep: 1 
iter: 2  value: 573.5077 mgc: 9.075679e-06 ustep: 1 
iter: 3  mgc: 5.351275e-13 
outer mgc:  0.04562307 
iter: 1  value: 573.5077 mgc: 0.03009994 ustep: 1 
iter: 2  value: 573.5077 mgc: 2.434776e-06 ustep: 1 
iter: 3  mgc: 4.068967e-14 
outer mgc:  0.2324416 
iter: 1  value: 573.508 mgc: 0.03009648 ustep: 1 
iter: 2  value: 573.508 mgc: 2.433633e-06 ustep: 1 
iter: 3  mgc: 5.906386e-14 
outer mgc:  0.2323493 
iter: 1  value: 573.5082 mgc: 0.04826668 ustep: 1 
iter: 2  value: 573.5082 mgc: 9.370742e-06 ustep: 1 
iter: 3  mgc: 7.953638e-13 
outer mgc:  0.03978658 
iter: 1  value: 573.5072 mgc: 0.04827858 ustep: 1 
iter: 2  value: 573.5072 mgc: 9.380801e-06 ustep: 1 
iter: 3  mgc: 8.077983e-13 
outer mgc:  0.03977471 
iter: 1  value: 573.5083 mgc: 0.02478328 ustep: 1 
iter: 2  value: 573.5083 mgc: 3.170526e-06 ustep: 1 
iter: 3  mgc: 6.217249e-14 
outer mgc:  0.1707291 
iter: 1  value: 573.5073 mgc: 0.02477255 ustep: 1 
iter: 2  value: 573.5073 mgc: 3.172194e-06 ustep: 1 
iter: 3  mgc: 6.439294e-14 
outer mgc:  0.1704518 
iter: 1  value: 573.5094 mgc: 0.00425861 ustep: 1 
iter: 2  value: 573.5094 mgc: 3.079422e-07 ustep: 1 
iter: 3  mgc: 2.997602e-14 
outer mgc:  0.02157542 
iter: 1  value: 573.5061 mgc: 0.004260439 ustep: 1 
iter: 2  value: 573.5061 mgc: 3.083319e-07 ustep: 1 
iter: 3  mgc: 3.552714e-14 
outer mgc:  0.02135936 
iter: 1  value: 573.5058 mgc: 0.003484428 ustep: 1 
iter: 2  value: 573.5058 mgc: 4.365551e-07 ustep: 1 
iter: 3  mgc: 3.663736e-14 
outer mgc:  0.01210008 
iter: 1  value: 573.5097 mgc: 0.003482098 ustep: 1 
iter: 2  value: 573.5097 mgc: 4.358663e-07 ustep: 1 
iter: 3  mgc: 3.590184e-14 
outer mgc:  0.01218387 
iter: 1  value: 573.5071 mgc: 0.003812657 ustep: 1 
iter: 2  value: 573.5071 mgc: 1.839052e-07 ustep: 1 
iter: 3  mgc: 3.508305e-14 
outer mgc:  0.01464142 
iter: 1  value: 573.5083 mgc: 0.00381004 ustep: 1 
iter: 2  value: 573.5083 mgc: 1.83476e-07 ustep: 1 
iter: 3  mgc: 2.4869e-14 
outer mgc:  0.01457511 
iter: 1  value: 573.512 mgc: 0.005589229 ustep: 1 
iter: 2  value: 573.512 mgc: 1.391471e-06 ustep: 1 
iter: 3  mgc: 1.900702e-13 
outer mgc:  0.032512 
iter: 1  value: 573.5035 mgc: 0.005600803 ustep: 1 
iter: 2  value: 573.5035 mgc: 1.393684e-06 ustep: 1 
iter: 3  mgc: 1.882938e-13 
outer mgc:  0.0324364 
iter: 1  value: 573.5097 mgc: 0.006908772 ustep: 1 
iter: 2  value: 573.5097 mgc: 8.159033e-07 ustep: 1 
iter: 3  mgc: 4.884981e-14 
outer mgc:  0.038294 
iter: 1  value: 573.5058 mgc: 0.006924067 ustep: 1 
iter: 2  value: 573.5058 mgc: 8.187566e-07 ustep: 1 
iter: 3  mgc: 5.329071e-14 
outer mgc:  0.038407 
iter: 1  value: 573.5095 mgc: 0.008306758 ustep: 1 
iter: 2  value: 573.5095 mgc: 1.074937e-06 ustep: 1 
iter: 3  mgc: 3.863576e-14 
outer mgc:  0.04446144 
iter: 1  value: 573.506 mgc: 0.008324278 ustep: 1 
iter: 2  value: 573.506 mgc: 1.077989e-06 ustep: 1 
iter: 3  mgc: 6.217249e-14 
outer mgc:  0.04445459 
[Sat Aug 14 19:30:12 2021]
Finished job 0.
1 of 1 steps (100%) done
