Building DAG of jobs...
Using shell: /usr/bin/bash
Provided cores: 1 (use --cores to define parallelism)
Rules claiming more threads will be scaled down.
Job counts:
	count	jobs
	1	inference_simulation_TMB_multiple
	1

[Mon Aug 16 06:36:35 2021]
rule inference_simulation_TMB_multiple:
    input: ../data/assessing_models_simulation/datasets/multiple_GenerationJnorm3_20_100_80_5_0.01_NA_NA_NA_dataset0.RDS
    output: ../data/assessing_models_simulation/inference_results/TMB/nlminb/multiple_GenerationJnorm3_20_100_80_5_0.01_diagREDM_NA_NA_NA_dataset0.RDS
    log: logs/inference/nlminb/simulation_GenerationJnorm3_20_100_80_5_0.01_ModeldiagREDM_NA_NA_NA_dataset0.log
    jobid: 0
    wildcards: optimiser=nlminb, datasetgeneration=GenerationJnorm3, n=20, nlambda=100, lmbda=80, d=5, beta_intensity=0.01, model=diagREDM, fixed_beta_intercept=NA, fixed_beta_slope=NA, sdRE_input=NA, itnum=0

Rscript 2_inference_TMB/run_TMB.R --input ../data/assessing_models_simulation/datasets/multiple_GenerationJnorm3_20_100_80_5_0.01_NA_NA_NA_dataset0.RDS --output ../data/assessing_models_simulation/inference_results/TMB/nlminb/multiple_GenerationJnorm3_20_100_80_5_0.01_diagREDM_NA_NA_NA_dataset0.RDS --model diagREDM --optimiser nlminb
Model: diagREDM 
Feature type: signatures 
Using nlminb: TRUE 
Simulation boolean: TRUE 
make: Nothing to be done for 'all'.
../data/assessing_models_simulation/datasets/multiple_GenerationJnorm3_20_100_80_5_0.01_NA_NA_NA_dataset0.RDS[1] "../data/assessing_models_simulation/datasets/multiple_GenerationJnorm3_20_100_80_5_0.01_NA_NA_NA_dataset0.RDS"
Reading file ../data/assessing_models_simulation/datasets/multiple_GenerationJnorm3_20_100_80_5_0.01_NA_NA_NA_dataset0.RDS 
Loading required package: nnet
# weights:  15 (8 variable)
initial  value 6505.348042 
iter  10 value 6109.866444
final  value 6101.061762 
converged
Constructing atomic invpd
Constructing atomic D_lgamma
Constructing atomic invpd
Constructing atomic D_lgamma
Constructing atomic matmul
Constructing atomic invpd
Constructing atomic D_lgamma
Constructing atomic matmul
Optimizing tape... Done
iter: 1  value: 6879.293 mgc: 86.20013 ustep: 1 
iter: 2  value: 6461.828 mgc: 85.33634 ustep: 0.04862186 
iter: 3  value: 6297.431 mgc: 43.23295 ustep: 0.02941058 
iter: 4  value: 6246.833 mgc: 13.40315 ustep: 0.171578 
iter: 5  value: 5855.425 mgc: 77.87602 ustep: 0.1413273 
iter: 6  value: 5845.106 mgc: 19.74196 ustep: 0.3759976 
iter: 7  value: 5843.64 mgc: 2.576805 ustep: 0.6132251 
iter: 8  value: 5843.371 mgc: 0.9340889 ustep: 0.7831086 
iter: 9  value: 5843.345 mgc: 0.2527197 ustep: 0.8849458 
iter: 10  value: 5843.344 mgc: 0.03783519 ustep: 0.9407215 
iter: 11  value: 5843.344 mgc: 0.002458995 ustep: 0.969911 
iter: 12  value: 5843.344 mgc: 7.262125e-05 ustep: 0.9848421 
iter: 13  value: 5843.344 mgc: 1.068676e-06 ustep: 0.9923929 
iter: 14  mgc: 7.911275e-09 
iter: 1  mgc: 7.911275e-09 
Matching hessian patterns... Done
outer mgc:  45.12204 
iter: 1  value: 5858.141 mgc: 27.09071 ustep: 1 
iter: 2  value: 5854.61 mgc: 5.609865 ustep: 1 
iter: 3  value: 5854.605 mgc: 0.2423815 ustep: 1 
iter: 4  value: 5854.605 mgc: 0.0005487126 ustep: 1 
iter: 5  mgc: 2.846728e-09 
iter: 1  value: 5829.865 mgc: 12.76749 ustep: 1 
iter: 2  value: 5829.752 mgc: 0.9750663 ustep: 1 
iter: 3  value: 5829.752 mgc: 0.008783539 ustep: 1 
iter: 4  value: 5829.752 mgc: 7.414015e-07 ustep: 1 
iter: 5  mgc: 5.872969e-12 
iter: 1  mgc: 5.872969e-12 
outer mgc:  11.99594 
iter: 1  value: 5826.453 mgc: 6.241663 ustep: 1 
iter: 2  value: 5826.425 mgc: 0.3367006 ustep: 1 
iter: 3  value: 5826.425 mgc: 0.0015359 ustep: 1 
iter: 4  value: 5826.425 mgc: 6.863799e-08 ustep: 1 
iter: 5  mgc: 7.46414e-12 
iter: 1  mgc: 7.46414e-12 
outer mgc:  35.44051 
iter: 1  value: 5819.79 mgc: 18.62139 ustep: 1 
iter: 2  value: 5819.655 mgc: 0.8465768 ustep: 1 
iter: 3  value: 5819.655 mgc: 0.008724845 ustep: 1 
iter: 4  value: 5819.655 mgc: 2.132487e-06 ustep: 1 
iter: 5  mgc: 7.687739e-12 
iter: 1  mgc: 7.687739e-12 
outer mgc:  22.77171 
iter: 1  value: 5812.308 mgc: 8.910987 ustep: 1 
iter: 2  value: 5812.282 mgc: 0.2766039 ustep: 1 
iter: 3  value: 5812.282 mgc: 0.001257849 ustep: 1 
iter: 4  value: 5812.282 mgc: 8.209847e-08 ustep: 1 
iter: 5  mgc: 7.470469e-12 
iter: 1  mgc: 7.470469e-12 
outer mgc:  11.84585 
iter: 1  value: 5802.755 mgc: 24.43256 ustep: 1 
iter: 2  value: 5801.777 mgc: 1.670181 ustep: 1 
iter: 3  value: 5801.777 mgc: 0.04707029 ustep: 1 
iter: 4  value: 5801.777 mgc: 6.399577e-05 ustep: 1 
iter: 5  mgc: 1.800003e-10 
iter: 1  value: 5800.847 mgc: 21.10909 ustep: 1 
iter: 2  value: 5799.949 mgc: 1.793973 ustep: 1 
iter: 3  value: 5799.949 mgc: 0.04205284 ustep: 1 
iter: 4  value: 5799.949 mgc: 3.974565e-05 ustep: 1 
iter: 5  mgc: 4.83289e-11 
iter: 1  mgc: 4.83289e-11 
outer mgc:  38.17653 
iter: 1  value: 5818.678 mgc: 41.31387 ustep: 1 
iter: 2  value: 5806.859 mgc: 10.71406 ustep: 1 
iter: 3  value: 5806.836 mgc: 0.5044991 ustep: 1 
iter: 4  value: 5806.836 mgc: 0.002253838 ustep: 1 
iter: 5  value: 5806.836 mgc: 7.785718e-08 ustep: 1 
mgc: 6.066758e-12 
iter: 1  value: 5798.029 mgc: 20.29143 ustep: 1 
iter: 2  value: 5797.251 mgc: 2.579959 ustep: 1 
iter: 3  value: 5797.25 mgc: 0.05723754 ustep: 1 
iter: 4  value: 5797.25 mgc: 3.057853e-05 ustep: 1 
iter: 5  mgc: 8.788748e-12 
iter: 1  mgc: 8.788748e-12 
outer mgc:  40.69879 
iter: 1  value: 5785.859 mgc: 7.470477 ustep: 1 
iter: 2  value: 5785.851 mgc: 0.2672972 ustep: 1 
iter: 3  value: 5785.851 mgc: 0.0006624043 ustep: 1 
iter: 4  mgc: 4.138904e-09 
iter: 1  mgc: 4.138904e-09 
outer mgc:  10.12548 
iter: 1  value: 5783.723 mgc: 8.978899 ustep: 1 
iter: 2  value: 5783.709 mgc: 0.190479 ustep: 1 
iter: 3  value: 5783.709 mgc: 0.0004546069 ustep: 1 
iter: 4  value: 5783.709 mgc: 1.081102e-08 ustep: 1 
mgc: 5.538014e-12 
iter: 1  mgc: 5.538014e-12 
outer mgc:  18.02067 
iter: 1  value: 5780.669 mgc: 3.06876 ustep: 1 
iter: 2  value: 5780.669 mgc: 0.05743212 ustep: 1 
iter: 3  value: 5780.669 mgc: 6.453084e-05 ustep: 1 
iter: 4  mgc: 1.466627e-10 
iter: 1  mgc: 1.466627e-10 
outer mgc:  5.658666 
iter: 1  value: 5781.108 mgc: 8.155129 ustep: 1 
iter: 2  value: 5781.101 mgc: 0.2149728 ustep: 1 
iter: 3  value: 5781.101 mgc: 0.0003990888 ustep: 1 
iter: 4  mgc: 1.92079e-09 
iter: 1  value: 5780.191 mgc: 1.690669 ustep: 1 
iter: 2  value: 5780.191 mgc: 0.01275548 ustep: 1 
iter: 3  value: 5780.191 mgc: 1.602438e-06 ustep: 1 
iter: 4  mgc: 4.141298e-12 
iter: 1  mgc: 4.141298e-12 
outer mgc:  4.225184 
iter: 1  value: 5779.72 mgc: 2.918088 ustep: 1 
iter: 2  value: 5779.72 mgc: 0.02923414 ustep: 1 
iter: 3  value: 5779.72 mgc: 1.073914e-05 ustep: 1 
iter: 4  mgc: 7.932321e-12 
iter: 1  mgc: 7.932321e-12 
outer mgc:  3.044493 
iter: 1  value: 5779.439 mgc: 1.323798 ustep: 1 
iter: 2  value: 5779.439 mgc: 0.00866574 ustep: 1 
iter: 3  value: 5779.439 mgc: 4.230879e-07 ustep: 1 
iter: 4  mgc: 5.160761e-12 
iter: 1  mgc: 5.160761e-12 
outer mgc:  2.167896 
iter: 1  value: 5779.244 mgc: 0.8682511 ustep: 1 
iter: 2  value: 5779.244 mgc: 0.002314108 ustep: 1 
iter: 3  value: 5779.244 mgc: 3.056331e-08 ustep: 1 
mgc: 6.347589e-12 
iter: 1  mgc: 6.347589e-12 
outer mgc:  5.716398 
iter: 1  value: 5779.049 mgc: 1.56981 ustep: 1 
iter: 2  value: 5779.049 mgc: 0.005347001 ustep: 1 
iter: 3  value: 5779.049 mgc: 2.662754e-07 ustep: 1 
iter: 4  mgc: 2.106759e-12 
iter: 1  mgc: 2.106759e-12 
outer mgc:  4.251315 
iter: 1  value: 5778.878 mgc: 1.76558 ustep: 1 
iter: 2  value: 5778.878 mgc: 0.009539202 ustep: 1 
iter: 3  value: 5778.878 mgc: 9.446723e-07 ustep: 1 
iter: 4  mgc: 4.952622e-12 
iter: 1  mgc: 4.952622e-12 
outer mgc:  1.185748 
iter: 1  value: 5778.752 mgc: 0.3407185 ustep: 1 
iter: 2  value: 5778.752 mgc: 0.0005017808 ustep: 1 
iter: 3  mgc: 3.342888e-09 
iter: 1  value: 5778.576 mgc: 0.3724831 ustep: 1 
iter: 2  value: 5778.576 mgc: 0.0010189 ustep: 1 
iter: 3  value: 5778.576 mgc: 2.953521e-08 ustep: 1 
mgc: 3.994582e-12 
iter: 1  mgc: 3.994582e-12 
outer mgc:  1.057729 
iter: 1  value: 5778.376 mgc: 1.336083 ustep: 1 
iter: 2  value: 5778.376 mgc: 0.00531203 ustep: 1 
iter: 3  value: 5778.376 mgc: 3.378978e-07 ustep: 1 
iter: 4  mgc: 3.145484e-12 
iter: 1  mgc: 3.145484e-12 
outer mgc:  1.563496 
iter: 1  value: 5778.23 mgc: 0.8109884 ustep: 1 
iter: 2  value: 5778.23 mgc: 0.001285553 ustep: 1 
iter: 3  value: 5778.23 mgc: 1.59006e-08 ustep: 1 
mgc: 2.657874e-12 
iter: 1  value: 5778.116 mgc: 1.357433 ustep: 1 
iter: 2  value: 5778.116 mgc: 0.003878192 ustep: 1 
iter: 3  value: 5778.116 mgc: 7.786059e-08 ustep: 1 
mgc: 3.585354e-12 
iter: 1  mgc: 3.585354e-12 
outer mgc:  3.24403 
iter: 1  value: 5777.969 mgc: 1.230442 ustep: 1 
iter: 2  value: 5777.969 mgc: 0.003729572 ustep: 1 
iter: 3  value: 5777.969 mgc: 1.288826e-07 ustep: 1 
iter: 4  mgc: 2.498113e-12 
iter: 1  value: 5777.876 mgc: 1.519412 ustep: 1 
iter: 2  value: 5777.876 mgc: 0.007004555 ustep: 1 
iter: 3  value: 5777.876 mgc: 4.909891e-07 ustep: 1 
iter: 4  mgc: 1.606326e-12 
iter: 1  value: 5778.181 mgc: 7.711096 ustep: 1 
iter: 2  value: 5778.167 mgc: 0.2726069 ustep: 1 
iter: 3  value: 5778.167 mgc: 0.0009084637 ustep: 1 
iter: 4  value: 5778.167 mgc: 1.147985e-08 ustep: 1 
mgc: 5.633272e-13 
iter: 1  mgc: 5.633272e-13 
outer mgc:  6.718917 
iter: 1  value: 6360.177 mgc: 18.31181 ustep: 1 
iter: 2  value: 6359.525 mgc: 1.106121 ustep: 1 
iter: 3  value: 6359.522 mgc: 0.0938835 ustep: 1 
iter: 4  value: 6359.522 mgc: 0.0009243238 ustep: 1 
iter: 5  value: 6359.522 mgc: 9.272954e-08 ustep: 1 
iter: 6  mgc: 1.332268e-15 
iter: 1  value: 5777.775 mgc: 6.352763 ustep: 1 
iter: 2  value: 5777.759 mgc: 0.2523977 ustep: 1 
iter: 3  value: 5777.759 mgc: 0.003020585 ustep: 1 
iter: 4  value: 5777.759 mgc: 5.428277e-07 ustep: 1 
iter: 5  mgc: 2.395306e-13 
iter: 1  mgc: 2.395306e-13 
outer mgc:  8.796716 
iter: 1  value: 5785.837 mgc: 2.81917 ustep: 1 
iter: 2  value: 5785.833 mgc: 0.12285 ustep: 1 
iter: 3  value: 5785.833 mgc: 0.001053596 ustep: 1 
iter: 4  value: 5785.833 mgc: 7.801089e-08 ustep: 1 
iter: 5  mgc: 1.070255e-13 
iter: 1  value: 5778.854 mgc: 2.370582 ustep: 1 
iter: 2  value: 5778.854 mgc: 0.03001233 ustep: 1 
iter: 3  value: 5778.854 mgc: 4.489579e-05 ustep: 1 
iter: 4  mgc: 1.304371e-10 
iter: 1  mgc: 1.304371e-10 
outer mgc:  6.38306 
iter: 1  value: 5782.238 mgc: 2.728449 ustep: 1 
iter: 2  value: 5782.237 mgc: 0.0558669 ustep: 1 
iter: 3  value: 5782.237 mgc: 4.838001e-05 ustep: 1 
iter: 4  mgc: 4.232945e-11 
iter: 1  value: 5778.847 mgc: 1.091529 ustep: 1 
iter: 2  value: 5778.847 mgc: 0.008607132 ustep: 1 
iter: 3  value: 5778.847 mgc: 1.868545e-06 ustep: 1 
iter: 4  mgc: 1.965095e-13 
iter: 1  mgc: 1.965095e-13 
outer mgc:  5.704204 
iter: 1  value: 5778.102 mgc: 1.594359 ustep: 1 
iter: 2  value: 5778.102 mgc: 0.01820931 ustep: 1 
iter: 3  value: 5778.102 mgc: 2.650888e-06 ustep: 1 
iter: 4  mgc: 3.672618e-13 
iter: 1  mgc: 3.672618e-13 
outer mgc:  2.599092 
iter: 1  value: 5777.364 mgc: 1.171487 ustep: 1 
iter: 2  value: 5777.364 mgc: 0.01339967 ustep: 1 
iter: 3  value: 5777.364 mgc: 3.164994e-06 ustep: 1 
iter: 4  mgc: 2.327027e-13 
iter: 1  value: 5777.964 mgc: 0.8805784 ustep: 1 
iter: 2  value: 5777.964 mgc: 0.008950709 ustep: 1 
iter: 3  value: 5777.964 mgc: 2.143127e-06 ustep: 1 
iter: 4  mgc: 2.73559e-13 
iter: 1  mgc: 2.73559e-13 
outer mgc:  5.42624 
iter: 1  value: 5778.939 mgc: 0.9543037 ustep: 1 
iter: 2  value: 5778.939 mgc: 0.006771754 ustep: 1 
iter: 3  value: 5778.939 mgc: 2.827786e-06 ustep: 1 
iter: 4  mgc: 4.72955e-13 
iter: 1  mgc: 4.72955e-13 
outer mgc:  2.277206 
iter: 1  value: 5778.148 mgc: 1.055047 ustep: 1 
iter: 2  value: 5778.148 mgc: 0.007947273 ustep: 1 
iter: 3  value: 5778.148 mgc: 1.019118e-06 ustep: 1 
iter: 4  mgc: 1.822154e-13 
iter: 1  mgc: 1.822154e-13 
outer mgc:  4.017119 
iter: 1  value: 5778.275 mgc: 3.708143 ustep: 1 
iter: 2  value: 5778.273 mgc: 0.1176226 ustep: 1 
iter: 3  value: 5778.273 mgc: 0.0001059498 ustep: 1 
iter: 4  mgc: 8.352419e-11 
iter: 1  value: 5778.067 mgc: 0.566513 ustep: 1 
iter: 2  value: 5778.067 mgc: 0.002259835 ustep: 1 
iter: 3  value: 5778.067 mgc: 8.081683e-08 ustep: 1 
iter: 4  mgc: 2.34146e-13 
iter: 1  mgc: 2.34146e-13 
outer mgc:  2.319619 
iter: 1  value: 5778.351 mgc: 0.7973634 ustep: 1 
iter: 2  value: 5778.351 mgc: 0.00440659 ustep: 1 
iter: 3  value: 5778.351 mgc: 2.758633e-07 ustep: 1 
iter: 4  mgc: 2.191511e-13 
iter: 1  mgc: 2.191511e-13 
outer mgc:  1.643822 
iter: 1  value: 5778.018 mgc: 0.4293657 ustep: 1 
iter: 2  value: 5778.018 mgc: 0.001466953 ustep: 1 
iter: 3  value: 5778.018 mgc: 1.938347e-08 ustep: 1 
mgc: 2.563227e-13 
iter: 1  mgc: 2.563227e-13 
outer mgc:  0.9933655 
iter: 1  value: 5778.726 mgc: 0.6713844 ustep: 1 
iter: 2  value: 5778.726 mgc: 0.004392303 ustep: 1 
iter: 3  value: 5778.726 mgc: 3.232321e-07 ustep: 1 
iter: 4  mgc: 2.655653e-13 
iter: 1  value: 5778.259 mgc: 0.530363 ustep: 1 
iter: 2  value: 5778.259 mgc: 0.002430346 ustep: 1 
iter: 3  value: 5778.259 mgc: 1.020995e-07 ustep: 1 
iter: 4  mgc: 2.384759e-13 
iter: 1  mgc: 2.384759e-13 
outer mgc:  0.9945351 
iter: 1  value: 5778.976 mgc: 0.7144053 ustep: 1 
iter: 2  value: 5778.976 mgc: 0.002969439 ustep: 1 
iter: 3  value: 5778.976 mgc: 1.311273e-07 ustep: 1 
iter: 4  mgc: 2.118306e-13 
iter: 1  value: 5778.224 mgc: 0.334133 ustep: 1 
iter: 2  value: 5778.224 mgc: 0.0005951665 ustep: 1 
iter: 3  mgc: 6.370386e-09 
iter: 1  mgc: 6.370386e-09 
outer mgc:  0.8225809 
iter: 1  value: 5778.207 mgc: 0.2000918 ustep: 1 
iter: 2  value: 5778.207 mgc: 0.0002914252 ustep: 1 
iter: 3  mgc: 2.145171e-09 
iter: 1  mgc: 2.145171e-09 
outer mgc:  1.235735 
iter: 1  value: 5778.139 mgc: 0.1903348 ustep: 1 
iter: 2  value: 5778.139 mgc: 0.0002698064 ustep: 1 
iter: 3  mgc: 6.81006e-10 
iter: 1  mgc: 6.81006e-10 
outer mgc:  0.514351 
iter: 1  value: 5778.419 mgc: 0.3080918 ustep: 1 
iter: 2  value: 5778.419 mgc: 0.0009192691 ustep: 1 
iter: 3  value: 5778.419 mgc: 1.337624e-08 ustep: 1 
mgc: 2.49134e-13 
iter: 1  mgc: 2.49134e-13 
outer mgc:  0.6605206 
iter: 1  value: 5778.229 mgc: 0.2281094 ustep: 1 
iter: 2  value: 5778.229 mgc: 0.0007583349 ustep: 1 
iter: 3  value: 5778.229 mgc: 1.041318e-08 ustep: 1 
mgc: 2.613465e-13 
iter: 1  mgc: 2.613465e-13 
outer mgc:  0.906247 
iter: 1  value: 5778.444 mgc: 0.4789512 ustep: 1 
iter: 2  value: 5778.444 mgc: 0.001262744 ustep: 1 
iter: 3  value: 5778.444 mgc: 4.76492e-08 ustep: 1 
mgc: 2.451372e-13 
iter: 1  value: 5778.238 mgc: 0.1092397 ustep: 1 
iter: 2  value: 5778.238 mgc: 0.0001089429 ustep: 1 
iter: 3  mgc: 1.593281e-10 
iter: 1  mgc: 1.593281e-10 
outer mgc:  0.2367549 
iter: 1  value: 5778.282 mgc: 0.1306523 ustep: 1 
iter: 2  value: 5778.282 mgc: 0.000163463 ustep: 1 
iter: 3  mgc: 4.881979e-10 
iter: 1  mgc: 4.881979e-10 
outer mgc:  0.4522246 
iter: 1  value: 5778.329 mgc: 0.07396587 ustep: 1 
iter: 2  value: 5778.329 mgc: 4.865031e-05 ustep: 1 
iter: 3  mgc: 2.367084e-11 
iter: 1  mgc: 2.367084e-11 
outer mgc:  0.1782833 
iter: 1  value: 5778.365 mgc: 0.088576 ustep: 1 
iter: 2  value: 5778.365 mgc: 9.008626e-05 ustep: 1 
iter: 3  mgc: 1.074958e-10 
iter: 1  mgc: 1.074958e-10 
outer mgc:  0.2500649 
iter: 1  value: 5778.418 mgc: 0.05578313 ustep: 1 
iter: 2  value: 5778.418 mgc: 6.925369e-05 ustep: 1 
iter: 3  mgc: 1.661333e-10 
iter: 1  mgc: 1.661333e-10 
outer mgc:  0.1337155 
iter: 1  value: 5778.433 mgc: 0.1430568 ustep: 1 
iter: 2  value: 5778.433 mgc: 0.0001578821 ustep: 1 
iter: 3  mgc: 2.24107e-10 
iter: 1  value: 5778.422 mgc: 0.05174811 ustep: 1 
iter: 2  value: 5778.422 mgc: 2.096739e-05 ustep: 1 
iter: 3  mgc: 3.877343e-12 
iter: 1  mgc: 3.877343e-12 
outer mgc:  0.1628559 
iter: 1  value: 5778.436 mgc: 0.03411969 ustep: 1 
iter: 2  value: 5778.436 mgc: 7.723742e-06 ustep: 1 
iter: 3  mgc: 1.03384e-12 
iter: 1  mgc: 1.03384e-12 
outer mgc:  0.1270071 
iter: 1  value: 5778.459 mgc: 0.04714592 ustep: 1 
iter: 2  value: 5778.459 mgc: 2.979351e-05 ustep: 1 
iter: 3  mgc: 1.495515e-11 
iter: 1  value: 5778.486 mgc: 0.06268285 ustep: 1 
iter: 2  value: 5778.486 mgc: 5.867014e-05 ustep: 1 
iter: 3  mgc: 5.680167e-11 
iter: 1  mgc: 5.680167e-11 
outer mgc:  0.1796173 
iter: 1  value: 5778.578 mgc: 0.08368693 ustep: 1 
iter: 2  value: 5778.578 mgc: 6.250582e-05 ustep: 1 
iter: 3  mgc: 7.783107e-11 
iter: 1  mgc: 7.783107e-11 
outer mgc:  0.1322632 
iter: 1  value: 5778.591 mgc: 0.1613434 ustep: 1 
iter: 2  value: 5778.591 mgc: 0.0003556859 ustep: 1 
iter: 3  mgc: 2.29359e-09 
iter: 1  value: 5778.581 mgc: 0.0433525 ustep: 1 
iter: 2  value: 5778.581 mgc: 1.317234e-05 ustep: 1 
iter: 3  mgc: 2.656098e-12 
iter: 1  mgc: 2.656098e-12 
outer mgc:  0.07162462 
iter: 1  value: 5778.59 mgc: 0.02362609 ustep: 1 
iter: 2  value: 5778.59 mgc: 5.568002e-06 ustep: 1 
iter: 3  mgc: 6.377399e-13 
iter: 1  mgc: 6.377399e-13 
outer mgc:  0.02626747 
iter: 1  value: 5778.592 mgc: 0.04137973 ustep: 1 
iter: 2  value: 5778.592 mgc: 1.934192e-05 ustep: 1 
iter: 3  mgc: 5.545064e-12 
iter: 1  mgc: 5.545064e-12 
outer mgc:  0.03597577 
iter: 1  value: 5778.599 mgc: 0.02255973 ustep: 1 
iter: 2  value: 5778.599 mgc: 4.358676e-06 ustep: 1 
iter: 3  mgc: 4.990452e-13 
iter: 1  mgc: 4.990452e-13 
outer mgc:  0.0468979 
iter: 1  value: 5778.609 mgc: 0.006665427 ustep: 1 
iter: 2  value: 5778.609 mgc: 6.945546e-07 ustep: 1 
iter: 3  mgc: 1.439959e-13 
iter: 1  mgc: 1.439959e-13 
outer mgc:  0.02053845 
iter: 1  value: 5778.62 mgc: 0.00845832 ustep: 1 
iter: 2  value: 5778.62 mgc: 6.327998e-07 ustep: 1 
iter: 3  mgc: 1.871836e-13 
iter: 1  value: 5778.636 mgc: 0.006511578 ustep: 1 
iter: 2  value: 5778.636 mgc: 3.21433e-07 ustep: 1 
iter: 3  mgc: 1.461054e-13 
iter: 1  mgc: 1.461054e-13 
outer mgc:  0.01756814 
iter: 1  value: 5778.655 mgc: 0.008481227 ustep: 1 
iter: 2  value: 5778.655 mgc: 1.26452e-06 ustep: 1 
iter: 3  mgc: 2.23821e-13 
iter: 1  value: 5778.716 mgc: 0.02569718 ustep: 1 
iter: 2  value: 5778.716 mgc: 1.162845e-05 ustep: 1 
iter: 3  mgc: 6.98841e-12 
iter: 1  mgc: 6.98841e-12 
outer mgc:  0.04431234 
iter: 1  value: 5778.78 mgc: 0.04728674 ustep: 1 
iter: 2  value: 5778.78 mgc: 2.427216e-05 ustep: 1 
iter: 3  mgc: 2.035794e-11 
iter: 1  mgc: 2.035794e-11 
outer mgc:  0.04084247 
iter: 1  value: 5778.815 mgc: 0.03036184 ustep: 1 
iter: 2  value: 5778.815 mgc: 6.482114e-06 ustep: 1 
iter: 3  mgc: 1.012856e-12 
iter: 1  mgc: 1.012856e-12 
outer mgc:  0.01109748 
iter: 1  value: 5778.794 mgc: 0.01252035 ustep: 1 
iter: 2  value: 5778.794 mgc: 5.720004e-06 ustep: 1 
iter: 3  mgc: 2.100098e-12 
iter: 1  value: 5778.804 mgc: 0.006232507 ustep: 1 
iter: 2  value: 5778.804 mgc: 1.418797e-06 ustep: 1 
iter: 3  mgc: 2.466916e-13 
iter: 1  mgc: 2.466916e-13 
outer mgc:  0.01026379 
iter: 1  value: 5778.795 mgc: 0.01015978 ustep: 1 
iter: 2  value: 5778.795 mgc: 4.586525e-07 ustep: 1 
iter: 3  mgc: 2.473577e-13 
iter: 1  mgc: 2.473577e-13 
outer mgc:  0.002435095 
iter: 1  value: 5778.788 mgc: 0.003645315 ustep: 1 
iter: 2  value: 5778.788 mgc: 1.917923e-07 ustep: 1 
iter: 3  mgc: 1.727993e-13 
iter: 1  mgc: 1.727993e-13 
outer mgc:  0.002084734 
iter: 1  value: 5778.788 mgc: 0.003753766 ustep: 1 
iter: 2  value: 5778.788 mgc: 6.362536e-08 ustep: 1 
iter: 3  mgc: 2.345485e-13 
iter: 1  mgc: 2.345485e-13 
outer mgc:  0.001668014 
iter: 1  mgc: 2.345485e-13 
iter: 1  mgc: 2.345485e-13 
outer mgc:  0.001668014 
iter: 1  value: 5778.788 mgc: 0.0311435 ustep: 1 
iter: 2  value: 5778.788 mgc: 7.132186e-06 ustep: 1 
iter: 3  mgc: 5.841994e-13 
outer mgc:  0.0348057 
iter: 1  value: 5778.788 mgc: 0.03113486 ustep: 1 
iter: 2  value: 5778.788 mgc: 7.146169e-06 ustep: 1 
iter: 3  mgc: 6.858958e-13 
outer mgc:  0.03776049 
iter: 1  value: 5778.788 mgc: 0.009907308 ustep: 1 
iter: 2  value: 5778.788 mgc: 6.273855e-07 ustep: 1 
iter: 3  mgc: 2.101097e-13 
outer mgc:  0.1104631 
iter: 1  value: 5778.787 mgc: 0.009905497 ustep: 1 
iter: 2  value: 5778.787 mgc: 6.270742e-07 ustep: 1 
iter: 3  mgc: 2.013945e-13 
outer mgc:  0.1102427 
iter: 1  value: 5778.786 mgc: 0.0168051 ustep: 1 
iter: 2  value: 5778.786 mgc: 4.62546e-06 ustep: 1 
iter: 3  mgc: 3.557155e-13 
outer mgc:  0.06006316 
iter: 1  value: 5778.789 mgc: 0.01678886 ustep: 1 
iter: 2  value: 5778.789 mgc: 4.628459e-06 ustep: 1 
iter: 3  mgc: 3.579359e-13 
outer mgc:  0.06338987 
iter: 1  value: 5778.787 mgc: 0.004797917 ustep: 1 
iter: 2  value: 5778.787 mgc: 4.272334e-07 ustep: 1 
iter: 3  mgc: 1.754707e-13 
outer mgc:  0.04096161 
iter: 1  value: 5778.789 mgc: 0.004793727 ustep: 1 
iter: 2  value: 5778.789 mgc: 4.268211e-07 ustep: 1 
iter: 3  mgc: 1.753181e-13 
outer mgc:  0.04304532 
iter: 1  value: 5778.788 mgc: 0.0337392 ustep: 1 
iter: 2  value: 5778.788 mgc: 6.933101e-06 ustep: 1 
iter: 3  mgc: 9.191536e-13 
outer mgc:  0.03412665 
iter: 1  value: 5778.788 mgc: 0.03374097 ustep: 1 
iter: 2  value: 5778.788 mgc: 6.942708e-06 ustep: 1 
iter: 3  mgc: 8.952838e-13 
outer mgc:  0.03253175 
iter: 1  value: 5778.788 mgc: 0.00951232 ustep: 1 
iter: 2  value: 5778.788 mgc: 8.397433e-07 ustep: 1 
iter: 3  mgc: 2.086109e-13 
outer mgc:  0.08038495 
iter: 1  value: 5778.788 mgc: 0.009513584 ustep: 1 
iter: 2  value: 5778.788 mgc: 8.397536e-07 ustep: 1 
iter: 3  mgc: 2.575717e-13 
outer mgc:  0.0804966 
iter: 1  value: 5778.787 mgc: 0.02445511 ustep: 1 
iter: 2  value: 5778.787 mgc: 6.054229e-06 ustep: 1 
iter: 3  mgc: 7.459727e-13 
outer mgc:  0.03733673 
iter: 1  value: 5778.788 mgc: 0.02444218 ustep: 1 
iter: 2  value: 5778.788 mgc: 6.063165e-06 ustep: 1 
iter: 3  mgc: 7.970846e-13 
outer mgc:  0.03619513 
iter: 1  value: 5778.787 mgc: 0.006836078 ustep: 1 
iter: 2  value: 5778.787 mgc: 6.401239e-07 ustep: 1 
iter: 3  mgc: 2.38809e-13 
outer mgc:  0.06168722 
iter: 1  value: 5778.788 mgc: 0.006830544 ustep: 1 
iter: 2  value: 5778.788 mgc: 6.397501e-07 ustep: 1 
iter: 3  mgc: 2.44027e-13 
outer mgc:  0.06042036 
iter: 1  value: 5778.789 mgc: 0.003022479 ustep: 1 
iter: 2  value: 5778.789 mgc: 2.592184e-07 ustep: 1 
iter: 3  mgc: 2.327027e-13 
outer mgc:  0.007664973 
iter: 1  value: 5778.787 mgc: 0.003025503 ustep: 1 
iter: 2  value: 5778.787 mgc: 2.595761e-07 ustep: 1 
iter: 3  mgc: 2.68674e-13 
outer mgc:  0.007295473 
iter: 1  value: 5778.793 mgc: 0.00415483 ustep: 1 
iter: 2  value: 5778.793 mgc: 2.247696e-07 ustep: 1 
iter: 3  mgc: 2.239042e-13 
outer mgc:  0.003291916 
iter: 1  value: 5778.783 mgc: 0.004158987 ustep: 1 
iter: 2  value: 5778.783 mgc: 2.24924e-07 ustep: 1 
iter: 3  mgc: 2.54019e-13 
outer mgc:  0.004002236 
iter: 1  value: 5778.79 mgc: 0.002749905 ustep: 1 
iter: 2  value: 5778.79 mgc: 4.094458e-07 ustep: 1 
iter: 3  mgc: 1.978973e-13 
outer mgc:  0.006066554 
iter: 1  value: 5778.786 mgc: 0.002752656 ustep: 1 
iter: 2  value: 5778.786 mgc: 4.096718e-07 ustep: 1 
iter: 3  mgc: 2.751688e-13 
outer mgc:  0.00584621 
iter: 1  value: 5778.79 mgc: 0.00367821 ustep: 1 
iter: 2  value: 5778.79 mgc: 2.201006e-07 ustep: 1 
iter: 3  mgc: 1.489364e-13 
outer mgc:  0.00650402 
iter: 1  value: 5778.786 mgc: 0.00368189 ustep: 1 
iter: 2  value: 5778.786 mgc: 2.204156e-07 ustep: 1 
iter: 3  mgc: 2.093881e-13 
outer mgc:  0.006520495 
iter: 1  value: 5778.785 mgc: 0.001038396 ustep: 1 
iter: 2  value: 5778.785 mgc: 1.385103e-08 ustep: 1 
mgc: 2.378098e-13 
outer mgc:  0.00148676 
iter: 1  value: 5778.791 mgc: 0.001039119 ustep: 1 
iter: 2  value: 5778.791 mgc: 1.387457e-08 ustep: 1 
mgc: 2.210454e-13 
outer mgc:  0.002004938 
iter: 1  value: 5778.782 mgc: 0.003542256 ustep: 1 
iter: 2  value: 5778.782 mgc: 1.95391e-07 ustep: 1 
iter: 3  mgc: 2.38809e-13 
outer mgc:  0.009860448 
iter: 1  value: 5778.793 mgc: 0.003541353 ustep: 1 
iter: 2  value: 5778.793 mgc: 1.951268e-07 ustep: 1 
iter: 3  mgc: 1.926723e-13 
outer mgc:  0.01042485 
[Mon Aug 16 06:36:38 2021]
Finished job 0.
1 of 1 steps (100%) done
