Building DAG of jobs...
Using shell: /usr/bin/bash
Provided cores: 1 (use --cores to define parallelism)
Rules claiming more threads will be scaled down.
Job counts:
	count	jobs
	1	inference_simulation_TMB_multiple
	1

[Sun Aug 15 21:51:14 2021]
rule inference_simulation_TMB_multiple:
    input: ../data/assessing_models_simulation/datasets/multiple_GenerationJnorm2_50_100_80_4_4_NA_NA_NA_dataset0.RDS
    output: ../data/assessing_models_simulation/inference_results/TMB/nlminb/multiple_GenerationJnorm2_50_100_80_4_4_fullREDMsinglelambda_NA_NA_NA_dataset0.RDS
    log: logs/inference/nlminb/simulation_GenerationJnorm2_50_100_80_4_4_ModelfullREDMsinglelambda_NA_NA_NA_dataset0.log
    jobid: 0
    wildcards: optimiser=nlminb, datasetgeneration=GenerationJnorm2, n=50, nlambda=100, lmbda=80, d=4, beta_intensity=4, model=fullREDMsinglelambda, fixed_beta_intercept=NA, fixed_beta_slope=NA, sdRE_input=NA, itnum=0

Rscript 2_inference_TMB/run_TMB.R --input ../data/assessing_models_simulation/datasets/multiple_GenerationJnorm2_50_100_80_4_4_NA_NA_NA_dataset0.RDS --output ../data/assessing_models_simulation/inference_results/TMB/nlminb/multiple_GenerationJnorm2_50_100_80_4_4_fullREDMsinglelambda_NA_NA_NA_dataset0.RDS --model fullREDMsinglelambda --optimiser nlminb
Model: fullREDMsinglelambda 
Feature type: signatures 
Using nlminb: TRUE 
Simulation boolean: TRUE 
make: Nothing to be done for 'all'.
../data/assessing_models_simulation/datasets/multiple_GenerationJnorm2_50_100_80_4_4_NA_NA_NA_dataset0.RDS[1] "../data/assessing_models_simulation/datasets/multiple_GenerationJnorm2_50_100_80_4_4_NA_NA_NA_dataset0.RDS"
Reading file ../data/assessing_models_simulation/datasets/multiple_GenerationJnorm2_50_100_80_4_4_NA_NA_NA_dataset0.RDS 
Loading required package: nnet
# weights:  12 (6 variable)
initial  value 13951.666450 
iter  10 value 8110.183371
final  value 8108.664191 
converged
Order of parameters:
[1] "beta"       "u_large"    "logs_sd_RE" "cov_par_RE" "log_lambda"
Not matching template order:
[1] "beta"       "logs_sd_RE" "cov_par_RE" "log_lambda" "u_large"   
Your parameter list has been re-ordered.
(Disable this warning with checkParameterOrder=FALSE)
Constructing atomic invpd
Constructing atomic D_lgamma
Constructing atomic invpd
Constructing atomic D_lgamma
Constructing atomic matmul
Constructing atomic invpd
Constructing atomic D_lgamma
Constructing atomic matmul
Optimizing tape... Done
iter: 1  value: 8790.098 mgc: 3.283372 ustep: 1 
iter: 2  value: 8776.309 mgc: 1.947595 ustep: 0.8994163 
iter: 3  value: 8767.923 mgc: 2.875456 ustep: 0.9483808 
iter: 4  value: 8767.289 mgc: 0.7816355 ustep: 0.8382098 
iter: 5  value: 8767.249 mgc: 0.161465 ustep: 0.9155464 
iter: 6  value: 8767.247 mgc: 0.04161272 ustep: 0.9568462 
iter: 7  value: 8767.247 mgc: 0.005089493 ustep: 0.9781873 
iter: 8  value: 8767.247 mgc: 0.0002618829 ustep: 0.9890346 
iter: 9  value: 8767.247 mgc: 6.466407e-06 ustep: 0.9945028 
iter: 10  value: 8767.247 mgc: 8.55865e-08 ustep: 0.9972479 
iter: 11  mgc: 6.010015e-10 
iter: 1  mgc: 6.010015e-10 
Matching hessian patterns... Done
outer mgc:  236.3356 
iter: 1  value: 8614.598 mgc: 0.7775879 ustep: 1 
iter: 2  value: 8614.573 mgc: 0.1018632 ustep: 1 
iter: 3  value: 8614.572 mgc: 0.00744191 ustep: 1 
iter: 4  value: 8614.572 mgc: 5.150551e-05 ustep: 1 
iter: 5  mgc: 2.279151e-09 
iter: 1  mgc: 2.279151e-09 
outer mgc:  56.73251 
iter: 1  value: 8506.354 mgc: 1.195668 ustep: 1 
iter: 2  value: 8506.334 mgc: 0.1329767 ustep: 1 
iter: 3  value: 8506.334 mgc: 0.0005942188 ustep: 1 
iter: 4  value: 8506.334 mgc: 2.934105e-08 ustep: 1 
iter: 5  mgc: 1.44329e-15 
iter: 1  value: 8324.211 mgc: 11.79259 ustep: 1 
iter: 2  value: 8274.081 mgc: 3.372135 ustep: 1 
iter: 3  value: 8267.175 mgc: 2.575261 ustep: 1 
iter: 4  value: 8267.165 mgc: 0.09388265 ustep: 1 
iter: 5  value: 8267.165 mgc: 0.0004381999 ustep: 1 
iter: 6  value: 8267.165 mgc: 1.366644e-08 ustep: 1 
mgc: 2.164935e-15 
iter: 1  mgc: 2.164935e-15 
outer mgc:  104.0087 
iter: 1  value: 7953.694 mgc: 34.80352 ustep: 1 
iter: 2  value: 7953.633 mgc: 0.4466373 ustep: 1 
iter: 3  value: 7953.633 mgc: 0.003074274 ustep: 1 
iter: 4  value: 7953.633 mgc: 2.371281e-07 ustep: 1 
iter: 5  mgc: 3.885781e-15 
iter: 1  mgc: 3.885781e-15 
outer mgc:  101.3402 
iter: 1  value: 10880.57 mgc: 54.3342 ustep: 0.6827823 
iter: 2  value: 8734.463 mgc: 64.17754 ustep: 0.05320432 
iter: 3  value: 8432.918 mgc: 34.09211 ustep: 0.1229116 
iter: 4  value: 8413.904 mgc: 28.20199 ustep: 0.3506525 
iter: 5  value: 8413.81 mgc: 1.335788 ustep: 0.5922 
iter: 6  value: 8413.81 mgc: 0.0343302 ustep: 0.7695683 
iter: 7  value: 8413.81 mgc: 0.0005543706 ustep: 0.8772627 
iter: 8  value: 8413.81 mgc: 4.162604e-06 ustep: 0.9366294 
iter: 9  value: 8413.81 mgc: 1.501115e-08 ustep: 0.9677994 
mgc: 2.653522e-11 
iter: 1  value: 7866.224 mgc: 4.486618 ustep: 1 
iter: 2  value: 7866.159 mgc: 0.2164341 ustep: 1 
iter: 3  value: 7866.159 mgc: 0.001597468 ustep: 1 
iter: 4  value: 7866.159 mgc: 1.194666e-07 ustep: 1 
iter: 5  mgc: 5.77316e-15 
iter: 1  mgc: 5.77316e-15 
outer mgc:  37.8124 
iter: 1  value: 7799.438 mgc: 1.96133 ustep: 1 
iter: 2  value: 7799.437 mgc: 0.01859257 ustep: 1 
iter: 3  value: 7799.437 mgc: 2.632847e-06 ustep: 1 
iter: 4  mgc: 6.009082e-14 
iter: 1  value: 7788.435 mgc: 3.220475 ustep: 1 
iter: 2  value: 7788.435 mgc: 0.02395825 ustep: 1 
iter: 3  value: 7788.435 mgc: 3.530299e-06 ustep: 1 
iter: 4  mgc: 1.04361e-13 
iter: 1  mgc: 6.009082e-14 
outer mgc:  44.09686 
iter: 1  value: 7758.112 mgc: 7.414251 ustep: 1 
iter: 2  value: 7758.086 mgc: 0.256442 ustep: 1 
iter: 3  value: 7758.086 mgc: 0.0004252055 ustep: 1 
iter: 4  mgc: 2.426302e-09 
iter: 1  mgc: 2.426302e-09 
outer mgc:  81.59112 
iter: 1  value: 7749.525 mgc: 14.92483 ustep: 1 
iter: 2  value: 7748.77 mgc: 1.325523 ustep: 1 
iter: 3  value: 7748.77 mgc: 0.007094941 ustep: 1 
iter: 4  value: 7748.77 mgc: 6.06397e-07 ustep: 1 
iter: 5  mgc: 3.641532e-14 
iter: 1  value: 7741.55 mgc: 6.192354 ustep: 1 
iter: 2  value: 7741.518 mgc: 0.2331983 ustep: 1 
iter: 3  value: 7741.518 mgc: 0.0006480263 ustep: 1 
iter: 4  mgc: 6.017265e-09 
iter: 1  mgc: 6.017265e-09 
outer mgc:  15.89813 
iter: 1  value: 7728.464 mgc: 10.65956 ustep: 1 
iter: 2  value: 7728.464 mgc: 0.02174208 ustep: 1 
iter: 3  value: 7728.464 mgc: 7.05937e-06 ustep: 1 
iter: 4  mgc: 8.242296e-13 
iter: 1  mgc: 8.242296e-13 
outer mgc:  16.77054 
iter: 1  value: 7726.192 mgc: 6.475746 ustep: 1 
iter: 2  value: 7726.19 mgc: 0.08215663 ustep: 1 
iter: 3  value: 7726.19 mgc: 6.268828e-05 ustep: 1 
iter: 4  mgc: 2.721734e-11 
iter: 1  value: 7726.033 mgc: 1.453808 ustep: 1 
iter: 2  value: 7726.033 mgc: 0.01190163 ustep: 1 
iter: 3  value: 7726.033 mgc: 1.023522e-06 ustep: 1 
iter: 4  mgc: 3.108624e-14 
iter: 1  mgc: 3.108624e-14 
outer mgc:  9.944897 
iter: 1  value: 7725.14 mgc: 2.092088 ustep: 1 
iter: 2  value: 7725.139 mgc: 0.03021185 ustep: 1 
iter: 3  value: 7725.139 mgc: 1.157171e-05 ustep: 1 
iter: 4  mgc: 1.938005e-12 
iter: 1  mgc: 1.938005e-12 
outer mgc:  16.88698 
iter: 1  value: 7724.078 mgc: 1.087646 ustep: 1 
iter: 2  value: 7724.078 mgc: 0.005322965 ustep: 1 
iter: 3  value: 7724.078 mgc: 2.504382e-07 ustep: 1 
iter: 4  mgc: 3.219647e-14 
iter: 1  mgc: 3.219647e-14 
outer mgc:  2.744239 
iter: 1  value: 7722.746 mgc: 0.9839296 ustep: 1 
iter: 2  value: 7722.746 mgc: 0.000336831 ustep: 1 
iter: 3  mgc: 2.503449e-09 
iter: 1  mgc: 2.503449e-09 
outer mgc:  4.107932 
iter: 1  value: 7722.265 mgc: 0.9192105 ustep: 1 
iter: 2  value: 7722.265 mgc: 0.000671489 ustep: 1 
iter: 3  mgc: 1.741249e-09 
iter: 1  mgc: 1.741249e-09 
outer mgc:  3.704321 
iter: 1  value: 7723.44 mgc: 1.324146 ustep: 1 
iter: 2  value: 7723.44 mgc: 0.0006102192 ustep: 1 
iter: 3  mgc: 1.152015e-09 
iter: 1  value: 7725.044 mgc: 1.362905 ustep: 1 
iter: 2  value: 7725.044 mgc: 0.0008539871 ustep: 1 
iter: 3  mgc: 1.453598e-09 
iter: 1  value: 7732.651 mgc: 8.002687 ustep: 1 
iter: 2  value: 7732.65 mgc: 0.04836934 ustep: 1 
iter: 3  value: 7732.65 mgc: 1.306241e-05 ustep: 1 
iter: 4  mgc: 8.455459e-13 
iter: 1  value: 7738.996 mgc: 44.56254 ustep: 1 
iter: 2  value: 7738.897 mgc: 0.6790596 ustep: 1 
iter: 3  value: 7738.897 mgc: 0.008874138 ustep: 1 
iter: 4  value: 7738.897 mgc: 2.928586e-06 ustep: 1 
iter: 5  mgc: 2.673417e-13 
iter: 1  mgc: 8.455459e-13 
outer mgc:  6.696706 
iter: 1  value: 7738.281 mgc: 15.06823 ustep: 1 
iter: 2  value: 7738.2 mgc: 0.4724622 ustep: 1 
iter: 3  value: 7738.2 mgc: 0.005105935 ustep: 1 
iter: 4  value: 7738.2 mgc: 3.50301e-07 ustep: 1 
iter: 5  mgc: 4.762857e-14 
iter: 1  value: 7737.695 mgc: 4.747355 ustep: 1 
iter: 2  value: 7737.689 mgc: 0.1716124 ustep: 1 
iter: 3  value: 7737.689 mgc: 0.0004036456 ustep: 1 
iter: 4  mgc: 1.285821e-09 
iter: 1  mgc: 1.285821e-09 
outer mgc:  18.00924 
iter: 1  value: 7736.764 mgc: 9.368278 ustep: 1 
iter: 2  value: 7736.763 mgc: 0.07591041 ustep: 1 
iter: 3  value: 7736.763 mgc: 7.984905e-05 ustep: 1 
iter: 4  mgc: 1.514486e-10 
iter: 1  value: 7736.664 mgc: 2.867892 ustep: 1 
iter: 2  value: 7736.664 mgc: 0.01571149 ustep: 1 
iter: 3  value: 7736.664 mgc: 2.029841e-06 ustep: 1 
iter: 4  mgc: 3.98015e-14 
iter: 1  mgc: 3.98015e-14 
outer mgc:  7.076129 
iter: 1  value: 7739.519 mgc: 3.889477 ustep: 1 
iter: 2  value: 7739.519 mgc: 0.02289819 ustep: 1 
iter: 3  value: 7739.519 mgc: 7.075709e-06 ustep: 1 
iter: 4  mgc: 1.456613e-13 
iter: 1  mgc: 1.456613e-13 
outer mgc:  10.22545 
iter: 1  value: 7740.909 mgc: 1.715592 ustep: 1 
iter: 2  value: 7740.909 mgc: 0.02526147 ustep: 1 
iter: 3  value: 7740.909 mgc: 1.828785e-05 ustep: 1 
iter: 4  mgc: 5.351275e-12 
iter: 1  mgc: 5.351275e-12 
outer mgc:  6.363907 
iter: 1  value: 7741.009 mgc: 2.766679 ustep: 1 
iter: 2  value: 7741.009 mgc: 0.02775387 ustep: 1 
iter: 3  value: 7741.009 mgc: 1.424226e-05 ustep: 1 
iter: 4  mgc: 3.3471e-12 
iter: 1  mgc: 3.3471e-12 
outer mgc:  9.472683 
iter: 1  value: 7742.194 mgc: 1.320044 ustep: 1 
iter: 2  value: 7742.194 mgc: 0.01031355 ustep: 1 
iter: 3  value: 7742.194 mgc: 6.326144e-07 ustep: 1 
iter: 4  mgc: 3.885781e-14 
iter: 1  mgc: 3.885781e-14 
outer mgc:  10.5834 
iter: 1  value: 7743.471 mgc: 1.646083 ustep: 1 
iter: 2  value: 7743.471 mgc: 0.002411451 ustep: 1 
iter: 3  value: 7743.471 mgc: 1.492243e-07 ustep: 1 
iter: 4  mgc: 5.684342e-14 
iter: 1  mgc: 5.684342e-14 
outer mgc:  4.110957 
iter: 1  value: 7745.016 mgc: 1.716677 ustep: 1 
iter: 2  value: 7745.016 mgc: 0.005481101 ustep: 1 
iter: 3  value: 7745.016 mgc: 2.576945e-07 ustep: 1 
iter: 4  mgc: 6.356027e-14 
iter: 1  mgc: 6.356027e-14 
outer mgc:  5.812223 
iter: 1  value: 7747.992 mgc: 2.515828 ustep: 1 
iter: 2  value: 7747.992 mgc: 0.008972184 ustep: 1 
iter: 3  value: 7747.992 mgc: 4.480405e-07 ustep: 1 
iter: 4  mgc: 4.707346e-14 
iter: 1  value: 7745.585 mgc: 0.7360994 ustep: 1 
iter: 2  value: 7745.585 mgc: 0.001836682 ustep: 1 
iter: 3  value: 7745.585 mgc: 2.331272e-08 ustep: 1 
mgc: 6.605827e-14 
iter: 1  mgc: 6.605827e-14 
outer mgc:  2.701324 
iter: 1  value: 7746.623 mgc: 1.31322 ustep: 1 
iter: 2  value: 7746.623 mgc: 0.0007297524 ustep: 1 
iter: 3  mgc: 2.732116e-09 
iter: 1  mgc: 2.732116e-09 
outer mgc:  2.415584 
iter: 1  value: 7747.961 mgc: 1.246489 ustep: 1 
iter: 2  value: 7747.961 mgc: 0.001070657 ustep: 1 
iter: 3  mgc: 6.812001e-09 
iter: 1  mgc: 6.812001e-09 
outer mgc:  3.239179 
iter: 1  value: 7749.164 mgc: 0.6712376 ustep: 1 
iter: 2  value: 7749.164 mgc: 0.0007502366 ustep: 1 
iter: 3  value: 7749.164 mgc: 1.025323e-08 ustep: 1 
mgc: 5.284662e-14 
iter: 1  mgc: 5.284662e-14 
outer mgc:  1.930901 
iter: 1  value: 7751.393 mgc: 2.130784 ustep: 1 
iter: 2  value: 7751.393 mgc: 0.002953821 ustep: 1 
iter: 3  value: 7751.393 mgc: 2.028304e-08 ustep: 1 
mgc: 6.77236e-14 
iter: 1  mgc: 6.77236e-14 
outer mgc:  4.013085 
iter: 1  value: 7752.411 mgc: 0.908293 ustep: 1 
iter: 2  value: 7752.411 mgc: 0.002017665 ustep: 1 
iter: 3  value: 7752.411 mgc: 6.905255e-08 ustep: 1 
mgc: 6.794565e-14 
iter: 1  mgc: 6.794565e-14 
outer mgc:  3.704437 
iter: 1  value: 7752.819 mgc: 1.712493 ustep: 1 
iter: 2  value: 7752.819 mgc: 0.006286843 ustep: 1 
iter: 3  value: 7752.819 mgc: 2.529805e-07 ustep: 1 
iter: 4  mgc: 6.478151e-14 
iter: 1  mgc: 6.478151e-14 
outer mgc:  6.126069 
iter: 1  value: 7754.29 mgc: 1.369659 ustep: 1 
iter: 2  value: 7754.29 mgc: 0.00259478 ustep: 1 
iter: 3  value: 7754.29 mgc: 6.683494e-08 ustep: 1 
iter: 4  mgc: 6.039613e-14 
iter: 1  mgc: 6.039613e-14 
outer mgc:  4.021745 
iter: 1  value: 7754.789 mgc: 1.639096 ustep: 1 
iter: 2  value: 7754.789 mgc: 0.004515621 ustep: 1 
iter: 3  value: 7754.789 mgc: 2.977361e-07 ustep: 1 
iter: 4  mgc: 1.035838e-13 
iter: 1  mgc: 1.035838e-13 
outer mgc:  2.264599 
iter: 1  value: 7755.615 mgc: 2.356585 ustep: 1 
iter: 2  value: 7755.615 mgc: 0.005497069 ustep: 1 
iter: 3  value: 7755.615 mgc: 1.674159e-07 ustep: 1 
iter: 4  mgc: 8.026912e-14 
iter: 1  mgc: 8.026912e-14 
outer mgc:  3.880948 
iter: 1  value: 7756.01 mgc: 0.8631151 ustep: 1 
iter: 2  value: 7756.01 mgc: 0.001017812 ustep: 1 
iter: 3  value: 7756.01 mgc: 1.077119e-08 ustep: 1 
mgc: 5.639933e-14 
iter: 1  value: 7755.823 mgc: 0.4633344 ustep: 1 
iter: 2  value: 7755.823 mgc: 0.0005206907 ustep: 1 
iter: 3  mgc: 1.796366e-09 
iter: 1  mgc: 1.796366e-09 
outer mgc:  2.570223 
iter: 1  value: 7755.768 mgc: 0.4680087 ustep: 1 
iter: 2  value: 7755.768 mgc: 0.000624832 ustep: 1 
iter: 3  mgc: 6.364774e-09 
iter: 1  mgc: 6.364774e-09 
outer mgc:  0.8604182 
iter: 1  value: 7756.204 mgc: 0.4651877 ustep: 1 
iter: 2  value: 7756.204 mgc: 0.001399713 ustep: 1 
iter: 3  value: 7756.204 mgc: 2.525675e-08 ustep: 1 
iter: 4  mgc: 6.972201e-14 
iter: 1  value: 7755.802 mgc: 0.06089043 ustep: 1 
iter: 2  value: 7755.802 mgc: 2.379675e-05 ustep: 1 
iter: 3  mgc: 6.968648e-12 
iter: 1  mgc: 6.968648e-12 
outer mgc:  0.4479016 
iter: 1  value: 7755.851 mgc: 0.04439097 ustep: 1 
iter: 2  value: 7755.851 mgc: 6.986729e-06 ustep: 1 
iter: 3  mgc: 3.823053e-13 
iter: 1  mgc: 3.823053e-13 
outer mgc:  0.5489185 
iter: 1  value: 7755.765 mgc: 0.09127699 ustep: 1 
iter: 2  value: 7755.765 mgc: 5.033626e-05 ustep: 1 
iter: 3  mgc: 3.902922e-11 
iter: 1  mgc: 3.902922e-11 
outer mgc:  0.4649455 
iter: 1  value: 7755.818 mgc: 0.139433 ustep: 1 
iter: 2  value: 7755.818 mgc: 1.17221e-05 ustep: 1 
iter: 3  mgc: 1.291856e-12 
iter: 1  mgc: 1.291856e-12 
outer mgc:  0.1287472 
iter: 1  value: 7755.896 mgc: 0.1580334 ustep: 1 
iter: 2  value: 7755.896 mgc: 5.545886e-05 ustep: 1 
iter: 3  mgc: 4.610001e-11 
iter: 1  mgc: 4.610001e-11 
outer mgc:  0.413136 
iter: 1  value: 7755.697 mgc: 0.0648434 ustep: 1 
iter: 2  value: 7755.697 mgc: 1.071832e-05 ustep: 1 
iter: 3  mgc: 1.514566e-12 
iter: 1  mgc: 1.514566e-12 
outer mgc:  0.1236235 
iter: 1  value: 7755.741 mgc: 0.1218872 ustep: 1 
iter: 2  value: 7755.741 mgc: 3.141669e-05 ustep: 1 
iter: 3  mgc: 1.929124e-11 
iter: 1  mgc: 1.929124e-11 
outer mgc:  0.2449201 
iter: 1  value: 7755.619 mgc: 0.1037463 ustep: 1 
iter: 2  value: 7755.619 mgc: 1.144674e-05 ustep: 1 
iter: 3  mgc: 5.204726e-13 
iter: 1  mgc: 5.204726e-13 
outer mgc:  0.1736731 
iter: 1  value: 7755.4 mgc: 0.05729887 ustep: 1 
iter: 2  value: 7755.4 mgc: 4.382286e-06 ustep: 1 
iter: 3  mgc: 3.494982e-13 
iter: 1  value: 7755.156 mgc: 0.0549268 ustep: 1 
iter: 2  value: 7755.156 mgc: 4.670936e-06 ustep: 1 
iter: 3  mgc: 1.100231e-13 
iter: 1  mgc: 1.100231e-13 
outer mgc:  0.151832 
iter: 1  value: 7754.893 mgc: 0.1925375 ustep: 1 
iter: 2  value: 7754.893 mgc: 3.554109e-05 ustep: 1 
iter: 3  mgc: 1.8332e-12 
iter: 1  mgc: 1.8332e-12 
outer mgc:  0.1513541 
iter: 1  value: 7754.567 mgc: 0.1113477 ustep: 1 
iter: 2  value: 7754.567 mgc: 8.912935e-06 ustep: 1 
iter: 3  mgc: 2.273737e-13 
iter: 1  value: 7753.877 mgc: 0.2711989 ustep: 1 
iter: 2  value: 7753.877 mgc: 5.560024e-05 ustep: 1 
iter: 3  mgc: 4.528822e-12 
iter: 1  mgc: 4.528822e-12 
outer mgc:  0.4618069 
iter: 1  value: 7752.818 mgc: 0.3479153 ustep: 1 
iter: 2  value: 7752.818 mgc: 8.550554e-05 ustep: 1 
iter: 3  mgc: 9.408918e-12 
iter: 1  value: 7750.684 mgc: 0.7547083 ustep: 1 
iter: 2  value: 7750.684 mgc: 0.0003370572 ustep: 1 
iter: 3  mgc: 1.156542e-10 
iter: 1  mgc: 1.156542e-10 
outer mgc:  0.297284 
iter: 1  value: 7746.802 mgc: 1.164699 ustep: 1 
iter: 2  value: 7746.802 mgc: 0.0006497285 ustep: 1 
iter: 3  mgc: 4.62526e-10 
iter: 1  mgc: 4.62526e-10 
outer mgc:  0.2534218 
iter: 1  value: 7743.532 mgc: 1.045608 ustep: 1 
iter: 2  value: 7743.532 mgc: 0.0006049599 ustep: 1 
iter: 3  mgc: 2.201919e-10 
iter: 1  mgc: 2.201919e-10 
outer mgc:  0.2843892 
iter: 1  value: 7742.28 mgc: 0.7406256 ustep: 1 
iter: 2  value: 7742.28 mgc: 0.000198786 ustep: 1 
iter: 3  mgc: 5.034124e-10 
iter: 1  mgc: 5.034124e-10 
outer mgc:  0.2594391 
iter: 1  value: 7742.079 mgc: 0.331479 ustep: 1 
iter: 2  value: 7742.079 mgc: 3.690254e-05 ustep: 1 
iter: 3  mgc: 1.279421e-11 
iter: 1  mgc: 1.279421e-11 
outer mgc:  0.2073541 
iter: 1  value: 7741.698 mgc: 0.4629127 ustep: 1 
iter: 2  value: 7741.698 mgc: 6.294743e-05 ustep: 1 
iter: 3  mgc: 1.585754e-11 
iter: 1  mgc: 1.585754e-11 
outer mgc:  0.04487148 
iter: 1  value: 7741.377 mgc: 0.08891957 ustep: 1 
iter: 2  value: 7741.377 mgc: 2.658925e-06 ustep: 1 
iter: 3  mgc: 1.278977e-13 
iter: 1  mgc: 1.278977e-13 
outer mgc:  0.01472072 
iter: 1  value: 7741.051 mgc: 0.1003437 ustep: 1 
iter: 2  value: 7741.051 mgc: 2.50743e-06 ustep: 1 
iter: 3  mgc: 6.106227e-14 
iter: 1  value: 7740.667 mgc: 0.1172681 ustep: 1 
iter: 2  value: 7740.667 mgc: 3.313887e-06 ustep: 1 
iter: 3  mgc: 7.849277e-14 
iter: 1  mgc: 7.849277e-14 
outer mgc:  0.01721563 
iter: 1  value: 7740.262 mgc: 0.0946551 ustep: 1 
iter: 2  value: 7740.262 mgc: 3.498973e-06 ustep: 1 
iter: 3  mgc: 6.816769e-14 
iter: 1  mgc: 6.816769e-14 
outer mgc:  0.01112142 
iter: 1  value: 7740.122 mgc: 0.03804336 ustep: 1 
iter: 2  value: 7740.122 mgc: 4.038536e-07 ustep: 1 
iter: 3  mgc: 7.149836e-14 
iter: 1  mgc: 7.149836e-14 
outer mgc:  0.001958022 
iter: 1  value: 7740.141 mgc: 0.006811564 ustep: 1 
iter: 2  value: 7740.141 mgc: 1.019255e-08 ustep: 1 
mgc: 6.550316e-14 
iter: 1  mgc: 6.550316e-14 
outer mgc:  0.000173742 
iter: 1  mgc: 6.550316e-14 
iter: 1  mgc: 6.550316e-14 
outer mgc:  0.000173742 
iter: 1  value: 7740.141 mgc: 0.02111212 ustep: 1 
iter: 2  value: 7740.141 mgc: 2.134977e-06 ustep: 1 
iter: 3  mgc: 7.727152e-14 
outer mgc:  0.2190066 
iter: 1  value: 7740.141 mgc: 0.02110817 ustep: 1 
iter: 2  value: 7740.141 mgc: 2.138842e-06 ustep: 1 
iter: 3  mgc: 6.306067e-14 
outer mgc:  0.2193967 
iter: 1  value: 7740.136 mgc: 0.005763832 ustep: 1 
iter: 2  value: 7740.136 mgc: 2.138616e-07 ustep: 1 
iter: 3  mgc: 9.503509e-14 
outer mgc:  0.1022825 
iter: 1  value: 7740.145 mgc: 0.005756506 ustep: 1 
iter: 2  value: 7740.145 mgc: 2.133839e-07 ustep: 1 
iter: 3  mgc: 6.150636e-14 
outer mgc:  0.1021763 
iter: 1  value: 7740.143 mgc: 0.01748505 ustep: 1 
iter: 2  value: 7740.143 mgc: 1.649278e-06 ustep: 1 
iter: 3  mgc: 8.126833e-14 
outer mgc:  0.1664431 
iter: 1  value: 7740.139 mgc: 0.01748147 ustep: 1 
iter: 2  value: 7740.139 mgc: 1.651994e-06 ustep: 1 
iter: 3  mgc: 5.478951e-14 
outer mgc:  0.1663567 
iter: 1  value: 7740.148 mgc: 0.007631943 ustep: 1 
iter: 2  value: 7740.148 mgc: 2.557966e-07 ustep: 1 
iter: 3  mgc: 6.37268e-14 
outer mgc:  0.1584011 
iter: 1  value: 7740.133 mgc: 0.007639767 ustep: 1 
iter: 2  value: 7740.133 mgc: 2.560607e-07 ustep: 1 
iter: 3  mgc: 6.4726e-14 
outer mgc:  0.1587844 
iter: 1  value: 7740.143 mgc: 0.006281752 ustep: 1 
iter: 2  value: 7740.143 mgc: 3.050649e-08 ustep: 1 
mgc: 6.550316e-14 
outer mgc:  0.2365228 
iter: 1  value: 7740.139 mgc: 0.006276521 ustep: 1 
iter: 2  value: 7740.139 mgc: 3.046444e-08 ustep: 1 
mgc: 7.310819e-14 
outer mgc:  0.2363219 
iter: 1  value: 7740.14 mgc: 0.0005654198 ustep: 1 
iter: 2  mgc: 5.663843e-10 
outer mgc:  0.01323292 
iter: 1  value: 7740.141 mgc: 0.000564865 ustep: 1 
iter: 2  mgc: 5.652439e-10 
outer mgc:  0.01318418 
iter: 1  value: 7740.152 mgc: 0.07260182 ustep: 1 
iter: 2  value: 7740.152 mgc: 1.608847e-06 ustep: 1 
iter: 3  mgc: 7.638334e-14 
outer mgc:  0.08398499 
iter: 1  value: 7740.13 mgc: 0.07267445 ustep: 1 
iter: 2  value: 7740.13 mgc: 1.607758e-06 ustep: 1 
iter: 3  mgc: 5.728751e-14 
outer mgc:  0.08383294 
iter: 1  value: 7740.155 mgc: 0.009819318 ustep: 1 
iter: 2  value: 7740.155 mgc: 6.391181e-07 ustep: 1 
iter: 3  mgc: 8.593126e-14 
outer mgc:  0.05350818 
iter: 1  value: 7740.126 mgc: 0.00983948 ustep: 1 
iter: 2  value: 7740.126 mgc: 6.40426e-07 ustep: 1 
iter: 3  mgc: 6.972201e-14 
outer mgc:  0.05341297 
iter: 1  value: 7740.188 mgc: 0.06815327 ustep: 1 
iter: 2  value: 7740.188 mgc: 1.327265e-06 ustep: 1 
iter: 3  mgc: 7.949197e-14 
outer mgc:  0.02388291 
iter: 1  value: 7740.093 mgc: 0.06835862 ustep: 1 
iter: 2  value: 7740.093 mgc: 1.324424e-06 ustep: 1 
iter: 3  mgc: 7.682743e-14 
outer mgc:  0.02358466 
iter: 1  value: 7740.141 mgc: 0.005437842 ustep: 1 
iter: 2  value: 7740.141 mgc: 4.129239e-07 ustep: 1 
iter: 3  mgc: 7.327472e-14 
outer mgc:  0.03043209 
iter: 1  value: 7740.14 mgc: 0.005427877 ustep: 1 
iter: 2  value: 7740.14 mgc: 4.120615e-07 ustep: 1 
iter: 3  mgc: 6.256107e-14 
outer mgc:  0.03064943 
iter: 1  value: 7740.128 mgc: 0.004716723 ustep: 1 
iter: 2  mgc: 5.589648e-09 
outer mgc:  0.0006105604 
iter: 1  value: 7740.153 mgc: 0.004715298 ustep: 1 
iter: 2  mgc: 5.597504e-09 
outer mgc:  0.0006789104 
iter: 1  value: 7740.141 mgc: 0.02263918 ustep: 1 
iter: 2  value: 7740.141 mgc: 1.330447e-07 ustep: 1 
mgc: 7.01661e-14 
outer mgc:  0.002461144 
iter: 1  value: 7740.141 mgc: 0.02263515 ustep: 1 
iter: 2  value: 7740.141 mgc: 1.330739e-07 ustep: 1 
mgc: 6.289413e-14 
outer mgc:  0.002436479 
iter: 1  value: 7740.126 mgc: 0.002784088 ustep: 1 
iter: 2  value: 7740.126 mgc: 3.7106e-08 ustep: 1 
iter: 3  mgc: 8.504308e-14 
outer mgc:  0.01390505 
iter: 1  value: 7740.156 mgc: 0.002784823 ustep: 1 
iter: 2  value: 7740.156 mgc: 3.714409e-08 ustep: 1 
iter: 3  mgc: 6.317169e-14 
outer mgc:  0.01385009 
[Sun Aug 15 21:51:19 2021]
Finished job 0.
1 of 1 steps (100%) done
