Building DAG of jobs...
Using shell: /usr/bin/bash
Provided cores: 1 (use --cores to define parallelism)
Rules claiming more threads will be scaled down.
Job counts:
	count	jobs
	1	inference_simulation_TMB_multiple
	1

[Sun Aug 15 23:16:11 2021]
rule inference_simulation_TMB_multiple:
    input: ../data/assessing_models_simulation/datasets/multiple_GenerationJnorm3_20_100_10_4_4_NA_NA_NA_dataset1.RDS
    output: ../data/assessing_models_simulation/inference_results/TMB/nlminb/multiple_GenerationJnorm3_20_100_10_4_4_diagREDMsinglelambda_NA_NA_NA_dataset1.RDS
    log: logs/inference/nlminb/simulation_GenerationJnorm3_20_100_10_4_4_ModeldiagREDMsinglelambda_NA_NA_NA_dataset1.log
    jobid: 0
    wildcards: optimiser=nlminb, datasetgeneration=GenerationJnorm3, n=20, nlambda=100, lmbda=10, d=4, beta_intensity=4, model=diagREDMsinglelambda, fixed_beta_intercept=NA, fixed_beta_slope=NA, sdRE_input=NA, itnum=1

Rscript 2_inference_TMB/run_TMB.R --input ../data/assessing_models_simulation/datasets/multiple_GenerationJnorm3_20_100_10_4_4_NA_NA_NA_dataset1.RDS --output ../data/assessing_models_simulation/inference_results/TMB/nlminb/multiple_GenerationJnorm3_20_100_10_4_4_diagREDMsinglelambda_NA_NA_NA_dataset1.RDS --model diagREDMsinglelambda --optimiser nlminb
Model: diagREDMsinglelambda 
Feature type: signatures 
Using nlminb: TRUE 
Simulation boolean: TRUE 
make: Nothing to be done for 'all'.
../data/assessing_models_simulation/datasets/multiple_GenerationJnorm3_20_100_10_4_4_NA_NA_NA_dataset1.RDS[1] "../data/assessing_models_simulation/datasets/multiple_GenerationJnorm3_20_100_10_4_4_NA_NA_NA_dataset1.RDS"
Reading file ../data/assessing_models_simulation/datasets/multiple_GenerationJnorm3_20_100_10_4_4_NA_NA_NA_dataset1.RDS 
Loading required package: nnet
# weights:  12 (6 variable)
initial  value 5532.700795 
iter  10 value 2719.489752
iter  20 value 2698.280074
final  value 2696.479116 
converged
Constructing atomic invpd
Constructing atomic D_lgamma
Constructing atomic invpd
Constructing atomic D_lgamma
Constructing atomic matmul
Constructing atomic invpd
Constructing atomic D_lgamma
Constructing atomic matmul
Optimizing tape... Done
iter: 1  value: 2914.078 mgc: 2.809883 ustep: 1 
iter: 2  value: 2906.289 mgc: 5.02104 ustep: 1 
iter: 3  value: 2892.996 mgc: 2.79797 ustep: 0.3482802 
iter: 4  value: 2888.151 mgc: 2.324352 ustep: 0.3598028 
iter: 5  value: 2885.489 mgc: 1.884679 ustep: 0.3578758 
iter: 6  value: 2883.568 mgc: 1.471227 ustep: 0.3182302 
iter: 7  value: 2879.835 mgc: 1.387975 ustep: 0.3397862 
iter: 8  value: 2877.967 mgc: 1.471372 ustep: 0.5829535 
iter: 9  value: 2877.763 mgc: 0.3631086 ustep: 0.7635376 
iter: 10  value: 2877.606 mgc: 0.1509317 ustep: 0.6329231 
iter: 11  value: 2877.217 mgc: 0.4370276 ustep: 0.3474081 
iter: 12  value: 2875.602 mgc: 0.9675183 ustep: 0.3041702 
iter: 13  value: 2872.722 mgc: 1.864192 ustep: 0.3303111 
iter: 14  value: 2872.204 mgc: 0.9591137 ustep: 0.5747695 
iter: 15  value: 2872.101 mgc: 0.3600354 ustep: 0.7581598 
iter: 16  value: 2872.089 mgc: 0.1191529 ustep: 0.8707366 
iter: 17  value: 2872.089 mgc: 0.02247401 ustep: 0.9331394 
iter: 18  value: 2872.089 mgc: 0.002326692 ustep: 0.9659948 
iter: 19  value: 2872.089 mgc: 0.0001279974 ustep: 0.9828521 
iter: 20  value: 2872.089 mgc: 3.647861e-06 ustep: 0.9913898 
iter: 21  value: 2872.089 mgc: 5.301174e-08 ustep: 0.995686 
iter: 22  mgc: 3.89336e-10 
iter: 1  mgc: 3.89336e-10 
Matching hessian patterns... Done
outer mgc:  169.6942 
iter: 1  value: 2769.341 mgc: 0.9327007 ustep: 1 
iter: 2  value: 2769.312 mgc: 0.09623728 ustep: 1 
iter: 3  value: 2769.312 mgc: 0.002264673 ustep: 1 
iter: 4  value: 2769.312 mgc: 1.567883e-06 ustep: 1 
iter: 5  mgc: 8.024692e-13 
iter: 1  mgc: 8.024692e-13 
outer mgc:  48.67839 
iter: 1  value: 2727.886 mgc: 0.7784581 ustep: 1 
iter: 2  value: 2727.878 mgc: 0.0602714 ustep: 1 
iter: 3  value: 2727.878 mgc: 0.0005800652 ustep: 1 
iter: 4  value: 2727.878 mgc: 5.735075e-08 ustep: 1 
iter: 5  mgc: 1.401657e-15 
iter: 1  value: 2689.071 mgc: 0.7365624 ustep: 1 
iter: 2  value: 2689.064 mgc: 0.04068236 ustep: 1 
iter: 3  value: 2689.064 mgc: 0.0003009783 ustep: 1 
iter: 4  value: 2689.064 mgc: 1.672915e-08 ustep: 1 
iter: 5  mgc: 8.049117e-16 
iter: 1  value: 2587.122 mgc: 1.972942 ustep: 1 
iter: 2  value: 2568.309 mgc: 5.500674 ustep: 1 
iter: 3  value: 2562.842 mgc: 4.088697 ustep: 0.8994163 
iter: 4  value: 2559.949 mgc: 3.254922 ustep: 0.9483808 
iter: 5  value: 2559.865 mgc: 0.4871813 ustep: 0.973851 
iter: 6  value: 2559.865 mgc: 0.02057538 ustep: 0.9868402 
iter: 7  value: 2559.865 mgc: 0.0001509374 ustep: 0.993399 
iter: 8  value: 2559.865 mgc: 5.279387e-07 ustep: 0.9966944 
iter: 9  mgc: 1.432162e-09 
iter: 1  value: 2640.541 mgc: 1.818879 ustep: 1 
iter: 2  value: 2631.721 mgc: 3.296536 ustep: 1 
iter: 3  value: 2631.102 mgc: 0.924383 ustep: 1 
iter: 4  value: 2629.923 mgc: 1.31576 ustep: 1 
iter: 5  value: 2629.9 mgc: 0.1544813 ustep: 1 
iter: 6  value: 2629.9 mgc: 0.006836366 ustep: 1 
iter: 7  value: 2629.9 mgc: 1.58204e-05 ustep: 1 
iter: 8  mgc: 8.54079e-11 
iter: 1  mgc: 1.432162e-09 
outer mgc:  17.00561 
iter: 1  value: 2550.46 mgc: 2.628677 ustep: 1 
iter: 2  value: 2550.346 mgc: 0.2409429 ustep: 1 
iter: 3  value: 2550.346 mgc: 0.005845096 ustep: 1 
iter: 4  value: 2550.346 mgc: 2.559279e-05 ustep: 1 
iter: 5  mgc: 9.12567e-10 
iter: 1  value: 2525.892 mgc: 1.396695 ustep: 1 
iter: 2  value: 2525.881 mgc: 0.09876193 ustep: 1 
iter: 3  value: 2525.881 mgc: 0.0004085598 ustep: 1 
iter: 4  mgc: 8.615725e-09 
iter: 1  mgc: 8.615725e-09 
outer mgc:  36.42179 
iter: 1  value: 2515.583 mgc: 4.024552 ustep: 1 
iter: 2  value: 2515.549 mgc: 0.2068655 ustep: 1 
iter: 3  value: 2515.549 mgc: 0.001034795 ustep: 1 
iter: 4  value: 2515.549 mgc: 3.726221e-07 ustep: 1 
iter: 5  mgc: 4.857226e-14 
iter: 1  value: 2494.457 mgc: 1.999842 ustep: 1 
iter: 2  value: 2494.447 mgc: 0.06997466 ustep: 1 
iter: 3  value: 2494.447 mgc: 0.0009569199 ustep: 1 
iter: 4  value: 2494.447 mgc: 3.238474e-07 ustep: 1 
iter: 5  mgc: 3.738676e-14 
iter: 1  mgc: 3.738676e-14 
outer mgc:  33.40187 
iter: 1  value: 2450.049 mgc: 2.854641 ustep: 1 
iter: 2  value: 2449.825 mgc: 0.3829903 ustep: 1 
iter: 3  value: 2449.824 mgc: 0.03704027 ustep: 1 
iter: 4  value: 2449.824 mgc: 0.0004600383 ustep: 1 
iter: 5  value: 2449.824 mgc: 7.337909e-08 ustep: 1 
iter: 6  mgc: 4.32987e-15 
iter: 1  mgc: 4.32987e-15 
outer mgc:  7.185165 
iter: 1  value: 2433.92 mgc: 1.919203 ustep: 1 
iter: 2  value: 2433.846 mgc: 0.1942039 ustep: 1 
iter: 3  value: 2433.846 mgc: 0.006320548 ustep: 1 
iter: 4  value: 2433.846 mgc: 9.36433e-06 ustep: 1 
iter: 5  mgc: 2.333633e-11 
iter: 1  mgc: 2.333633e-11 
outer mgc:  5.453717 
iter: 1  value: 2423.072 mgc: 4.627275 ustep: 1 
iter: 2  value: 2422.695 mgc: 0.4809718 ustep: 1 
iter: 3  value: 2422.695 mgc: 0.01984857 ustep: 1 
iter: 4  value: 2422.695 mgc: 4.537084e-05 ustep: 1 
iter: 5  mgc: 2.37717e-10 
iter: 1  value: 2426.05 mgc: 2.141907 ustep: 1 
iter: 2  value: 2425.957 mgc: 0.2429195 ustep: 1 
iter: 3  value: 2425.957 mgc: 0.00673497 ustep: 1 
iter: 4  value: 2425.957 mgc: 8.284816e-06 ustep: 1 
iter: 5  mgc: 1.256018e-11 
iter: 1  mgc: 1.256018e-11 
outer mgc:  8.415429 
iter: 1  value: 2420.199 mgc: 1.72318 ustep: 1 
iter: 2  value: 2420.195 mgc: 0.06958909 ustep: 1 
iter: 3  value: 2420.195 mgc: 0.0003551623 ustep: 1 
iter: 4  value: 2420.195 mgc: 1.335496e-08 ustep: 1 
mgc: 7.993606e-15 
iter: 1  mgc: 7.993606e-15 
outer mgc:  4.592536 
iter: 1  value: 2415.063 mgc: 1.26674 ustep: 1 
iter: 2  value: 2415.062 mgc: 0.04009614 ustep: 1 
iter: 3  value: 2415.062 mgc: 0.0001588949 ustep: 1 
iter: 4  mgc: 2.519859e-09 
iter: 1  mgc: 2.519859e-09 
outer mgc:  3.182231 
iter: 1  value: 2408.425 mgc: 0.5996293 ustep: 1 
iter: 2  value: 2408.424 mgc: 0.02301353 ustep: 1 
iter: 3  value: 2408.424 mgc: 6.56027e-05 ustep: 1 
iter: 4  mgc: 5.33027e-10 
iter: 1  mgc: 5.33027e-10 
outer mgc:  2.953266 
iter: 1  value: 2400.119 mgc: 1.266428 ustep: 1 
iter: 2  value: 2400.118 mgc: 0.0323956 ustep: 1 
iter: 3  value: 2400.118 mgc: 0.00010666 ustep: 1 
iter: 4  mgc: 1.164408e-09 
iter: 1  mgc: 1.164408e-09 
outer mgc:  2.422247 
iter: 1  value: 2385.107 mgc: 4.39718 ustep: 1 
iter: 2  value: 2385.106 mgc: 0.02767021 ustep: 1 
iter: 3  value: 2385.106 mgc: 9.324677e-05 ustep: 1 
iter: 4  mgc: 1.183553e-09 
iter: 1  value: 2393.423 mgc: 1.789285 ustep: 1 
iter: 2  value: 2393.423 mgc: 0.0079008 ustep: 1 
iter: 3  value: 2393.423 mgc: 4.359833e-06 ustep: 1 
iter: 4  mgc: 1.325939e-12 
iter: 1  mgc: 1.325939e-12 
outer mgc:  4.016156 
iter: 1  value: 2386.061 mgc: 1.376478 ustep: 1 
iter: 2  value: 2386.06 mgc: 0.02782338 ustep: 1 
iter: 3  value: 2386.06 mgc: 8.814814e-05 ustep: 1 
iter: 4  mgc: 8.936254e-10 
iter: 1  mgc: 8.936254e-10 
outer mgc:  1.824692 
iter: 1  value: 2377.499 mgc: 0.8400795 ustep: 1 
iter: 2  value: 2377.499 mgc: 0.01677819 ustep: 1 
iter: 3  value: 2377.499 mgc: 2.598561e-05 ustep: 1 
iter: 4  mgc: 6.391065e-11 
iter: 1  mgc: 6.391065e-11 
outer mgc:  1.144925 
iter: 1  value: 2374.226 mgc: 0.658449 ustep: 1 
iter: 2  value: 2374.226 mgc: 0.01370186 ustep: 1 
iter: 3  value: 2374.226 mgc: 2.001681e-05 ustep: 1 
iter: 4  mgc: 4.294431e-11 
iter: 1  mgc: 4.294431e-11 
outer mgc:  0.9750307 
iter: 1  value: 2370.209 mgc: 0.6581479 ustep: 1 
iter: 2  value: 2370.209 mgc: 8.979167e-05 ustep: 1 
iter: 3  mgc: 5.662248e-11 
iter: 1  mgc: 5.662248e-11 
outer mgc:  0.225668 
iter: 1  value: 2366.045 mgc: 0.5453103 ustep: 1 
iter: 2  value: 2366.045 mgc: 3.916031e-05 ustep: 1 
iter: 3  mgc: 9.49163e-12 
iter: 1  mgc: 9.49163e-12 
outer mgc:  0.2898027 
iter: 1  value: 2354.768 mgc: 1.757533 ustep: 1 
iter: 2  value: 2354.768 mgc: 0.0001420122 ustep: 1 
iter: 3  mgc: 1.611844e-10 
iter: 1  mgc: 1.611844e-10 
outer mgc:  0.2755892 
iter: 1  value: 2343.482 mgc: 1.761755 ustep: 1 
iter: 2  value: 2343.482 mgc: 5.683228e-05 ustep: 1 
iter: 3  mgc: 2.417444e-11 
iter: 1  mgc: 2.417444e-11 
outer mgc:  0.214311 
iter: 1  value: 2328.18 mgc: 2.645085 ustep: 1 
iter: 2  value: 2328.18 mgc: 5.008526e-05 ustep: 1 
iter: 3  mgc: 2.630487e-10 
iter: 1  mgc: 2.630487e-10 
outer mgc:  0.06848619 
iter: 1  value: 2316.243 mgc: 1.894335 ustep: 1 
iter: 2  value: 2316.243 mgc: 6.548975e-06 ustep: 1 
iter: 3  mgc: 1.648459e-12 
iter: 1  mgc: 1.648459e-12 
outer mgc:  0.03261804 
iter: 1  value: 2307.435 mgc: 1.303607 ustep: 1 
iter: 2  value: 2307.435 mgc: 8.192203e-06 ustep: 1 
iter: 3  mgc: 7.02971e-12 
iter: 1  mgc: 7.02971e-12 
outer mgc:  0.0505767 
iter: 1  value: 2298.633 mgc: 1.301112 ustep: 1 
iter: 2  value: 2298.633 mgc: 5.836547e-07 ustep: 1 
iter: 3  mgc: 4.440892e-15 
iter: 1  mgc: 4.440892e-15 
outer mgc:  0.05514792 
iter: 1  value: 2282.95 mgc: 2.761141 ustep: 1 
iter: 2  value: 2282.95 mgc: 3.638811e-07 ustep: 1 
iter: 3  mgc: 1.24345e-14 
iter: 1  mgc: 1.24345e-14 
outer mgc:  0.02851274 
iter: 1  value: 2269.767 mgc: 2.180356 ustep: 1 
iter: 2  value: 2269.767 mgc: 1.827166e-06 ustep: 1 
iter: 3  mgc: 3.519407e-13 
iter: 1  mgc: 3.519407e-13 
outer mgc:  0.001661515 
iter: 1  value: 2258.026 mgc: 1.875099 ustep: 1 
iter: 2  value: 2258.026 mgc: 2.001629e-07 ustep: 1 
iter: 3  mgc: 3.996803e-15 
iter: 1  mgc: 3.996803e-15 
outer mgc:  0.01128945 
iter: 1  value: 2246.282 mgc: 1.874867 ustep: 1 
iter: 2  value: 2246.282 mgc: 2.901783e-08 ustep: 1 
iter: 3  mgc: 3.108624e-15 
iter: 1  mgc: 3.108624e-15 
outer mgc:  0.01168832 
iter: 1  value: 2231.585 mgc: 2.527949 ustep: 1 
iter: 2  value: 2231.585 mgc: 8.908943e-08 ustep: 1 
iter: 3  mgc: 3.552714e-15 
iter: 1  mgc: 3.552714e-15 
outer mgc:  0.006955412 
iter: 1  value: 2217.491 mgc: 2.386229 ustep: 1 
iter: 2  value: 2217.491 mgc: 3.828891e-08 ustep: 1 
iter: 3  mgc: 3.552714e-15 
iter: 1  mgc: 3.552714e-15 
outer mgc:  0.001015014 
iter: 1  value: 2204.617 mgc: 2.113861 ustep: 1 
iter: 2  value: 2204.617 mgc: 3.291536e-08 ustep: 1 
iter: 3  mgc: 3.552714e-15 
iter: 1  mgc: 3.552714e-15 
outer mgc:  0.002102739 
iter: 1  value: 2191.744 mgc: 2.113468 ustep: 1 
iter: 2  mgc: 5.980945e-10 
iter: 1  mgc: 5.980945e-10 
outer mgc:  0.002726058 
iter: 1  value: 2178.871 mgc: 2.113882 ustep: 1 
iter: 2  mgc: 3.08062e-10 
iter: 1  mgc: 3.08062e-10 
outer mgc:  0.001465934 
iter: 1  value: 2165.999 mgc: 2.11374 ustep: 1 
iter: 2  mgc: 5.471392e-09 
iter: 1  mgc: 5.471392e-09 
outer mgc:  0.0004762993 
iter: 1  value: 2153.126 mgc: 2.113978 ustep: 1 
iter: 2  mgc: 2.510412e-10 
iter: 1  mgc: 2.510412e-10 
outer mgc:  0.0004233863 
iter: 1  value: 2140.253 mgc: 2.113871 ustep: 1 
iter: 2  mgc: 3.905583e-10 
iter: 1  mgc: 3.905583e-10 
outer mgc:  0.0005186007 
iter: 1  value: 2127.379 mgc: 2.11395 ustep: 1 
iter: 2  mgc: 2.01545e-10 
iter: 1  mgc: 2.01545e-10 
outer mgc:  0.0004326639 
iter: 1  value: 2111.976 mgc: 2.697164 ustep: 1 
iter: 2  mgc: 4.295675e-11 
iter: 1  mgc: 4.295675e-11 
outer mgc:  0.0001273572 
iter: 1  value: 2097.993 mgc: 2.361334 ustep: 1 
iter: 2  mgc: 1.717402e-10 
iter: 1  mgc: 1.717402e-10 
outer mgc:  9.078551e-05 
iter: 1  mgc: 1.717402e-10 
iter: 1  mgc: 1.717402e-10 
outer mgc:  9.078551e-05 
iter: 1  value: 2097.994 mgc: 0.003519438 ustep: 1 
iter: 2  value: 2097.994 mgc: 9.068284e-08 ustep: 1 
iter: 3  mgc: 3.774758e-15 
outer mgc:  0.05797647 
iter: 1  value: 2097.992 mgc: 0.003519243 ustep: 1 
iter: 2  value: 2097.992 mgc: 9.058465e-08 ustep: 1 
iter: 3  mgc: 3.330669e-15 
outer mgc:  0.05813876 
iter: 1  value: 2097.993 mgc: 0.0003735435 ustep: 1 
iter: 2  mgc: 1.499689e-12 
outer mgc:  0.005947764 
iter: 1  value: 2097.993 mgc: 0.0003731871 ustep: 1 
iter: 2  mgc: 1.497691e-12 
outer mgc:  0.00604728 
iter: 1  value: 2097.99 mgc: 0.001924864 ustep: 1 
iter: 2  value: 2097.99 mgc: 2.784703e-07 ustep: 1 
iter: 3  mgc: 6.661338e-15 
outer mgc:  0.01577607 
iter: 1  value: 2097.996 mgc: 0.00192262 ustep: 1 
iter: 2  value: 2097.996 mgc: 2.784237e-07 ustep: 1 
iter: 3  mgc: 4.884981e-15 
outer mgc:  0.01584257 
iter: 1  value: 2097.993 mgc: 0.0002223048 ustep: 1 
iter: 2  mgc: 5.179257e-09 
outer mgc:  0.001891428 
iter: 1  value: 2097.993 mgc: 0.0002220885 ustep: 1 
iter: 2  mgc: 5.169681e-09 
outer mgc:  0.001914764 
iter: 1  value: 2097.994 mgc: 0.002688547 ustep: 1 
iter: 2  value: 2097.994 mgc: 2.569897e-08 ustep: 1 
iter: 3  mgc: 5.329071e-15 
outer mgc:  0.03602805 
iter: 1  value: 2097.993 mgc: 0.002687364 ustep: 1 
iter: 2  value: 2097.993 mgc: 2.567468e-08 ustep: 1 
iter: 3  mgc: 4.662937e-15 
outer mgc:  0.03589609 
iter: 1  value: 2097.993 mgc: 0.0005940274 ustep: 1 
iter: 2  mgc: 5.029327e-09 
outer mgc:  0.008728904 
iter: 1  value: 2097.993 mgc: 0.0005945771 ustep: 1 
iter: 2  mgc: 5.038358e-09 
outer mgc:  0.008747132 
iter: 1  value: 2098.003 mgc: 0.002627706 ustep: 1 
mgc: 4.884981e-15 
outer mgc:  9.078526e-05 
iter: 1  value: 2097.983 mgc: 0.002630335 ustep: 1 
mgc: 2.595146e-15 
outer mgc:  9.078579e-05 
iter: 1  value: 2097.998 mgc: 0.001924415 ustep: 1 
iter: 2  value: 2097.998 mgc: 3.88604e-07 ustep: 1 
iter: 3  mgc: 1.576517e-14 
outer mgc:  0.00208309 
iter: 1  value: 2097.988 mgc: 0.001926341 ustep: 1 
iter: 2  value: 2097.988 mgc: 3.884528e-07 ustep: 1 
iter: 3  mgc: 1.509903e-14 
outer mgc:  0.002099888 
iter: 1  value: 2098.003 mgc: 0.001574732 ustep: 1 
mgc: 3.108624e-15 
outer mgc:  9.078552e-05 
iter: 1  value: 2097.983 mgc: 0.001576308 ustep: 1 
mgc: 4.32987e-15 
outer mgc:  9.078552e-05 
iter: 1  value: 2097.99 mgc: 0.002369776 ustep: 1 
iter: 2  value: 2097.99 mgc: 2.952177e-07 ustep: 1 
iter: 3  mgc: 8.21565e-15 
outer mgc:  0.02728816 
iter: 1  value: 2097.996 mgc: 0.002368064 ustep: 1 
iter: 2  value: 2097.996 mgc: 2.946502e-07 ustep: 1 
iter: 3  mgc: 8.65974e-15 
outer mgc:  0.02737763 
[Sun Aug 15 23:16:13 2021]
Finished job 0.
1 of 1 steps (100%) done
