Building DAG of jobs...
Using shell: /usr/bin/bash
Provided cores: 1 (use --cores to define parallelism)
Rules claiming more threads will be scaled down.
Job counts:
	count	jobs
	1	inference_simulation_TMB_multiple
	1

[Sun Aug 15 21:51:14 2021]
rule inference_simulation_TMB_multiple:
    input: ../data/assessing_models_simulation/datasets/multiple_GenerationJnorm2_50_100_80_4_4_NA_NA_NA_dataset1.RDS
    output: ../data/assessing_models_simulation/inference_results/TMB/nlminb/multiple_GenerationJnorm2_50_100_80_4_4_diagREDM_NA_NA_NA_dataset1.RDS
    log: logs/inference/nlminb/simulation_GenerationJnorm2_50_100_80_4_4_ModeldiagREDM_NA_NA_NA_dataset1.log
    jobid: 0
    wildcards: optimiser=nlminb, datasetgeneration=GenerationJnorm2, n=50, nlambda=100, lmbda=80, d=4, beta_intensity=4, model=diagREDM, fixed_beta_intercept=NA, fixed_beta_slope=NA, sdRE_input=NA, itnum=1

Rscript 2_inference_TMB/run_TMB.R --input ../data/assessing_models_simulation/datasets/multiple_GenerationJnorm2_50_100_80_4_4_NA_NA_NA_dataset1.RDS --output ../data/assessing_models_simulation/inference_results/TMB/nlminb/multiple_GenerationJnorm2_50_100_80_4_4_diagREDM_NA_NA_NA_dataset1.RDS --model diagREDM --optimiser nlminb
Model: diagREDM 
Feature type: signatures 
Using nlminb: TRUE 
Simulation boolean: TRUE 
make: Nothing to be done for 'all'.
../data/assessing_models_simulation/datasets/multiple_GenerationJnorm2_50_100_80_4_4_NA_NA_NA_dataset1.RDS[1] "../data/assessing_models_simulation/datasets/multiple_GenerationJnorm2_50_100_80_4_4_NA_NA_NA_dataset1.RDS"
Reading file ../data/assessing_models_simulation/datasets/multiple_GenerationJnorm2_50_100_80_4_4_NA_NA_NA_dataset1.RDS 
Loading required package: nnet
# weights:  12 (6 variable)
initial  value 13990.482692 
iter  10 value 7085.596661
iter  20 value 7042.537913
final  value 7041.203904 
converged
Constructing atomic invpd
Constructing atomic D_lgamma
Constructing atomic invpd
Constructing atomic D_lgamma
Constructing atomic matmul
Constructing atomic invpd
Constructing atomic D_lgamma
Constructing atomic matmul
Optimizing tape... Done
iter: 1  value: 35214.59 mgc: 55.14335 ustep: 1 
iter: 2  value: 33638.49 mgc: 43.62556 ustep: 0.0892438 
iter: 3  value: 33251.25 mgc: 17.76394 ustep: 0.2988071 
iter: 4  value: 33225.5 mgc: 52.48461 ustep: 0.1794184 
iter: 5  value: 33221.71 mgc: 61.32714 ustep: 0.2407894 
iter: 6  value: 33120.38 mgc: 31.68151 ustep: 0.0520941 
iter: 7  value: 33110.91 mgc: 15.90399 ustep: 0.2283185 
iter: 8  value: 33110.67 mgc: 1.744222 ustep: 0.4778791 
iter: 9  value: 33110.66 mgc: 0.1298563 ustep: 0.6913188 
iter: 10  value: 33110.66 mgc: 0.006997813 ustep: 0.8314727 
iter: 11  value: 33110.66 mgc: 0.0004929373 ustep: 0.9118601 
iter: 12  value: 33110.66 mgc: 1.781453e-05 ustep: 0.9549182 
iter: 13  value: 33110.66 mgc: 3.228785e-07 ustep: 0.9772014 
iter: 14  mgc: 2.92664e-09 
iter: 1  mgc: 2.92664e-09 
Matching hessian patterns... Done
outer mgc:  4848.928 
iter: 1  value: 28283.39 mgc: 0.3321304 ustep: 1 
iter: 2  value: 28283.39 mgc: 0.006369675 ustep: 1 
iter: 3  value: 28283.39 mgc: 2.454286e-06 ustep: 1 
iter: 4  mgc: 6.36835e-12 
iter: 1  value: 15048.96 mgc: 0.9563911 ustep: 1 
iter: 2  value: 15048.96 mgc: 0.04406256 ustep: 1 
iter: 3  value: 15048.96 mgc: 0.0001190552 ustep: 1 
iter: 4  mgc: 8.761377e-10 
iter: 1  value: 7935.573 mgc: 1.610399 ustep: 1 
iter: 2  value: 7935.572 mgc: 0.03636305 ustep: 1 
iter: 3  value: 7935.572 mgc: 2.31751e-05 ustep: 1 
iter: 4  mgc: 2.533307e-11 
iter: 1  mgc: 2.533307e-11 
outer mgc:  66.09633 
iter: 1  value: 9041.468 mgc: 49.70633 ustep: 0.08574932 
iter: 2  value: 8068.559 mgc: 37.01811 ustep: 0.159092 
iter: 3  value: 7797.66 mgc: 8.425654 ustep: 0.3989235 
iter: 4  value: 7777.172 mgc: 8.134722 ustep: 0.6316408 
iter: 5  value: 7776.511 mgc: 1.557341 ustep: 0.7947788 
iter: 6  value: 7776.506 mgc: 0.1610279 ustep: 0.8915145 
iter: 7  value: 7776.506 mgc: 0.004644592 ustep: 0.9442061 
iter: 8  value: 7776.506 mgc: 4.777898e-05 ustep: 0.9717055 
iter: 9  value: 7776.506 mgc: 2.455034e-07 ustep: 0.9857527 
iter: 10  mgc: 6.345096e-10 
iter: 1  mgc: 6.345096e-10 
outer mgc:  330.5189 
iter: 1  value: 20578.48 mgc: 38.79974 ustep: 0.07667667 
iter: 2  value: 18054 mgc: 38.09573 ustep: 0.08140558 
iter: 3  value: 17418.95 mgc: 43.43436 ustep: 0.08055588 
iter: 4  value: 17116.69 mgc: 25.48452 ustep: 0.2838953 
iter: 5  value: 16987.08 mgc: 16.55392 ustep: 0.532865 
iter: 6  value: 16796.36 mgc: 9.610971 ustep: 0.122348 
iter: 7  value: 16762.85 mgc: 20.39062 ustep: 0.3498479 
iter: 8  value: 16758.37 mgc: 5.450549 ustep: 0.5915202 
iter: 9  value: 16756.31 mgc: 4.917159 ustep: 0.7691266 
iter: 10  value: 16756.26 mgc: 0.6352905 ustep: 0.8770109 
iter: 11  value: 16756.26 mgc: 0.03637955 ustep: 0.936495 
iter: 12  value: 16756.26 mgc: 0.0004661281 ustep: 0.9677299 
iter: 13  value: 16756.26 mgc: 2.763066e-06 ustep: 0.9837343 
iter: 14  mgc: 8.014631e-09 
iter: 1  value: 8329.964 mgc: 57.07185 ustep: 1 
iter: 2  value: 7569.563 mgc: 52.46781 ustep: 1 
iter: 3  value: 7530.916 mgc: 12.07751 ustep: 1 
iter: 4  value: 7530.408 mgc: 1.638183 ustep: 1 
iter: 5  value: 7530.407 mgc: 0.1044452 ustep: 1 
iter: 6  value: 7530.407 mgc: 0.0005189453 ustep: 1 
iter: 7  value: 7530.407 mgc: 1.298678e-08 ustep: 1 
mgc: 5.629275e-12 
iter: 1  mgc: 5.629275e-12 
outer mgc:  251.706 
iter: 1  value: 7418.598 mgc: 36.17442 ustep: 1 
iter: 2  value: 7367.798 mgc: 13.67369 ustep: 1 
iter: 3  value: 7367.693 mgc: 0.960108 ustep: 1 
iter: 4  value: 7367.693 mgc: 0.01982859 ustep: 1 
iter: 5  value: 7367.693 mgc: 9.090619e-06 ustep: 1 
iter: 6  mgc: 7.250645e-12 
iter: 1  mgc: 7.250645e-12 
outer mgc:  61.52849 
iter: 1  value: 7276.189 mgc: 35.00441 ustep: 1 
iter: 2  value: 7248.708 mgc: 4.950943 ustep: 1 
iter: 3  value: 7248.471 mgc: 0.5364169 ustep: 1 
iter: 4  value: 7248.471 mgc: 0.01375855 ustep: 1 
iter: 5  value: 7248.471 mgc: 1.485902e-05 ustep: 1 
iter: 6  mgc: 1.827788e-11 
iter: 1  mgc: 1.827788e-11 
outer mgc:  45.56531 
iter: 1  value: 7130.044 mgc: 17.09339 ustep: 1 
iter: 2  value: 7127.423 mgc: 2.667627 ustep: 1 
iter: 3  value: 7127.421 mgc: 0.07884121 ustep: 1 
iter: 4  value: 7127.421 mgc: 0.0001325444 ustep: 1 
iter: 5  mgc: 1.109377e-09 
iter: 1  value: 7160.171 mgc: 31.03242 ustep: 1 
iter: 2  value: 7142.016 mgc: 4.881435 ustep: 1 
iter: 3  value: 7141.928 mgc: 0.3063081 ustep: 1 
iter: 4  value: 7141.928 mgc: 0.004915965 ustep: 1 
iter: 5  value: 7141.928 mgc: 1.325022e-06 ustep: 1 
iter: 6  mgc: 7.651324e-12 
iter: 1  mgc: 1.109377e-09 
outer mgc:  45.07074 
iter: 1  value: 7569.414 mgc: 28.70672 ustep: 1 
iter: 2  value: 7070.282 mgc: 33.80088 ustep: 1 
iter: 3  value: 7061.064 mgc: 4.747531 ustep: 1 
iter: 4  value: 7061.041 mgc: 0.3076566 ustep: 1 
iter: 5  value: 7061.041 mgc: 0.002333573 ustep: 1 
iter: 6  value: 7061.041 mgc: 1.369194e-07 ustep: 1 
iter: 7  mgc: 6.681988e-12 
iter: 1  mgc: 6.681988e-12 
outer mgc:  87.19937 
iter: 1  value: 7022.126 mgc: 33.19588 ustep: 1 
iter: 2  value: 6974.141 mgc: 14.40074 ustep: 1 
iter: 3  value: 6974.023 mgc: 0.9901549 ustep: 1 
iter: 4  value: 6974.023 mgc: 0.01114228 ustep: 1 
iter: 5  value: 6974.023 mgc: 1.589622e-06 ustep: 1 
iter: 6  mgc: 5.538237e-12 
iter: 1  mgc: 5.538237e-12 
outer mgc:  32.78947 
iter: 1  value: 7260.665 mgc: 32.25085 ustep: 1 
iter: 2  value: 6965.122 mgc: 33.24195 ustep: 1 
iter: 3  value: 6956.336 mgc: 3.731737 ustep: 1 
iter: 4  value: 6956.31 mgc: 0.2473841 ustep: 1 
iter: 5  value: 6956.31 mgc: 0.00173245 ustep: 1 
iter: 6  value: 6956.31 mgc: 9.834183e-08 ustep: 1 
iter: 7  mgc: 7.278622e-12 
iter: 1  mgc: 7.278622e-12 
outer mgc:  104.3652 
iter: 1  value: 7176.225 mgc: 41.32631 ustep: 1 
iter: 2  value: 6922.675 mgc: 28.5969 ustep: 1 
iter: 3  value: 6921.397 mgc: 1.965058 ustep: 1 
iter: 4  value: 6921.396 mgc: 0.04566467 ustep: 1 
iter: 5  value: 6921.396 mgc: 3.836726e-05 ustep: 1 
iter: 6  mgc: 2.616163e-11 
iter: 1  mgc: 2.616163e-11 
outer mgc:  51.53787 
iter: 1  value: 7106.803 mgc: 24.48287 ustep: 1 
iter: 2  value: 6952.155 mgc: 18.54563 ustep: 1 
iter: 3  value: 6950.193 mgc: 2.245716 ustep: 1 
iter: 4  value: 6950.192 mgc: 0.07397011 ustep: 1 
iter: 5  value: 6950.192 mgc: 0.0001195039 ustep: 1 
iter: 6  mgc: 3.124541e-10 
iter: 1  value: 6901.239 mgc: 24.76963 ustep: 1 
iter: 2  value: 6884.851 mgc: 6.579544 ustep: 1 
iter: 3  value: 6884.815 mgc: 0.4381498 ustep: 1 
iter: 4  value: 6884.815 mgc: 0.004185367 ustep: 1 
iter: 5  value: 6884.815 mgc: 3.897843e-07 ustep: 1 
iter: 6  mgc: 6.238121e-12 
iter: 1  mgc: 6.238121e-12 
outer mgc:  20.27561 
iter: 1  value: 6868.253 mgc: 16.36514 ustep: 1 
iter: 2  value: 6866.852 mgc: 2.277716 ustep: 1 
iter: 3  value: 6866.852 mgc: 0.04360118 ustep: 1 
iter: 4  value: 6866.852 mgc: 2.432065e-05 ustep: 1 
iter: 5  mgc: 6.501966e-12 
iter: 1  mgc: 6.501966e-12 
outer mgc:  30.27257 
iter: 1  value: 6849.327 mgc: 14.64232 ustep: 1 
iter: 2  value: 6848.47 mgc: 1.43799 ustep: 1 
iter: 3  value: 6848.47 mgc: 0.01693138 ustep: 1 
iter: 4  value: 6848.47 mgc: 5.121159e-06 ustep: 1 
iter: 5  mgc: 6.571965e-12 
iter: 1  mgc: 6.571965e-12 
outer mgc:  28.44586 
iter: 1  value: 6852.106 mgc: 12.93582 ustep: 1 
iter: 2  value: 6851.518 mgc: 0.9929867 ustep: 1 
iter: 3  value: 6851.518 mgc: 0.00777136 ustep: 1 
iter: 4  value: 6851.518 mgc: 6.177434e-07 ustep: 1 
iter: 5  mgc: 5.759837e-12 
iter: 1  value: 6843.504 mgc: 8.165783 ustep: 1 
iter: 2  value: 6843.341 mgc: 0.4935475 ustep: 1 
iter: 3  value: 6843.341 mgc: 0.002547301 ustep: 1 
iter: 4  value: 6843.341 mgc: 1.125676e-07 ustep: 1 
iter: 5  mgc: 6.415535e-12 
iter: 1  mgc: 6.415535e-12 
outer mgc:  18.18777 
iter: 1  value: 6837.822 mgc: 4.898691 ustep: 1 
iter: 2  value: 6837.808 mgc: 0.1477556 ustep: 1 
iter: 3  value: 6837.808 mgc: 0.0002317034 ustep: 1 
iter: 4  mgc: 1.095806e-09 
iter: 1  mgc: 1.095806e-09 
outer mgc:  10.15853 
iter: 1  value: 6834.348 mgc: 5.769472 ustep: 1 
iter: 2  value: 6834.341 mgc: 0.156427 ustep: 1 
iter: 3  value: 6834.341 mgc: 0.0001844076 ustep: 1 
iter: 4  mgc: 3.544884e-10 
iter: 1  mgc: 3.544884e-10 
outer mgc:  23.45749 
iter: 1  value: 6828.692 mgc: 5.405232 ustep: 1 
iter: 2  value: 6828.683 mgc: 0.125083 ustep: 1 
iter: 3  value: 6828.683 mgc: 0.0002092153 ustep: 1 
iter: 4  mgc: 7.477052e-10 
iter: 1  mgc: 7.477052e-10 
outer mgc:  10.02637 
iter: 1  value: 6828.605 mgc: 7.983163 ustep: 1 
iter: 2  value: 6828.545 mgc: 0.3006269 ustep: 1 
iter: 3  value: 6828.545 mgc: 0.0009820018 ustep: 1 
iter: 4  value: 6828.545 mgc: 1.210017e-08 ustep: 1 
mgc: 7.113643e-12 
iter: 1  value: 6827.036 mgc: 3.939817 ustep: 1 
iter: 2  value: 6827.032 mgc: 0.08059686 ustep: 1 
iter: 3  value: 6827.032 mgc: 7.312357e-05 ustep: 1 
iter: 4  mgc: 6.217588e-11 
iter: 1  mgc: 6.217588e-11 
outer mgc:  8.725538 
iter: 1  value: 6825.155 mgc: 3.060792 ustep: 1 
iter: 2  value: 6825.152 mgc: 0.0597021 ustep: 1 
iter: 3  value: 6825.152 mgc: 4.02558e-05 ustep: 1 
iter: 4  mgc: 2.105516e-11 
iter: 1  mgc: 2.105516e-11 
outer mgc:  7.808453 
iter: 1  value: 6821.087 mgc: 2.846152 ustep: 1 
iter: 2  value: 6821.085 mgc: 0.05141614 ustep: 1 
iter: 3  value: 6821.085 mgc: 3.271908e-05 ustep: 1 
iter: 4  mgc: 1.656353e-11 
iter: 1  value: 6817.949 mgc: 1.418487 ustep: 1 
iter: 2  value: 6817.949 mgc: 0.01852727 ustep: 1 
iter: 3  value: 6817.949 mgc: 3.325153e-06 ustep: 1 
iter: 4  mgc: 6.338929e-12 
iter: 1  mgc: 6.338929e-12 
outer mgc:  13.57062 
iter: 1  value: 6812.093 mgc: 4.673991 ustep: 1 
iter: 2  value: 6812.085 mgc: 0.1244685 ustep: 1 
iter: 3  value: 6812.085 mgc: 0.0001431521 ustep: 1 
iter: 4  mgc: 2.201936e-10 
iter: 1  mgc: 2.201936e-10 
outer mgc:  20.37445 
iter: 1  value: 6805.681 mgc: 5.666559 ustep: 1 
iter: 2  value: 6805.669 mgc: 0.1532181 ustep: 1 
iter: 3  value: 6805.669 mgc: 0.0001955565 ustep: 1 
iter: 4  mgc: 8.955275e-10 
iter: 1  mgc: 8.955275e-10 
outer mgc:  18.20125 
iter: 1  value: 6798.356 mgc: 4.100627 ustep: 1 
iter: 2  value: 6798.355 mgc: 0.06062258 ustep: 1 
iter: 3  value: 6798.355 mgc: 2.237446e-05 ustep: 1 
iter: 4  mgc: 6.834977e-12 
iter: 1  mgc: 6.834977e-12 
outer mgc:  9.550079 
iter: 1  value: 6794.471 mgc: 3.020756 ustep: 1 
iter: 2  value: 6794.47 mgc: 0.03368084 ustep: 1 
iter: 3  value: 6794.47 mgc: 1.59946e-05 ustep: 1 
iter: 4  mgc: 8.558043e-12 
iter: 1  mgc: 8.558043e-12 
outer mgc:  19.74891 
iter: 1  value: 6786.926 mgc: 2.014648 ustep: 1 
iter: 2  value: 6786.926 mgc: 0.02115277 ustep: 1 
iter: 3  value: 6786.926 mgc: 4.227386e-06 ustep: 1 
iter: 4  mgc: 6.81788e-12 
iter: 1  mgc: 6.81788e-12 
outer mgc:  5.325789 
iter: 1  value: 6784.901 mgc: 1.803352 ustep: 1 
iter: 2  value: 6784.901 mgc: 0.02332405 ustep: 1 
iter: 3  value: 6784.901 mgc: 4.789627e-06 ustep: 1 
iter: 4  mgc: 5.833334e-12 
iter: 1  mgc: 5.833334e-12 
outer mgc:  9.057085 
iter: 1  value: 6783.787 mgc: 3.461097 ustep: 1 
iter: 2  value: 6783.787 mgc: 0.04674244 ustep: 1 
iter: 3  value: 6783.787 mgc: 1.093884e-05 ustep: 1 
iter: 4  mgc: 6.747491e-12 
iter: 1  mgc: 6.747491e-12 
outer mgc:  9.496236 
iter: 1  value: 6784.296 mgc: 3.556964 ustep: 1 
iter: 2  value: 6784.295 mgc: 0.06618054 ustep: 1 
iter: 3  value: 6784.295 mgc: 3.440413e-05 ustep: 1 
iter: 4  mgc: 1.378808e-11 
iter: 1  mgc: 1.378808e-11 
outer mgc:  5.482109 
iter: 1  value: 6783.483 mgc: 2.895168 ustep: 1 
iter: 2  value: 6783.48 mgc: 0.06465005 ustep: 1 
iter: 3  value: 6783.48 mgc: 4.204406e-05 ustep: 1 
iter: 4  mgc: 3.087808e-11 
iter: 1  mgc: 3.087808e-11 
outer mgc:  12.0806 
iter: 1  value: 6782.492 mgc: 2.231178 ustep: 1 
iter: 2  value: 6782.491 mgc: 0.03361735 ustep: 1 
iter: 3  value: 6782.491 mgc: 1.886273e-05 ustep: 1 
iter: 4  mgc: 6.078693e-12 
iter: 1  mgc: 6.078693e-12 
outer mgc:  5.914822 
iter: 1  value: 6778.722 mgc: 1.243673 ustep: 1 
iter: 2  value: 6778.721 mgc: 0.01026061 ustep: 1 
iter: 3  value: 6778.721 mgc: 1.142798e-06 ustep: 1 
iter: 4  mgc: 2.109202e-12 
iter: 1  mgc: 2.109202e-12 
outer mgc:  2.74736 
iter: 1  value: 6782.327 mgc: 1.522952 ustep: 1 
iter: 2  value: 6782.327 mgc: 0.01384549 ustep: 1 
iter: 3  value: 6782.327 mgc: 1.940442e-06 ustep: 1 
iter: 4  mgc: 2.764733e-12 
iter: 1  mgc: 2.764733e-12 
outer mgc:  2.803752 
iter: 1  value: 6782.798 mgc: 0.8443606 ustep: 1 
iter: 2  value: 6782.798 mgc: 0.006889198 ustep: 1 
iter: 3  value: 6782.798 mgc: 5.333112e-07 ustep: 1 
iter: 4  mgc: 1.590728e-12 
iter: 1  mgc: 1.590728e-12 
outer mgc:  3.871827 
iter: 1  value: 6781.85 mgc: 1.063825 ustep: 1 
iter: 2  value: 6781.85 mgc: 0.006553064 ustep: 1 
iter: 3  value: 6781.85 mgc: 4.152882e-07 ustep: 1 
iter: 4  mgc: 1.562306e-12 
iter: 1  mgc: 1.562306e-12 
outer mgc:  3.089712 
iter: 1  value: 6780.857 mgc: 0.5289883 ustep: 1 
iter: 2  value: 6780.857 mgc: 0.002339483 ustep: 1 
iter: 3  value: 6780.857 mgc: 5.219484e-08 ustep: 1 
mgc: 1.32111e-12 
iter: 1  mgc: 1.32111e-12 
outer mgc:  1.446359 
iter: 1  value: 6781.057 mgc: 0.163916 ustep: 1 
iter: 2  value: 6781.057 mgc: 0.0002466551 ustep: 1 
iter: 3  mgc: 4.116347e-10 
iter: 1  value: 6781.513 mgc: 0.2330876 ustep: 1 
iter: 2  value: 6781.513 mgc: 0.0004912762 ustep: 1 
iter: 3  mgc: 1.619165e-09 
iter: 1  mgc: 1.619165e-09 
outer mgc:  0.6395473 
iter: 1  value: 6796.317 mgc: 2.089301 ustep: 1 
iter: 2  value: 6796.316 mgc: 0.04038627 ustep: 1 
iter: 3  value: 6796.316 mgc: 2.830945e-05 ustep: 1 
iter: 4  mgc: 1.756995e-11 
iter: 1  mgc: 1.756995e-11 
outer mgc:  5.018079 
iter: 1  value: 7594.911 mgc: 9.021523 ustep: 1 
iter: 2  value: 7594.634 mgc: 0.8003618 ustep: 1 
iter: 3  value: 7594.634 mgc: 0.01605946 ustep: 1 
iter: 4  value: 7594.634 mgc: 6.091767e-06 ustep: 1 
iter: 5  mgc: 8.588685e-13 
iter: 1  value: 6812.414 mgc: 2.060509 ustep: 1 
iter: 2  value: 6812.414 mgc: 0.04425831 ustep: 1 
iter: 3  value: 6812.414 mgc: 3.33289e-05 ustep: 1 
iter: 4  mgc: 3.221912e-11 
iter: 1  value: 6798.875 mgc: 0.5499615 ustep: 1 
iter: 2  value: 6798.875 mgc: 0.002444498 ustep: 1 
iter: 3  value: 6798.875 mgc: 8.233198e-08 ustep: 1 
iter: 4  mgc: 5.306866e-14 
iter: 1  mgc: 5.306866e-14 
outer mgc:  3.332278 
iter: 1  value: 6797.061 mgc: 2.669321 ustep: 1 
iter: 2  value: 6797.059 mgc: 0.04822838 ustep: 1 
iter: 3  value: 6797.059 mgc: 2.040998e-05 ustep: 1 
iter: 4  mgc: 5.774492e-12 
iter: 1  value: 6797.881 mgc: 0.5700168 ustep: 1 
iter: 2  value: 6797.881 mgc: 0.002872179 ustep: 1 
iter: 3  value: 6797.881 mgc: 9.188248e-08 ustep: 1 
iter: 4  mgc: 6.794565e-14 
iter: 1  mgc: 6.794565e-14 
outer mgc:  3.308244 
iter: 1  value: 6797.835 mgc: 0.3323455 ustep: 1 
iter: 2  value: 6797.835 mgc: 0.002256243 ustep: 1 
iter: 3  value: 6797.835 mgc: 1.139927e-07 ustep: 1 
iter: 4  mgc: 6.686318e-14 
iter: 1  mgc: 6.686318e-14 
outer mgc:  3.011362 
iter: 1  value: 6796.658 mgc: 0.3209472 ustep: 1 
iter: 2  value: 6796.658 mgc: 0.0009381711 ustep: 1 
iter: 3  value: 6796.658 mgc: 1.025461e-08 ustep: 1 
mgc: 6.006654e-14 
iter: 1  mgc: 6.006654e-14 
outer mgc:  2.607195 
iter: 1  value: 6797.022 mgc: 0.3931825 ustep: 1 
iter: 2  value: 6797.022 mgc: 0.002285387 ustep: 1 
iter: 3  value: 6797.022 mgc: 1.31169e-07 ustep: 1 
iter: 4  mgc: 5.595524e-14 
iter: 1  value: 6798.117 mgc: 0.3216553 ustep: 1 
iter: 2  value: 6798.117 mgc: 0.0009156601 ustep: 1 
iter: 3  value: 6798.117 mgc: 1.640061e-08 ustep: 1 
mgc: 5.417888e-14 
iter: 1  value: 6800.899 mgc: 0.7417921 ustep: 1 
iter: 2  value: 6800.899 mgc: 0.005356963 ustep: 1 
iter: 3  value: 6800.899 mgc: 5.742832e-07 ustep: 1 
iter: 4  mgc: 4.499179e-14 
iter: 1  mgc: 4.499179e-14 
outer mgc:  2.992339 
iter: 1  value: 6799.038 mgc: 3.922263 ustep: 1 
iter: 2  value: 6799.004 mgc: 0.2909117 ustep: 1 
iter: 3  value: 6799.004 mgc: 0.0009997276 ustep: 1 
iter: 4  value: 6799.004 mgc: 1.279167e-08 ustep: 1 
mgc: 6.039613e-14 
iter: 1  value: 6798.969 mgc: 0.34403 ustep: 1 
iter: 2  value: 6798.969 mgc: 0.002239295 ustep: 1 
iter: 3  value: 6798.969 mgc: 1.203155e-07 ustep: 1 
iter: 4  mgc: 4.485301e-14 
iter: 1  mgc: 4.485301e-14 
outer mgc:  2.783387 
iter: 1  value: 6797.985 mgc: 0.4117831 ustep: 1 
iter: 2  value: 6797.985 mgc: 0.00171034 ustep: 1 
iter: 3  value: 6797.985 mgc: 3.517158e-08 ustep: 1 
mgc: 3.183565e-14 
iter: 1  mgc: 3.183565e-14 
outer mgc:  2.502349 
iter: 1  value: 6796.537 mgc: 0.5373292 ustep: 1 
iter: 2  value: 6796.537 mgc: 0.001811157 ustep: 1 
iter: 3  value: 6796.537 mgc: 3.714723e-08 ustep: 1 
iter: 4  mgc: 4.610201e-14 
iter: 1  mgc: 4.610201e-14 
outer mgc:  4.206567 
iter: 1  value: 6795.53 mgc: 0.4680696 ustep: 1 
iter: 2  value: 6795.53 mgc: 0.002144931 ustep: 1 
iter: 3  value: 6795.53 mgc: 5.461452e-08 ustep: 1 
mgc: 3.308465e-14 
iter: 1  mgc: 3.308465e-14 
outer mgc:  2.230299 
iter: 1  value: 6794.346 mgc: 0.2986487 ustep: 1 
iter: 2  value: 6794.346 mgc: 0.001263132 ustep: 1 
iter: 3  value: 6794.346 mgc: 2.061643e-08 ustep: 1 
mgc: 4.396483e-14 
iter: 1  mgc: 4.396483e-14 
outer mgc:  1.987131 
iter: 1  value: 6792.579 mgc: 0.5800133 ustep: 1 
iter: 2  value: 6792.579 mgc: 0.004182746 ustep: 1 
iter: 3  value: 6792.579 mgc: 3.610452e-07 ustep: 1 
iter: 4  mgc: 3.68594e-14 
iter: 1  value: 6789.752 mgc: 0.9696874 ustep: 1 
iter: 2  value: 6789.752 mgc: 0.007355458 ustep: 1 
iter: 3  value: 6789.752 mgc: 1.091139e-06 ustep: 1 
iter: 4  mgc: 2.997602e-14 
iter: 1  mgc: 2.997602e-14 
outer mgc:  7.501231 
iter: 1  value: 6783.381 mgc: 1.662548 ustep: 1 
iter: 2  value: 6783.381 mgc: 0.01418742 ustep: 1 
iter: 3  value: 6783.381 mgc: 2.32971e-06 ustep: 1 
iter: 4  mgc: 7.549517e-14 
iter: 1  mgc: 7.549517e-14 
outer mgc:  1.141204 
iter: 1  value: 6772.695 mgc: 1.988979 ustep: 1 
iter: 2  value: 6772.695 mgc: 0.00930121 ustep: 1 
iter: 3  value: 6772.695 mgc: 7.438368e-07 ustep: 1 
iter: 4  mgc: 2.708944e-14 
iter: 1  mgc: 2.708944e-14 
outer mgc:  0.8355416 
iter: 1  value: 6765.373 mgc: 1.847189 ustep: 1 
iter: 2  value: 6765.373 mgc: 0.006053717 ustep: 1 
iter: 3  value: 6765.373 mgc: 3.614033e-07 ustep: 1 
iter: 4  mgc: 2.031708e-14 
iter: 1  value: 6757.131 mgc: 1.998404 ustep: 1 
iter: 2  value: 6757.131 mgc: 0.006478911 ustep: 1 
iter: 3  value: 6757.131 mgc: 3.568349e-07 ustep: 1 
iter: 4  mgc: 2.553513e-14 
iter: 1  mgc: 2.553513e-14 
outer mgc:  1.599684 
iter: 1  value: 6747.641 mgc: 1.400459 ustep: 1 
iter: 2  value: 6747.641 mgc: 0.0006071296 ustep: 1 
iter: 3  mgc: 4.19131e-09 
iter: 1  mgc: 4.19131e-09 
outer mgc:  0.6684374 
iter: 1  value: 6739.911 mgc: 1.494108 ustep: 1 
iter: 2  value: 6739.911 mgc: 0.000895549 ustep: 1 
iter: 3  mgc: 5.944874e-09 
iter: 1  mgc: 5.944874e-09 
outer mgc:  0.3387991 
iter: 1  value: 6728.648 mgc: 2.427664 ustep: 1 
iter: 2  value: 6728.648 mgc: 0.001176544 ustep: 1 
iter: 3  mgc: 8.833315e-09 
iter: 1  mgc: 8.833315e-09 
outer mgc:  0.3791801 
iter: 1  value: 6719.677 mgc: 1.929512 ustep: 1 
iter: 2  value: 6719.677 mgc: 0.000325786 ustep: 1 
iter: 3  mgc: 1.068301e-10 
iter: 1  mgc: 1.068301e-10 
outer mgc:  0.3901657 
iter: 1  value: 6707.243 mgc: 3.109057 ustep: 1 
iter: 2  value: 6707.243 mgc: 0.0003660031 ustep: 1 
iter: 3  mgc: 1.09472e-10 
iter: 1  mgc: 1.09472e-10 
outer mgc:  0.3637201 
iter: 1  value: 6691.098 mgc: 4.803641 ustep: 1 
iter: 2  value: 6691.098 mgc: 0.0008761133 ustep: 1 
iter: 3  mgc: 4.665081e-09 
iter: 1  mgc: 4.665081e-09 
outer mgc:  0.2527259 
iter: 1  value: 6673.608 mgc: 5.660629 ustep: 1 
iter: 2  value: 6673.608 mgc: 0.002382423 ustep: 1 
iter: 3  value: 6673.608 mgc: 4.017875e-08 ustep: 1 
mgc: 2.58682e-14 
iter: 1  mgc: 2.58682e-14 
outer mgc:  0.07583574 
iter: 1  value: 6665.322 mgc: 2.063941 ustep: 1 
iter: 2  value: 6665.322 mgc: 0.0002396537 ustep: 1 
iter: 3  mgc: 4.212479e-10 
iter: 1  mgc: 4.212479e-10 
outer mgc:  0.04138562 
iter: 1  value: 6660.23 mgc: 1.099352 ustep: 1 
iter: 2  value: 6660.23 mgc: 1.782385e-06 ustep: 1 
iter: 3  mgc: 3.108624e-14 
iter: 1  mgc: 3.108624e-14 
outer mgc:  0.06392686 
iter: 1  value: 6643.861 mgc: 4.393113 ustep: 1 
iter: 2  value: 6643.861 mgc: 4.183229e-06 ustep: 1 
iter: 3  mgc: 1.363354e-13 
iter: 1  mgc: 1.363354e-13 
outer mgc:  0.08186467 
iter: 1  value: 6627.344 mgc: 4.400396 ustep: 1 
iter: 2  value: 6627.344 mgc: 1.856485e-05 ustep: 1 
iter: 3  mgc: 2.517986e-12 
iter: 1  mgc: 2.517986e-12 
outer mgc:  0.06739161 
iter: 1  value: 6610.896 mgc: 4.389773 ustep: 1 
iter: 2  value: 6610.896 mgc: 9.437364e-06 ustep: 1 
iter: 3  mgc: 5.853096e-13 
iter: 1  mgc: 5.853096e-13 
outer mgc:  0.02835813 
iter: 1  value: 6594.547 mgc: 4.380575 ustep: 1 
iter: 2  value: 6594.547 mgc: 2.075203e-06 ustep: 1 
iter: 3  mgc: 4.796163e-14 
iter: 1  mgc: 4.796163e-14 
outer mgc:  0.005351526 
iter: 1  value: 6578.273 mgc: 4.373522 ustep: 1 
iter: 2  value: 6578.273 mgc: 3.671947e-07 ustep: 1 
iter: 3  mgc: 2.842171e-14 
iter: 1  mgc: 2.842171e-14 
outer mgc:  0.01774798 
iter: 1  value: 6562.033 mgc: 4.370973 ustep: 1 
iter: 2  value: 6562.033 mgc: 6.617609e-08 ustep: 1 
mgc: 2.708944e-14 
iter: 1  mgc: 2.708944e-14 
outer mgc:  0.01796506 
iter: 1  value: 6536.265 mgc: 8.62377 ustep: 1 
iter: 2  value: 6536.265 mgc: 4.802625e-07 ustep: 1 
iter: 3  mgc: 2.247508e-14 
iter: 1  mgc: 2.247508e-14 
outer mgc:  0.008400722 
iter: 1  value: 6511.19 mgc: 8.251231 ustep: 1 
iter: 2  value: 6511.19 mgc: 1.571376e-07 ustep: 1 
iter: 3  mgc: 2.953193e-14 
iter: 1  mgc: 2.953193e-14 
outer mgc:  0.002697992 
iter: 1  value: 6486.101 mgc: 8.252255 ustep: 1 
iter: 2  value: 6486.101 mgc: 3.648511e-08 ustep: 1 
mgc: 2.964295e-14 
iter: 1  mgc: 2.964295e-14 
outer mgc:  0.004794816 
iter: 1  value: 6452.521 mgc: 13.51356 ustep: 1 
iter: 2  mgc: 8.8425e-10 
iter: 1  mgc: 8.8425e-10 
outer mgc:  0.005206844 
iter: 1  value: 6418.937 mgc: 13.51379 ustep: 1 
iter: 2  value: 6418.937 mgc: 1.046478e-08 ustep: 1 
mgc: 2.331468e-14 
iter: 1  mgc: 2.331468e-14 
outer mgc:  0.003026982 
iter: 1  value: 6376.354 mgc: 21.43525 ustep: 1 
iter: 2  value: 6376.354 mgc: 1.941329e-08 ustep: 1 
mgc: 1.998401e-14 
iter: 1  mgc: 1.998401e-14 
outer mgc:  0.0009827208 
iter: 1  value: 6337.042 mgc: 18.22407 ustep: 1 
iter: 2  mgc: 3.240146e-09 
iter: 1  mgc: 3.240146e-09 
outer mgc:  0.001254495 
iter: 1  value: 6297.734 mgc: 18.22372 ustep: 1 
iter: 2  mgc: 5.369927e-11 
iter: 1  mgc: 5.369927e-11 
outer mgc:  0.001340246 
iter: 1  value: 6258.428 mgc: 18.2233 ustep: 1 
iter: 2  mgc: 9.788943e-10 
iter: 1  mgc: 9.788943e-10 
outer mgc:  0.0007733846 
iter: 1  value: 6219.121 mgc: 18.22339 ustep: 1 
iter: 2  mgc: 7.107541e-10 
iter: 1  mgc: 7.107541e-10 
outer mgc:  0.0002286713 
iter: 1  mgc: 7.107541e-10 
iter: 1  mgc: 7.107541e-10 
outer mgc:  0.0002286713 
iter: 1  value: 6219.122 mgc: 0.006509033 ustep: 1 
iter: 2  value: 6219.122 mgc: 8.200856e-08 ustep: 1 
iter: 3  mgc: 2.620126e-14 
outer mgc:  0.211244 
iter: 1  value: 6219.121 mgc: 0.006504134 ustep: 1 
iter: 2  value: 6219.121 mgc: 8.190668e-08 ustep: 1 
iter: 3  mgc: 2.353673e-14 
outer mgc:  0.2106041 
iter: 1  value: 6219.121 mgc: 0.0005687265 ustep: 1 
iter: 2  mgc: 8.955847e-10 
outer mgc:  0.01805897 
iter: 1  value: 6219.122 mgc: 0.0005681678 ustep: 1 
iter: 2  mgc: 8.938834e-10 
outer mgc:  0.01800307 
iter: 1  value: 6219.121 mgc: 0.01155468 ustep: 1 
iter: 2  value: 6219.121 mgc: 1.080774e-06 ustep: 1 
iter: 3  mgc: 2.509104e-14 
outer mgc:  0.1572686 
iter: 1  value: 6219.122 mgc: 0.01155208 ustep: 1 
iter: 2  value: 6219.122 mgc: 1.083538e-06 ustep: 1 
iter: 3  mgc: 2.897682e-14 
outer mgc:  0.1573479 
iter: 1  value: 6219.119 mgc: 0.001998346 ustep: 1 
iter: 2  value: 6219.119 mgc: 1.69355e-08 ustep: 1 
mgc: 2.264855e-14 
outer mgc:  0.04104741 
iter: 1  value: 6219.124 mgc: 0.001995966 ustep: 1 
iter: 2  value: 6219.124 mgc: 1.685102e-08 ustep: 1 
mgc: 2.964295e-14 
outer mgc:  0.04090089 
iter: 1  value: 6219.121 mgc: 0.008608752 ustep: 1 
iter: 2  value: 6219.121 mgc: 4.152948e-07 ustep: 1 
iter: 3  mgc: 3.197442e-14 
outer mgc:  0.2105572 
iter: 1  value: 6219.122 mgc: 0.008604663 ustep: 1 
iter: 2  value: 6219.122 mgc: 4.154418e-07 ustep: 1 
iter: 3  mgc: 2.731149e-14 
outer mgc:  0.2106625 
iter: 1  value: 6219.124 mgc: 0.002480645 ustep: 1 
iter: 2  value: 6219.124 mgc: 1.883357e-08 ustep: 1 
mgc: 2.88658e-14 
outer mgc:  0.05711875 
iter: 1  value: 6219.118 mgc: 0.002483431 ustep: 1 
iter: 2  value: 6219.118 mgc: 1.892719e-08 ustep: 1 
mgc: 2.015055e-14 
outer mgc:  0.05731799 
iter: 1  value: 6219.146 mgc: 0.004770918 ustep: 1 
mgc: 2.212119e-14 
outer mgc:  0.0002286713 
iter: 1  value: 6219.096 mgc: 0.004775691 ustep: 1 
mgc: 2.975398e-14 
outer mgc:  0.0002286713 
iter: 1  value: 6219.13 mgc: 0.004157646 ustep: 1 
iter: 2  value: 6219.13 mgc: 1.562838e-07 ustep: 1 
iter: 3  mgc: 2.020606e-14 
outer mgc:  0.01005422 
iter: 1  value: 6219.112 mgc: 0.004161805 ustep: 1 
iter: 2  value: 6219.112 mgc: 1.563226e-07 ustep: 1 
iter: 3  mgc: 2.792211e-14 
outer mgc:  0.01034317 
iter: 1  value: 6219.139 mgc: 0.004758114 ustep: 1 
iter: 2  value: 6219.139 mgc: 1.204193e-07 ustep: 1 
iter: 3  mgc: 2.975398e-14 
outer mgc:  0.002410024 
iter: 1  value: 6219.104 mgc: 0.004762876 ustep: 1 
iter: 2  value: 6219.104 mgc: 1.203354e-07 ustep: 1 
iter: 3  mgc: 2.273182e-14 
outer mgc:  0.002444716 
iter: 1  value: 6219.109 mgc: 0.003202835 ustep: 1 
iter: 2  value: 6219.109 mgc: 8.426614e-08 ustep: 1 
mgc: 2.405021e-14 
outer mgc:  0.01841795 
iter: 1  value: 6219.134 mgc: 0.003202013 ustep: 1 
iter: 2  value: 6219.134 mgc: 8.421155e-08 ustep: 1 
mgc: 2.68674e-14 
outer mgc:  0.01839939 
iter: 1  value: 6219.121 mgc: 0.00110725 ustep: 1 
iter: 2  mgc: 6.763929e-09 
outer mgc:  0.004641422 
iter: 1  value: 6219.122 mgc: 0.001107086 ustep: 1 
iter: 2  mgc: 6.771612e-09 
outer mgc:  0.004627546 
[Sun Aug 15 21:51:20 2021]
Finished job 0.
1 of 1 steps (100%) done
