Building DAG of jobs...
Using shell: /usr/bin/bash
Provided cores: 1 (use --cores to define parallelism)
Rules claiming more threads will be scaled down.
Job counts:
	count	jobs
	1	inference_simulation_TMB_multiple
	1

[Sun Aug 15 00:09:59 2021]
rule inference_simulation_TMB_multiple:
    input: ../data/assessing_models_simulation/datasets/multiple_GenerationJnorm3_10_100_10_7_0.1_NA_NA_NA_dataset1.RDS
    output: ../data/assessing_models_simulation/inference_results/TMB/nlminb/multiple_GenerationJnorm3_10_100_10_7_0.1_diagREDM_NA_NA_NA_dataset1.RDS
    log: logs/inference/nlminb/simulation_GenerationJnorm3_10_100_10_7_0.1_ModeldiagREDM_NA_NA_NA_dataset1.log
    jobid: 0
    wildcards: optimiser=nlminb, datasetgeneration=GenerationJnorm3, n=10, nlambda=100, lmbda=10, d=7, beta_intensity=0.1, model=diagREDM, fixed_beta_intercept=NA, fixed_beta_slope=NA, sdRE_input=NA, itnum=1

Rscript 2_inference_TMB/run_TMB.R --input ../data/assessing_models_simulation/datasets/multiple_GenerationJnorm3_10_100_10_7_0.1_NA_NA_NA_dataset1.RDS --output ../data/assessing_models_simulation/inference_results/TMB/nlminb/multiple_GenerationJnorm3_10_100_10_7_0.1_diagREDM_NA_NA_NA_dataset1.RDS --model diagREDM --optimiser nlminb
Model: diagREDM 
Feature type: signatures 
Using nlminb: TRUE 
Simulation boolean: TRUE 
make: Nothing to be done for 'all'.
../data/assessing_models_simulation/datasets/multiple_GenerationJnorm3_10_100_10_7_0.1_NA_NA_NA_dataset1.RDS[1] "../data/assessing_models_simulation/datasets/multiple_GenerationJnorm3_10_100_10_7_0.1_NA_NA_NA_dataset1.RDS"
Reading file ../data/assessing_models_simulation/datasets/multiple_GenerationJnorm3_10_100_10_7_0.1_NA_NA_NA_dataset1.RDS 
Loading required package: nnet
# weights:  21 (12 variable)
initial  value 3825.659353 
iter  10 value 3605.555825
final  value 3592.288668 
converged
Constructing atomic invpd
Constructing atomic D_lgamma
Constructing atomic invpd
Constructing atomic D_lgamma
Constructing atomic matmul
Constructing atomic invpd
Constructing atomic D_lgamma
Constructing atomic matmul
Optimizing tape... Done
iter: 1  value: 3554.355 mgc: 70.75763 ustep: 1 
iter: 2  value: 3547.435 mgc: 59.01583 ustep: 0.8994163 
iter: 3  value: 3350.125 mgc: 113.4166 ustep: 0.9483808 
iter: 4  value: 3342.106 mgc: 14.20093 ustep: 0.973851 
iter: 5  value: 3337.512 mgc: 9.16882 ustep: 0.9868402 
iter: 6  value: 3337.348 mgc: 1.101716 ustep: 0.993399 
iter: 7  value: 3337.348 mgc: 0.06004525 ustep: 0.9966944 
iter: 8  value: 3337.348 mgc: 0.0002698052 ustep: 0.998346 
iter: 9  value: 3337.348 mgc: 1.208968e-07 ustep: 0.9991727 
iter: 10  mgc: 3.080711e-11 
iter: 1  mgc: 3.080711e-11 
Matching hessian patterns... Done
outer mgc:  40.76057 
iter: 1  value: 3322.206 mgc: 24.76137 ustep: 1 
iter: 2  value: 3321.884 mgc: 1.542145 ustep: 1 
iter: 3  value: 3321.884 mgc: 0.02465129 ustep: 1 
iter: 4  value: 3321.884 mgc: 1.964708e-05 ustep: 1 
iter: 5  mgc: 1.30939e-11 
iter: 1  mgc: 1.30939e-11 
outer mgc:  34.94641 
iter: 1  value: 3319.598 mgc: 29.45642 ustep: 1 
iter: 2  value: 3318.887 mgc: 2.073321 ustep: 1 
iter: 3  value: 3318.887 mgc: 0.05703126 ustep: 1 
iter: 4  value: 3318.887 mgc: 9.131964e-05 ustep: 1 
iter: 5  mgc: 2.462192e-10 
iter: 1  mgc: 2.462192e-10 
outer mgc:  36.07083 
iter: 1  value: 3309.445 mgc: 6.513324 ustep: 1 
iter: 2  value: 3309.392 mgc: 0.761342 ustep: 1 
iter: 3  value: 3309.392 mgc: 0.007895444 ustep: 1 
iter: 4  value: 3309.392 mgc: 9.790605e-07 ustep: 1 
iter: 5  mgc: 1.657674e-12 
iter: 1  mgc: 1.657674e-12 
outer mgc:  17.54837 
iter: 1  value: 3310.89 mgc: 25.51062 ustep: 1 
iter: 2  value: 3308.813 mgc: 5.807884 ustep: 1 
iter: 3  value: 3308.81 mgc: 0.2338789 ustep: 1 
iter: 4  value: 3308.81 mgc: 0.0007843502 ustep: 1 
iter: 5  mgc: 8.934374e-09 
iter: 1  mgc: 8.934374e-09 
outer mgc:  26.83923 
iter: 1  value: 3300.328 mgc: 9.504404 ustep: 1 
iter: 2  value: 3300.283 mgc: 0.668381 ustep: 1 
iter: 3  value: 3300.283 mgc: 0.004873228 ustep: 1 
iter: 4  value: 3300.283 mgc: 3.203056e-07 ustep: 1 
iter: 5  mgc: 2.353701e-12 
iter: 1  mgc: 2.353701e-12 
outer mgc:  4.224046 
iter: 1  value: 3301.154 mgc: 11.61062 ustep: 1 
iter: 2  value: 3301.112 mgc: 0.5682 ustep: 1 
iter: 3  value: 3301.112 mgc: 0.004021093 ustep: 1 
iter: 4  value: 3301.112 mgc: 5.08235e-07 ustep: 1 
iter: 5  mgc: 3.471334e-12 
iter: 1  value: 3299.305 mgc: 4.655658 ustep: 1 
iter: 2  value: 3299.304 mgc: 0.09698265 ustep: 1 
iter: 3  value: 3299.304 mgc: 0.0001249521 ustep: 1 
iter: 4  mgc: 4.621337e-10 
iter: 1  mgc: 4.621337e-10 
outer mgc:  6.039511 
iter: 1  value: 3298.07 mgc: 5.448072 ustep: 1 
iter: 2  value: 3298.069 mgc: 0.09701014 ustep: 1 
iter: 3  value: 3298.069 mgc: 9.623538e-05 ustep: 1 
iter: 4  mgc: 2.581265e-10 
iter: 1  mgc: 2.581265e-10 
outer mgc:  5.476701 
iter: 1  value: 3295.643 mgc: 6.222363 ustep: 1 
iter: 2  value: 3295.633 mgc: 0.3564219 ustep: 1 
iter: 3  value: 3295.633 mgc: 0.001818443 ustep: 1 
iter: 4  value: 3295.633 mgc: 4.801056e-08 ustep: 1 
mgc: 1.802947e-12 
iter: 1  mgc: 1.802947e-12 
outer mgc:  3.967299 
iter: 1  value: 3293.446 mgc: 8.517328 ustep: 1 
iter: 2  value: 3293.439 mgc: 0.226183 ustep: 1 
iter: 3  value: 3293.439 mgc: 0.0006920993 ustep: 1 
iter: 4  mgc: 6.766709e-09 
iter: 1  mgc: 6.766709e-09 
outer mgc:  5.333862 
iter: 1  value: 3291.118 mgc: 5.522438 ustep: 1 
iter: 2  value: 3291.115 mgc: 0.2190606 ustep: 1 
iter: 3  value: 3291.115 mgc: 0.0005081446 ustep: 1 
iter: 4  mgc: 2.798341e-09 
iter: 1  mgc: 2.798341e-09 
outer mgc:  3.461152 
iter: 1  value: 3289.215 mgc: 8.240939 ustep: 1 
iter: 2  value: 3289.208 mgc: 0.1852448 ustep: 1 
iter: 3  value: 3289.208 mgc: 0.0004733574 ustep: 1 
iter: 4  mgc: 5.931803e-09 
iter: 1  mgc: 5.931803e-09 
outer mgc:  5.440087 
iter: 1  value: 3287.536 mgc: 2.875681 ustep: 1 
iter: 2  value: 3287.536 mgc: 0.05800843 ustep: 1 
iter: 3  value: 3287.536 mgc: 1.429588e-05 ustep: 1 
iter: 4  mgc: 6.758594e-12 
iter: 1  mgc: 6.758594e-12 
outer mgc:  7.711972 
iter: 1  value: 3285.291 mgc: 5.250843 ustep: 1 
iter: 2  value: 3285.29 mgc: 0.1055155 ustep: 1 
iter: 3  value: 3285.29 mgc: 6.693333e-05 ustep: 1 
iter: 4  mgc: 6.745948e-11 
iter: 1  value: 3282.25 mgc: 3.505632 ustep: 1 
iter: 2  value: 3282.249 mgc: 0.06906783 ustep: 1 
iter: 3  value: 3282.249 mgc: 7.609992e-05 ustep: 1 
iter: 4  mgc: 1.899532e-10 
iter: 1  value: 3261.77 mgc: 15.71364 ustep: 1 
iter: 2  value: 3261.296 mgc: 1.530356 ustep: 1 
iter: 3  value: 3261.296 mgc: 0.05317201 ustep: 1 
iter: 4  value: 3261.296 mgc: 9.426468e-05 ustep: 1 
iter: 5  mgc: 5.293911e-10 
iter: 1  mgc: 5.293911e-10 
outer mgc:  21.38021 
iter: 1  value: 3888.672 mgc: 1727.656 ustep: 1 
iter: 2  value: 3886.863 mgc: 2.546266 ustep: 1 
iter: 3  value: 3886.775 mgc: 0.5059358 ustep: 1 
iter: 4  value: 3886.774 mgc: 0.04402674 ustep: 1 
iter: 5  value: 3886.774 mgc: 0.0004234212 ustep: 1 
iter: 6  value: 3886.774 mgc: 4.014507e-08 ustep: 1 
iter: 7  mgc: 1.776357e-15 
iter: 1  value: 3215.327 mgc: 6.615801 ustep: 1 
iter: 2  value: 3215.184 mgc: 0.7791171 ustep: 1 
iter: 3  value: 3215.184 mgc: 0.0593134 ustep: 1 
iter: 4  value: 3215.184 mgc: 0.0004355494 ustep: 1 
iter: 5  value: 3215.184 mgc: 2.407928e-08 ustep: 1 
mgc: 1.398881e-14 
iter: 1  mgc: 1.398881e-14 
outer mgc:  18.09197 
iter: 1  value: 3269.366 mgc: 11.24702 ustep: 1 
iter: 2  value: 3269.018 mgc: 1.175149 ustep: 1 
iter: 3  value: 3269.018 mgc: 0.01833733 ustep: 1 
iter: 4  value: 3269.018 mgc: 4.451431e-05 ustep: 1 
iter: 5  mgc: 3.444778e-10 
iter: 1  value: 3211.767 mgc: 7.81915 ustep: 1 
iter: 2  value: 3204.735 mgc: 6.189643 ustep: 1 
iter: 3  value: 3204.702 mgc: 0.4345716 ustep: 1 
iter: 4  value: 3204.702 mgc: 0.005265609 ustep: 1 
iter: 5  value: 3204.702 mgc: 1.017138e-06 ustep: 1 
iter: 6  mgc: 3.197442e-14 
iter: 1  mgc: 3.197442e-14 
outer mgc:  11.22 
iter: 1  value: 3215.587 mgc: 10.38163 ustep: 1 
iter: 2  value: 3215.262 mgc: 0.994998 ustep: 1 
iter: 3  value: 3215.261 mgc: 0.02459383 ustep: 1 
iter: 4  value: 3215.261 mgc: 5.043777e-05 ustep: 1 
iter: 5  mgc: 2.179479e-10 
iter: 1  value: 3201.585 mgc: 6.326433 ustep: 1 
iter: 2  value: 3201.525 mgc: 0.4490655 ustep: 1 
iter: 3  value: 3201.525 mgc: 0.005528647 ustep: 1 
iter: 4  value: 3201.525 mgc: 8.08883e-07 ustep: 1 
iter: 5  mgc: 1.976197e-14 
iter: 1  mgc: 1.976197e-14 
outer mgc:  3.510769 
iter: 1  value: 3201.119 mgc: 4.514421 ustep: 1 
iter: 2  value: 3201.095 mgc: 0.2828961 ustep: 1 
iter: 3  value: 3201.095 mgc: 0.001959603 ustep: 1 
iter: 4  value: 3201.095 mgc: 4.780659e-07 ustep: 1 
iter: 5  mgc: 3.919087e-14 
iter: 1  mgc: 3.919087e-14 
outer mgc:  4.079022 
iter: 1  value: 3201.747 mgc: 3.293061 ustep: 1 
iter: 2  value: 3201.741 mgc: 0.1270501 ustep: 1 
iter: 3  value: 3201.741 mgc: 0.0003706086 ustep: 1 
iter: 4  value: 3201.741 mgc: 1.002171e-08 ustep: 1 
mgc: 5.662137e-15 
iter: 1  mgc: 5.662137e-15 
outer mgc:  4.557734 
iter: 1  value: 3198.542 mgc: 1.510693 ustep: 1 
iter: 2  value: 3198.542 mgc: 0.04397918 ustep: 1 
iter: 3  value: 3198.542 mgc: 4.407833e-05 ustep: 1 
iter: 4  mgc: 7.123058e-11 
iter: 1  mgc: 7.123058e-11 
outer mgc:  1.459275 
iter: 1  value: 3197.091 mgc: 1.327976 ustep: 1 
iter: 2  value: 3197.091 mgc: 0.03355362 ustep: 1 
iter: 3  value: 3197.091 mgc: 3.114804e-05 ustep: 1 
iter: 4  mgc: 3.224743e-11 
iter: 1  mgc: 3.224743e-11 
outer mgc:  2.916565 
iter: 1  value: 3195.578 mgc: 1.569324 ustep: 1 
iter: 2  value: 3195.576 mgc: 0.07412149 ustep: 1 
iter: 3  value: 3195.576 mgc: 0.0001491524 ustep: 1 
iter: 4  mgc: 5.969873e-10 
iter: 1  mgc: 5.969873e-10 
outer mgc:  2.913457 
iter: 1  value: 3196.419 mgc: 1.509187 ustep: 1 
iter: 2  value: 3196.418 mgc: 0.07286299 ustep: 1 
iter: 3  value: 3196.418 mgc: 0.0001572007 ustep: 1 
iter: 4  mgc: 7.073968e-10 
iter: 1  value: 3195.109 mgc: 0.7418213 ustep: 1 
iter: 2  value: 3195.109 mgc: 0.01401667 ustep: 1 
iter: 3  value: 3195.109 mgc: 4.622593e-06 ustep: 1 
iter: 4  mgc: 5.715428e-13 
iter: 1  mgc: 5.715428e-13 
outer mgc:  0.6290411 
iter: 1  value: 3194.484 mgc: 0.2923746 ustep: 1 
iter: 2  value: 3194.484 mgc: 0.002234512 ustep: 1 
iter: 3  value: 3194.484 mgc: 2.520625e-07 ustep: 1 
iter: 4  mgc: 5.77316e-15 
iter: 1  value: 3193.392 mgc: 0.5723561 ustep: 1 
iter: 2  value: 3193.392 mgc: 0.007289392 ustep: 1 
iter: 3  value: 3193.392 mgc: 3.198932e-06 ustep: 1 
iter: 4  mgc: 9.927614e-13 
iter: 1  mgc: 9.927614e-13 
outer mgc:  1.623613 
iter: 1  value: 3191.515 mgc: 1.365664 ustep: 1 
iter: 2  value: 3191.515 mgc: 0.02244867 ustep: 1 
iter: 3  value: 3191.515 mgc: 1.274456e-05 ustep: 1 
iter: 4  mgc: 1.66136e-11 
iter: 1  mgc: 1.66136e-11 
outer mgc:  1.812727 
iter: 1  value: 3189.467 mgc: 0.750954 ustep: 1 
iter: 2  value: 3189.467 mgc: 0.01269486 ustep: 1 
iter: 3  value: 3189.467 mgc: 4.746704e-06 ustep: 1 
iter: 4  mgc: 1.304956e-12 
iter: 1  mgc: 1.304956e-12 
outer mgc:  1.267827 
iter: 1  value: 3187.347 mgc: 0.9703953 ustep: 1 
iter: 2  value: 3187.347 mgc: 0.0130079 ustep: 1 
iter: 3  value: 3187.347 mgc: 5.515407e-06 ustep: 1 
iter: 4  mgc: 9.545698e-13 
iter: 1  mgc: 9.545698e-13 
outer mgc:  2.24257 
iter: 1  value: 3189.13 mgc: 1.289717 ustep: 1 
iter: 2  value: 3189.13 mgc: 0.03143655 ustep: 1 
iter: 3  value: 3189.13 mgc: 3.081102e-05 ustep: 1 
iter: 4  mgc: 4.594924e-11 
iter: 1  value: 3187.058 mgc: 0.6889232 ustep: 1 
iter: 2  value: 3187.058 mgc: 0.005288599 ustep: 1 
iter: 3  value: 3187.058 mgc: 2.960818e-07 ustep: 1 
iter: 4  mgc: 7.327472e-15 
iter: 1  mgc: 7.327472e-15 
outer mgc:  1.167029 
iter: 1  value: 3186.426 mgc: 0.4010839 ustep: 1 
iter: 2  value: 3186.426 mgc: 0.001862394 ustep: 1 
iter: 3  value: 3186.426 mgc: 5.203783e-08 ustep: 1 
iter: 4  mgc: 3.774758e-15 
iter: 1  mgc: 3.774758e-15 
outer mgc:  0.6588042 
iter: 1  value: 3186.636 mgc: 0.2553077 ustep: 1 
iter: 2  value: 3186.636 mgc: 0.003692616 ustep: 1 
iter: 3  value: 3186.636 mgc: 1.348165e-06 ustep: 1 
iter: 4  mgc: 1.807443e-13 
iter: 1  mgc: 1.807443e-13 
outer mgc:  0.3749678 
iter: 1  value: 3186.042 mgc: 0.5255741 ustep: 1 
iter: 2  value: 3186.042 mgc: 0.002615453 ustep: 1 
iter: 3  value: 3186.042 mgc: 5.364358e-08 ustep: 1 
iter: 4  mgc: 4.385381e-15 
iter: 1  mgc: 4.385381e-15 
outer mgc:  1.167783 
iter: 1  value: 3185.479 mgc: 0.3409217 ustep: 1 
iter: 2  value: 3185.479 mgc: 0.0009743207 ustep: 1 
iter: 3  mgc: 5.915513e-09 
iter: 1  mgc: 5.915513e-09 
outer mgc:  0.2058833 
iter: 1  value: 3184.787 mgc: 0.2241963 ustep: 1 
iter: 2  value: 3184.787 mgc: 0.002734803 ustep: 1 
iter: 3  value: 3184.787 mgc: 4.616162e-07 ustep: 1 
iter: 4  mgc: 1.310063e-14 
iter: 1  mgc: 1.310063e-14 
outer mgc:  0.4538919 
iter: 1  value: 3184.035 mgc: 0.2994637 ustep: 1 
iter: 2  value: 3184.035 mgc: 0.001572527 ustep: 1 
iter: 3  value: 3184.035 mgc: 1.52654e-07 ustep: 1 
iter: 4  mgc: 3.996803e-15 
iter: 1  mgc: 3.996803e-15 
outer mgc:  0.4382285 
iter: 1  value: 3183.537 mgc: 0.4013611 ustep: 1 
iter: 2  value: 3183.537 mgc: 0.0007137588 ustep: 1 
iter: 3  value: 3183.537 mgc: 1.278118e-08 ustep: 1 
mgc: 5.995204e-15 
iter: 1  mgc: 5.995204e-15 
outer mgc:  0.679571 
iter: 1  value: 3182.712 mgc: 0.2730905 ustep: 1 
iter: 2  value: 3182.712 mgc: 0.0004699318 ustep: 1 
iter: 3  mgc: 4.67627e-09 
iter: 1  mgc: 4.67627e-09 
outer mgc:  0.2268495 
iter: 1  value: 3181.949 mgc: 0.2428434 ustep: 1 
iter: 2  value: 3181.949 mgc: 0.001661469 ustep: 1 
iter: 3  value: 3181.949 mgc: 2.805429e-07 ustep: 1 
iter: 4  mgc: 1.076916e-14 
iter: 1  mgc: 1.076916e-14 
outer mgc:  0.3732564 
iter: 1  value: 3181.087 mgc: 0.3184078 ustep: 1 
iter: 2  value: 3181.087 mgc: 0.0004062643 ustep: 1 
iter: 3  mgc: 3.094534e-09 
iter: 1  value: 3179.913 mgc: 0.3756123 ustep: 1 
iter: 2  value: 3179.913 mgc: 0.0005909278 ustep: 1 
iter: 3  mgc: 5.602266e-09 
iter: 1  mgc: 5.602266e-09 
outer mgc:  0.2044636 
iter: 1  value: 3177.882 mgc: 0.7693331 ustep: 1 
iter: 2  value: 3177.882 mgc: 0.003959536 ustep: 1 
iter: 3  value: 3177.882 mgc: 1.598176e-06 ustep: 1 
iter: 4  mgc: 2.613465e-13 
iter: 1  mgc: 2.613465e-13 
outer mgc:  0.3778735 
iter: 1  value: 3175.902 mgc: 0.8176674 ustep: 1 
iter: 2  value: 3175.902 mgc: 0.003171424 ustep: 1 
iter: 3  value: 3175.902 mgc: 1.299655e-06 ustep: 1 
iter: 4  mgc: 2.173955e-13 
iter: 1  mgc: 2.173955e-13 
outer mgc:  0.2327254 
iter: 1  value: 3174.769 mgc: 0.4524204 ustep: 1 
iter: 2  value: 3174.769 mgc: 0.001675314 ustep: 1 
iter: 3  value: 3174.769 mgc: 2.922338e-07 ustep: 1 
iter: 4  mgc: 9.992007e-15 
iter: 1  mgc: 9.992007e-15 
outer mgc:  0.2586455 
iter: 1  value: 3174.639 mgc: 0.1470971 ustep: 1 
iter: 2  value: 3174.639 mgc: 0.0006035157 ustep: 1 
iter: 3  value: 3174.639 mgc: 1.929808e-08 ustep: 1 
mgc: 3.774758e-15 
iter: 1  mgc: 3.774758e-15 
outer mgc:  0.2791181 
iter: 1  value: 3174.502 mgc: 0.1260722 ustep: 1 
iter: 2  value: 3174.502 mgc: 0.0003555461 ustep: 1 
iter: 3  value: 3174.502 mgc: 1.663114e-08 ustep: 1 
mgc: 3.552714e-15 
iter: 1  mgc: 3.552714e-15 
outer mgc:  0.1220366 
iter: 1  value: 3174.181 mgc: 0.1649927 ustep: 1 
iter: 2  value: 3174.181 mgc: 0.0001625617 ustep: 1 
iter: 3  mgc: 2.759435e-09 
iter: 1  mgc: 2.759435e-09 
outer mgc:  0.2046735 
iter: 1  value: 3173.857 mgc: 0.1795886 ustep: 1 
iter: 2  value: 3173.857 mgc: 0.001613253 ustep: 1 
iter: 3  value: 3173.857 mgc: 3.540758e-07 ustep: 1 
iter: 4  mgc: 1.776357e-14 
iter: 1  mgc: 1.776357e-14 
outer mgc:  0.1902452 
iter: 1  value: 3173.719 mgc: 0.05781454 ustep: 1 
iter: 2  value: 3173.719 mgc: 0.0003722098 ustep: 1 
iter: 3  value: 3173.719 mgc: 1.893591e-08 ustep: 1 
mgc: 3.219647e-15 
iter: 1  mgc: 3.219647e-15 
outer mgc:  0.1192031 
iter: 1  value: 3173.669 mgc: 0.07968784 ustep: 1 
iter: 2  value: 3173.669 mgc: 7.210406e-05 ustep: 1 
iter: 3  mgc: 6.89359e-10 
iter: 1  mgc: 6.89359e-10 
outer mgc:  0.02184864 
iter: 1  value: 3173.539 mgc: 0.09892224 ustep: 1 
iter: 2  value: 3173.539 mgc: 3.936287e-06 ustep: 1 
iter: 3  mgc: 1.967315e-13 
iter: 1  mgc: 1.967315e-13 
outer mgc:  0.02156665 
iter: 1  value: 3173.042 mgc: 0.413103 ustep: 1 
iter: 2  value: 3173.042 mgc: 8.807527e-05 ustep: 1 
iter: 3  mgc: 1.101066e-10 
iter: 1  value: 3171.707 mgc: 1.2024 ustep: 1 
iter: 2  value: 3171.707 mgc: 0.0008413211 ustep: 1 
iter: 3  value: 3171.707 mgc: 1.233438e-08 ustep: 1 
mgc: 3.330669e-15 
iter: 1  mgc: 3.330669e-15 
outer mgc:  0.06447374 
iter: 1  value: 3171.216 mgc: 0.2373666 ustep: 1 
iter: 2  value: 3171.216 mgc: 2.163769e-05 ustep: 1 
iter: 3  mgc: 6.278716e-11 
iter: 1  mgc: 6.278716e-11 
outer mgc:  0.02046235 
iter: 1  value: 3170.737 mgc: 0.2483666 ustep: 1 
iter: 2  value: 3170.737 mgc: 8.911805e-06 ustep: 1 
iter: 3  mgc: 7.227496e-12 
iter: 1  mgc: 7.227496e-12 
outer mgc:  0.01051546 
iter: 1  value: 3170.276 mgc: 0.2548785 ustep: 1 
iter: 2  value: 3170.276 mgc: 7.542901e-06 ustep: 1 
iter: 3  mgc: 4.97824e-13 
iter: 1  mgc: 4.97824e-13 
outer mgc:  0.01516519 
iter: 1  value: 3169.324 mgc: 0.5624253 ustep: 1 
iter: 2  value: 3169.324 mgc: 2.709419e-05 ustep: 1 
iter: 3  mgc: 2.247091e-12 
iter: 1  mgc: 2.247091e-12 
outer mgc:  0.01848492 
iter: 1  value: 3168.576 mgc: 0.4779736 ustep: 1 
iter: 2  value: 3168.576 mgc: 1.459073e-05 ustep: 1 
iter: 3  mgc: 5.899725e-13 
iter: 1  mgc: 5.899725e-13 
outer mgc:  0.01154373 
iter: 1  value: 3167.658 mgc: 0.6596261 ustep: 1 
iter: 2  value: 3167.658 mgc: 1.797703e-05 ustep: 1 
iter: 3  mgc: 1.441736e-12 
iter: 1  mgc: 1.441736e-12 
outer mgc:  0.01046806 
iter: 1  value: 3166.551 mgc: 0.9345707 ustep: 1 
iter: 2  value: 3166.551 mgc: 2.179378e-05 ustep: 1 
iter: 3  mgc: 2.927381e-12 
iter: 1  mgc: 2.927381e-12 
outer mgc:  0.02556336 
iter: 1  value: 3164.69 mgc: 1.961661 ustep: 1 
iter: 2  value: 3164.69 mgc: 3.026199e-05 ustep: 1 
iter: 3  mgc: 7.101875e-12 
iter: 1  mgc: 7.101875e-12 
outer mgc:  0.04647287 
iter: 1  value: 3161.535 mgc: 4.44996 ustep: 1 
iter: 2  value: 3161.535 mgc: 0.0002801647 ustep: 1 
iter: 3  mgc: 2.243441e-10 
iter: 1  mgc: 2.243441e-10 
outer mgc:  0.05902726 
iter: 1  value: 3159.211 mgc: 3.031513 ustep: 1 
iter: 2  value: 3159.211 mgc: 0.0002745404 ustep: 1 
iter: 3  mgc: 2.686575e-10 
iter: 1  mgc: 2.686575e-10 
outer mgc:  0.0368092 
iter: 1  value: 3159.196 mgc: 0.054266 ustep: 1 
iter: 2  value: 3159.196 mgc: 6.109518e-06 ustep: 1 
iter: 3  mgc: 5.062839e-12 
iter: 1  mgc: 5.062839e-12 
outer mgc:  0.01499019 
iter: 1  value: 3159.072 mgc: 0.087146 ustep: 1 
iter: 2  value: 3159.072 mgc: 6.747811e-07 ustep: 1 
iter: 3  mgc: 6.283862e-14 
iter: 1  mgc: 6.283862e-14 
outer mgc:  0.00446934 
iter: 1  value: 3158.821 mgc: 0.1759202 ustep: 1 
iter: 2  value: 3158.821 mgc: 1.341309e-06 ustep: 1 
iter: 3  mgc: 2.450262e-13 
iter: 1  mgc: 2.450262e-13 
outer mgc:  0.002542217 
iter: 1  value: 3158.577 mgc: 0.176951 ustep: 1 
iter: 2  value: 3158.577 mgc: 1.364341e-07 ustep: 1 
iter: 3  mgc: 4.107825e-15 
iter: 1  mgc: 4.107825e-15 
outer mgc:  0.003757043 
iter: 1  value: 3157.76 mgc: 0.6315044 ustep: 1 
iter: 2  value: 3157.76 mgc: 3.520207e-07 ustep: 1 
iter: 3  mgc: 1.648681e-14 
iter: 1  mgc: 1.648681e-14 
outer mgc:  0.005412966 
iter: 1  value: 3156.209 mgc: 1.300415 ustep: 1 
iter: 2  value: 3156.209 mgc: 3.474006e-07 ustep: 1 
iter: 3  mgc: 3.774758e-15 
iter: 1  mgc: 3.774758e-15 
outer mgc:  0.005678757 
iter: 1  value: 3153.925 mgc: 2.076439 ustep: 1 
iter: 2  value: 3153.925 mgc: 3.112997e-07 ustep: 1 
iter: 3  mgc: 4.440892e-15 
iter: 1  mgc: 4.440892e-15 
outer mgc:  0.007554767 
iter: 1  value: 3150.644 mgc: 3.33265 ustep: 1 
iter: 2  value: 3150.644 mgc: 4.883744e-07 ustep: 1 
iter: 3  mgc: 3.319567e-14 
iter: 1  mgc: 3.319567e-14 
outer mgc:  0.006227451 
iter: 1  value: 3147.36 mgc: 3.334494 ustep: 1 
iter: 2  value: 3147.36 mgc: 2.351285e-07 ustep: 1 
iter: 3  mgc: 9.270362e-15 
iter: 1  mgc: 9.270362e-15 
outer mgc:  0.002521148 
iter: 1  value: 3144.626 mgc: 2.607624 ustep: 1 
iter: 2  value: 3144.626 mgc: 6.709796e-08 ustep: 1 
iter: 3  mgc: 6.661338e-15 
iter: 1  mgc: 6.661338e-15 
outer mgc:  0.001404611 
iter: 1  value: 3142.232 mgc: 2.204208 ustep: 1 
iter: 2  value: 3142.232 mgc: 4.422261e-08 ustep: 1 
iter: 3  mgc: 3.330669e-15 
iter: 1  mgc: 3.330669e-15 
outer mgc:  0.001729502 
iter: 1  value: 3139.838 mgc: 2.204095 ustep: 1 
iter: 2  mgc: 7.091145e-09 
iter: 1  mgc: 7.091145e-09 
outer mgc:  0.001961588 
iter: 1  value: 3136.422 mgc: 3.523037 ustep: 1 
iter: 2  value: 3136.422 mgc: 2.225945e-08 ustep: 1 
mgc: 3.774758e-15 
iter: 1  mgc: 3.774758e-15 
outer mgc:  0.001268662 
iter: 1  value: 3133.22 mgc: 3.224754 ustep: 1 
iter: 2  mgc: 4.008555e-09 
iter: 1  mgc: 4.008555e-09 
outer mgc:  0.0005281464 
iter: 1  value: 3130.212 mgc: 2.966816 ustep: 1 
iter: 2  mgc: 1.470202e-09 
iter: 1  mgc: 1.470202e-09 
outer mgc:  0.0002552408 
iter: 1  mgc: 1.470202e-09 
iter: 1  mgc: 1.470202e-09 
outer mgc:  0.0002552408 
iter: 1  value: 3130.213 mgc: 0.006162384 ustep: 1 
iter: 2  value: 3130.213 mgc: 6.990653e-08 ustep: 1 
iter: 3  mgc: 2.664535e-15 
outer mgc:  0.0363165 
iter: 1  value: 3130.21 mgc: 0.00615828 ustep: 1 
iter: 2  value: 3130.21 mgc: 6.969774e-08 ustep: 1 
iter: 3  mgc: 3.330669e-15 
outer mgc:  0.03650681 
iter: 1  value: 3130.212 mgc: 0.003128499 ustep: 1 
iter: 2  value: 3130.212 mgc: 3.506623e-08 ustep: 1 
iter: 3  mgc: 5.329071e-15 
outer mgc:  0.01927073 
iter: 1  value: 3130.211 mgc: 0.003126517 ustep: 1 
iter: 2  value: 3130.211 mgc: 3.499157e-08 ustep: 1 
iter: 3  mgc: 4.662937e-15 
outer mgc:  0.01883253 
iter: 1  value: 3130.211 mgc: 0.003319982 ustep: 1 
iter: 2  value: 3130.211 mgc: 1.337726e-07 ustep: 1 
iter: 3  mgc: 2.664535e-15 
outer mgc:  0.01801106 
iter: 1  value: 3130.212 mgc: 0.003316955 ustep: 1 
iter: 2  value: 3130.212 mgc: 1.335253e-07 ustep: 1 
iter: 3  mgc: 2.442491e-15 
outer mgc:  0.01778473 
iter: 1  value: 3130.212 mgc: 0.001661488 ustep: 1 
iter: 2  value: 3130.212 mgc: 3.654761e-08 ustep: 1 
mgc: 3.330669e-15 
outer mgc:  0.01093503 
iter: 1  value: 3130.212 mgc: 0.001660014 ustep: 1 
iter: 2  value: 3130.212 mgc: 3.647651e-08 ustep: 1 
mgc: 3.774758e-15 
outer mgc:  0.01086015 
iter: 1  value: 3130.211 mgc: 0.005102536 ustep: 1 
iter: 2  value: 3130.211 mgc: 1.499216e-06 ustep: 1 
iter: 3  mgc: 2.474687e-13 
outer mgc:  0.00541314 
iter: 1  value: 3130.212 mgc: 0.005099008 ustep: 1 
iter: 2  value: 3130.212 mgc: 1.501013e-06 ustep: 1 
iter: 3  mgc: 2.49023e-13 
outer mgc:  0.005179779 
iter: 1  value: 3130.211 mgc: 0.00307657 ustep: 1 
iter: 2  value: 3130.211 mgc: 9.824234e-07 ustep: 1 
iter: 3  mgc: 1.004752e-13 
outer mgc:  0.007091244 
iter: 1  value: 3130.212 mgc: 0.00307439 ustep: 1 
iter: 2  value: 3130.212 mgc: 9.834358e-07 ustep: 1 
iter: 3  mgc: 9.869883e-14 
outer mgc:  0.007599925 
iter: 1  value: 3130.211 mgc: 0.003936698 ustep: 1 
iter: 2  value: 3130.211 mgc: 9.528987e-07 ustep: 1 
iter: 3  mgc: 5.57332e-14 
outer mgc:  0.0133098 
iter: 1  value: 3130.213 mgc: 0.003932063 ustep: 1 
iter: 2  value: 3130.213 mgc: 9.532561e-07 ustep: 1 
iter: 3  mgc: 5.973e-14 
outer mgc:  0.01323264 
iter: 1  value: 3130.211 mgc: 0.002359881 ustep: 1 
iter: 2  value: 3130.211 mgc: 3.224859e-07 ustep: 1 
iter: 3  mgc: 7.21645e-15 
outer mgc:  0.01201848 
iter: 1  value: 3130.212 mgc: 0.002357589 ustep: 1 
iter: 2  value: 3130.212 mgc: 3.22363e-07 ustep: 1 
iter: 3  mgc: 4.996004e-15 
outer mgc:  0.01159121 
iter: 1  value: 3130.212 mgc: 0.004298619 ustep: 1 
iter: 2  value: 3130.212 mgc: 5.93027e-08 ustep: 1 
mgc: 3.108624e-15 
outer mgc:  0.02163463 
iter: 1  value: 3130.212 mgc: 0.004295463 ustep: 1 
iter: 2  value: 3130.212 mgc: 5.920981e-08 ustep: 1 
mgc: 5.77316e-15 
outer mgc:  0.02121878 
iter: 1  value: 3130.212 mgc: 0.001845584 ustep: 1 
iter: 2  value: 3130.212 mgc: 1.072284e-08 ustep: 1 
mgc: 3.552714e-15 
outer mgc:  0.009784808 
iter: 1  value: 3130.212 mgc: 0.001844141 ustep: 1 
iter: 2  value: 3130.212 mgc: 1.070521e-08 ustep: 1 
mgc: 3.996803e-15 
outer mgc:  0.009672726 
iter: 1  value: 3130.212 mgc: 0.006307921 ustep: 1 
iter: 2  value: 3130.212 mgc: 6.596556e-07 ustep: 1 
iter: 3  mgc: 1.076916e-14 
outer mgc:  0.02515598 
iter: 1  value: 3130.212 mgc: 0.006304633 ustep: 1 
iter: 2  value: 3130.212 mgc: 6.601662e-07 ustep: 1 
iter: 3  mgc: 1.021405e-14 
outer mgc:  0.02510901 
iter: 1  value: 3130.212 mgc: 0.003352835 ustep: 1 
iter: 2  value: 3130.212 mgc: 2.149351e-07 ustep: 1 
iter: 3  mgc: 3.108624e-15 
outer mgc:  0.01804063 
iter: 1  value: 3130.212 mgc: 0.003350945 ustep: 1 
iter: 2  value: 3130.212 mgc: 2.150193e-07 ustep: 1 
iter: 3  mgc: 4.440892e-15 
outer mgc:  0.01796123 
iter: 1  value: 3130.217 mgc: 0.003591165 ustep: 1 
iter: 2  mgc: 3.108624e-15 
outer mgc:  0.0002552391 
iter: 1  value: 3130.207 mgc: 0.003594759 ustep: 1 
iter: 2  mgc: 3.552714e-15 
outer mgc:  0.0002552423 
iter: 1  value: 3130.216 mgc: 0.00202391 ustep: 1 
iter: 2  value: 3130.216 mgc: 4.529146e-08 ustep: 1 
mgc: 6.217249e-15 
outer mgc:  0.0004730147 
iter: 1  value: 3130.208 mgc: 0.002025935 ustep: 1 
iter: 2  value: 3130.208 mgc: 4.521986e-08 ustep: 1 
mgc: 3.330669e-15 
outer mgc:  0.0006757449 
iter: 1  value: 3130.213 mgc: 0.001295561 ustep: 1 
iter: 2  value: 3130.213 mgc: 1.813114e-07 ustep: 1 
iter: 3  mgc: 5.107026e-15 
outer mgc:  0.002093908 
iter: 1  value: 3130.21 mgc: 0.001296858 ustep: 1 
iter: 2  value: 3130.21 mgc: 1.814385e-07 ustep: 1 
iter: 3  mgc: 5.107026e-15 
outer mgc:  0.002061301 
iter: 1  value: 3130.214 mgc: 0.002052914 ustep: 1 
iter: 2  value: 3130.214 mgc: 1.875803e-07 ustep: 1 
iter: 3  mgc: 4.440892e-15 
outer mgc:  0.001336238 
iter: 1  value: 3130.21 mgc: 0.002054968 ustep: 1 
iter: 2  value: 3130.21 mgc: 1.876516e-07 ustep: 1 
iter: 3  mgc: 5.329071e-15 
outer mgc:  0.001306097 
iter: 1  value: 3130.216 mgc: 0.002938028 ustep: 1 
iter: 2  value: 3130.216 mgc: 1.164678e-08 ustep: 1 
mgc: 3.552714e-15 
outer mgc:  0.0002817091 
iter: 1  value: 3130.207 mgc: 0.002940966 ustep: 1 
iter: 2  value: 3130.207 mgc: 1.162962e-08 ustep: 1 
mgc: 3.552714e-15 
outer mgc:  0.0002581603 
iter: 1  value: 3130.214 mgc: 0.003261162 ustep: 1 
iter: 2  value: 3130.214 mgc: 1.583588e-07 ustep: 1 
iter: 3  mgc: 4.218847e-15 
outer mgc:  0.001072348 
iter: 1  value: 3130.209 mgc: 0.003264425 ustep: 1 
iter: 2  value: 3130.209 mgc: 1.58342e-07 ustep: 1 
iter: 3  mgc: 4.551914e-15 
outer mgc:  0.001095486 
iter: 1  value: 3130.209 mgc: 0.002985069 ustep: 1 
iter: 2  value: 3130.209 mgc: 3.626787e-07 ustep: 1 
iter: 3  mgc: 1.088019e-14 
outer mgc:  0.01725193 
iter: 1  value: 3130.214 mgc: 0.002982868 ustep: 1 
iter: 2  value: 3130.214 mgc: 3.618967e-07 ustep: 1 
iter: 3  mgc: 1.287859e-14 
outer mgc:  0.01705208 
iter: 1  value: 3130.209 mgc: 0.002223842 ustep: 1 
iter: 2  value: 3130.209 mgc: 3.092633e-07 ustep: 1 
iter: 3  mgc: 1.44329e-14 
outer mgc:  0.01827262 
iter: 1  value: 3130.215 mgc: 0.002222081 ustep: 1 
iter: 2  value: 3130.215 mgc: 3.085236e-07 ustep: 1 
iter: 3  mgc: 1.332268e-14 
outer mgc:  0.01834012 
[Sun Aug 15 00:10:02 2021]
Finished job 0.
1 of 1 steps (100%) done
