Building DAG of jobs...
Using shell: /usr/bin/bash
Provided cores: 1 (use --cores to define parallelism)
Rules claiming more threads will be scaled down.
Job counts:
	count	jobs
	1	inference_simulation_TMB_multiple
	1

[Mon Aug 16 03:23:33 2021]
rule inference_simulation_TMB_multiple:
    input: ../data/assessing_models_simulation/datasets/multiple_GenerationJnorm3_50_100_80_5_0.4_NA_NA_NA_dataset1.RDS
    output: ../data/assessing_models_simulation/inference_results/TMB/nlminb/multiple_GenerationJnorm3_50_100_80_5_0.4_fullREM_NA_NA_NA_dataset1.RDS
    log: logs/inference/nlminb/simulation_GenerationJnorm3_50_100_80_5_0.4_ModelfullREM_NA_NA_NA_dataset1.log
    jobid: 0
    wildcards: optimiser=nlminb, datasetgeneration=GenerationJnorm3, n=50, nlambda=100, lmbda=80, d=5, beta_intensity=0.4, model=fullREM, fixed_beta_intercept=NA, fixed_beta_slope=NA, sdRE_input=NA, itnum=1

Rscript 2_inference_TMB/run_TMB.R --input ../data/assessing_models_simulation/datasets/multiple_GenerationJnorm3_50_100_80_5_0.4_NA_NA_NA_dataset1.RDS --output ../data/assessing_models_simulation/inference_results/TMB/nlminb/multiple_GenerationJnorm3_50_100_80_5_0.4_fullREM_NA_NA_NA_dataset1.RDS --model fullREM --optimiser nlminb
Model: fullREM 
Feature type: signatures 
Using nlminb: TRUE 
Simulation boolean: TRUE 
make: Nothing to be done for 'all'.
../data/assessing_models_simulation/datasets/multiple_GenerationJnorm3_50_100_80_5_0.4_NA_NA_NA_dataset1.RDS[1] "../data/assessing_models_simulation/datasets/multiple_GenerationJnorm3_50_100_80_5_0.4_NA_NA_NA_dataset1.RDS"
Reading file ../data/assessing_models_simulation/datasets/multiple_GenerationJnorm3_50_100_80_5_0.4_NA_NA_NA_dataset1.RDS 
Loading required package: nnet
# weights:  15 (8 variable)
initial  value 15902.856013 
iter  10 value 14464.388386
final  value 14299.128465 
converged
Order of parameters:
[1] "beta"       "u_large"    "logs_sd_RE" "cov_par_RE"
Not matching template order:
[1] "beta"       "u_large"    "cov_par_RE" "logs_sd_RE"
Your parameter list has been re-ordered.
(Disable this warning with checkParameterOrder=FALSE)
Constructing atomic invpd
Constructing atomic D_lgamma
Constructing atomic invpd
Constructing atomic D_lgamma
Constructing atomic matmul
Constructing atomic invpd
Constructing atomic D_lgamma
Constructing atomic matmul
Optimizing tape... Done
iter: 1  value: 2696.712 mgc: 89.26727 ustep: 1 
iter: 2  value: 2020.793 mgc: 63.97151 ustep: 1 
iter: 3  value: 1804.606 mgc: 97.69371 ustep: 1 
iter: 4  value: 1638.63 mgc: 67.3193 ustep: 0.0692153 
iter: 5  value: 1554.248 mgc: 71.41912 ustep: 0.2631617 
iter: 6  value: 1546.846 mgc: 11.74049 ustep: 0.5130416 
iter: 7  value: 1546.651 mgc: 2.451787 ustep: 0.7162976 
iter: 8  value: 1546.65 mgc: 0.09396905 ustep: 0.846359 
iter: 9  value: 1546.65 mgc: 0.002493024 ustep: 0.9199857 
iter: 10  value: 1546.65 mgc: 6.519272e-05 ustep: 0.959163 
iter: 11  value: 1546.65 mgc: 9.161282e-07 ustep: 0.9793707 
iter: 12  mgc: 6.403106e-09 
iter: 1  mgc: 6.403106e-09 
Matching hessian patterns... Done
outer mgc:  313.9961 
iter: 1  value: 1481.448 mgc: 29.97211 ustep: 1 
iter: 2  value: 1479.679 mgc: 2.608857 ustep: 1 
iter: 3  value: 1479.679 mgc: 0.06222893 ustep: 1 
iter: 4  value: 1479.679 mgc: 3.962286e-05 ustep: 1 
iter: 5  mgc: 1.607471e-11 
iter: 1  mgc: 1.607471e-11 
outer mgc:  212.0957 
iter: 1  value: 1369.979 mgc: 27.44759 ustep: 1 
iter: 2  value: 1368.768 mgc: 1.697771 ustep: 1 
iter: 3  value: 1368.768 mgc: 0.02890262 ustep: 1 
iter: 4  value: 1368.768 mgc: 1.788115e-05 ustep: 1 
iter: 5  mgc: 9.501733e-12 
iter: 1  mgc: 9.501733e-12 
outer mgc:  146.0022 
iter: 1  value: 1316.867 mgc: 18.26484 ustep: 1 
iter: 2  value: 1316.482 mgc: 1.00706 ustep: 1 
iter: 3  value: 1316.482 mgc: 0.01108708 ustep: 1 
iter: 4  value: 1316.482 mgc: 1.98608e-06 ustep: 1 
iter: 5  mgc: 6.550316e-14 
iter: 1  mgc: 6.550316e-14 
outer mgc:  138.4549 
iter: 1  value: 1276.77 mgc: 25.37151 ustep: 1 
iter: 2  value: 1272.814 mgc: 3.255352 ustep: 1 
iter: 3  value: 1272.812 mgc: 0.1144091 ustep: 1 
iter: 4  value: 1272.812 mgc: 0.0001599494 ustep: 1 
iter: 5  mgc: 3.182181e-10 
iter: 1  mgc: 3.182181e-10 
outer mgc:  97.13551 
iter: 1  value: 1276.442 mgc: 24.25053 ustep: 1 
iter: 2  value: 1267.448 mgc: 6.602568 ustep: 1 
iter: 3  value: 1267.432 mgc: 0.2434579 ustep: 1 
iter: 4  value: 1267.432 mgc: 0.0007096457 ustep: 1 
iter: 5  mgc: 7.23221e-09 
iter: 1  mgc: 7.23221e-09 
outer mgc:  104.9723 
iter: 1  value: 1220.878 mgc: 12.04498 ustep: 1 
iter: 2  value: 1220.761 mgc: 0.5869227 ustep: 1 
iter: 3  value: 1220.761 mgc: 0.002152737 ustep: 1 
iter: 4  value: 1220.761 mgc: 6.135357e-08 ustep: 1 
mgc: 4.218847e-14 
iter: 1  mgc: 4.218847e-14 
outer mgc:  55.09062 
iter: 1  value: 1253.617 mgc: 12.6969 ustep: 1 
iter: 2  value: 1253.565 mgc: 0.354485 ustep: 1 
iter: 3  value: 1253.565 mgc: 0.0009457282 ustep: 1 
iter: 4  value: 1253.565 mgc: 1.040264e-08 ustep: 1 
mgc: 2.220446e-14 
iter: 1  value: 1214.601 mgc: 3.311351 ustep: 1 
iter: 2  value: 1214.601 mgc: 0.02716961 ustep: 1 
iter: 3  value: 1214.601 mgc: 5.049458e-06 ustep: 1 
iter: 4  mgc: 2.975398e-13 
iter: 1  mgc: 2.975398e-13 
outer mgc:  31.8813 
iter: 1  value: 1209.512 mgc: 6.399117 ustep: 1 
iter: 2  value: 1209.51 mgc: 0.1062676 ustep: 1 
iter: 3  value: 1209.51 mgc: 8.642162e-05 ustep: 1 
iter: 4  mgc: 7.013345e-11 
iter: 1  mgc: 7.013345e-11 
outer mgc:  26.2037 
iter: 1  value: 1199.314 mgc: 4.906426 ustep: 1 
iter: 2  value: 1199.311 mgc: 0.0785589 ustep: 1 
iter: 3  value: 1199.311 mgc: 5.527709e-05 ustep: 1 
iter: 4  mgc: 6.184409e-11 
iter: 1  mgc: 6.184409e-11 
outer mgc:  40.71234 
iter: 1  value: 1182.599 mgc: 22.3389 ustep: 1 
iter: 2  value: 1182.407 mgc: 1.0599 ustep: 1 
iter: 3  value: 1182.407 mgc: 0.005679991 ustep: 1 
iter: 4  value: 1182.407 mgc: 2.884035e-07 ustep: 1 
iter: 5  mgc: 3.352874e-14 
iter: 1  mgc: 3.352874e-14 
outer mgc:  45.69843 
iter: 1  value: 1176.301 mgc: 18.05756 ustep: 1 
iter: 2  value: 1176.113 mgc: 0.684426 ustep: 1 
iter: 3  value: 1176.113 mgc: 0.003549703 ustep: 1 
iter: 4  value: 1176.113 mgc: 1.002001e-07 ustep: 1 
iter: 5  mgc: 3.019807e-14 
iter: 1  mgc: 3.019807e-14 
outer mgc:  86.08159 
iter: 1  value: 1158.048 mgc: 9.96214 ustep: 1 
iter: 2  value: 1157.957 mgc: 0.3417162 ustep: 1 
iter: 3  value: 1157.957 mgc: 0.001528428 ustep: 1 
iter: 4  value: 1157.957 mgc: 7.173056e-08 ustep: 1 
iter: 5  mgc: 2.442491e-14 
iter: 1  mgc: 2.442491e-14 
outer mgc:  35.07885 
iter: 1  value: 1221.503 mgc: 19.58812 ustep: 1 
iter: 2  value: 1221.397 mgc: 0.6886692 ustep: 1 
iter: 3  value: 1221.397 mgc: 0.002025849 ustep: 1 
iter: 4  value: 1221.397 mgc: 1.215658e-08 ustep: 1 
mgc: 3.463896e-14 
iter: 1  value: 1155.591 mgc: 3.12884 ustep: 1 
iter: 2  value: 1155.591 mgc: 0.0142541 ustep: 1 
iter: 3  value: 1155.591 mgc: 1.096398e-06 ustep: 1 
iter: 4  mgc: 2.664535e-14 
iter: 1  mgc: 2.664535e-14 
outer mgc:  18.59746 
iter: 1  value: 1154.48 mgc: 3.803397 ustep: 1 
iter: 2  value: 1154.48 mgc: 0.02733504 ustep: 1 
iter: 3  value: 1154.48 mgc: 4.270641e-06 ustep: 1 
iter: 4  mgc: 1.362244e-13 
iter: 1  mgc: 1.362244e-13 
outer mgc:  30.61777 
iter: 1  value: 1152.276 mgc: 3.219855 ustep: 1 
iter: 2  value: 1152.276 mgc: 0.02354006 ustep: 1 
iter: 3  value: 1152.276 mgc: 2.114813e-06 ustep: 1 
iter: 4  mgc: 2.753353e-14 
iter: 1  mgc: 2.753353e-14 
outer mgc:  10.50759 
iter: 1  value: 1150.492 mgc: 2.354805 ustep: 1 
iter: 2  value: 1150.492 mgc: 0.01187399 ustep: 1 
iter: 3  value: 1150.492 mgc: 1.676032e-06 ustep: 1 
iter: 4  mgc: 4.973799e-14 
iter: 1  mgc: 4.973799e-14 
outer mgc:  13.77451 
iter: 1  value: 1147.614 mgc: 1.64466 ustep: 1 
iter: 2  value: 1147.614 mgc: 0.01880907 ustep: 1 
iter: 3  value: 1147.614 mgc: 2.262166e-06 ustep: 1 
iter: 4  mgc: 2.278178e-13 
iter: 1  mgc: 2.278178e-13 
outer mgc:  13.75155 
iter: 1  value: 1144.243 mgc: 1.868411 ustep: 1 
iter: 2  value: 1144.242 mgc: 0.01840787 ustep: 1 
iter: 3  value: 1144.242 mgc: 1.951254e-05 ustep: 1 
iter: 4  mgc: 9.811707e-12 
iter: 1  mgc: 9.811707e-12 
outer mgc:  18.59894 
iter: 1  value: 1140.04 mgc: 4.387688 ustep: 1 
iter: 2  value: 1140.037 mgc: 0.07307414 ustep: 1 
iter: 3  value: 1140.037 mgc: 6.483671e-05 ustep: 1 
iter: 4  mgc: 5.31104e-11 
iter: 1  mgc: 5.31104e-11 
outer mgc:  20.22335 
iter: 1  value: 1135.653 mgc: 4.997839 ustep: 1 
iter: 2  value: 1135.642 mgc: 0.1171425 ustep: 1 
iter: 3  value: 1135.642 mgc: 0.0002966442 ustep: 1 
iter: 4  mgc: 2.774158e-09 
iter: 1  mgc: 2.774158e-09 
outer mgc:  14.05319 
iter: 1  value: 1138.995 mgc: 10.26749 ustep: 1 
iter: 2  value: 1138.992 mgc: 0.1409737 ustep: 1 
iter: 3  value: 1138.992 mgc: 3.352777e-05 ustep: 1 
iter: 4  mgc: 1.669113e-11 
iter: 1  value: 1135.805 mgc: 3.454941 ustep: 1 
iter: 2  value: 1135.804 mgc: 0.02583241 ustep: 1 
iter: 3  value: 1135.804 mgc: 2.721987e-06 ustep: 1 
iter: 4  mgc: 5.595524e-14 
iter: 1  value: 1135.235 mgc: 1.633509 ustep: 1 
iter: 2  value: 1135.235 mgc: 0.005889275 ustep: 1 
iter: 3  value: 1135.235 mgc: 1.345686e-07 ustep: 1 
iter: 4  mgc: 2.309264e-14 
iter: 1  mgc: 2.309264e-14 
outer mgc:  12.3811 
iter: 1  value: 1135.48 mgc: 2.21839 ustep: 1 
iter: 2  value: 1135.48 mgc: 0.006668994 ustep: 1 
iter: 3  value: 1135.48 mgc: 2.118695e-07 ustep: 1 
iter: 4  mgc: 3.153033e-14 
iter: 1  value: 1135.139 mgc: 1.02182 ustep: 1 
iter: 2  value: 1135.139 mgc: 0.001439057 ustep: 1 
iter: 3  mgc: 9.631319e-09 
iter: 1  mgc: 9.631319e-09 
outer mgc:  5.94487 
iter: 1  value: 1135.03 mgc: 0.6692711 ustep: 1 
iter: 2  value: 1135.03 mgc: 0.001027549 ustep: 1 
iter: 3  mgc: 3.433095e-09 
iter: 1  mgc: 3.433095e-09 
outer mgc:  6.884464 
iter: 1  value: 1134.945 mgc: 1.026317 ustep: 1 
iter: 2  value: 1134.945 mgc: 0.001926002 ustep: 1 
iter: 3  value: 1134.945 mgc: 3.704633e-08 ustep: 1 
mgc: 3.730349e-14 
iter: 1  mgc: 3.730349e-14 
outer mgc:  8.246273 
iter: 1  value: 1134.732 mgc: 0.8461778 ustep: 1 
iter: 2  value: 1134.732 mgc: 0.002353848 ustep: 1 
iter: 3  value: 1134.732 mgc: 2.613494e-08 ustep: 1 
mgc: 3.108624e-14 
iter: 1  mgc: 3.108624e-14 
outer mgc:  7.389139 
iter: 1  value: 1134.648 mgc: 1.311159 ustep: 1 
iter: 2  value: 1134.648 mgc: 0.005610072 ustep: 1 
iter: 3  value: 1134.648 mgc: 3.302975e-07 ustep: 1 
iter: 4  mgc: 2.237099e-14 
iter: 1  mgc: 2.237099e-14 
outer mgc:  4.892484 
iter: 1  value: 1134.375 mgc: 1.621071 ustep: 1 
iter: 2  value: 1134.375 mgc: 0.003658549 ustep: 1 
iter: 3  value: 1134.375 mgc: 4.544421e-08 ustep: 1 
mgc: 2.664535e-14 
iter: 1  value: 1134.527 mgc: 1.213787 ustep: 1 
iter: 2  value: 1134.527 mgc: 0.002221346 ustep: 1 
iter: 3  value: 1134.527 mgc: 1.990658e-08 ustep: 1 
mgc: 2.398082e-14 
iter: 1  mgc: 2.398082e-14 
outer mgc:  8.314265 
iter: 1  value: 1134.526 mgc: 1.105884 ustep: 1 
iter: 2  value: 1134.526 mgc: 0.001621659 ustep: 1 
iter: 3  value: 1134.526 mgc: 1.154752e-08 ustep: 1 
mgc: 3.941292e-14 
iter: 1  mgc: 3.941292e-14 
outer mgc:  8.901749 
iter: 1  value: 1134.505 mgc: 0.8702927 ustep: 1 
iter: 2  value: 1134.505 mgc: 0.002035846 ustep: 1 
iter: 3  value: 1134.505 mgc: 3.32281e-08 ustep: 1 
mgc: 2.04281e-14 
iter: 1  mgc: 2.04281e-14 
outer mgc:  2.990709 
iter: 1  value: 1134.329 mgc: 0.6499389 ustep: 1 
iter: 2  value: 1134.329 mgc: 0.001095857 ustep: 1 
iter: 3  value: 1134.329 mgc: 1.357349e-08 ustep: 1 
mgc: 4.352074e-14 
iter: 1  mgc: 4.352074e-14 
outer mgc:  1.935549 
iter: 1  value: 1134.765 mgc: 1.352973 ustep: 1 
iter: 2  value: 1134.765 mgc: 0.003250489 ustep: 1 
iter: 3  value: 1134.765 mgc: 9.339943e-08 ustep: 1 
iter: 4  mgc: 2.620126e-14 
iter: 1  value: 1134.352 mgc: 0.1927221 ustep: 1 
iter: 2  value: 1134.352 mgc: 6.764731e-05 ustep: 1 
iter: 3  mgc: 3.714166e-11 
iter: 1  mgc: 3.714166e-11 
outer mgc:  1.653941 
iter: 1  value: 1134.36 mgc: 0.2124814 ustep: 1 
iter: 2  value: 1134.36 mgc: 9.987486e-05 ustep: 1 
iter: 3  mgc: 3.62812e-11 
iter: 1  mgc: 3.62812e-11 
outer mgc:  1.779957 
iter: 1  value: 1134.386 mgc: 0.176437 ustep: 1 
iter: 2  value: 1134.386 mgc: 5.097118e-05 ustep: 1 
iter: 3  mgc: 9.776846e-12 
iter: 1  mgc: 9.776846e-12 
outer mgc:  0.752201 
iter: 1  value: 1134.404 mgc: 0.1462448 ustep: 1 
iter: 2  value: 1134.404 mgc: 6.492486e-05 ustep: 1 
iter: 3  mgc: 2.637934e-11 
iter: 1  mgc: 2.637934e-11 
outer mgc:  1.254239 
iter: 1  value: 1134.359 mgc: 0.1776466 ustep: 1 
iter: 2  value: 1134.359 mgc: 0.0001018568 ustep: 1 
iter: 3  mgc: 2.298588e-10 
iter: 1  mgc: 2.298588e-10 
outer mgc:  0.65665 
iter: 1  value: 1134.402 mgc: 0.2290985 ustep: 1 
iter: 2  value: 1134.402 mgc: 0.0001543481 ustep: 1 
iter: 3  mgc: 1.607734e-10 
iter: 1  mgc: 1.607734e-10 
outer mgc:  0.933339 
iter: 1  value: 1134.583 mgc: 0.3995173 ustep: 1 
iter: 2  value: 1134.583 mgc: 0.0004244077 ustep: 1 
iter: 3  mgc: 1.987373e-09 
iter: 1  mgc: 1.987373e-09 
outer mgc:  1.700041 
iter: 1  value: 1134.55 mgc: 0.2867015 ustep: 1 
iter: 2  value: 1134.55 mgc: 0.0002166661 ustep: 1 
iter: 3  mgc: 3.009597e-10 
iter: 1  mgc: 3.009597e-10 
outer mgc:  1.933654 
iter: 1  value: 1134.474 mgc: 0.2080827 ustep: 1 
iter: 2  value: 1134.474 mgc: 0.0001218988 ustep: 1 
iter: 3  mgc: 9.39e-11 
iter: 1  mgc: 9.39e-11 
outer mgc:  1.161928 
iter: 1  value: 1134.589 mgc: 0.2260411 ustep: 1 
iter: 2  value: 1134.589 mgc: 0.0002901379 ustep: 1 
iter: 3  mgc: 1.107116e-09 
iter: 1  value: 1134.508 mgc: 0.1096774 ustep: 1 
iter: 2  value: 1134.508 mgc: 5.858937e-05 ustep: 1 
iter: 3  mgc: 3.844747e-11 
iter: 1  mgc: 3.844747e-11 
outer mgc:  1.318574 
iter: 1  value: 1134.563 mgc: 0.1652968 ustep: 1 
iter: 2  value: 1134.563 mgc: 3.671914e-05 ustep: 1 
iter: 3  mgc: 6.989298e-12 
iter: 1  mgc: 6.989298e-12 
outer mgc:  0.9180566 
iter: 1  value: 1134.523 mgc: 0.1028527 ustep: 1 
iter: 2  value: 1134.523 mgc: 3.294762e-05 ustep: 1 
iter: 3  mgc: 5.849543e-12 
iter: 1  mgc: 5.849543e-12 
outer mgc:  0.2668222 
iter: 1  value: 1134.52 mgc: 0.08245232 ustep: 1 
iter: 2  value: 1134.52 mgc: 2.150647e-05 ustep: 1 
iter: 3  mgc: 2.140998e-11 
iter: 1  mgc: 2.140998e-11 
outer mgc:  0.485319 
iter: 1  value: 1134.593 mgc: 0.2402376 ustep: 1 
iter: 2  value: 1134.593 mgc: 0.0001702996 ustep: 1 
iter: 3  mgc: 3.093854e-10 
iter: 1  value: 1134.544 mgc: 0.1485729 ustep: 1 
iter: 2  value: 1134.544 mgc: 3.156229e-05 ustep: 1 
iter: 3  mgc: 3.00826e-12 
iter: 1  value: 1134.525 mgc: 0.05372623 ustep: 1 
iter: 2  value: 1134.525 mgc: 3.38235e-06 ustep: 1 
iter: 3  mgc: 6.661338e-14 
iter: 1  mgc: 6.661338e-14 
outer mgc:  0.254853 
iter: 1  value: 1134.532 mgc: 0.0196303 ustep: 1 
iter: 2  value: 1134.532 mgc: 1.447654e-06 ustep: 1 
iter: 3  mgc: 2.930989e-14 
iter: 1  mgc: 2.930989e-14 
outer mgc:  0.122363 
iter: 1  value: 1134.549 mgc: 0.03689564 ustep: 1 
iter: 2  value: 1134.549 mgc: 3.166767e-06 ustep: 1 
iter: 3  mgc: 1.263781e-13 
iter: 1  mgc: 1.263781e-13 
outer mgc:  0.2421631 
iter: 1  value: 1134.537 mgc: 0.02117564 ustep: 1 
iter: 2  value: 1134.537 mgc: 1.245892e-06 ustep: 1 
iter: 3  mgc: 2.575717e-14 
iter: 1  mgc: 2.575717e-14 
outer mgc:  0.07319791 
iter: 1  value: 1134.549 mgc: 0.0231003 ustep: 1 
iter: 2  value: 1134.549 mgc: 1.282986e-06 ustep: 1 
iter: 3  mgc: 2.842171e-14 
iter: 1  mgc: 2.842171e-14 
outer mgc:  0.09798362 
iter: 1  value: 1134.553 mgc: 0.01816857 ustep: 1 
iter: 2  value: 1134.553 mgc: 7.393045e-07 ustep: 1 
iter: 3  mgc: 4.13003e-14 
iter: 1  mgc: 4.13003e-14 
outer mgc:  0.033641 
iter: 1  value: 1134.551 mgc: 0.03635461 ustep: 1 
iter: 2  value: 1134.551 mgc: 5.590882e-06 ustep: 1 
iter: 3  mgc: 2.771117e-13 
iter: 1  value: 1134.553 mgc: 0.01351157 ustep: 1 
iter: 2  value: 1134.553 mgc: 7.890625e-07 ustep: 1 
iter: 3  mgc: 3.108624e-14 
iter: 1  mgc: 3.108624e-14 
outer mgc:  0.1106008 
iter: 1  value: 1134.551 mgc: 0.01595719 ustep: 1 
iter: 2  value: 1134.551 mgc: 5.863108e-07 ustep: 1 
iter: 3  mgc: 2.531308e-14 
iter: 1  mgc: 2.531308e-14 
outer mgc:  0.08914587 
iter: 1  value: 1134.548 mgc: 0.007433986 ustep: 1 
iter: 2  value: 1134.548 mgc: 1.654315e-07 ustep: 1 
iter: 3  mgc: 2.309264e-14 
iter: 1  mgc: 2.309264e-14 
outer mgc:  0.02452879 
iter: 1  value: 1134.551 mgc: 0.004532724 ustep: 1 
iter: 2  value: 1134.551 mgc: 5.165319e-08 ustep: 1 
iter: 3  mgc: 2.575717e-14 
iter: 1  mgc: 2.575717e-14 
outer mgc:  0.02824174 
iter: 1  value: 1134.554 mgc: 0.008687875 ustep: 1 
iter: 2  value: 1134.554 mgc: 1.124277e-07 ustep: 1 
iter: 3  mgc: 3.530509e-14 
iter: 1  mgc: 3.530509e-14 
outer mgc:  0.02570684 
iter: 1  value: 1134.553 mgc: 0.005679799 ustep: 1 
iter: 2  value: 1134.553 mgc: 1.038182e-07 ustep: 1 
iter: 3  mgc: 2.56184e-14 
iter: 1  mgc: 2.56184e-14 
outer mgc:  0.03097415 
iter: 1  value: 1134.549 mgc: 0.004437903 ustep: 1 
iter: 2  value: 1134.549 mgc: 1.165949e-07 ustep: 1 
iter: 3  mgc: 3.064216e-14 
iter: 1  mgc: 3.064216e-14 
outer mgc:  0.02243034 
iter: 1  value: 1134.553 mgc: 0.007680996 ustep: 1 
iter: 2  value: 1134.553 mgc: 2.041941e-07 ustep: 1 
iter: 3  mgc: 2.975398e-14 
iter: 1  value: 1134.552 mgc: 0.006416757 ustep: 1 
iter: 2  value: 1134.552 mgc: 6.916065e-08 ustep: 1 
iter: 3  mgc: 3.019807e-14 
iter: 1  value: 1134.551 mgc: 0.005756063 ustep: 1 
iter: 2  value: 1134.551 mgc: 4.608838e-08 ustep: 1 
mgc: 3.730349e-14 
iter: 1  value: 1134.55 mgc: 0.002500847 ustep: 1 
iter: 2  mgc: 7.205422e-09 
iter: 1  mgc: 7.205422e-09 
outer mgc:  0.01671416 
iter: 1  value: 1134.55 mgc: 0.001404919 ustep: 1 
iter: 2  mgc: 4.059588e-09 
iter: 1  mgc: 4.059588e-09 
outer mgc:  0.0057949 
iter: 1  value: 1134.551 mgc: 0.001735493 ustep: 1 
iter: 2  mgc: 4.252278e-09 
iter: 1  mgc: 4.252278e-09 
outer mgc:  0.01146897 
iter: 1  value: 1134.552 mgc: 0.001580331 ustep: 1 
iter: 2  mgc: 6.272817e-09 
iter: 1  mgc: 6.272817e-09 
outer mgc:  0.008465768 
iter: 1  value: 1134.556 mgc: 0.00590526 ustep: 1 
iter: 2  value: 1134.556 mgc: 9.166865e-08 ustep: 1 
iter: 3  mgc: 2.753353e-14 
iter: 1  value: 1134.554 mgc: 0.00321383 ustep: 1 
iter: 2  value: 1134.554 mgc: 2.696475e-08 ustep: 1 
mgc: 2.620126e-14 
iter: 1  mgc: 2.620126e-14 
outer mgc:  0.007551894 
iter: 1  value: 1134.555 mgc: 0.002696417 ustep: 1 
iter: 2  value: 1134.555 mgc: 3.141427e-08 ustep: 1 
mgc: 2.753353e-14 
iter: 1  value: 1134.554 mgc: 0.001141081 ustep: 1 
iter: 2  mgc: 5.354156e-09 
iter: 1  mgc: 5.354156e-09 
outer mgc:  0.00289294 
iter: 1  value: 1134.554 mgc: 0.0007186041 ustep: 1 
iter: 2  mgc: 2.883437e-09 
iter: 1  value: 1134.554 mgc: 0.000619183 ustep: 1 
iter: 2  mgc: 1.038654e-09 
iter: 1  mgc: 1.038654e-09 
outer mgc:  0.004641109 
iter: 1  value: 1134.554 mgc: 0.0004219213 ustep: 1 
iter: 2  mgc: 7.465877e-10 
iter: 1  mgc: 7.465877e-10 
outer mgc:  0.0007284964 
iter: 1  mgc: 7.465877e-10 
iter: 1  mgc: 7.465877e-10 
outer mgc:  0.0007284964 
iter: 1  value: 1134.557 mgc: 0.05249793 ustep: 1 
iter: 2  value: 1134.557 mgc: 5.322574e-06 ustep: 1 
iter: 3  mgc: 1.210143e-13 
outer mgc:  0.552965 
iter: 1  value: 1134.552 mgc: 0.05249606 ustep: 1 
iter: 2  value: 1134.552 mgc: 5.326854e-06 ustep: 1 
iter: 3  mgc: 1.141309e-13 
outer mgc:  0.5531533 
iter: 1  value: 1134.557 mgc: 0.03042791 ustep: 1 
iter: 2  value: 1134.557 mgc: 1.791952e-06 ustep: 1 
iter: 3  mgc: 3.907985e-14 
outer mgc:  0.7040948 
iter: 1  value: 1134.552 mgc: 0.03043102 ustep: 1 
iter: 2  value: 1134.552 mgc: 1.792004e-06 ustep: 1 
iter: 3  mgc: 2.620126e-14 
outer mgc:  0.7039563 
iter: 1  value: 1134.553 mgc: 0.03787809 ustep: 1 
iter: 2  value: 1134.553 mgc: 9.427924e-06 ustep: 1 
iter: 3  mgc: 6.734613e-13 
outer mgc:  0.1081119 
iter: 1  value: 1134.556 mgc: 0.03785862 ustep: 1 
iter: 2  value: 1134.556 mgc: 9.437594e-06 ustep: 1 
iter: 3  mgc: 6.716849e-13 
outer mgc:  0.1074593 
iter: 1  value: 1134.553 mgc: 0.02036238 ustep: 1 
iter: 2  value: 1134.553 mgc: 2.330236e-06 ustep: 1 
iter: 3  mgc: 5.284662e-14 
outer mgc:  0.2246653 
iter: 1  value: 1134.555 mgc: 0.0203529 ustep: 1 
iter: 2  value: 1134.555 mgc: 2.330753e-06 ustep: 1 
iter: 3  mgc: 5.218048e-14 
outer mgc:  0.2233602 
iter: 1  value: 1134.554 mgc: 0.05192705 ustep: 1 
iter: 2  value: 1134.554 mgc: 8.204196e-06 ustep: 1 
iter: 3  mgc: 6.356582e-13 
outer mgc:  0.1280781 
iter: 1  value: 1134.554 mgc: 0.05191806 ustep: 1 
iter: 2  value: 1134.554 mgc: 8.212733e-06 ustep: 1 
iter: 3  mgc: 6.294409e-13 
outer mgc:  0.1289079 
iter: 1  value: 1134.554 mgc: 0.02479281 ustep: 1 
iter: 2  value: 1134.554 mgc: 2.020686e-06 ustep: 1 
iter: 3  mgc: 3.907985e-14 
outer mgc:  0.2747801 
iter: 1  value: 1134.555 mgc: 0.02478696 ustep: 1 
iter: 2  value: 1134.555 mgc: 2.020228e-06 ustep: 1 
iter: 3  mgc: 3.863576e-14 
outer mgc:  0.275163 
iter: 1  value: 1134.554 mgc: 0.05044302 ustep: 1 
iter: 2  value: 1134.554 mgc: 5.693796e-06 ustep: 1 
iter: 3  mgc: 1.085798e-13 
outer mgc:  0.4882494 
iter: 1  value: 1134.555 mgc: 0.05042683 ustep: 1 
iter: 2  value: 1134.555 mgc: 5.699376e-06 ustep: 1 
iter: 3  mgc: 1.121325e-13 
outer mgc:  0.4881833 
iter: 1  value: 1134.553 mgc: 0.0244301 ustep: 1 
iter: 2  value: 1134.553 mgc: 1.355792e-06 ustep: 1 
iter: 3  mgc: 2.531308e-14 
outer mgc:  0.5386308 
iter: 1  value: 1134.555 mgc: 0.02441996 ustep: 1 
iter: 2  value: 1134.555 mgc: 1.355209e-06 ustep: 1 
iter: 3  mgc: 2.398082e-14 
outer mgc:  0.5386663 
iter: 1  value: 1134.554 mgc: 0.005062354 ustep: 1 
iter: 2  value: 1134.554 mgc: 3.785294e-07 ustep: 1 
iter: 3  mgc: 3.108624e-14 
outer mgc:  0.04323327 
iter: 1  value: 1134.554 mgc: 0.005057581 ustep: 1 
iter: 2  value: 1134.554 mgc: 3.775131e-07 ustep: 1 
iter: 3  mgc: 2.797762e-14 
outer mgc:  0.0433667 
iter: 1  value: 1134.56 mgc: 0.00474589 ustep: 1 
iter: 2  value: 1134.56 mgc: 2.05854e-07 ustep: 1 
iter: 3  mgc: 2.398082e-14 
outer mgc:  0.03102472 
iter: 1  value: 1134.548 mgc: 0.004750705 ustep: 1 
iter: 2  value: 1134.548 mgc: 2.060458e-07 ustep: 1 
iter: 3  mgc: 3.241851e-14 
outer mgc:  0.03056254 
iter: 1  value: 1134.549 mgc: 0.005028351 ustep: 1 
iter: 2  value: 1134.549 mgc: 5.381233e-07 ustep: 1 
iter: 3  mgc: 3.241851e-14 
outer mgc:  0.02930073 
iter: 1  value: 1134.559 mgc: 0.00502262 ustep: 1 
iter: 2  value: 1134.559 mgc: 5.372142e-07 ustep: 1 
iter: 3  mgc: 2.664535e-14 
outer mgc:  0.02916522 
iter: 1  value: 1134.547 mgc: 0.006753799 ustep: 1 
iter: 2  value: 1134.547 mgc: 1.08103e-07 ustep: 1 
mgc: 4.107825e-14 
outer mgc:  0.00962442 
iter: 1  value: 1134.561 mgc: 0.00675034 ustep: 1 
iter: 2  value: 1134.561 mgc: 1.081255e-07 ustep: 1 
mgc: 2.975398e-14 
outer mgc:  0.008728091 
iter: 1  value: 1134.554 mgc: 0.007130597 ustep: 1 
iter: 2  value: 1134.554 mgc: 2.205443e-07 ustep: 1 
iter: 3  mgc: 2.842171e-14 
outer mgc:  0.02748335 
iter: 1  value: 1134.554 mgc: 0.007128747 ustep: 1 
iter: 2  value: 1134.554 mgc: 2.204552e-07 ustep: 1 
iter: 3  mgc: 3.375078e-14 
outer mgc:  0.02690516 
iter: 1  value: 1134.554 mgc: 0.009176486 ustep: 1 
iter: 2  value: 1134.554 mgc: 4.032793e-07 ustep: 1 
iter: 3  mgc: 2.398082e-14 
outer mgc:  0.02473825 
iter: 1  value: 1134.554 mgc: 0.009173437 ustep: 1 
iter: 2  value: 1134.554 mgc: 4.031346e-07 ustep: 1 
iter: 3  mgc: 3.019807e-14 
outer mgc:  0.02487269 
iter: 1  value: 1134.567 mgc: 0.0238461 ustep: 1 
iter: 2  value: 1134.567 mgc: 1.332532e-06 ustep: 1 
iter: 3  mgc: 3.108624e-14 
outer mgc:  0.1559347 
iter: 1  value: 1134.541 mgc: 0.0239151 ustep: 1 
iter: 2  value: 1134.541 mgc: 1.331427e-06 ustep: 1 
iter: 3  mgc: 3.508305e-14 
outer mgc:  0.1569204 
iter: 1  value: 1134.565 mgc: 0.007264796 ustep: 1 
iter: 2  value: 1134.565 mgc: 9.151992e-07 ustep: 1 
iter: 3  mgc: 3.308465e-14 
outer mgc:  0.071913 
iter: 1  value: 1134.544 mgc: 0.00727901 ustep: 1 
iter: 2  value: 1134.544 mgc: 9.167236e-07 ustep: 1 
iter: 3  mgc: 3.463896e-14 
outer mgc:  0.07169502 
iter: 1  value: 1134.566 mgc: 0.009529568 ustep: 1 
iter: 2  value: 1134.566 mgc: 1.627289e-06 ustep: 1 
iter: 3  mgc: 1.016964e-13 
outer mgc:  0.06594289 
iter: 1  value: 1134.542 mgc: 0.00954971 ustep: 1 
iter: 2  value: 1134.542 mgc: 1.629587e-06 ustep: 1 
iter: 3  mgc: 1.034728e-13 
outer mgc:  0.06743657 
iter: 1  value: 1134.566 mgc: 0.02654748 ustep: 1 
iter: 2  value: 1134.566 mgc: 4.184643e-06 ustep: 1 
iter: 3  mgc: 1.527667e-13 
outer mgc:  0.1521145 
iter: 1  value: 1134.542 mgc: 0.02661894 ustep: 1 
iter: 2  value: 1134.542 mgc: 4.194224e-06 ustep: 1 
iter: 3  mgc: 1.527667e-13 
outer mgc:  0.1529963 
[Mon Aug 16 03:23:35 2021]
Finished job 0.
1 of 1 steps (100%) done
