Building DAG of jobs...
Using shell: /usr/bin/bash
Provided cores: 1 (use --cores to define parallelism)
Rules claiming more threads will be scaled down.
Job counts:
	count	jobs
	1	inference_simulation_TMB_multiple
	1

[Sat Aug 14 11:50:49 2021]
rule inference_simulation_TMB_multiple:
    input: ../data/assessing_models_simulation/datasets/multiple_GenerationJnorm2_100_100_80_7_2_NA_NA_NA_dataset0.RDS
    output: ../data/assessing_models_simulation/inference_results/TMB/nlminb/multiple_GenerationJnorm2_100_100_80_7_2_fullREDMsinglelambda_NA_NA_NA_dataset0.RDS
    log: logs/inference/nlminb/simulation_GenerationJnorm2_100_100_80_7_2_ModelfullREDMsinglelambda_NA_NA_NA_dataset0.log
    jobid: 0
    wildcards: optimiser=nlminb, datasetgeneration=GenerationJnorm2, n=100, nlambda=100, lmbda=80, d=7, beta_intensity=2, model=fullREDMsinglelambda, fixed_beta_intercept=NA, fixed_beta_slope=NA, sdRE_input=NA, itnum=0

Rscript 2_inference_TMB/run_TMB.R --input ../data/assessing_models_simulation/datasets/multiple_GenerationJnorm2_100_100_80_7_2_NA_NA_NA_dataset0.RDS --output ../data/assessing_models_simulation/inference_results/TMB/nlminb/multiple_GenerationJnorm2_100_100_80_7_2_fullREDMsinglelambda_NA_NA_NA_dataset0.RDS --model fullREDMsinglelambda --optimiser nlminb
Model: fullREDMsinglelambda 
Feature type: signatures 
Using nlminb: TRUE 
Simulation boolean: TRUE 
make: Nothing to be done for 'all'.
../data/assessing_models_simulation/datasets/multiple_GenerationJnorm2_100_100_80_7_2_NA_NA_NA_dataset0.RDS[1] "../data/assessing_models_simulation/datasets/multiple_GenerationJnorm2_100_100_80_7_2_NA_NA_NA_dataset0.RDS"
Reading file ../data/assessing_models_simulation/datasets/multiple_GenerationJnorm2_100_100_80_7_2_NA_NA_NA_dataset0.RDS 
Loading required package: nnet
# weights:  21 (12 variable)
initial  value 38908.473430 
iter  10 value 31058.958561
iter  20 value 29383.891975
iter  30 value 29340.637838
iter  30 value 29340.637773
final  value 29340.631338 
converged
Order of parameters:
[1] "beta"       "u_large"    "logs_sd_RE" "cov_par_RE" "log_lambda"
Not matching template order:
[1] "beta"       "logs_sd_RE" "cov_par_RE" "log_lambda" "u_large"   
Your parameter list has been re-ordered.
(Disable this warning with checkParameterOrder=FALSE)
Constructing atomic invpd
Constructing atomic D_lgamma
Constructing atomic invpd
Constructing atomic D_lgamma
Constructing atomic matmul
Constructing atomic invpd
Constructing atomic D_lgamma
Constructing atomic matmul
Optimizing tape... Done
iter: 1  value: 30916.96 mgc: 6.407656 ustep: 0.989901 
iter: 2  value: 30464.15 mgc: 5.835871 ustep: 0.9949382 
iter: 3  value: 30423.17 mgc: 5.830425 ustep: 0.9974661 
iter: 4  value: 30388.46 mgc: 1.826243 ustep: 0.9987324 
iter: 5  value: 30383.48 mgc: 8.244109 ustep: 0.9747243 
iter: 6  value: 30378.21 mgc: 2.91403 ustep: 0.9872826 
iter: 7  value: 30374.92 mgc: 3.377526 ustep: 0.9936216 
iter: 8  value: 30374.6 mgc: 0.5464239 ustep: 0.996806 
iter: 9  value: 30374.6 mgc: 0.06580529 ustep: 0.9984019 
iter: 10  value: 30374.6 mgc: 0.0003704867 ustep: 0.9992007 
iter: 11  value: 30374.6 mgc: 2.082698e-07 ustep: 0.9996003 
iter: 12  mgc: 8.483414e-11 
iter: 1  mgc: 8.483414e-11 
Matching hessian patterns... Done
outer mgc:  305.5442 
iter: 1  value: 29983.6 mgc: 1.556669 ustep: 1 
iter: 2  value: 29983.28 mgc: 0.1459815 ustep: 1 
iter: 3  value: 29983.28 mgc: 0.002818776 ustep: 1 
iter: 4  value: 29983.28 mgc: 3.805616e-07 ustep: 1 
iter: 5  mgc: 9.992007e-15 
iter: 1  mgc: 9.992007e-15 
outer mgc:  144.7728 
iter: 1  value: 29635.08 mgc: 1.199354 ustep: 1 
iter: 2  value: 29634.98 mgc: 0.4944552 ustep: 1 
iter: 3  value: 29634.98 mgc: 0.02127909 ustep: 1 
iter: 4  value: 29634.98 mgc: 5.132729e-05 ustep: 1 
iter: 5  mgc: 3.00864e-10 
iter: 1  value: 29054.38 mgc: 12.13172 ustep: 0.5163597 
iter: 2  value: 28971.82 mgc: 16.99147 ustep: 0.7186099 
iter: 3  value: 28947.75 mgc: 17.39457 ustep: 0.6097132 
iter: 4  value: 28931.7 mgc: 13.87448 ustep: 0.4856246 
iter: 5  value: 28922.28 mgc: 9.196299 ustep: 0.696898 
iter: 6  value: 28920.39 mgc: 4.624405 ustep: 0.8348207 
iter: 7  value: 28920.35 mgc: 0.3115427 ustep: 0.9136939 
iter: 8  value: 28920.35 mgc: 0.00638494 ustep: 0.9558778 
iter: 9  value: 28920.35 mgc: 0.0005168173 ustep: 0.9776922 
iter: 10  value: 28920.35 mgc: 2.630684e-05 ustep: 0.9887843 
iter: 11  value: 28920.35 mgc: 6.721217e-07 ustep: 0.9943769 
iter: 12  mgc: 8.61071e-09 
iter: 1  mgc: 8.61071e-09 
outer mgc:  299.1252 
iter: 1  value: 29022.54 mgc: 17.11347 ustep: 1 
iter: 2  value: 28983.7 mgc: 2.091484 ustep: 1 
iter: 3  value: 28983.36 mgc: 0.2402226 ustep: 1 
iter: 4  value: 28983.36 mgc: 0.007786514 ustep: 1 
iter: 5  value: 28983.36 mgc: 9.758908e-06 ustep: 1 
iter: 6  mgc: 1.515915e-11 
iter: 1  value: 28775.81 mgc: 6.956899 ustep: 1 
iter: 2  value: 28772.7 mgc: 0.6791711 ustep: 1 
iter: 3  value: 28772.69 mgc: 0.05426842 ustep: 1 
iter: 4  value: 28772.69 mgc: 0.0007583688 ustep: 1 
iter: 5  value: 28772.69 mgc: 1.542245e-07 ustep: 1 
iter: 6  mgc: 6.467049e-15 
iter: 1  mgc: 6.467049e-15 
outer mgc:  319.1314 
iter: 1  value: 28225.06 mgc: 8.765398 ustep: 1 
iter: 2  value: 28223.45 mgc: 1.779557 ustep: 1 
iter: 3  value: 28223.43 mgc: 0.2390692 ustep: 1 
iter: 4  value: 28223.43 mgc: 0.007119005 ustep: 1 
iter: 5  value: 28223.43 mgc: 7.103014e-06 ustep: 1 
iter: 6  mgc: 7.076117e-12 
iter: 1  mgc: 7.076117e-12 
outer mgc:  149.7377 
iter: 1  value: 28317.37 mgc: 10.69137 ustep: 1 
iter: 2  value: 28292.81 mgc: 12.28369 ustep: 1 
iter: 3  value: 28292.68 mgc: 0.8732479 ustep: 1 
iter: 4  value: 28292.68 mgc: 0.01216624 ustep: 1 
iter: 5  value: 28292.68 mgc: 5.666132e-06 ustep: 1 
iter: 6  mgc: 1.183498e-12 
iter: 1  value: 28141.82 mgc: 4.428573 ustep: 1 
iter: 2  value: 28141.73 mgc: 0.4582883 ustep: 1 
iter: 3  value: 28141.73 mgc: 0.005458952 ustep: 1 
iter: 4  value: 28141.73 mgc: 6.625864e-07 ustep: 1 
iter: 5  mgc: 2.309264e-14 
iter: 1  mgc: 2.309264e-14 
outer mgc:  124.4965 
iter: 1  value: 28027.44 mgc: 6.126003 ustep: 1 
iter: 2  value: 28027.3 mgc: 0.4246695 ustep: 1 
iter: 3  value: 28027.3 mgc: 0.002116963 ustep: 1 
iter: 4  value: 28027.3 mgc: 7.091772e-07 ustep: 1 
iter: 5  mgc: 1.776357e-13 
iter: 1  mgc: 1.776357e-13 
outer mgc:  98.62503 
iter: 1  value: 27914.48 mgc: 5.670209 ustep: 1 
iter: 2  value: 27914.41 mgc: 0.1940712 ustep: 1 
iter: 3  value: 27914.41 mgc: 0.0007668911 ustep: 1 
iter: 4  value: 27914.41 mgc: 2.167396e-08 ustep: 1 
iter: 5  mgc: 2.220446e-14 
iter: 1  mgc: 2.220446e-14 
outer mgc:  79.82539 
iter: 1  value: 27842.28 mgc: 5.989704 ustep: 1 
iter: 2  value: 27842.18 mgc: 0.386273 ustep: 1 
iter: 3  value: 27842.18 mgc: 0.002899368 ustep: 1 
iter: 4  value: 27842.18 mgc: 1.574682e-07 ustep: 1 
iter: 5  mgc: 2.109424e-14 
iter: 1  mgc: 2.109424e-14 
outer mgc:  99.11811 
iter: 1  value: 27831.01 mgc: 7.173851 ustep: 1 
iter: 2  value: 27829.57 mgc: 1.887111 ustep: 1 
iter: 3  value: 27829.57 mgc: 0.04474174 ustep: 1 
iter: 4  value: 27829.57 mgc: 6.376399e-05 ustep: 1 
iter: 5  mgc: 1.38928e-10 
iter: 1  mgc: 1.38928e-10 
outer mgc:  87.69675 
iter: 1  value: 27816.09 mgc: 9.090991 ustep: 1 
iter: 2  value: 27804.56 mgc: 4.747086 ustep: 1 
iter: 3  value: 27804.52 mgc: 0.4273444 ustep: 1 
iter: 4  value: 27804.52 mgc: 0.007299368 ustep: 1 
iter: 5  value: 27804.52 mgc: 2.420741e-06 ustep: 1 
iter: 6  mgc: 2.584599e-13 
iter: 1  mgc: 2.584599e-13 
outer mgc:  114.1047 
iter: 1  value: 27762.55 mgc: 11.07963 ustep: 1 
iter: 2  value: 27761.57 mgc: 1.359068 ustep: 1 
iter: 3  value: 27761.57 mgc: 0.02744575 ustep: 1 
iter: 4  value: 27761.57 mgc: 1.065963e-05 ustep: 1 
iter: 5  mgc: 3.384404e-12 
iter: 1  mgc: 3.384404e-12 
outer mgc:  142.9795 
iter: 1  value: 27737.79 mgc: 6.488928 ustep: 1 
iter: 2  value: 27737.37 mgc: 0.8280145 ustep: 1 
iter: 3  value: 27737.37 mgc: 0.01721849 ustep: 1 
iter: 4  value: 27737.37 mgc: 7.803196e-06 ustep: 1 
iter: 5  mgc: 1.607603e-12 
iter: 1  mgc: 1.607603e-12 
outer mgc:  77.00337 
iter: 1  value: 27715.69 mgc: 4.828899 ustep: 1 
iter: 2  value: 27715.68 mgc: 0.1191286 ustep: 1 
iter: 3  value: 27715.68 mgc: 0.0004815638 ustep: 1 
iter: 4  mgc: 8.069445e-09 
iter: 1  mgc: 8.069445e-09 
outer mgc:  40.75778 
iter: 1  value: 27695.01 mgc: 2.471578 ustep: 1 
iter: 2  value: 27695 mgc: 0.05844949 ustep: 1 
iter: 3  value: 27695 mgc: 0.0001032708 ustep: 1 
iter: 4  mgc: 4.690475e-10 
iter: 1  mgc: 4.690475e-10 
outer mgc:  43.56827 
iter: 1  value: 27671.49 mgc: 2.950155 ustep: 1 
iter: 2  value: 27671.49 mgc: 0.07191458 ustep: 1 
iter: 3  value: 27671.49 mgc: 0.0001280325 ustep: 1 
iter: 4  mgc: 5.135441e-10 
iter: 1  mgc: 5.135441e-10 
outer mgc:  20.71809 
iter: 1  value: 27656.43 mgc: 2.81654 ustep: 1 
iter: 2  value: 27656.41 mgc: 0.1307831 ustep: 1 
iter: 3  value: 27656.41 mgc: 0.000497975 ustep: 1 
iter: 4  mgc: 7.435554e-09 
iter: 1  mgc: 7.435554e-09 
outer mgc:  43.79473 
iter: 1  value: 27649.14 mgc: 3.273387 ustep: 1 
iter: 2  value: 27649.11 mgc: 0.2007861 ustep: 1 
iter: 3  value: 27649.11 mgc: 0.0008689147 ustep: 1 
iter: 4  value: 27649.11 mgc: 2.351066e-08 ustep: 1 
mgc: 4.618528e-14 
iter: 1  mgc: 4.618528e-14 
outer mgc:  24.77716 
iter: 1  value: 27635.85 mgc: 3.841613 ustep: 1 
iter: 2  value: 27635.83 mgc: 0.1297766 ustep: 1 
iter: 3  value: 27635.83 mgc: 0.0002944485 ustep: 1 
iter: 4  mgc: 1.504938e-09 
iter: 1  mgc: 1.504938e-09 
outer mgc:  51.95863 
iter: 1  value: 27626.93 mgc: 3.941232 ustep: 1 
iter: 2  value: 27626.91 mgc: 0.08420085 ustep: 1 
iter: 3  value: 27626.91 mgc: 0.0001740569 ustep: 1 
iter: 4  mgc: 1.089502e-09 
iter: 1  mgc: 1.089502e-09 
outer mgc:  41.80811 
iter: 1  value: 27627.08 mgc: 2.357148 ustep: 1 
iter: 2  value: 27627.08 mgc: 0.06276353 ustep: 1 
iter: 3  value: 27627.08 mgc: 0.0001003234 ustep: 1 
iter: 4  mgc: 2.761853e-10 
iter: 1  mgc: 2.761853e-10 
outer mgc:  18.12596 
iter: 1  value: 27635.72 mgc: 3.458268 ustep: 1 
iter: 2  value: 27635.7 mgc: 0.1352771 ustep: 1 
iter: 3  value: 27635.7 mgc: 0.000431967 ustep: 1 
iter: 4  mgc: 5.393836e-09 
iter: 1  mgc: 5.393836e-09 
outer mgc:  35.78154 
iter: 1  value: 27630.45 mgc: 3.229487 ustep: 1 
iter: 2  value: 27630.44 mgc: 0.1094395 ustep: 1 
iter: 3  value: 27630.44 mgc: 0.0003805314 ustep: 1 
iter: 4  mgc: 4.528502e-09 
iter: 1  mgc: 4.528502e-09 
outer mgc:  29.60631 
iter: 1  value: 27624.71 mgc: 3.863288 ustep: 1 
iter: 2  value: 27624.7 mgc: 0.09507469 ustep: 1 
iter: 3  value: 27624.7 mgc: 0.0002218969 ustep: 1 
iter: 4  mgc: 1.746376e-09 
iter: 1  mgc: 1.746376e-09 
outer mgc:  32.77791 
iter: 1  value: 27615.27 mgc: 3.175262 ustep: 1 
iter: 2  value: 27615.27 mgc: 0.05700165 ustep: 1 
iter: 3  value: 27615.27 mgc: 7.879454e-05 ustep: 1 
iter: 4  mgc: 1.589907e-10 
iter: 1  mgc: 1.589907e-10 
outer mgc:  17.66497 
iter: 1  value: 27616.12 mgc: 4.254964 ustep: 1 
iter: 2  value: 27616.11 mgc: 0.1324135 ustep: 1 
iter: 3  value: 27616.11 mgc: 0.0003682966 ustep: 1 
iter: 4  mgc: 4.08605e-09 
iter: 1  mgc: 4.08605e-09 
outer mgc:  43.53283 
iter: 1  value: 27607.72 mgc: 3.715591 ustep: 1 
iter: 2  value: 27607.71 mgc: 0.05702703 ustep: 1 
iter: 3  value: 27607.71 mgc: 9.396358e-05 ustep: 1 
iter: 4  mgc: 3.473182e-10 
iter: 1  mgc: 3.473182e-10 
outer mgc:  26.1983 
iter: 1  value: 27591.8 mgc: 4.553622 ustep: 1 
iter: 2  value: 27591.8 mgc: 0.0715859 ustep: 1 
iter: 3  value: 27591.8 mgc: 4.895982e-05 ustep: 1 
iter: 4  mgc: 4.11029e-11 
iter: 1  mgc: 4.11029e-11 
outer mgc:  16.25158 
iter: 1  value: 27577.55 mgc: 4.743333 ustep: 1 
iter: 2  value: 27577.54 mgc: 0.1107444 ustep: 1 
iter: 3  value: 27577.54 mgc: 0.0002155768 ustep: 1 
iter: 4  mgc: 1.069417e-09 
iter: 1  value: 27587.67 mgc: 3.266564 ustep: 1 
iter: 2  value: 27587.66 mgc: 0.06887823 ustep: 1 
iter: 3  value: 27587.66 mgc: 7.488346e-05 ustep: 1 
iter: 4  mgc: 1.450347e-10 
iter: 1  value: 27589.35 mgc: 1.736243 ustep: 1 
iter: 2  value: 27589.35 mgc: 0.01871134 ustep: 1 
iter: 3  value: 27589.35 mgc: 7.04045e-06 ustep: 1 
iter: 4  mgc: 1.68221e-12 
iter: 1  mgc: 1.68221e-12 
outer mgc:  14.54602 
iter: 1  value: 27588.45 mgc: 1.604494 ustep: 1 
iter: 2  value: 27588.45 mgc: 0.02059611 ustep: 1 
iter: 3  value: 27588.45 mgc: 9.512277e-06 ustep: 1 
iter: 4  mgc: 2.313039e-12 
iter: 1  mgc: 2.313039e-12 
outer mgc:  20.97557 
iter: 1  value: 27585 mgc: 1.45977 ustep: 1 
iter: 2  value: 27585 mgc: 0.01504172 ustep: 1 
iter: 3  value: 27585 mgc: 3.391294e-06 ustep: 1 
iter: 4  mgc: 1.803002e-13 
iter: 1  mgc: 1.803002e-13 
outer mgc:  5.32414 
iter: 1  value: 27585.27 mgc: 0.8034136 ustep: 1 
iter: 2  value: 27585.27 mgc: 0.007457244 ustep: 1 
iter: 3  value: 27585.27 mgc: 1.610914e-06 ustep: 1 
iter: 4  mgc: 6.483702e-14 
iter: 1  mgc: 6.483702e-14 
outer mgc:  8.560863 
iter: 1  value: 27583.7 mgc: 0.9338899 ustep: 1 
iter: 2  value: 27583.7 mgc: 0.01212873 ustep: 1 
iter: 3  value: 27583.7 mgc: 4.107643e-06 ustep: 1 
iter: 4  mgc: 5.462297e-13 
iter: 1  mgc: 5.462297e-13 
outer mgc:  7.241979 
iter: 1  value: 27579.55 mgc: 1.031662 ustep: 1 
iter: 2  value: 27579.55 mgc: 0.007757861 ustep: 1 
iter: 3  value: 27579.55 mgc: 1.846536e-06 ustep: 1 
iter: 4  mgc: 1.04361e-13 
iter: 1  mgc: 1.04361e-13 
outer mgc:  6.659568 
iter: 1  value: 27578.83 mgc: 1.011406 ustep: 1 
iter: 2  value: 27578.83 mgc: 0.005700027 ustep: 1 
iter: 3  value: 27578.83 mgc: 8.733428e-07 ustep: 1 
iter: 4  mgc: 4.662937e-14 
iter: 1  mgc: 4.662937e-14 
outer mgc:  7.960806 
iter: 1  value: 27580.78 mgc: 1.018317 ustep: 1 
iter: 2  value: 27580.78 mgc: 0.01127604 ustep: 1 
iter: 3  value: 27580.78 mgc: 2.738593e-06 ustep: 1 
iter: 4  mgc: 2.311484e-13 
iter: 1  mgc: 2.311484e-13 
outer mgc:  6.306059 
iter: 1  value: 27579.31 mgc: 1.416958 ustep: 1 
iter: 2  value: 27579.31 mgc: 0.02296681 ustep: 1 
iter: 3  value: 27579.31 mgc: 9.500809e-06 ustep: 1 
iter: 4  mgc: 2.162714e-12 
iter: 1  mgc: 2.162714e-12 
outer mgc:  5.689423 
iter: 1  value: 27575.69 mgc: 1.275768 ustep: 1 
iter: 2  value: 27575.69 mgc: 0.01195291 ustep: 1 
iter: 3  value: 27575.69 mgc: 2.423426e-06 ustep: 1 
iter: 4  mgc: 1.74083e-13 
iter: 1  mgc: 1.74083e-13 
outer mgc:  7.130908 
iter: 1  value: 27576.44 mgc: 1.685066 ustep: 1 
iter: 2  value: 27576.44 mgc: 0.01132589 ustep: 1 
iter: 3  value: 27576.44 mgc: 4.717422e-06 ustep: 1 
iter: 4  mgc: 7.776002e-13 
iter: 1  mgc: 7.776002e-13 
outer mgc:  13.7687 
iter: 1  value: 27575.56 mgc: 1.00055 ustep: 1 
iter: 2  value: 27575.56 mgc: 0.003841589 ustep: 1 
iter: 3  value: 27575.56 mgc: 2.524507e-07 ustep: 1 
iter: 4  mgc: 5.240253e-14 
iter: 1  mgc: 5.240253e-14 
outer mgc:  11.95477 
iter: 1  value: 27572.71 mgc: 0.9774108 ustep: 1 
iter: 2  value: 27572.71 mgc: 0.00337032 ustep: 1 
iter: 3  value: 27572.71 mgc: 2.983293e-07 ustep: 1 
iter: 4  mgc: 5.062617e-14 
iter: 1  mgc: 5.062617e-14 
outer mgc:  6.665369 
iter: 1  value: 27571.04 mgc: 1.255054 ustep: 1 
iter: 2  value: 27571.04 mgc: 0.00538474 ustep: 1 
iter: 3  value: 27571.04 mgc: 8.417338e-07 ustep: 1 
iter: 4  mgc: 4.796163e-14 
iter: 1  mgc: 4.796163e-14 
outer mgc:  6.236984 
iter: 1  value: 27566.15 mgc: 0.7636713 ustep: 1 
iter: 2  value: 27566.15 mgc: 0.005612628 ustep: 1 
iter: 3  value: 27566.15 mgc: 5.753673e-07 ustep: 1 
iter: 4  mgc: 4.574119e-14 
iter: 1  mgc: 4.574119e-14 
outer mgc:  2.665959 
iter: 1  value: 27562.16 mgc: 0.5426009 ustep: 1 
iter: 2  value: 27562.16 mgc: 0.00260549 ustep: 1 
iter: 3  value: 27562.16 mgc: 2.272632e-07 ustep: 1 
iter: 4  mgc: 3.880229e-14 
iter: 1  mgc: 3.880229e-14 
outer mgc:  2.611076 
iter: 1  value: 27562.28 mgc: 0.5905091 ustep: 1 
iter: 2  value: 27562.28 mgc: 0.002607736 ustep: 1 
iter: 3  value: 27562.28 mgc: 1.565348e-07 ustep: 1 
iter: 4  mgc: 4.701795e-14 
iter: 1  mgc: 4.701795e-14 
outer mgc:  8.280933 
iter: 1  value: 27560.73 mgc: 0.768131 ustep: 1 
iter: 2  value: 27560.73 mgc: 0.004335978 ustep: 1 
iter: 3  value: 27560.73 mgc: 2.999077e-07 ustep: 1 
iter: 4  mgc: 4.241052e-14 
iter: 1  mgc: 4.241052e-14 
outer mgc:  5.674974 
iter: 1  value: 27560.06 mgc: 0.4559248 ustep: 1 
iter: 2  value: 27560.06 mgc: 0.001974739 ustep: 1 
iter: 3  value: 27560.06 mgc: 1.155855e-07 ustep: 1 
iter: 4  mgc: 3.996803e-14 
iter: 1  mgc: 3.996803e-14 
outer mgc:  1.583608 
iter: 1  value: 27557.14 mgc: 0.2663687 ustep: 1 
iter: 2  value: 27557.14 mgc: 0.0003695769 ustep: 1 
iter: 3  mgc: 6.462683e-09 
iter: 1  mgc: 6.462683e-09 
outer mgc:  2.107704 
iter: 1  value: 27555.72 mgc: 0.209308 ustep: 1 
iter: 2  value: 27555.72 mgc: 0.0003850776 ustep: 1 
iter: 3  mgc: 4.647851e-09 
iter: 1  mgc: 4.647851e-09 
outer mgc:  1.922438 
iter: 1  value: 27554.38 mgc: 0.2376999 ustep: 1 
iter: 2  value: 27554.38 mgc: 0.0006188531 ustep: 1 
iter: 3  mgc: 8.194343e-09 
iter: 1  mgc: 8.194343e-09 
outer mgc:  2.014508 
iter: 1  value: 27552.48 mgc: 0.315635 ustep: 1 
iter: 2  value: 27552.48 mgc: 0.000759955 ustep: 1 
iter: 3  value: 27552.48 mgc: 1.459923e-08 ustep: 1 
mgc: 4.266032e-14 
iter: 1  mgc: 4.266032e-14 
outer mgc:  2.295966 
iter: 1  value: 27550.92 mgc: 0.2108115 ustep: 1 
iter: 2  value: 27550.92 mgc: 0.0004796161 ustep: 1 
iter: 3  mgc: 7.866846e-09 
iter: 1  mgc: 7.866846e-09 
outer mgc:  0.8612052 
iter: 1  value: 27549.29 mgc: 0.3528469 ustep: 1 
iter: 2  value: 27549.29 mgc: 0.001325045 ustep: 1 
iter: 3  value: 27549.29 mgc: 4.439419e-08 ustep: 1 
iter: 4  mgc: 4.396483e-14 
iter: 1  value: 27550.45 mgc: 0.3613383 ustep: 1 
iter: 2  value: 27550.45 mgc: 0.001111015 ustep: 1 
iter: 3  value: 27550.45 mgc: 3.191773e-08 ustep: 1 
mgc: 4.041212e-14 
iter: 1  value: 27550.77 mgc: 0.1036881 ustep: 1 
iter: 2  value: 27550.77 mgc: 8.998945e-05 ustep: 1 
iter: 3  mgc: 2.121276e-10 
iter: 1  mgc: 2.121276e-10 
outer mgc:  1.108747 
iter: 1  value: 27550.52 mgc: 0.09423546 ustep: 1 
iter: 2  value: 27550.52 mgc: 4.572834e-05 ustep: 1 
iter: 3  mgc: 5.825296e-11 
iter: 1  mgc: 5.825296e-11 
outer mgc:  0.9832362 
iter: 1  value: 27550.13 mgc: 0.08198885 ustep: 1 
iter: 2  value: 27550.13 mgc: 5.601576e-05 ustep: 1 
iter: 3  mgc: 7.392731e-11 
iter: 1  mgc: 7.392731e-11 
outer mgc:  0.8554172 
iter: 1  value: 27549.11 mgc: 0.1127593 ustep: 1 
iter: 2  value: 27549.11 mgc: 3.414607e-05 ustep: 1 
iter: 3  mgc: 3.448797e-11 
iter: 1  value: 27547.79 mgc: 0.1252459 ustep: 1 
iter: 2  value: 27547.79 mgc: 2.18149e-05 ustep: 1 
iter: 3  mgc: 1.213962e-11 
iter: 1  value: 27543.78 mgc: 0.38935 ustep: 1 
iter: 2  value: 27543.78 mgc: 0.0002028629 ustep: 1 
iter: 3  mgc: 8.853505e-10 
iter: 1  mgc: 8.853505e-10 
outer mgc:  1.365852 
iter: 1  value: 27538.59 mgc: 0.5741332 ustep: 1 
iter: 2  value: 27538.59 mgc: 0.0005253524 ustep: 1 
iter: 3  mgc: 5.762479e-09 
iter: 1  mgc: 5.762479e-09 
outer mgc:  2.208556 
iter: 1  value: 27533.08 mgc: 0.5357517 ustep: 1 
iter: 2  value: 27533.08 mgc: 0.0007477678 ustep: 1 
iter: 3  value: 27533.08 mgc: 1.03284e-08 ustep: 1 
mgc: 4.718448e-14 
iter: 1  mgc: 4.718448e-14 
outer mgc:  1.199129 
iter: 1  value: 27527.32 mgc: 0.6868119 ustep: 1 
iter: 2  value: 27527.32 mgc: 0.001622867 ustep: 1 
iter: 3  value: 27527.32 mgc: 1.420585e-07 ustep: 1 
iter: 4  mgc: 5.062617e-14 
iter: 1  value: 27530.39 mgc: 0.3380364 ustep: 1 
iter: 2  value: 27530.39 mgc: 0.000981295 ustep: 1 
iter: 3  value: 27530.39 mgc: 2.790854e-08 ustep: 1 
mgc: 5.817569e-14 
iter: 1  value: 27532.56 mgc: 0.2347668 ustep: 1 
iter: 2  value: 27532.56 mgc: 0.000672538 ustep: 1 
iter: 3  mgc: 6.187262e-09 
iter: 1  value: 27532.95 mgc: 0.07828515 ustep: 1 
iter: 2  value: 27532.95 mgc: 7.227918e-05 ustep: 1 
iter: 3  mgc: 6.986278e-11 
iter: 1  mgc: 6.986278e-11 
outer mgc:  1.049546 
iter: 1  value: 27532.72 mgc: 0.1240605 ustep: 1 
iter: 2  value: 27532.72 mgc: 0.0001102055 ustep: 1 
iter: 3  mgc: 2.821574e-10 
iter: 1  mgc: 2.821574e-10 
outer mgc:  1.275373 
iter: 1  value: 27532.37 mgc: 0.09337901 ustep: 1 
iter: 2  value: 27532.37 mgc: 4.429872e-05 ustep: 1 
iter: 3  mgc: 5.311529e-11 
iter: 1  mgc: 5.311529e-11 
outer mgc:  0.6045252 
iter: 1  value: 27532.04 mgc: 0.06516571 ustep: 1 
iter: 2  value: 27532.04 mgc: 2.269414e-05 ustep: 1 
iter: 3  mgc: 9.09095e-12 
iter: 1  mgc: 9.09095e-12 
outer mgc:  0.4801923 
iter: 1  value: 27531.32 mgc: 0.08055098 ustep: 1 
iter: 2  value: 27531.32 mgc: 1.428831e-05 ustep: 1 
iter: 3  mgc: 6.324941e-12 
iter: 1  value: 27529.97 mgc: 0.1167975 ustep: 1 
iter: 2  value: 27529.97 mgc: 1.746905e-05 ustep: 1 
iter: 3  mgc: 5.867751e-12 
iter: 1  value: 27525.53 mgc: 0.3964378 ustep: 1 
iter: 2  value: 27525.53 mgc: 0.000195048 ustep: 1 
iter: 3  mgc: 7.269612e-10 
iter: 1  mgc: 7.269612e-10 
outer mgc:  1.628138 
iter: 1  value: 27519.44 mgc: 0.5480844 ustep: 1 
iter: 2  value: 27519.44 mgc: 0.0005309686 ustep: 1 
iter: 3  value: 27519.44 mgc: 1.052532e-08 ustep: 1 
mgc: 4.440892e-14 
iter: 1  mgc: 4.440892e-14 
outer mgc:  1.370727 
iter: 1  value: 27515.25 mgc: 0.4742481 ustep: 1 
iter: 2  value: 27515.25 mgc: 0.0005437567 ustep: 1 
iter: 3  mgc: 7.649226e-09 
iter: 1  mgc: 7.649226e-09 
outer mgc:  1.244317 
iter: 1  value: 27510.04 mgc: 0.627759 ustep: 1 
iter: 2  value: 27510.04 mgc: 0.001974534 ustep: 1 
iter: 3  value: 27510.04 mgc: 9.560682e-08 ustep: 1 
iter: 4  mgc: 4.707346e-14 
iter: 1  mgc: 4.707346e-14 
outer mgc:  1.548535 
iter: 1  value: 27508.8 mgc: 0.4417288 ustep: 1 
iter: 2  value: 27508.8 mgc: 0.0006949594 ustep: 1 
iter: 3  value: 27508.8 mgc: 1.008877e-08 ustep: 1 
mgc: 4.618528e-14 
iter: 1  mgc: 4.618528e-14 
outer mgc:  1.412211 
iter: 1  value: 27506.31 mgc: 0.4765573 ustep: 1 
iter: 2  value: 27506.31 mgc: 0.0005059798 ustep: 1 
iter: 3  mgc: 7.880808e-09 
iter: 1  mgc: 7.880808e-09 
outer mgc:  1.152986 
iter: 1  value: 27503.42 mgc: 1.158333 ustep: 1 
iter: 2  value: 27503.42 mgc: 0.0002349263 ustep: 1 
iter: 3  mgc: 1.167285e-09 
iter: 1  mgc: 1.167285e-09 
outer mgc:  1.276779 
iter: 1  value: 27500.7 mgc: 0.2703835 ustep: 1 
iter: 2  value: 27500.7 mgc: 0.0001030454 ustep: 1 
iter: 3  mgc: 2.456146e-10 
iter: 1  mgc: 2.456146e-10 
outer mgc:  0.4746257 
iter: 1  value: 27498.72 mgc: 0.3677821 ustep: 1 
iter: 2  value: 27498.72 mgc: 8.602453e-05 ustep: 1 
iter: 3  mgc: 9.103651e-11 
iter: 1  mgc: 9.103651e-11 
outer mgc:  0.2799709 
iter: 1  value: 27497.38 mgc: 0.3178152 ustep: 1 
iter: 2  value: 27497.38 mgc: 0.000226525 ustep: 1 
iter: 3  mgc: 9.425323e-10 
iter: 1  mgc: 9.425323e-10 
outer mgc:  0.6991302 
iter: 1  value: 27495.96 mgc: 0.6581773 ustep: 1 
iter: 2  value: 27495.96 mgc: 0.0001217148 ustep: 1 
iter: 3  mgc: 3.531481e-10 
iter: 1  mgc: 3.531481e-10 
outer mgc:  0.8364654 
iter: 1  value: 27492.8 mgc: 0.5299615 ustep: 1 
iter: 2  value: 27492.8 mgc: 8.579934e-05 ustep: 1 
iter: 3  mgc: 2.112128e-10 
iter: 1  mgc: 2.112128e-10 
outer mgc:  0.4053022 
iter: 1  value: 27490.83 mgc: 0.3306336 ustep: 1 
iter: 2  value: 27490.83 mgc: 4.513216e-05 ustep: 1 
iter: 3  mgc: 6.619638e-11 
iter: 1  mgc: 6.619638e-11 
outer mgc:  0.3520316 
iter: 1  value: 27488.73 mgc: 0.2494362 ustep: 1 
iter: 2  value: 27488.73 mgc: 9.098805e-05 ustep: 1 
iter: 3  mgc: 1.815122e-10 
iter: 1  mgc: 1.815122e-10 
outer mgc:  0.7206313 
iter: 1  value: 27486.45 mgc: 0.2527762 ustep: 1 
iter: 2  value: 27486.45 mgc: 4.41833e-05 ustep: 1 
iter: 3  mgc: 4.919665e-11 
iter: 1  mgc: 4.919665e-11 
outer mgc:  0.4956712 
iter: 1  value: 27485.19 mgc: 0.5200912 ustep: 1 
iter: 2  value: 27485.19 mgc: 4.122242e-05 ustep: 1 
iter: 3  mgc: 4.796186e-11 
iter: 1  value: 27483.72 mgc: 0.5921775 ustep: 1 
iter: 2  value: 27483.72 mgc: 4.054983e-05 ustep: 1 
iter: 3  mgc: 1.327555e-11 
iter: 1  mgc: 1.327555e-11 
outer mgc:  0.3549445 
iter: 1  value: 27479.6 mgc: 0.5097034 ustep: 1 
iter: 2  value: 27479.6 mgc: 3.956024e-05 ustep: 1 
iter: 3  mgc: 5.596701e-11 
iter: 1  mgc: 5.596701e-11 
outer mgc:  0.6201274 
iter: 1  value: 27475.14 mgc: 0.4940946 ustep: 1 
iter: 2  value: 27475.14 mgc: 4.117662e-05 ustep: 1 
iter: 3  mgc: 6.059064e-11 
iter: 1  mgc: 6.059064e-11 
outer mgc:  0.4095517 
iter: 1  value: 27470.92 mgc: 0.9710402 ustep: 1 
iter: 2  value: 27470.92 mgc: 7.289018e-05 ustep: 1 
iter: 3  mgc: 2.380862e-11 
iter: 1  value: 27465.62 mgc: 1.206307 ustep: 1 
iter: 2  value: 27465.62 mgc: 0.0001185869 ustep: 1 
iter: 3  mgc: 4.864331e-11 
iter: 1  mgc: 4.864331e-11 
outer mgc:  0.8693562 
iter: 1  value: 27458.25 mgc: 1.180672 ustep: 1 
iter: 2  value: 27458.25 mgc: 0.0002048761 ustep: 1 
iter: 3  mgc: 1.312613e-09 
iter: 1  mgc: 1.312613e-09 
outer mgc:  1.034739 
iter: 1  value: 27452.3 mgc: 1.291959 ustep: 1 
iter: 2  value: 27452.3 mgc: 0.0001887641 ustep: 1 
iter: 3  mgc: 9.604446e-10 
iter: 1  mgc: 9.604446e-10 
outer mgc:  0.8607299 
iter: 1  value: 27445.26 mgc: 3.009213 ustep: 1 
iter: 2  value: 27445.26 mgc: 0.0001761114 ustep: 1 
iter: 3  mgc: 5.004663e-10 
iter: 1  mgc: 5.004663e-10 
outer mgc:  0.500325 
iter: 1  value: 27438.72 mgc: 1.995025 ustep: 1 
iter: 2  value: 27438.72 mgc: 0.0001600445 ustep: 1 
iter: 3  mgc: 8.131549e-10 
iter: 1  mgc: 8.131549e-10 
outer mgc:  1.116695 
iter: 1  value: 27432.59 mgc: 1.043447 ustep: 1 
iter: 2  value: 27432.59 mgc: 6.618528e-05 ustep: 1 
iter: 3  mgc: 8.845258e-11 
iter: 1  mgc: 8.845258e-11 
outer mgc:  0.7491646 
iter: 1  value: 27426.99 mgc: 1.764965 ustep: 1 
iter: 2  value: 27426.99 mgc: 5.270821e-05 ustep: 1 
iter: 3  mgc: 4.085354e-11 
iter: 1  mgc: 4.085354e-11 
outer mgc:  0.6414383 
iter: 1  value: 27421.64 mgc: 1.160978 ustep: 1 
iter: 2  value: 27421.64 mgc: 2.775255e-05 ustep: 1 
iter: 3  mgc: 2.456169e-11 
iter: 1  mgc: 2.456169e-11 
outer mgc:  0.7363311 
iter: 1  value: 27416.51 mgc: 0.8287558 ustep: 1 
iter: 2  value: 27416.51 mgc: 1.855142e-05 ustep: 1 
iter: 3  mgc: 1.608813e-11 
iter: 1  mgc: 1.608813e-11 
outer mgc:  0.4058635 
iter: 1  value: 27411.9 mgc: 0.719934 ustep: 1 
iter: 2  value: 27411.9 mgc: 4.689493e-05 ustep: 1 
iter: 3  mgc: 5.523493e-11 
iter: 1  mgc: 5.523493e-11 
outer mgc:  0.7095538 
iter: 1  value: 27407.44 mgc: 1.618227 ustep: 1 
iter: 2  value: 27407.44 mgc: 9.197291e-06 ustep: 1 
iter: 3  mgc: 1.87228e-12 
iter: 1  value: 27400.3 mgc: 2.931136 ustep: 1 
iter: 2  value: 27400.3 mgc: 3.928183e-05 ustep: 1 
iter: 3  mgc: 4.824274e-11 
iter: 1  mgc: 4.824274e-11 
outer mgc:  0.539512 
iter: 1  value: 27389.57 mgc: 3.605907 ustep: 1 
iter: 2  value: 27389.57 mgc: 2.923449e-05 ustep: 1 
iter: 3  mgc: 2.129252e-11 
iter: 1  mgc: 2.129252e-11 
outer mgc:  0.2723958 
iter: 1  value: 27379.83 mgc: 2.804125 ustep: 1 
iter: 2  value: 27379.83 mgc: 4.167333e-05 ustep: 1 
iter: 3  mgc: 3.179634e-11 
iter: 1  mgc: 3.179634e-11 
outer mgc:  0.3882 
iter: 1  value: 27370.25 mgc: 4.079292 ustep: 1 
iter: 2  value: 27370.25 mgc: 3.956314e-05 ustep: 1 
iter: 3  mgc: 5.679901e-11 
iter: 1  mgc: 5.679901e-11 
outer mgc:  0.4246306 
iter: 1  value: 27362.11 mgc: 0.9277607 ustep: 1 
iter: 2  value: 27362.11 mgc: 1.590244e-05 ustep: 1 
iter: 3  mgc: 4.778844e-12 
iter: 1  mgc: 4.778844e-12 
outer mgc:  0.2807203 
iter: 1  value: 27354.75 mgc: 3.147421 ustep: 1 
iter: 2  value: 27354.75 mgc: 1.399361e-05 ustep: 1 
iter: 3  mgc: 7.23388e-12 
iter: 1  mgc: 7.23388e-12 
outer mgc:  0.2882083 
iter: 1  value: 27348.24 mgc: 2.639797 ustep: 1 
iter: 2  value: 27348.24 mgc: 1.424143e-05 ustep: 1 
iter: 3  mgc: 3.064216e-12 
iter: 1  mgc: 3.064216e-12 
outer mgc:  0.1770279 
iter: 1  value: 27341.49 mgc: 1.235805 ustep: 1 
iter: 2  value: 27341.49 mgc: 4.561073e-06 ustep: 1 
iter: 3  mgc: 4.668488e-13 
iter: 1  mgc: 4.668488e-13 
outer mgc:  0.1471648 
iter: 1  value: 27335.43 mgc: 3.202869 ustep: 1 
iter: 2  value: 27335.43 mgc: 1.970934e-06 ustep: 1 
iter: 3  mgc: 5.031531e-13 
iter: 1  value: 27327.25 mgc: 5.007119 ustep: 1 
iter: 2  value: 27327.25 mgc: 3.5709e-06 ustep: 1 
iter: 3  mgc: 7.068512e-13 
iter: 1  mgc: 7.068512e-13 
outer mgc:  0.2250311 
iter: 1  value: 27314.76 mgc: 5.15581 ustep: 1 
iter: 2  value: 27314.76 mgc: 5.728894e-06 ustep: 1 
iter: 3  mgc: 1.138645e-12 
iter: 1  mgc: 1.138645e-12 
outer mgc:  0.1243998 
iter: 1  value: 27303.32 mgc: 5.557016 ustep: 1 
iter: 2  value: 27303.32 mgc: 7.472706e-06 ustep: 1 
iter: 3  mgc: 3.334444e-12 
iter: 1  mgc: 3.334444e-12 
outer mgc:  0.1667132 
iter: 1  value: 27293.13 mgc: 1.680556 ustep: 1 
iter: 2  value: 27293.13 mgc: 4.879429e-06 ustep: 1 
iter: 3  mgc: 1.386891e-12 
iter: 1  mgc: 1.386891e-12 
outer mgc:  0.1858557 
iter: 1  value: 27283.96 mgc: 1.298097 ustep: 1 
iter: 2  value: 27283.96 mgc: 6.477869e-07 ustep: 1 
iter: 3  mgc: 1.664557e-12 
iter: 1  value: 27272.66 mgc: 1.857823 ustep: 1 
iter: 2  value: 27272.66 mgc: 1.19855e-06 ustep: 1 
iter: 3  mgc: 2.64766e-12 
iter: 1  mgc: 2.64766e-12 
outer mgc:  0.1847194 
iter: 1  value: 27255.85 mgc: 17.05567 ustep: 1 
iter: 2  value: 27255.85 mgc: 7.614399e-06 ustep: 1 
iter: 3  mgc: 2.974399e-12 
iter: 1  mgc: 2.974399e-12 
outer mgc:  0.1055277 
iter: 1  value: 27241.41 mgc: 22.89297 ustep: 1 
iter: 2  value: 27241.41 mgc: 8.634781e-06 ustep: 1 
iter: 3  mgc: 3.818945e-12 
iter: 1  mgc: 3.818945e-12 
outer mgc:  0.06948173 
iter: 1  value: 27228.74 mgc: 13.45847 ustep: 1 
iter: 2  value: 27228.74 mgc: 3.095775e-06 ustep: 1 
iter: 3  mgc: 4.420908e-12 
iter: 1  mgc: 4.420908e-12 
outer mgc:  0.04425804 
iter: 1  value: 27217.42 mgc: 16.58385 ustep: 1 
iter: 2  value: 27217.42 mgc: 1.16944e-06 ustep: 1 
iter: 3  mgc: 5.594192e-12 
iter: 1  mgc: 5.594192e-12 
outer mgc:  0.05450306 
iter: 1  value: 27207.35 mgc: 11.82646 ustep: 1 
iter: 2  value: 27207.35 mgc: 6.714113e-07 ustep: 1 
iter: 3  mgc: 7.804091e-12 
iter: 1  mgc: 7.804091e-12 
outer mgc:  0.04274127 
iter: 1  value: 27198.18 mgc: 8.050171 ustep: 1 
iter: 2  value: 27198.18 mgc: 1.919478e-07 ustep: 1 
iter: 3  mgc: 1.035083e-11 
iter: 1  value: 27185.16 mgc: 16.60375 ustep: 1 
iter: 2  value: 27185.16 mgc: 4.852123e-07 ustep: 1 
iter: 3  mgc: 1.815725e-11 
iter: 1  mgc: 1.815725e-11 
outer mgc:  0.0410448 
iter: 1  value: 27167.7 mgc: 8.664202 ustep: 1 
iter: 2  value: 27167.7 mgc: 7.139154e-07 ustep: 1 
iter: 3  mgc: 2.167821e-11 
iter: 1  mgc: 2.167821e-11 
outer mgc:  0.02435327 
iter: 1  value: 27152.81 mgc: 14.17437 ustep: 1 
iter: 2  value: 27152.81 mgc: 3.245673e-07 ustep: 1 
iter: 3  mgc: 2.402323e-11 
iter: 1  mgc: 2.402323e-11 
outer mgc:  0.0219865 
iter: 1  value: 27139.85 mgc: 14.302 ustep: 1 
iter: 2  value: 27139.85 mgc: 7.963477e-08 ustep: 1 
iter: 3  mgc: 3.669987e-11 
iter: 1  mgc: 3.669987e-11 
outer mgc:  0.0154617 
iter: 1  value: 27116.59 mgc: 28.0577 ustep: 1 
iter: 2  value: 27116.59 mgc: 2.431731e-07 ustep: 1 
iter: 3  mgc: 4.151013e-11 
iter: 1  mgc: 4.151013e-11 
outer mgc:  0.01859789 
iter: 1  value: 27097.78 mgc: 65.21667 ustep: 1 
iter: 2  value: 27097.78 mgc: 1.34745e-07 ustep: 1 
iter: 3  mgc: 8.894319e-11 
iter: 1  mgc: 8.894319e-11 
outer mgc:  0.005449873 
iter: 1  value: 27081.93 mgc: 14.18073 ustep: 1 
iter: 2  value: 27081.93 mgc: 1.851717e-08 ustep: 1 
mgc: 8.57352e-11 
iter: 1  mgc: 8.57352e-11 
outer mgc:  0.00580602 
iter: 1  mgc: 8.57352e-11 
iter: 1  mgc: 8.57352e-11 
outer mgc:  0.00580602 
iter: 1  value: 27081.93 mgc: 0.004806554 ustep: 1 
iter: 2  value: 27081.93 mgc: 1.177137e-07 ustep: 1 
iter: 3  mgc: 7.577405e-11 
outer mgc:  0.2475059 
iter: 1  value: 27081.92 mgc: 0.004802018 ustep: 1 
iter: 2  value: 27081.92 mgc: 1.174972e-07 ustep: 1 
iter: 3  mgc: 9.41327e-11 
outer mgc:  0.2516744 
iter: 1  value: 27081.93 mgc: 0.0001011784 ustep: 1 
iter: 2  mgc: 9.192913e-11 
outer mgc:  0.007001783 
iter: 1  value: 27081.93 mgc: 0.0001010775 ustep: 1 
iter: 2  mgc: 1.415954e-10 
outer mgc:  0.008968 
iter: 1  value: 27081.92 mgc: 0.01554248 ustep: 1 
iter: 2  value: 27081.92 mgc: 3.432707e-06 ustep: 1 
iter: 3  mgc: 9.93079e-11 
outer mgc:  0.2039784 
iter: 1  value: 27081.93 mgc: 0.01553304 ustep: 1 
iter: 2  value: 27081.93 mgc: 3.439823e-06 ustep: 1 
iter: 3  mgc: 1.142446e-10 
outer mgc:  0.2061813 
iter: 1  value: 27081.92 mgc: 0.005292118 ustep: 1 
iter: 2  value: 27081.92 mgc: 4.311701e-07 ustep: 1 
iter: 3  mgc: 1.011529e-10 
outer mgc:  0.1284683 
iter: 1  value: 27081.93 mgc: 0.005286944 ustep: 1 
iter: 2  value: 27081.93 mgc: 4.30602e-07 ustep: 1 
iter: 3  mgc: 9.384094e-11 
outer mgc:  0.1253384 
iter: 1  value: 27081.92 mgc: 0.01925527 ustep: 1 
iter: 2  value: 27081.92 mgc: 4.388949e-06 ustep: 1 
iter: 3  mgc: 6.984358e-11 
outer mgc:  0.2766591 
iter: 1  value: 27081.93 mgc: 0.01924428 ustep: 1 
iter: 2  value: 27081.93 mgc: 4.395861e-06 ustep: 1 
iter: 3  mgc: 9.392465e-11 
outer mgc:  0.2725806 
iter: 1  value: 27081.92 mgc: 0.01086953 ustep: 1 
iter: 2  value: 27081.92 mgc: 1.57478e-06 ustep: 1 
iter: 3  mgc: 1.062146e-10 
outer mgc:  0.3023007 
iter: 1  value: 27081.93 mgc: 0.01086684 ustep: 1 
iter: 2  value: 27081.93 mgc: 1.577259e-06 ustep: 1 
iter: 3  mgc: 9.952805e-11 
outer mgc:  0.2960168 
iter: 1  value: 27081.92 mgc: 0.01895003 ustep: 1 
iter: 2  value: 27081.92 mgc: 4.851482e-06 ustep: 1 
iter: 3  mgc: 7.628198e-11 
outer mgc:  0.2578292 
iter: 1  value: 27081.93 mgc: 0.0189385 ustep: 1 
iter: 2  value: 27081.93 mgc: 4.859238e-06 ustep: 1 
iter: 3  mgc: 7.941381e-11 
outer mgc:  0.2523951 
iter: 1  value: 27081.92 mgc: 0.0111988 ustep: 1 
iter: 2  value: 27081.92 mgc: 1.917839e-06 ustep: 1 
iter: 3  mgc: 8.925596e-11 
outer mgc:  0.2933947 
iter: 1  value: 27081.93 mgc: 0.01119383 ustep: 1 
iter: 2  value: 27081.93 mgc: 1.919142e-06 ustep: 1 
iter: 3  mgc: 1.28159e-10 
outer mgc:  0.3049398 
iter: 1  value: 27081.92 mgc: 0.01050777 ustep: 1 
iter: 2  value: 27081.92 mgc: 1.323223e-06 ustep: 1 
iter: 3  mgc: 1.314786e-10 
outer mgc:  0.3349284 
iter: 1  value: 27081.93 mgc: 0.01050079 ustep: 1 
iter: 2  value: 27081.93 mgc: 1.324703e-06 ustep: 1 
iter: 3  mgc: 1.767981e-10 
outer mgc:  0.3331946 
iter: 1  value: 27081.92 mgc: 0.000768691 ustep: 1 
iter: 2  mgc: 9.347777e-09 
outer mgc:  0.03494123 
iter: 1  value: 27081.93 mgc: 0.0007679446 ustep: 1 
iter: 2  mgc: 9.324553e-09 
outer mgc:  0.03429219 
iter: 1  value: 27081.93 mgc: 0.02001368 ustep: 1 
iter: 2  value: 27081.93 mgc: 2.697006e-06 ustep: 1 
iter: 3  mgc: 1.015046e-10 
outer mgc:  0.3905843 
iter: 1  value: 27081.92 mgc: 0.02001333 ustep: 1 
iter: 2  value: 27081.92 mgc: 2.701e-06 ustep: 1 
iter: 3  mgc: 9.527301e-11 
outer mgc:  0.3881931 
iter: 1  value: 27081.94 mgc: 0.01241511 ustep: 1 
iter: 2  value: 27081.94 mgc: 1.456262e-06 ustep: 1 
iter: 3  mgc: 1.072507e-10 
outer mgc:  0.4610643 
iter: 1  value: 27081.91 mgc: 0.01241677 ustep: 1 
iter: 2  value: 27081.91 mgc: 1.46025e-06 ustep: 1 
iter: 3  mgc: 8.45831e-11 
outer mgc:  0.4598725 
iter: 1  value: 27082.02 mgc: 340.6643 ustep: 1 
iter: 2  value: 27082.02 mgc: 1.531112e-06 ustep: 1 
iter: 3  mgc: 1.297489e-10 
outer mgc:  0.03518913 
iter: 1  value: 27081.83 mgc: 341.6878 ustep: 1 
iter: 2  value: 27081.83 mgc: 1.528806e-06 ustep: 1 
iter: 3  mgc: 1.057363e-10 
outer mgc:  0.03675992 
iter: 1  value: 27081.96 mgc: 45.96962 ustep: 1 
iter: 2  value: 27081.96 mgc: 8.610126e-07 ustep: 1 
iter: 3  mgc: 7.22144e-11 
outer mgc:  0.09227394 
iter: 1  value: 27081.89 mgc: 46.01561 ustep: 1 
iter: 2  value: 27081.89 mgc: 8.610821e-07 ustep: 1 
iter: 3  mgc: 1.425873e-10 
outer mgc:  0.08579411 
iter: 1  value: 27081.96 mgc: 144.9103 ustep: 1 
iter: 2  value: 27081.96 mgc: 1.357882e-06 ustep: 1 
iter: 3  mgc: 1.315528e-10 
outer mgc:  0.09079868 
iter: 1  value: 27081.89 mgc: 145.0553 ustep: 1 
iter: 2  value: 27081.89 mgc: 1.358822e-06 ustep: 1 
iter: 3  mgc: 9.08289e-11 
outer mgc:  0.09327325 
iter: 1  value: 27081.96 mgc: 86.69177 ustep: 1 
iter: 2  value: 27081.96 mgc: 1.945286e-06 ustep: 1 
iter: 3  mgc: 9.437295e-11 
outer mgc:  0.08742157 
iter: 1  value: 27081.89 mgc: 86.7785 ustep: 1 
iter: 2  value: 27081.89 mgc: 1.946842e-06 ustep: 1 
iter: 3  mgc: 1.496745e-10 
outer mgc:  0.08654052 
iter: 1  value: 27081.98 mgc: 115.5939 ustep: 1 
iter: 2  value: 27081.98 mgc: 9.976352e-07 ustep: 1 
iter: 3  mgc: 8.081757e-11 
outer mgc:  0.05854848 
iter: 1  value: 27081.87 mgc: 115.7096 ustep: 1 
iter: 2  value: 27081.87 mgc: 9.975636e-07 ustep: 1 
iter: 3  mgc: 1.1857e-10 
outer mgc:  0.06134677 
iter: 1  value: 27081.96 mgc: 365.877 ustep: 1 
iter: 2  value: 27081.96 mgc: 1.196093e-06 ustep: 1 
iter: 3  mgc: 9.896972e-11 
outer mgc:  0.1082286 
iter: 1  value: 27081.89 mgc: 366.2431 ustep: 1 
iter: 2  value: 27081.89 mgc: 1.1948e-06 ustep: 1 
iter: 3  mgc: 7.64584e-11 
outer mgc:  0.1114627 
iter: 1  value: 27081.94 mgc: 38.01972 ustep: 1 
iter: 2  value: 27081.94 mgc: 4.323888e-07 ustep: 1 
iter: 3  mgc: 1.191717e-10 
outer mgc:  0.0431932 
iter: 1  value: 27081.91 mgc: 38.01531 ustep: 1 
iter: 2  value: 27081.91 mgc: 4.320837e-07 ustep: 1 
iter: 3  mgc: 7.3205e-11 
outer mgc:  0.04173912 
iter: 1  value: 27081.96 mgc: 111.4283 ustep: 1 
iter: 2  value: 27081.96 mgc: 5.486523e-07 ustep: 1 
iter: 3  mgc: 1.105039e-10 
outer mgc:  0.04591912 
iter: 1  value: 27081.89 mgc: 111.4794 ustep: 1 
iter: 2  value: 27081.89 mgc: 5.472955e-07 ustep: 1 
iter: 3  mgc: 1.344349e-10 
outer mgc:  0.04132557 
iter: 1  value: 27081.93 mgc: 136.9259 ustep: 1 
iter: 2  value: 27081.93 mgc: 6.20233e-07 ustep: 1 
iter: 3  mgc: 7.415357e-11 
outer mgc:  0.04706205 
iter: 1  value: 27081.92 mgc: 136.8606 ustep: 1 
iter: 2  value: 27081.92 mgc: 6.188926e-07 ustep: 1 
iter: 3  mgc: 1.82625e-10 
outer mgc:  0.0522993 
iter: 1  value: 27081.91 mgc: 78.27204 ustep: 1 
iter: 2  value: 27081.91 mgc: 4.71025e-07 ustep: 1 
iter: 3  mgc: 1.614446e-10 
outer mgc:  0.0402203 
iter: 1  value: 27081.94 mgc: 78.21209 ustep: 1 
iter: 2  value: 27081.94 mgc: 4.702707e-07 ustep: 1 
iter: 3  mgc: 1.131848e-10 
outer mgc:  0.03988746 
iter: 1  value: 27081.91 mgc: 79.46847 ustep: 1 
iter: 2  value: 27081.91 mgc: 5.880204e-07 ustep: 1 
iter: 3  mgc: 8.724832e-11 
outer mgc:  0.03607417 
iter: 1  value: 27081.94 mgc: 79.47478 ustep: 1 
iter: 2  value: 27081.94 mgc: 5.872601e-07 ustep: 1 
iter: 3  mgc: 1.447107e-10 
outer mgc:  0.03860423 
iter: 1  value: 27081.93 mgc: 86.47811 ustep: 1 
iter: 2  value: 27081.93 mgc: 5.049128e-07 ustep: 1 
iter: 3  mgc: 1.172012e-10 
outer mgc:  0.03594474 
iter: 1  value: 27081.92 mgc: 86.46698 ustep: 1 
iter: 2  value: 27081.92 mgc: 5.044654e-07 ustep: 1 
iter: 3  mgc: 1.063133e-10 
outer mgc:  0.03454494 
iter: 1  value: 27081.91 mgc: 85.07728 ustep: 1 
iter: 2  value: 27081.91 mgc: 3.516251e-07 ustep: 1 
iter: 3  mgc: 1.390956e-10 
outer mgc:  0.0268019 
iter: 1  value: 27081.94 mgc: 85.0255 ustep: 1 
iter: 2  value: 27081.94 mgc: 3.515944e-07 ustep: 1 
iter: 3  mgc: 1.029801e-10 
outer mgc:  0.02501501 
iter: 1  value: 27081.94 mgc: 93.84613 ustep: 1 
iter: 2  value: 27081.94 mgc: 4.063956e-07 ustep: 1 
iter: 3  mgc: 7.897638e-11 
outer mgc:  0.02317117 
iter: 1  value: 27081.91 mgc: 93.83104 ustep: 1 
iter: 2  value: 27081.91 mgc: 4.060398e-07 ustep: 1 
iter: 3  mgc: 1.15092e-10 
outer mgc:  0.02244083 
iter: 1  value: 27081.9 mgc: 80.00186 ustep: 1 
iter: 2  value: 27081.9 mgc: 3.784448e-07 ustep: 1 
iter: 3  mgc: 1.119489e-10 
outer mgc:  0.01656066 
iter: 1  value: 27081.95 mgc: 79.99583 ustep: 1 
iter: 2  value: 27081.95 mgc: 3.786273e-07 ustep: 1 
iter: 3  mgc: 1.101641e-10 
outer mgc:  0.01615915 
iter: 1  value: 27081.93 mgc: 104.5415 ustep: 1 
iter: 2  value: 27081.93 mgc: 4.512326e-07 ustep: 1 
iter: 3  mgc: 1.803238e-10 
outer mgc:  0.0266163 
iter: 1  value: 27081.92 mgc: 104.596 ustep: 1 
iter: 2  value: 27081.92 mgc: 4.511876e-07 ustep: 1 
iter: 3  mgc: 9.70829e-11 
outer mgc:  0.0284678 
iter: 1  value: 27081.92 mgc: 0.6096242 ustep: 1 
iter: 2  mgc: 1.150939e-10 
outer mgc:  0.005827546 
iter: 1  value: 27081.93 mgc: 0.6096197 ustep: 1 
iter: 2  mgc: 1.131409e-10 
outer mgc:  0.005784495 
iter: 1  value: 27081.93 mgc: 1.338606 ustep: 1 
iter: 2  mgc: 1.134492e-10 
outer mgc:  0.005815927 
iter: 1  value: 27081.93 mgc: 1.338604 ustep: 1 
iter: 2  mgc: 9.739765e-11 
outer mgc:  0.005796114 
iter: 1  value: 27081.93 mgc: 1.407168 ustep: 1 
iter: 2  mgc: 9.988632e-11 
outer mgc:  0.005791006 
iter: 1  value: 27081.93 mgc: 1.407166 ustep: 1 
iter: 2  mgc: 1.381371e-10 
outer mgc:  0.005821035 
iter: 1  value: 27081.93 mgc: 1.485156 ustep: 1 
iter: 2  mgc: 1.326201e-10 
outer mgc:  0.00586071 
iter: 1  value: 27081.93 mgc: 1.48516 ustep: 1 
iter: 2  mgc: 1.160341e-10 
outer mgc:  0.005751331 
iter: 1  value: 27081.93 mgc: 1.217435 ustep: 1 
iter: 2  mgc: 8.90818e-11 
outer mgc:  0.005815432 
iter: 1  value: 27081.93 mgc: 1.217438 ustep: 1 
iter: 2  mgc: 8.630874e-11 
outer mgc:  0.005796609 
iter: 1  value: 27081.85 mgc: 0.004224669 ustep: 1 
iter: 2  value: 27081.85 mgc: 9.836991e-08 ustep: 1 
iter: 3  mgc: 1.172888e-10 
outer mgc:  0.09123274 
iter: 1  value: 27082 mgc: 0.004224701 ustep: 1 
iter: 2  value: 27082 mgc: 9.843996e-08 ustep: 1 
iter: 3  mgc: 9.41649e-11 
outer mgc:  0.09145028 
[Sat Aug 14 11:51:15 2021]
Finished job 0.
1 of 1 steps (100%) done
