Building DAG of jobs...
Using shell: /usr/bin/bash
Provided cores: 1 (use --cores to define parallelism)
Rules claiming more threads will be scaled down.
Job counts:
	count	jobs
	1	inference_simulation_TMB_multiple
	1

[Mon Aug 16 08:37:11 2021]
rule inference_simulation_TMB_multiple:
    input: ../data/assessing_models_simulation/datasets/multiple_GenerationJnorm2_20_100_10_3_0.02_NA_NA_NA_dataset1.RDS
    output: ../data/assessing_models_simulation/inference_results/TMB/nlminb/multiple_GenerationJnorm2_20_100_10_3_0.02_diagREDM_NA_NA_NA_dataset1.RDS
    log: logs/inference/nlminb/simulation_GenerationJnorm2_20_100_10_3_0.02_ModeldiagREDM_NA_NA_NA_dataset1.log
    jobid: 0
    wildcards: optimiser=nlminb, datasetgeneration=GenerationJnorm2, n=20, nlambda=100, lmbda=10, d=3, beta_intensity=0.02, model=diagREDM, fixed_beta_intercept=NA, fixed_beta_slope=NA, sdRE_input=NA, itnum=1

Rscript 2_inference_TMB/run_TMB.R --input ../data/assessing_models_simulation/datasets/multiple_GenerationJnorm2_20_100_10_3_0.02_NA_NA_NA_dataset1.RDS --output ../data/assessing_models_simulation/inference_results/TMB/nlminb/multiple_GenerationJnorm2_20_100_10_3_0.02_diagREDM_NA_NA_NA_dataset1.RDS --model diagREDM --optimiser nlminb
Model: diagREDM 
Feature type: signatures 
Using nlminb: TRUE 
Simulation boolean: TRUE 
make: Nothing to be done for 'all'.
../data/assessing_models_simulation/datasets/multiple_GenerationJnorm2_20_100_10_3_0.02_NA_NA_NA_dataset1.RDS[1] "../data/assessing_models_simulation/datasets/multiple_GenerationJnorm2_20_100_10_3_0.02_NA_NA_NA_dataset1.RDS"
Reading file ../data/assessing_models_simulation/datasets/multiple_GenerationJnorm2_20_100_10_3_0.02_NA_NA_NA_dataset1.RDS 
Loading required package: nnet
# weights:  9 (4 variable)
initial  value 4519.690956 
iter  10 value 4173.110098
iter  10 value 4173.110098
final  value 4173.110098 
converged
Constructing atomic invpd
Constructing atomic D_lgamma
Constructing atomic invpd
Constructing atomic D_lgamma
Constructing atomic matmul
Constructing atomic invpd
Constructing atomic D_lgamma
Constructing atomic matmul
Optimizing tape... Done
iter: 1  value: 4786.783 mgc: 119.6325 ustep: 1 
iter: 2  value: 4678.568 mgc: 57.71886 ustep: 0.1247382 
iter: 3  value: 4417.295 mgc: 154.928 ustep: 0.1957713 
iter: 4  value: 4097.284 mgc: 135.2086 ustep: 0.4425162 
iter: 5  value: 4078.528 mgc: 41.43146 ustep: 0.09406443 
iter: 6  value: 3916.888 mgc: 112.8204 ustep: 0.06128652 
iter: 7  value: 3916.055 mgc: 5.759537 ustep: 0.2476364 
iter: 8  value: 3916.054 mgc: 0.1873836 ustep: 0.497681 
iter: 9  value: 3916.054 mgc: 0.009487029 ustep: 0.7054945 
iter: 10  value: 3916.054 mgc: 0.0003679916 ustep: 0.8399532 
iter: 11  value: 3916.054 mgc: 6.607001e-06 ustep: 0.916498 
iter: 12  value: 3916.054 mgc: 5.723651e-08 ustep: 0.9573433 
mgc: 2.437356e-10 
iter: 1  mgc: 2.437356e-10 
Matching hessian patterns... Done
outer mgc:  62.64338 
iter: 1  value: 3940.848 mgc: 25.30218 ustep: 1 
iter: 2  value: 3940.244 mgc: 1.559834 ustep: 1 
iter: 3  value: 3940.244 mgc: 0.03111594 ustep: 1 
iter: 4  value: 3940.244 mgc: 2.310174e-05 ustep: 1 
iter: 5  mgc: 1.681277e-11 
iter: 1  value: 3902.68 mgc: 9.218522 ustep: 1 
iter: 2  value: 3902.67 mgc: 0.2308154 ustep: 1 
iter: 3  value: 3902.67 mgc: 0.0005666908 ustep: 1 
iter: 4  mgc: 5.547269e-09 
iter: 1  mgc: 5.547269e-09 
outer mgc:  19.28218 
iter: 1  value: 3900.938 mgc: 13.33655 ustep: 1 
iter: 2  value: 3900.878 mgc: 0.7268062 ustep: 1 
iter: 3  value: 3900.878 mgc: 0.003806145 ustep: 1 
iter: 4  value: 3900.878 mgc: 2.515541e-07 ustep: 1 
iter: 5  mgc: 3.787692e-12 
iter: 1  mgc: 3.787692e-12 
outer mgc:  32.41899 
iter: 1  value: 3895.036 mgc: 10.17652 ustep: 1 
iter: 2  value: 3895.004 mgc: 0.500883 ustep: 1 
iter: 3  value: 3895.004 mgc: 0.003566433 ustep: 1 
iter: 4  value: 3895.004 mgc: 1.860323e-07 ustep: 1 
iter: 5  mgc: 7.0913e-12 
iter: 1  mgc: 7.0913e-12 
outer mgc:  11.92627 
iter: 1  value: 3892.329 mgc: 17.059 ustep: 1 
iter: 2  value: 3891.72 mgc: 1.815986 ustep: 1 
iter: 3  value: 3891.72 mgc: 0.03066821 ustep: 1 
iter: 4  value: 3891.72 mgc: 1.895667e-05 ustep: 1 
iter: 5  mgc: 1.105094e-11 
iter: 1  mgc: 1.105094e-11 
outer mgc:  14.84436 
iter: 1  value: 3887.439 mgc: 7.826889 ustep: 1 
iter: 2  value: 3887.426 mgc: 0.2402049 ustep: 1 
iter: 3  value: 3887.426 mgc: 0.0008313881 ustep: 1 
iter: 4  value: 3887.426 mgc: 2.337377e-08 ustep: 1 
mgc: 8.021528e-12 
iter: 1  value: 3883.164 mgc: 13.15421 ustep: 1 
iter: 2  value: 3882.991 mgc: 0.8432063 ustep: 1 
iter: 3  value: 3882.991 mgc: 0.009046874 ustep: 1 
iter: 4  value: 3882.991 mgc: 1.828474e-06 ustep: 1 
iter: 5  mgc: 5.255157e-12 
iter: 1  value: 4193.08 mgc: 51.83416 ustep: 1 
iter: 2  value: 3906.329 mgc: 45.22357 ustep: 1 
iter: 3  value: 3898.044 mgc: 8.175711 ustep: 1 
iter: 4  value: 3898.002 mgc: 0.6820745 ustep: 1 
iter: 5  value: 3898.002 mgc: 0.006294728 ustep: 1 
iter: 6  value: 3898.002 mgc: 5.517525e-07 ustep: 1 
iter: 7  mgc: 1.98952e-12 
iter: 1  mgc: 5.255157e-12 
outer mgc:  6.72603 
iter: 1  value: 3885.619 mgc: 26.59463 ustep: 1 
iter: 2  value: 3881.514 mgc: 4.557276 ustep: 1 
iter: 3  value: 3881.506 mgc: 0.2430405 ustep: 1 
iter: 4  value: 3881.506 mgc: 0.000834006 ustep: 1 
iter: 5  value: 3881.506 mgc: 1.941231e-08 ustep: 1 
mgc: 4.383827e-12 
iter: 1  mgc: 4.383827e-12 
outer mgc:  39.43456 
iter: 1  value: 3878.469 mgc: 21.64744 ustep: 1 
iter: 2  value: 3877.622 mgc: 2.549475 ustep: 1 
iter: 3  value: 3877.621 mgc: 0.04353986 ustep: 1 
iter: 4  value: 3877.621 mgc: 4.17053e-05 ustep: 1 
iter: 5  mgc: 4.708145e-11 
iter: 1  mgc: 4.708145e-11 
outer mgc:  16.5933 
iter: 1  value: 3878.04 mgc: 34.58815 ustep: 1 
iter: 2  value: 3876.079 mgc: 3.123285 ustep: 1 
iter: 3  value: 3876.079 mgc: 0.06858175 ustep: 1 
iter: 4  value: 3876.079 mgc: 7.482997e-05 ustep: 1 
iter: 5  mgc: 8.923878e-11 
iter: 1  mgc: 8.923878e-11 
outer mgc:  15.34218 
iter: 1  value: 3877.135 mgc: 15.48292 ustep: 1 
iter: 2  value: 3877.055 mgc: 0.7330221 ustep: 1 
iter: 3  value: 3877.055 mgc: 0.005739297 ustep: 1 
iter: 4  value: 3877.055 mgc: 5.187013e-07 ustep: 1 
iter: 5  mgc: 1.767031e-12 
iter: 1  value: 3878.067 mgc: 3.622826 ustep: 1 
iter: 2  value: 3878.067 mgc: 0.05061093 ustep: 1 
iter: 3  value: 3878.067 mgc: 2.011345e-05 ustep: 1 
iter: 4  mgc: 4.27941e-12 
iter: 1  value: 3875.059 mgc: 1.136535 ustep: 1 
iter: 2  value: 3875.059 mgc: 0.004077263 ustep: 1 
iter: 3  value: 3875.059 mgc: 2.229669e-07 ustep: 1 
iter: 4  mgc: 1.709299e-12 
iter: 1  mgc: 1.709299e-12 
outer mgc:  10.16443 
iter: 1  value: 3874.129 mgc: 7.128687 ustep: 1 
iter: 2  value: 3874.126 mgc: 0.1468891 ustep: 1 
iter: 3  value: 3874.126 mgc: 0.0001516461 ustep: 1 
iter: 4  mgc: 3.446079e-10 
iter: 1  mgc: 3.446079e-10 
outer mgc:  4.973746 
iter: 1  value: 3873.059 mgc: 1.02006 ustep: 1 
iter: 2  value: 3873.059 mgc: 0.0040699 ustep: 1 
iter: 3  value: 3873.059 mgc: 7.345358e-08 ustep: 1 
mgc: 1.596723e-12 
iter: 1  value: 3870.198 mgc: 3.067709 ustep: 1 
iter: 2  value: 3870.198 mgc: 0.02665794 ustep: 1 
iter: 3  value: 3870.198 mgc: 7.682159e-06 ustep: 1 
iter: 4  mgc: 1.895151e-12 
iter: 1  value: 3847.543 mgc: 5.196588 ustep: 1 
iter: 2  value: 3847.537 mgc: 0.2319057 ustep: 1 
iter: 3  value: 3847.537 mgc: 0.001842647 ustep: 1 
iter: 4  value: 3847.537 mgc: 1.195987e-07 ustep: 1 
mgc: 1.497691e-13 
iter: 1  mgc: 1.497691e-13 
outer mgc:  17.04439 
iter: 1  value: 4318.104 mgc: 2.263865 ustep: 1 
iter: 2  value: 4309.539 mgc: 4.001952 ustep: 0.6827823 
iter: 3  value: 4307.324 mgc: 2.512432 ustep: 0.8263238 
iter: 4  value: 4306.915 mgc: 1.108977 ustep: 0.9090326 
iter: 5  value: 4306.911 mgc: 0.1029658 ustep: 0.9534367 
iter: 6  value: 4306.911 mgc: 0.004782151 ustep: 0.9764432 
iter: 7  value: 4306.911 mgc: 9.684146e-05 ustep: 0.9881526 
iter: 8  value: 4306.911 mgc: 1.055249e-06 ustep: 0.9940592 
iter: 9  mgc: 6.142181e-09 
iter: 1  value: 3810.693 mgc: 2.304041 ustep: 1 
iter: 2  value: 3810.551 mgc: 0.8635808 ustep: 1 
iter: 3  value: 3810.551 mgc: 0.06297724 ustep: 1 
iter: 4  value: 3810.551 mgc: 0.0004268903 ustep: 1 
iter: 5  value: 3810.551 mgc: 2.003637e-08 ustep: 1 
mgc: 6.883383e-15 
iter: 1  mgc: 6.883383e-15 
outer mgc:  10.25224 
iter: 1  value: 3865.248 mgc: 1.712833 ustep: 1 
iter: 2  value: 3865.194 mgc: 0.2047607 ustep: 1 
iter: 3  value: 3865.194 mgc: 0.002728318 ustep: 1 
iter: 4  value: 3865.194 mgc: 8.184513e-07 ustep: 1 
iter: 5  mgc: 7.074029e-14 
iter: 1  value: 3812.221 mgc: 2.541323 ustep: 1 
iter: 2  value: 3812.202 mgc: 0.1811432 ustep: 1 
iter: 3  value: 3812.202 mgc: 0.002586068 ustep: 1 
iter: 4  value: 3812.202 mgc: 5.582917e-07 ustep: 1 
iter: 5  mgc: 2.14273e-14 
iter: 1  mgc: 2.14273e-14 
outer mgc:  6.525386 
iter: 1  value: 3807.473 mgc: 1.603266 ustep: 1 
iter: 2  value: 3807.465 mgc: 0.289452 ustep: 1 
iter: 3  value: 3807.465 mgc: 0.00514612 ustep: 1 
iter: 4  value: 3807.465 mgc: 1.756873e-06 ustep: 1 
iter: 5  mgc: 2.045031e-13 
iter: 1  mgc: 2.045031e-13 
outer mgc:  5.78708 
iter: 1  value: 3804.188 mgc: 4.06495 ustep: 1 
iter: 2  value: 3804.117 mgc: 0.379675 ustep: 1 
iter: 3  value: 3804.117 mgc: 0.00928834 ustep: 1 
iter: 4  value: 3804.117 mgc: 6.118693e-06 ustep: 1 
iter: 5  mgc: 2.648826e-12 
iter: 1  mgc: 2.648826e-12 
outer mgc:  9.806048 
iter: 1  value: 3799.042 mgc: 2.613133 ustep: 1 
iter: 2  value: 3799.029 mgc: 0.4219266 ustep: 1 
iter: 3  value: 3799.029 mgc: 0.005451769 ustep: 1 
iter: 4  value: 3799.029 mgc: 1.000111e-06 ustep: 1 
iter: 5  mgc: 3.408385e-14 
iter: 1  mgc: 3.408385e-14 
outer mgc:  3.761447 
iter: 1  value: 3798.869 mgc: 2.253403 ustep: 1 
iter: 2  value: 3798.797 mgc: 0.2671603 ustep: 1 
iter: 3  value: 3798.797 mgc: 0.003278106 ustep: 1 
iter: 4  value: 3798.797 mgc: 5.75926e-07 ustep: 1 
iter: 5  mgc: 1.754152e-14 
iter: 1  mgc: 1.754152e-14 
outer mgc:  5.396411 
iter: 1  value: 3794.609 mgc: 1.877593 ustep: 1 
iter: 2  value: 3794.608 mgc: 0.08091016 ustep: 1 
iter: 3  value: 3794.608 mgc: 0.0001679323 ustep: 1 
iter: 4  mgc: 1.025001e-09 
iter: 1  mgc: 1.025001e-09 
outer mgc:  4.352962 
iter: 1  value: 3795.222 mgc: 3.726099 ustep: 1 
iter: 2  value: 3795.215 mgc: 0.1070437 ustep: 1 
iter: 3  value: 3795.215 mgc: 0.0002621971 ustep: 1 
iter: 4  mgc: 1.214199e-09 
iter: 1  value: 3794.326 mgc: 1.633579 ustep: 1 
iter: 2  value: 3794.325 mgc: 0.03872131 ustep: 1 
iter: 3  value: 3794.325 mgc: 5.086939e-05 ustep: 1 
iter: 4  mgc: 9.554235e-11 
iter: 1  mgc: 9.554235e-11 
outer mgc:  3.187494 
iter: 1  value: 3794.72 mgc: 1.090965 ustep: 1 
iter: 2  value: 3794.719 mgc: 0.02465918 ustep: 1 
iter: 3  value: 3794.719 mgc: 1.529547e-05 ustep: 1 
iter: 4  mgc: 5.40723e-12 
iter: 1  value: 3793.994 mgc: 0.6879596 ustep: 1 
iter: 2  value: 3793.994 mgc: 0.01727691 ustep: 1 
iter: 3  value: 3793.994 mgc: 9.010677e-06 ustep: 1 
iter: 4  mgc: 2.626899e-12 
iter: 1  mgc: 2.626899e-12 
outer mgc:  1.8556 
iter: 1  value: 3794.022 mgc: 0.4384596 ustep: 1 
iter: 2  value: 3794.022 mgc: 0.003677276 ustep: 1 
iter: 3  value: 3794.022 mgc: 2.66216e-07 ustep: 1 
iter: 4  mgc: 8.21565e-15 
iter: 1  mgc: 8.21565e-15 
outer mgc:  1.457403 
iter: 1  value: 3793.202 mgc: 0.9463978 ustep: 1 
iter: 2  value: 3793.202 mgc: 0.008551101 ustep: 1 
iter: 3  value: 3793.202 mgc: 2.329505e-06 ustep: 1 
iter: 4  mgc: 1.767475e-13 
iter: 1  mgc: 1.767475e-13 
outer mgc:  3.013144 
iter: 1  value: 3791.773 mgc: 1.022758 ustep: 1 
iter: 2  value: 3791.773 mgc: 0.02569149 ustep: 1 
iter: 3  value: 3791.773 mgc: 1.619067e-05 ustep: 1 
iter: 4  mgc: 6.170175e-12 
iter: 1  mgc: 6.170175e-12 
outer mgc:  1.152463 
iter: 1  value: 3790.882 mgc: 0.6451325 ustep: 1 
iter: 2  value: 3790.882 mgc: 0.00371513 ustep: 1 
iter: 3  value: 3790.882 mgc: 3.030139e-07 ustep: 1 
iter: 4  mgc: 3.996803e-15 
iter: 1  mgc: 3.996803e-15 
outer mgc:  0.3954093 
iter: 1  value: 3790.112 mgc: 0.3287812 ustep: 1 
iter: 2  value: 3790.112 mgc: 0.001993399 ustep: 1 
iter: 3  value: 3790.112 mgc: 6.844302e-08 ustep: 1 
mgc: 4.440892e-15 
iter: 1  mgc: 4.440892e-15 
outer mgc:  0.1102851 
iter: 1  value: 3789.712 mgc: 0.1025539 ustep: 1 
iter: 2  value: 3789.712 mgc: 0.0001571162 ustep: 1 
iter: 3  mgc: 4.310663e-10 
iter: 1  mgc: 4.310663e-10 
outer mgc:  0.0784381 
iter: 1  value: 3789.699 mgc: 0.03547528 ustep: 1 
iter: 2  value: 3789.699 mgc: 1.962961e-05 ustep: 1 
iter: 3  mgc: 6.770584e-12 
iter: 1  mgc: 6.770584e-12 
outer mgc:  0.07108281 
iter: 1  value: 3789.678 mgc: 0.01971258 ustep: 1 
iter: 2  value: 3789.678 mgc: 7.357837e-06 ustep: 1 
iter: 3  mgc: 9.85434e-13 
iter: 1  mgc: 9.85434e-13 
outer mgc:  0.01776153 
iter: 1  value: 3789.65 mgc: 0.01155492 ustep: 1 
iter: 2  value: 3789.65 mgc: 1.468258e-06 ustep: 1 
iter: 3  mgc: 3.108624e-14 
iter: 1  mgc: 3.108624e-14 
outer mgc:  0.004158084 
iter: 1  value: 3789.63 mgc: 0.008872056 ustep: 1 
iter: 2  value: 3789.63 mgc: 1.116374e-06 ustep: 1 
iter: 3  mgc: 2.353673e-14 
iter: 1  mgc: 2.353673e-14 
outer mgc:  0.001089673 
iter: 1  value: 3789.628 mgc: 0.0006333794 ustep: 1 
iter: 2  mgc: 6.636603e-09 
iter: 1  mgc: 6.636603e-09 
outer mgc:  0.0001607137 
iter: 1  mgc: 6.636603e-09 
iter: 1  mgc: 6.636603e-09 
outer mgc:  0.0001607137 
iter: 1  value: 3789.627 mgc: 0.005380704 ustep: 1 
iter: 2  value: 3789.627 mgc: 5.398591e-07 ustep: 1 
iter: 3  mgc: 9.547918e-15 
outer mgc:  0.04475799 
iter: 1  value: 3789.63 mgc: 0.005377964 ustep: 1 
iter: 2  value: 3789.63 mgc: 5.404739e-07 ustep: 1 
iter: 3  mgc: 7.882583e-15 
outer mgc:  0.04443651 
iter: 1  value: 3789.628 mgc: 0.002989529 ustep: 1 
iter: 2  value: 3789.628 mgc: 1.655407e-07 ustep: 1 
iter: 3  mgc: 3.996803e-15 
outer mgc:  0.03043457 
iter: 1  value: 3789.629 mgc: 0.002988927 ustep: 1 
iter: 2  value: 3789.629 mgc: 1.657769e-07 ustep: 1 
iter: 3  mgc: 3.885781e-15 
outer mgc:  0.0307458 
iter: 1  value: 3789.627 mgc: 0.004883732 ustep: 1 
iter: 2  value: 3789.627 mgc: 2.639954e-07 ustep: 1 
iter: 3  mgc: 4.662937e-15 
outer mgc:  0.04747139 
iter: 1  value: 3789.63 mgc: 0.00488017 ustep: 1 
iter: 2  value: 3789.63 mgc: 2.639636e-07 ustep: 1 
iter: 3  mgc: 7.549517e-15 
outer mgc:  0.04737393 
iter: 1  value: 3789.628 mgc: 0.002771716 ustep: 1 
iter: 2  value: 3789.628 mgc: 8.618693e-08 ustep: 1 
iter: 3  mgc: 3.552714e-15 
outer mgc:  0.02613807 
iter: 1  value: 3789.629 mgc: 0.002770738 ustep: 1 
iter: 2  value: 3789.629 mgc: 8.623229e-08 ustep: 1 
iter: 3  mgc: 4.218847e-15 
outer mgc:  0.02635751 
iter: 1  value: 3789.633 mgc: 0.003281748 ustep: 1 
iter: 2  value: 3789.633 mgc: 1.88078e-07 ustep: 1 
iter: 3  mgc: 4.218847e-15 
outer mgc:  0.002772717 
iter: 1  value: 3789.624 mgc: 0.003285028 ustep: 1 
iter: 2  value: 3789.624 mgc: 1.88092e-07 ustep: 1 
iter: 3  mgc: 4.551914e-15 
outer mgc:  0.002683763 
iter: 1  value: 3789.635 mgc: 0.002532399 ustep: 1 
iter: 2  value: 3789.635 mgc: 9.80146e-08 ustep: 1 
iter: 3  mgc: 4.662937e-15 
outer mgc:  0.001374273 
iter: 1  value: 3789.621 mgc: 0.00253493 ustep: 1 
iter: 2  value: 3789.621 mgc: 9.789709e-08 ustep: 1 
iter: 3  mgc: 5.717649e-15 
outer mgc:  0.001413698 
iter: 1  value: 3789.625 mgc: 0.0023406 ustep: 1 
iter: 2  value: 3789.625 mgc: 6.976132e-08 ustep: 1 
iter: 3  mgc: 6.439294e-15 
outer mgc:  0.01064026 
iter: 1  value: 3789.632 mgc: 0.002339608 ustep: 1 
iter: 2  value: 3789.632 mgc: 6.96865e-08 ustep: 1 
iter: 3  mgc: 3.441691e-15 
outer mgc:  0.01069815 
iter: 1  value: 3789.626 mgc: 0.002447314 ustep: 1 
iter: 2  value: 3789.626 mgc: 1.095767e-07 ustep: 1 
iter: 3  mgc: 4.440892e-15 
outer mgc:  0.01411832 
iter: 1  value: 3789.631 mgc: 0.002445439 ustep: 1 
iter: 2  value: 3789.631 mgc: 1.094719e-07 ustep: 1 
iter: 3  mgc: 6.217249e-15 
outer mgc:  0.01407845 
[Mon Aug 16 08:37:13 2021]
Finished job 0.
1 of 1 steps (100%) done
