Building DAG of jobs...
Using shell: /usr/bin/bash
Provided cores: 1 (use --cores to define parallelism)
Rules claiming more threads will be scaled down.
Job counts:
	count	jobs
	1	inference_simulation_TMB_multiple
	1

[Sun Aug 15 22:09:45 2021]
rule inference_simulation_TMB_multiple:
    input: ../data/assessing_models_simulation/datasets/multiple_GenerationJnorm3_50_100_10_6_0.4_NA_NA_NA_dataset1.RDS
    output: ../data/assessing_models_simulation/inference_results/TMB/nlminb/multiple_GenerationJnorm3_50_100_10_6_0.4_fullREM_NA_NA_NA_dataset1.RDS
    log: logs/inference/nlminb/simulation_GenerationJnorm3_50_100_10_6_0.4_ModelfullREM_NA_NA_NA_dataset1.log
    jobid: 0
    wildcards: optimiser=nlminb, datasetgeneration=GenerationJnorm3, n=50, nlambda=100, lmbda=10, d=6, beta_intensity=0.4, model=fullREM, fixed_beta_intercept=NA, fixed_beta_slope=NA, sdRE_input=NA, itnum=1

Rscript 2_inference_TMB/run_TMB.R --input ../data/assessing_models_simulation/datasets/multiple_GenerationJnorm3_50_100_10_6_0.4_NA_NA_NA_dataset1.RDS --output ../data/assessing_models_simulation/inference_results/TMB/nlminb/multiple_GenerationJnorm3_50_100_10_6_0.4_fullREM_NA_NA_NA_dataset1.RDS --model fullREM --optimiser nlminb
Model: fullREM 
Feature type: signatures 
Using nlminb: TRUE 
Simulation boolean: TRUE 
make: Nothing to be done for 'all'.
../data/assessing_models_simulation/datasets/multiple_GenerationJnorm3_50_100_10_6_0.4_NA_NA_NA_dataset1.RDS[1] "../data/assessing_models_simulation/datasets/multiple_GenerationJnorm3_50_100_10_6_0.4_NA_NA_NA_dataset1.RDS"
Reading file ../data/assessing_models_simulation/datasets/multiple_GenerationJnorm3_50_100_10_6_0.4_NA_NA_NA_dataset1.RDS 
Loading required package: nnet
# weights:  18 (10 variable)
initial  value 17890.718300 
iter  10 value 16821.763753
final  value 16691.444344 
converged
Order of parameters:
[1] "beta"       "u_large"    "logs_sd_RE" "cov_par_RE"
Not matching template order:
[1] "beta"       "u_large"    "cov_par_RE" "logs_sd_RE"
Your parameter list has been re-ordered.
(Disable this warning with checkParameterOrder=FALSE)
Constructing atomic invpd
Constructing atomic D_lgamma
Constructing atomic invpd
Constructing atomic D_lgamma
Constructing atomic matmul
Constructing atomic invpd
Constructing atomic D_lgamma
Constructing atomic matmul
Optimizing tape... Done
iter: 1  value: 3956.738 mgc: 101.309 ustep: 1 
iter: 2  value: 3752.736 mgc: 88.21549 ustep: 0.2494656 
iter: 3  value: 3420.725 mgc: 136.1164 ustep: 0.08285847 
iter: 4  value: 3137.315 mgc: 78.539 ustep: 0.08137205 
iter: 5  value: 3075.273 mgc: 66.84581 ustep: 0.2853293 
iter: 6  value: 3071.463 mgc: 7.963806 ustep: 0.5342089 
iter: 7  value: 3070.981 mgc: 0.3899057 ustep: 0.7309228 
iter: 8  value: 3070.915 mgc: 0.1029525 ustep: 0.8549548 
iter: 9  value: 3070.911 mgc: 0.02535074 ustep: 0.9246452 
iter: 10  value: 3070.911 mgc: 0.003235289 ustep: 0.9615886 
iter: 11  value: 3070.911 mgc: 0.0002046389 ustep: 0.9806082 
iter: 12  value: 3070.911 mgc: 7.026932e-06 ustep: 0.9902576 
iter: 13  value: 3070.911 mgc: 1.209563e-07 ustep: 0.9951174 
iter: 14  mgc: 1.043096e-09 
iter: 1  mgc: 1.043096e-09 
Matching hessian patterns... Done
outer mgc:  367.9706 
iter: 1  value: 2735.153 mgc: 26.83987 ustep: 1 
iter: 2  value: 2732.513 mgc: 3.664372 ustep: 1 
iter: 3  value: 2732.512 mgc: 0.1831117 ustep: 1 
iter: 4  value: 2732.512 mgc: 0.0005563524 ustep: 1 
iter: 5  mgc: 5.195897e-09 
iter: 1  mgc: 5.195897e-09 
outer mgc:  120.6121 
iter: 1  value: 2603.999 mgc: 11.77063 ustep: 1 
iter: 2  value: 2603.404 mgc: 1.377337 ustep: 1 
iter: 3  value: 2603.404 mgc: 0.02694098 ustep: 1 
iter: 4  value: 2603.404 mgc: 1.734481e-05 ustep: 1 
iter: 5  mgc: 7.19913e-12 
iter: 1  mgc: 7.19913e-12 
outer mgc:  59.55119 
iter: 1  value: 2576.42 mgc: 21.75116 ustep: 1 
iter: 2  value: 2575.535 mgc: 1.42589 ustep: 1 
iter: 3  value: 2575.535 mgc: 0.02198751 ustep: 1 
iter: 4  value: 2575.535 mgc: 9.508935e-06 ustep: 1 
iter: 5  mgc: 5.212497e-12 
iter: 1  mgc: 5.212497e-12 
outer mgc:  163.5512 
iter: 1  value: 2522.802 mgc: 23.53634 ustep: 1 
iter: 2  value: 2521.86 mgc: 1.288301 ustep: 1 
iter: 3  value: 2521.86 mgc: 0.01922547 ustep: 1 
iter: 4  value: 2521.86 mgc: 1.320847e-05 ustep: 1 
iter: 5  mgc: 1.298428e-11 
iter: 1  mgc: 1.298428e-11 
outer mgc:  83.26914 
iter: 1  value: 2492.513 mgc: 22.4057 ustep: 1 
iter: 2  value: 2491.198 mgc: 1.863367 ustep: 1 
iter: 3  value: 2491.197 mgc: 0.03812655 ustep: 1 
iter: 4  value: 2491.197 mgc: 5.731998e-05 ustep: 1 
iter: 5  mgc: 1.388061e-10 
iter: 1  mgc: 1.388061e-10 
outer mgc:  51.6677 
iter: 1  value: 2526.706 mgc: 34.35814 ustep: 1 
iter: 2  value: 2514.333 mgc: 6.17224 ustep: 1 
iter: 3  value: 2514.322 mgc: 0.2540181 ustep: 1 
iter: 4  value: 2514.322 mgc: 0.0008017908 ustep: 1 
iter: 5  value: 2514.322 mgc: 2.091068e-08 ustep: 1 
mgc: 3.338996e-14 
iter: 1  value: 2480.232 mgc: 9.830088 ustep: 1 
iter: 2  value: 2480.085 mgc: 0.5674847 ustep: 1 
iter: 3  value: 2480.085 mgc: 0.00413886 ustep: 1 
iter: 4  value: 2480.085 mgc: 2.501594e-07 ustep: 1 
iter: 5  mgc: 2.753353e-14 
iter: 1  mgc: 2.753353e-14 
outer mgc:  29.61589 
iter: 1  value: 2475.459 mgc: 8.687118 ustep: 1 
iter: 2  value: 2475.418 mgc: 0.3439123 ustep: 1 
iter: 3  value: 2475.418 mgc: 0.001178159 ustep: 1 
iter: 4  value: 2475.418 mgc: 1.406038e-08 ustep: 1 
mgc: 3.375078e-14 
iter: 1  mgc: 3.375078e-14 
outer mgc:  60.61673 
iter: 1  value: 2462.982 mgc: 12.80066 ustep: 1 
iter: 2  value: 2462.804 mgc: 0.7372235 ustep: 1 
iter: 3  value: 2462.804 mgc: 0.004235241 ustep: 1 
iter: 4  value: 2462.804 mgc: 3.715508e-07 ustep: 1 
iter: 5  mgc: 2.531308e-14 
iter: 1  mgc: 2.531308e-14 
outer mgc:  38.43265 
iter: 1  value: 2455.004 mgc: 11.6055 ustep: 1 
iter: 2  value: 2454.966 mgc: 0.3589628 ustep: 1 
iter: 3  value: 2454.966 mgc: 0.001155728 ustep: 1 
iter: 4  value: 2454.966 mgc: 1.833401e-08 ustep: 1 
mgc: 2.842171e-14 
iter: 1  mgc: 2.842171e-14 
outer mgc:  28.59055 
iter: 1  value: 2454.135 mgc: 7.835394 ustep: 1 
iter: 2  value: 2454.107 mgc: 0.238145 ustep: 1 
iter: 3  value: 2454.107 mgc: 0.0005384059 ustep: 1 
iter: 4  mgc: 3.846494e-09 
iter: 1  mgc: 3.846494e-09 
outer mgc:  49.22587 
iter: 1  value: 2450.273 mgc: 5.660996 ustep: 1 
iter: 2  value: 2450.268 mgc: 0.1409152 ustep: 1 
iter: 3  value: 2450.268 mgc: 0.0001206827 ustep: 1 
iter: 4  mgc: 1.627656e-10 
iter: 1  mgc: 1.627656e-10 
outer mgc:  23.33161 
iter: 1  value: 2449.056 mgc: 6.511082 ustep: 1 
iter: 2  value: 2449.049 mgc: 0.1763919 ustep: 1 
iter: 3  value: 2449.049 mgc: 0.0002315076 ustep: 1 
iter: 4  mgc: 1.649761e-09 
iter: 1  mgc: 1.649761e-09 
outer mgc:  19.01642 
iter: 1  value: 2446.894 mgc: 3.375531 ustep: 1 
iter: 2  value: 2446.893 mgc: 0.03734048 ustep: 1 
iter: 3  value: 2446.893 mgc: 1.152809e-05 ustep: 1 
iter: 4  mgc: 2.524758e-12 
iter: 1  mgc: 2.524758e-12 
outer mgc:  5.268022 
iter: 1  value: 2447.487 mgc: 3.464046 ustep: 1 
iter: 2  value: 2447.485 mgc: 0.07018575 ustep: 1 
iter: 3  value: 2447.485 mgc: 3.949077e-05 ustep: 1 
iter: 4  mgc: 2.149569e-11 
iter: 1  value: 2446.76 mgc: 2.187281 ustep: 1 
iter: 2  value: 2446.759 mgc: 0.01503958 ustep: 1 
iter: 3  value: 2446.759 mgc: 3.039557e-06 ustep: 1 
iter: 4  mgc: 1.927347e-13 
iter: 1  mgc: 1.927347e-13 
outer mgc:  12.69787 
iter: 1  value: 2446.42 mgc: 2.523498 ustep: 1 
iter: 2  value: 2446.42 mgc: 0.01967127 ustep: 1 
iter: 3  value: 2446.42 mgc: 3.991322e-06 ustep: 1 
iter: 4  mgc: 2.076117e-13 
iter: 1  mgc: 2.076117e-13 
outer mgc:  11.97185 
iter: 1  value: 2446.013 mgc: 0.9196763 ustep: 1 
iter: 2  value: 2446.013 mgc: 0.004638762 ustep: 1 
iter: 3  value: 2446.013 mgc: 2.682887e-07 ustep: 1 
iter: 4  mgc: 3.530509e-14 
iter: 1  mgc: 3.530509e-14 
outer mgc:  4.436861 
iter: 1  value: 2445.589 mgc: 0.9726477 ustep: 1 
iter: 2  value: 2445.589 mgc: 0.006134298 ustep: 1 
iter: 3  value: 2445.589 mgc: 2.951966e-07 ustep: 1 
iter: 4  mgc: 3.375078e-14 
iter: 1  mgc: 3.375078e-14 
outer mgc:  3.043785 
iter: 1  value: 2445.347 mgc: 1.818112 ustep: 1 
iter: 2  value: 2445.347 mgc: 0.01160231 ustep: 1 
iter: 3  value: 2445.347 mgc: 1.475475e-06 ustep: 1 
iter: 4  mgc: 1.152411e-13 
iter: 1  mgc: 1.152411e-13 
outer mgc:  3.581509 
iter: 1  value: 2445.088 mgc: 1.908821 ustep: 1 
iter: 2  value: 2445.088 mgc: 0.01058994 ustep: 1 
iter: 3  value: 2445.088 mgc: 1.304136e-06 ustep: 1 
iter: 4  mgc: 4.662937e-14 
iter: 1  mgc: 4.662937e-14 
outer mgc:  6.36011 
iter: 1  value: 2445.081 mgc: 0.7980351 ustep: 1 
iter: 2  value: 2445.081 mgc: 0.003469356 ustep: 1 
iter: 3  value: 2445.081 mgc: 9.620137e-08 ustep: 1 
iter: 4  mgc: 2.697842e-14 
iter: 1  mgc: 2.697842e-14 
outer mgc:  12.93355 
iter: 1  value: 2444.79 mgc: 1.31775 ustep: 1 
iter: 2  value: 2444.79 mgc: 0.005442003 ustep: 1 
iter: 3  value: 2444.79 mgc: 2.056331e-07 ustep: 1 
iter: 4  mgc: 4.418688e-14 
iter: 1  mgc: 4.418688e-14 
outer mgc:  2.022375 
iter: 1  value: 2444.64 mgc: 1.197485 ustep: 1 
iter: 2  value: 2444.64 mgc: 0.006317599 ustep: 1 
iter: 3  value: 2444.64 mgc: 3.433115e-07 ustep: 1 
iter: 4  mgc: 2.453593e-14 
iter: 1  mgc: 2.453593e-14 
outer mgc:  6.848925 
iter: 1  value: 2444.472 mgc: 0.8943195 ustep: 1 
iter: 2  value: 2444.472 mgc: 0.002458562 ustep: 1 
iter: 3  value: 2444.472 mgc: 8.001638e-08 ustep: 1 
iter: 4  mgc: 3.375078e-14 
iter: 1  mgc: 3.375078e-14 
outer mgc:  2.666623 
iter: 1  value: 2444.49 mgc: 0.4085785 ustep: 1 
iter: 2  value: 2444.49 mgc: 0.0005542016 ustep: 1 
iter: 3  value: 2444.49 mgc: 1.052086e-08 ustep: 1 
iter: 4  mgc: 2.153833e-14 
iter: 1  mgc: 2.153833e-14 
outer mgc:  2.747138 
iter: 1  value: 2444.358 mgc: 0.3526545 ustep: 1 
iter: 2  value: 2444.358 mgc: 0.0008849725 ustep: 1 
iter: 3  value: 2444.358 mgc: 1.975363e-08 ustep: 1 
iter: 4  mgc: 4.551914e-14 
iter: 1  mgc: 4.551914e-14 
outer mgc:  2.008485 
iter: 1  value: 2444.149 mgc: 0.3679344 ustep: 1 
iter: 2  value: 2444.149 mgc: 0.0008887729 ustep: 1 
iter: 3  value: 2444.149 mgc: 7.262639e-08 ustep: 1 
iter: 4  mgc: 3.153033e-14 
iter: 1  mgc: 3.153033e-14 
outer mgc:  3.789389 
iter: 1  value: 2444.233 mgc: 0.94153 ustep: 1 
iter: 2  value: 2444.233 mgc: 0.002486426 ustep: 1 
iter: 3  value: 2444.233 mgc: 4.622819e-08 ustep: 1 
iter: 4  mgc: 2.242651e-14 
iter: 1  mgc: 2.242651e-14 
outer mgc:  3.504073 
iter: 1  value: 2444.3 mgc: 0.8738632 ustep: 1 
iter: 2  value: 2444.3 mgc: 0.002835856 ustep: 1 
iter: 3  value: 2444.3 mgc: 5.207404e-08 ustep: 1 
iter: 4  mgc: 3.108624e-14 
iter: 1  mgc: 3.108624e-14 
outer mgc:  4.690101 
iter: 1  value: 2444.078 mgc: 0.4727678 ustep: 1 
iter: 2  value: 2444.078 mgc: 0.001198657 ustep: 1 
iter: 3  value: 2444.078 mgc: 1.327101e-07 ustep: 1 
iter: 4  mgc: 2.242651e-14 
iter: 1  mgc: 2.242651e-14 
outer mgc:  2.679856 
iter: 1  value: 2444.101 mgc: 0.7324247 ustep: 1 
iter: 2  value: 2444.101 mgc: 0.00196538 ustep: 1 
iter: 3  value: 2444.101 mgc: 3.279843e-08 ustep: 1 
mgc: 2.997602e-14 
iter: 1  value: 2444.086 mgc: 0.3969869 ustep: 1 
iter: 2  value: 2444.086 mgc: 0.0007198188 ustep: 1 
iter: 3  mgc: 6.537205e-09 
iter: 1  mgc: 6.537205e-09 
outer mgc:  2.91074 
iter: 1  value: 2444.027 mgc: 0.5683067 ustep: 1 
iter: 2  value: 2444.027 mgc: 0.001084767 ustep: 1 
iter: 3  mgc: 8.974595e-09 
iter: 1  mgc: 8.974595e-09 
outer mgc:  2.360295 
iter: 1  value: 2444.034 mgc: 0.2799422 ustep: 1 
iter: 2  value: 2444.034 mgc: 0.0003616675 ustep: 1 
iter: 3  mgc: 2.57197e-09 
iter: 1  mgc: 2.57197e-09 
outer mgc:  0.8531573 
iter: 1  value: 2444.05 mgc: 0.1565197 ustep: 1 
iter: 2  value: 2444.05 mgc: 0.0001433951 ustep: 1 
iter: 3  mgc: 2.831025e-09 
iter: 1  mgc: 2.831025e-09 
outer mgc:  1.083933 
iter: 1  value: 2444.013 mgc: 0.3412946 ustep: 1 
iter: 2  value: 2444.013 mgc: 0.0005318192 ustep: 1 
iter: 3  mgc: 2.605618e-09 
iter: 1  mgc: 2.605618e-09 
outer mgc:  0.9309954 
iter: 1  value: 2443.995 mgc: 0.2868996 ustep: 1 
iter: 2  value: 2443.995 mgc: 0.0004636792 ustep: 1 
iter: 3  mgc: 3.204012e-09 
iter: 1  mgc: 3.204012e-09 
outer mgc:  0.9754238 
iter: 1  value: 2443.945 mgc: 0.1860676 ustep: 1 
iter: 2  value: 2443.945 mgc: 0.0001653693 ustep: 1 
iter: 3  mgc: 2.349206e-10 
iter: 1  value: 2443.986 mgc: 0.1948791 ustep: 1 
iter: 2  value: 2443.986 mgc: 0.0001583388 ustep: 1 
iter: 3  mgc: 2.4001e-10 
iter: 1  value: 2443.99 mgc: 0.09102034 ustep: 1 
iter: 2  value: 2443.99 mgc: 3.219868e-05 ustep: 1 
iter: 3  mgc: 1.141687e-11 
iter: 1  mgc: 1.141687e-11 
outer mgc:  0.395408 
iter: 1  value: 2443.985 mgc: 0.09487316 ustep: 1 
iter: 2  value: 2443.985 mgc: 2.620749e-05 ustep: 1 
iter: 3  mgc: 8.039791e-12 
iter: 1  mgc: 8.039791e-12 
outer mgc:  0.6204863 
iter: 1  value: 2443.98 mgc: 0.0734837 ustep: 1 
iter: 2  value: 2443.98 mgc: 2.490965e-05 ustep: 1 
iter: 3  mgc: 4.048928e-12 
iter: 1  mgc: 4.048928e-12 
outer mgc:  0.4212237 
iter: 1  value: 2443.996 mgc: 0.05427479 ustep: 1 
iter: 2  value: 2443.996 mgc: 1.977987e-05 ustep: 1 
iter: 3  mgc: 6.116774e-12 
iter: 1  mgc: 6.116774e-12 
outer mgc:  0.3042591 
iter: 1  value: 2443.958 mgc: 0.06949948 ustep: 1 
iter: 2  value: 2443.958 mgc: 2.856218e-05 ustep: 1 
iter: 3  mgc: 1.07625e-11 
iter: 1  mgc: 1.07625e-11 
outer mgc:  0.3433775 
iter: 1  value: 2443.992 mgc: 0.2511584 ustep: 1 
iter: 2  value: 2443.992 mgc: 0.0002642016 ustep: 1 
iter: 3  mgc: 1.053165e-09 
iter: 1  mgc: 1.053165e-09 
outer mgc:  0.6057042 
iter: 1  value: 2443.984 mgc: 0.2547506 ustep: 1 
iter: 2  value: 2443.984 mgc: 0.0001500256 ustep: 1 
iter: 3  mgc: 2.767939e-10 
iter: 1  mgc: 2.767939e-10 
outer mgc:  0.5412677 
iter: 1  value: 2443.948 mgc: 0.2272975 ustep: 1 
iter: 2  value: 2443.948 mgc: 0.0001579211 ustep: 1 
iter: 3  mgc: 2.187868e-10 
iter: 1  mgc: 2.187868e-10 
outer mgc:  1.424311 
iter: 1  value: 2443.945 mgc: 0.1540408 ustep: 1 
iter: 2  value: 2443.945 mgc: 9.058763e-05 ustep: 1 
iter: 3  mgc: 5.644152e-11 
iter: 1  mgc: 5.644152e-11 
outer mgc:  0.8136012 
iter: 1  value: 2443.921 mgc: 0.1327975 ustep: 1 
iter: 2  value: 2443.921 mgc: 0.0001106015 ustep: 1 
iter: 3  mgc: 1.025563e-10 
iter: 1  mgc: 1.025563e-10 
outer mgc:  0.1910715 
iter: 1  value: 2443.978 mgc: 0.0953648 ustep: 1 
iter: 2  value: 2443.978 mgc: 3.515298e-05 ustep: 1 
iter: 3  mgc: 7.968204e-11 
iter: 1  value: 2443.941 mgc: 0.08036893 ustep: 1 
iter: 2  value: 2443.941 mgc: 2.726638e-05 ustep: 1 
iter: 3  mgc: 7.560286e-12 
iter: 1  mgc: 7.560286e-12 
outer mgc:  0.5764391 
iter: 1  value: 2443.941 mgc: 0.05264591 ustep: 1 
iter: 2  value: 2443.941 mgc: 8.398479e-06 ustep: 1 
iter: 3  mgc: 6.966649e-13 
iter: 1  mgc: 6.966649e-13 
outer mgc:  0.1418905 
iter: 1  value: 2443.946 mgc: 0.02966752 ustep: 1 
iter: 2  value: 2443.946 mgc: 3.32099e-06 ustep: 1 
iter: 3  mgc: 1.214584e-13 
iter: 1  value: 2443.943 mgc: 0.01334715 ustep: 1 
iter: 2  value: 2443.943 mgc: 6.726112e-07 ustep: 1 
iter: 3  mgc: 4.773959e-14 
iter: 1  mgc: 4.773959e-14 
outer mgc:  0.09910219 
iter: 1  value: 2443.945 mgc: 0.01774242 ustep: 1 
iter: 2  value: 2443.945 mgc: 1.139785e-06 ustep: 1 
iter: 3  mgc: 2.775558e-14 
iter: 1  mgc: 2.775558e-14 
outer mgc:  0.1103987 
iter: 1  value: 2443.948 mgc: 0.01953665 ustep: 1 
iter: 2  value: 2443.948 mgc: 1.221866e-06 ustep: 1 
iter: 3  mgc: 3.841372e-14 
iter: 1  mgc: 3.841372e-14 
outer mgc:  0.09339265 
iter: 1  value: 2443.952 mgc: 0.02236493 ustep: 1 
iter: 2  value: 2443.952 mgc: 1.365478e-06 ustep: 1 
iter: 3  mgc: 4.263256e-14 
iter: 1  mgc: 4.263256e-14 
outer mgc:  0.03825596 
iter: 1  value: 2443.948 mgc: 0.01704258 ustep: 1 
iter: 2  value: 2443.948 mgc: 1.394777e-06 ustep: 1 
iter: 3  mgc: 3.019807e-14 
iter: 1  mgc: 3.019807e-14 
outer mgc:  0.08961435 
iter: 1  value: 2443.942 mgc: 0.02660857 ustep: 1 
iter: 2  value: 2443.942 mgc: 5.448888e-06 ustep: 1 
iter: 3  mgc: 2.153833e-13 
iter: 1  value: 2443.946 mgc: 0.01966632 ustep: 1 
iter: 2  value: 2443.946 mgc: 1.196514e-06 ustep: 1 
iter: 3  mgc: 4.32987e-14 
iter: 1  mgc: 4.32987e-14 
outer mgc:  0.1179506 
iter: 1  value: 2443.948 mgc: 0.01035001 ustep: 1 
iter: 2  value: 2443.948 mgc: 9.720047e-07 ustep: 1 
iter: 3  mgc: 2.78666e-14 
iter: 1  mgc: 2.78666e-14 
outer mgc:  0.04799962 
iter: 1  value: 2443.948 mgc: 0.01474764 ustep: 1 
iter: 2  value: 2443.948 mgc: 7.831194e-07 ustep: 1 
iter: 3  mgc: 3.452794e-14 
iter: 1  mgc: 3.452794e-14 
outer mgc:  0.05539501 
iter: 1  value: 2443.948 mgc: 0.01626858 ustep: 1 
iter: 2  value: 2443.948 mgc: 1.436774e-06 ustep: 1 
iter: 3  mgc: 3.130829e-14 
iter: 1  mgc: 3.130829e-14 
outer mgc:  0.07191919 
iter: 1  value: 2443.947 mgc: 0.01497368 ustep: 1 
iter: 2  value: 2443.947 mgc: 8.101434e-07 ustep: 1 
iter: 3  mgc: 2.287059e-14 
iter: 1  mgc: 2.287059e-14 
outer mgc:  0.02109163 
iter: 1  value: 2443.946 mgc: 0.02071222 ustep: 1 
iter: 2  value: 2443.946 mgc: 1.902057e-06 ustep: 1 
iter: 3  mgc: 4.029763e-14 
iter: 1  mgc: 4.029763e-14 
outer mgc:  0.03268793 
iter: 1  value: 2443.947 mgc: 0.01535476 ustep: 1 
iter: 2  value: 2443.947 mgc: 1.393989e-06 ustep: 1 
iter: 3  mgc: 3.042011e-14 
iter: 1  value: 2443.947 mgc: 0.01074297 ustep: 1 
iter: 2  value: 2443.947 mgc: 5.756681e-07 ustep: 1 
iter: 3  mgc: 3.841372e-14 
iter: 1  mgc: 3.841372e-14 
outer mgc:  0.03279356 
iter: 1  value: 2443.95 mgc: 0.008557057 ustep: 1 
iter: 2  value: 2443.95 mgc: 3.869706e-07 ustep: 1 
iter: 3  mgc: 3.064216e-14 
iter: 1  mgc: 3.064216e-14 
outer mgc:  0.01890789 
iter: 1  value: 2443.949 mgc: 0.009349655 ustep: 1 
iter: 2  value: 2443.949 mgc: 4.267529e-07 ustep: 1 
iter: 3  mgc: 2.575717e-14 
iter: 1  mgc: 2.575717e-14 
outer mgc:  0.008443828 
iter: 1  value: 2443.947 mgc: 0.006921428 ustep: 1 
iter: 2  value: 2443.947 mgc: 1.875832e-07 ustep: 1 
iter: 3  mgc: 3.352874e-14 
iter: 1  value: 2443.948 mgc: 0.002626534 ustep: 1 
iter: 2  value: 2443.948 mgc: 2.43994e-08 ustep: 1 
mgc: 2.958744e-14 
iter: 1  mgc: 2.958744e-14 
outer mgc:  0.01852636 
iter: 1  value: 2443.948 mgc: 0.003417047 ustep: 1 
iter: 2  value: 2443.948 mgc: 4.783007e-08 ustep: 1 
iter: 3  mgc: 3.730349e-14 
iter: 1  mgc: 3.730349e-14 
outer mgc:  0.007321391 
iter: 1  value: 2443.947 mgc: 0.001762406 ustep: 1 
iter: 2  value: 2443.947 mgc: 1.425829e-08 ustep: 1 
mgc: 2.703393e-14 
iter: 1  mgc: 2.703393e-14 
outer mgc:  0.005308303 
iter: 1  value: 2443.947 mgc: 0.002091974 ustep: 1 
iter: 2  value: 2443.947 mgc: 3.063032e-08 ustep: 1 
mgc: 2.756129e-14 
iter: 1  mgc: 2.756129e-14 
outer mgc:  0.00282193 
iter: 1  value: 2443.947 mgc: 0.002151994 ustep: 1 
iter: 2  value: 2443.947 mgc: 3.685367e-08 ustep: 1 
mgc: 3.241851e-14 
iter: 1  mgc: 3.241851e-14 
outer mgc:  0.003125669 
iter: 1  value: 2443.947 mgc: 0.002004863 ustep: 1 
iter: 2  value: 2443.947 mgc: 1.277118e-08 ustep: 1 
mgc: 2.842171e-14 
iter: 1  mgc: 2.842171e-14 
outer mgc:  0.006215233 
iter: 1  value: 2443.947 mgc: 0.001861768 ustep: 1 
iter: 2  value: 2443.947 mgc: 2.448974e-08 ustep: 1 
iter: 3  mgc: 3.019807e-14 
iter: 1  mgc: 3.019807e-14 
outer mgc:  0.006720172 
iter: 1  value: 2443.947 mgc: 0.001382822 ustep: 1 
iter: 2  mgc: 8.96766e-09 
iter: 1  value: 2443.947 mgc: 0.001131766 ustep: 1 
iter: 2  mgc: 4.484112e-09 
iter: 1  mgc: 4.484112e-09 
outer mgc:  0.008572233 
iter: 1  value: 2443.947 mgc: 0.001272442 ustep: 1 
iter: 2  mgc: 5.539132e-09 
iter: 1  mgc: 5.539132e-09 
outer mgc:  0.002752456 
iter: 1  value: 2443.947 mgc: 0.0006675105 ustep: 1 
iter: 2  mgc: 2.545508e-09 
iter: 1  mgc: 2.545508e-09 
outer mgc:  0.0009767613 
iter: 1  value: 2443.947 mgc: 0.0006471455 ustep: 1 
iter: 2  mgc: 3.072695e-09 
iter: 1  value: 2443.947 mgc: 0.0005217625 ustep: 1 
iter: 2  mgc: 1.956057e-09 
iter: 1  value: 2443.947 mgc: 0.0002831307 ustep: 1 
iter: 2  mgc: 5.894233e-10 
iter: 1  mgc: 5.894233e-10 
outer mgc:  0.001908951 
iter: 1  value: 2443.947 mgc: 0.0004275447 ustep: 1 
iter: 2  mgc: 6.194083e-10 
iter: 1  mgc: 6.194083e-10 
outer mgc:  0.002480796 
iter: 1  mgc: 6.194083e-10 
iter: 1  mgc: 6.194083e-10 
outer mgc:  0.002480796 
iter: 1  value: 2443.949 mgc: 0.05456006 ustep: 1 
iter: 2  value: 2443.949 mgc: 9.749692e-06 ustep: 1 
iter: 3  mgc: 7.6672e-13 
outer mgc:  0.09086101 
iter: 1  value: 2443.946 mgc: 0.0545541 ustep: 1 
iter: 2  value: 2443.946 mgc: 9.75986e-06 ustep: 1 
iter: 3  mgc: 7.858159e-13 
outer mgc:  0.09046644 
iter: 1  value: 2443.949 mgc: 0.02892277 ustep: 1 
iter: 2  value: 2443.949 mgc: 3.086399e-06 ustep: 1 
iter: 3  mgc: 8.193446e-14 
outer mgc:  0.498397 
iter: 1  value: 2443.946 mgc: 0.02892127 ustep: 1 
iter: 2  value: 2443.946 mgc: 3.086893e-06 ustep: 1 
iter: 3  mgc: 7.860379e-14 
outer mgc:  0.4949311 
iter: 1  value: 2443.947 mgc: 0.0471533 ustep: 1 
iter: 2  value: 2443.947 mgc: 8.918944e-06 ustep: 1 
iter: 3  mgc: 9.039436e-13 
outer mgc:  0.0569438 
iter: 1  value: 2443.948 mgc: 0.04714344 ustep: 1 
iter: 2  value: 2443.948 mgc: 8.927907e-06 ustep: 1 
iter: 3  mgc: 9.043877e-13 
outer mgc:  0.0564626 
iter: 1  value: 2443.948 mgc: 0.02672971 ustep: 1 
iter: 2  value: 2443.948 mgc: 3.534752e-06 ustep: 1 
iter: 3  mgc: 1.668665e-13 
outer mgc:  0.2873077 
iter: 1  value: 2443.947 mgc: 0.02672897 ustep: 1 
iter: 2  value: 2443.947 mgc: 3.53603e-06 ustep: 1 
iter: 3  mgc: 1.644657e-13 
outer mgc:  0.2865289 
iter: 1  value: 2443.949 mgc: 0.05457247 ustep: 1 
iter: 2  value: 2443.949 mgc: 9.093635e-06 ustep: 1 
iter: 3  mgc: 6.358247e-13 
outer mgc:  0.1299052 
iter: 1  value: 2443.946 mgc: 0.05456305 ustep: 1 
iter: 2  value: 2443.946 mgc: 9.104022e-06 ustep: 1 
iter: 3  mgc: 6.403211e-13 
outer mgc:  0.1308622 
iter: 1  value: 2443.948 mgc: 0.02968844 ustep: 1 
iter: 2  value: 2443.948 mgc: 2.967934e-06 ustep: 1 
iter: 3  mgc: 8.071321e-14 
outer mgc:  0.4511453 
iter: 1  value: 2443.947 mgc: 0.02968359 ustep: 1 
iter: 2  value: 2443.947 mgc: 2.968078e-06 ustep: 1 
iter: 3  mgc: 7.993606e-14 
outer mgc:  0.4560852 
iter: 1  value: 2443.946 mgc: 0.03640442 ustep: 1 
iter: 2  value: 2443.946 mgc: 9.724898e-06 ustep: 1 
iter: 3  mgc: 9.472423e-13 
outer mgc:  0.03382045 
iter: 1  value: 2443.949 mgc: 0.03638413 ustep: 1 
iter: 2  value: 2443.949 mgc: 9.735625e-06 ustep: 1 
iter: 3  mgc: 9.531265e-13 
outer mgc:  0.03428694 
iter: 1  value: 2443.946 mgc: 0.01459787 ustep: 1 
iter: 2  value: 2443.946 mgc: 1.623196e-06 ustep: 1 
iter: 3  mgc: 3.885781e-14 
outer mgc:  0.1553001 
iter: 1  value: 2443.948 mgc: 0.01458768 ustep: 1 
iter: 2  value: 2443.948 mgc: 1.622088e-06 ustep: 1 
iter: 3  mgc: 3.963496e-14 
outer mgc:  0.1544537 
iter: 1  value: 2443.946 mgc: 0.04718215 ustep: 1 
iter: 2  value: 2443.946 mgc: 9.93265e-06 ustep: 1 
iter: 3  mgc: 9.469092e-13 
outer mgc:  0.04974758 
iter: 1  value: 2443.948 mgc: 0.04716421 ustep: 1 
iter: 2  value: 2443.948 mgc: 9.942468e-06 ustep: 1 
iter: 3  mgc: 9.550138e-13 
outer mgc:  0.04961711 
iter: 1  value: 2443.947 mgc: 0.02389587 ustep: 1 
iter: 2  value: 2443.947 mgc: 3.481678e-06 ustep: 1 
iter: 3  mgc: 1.183498e-13 
outer mgc:  0.231065 
iter: 1  value: 2443.948 mgc: 0.02388748 ustep: 1 
iter: 2  value: 2443.948 mgc: 3.482427e-06 ustep: 1 
iter: 3  mgc: 1.314504e-13 
outer mgc:  0.2309307 
iter: 1  value: 2443.946 mgc: 0.00331085 ustep: 1 
iter: 2  value: 2443.946 mgc: 5.848122e-07 ustep: 1 
iter: 3  mgc: 4.13003e-14 
outer mgc:  0.04958472 
iter: 1  value: 2443.949 mgc: 0.003306886 ustep: 1 
iter: 2  value: 2443.949 mgc: 5.832283e-07 ustep: 1 
iter: 3  mgc: 3.197442e-14 
outer mgc:  0.0494922 
iter: 1  value: 2443.945 mgc: 0.004696101 ustep: 1 
iter: 2  value: 2443.945 mgc: 6.430124e-07 ustep: 1 
iter: 3  mgc: 2.675637e-14 
outer mgc:  0.03004619 
iter: 1  value: 2443.949 mgc: 0.004692257 ustep: 1 
iter: 2  value: 2443.949 mgc: 6.424007e-07 ustep: 1 
iter: 3  mgc: 3.463896e-14 
outer mgc:  0.02964029 
iter: 1  value: 2443.945 mgc: 0.003650106 ustep: 1 
iter: 2  value: 2443.945 mgc: 5.056705e-07 ustep: 1 
iter: 3  mgc: 3.153033e-14 
outer mgc:  0.03978503 
iter: 1  value: 2443.949 mgc: 0.003647667 ustep: 1 
iter: 2  value: 2443.949 mgc: 5.049777e-07 ustep: 1 
iter: 3  mgc: 3.164136e-14 
outer mgc:  0.03956076 
iter: 1  value: 2443.944 mgc: 0.002412549 ustep: 1 
iter: 2  value: 2443.944 mgc: 5.941863e-07 ustep: 1 
iter: 3  mgc: 5.195844e-14 
outer mgc:  0.03611969 
iter: 1  value: 2443.95 mgc: 0.002409487 ustep: 1 
iter: 2  value: 2443.95 mgc: 5.92938e-07 ustep: 1 
iter: 3  mgc: 5.262457e-14 
outer mgc:  0.03561295 
iter: 1  value: 2443.947 mgc: 0.002058121 ustep: 1 
iter: 2  value: 2443.947 mgc: 2.960591e-07 ustep: 1 
iter: 3  mgc: 3.352874e-14 
outer mgc:  0.04125418 
iter: 1  value: 2443.947 mgc: 0.002057144 ustep: 1 
iter: 2  value: 2443.947 mgc: 2.955924e-07 ustep: 1 
iter: 3  mgc: 2.642331e-14 
outer mgc:  0.04160189 
iter: 1  value: 2443.947 mgc: 0.003346379 ustep: 1 
iter: 2  value: 2443.947 mgc: 2.243772e-07 ustep: 1 
iter: 3  mgc: 3.264056e-14 
outer mgc:  0.04022486 
iter: 1  value: 2443.948 mgc: 0.003345209 ustep: 1 
iter: 2  value: 2443.948 mgc: 2.249257e-07 ustep: 1 
iter: 3  mgc: 2.420286e-14 
outer mgc:  0.04025001 
iter: 1  value: 2443.944 mgc: 0.002650985 ustep: 1 
iter: 2  value: 2443.944 mgc: 3.035355e-07 ustep: 1 
iter: 3  mgc: 2.231548e-14 
outer mgc:  0.02716338 
iter: 1  value: 2443.951 mgc: 0.002648188 ustep: 1 
iter: 2  value: 2443.951 mgc: 3.032389e-07 ustep: 1 
iter: 3  mgc: 3.708145e-14 
outer mgc:  0.02685237 
iter: 1  value: 2443.946 mgc: 0.002774023 ustep: 1 
iter: 2  value: 2443.946 mgc: 3.55569e-07 ustep: 1 
iter: 3  mgc: 3.774758e-14 
outer mgc:  0.04035849 
iter: 1  value: 2443.948 mgc: 0.00277198 ustep: 1 
iter: 2  value: 2443.948 mgc: 3.53823e-07 ustep: 1 
iter: 3  mgc: 3.774758e-14 
outer mgc:  0.04073512 
iter: 1  value: 2443.946 mgc: 0.003539884 ustep: 1 
iter: 2  value: 2443.946 mgc: 3.572467e-07 ustep: 1 
iter: 3  mgc: 2.409184e-14 
outer mgc:  0.03872685 
iter: 1  value: 2443.948 mgc: 0.003536201 ustep: 1 
iter: 2  value: 2443.948 mgc: 3.569089e-07 ustep: 1 
iter: 3  mgc: 2.88658e-14 
outer mgc:  0.03869784 
iter: 1  value: 2443.946 mgc: 0.002087009 ustep: 1 
iter: 2  value: 2443.946 mgc: 3.153121e-07 ustep: 1 
iter: 3  mgc: 2.753353e-14 
outer mgc:  0.0408767 
iter: 1  value: 2443.948 mgc: 0.002087316 ustep: 1 
iter: 2  value: 2443.948 mgc: 3.14093e-07 ustep: 1 
iter: 3  mgc: 3.169687e-14 
outer mgc:  0.04011223 
iter: 1  value: 2443.951 mgc: 0.007855337 ustep: 1 
iter: 2  value: 2443.951 mgc: 1.533586e-06 ustep: 1 
iter: 3  mgc: 6.17284e-14 
outer mgc:  0.1499646 
iter: 1  value: 2443.943 mgc: 0.007874535 ustep: 1 
iter: 2  value: 2443.943 mgc: 1.539876e-06 ustep: 1 
iter: 3  mgc: 6.483702e-14 
outer mgc:  0.1499797 
iter: 1  value: 2443.954 mgc: 0.005201432 ustep: 1 
iter: 2  value: 2443.954 mgc: 2.052418e-06 ustep: 1 
iter: 3  mgc: 3.916867e-13 
outer mgc:  0.1004216 
iter: 1  value: 2443.941 mgc: 0.005213038 ustep: 1 
iter: 2  value: 2443.941 mgc: 2.056559e-06 ustep: 1 
iter: 3  mgc: 3.907985e-13 
outer mgc:  0.1005931 
iter: 1  value: 2443.953 mgc: 0.009985078 ustep: 1 
iter: 2  value: 2443.953 mgc: 2.096694e-06 ustep: 1 
iter: 3  mgc: 9.769963e-14 
outer mgc:  0.1436103 
iter: 1  value: 2443.941 mgc: 0.01000783 ustep: 1 
iter: 2  value: 2443.941 mgc: 2.103807e-06 ustep: 1 
iter: 3  mgc: 9.237056e-14 
outer mgc:  0.1434943 
iter: 1  value: 2443.956 mgc: 0.004112247 ustep: 1 
iter: 2  value: 2443.956 mgc: 2.384461e-06 ustep: 1 
iter: 3  mgc: 8.071321e-13 
outer mgc:  0.06876811 
iter: 1  value: 2443.938 mgc: 0.004121455 ustep: 1 
iter: 2  value: 2443.938 mgc: 2.391529e-06 ustep: 1 
iter: 3  mgc: 8.075762e-13 
outer mgc:  0.06849106 
iter: 1  value: 2443.954 mgc: 0.004950033 ustep: 1 
iter: 2  value: 2443.954 mgc: 2.166947e-06 ustep: 1 
iter: 3  mgc: 4.165557e-13 
outer mgc:  0.127453 
iter: 1  value: 2443.941 mgc: 0.004961063 ustep: 1 
iter: 2  value: 2443.941 mgc: 2.173503e-06 ustep: 1 
iter: 3  mgc: 4.201084e-13 
outer mgc:  0.1275334 
[Sun Aug 15 22:09:48 2021]
Finished job 0.
1 of 1 steps (100%) done
