Building DAG of jobs...
Using shell: /usr/bin/bash
Provided cores: 1 (use --cores to define parallelism)
Rules claiming more threads will be scaled down.
Job counts:
	count	jobs
	1	inference_simulation_TMB_multiple
	1

[Mon Aug 16 08:56:00 2021]
rule inference_simulation_TMB_multiple:
    input: ../data/assessing_models_simulation/datasets/multiple_GenerationJnorm2_100_100_80_4_0.005_NA_NA_NA_dataset1.RDS
    output: ../data/assessing_models_simulation/inference_results/TMB/nlminb/multiple_GenerationJnorm2_100_100_80_4_0.005_fullREM_NA_NA_NA_dataset1.RDS
    log: logs/inference/nlminb/simulation_GenerationJnorm2_100_100_80_4_0.005_ModelfullREM_NA_NA_NA_dataset1.log
    jobid: 0
    wildcards: optimiser=nlminb, datasetgeneration=GenerationJnorm2, n=100, nlambda=100, lmbda=80, d=4, beta_intensity=0.005, model=fullREM, fixed_beta_intercept=NA, fixed_beta_slope=NA, sdRE_input=NA, itnum=1

Rscript 2_inference_TMB/run_TMB.R --input ../data/assessing_models_simulation/datasets/multiple_GenerationJnorm2_100_100_80_4_0.005_NA_NA_NA_dataset1.RDS --output ../data/assessing_models_simulation/inference_results/TMB/nlminb/multiple_GenerationJnorm2_100_100_80_4_0.005_fullREM_NA_NA_NA_dataset1.RDS --model fullREM --optimiser nlminb
Model: fullREM 
Feature type: signatures 
Using nlminb: TRUE 
Simulation boolean: TRUE 
make: Nothing to be done for 'all'.
../data/assessing_models_simulation/datasets/multiple_GenerationJnorm2_100_100_80_4_0.005_NA_NA_NA_dataset1.RDS[1] "../data/assessing_models_simulation/datasets/multiple_GenerationJnorm2_100_100_80_4_0.005_NA_NA_NA_dataset1.RDS"
Reading file ../data/assessing_models_simulation/datasets/multiple_GenerationJnorm2_100_100_80_4_0.005_NA_NA_NA_dataset1.RDS 
Loading required package: nnet
# weights:  12 (6 variable)
initial  value 27638.550678 
iter  10 value 26372.299118
final  value 26372.241348 
converged
Order of parameters:
[1] "beta"       "u_large"    "logs_sd_RE" "cov_par_RE"
Not matching template order:
[1] "beta"       "u_large"    "cov_par_RE" "logs_sd_RE"
Your parameter list has been re-ordered.
(Disable this warning with checkParameterOrder=FALSE)
Constructing atomic invpd
Constructing atomic D_lgamma
Constructing atomic invpd
Constructing atomic D_lgamma
Constructing atomic matmul
Constructing atomic invpd
Constructing atomic D_lgamma
Constructing atomic matmul
Optimizing tape... Done
iter: 1  value: 7822.567 mgc: 96.40249 ustep: 1 
iter: 2  value: 4743.301 mgc: 60.115 ustep: 0.2494656 
iter: 3  value: 4016.125 mgc: 140.5659 ustep: 0.1588666 
iter: 4  value: 3254.589 mgc: 70.93709 ustep: 0.2245041 
iter: 5  value: 3074.163 mgc: 128.1231 ustep: 0.1482958 
iter: 6  value: 2445.644 mgc: 76.44176 ustep: 0.2158569 
iter: 7  value: 2363.391 mgc: 108.0874 ustep: 0.4646575 
iter: 8  value: 2332.75 mgc: 53.59021 ustep: 0.1332805 
iter: 9  value: 2254.698 mgc: 82.01613 ustep: 0.3651395 
iter: 10  value: 2250.422 mgc: 14.37274 ustep: 0.6043073 
iter: 11  value: 2250.359 mgc: 1.090356 ustep: 0.7773943 
iter: 12  value: 2250.359 mgc: 0.04771311 ustep: 0.8817115 
iter: 13  value: 2250.359 mgc: 0.0004967077 ustep: 0.939001 
iter: 14  value: 2250.359 mgc: 2.300709e-06 ustep: 0.9690238 
iter: 15  mgc: 5.454321e-09 
iter: 1  mgc: 5.454321e-09 
Matching hessian patterns... Done
outer mgc:  87.0189 
iter: 1  value: 2197.417 mgc: 34.51702 ustep: 1 
iter: 2  value: 2167.306 mgc: 6.308203 ustep: 1 
iter: 3  value: 2167.216 mgc: 0.426861 ustep: 1 
iter: 4  value: 2167.216 mgc: 0.004282931 ustep: 1 
iter: 5  value: 2167.216 mgc: 4.978896e-07 ustep: 1 
iter: 6  mgc: 3.530509e-14 
iter: 1  mgc: 3.530509e-14 
outer mgc:  134.4785 
iter: 1  value: 2143.046 mgc: 22.10839 ustep: 1 
iter: 2  value: 2132.978 mgc: 3.702245 ustep: 1 
iter: 3  value: 2132.971 mgc: 0.1026114 ustep: 1 
iter: 4  value: 2132.971 mgc: 0.000172602 ustep: 1 
iter: 5  mgc: 8.580833e-10 
iter: 1  mgc: 8.580833e-10 
outer mgc:  275.2345 
iter: 1  value: 1981.192 mgc: 20.11907 ustep: 1 
iter: 2  value: 1973.226 mgc: 3.112739 ustep: 1 
iter: 3  value: 1973.219 mgc: 0.1079393 ustep: 1 
iter: 4  value: 1973.219 mgc: 0.0002578129 ustep: 1 
iter: 5  mgc: 2.163981e-09 
iter: 1  mgc: 2.163981e-09 
outer mgc:  105.3767 
iter: 1  value: 2123.592 mgc: 26.40847 ustep: 1 
iter: 2  value: 2122.719 mgc: 1.282208 ustep: 1 
iter: 3  value: 2122.719 mgc: 0.01467751 ustep: 1 
iter: 4  value: 2122.719 mgc: 1.064633e-06 ustep: 1 
iter: 5  mgc: 2.4869e-14 
iter: 1  value: 1954.574 mgc: 8.851738 ustep: 1 
iter: 2  value: 1954.545 mgc: 0.2409999 ustep: 1 
iter: 3  value: 1954.545 mgc: 0.0004752761 ustep: 1 
iter: 4  mgc: 1.930534e-09 
iter: 1  mgc: 1.930534e-09 
outer mgc:  64.76539 
iter: 1  value: 1939.27 mgc: 5.595466 ustep: 1 
iter: 2  value: 1939.24 mgc: 0.1512184 ustep: 1 
iter: 3  value: 1939.24 mgc: 0.0003314796 ustep: 1 
iter: 4  mgc: 1.878775e-09 
iter: 1  mgc: 1.878775e-09 
outer mgc:  84.13269 
iter: 1  value: 1926.427 mgc: 5.140643 ustep: 1 
iter: 2  value: 1926.424 mgc: 0.06523754 ustep: 1 
iter: 3  value: 1926.424 mgc: 4.85267e-05 ustep: 1 
iter: 4  mgc: 2.1672e-11 
iter: 1  mgc: 2.1672e-11 
outer mgc:  85.2769 
iter: 1  value: 1913.472 mgc: 8.143508 ustep: 1 
iter: 2  value: 1913.402 mgc: 0.3132414 ustep: 1 
iter: 3  value: 1913.402 mgc: 0.0006381545 ustep: 1 
iter: 4  mgc: 4.248696e-09 
iter: 1  mgc: 4.248696e-09 
outer mgc:  69.43899 
iter: 1  value: 1901.917 mgc: 9.588083 ustep: 1 
iter: 2  value: 1901.835 mgc: 0.4121275 ustep: 1 
iter: 3  value: 1901.835 mgc: 0.0009017255 ustep: 1 
iter: 4  mgc: 7.762758e-09 
iter: 1  mgc: 7.762758e-09 
outer mgc:  72.29933 
iter: 1  value: 1888.361 mgc: 6.426758 ustep: 1 
iter: 2  value: 1888.353 mgc: 0.1302741 ustep: 1 
iter: 3  value: 1888.353 mgc: 8.18435e-05 ustep: 1 
iter: 4  mgc: 1.022622e-10 
iter: 1  mgc: 1.022622e-10 
outer mgc:  48.05668 
iter: 1  value: 1877.737 mgc: 5.445076 ustep: 1 
iter: 2  value: 1877.72 mgc: 0.1322496 ustep: 1 
iter: 3  value: 1877.72 mgc: 0.000151771 ustep: 1 
iter: 4  mgc: 3.203562e-10 
iter: 1  mgc: 3.203562e-10 
outer mgc:  62.1431 
iter: 1  value: 1867.868 mgc: 3.186682 ustep: 1 
iter: 2  value: 1867.867 mgc: 0.02934707 ustep: 1 
iter: 3  value: 1867.867 mgc: 7.079788e-06 ustep: 1 
iter: 4  mgc: 2.597922e-13 
iter: 1  mgc: 2.597922e-13 
outer mgc:  49.00889 
iter: 1  value: 1864.184 mgc: 4.563557 ustep: 1 
iter: 2  value: 1864.182 mgc: 0.08390653 ustep: 1 
iter: 3  value: 1864.182 mgc: 7.116226e-05 ustep: 1 
iter: 4  mgc: 5.696865e-11 
iter: 1  mgc: 5.696865e-11 
outer mgc:  71.06479 
iter: 1  value: 1860.455 mgc: 4.537859 ustep: 1 
iter: 2  value: 1860.453 mgc: 0.04638657 ustep: 1 
iter: 3  value: 1860.453 mgc: 2.034545e-05 ustep: 1 
iter: 4  mgc: 6.806111e-12 
iter: 1  mgc: 6.806111e-12 
outer mgc:  42.62715 
iter: 1  value: 1858.41 mgc: 3.937742 ustep: 1 
iter: 2  value: 1858.41 mgc: 0.03411238 ustep: 1 
iter: 3  value: 1858.41 mgc: 4.800643e-06 ustep: 1 
iter: 4  mgc: 1.998401e-13 
iter: 1  mgc: 1.998401e-13 
outer mgc:  21.89258 
iter: 1  value: 1858.752 mgc: 2.593473 ustep: 1 
iter: 2  value: 1858.752 mgc: 0.01921937 ustep: 1 
iter: 3  value: 1858.752 mgc: 2.08835e-06 ustep: 1 
iter: 4  mgc: 4.085621e-14 
iter: 1  mgc: 4.085621e-14 
outer mgc:  23.9532 
iter: 1  value: 1858.486 mgc: 2.067075 ustep: 1 
iter: 2  value: 1858.486 mgc: 0.01138305 ustep: 1 
iter: 3  value: 1858.486 mgc: 8.178704e-07 ustep: 1 
iter: 4  mgc: 2.753353e-14 
iter: 1  mgc: 2.753353e-14 
outer mgc:  28.19899 
iter: 1  value: 1857.792 mgc: 0.8149507 ustep: 1 
iter: 2  value: 1857.791 mgc: 0.003930939 ustep: 1 
iter: 3  value: 1857.791 mgc: 1.545109e-07 ustep: 1 
iter: 4  mgc: 2.148282e-14 
iter: 1  mgc: 2.148282e-14 
outer mgc:  14.09631 
iter: 1  value: 1857.31 mgc: 2.771645 ustep: 1 
iter: 2  value: 1857.31 mgc: 0.02693535 ustep: 1 
iter: 3  value: 1857.31 mgc: 4.745827e-06 ustep: 1 
iter: 4  mgc: 2.535749e-13 
iter: 1  mgc: 2.535749e-13 
outer mgc:  4.740737 
iter: 1  value: 1858.19 mgc: 1.250026 ustep: 1 
iter: 2  value: 1858.19 mgc: 0.006089707 ustep: 1 
iter: 3  value: 1858.19 mgc: 5.512151e-07 ustep: 1 
iter: 4  mgc: 3.108624e-14 
iter: 1  value: 1857.558 mgc: 0.9031952 ustep: 1 
iter: 2  value: 1857.558 mgc: 0.002701719 ustep: 1 
iter: 3  value: 1857.558 mgc: 7.550428e-08 ustep: 1 
mgc: 3.641532e-14 
iter: 1  mgc: 3.641532e-14 
outer mgc:  5.858707 
iter: 1  value: 1857.915 mgc: 0.4891553 ustep: 1 
iter: 2  value: 1857.915 mgc: 0.0006920054 ustep: 1 
iter: 3  mgc: 2.120069e-09 
iter: 1  mgc: 2.120069e-09 
outer mgc:  4.906585 
iter: 1  value: 1858.309 mgc: 0.6001434 ustep: 1 
iter: 2  value: 1858.309 mgc: 0.001386262 ustep: 1 
iter: 3  value: 1858.309 mgc: 1.297953e-08 ustep: 1 
mgc: 2.703393e-14 
iter: 1  mgc: 2.703393e-14 
outer mgc:  5.833573 
iter: 1  value: 1858.428 mgc: 0.4243448 ustep: 1 
iter: 2  value: 1858.428 mgc: 0.0006545335 ustep: 1 
iter: 3  mgc: 5.313341e-09 
iter: 1  mgc: 5.313341e-09 
outer mgc:  2.740282 
iter: 1  value: 1858.439 mgc: 0.2802287 ustep: 1 
iter: 2  value: 1858.439 mgc: 0.0003730943 ustep: 1 
iter: 3  mgc: 2.002407e-09 
iter: 1  value: 1858.423 mgc: 0.1180779 ustep: 1 
iter: 2  value: 1858.423 mgc: 6.461731e-05 ustep: 1 
iter: 3  mgc: 4.953105e-11 
iter: 1  mgc: 4.953105e-11 
outer mgc:  4.187737 
iter: 1  value: 1858.397 mgc: 0.2301421 ustep: 1 
iter: 2  value: 1858.397 mgc: 0.0001300787 ustep: 1 
iter: 3  mgc: 8.512746e-11 
iter: 1  mgc: 8.512746e-11 
outer mgc:  1.540393 
iter: 1  value: 1858.432 mgc: 0.1581022 ustep: 1 
iter: 2  value: 1858.432 mgc: 8.532607e-05 ustep: 1 
iter: 3  mgc: 4.476064e-11 
iter: 1  mgc: 4.476064e-11 
outer mgc:  1.236939 
iter: 1  value: 1858.533 mgc: 0.1251953 ustep: 1 
iter: 2  value: 1858.533 mgc: 4.026403e-05 ustep: 1 
iter: 3  mgc: 9.894197e-12 
iter: 1  mgc: 9.894197e-12 
outer mgc:  0.8350975 
iter: 1  value: 1858.667 mgc: 0.1259715 ustep: 1 
iter: 2  value: 1858.667 mgc: 4.399709e-05 ustep: 1 
iter: 3  mgc: 1.396927e-11 
iter: 1  mgc: 1.396927e-11 
outer mgc:  1.446616 
iter: 1  value: 1858.704 mgc: 0.08489815 ustep: 1 
iter: 2  value: 1858.704 mgc: 2.475843e-05 ustep: 1 
iter: 3  mgc: 7.574386e-12 
iter: 1  mgc: 7.574386e-12 
outer mgc:  0.615923 
iter: 1  value: 1858.749 mgc: 0.1323228 ustep: 1 
iter: 2  value: 1858.749 mgc: 6.923405e-05 ustep: 1 
iter: 3  mgc: 2.63134e-11 
iter: 1  mgc: 2.63134e-11 
outer mgc:  1.368503 
iter: 1  value: 1858.763 mgc: 0.108202 ustep: 1 
iter: 2  value: 1858.763 mgc: 3.054458e-05 ustep: 1 
iter: 3  mgc: 4.53948e-12 
iter: 1  mgc: 4.53948e-12 
outer mgc:  1.427243 
iter: 1  value: 1858.78 mgc: 0.1400134 ustep: 1 
iter: 2  value: 1858.78 mgc: 6.393092e-05 ustep: 1 
iter: 3  mgc: 3.412159e-11 
iter: 1  value: 1858.769 mgc: 0.07960307 ustep: 1 
iter: 2  value: 1858.769 mgc: 2.06628e-05 ustep: 1 
iter: 3  mgc: 3.061995e-12 
iter: 1  mgc: 3.061995e-12 
outer mgc:  0.7348764 
iter: 1  value: 1858.779 mgc: 0.04609036 ustep: 1 
iter: 2  value: 1858.779 mgc: 6.771455e-06 ustep: 1 
iter: 3  mgc: 2.184919e-13 
iter: 1  mgc: 2.184919e-13 
outer mgc:  0.5001307 
iter: 1  value: 1858.789 mgc: 0.04061232 ustep: 1 
iter: 2  value: 1858.789 mgc: 3.748005e-06 ustep: 1 
iter: 3  mgc: 1.030287e-13 
iter: 1  mgc: 1.030287e-13 
outer mgc:  0.4794907 
iter: 1  value: 1858.813 mgc: 0.03764129 ustep: 1 
iter: 2  value: 1858.813 mgc: 3.611389e-06 ustep: 1 
iter: 3  mgc: 9.237056e-14 
iter: 1  mgc: 9.237056e-14 
outer mgc:  0.4514623 
iter: 1  value: 1858.837 mgc: 0.03220175 ustep: 1 
iter: 2  value: 1858.837 mgc: 3.709777e-06 ustep: 1 
iter: 3  mgc: 1.030287e-13 
iter: 1  mgc: 1.030287e-13 
outer mgc:  0.4185565 
iter: 1  value: 1858.852 mgc: 0.04508987 ustep: 1 
iter: 2  value: 1858.852 mgc: 7.676812e-06 ustep: 1 
iter: 3  mgc: 2.966516e-13 
iter: 1  mgc: 2.966516e-13 
outer mgc:  0.3909504 
iter: 1  value: 1858.913 mgc: 0.05242774 ustep: 1 
iter: 2  value: 1858.913 mgc: 7.611521e-06 ustep: 1 
iter: 3  mgc: 5.902639e-13 
iter: 1  mgc: 5.902639e-13 
outer mgc:  0.6076179 
iter: 1  value: 1858.989 mgc: 0.09689699 ustep: 1 
iter: 2  value: 1858.989 mgc: 3.106391e-05 ustep: 1 
iter: 3  mgc: 7.871037e-12 
iter: 1  value: 1858.941 mgc: 0.05962145 ustep: 1 
iter: 2  value: 1858.941 mgc: 1.250863e-05 ustep: 1 
iter: 3  mgc: 9.232615e-13 
iter: 1  mgc: 9.232615e-13 
outer mgc:  0.923788 
iter: 1  value: 1858.944 mgc: 0.04902811 ustep: 1 
iter: 2  value: 1858.944 mgc: 8.460619e-06 ustep: 1 
iter: 3  mgc: 6.736833e-13 
iter: 1  mgc: 6.736833e-13 
outer mgc:  0.2754106 
iter: 1  value: 1858.977 mgc: 0.03963581 ustep: 1 
iter: 2  value: 1858.977 mgc: 1.017731e-05 ustep: 1 
iter: 3  mgc: 1.245226e-12 
iter: 1  mgc: 1.245226e-12 
outer mgc:  0.7263025 
iter: 1  value: 1858.993 mgc: 0.04778742 ustep: 1 
iter: 2  value: 1858.993 mgc: 7.529921e-06 ustep: 1 
iter: 3  mgc: 8.80962e-13 
iter: 1  mgc: 8.80962e-13 
outer mgc:  0.4223024 
iter: 1  value: 1859.033 mgc: 0.03267665 ustep: 1 
iter: 2  value: 1859.033 mgc: 5.767908e-06 ustep: 1 
iter: 3  mgc: 4.423129e-13 
iter: 1  mgc: 4.423129e-13 
outer mgc:  0.377179 
iter: 1  value: 1859.071 mgc: 0.01979528 ustep: 1 
iter: 2  value: 1859.071 mgc: 3.534709e-06 ustep: 1 
iter: 3  mgc: 7.727152e-14 
iter: 1  mgc: 7.727152e-14 
outer mgc:  0.2932711 
iter: 1  value: 1859.154 mgc: 0.08145706 ustep: 1 
iter: 2  value: 1859.154 mgc: 1.849249e-05 ustep: 1 
iter: 3  mgc: 2.745359e-12 
iter: 1  value: 1859.1 mgc: 0.05410102 ustep: 1 
iter: 2  value: 1859.1 mgc: 8.4237e-06 ustep: 1 
iter: 3  mgc: 2.713385e-13 
iter: 1  value: 1859.075 mgc: 0.03404476 ustep: 1 
iter: 2  value: 1859.075 mgc: 2.723502e-06 ustep: 1 
iter: 3  mgc: 3.641532e-14 
iter: 1  mgc: 3.641532e-14 
outer mgc:  0.3222882 
iter: 1  value: 1859.081 mgc: 0.02485291 ustep: 1 
iter: 2  value: 1859.081 mgc: 1.603354e-06 ustep: 1 
iter: 3  mgc: 3.796963e-14 
iter: 1  mgc: 3.796963e-14 
outer mgc:  0.1094985 
iter: 1  value: 1859.092 mgc: 0.01918648 ustep: 1 
iter: 2  value: 1859.092 mgc: 8.29659e-07 ustep: 1 
iter: 3  mgc: 3.175238e-14 
iter: 1  mgc: 3.175238e-14 
outer mgc:  0.2193145 
iter: 1  value: 1859.099 mgc: 0.02246584 ustep: 1 
iter: 2  value: 1859.099 mgc: 2.034711e-06 ustep: 1 
iter: 3  mgc: 3.597123e-14 
iter: 1  mgc: 3.597123e-14 
outer mgc:  0.1401728 
iter: 1  value: 1859.151 mgc: 0.02693547 ustep: 1 
iter: 2  value: 1859.151 mgc: 5.938812e-06 ustep: 1 
iter: 3  mgc: 5.160317e-13 
iter: 1  mgc: 5.160317e-13 
outer mgc:  0.2326473 
iter: 1  value: 1859.151 mgc: 0.02971485 ustep: 1 
iter: 2  value: 1859.151 mgc: 2.645522e-06 ustep: 1 
iter: 3  mgc: 3.153033e-14 
iter: 1  mgc: 3.153033e-14 
outer mgc:  0.1161899 
iter: 1  value: 1859.17 mgc: 0.02713797 ustep: 1 
iter: 2  value: 1859.17 mgc: 3.794625e-06 ustep: 1 
iter: 3  mgc: 1.678657e-13 
iter: 1  value: 1859.153 mgc: 0.01375191 ustep: 1 
iter: 2  value: 1859.153 mgc: 4.784387e-07 ustep: 1 
iter: 3  mgc: 2.442491e-14 
iter: 1  mgc: 2.442491e-14 
outer mgc:  0.09443984 
iter: 1  value: 1859.14 mgc: 0.007258718 ustep: 1 
iter: 2  value: 1859.14 mgc: 4.43154e-07 ustep: 1 
iter: 3  mgc: 4.485301e-14 
iter: 1  mgc: 4.485301e-14 
outer mgc:  0.09056659 
iter: 1  value: 1859.142 mgc: 0.007519538 ustep: 1 
iter: 2  value: 1859.142 mgc: 1.890553e-07 ustep: 1 
iter: 3  mgc: 3.552714e-14 
iter: 1  mgc: 3.552714e-14 
outer mgc:  0.03311573 
iter: 1  value: 1859.144 mgc: 0.01205266 ustep: 1 
iter: 2  value: 1859.144 mgc: 5.977032e-07 ustep: 1 
iter: 3  mgc: 2.398082e-14 
iter: 1  value: 1859.143 mgc: 0.004785921 ustep: 1 
iter: 2  value: 1859.143 mgc: 9.425411e-08 ustep: 1 
iter: 3  mgc: 2.053913e-14 
iter: 1  mgc: 2.053913e-14 
outer mgc:  0.02699592 
iter: 1  value: 1859.14 mgc: 0.003565528 ustep: 1 
iter: 2  value: 1859.14 mgc: 4.167648e-08 ustep: 1 
mgc: 2.409184e-14 
iter: 1  value: 1859.143 mgc: 0.002218059 ustep: 1 
iter: 2  value: 1859.143 mgc: 1.634475e-08 ustep: 1 
mgc: 4.418688e-14 
iter: 1  mgc: 4.418688e-14 
outer mgc:  0.03295627 
iter: 1  value: 1859.143 mgc: 0.002014548 ustep: 1 
iter: 2  value: 1859.143 mgc: 1.552368e-08 ustep: 1 
mgc: 3.197442e-14 
iter: 1  mgc: 3.197442e-14 
outer mgc:  0.007833605 
iter: 1  value: 1859.144 mgc: 0.001454661 ustep: 1 
iter: 2  mgc: 5.949076e-09 
iter: 1  mgc: 5.949076e-09 
outer mgc:  0.005254109 
iter: 1  value: 1859.143 mgc: 0.001889972 ustep: 1 
iter: 2  value: 1859.143 mgc: 1.205118e-08 ustep: 1 
mgc: 3.885781e-14 
iter: 1  mgc: 3.885781e-14 
outer mgc:  0.01517039 
iter: 1  value: 1859.144 mgc: 0.0008942027 ustep: 1 
iter: 2  mgc: 4.647224e-09 
iter: 1  mgc: 4.647224e-09 
outer mgc:  0.006876457 
iter: 1  value: 1859.143 mgc: 0.001104076 ustep: 1 
iter: 2  mgc: 3.618717e-09 
iter: 1  value: 1859.144 mgc: 0.000406771 ustep: 1 
iter: 2  mgc: 1.127876e-09 
iter: 1  mgc: 1.127876e-09 
outer mgc:  0.002356902 
iter: 1  value: 1859.144 mgc: 0.0007571214 ustep: 1 
iter: 2  mgc: 2.206574e-09 
iter: 1  mgc: 1.127876e-09 
iter: 1  mgc: 1.127876e-09 
outer mgc:  0.002356902 
iter: 1  value: 1859.145 mgc: 0.04749447 ustep: 1 
iter: 2  value: 1859.145 mgc: 7.203471e-06 ustep: 1 
iter: 3  mgc: 2.282619e-13 
outer mgc:  0.685066 
iter: 1  value: 1859.143 mgc: 0.04748049 ustep: 1 
iter: 2  value: 1859.143 mgc: 7.211738e-06 ustep: 1 
iter: 3  mgc: 2.322587e-13 
outer mgc:  0.6837847 
iter: 1  value: 1859.145 mgc: 0.02456375 ustep: 1 
iter: 2  value: 1859.145 mgc: 2.012396e-06 ustep: 1 
iter: 3  mgc: 4.751755e-14 
outer mgc:  0.89859 
iter: 1  value: 1859.144 mgc: 0.02455255 ustep: 1 
iter: 2  value: 1859.144 mgc: 2.012792e-06 ustep: 1 
iter: 3  mgc: 3.508305e-14 
outer mgc:  0.8987151 
iter: 1  value: 1859.144 mgc: 0.0565494 ustep: 1 
iter: 2  value: 1859.144 mgc: 9.928996e-06 ustep: 1 
iter: 3  mgc: 6.634693e-13 
outer mgc:  0.2675886 
iter: 1  value: 1859.144 mgc: 0.05654046 ustep: 1 
iter: 2  value: 1859.144 mgc: 9.939496e-06 ustep: 1 
iter: 3  mgc: 6.674661e-13 
outer mgc:  0.2704919 
iter: 1  value: 1859.144 mgc: 0.03088555 ustep: 1 
iter: 2  value: 1859.144 mgc: 2.667256e-06 ustep: 1 
iter: 3  mgc: 5.728751e-14 
outer mgc:  1.117298 
iter: 1  value: 1859.144 mgc: 0.03088045 ustep: 1 
iter: 2  value: 1859.144 mgc: 2.667237e-06 ustep: 1 
iter: 3  mgc: 5.950795e-14 
outer mgc:  1.11481 
iter: 1  value: 1859.142 mgc: 0.04676636 ustep: 1 
iter: 2  value: 1859.142 mgc: 7.758746e-06 ustep: 1 
iter: 3  mgc: 2.930989e-13 
outer mgc:  0.5515511 
iter: 1  value: 1859.146 mgc: 0.04674489 ustep: 1 
iter: 2  value: 1859.146 mgc: 7.768227e-06 ustep: 1 
iter: 3  mgc: 2.962075e-13 
outer mgc:  0.5517915 
iter: 1  value: 1859.143 mgc: 0.02442198 ustep: 1 
iter: 2  value: 1859.143 mgc: 2.115922e-06 ustep: 1 
iter: 3  mgc: 2.875478e-14 
outer mgc:  0.7285824 
iter: 1  value: 1859.145 mgc: 0.02441073 ustep: 1 
iter: 2  value: 1859.145 mgc: 2.116328e-06 ustep: 1 
iter: 3  mgc: 3.819167e-14 
outer mgc:  0.7276898 
iter: 1  value: 1859.146 mgc: 0.004621181 ustep: 1 
iter: 2  value: 1859.146 mgc: 2.050409e-07 ustep: 1 
iter: 3  mgc: 2.442491e-14 
outer mgc:  0.08000412 
iter: 1  value: 1859.141 mgc: 0.004620251 ustep: 1 
iter: 2  value: 1859.141 mgc: 2.053415e-07 ustep: 1 
iter: 3  mgc: 2.620126e-14 
outer mgc:  0.08064668 
iter: 1  value: 1859.125 mgc: 0.007997795 ustep: 1 
iter: 2  value: 1859.125 mgc: 3.497943e-07 ustep: 1 
iter: 3  mgc: 2.664535e-14 
outer mgc:  0.02098587 
iter: 1  value: 1859.163 mgc: 0.007992833 ustep: 1 
iter: 2  value: 1859.163 mgc: 3.497826e-07 ustep: 1 
iter: 3  mgc: 4.174439e-14 
outer mgc:  0.01982571 
iter: 1  value: 1859.145 mgc: 0.007522025 ustep: 1 
iter: 2  value: 1859.145 mgc: 3.522457e-07 ustep: 1 
iter: 3  mgc: 5.151435e-14 
outer mgc:  0.05818535 
iter: 1  value: 1859.143 mgc: 0.007521169 ustep: 1 
iter: 2  value: 1859.143 mgc: 3.522253e-07 ustep: 1 
iter: 3  mgc: 2.953193e-14 
outer mgc:  0.05733048 
iter: 1  value: 1859.169 mgc: 0.02087691 ustep: 1 
iter: 2  value: 1859.169 mgc: 2.482253e-06 ustep: 1 
iter: 3  mgc: 8.704149e-14 
outer mgc:  0.2393844 
iter: 1  value: 1859.119 mgc: 0.02092757 ustep: 1 
iter: 2  value: 1859.119 mgc: 2.488432e-06 ustep: 1 
iter: 3  mgc: 8.260059e-14 
outer mgc:  0.2373675 
iter: 1  value: 1859.153 mgc: 0.008788358 ustep: 1 
iter: 2  value: 1859.153 mgc: 1.117054e-06 ustep: 1 
iter: 3  mgc: 2.597922e-14 
outer mgc:  0.1635214 
iter: 1  value: 1859.134 mgc: 0.008805953 ustep: 1 
iter: 2  value: 1859.134 mgc: 1.120436e-06 ustep: 1 
iter: 3  mgc: 3.641532e-14 
outer mgc:  0.1623077 
iter: 1  value: 1859.169 mgc: 0.01968651 ustep: 1 
iter: 2  value: 1859.169 mgc: 2.028019e-06 ustep: 1 
iter: 3  mgc: 8.126833e-14 
outer mgc:  0.2384293 
iter: 1  value: 1859.119 mgc: 0.01973202 ustep: 1 
iter: 2  value: 1859.119 mgc: 2.031523e-06 ustep: 1 
iter: 3  mgc: 7.993606e-14 
outer mgc:  0.2433578 
[Mon Aug 16 08:56:02 2021]
Finished job 0.
1 of 1 steps (100%) done
