Building DAG of jobs...
Using shell: /usr/bin/bash
Provided cores: 1 (use --cores to define parallelism)
Rules claiming more threads will be scaled down.
Job counts:
	count	jobs
	1	inference_simulation_TMB_multiple
	1

[Sat Aug 14 21:17:57 2021]
rule inference_simulation_TMB_multiple:
    input: ../data/assessing_models_simulation/datasets/multiple_GenerationJnorm2_50_100_80_7_0.4_NA_NA_NA_dataset1.RDS
    output: ../data/assessing_models_simulation/inference_results/TMB/nlminb/multiple_GenerationJnorm2_50_100_80_7_0.4_fullREDMsinglelambda_NA_NA_NA_dataset1.RDS
    log: logs/inference/nlminb/simulation_GenerationJnorm2_50_100_80_7_0.4_ModelfullREDMsinglelambda_NA_NA_NA_dataset1.log
    jobid: 0
    wildcards: optimiser=nlminb, datasetgeneration=GenerationJnorm2, n=50, nlambda=100, lmbda=80, d=7, beta_intensity=0.4, model=fullREDMsinglelambda, fixed_beta_intercept=NA, fixed_beta_slope=NA, sdRE_input=NA, itnum=1

Rscript 2_inference_TMB/run_TMB.R --input ../data/assessing_models_simulation/datasets/multiple_GenerationJnorm2_50_100_80_7_0.4_NA_NA_NA_dataset1.RDS --output ../data/assessing_models_simulation/inference_results/TMB/nlminb/multiple_GenerationJnorm2_50_100_80_7_0.4_fullREDMsinglelambda_NA_NA_NA_dataset1.RDS --model fullREDMsinglelambda --optimiser nlminb
Model: fullREDMsinglelambda 
Feature type: signatures 
Using nlminb: TRUE 
Simulation boolean: TRUE 
make: Nothing to be done for 'all'.
../data/assessing_models_simulation/datasets/multiple_GenerationJnorm2_50_100_80_7_0.4_NA_NA_NA_dataset1.RDS[1] "../data/assessing_models_simulation/datasets/multiple_GenerationJnorm2_50_100_80_7_0.4_NA_NA_NA_dataset1.RDS"
Reading file ../data/assessing_models_simulation/datasets/multiple_GenerationJnorm2_50_100_80_7_0.4_NA_NA_NA_dataset1.RDS 
Loading required package: nnet
# weights:  21 (12 variable)
initial  value 19151.647687 
iter  10 value 17934.145496
final  value 17727.708018 
converged
Order of parameters:
[1] "beta"       "u_large"    "logs_sd_RE" "cov_par_RE" "log_lambda"
Not matching template order:
[1] "beta"       "logs_sd_RE" "cov_par_RE" "log_lambda" "u_large"   
Your parameter list has been re-ordered.
(Disable this warning with checkParameterOrder=FALSE)
Constructing atomic invpd
Constructing atomic D_lgamma
Constructing atomic invpd
Constructing atomic D_lgamma
Constructing atomic matmul
Constructing atomic invpd
Constructing atomic D_lgamma
Constructing atomic matmul
Optimizing tape... Done
iter: 1  value: 17955.33 mgc: 4.950997 ustep: 0.989901 
iter: 2  value: 17833.16 mgc: 2.238879 ustep: 0.9949382 
iter: 3  value: 17828.85 mgc: 0.598321 ustep: 0.9974661 
iter: 4  value: 17828.81 mgc: 0.06388505 ustep: 0.9987324 
iter: 5  value: 17828.81 mgc: 0.0005253051 ustep: 0.9993661 
iter: 6  value: 17828.81 mgc: 5.918276e-07 ustep: 0.999683 
iter: 7  mgc: 5.268982e-10 
iter: 1  mgc: 5.268982e-10 
Matching hessian patterns... Done
outer mgc:  281.8404 
iter: 1  value: 17532.54 mgc: 2.486587 ustep: 1 
iter: 2  value: 17532.02 mgc: 0.8896428 ustep: 1 
iter: 3  value: 17532.02 mgc: 0.0562557 ustep: 1 
iter: 4  value: 17532.02 mgc: 0.0003057746 ustep: 1 
iter: 5  mgc: 9.339081e-09 
iter: 1  value: 17159.95 mgc: 8.249585 ustep: 1 
iter: 2  value: 17158.22 mgc: 3.5212 ustep: 1 
iter: 3  value: 17158.22 mgc: 0.1036737 ustep: 1 
iter: 4  value: 17158.22 mgc: 0.0002614447 ustep: 1 
iter: 5  mgc: 5.109078e-09 
iter: 1  mgc: 5.109078e-09 
outer mgc:  65.51446 
iter: 1  value: 18261.83 mgc: 30.39147 ustep: 1 
iter: 2  value: 17535.86 mgc: 43.58308 ustep: 0.09525645 
iter: 3  value: 17414.05 mgc: 24.99745 ustep: 0.1604592 
iter: 4  value: 17398.68 mgc: 17.76417 ustep: 0.4006335 
iter: 5  value: 17384.6 mgc: 20.31223 ustep: 0.159696 
iter: 6  value: 17293.52 mgc: 27.50333 ustep: 0.1907135 
iter: 7  value: 17289.09 mgc: 6.399904 ustep: 0.4367639 
iter: 8  value: 17288.17 mgc: 0.4940125 ustep: 0.660915 
iter: 9  value: 17288.08 mgc: 0.08977612 ustep: 0.8129855 
iter: 10  value: 17288.08 mgc: 0.01670874 ustep: 0.9016669 
iter: 11  value: 17288.08 mgc: 0.001661678 ustep: 0.9495665 
iter: 12  value: 17288.08 mgc: 0.0001024301 ustep: 0.9744596 
iter: 13  value: 17288.08 mgc: 3.25365e-06 ustep: 0.9871485 
iter: 14  value: 17288.08 mgc: 5.157745e-08 ustep: 0.9935541 
iter: 15  mgc: 4.095746e-10 
iter: 1  value: 17075.97 mgc: 10.42466 ustep: 1 
iter: 2  value: 17074.67 mgc: 1.058943 ustep: 1 
iter: 3  value: 17074.67 mgc: 0.05567738 ustep: 1 
iter: 4  value: 17074.67 mgc: 0.0001851744 ustep: 1 
iter: 5  mgc: 2.053605e-09 
iter: 1  mgc: 2.053605e-09 
outer mgc:  48.21727 
iter: 1  value: 17029.12 mgc: 13.65912 ustep: 1 
iter: 2  value: 17025.95 mgc: 2.892573 ustep: 1 
iter: 3  value: 17025.94 mgc: 0.1770173 ustep: 1 
iter: 4  value: 17025.94 mgc: 0.0008927235 ustep: 1 
iter: 5  value: 17025.94 mgc: 2.252242e-08 ustep: 1 
mgc: 4.13003e-14 
iter: 1  mgc: 4.13003e-14 
outer mgc:  79.22438 
iter: 1  value: 16960.59 mgc: 15.78244 ustep: 1 
iter: 2  value: 16958.65 mgc: 1.58537 ustep: 1 
iter: 3  value: 16958.65 mgc: 0.06466024 ustep: 1 
iter: 4  value: 16958.65 mgc: 0.0001523682 ustep: 1 
iter: 5  mgc: 8.552075e-10 
iter: 1  mgc: 8.552075e-10 
outer mgc:  38.73654 
iter: 1  value: 16916.61 mgc: 7.594226 ustep: 1 
iter: 2  value: 16915.99 mgc: 1.116969 ustep: 1 
iter: 3  value: 16915.99 mgc: 0.02585732 ustep: 1 
iter: 4  value: 16915.99 mgc: 2.223925e-05 ustep: 1 
iter: 5  mgc: 1.810641e-11 
iter: 1  mgc: 1.810641e-11 
outer mgc:  44.48297 
iter: 1  value: 16920.77 mgc: 14.35366 ustep: 1 
iter: 2  value: 16918.17 mgc: 2.706108 ustep: 1 
iter: 3  value: 16918.16 mgc: 0.1171784 ustep: 1 
iter: 4  value: 16918.16 mgc: 0.0004984054 ustep: 1 
iter: 5  mgc: 9.417024e-09 
iter: 1  value: 16904.11 mgc: 6.486053 ustep: 1 
iter: 2  value: 16904.04 mgc: 0.3170335 ustep: 1 
iter: 3  value: 16904.04 mgc: 0.002291546 ustep: 1 
iter: 4  value: 16904.04 mgc: 1.717879e-07 ustep: 1 
iter: 5  mgc: 3.319567e-14 
iter: 1  mgc: 3.319567e-14 
outer mgc:  31.42462 
iter: 1  value: 16887.16 mgc: 4.85415 ustep: 1 
iter: 2  value: 16887.07 mgc: 0.4206082 ustep: 1 
iter: 3  value: 16887.07 mgc: 0.002964476 ustep: 1 
iter: 4  value: 16887.07 mgc: 1.461049e-07 ustep: 1 
iter: 5  mgc: 4.72955e-14 
iter: 1  mgc: 4.72955e-14 
outer mgc:  25.93582 
iter: 1  value: 16874.13 mgc: 4.742649 ustep: 1 
iter: 2  value: 16874.12 mgc: 0.1619901 ustep: 1 
iter: 3  value: 16874.12 mgc: 0.0003821583 ustep: 1 
iter: 4  mgc: 4.670249e-10 
iter: 1  mgc: 4.670249e-10 
outer mgc:  12.57893 
iter: 1  value: 16862.27 mgc: 3.753206 ustep: 1 
iter: 2  value: 16862.27 mgc: 0.09063507 ustep: 1 
iter: 3  value: 16862.27 mgc: 0.0001940356 ustep: 1 
iter: 4  mgc: 1.382001e-09 
iter: 1  mgc: 1.382001e-09 
outer mgc:  15.27433 
iter: 1  value: 16856.95 mgc: 6.077509 ustep: 1 
iter: 2  value: 16856.89 mgc: 0.2395392 ustep: 1 
iter: 3  value: 16856.89 mgc: 0.001044213 ustep: 1 
iter: 4  value: 16856.89 mgc: 2.110606e-08 ustep: 1 
mgc: 4.973799e-14 
iter: 1  value: 16858.51 mgc: 3.475552 ustep: 1 
iter: 2  value: 16858.51 mgc: 0.05937739 ustep: 1 
iter: 3  value: 16858.51 mgc: 5.223699e-05 ustep: 1 
iter: 4  mgc: 2.444622e-11 
iter: 1  mgc: 2.444622e-11 
outer mgc:  17.17432 
iter: 1  value: 16854.07 mgc: 2.413592 ustep: 1 
iter: 2  value: 16854.07 mgc: 0.04469806 ustep: 1 
iter: 3  value: 16854.07 mgc: 3.757538e-05 ustep: 1 
iter: 4  mgc: 3.244888e-11 
iter: 1  mgc: 3.244888e-11 
outer mgc:  13.28391 
iter: 1  value: 16850.05 mgc: 2.385048 ustep: 1 
iter: 2  value: 16850.05 mgc: 0.03165768 ustep: 1 
iter: 3  value: 16850.05 mgc: 1.53368e-05 ustep: 1 
iter: 4  mgc: 1.721179e-12 
iter: 1  mgc: 1.721179e-12 
outer mgc:  12.79787 
iter: 1  value: 16845.11 mgc: 2.336275 ustep: 1 
iter: 2  value: 16845.11 mgc: 0.05488147 ustep: 1 
iter: 3  value: 16845.11 mgc: 3.620778e-05 ustep: 1 
iter: 4  mgc: 2.015665e-11 
iter: 1  mgc: 2.015665e-11 
outer mgc:  16.38076 
iter: 1  value: 16842.34 mgc: 1.891956 ustep: 1 
iter: 2  value: 16842.34 mgc: 0.02979302 ustep: 1 
iter: 3  value: 16842.34 mgc: 1.251325e-05 ustep: 1 
iter: 4  mgc: 3.401723e-12 
iter: 1  mgc: 3.401723e-12 
outer mgc:  9.456495 
iter: 1  value: 16837.94 mgc: 1.258784 ustep: 1 
iter: 2  value: 16837.94 mgc: 0.01700045 ustep: 1 
iter: 3  value: 16837.94 mgc: 5.965073e-06 ustep: 1 
iter: 4  mgc: 7.644996e-13 
iter: 1  mgc: 7.644996e-13 
outer mgc:  7.561526 
iter: 1  value: 16834.08 mgc: 1.606293 ustep: 1 
iter: 2  value: 16834.08 mgc: 0.02460909 ustep: 1 
iter: 3  value: 16834.08 mgc: 9.592484e-06 ustep: 1 
iter: 4  mgc: 1.457057e-12 
iter: 1  mgc: 1.457057e-12 
outer mgc:  9.212695 
iter: 1  value: 16831.3 mgc: 1.943317 ustep: 1 
iter: 2  value: 16831.3 mgc: 0.03829791 ustep: 1 
iter: 3  value: 16831.3 mgc: 1.905613e-05 ustep: 1 
iter: 4  mgc: 4.161449e-12 
iter: 1  mgc: 4.161449e-12 
outer mgc:  13.28086 
iter: 1  value: 16828.62 mgc: 2.461674 ustep: 1 
iter: 2  value: 16828.62 mgc: 0.03247123 ustep: 1 
iter: 3  value: 16828.62 mgc: 1.247217e-05 ustep: 1 
iter: 4  mgc: 1.439515e-12 
iter: 1  mgc: 1.439515e-12 
outer mgc:  11.6745 
iter: 1  value: 16826.03 mgc: 1.722098 ustep: 1 
iter: 2  value: 16826.03 mgc: 0.02238402 ustep: 1 
iter: 3  value: 16826.03 mgc: 8.737441e-06 ustep: 1 
iter: 4  mgc: 2.946088e-12 
iter: 1  mgc: 2.946088e-12 
outer mgc:  10.88807 
iter: 1  value: 16823.73 mgc: 1.162368 ustep: 1 
iter: 2  value: 16823.73 mgc: 0.01130134 ustep: 1 
iter: 3  value: 16823.73 mgc: 2.320505e-06 ustep: 1 
iter: 4  mgc: 1.211253e-13 
iter: 1  mgc: 1.211253e-13 
outer mgc:  14.41714 
iter: 1  value: 16820.66 mgc: 1.891609 ustep: 1 
iter: 2  value: 16820.66 mgc: 0.02556148 ustep: 1 
iter: 3  value: 16820.66 mgc: 8.426794e-06 ustep: 1 
iter: 4  mgc: 1.535327e-12 
iter: 1  mgc: 1.535327e-12 
outer mgc:  10.85067 
iter: 1  value: 16818.31 mgc: 1.967162 ustep: 1 
iter: 2  value: 16818.31 mgc: 0.02995919 ustep: 1 
iter: 3  value: 16818.31 mgc: 1.113339e-05 ustep: 1 
iter: 4  mgc: 9.36029e-13 
iter: 1  mgc: 9.36029e-13 
outer mgc:  6.295613 
iter: 1  value: 16815.5 mgc: 0.9820813 ustep: 1 
iter: 2  value: 16815.5 mgc: 0.01123599 ustep: 1 
iter: 3  value: 16815.5 mgc: 2.407982e-06 ustep: 1 
iter: 4  mgc: 1.203482e-13 
iter: 1  mgc: 1.203482e-13 
outer mgc:  6.536498 
iter: 1  value: 16812.93 mgc: 1.51417 ustep: 1 
iter: 2  value: 16812.93 mgc: 0.02222808 ustep: 1 
iter: 3  value: 16812.93 mgc: 1.078862e-05 ustep: 1 
iter: 4  mgc: 2.665868e-12 
iter: 1  mgc: 2.665868e-12 
outer mgc:  11.64023 
iter: 1  value: 16810.69 mgc: 1.479591 ustep: 1 
iter: 2  value: 16810.69 mgc: 0.02196272 ustep: 1 
iter: 3  value: 16810.69 mgc: 9.857248e-06 ustep: 1 
iter: 4  mgc: 2.179645e-12 
iter: 1  mgc: 2.179645e-12 
outer mgc:  4.05287 
iter: 1  value: 16808.13 mgc: 2.303338 ustep: 1 
iter: 2  value: 16808.12 mgc: 0.02459192 ustep: 1 
iter: 3  value: 16808.12 mgc: 7.405547e-06 ustep: 1 
iter: 4  mgc: 9.781065e-13 
iter: 1  mgc: 9.781065e-13 
outer mgc:  14.15184 
iter: 1  value: 16806.76 mgc: 2.09909 ustep: 1 
iter: 2  value: 16806.75 mgc: 0.03408317 ustep: 1 
iter: 3  value: 16806.75 mgc: 1.480745e-05 ustep: 1 
iter: 4  mgc: 2.729927e-12 
iter: 1  mgc: 2.729927e-12 
outer mgc:  9.830266 
iter: 1  value: 16806.05 mgc: 0.9313494 ustep: 1 
iter: 2  value: 16806.05 mgc: 0.008516082 ustep: 1 
iter: 3  value: 16806.05 mgc: 1.000692e-06 ustep: 1 
iter: 4  mgc: 4.796163e-14 
iter: 1  mgc: 4.796163e-14 
outer mgc:  3.191515 
iter: 1  value: 16804.29 mgc: 0.6761432 ustep: 1 
iter: 2  value: 16804.29 mgc: 0.002367894 ustep: 1 
iter: 3  value: 16804.29 mgc: 8.193379e-08 ustep: 1 
iter: 4  mgc: 4.408973e-14 
iter: 1  mgc: 4.408973e-14 
outer mgc:  3.785986 
iter: 1  value: 16803.08 mgc: 0.5172013 ustep: 1 
iter: 2  value: 16803.08 mgc: 0.001751778 ustep: 1 
iter: 3  value: 16803.08 mgc: 3.545004e-08 ustep: 1 
mgc: 3.996803e-14 
iter: 1  mgc: 3.996803e-14 
outer mgc:  2.023045 
iter: 1  value: 16801.62 mgc: 0.6663282 ustep: 1 
iter: 2  value: 16801.62 mgc: 0.002486689 ustep: 1 
iter: 3  value: 16801.62 mgc: 5.245066e-08 ustep: 1 
iter: 4  mgc: 5.062617e-14 
iter: 1  mgc: 5.062617e-14 
outer mgc:  2.449073 
iter: 1  value: 16799.91 mgc: 0.5568295 ustep: 1 
iter: 2  value: 16799.91 mgc: 0.002622302 ustep: 1 
iter: 3  value: 16799.91 mgc: 1.499429e-07 ustep: 1 
iter: 4  mgc: 4.585221e-14 
iter: 1  mgc: 4.585221e-14 
outer mgc:  2.289207 
iter: 1  value: 16798.27 mgc: 0.5750992 ustep: 1 
iter: 2  value: 16798.27 mgc: 0.005632141 ustep: 1 
iter: 3  value: 16798.27 mgc: 5.901272e-07 ustep: 1 
iter: 4  mgc: 4.396483e-14 
iter: 1  mgc: 4.396483e-14 
outer mgc:  5.240365 
iter: 1  value: 16797.19 mgc: 0.6737134 ustep: 1 
iter: 2  value: 16797.19 mgc: 0.005732665 ustep: 1 
iter: 3  value: 16797.19 mgc: 5.335046e-07 ustep: 1 
iter: 4  mgc: 6.039613e-14 
iter: 1  mgc: 6.039613e-14 
outer mgc:  3.150194 
iter: 1  value: 16796 mgc: 0.855667 ustep: 1 
iter: 2  value: 16796 mgc: 0.006806931 ustep: 1 
iter: 3  value: 16796 mgc: 8.528882e-07 ustep: 1 
iter: 4  mgc: 6.528111e-14 
iter: 1  mgc: 6.528111e-14 
outer mgc:  4.658772 
iter: 1  value: 16794.64 mgc: 0.8884841 ustep: 1 
iter: 2  value: 16794.64 mgc: 0.007233071 ustep: 1 
iter: 3  value: 16794.64 mgc: 8.088831e-07 ustep: 1 
iter: 4  mgc: 4.22995e-14 
iter: 1  mgc: 4.22995e-14 
outer mgc:  3.304687 
iter: 1  value: 16793.66 mgc: 1.147321 ustep: 1 
iter: 2  value: 16793.66 mgc: 0.003162367 ustep: 1 
iter: 3  value: 16793.66 mgc: 1.964907e-07 ustep: 1 
iter: 4  mgc: 6.128431e-14 
iter: 1  mgc: 6.128431e-14 
outer mgc:  2.426555 
iter: 1  value: 16792.59 mgc: 0.6861244 ustep: 1 
iter: 2  value: 16792.59 mgc: 0.00186213 ustep: 1 
iter: 3  value: 16792.59 mgc: 1.706734e-07 ustep: 1 
iter: 4  mgc: 4.041212e-14 
iter: 1  value: 16793.34 mgc: 0.4408958 ustep: 1 
iter: 2  value: 16793.34 mgc: 0.0004941644 ustep: 1 
iter: 3  mgc: 5.5832e-09 
iter: 1  mgc: 5.5832e-09 
outer mgc:  4.025632 
iter: 1  value: 16792.56 mgc: 0.4928244 ustep: 1 
iter: 2  value: 16792.56 mgc: 0.0009186991 ustep: 1 
iter: 3  value: 16792.56 mgc: 1.302859e-08 ustep: 1 
mgc: 3.530509e-14 
iter: 1  mgc: 3.530509e-14 
outer mgc:  2.307773 
iter: 1  value: 16791.85 mgc: 0.3613716 ustep: 1 
iter: 2  value: 16791.85 mgc: 0.0006454172 ustep: 1 
iter: 3  mgc: 6.486878e-09 
iter: 1  mgc: 6.486878e-09 
outer mgc:  0.9490644 
iter: 1  value: 16791.07 mgc: 0.3951804 ustep: 1 
iter: 2  value: 16791.07 mgc: 0.0004625769 ustep: 1 
iter: 3  mgc: 3.267118e-09 
iter: 1  mgc: 3.267118e-09 
outer mgc:  0.6333148 
iter: 1  value: 16790.05 mgc: 0.2801788 ustep: 1 
iter: 2  value: 16790.05 mgc: 0.0004179188 ustep: 1 
iter: 3  mgc: 6.252431e-09 
iter: 1  mgc: 6.252431e-09 
outer mgc:  1.540678 
iter: 1  value: 16789.25 mgc: 0.4295025 ustep: 1 
iter: 2  value: 16789.25 mgc: 0.001631489 ustep: 1 
iter: 3  value: 16789.25 mgc: 3.041421e-08 ustep: 1 
mgc: 7.149836e-14 
iter: 1  mgc: 7.149836e-14 
outer mgc:  2.122567 
iter: 1  value: 16788.31 mgc: 0.3420328 ustep: 1 
iter: 2  value: 16788.31 mgc: 0.001547103 ustep: 1 
iter: 3  value: 16788.31 mgc: 4.34203e-08 ustep: 1 
mgc: 4.241052e-14 
iter: 1  mgc: 4.241052e-14 
outer mgc:  0.9520829 
iter: 1  value: 16787.76 mgc: 0.2909626 ustep: 1 
iter: 2  value: 16787.76 mgc: 0.0004129674 ustep: 1 
iter: 3  mgc: 3.621417e-09 
iter: 1  mgc: 3.621417e-09 
outer mgc:  1.899321 
iter: 1  value: 16787.38 mgc: 0.2348329 ustep: 1 
iter: 2  value: 16787.38 mgc: 0.000688902 ustep: 1 
iter: 3  value: 16787.38 mgc: 1.04911e-08 ustep: 1 
mgc: 4.796163e-14 
iter: 1  mgc: 4.796163e-14 
outer mgc:  1.165676 
iter: 1  value: 16786.6 mgc: 0.3137616 ustep: 1 
iter: 2  value: 16786.6 mgc: 0.0005011172 ustep: 1 
iter: 3  mgc: 5.602215e-09 
iter: 1  mgc: 5.602215e-09 
outer mgc:  1.031545 
iter: 1  value: 16785.43 mgc: 0.5342043 ustep: 1 
iter: 2  value: 16785.43 mgc: 0.0005590358 ustep: 1 
iter: 3  mgc: 5.365754e-09 
iter: 1  mgc: 5.365754e-09 
outer mgc:  0.9632312 
iter: 1  value: 16784.35 mgc: 0.3102762 ustep: 1 
iter: 2  value: 16784.35 mgc: 0.0003833517 ustep: 1 
iter: 3  mgc: 3.128986e-09 
iter: 1  mgc: 3.128986e-09 
outer mgc:  0.8450286 
iter: 1  value: 16783.78 mgc: 0.5724392 ustep: 1 
iter: 2  value: 16783.78 mgc: 0.0005253094 ustep: 1 
iter: 3  mgc: 3.083946e-09 
iter: 1  mgc: 3.083946e-09 
outer mgc:  0.8715331 
iter: 1  value: 16783.16 mgc: 0.2420342 ustep: 1 
iter: 2  value: 16783.16 mgc: 0.0004792928 ustep: 1 
iter: 3  mgc: 5.717479e-09 
iter: 1  mgc: 5.717479e-09 
outer mgc:  0.7743777 
iter: 1  value: 16782.6 mgc: 0.4607729 ustep: 1 
iter: 2  value: 16782.6 mgc: 0.0004949887 ustep: 1 
iter: 3  mgc: 5.980397e-09 
iter: 1  mgc: 5.980397e-09 
outer mgc:  0.776258 
iter: 1  value: 16781.56 mgc: 0.3071263 ustep: 1 
iter: 2  value: 16781.56 mgc: 0.0003144571 ustep: 1 
iter: 3  mgc: 1.872801e-09 
iter: 1  mgc: 1.872801e-09 
outer mgc:  0.7149656 
iter: 1  value: 16780.81 mgc: 0.2681069 ustep: 1 
iter: 2  value: 16780.81 mgc: 0.0002430359 ustep: 1 
iter: 3  mgc: 1.043454e-09 
iter: 1  mgc: 1.043454e-09 
outer mgc:  0.7529031 
iter: 1  value: 16780.14 mgc: 0.5560259 ustep: 1 
iter: 2  value: 16780.14 mgc: 0.0005438566 ustep: 1 
iter: 3  mgc: 4.858539e-09 
iter: 1  mgc: 4.858539e-09 
outer mgc:  0.9004052 
iter: 1  value: 16779.14 mgc: 0.1368108 ustep: 1 
iter: 2  value: 16779.14 mgc: 0.0002212089 ustep: 1 
iter: 3  mgc: 7.039826e-10 
iter: 1  mgc: 7.039826e-10 
outer mgc:  0.6669771 
iter: 1  value: 16778.49 mgc: 0.4822534 ustep: 1 
iter: 2  value: 16778.49 mgc: 0.0004545353 ustep: 1 
iter: 3  mgc: 2.101582e-09 
iter: 1  mgc: 2.101582e-09 
outer mgc:  0.6233084 
iter: 1  value: 16778 mgc: 0.1862124 ustep: 1 
iter: 2  value: 16778 mgc: 0.0002312283 ustep: 1 
iter: 3  mgc: 6.31533e-10 
iter: 1  mgc: 6.31533e-10 
outer mgc:  0.6930666 
iter: 1  value: 16777.4 mgc: 0.3152271 ustep: 1 
iter: 2  value: 16777.4 mgc: 0.0002188926 ustep: 1 
iter: 3  mgc: 8.166868e-10 
iter: 1  mgc: 8.166868e-10 
outer mgc:  0.2761617 
iter: 1  value: 16776.6 mgc: 0.1482709 ustep: 1 
iter: 2  value: 16776.6 mgc: 4.429013e-05 ustep: 1 
iter: 3  mgc: 5.810671e-11 
iter: 1  value: 16775.63 mgc: 0.2064382 ustep: 1 
iter: 2  value: 16775.63 mgc: 8.337291e-05 ustep: 1 
iter: 3  mgc: 2.155574e-10 
iter: 1  mgc: 2.155574e-10 
outer mgc:  0.4993854 
iter: 1  value: 16774.09 mgc: 0.2828697 ustep: 1 
iter: 2  value: 16774.09 mgc: 0.0001582258 ustep: 1 
iter: 3  mgc: 3.157632e-10 
iter: 1  mgc: 3.157632e-10 
outer mgc:  0.4934704 
iter: 1  value: 16772.65 mgc: 0.288537 ustep: 1 
iter: 2  value: 16772.65 mgc: 0.000512819 ustep: 1 
iter: 3  mgc: 4.218232e-09 
iter: 1  mgc: 4.218232e-09 
outer mgc:  1.006917 
iter: 1  value: 16771.2 mgc: 0.371888 ustep: 1 
iter: 2  value: 16771.2 mgc: 0.0002232407 ustep: 1 
iter: 3  mgc: 1.373623e-09 
iter: 1  mgc: 1.373623e-09 
outer mgc:  1.163676 
iter: 1  value: 16769.57 mgc: 0.4566598 ustep: 1 
iter: 2  value: 16769.57 mgc: 0.0004158696 ustep: 1 
iter: 3  mgc: 4.604434e-09 
iter: 1  mgc: 4.604434e-09 
outer mgc:  0.4238433 
iter: 1  value: 16768.2 mgc: 0.2159265 ustep: 1 
iter: 2  value: 16768.2 mgc: 0.0003516762 ustep: 1 
iter: 3  mgc: 4.089893e-09 
iter: 1  mgc: 4.089893e-09 
outer mgc:  0.7091951 
iter: 1  value: 16767.38 mgc: 0.6973265 ustep: 1 
iter: 2  value: 16767.38 mgc: 0.0002678894 ustep: 1 
iter: 3  mgc: 9.938699e-10 
iter: 1  mgc: 9.938699e-10 
outer mgc:  0.6062788 
iter: 1  value: 16766.23 mgc: 0.2858192 ustep: 1 
iter: 2  value: 16766.23 mgc: 0.0001712109 ustep: 1 
iter: 3  mgc: 1.278243e-09 
iter: 1  mgc: 1.278243e-09 
outer mgc:  0.296903 
iter: 1  value: 16764.75 mgc: 0.5370303 ustep: 1 
iter: 2  value: 16764.75 mgc: 0.0001032181 ustep: 1 
iter: 3  mgc: 1.060207e-10 
iter: 1  mgc: 1.060207e-10 
outer mgc:  0.2452649 
iter: 1  value: 16763.48 mgc: 0.4007644 ustep: 1 
iter: 2  value: 16763.48 mgc: 6.146489e-05 ustep: 1 
iter: 3  mgc: 8.36029e-11 
iter: 1  mgc: 8.36029e-11 
outer mgc:  0.5362993 
iter: 1  value: 16762.32 mgc: 0.2245052 ustep: 1 
iter: 2  value: 16762.32 mgc: 3.601283e-05 ustep: 1 
iter: 3  mgc: 1.686873e-11 
iter: 1  value: 16761.09 mgc: 0.2319242 ustep: 1 
iter: 2  value: 16761.09 mgc: 2.50011e-05 ustep: 1 
iter: 3  mgc: 1.824074e-11 
iter: 1  value: 16758.52 mgc: 0.5169151 ustep: 1 
iter: 2  value: 16758.52 mgc: 0.000110763 ustep: 1 
iter: 3  mgc: 3.637892e-10 
iter: 1  mgc: 3.637892e-10 
outer mgc:  0.4463219 
iter: 1  value: 16753.82 mgc: 1.545081 ustep: 1 
iter: 2  value: 16753.82 mgc: 0.001507051 ustep: 1 
iter: 3  value: 16753.82 mgc: 6.027858e-08 ustep: 1 
mgc: 5.77316e-14 
iter: 1  mgc: 5.77316e-14 
outer mgc:  0.8692523 
iter: 1  value: 16749.6 mgc: 1.287408 ustep: 1 
iter: 2  value: 16749.6 mgc: 0.0006344029 ustep: 1 
iter: 3  value: 16749.6 mgc: 1.046251e-08 ustep: 1 
mgc: 5.151435e-14 
iter: 1  mgc: 5.151435e-14 
outer mgc:  0.4694565 
iter: 1  value: 16747.14 mgc: 1.468056 ustep: 1 
iter: 2  value: 16747.14 mgc: 0.0005109843 ustep: 1 
iter: 3  value: 16747.14 mgc: 1.038816e-08 ustep: 1 
mgc: 3.985701e-14 
iter: 1  mgc: 3.985701e-14 
outer mgc:  0.6122824 
iter: 1  value: 16743.17 mgc: 0.9299428 ustep: 1 
iter: 2  value: 16743.17 mgc: 0.0003308065 ustep: 1 
iter: 3  mgc: 1.453768e-09 
iter: 1  mgc: 1.453768e-09 
outer mgc:  0.8676959 
iter: 1  value: 16738.85 mgc: 1.1341 ustep: 1 
iter: 2  value: 16738.85 mgc: 0.000251768 ustep: 1 
iter: 3  mgc: 2.431927e-09 
iter: 1  mgc: 2.431927e-09 
outer mgc:  0.5398922 
iter: 1  value: 16735.46 mgc: 1.800553 ustep: 1 
iter: 2  value: 16735.46 mgc: 0.0003114224 ustep: 1 
iter: 3  mgc: 2.368155e-09 
iter: 1  mgc: 2.368155e-09 
outer mgc:  0.8266329 
iter: 1  value: 16733.12 mgc: 0.8845101 ustep: 1 
iter: 2  value: 16733.12 mgc: 0.0004132542 ustep: 1 
iter: 3  mgc: 7.895753e-09 
iter: 1  value: 16734.44 mgc: 0.4048804 ustep: 1 
iter: 2  value: 16734.44 mgc: 0.0001330083 ustep: 1 
iter: 3  mgc: 4.383152e-10 
iter: 1  mgc: 4.383152e-10 
outer mgc:  0.3469991 
iter: 1  value: 16733.39 mgc: 1.511987 ustep: 1 
iter: 2  value: 16733.39 mgc: 0.0002555661 ustep: 1 
iter: 3  mgc: 1.534694e-09 
iter: 1  mgc: 1.534694e-09 
outer mgc:  0.4951486 
iter: 1  value: 16732.19 mgc: 0.3664538 ustep: 1 
iter: 2  value: 16732.19 mgc: 5.738644e-05 ustep: 1 
iter: 3  mgc: 7.693624e-11 
iter: 1  mgc: 7.693624e-11 
outer mgc:  0.2434493 
iter: 1  value: 16731.12 mgc: 0.5544848 ustep: 1 
iter: 2  value: 16731.12 mgc: 5.521458e-05 ustep: 1 
iter: 3  mgc: 4.986411e-11 
iter: 1  mgc: 4.986411e-11 
outer mgc:  0.2005163 
iter: 1  value: 16729.88 mgc: 0.6815046 ustep: 1 
iter: 2  value: 16729.88 mgc: 2.245554e-05 ustep: 1 
iter: 3  mgc: 1.535239e-11 
iter: 1  mgc: 1.535239e-11 
outer mgc:  0.1572792 
iter: 1  value: 16728.85 mgc: 0.3980435 ustep: 1 
iter: 2  value: 16728.85 mgc: 4.035516e-06 ustep: 1 
iter: 3  mgc: 4.427569e-13 
iter: 1  value: 16726.47 mgc: 0.9889527 ustep: 1 
iter: 2  value: 16726.47 mgc: 2.763086e-05 ustep: 1 
iter: 3  mgc: 2.396483e-11 
iter: 1  mgc: 2.396483e-11 
outer mgc:  0.2774456 
iter: 1  value: 16722.79 mgc: 1.262946 ustep: 1 
iter: 2  value: 16722.79 mgc: 2.180552e-05 ustep: 1 
iter: 3  mgc: 7.685297e-12 
iter: 1  value: 16718.37 mgc: 1.741089 ustep: 1 
iter: 2  value: 16718.37 mgc: 2.681319e-05 ustep: 1 
iter: 3  mgc: 1.697698e-11 
iter: 1  mgc: 1.697698e-11 
outer mgc:  0.4671497 
iter: 1  value: 16711.42 mgc: 2.15102 ustep: 1 
iter: 2  value: 16711.42 mgc: 7.819558e-05 ustep: 1 
iter: 3  mgc: 1.88956e-10 
iter: 1  mgc: 1.88956e-10 
outer mgc:  0.4160833 
iter: 1  value: 16705.58 mgc: 5.546349 ustep: 1 
iter: 2  value: 16705.58 mgc: 0.0002112743 ustep: 1 
iter: 3  mgc: 7.232064e-10 
iter: 1  mgc: 7.232064e-10 
outer mgc:  0.4423483 
iter: 1  value: 16700.27 mgc: 2.490334 ustep: 1 
iter: 2  value: 16700.27 mgc: 0.0001449496 ustep: 1 
iter: 3  mgc: 4.983104e-10 
iter: 1  mgc: 4.983104e-10 
outer mgc:  0.3542609 
iter: 1  value: 16695.84 mgc: 10.49494 ustep: 1 
iter: 2  value: 16695.84 mgc: 0.0001527745 ustep: 1 
iter: 3  mgc: 5.855245e-10 
iter: 1  mgc: 5.855245e-10 
outer mgc:  0.321084 
iter: 1  value: 16691.06 mgc: 6.706957 ustep: 1 
iter: 2  value: 16691.06 mgc: 0.0001598732 ustep: 1 
iter: 3  mgc: 6.308043e-10 
iter: 1  value: 16693.42 mgc: 3.045978 ustep: 1 
iter: 2  value: 16693.42 mgc: 3.946085e-05 ustep: 1 
iter: 3  mgc: 3.818235e-11 
iter: 1  mgc: 3.818235e-11 
outer mgc:  0.1457232 
iter: 1  value: 16691.31 mgc: 1.925035 ustep: 1 
iter: 2  value: 16691.31 mgc: 2.286549e-05 ustep: 1 
iter: 3  mgc: 1.673262e-11 
iter: 1  mgc: 1.673262e-11 
outer mgc:  0.1343205 
iter: 1  value: 16689.15 mgc: 4.7882 ustep: 1 
iter: 2  value: 16689.15 mgc: 1.100214e-05 ustep: 1 
iter: 3  mgc: 1.147971e-12 
iter: 1  mgc: 1.147971e-12 
outer mgc:  0.08886393 
iter: 1  value: 16687.21 mgc: 0.7830179 ustep: 1 
iter: 2  value: 16687.21 mgc: 3.21844e-06 ustep: 1 
iter: 3  mgc: 5.162537e-13 
iter: 1  value: 16684.99 mgc: 0.9695618 ustep: 1 
iter: 2  value: 16684.99 mgc: 4.293497e-06 ustep: 1 
iter: 3  mgc: 9.087175e-13 
iter: 1  mgc: 9.087175e-13 
outer mgc:  0.1572399 
iter: 1  value: 16681.04 mgc: 4.083306 ustep: 1 
iter: 2  value: 16681.04 mgc: 9.488761e-06 ustep: 1 
iter: 3  mgc: 1.1946e-12 
iter: 1  value: 16676.7 mgc: 5.697735 ustep: 1 
iter: 2  value: 16676.7 mgc: 1.351606e-05 ustep: 1 
iter: 3  mgc: 2.974065e-12 
iter: 1  mgc: 2.974065e-12 
outer mgc:  0.1252088 
iter: 1  value: 16669.75 mgc: 3.299955 ustep: 1 
iter: 2  value: 16669.75 mgc: 7.834044e-06 ustep: 1 
iter: 3  mgc: 2.946532e-12 
iter: 1  mgc: 2.946532e-12 
outer mgc:  0.1589217 
iter: 1  value: 16663.75 mgc: 17.53067 ustep: 1 
iter: 2  value: 16663.75 mgc: 2.392655e-05 ustep: 1 
iter: 3  mgc: 1.155476e-11 
iter: 1  mgc: 1.155476e-11 
outer mgc:  0.1524378 
iter: 1  value: 16658.3 mgc: 4.681899 ustep: 1 
iter: 2  value: 16658.3 mgc: 9.90602e-06 ustep: 1 
iter: 3  mgc: 2.047917e-12 
iter: 1  mgc: 2.047917e-12 
outer mgc:  0.1096277 
iter: 1  value: 16653.34 mgc: 2.923394 ustep: 1 
iter: 2  value: 16653.34 mgc: 1.985677e-06 ustep: 1 
iter: 3  mgc: 1.858291e-12 
iter: 1  mgc: 1.858291e-12 
outer mgc:  0.04806345 
iter: 1  value: 16643.49 mgc: 7.305547 ustep: 1 
iter: 2  value: 16643.49 mgc: 2.629525e-06 ustep: 1 
iter: 3  mgc: 2.545131e-12 
iter: 1  mgc: 2.545131e-12 
outer mgc:  0.0551246 
iter: 1  value: 16635.21 mgc: 5.788443 ustep: 1 
iter: 2  value: 16635.21 mgc: 1.514896e-06 ustep: 1 
iter: 3  mgc: 3.149259e-12 
iter: 1  mgc: 3.149259e-12 
outer mgc:  0.03576818 
iter: 1  value: 16628.17 mgc: 4.019161 ustep: 1 
iter: 2  value: 16628.17 mgc: 9.603126e-07 ustep: 1 
iter: 3  mgc: 4.177589e-12 
iter: 1  mgc: 4.177589e-12 
outer mgc:  0.02604167 
iter: 1  value: 16621.99 mgc: 6.557381 ustep: 1 
iter: 2  value: 16621.99 mgc: 2.428512e-07 ustep: 1 
iter: 3  mgc: 4.660272e-12 
iter: 1  mgc: 4.660272e-12 
outer mgc:  0.01343685 
iter: 1  value: 16610.15 mgc: 9.075685 ustep: 1 
iter: 2  value: 16610.15 mgc: 5.989099e-07 ustep: 1 
iter: 3  mgc: 1.044853e-11 
iter: 1  mgc: 1.044853e-11 
outer mgc:  0.02572973 
iter: 1  value: 16600.56 mgc: 28.78061 ustep: 1 
iter: 2  value: 16600.56 mgc: 9.238563e-07 ustep: 1 
iter: 3  mgc: 1.943956e-11 
iter: 1  mgc: 1.943956e-11 
outer mgc:  0.01406136 
iter: 1  value: 16592.52 mgc: 52.04376 ustep: 1 
iter: 2  value: 16592.52 mgc: 6.916022e-07 ustep: 1 
iter: 3  mgc: 1.362643e-11 
iter: 1  mgc: 1.362643e-11 
outer mgc:  0.01545009 
iter: 1  value: 16585.58 mgc: 22.22742 ustep: 1 
iter: 2  value: 16585.58 mgc: 9.087596e-08 ustep: 1 
iter: 3  mgc: 3.934442e-11 
iter: 1  mgc: 3.934442e-11 
outer mgc:  0.005523251 
iter: 1  value: 16579.51 mgc: 9.352151 ustep: 1 
iter: 2  value: 16579.51 mgc: 1.509103e-08 ustep: 1 
mgc: 2.630629e-11 
iter: 1  mgc: 2.630629e-11 
outer mgc:  0.004844647 
iter: 1  value: 16568.28 mgc: 13.35533 ustep: 1 
iter: 2  value: 16568.28 mgc: 2.727066e-08 ustep: 1 
mgc: 3.776199e-11 
iter: 1  mgc: 3.776199e-11 
outer mgc:  0.003417517 
iter: 1  value: 16559.27 mgc: 11.95494 ustep: 1 
iter: 2  value: 16559.27 mgc: 1.130685e-08 ustep: 1 
mgc: 1.107144e-10 
iter: 1  mgc: 1.107144e-10 
outer mgc:  0.002775509 
iter: 1  value: 16551.63 mgc: 10.41737 ustep: 1 
iter: 2  mgc: 9.484483e-09 
iter: 1  mgc: 9.484483e-09 
outer mgc:  0.002042243 
iter: 1  mgc: 9.484483e-09 
iter: 1  mgc: 9.484483e-09 
outer mgc:  0.002042243 
iter: 1  value: 16551.63 mgc: 0.01479039 ustep: 1 
iter: 2  value: 16551.63 mgc: 2.164211e-06 ustep: 1 
iter: 3  mgc: 1.256839e-10 
outer mgc:  0.1750052 
iter: 1  value: 16551.64 mgc: 0.01477533 ustep: 1 
iter: 2  value: 16551.64 mgc: 2.164487e-06 ustep: 1 
iter: 3  mgc: 1.444338e-10 
outer mgc:  0.1711324 
iter: 1  value: 16551.63 mgc: 0.007658855 ustep: 1 
iter: 2  value: 16551.63 mgc: 6.202184e-07 ustep: 1 
iter: 3  mgc: 7.568425e-11 
outer mgc:  0.1345412 
iter: 1  value: 16551.63 mgc: 0.007650472 ustep: 1 
iter: 2  value: 16551.63 mgc: 6.197176e-07 ustep: 1 
iter: 3  mgc: 1.299998e-10 
outer mgc:  0.1323584 
iter: 1  value: 16551.63 mgc: 0.01929653 ustep: 1 
iter: 2  value: 16551.63 mgc: 4.896112e-06 ustep: 1 
iter: 3  mgc: 1.161821e-10 
outer mgc:  0.1116985 
iter: 1  value: 16551.64 mgc: 0.01928301 ustep: 1 
iter: 2  value: 16551.64 mgc: 4.907572e-06 ustep: 1 
iter: 3  mgc: 9.646389e-11 
outer mgc:  0.1084754 
iter: 1  value: 16551.63 mgc: 0.008776457 ustep: 1 
iter: 2  value: 16551.63 mgc: 1.211884e-06 ustep: 1 
iter: 3  mgc: 9.033807e-11 
outer mgc:  0.1272873 
iter: 1  value: 16551.64 mgc: 0.008767506 ustep: 1 
iter: 2  value: 16551.64 mgc: 1.211391e-06 ustep: 1 
iter: 3  mgc: 1.668391e-10 
outer mgc:  0.1231453 
iter: 1  value: 16551.63 mgc: 0.0230182 ustep: 1 
iter: 2  value: 16551.63 mgc: 4.617132e-06 ustep: 1 
iter: 3  mgc: 1.70499e-10 
outer mgc:  0.1619084 
iter: 1  value: 16551.63 mgc: 0.02301057 ustep: 1 
iter: 2  value: 16551.63 mgc: 4.626479e-06 ustep: 1 
iter: 3  mgc: 1.413266e-10 
outer mgc:  0.1624031 
iter: 1  value: 16551.63 mgc: 0.01240801 ustep: 1 
iter: 2  value: 16551.63 mgc: 1.156585e-06 ustep: 1 
iter: 3  mgc: 9.03293e-11 
outer mgc:  0.2310672 
iter: 1  value: 16551.63 mgc: 0.01240769 ustep: 1 
iter: 2  value: 16551.63 mgc: 1.156588e-06 ustep: 1 
iter: 3  mgc: 1.443861e-10 
outer mgc:  0.2345151 
iter: 1  value: 16551.63 mgc: 0.021974 ustep: 1 
iter: 2  value: 16551.63 mgc: 4.736576e-06 ustep: 1 
iter: 3  mgc: 1.358234e-10 
outer mgc:  0.1545985 
iter: 1  value: 16551.63 mgc: 0.02196026 ustep: 1 
iter: 2  value: 16551.63 mgc: 4.749526e-06 ustep: 1 
iter: 3  mgc: 7.57101e-11 
outer mgc:  0.1570753 
iter: 1  value: 16551.63 mgc: 0.01224886 ustep: 1 
iter: 2  value: 16551.63 mgc: 1.453828e-06 ustep: 1 
iter: 3  mgc: 1.45937e-10 
outer mgc:  0.1891845 
iter: 1  value: 16551.63 mgc: 0.01224309 ustep: 1 
iter: 2  value: 16551.63 mgc: 1.45574e-06 ustep: 1 
iter: 3  mgc: 1.419072e-10 
outer mgc:  0.1927765 
iter: 1  value: 16551.64 mgc: 0.02258148 ustep: 1 
iter: 2  value: 16551.64 mgc: 4.630363e-06 ustep: 1 
iter: 3  mgc: 1.136199e-10 
outer mgc:  0.19876 
iter: 1  value: 16551.63 mgc: 0.0225714 ustep: 1 
iter: 2  value: 16551.63 mgc: 4.638915e-06 ustep: 1 
iter: 3  mgc: 1.313746e-10 
outer mgc:  0.1996332 
iter: 1  value: 16551.64 mgc: 0.01245463 ustep: 1 
iter: 2  value: 16551.64 mgc: 1.65383e-06 ustep: 1 
iter: 3  mgc: 1.308997e-10 
outer mgc:  0.2720377 
iter: 1  value: 16551.63 mgc: 0.01245054 ustep: 1 
iter: 2  value: 16551.63 mgc: 1.655301e-06 ustep: 1 
iter: 3  mgc: 9.130155e-11 
outer mgc:  0.2699705 
iter: 1  value: 16551.64 mgc: 0.01058884 ustep: 1 
iter: 2  value: 16551.64 mgc: 4.45026e-07 ustep: 1 
iter: 3  mgc: 1.346228e-10 
outer mgc:  0.1915917 
iter: 1  value: 16551.63 mgc: 0.01057709 ustep: 1 
iter: 2  value: 16551.63 mgc: 4.448041e-07 ustep: 1 
iter: 3  mgc: 6.290146e-11 
outer mgc:  0.1935542 
iter: 1  value: 16551.63 mgc: 0.005425685 ustep: 1 
iter: 2  value: 16551.63 mgc: 1.056836e-07 ustep: 1 
iter: 3  mgc: 7.862422e-11 
outer mgc:  0.103905 
iter: 1  value: 16551.63 mgc: 0.005419489 ustep: 1 
iter: 2  value: 16551.63 mgc: 1.055507e-07 ustep: 1 
iter: 3  mgc: 8.897186e-11 
outer mgc:  0.1048521 
iter: 1  value: 16551.66 mgc: 347.22 ustep: 1 
iter: 2  value: 16551.66 mgc: 2.250202e-06 ustep: 1 
iter: 3  mgc: 8.059189e-11 
outer mgc:  0.04175855 
iter: 1  value: 16551.61 mgc: 347.5674 ustep: 1 
iter: 2  value: 16551.61 mgc: 2.253354e-06 ustep: 1 
iter: 3  mgc: 1.400609e-10 
outer mgc:  0.0400702 
iter: 1  value: 16551.65 mgc: 51.29111 ustep: 1 
iter: 2  value: 16551.65 mgc: 8.750877e-07 ustep: 1 
iter: 3  mgc: 9.96081e-11 
outer mgc:  0.04600564 
iter: 1  value: 16551.61 mgc: 51.34243 ustep: 1 
iter: 2  value: 16551.61 mgc: 8.754535e-07 ustep: 1 
iter: 3  mgc: 1.783793e-10 
outer mgc:  0.04382022 
iter: 1  value: 16551.65 mgc: 133.7118 ustep: 1 
iter: 2  value: 16551.65 mgc: 1.136305e-06 ustep: 1 
iter: 3  mgc: 1.574008e-10 
outer mgc:  0.06238284 
iter: 1  value: 16551.62 mgc: 133.8456 ustep: 1 
iter: 2  value: 16551.62 mgc: 1.137307e-06 ustep: 1 
iter: 3  mgc: 1.176741e-10 
outer mgc:  0.06456876 
iter: 1  value: 16551.65 mgc: 47.04921 ustep: 1 
iter: 2  value: 16551.65 mgc: 1.083964e-06 ustep: 1 
iter: 3  mgc: 1.054409e-10 
outer mgc:  0.04304835 
iter: 1  value: 16551.61 mgc: 47.09628 ustep: 1 
iter: 2  value: 16551.61 mgc: 1.084572e-06 ustep: 1 
iter: 3  mgc: 1.582684e-10 
outer mgc:  0.04259099 
iter: 1  value: 16551.64 mgc: 60.519 ustep: 1 
iter: 2  value: 16551.64 mgc: 1.813069e-06 ustep: 1 
iter: 3  mgc: 1.187206e-10 
outer mgc:  0.06692564 
iter: 1  value: 16551.62 mgc: 60.57955 ustep: 1 
iter: 2  value: 16551.62 mgc: 1.816081e-06 ustep: 1 
iter: 3  mgc: 1.052758e-10 
outer mgc:  0.06693082 
iter: 1  value: 16551.68 mgc: 399.9699 ustep: 1 
iter: 2  value: 16551.68 mgc: 1.940981e-06 ustep: 1 
iter: 3  mgc: 1.046475e-10 
outer mgc:  0.02544311 
iter: 1  value: 16551.59 mgc: 401.1716 ustep: 1 
iter: 2  value: 16551.59 mgc: 1.939348e-06 ustep: 1 
iter: 3  mgc: 1.408221e-10 
outer mgc:  0.02587741 
iter: 1  value: 16551.64 mgc: 47.28757 ustep: 1 
iter: 2  value: 16551.64 mgc: 6.002584e-07 ustep: 1 
iter: 3  mgc: 7.759679e-11 
outer mgc:  0.02283487 
iter: 1  value: 16551.63 mgc: 47.27594 ustep: 1 
iter: 2  value: 16551.63 mgc: 5.991892e-07 ustep: 1 
iter: 3  mgc: 1.159384e-10 
outer mgc:  0.02298493 
iter: 1  value: 16551.64 mgc: 106.8555 ustep: 1 
iter: 2  value: 16551.64 mgc: 3.827205e-07 ustep: 1 
iter: 3  mgc: 8.61351e-11 
outer mgc:  0.02648788 
iter: 1  value: 16551.63 mgc: 106.8327 ustep: 1 
iter: 2  value: 16551.63 mgc: 3.820022e-07 ustep: 1 
iter: 3  mgc: 1.038695e-10 
outer mgc:  0.02525665 
iter: 1  value: 16551.65 mgc: 104.3659 ustep: 1 
iter: 2  value: 16551.65 mgc: 4.324113e-07 ustep: 1 
iter: 3  mgc: 9.175902e-11 
outer mgc:  0.02774309 
iter: 1  value: 16551.62 mgc: 104.32 ustep: 1 
iter: 2  value: 16551.62 mgc: 4.314531e-07 ustep: 1 
iter: 3  mgc: 9.792046e-11 
outer mgc:  0.02701823 
iter: 1  value: 16551.63 mgc: 38.18974 ustep: 1 
iter: 2  value: 16551.63 mgc: 3.90715e-07 ustep: 1 
iter: 3  mgc: 1.731505e-10 
outer mgc:  0.01983645 
iter: 1  value: 16551.63 mgc: 38.19604 ustep: 1 
iter: 2  value: 16551.63 mgc: 3.902175e-07 ustep: 1 
iter: 3  mgc: 1.842404e-10 
outer mgc:  0.01906352 
iter: 1  value: 16551.64 mgc: 38.97004 ustep: 1 
iter: 2  value: 16551.64 mgc: 3.655071e-07 ustep: 1 
iter: 3  mgc: 1.008895e-10 
outer mgc:  0.01829797 
iter: 1  value: 16551.62 mgc: 38.9577 ustep: 1 
iter: 2  value: 16551.62 mgc: 3.650005e-07 ustep: 1 
iter: 3  mgc: 1.636573e-10 
outer mgc:  0.01937517 
iter: 1  value: 16551.64 mgc: 41.04278 ustep: 1 
iter: 2  value: 16551.64 mgc: 5.046138e-07 ustep: 1 
iter: 3  mgc: 7.713208e-11 
outer mgc:  0.02343153 
iter: 1  value: 16551.63 mgc: 41.03937 ustep: 1 
iter: 2  value: 16551.63 mgc: 5.038553e-07 ustep: 1 
iter: 3  mgc: 1.424812e-10 
outer mgc:  0.02320779 
iter: 1  value: 16551.63 mgc: 43.45322 ustep: 1 
iter: 2  value: 16551.63 mgc: 2.92254e-07 ustep: 1 
iter: 3  mgc: 8.831216e-11 
outer mgc:  0.02071225 
iter: 1  value: 16551.63 mgc: 43.44682 ustep: 1 
iter: 2  value: 16551.63 mgc: 2.91915e-07 ustep: 1 
iter: 3  mgc: 9.089063e-11 
outer mgc:  0.02230134 
iter: 1  value: 16551.63 mgc: 48.95945 ustep: 1 
iter: 2  value: 16551.63 mgc: 3.808805e-07 ustep: 1 
iter: 3  mgc: 1.161847e-10 
outer mgc:  0.02528162 
iter: 1  value: 16551.64 mgc: 48.94992 ustep: 1 
iter: 2  value: 16551.64 mgc: 3.803654e-07 ustep: 1 
iter: 3  mgc: 9.962919e-11 
outer mgc:  0.02513541 
iter: 1  value: 16551.63 mgc: 40.8527 ustep: 1 
iter: 2  value: 16551.63 mgc: 4.649602e-07 ustep: 1 
iter: 3  mgc: 1.000489e-10 
outer mgc:  0.02204593 
iter: 1  value: 16551.64 mgc: 40.84227 ustep: 1 
iter: 2  value: 16551.64 mgc: 4.64487e-07 ustep: 1 
iter: 3  mgc: 1.315579e-10 
outer mgc:  0.02169511 
iter: 1  value: 16551.63 mgc: 47.72161 ustep: 1 
iter: 2  value: 16551.63 mgc: 3.856326e-07 ustep: 1 
iter: 3  mgc: 1.819477e-10 
outer mgc:  0.02411223 
iter: 1  value: 16551.63 mgc: 47.72963 ustep: 1 
iter: 2  value: 16551.63 mgc: 3.846209e-07 ustep: 1 
iter: 3  mgc: 7.899681e-11 
outer mgc:  0.02325464 
iter: 1  value: 16551.63 mgc: 0.6151295 ustep: 1 
iter: 2  mgc: 1.712889e-10 
outer mgc:  0.002043047 
iter: 1  value: 16551.63 mgc: 0.6151256 ustep: 1 
iter: 2  mgc: 1.342881e-10 
outer mgc:  0.002041441 
iter: 1  value: 16551.63 mgc: 1.328369 ustep: 1 
iter: 2  mgc: 6.34259e-11 
outer mgc:  0.002041498 
iter: 1  value: 16551.63 mgc: 1.328368 ustep: 1 
iter: 2  mgc: 1.484746e-10 
outer mgc:  0.002042989 
iter: 1  value: 16551.63 mgc: 1.155634 ustep: 1 
iter: 2  mgc: 1.318613e-10 
outer mgc:  0.002045067 
iter: 1  value: 16551.63 mgc: 1.155633 ustep: 1 
iter: 2  mgc: 1.829191e-10 
outer mgc:  0.00203942 
iter: 1  value: 16551.63 mgc: 1.49663 ustep: 1 
iter: 2  mgc: 7.125278e-11 
outer mgc:  0.002042554 
iter: 1  value: 16551.63 mgc: 1.49663 ustep: 1 
iter: 2  mgc: 1.263794e-10 
outer mgc:  0.002041933 
iter: 1  value: 16551.63 mgc: 1.315703 ustep: 1 
iter: 2  mgc: 6.214007e-11 
outer mgc:  0.002043337 
iter: 1  value: 16551.63 mgc: 1.315699 ustep: 1 
iter: 2  mgc: 7.033729e-11 
outer mgc:  0.00204115 
iter: 1  value: 16551.6 mgc: 0.003156844 ustep: 1 
iter: 2  value: 16551.6 mgc: 9.52094e-08 ustep: 1 
iter: 3  mgc: 1.456382e-10 
outer mgc:  0.05338905 
iter: 1  value: 16551.67 mgc: 0.00315668 ustep: 1 
iter: 2  value: 16551.67 mgc: 9.527975e-08 ustep: 1 
iter: 3  mgc: 1.398153e-10 
outer mgc:  0.0529634 
[Sat Aug 14 21:18:09 2021]
Finished job 0.
1 of 1 steps (100%) done
