Building DAG of jobs...
Using shell: /usr/bin/bash
Provided cores: 1 (use --cores to define parallelism)
Rules claiming more threads will be scaled down.
Job counts:
	count	jobs
	1	inference_simulation_TMB_multiple
	1

[Sat Aug 14 23:50:28 2021]
rule inference_simulation_TMB_multiple:
    input: ../data/assessing_models_simulation/datasets/multiple_GenerationJnorm2_10_100_10_5_0.4_NA_NA_NA_dataset0.RDS
    output: ../data/assessing_models_simulation/inference_results/TMB/nlminb/multiple_GenerationJnorm2_10_100_10_5_0.4_fullREM_NA_NA_NA_dataset0.RDS
    log: logs/inference/nlminb/simulation_GenerationJnorm2_10_100_10_5_0.4_ModelfullREM_NA_NA_NA_dataset0.log
    jobid: 0
    wildcards: optimiser=nlminb, datasetgeneration=GenerationJnorm2, n=10, nlambda=100, lmbda=10, d=5, beta_intensity=0.4, model=fullREM, fixed_beta_intercept=NA, fixed_beta_slope=NA, sdRE_input=NA, itnum=0

Rscript 2_inference_TMB/run_TMB.R --input ../data/assessing_models_simulation/datasets/multiple_GenerationJnorm2_10_100_10_5_0.4_NA_NA_NA_dataset0.RDS --output ../data/assessing_models_simulation/inference_results/TMB/nlminb/multiple_GenerationJnorm2_10_100_10_5_0.4_fullREM_NA_NA_NA_dataset0.RDS --model fullREM --optimiser nlminb
Model: fullREM 
Feature type: signatures 
Using nlminb: TRUE 
Simulation boolean: TRUE 
make: Nothing to be done for 'all'.
../data/assessing_models_simulation/datasets/multiple_GenerationJnorm2_10_100_10_5_0.4_NA_NA_NA_dataset0.RDS[1] "../data/assessing_models_simulation/datasets/multiple_GenerationJnorm2_10_100_10_5_0.4_NA_NA_NA_dataset0.RDS"
Reading file ../data/assessing_models_simulation/datasets/multiple_GenerationJnorm2_10_100_10_5_0.4_NA_NA_NA_dataset0.RDS 
Loading required package: nnet
# weights:  15 (8 variable)
initial  value 3313.832662 
iter  10 value 3044.592240
final  value 3043.828309 
converged
Order of parameters:
[1] "beta"       "u_large"    "logs_sd_RE" "cov_par_RE"
Not matching template order:
[1] "beta"       "u_large"    "cov_par_RE" "logs_sd_RE"
Your parameter list has been re-ordered.
(Disable this warning with checkParameterOrder=FALSE)
Constructing atomic invpd
Constructing atomic D_lgamma
Constructing atomic invpd
Constructing atomic D_lgamma
Constructing atomic matmul
Constructing atomic invpd
Constructing atomic D_lgamma
Constructing atomic matmul
Optimizing tape... Done
iter: 1  value: 1162.466 mgc: 87.02814 ustep: 1 
iter: 2  value: 855.4127 mgc: 115.6249 ustep: 0.0692153 
iter: 3  value: 832.8793 mgc: 105.8298 ustep: 0.07349008 
iter: 4  value: 601.317 mgc: 115.8829 ustep: 0.03875484 
iter: 5  value: 551.7859 mgc: 62.20998 ustep: 0.1969428 
iter: 6  value: 546.7552 mgc: 15.74622 ustep: 0.443838 
iter: 7  value: 546.4043 mgc: 0.7992089 ustep: 0.6662451 
iter: 8  value: 546.3892 mgc: 0.1893463 ustep: 0.8162567 
iter: 9  value: 546.389 mgc: 0.02205156 ustep: 0.9034789 
iter: 10  value: 546.389 mgc: 0.001140124 ustep: 0.95052 
iter: 11  value: 546.389 mgc: 2.833238e-05 ustep: 0.9749487 
iter: 12  value: 546.389 mgc: 3.526147e-07 ustep: 0.9873962 
iter: 13  mgc: 2.199241e-09 
iter: 1  mgc: 2.199241e-09 
Matching hessian patterns... Done
outer mgc:  118.6069 
iter: 1  value: 450.0794 mgc: 22.5512 ustep: 1 
iter: 2  value: 449.6046 mgc: 2.051646 ustep: 1 
iter: 3  value: 449.6044 mgc: 0.05876038 ustep: 1 
iter: 4  value: 449.6044 mgc: 9.959276e-05 ustep: 1 
iter: 5  mgc: 2.866518e-10 
iter: 1  mgc: 2.866518e-10 
outer mgc:  48.49736 
iter: 1  value: 397.7352 mgc: 13.00596 ustep: 1 
iter: 2  value: 397.5335 mgc: 1.17704 ustep: 1 
iter: 3  value: 397.5334 mgc: 0.01296745 ustep: 1 
iter: 4  value: 397.5334 mgc: 4.910055e-06 ustep: 1 
iter: 5  mgc: 8.366641e-13 
iter: 1  mgc: 8.366641e-13 
outer mgc:  27.47055 
iter: 1  value: 372.3968 mgc: 8.532096 ustep: 1 
iter: 2  value: 372.3482 mgc: 0.5155775 ustep: 1 
iter: 3  value: 372.3482 mgc: 0.002460039 ustep: 1 
iter: 4  value: 372.3482 mgc: 2.316511e-07 ustep: 1 
iter: 5  mgc: 2.270406e-14 
iter: 1  mgc: 2.270406e-14 
outer mgc:  13.62139 
iter: 1  value: 374.3158 mgc: 23.2411 ustep: 1 
iter: 2  value: 372.779 mgc: 4.400363 ustep: 1 
iter: 3  value: 372.7771 mgc: 0.1743535 ustep: 1 
iter: 4  value: 372.7771 mgc: 0.0003842777 ustep: 1 
iter: 5  mgc: 1.880604e-09 
iter: 1  value: 366.6734 mgc: 11.10359 ustep: 1 
iter: 2  value: 366.6025 mgc: 0.9340067 ustep: 1 
iter: 3  value: 366.6025 mgc: 0.008449181 ustep: 1 
iter: 4  value: 366.6025 mgc: 8.945927e-07 ustep: 1 
iter: 5  mgc: 2.520206e-14 
iter: 1  mgc: 2.520206e-14 
outer mgc:  15.9766 
iter: 1  value: 362.6747 mgc: 11.71676 ustep: 1 
iter: 2  value: 362.6396 mgc: 0.632586 ustep: 1 
iter: 3  value: 362.6396 mgc: 0.003102836 ustep: 1 
iter: 4  value: 362.6396 mgc: 1.604017e-07 ustep: 1 
mgc: 2.531308e-14 
iter: 1  mgc: 2.531308e-14 
outer mgc:  22.497 
iter: 1  value: 359.0978 mgc: 7.239662 ustep: 1 
iter: 2  value: 359.0949 mgc: 0.1566432 ustep: 1 
iter: 3  value: 359.0949 mgc: 0.0003265986 ustep: 1 
iter: 4  mgc: 1.707443e-09 
iter: 1  mgc: 1.707443e-09 
outer mgc:  19.37407 
iter: 1  value: 355.6793 mgc: 22.95258 ustep: 1 
iter: 2  value: 355.3831 mgc: 1.705427 ustep: 1 
iter: 3  value: 355.3831 mgc: 0.02405323 ustep: 1 
iter: 4  value: 355.3831 mgc: 5.102046e-06 ustep: 1 
iter: 5  mgc: 2.362416e-13 
iter: 1  mgc: 2.362416e-13 
outer mgc:  12.62639 
iter: 1  value: 352.1828 mgc: 7.164289 ustep: 1 
iter: 2  value: 352.176 mgc: 0.1796723 ustep: 1 
iter: 3  value: 352.176 mgc: 0.0008766939 ustep: 1 
iter: 4  value: 352.176 mgc: 1.034224e-07 ustep: 1 
iter: 5  mgc: 2.342571e-14 
iter: 1  mgc: 2.342571e-14 
outer mgc:  8.437757 
iter: 1  value: 351.1233 mgc: 8.434789 ustep: 1 
iter: 2  value: 351.0977 mgc: 0.4046104 ustep: 1 
iter: 3  value: 351.0977 mgc: 0.002186383 ustep: 1 
iter: 4  value: 351.0977 mgc: 1.248473e-07 ustep: 1 
iter: 5  mgc: 2.88658e-14 
iter: 1  mgc: 2.88658e-14 
outer mgc:  15.54207 
iter: 1  value: 348.017 mgc: 9.549894 ustep: 1 
iter: 2  value: 348.0079 mgc: 0.346402 ustep: 1 
iter: 3  value: 348.0079 mgc: 0.0006566994 ustep: 1 
iter: 4  mgc: 3.983264e-09 
iter: 1  mgc: 3.983264e-09 
outer mgc:  3.097324 
iter: 1  value: 348.0544 mgc: 6.016034 ustep: 1 
iter: 2  value: 348.0478 mgc: 0.3543427 ustep: 1 
iter: 3  value: 348.0478 mgc: 0.001154484 ustep: 1 
iter: 4  value: 348.0478 mgc: 3.634894e-08 ustep: 1 
mgc: 5.107026e-14 
iter: 1  value: 347.2512 mgc: 3.052924 ustep: 1 
iter: 2  value: 347.2508 mgc: 0.08168252 ustep: 1 
iter: 3  value: 347.2508 mgc: 6.537987e-05 ustep: 1 
iter: 4  mgc: 1.168986e-10 
iter: 1  mgc: 1.168986e-10 
outer mgc:  4.902446 
iter: 1  value: 346.4753 mgc: 6.538965 ustep: 1 
iter: 2  value: 346.4728 mgc: 0.1468119 ustep: 1 
iter: 3  value: 346.4728 mgc: 0.0002315433 ustep: 1 
iter: 4  mgc: 5.8837e-10 
iter: 1  mgc: 5.8837e-10 
outer mgc:  5.719267 
iter: 1  value: 345.1134 mgc: 3.279129 ustep: 1 
iter: 2  value: 345.1132 mgc: 0.06600353 ustep: 1 
iter: 3  value: 345.1132 mgc: 3.651201e-05 ustep: 1 
iter: 4  mgc: 1.114353e-11 
iter: 1  mgc: 1.114353e-11 
outer mgc:  2.099581 
iter: 1  value: 343.9294 mgc: 9.660623 ustep: 1 
iter: 2  value: 343.9254 mgc: 0.2138412 ustep: 1 
iter: 3  value: 343.9254 mgc: 0.0003125689 ustep: 1 
iter: 4  mgc: 1.356422e-09 
iter: 1  mgc: 1.356422e-09 
outer mgc:  11.16364 
iter: 1  value: 340.6002 mgc: 4.955368 ustep: 1 
iter: 2  value: 340.5878 mgc: 0.2744064 ustep: 1 
iter: 3  value: 340.5878 mgc: 0.002589576 ustep: 1 
iter: 4  value: 340.5878 mgc: 2.074979e-07 ustep: 1 
iter: 5  mgc: 2.620126e-14 
iter: 1  mgc: 2.620126e-14 
outer mgc:  5.023786 
iter: 1  value: 339.7706 mgc: 24.84771 ustep: 1 
iter: 2  value: 339.3 mgc: 2.468909 ustep: 1 
iter: 3  value: 339.2999 mgc: 0.04540774 ustep: 1 
iter: 4  value: 339.2999 mgc: 1.650149e-05 ustep: 1 
iter: 5  mgc: 2.270628e-12 
iter: 1  value: 340.044 mgc: 15.04762 ustep: 1 
iter: 2  value: 340.003 mgc: 0.7784756 ustep: 1 
iter: 3  value: 340.003 mgc: 0.004563543 ustep: 1 
iter: 4  value: 340.003 mgc: 1.576077e-07 ustep: 1 
mgc: 2.4869e-14 
iter: 1  mgc: 2.4869e-14 
outer mgc:  9.855473 
iter: 1  value: 339.0969 mgc: 7.32493 ustep: 1 
iter: 2  value: 339.0937 mgc: 0.1892412 ustep: 1 
iter: 3  value: 339.0937 mgc: 0.0003034514 ustep: 1 
iter: 4  mgc: 7.745045e-10 
iter: 1  mgc: 7.745045e-10 
outer mgc:  2.510367 
iter: 1  value: 339.2606 mgc: 1.774927 ustep: 1 
iter: 2  value: 339.2606 mgc: 0.01876875 ustep: 1 
iter: 3  value: 339.2606 mgc: 7.735432e-06 ustep: 1 
iter: 4  mgc: 1.275424e-12 
iter: 1  mgc: 1.275424e-12 
outer mgc:  1.728136 
iter: 1  value: 339.0789 mgc: 0.8737771 ustep: 1 
iter: 2  value: 339.0788 mgc: 0.00851621 ustep: 1 
iter: 3  value: 339.0788 mgc: 1.448694e-06 ustep: 1 
iter: 4  mgc: 9.4591e-14 
iter: 1  mgc: 9.4591e-14 
outer mgc:  1.04922 
iter: 1  value: 338.9824 mgc: 5.064615 ustep: 1 
iter: 2  value: 338.9819 mgc: 0.08533508 ustep: 1 
iter: 3  value: 338.9819 mgc: 5.69703e-05 ustep: 1 
iter: 4  mgc: 4.870815e-11 
iter: 1  value: 339.0499 mgc: 1.421142 ustep: 1 
iter: 2  value: 339.0499 mgc: 0.006907571 ustep: 1 
iter: 3  value: 339.0499 mgc: 4.267496e-07 ustep: 1 
iter: 4  mgc: 1.731948e-14 
iter: 1  mgc: 1.731948e-14 
outer mgc:  1.334257 
iter: 1  value: 338.9727 mgc: 0.6006649 ustep: 1 
iter: 2  value: 338.9727 mgc: 0.0009757116 ustep: 1 
iter: 3  mgc: 6.38437e-09 
iter: 1  mgc: 6.38437e-09 
outer mgc:  0.2890759 
iter: 1  value: 339.0102 mgc: 0.9140421 ustep: 1 
iter: 2  value: 339.0102 mgc: 0.001950433 ustep: 1 
iter: 3  value: 339.0102 mgc: 3.302023e-08 ustep: 1 
mgc: 2.864375e-14 
iter: 1  mgc: 2.864375e-14 
outer mgc:  0.2942187 
iter: 1  value: 339.0967 mgc: 0.4734668 ustep: 1 
iter: 2  value: 339.0967 mgc: 0.0007711366 ustep: 1 
iter: 3  value: 339.0967 mgc: 3.982254e-08 ustep: 1 
iter: 4  mgc: 2.797762e-14 
iter: 1  mgc: 2.797762e-14 
outer mgc:  0.3598305 
iter: 1  value: 339.1626 mgc: 1.000626 ustep: 1 
iter: 2  value: 339.1626 mgc: 0.003819455 ustep: 1 
iter: 3  value: 339.1626 mgc: 2.358647e-07 ustep: 1 
iter: 4  mgc: 1.398881e-14 
iter: 1  value: 339.09 mgc: 0.3734824 ustep: 1 
iter: 2  value: 339.09 mgc: 0.0005287723 ustep: 1 
iter: 3  mgc: 4.676326e-09 
iter: 1  mgc: 4.676326e-09 
outer mgc:  0.5541965 
iter: 1  value: 339.1122 mgc: 0.2934752 ustep: 1 
iter: 2  value: 339.1122 mgc: 0.0003465233 ustep: 1 
iter: 3  mgc: 1.235047e-09 
iter: 1  value: 339.0908 mgc: 0.3844956 ustep: 1 
iter: 2  value: 339.0908 mgc: 0.0004503011 ustep: 1 
iter: 3  mgc: 2.117623e-09 
iter: 1  mgc: 2.117623e-09 
outer mgc:  0.3918634 
iter: 1  value: 339.0747 mgc: 0.2551784 ustep: 1 
iter: 2  value: 339.0747 mgc: 0.0002343997 ustep: 1 
iter: 3  mgc: 6.255036e-10 
iter: 1  mgc: 6.255036e-10 
outer mgc:  0.04350731 
iter: 1  value: 339.099 mgc: 0.2412441 ustep: 1 
iter: 2  value: 339.099 mgc: 0.0002563896 ustep: 1 
iter: 3  mgc: 7.589951e-10 
iter: 1  value: 339.0785 mgc: 0.091788 ustep: 1 
iter: 2  value: 339.0785 mgc: 3.356679e-05 ustep: 1 
iter: 3  mgc: 1.647216e-11 
iter: 1  value: 339.0763 mgc: 0.04022263 ustep: 1 
iter: 2  value: 339.0763 mgc: 6.448523e-06 ustep: 1 
iter: 3  mgc: 6.097345e-13 
iter: 1  mgc: 6.097345e-13 
outer mgc:  0.04257839 
iter: 1  value: 339.0794 mgc: 0.03883402 ustep: 1 
iter: 2  value: 339.0794 mgc: 5.299669e-06 ustep: 1 
iter: 3  mgc: 2.34035e-13 
iter: 1  mgc: 2.34035e-13 
outer mgc:  0.04222589 
iter: 1  value: 339.0832 mgc: 0.03532255 ustep: 1 
iter: 2  value: 339.0832 mgc: 4.484033e-06 ustep: 1 
iter: 3  mgc: 1.958433e-13 
iter: 1  mgc: 1.958433e-13 
outer mgc:  0.01180654 
iter: 1  value: 339.085 mgc: 0.01931587 ustep: 1 
iter: 2  value: 339.085 mgc: 1.222293e-06 ustep: 1 
iter: 3  mgc: 2.908784e-14 
iter: 1  mgc: 2.908784e-14 
outer mgc:  0.01023137 
iter: 1  value: 339.0871 mgc: 0.03106477 ustep: 1 
iter: 2  value: 339.0871 mgc: 6.233359e-06 ustep: 1 
iter: 3  mgc: 3.406164e-13 
iter: 1  value: 339.0861 mgc: 0.0231931 ustep: 1 
iter: 2  value: 339.0861 mgc: 3.035811e-06 ustep: 1 
iter: 3  mgc: 8.260059e-14 
iter: 1  mgc: 8.260059e-14 
outer mgc:  0.01172236 
iter: 1  value: 339.0866 mgc: 0.007985484 ustep: 1 
iter: 2  value: 339.0866 mgc: 2.204761e-07 ustep: 1 
iter: 3  mgc: 1.64313e-14 
iter: 1  mgc: 1.64313e-14 
outer mgc:  0.002940248 
iter: 1  value: 339.0871 mgc: 0.01574057 ustep: 1 
iter: 2  value: 339.0871 mgc: 5.976699e-07 ustep: 1 
iter: 3  mgc: 2.220446e-14 
iter: 1  value: 339.0866 mgc: 0.01007776 ustep: 1 
iter: 2  value: 339.0866 mgc: 2.567088e-07 ustep: 1 
iter: 3  mgc: 1.94289e-14 
iter: 1  mgc: 1.94289e-14 
outer mgc:  0.00729122 
iter: 1  value: 339.0868 mgc: 0.00386141 ustep: 1 
iter: 2  value: 339.0868 mgc: 5.830242e-08 ustep: 1 
mgc: 3.153033e-14 
iter: 1  mgc: 3.153033e-14 
outer mgc:  0.001422587 
iter: 1  value: 339.0864 mgc: 0.004404551 ustep: 1 
iter: 2  value: 339.0864 mgc: 6.969948e-08 ustep: 1 
mgc: 1.854072e-14 
iter: 1  mgc: 1.854072e-14 
outer mgc:  0.001199801 
iter: 1  value: 339.087 mgc: 0.001984459 ustep: 1 
iter: 2  value: 339.087 mgc: 3.285652e-08 ustep: 1 
mgc: 1.820766e-14 
iter: 1  value: 339.0866 mgc: 0.0006256902 ustep: 1 
iter: 2  mgc: 3.769009e-09 
iter: 1  mgc: 3.769009e-09 
outer mgc:  0.0007630186 
iter: 1  value: 339.0867 mgc: 0.002118477 ustep: 1 
iter: 2  value: 339.0867 mgc: 1.505353e-08 ustep: 1 
mgc: 2.264855e-14 
iter: 1  mgc: 2.264855e-14 
outer mgc:  0.0004502803 
iter: 1  value: 339.0865 mgc: 0.001076986 ustep: 1 
iter: 2  mgc: 7.431991e-09 
iter: 1  mgc: 2.264855e-14 
iter: 1  mgc: 2.264855e-14 
outer mgc:  0.0004502803 
iter: 1  value: 339.0868 mgc: 0.05485127 ustep: 1 
iter: 2  value: 339.0868 mgc: 8.838758e-06 ustep: 1 
iter: 3  mgc: 6.065148e-13 
outer mgc:  0.0228913 
iter: 1  value: 339.0866 mgc: 0.0548461 ustep: 1 
iter: 2  value: 339.0866 mgc: 8.847078e-06 ustep: 1 
iter: 3  mgc: 6.057377e-13 
outer mgc:  0.02270878 
iter: 1  value: 339.087 mgc: 0.02849493 ustep: 1 
iter: 2  value: 339.087 mgc: 3.534706e-06 ustep: 1 
iter: 3  mgc: 9.542367e-14 
outer mgc:  0.08884489 
iter: 1  value: 339.0864 mgc: 0.02849454 ustep: 1 
iter: 2  value: 339.0864 mgc: 3.536212e-06 ustep: 1 
iter: 3  mgc: 8.792966e-14 
outer mgc:  0.08817846 
iter: 1  value: 339.086 mgc: 0.03304504 ustep: 1 
iter: 2  value: 339.086 mgc: 8.909789e-06 ustep: 1 
iter: 3  mgc: 6.452616e-13 
outer mgc:  0.01396669 
iter: 1  value: 339.0873 mgc: 0.03302505 ustep: 1 
iter: 2  value: 339.0873 mgc: 8.918317e-06 ustep: 1 
iter: 3  mgc: 6.548095e-13 
outer mgc:  0.01438922 
iter: 1  value: 339.0863 mgc: 0.0151449 ustep: 1 
iter: 2  value: 339.0863 mgc: 1.894783e-06 ustep: 1 
iter: 3  mgc: 3.053113e-14 
outer mgc:  0.02754909 
iter: 1  value: 339.087 mgc: 0.01513511 ustep: 1 
iter: 2  value: 339.087 mgc: 1.894186e-06 ustep: 1 
iter: 3  mgc: 3.28626e-14 
outer mgc:  0.02806591 
iter: 1  value: 339.0861 mgc: 0.0479995 ustep: 1 
iter: 2  value: 339.0861 mgc: 8.410187e-06 ustep: 1 
iter: 3  mgc: 5.901946e-13 
outer mgc:  0.03371988 
iter: 1  value: 339.0872 mgc: 0.04798332 ustep: 1 
iter: 2  value: 339.0872 mgc: 8.416283e-06 ustep: 1 
iter: 3  mgc: 6.035172e-13 
outer mgc:  0.03439692 
iter: 1  value: 339.0865 mgc: 0.02827549 ustep: 1 
iter: 2  value: 339.0865 mgc: 2.573763e-06 ustep: 1 
iter: 3  mgc: 5.89806e-14 
outer mgc:  0.078621 
iter: 1  value: 339.0869 mgc: 0.02826871 ustep: 1 
iter: 2  value: 339.0869 mgc: 2.574778e-06 ustep: 1 
iter: 3  mgc: 5.637157e-14 
outer mgc:  0.07951953 
iter: 1  value: 339.0866 mgc: 0.0497123 ustep: 1 
iter: 2  value: 339.0866 mgc: 9.332129e-06 ustep: 1 
iter: 3  mgc: 6.563639e-13 
outer mgc:  0.0221611 
iter: 1  value: 339.0867 mgc: 0.04971495 ustep: 1 
iter: 2  value: 339.0867 mgc: 9.341005e-06 ustep: 1 
iter: 3  mgc: 6.488143e-13 
outer mgc:  0.02275399 
iter: 1  value: 339.0869 mgc: 0.02671267 ustep: 1 
iter: 2  value: 339.0869 mgc: 2.590195e-06 ustep: 1 
iter: 3  mgc: 8.171241e-14 
outer mgc:  0.1059775 
iter: 1  value: 339.0866 mgc: 0.02671542 ustep: 1 
iter: 2  value: 339.0866 mgc: 2.591195e-06 ustep: 1 
iter: 3  mgc: 8.171241e-14 
outer mgc:  0.1059647 
iter: 1  value: 339.0879 mgc: 0.00404756 ustep: 1 
iter: 2  value: 339.0879 mgc: 5.387358e-07 ustep: 1 
iter: 3  mgc: 2.708944e-14 
outer mgc:  0.006288553 
iter: 1  value: 339.0855 mgc: 0.004049807 ustep: 1 
iter: 2  value: 339.0855 mgc: 5.38151e-07 ustep: 1 
iter: 3  mgc: 2.975398e-14 
outer mgc:  0.00637776 
iter: 1  value: 339.086 mgc: 0.005233768 ustep: 1 
iter: 2  value: 339.086 mgc: 1.597972e-07 ustep: 1 
iter: 3  mgc: 2.176037e-14 
outer mgc:  0.005692563 
iter: 1  value: 339.0873 mgc: 0.005229202 ustep: 1 
iter: 2  value: 339.0873 mgc: 1.594513e-07 ustep: 1 
iter: 3  mgc: 2.298162e-14 
outer mgc:  0.005730111 
iter: 1  value: 339.0888 mgc: 0.00296527 ustep: 1 
iter: 2  value: 339.0888 mgc: 1.386943e-07 ustep: 1 
iter: 3  mgc: 1.876277e-14 
outer mgc:  0.003665386 
iter: 1  value: 339.0846 mgc: 0.002969688 ustep: 1 
iter: 2  value: 339.0846 mgc: 1.386713e-07 ustep: 1 
iter: 3  mgc: 2.842171e-14 
outer mgc:  0.003619533 
iter: 1  value: 339.0863 mgc: 0.002646065 ustep: 1 
iter: 2  value: 339.0863 mgc: 6.029749e-08 ustep: 1 
mgc: 2.509104e-14 
outer mgc:  0.007139713 
iter: 1  value: 339.0871 mgc: 0.002643139 ustep: 1 
iter: 2  value: 339.0871 mgc: 6.013086e-08 ustep: 1 
mgc: 1.831868e-14 
outer mgc:  0.006970374 
iter: 1  value: 339.0872 mgc: 0.002527654 ustep: 1 
iter: 2  value: 339.0872 mgc: 1.024243e-07 ustep: 1 
iter: 3  mgc: 2.664535e-14 
outer mgc:  0.007504281 
iter: 1  value: 339.0861 mgc: 0.002528274 ustep: 1 
iter: 2  value: 339.0861 mgc: 1.023832e-07 ustep: 1 
iter: 3  mgc: 2.553513e-14 
outer mgc:  0.007312135 
iter: 1  value: 339.0879 mgc: 0.003808072 ustep: 1 
iter: 2  value: 339.0879 mgc: 1.023468e-07 ustep: 1 
mgc: 2.575717e-14 
outer mgc:  0.006245413 
iter: 1  value: 339.0854 mgc: 0.00381256 ustep: 1 
iter: 2  value: 339.0854 mgc: 1.025097e-07 ustep: 1 
mgc: 2.04281e-14 
outer mgc:  0.006113438 
iter: 1  value: 339.0874 mgc: 0.007159835 ustep: 1 
iter: 2  value: 339.0874 mgc: 1.140174e-06 ustep: 1 
iter: 3  mgc: 3.197442e-14 
outer mgc:  0.02700487 
iter: 1  value: 339.086 mgc: 0.007174727 ustep: 1 
iter: 2  value: 339.086 mgc: 1.143713e-06 ustep: 1 
iter: 3  mgc: 2.553513e-14 
outer mgc:  0.0271936 
iter: 1  value: 339.0899 mgc: 0.005179731 ustep: 1 
iter: 2  value: 339.0899 mgc: 7.556583e-07 ustep: 1 
iter: 3  mgc: 4.041212e-14 
outer mgc:  0.01147697 
iter: 1  value: 339.0834 mgc: 0.005191671 ustep: 1 
iter: 2  value: 339.0834 mgc: 7.559401e-07 ustep: 1 
iter: 3  mgc: 4.019007e-14 
outer mgc:  0.01156738 
iter: 1  value: 339.0889 mgc: 0.008261959 ustep: 1 
iter: 2  value: 339.0889 mgc: 4.582952e-07 ustep: 1 
iter: 3  mgc: 2.68674e-14 
outer mgc:  0.0191674 
iter: 1  value: 339.0844 mgc: 0.008282147 ustep: 1 
iter: 2  value: 339.0844 mgc: 4.595515e-07 ustep: 1 
iter: 3  mgc: 1.720846e-14 
outer mgc:  0.01931336 
iter: 1  value: 339.0877 mgc: 0.00651921 ustep: 1 
iter: 2  value: 339.0877 mgc: 5.797998e-07 ustep: 1 
iter: 3  mgc: 4.463097e-14 
outer mgc:  0.02142663 
iter: 1  value: 339.0857 mgc: 0.006533463 ustep: 1 
iter: 2  value: 339.0857 mgc: 5.818195e-07 ustep: 1 
iter: 3  mgc: 2.14273e-14 
outer mgc:  0.02158231 
[Sat Aug 14 23:50:30 2021]
Finished job 0.
1 of 1 steps (100%) done
