Building DAG of jobs...
Using shell: /usr/bin/bash
Provided cores: 1 (use --cores to define parallelism)
Rules claiming more threads will be scaled down.
Job counts:
	count	jobs
	1	inference_simulation_TMB_multiple
	1

[Fri Aug 13 13:04:32 2021]
rule inference_simulation_TMB_multiple:
    input: ../data/assessing_models_simulation/datasets/multiple_GenerationInoRE_50_100_10_6_0.05_NA_NA_NA_dataset1.RDS
    output: ../data/assessing_models_simulation/inference_results/TMB/nlminb/multiple_GenerationInoRE_50_100_10_6_0.05_fullREDMsinglelambda_NA_NA_NA_dataset1.RDS
    log: logs/inference/nlminb/simulation_GenerationInoRE_50_100_10_6_0.05_ModelfullREDMsinglelambda_NA_NA_NA_dataset1.log
    jobid: 0
    wildcards: optimiser=nlminb, datasetgeneration=GenerationInoRE, n=50, nlambda=100, lmbda=10, d=6, beta_intensity=0.05, model=fullREDMsinglelambda, fixed_beta_intercept=NA, fixed_beta_slope=NA, sdRE_input=NA, itnum=1

Rscript 2_inference_TMB/run_TMB.R --input ../data/assessing_models_simulation/datasets/multiple_GenerationInoRE_50_100_10_6_0.05_NA_NA_NA_dataset1.RDS --output ../data/assessing_models_simulation/inference_results/TMB/nlminb/multiple_GenerationInoRE_50_100_10_6_0.05_fullREDMsinglelambda_NA_NA_NA_dataset1.RDS --model fullREDMsinglelambda --optimiser nlminb
Model: fullREDMsinglelambda 
Feature type: signatures 
Using nlminb: TRUE 
Simulation boolean: TRUE 
make: Nothing to be done for 'all'.
../data/assessing_models_simulation/datasets/multiple_GenerationInoRE_50_100_10_6_0.05_NA_NA_NA_dataset1.RDS[1] "../data/assessing_models_simulation/datasets/multiple_GenerationInoRE_50_100_10_6_0.05_NA_NA_NA_dataset1.RDS"
Reading file ../data/assessing_models_simulation/datasets/multiple_GenerationInoRE_50_100_10_6_0.05_NA_NA_NA_dataset1.RDS 
Loading required package: nnet
# weights:  18 (10 variable)
initial  value 18039.434336 
iter  10 value 14471.506535
final  value 14438.277421 
converged
Order of parameters:
[1] "beta"       "u_large"    "logs_sd_RE" "cov_par_RE" "log_lambda"
Not matching template order:
[1] "beta"       "logs_sd_RE" "cov_par_RE" "log_lambda" "u_large"   
Your parameter list has been re-ordered.
(Disable this warning with checkParameterOrder=FALSE)
Constructing atomic invpd
Constructing atomic D_lgamma
Constructing atomic invpd
Constructing atomic D_lgamma
Constructing atomic matmul
Constructing atomic invpd
Constructing atomic D_lgamma
Constructing atomic matmul
Optimizing tape... Done
iter: 1  value: 13622.79 mgc: 7.268909 ustep: 1 
iter: 2  value: 13588.85 mgc: 3.021311 ustep: 1 
iter: 3  value: 13557.09 mgc: 5.08549 ustep: 0.8994163 
iter: 4  value: 13537.65 mgc: 6.077229 ustep: 0.9483808 
iter: 5  value: 13535.95 mgc: 1.08354 ustep: 0.973851 
iter: 6  value: 13535.91 mgc: 0.2407099 ustep: 0.9868402 
iter: 7  value: 13535.91 mgc: 0.007830714 ustep: 0.993399 
iter: 8  value: 13535.91 mgc: 6.530898e-05 ustep: 0.9966944 
iter: 9  value: 13535.91 mgc: 4.331002e-07 ustep: 0.998346 
iter: 10  mgc: 1.530851e-09 
iter: 1  mgc: 1.530851e-09 
Matching hessian patterns... Done
outer mgc:  65.48616 
iter: 1  value: 13392.3 mgc: 1.468587 ustep: 1 
iter: 2  value: 13391.78 mgc: 0.5242122 ustep: 1 
iter: 3  value: 13391.78 mgc: 0.02441975 ustep: 1 
iter: 4  value: 13391.78 mgc: 6.450162e-05 ustep: 1 
iter: 5  mgc: 4.597912e-10 
iter: 1  value: 13322.26 mgc: 6.994884 ustep: 0.5284747 
iter: 2  value: 13219.12 mgc: 15.50565 ustep: 0.1995366 
iter: 3  value: 13214.69 mgc: 12.18445 ustep: 0.4467506 
iter: 4  value: 13178.06 mgc: 10.11468 ustep: 0.424134 
iter: 5  value: 13149.25 mgc: 12.22246 ustep: 0.2314997 
iter: 6  value: 13142.2 mgc: 7.840434 ustep: 0.481196 
iter: 7  value: 13141.24 mgc: 2.440256 ustep: 0.6937136 
iter: 8  value: 13141.18 mgc: 0.1903086 ustep: 0.8329114 
iter: 9  value: 13141.17 mgc: 0.02517638 ustep: 0.9126485 
iter: 10  value: 13141.17 mgc: 0.002042228 ustep: 0.9553309 
iter: 11  value: 13141.17 mgc: 8.477945e-05 ustep: 0.9774125 
iter: 12  value: 13141.17 mgc: 1.795923e-06 ustep: 0.9886429 
iter: 13  value: 13141.17 mgc: 2.872884e-08 ustep: 0.9943058 
iter: 14  mgc: 2.311561e-10 
iter: 1  mgc: 2.311561e-10 
outer mgc:  67.08714 
iter: 1  value: 13277.51 mgc: 69.70475 ustep: 1 
iter: 2  value: 13276.01 mgc: 0.8746665 ustep: 1 
iter: 3  value: 13276.01 mgc: 0.05195336 ustep: 1 
iter: 4  value: 13276.01 mgc: 0.0007101301 ustep: 1 
iter: 5  value: 13276.01 mgc: 1.376949e-07 ustep: 1 
iter: 6  mgc: 5.495604e-15 
iter: 1  value: 13104.09 mgc: 5.423806 ustep: 1 
iter: 2  value: 13103.86 mgc: 0.408497 ustep: 1 
iter: 3  value: 13103.86 mgc: 0.008257926 ustep: 1 
iter: 4  value: 13103.86 mgc: 7.954833e-06 ustep: 1 
iter: 5  mgc: 9.926504e-12 
iter: 1  mgc: 9.926504e-12 
outer mgc:  63.0512 
iter: 1  value: 12982.51 mgc: 6.88516 ustep: 1 
iter: 2  value: 12982.09 mgc: 1.121734 ustep: 1 
iter: 3  value: 12982.09 mgc: 0.05768342 ustep: 1 
iter: 4  value: 12982.09 mgc: 0.0001742576 ustep: 1 
iter: 5  mgc: 1.634227e-09 
iter: 1  mgc: 1.634227e-09 
outer mgc:  44.16244 
iter: 1  value: 12968.25 mgc: 10.79401 ustep: 1 
iter: 2  value: 12968.03 mgc: 0.6165854 ustep: 1 
iter: 3  value: 12968.03 mgc: 0.01518546 ustep: 1 
iter: 4  value: 12968.03 mgc: 1.139335e-05 ustep: 1 
iter: 5  mgc: 6.325385e-12 
iter: 1  value: 12966.95 mgc: 2.261624 ustep: 1 
iter: 2  value: 12966.94 mgc: 0.1201615 ustep: 1 
iter: 3  value: 12966.94 mgc: 0.001081018 ustep: 1 
iter: 4  value: 12966.94 mgc: 9.034431e-08 ustep: 1 
iter: 5  mgc: 4.884981e-15 
iter: 1  mgc: 4.884981e-15 
outer mgc:  34.4603 
iter: 1  value: 12956.95 mgc: 5.82858 ustep: 1 
iter: 2  value: 12956.93 mgc: 0.121234 ustep: 1 
iter: 3  value: 12956.93 mgc: 0.00148556 ustep: 1 
iter: 4  value: 12956.93 mgc: 2.389332e-07 ustep: 1 
iter: 5  mgc: 8.437695e-15 
iter: 1  mgc: 8.437695e-15 
outer mgc:  54.19971 
iter: 1  value: 12932.93 mgc: 2.475099 ustep: 1 
iter: 2  value: 12932.93 mgc: 0.02122825 ustep: 1 
iter: 3  value: 12932.93 mgc: 1.766643e-05 ustep: 1 
iter: 4  mgc: 1.689671e-11 
iter: 1  mgc: 1.689671e-11 
outer mgc:  11.20089 
iter: 1  value: 12913 mgc: 1.718194 ustep: 1 
iter: 2  value: 12913 mgc: 0.0307363 ustep: 1 
iter: 3  value: 12913 mgc: 3.814496e-05 ustep: 1 
iter: 4  mgc: 6.554535e-11 
iter: 1  mgc: 6.554535e-11 
outer mgc:  16.7938 
iter: 1  value: 12891.01 mgc: 8.761626 ustep: 1 
iter: 2  value: 12891 mgc: 0.09077223 ustep: 1 
iter: 3  value: 12891 mgc: 7.730256e-05 ustep: 1 
iter: 4  mgc: 3.958287e-10 
iter: 1  mgc: 3.958287e-10 
outer mgc:  23.44352 
iter: 1  value: 12868.24 mgc: 2.644843 ustep: 1 
iter: 2  value: 12868.23 mgc: 0.1139042 ustep: 1 
iter: 3  value: 12868.23 mgc: 0.0004456012 ustep: 1 
iter: 4  mgc: 6.508808e-09 
iter: 1  mgc: 6.508808e-09 
outer mgc:  19.40205 
iter: 1  value: 12852.37 mgc: 7.292783 ustep: 1 
iter: 2  value: 12852.37 mgc: 0.06125684 ustep: 1 
iter: 3  value: 12852.37 mgc: 7.259663e-05 ustep: 1 
iter: 4  mgc: 1.286673e-10 
iter: 1  value: 12861.13 mgc: 2.56948 ustep: 1 
iter: 2  value: 12861.13 mgc: 0.01254871 ustep: 1 
iter: 3  value: 12861.13 mgc: 7.37544e-06 ustep: 1 
iter: 4  mgc: 1.370903e-12 
iter: 1  mgc: 1.370903e-12 
outer mgc:  18.44094 
iter: 1  value: 12852.12 mgc: 4.346998 ustep: 1 
iter: 2  value: 12852.12 mgc: 0.01740321 ustep: 1 
iter: 3  value: 12852.12 mgc: 4.749385e-06 ustep: 1 
iter: 4  mgc: 7.260859e-13 
iter: 1  value: 12857.01 mgc: 1.391833 ustep: 1 
iter: 2  value: 12857.01 mgc: 0.003277907 ustep: 1 
iter: 3  value: 12857.01 mgc: 3.87272e-07 ustep: 1 
iter: 4  mgc: 7.549517e-15 
iter: 1  mgc: 7.549517e-15 
outer mgc:  8.973584 
iter: 1  value: 12855.19 mgc: 1.654884 ustep: 1 
iter: 2  value: 12855.19 mgc: 0.002766397 ustep: 1 
iter: 3  value: 12855.19 mgc: 2.430476e-07 ustep: 1 
iter: 4  mgc: 9.103829e-15 
iter: 1  mgc: 9.103829e-15 
outer mgc:  5.764916 
iter: 1  value: 12848.06 mgc: 0.8121189 ustep: 1 
iter: 2  value: 12848.06 mgc: 0.003020685 ustep: 1 
iter: 3  value: 12848.06 mgc: 1.182572e-07 ustep: 1 
iter: 4  mgc: 6.217249e-15 
iter: 1  mgc: 6.217249e-15 
outer mgc:  4.563306 
iter: 1  value: 12842.62 mgc: 0.6404114 ustep: 1 
iter: 2  value: 12842.62 mgc: 0.002334272 ustep: 1 
iter: 3  value: 12842.62 mgc: 4.534843e-08 ustep: 1 
mgc: 7.993606e-15 
iter: 1  mgc: 7.993606e-15 
outer mgc:  4.931759 
iter: 1  value: 12837.67 mgc: 0.6450289 ustep: 1 
iter: 2  value: 12837.67 mgc: 0.00230759 ustep: 1 
iter: 3  value: 12837.67 mgc: 8.606249e-08 ustep: 1 
iter: 4  mgc: 7.549517e-15 
iter: 1  mgc: 7.549517e-15 
outer mgc:  2.893433 
iter: 1  value: 12831.07 mgc: 0.6957964 ustep: 1 
iter: 2  value: 12831.07 mgc: 0.001512734 ustep: 1 
iter: 3  value: 12831.07 mgc: 2.232071e-08 ustep: 1 
mgc: 5.884182e-15 
iter: 1  mgc: 5.884182e-15 
outer mgc:  6.415779 
iter: 1  value: 12825.36 mgc: 0.9036232 ustep: 1 
iter: 2  value: 12825.36 mgc: 0.001051842 ustep: 1 
iter: 3  mgc: 3.039524e-09 
iter: 1  mgc: 3.039524e-09 
outer mgc:  7.473014 
iter: 1  value: 12822 mgc: 0.7376149 ustep: 1 
iter: 2  value: 12822 mgc: 0.003343513 ustep: 1 
iter: 3  value: 12822 mgc: 3.085282e-07 ustep: 1 
iter: 4  mgc: 7.993606e-15 
iter: 1  mgc: 7.993606e-15 
outer mgc:  9.162111 
iter: 1  value: 12817.27 mgc: 0.8966356 ustep: 1 
iter: 2  value: 12817.27 mgc: 0.0007836991 ustep: 1 
iter: 3  value: 12817.27 mgc: 2.148474e-08 ustep: 1 
iter: 4  mgc: 7.882583e-15 
iter: 1  mgc: 7.882583e-15 
outer mgc:  8.326286 
iter: 1  value: 12812.64 mgc: 0.8693453 ustep: 1 
iter: 2  value: 12812.64 mgc: 0.001395346 ustep: 1 
iter: 3  mgc: 7.709674e-09 
iter: 1  mgc: 7.709674e-09 
outer mgc:  5.163441 
iter: 1  value: 12811.25 mgc: 0.5468285 ustep: 1 
iter: 2  value: 12811.25 mgc: 0.002167801 ustep: 1 
iter: 3  value: 12811.25 mgc: 9.976856e-08 ustep: 1 
iter: 4  mgc: 7.549517e-15 
iter: 1  mgc: 7.549517e-15 
outer mgc:  4.829665 
iter: 1  value: 12806.25 mgc: 0.8732899 ustep: 1 
iter: 2  value: 12806.25 mgc: 0.000639928 ustep: 1 
iter: 3  mgc: 9.17855e-09 
iter: 1  mgc: 9.17855e-09 
outer mgc:  2.773642 
iter: 1  value: 12801.66 mgc: 0.6065791 ustep: 1 
iter: 2  value: 12801.66 mgc: 0.0004862488 ustep: 1 
iter: 3  mgc: 5.85599e-09 
iter: 1  mgc: 5.85599e-09 
outer mgc:  6.876059 
iter: 1  value: 12796.97 mgc: 1.596973 ustep: 1 
iter: 2  value: 12796.97 mgc: 0.0006621623 ustep: 1 
iter: 3  value: 12796.97 mgc: 1.49997e-08 ustep: 1 
mgc: 1.090794e-14 
iter: 1  value: 12801.95 mgc: 0.4274669 ustep: 1 
iter: 2  value: 12801.95 mgc: 0.0001334404 ustep: 1 
iter: 3  mgc: 5.073737e-10 
iter: 1  mgc: 5.073737e-10 
outer mgc:  7.039614 
iter: 1  value: 12801.21 mgc: 0.2127091 ustep: 1 
iter: 2  value: 12801.21 mgc: 5.108155e-05 ustep: 1 
iter: 3  mgc: 4.356426e-11 
iter: 1  mgc: 4.356426e-11 
outer mgc:  0.8982758 
iter: 1  value: 12799.82 mgc: 0.2217627 ustep: 1 
iter: 2  value: 12799.82 mgc: 6.234982e-05 ustep: 1 
iter: 3  mgc: 7.582468e-11 
iter: 1  mgc: 7.582468e-11 
outer mgc:  1.080083 
iter: 1  value: 12798.17 mgc: 0.2577247 ustep: 1 
iter: 2  value: 12798.17 mgc: 3.872472e-05 ustep: 1 
iter: 3  mgc: 9.694912e-12 
iter: 1  mgc: 9.694912e-12 
outer mgc:  0.9635951 
iter: 1  value: 12796.28 mgc: 0.1784772 ustep: 1 
iter: 2  value: 12796.28 mgc: 3.077108e-05 ustep: 1 
iter: 3  mgc: 7.285728e-12 
iter: 1  mgc: 7.285728e-12 
outer mgc:  0.9534444 
iter: 1  value: 12793.11 mgc: 0.2188642 ustep: 1 
iter: 2  value: 12793.11 mgc: 0.0002794416 ustep: 1 
iter: 3  mgc: 2.290392e-09 
iter: 1  value: 12789.25 mgc: 0.3089037 ustep: 1 
iter: 2  value: 12789.25 mgc: 0.0004714636 ustep: 1 
iter: 3  mgc: 6.453362e-09 
iter: 1  mgc: 6.453362e-09 
outer mgc:  1.10576 
iter: 1  value: 12782.02 mgc: 0.696385 ustep: 1 
iter: 2  value: 12782.02 mgc: 0.0003963229 ustep: 1 
iter: 3  mgc: 7.65229e-09 
iter: 1  mgc: 7.65229e-09 
outer mgc:  2.362169 
iter: 1  value: 12775.39 mgc: 1.262141 ustep: 1 
iter: 2  value: 12775.39 mgc: 0.001168115 ustep: 1 
iter: 3  value: 12775.39 mgc: 4.322667e-08 ustep: 1 
iter: 4  mgc: 1.298961e-14 
iter: 1  mgc: 1.298961e-14 
outer mgc:  2.095096 
iter: 1  value: 12767.81 mgc: 1.452338 ustep: 1 
iter: 2  value: 12767.81 mgc: 0.0005606942 ustep: 1 
iter: 3  mgc: 2.873807e-09 
iter: 1  mgc: 2.873807e-09 
outer mgc:  2.330986 
iter: 1  value: 12760.41 mgc: 0.7093476 ustep: 1 
iter: 2  value: 12760.41 mgc: 0.000443166 ustep: 1 
iter: 3  mgc: 4.697392e-09 
iter: 1  value: 12764.74 mgc: 0.3790627 ustep: 1 
iter: 2  value: 12764.74 mgc: 0.0001522561 ustep: 1 
iter: 3  mgc: 2.207465e-10 
iter: 1  value: 12767.27 mgc: 0.1967424 ustep: 1 
iter: 2  value: 12767.27 mgc: 3.141299e-05 ustep: 1 
iter: 3  mgc: 5.319453e-12 
iter: 1  mgc: 5.319453e-12 
outer mgc:  3.527694 
iter: 1  value: 12766.15 mgc: 0.2485441 ustep: 1 
iter: 2  value: 12766.15 mgc: 0.0001407236 ustep: 1 
iter: 3  mgc: 6.391661e-10 
iter: 1  mgc: 6.391661e-10 
outer mgc:  0.5042247 
iter: 1  value: 12764.65 mgc: 0.398058 ustep: 1 
iter: 2  value: 12764.65 mgc: 6.915598e-05 ustep: 1 
iter: 3  mgc: 1.690874e-10 
iter: 1  mgc: 1.690874e-10 
outer mgc:  0.829156 
iter: 1  value: 12762.01 mgc: 0.1765535 ustep: 1 
iter: 2  value: 12762.01 mgc: 2.565443e-05 ustep: 1 
iter: 3  mgc: 7.26974e-12 
iter: 1  mgc: 7.26974e-12 
outer mgc:  0.3481723 
iter: 1  value: 12759.25 mgc: 0.3118058 ustep: 1 
iter: 2  value: 12759.25 mgc: 0.0001241208 ustep: 1 
iter: 3  mgc: 3.640617e-10 
iter: 1  value: 12761.48 mgc: 0.1183938 ustep: 1 
iter: 2  value: 12761.48 mgc: 2.842957e-05 ustep: 1 
iter: 3  mgc: 1.986233e-11 
iter: 1  value: 12761.78 mgc: 0.04987498 ustep: 1 
iter: 2  value: 12761.78 mgc: 5.089411e-06 ustep: 1 
iter: 3  mgc: 6.514789e-13 
iter: 1  mgc: 6.514789e-13 
outer mgc:  0.5069707 
iter: 1  value: 12761.36 mgc: 0.04970629 ustep: 1 
iter: 2  value: 12761.36 mgc: 8.965834e-07 ustep: 1 
iter: 3  mgc: 1.731948e-14 
iter: 1  mgc: 1.731948e-14 
outer mgc:  0.2368811 
iter: 1  value: 12760.53 mgc: 0.08412864 ustep: 1 
iter: 2  value: 12760.53 mgc: 4.746375e-06 ustep: 1 
iter: 3  mgc: 5.497824e-13 
iter: 1  mgc: 5.497824e-13 
outer mgc:  0.4389767 
iter: 1  value: 12758.88 mgc: 0.1418397 ustep: 1 
iter: 2  value: 12758.88 mgc: 9.215118e-06 ustep: 1 
iter: 3  mgc: 6.905587e-13 
iter: 1  value: 12754.67 mgc: 0.3362589 ustep: 1 
iter: 2  value: 12754.67 mgc: 5.661262e-05 ustep: 1 
iter: 3  mgc: 2.617018e-11 
iter: 1  value: 12742.78 mgc: 1.147147 ustep: 1 
iter: 2  value: 12742.78 mgc: 0.0003815968 ustep: 1 
iter: 3  mgc: 1.13761e-09 
iter: 1  mgc: 1.13761e-09 
outer mgc:  1.111218 
iter: 1  value: 12729.3 mgc: 3.745261 ustep: 1 
iter: 2  value: 12729.3 mgc: 0.003914943 ustep: 1 
iter: 3  value: 12729.3 mgc: 5.538832e-07 ustep: 1 
iter: 4  mgc: 1.854072e-14 
iter: 1  mgc: 1.854072e-14 
outer mgc:  1.703293 
iter: 1  value: 12721.93 mgc: 3.463757 ustep: 1 
iter: 2  value: 12721.93 mgc: 0.003326815 ustep: 1 
iter: 3  value: 12721.93 mgc: 3.43096e-07 ustep: 1 
iter: 4  mgc: 1.398881e-14 
iter: 1  mgc: 1.398881e-14 
outer mgc:  0.6359562 
iter: 1  value: 12717.31 mgc: 1.570968 ustep: 1 
iter: 2  value: 12717.31 mgc: 0.0002071586 ustep: 1 
iter: 3  mgc: 1.205331e-09 
iter: 1  value: 12720.9 mgc: 0.290145 ustep: 1 
iter: 2  value: 12720.9 mgc: 7.249116e-06 ustep: 1 
iter: 3  mgc: 5.941914e-13 
iter: 1  mgc: 5.941914e-13 
outer mgc:  0.414682 
iter: 1  value: 12719.6 mgc: 0.7741617 ustep: 1 
iter: 2  value: 12719.6 mgc: 6.374569e-05 ustep: 1 
iter: 3  mgc: 1.275335e-10 
iter: 1  mgc: 1.275335e-10 
outer mgc:  0.2273619 
iter: 1  value: 12718.72 mgc: 0.4119168 ustep: 1 
iter: 2  value: 12718.72 mgc: 4.667338e-06 ustep: 1 
iter: 3  mgc: 3.524681e-13 
iter: 1  value: 12717.59 mgc: 0.4844363 ustep: 1 
iter: 2  value: 12717.59 mgc: 8.175536e-06 ustep: 1 
iter: 3  mgc: 1.25322e-12 
iter: 1  mgc: 1.25322e-12 
outer mgc:  0.4005817 
iter: 1  value: 12715.16 mgc: 0.8133859 ustep: 1 
iter: 2  value: 12715.16 mgc: 1.289376e-05 ustep: 1 
iter: 3  mgc: 4.904077e-12 
iter: 1  value: 12710.97 mgc: 1.446766 ustep: 1 
iter: 2  value: 12710.97 mgc: 3.692411e-05 ustep: 1 
iter: 3  mgc: 3.957501e-11 
iter: 1  mgc: 3.957501e-11 
outer mgc:  0.7500792 
iter: 1  value: 12703.67 mgc: 0.8073487 ustep: 1 
iter: 2  value: 12703.67 mgc: 6.581713e-05 ustep: 1 
iter: 3  mgc: 6.116507e-11 
iter: 1  mgc: 6.116507e-11 
outer mgc:  0.4008814 
iter: 1  value: 12697.17 mgc: 1.215513 ustep: 1 
iter: 2  value: 12697.17 mgc: 5.758248e-05 ustep: 1 
iter: 3  mgc: 1.429434e-11 
iter: 1  mgc: 1.429434e-11 
outer mgc:  0.524295 
iter: 1  value: 12691.39 mgc: 0.6216489 ustep: 1 
iter: 2  value: 12691.39 mgc: 1.903475e-05 ustep: 1 
iter: 3  mgc: 1.285527e-12 
iter: 1  value: 12677.45 mgc: 1.913928 ustep: 1 
iter: 2  value: 12677.45 mgc: 0.0001033835 ustep: 1 
iter: 3  mgc: 3.980483e-11 
iter: 1  mgc: 3.980483e-11 
outer mgc:  0.3658284 
iter: 1  value: 12668.21 mgc: 8.022409 ustep: 1 
iter: 2  value: 12668.21 mgc: 0.0004326892 ustep: 1 
iter: 3  mgc: 2.785372e-09 
iter: 1  mgc: 2.785372e-09 
outer mgc:  0.4053078 
iter: 1  value: 12661.67 mgc: 13.11469 ustep: 1 
iter: 2  value: 12661.67 mgc: 0.000568872 ustep: 1 
iter: 3  mgc: 3.204383e-09 
iter: 1  mgc: 3.204383e-09 
outer mgc:  0.4675926 
iter: 1  value: 12653.5 mgc: 7.274279 ustep: 1 
iter: 2  value: 12653.5 mgc: 0.001541025 ustep: 1 
iter: 3  mgc: 5.072396e-09 
iter: 1  mgc: 5.072396e-09 
outer mgc:  0.8027966 
iter: 1  value: 12651.71 mgc: 27.28915 ustep: 1 
iter: 2  value: 12651.71 mgc: 0.0008868101 ustep: 1 
iter: 3  mgc: 2.049875e-09 
iter: 1  mgc: 2.049875e-09 
outer mgc:  0.5293295 
iter: 1  value: 12653.38 mgc: 15.58945 ustep: 1 
iter: 2  value: 12653.38 mgc: 0.0004577899 ustep: 1 
iter: 3  mgc: 1.826201e-09 
iter: 1  mgc: 1.826201e-09 
outer mgc:  0.3487115 
iter: 1  value: 12652.22 mgc: 11.57373 ustep: 1 
iter: 2  value: 12652.22 mgc: 0.0001831709 ustep: 1 
iter: 3  mgc: 6.187371e-10 
iter: 1  mgc: 6.187371e-10 
outer mgc:  0.2206729 
iter: 1  value: 12650.59 mgc: 1.31371 ustep: 1 
iter: 2  value: 12650.59 mgc: 5.942498e-05 ustep: 1 
iter: 3  mgc: 2.484429e-11 
iter: 1  mgc: 2.484429e-11 
outer mgc:  0.06315652 
iter: 1  value: 12648.49 mgc: 1.347922 ustep: 1 
iter: 2  value: 12648.49 mgc: 9.279025e-06 ustep: 1 
iter: 3  mgc: 1.01108e-12 
iter: 1  value: 12646.01 mgc: 1.726389 ustep: 1 
iter: 2  value: 12646.01 mgc: 1.4421e-05 ustep: 1 
iter: 3  mgc: 2.342126e-12 
iter: 1  mgc: 2.342126e-12 
outer mgc:  0.08079569 
iter: 1  value: 12640.36 mgc: 3.530392 ustep: 1 
iter: 2  value: 12640.36 mgc: 1.914644e-05 ustep: 1 
iter: 3  mgc: 5.597744e-13 
iter: 1  mgc: 5.597744e-13 
outer mgc:  0.1542847 
iter: 1  value: 12634.63 mgc: 3.451255 ustep: 1 
iter: 2  value: 12634.63 mgc: 1.730885e-05 ustep: 1 
iter: 3  mgc: 3.334888e-12 
iter: 1  value: 12627.03 mgc: 5.05874 ustep: 1 
iter: 2  value: 12627.03 mgc: 2.602272e-05 ustep: 1 
iter: 3  mgc: 6.246115e-12 
iter: 1  mgc: 6.246115e-12 
outer mgc:  0.1578211 
iter: 1  value: 12620.02 mgc: 4.423626 ustep: 1 
iter: 2  value: 12620.02 mgc: 3.013949e-05 ustep: 1 
iter: 3  mgc: 9.175771e-12 
iter: 1  mgc: 9.175771e-12 
outer mgc:  0.04375823 
iter: 1  value: 12613.33 mgc: 3.508303 ustep: 1 
iter: 2  value: 12613.33 mgc: 1.388132e-05 ustep: 1 
iter: 3  mgc: 1.486367e-12 
iter: 1  mgc: 1.486367e-12 
outer mgc:  0.03074346 
iter: 1  value: 12607.22 mgc: 1.698295 ustep: 1 
iter: 2  value: 12607.22 mgc: 6.379471e-06 ustep: 1 
iter: 3  mgc: 3.449463e-13 
iter: 1  mgc: 3.449463e-13 
outer mgc:  0.03793511 
iter: 1  value: 12596.9 mgc: 4.22971 ustep: 1 
iter: 2  value: 12596.9 mgc: 9.627438e-06 ustep: 1 
iter: 3  mgc: 3.430728e-13 
iter: 1  mgc: 3.430728e-13 
outer mgc:  0.04764043 
iter: 1  value: 12586.67 mgc: 7.759713 ustep: 1 
iter: 2  value: 12586.67 mgc: 4.667976e-06 ustep: 1 
iter: 3  mgc: 5.734024e-13 
iter: 1  mgc: 5.734024e-13 
outer mgc:  0.03335296 
iter: 1  value: 12577.59 mgc: 11.95582 ustep: 1 
iter: 2  value: 12577.59 mgc: 4.765094e-06 ustep: 1 
iter: 3  mgc: 4.489742e-13 
iter: 1  mgc: 4.489742e-13 
outer mgc:  0.008651685 
iter: 1  value: 12571.4 mgc: 13.25413 ustep: 1 
iter: 2  value: 12571.4 mgc: 4.235748e-06 ustep: 1 
iter: 3  mgc: 7.123191e-13 
iter: 1  mgc: 7.123191e-13 
outer mgc:  0.03068455 
iter: 1  value: 12567.28 mgc: 13.60363 ustep: 1 
iter: 2  value: 12567.28 mgc: 3.066816e-06 ustep: 1 
iter: 3  mgc: 7.283063e-13 
iter: 1  mgc: 7.283063e-13 
outer mgc:  0.01601011 
iter: 1  value: 12565.53 mgc: 11.06051 ustep: 1 
iter: 2  value: 12565.53 mgc: 3.460761e-06 ustep: 1 
iter: 3  mgc: 8.582024e-13 
iter: 1  mgc: 8.582024e-13 
outer mgc:  0.02778023 
iter: 1  value: 12565.31 mgc: 7.309014 ustep: 1 
iter: 2  value: 12565.31 mgc: 1.466702e-06 ustep: 1 
iter: 3  mgc: 1.009581e-12 
iter: 1  mgc: 1.009581e-12 
outer mgc:  0.005465609 
iter: 1  value: 12566.22 mgc: 3.194608 ustep: 1 
iter: 2  value: 12566.22 mgc: 8.367158e-07 ustep: 1 
iter: 3  mgc: 1.169398e-12 
iter: 1  mgc: 1.169398e-12 
outer mgc:  0.004662138 
iter: 1  value: 12569.46 mgc: 4.738679 ustep: 1 
iter: 2  value: 12569.46 mgc: 4.435942e-06 ustep: 1 
iter: 3  mgc: 7.637224e-13 
iter: 1  mgc: 7.637224e-13 
outer mgc:  0.01847937 
iter: 1  value: 12575.82 mgc: 7.688501 ustep: 1 
iter: 2  value: 12575.82 mgc: 1.22437e-05 ustep: 1 
iter: 3  mgc: 6.692424e-13 
iter: 1  mgc: 6.692424e-13 
outer mgc:  0.03838208 
iter: 1  value: 12578.57 mgc: 8.045576 ustep: 1 
iter: 2  value: 12578.57 mgc: 2.505454e-06 ustep: 1 
iter: 3  mgc: 7.560619e-13 
iter: 1  mgc: 7.560619e-13 
outer mgc:  0.04510232 
iter: 1  value: 12578.53 mgc: 15.81708 ustep: 1 
iter: 2  value: 12578.53 mgc: 1.372232e-05 ustep: 1 
iter: 3  mgc: 7.795986e-13 
iter: 1  mgc: 7.795986e-13 
outer mgc:  0.03485748 
iter: 1  value: 12577.54 mgc: 1.842244 ustep: 1 
iter: 2  value: 12577.54 mgc: 1.684419e-07 ustep: 1 
iter: 3  mgc: 6.922241e-13 
iter: 1  value: 12574.61 mgc: 5.662381 ustep: 1 
iter: 2  value: 12574.61 mgc: 1.350235e-06 ustep: 1 
iter: 3  mgc: 5.209722e-13 
iter: 1  mgc: 5.209722e-13 
outer mgc:  0.02280537 
iter: 1  value: 12559.89 mgc: 21.1524 ustep: 1 
iter: 2  value: 12559.89 mgc: 9.92354e-06 ustep: 1 
iter: 3  mgc: 1.094902e-12 
iter: 1  mgc: 1.094902e-12 
outer mgc:  0.02325135 
iter: 1  value: 12547.5 mgc: 18.87276 ustep: 1 
iter: 2  value: 12547.5 mgc: 3.664146e-06 ustep: 1 
iter: 3  mgc: 1.058063e-12 
iter: 1  mgc: 1.058063e-12 
outer mgc:  0.01963401 
iter: 1  value: 12536.93 mgc: 15.96507 ustep: 1 
iter: 2  value: 12536.93 mgc: 2.713761e-06 ustep: 1 
iter: 3  mgc: 1.798506e-12 
iter: 1  mgc: 1.798506e-12 
outer mgc:  0.007424795 
iter: 1  value: 12528.66 mgc: 12.04676 ustep: 1 
iter: 2  value: 12528.66 mgc: 1.881424e-06 ustep: 1 
iter: 3  mgc: 2.12852e-12 
iter: 1  mgc: 2.12852e-12 
outer mgc:  0.005161994 
iter: 1  value: 12521.45 mgc: 9.516187 ustep: 1 
iter: 2  value: 12521.45 mgc: 1.530959e-06 ustep: 1 
iter: 3  mgc: 2.54774e-12 
iter: 1  mgc: 2.54774e-12 
outer mgc:  0.008085726 
iter: 1  value: 12514.79 mgc: 8.029742 ustep: 1 
iter: 2  value: 12514.79 mgc: 1.108015e-06 ustep: 1 
iter: 3  mgc: 4.718448e-12 
iter: 1  mgc: 4.718448e-12 
outer mgc:  0.006371937 
iter: 1  value: 12506.56 mgc: 10.86852 ustep: 1 
iter: 2  value: 12506.56 mgc: 1.10001e-06 ustep: 1 
iter: 3  mgc: 2.840839e-12 
iter: 1  mgc: 2.840839e-12 
outer mgc:  0.003469408 
iter: 1  value: 12497.38 mgc: 15.46723 ustep: 1 
iter: 2  value: 12497.38 mgc: 8.193868e-07 ustep: 1 
iter: 3  mgc: 6.713408e-12 
iter: 1  mgc: 6.713408e-12 
outer mgc:  0.005771444 
iter: 1  value: 12486.34 mgc: 27.99847 ustep: 1 
iter: 2  value: 12486.34 mgc: 8.073116e-07 ustep: 1 
iter: 3  mgc: 3.346212e-12 
iter: 1  mgc: 3.346212e-12 
outer mgc:  0.009965482 
iter: 1  value: 12474.34 mgc: 46.47865 ustep: 1 
iter: 2  value: 12474.34 mgc: 6.603504e-07 ustep: 1 
iter: 3  mgc: 6.256773e-12 
iter: 1  mgc: 6.256773e-12 
outer mgc:  0.01051217 
iter: 1  value: 12462.58 mgc: 74.54461 ustep: 1 
iter: 2  value: 12462.58 mgc: 5.368923e-07 ustep: 1 
iter: 3  mgc: 1.181777e-11 
iter: 1  mgc: 1.181777e-11 
outer mgc:  0.007271043 
iter: 1  value: 12452.57 mgc: 123.0276 ustep: 1 
iter: 2  value: 12452.57 mgc: 4.321137e-07 ustep: 1 
iter: 3  mgc: 1.242037e-11 
iter: 1  mgc: 1.242037e-11 
outer mgc:  0.005009437 
iter: 1  value: 12445.45 mgc: 160.9689 ustep: 1 
iter: 2  value: 12445.45 mgc: 4.85543e-07 ustep: 1 
iter: 3  mgc: 1.004619e-11 
iter: 1  mgc: 1.004619e-11 
outer mgc:  0.004006116 
iter: 1  value: 12442.05 mgc: 162.6221 ustep: 1 
iter: 2  value: 12442.05 mgc: 4.610375e-07 ustep: 1 
iter: 3  mgc: 1.456169e-11 
iter: 1  mgc: 1.456169e-11 
outer mgc:  0.002527161 
iter: 1  value: 12442.55 mgc: 121.2777 ustep: 1 
iter: 2  value: 12442.55 mgc: 3.344544e-07 ustep: 1 
iter: 3  mgc: 2.117384e-11 
iter: 1  mgc: 2.117384e-11 
outer mgc:  0.001751646 
iter: 1  value: 12442.98 mgc: 8.886735 ustep: 1 
iter: 2  mgc: 2.695653e-09 
iter: 1  value: 12444.3 mgc: 26.37706 ustep: 1 
iter: 2  value: 12444.3 mgc: 2.521815e-08 ustep: 1 
mgc: 1.525136e-11 
iter: 1  value: 12446.61 mgc: 43.74942 ustep: 1 
iter: 2  value: 12446.61 mgc: 8.050592e-08 ustep: 1 
iter: 3  mgc: 2.652666e-11 
iter: 1  mgc: 2.652666e-11 
outer mgc:  0.001583954 
iter: 1  value: 12450.8 mgc: 23.84452 ustep: 1 
iter: 2  value: 12450.8 mgc: 8.787739e-08 ustep: 1 
iter: 3  mgc: 1.593481e-11 
iter: 1  value: 12456.74 mgc: 28.86386 ustep: 1 
iter: 2  value: 12456.74 mgc: 2.125387e-07 ustep: 1 
iter: 3  mgc: 8.509748e-12 
iter: 1  mgc: 8.509748e-12 
outer mgc:  0.002090739 
iter: 1  value: 12467.95 mgc: 30.45588 ustep: 1 
iter: 2  value: 12467.95 mgc: 3.796207e-07 ustep: 1 
iter: 3  mgc: 8.157919e-12 
iter: 1  mgc: 8.157919e-12 
outer mgc:  0.001950317 
iter: 1  value: 12474.99 mgc: 45.45176 ustep: 1 
iter: 2  value: 12474.99 mgc: 3.997529e-07 ustep: 1 
iter: 3  mgc: 5.868861e-12 
iter: 1  mgc: 5.868861e-12 
outer mgc:  0.001603342 
iter: 1  value: 12472.24 mgc: 7.967127 ustep: 1 
iter: 2  value: 12472.24 mgc: 1.420565e-07 ustep: 1 
iter: 3  mgc: 5.227985e-12 
iter: 1  mgc: 5.227985e-12 
outer mgc:  0.002159988 
iter: 1  value: 12471.33 mgc: 19.37193 ustep: 1 
iter: 2  value: 12471.33 mgc: 6.755936e-07 ustep: 1 
iter: 3  mgc: 5.007772e-12 
iter: 1  mgc: 5.007772e-12 
outer mgc:  0.003529917 
iter: 1  value: 12474.34 mgc: 40.70084 ustep: 1 
iter: 2  value: 12474.34 mgc: 3.707213e-06 ustep: 1 
iter: 3  mgc: 4.3891e-12 
iter: 1  mgc: 4.3891e-12 
outer mgc:  0.009682925 
iter: 1  value: 12479.7 mgc: 15.33242 ustep: 1 
iter: 2  value: 12479.7 mgc: 1.21761e-06 ustep: 1 
iter: 3  mgc: 3.812159e-12 
iter: 1  value: 12487.7 mgc: 16.80294 ustep: 1 
iter: 2  value: 12487.7 mgc: 3.156994e-06 ustep: 1 
iter: 3  mgc: 3.296696e-12 
iter: 1  mgc: 3.296696e-12 
outer mgc:  0.02039158 
iter: 1  value: 12497.8 mgc: 20.73496 ustep: 1 
iter: 2  value: 12497.8 mgc: 5.825981e-06 ustep: 1 
iter: 3  mgc: 2.420952e-12 
iter: 1  mgc: 2.420952e-12 
outer mgc:  0.01930736 
iter: 1  value: 12487.5 mgc: 29.12718 ustep: 1 
iter: 2  value: 12487.5 mgc: 1.942634e-06 ustep: 1 
iter: 3  mgc: 2.529532e-12 
iter: 1  mgc: 2.529532e-12 
outer mgc:  0.006484293 
iter: 1  value: 12485.34 mgc: 25.13116 ustep: 1 
iter: 2  value: 12485.34 mgc: 9.513637e-07 ustep: 1 
iter: 3  mgc: 2.750133e-12 
iter: 1  mgc: 2.750133e-12 
outer mgc:  0.004252581 
iter: 1  value: 12484.87 mgc: 2.843751 ustep: 1 
iter: 2  value: 12484.87 mgc: 4.818998e-08 ustep: 1 
iter: 3  mgc: 2.561507e-12 
iter: 1  mgc: 2.561507e-12 
outer mgc:  0.001957163 
iter: 1  value: 12483.3 mgc: 18.71685 ustep: 1 
iter: 2  value: 12483.3 mgc: 1.528577e-06 ustep: 1 
iter: 3  mgc: 3.586242e-12 
iter: 1  mgc: 3.586242e-12 
outer mgc:  0.01291283 
iter: 1  value: 12483.08 mgc: 30.04197 ustep: 1 
iter: 2  value: 12483.08 mgc: 2.471262e-06 ustep: 1 
iter: 3  mgc: 5.358936e-12 
iter: 1  mgc: 5.358936e-12 
outer mgc:  0.02307111 
iter: 1  value: 12483.26 mgc: 48.36955 ustep: 1 
iter: 2  value: 12483.26 mgc: 4.656482e-06 ustep: 1 
iter: 3  mgc: 7.318604e-12 
iter: 1  mgc: 7.318604e-12 
outer mgc:  0.02804417 
iter: 1  value: 12482.82 mgc: 6.851864 ustep: 1 
iter: 2  value: 12482.82 mgc: 8.481532e-08 ustep: 1 
iter: 3  mgc: 4.009126e-12 
iter: 1  value: 12481.54 mgc: 20.67759 ustep: 1 
iter: 2  value: 12481.54 mgc: 7.38243e-07 ustep: 1 
iter: 3  mgc: 5.720611e-12 
iter: 1  mgc: 5.720611e-12 
outer mgc:  0.02201054 
iter: 1  value: 12477.56 mgc: 47.16472 ustep: 1 
iter: 2  value: 12477.56 mgc: 4.037666e-06 ustep: 1 
iter: 3  mgc: 6.074474e-12 
iter: 1  mgc: 6.074474e-12 
outer mgc:  0.008794223 
iter: 1  value: 12475.46 mgc: 26.03198 ustep: 1 
iter: 2  value: 12475.46 mgc: 2.099587e-06 ustep: 1 
iter: 3  mgc: 5.678458e-12 
iter: 1  mgc: 5.678458e-12 
outer mgc:  0.01299185 
iter: 1  value: 12473.3 mgc: 43.86289 ustep: 1 
iter: 2  value: 12473.3 mgc: 6.361908e-06 ustep: 1 
iter: 3  mgc: 4.355405e-12 
iter: 1  mgc: 4.355405e-12 
outer mgc:  0.03071438 
iter: 1  value: 12470.76 mgc: 60.31433 ustep: 1 
iter: 2  value: 12470.76 mgc: 5.196609e-06 ustep: 1 
iter: 3  mgc: 5.222045e-12 
iter: 1  mgc: 5.222045e-12 
outer mgc:  0.03187243 
iter: 1  value: 12464.59 mgc: 52.28044 ustep: 1 
iter: 2  value: 12464.59 mgc: 1.341104e-06 ustep: 1 
iter: 3  mgc: 6.712186e-12 
iter: 1  mgc: 6.712186e-12 
outer mgc:  0.02052376 
iter: 1  value: 12453.06 mgc: 47.84786 ustep: 1 
iter: 2  value: 12453.06 mgc: 1.641835e-06 ustep: 1 
iter: 3  mgc: 5.959455e-12 
iter: 1  mgc: 5.959455e-12 
outer mgc:  0.003397813 
iter: 1  value: 12442.78 mgc: 21.4754 ustep: 1 
iter: 2  value: 12442.78 mgc: 2.927854e-07 ustep: 1 
iter: 3  mgc: 7.685345e-12 
iter: 1  mgc: 7.685345e-12 
outer mgc:  0.005701868 
iter: 1  value: 12425.13 mgc: 12.11941 ustep: 1 
iter: 2  value: 12425.13 mgc: 6.462334e-07 ustep: 1 
iter: 3  mgc: 8.800571e-12 
iter: 1  mgc: 8.800571e-12 
outer mgc:  0.008883804 
iter: 1  value: 12410.34 mgc: 27.244 ustep: 1 
iter: 2  value: 12410.34 mgc: 1.993012e-07 ustep: 1 
iter: 3  mgc: 1.276333e-11 
iter: 1  mgc: 1.276333e-11 
outer mgc:  0.008687354 
iter: 1  value: 12388.82 mgc: 59.88179 ustep: 1 
iter: 2  value: 12388.82 mgc: 7.396671e-07 ustep: 1 
iter: 3  mgc: 2.944592e-11 
iter: 1  mgc: 2.944592e-11 
outer mgc:  0.007387867 
iter: 1  value: 12371.45 mgc: 98.94318 ustep: 1 
iter: 2  value: 12371.45 mgc: 1.133401e-06 ustep: 1 
iter: 3  mgc: 4.52578e-11 
iter: 1  mgc: 4.52578e-11 
outer mgc:  0.006471715 
iter: 1  value: 12356.36 mgc: 49.8275 ustep: 1 
iter: 2  value: 12356.36 mgc: 1.215769e-07 ustep: 1 
iter: 3  mgc: 2.870681e-11 
iter: 1  mgc: 2.870681e-11 
outer mgc:  0.003447245 
iter: 1  value: 12337.02 mgc: 76.85765 ustep: 1 
iter: 2  value: 12337.02 mgc: 5.220949e-08 ustep: 1 
iter: 3  mgc: 7.339462e-11 
iter: 1  mgc: 7.339462e-11 
outer mgc:  0.002411864 
iter: 1  value: 12320.83 mgc: 22.0156 ustep: 1 
iter: 2  value: 12320.83 mgc: 3.935133e-08 ustep: 1 
mgc: 5.961609e-11 
iter: 1  mgc: 5.961609e-11 
outer mgc:  0.001088706 
iter: 1  mgc: 5.961609e-11 
iter: 1  mgc: 5.961609e-11 
outer mgc:  0.001088706 
iter: 1  value: 12320.83 mgc: 0.004245774 ustep: 1 
iter: 2  value: 12320.83 mgc: 5.461503e-08 ustep: 1 
iter: 3  mgc: 9.382239e-11 
outer mgc:  0.1281588 
iter: 1  value: 12320.83 mgc: 0.004242276 ustep: 1 
iter: 2  value: 12320.83 mgc: 5.45185e-08 ustep: 1 
iter: 3  mgc: 8.967404e-11 
outer mgc:  0.1269477 
iter: 1  value: 12320.83 mgc: 0.002214303 ustep: 1 
iter: 2  value: 12320.83 mgc: 1.370276e-08 ustep: 1 
mgc: 1.121749e-10 
outer mgc:  0.05709268 
iter: 1  value: 12320.83 mgc: 0.00221277 ustep: 1 
iter: 2  value: 12320.83 mgc: 1.370272e-08 ustep: 1 
mgc: 8.314172e-11 
outer mgc:  0.05662265 
iter: 1  value: 12320.83 mgc: 0.003833678 ustep: 1 
iter: 2  value: 12320.83 mgc: 5.921167e-08 ustep: 1 
iter: 3  mgc: 1.044056e-10 
outer mgc:  0.1136764 
iter: 1  value: 12320.83 mgc: 0.003830629 ustep: 1 
iter: 2  value: 12320.83 mgc: 5.915079e-08 ustep: 1 
iter: 3  mgc: 8.681722e-11 
outer mgc:  0.1137523 
iter: 1  value: 12320.83 mgc: 0.001758906 ustep: 1 
iter: 2  value: 12320.83 mgc: 1.294972e-08 ustep: 1 
mgc: 9.456835e-11 
outer mgc:  0.04219857 
iter: 1  value: 12320.83 mgc: 0.001757557 ustep: 1 
iter: 2  value: 12320.83 mgc: 1.295827e-08 ustep: 1 
mgc: 6.980461e-11 
outer mgc:  0.04164815 
iter: 1  value: 12320.84 mgc: 0.006781919 ustep: 1 
iter: 2  value: 12320.84 mgc: 5.944852e-08 ustep: 1 
iter: 3  mgc: 8.88204e-11 
outer mgc:  0.2501436 
iter: 1  value: 12320.83 mgc: 0.006780743 ustep: 1 
iter: 2  value: 12320.83 mgc: 5.933294e-08 ustep: 1 
iter: 3  mgc: 5.687717e-11 
outer mgc:  0.251159 
iter: 1  value: 12320.84 mgc: 0.003721897 ustep: 1 
iter: 2  value: 12320.84 mgc: 2.489169e-08 ustep: 1 
mgc: 1.119164e-10 
outer mgc:  0.1462455 
iter: 1  value: 12320.83 mgc: 0.003722253 ustep: 1 
iter: 2  value: 12320.83 mgc: 2.491486e-08 ustep: 1 
mgc: 7.554779e-11 
outer mgc:  0.1464496 
iter: 1  value: 12320.83 mgc: 0.0044409 ustep: 1 
iter: 2  value: 12320.83 mgc: 1.615975e-08 ustep: 1 
mgc: 7.700285e-11 
outer mgc:  0.147183 
iter: 1  value: 12320.83 mgc: 0.004438241 ustep: 1 
iter: 2  value: 12320.83 mgc: 1.613684e-08 ustep: 1 
mgc: 7.563461e-11 
outer mgc:  0.1452157 
iter: 1  value: 12320.83 mgc: 0.001558524 ustep: 1 
iter: 2  mgc: 2.990339e-09 
outer mgc:  0.04451215 
iter: 1  value: 12320.83 mgc: 0.001557283 ustep: 1 
iter: 2  mgc: 2.989807e-09 
outer mgc:  0.04397576 
iter: 1  value: 12320.83 mgc: 0.002638603 ustep: 1 
iter: 2  value: 12320.83 mgc: 1.412799e-07 ustep: 1 
iter: 3  mgc: 8.651209e-11 
outer mgc:  0.06680879 
iter: 1  value: 12320.84 mgc: 0.002636223 ustep: 1 
iter: 2  value: 12320.84 mgc: 1.409755e-07 ustep: 1 
iter: 3  mgc: 7.800383e-11 
outer mgc:  0.06667471 
iter: 1  value: 12320.83 mgc: 0.001759682 ustep: 1 
iter: 2  value: 12320.83 mgc: 4.990737e-08 ustep: 1 
iter: 3  mgc: 8.252821e-11 
outer mgc:  0.04253277 
iter: 1  value: 12320.84 mgc: 0.00175831 ustep: 1 
iter: 2  value: 12320.84 mgc: 4.982947e-08 ustep: 1 
iter: 3  mgc: 1.313551e-10 
outer mgc:  0.04294779 
iter: 1  value: 12320.88 mgc: 164.101 ustep: 1 
iter: 2  value: 12320.88 mgc: 2.285734e-07 ustep: 1 
iter: 3  mgc: 7.984813e-11 
outer mgc:  0.006657172 
iter: 1  value: 12320.79 mgc: 164.2651 ustep: 1 
iter: 2  value: 12320.79 mgc: 2.279835e-07 ustep: 1 
iter: 3  mgc: 9.24083e-11 
outer mgc:  0.007357104 
iter: 1  value: 12320.88 mgc: 41.55683 ustep: 1 
iter: 2  value: 12320.88 mgc: 7.283529e-08 ustep: 1 
iter: 3  mgc: 7.385104e-11 
outer mgc:  0.002345545 
iter: 1  value: 12320.78 mgc: 41.5984 ustep: 1 
iter: 2  value: 12320.78 mgc: 7.268454e-08 ustep: 1 
iter: 3  mgc: 7.518564e-11 
outer mgc:  0.002496257 
iter: 1  value: 12320.87 mgc: 227.5553 ustep: 1 
iter: 2  value: 12320.87 mgc: 4.423156e-07 ustep: 1 
iter: 3  mgc: 1.324834e-10 
outer mgc:  0.0200671 
iter: 1  value: 12320.79 mgc: 227.783 ustep: 1 
iter: 2  value: 12320.79 mgc: 4.429486e-07 ustep: 1 
iter: 3  mgc: 1.119762e-10 
outer mgc:  0.01822144 
iter: 1  value: 12320.88 mgc: 408.0587 ustep: 1 
iter: 2  value: 12320.88 mgc: 1.493685e-07 ustep: 1 
iter: 3  mgc: 7.526468e-11 
outer mgc:  0.004946556 
iter: 1  value: 12320.78 mgc: 409.2847 ustep: 1 
iter: 2  value: 12320.78 mgc: 1.490739e-07 ustep: 1 
iter: 3  mgc: 7.809842e-11 
outer mgc:  0.005909133 
iter: 1  value: 12320.86 mgc: 306.7484 ustep: 1 
iter: 2  value: 12320.86 mgc: 2.481933e-06 ustep: 1 
iter: 3  mgc: 7.714873e-11 
outer mgc:  0.02650307 
iter: 1  value: 12320.8 mgc: 307.0553 ustep: 1 
iter: 2  value: 12320.8 mgc: 2.476125e-06 ustep: 1 
iter: 3  mgc: 8.545209e-11 
outer mgc:  0.02559693 
iter: 1  value: 12320.82 mgc: 32.66514 ustep: 1 
iter: 2  value: 12320.82 mgc: 5.967292e-08 ustep: 1 
iter: 3  mgc: 6.576434e-11 
outer mgc:  0.001680291 
iter: 1  value: 12320.85 mgc: 32.66595 ustep: 1 
iter: 2  value: 12320.85 mgc: 5.979399e-08 ustep: 1 
iter: 3  mgc: 8.157191e-11 
outer mgc:  0.003111982 
iter: 1  value: 12320.82 mgc: 27.84941 ustep: 1 
iter: 2  value: 12320.82 mgc: 1.156767e-08 ustep: 1 
mgc: 7.981757e-11 
outer mgc:  0.001073851 
iter: 1  value: 12320.85 mgc: 27.8515 ustep: 1 
iter: 2  value: 12320.85 mgc: 1.156205e-08 ustep: 1 
mgc: 1.083488e-10 
outer mgc:  0.001690852 
iter: 1  value: 12320.82 mgc: 41.44782 ustep: 1 
iter: 2  value: 12320.82 mgc: 2.29843e-08 ustep: 1 
iter: 3  mgc: 1.195092e-10 
outer mgc:  0.002651342 
iter: 1  value: 12320.84 mgc: 41.43901 ustep: 1 
iter: 2  value: 12320.84 mgc: 2.299382e-08 ustep: 1 
iter: 3  mgc: 1.158094e-10 
outer mgc:  0.00196408 
iter: 1  value: 12320.83 mgc: 1.834113 ustep: 1 
iter: 2  mgc: 9.953705e-11 
outer mgc:  0.001067776 
iter: 1  value: 12320.83 mgc: 1.834096 ustep: 1 
iter: 2  mgc: 1.265406e-10 
outer mgc:  0.001109637 
iter: 1  value: 12320.83 mgc: 1.612244 ustep: 1 
iter: 2  mgc: 5.204615e-11 
outer mgc:  0.001090942 
iter: 1  value: 12320.83 mgc: 1.612227 ustep: 1 
iter: 2  mgc: 1.318891e-10 
outer mgc:  0.00108647 
iter: 1  value: 12320.83 mgc: 1.533411 ustep: 1 
iter: 2  mgc: 9.9043e-11 
outer mgc:  0.001108765 
iter: 1  value: 12320.83 mgc: 1.533393 ustep: 1 
iter: 2  mgc: 1.015108e-10 
outer mgc:  0.001068647 
iter: 1  value: 12320.83 mgc: 0.5596582 ustep: 1 
iter: 2  mgc: 1.334194e-10 
outer mgc:  0.001083965 
iter: 1  value: 12320.83 mgc: 0.5596587 ustep: 1 
iter: 2  mgc: 1.099765e-10 
outer mgc:  0.001093447 
iter: 1  value: 12320.83 mgc: 0.700904 ustep: 1 
iter: 2  mgc: 8.70264e-11 
outer mgc:  0.001072021 
iter: 1  value: 12320.83 mgc: 0.7009051 ustep: 1 
iter: 2  mgc: 7.418699e-11 
outer mgc:  0.001105391 
iter: 1  value: 12320.83 mgc: 0.7333137 ustep: 1 
iter: 2  mgc: 9.567858e-11 
outer mgc:  0.001100585 
iter: 1  value: 12320.83 mgc: 0.7333128 ustep: 1 
iter: 2  mgc: 6.994766e-11 
outer mgc:  0.001076828 
iter: 1  value: 12320.83 mgc: 0.01289119 ustep: 1 
iter: 2  mgc: 7.721224e-11 
outer mgc:  0.001089227 
iter: 1  value: 12320.83 mgc: 0.01287433 ustep: 1 
iter: 2  mgc: 7.834111e-11 
outer mgc:  0.001088185 
iter: 1  value: 12320.82 mgc: 0.004730812 ustep: 1 
iter: 2  value: 12320.82 mgc: 1.428049e-07 ustep: 1 
iter: 3  mgc: 1.132993e-10 
outer mgc:  0.1785125 
iter: 1  value: 12320.84 mgc: 0.004728022 ustep: 1 
iter: 2  value: 12320.84 mgc: 1.425055e-07 ustep: 1 
iter: 3  mgc: 1.17077e-10 
outer mgc:  0.1806634 
[Fri Aug 13 13:04:45 2021]
Finished job 0.
1 of 1 steps (100%) done
