Building DAG of jobs...
Using shell: /usr/bin/bash
Provided cores: 1 (use --cores to define parallelism)
Rules claiming more threads will be scaled down.
Job counts:
	count	jobs
	1	inference_simulation_TMB_multiple
	1

[Sun Aug 15 07:12:49 2021]
rule inference_simulation_TMB_multiple:
    input: ../data/assessing_models_simulation/datasets/multiple_GenerationJnorm2_100_100_10_5_0_NA_NA_NA_dataset0.RDS
    output: ../data/assessing_models_simulation/inference_results/TMB/nlminb/multiple_GenerationJnorm2_100_100_10_5_0_fullREM_NA_NA_NA_dataset0.RDS
    log: logs/inference/nlminb/simulation_GenerationJnorm2_100_100_10_5_0_ModelfullREM_NA_NA_NA_dataset0.log
    jobid: 0
    wildcards: optimiser=nlminb, datasetgeneration=GenerationJnorm2, n=100, nlambda=100, lmbda=10, d=5, beta_intensity=0, model=fullREM, fixed_beta_intercept=NA, fixed_beta_slope=NA, sdRE_input=NA, itnum=0

Rscript 2_inference_TMB/run_TMB.R --input ../data/assessing_models_simulation/datasets/multiple_GenerationJnorm2_100_100_10_5_0_NA_NA_NA_dataset0.RDS --output ../data/assessing_models_simulation/inference_results/TMB/nlminb/multiple_GenerationJnorm2_100_100_10_5_0_fullREM_NA_NA_NA_dataset0.RDS --model fullREM --optimiser nlminb
Model: fullREM 
Feature type: signatures 
Using nlminb: TRUE 
Simulation boolean: TRUE 
make: Nothing to be done for 'all'.
../data/assessing_models_simulation/datasets/multiple_GenerationJnorm2_100_100_10_5_0_NA_NA_NA_dataset0.RDS[1] "../data/assessing_models_simulation/datasets/multiple_GenerationJnorm2_100_100_10_5_0_NA_NA_NA_dataset0.RDS"
Reading file ../data/assessing_models_simulation/datasets/multiple_GenerationJnorm2_100_100_10_5_0_NA_NA_NA_dataset0.RDS 
Loading required package: nnet
# weights:  15 (8 variable)
initial  value 32061.612654 
iter  10 value 29532.251817
final  value 29397.349777 
converged
Order of parameters:
[1] "beta"       "u_large"    "logs_sd_RE" "cov_par_RE"
Not matching template order:
[1] "beta"       "u_large"    "cov_par_RE" "logs_sd_RE"
Your parameter list has been re-ordered.
(Disable this warning with checkParameterOrder=FALSE)
Constructing atomic invpd
Constructing atomic D_lgamma
Constructing atomic invpd
Constructing atomic D_lgamma
Constructing atomic matmul
Constructing atomic invpd
Constructing atomic D_lgamma
Constructing atomic matmul
Optimizing tape... Done
iter: 1  value: 10010.95 mgc: 130.9537 ustep: 1 
iter: 2  value: 6601.283 mgc: 83.13963 ustep: 0.1336527 
iter: 3  value: 4796.888 mgc: 126.0655 ustep: 0.3656489 
iter: 4  value: 4726.204 mgc: 57.57601 ustep: 0.3712568 
iter: 5  value: 4505.576 mgc: 104.8706 ustep: 0.6093475 
iter: 6  value: 4494.16 mgc: 37.97301 ustep: 0.7806291 
iter: 7  value: 4472.796 mgc: 42.35222 ustep: 0.8835438 
iter: 8  value: 4472.397 mgc: 2.878354 ustep: 0.9399761 
iter: 9  value: 4472.396 mgc: 0.2386655 ustep: 0.9695267 
iter: 10  value: 4472.396 mgc: 0.001301045 ustep: 0.984647 
iter: 11  value: 4472.396 mgc: 5.612992e-06 ustep: 0.9922946 
iter: 12  value: 4472.396 mgc: 2.242946e-08 ustep: 0.9961402 
iter: 13  mgc: 4.163514e-11 
iter: 1  mgc: 4.163514e-11 
Matching hessian patterns... Done
outer mgc:  370.4795 
iter: 1  value: 4276.391 mgc: 30.20306 ustep: 1 
iter: 2  value: 4269.326 mgc: 3.871613 ustep: 1 
iter: 3  value: 4269.322 mgc: 0.11244 ustep: 1 
iter: 4  value: 4269.322 mgc: 0.0002490871 ustep: 1 
iter: 5  mgc: 1.23115e-09 
iter: 1  mgc: 1.23115e-09 
outer mgc:  184.6164 
iter: 1  value: 4490.855 mgc: 18.84447 ustep: 1 
iter: 2  value: 4490.353 mgc: 1.393259 ustep: 1 
iter: 3  value: 4490.353 mgc: 0.01313914 ustep: 1 
iter: 4  value: 4490.353 mgc: 1.750548e-06 ustep: 1 
iter: 5  mgc: 4.274359e-14 
iter: 1  value: 4237.379 mgc: 5.09143 ustep: 1 
iter: 2  value: 4237.376 mgc: 0.1029645 ustep: 1 
iter: 3  value: 4237.376 mgc: 8.817382e-05 ustep: 1 
iter: 4  mgc: 8.080012e-11 
iter: 1  mgc: 8.080012e-11 
outer mgc:  66.07128 
iter: 1  value: 4214.912 mgc: 9.313141 ustep: 1 
iter: 2  value: 4214.882 mgc: 0.2352486 ustep: 1 
iter: 3  value: 4214.882 mgc: 0.0004524427 ustep: 1 
iter: 4  value: 4214.882 mgc: 2.449307e-08 ustep: 1 
iter: 5  mgc: 4.851675e-14 
iter: 1  mgc: 4.851675e-14 
outer mgc:  92.58169 
iter: 1  value: 4168.301 mgc: 7.183344 ustep: 1 
iter: 2  value: 4168.235 mgc: 0.2191694 ustep: 1 
iter: 3  value: 4168.235 mgc: 0.001944817 ustep: 1 
iter: 4  value: 4168.235 mgc: 5.623354e-07 ustep: 1 
iter: 5  mgc: 4.72955e-14 
iter: 1  mgc: 4.72955e-14 
outer mgc:  106.3665 
iter: 1  value: 4101.394 mgc: 42.3241 ustep: 1 
iter: 2  value: 4082.032 mgc: 8.261456 ustep: 1 
iter: 3  value: 4082.003 mgc: 0.3155083 ustep: 1 
iter: 4  value: 4082.003 mgc: 0.002012955 ustep: 1 
iter: 5  value: 4082.003 mgc: 2.905754e-07 ustep: 1 
iter: 6  mgc: 3.130829e-14 
iter: 1  mgc: 3.130829e-14 
outer mgc:  85.68503 
iter: 1  value: 4116.836 mgc: 41.401 ustep: 1 
iter: 2  value: 4049.477 mgc: 12.19478 ustep: 1 
iter: 3  value: 4048.98 mgc: 0.988843 ustep: 1 
iter: 4  value: 4048.98 mgc: 0.02598292 ustep: 1 
iter: 5  value: 4048.98 mgc: 1.953875e-05 ustep: 1 
iter: 6  mgc: 1.106393e-11 
iter: 1  mgc: 1.106393e-11 
outer mgc:  108.4069 
iter: 1  value: 4089.438 mgc: 23.31646 ustep: 1 
iter: 2  value: 4086.413 mgc: 2.379821 ustep: 1 
iter: 3  value: 4086.412 mgc: 0.05062395 ustep: 1 
iter: 4  value: 4086.412 mgc: 0.0002080176 ustep: 1 
iter: 5  mgc: 5.687957e-09 
iter: 1  value: 4024.871 mgc: 7.316369 ustep: 1 
iter: 2  value: 4024.845 mgc: 0.239306 ustep: 1 
iter: 3  value: 4024.845 mgc: 0.0004625646 ustep: 1 
iter: 4  mgc: 5.037236e-09 
iter: 1  mgc: 5.037236e-09 
outer mgc:  50.15313 
iter: 1  value: 4019.012 mgc: 10.95378 ustep: 1 
iter: 2  value: 4018.41 mgc: 0.821908 ustep: 1 
iter: 3  value: 4018.41 mgc: 0.007780003 ustep: 1 
iter: 4  value: 4018.41 mgc: 1.750008e-06 ustep: 1 
iter: 5  mgc: 4.585221e-13 
iter: 1  mgc: 4.585221e-13 
outer mgc:  111.0995 
iter: 1  value: 4010.082 mgc: 9.449659 ustep: 1 
iter: 2  value: 4009.968 mgc: 0.3978688 ustep: 1 
iter: 3  value: 4009.968 mgc: 0.001202508 ustep: 1 
iter: 4  value: 4009.968 mgc: 2.848987e-08 ustep: 1 
iter: 5  mgc: 3.441691e-14 
iter: 1  mgc: 3.441691e-14 
outer mgc:  77.38816 
iter: 1  value: 4003.017 mgc: 14.52414 ustep: 1 
iter: 2  value: 4002.709 mgc: 0.6953163 ustep: 1 
iter: 3  value: 4002.709 mgc: 0.004826333 ustep: 1 
iter: 4  value: 4002.709 mgc: 2.420924e-07 ustep: 1 
iter: 5  mgc: 4.857226e-14 
iter: 1  mgc: 4.857226e-14 
outer mgc:  34.72772 
iter: 1  value: 3999.217 mgc: 9.187815 ustep: 1 
iter: 2  value: 3999.183 mgc: 0.2581294 ustep: 1 
iter: 3  value: 3999.183 mgc: 0.0006368621 ustep: 1 
iter: 4  mgc: 4.945597e-09 
iter: 1  mgc: 4.945597e-09 
outer mgc:  70.19762 
iter: 1  value: 4012.095 mgc: 6.978072 ustep: 1 
iter: 2  value: 4012.073 mgc: 0.1801634 ustep: 1 
iter: 3  value: 4012.073 mgc: 0.0003832878 ustep: 1 
iter: 4  mgc: 3.060993e-09 
iter: 1  value: 3996.629 mgc: 1.8836 ustep: 1 
iter: 2  value: 3996.629 mgc: 0.01591629 ustep: 1 
iter: 3  value: 3996.629 mgc: 1.691404e-06 ustep: 1 
iter: 4  mgc: 6.905587e-14 
iter: 1  mgc: 6.905587e-14 
outer mgc:  59.90776 
iter: 1  value: 3993.701 mgc: 6.637944 ustep: 1 
iter: 2  value: 3993.69 mgc: 0.1207633 ustep: 1 
iter: 3  value: 3993.69 mgc: 0.0001463209 ustep: 1 
iter: 4  mgc: 3.494315e-10 
iter: 1  mgc: 3.494315e-10 
outer mgc:  26.62182 
iter: 1  value: 3992.063 mgc: 1.142584 ustep: 1 
iter: 2  value: 3992.063 mgc: 0.008872938 ustep: 1 
iter: 3  value: 3992.063 mgc: 1.055797e-06 ustep: 1 
iter: 4  mgc: 3.308465e-14 
iter: 1  mgc: 3.308465e-14 
outer mgc:  18.10928 
iter: 1  value: 3991.101 mgc: 1.534768 ustep: 1 
iter: 2  value: 3991.101 mgc: 0.007820433 ustep: 1 
iter: 3  value: 3991.101 mgc: 6.341268e-07 ustep: 1 
iter: 4  mgc: 3.885781e-14 
iter: 1  mgc: 3.885781e-14 
outer mgc:  13.28125 
iter: 1  value: 3989.922 mgc: 1.587327 ustep: 1 
iter: 2  value: 3989.922 mgc: 0.008003637 ustep: 1 
iter: 3  value: 3989.922 mgc: 5.89137e-07 ustep: 1 
iter: 4  mgc: 4.574119e-14 
iter: 1  mgc: 4.574119e-14 
outer mgc:  11.8116 
iter: 1  value: 3989.589 mgc: 1.984689 ustep: 1 
iter: 2  value: 3989.588 mgc: 0.01563993 ustep: 1 
iter: 3  value: 3989.588 mgc: 3.947768e-06 ustep: 1 
iter: 4  mgc: 1.958211e-12 
iter: 1  mgc: 1.958211e-12 
outer mgc:  10.98917 
iter: 1  value: 3990.055 mgc: 2.419666 ustep: 1 
iter: 2  value: 3990.054 mgc: 0.01919282 ustep: 1 
iter: 3  value: 3990.054 mgc: 4.85067e-05 ustep: 1 
iter: 4  mgc: 3.446581e-10 
iter: 1  mgc: 3.446581e-10 
outer mgc:  11.50017 
iter: 1  value: 3989.984 mgc: 1.768963 ustep: 1 
iter: 2  value: 3989.984 mgc: 0.01406429 ustep: 1 
iter: 3  value: 3989.984 mgc: 1.805264e-05 ustep: 1 
iter: 4  mgc: 4.033662e-11 
iter: 1  value: 3989.867 mgc: 1.110382 ustep: 1 
iter: 2  value: 3989.867 mgc: 0.003757372 ustep: 1 
iter: 3  value: 3989.867 mgc: 3.496535e-07 ustep: 1 
iter: 4  mgc: 3.241851e-14 
iter: 1  mgc: 3.241851e-14 
outer mgc:  23.71312 
iter: 1  value: 3989.483 mgc: 0.8287763 ustep: 1 
iter: 2  value: 3989.483 mgc: 0.001974287 ustep: 1 
iter: 3  value: 3989.483 mgc: 2.66343e-08 ustep: 1 
mgc: 3.308465e-14 
iter: 1  mgc: 3.308465e-14 
outer mgc:  4.11315 
iter: 1  value: 3989.204 mgc: 0.3802628 ustep: 1 
iter: 2  value: 3989.204 mgc: 0.00058332 ustep: 1 
iter: 3  value: 3989.204 mgc: 2.170793e-08 ustep: 1 
iter: 4  mgc: 4.996004e-14 
iter: 1  mgc: 4.996004e-14 
outer mgc:  4.337395 
iter: 1  value: 3989.089 mgc: 0.5744332 ustep: 1 
iter: 2  value: 3989.089 mgc: 0.001540829 ustep: 1 
iter: 3  value: 3989.089 mgc: 2.66499e-08 ustep: 1 
mgc: 4.674039e-14 
iter: 1  mgc: 4.674039e-14 
outer mgc:  7.671901 
iter: 1  value: 3989.03 mgc: 0.3694741 ustep: 1 
iter: 2  value: 3989.03 mgc: 0.0006091417 ustep: 1 
iter: 3  mgc: 3.8383e-09 
iter: 1  mgc: 3.8383e-09 
outer mgc:  2.619181 
iter: 1  value: 3989.004 mgc: 0.2618132 ustep: 1 
iter: 2  value: 3989.004 mgc: 0.0002139789 ustep: 1 
iter: 3  mgc: 4.34567e-10 
iter: 1  mgc: 4.34567e-10 
outer mgc:  2.404488 
iter: 1  value: 3988.952 mgc: 0.3032189 ustep: 1 
iter: 2  value: 3988.952 mgc: 0.0003358881 ustep: 1 
iter: 3  mgc: 2.691598e-09 
iter: 1  mgc: 2.691598e-09 
outer mgc:  2.368454 
iter: 1  value: 3989.003 mgc: 0.3673494 ustep: 1 
iter: 2  value: 3989.003 mgc: 0.0005865269 ustep: 1 
iter: 3  mgc: 9.699203e-09 
iter: 1  mgc: 9.699203e-09 
outer mgc:  1.352776 
iter: 1  value: 3988.907 mgc: 0.142531 ustep: 1 
iter: 2  value: 3988.907 mgc: 0.0001033782 ustep: 1 
iter: 3  mgc: 9.637815e-10 
iter: 1  mgc: 9.637815e-10 
outer mgc:  2.732563 
iter: 1  value: 3988.898 mgc: 0.1913324 ustep: 1 
iter: 2  value: 3988.898 mgc: 0.0001327145 ustep: 1 
iter: 3  mgc: 9.884765e-11 
iter: 1  value: 3988.903 mgc: 0.1599283 ustep: 1 
iter: 2  value: 3988.903 mgc: 7.044649e-05 ustep: 1 
iter: 3  mgc: 2.966383e-11 
iter: 1  mgc: 2.966383e-11 
outer mgc:  1.618634 
iter: 1  value: 3988.883 mgc: 0.1150981 ustep: 1 
iter: 2  value: 3988.883 mgc: 4.109863e-05 ustep: 1 
iter: 3  mgc: 2.118306e-11 
iter: 1  mgc: 2.118306e-11 
outer mgc:  0.4042823 
iter: 1  value: 3988.874 mgc: 0.1498142 ustep: 1 
iter: 2  value: 3988.874 mgc: 9.445425e-05 ustep: 1 
iter: 3  mgc: 1.068932e-10 
iter: 1  mgc: 1.068932e-10 
outer mgc:  0.2911283 
iter: 1  value: 3988.869 mgc: 0.04140237 ustep: 1 
iter: 2  value: 3988.869 mgc: 7.994163e-06 ustep: 1 
iter: 3  mgc: 1.05782e-12 
iter: 1  mgc: 1.05782e-12 
outer mgc:  0.3891104 
iter: 1  value: 3988.854 mgc: 0.03823912 ustep: 1 
iter: 2  value: 3988.854 mgc: 1.399317e-05 ustep: 1 
iter: 3  mgc: 6.876277e-12 
iter: 1  value: 3988.865 mgc: 0.03872748 ustep: 1 
iter: 2  value: 3988.865 mgc: 4.522249e-06 ustep: 1 
iter: 3  mgc: 3.417266e-13 
iter: 1  value: 3988.867 mgc: 0.02013447 ustep: 1 
iter: 2  value: 3988.867 mgc: 1.221418e-06 ustep: 1 
iter: 3  mgc: 5.440093e-14 
iter: 1  mgc: 5.440093e-14 
outer mgc:  0.3237631 
iter: 1  value: 3988.863 mgc: 0.02759533 ustep: 1 
iter: 2  value: 3988.863 mgc: 2.20363e-06 ustep: 1 
iter: 3  mgc: 4.796163e-14 
iter: 1  mgc: 4.796163e-14 
outer mgc:  0.3518387 
iter: 1  value: 3988.859 mgc: 0.01923788 ustep: 1 
iter: 2  value: 3988.859 mgc: 2.322328e-06 ustep: 1 
iter: 3  mgc: 1.176836e-13 
iter: 1  mgc: 1.176836e-13 
outer mgc:  0.2271098 
iter: 1  value: 3988.866 mgc: 0.01568586 ustep: 1 
iter: 2  value: 3988.866 mgc: 2.172881e-06 ustep: 1 
iter: 3  mgc: 3.381739e-13 
iter: 1  mgc: 3.381739e-13 
outer mgc:  0.1340301 
iter: 1  value: 3988.855 mgc: 0.03629294 ustep: 1 
iter: 2  value: 3988.855 mgc: 5.697263e-06 ustep: 1 
iter: 3  mgc: 7.456258e-13 
iter: 1  mgc: 7.456258e-13 
outer mgc:  0.1866507 
iter: 1  value: 3988.855 mgc: 0.01131664 ustep: 1 
iter: 2  value: 3988.855 mgc: 1.818243e-06 ustep: 1 
iter: 3  mgc: 4.436451e-13 
iter: 1  mgc: 4.436451e-13 
outer mgc:  0.4353162 
iter: 1  value: 3988.864 mgc: 0.03510867 ustep: 1 
iter: 2  value: 3988.864 mgc: 4.646309e-06 ustep: 1 
iter: 3  mgc: 4.771739e-13 
iter: 1  value: 3988.858 mgc: 0.02212321 ustep: 1 
iter: 2  value: 3988.858 mgc: 1.625335e-06 ustep: 1 
iter: 3  mgc: 4.618528e-14 
iter: 1  mgc: 4.618528e-14 
outer mgc:  0.2692455 
iter: 1  value: 3988.858 mgc: 0.0249579 ustep: 1 
iter: 2  value: 3988.858 mgc: 1.594738e-06 ustep: 1 
iter: 3  mgc: 5.551115e-14 
iter: 1  mgc: 5.551115e-14 
outer mgc:  0.05336523 
iter: 1  value: 3988.857 mgc: 0.02493671 ustep: 1 
iter: 2  value: 3988.857 mgc: 2.315621e-06 ustep: 1 
iter: 3  mgc: 5.99798e-14 
iter: 1  mgc: 5.99798e-14 
outer mgc:  0.1418024 
iter: 1  value: 3988.853 mgc: 0.01480194 ustep: 1 
iter: 2  value: 3988.853 mgc: 2.122934e-06 ustep: 1 
iter: 3  mgc: 6.927792e-14 
iter: 1  value: 3988.855 mgc: 0.00771341 ustep: 1 
iter: 2  value: 3988.855 mgc: 3.467274e-07 ustep: 1 
iter: 3  mgc: 3.352874e-14 
iter: 1  mgc: 3.352874e-14 
outer mgc:  0.08412118 
iter: 1  value: 3988.855 mgc: 0.01076093 ustep: 1 
iter: 2  value: 3988.855 mgc: 7.975224e-07 ustep: 1 
iter: 3  mgc: 3.974598e-14 
iter: 1  mgc: 3.974598e-14 
outer mgc:  0.07373876 
iter: 1  value: 3988.859 mgc: 0.009661327 ustep: 1 
iter: 2  value: 3988.859 mgc: 3.912971e-07 ustep: 1 
iter: 3  mgc: 3.796963e-14 
iter: 1  mgc: 3.796963e-14 
outer mgc:  0.09480029 
iter: 1  value: 3988.857 mgc: 0.01298127 ustep: 1 
iter: 2  value: 3988.857 mgc: 7.151318e-07 ustep: 1 
iter: 3  mgc: 2.620126e-14 
iter: 1  mgc: 2.620126e-14 
outer mgc:  0.06838757 
iter: 1  value: 3988.854 mgc: 0.01034265 ustep: 1 
iter: 2  value: 3988.854 mgc: 3.695608e-07 ustep: 1 
iter: 3  mgc: 3.896883e-14 
iter: 1  mgc: 3.896883e-14 
outer mgc:  0.04265795 
iter: 1  value: 3988.856 mgc: 0.0131991 ustep: 1 
iter: 2  value: 3988.856 mgc: 1.147719e-06 ustep: 1 
iter: 3  mgc: 3.885781e-14 
iter: 1  value: 3988.855 mgc: 0.003940404 ustep: 1 
iter: 2  value: 3988.855 mgc: 1.161626e-07 ustep: 1 
iter: 3  mgc: 3.18634e-14 
iter: 1  mgc: 3.18634e-14 
outer mgc:  0.05368886 
iter: 1  value: 3988.854 mgc: 0.008621703 ustep: 1 
iter: 2  value: 3988.854 mgc: 2.58243e-07 ustep: 1 
iter: 3  mgc: 4.307665e-14 
iter: 1  value: 3988.855 mgc: 0.004136452 ustep: 1 
iter: 2  value: 3988.855 mgc: 7.080404e-08 ustep: 1 
iter: 3  mgc: 2.797762e-14 
iter: 1  mgc: 2.797762e-14 
outer mgc:  0.04308037 
iter: 1  value: 3988.855 mgc: 0.003151786 ustep: 1 
iter: 2  value: 3988.855 mgc: 4.053629e-08 ustep: 1 
iter: 3  mgc: 3.774758e-14 
iter: 1  mgc: 3.774758e-14 
outer mgc:  0.01792284 
iter: 1  value: 3988.855 mgc: 0.0020431 ustep: 1 
iter: 2  value: 3988.855 mgc: 1.597561e-08 ustep: 1 
mgc: 3.730349e-14 
iter: 1  mgc: 3.730349e-14 
outer mgc:  0.01411365 
iter: 1  value: 3988.855 mgc: 0.002685297 ustep: 1 
iter: 2  value: 3988.855 mgc: 2.642868e-08 ustep: 1 
iter: 3  mgc: 4.196643e-14 
iter: 1  mgc: 4.196643e-14 
outer mgc:  0.006346191 
iter: 1  value: 3988.855 mgc: 0.001327199 ustep: 1 
iter: 2  mgc: 9.156601e-09 
iter: 1  mgc: 9.156601e-09 
outer mgc:  0.0145972 
iter: 1  value: 3988.855 mgc: 0.003093345 ustep: 1 
iter: 2  value: 3988.855 mgc: 3.191693e-08 ustep: 1 
mgc: 4.263256e-14 
iter: 1  value: 3988.855 mgc: 0.001954679 ustep: 1 
iter: 2  value: 3988.855 mgc: 1.333669e-08 ustep: 1 
mgc: 3.574918e-14 
iter: 1  mgc: 3.574918e-14 
outer mgc:  0.02854443 
iter: 1  value: 3988.855 mgc: 0.0009967465 ustep: 1 
iter: 2  mgc: 2.576642e-09 
iter: 1  mgc: 2.576642e-09 
outer mgc:  0.002236811 
iter: 1  value: 3988.855 mgc: 0.0005002504 ustep: 1 
iter: 2  mgc: 1.048282e-09 
iter: 1  mgc: 1.048282e-09 
outer mgc:  0.008067574 
iter: 1  value: 3988.855 mgc: 0.0006312146 ustep: 1 
iter: 2  mgc: 2.274591e-09 
iter: 1  mgc: 2.274591e-09 
outer mgc:  0.003048168 
iter: 1  value: 3988.855 mgc: 0.000772432 ustep: 1 
iter: 2  mgc: 3.167402e-09 
iter: 1  mgc: 3.167402e-09 
outer mgc:  0.001607973 
iter: 1  value: 3988.855 mgc: 0.0008089938 ustep: 1 
iter: 2  mgc: 2.415117e-09 
iter: 1  mgc: 3.167402e-09 
iter: 1  mgc: 3.167402e-09 
outer mgc:  0.001607973 
iter: 1  value: 3988.855 mgc: 0.0532318 ustep: 1 
iter: 2  value: 3988.855 mgc: 1.044299e-05 ustep: 1 
iter: 3  mgc: 8.647527e-13 
outer mgc:  0.1826937 
iter: 1  value: 3988.855 mgc: 0.05323107 ustep: 1 
iter: 2  value: 3988.855 mgc: 1.045575e-05 ustep: 1 
iter: 3  mgc: 8.768541e-13 
outer mgc:  0.1847559 
iter: 1  value: 3988.856 mgc: 0.02548903 ustep: 1 
iter: 2  value: 3988.856 mgc: 3.005818e-06 ustep: 1 
iter: 3  mgc: 8.193446e-14 
outer mgc:  0.7453747 
iter: 1  value: 3988.855 mgc: 0.02548545 ustep: 1 
iter: 2  value: 3988.855 mgc: 3.006273e-06 ustep: 1 
iter: 3  mgc: 8.282264e-14 
outer mgc:  0.7428866 
iter: 1  value: 3988.853 mgc: 0.04979725 ustep: 1 
iter: 2  value: 3988.853 mgc: 1.06345e-05 ustep: 1 
iter: 3  mgc: 1.056044e-12 
outer mgc:  0.07643194 
iter: 1  value: 3988.857 mgc: 0.04978551 ustep: 1 
iter: 2  value: 3988.857 mgc: 1.064814e-05 ustep: 1 
iter: 3  mgc: 1.056877e-12 
outer mgc:  0.0758368 
iter: 1  value: 3988.854 mgc: 0.02572988 ustep: 1 
iter: 2  value: 3988.854 mgc: 2.950836e-06 ustep: 1 
iter: 3  mgc: 9.142687e-14 
outer mgc:  0.4815015 
iter: 1  value: 3988.856 mgc: 0.02572335 ustep: 1 
iter: 2  value: 3988.856 mgc: 2.951323e-06 ustep: 1 
iter: 3  mgc: 9.137135e-14 
outer mgc:  0.4829969 
iter: 1  value: 3988.858 mgc: 0.06049103 ustep: 1 
iter: 2  value: 3988.858 mgc: 9.311587e-06 ustep: 1 
iter: 3  mgc: 7.736034e-13 
outer mgc:  0.1915367 
iter: 1  value: 3988.852 mgc: 0.06049174 ustep: 1 
iter: 2  value: 3988.852 mgc: 9.322591e-06 ustep: 1 
iter: 3  mgc: 7.789325e-13 
outer mgc:  0.1909806 
iter: 1  value: 3988.857 mgc: 0.0317049 ustep: 1 
iter: 2  value: 3988.857 mgc: 2.859573e-06 ustep: 1 
iter: 3  mgc: 7.038814e-14 
outer mgc:  1.124996 
iter: 1  value: 3988.854 mgc: 0.03170371 ustep: 1 
iter: 2  value: 3988.854 mgc: 2.859495e-06 ustep: 1 
iter: 3  mgc: 6.861178e-14 
outer mgc:  1.127329 
iter: 1  value: 3988.853 mgc: 0.05108368 ustep: 1 
iter: 2  value: 3988.853 mgc: 9.516719e-06 ustep: 1 
iter: 3  mgc: 1.07192e-12 
outer mgc:  0.1059461 
iter: 1  value: 3988.857 mgc: 0.05107462 ustep: 1 
iter: 2  value: 3988.857 mgc: 9.526147e-06 ustep: 1 
iter: 3  mgc: 1.07836e-12 
outer mgc:  0.1042532 
iter: 1  value: 3988.854 mgc: 0.02359023 ustep: 1 
iter: 2  value: 3988.854 mgc: 2.997184e-06 ustep: 1 
iter: 3  mgc: 7.926992e-14 
outer mgc:  0.4274767 
iter: 1  value: 3988.856 mgc: 0.02358568 ustep: 1 
iter: 2  value: 3988.856 mgc: 2.997619e-06 ustep: 1 
iter: 3  mgc: 7.41629e-14 
outer mgc:  0.4250108 
iter: 1  value: 3988.853 mgc: 0.003252015 ustep: 1 
iter: 2  value: 3988.853 mgc: 6.566716e-07 ustep: 1 
iter: 3  mgc: 5.750955e-14 
outer mgc:  0.1043057 
iter: 1  value: 3988.857 mgc: 0.003248302 ustep: 1 
iter: 2  value: 3988.857 mgc: 6.554516e-07 ustep: 1 
iter: 3  mgc: 5.750955e-14 
outer mgc:  0.1017415 
iter: 1  value: 3988.853 mgc: 0.004219217 ustep: 1 
iter: 2  value: 3988.853 mgc: 3.395125e-07 ustep: 1 
iter: 3  mgc: 2.908784e-14 
outer mgc:  0.08196731 
iter: 1  value: 3988.857 mgc: 0.004216023 ustep: 1 
iter: 2  value: 3988.857 mgc: 3.384801e-07 ustep: 1 
iter: 3  mgc: 2.980949e-14 
outer mgc:  0.08045552 
iter: 1  value: 3988.85 mgc: 0.003213543 ustep: 1 
iter: 2  value: 3988.85 mgc: 3.696576e-07 ustep: 1 
iter: 3  mgc: 3.752554e-14 
outer mgc:  0.0797796 
iter: 1  value: 3988.86 mgc: 0.003208027 ustep: 1 
iter: 2  value: 3988.86 mgc: 3.688563e-07 ustep: 1 
iter: 3  mgc: 3.397282e-14 
outer mgc:  0.07838712 
iter: 1  value: 3988.848 mgc: 0.003735977 ustep: 1 
iter: 2  value: 3988.848 mgc: 6.354879e-07 ustep: 1 
iter: 3  mgc: 3.597123e-14 
outer mgc:  0.06835007 
iter: 1  value: 3988.862 mgc: 0.003731666 ustep: 1 
iter: 2  value: 3988.862 mgc: 6.340855e-07 ustep: 1 
iter: 3  mgc: 3.641532e-14 
outer mgc:  0.06682562 
iter: 1  value: 3988.852 mgc: 0.002738441 ustep: 1 
iter: 2  value: 3988.852 mgc: 5.87028e-07 ustep: 1 
iter: 3  mgc: 3.4861e-14 
outer mgc:  0.07800869 
iter: 1  value: 3988.858 mgc: 0.00273779 ustep: 1 
iter: 2  value: 3988.858 mgc: 5.855342e-07 ustep: 1 
iter: 3  mgc: 3.463896e-14 
outer mgc:  0.07977061 
iter: 1  value: 3988.855 mgc: 0.00323695 ustep: 1 
iter: 2  value: 3988.855 mgc: 4.49268e-07 ustep: 1 
iter: 3  mgc: 3.863576e-14 
outer mgc:  0.08167364 
iter: 1  value: 3988.855 mgc: 0.003238651 ustep: 1 
iter: 2  value: 3988.855 mgc: 4.480713e-07 ustep: 1 
iter: 3  mgc: 4.041212e-14 
outer mgc:  0.08054279 
iter: 1  value: 3988.867 mgc: 0.007760293 ustep: 1 
iter: 2  value: 3988.867 mgc: 3.229066e-06 ustep: 1 
iter: 3  mgc: 6.239453e-13 
outer mgc:  0.1743135 
iter: 1  value: 3988.843 mgc: 0.007777014 ustep: 1 
iter: 2  value: 3988.843 mgc: 3.235673e-06 ustep: 1 
iter: 3  mgc: 6.22169e-13 
outer mgc:  0.174059 
iter: 1  value: 3988.868 mgc: 0.004371155 ustep: 1 
iter: 2  value: 3988.868 mgc: 2.526515e-06 ustep: 1 
iter: 3  mgc: 8.542056e-13 
outer mgc:  0.1640253 
iter: 1  value: 3988.842 mgc: 0.004381007 ustep: 1 
iter: 2  value: 3988.842 mgc: 2.533984e-06 ustep: 1 
iter: 3  mgc: 8.55982e-13 
outer mgc:  0.1610336 
iter: 1  value: 3988.862 mgc: 0.008351846 ustep: 1 
iter: 2  value: 3988.862 mgc: 1.152348e-06 ustep: 1 
iter: 3  mgc: 3.774758e-14 
outer mgc:  0.2089247 
iter: 1  value: 3988.848 mgc: 0.00836907 ustep: 1 
iter: 2  value: 3988.848 mgc: 1.156379e-06 ustep: 1 
iter: 3  mgc: 2.890743e-14 
outer mgc:  0.2115827 
iter: 1  value: 3988.87 mgc: 0.005498511 ustep: 1 
iter: 2  value: 3988.87 mgc: 1.894385e-06 ustep: 1 
iter: 3  mgc: 3.219647e-13 
outer mgc:  0.1687746 
iter: 1  value: 3988.84 mgc: 0.005510597 ustep: 1 
iter: 2  value: 3988.84 mgc: 1.898093e-06 ustep: 1 
iter: 3  mgc: 3.228529e-13 
outer mgc:  0.1710736 
[Sun Aug 15 07:12:52 2021]
Finished job 0.
1 of 1 steps (100%) done
