Building DAG of jobs...
Using shell: /usr/bin/bash
Provided cores: 1 (use --cores to define parallelism)
Rules claiming more threads will be scaled down.
Job counts:
	count	jobs
	1	inference_simulation_TMB_multiple
	1

[Mon Aug 16 02:36:42 2021]
rule inference_simulation_TMB_multiple:
    input: ../data/assessing_models_simulation/datasets/multiple_GenerationJnorm3_50_100_10_3_0.8_NA_NA_NA_dataset1.RDS
    output: ../data/assessing_models_simulation/inference_results/TMB/nlminb/multiple_GenerationJnorm3_50_100_10_3_0.8_fullREM_NA_NA_NA_dataset1.RDS
    log: logs/inference/nlminb/simulation_GenerationJnorm3_50_100_10_3_0.8_ModelfullREM_NA_NA_NA_dataset1.log
    jobid: 0
    wildcards: optimiser=nlminb, datasetgeneration=GenerationJnorm3, n=50, nlambda=100, lmbda=10, d=3, beta_intensity=0.8, model=fullREM, fixed_beta_intercept=NA, fixed_beta_slope=NA, sdRE_input=NA, itnum=1

Rscript 2_inference_TMB/run_TMB.R --input ../data/assessing_models_simulation/datasets/multiple_GenerationJnorm3_50_100_10_3_0.8_NA_NA_NA_dataset1.RDS --output ../data/assessing_models_simulation/inference_results/TMB/nlminb/multiple_GenerationJnorm3_50_100_10_3_0.8_fullREM_NA_NA_NA_dataset1.RDS --model fullREM --optimiser nlminb
Model: fullREM 
Feature type: signatures 
Using nlminb: TRUE 
Simulation boolean: TRUE 
make: Nothing to be done for 'all'.
../data/assessing_models_simulation/datasets/multiple_GenerationJnorm3_50_100_10_3_0.8_NA_NA_NA_dataset1.RDS[1] "../data/assessing_models_simulation/datasets/multiple_GenerationJnorm3_50_100_10_3_0.8_NA_NA_NA_dataset1.RDS"
Reading file ../data/assessing_models_simulation/datasets/multiple_GenerationJnorm3_50_100_10_3_0.8_NA_NA_NA_dataset1.RDS 
Loading required package: nnet
# weights:  9 (4 variable)
initial  value 11197.056446 
final  value 10853.011951 
converged
Order of parameters:
[1] "beta"       "u_large"    "logs_sd_RE" "cov_par_RE"
Not matching template order:
[1] "beta"       "u_large"    "cov_par_RE" "logs_sd_RE"
Your parameter list has been re-ordered.
(Disable this warning with checkParameterOrder=FALSE)
Constructing atomic invpd
Constructing atomic D_lgamma
Constructing atomic invpd
Constructing atomic D_lgamma
Constructing atomic matmul
Constructing atomic invpd
Constructing atomic D_lgamma
Constructing atomic matmul
Optimizing tape... Done
iter: 1  value: 1680.147 mgc: 84.57206 ustep: 1 
iter: 2  value: 1613.45 mgc: 27.50738 ustep: 1 
iter: 3  value: 1611.345 mgc: 7.526718 ustep: 1 
iter: 4  value: 1611.293 mgc: 0.4408179 ustep: 1 
iter: 5  value: 1611.292 mgc: 0.02966984 ustep: 1 
iter: 6  value: 1611.292 mgc: 0.000155511 ustep: 1 
iter: 7  mgc: 4.33966e-09 
iter: 1  mgc: 4.33966e-09 
Matching hessian patterns... Done
outer mgc:  652.2051 
iter: 1  value: 1202.379 mgc: 33.4086 ustep: 1 
iter: 2  value: 1198.583 mgc: 5.185062 ustep: 1 
iter: 3  value: 1198.582 mgc: 0.08452674 ustep: 1 
iter: 4  value: 1198.582 mgc: 6.191052e-05 ustep: 1 
iter: 5  mgc: 7.028622e-11 
iter: 1  mgc: 7.028622e-11 
outer mgc:  104.3925 
iter: 1  value: 1155.436 mgc: 22.43664 ustep: 1 
iter: 2  value: 1154.764 mgc: 1.43673 ustep: 1 
iter: 3  value: 1154.764 mgc: 0.01888877 ustep: 1 
iter: 4  value: 1154.764 mgc: 7.891995e-06 ustep: 1 
iter: 5  mgc: 9.640733e-12 
iter: 1  mgc: 9.640733e-12 
outer mgc:  117.7118 
iter: 1  value: 1124.561 mgc: 18.52837 ustep: 1 
iter: 2  value: 1123.968 mgc: 1.538638 ustep: 1 
iter: 3  value: 1123.968 mgc: 0.03885511 ustep: 1 
iter: 4  value: 1123.968 mgc: 2.675673e-05 ustep: 1 
iter: 5  mgc: 1.271605e-11 
iter: 1  mgc: 1.271605e-11 
outer mgc:  154.3287 
iter: 1  value: 1248.148 mgc: 62.59397 ustep: 1 
iter: 2  value: 1148.262 mgc: 28.58805 ustep: 1 
iter: 3  value: 1147.888 mgc: 2.190383 ustep: 1 
iter: 4  value: 1147.888 mgc: 0.04361942 ustep: 1 
iter: 5  value: 1147.888 mgc: 1.850522e-05 ustep: 1 
iter: 6  mgc: 3.329337e-12 
iter: 1  value: 1098.495 mgc: 24.48811 ustep: 1 
iter: 2  value: 1096.639 mgc: 3.37229 ustep: 1 
iter: 3  value: 1096.638 mgc: 0.06838482 ustep: 1 
iter: 4  value: 1096.638 mgc: 5.166017e-05 ustep: 1 
iter: 5  mgc: 2.960698e-11 
iter: 1  mgc: 2.960698e-11 
outer mgc:  66.2818 
iter: 1  value: 1087.007 mgc: 4.176077 ustep: 1 
iter: 2  value: 1087.002 mgc: 0.1541173 ustep: 1 
iter: 3  value: 1087.002 mgc: 0.0004814924 ustep: 1 
iter: 4  value: 1087.002 mgc: 1.648875e-08 ustep: 1 
mgc: 3.064216e-14 
iter: 1  mgc: 3.064216e-14 
outer mgc:  27.65302 
iter: 1  value: 1086.421 mgc: 19.41444 ustep: 1 
iter: 2  value: 1086.271 mgc: 1.082992 ustep: 1 
iter: 3  value: 1086.271 mgc: 0.006097396 ustep: 1 
iter: 4  value: 1086.271 mgc: 2.155736e-07 ustep: 1 
iter: 5  mgc: 2.420286e-14 
iter: 1  mgc: 2.420286e-14 
outer mgc:  44.55083 
iter: 1  value: 1081.928 mgc: 13.83921 ustep: 1 
iter: 2  value: 1081.855 mgc: 0.4620425 ustep: 1 
iter: 3  value: 1081.855 mgc: 0.002132008 ustep: 1 
iter: 4  value: 1081.855 mgc: 4.609527e-08 ustep: 1 
mgc: 5.273559e-14 
iter: 1  mgc: 5.273559e-14 
outer mgc:  31.10629 
iter: 1  value: 1087.415 mgc: 7.446058 ustep: 1 
iter: 2  value: 1087.411 mgc: 0.1383777 ustep: 1 
iter: 3  value: 1087.411 mgc: 0.0001434258 ustep: 1 
iter: 4  mgc: 2.077183e-10 
iter: 1  value: 1080.67 mgc: 2.495977 ustep: 1 
iter: 2  value: 1080.67 mgc: 0.02336076 ustep: 1 
iter: 3  value: 1080.67 mgc: 4.525372e-06 ustep: 1 
iter: 4  mgc: 2.109424e-13 
iter: 1  mgc: 2.109424e-13 
outer mgc:  8.743593 
iter: 1  value: 1080.16 mgc: 2.78295 ustep: 1 
iter: 2  value: 1080.16 mgc: 0.02092818 ustep: 1 
iter: 3  value: 1080.16 mgc: 2.178079e-06 ustep: 1 
iter: 4  mgc: 4.085621e-14 
iter: 1  mgc: 4.085621e-14 
outer mgc:  8.088854 
iter: 1  value: 1079.893 mgc: 2.149644 ustep: 1 
iter: 2  value: 1079.892 mgc: 0.01493075 ustep: 1 
iter: 3  value: 1079.892 mgc: 1.998904e-06 ustep: 1 
iter: 4  mgc: 7.549517e-14 
iter: 1  mgc: 7.549517e-14 
outer mgc:  11.20793 
iter: 1  value: 1079.759 mgc: 1.440891 ustep: 1 
iter: 2  value: 1079.759 mgc: 0.01180158 ustep: 1 
iter: 3  value: 1079.759 mgc: 1.27446e-06 ustep: 1 
iter: 4  mgc: 5.062617e-14 
iter: 1  mgc: 5.062617e-14 
outer mgc:  4.467298 
iter: 1  value: 1079.499 mgc: 0.8791019 ustep: 1 
iter: 2  value: 1079.499 mgc: 0.00350328 ustep: 1 
iter: 3  value: 1079.499 mgc: 7.644027e-07 ustep: 1 
iter: 4  mgc: 5.240253e-14 
iter: 1  mgc: 5.240253e-14 
outer mgc:  2.196869 
iter: 1  value: 1079.723 mgc: 1.698198 ustep: 1 
iter: 2  value: 1079.723 mgc: 0.008547062 ustep: 1 
iter: 3  value: 1079.723 mgc: 1.020602e-06 ustep: 1 
iter: 4  mgc: 2.819966e-14 
iter: 1  value: 1079.531 mgc: 0.2586661 ustep: 1 
iter: 2  value: 1079.531 mgc: 0.0001950911 ustep: 1 
iter: 3  mgc: 7.493783e-10 
iter: 1  mgc: 7.493783e-10 
outer mgc:  2.440407 
iter: 1  value: 1079.617 mgc: 0.7859495 ustep: 1 
iter: 2  value: 1079.617 mgc: 0.00219682 ustep: 1 
iter: 3  value: 1079.617 mgc: 3.19521e-08 ustep: 1 
mgc: 2.919887e-14 
iter: 1  value: 1079.525 mgc: 0.246309 ustep: 1 
iter: 2  value: 1079.525 mgc: 0.0001780346 ustep: 1 
iter: 3  mgc: 2.255591e-10 
iter: 1  mgc: 2.255591e-10 
outer mgc:  2.449737 
iter: 1  value: 1079.521 mgc: 0.200497 ustep: 1 
iter: 2  value: 1079.521 mgc: 0.0001499567 ustep: 1 
iter: 3  mgc: 1.572116e-10 
iter: 1  mgc: 1.572116e-10 
outer mgc:  0.436129 
iter: 1  value: 1079.519 mgc: 0.1429261 ustep: 1 
iter: 2  value: 1079.519 mgc: 6.671553e-05 ustep: 1 
iter: 3  mgc: 2.240075e-11 
iter: 1  mgc: 2.240075e-11 
outer mgc:  0.3638676 
iter: 1  value: 1079.527 mgc: 0.1473719 ustep: 1 
iter: 2  value: 1079.527 mgc: 6.007804e-05 ustep: 1 
iter: 3  mgc: 3.824852e-11 
iter: 1  mgc: 3.824852e-11 
outer mgc:  0.3760996 
iter: 1  value: 1079.517 mgc: 0.1173603 ustep: 1 
iter: 2  value: 1079.517 mgc: 4.910097e-05 ustep: 1 
iter: 3  mgc: 1.928219e-11 
iter: 1  mgc: 1.928219e-11 
outer mgc:  0.4627081 
iter: 1  value: 1079.531 mgc: 0.07042496 ustep: 1 
iter: 2  value: 1079.531 mgc: 3.244659e-05 ustep: 1 
iter: 3  mgc: 8.402168e-12 
iter: 1  mgc: 8.402168e-12 
outer mgc:  0.4409707 
iter: 1  value: 1079.525 mgc: 0.1116785 ustep: 1 
iter: 2  value: 1079.525 mgc: 4.428367e-05 ustep: 1 
iter: 3  mgc: 1.592859e-11 
iter: 1  value: 1079.529 mgc: 0.02472322 ustep: 1 
iter: 2  value: 1079.529 mgc: 2.165603e-06 ustep: 1 
iter: 3  mgc: 3.819167e-14 
iter: 1  mgc: 3.819167e-14 
outer mgc:  0.1718606 
iter: 1  value: 1079.526 mgc: 0.04807323 ustep: 1 
iter: 2  value: 1079.526 mgc: 6.216632e-06 ustep: 1 
iter: 3  mgc: 2.171596e-13 
iter: 1  mgc: 2.171596e-13 
outer mgc:  0.1705484 
iter: 1  value: 1079.518 mgc: 0.03870482 ustep: 1 
iter: 2  value: 1079.518 mgc: 4.839963e-06 ustep: 1 
iter: 3  mgc: 7.114309e-13 
iter: 1  mgc: 7.114309e-13 
outer mgc:  0.1064665 
iter: 1  value: 1079.519 mgc: 0.03758445 ustep: 1 
iter: 2  value: 1079.519 mgc: 5.85463e-06 ustep: 1 
iter: 3  mgc: 2.211564e-13 
iter: 1  mgc: 2.211564e-13 
outer mgc:  0.2635186 
iter: 1  value: 1079.519 mgc: 0.01751752 ustep: 1 
iter: 2  value: 1079.519 mgc: 1.908239e-06 ustep: 1 
iter: 3  mgc: 5.151435e-14 
iter: 1  mgc: 5.151435e-14 
outer mgc:  0.0355773 
iter: 1  value: 1079.517 mgc: 0.008425704 ustep: 1 
iter: 2  value: 1079.517 mgc: 7.062564e-07 ustep: 1 
iter: 3  mgc: 2.442491e-14 
iter: 1  value: 1079.518 mgc: 0.004445554 ustep: 1 
iter: 2  value: 1079.518 mgc: 2.437349e-07 ustep: 1 
iter: 3  mgc: 2.88658e-14 
iter: 1  mgc: 2.88658e-14 
outer mgc:  0.02211578 
iter: 1  value: 1079.518 mgc: 0.001672422 ustep: 1 
iter: 2  value: 1079.518 mgc: 2.219885e-08 ustep: 1 
mgc: 2.753353e-14 
iter: 1  mgc: 2.753353e-14 
outer mgc:  0.009174908 
iter: 1  value: 1079.518 mgc: 0.009146375 ustep: 1 
iter: 2  value: 1079.518 mgc: 2.74392e-07 ustep: 1 
iter: 3  mgc: 2.758904e-14 
iter: 1  value: 1079.518 mgc: 0.003864609 ustep: 1 
iter: 2  value: 1079.518 mgc: 5.59697e-08 ustep: 1 
iter: 3  mgc: 3.375078e-14 
iter: 1  mgc: 3.375078e-14 
outer mgc:  0.003760817 
iter: 1  value: 1079.518 mgc: 0.0018652 ustep: 1 
iter: 2  value: 1079.518 mgc: 1.876649e-08 ustep: 1 
mgc: 3.641532e-14 
iter: 1  mgc: 3.641532e-14 
outer mgc:  0.005970839 
iter: 1  value: 1079.518 mgc: 0.001064011 ustep: 1 
iter: 2  mgc: 3.33634e-09 
iter: 1  mgc: 3.33634e-09 
outer mgc:  0.002016499 
iter: 1  mgc: 3.33634e-09 
iter: 1  mgc: 3.33634e-09 
outer mgc:  0.002016499 
iter: 1  value: 1079.519 mgc: 0.05857617 ustep: 1 
iter: 2  value: 1079.519 mgc: 9.15546e-06 ustep: 1 
iter: 3  mgc: 4.960476e-13 
outer mgc:  0.1562567 
iter: 1  value: 1079.518 mgc: 0.058573 ustep: 1 
iter: 2  value: 1079.518 mgc: 9.166026e-06 ustep: 1 
iter: 3  mgc: 4.982681e-13 
outer mgc:  0.1545786 
iter: 1  value: 1079.518 mgc: 0.02988807 ustep: 1 
iter: 2  value: 1079.518 mgc: 2.431872e-06 ustep: 1 
iter: 3  mgc: 4.984901e-14 
outer mgc:  0.608691 
iter: 1  value: 1079.518 mgc: 0.02988624 ustep: 1 
iter: 2  value: 1079.518 mgc: 2.433269e-06 ustep: 1 
iter: 3  mgc: 3.68594e-14 
outer mgc:  0.6055525 
iter: 1  value: 1079.518 mgc: 0.05358425 ustep: 1 
iter: 2  value: 1079.518 mgc: 8.89066e-06 ustep: 1 
iter: 3  mgc: 5.329071e-13 
outer mgc:  0.16119 
iter: 1  value: 1079.518 mgc: 0.05359078 ustep: 1 
iter: 2  value: 1079.518 mgc: 8.900046e-06 ustep: 1 
iter: 3  mgc: 5.400125e-13 
outer mgc:  0.164158 
iter: 1  value: 1079.52 mgc: 0.02977261 ustep: 1 
iter: 2  value: 1079.52 mgc: 3.319265e-06 ustep: 1 
iter: 3  mgc: 9.947598e-14 
outer mgc:  0.5193397 
iter: 1  value: 1079.517 mgc: 0.02976886 ustep: 1 
iter: 2  value: 1079.517 mgc: 3.32098e-06 ustep: 1 
iter: 3  mgc: 1.021405e-13 
outer mgc:  0.5234045 
iter: 1  value: 1079.515 mgc: 0.004858653 ustep: 1 
iter: 2  value: 1079.515 mgc: 2.973002e-07 ustep: 1 
iter: 3  mgc: 2.664535e-14 
outer mgc:  0.02353146 
iter: 1  value: 1079.521 mgc: 0.004855196 ustep: 1 
iter: 2  value: 1079.521 mgc: 2.970391e-07 ustep: 1 
iter: 3  mgc: 2.720046e-14 
outer mgc:  0.02357897 
iter: 1  value: 1079.522 mgc: 0.01185501 ustep: 1 
iter: 2  value: 1079.522 mgc: 9.334193e-07 ustep: 1 
iter: 3  mgc: 5.995204e-14 
outer mgc:  0.1624095 
iter: 1  value: 1079.515 mgc: 0.01188478 ustep: 1 
iter: 2  value: 1079.515 mgc: 9.401308e-07 ustep: 1 
iter: 3  mgc: 4.068967e-14 
outer mgc:  0.16117 
iter: 1  value: 1079.523 mgc: 0.01239493 ustep: 1 
iter: 2  value: 1079.523 mgc: 1.508731e-06 ustep: 1 
iter: 3  mgc: 3.375078e-14 
outer mgc:  0.1536833 
iter: 1  value: 1079.513 mgc: 0.01242367 ustep: 1 
iter: 2  value: 1079.513 mgc: 1.512947e-06 ustep: 1 
iter: 3  mgc: 4.174439e-14 
outer mgc:  0.1560448 
[Mon Aug 16 02:36:44 2021]
Finished job 0.
1 of 1 steps (100%) done
