Building DAG of jobs...
Using shell: /usr/bin/bash
Provided cores: 1 (use --cores to define parallelism)
Rules claiming more threads will be scaled down.
Job counts:
	count	jobs
	1	inference_simulation_TMB_multiple
	1

[Mon Aug 16 01:51:49 2021]
rule inference_simulation_TMB_multiple:
    input: ../data/assessing_models_simulation/datasets/multiple_GenerationJnorm2_10_100_10_7_2_NA_NA_NA_dataset1.RDS
    output: ../data/assessing_models_simulation/inference_results/TMB/nlminb/multiple_GenerationJnorm2_10_100_10_7_2_diagREDMsinglelambda_NA_NA_NA_dataset1.RDS
    log: logs/inference/nlminb/simulation_GenerationJnorm2_10_100_10_7_2_ModeldiagREDMsinglelambda_NA_NA_NA_dataset1.log
    jobid: 0
    wildcards: optimiser=nlminb, datasetgeneration=GenerationJnorm2, n=10, nlambda=100, lmbda=10, d=7, beta_intensity=2, model=diagREDMsinglelambda, fixed_beta_intercept=NA, fixed_beta_slope=NA, sdRE_input=NA, itnum=1

Rscript 2_inference_TMB/run_TMB.R --input ../data/assessing_models_simulation/datasets/multiple_GenerationJnorm2_10_100_10_7_2_NA_NA_NA_dataset1.RDS --output ../data/assessing_models_simulation/inference_results/TMB/nlminb/multiple_GenerationJnorm2_10_100_10_7_2_diagREDMsinglelambda_NA_NA_NA_dataset1.RDS --model diagREDMsinglelambda --optimiser nlminb
Model: diagREDMsinglelambda 
Feature type: signatures 
Using nlminb: TRUE 
Simulation boolean: TRUE 
make: Nothing to be done for 'all'.
../data/assessing_models_simulation/datasets/multiple_GenerationJnorm2_10_100_10_7_2_NA_NA_NA_dataset1.RDS[1] "../data/assessing_models_simulation/datasets/multiple_GenerationJnorm2_10_100_10_7_2_NA_NA_NA_dataset1.RDS"
Reading file ../data/assessing_models_simulation/datasets/multiple_GenerationJnorm2_10_100_10_7_2_NA_NA_NA_dataset1.RDS 
Loading required package: nnet
# weights:  21 (12 variable)
initial  value 3831.497083 
iter  10 value 2397.780571
iter  20 value 2351.122569
iter  30 value 2350.610628
final  value 2350.609707 
converged
Constructing atomic invpd
Constructing atomic D_lgamma
Constructing atomic invpd
Constructing atomic D_lgamma
Constructing atomic matmul
Constructing atomic invpd
Constructing atomic D_lgamma
Constructing atomic matmul
Optimizing tape... Done
iter: 1  value: 2239.719 mgc: 5.090324 ustep: 0.8994163 
iter: 2  value: 2218.88 mgc: 7.995388 ustep: 0.9483808 
iter: 3  value: 2210.607 mgc: 3.13495 ustep: 0.5522076 
iter: 4  value: 2187.889 mgc: 8.167483 ustep: 0.4931297 
iter: 5  value: 2184.57 mgc: 2.731189 ustep: 0.4543005 
iter: 6  value: 2184.331 mgc: 1.077354 ustep: 0.6740508 
iter: 7  value: 2184.325 mgc: 0.141681 ustep: 0.8210239 
iter: 8  value: 2184.325 mgc: 0.008519867 ustep: 0.9061131 
iter: 9  value: 2184.325 mgc: 0.0006241462 ustep: 0.9519045 
iter: 10  value: 2184.325 mgc: 6.11272e-05 ustep: 0.9756584 
iter: 11  value: 2184.325 mgc: 3.105702e-06 ustep: 0.9877554 
iter: 12  value: 2184.325 mgc: 8.063546e-08 ustep: 0.9938595 
iter: 13  mgc: 1.059489e-09 
iter: 1  mgc: 1.059489e-09 
Matching hessian patterns... Done
outer mgc:  20.6463 
iter: 1  value: 2161.283 mgc: 2.683946 ustep: 1 
iter: 2  value: 2160.633 mgc: 0.6486369 ustep: 1 
iter: 3  value: 2160.632 mgc: 0.03637021 ustep: 1 
iter: 4  value: 2160.632 mgc: 0.0001843812 ustep: 1 
iter: 5  mgc: 4.834597e-09 
iter: 1  value: 2152.469 mgc: 3.044219 ustep: 1 
iter: 2  value: 2149.108 mgc: 1.63488 ustep: 1 
iter: 3  value: 2149.072 mgc: 0.1449106 ustep: 1 
iter: 4  value: 2149.072 mgc: 0.003434833 ustep: 1 
iter: 5  value: 2149.072 mgc: 2.743794e-06 ustep: 1 
iter: 6  mgc: 1.752209e-12 
iter: 1  mgc: 1.752209e-12 
outer mgc:  30.35649 
iter: 1  value: 2107.336 mgc: 3.008878 ustep: 1 
iter: 2  value: 2099.898 mgc: 7.298623 ustep: 1 
iter: 3  value: 2099.785 mgc: 0.7667113 ustep: 1 
iter: 4  value: 2099.785 mgc: 0.01598623 ustep: 1 
iter: 5  value: 2099.785 mgc: 2.260705e-05 ustep: 1 
iter: 6  mgc: 6.355394e-11 
iter: 1  mgc: 6.355394e-11 
outer mgc:  16.35376 
iter: 1  value: 2096.329 mgc: 4.835517 ustep: 1 
iter: 2  value: 2092.532 mgc: 2.102874 ustep: 1 
iter: 3  value: 2092.469 mgc: 0.2612009 ustep: 1 
iter: 4  value: 2092.469 mgc: 0.01211037 ustep: 1 
iter: 5  value: 2092.469 mgc: 3.259643e-05 ustep: 1 
iter: 6  mgc: 2.372456e-10 
iter: 1  mgc: 2.372456e-10 
outer mgc:  15.64517 
iter: 1  value: 2064.764 mgc: 2.995571 ustep: 1 
iter: 2  value: 2063.995 mgc: 1.523876 ustep: 1 
iter: 3  value: 2063.958 mgc: 0.3848224 ustep: 1 
iter: 4  value: 2063.958 mgc: 0.03560583 ustep: 1 
iter: 5  value: 2063.958 mgc: 0.0003962496 ustep: 1 
iter: 6  value: 2063.958 mgc: 5.152329e-08 ustep: 1 
iter: 7  mgc: 5.995204e-15 
iter: 1  mgc: 5.995204e-15 
outer mgc:  6.327155 
iter: 1  value: 2056.843 mgc: 6.788399 ustep: 1 
iter: 2  value: 2054.305 mgc: 3.703859 ustep: 1 
iter: 3  value: 2054.297 mgc: 0.1537981 ustep: 1 
iter: 4  value: 2054.297 mgc: 0.001139111 ustep: 1 
iter: 5  value: 2054.297 mgc: 1.024047e-07 ustep: 1 
iter: 6  mgc: 4.773959e-15 
iter: 1  mgc: 4.773959e-15 
outer mgc:  6.146258 
iter: 1  value: 2043.647 mgc: 6.2661 ustep: 1 
iter: 2  value: 2042.659 mgc: 1.358562 ustep: 1 
iter: 3  value: 2042.657 mgc: 0.06710295 ustep: 1 
iter: 4  value: 2042.657 mgc: 0.0002343147 ustep: 1 
iter: 5  mgc: 3.356407e-09 
iter: 1  mgc: 3.356407e-09 
outer mgc:  5.814872 
iter: 1  value: 2039.198 mgc: 4.838594 ustep: 1 
iter: 2  value: 2039.153 mgc: 0.3648162 ustep: 1 
iter: 3  value: 2039.153 mgc: 0.003839339 ustep: 1 
iter: 4  value: 2039.153 mgc: 4.067519e-07 ustep: 1 
iter: 5  mgc: 6.439294e-15 
iter: 1  value: 2037.063 mgc: 2.907361 ustep: 1 
iter: 2  value: 2037.053 mgc: 0.1148795 ustep: 1 
iter: 3  value: 2037.053 mgc: 0.0003455972 ustep: 1 
iter: 4  mgc: 6.223235e-09 
iter: 1  mgc: 6.223235e-09 
outer mgc:  3.911755 
iter: 1  value: 2035.019 mgc: 0.847928 ustep: 1 
iter: 2  value: 2035.019 mgc: 0.03459652 ustep: 1 
iter: 3  value: 2035.019 mgc: 5.828957e-05 ustep: 1 
iter: 4  mgc: 1.632918e-10 
iter: 1  mgc: 1.632918e-10 
outer mgc:  2.892823 
iter: 1  value: 2036.476 mgc: 1.494379 ustep: 1 
iter: 2  value: 2036.472 mgc: 0.1007113 ustep: 1 
iter: 3  value: 2036.472 mgc: 0.0004278047 ustep: 1 
iter: 4  mgc: 7.631924e-09 
iter: 1  value: 2034.617 mgc: 0.7115733 ustep: 1 
iter: 2  value: 2034.617 mgc: 0.02162452 ustep: 1 
iter: 3  value: 2034.617 mgc: 2.000015e-05 ustep: 1 
iter: 4  mgc: 1.67637e-11 
iter: 1  mgc: 1.67637e-11 
outer mgc:  0.7809384 
iter: 1  value: 2032.485 mgc: 0.5475005 ustep: 1 
iter: 2  value: 2032.485 mgc: 0.00553221 ustep: 1 
iter: 3  value: 2032.485 mgc: 1.586209e-06 ustep: 1 
iter: 4  mgc: 1.203482e-13 
iter: 1  mgc: 1.203482e-13 
outer mgc:  1.200899 
iter: 1  value: 2030.868 mgc: 0.3387961 ustep: 1 
iter: 2  value: 2030.868 mgc: 0.003534918 ustep: 1 
iter: 3  value: 2030.868 mgc: 4.195288e-07 ustep: 1 
iter: 4  mgc: 7.105427e-15 
iter: 1  value: 2028.394 mgc: 0.2970562 ustep: 1 
iter: 2  value: 2028.394 mgc: 0.002427324 ustep: 1 
iter: 3  value: 2028.394 mgc: 1.849151e-07 ustep: 1 
iter: 4  mgc: 4.218847e-15 
iter: 1  mgc: 4.218847e-15 
outer mgc:  2.39391 
iter: 1  value: 2024.984 mgc: 0.8287489 ustep: 1 
iter: 2  value: 2024.984 mgc: 0.008761122 ustep: 1 
iter: 3  value: 2024.984 mgc: 3.252824e-06 ustep: 1 
iter: 4  mgc: 4.196643e-13 
iter: 1  value: 2019.965 mgc: 0.6744376 ustep: 1 
iter: 2  value: 2019.965 mgc: 0.00408949 ustep: 1 
iter: 3  value: 2019.965 mgc: 5.7482e-07 ustep: 1 
iter: 4  mgc: 1.04361e-14 
iter: 1  value: 2002.424 mgc: 4.455762 ustep: 1 
iter: 2  value: 2002.423 mgc: 0.05837785 ustep: 1 
iter: 3  value: 2002.423 mgc: 5.85024e-05 ustep: 1 
iter: 4  mgc: 5.11029e-11 
iter: 1  mgc: 5.11029e-11 
outer mgc:  1.890007 
iter: 1  value: 1978.48 mgc: 7.358055 ustep: 1 
iter: 2  value: 1978.48 mgc: 0.01987517 ustep: 1 
iter: 3  value: 1978.48 mgc: 3.116565e-06 ustep: 1 
iter: 4  mgc: 5.506706e-14 
iter: 1  value: 1990.779 mgc: 1.924727 ustep: 1 
iter: 2  value: 1990.779 mgc: 0.006374276 ustep: 1 
iter: 3  value: 1990.779 mgc: 4.834466e-07 ustep: 1 
iter: 4  mgc: 3.108624e-15 
iter: 1  mgc: 3.108624e-15 
outer mgc:  4.088237 
iter: 1  value: 1978.072 mgc: 3.088988 ustep: 1 
iter: 2  value: 1978.072 mgc: 0.002172947 ustep: 1 
iter: 3  value: 1978.072 mgc: 3.198325e-08 ustep: 1 
mgc: 2.664535e-15 
iter: 1  mgc: 2.664535e-15 
outer mgc:  1.431912 
iter: 1  value: 1966.292 mgc: 2.156216 ustep: 1 
iter: 2  value: 1966.292 mgc: 0.005804446 ustep: 1 
iter: 3  value: 1966.292 mgc: 9.884767e-08 ustep: 1 
iter: 4  mgc: 2.109424e-15 
iter: 1  value: 1940.249 mgc: 7.137526 ustep: 1 
iter: 2  value: 1940.249 mgc: 0.004785687 ustep: 1 
iter: 3  value: 1940.249 mgc: 4.376427e-08 ustep: 1 
mgc: 1.776357e-15 
iter: 1  mgc: 1.776357e-15 
outer mgc:  4.180492 
iter: 1  value: 1904.98 mgc: 16.33346 ustep: 1 
iter: 2  value: 1904.98 mgc: 0.008393655 ustep: 1 
iter: 3  value: 1904.98 mgc: 4.842924e-07 ustep: 1 
iter: 4  mgc: 3.552714e-15 
iter: 1  mgc: 3.552714e-15 
outer mgc:  2.893587 
iter: 1  value: 1922.235 mgc: 1.691192 ustep: 1 
iter: 2  value: 1922.235 mgc: 0.009830923 ustep: 1 
iter: 3  value: 1922.235 mgc: 2.06587e-06 ustep: 1 
iter: 4  mgc: 1.034728e-13 
iter: 1  mgc: 1.034728e-13 
outer mgc:  5.370561 
iter: 1  value: 1925.242 mgc: 1.687625 ustep: 1 
iter: 2  value: 1925.242 mgc: 0.001956951 ustep: 1 
iter: 3  value: 1925.242 mgc: 2.253603e-08 ustep: 1 
mgc: 2.997602e-15 
iter: 1  value: 1921.141 mgc: 1.26247 ustep: 1 
iter: 2  value: 1921.141 mgc: 0.002571175 ustep: 1 
iter: 3  value: 1921.141 mgc: 1.343632e-07 ustep: 1 
iter: 4  mgc: 1.998401e-15 
iter: 1  mgc: 1.998401e-15 
outer mgc:  2.041293 
iter: 1  value: 1919.717 mgc: 0.4426641 ustep: 1 
iter: 2  value: 1919.717 mgc: 0.002133244 ustep: 1 
iter: 3  value: 1919.717 mgc: 9.182033e-08 ustep: 1 
iter: 4  mgc: 1.776357e-15 
iter: 1  mgc: 1.776357e-15 
outer mgc:  0.9891844 
iter: 1  value: 1918.566 mgc: 0.3293437 ustep: 1 
iter: 2  value: 1918.566 mgc: 0.0001033574 ustep: 1 
iter: 3  mgc: 1.940226e-11 
iter: 1  mgc: 1.940226e-11 
outer mgc:  0.5087814 
iter: 1  value: 1916.846 mgc: 0.2855801 ustep: 1 
iter: 2  value: 1916.846 mgc: 0.0001566055 ustep: 1 
iter: 3  mgc: 5.055603e-10 
iter: 1  mgc: 5.055603e-10 
outer mgc:  0.6344415 
iter: 1  value: 1917.56 mgc: 0.3668246 ustep: 1 
iter: 2  value: 1917.56 mgc: 0.0001405988 ustep: 1 
iter: 3  mgc: 2.229699e-10 
iter: 1  mgc: 2.229699e-10 
outer mgc:  0.2705187 
iter: 1  value: 1918.488 mgc: 0.3081669 ustep: 1 
iter: 2  value: 1918.488 mgc: 0.0001145024 ustep: 1 
iter: 3  mgc: 3.17133e-11 
iter: 1  value: 1919.691 mgc: 0.3885547 ustep: 1 
iter: 2  value: 1919.691 mgc: 0.0002420673 ustep: 1 
iter: 3  mgc: 1.855673e-10 
iter: 1  mgc: 1.855673e-10 
outer mgc:  0.5148864 
iter: 1  value: 1921.414 mgc: 0.6031404 ustep: 1 
iter: 2  value: 1921.414 mgc: 0.0009729233 ustep: 1 
iter: 3  mgc: 4.831893e-09 
iter: 1  value: 1923.857 mgc: 0.8109066 ustep: 1 
iter: 2  value: 1923.857 mgc: 0.003629971 ustep: 1 
iter: 3  value: 1923.857 mgc: 1.351447e-07 ustep: 1 
iter: 4  mgc: 2.220446e-15 
iter: 1  mgc: 2.220446e-15 
outer mgc:  0.7718418 
iter: 1  value: 1931.579 mgc: 2.196155 ustep: 1 
iter: 2  value: 1931.54 mgc: 0.4469584 ustep: 1 
iter: 3  value: 1931.54 mgc: 0.01578751 ustep: 1 
iter: 4  value: 1931.54 mgc: 2.240754e-05 ustep: 1 
iter: 5  mgc: 4.591949e-11 
iter: 1  value: 1927.983 mgc: 1.418069 ustep: 1 
iter: 2  value: 1927.982 mgc: 0.04526422 ustep: 1 
iter: 3  value: 1927.982 mgc: 8.011643e-05 ustep: 1 
iter: 4  mgc: 2.374028e-10 
iter: 1  mgc: 2.374028e-10 
outer mgc:  0.8029001 
iter: 1  value: 1929.947 mgc: 1.404251 ustep: 1 
iter: 2  value: 1929.946 mgc: 0.08407528 ustep: 1 
iter: 3  value: 1929.946 mgc: 0.0005487904 ustep: 1 
iter: 4  value: 1929.946 mgc: 2.313706e-08 ustep: 1 
mgc: 3.289036e-15 
iter: 1  mgc: 3.289036e-15 
outer mgc:  0.8285386 
iter: 1  value: 1927.662 mgc: 0.6981188 ustep: 1 
iter: 2  value: 1927.662 mgc: 0.02007933 ustep: 1 
iter: 3  value: 1927.662 mgc: 2.254414e-05 ustep: 1 
iter: 4  mgc: 2.739853e-11 
iter: 1  mgc: 2.739853e-11 
outer mgc:  0.2106259 
iter: 1  value: 1928.438 mgc: 0.7480443 ustep: 1 
iter: 2  value: 1928.438 mgc: 0.01231415 ustep: 1 
iter: 3  value: 1928.438 mgc: 5.23146e-06 ustep: 1 
iter: 4  mgc: 9.137135e-13 
iter: 1  mgc: 9.137135e-13 
outer mgc:  0.291843 
iter: 1  value: 1928.947 mgc: 0.4480875 ustep: 1 
iter: 2  value: 1928.947 mgc: 0.008304108 ustep: 1 
iter: 3  value: 1928.947 mgc: 3.098507e-06 ustep: 1 
iter: 4  mgc: 4.247713e-13 
iter: 1  mgc: 4.247713e-13 
outer mgc:  0.1600059 
iter: 1  value: 1928.976 mgc: 0.2489502 ustep: 1 
iter: 2  value: 1928.976 mgc: 0.001667782 ustep: 1 
iter: 3  value: 1928.976 mgc: 1.130653e-07 ustep: 1 
iter: 4  mgc: 2.206568e-15 
iter: 1  mgc: 2.206568e-15 
outer mgc:  0.06641498 
iter: 1  value: 1928.739 mgc: 0.06225404 ustep: 1 
iter: 2  value: 1928.739 mgc: 1.199445e-05 ustep: 1 
iter: 3  mgc: 4.004796e-12 
iter: 1  mgc: 4.004796e-12 
outer mgc:  0.01646251 
iter: 1  value: 1928.706 mgc: 0.01488238 ustep: 1 
iter: 2  value: 1928.706 mgc: 3.552179e-06 ustep: 1 
iter: 3  mgc: 5.140333e-13 
iter: 1  mgc: 5.140333e-13 
outer mgc:  0.001940156 
iter: 1  value: 1928.704 mgc: 0.004763668 ustep: 1 
iter: 2  value: 1928.704 mgc: 5.573463e-07 ustep: 1 
iter: 3  mgc: 1.199041e-14 
iter: 1  mgc: 1.199041e-14 
outer mgc:  0.001943677 
iter: 1  value: 1928.709 mgc: 0.01048738 ustep: 1 
iter: 2  value: 1928.709 mgc: 9.75775e-07 ustep: 1 
iter: 3  mgc: 3.597123e-14 
iter: 1  mgc: 3.597123e-14 
outer mgc:  0.003082717 
iter: 1  value: 1928.737 mgc: 0.02702297 ustep: 1 
iter: 2  value: 1928.737 mgc: 1.782596e-06 ustep: 1 
iter: 3  mgc: 1.116884e-13 
iter: 1  mgc: 1.116884e-13 
outer mgc:  0.006363989 
iter: 1  value: 1928.834 mgc: 0.08216239 ustep: 1 
iter: 2  value: 1928.834 mgc: 5.995883e-06 ustep: 1 
iter: 3  mgc: 1.280975e-12 
iter: 1  mgc: 1.280975e-12 
outer mgc:  0.01437258 
iter: 1  value: 1929.12 mgc: 0.2089299 ustep: 1 
iter: 2  value: 1929.12 mgc: 1.581525e-05 ustep: 1 
iter: 3  mgc: 8.666401e-12 
iter: 1  mgc: 8.666401e-12 
outer mgc:  0.02729782 
iter: 1  value: 1929.916 mgc: 0.5084655 ustep: 1 
iter: 2  value: 1929.916 mgc: 4.832242e-05 ustep: 1 
iter: 3  mgc: 7.963941e-11 
iter: 1  mgc: 7.963941e-11 
outer mgc:  0.05012004 
iter: 1  value: 1932.891 mgc: 1.278804 ustep: 1 
iter: 2  value: 1932.891 mgc: 0.0007799726 ustep: 1 
iter: 3  mgc: 5.644321e-09 
iter: 1  mgc: 5.644321e-09 
outer mgc:  0.1160264 
iter: 1  value: 1942.319 mgc: 4.577065 ustep: 1 
iter: 2  value: 1941.258 mgc: 2.122894 ustep: 1 
iter: 3  value: 1941.219 mgc: 0.3939708 ustep: 1 
iter: 4  value: 1941.218 mgc: 0.03136682 ustep: 1 
iter: 5  value: 1941.218 mgc: 0.0002630476 ustep: 1 
iter: 6  value: 1941.218 mgc: 1.901481e-08 ustep: 1 
mgc: 1.887379e-15 
iter: 1  value: 1934.033 mgc: 0.6737122 ustep: 1 
iter: 2  value: 1934.033 mgc: 0.0005277933 ustep: 1 
iter: 3  mgc: 1.323091e-09 
iter: 1  mgc: 1.323091e-09 
outer mgc:  0.09461091 
iter: 1  value: 1933.509 mgc: 0.8764719 ustep: 1 
iter: 2  value: 1933.509 mgc: 0.003244494 ustep: 1 
iter: 3  value: 1933.509 mgc: 4.055056e-07 ustep: 1 
iter: 4  mgc: 5.107026e-15 
iter: 1  value: 1934.022 mgc: 0.1216125 ustep: 1 
iter: 2  value: 1934.022 mgc: 0.0003879381 ustep: 1 
iter: 3  mgc: 5.778902e-09 
iter: 1  value: 1934.044 mgc: 0.04213738 ustep: 1 
iter: 2  value: 1934.044 mgc: 5.012904e-05 ustep: 1 
iter: 3  mgc: 9.635759e-11 
iter: 1  mgc: 9.635759e-11 
outer mgc:  0.09122492 
iter: 1  value: 1934.086 mgc: 0.01897528 ustep: 1 
iter: 2  value: 1934.086 mgc: 1.310275e-05 ustep: 1 
iter: 3  mgc: 6.658007e-12 
iter: 1  mgc: 6.658007e-12 
outer mgc:  0.0533591 
iter: 1  value: 1934.135 mgc: 0.04090753 ustep: 1 
iter: 2  value: 1934.135 mgc: 5.294165e-06 ustep: 1 
iter: 3  mgc: 7.593925e-13 
iter: 1  mgc: 7.593925e-13 
outer mgc:  0.07025119 
iter: 1  value: 1934.252 mgc: 0.06155968 ustep: 1 
iter: 2  value: 1934.252 mgc: 4.400109e-06 ustep: 1 
iter: 3  mgc: 6.550316e-14 
iter: 1  value: 1934.396 mgc: 0.0997418 ustep: 1 
iter: 2  value: 1934.396 mgc: 1.293811e-05 ustep: 1 
iter: 3  mgc: 9.974244e-13 
iter: 1  value: 1935.127 mgc: 0.4363251 ustep: 1 
iter: 2  value: 1935.127 mgc: 0.0003950288 ustep: 1 
iter: 3  mgc: 1.264947e-09 
iter: 1  mgc: 1.264947e-09 
outer mgc:  0.05243418 
iter: 1  value: 1935.314 mgc: 0.2907177 ustep: 1 
iter: 2  value: 1935.314 mgc: 0.002787342 ustep: 1 
iter: 3  value: 1935.314 mgc: 3.118396e-07 ustep: 1 
iter: 4  mgc: 3.552714e-15 
iter: 1  mgc: 3.552714e-15 
outer mgc:  0.07108419 
iter: 1  value: 1935.397 mgc: 0.0604697 ustep: 1 
iter: 2  value: 1935.397 mgc: 3.40428e-05 ustep: 1 
iter: 3  mgc: 4.672374e-11 
iter: 1  mgc: 4.672374e-11 
outer mgc:  0.02943001 
iter: 1  value: 1935.386 mgc: 0.01065599 ustep: 1 
iter: 2  value: 1935.386 mgc: 2.752463e-06 ustep: 1 
iter: 3  mgc: 2.793321e-13 
iter: 1  mgc: 2.793321e-13 
outer mgc:  0.004254199 
iter: 1  value: 1935.381 mgc: 0.006940339 ustep: 1 
iter: 2  value: 1935.381 mgc: 1.036038e-06 ustep: 1 
iter: 3  mgc: 4.196643e-14 
iter: 1  mgc: 4.196643e-14 
outer mgc:  0.0003113307 
iter: 1  value: 1935.381 mgc: 0.001363059 ustep: 1 
iter: 2  mgc: 8.157665e-09 
iter: 1  mgc: 8.157665e-09 
outer mgc:  9.645175e-05 
iter: 1  mgc: 8.157665e-09 
iter: 1  mgc: 8.157665e-09 
outer mgc:  9.645175e-05 
iter: 1  value: 1935.382 mgc: 0.002727114 ustep: 1 
iter: 2  value: 1935.382 mgc: 1.025219e-08 ustep: 1 
mgc: 1.998401e-15 
outer mgc:  0.01536351 
iter: 1  value: 1935.38 mgc: 0.002725461 ustep: 1 
iter: 2  value: 1935.38 mgc: 1.024358e-08 ustep: 1 
mgc: 2.553513e-15 
outer mgc:  0.01528588 
iter: 1  mgc: 8.152762e-09 
outer mgc:  9.645175e-05 
iter: 1  mgc: 8.162564e-09 
outer mgc:  9.645175e-05 
iter: 1  value: 1935.38 mgc: 0.002564143 ustep: 1 
iter: 2  value: 1935.38 mgc: 1.251888e-07 ustep: 1 
iter: 3  mgc: 1.998401e-15 
outer mgc:  0.01234453 
iter: 1  value: 1935.382 mgc: 0.0025624 ustep: 1 
iter: 2  value: 1935.382 mgc: 1.251351e-07 ustep: 1 
iter: 3  mgc: 3.774758e-15 
outer mgc:  0.01240535 
iter: 1  value: 1935.381 mgc: 0.0002342716 ustep: 1 
iter: 2  mgc: 1.892779e-09 
outer mgc:  0.0009044995 
iter: 1  value: 1935.381 mgc: 0.0002340401 ustep: 1 
iter: 2  mgc: 1.888843e-09 
outer mgc:  0.001009837 
iter: 1  value: 1935.38 mgc: 0.003104684 ustep: 1 
iter: 2  value: 1935.38 mgc: 2.830317e-07 ustep: 1 
iter: 3  mgc: 3.427814e-15 
outer mgc:  0.0146489 
iter: 1  value: 1935.382 mgc: 0.003102019 ustep: 1 
iter: 2  value: 1935.382 mgc: 2.828331e-07 ustep: 1 
iter: 3  mgc: 3.108624e-15 
outer mgc:  0.01453526 
iter: 1  value: 1935.38 mgc: 0.001062629 ustep: 1 
iter: 2  value: 1935.38 mgc: 3.626443e-08 ustep: 1 
mgc: 1.887379e-15 
outer mgc:  0.005419174 
iter: 1  value: 1935.382 mgc: 0.001061727 ustep: 1 
iter: 2  value: 1935.382 mgc: 3.620414e-08 ustep: 1 
mgc: 1.998401e-15 
outer mgc:  0.005409247 
iter: 1  value: 1935.381 mgc: 0.004319991 ustep: 1 
iter: 2  value: 1935.381 mgc: 2.202306e-07 ustep: 1 
iter: 3  mgc: 1.998401e-15 
outer mgc:  0.0121021 
iter: 1  value: 1935.381 mgc: 0.004320061 ustep: 1 
iter: 2  value: 1935.381 mgc: 2.200904e-07 ustep: 1 
iter: 3  mgc: 1.776357e-15 
outer mgc:  0.01203008 
iter: 1  value: 1935.382 mgc: 0.002566129 ustep: 1 
iter: 2  value: 1935.382 mgc: 3.754842e-08 ustep: 1 
iter: 3  mgc: 1.998401e-15 
outer mgc:  0.01042799 
iter: 1  value: 1935.38 mgc: 0.002567522 ustep: 1 
iter: 2  value: 1935.38 mgc: 3.759951e-08 ustep: 1 
iter: 3  mgc: 3.552714e-15 
outer mgc:  0.01057586 
iter: 1  value: 1935.381 mgc: 0.002407618 ustep: 1 
iter: 2  value: 1935.381 mgc: 3.547797e-08 ustep: 1 
mgc: 3.219647e-15 
outer mgc:  0.01215091 
iter: 1  value: 1935.381 mgc: 0.002405651 ustep: 1 
iter: 2  value: 1935.381 mgc: 3.539623e-08 ustep: 1 
mgc: 3.108624e-15 
outer mgc:  0.01225956 
iter: 1  value: 1935.381 mgc: 0.0006038126 ustep: 1 
iter: 2  mgc: 9.326014e-09 
outer mgc:  0.003750883 
iter: 1  value: 1935.381 mgc: 0.000603255 ustep: 1 
iter: 2  mgc: 9.300196e-09 
outer mgc:  0.003900558 
iter: 1  value: 1935.381 mgc: 0.002475469 ustep: 1 
iter: 2  mgc: 8.758079e-09 
outer mgc:  0.01603091 
iter: 1  value: 1935.381 mgc: 0.002473714 ustep: 1 
iter: 2  mgc: 8.74086e-09 
outer mgc:  0.01594587 
iter: 1  value: 1935.381 mgc: 0.001086974 ustep: 1 
iter: 2  mgc: 5.223153e-09 
outer mgc:  0.004398126 
iter: 1  value: 1935.381 mgc: 0.001086054 ustep: 1 
iter: 2  mgc: 5.208573e-09 
outer mgc:  0.004542637 
iter: 1  value: 1935.386 mgc: 0.002017819 ustep: 1 
iter: 2  mgc: 6.217249e-15 
outer mgc:  9.654826e-05 
iter: 1  value: 1935.376 mgc: 0.002019835 ustep: 1 
iter: 2  mgc: 6.661338e-15 
outer mgc:  9.635534e-05 
iter: 1  value: 1935.384 mgc: 0.001911928 ustep: 1 
iter: 2  value: 1935.384 mgc: 1.098677e-07 ustep: 1 
iter: 3  mgc: 2.664535e-15 
outer mgc:  0.001105041 
iter: 1  value: 1935.377 mgc: 0.001913858 ustep: 1 
iter: 2  value: 1935.377 mgc: 1.097159e-07 ustep: 1 
iter: 3  mgc: 3.885781e-15 
outer mgc:  0.00104524 
iter: 1  value: 1935.384 mgc: 0.001911815 ustep: 1 
iter: 2  value: 1935.384 mgc: 9.324946e-08 ustep: 1 
iter: 3  mgc: 2.220446e-15 
outer mgc:  0.001156125 
iter: 1  value: 1935.378 mgc: 0.00191373 ustep: 1 
iter: 2  value: 1935.378 mgc: 9.317554e-08 ustep: 1 
iter: 3  mgc: 1.554312e-15 
outer mgc:  0.001096492 
iter: 1  value: 1935.383 mgc: 0.001791363 ustep: 1 
iter: 2  value: 1935.383 mgc: 3.123307e-08 ustep: 1 
iter: 3  mgc: 3.774758e-15 
outer mgc:  0.001974663 
iter: 1  value: 1935.379 mgc: 0.001793161 ustep: 1 
iter: 2  value: 1935.379 mgc: 3.124664e-08 ustep: 1 
iter: 3  mgc: 3.552714e-15 
outer mgc:  0.001880227 
iter: 1  value: 1935.386 mgc: 0.001643084 ustep: 1 
iter: 2  mgc: 5.892892e-09 
outer mgc:  0.0003181661 
iter: 1  value: 1935.376 mgc: 0.001644718 ustep: 1 
iter: 2  mgc: 5.883848e-09 
outer mgc:  0.0002582887 
iter: 1  value: 1935.386 mgc: 0.002286472 ustep: 1 
iter: 2  mgc: 7.549517e-15 
outer mgc:  9.645175e-05 
iter: 1  value: 1935.376 mgc: 0.002288764 ustep: 1 
iter: 2  mgc: 7.993606e-15 
outer mgc:  9.645175e-05 
iter: 1  value: 1935.377 mgc: 0.001924795 ustep: 1 
iter: 2  value: 1935.377 mgc: 1.417131e-07 ustep: 1 
iter: 3  mgc: 2.442491e-15 
outer mgc:  0.0273664 
iter: 1  value: 1935.384 mgc: 0.001923729 ustep: 1 
iter: 2  value: 1935.384 mgc: 1.412587e-07 ustep: 1 
iter: 3  mgc: 4.107825e-15 
outer mgc:  0.02742448 
[Mon Aug 16 01:51:52 2021]
Finished job 0.
1 of 1 steps (100%) done
