Building DAG of jobs...
Using shell: /usr/bin/bash
Provided cores: 1 (use --cores to define parallelism)
Rules claiming more threads will be scaled down.
Job counts:
	count	jobs
	1	inference_simulation_TMB_multiple
	1

[Mon Aug 16 08:27:56 2021]
rule inference_simulation_TMB_multiple:
    input: ../data/assessing_models_simulation/datasets/multiple_GenerationJnorm3_100_100_80_5_0.8_NA_NA_NA_dataset1.RDS
    output: ../data/assessing_models_simulation/inference_results/TMB/nlminb/multiple_GenerationJnorm3_100_100_80_5_0.8_diagREDM_NA_NA_NA_dataset1.RDS
    log: logs/inference/nlminb/simulation_GenerationJnorm3_100_100_80_5_0.8_ModeldiagREDM_NA_NA_NA_dataset1.log
    jobid: 0
    wildcards: optimiser=nlminb, datasetgeneration=GenerationJnorm3, n=100, nlambda=100, lmbda=80, d=5, beta_intensity=0.8, model=diagREDM, fixed_beta_intercept=NA, fixed_beta_slope=NA, sdRE_input=NA, itnum=1

Rscript 2_inference_TMB/run_TMB.R --input ../data/assessing_models_simulation/datasets/multiple_GenerationJnorm3_100_100_80_5_0.8_NA_NA_NA_dataset1.RDS --output ../data/assessing_models_simulation/inference_results/TMB/nlminb/multiple_GenerationJnorm3_100_100_80_5_0.8_diagREDM_NA_NA_NA_dataset1.RDS --model diagREDM --optimiser nlminb
Model: diagREDM 
Feature type: signatures 
Using nlminb: TRUE 
Simulation boolean: TRUE 
make: Nothing to be done for 'all'.
../data/assessing_models_simulation/datasets/multiple_GenerationJnorm3_100_100_80_5_0.8_NA_NA_NA_dataset1.RDS[1] "../data/assessing_models_simulation/datasets/multiple_GenerationJnorm3_100_100_80_5_0.8_NA_NA_NA_dataset1.RDS"
Reading file ../data/assessing_models_simulation/datasets/multiple_GenerationJnorm3_100_100_80_5_0.8_NA_NA_NA_dataset1.RDS 
Loading required package: nnet
# weights:  15 (8 variable)
initial  value 31770.304391 
iter  10 value 27935.129312
final  value 27851.225659 
converged
Constructing atomic invpd
Constructing atomic D_lgamma
Constructing atomic invpd
Constructing atomic D_lgamma
Constructing atomic matmul
Constructing atomic invpd
Constructing atomic D_lgamma
Constructing atomic matmul
Optimizing tape... Done
iter: 1  value: 30025.59 mgc: 98.89408 ustep: 1 
iter: 2  value: 28369.18 mgc: 115.0265 ustep: 0.03738901 
iter: 3  value: 28078.89 mgc: 41.2557 ustep: 0.03817942 
iter: 4  value: 27920.16 mgc: 22.55252 ustep: 0.195476 
iter: 5  value: 27772.56 mgc: 14.33083 ustep: 0.1114674 
iter: 6  value: 27631.58 mgc: 53.95322 ustep: 0.02380213 
iter: 7  value: 27587.84 mgc: 54.11794 ustep: 0.154364 
iter: 8  value: 27557.97 mgc: 46.17524 ustep: 0.3929525 
iter: 9  value: 27557.2 mgc: 4.669258 ustep: 0.6268966 
iter: 10  value: 27557.18 mgc: 0.1408646 ustep: 0.7917888 
iter: 11  value: 27557.18 mgc: 0.0203309 ustep: 0.8898362 
iter: 12  value: 27557.18 mgc: 0.0014543 ustep: 0.943317 
iter: 13  value: 27557.18 mgc: 5.075595e-05 ustep: 0.9712479 
iter: 14  value: 27557.18 mgc: 8.878219e-07 ustep: 0.9855206 
iter: 15  mgc: 7.794085e-09 
iter: 1  mgc: 7.794085e-09 
Matching hessian patterns... Done
outer mgc:  826.4871 
iter: 1  value: 26990.52 mgc: 20.66147 ustep: 1 
iter: 2  value: 26988.33 mgc: 1.854303 ustep: 1 
iter: 3  value: 26988.33 mgc: 0.0264524 ustep: 1 
iter: 4  value: 26988.33 mgc: 1.126946e-05 ustep: 1 
iter: 5  mgc: 1.122513e-11 
iter: 1  mgc: 1.122513e-11 
outer mgc:  301.247 
iter: 1  value: 26765.61 mgc: 18.35435 ustep: 1 
iter: 2  value: 26763.92 mgc: 1.759911 ustep: 1 
iter: 3  value: 26763.92 mgc: 0.02932405 ustep: 1 
iter: 4  value: 26763.92 mgc: 1.506044e-05 ustep: 1 
iter: 5  mgc: 8.905099e-12 
iter: 1  mgc: 8.905099e-12 
outer mgc:  418.0848 
iter: 1  value: 26734.7 mgc: 25.26623 ustep: 1 
iter: 2  value: 26732.58 mgc: 1.860123 ustep: 1 
iter: 3  value: 26732.58 mgc: 0.02992337 ustep: 1 
iter: 4  value: 26732.58 mgc: 1.876477e-05 ustep: 1 
iter: 5  mgc: 8.973156e-12 
iter: 1  mgc: 8.973156e-12 
outer mgc:  448.5599 
iter: 1  value: 26534.74 mgc: 24.37028 ustep: 1 
iter: 2  value: 26531.24 mgc: 2.931709 ustep: 1 
iter: 3  value: 26531.24 mgc: 0.08865884 ustep: 1 
iter: 4  value: 26531.24 mgc: 0.0001217439 ustep: 1 
iter: 5  mgc: 3.451422e-10 
iter: 1  mgc: 3.451422e-10 
outer mgc:  165.7699 
iter: 1  value: 26496.39 mgc: 11.91502 ustep: 1 
iter: 2  value: 26495.97 mgc: 0.6150238 ustep: 1 
iter: 3  value: 26495.97 mgc: 0.004142473 ustep: 1 
iter: 4  value: 26495.97 mgc: 3.684197e-07 ustep: 1 
iter: 5  mgc: 8.041345e-12 
iter: 1  mgc: 8.041345e-12 
outer mgc:  232.6912 
iter: 1  value: 26393.73 mgc: 19.5856 ustep: 1 
iter: 2  value: 26387.92 mgc: 1.993292 ustep: 1 
iter: 3  value: 26387.92 mgc: 0.07999184 ustep: 1 
iter: 4  value: 26387.92 mgc: 0.0001689587 ustep: 1 
iter: 5  mgc: 7.576697e-10 
iter: 1  mgc: 7.576697e-10 
outer mgc:  38.67211 
iter: 1  value: 26354.92 mgc: 14.8542 ustep: 1 
iter: 2  value: 26354.35 mgc: 0.9099572 ustep: 1 
iter: 3  value: 26354.35 mgc: 0.009090658 ustep: 1 
iter: 4  value: 26354.35 mgc: 1.339386e-06 ustep: 1 
iter: 5  mgc: 7.814305e-12 
iter: 1  mgc: 7.814305e-12 
outer mgc:  148.5038 
iter: 1  value: 26326.65 mgc: 19.51284 ustep: 1 
iter: 2  value: 26316.61 mgc: 3.227937 ustep: 1 
iter: 3  value: 26316.6 mgc: 0.09114638 ustep: 1 
iter: 4  value: 26316.6 mgc: 0.0001296857 ustep: 1 
iter: 5  mgc: 3.594918e-10 
iter: 1  mgc: 3.594918e-10 
outer mgc:  110.997 
iter: 1  value: 26345.58 mgc: 30.9898 ustep: 1 
iter: 2  value: 26329.66 mgc: 4.603697 ustep: 1 
iter: 3  value: 26329.65 mgc: 0.1924596 ustep: 1 
iter: 4  value: 26329.65 mgc: 0.000684157 ustep: 1 
iter: 5  mgc: 8.792097e-09 
iter: 1  value: 26301.05 mgc: 15.08503 ustep: 1 
iter: 2  value: 26300.42 mgc: 0.8568442 ustep: 1 
iter: 3  value: 26300.42 mgc: 0.006840144 ustep: 1 
iter: 4  value: 26300.42 mgc: 8.195317e-07 ustep: 1 
iter: 5  mgc: 9.996004e-12 
iter: 1  mgc: 9.996004e-12 
outer mgc:  89.18484 
iter: 1  value: 26305.37 mgc: 19.0659 ustep: 1 
iter: 2  value: 26303.38 mgc: 2.100342 ustep: 1 
iter: 3  value: 26303.38 mgc: 0.02934285 ustep: 1 
iter: 4  value: 26303.38 mgc: 1.083836e-05 ustep: 1 
iter: 5  mgc: 8.178347e-12 
iter: 1  value: 26297.11 mgc: 9.165846 ustep: 1 
iter: 2  value: 26297.02 mgc: 0.4050891 ustep: 1 
iter: 3  value: 26297.02 mgc: 0.001409163 ustep: 1 
iter: 4  value: 26297.02 mgc: 2.486653e-08 ustep: 1 
mgc: 5.20517e-12 
iter: 1  mgc: 5.20517e-12 
outer mgc:  75.41186 
iter: 1  value: 26292.81 mgc: 3.573143 ustep: 1 
iter: 2  value: 26292.81 mgc: 0.03839211 ustep: 1 
iter: 3  value: 26292.81 mgc: 2.600049e-05 ustep: 1 
iter: 4  mgc: 1.907244e-11 
iter: 1  mgc: 1.907244e-11 
outer mgc:  22.08917 
iter: 1  value: 26288.96 mgc: 5.856787 ustep: 1 
iter: 2  value: 26288.95 mgc: 0.1245879 ustep: 1 
iter: 3  value: 26288.95 mgc: 0.0001547781 ustep: 1 
iter: 4  mgc: 2.364026e-10 
iter: 1  mgc: 2.364026e-10 
outer mgc:  10.06899 
iter: 1  value: 26285.39 mgc: 6.828386 ustep: 1 
iter: 2  value: 26285.36 mgc: 0.2006964 ustep: 1 
iter: 3  value: 26285.36 mgc: 0.0003230401 ustep: 1 
iter: 4  mgc: 1.250015e-09 
iter: 1  mgc: 1.250015e-09 
outer mgc:  21.38859 
iter: 1  value: 26284.34 mgc: 5.714112 ustep: 1 
iter: 2  value: 26284.33 mgc: 0.1091506 ustep: 1 
iter: 3  value: 26284.33 mgc: 7.597714e-05 ustep: 1 
iter: 4  mgc: 6.926526e-11 
iter: 1  value: 26285.49 mgc: 4.303504 ustep: 1 
iter: 2  value: 26285.48 mgc: 0.06761107 ustep: 1 
iter: 3  value: 26285.48 mgc: 3.749234e-05 ustep: 0.0692153 
iter: 4  value: 26285.48 mgc: 1.073299e-05 ustep: 0.141593 
iter: 5  value: 26285.48 mgc: 2.245632e-06 ustep: 1.438734e-05 
mgc: 2.244963e-06 
iter: 1  value: 26284.72 mgc: 1.982935 ustep: 1 
iter: 2  value: 26284.72 mgc: 0.01499117 ustep: 1 
iter: 3  value: 26284.72 mgc: 1.792582e-06 ustep: 1 
iter: 4  mgc: 6.841638e-12 
iter: 1  mgc: 6.841638e-12 
outer mgc:  11.83412 
iter: 1  value: 26284.15 mgc: 0.4720336 ustep: 1 
iter: 2  value: 26284.15 mgc: 0.0009957102 ustep: 1 
iter: 3  value: 26284.15 mgc: 1.785806e-08 ustep: 0.989901 
mgc: 8.486545e-12 
iter: 1  mgc: 8.486545e-12 
outer mgc:  14.50022 
iter: 1  value: 26282.99 mgc: 1.697411 ustep: 1 
iter: 2  value: 26282.99 mgc: 0.007743579 ustep: 1 
iter: 3  value: 26282.99 mgc: 5.038441e-07 ustep: 1 
iter: 4  mgc: 7.121415e-12 
iter: 1  mgc: 7.121415e-12 
outer mgc:  10.78165 
iter: 1  value: 26281.71 mgc: 1.36828 ustep: 1 
iter: 2  value: 26281.71 mgc: 0.0090407 ustep: 1 
iter: 3  value: 26281.71 mgc: 7.959015e-07 ustep: 1 
iter: 4  mgc: 3.997913e-12 
iter: 1  mgc: 3.997913e-12 
outer mgc:  4.607033 
iter: 1  value: 26280.8 mgc: 1.201338 ustep: 1 
iter: 2  value: 26280.8 mgc: 0.005105611 ustep: 1 
iter: 3  value: 26280.8 mgc: 3.190694e-07 ustep: 1 
iter: 4  mgc: 7.160494e-12 
iter: 1  mgc: 7.160494e-12 
outer mgc:  12.18802 
iter: 1  value: 26279.39 mgc: 1.032957 ustep: 1 
iter: 2  value: 26279.39 mgc: 0.005858256 ustep: 1 
iter: 3  value: 26279.39 mgc: 2.999581e-07 ustep: 1 
iter: 4  mgc: 4.51017e-12 
iter: 1  mgc: 4.51017e-12 
outer mgc:  15.41408 
iter: 1  value: 26278.17 mgc: 3.191735 ustep: 1 
iter: 2  value: 26278.17 mgc: 0.02964131 ustep: 1 
iter: 3  value: 26278.17 mgc: 6.927811e-06 ustep: 0.989901 
iter: 4  mgc: 2.403779e-09 
iter: 1  mgc: 2.403779e-09 
outer mgc:  21.98594 
iter: 1  value: 26276.92 mgc: 1.691172 ustep: 1 
iter: 2  value: 26276.92 mgc: 0.009283457 ustep: 1 
iter: 3  value: 26276.92 mgc: 9.087353e-07 ustep: 1 
iter: 4  mgc: 4.002132e-12 
iter: 1  mgc: 4.002132e-12 
outer mgc:  9.729527 
iter: 1  value: 26276.4 mgc: 0.7973935 ustep: 1 
iter: 2  value: 26276.4 mgc: 0.001592445 ustep: 1 
iter: 3  value: 26276.4 mgc: 3.095351e-08 ustep: 1 
mgc: 3.239409e-12 
iter: 1  mgc: 3.239409e-12 
outer mgc:  14.41481 
iter: 1  value: 26275.69 mgc: 0.2478418 ustep: 1 
iter: 2  value: 26275.69 mgc: 0.0005231281 ustep: 1 
iter: 3  mgc: 5.138546e-09 
iter: 1  value: 26274.15 mgc: 1.670743 ustep: 1 
iter: 2  value: 26274.15 mgc: 0.009470293 ustep: 1 
iter: 3  value: 26274.15 mgc: 9.226011e-07 ustep: 1 
iter: 4  mgc: 2.268186e-12 
iter: 1  value: 26268.28 mgc: 6.223026 ustep: 1 
iter: 2  value: 26268.27 mgc: 0.1729046 ustep: 1 
iter: 3  value: 26268.27 mgc: 0.0003579045 ustep: 1 
iter: 4  mgc: 3.896656e-09 
iter: 1  value: 26941.32 mgc: 8.620071 ustep: 1 
iter: 2  value: 26936.26 mgc: 4.005131 ustep: 1 
iter: 3  value: 26936.24 mgc: 0.3853356 ustep: 1 
iter: 4  value: 26936.24 mgc: 0.005606315 ustep: 1 
iter: 5  value: 26936.24 mgc: 1.264579e-06 ustep: 1 
iter: 6  mgc: 6.650236e-14 
iter: 1  mgc: 3.896656e-09 
outer mgc:  52.63333 
iter: 1  value: 26454.42 mgc: 9.305328 ustep: 1 
iter: 2  value: 26453.42 mgc: 1.889755 ustep: 1 
iter: 3  value: 26453.42 mgc: 0.08440846 ustep: 1 
iter: 4  value: 26453.42 mgc: 0.0002041666 ustep: 1 
iter: 5  mgc: 1.316892e-09 
iter: 1  value: 26258.94 mgc: 2.473817 ustep: 1 
iter: 2  value: 26258.94 mgc: 0.1081976 ustep: 1 
iter: 3  value: 26258.94 mgc: 0.0002446988 ustep: 1 
iter: 4  mgc: 1.273355e-09 
iter: 1  mgc: 1.273355e-09 
outer mgc:  33.79963 
iter: 1  value: 26288.04 mgc: 10.28379 ustep: 1 
iter: 2  value: 26287.8 mgc: 0.7885763 ustep: 1 
iter: 3  value: 26287.8 mgc: 0.009784736 ustep: 1 
iter: 4  value: 26287.8 mgc: 2.619981e-06 ustep: 1 
iter: 5  mgc: 2.757794e-13 
iter: 1  mgc: 2.757794e-13 
outer mgc:  45.31964 
iter: 1  value: 26477.24 mgc: 33.97573 ustep: 1 
iter: 2  value: 26434.14 mgc: 10.29585 ustep: 1 
iter: 3  value: 26434.03 mgc: 0.7438115 ustep: 1 
iter: 4  value: 26434.03 mgc: 0.01797084 ustep: 1 
iter: 5  value: 26434.03 mgc: 1.13144e-05 ustep: 1 
iter: 6  mgc: 4.411582e-12 
iter: 1  value: 26283.36 mgc: 2.639047 ustep: 1 
iter: 2  value: 26283.36 mgc: 0.03818964 ustep: 1 
iter: 3  value: 26283.36 mgc: 2.59511e-05 ustep: 1 
iter: 4  mgc: 1.435607e-11 
iter: 1  mgc: 1.435607e-11 
outer mgc:  33.39053 
iter: 1  value: 26274.42 mgc: 3.649864 ustep: 1 
iter: 2  value: 26274.41 mgc: 0.09464824 ustep: 1 
iter: 3  value: 26274.41 mgc: 0.0001717275 ustep: 1 
iter: 4  mgc: 6.271917e-10 
iter: 1  mgc: 6.271917e-10 
outer mgc:  37.02136 
iter: 1  value: 26272.48 mgc: 2.496214 ustep: 1 
iter: 2  value: 26272.48 mgc: 0.03029736 ustep: 1 
iter: 3  value: 26272.48 mgc: 1.44335e-05 ustep: 1 
iter: 4  mgc: 5.88285e-12 
iter: 1  value: 26270.94 mgc: 1.141301 ustep: 1 
iter: 2  value: 26270.94 mgc: 0.006273717 ustep: 1 
iter: 3  value: 26270.94 mgc: 7.100311e-07 ustep: 1 
iter: 4  mgc: 2.264855e-13 
iter: 1  mgc: 2.264855e-13 
outer mgc:  16.57795 
iter: 1  value: 26268.74 mgc: 1.652318 ustep: 1 
iter: 2  value: 26268.74 mgc: 0.02059015 ustep: 1 
iter: 3  value: 26268.74 mgc: 6.912873e-06 ustep: 1 
iter: 4  mgc: 1.003364e-12 
iter: 1  mgc: 1.003364e-12 
outer mgc:  20.64207 
iter: 1  value: 26267.39 mgc: 0.8028002 ustep: 1 
iter: 2  value: 26267.39 mgc: 0.00530188 ustep: 1 
iter: 3  value: 26267.39 mgc: 3.716918e-07 ustep: 1 
iter: 4  mgc: 2.342571e-13 
iter: 1  mgc: 2.342571e-13 
outer mgc:  12.44111 
iter: 1  value: 26267.28 mgc: 0.5371684 ustep: 1 
iter: 2  value: 26267.28 mgc: 0.002164886 ustep: 1 
iter: 3  value: 26267.28 mgc: 8.664025e-08 ustep: 1 
iter: 4  mgc: 1.921796e-13 
iter: 1  mgc: 1.921796e-13 
outer mgc:  9.671695 
iter: 1  value: 26267.98 mgc: 0.9780212 ustep: 1 
iter: 2  value: 26267.98 mgc: 0.005317709 ustep: 1 
iter: 3  value: 26267.98 mgc: 5.449532e-07 ustep: 1 
iter: 4  mgc: 1.726674e-13 
iter: 1  value: 26276.02 mgc: 1.378028 ustep: 1 
iter: 2  value: 26276.02 mgc: 0.02076074 ustep: 1 
iter: 3  value: 26276.02 mgc: 9.750537e-06 ustep: 1 
iter: 4  mgc: 3.341771e-12 
iter: 1  value: 26372.19 mgc: 6.720281 ustep: 1 
iter: 2  value: 26371.98 mgc: 0.8511647 ustep: 1 
iter: 3  value: 26371.98 mgc: 0.02193535 ustep: 1 
iter: 4  value: 26371.98 mgc: 1.590667e-05 ustep: 1 
iter: 5  mgc: 8.418793e-12 
iter: 1  mgc: 3.341771e-12 
outer mgc:  9.661047 
iter: 1  value: 26310.85 mgc: 5.661891 ustep: 1 
iter: 2  value: 26310.79 mgc: 0.3549868 ustep: 1 
iter: 3  value: 26310.79 mgc: 0.003755892 ustep: 1 
iter: 4  value: 26310.79 mgc: 4.462751e-07 ustep: 1 
iter: 5  mgc: 3.491651e-14 
iter: 1  value: 26279.86 mgc: 2.519715 ustep: 1 
iter: 2  value: 26279.86 mgc: 0.06789856 ustep: 1 
iter: 3  value: 26279.86 mgc: 8.59058e-05 ustep: 1 
iter: 4  mgc: 2.413687e-10 
iter: 1  mgc: 2.413687e-10 
outer mgc:  32.36569 
iter: 1  value: 26298.69 mgc: 2.618464 ustep: 1 
iter: 2  value: 26298.69 mgc: 0.03953823 ustep: 1 
iter: 3  value: 26298.69 mgc: 4.319931e-05 ustep: 1 
iter: 4  mgc: 6.11432e-11 
iter: 1  value: 26285.89 mgc: 1.507548 ustep: 1 
iter: 2  value: 26285.89 mgc: 0.01334868 ustep: 1 
iter: 3  value: 26285.89 mgc: 2.94308e-06 ustep: 1 
iter: 4  mgc: 2.731149e-13 
iter: 1  mgc: 2.731149e-13 
outer mgc:  6.668347 
iter: 1  value: 26273.29 mgc: 0.6173166 ustep: 1 
iter: 2  value: 26273.29 mgc: 0.004080982 ustep: 1 
iter: 3  value: 26273.29 mgc: 4.477905e-07 ustep: 1 
iter: 4  mgc: 6.483702e-14 
iter: 1  mgc: 6.483702e-14 
outer mgc:  7.364456 
iter: 1  value: 26274.63 mgc: 1.345737 ustep: 1 
iter: 2  value: 26274.63 mgc: 0.02491334 ustep: 1 
iter: 3  value: 26274.63 mgc: 1.819597e-05 ustep: 1 
iter: 4  mgc: 9.820478e-12 
iter: 1  mgc: 9.820478e-12 
outer mgc:  8.314619 
iter: 1  value: 26277.35 mgc: 1.934225 ustep: 1 
iter: 2  value: 26277.35 mgc: 0.06079792 ustep: 1 
iter: 3  value: 26277.35 mgc: 7.547577e-05 ustep: 1 
iter: 4  mgc: 1.512642e-10 
iter: 1  value: 26274.21 mgc: 0.8703725 ustep: 1 
iter: 2  value: 26274.2 mgc: 0.01103304 ustep: 1 
iter: 3  value: 26274.2 mgc: 2.088046e-06 ustep: 1 
iter: 4  mgc: 1.094125e-13 
iter: 1  mgc: 1.094125e-13 
outer mgc:  8.376748 
iter: 1  value: 26272.27 mgc: 0.549465 ustep: 1 
iter: 2  value: 26272.27 mgc: 0.00583348 ustep: 1 
iter: 3  value: 26272.27 mgc: 8.929582e-07 ustep: 1 
iter: 4  mgc: 6.283862e-14 
iter: 1  mgc: 6.283862e-14 
outer mgc:  6.660532 
iter: 1  value: 26271.71 mgc: 0.7004959 ustep: 1 
iter: 2  value: 26271.71 mgc: 0.005080417 ustep: 1 
iter: 3  value: 26271.71 mgc: 3.928696e-07 ustep: 1 
iter: 4  mgc: 6.328271e-14 
iter: 1  value: 26271.51 mgc: 0.5192653 ustep: 1 
iter: 2  value: 26271.51 mgc: 0.00280573 ustep: 1 
iter: 3  value: 26271.51 mgc: 1.215975e-07 ustep: 1 
iter: 4  mgc: 4.92939e-14 
iter: 1  mgc: 4.92939e-14 
outer mgc:  9.011108 
iter: 1  value: 26271.33 mgc: 0.4148078 ustep: 1 
iter: 2  value: 26271.33 mgc: 0.001531016 ustep: 1 
iter: 3  value: 26271.33 mgc: 3.032224e-08 ustep: 1 
mgc: 6.67244e-14 
iter: 1  mgc: 6.67244e-14 
outer mgc:  2.810152 
iter: 1  value: 26269.61 mgc: 0.4334221 ustep: 1 
iter: 2  value: 26269.61 mgc: 0.002997116 ustep: 1 
iter: 3  value: 26269.61 mgc: 1.950851e-07 ustep: 1 
iter: 4  mgc: 4.943268e-14 
iter: 1  mgc: 4.943268e-14 
outer mgc:  6.785944 
iter: 1  value: 26269.65 mgc: 0.7084168 ustep: 1 
iter: 2  value: 26269.65 mgc: 0.00662237 ustep: 1 
iter: 3  value: 26269.65 mgc: 1.216805e-06 ustep: 1 
iter: 4  mgc: 5.484502e-14 
iter: 1  mgc: 5.484502e-14 
outer mgc:  8.968898 
iter: 1  value: 26267.4 mgc: 0.996555 ustep: 1 
iter: 2  value: 26267.4 mgc: 0.01113615 ustep: 1 
iter: 3  value: 26267.4 mgc: 2.215613e-06 ustep: 1 
iter: 4  mgc: 1.202372e-13 
iter: 1  mgc: 1.202372e-13 
outer mgc:  12.86843 
iter: 1  value: 26264.89 mgc: 0.5878779 ustep: 1 
iter: 2  value: 26264.89 mgc: 0.003693518 ustep: 1 
iter: 3  value: 26264.89 mgc: 2.262944e-07 ustep: 1 
iter: 4  mgc: 5.517808e-14 
iter: 1  mgc: 5.517808e-14 
outer mgc:  4.916248 
iter: 1  value: 26262.52 mgc: 0.6334391 ustep: 1 
iter: 2  value: 26262.52 mgc: 0.007257408 ustep: 1 
iter: 3  value: 26262.52 mgc: 1.242512e-06 ustep: 1 
iter: 4  mgc: 5.648086e-14 
iter: 1  mgc: 5.648086e-14 
outer mgc:  6.819831 
iter: 1  value: 26261.19 mgc: 0.3990332 ustep: 1 
iter: 2  value: 26261.19 mgc: 0.001907782 ustep: 1 
iter: 3  value: 26261.19 mgc: 5.659612e-08 ustep: 1 
mgc: 5.484502e-14 
iter: 1  mgc: 5.484502e-14 
outer mgc:  2.061074 
iter: 1  value: 26259.36 mgc: 0.6357397 ustep: 1 
iter: 2  value: 26259.36 mgc: 0.004912067 ustep: 1 
iter: 3  value: 26259.36 mgc: 4.979626e-07 ustep: 1 
iter: 4  mgc: 4.851675e-14 
iter: 1  value: 26260.52 mgc: 0.1993285 ustep: 1 
iter: 2  value: 26260.52 mgc: 0.0005003293 ustep: 1 
iter: 3  mgc: 5.208115e-09 
iter: 1  mgc: 5.208115e-09 
outer mgc:  3.590445 
iter: 1  value: 26259.9 mgc: 0.2151612 ustep: 1 
iter: 2  value: 26259.9 mgc: 0.0004936918 ustep: 1 
iter: 3  mgc: 4.667945e-09 
iter: 1  mgc: 4.667945e-09 
outer mgc:  2.244836 
iter: 1  value: 26259.18 mgc: 0.1299416 ustep: 1 
iter: 2  value: 26259.18 mgc: 0.0001928871 ustep: 1 
iter: 3  mgc: 7.121517e-10 
iter: 1  mgc: 7.121517e-10 
outer mgc:  1.289662 
iter: 1  value: 26257.97 mgc: 0.1564256 ustep: 1 
iter: 2  value: 26257.97 mgc: 0.0003386603 ustep: 1 
iter: 3  mgc: 1.948596e-09 
iter: 1  value: 26256.52 mgc: 0.2507852 ustep: 1 
iter: 2  value: 26256.52 mgc: 0.00082075 ustep: 1 
iter: 3  value: 26256.52 mgc: 2.063024e-08 ustep: 1 
mgc: 5.540013e-14 
iter: 1  mgc: 5.540013e-14 
outer mgc:  1.687278 
iter: 1  value: 26253.12 mgc: 0.4002709 ustep: 1 
iter: 2  value: 26253.12 mgc: 0.001874371 ustep: 1 
iter: 3  value: 26253.12 mgc: 9.649496e-08 ustep: 1 
mgc: 7.061018e-14 
iter: 1  mgc: 7.061018e-14 
outer mgc:  2.839588 
iter: 1  value: 26250.54 mgc: 0.3860563 ustep: 1 
iter: 2  value: 26250.54 mgc: 0.003523692 ustep: 1 
iter: 3  value: 26250.54 mgc: 2.733551e-07 ustep: 1 
iter: 4  mgc: 5.795364e-14 
iter: 1  mgc: 5.795364e-14 
outer mgc:  2.588759 
iter: 1  value: 26247.5 mgc: 0.4012318 ustep: 1 
iter: 2  value: 26247.5 mgc: 0.001599393 ustep: 1 
iter: 3  value: 26247.5 mgc: 6.178538e-08 ustep: 1 
mgc: 5.107026e-14 
iter: 1  mgc: 5.107026e-14 
outer mgc:  4.950634 
iter: 1  value: 26244.29 mgc: 0.2952252 ustep: 1 
iter: 2  value: 26244.29 mgc: 0.0007253586 ustep: 1 
iter: 3  mgc: 7.031398e-09 
iter: 1  mgc: 7.031398e-09 
outer mgc:  4.725114 
iter: 1  value: 26243.13 mgc: 0.3046962 ustep: 1 
iter: 2  value: 26243.13 mgc: 0.001118344 ustep: 1 
iter: 3  value: 26243.13 mgc: 3.553979e-08 ustep: 1 
mgc: 5.961898e-14 
iter: 1  mgc: 5.961898e-14 
outer mgc:  4.581527 
iter: 1  value: 26242.16 mgc: 0.2246209 ustep: 1 
iter: 2  value: 26242.16 mgc: 0.0005737531 ustep: 1 
iter: 3  mgc: 6.449564e-09 
iter: 1  mgc: 6.449564e-09 
outer mgc:  2.685485 
iter: 1  value: 26241.31 mgc: 0.2330495 ustep: 1 
iter: 2  value: 26241.31 mgc: 0.0004123247 ustep: 1 
iter: 3  mgc: 3.514269e-09 
iter: 1  value: 26242.03 mgc: 0.2756375 ustep: 1 
iter: 2  value: 26242.03 mgc: 0.0006879996 ustep: 1 
iter: 3  mgc: 8.500105e-09 
iter: 1  value: 26242.17 mgc: 0.1426452 ustep: 1 
iter: 2  value: 26242.17 mgc: 0.0001973652 ustep: 1 
iter: 3  mgc: 6.76286e-10 
iter: 1  mgc: 6.76286e-10 
outer mgc:  1.272977 
iter: 1  value: 26242.17 mgc: 0.09316539 ustep: 1 
iter: 2  value: 26242.17 mgc: 5.466454e-05 ustep: 1 
iter: 3  mgc: 4.190603e-11 
iter: 1  mgc: 4.190603e-11 
outer mgc:  0.2894587 
iter: 1  value: 26242.01 mgc: 0.0551647 ustep: 1 
iter: 2  value: 26242.01 mgc: 1.766049e-05 ustep: 1 
iter: 3  mgc: 6.919798e-12 
iter: 1  mgc: 6.919798e-12 
outer mgc:  0.252835 
iter: 1  value: 26241.78 mgc: 0.03956635 ustep: 1 
iter: 2  value: 26241.78 mgc: 2.093909e-05 ustep: 1 
iter: 3  mgc: 8.6402e-12 
iter: 1  mgc: 8.6402e-12 
outer mgc:  0.1648779 
iter: 1  value: 26241.75 mgc: 0.07157343 ustep: 1 
iter: 2  value: 26241.75 mgc: 3.818144e-05 ustep: 1 
iter: 3  mgc: 2.034994e-11 
iter: 1  value: 26241.77 mgc: 0.03773319 ustep: 1 
iter: 2  value: 26241.77 mgc: 1.058598e-05 ustep: 1 
iter: 3  mgc: 1.72462e-12 
iter: 1  mgc: 1.72462e-12 
outer mgc:  0.2315606 
iter: 1  value: 26241.68 mgc: 0.01658012 ustep: 1 
iter: 2  value: 26241.68 mgc: 7.365514e-06 ustep: 1 
iter: 3  mgc: 2.133849e-12 
iter: 1  mgc: 2.133849e-12 
outer mgc:  0.2490599 
iter: 1  value: 26241.62 mgc: 0.0145971 ustep: 1 
iter: 2  value: 26241.62 mgc: 2.013847e-06 ustep: 1 
iter: 3  mgc: 7.81597e-14 
iter: 1  mgc: 7.81597e-14 
outer mgc:  0.06681104 
iter: 1  value: 26241.58 mgc: 0.01443399 ustep: 1 
iter: 2  value: 26241.58 mgc: 3.117724e-06 ustep: 1 
iter: 3  mgc: 1.665335e-13 
iter: 1  value: 26241.61 mgc: 0.005739711 ustep: 1 
iter: 2  value: 26241.61 mgc: 4.806665e-07 ustep: 1 
iter: 3  mgc: 6.57252e-14 
iter: 1  mgc: 6.57252e-14 
outer mgc:  0.03394962 
iter: 1  value: 26241.62 mgc: 0.002251777 ustep: 1 
iter: 2  value: 26241.62 mgc: 9.213071e-08 ustep: 1 
iter: 3  mgc: 5.956347e-14 
iter: 1  mgc: 5.956347e-14 
outer mgc:  0.01166037 
iter: 1  value: 26241.63 mgc: 0.003092003 ustep: 1 
iter: 2  value: 26241.63 mgc: 1.086716e-07 ustep: 1 
iter: 3  mgc: 6.694645e-14 
iter: 1  mgc: 5.956347e-14 
iter: 1  mgc: 5.956347e-14 
outer mgc:  0.01166037 
iter: 1  value: 26241.62 mgc: 0.02325571 ustep: 1 
iter: 2  value: 26241.62 mgc: 4.261337e-06 ustep: 1 
iter: 3  mgc: 2.380318e-13 
outer mgc:  0.3966448 
iter: 1  value: 26241.61 mgc: 0.02325473 ustep: 1 
iter: 2  value: 26241.61 mgc: 4.269119e-06 ustep: 1 
iter: 3  mgc: 2.252643e-13 
outer mgc:  0.394527 
iter: 1  value: 26241.62 mgc: 0.01200627 ustep: 1 
iter: 2  value: 26241.62 mgc: 1.418026e-06 ustep: 1 
iter: 3  mgc: 6.106227e-14 
outer mgc:  0.5471485 
iter: 1  value: 26241.61 mgc: 0.01200396 ustep: 1 
iter: 2  value: 26241.61 mgc: 1.419212e-06 ustep: 1 
iter: 3  mgc: 5.329071e-14 
outer mgc:  0.5671053 
iter: 1  value: 26241.62 mgc: 0.02449815 ustep: 1 
iter: 2  value: 26241.62 mgc: 5.613405e-06 ustep: 1 
iter: 3  mgc: 5.908607e-13 
outer mgc:  0.2065367 
iter: 1  value: 26241.61 mgc: 0.02449438 ustep: 1 
iter: 2  value: 26241.61 mgc: 5.625105e-06 ustep: 1 
iter: 3  mgc: 5.767609e-13 
outer mgc:  0.20027 
iter: 1  value: 26241.62 mgc: 0.01207177 ustep: 1 
iter: 2  value: 26241.62 mgc: 1.53131e-06 ustep: 1 
iter: 3  mgc: 5.839773e-14 
outer mgc:  0.4926044 
iter: 1  value: 26241.62 mgc: 0.01207064 ustep: 1 
iter: 2  value: 26241.62 mgc: 1.532309e-06 ustep: 1 
iter: 3  mgc: 5.950795e-14 
outer mgc:  0.46925 
iter: 1  value: 26241.61 mgc: 0.01881948 ustep: 1 
iter: 2  value: 26241.61 mgc: 4.440389e-06 ustep: 1 
iter: 3  mgc: 3.721468e-13 
outer mgc:  0.3039766 
iter: 1  value: 26241.62 mgc: 0.01880761 ustep: 1 
iter: 2  value: 26241.62 mgc: 4.447907e-06 ustep: 1 
iter: 3  mgc: 3.614886e-13 
outer mgc:  0.3068963 
iter: 1  value: 26241.61 mgc: 0.009906946 ustep: 1 
iter: 2  value: 26241.61 mgc: 1.576939e-06 ustep: 1 
iter: 3  mgc: 7.321921e-14 
outer mgc:  0.3659559 
iter: 1  value: 26241.62 mgc: 0.009901245 ustep: 1 
iter: 2  value: 26241.62 mgc: 1.578036e-06 ustep: 1 
iter: 3  mgc: 5.906386e-14 
outer mgc:  0.3637443 
iter: 1  value: 26241.61 mgc: 0.006281976 ustep: 1 
iter: 2  value: 26241.61 mgc: 5.193809e-07 ustep: 1 
iter: 3  mgc: 5.440093e-14 
outer mgc:  0.3041179 
iter: 1  value: 26241.62 mgc: 0.00627467 ustep: 1 
iter: 2  value: 26241.62 mgc: 5.184935e-07 ustep: 1 
iter: 3  mgc: 4.87943e-14 
outer mgc:  0.3051164 
iter: 1  value: 26241.61 mgc: 0.002176511 ustep: 1 
iter: 2  value: 26241.61 mgc: 6.414891e-08 ustep: 1 
iter: 3  mgc: 4.618528e-14 
outer mgc:  0.1160949 
iter: 1  value: 26241.62 mgc: 0.002174526 ustep: 1 
iter: 2  value: 26241.62 mgc: 6.403576e-08 ustep: 1 
iter: 3  mgc: 5.07927e-14 
outer mgc:  0.1100861 
iter: 1  value: 26241.63 mgc: 0.005234925 ustep: 1 
iter: 2  value: 26241.63 mgc: 2.957484e-07 ustep: 1 
iter: 3  mgc: 5.595524e-14 
outer mgc:  0.02466846 
iter: 1  value: 26241.6 mgc: 0.005240163 ustep: 1 
iter: 2  value: 26241.6 mgc: 2.958512e-07 ustep: 1 
iter: 3  mgc: 5.596912e-14 
outer mgc:  0.01728879 
iter: 1  value: 26241.63 mgc: 0.003735459 ustep: 1 
iter: 2  value: 26241.63 mgc: 4.665366e-07 ustep: 1 
iter: 3  mgc: 6.394885e-14 
outer mgc:  0.03200365 
iter: 1  value: 26241.61 mgc: 0.003739196 ustep: 1 
iter: 2  value: 26241.61 mgc: 4.66986e-07 ustep: 1 
iter: 3  mgc: 6.261658e-14 
outer mgc:  0.03055577 
iter: 1  value: 26241.63 mgc: 0.004427333 ustep: 1 
iter: 2  value: 26241.63 mgc: 3.717716e-07 ustep: 1 
iter: 3  mgc: 4.640732e-14 
outer mgc:  0.02019964 
iter: 1  value: 26241.6 mgc: 0.004431763 ustep: 1 
iter: 2  value: 26241.6 mgc: 3.71845e-07 ustep: 1 
iter: 3  mgc: 5.839773e-14 
outer mgc:  0.01676746 
iter: 1  value: 26241.65 mgc: 0.004919895 ustep: 1 
iter: 2  value: 26241.65 mgc: 2.258145e-07 ustep: 1 
iter: 3  mgc: 6.483702e-14 
outer mgc:  0.01154919 
iter: 1  value: 26241.58 mgc: 0.004924817 ustep: 1 
iter: 2  value: 26241.58 mgc: 2.255065e-07 ustep: 1 
iter: 3  mgc: 5.440093e-14 
outer mgc:  0.01177147 
iter: 1  value: 26241.59 mgc: 0.004837695 ustep: 1 
iter: 2  value: 26241.59 mgc: 1.914819e-07 ustep: 1 
iter: 3  mgc: 4.396483e-14 
outer mgc:  0.03021309 
iter: 1  value: 26241.65 mgc: 0.004837169 ustep: 1 
iter: 2  value: 26241.65 mgc: 1.915033e-07 ustep: 1 
iter: 3  mgc: 5.77316e-14 
outer mgc:  0.03190821 
iter: 1  value: 26241.59 mgc: 0.003721014 ustep: 1 
iter: 2  value: 26241.59 mgc: 2.701951e-07 ustep: 1 
iter: 3  mgc: 6.561418e-14 
outer mgc:  0.03230571 
iter: 1  value: 26241.64 mgc: 0.003720349 ustep: 1 
iter: 2  value: 26241.64 mgc: 2.700524e-07 ustep: 1 
iter: 3  mgc: 5.351275e-14 
outer mgc:  0.03870707 
[Mon Aug 16 08:28:03 2021]
Finished job 0.
1 of 1 steps (100%) done
