Building DAG of jobs...
Using shell: /usr/bin/bash
Provided cores: 1 (use --cores to define parallelism)
Rules claiming more threads will be scaled down.
Job counts:
	count	jobs
	1	inference_simulation_TMB_multiple
	1

[Sun Aug 15 23:35:29 2021]
rule inference_simulation_TMB_multiple:
    input: ../data/assessing_models_simulation/datasets/multiple_GenerationJnorm2_50_100_10_6_0.8_NA_NA_NA_dataset1.RDS
    output: ../data/assessing_models_simulation/inference_results/TMB/nlminb/multiple_GenerationJnorm2_50_100_10_6_0.8_diagREDMsinglelambda_NA_NA_NA_dataset1.RDS
    log: logs/inference/nlminb/simulation_GenerationJnorm2_50_100_10_6_0.8_ModeldiagREDMsinglelambda_NA_NA_NA_dataset1.log
    jobid: 0
    wildcards: optimiser=nlminb, datasetgeneration=GenerationJnorm2, n=50, nlambda=100, lmbda=10, d=6, beta_intensity=0.8, model=diagREDMsinglelambda, fixed_beta_intercept=NA, fixed_beta_slope=NA, sdRE_input=NA, itnum=1

Rscript 2_inference_TMB/run_TMB.R --input ../data/assessing_models_simulation/datasets/multiple_GenerationJnorm2_50_100_10_6_0.8_NA_NA_NA_dataset1.RDS --output ../data/assessing_models_simulation/inference_results/TMB/nlminb/multiple_GenerationJnorm2_50_100_10_6_0.8_diagREDMsinglelambda_NA_NA_NA_dataset1.RDS --model diagREDMsinglelambda --optimiser nlminb
Model: diagREDMsinglelambda 
Feature type: signatures 
Using nlminb: TRUE 
Simulation boolean: TRUE 
make: Nothing to be done for 'all'.
../data/assessing_models_simulation/datasets/multiple_GenerationJnorm2_50_100_10_6_0.8_NA_NA_NA_dataset1.RDS[1] "../data/assessing_models_simulation/datasets/multiple_GenerationJnorm2_50_100_10_6_0.8_NA_NA_NA_dataset1.RDS"
Reading file ../data/assessing_models_simulation/datasets/multiple_GenerationJnorm2_50_100_10_6_0.8_NA_NA_NA_dataset1.RDS 
Loading required package: nnet
# weights:  18 (10 variable)
initial  value 17596.869747 
iter  10 value 13645.840820
final  value 13455.327744 
converged
Constructing atomic invpd
Constructing atomic D_lgamma
Constructing atomic invpd
Constructing atomic D_lgamma
Constructing atomic matmul
Constructing atomic invpd
Constructing atomic D_lgamma
Constructing atomic matmul
Optimizing tape... Done
iter: 1  value: 12564.24 mgc: 7.951972 ustep: 0.615767 
iter: 2  value: 12345.04 mgc: 9.756681 ustep: 0.7847297 
iter: 3  value: 12322.72 mgc: 4.708607 ustep: 0.8858611 
iter: 4  value: 12322.48 mgc: 10.25427 ustep: 0.9412078 
iter: 5  value: 12249.16 mgc: 6.326451 ustep: 0.5842247 
iter: 6  value: 12221.01 mgc: 4.171393 ustep: 0.7643695 
iter: 7  value: 12220.28 mgc: 2.351288 ustep: 0.6453862 
iter: 8  value: 12218.79 mgc: 3.21643 ustep: 0.803379 
iter: 9  value: 12218.78 mgc: 0.265496 ustep: 0.8963245 
iter: 10  value: 12218.78 mgc: 0.01426024 ustep: 0.9467495 
iter: 11  value: 12218.78 mgc: 0.0002912604 ustep: 0.9730132 
iter: 12  value: 12218.78 mgc: 4.263491e-06 ustep: 0.9864157 
iter: 13  value: 12218.78 mgc: 5.946273e-08 ustep: 0.9931853 
iter: 14  mgc: 6.881085e-10 
iter: 1  mgc: 6.881085e-10 
Matching hessian patterns... Done
outer mgc:  67.8949 
iter: 1  value: 12091.9 mgc: 1.352433 ustep: 1 
iter: 2  value: 12091.43 mgc: 0.5550099 ustep: 1 
iter: 3  value: 12091.42 mgc: 0.030201 ustep: 1 
iter: 4  value: 12091.42 mgc: 0.0001168936 ustep: 1 
iter: 5  mgc: 1.773724e-09 
iter: 1  value: 11978.01 mgc: 10.98378 ustep: 0.4728557 
iter: 2  value: 11924.76 mgc: 18.13806 ustep: 0.6876763 
iter: 3  value: 11915.33 mgc: 13.23051 ustep: 0.8292796 
iter: 4  value: 11913.98 mgc: 4.693973 ustep: 0.9106568 
iter: 5  value: 11913.94 mgc: 0.7143259 ustep: 0.954288 
iter: 6  value: 11913.94 mgc: 0.03862335 ustep: 0.976879 
iter: 7  value: 11913.94 mgc: 0.0002746912 ustep: 0.988373 
iter: 8  value: 11913.94 mgc: 8.857582e-07 ustep: 0.9941701 
iter: 9  mgc: 3.376986e-09 
iter: 1  mgc: 3.376986e-09 
outer mgc:  111.2643 
iter: 1  value: 12370.96 mgc: 7.041363 ustep: 1 
iter: 2  value: 12280.11 mgc: 4.842063 ustep: 1 
iter: 3  value: 12276.33 mgc: 1.943015 ustep: 1 
iter: 4  value: 12276.31 mgc: 0.1748646 ustep: 1 
iter: 5  value: 12276.31 mgc: 0.00280658 ustep: 1 
iter: 6  value: 12276.31 mgc: 8.032789e-07 ustep: 1 
iter: 7  mgc: 6.616929e-14 
iter: 1  value: 11907.48 mgc: 3.950485 ustep: 1 
iter: 2  value: 11905.28 mgc: 0.7793343 ustep: 1 
iter: 3  value: 11905.27 mgc: 0.05671458 ustep: 1 
iter: 4  value: 11905.27 mgc: 0.0005265249 ustep: 1 
iter: 5  value: 11905.27 mgc: 5.647161e-08 ustep: 1 
iter: 6  mgc: 5.107026e-15 
iter: 1  mgc: 5.107026e-15 
outer mgc:  40.12928 
iter: 1  value: 11825.21 mgc: 3.299188 ustep: 1 
iter: 2  value: 11825.02 mgc: 0.6432882 ustep: 1 
iter: 3  value: 11825.02 mgc: 0.04699809 ustep: 1 
iter: 4  value: 11825.02 mgc: 0.000340255 ustep: 1 
iter: 5  value: 11825.02 mgc: 2.679508e-08 ustep: 1 
iter: 6  mgc: 4.968248e-15 
iter: 1  mgc: 4.968248e-15 
outer mgc:  28.00536 
iter: 1  value: 11767.89 mgc: 5.146847 ustep: 1 
iter: 2  value: 11766.43 mgc: 0.7277849 ustep: 1 
iter: 3  value: 11766.43 mgc: 0.02876074 ustep: 1 
iter: 4  value: 11766.43 mgc: 4.872318e-05 ustep: 1 
iter: 5  mgc: 1.42492e-10 
iter: 1  mgc: 1.42492e-10 
outer mgc:  44.7136 
iter: 1  value: 11810.28 mgc: 6.807144 ustep: 1 
iter: 2  value: 11765.52 mgc: 5.53065 ustep: 1 
iter: 3  value: 11765.34 mgc: 0.4039566 ustep: 1 
iter: 4  value: 11765.34 mgc: 0.004984501 ustep: 1 
iter: 5  value: 11765.34 mgc: 8.411844e-07 ustep: 1 
iter: 6  mgc: 2.553513e-14 
iter: 1  value: 11729.04 mgc: 6.495334 ustep: 1 
iter: 2  value: 11727.73 mgc: 1.155561 ustep: 1 
iter: 3  value: 11727.73 mgc: 0.02163282 ustep: 1 
iter: 4  value: 11727.73 mgc: 1.215702e-05 ustep: 1 
iter: 5  mgc: 1.030021e-11 
iter: 1  mgc: 1.030021e-11 
outer mgc:  35.00327 
iter: 1  value: 11711.3 mgc: 1.812054 ustep: 1 
iter: 2  value: 11711.28 mgc: 0.1395385 ustep: 1 
iter: 3  value: 11711.28 mgc: 0.001598217 ustep: 1 
iter: 4  value: 11711.28 mgc: 4.588029e-07 ustep: 1 
iter: 5  mgc: 3.830269e-14 
iter: 1  mgc: 3.830269e-14 
outer mgc:  12.95761 
iter: 1  value: 11692.98 mgc: 2.266933 ustep: 1 
iter: 2  value: 11692.96 mgc: 0.1394151 ustep: 1 
iter: 3  value: 11692.96 mgc: 0.001187248 ustep: 1 
iter: 4  value: 11692.96 mgc: 8.818174e-08 ustep: 1 
iter: 5  mgc: 6.77236e-15 
iter: 1  value: 11698.1 mgc: 1.036634 ustep: 1 
iter: 2  value: 11698.1 mgc: 0.03600204 ustep: 1 
iter: 3  value: 11698.1 mgc: 7.61845e-05 ustep: 1 
iter: 4  mgc: 3.634878e-10 
iter: 1  mgc: 3.634878e-10 
outer mgc:  10.26884 
iter: 1  value: 11695.91 mgc: 1.29464 ustep: 1 
iter: 2  value: 11695.91 mgc: 0.02533801 ustep: 1 
iter: 3  value: 11695.91 mgc: 0.0001001691 ustep: 1 
iter: 4  mgc: 1.639515e-09 
iter: 1  mgc: 1.639515e-09 
outer mgc:  15.84241 
iter: 1  value: 11681.06 mgc: 1.306779 ustep: 1 
iter: 2  value: 11681.06 mgc: 0.0418015 ustep: 1 
iter: 3  value: 11681.06 mgc: 4.051529e-05 ustep: 1 
iter: 4  mgc: 4.623169e-11 
iter: 1  mgc: 4.623169e-11 
outer mgc:  8.562569 
iter: 1  value: 11674.13 mgc: 1.397413 ustep: 1 
iter: 2  value: 11674.13 mgc: 0.0286366 ustep: 1 
iter: 3  value: 11674.13 mgc: 2.259532e-05 ustep: 1 
iter: 4  mgc: 1.517722e-11 
iter: 1  mgc: 1.517722e-11 
outer mgc:  10.74405 
iter: 1  value: 11669.14 mgc: 1.103914 ustep: 1 
iter: 2  value: 11669.14 mgc: 0.04532273 ustep: 1 
iter: 3  value: 11669.14 mgc: 5.828585e-05 ustep: 1 
iter: 4  mgc: 9.626566e-11 
iter: 1  mgc: 9.626566e-11 
outer mgc:  10.87262 
iter: 1  value: 11656.49 mgc: 1.089387 ustep: 1 
iter: 2  value: 11656.49 mgc: 0.01088145 ustep: 1 
iter: 3  value: 11656.49 mgc: 2.855137e-06 ustep: 1 
iter: 4  mgc: 2.444711e-13 
iter: 1  mgc: 2.444711e-13 
outer mgc:  14.39707 
iter: 1  value: 11650.44 mgc: 1.035827 ustep: 1 
iter: 2  value: 11650.44 mgc: 0.01794397 ustep: 1 
iter: 3  value: 11650.44 mgc: 5.803194e-06 ustep: 1 
iter: 4  mgc: 3.393286e-12 
iter: 1  mgc: 3.393286e-12 
outer mgc:  6.5583 
iter: 1  value: 11648.95 mgc: 1.073939 ustep: 1 
iter: 2  value: 11648.95 mgc: 0.03441081 ustep: 1 
iter: 3  value: 11648.95 mgc: 3.302189e-05 ustep: 1 
iter: 4  mgc: 3.235456e-11 
iter: 1  value: 11648.48 mgc: 0.4001758 ustep: 1 
iter: 2  value: 11648.48 mgc: 0.004133642 ustep: 1 
iter: 3  value: 11648.48 mgc: 5.32503e-07 ustep: 1 
iter: 4  mgc: 9.436896e-15 
iter: 1  mgc: 9.436896e-15 
outer mgc:  4.135952 
iter: 1  value: 11645.42 mgc: 0.8217867 ustep: 1 
iter: 2  value: 11645.42 mgc: 0.007975492 ustep: 1 
iter: 3  value: 11645.42 mgc: 1.539065e-06 ustep: 1 
iter: 4  mgc: 7.571721e-14 
iter: 1  value: 11646.73 mgc: 0.4113803 ustep: 1 
iter: 2  value: 11646.73 mgc: 0.002099813 ustep: 1 
iter: 3  value: 11646.73 mgc: 1.121987e-07 ustep: 1 
iter: 4  mgc: 4.884981e-15 
iter: 1  mgc: 4.884981e-15 
outer mgc:  3.870265 
iter: 1  value: 11645.95 mgc: 0.3583027 ustep: 1 
iter: 2  value: 11645.95 mgc: 0.00117057 ustep: 1 
iter: 3  value: 11645.95 mgc: 3.070216e-08 ustep: 1 
iter: 4  mgc: 4.440892e-15 
iter: 1  mgc: 4.440892e-15 
outer mgc:  3.889933 
iter: 1  value: 11643.52 mgc: 0.3289525 ustep: 1 
iter: 2  value: 11643.52 mgc: 0.001061054 ustep: 1 
iter: 3  value: 11643.52 mgc: 1.076193e-08 ustep: 1 
mgc: 4.884981e-15 
iter: 1  mgc: 4.884981e-15 
outer mgc:  2.111285 
iter: 1  value: 11640.17 mgc: 0.2908894 ustep: 1 
iter: 2  value: 11640.17 mgc: 0.001233861 ustep: 1 
iter: 3  value: 11640.17 mgc: 3.86956e-08 ustep: 1 
iter: 4  mgc: 3.552714e-15 
iter: 1  mgc: 3.552714e-15 
outer mgc:  3.469948 
iter: 1  value: 11635.54 mgc: 0.2270355 ustep: 1 
iter: 2  value: 11635.54 mgc: 0.001292778 ustep: 1 
iter: 3  value: 11635.54 mgc: 5.228756e-08 ustep: 1 
iter: 4  mgc: 3.552714e-15 
iter: 1  mgc: 3.552714e-15 
outer mgc:  2.959041 
iter: 1  value: 11632.14 mgc: 0.473919 ustep: 1 
iter: 2  value: 11632.14 mgc: 0.004857496 ustep: 1 
iter: 3  value: 11632.14 mgc: 6.108742e-07 ustep: 1 
iter: 4  mgc: 1.262879e-14 
iter: 1  mgc: 1.262879e-14 
outer mgc:  3.960612 
iter: 1  value: 11628.46 mgc: 0.381259 ustep: 1 
iter: 2  value: 11628.46 mgc: 0.00306312 ustep: 1 
iter: 3  value: 11628.46 mgc: 2.057589e-07 ustep: 1 
iter: 4  mgc: 4.662937e-15 
iter: 1  mgc: 4.662937e-15 
outer mgc:  2.308544 
iter: 1  value: 11624.71 mgc: 0.1544978 ustep: 1 
iter: 2  value: 11624.71 mgc: 0.0005167663 ustep: 1 
iter: 3  mgc: 8.386755e-09 
iter: 1  mgc: 8.386755e-09 
outer mgc:  2.163701 
iter: 1  value: 11620.83 mgc: 0.1712904 ustep: 1 
iter: 2  value: 11620.83 mgc: 0.0007958224 ustep: 1 
iter: 3  value: 11620.83 mgc: 2.92517e-08 ustep: 1 
iter: 4  mgc: 5.551115e-15 
iter: 1  mgc: 5.551115e-15 
outer mgc:  1.367444 
iter: 1  value: 11617.77 mgc: 0.2514596 ustep: 1 
iter: 2  value: 11617.77 mgc: 0.001202317 ustep: 1 
iter: 3  value: 11617.77 mgc: 2.862111e-08 ustep: 1 
mgc: 5.107026e-15 
iter: 1  mgc: 5.107026e-15 
outer mgc:  3.664779 
iter: 1  value: 11612.71 mgc: 0.2307093 ustep: 1 
iter: 2  value: 11612.71 mgc: 0.0008579138 ustep: 1 
iter: 3  value: 11612.71 mgc: 1.939056e-08 ustep: 1 
mgc: 4.73406e-15 
iter: 1  mgc: 4.73406e-15 
outer mgc:  3.694588 
iter: 1  value: 11609.88 mgc: 0.2884242 ustep: 1 
iter: 2  value: 11609.88 mgc: 0.0005292693 ustep: 1 
iter: 3  mgc: 2.367753e-09 
iter: 1  mgc: 2.367753e-09 
outer mgc:  2.282867 
iter: 1  value: 11605.47 mgc: 0.2257198 ustep: 1 
iter: 2  value: 11605.47 mgc: 0.0004949169 ustep: 1 
iter: 3  mgc: 5.343711e-09 
iter: 1  mgc: 5.343711e-09 
outer mgc:  1.425752 
iter: 1  value: 11601.42 mgc: 0.2257969 ustep: 1 
iter: 2  value: 11601.42 mgc: 0.0003207431 ustep: 1 
iter: 3  mgc: 1.991117e-09 
iter: 1  mgc: 1.991117e-09 
outer mgc:  0.8980044 
iter: 1  value: 11596.97 mgc: 0.1991394 ustep: 1 
iter: 2  value: 11596.97 mgc: 0.0004175878 ustep: 1 
iter: 3  mgc: 3.105308e-09 
iter: 1  mgc: 3.105308e-09 
outer mgc:  1.046746 
iter: 1  value: 11592.56 mgc: 0.2152329 ustep: 1 
iter: 2  value: 11592.56 mgc: 0.0003497874 ustep: 1 
iter: 3  mgc: 2.124972e-09 
iter: 1  value: 11587.68 mgc: 0.2393216 ustep: 1 
iter: 2  value: 11587.68 mgc: 0.0004450988 ustep: 1 
iter: 3  mgc: 2.875542e-09 
iter: 1  mgc: 2.124972e-09 
outer mgc:  1.414479 
iter: 1  value: 11588.27 mgc: 0.2609436 ustep: 1 
iter: 2  value: 11588.27 mgc: 0.001400208 ustep: 1 
iter: 3  value: 11588.27 mgc: 4.520358e-08 ustep: 1 
iter: 4  mgc: 5.107026e-15 
iter: 1  mgc: 5.107026e-15 
outer mgc:  2.341363 
iter: 1  value: 11583.57 mgc: 0.2243462 ustep: 1 
iter: 2  value: 11583.57 mgc: 0.0002023476 ustep: 1 
iter: 3  mgc: 9.519892e-10 
iter: 1  value: 11575.85 mgc: 0.4209813 ustep: 1 
iter: 2  value: 11575.85 mgc: 0.0005318969 ustep: 1 
iter: 3  mgc: 4.499054e-09 
iter: 1  mgc: 4.499054e-09 
outer mgc:  1.84581 
iter: 1  value: 11563.62 mgc: 0.701876 ustep: 1 
iter: 2  value: 11563.62 mgc: 0.002088694 ustep: 1 
iter: 3  value: 11563.62 mgc: 4.753448e-08 ustep: 1 
mgc: 5.051515e-15 
iter: 1  mgc: 5.051515e-15 
outer mgc:  2.234191 
iter: 1  value: 11552.15 mgc: 0.7916171 ustep: 1 
iter: 2  value: 11552.15 mgc: 0.0008648655 ustep: 1 
iter: 3  mgc: 9.530442e-09 
iter: 1  mgc: 9.530442e-09 
outer mgc:  1.842022 
iter: 1  value: 11539.49 mgc: 0.755793 ustep: 1 
iter: 2  value: 11539.49 mgc: 0.0009444289 ustep: 1 
iter: 3  value: 11539.49 mgc: 2.329024e-08 ustep: 1 
mgc: 5.329071e-15 
iter: 1  mgc: 5.329071e-15 
outer mgc:  1.56479 
iter: 1  value: 11527.86 mgc: 0.682216 ustep: 1 
iter: 2  value: 11527.86 mgc: 0.001041906 ustep: 1 
iter: 3  mgc: 6.698525e-09 
iter: 1  value: 11535.54 mgc: 0.2110231 ustep: 1 
iter: 2  value: 11535.54 mgc: 0.0001623443 ustep: 1 
iter: 3  mgc: 1.978373e-10 
iter: 1  mgc: 1.978373e-10 
outer mgc:  0.9352683 
iter: 1  value: 11532.09 mgc: 0.2132153 ustep: 1 
iter: 2  value: 11532.09 mgc: 0.0001030173 ustep: 1 
iter: 3  mgc: 2.519172e-10 
iter: 1  mgc: 2.519172e-10 
outer mgc:  0.8109359 
iter: 1  value: 11528.68 mgc: 0.2632276 ustep: 1 
iter: 2  value: 11528.68 mgc: 0.0001361927 ustep: 1 
iter: 3  mgc: 4.260268e-10 
iter: 1  mgc: 4.260268e-10 
outer mgc:  0.7122438 
iter: 1  value: 11524.97 mgc: 0.2328891 ustep: 1 
iter: 2  value: 11524.97 mgc: 2.851254e-05 ustep: 1 
iter: 3  mgc: 7.460144e-12 
iter: 1  value: 11519.91 mgc: 0.3342765 ustep: 1 
iter: 2  value: 11519.91 mgc: 4.673813e-05 ustep: 1 
iter: 3  mgc: 1.57887e-11 
iter: 1  mgc: 1.57887e-11 
outer mgc:  0.4064093 
iter: 1  value: 11510.65 mgc: 0.6203956 ustep: 1 
iter: 2  value: 11510.65 mgc: 0.0002552849 ustep: 1 
iter: 3  mgc: 5.14301e-10 
iter: 1  mgc: 5.14301e-10 
outer mgc:  0.4884931 
iter: 1  value: 11501.84 mgc: 0.6275374 ustep: 1 
iter: 2  value: 11501.84 mgc: 0.0001511875 ustep: 1 
iter: 3  mgc: 1.100666e-10 
iter: 1  mgc: 1.100666e-10 
outer mgc:  0.1248817 
iter: 1  value: 11493.38 mgc: 0.6447055 ustep: 1 
iter: 2  value: 11493.38 mgc: 9.926717e-05 ustep: 1 
iter: 3  mgc: 4.377476e-11 
iter: 1  value: 11480.96 mgc: 1.008932 ustep: 1 
iter: 2  value: 11480.96 mgc: 0.0001759569 ustep: 1 
iter: 3  mgc: 1.183258e-10 
iter: 1  mgc: 1.183258e-10 
outer mgc:  0.2282485 
iter: 1  value: 11461.88 mgc: 1.942338 ustep: 1 
iter: 2  value: 11461.88 mgc: 0.0002284893 ustep: 1 
iter: 3  mgc: 8.174736e-10 
iter: 1  mgc: 8.174736e-10 
outer mgc:  0.7106568 
iter: 1  value: 11457.8 mgc: 0.3941459 ustep: 1 
iter: 2  value: 11457.8 mgc: 8.077766e-05 ustep: 1 
iter: 3  mgc: 1.57053e-10 
iter: 1  mgc: 1.57053e-10 
outer mgc:  0.1625594 
iter: 1  value: 11453.94 mgc: 0.3963844 ustep: 1 
iter: 2  value: 11453.94 mgc: 2.204115e-05 ustep: 1 
iter: 3  mgc: 1.245315e-11 
iter: 1  mgc: 1.245315e-11 
outer mgc:  0.1825723 
iter: 1  value: 11450.1 mgc: 0.3843842 ustep: 1 
iter: 2  value: 11450.1 mgc: 1.683034e-05 ustep: 1 
iter: 3  mgc: 7.496226e-12 
iter: 1  mgc: 7.496226e-12 
outer mgc:  0.136458 
iter: 1  value: 11442.08 mgc: 0.931054 ustep: 1 
iter: 2  value: 11442.08 mgc: 1.975277e-05 ustep: 1 
iter: 3  mgc: 6.012746e-12 
iter: 1  mgc: 6.012746e-12 
outer mgc:  0.1558503 
iter: 1  value: 11435.02 mgc: 0.9145784 ustep: 1 
iter: 2  value: 11435.02 mgc: 4.429249e-05 ustep: 1 
iter: 3  mgc: 1.914335e-11 
iter: 1  mgc: 1.914335e-11 
outer mgc:  0.1166002 
iter: 1  value: 11418.98 mgc: 2.875612 ustep: 1 
iter: 2  value: 11418.98 mgc: 0.0006138517 ustep: 1 
iter: 3  mgc: 1.726408e-09 
iter: 1  mgc: 1.726408e-09 
outer mgc:  0.1546529 
iter: 1  value: 11405.07 mgc: 2.406553 ustep: 1 
iter: 2  value: 11405.07 mgc: 0.001033714 ustep: 1 
iter: 3  mgc: 6.392013e-09 
iter: 1  mgc: 6.392013e-09 
outer mgc:  0.1046986 
iter: 1  value: 11406.72 mgc: 0.3277797 ustep: 1 
iter: 2  value: 11406.72 mgc: 0.0001928022 ustep: 1 
iter: 3  mgc: 1.941829e-10 
iter: 1  mgc: 1.941829e-10 
outer mgc:  0.04788282 
iter: 1  value: 11403.86 mgc: 0.1967707 ustep: 1 
iter: 2  value: 11403.86 mgc: 1.077053e-05 ustep: 1 
iter: 3  mgc: 1.733502e-12 
iter: 1  mgc: 1.733502e-12 
outer mgc:  0.03527398 
iter: 1  value: 11401.6 mgc: 0.200769 ustep: 1 
iter: 2  value: 11401.6 mgc: 1.25049e-06 ustep: 1 
iter: 3  mgc: 2.287059e-14 
iter: 1  value: 11398.87 mgc: 0.2448566 ustep: 1 
iter: 2  value: 11398.87 mgc: 1.807244e-06 ustep: 1 
iter: 3  mgc: 4.751755e-14 
iter: 1  mgc: 4.751755e-14 
outer mgc:  0.02374967 
iter: 1  value: 11393.81 mgc: 0.4699966 ustep: 1 
iter: 2  value: 11393.81 mgc: 6.69042e-07 ustep: 1 
iter: 3  mgc: 7.327472e-15 
iter: 1  mgc: 7.327472e-15 
outer mgc:  0.01995051 
iter: 1  value: 11378.55 mgc: 1.772103 ustep: 1 
iter: 2  value: 11378.55 mgc: 1.940985e-07 ustep: 1 
iter: 3  mgc: 4.884981e-15 
iter: 1  mgc: 4.884981e-15 
outer mgc:  0.01124842 
iter: 1  value: 11363.31 mgc: 1.772646 ustep: 1 
iter: 2  value: 11363.31 mgc: 7.669043e-07 ustep: 1 
iter: 3  mgc: 9.325873e-15 
iter: 1  mgc: 9.325873e-15 
outer mgc:  0.007856913 
iter: 1  value: 11344.92 mgc: 2.303164 ustep: 1 
iter: 2  value: 11344.92 mgc: 1.355689e-06 ustep: 1 
iter: 3  mgc: 2.642331e-14 
iter: 1  mgc: 2.642331e-14 
outer mgc:  0.0013343 
iter: 1  value: 11330.11 mgc: 1.714206 ustep: 1 
iter: 2  value: 11330.11 mgc: 1.781087e-07 ustep: 1 
iter: 3  mgc: 3.885781e-15 
iter: 1  mgc: 3.885781e-15 
outer mgc:  0.002165985 
iter: 1  value: 11315.3 mgc: 1.714154 ustep: 1 
iter: 2  mgc: 2.955018e-10 
iter: 1  mgc: 2.955018e-10 
outer mgc:  0.002471742 
iter: 1  value: 11297.03 mgc: 2.283766 ustep: 1 
iter: 2  value: 11297.03 mgc: 3.781591e-08 ustep: 1 
iter: 3  mgc: 4.884981e-15 
iter: 1  mgc: 4.884981e-15 
outer mgc:  0.00106113 
iter: 1  value: 11280.13 mgc: 2.049562 ustep: 1 
iter: 2  value: 11280.13 mgc: 2.723616e-08 ustep: 1 
mgc: 4.551914e-15 
iter: 1  mgc: 4.551914e-15 
outer mgc:  0.0002093516 
iter: 1  value: 11263.62 mgc: 1.984785 ustep: 1 
iter: 2  mgc: 3.801719e-09 
iter: 1  mgc: 3.801719e-09 
outer mgc:  0.0006241628 
iter: 1  value: 11247.11 mgc: 1.984806 ustep: 1 
iter: 2  mgc: 1.363032e-10 
iter: 1  mgc: 1.363032e-10 
outer mgc:  0.0004101574 
iter: 1  mgc: 1.363032e-10 
iter: 1  mgc: 1.363032e-10 
outer mgc:  0.0004101574 
iter: 1  value: 11247.11 mgc: 0.003417633 ustep: 1 
iter: 2  value: 11247.11 mgc: 1.614723e-08 ustep: 1 
mgc: 6.217249e-15 
outer mgc:  0.08756544 
iter: 1  value: 11247.1 mgc: 0.003415048 ustep: 1 
iter: 2  value: 11247.1 mgc: 1.612698e-08 ustep: 1 
mgc: 4.773959e-15 
outer mgc:  0.08751535 
iter: 1  value: 11247.11 mgc: 0.001961056 ustep: 1 
iter: 2  value: 11247.11 mgc: 1.061479e-08 ustep: 1 
mgc: 5.329071e-15 
outer mgc:  0.04573806 
iter: 1  value: 11247.11 mgc: 0.001959689 ustep: 1 
iter: 2  value: 11247.11 mgc: 1.060001e-08 ustep: 1 
mgc: 5.329071e-15 
outer mgc:  0.04550393 
iter: 1  value: 11247.1 mgc: 0.004677081 ustep: 1 
iter: 2  value: 11247.1 mgc: 4.8683e-07 ustep: 1 
iter: 3  mgc: 7.993606e-15 
outer mgc:  0.09824752 
iter: 1  value: 11247.11 mgc: 0.004673739 ustep: 1 
iter: 2  value: 11247.11 mgc: 4.87551e-07 ustep: 1 
iter: 3  mgc: 8.21565e-15 
outer mgc:  0.09811965 
iter: 1  value: 11247.1 mgc: 0.00265884 ustep: 1 
iter: 2  value: 11247.1 mgc: 1.548834e-07 ustep: 1 
iter: 3  mgc: 3.996803e-15 
outer mgc:  0.05592241 
iter: 1  value: 11247.11 mgc: 0.002657509 ustep: 1 
iter: 2  value: 11247.11 mgc: 1.548998e-07 ustep: 1 
iter: 3  mgc: 4.440892e-15 
outer mgc:  0.05655942 
iter: 1  value: 11247.11 mgc: 0.003652111 ustep: 1 
iter: 2  value: 11247.11 mgc: 5.830505e-08 ustep: 1 
iter: 3  mgc: 4.996004e-15 
outer mgc:  0.09736388 
iter: 1  value: 11247.11 mgc: 0.003649892 ustep: 1 
iter: 2  value: 11247.11 mgc: 5.820586e-08 ustep: 1 
iter: 3  mgc: 3.996803e-15 
outer mgc:  0.09803611 
iter: 1  value: 11247.11 mgc: 0.001482779 ustep: 1 
iter: 2  value: 11247.11 mgc: 1.36312e-08 ustep: 1 
mgc: 4.218847e-15 
outer mgc:  0.03370185 
iter: 1  value: 11247.11 mgc: 0.001481603 ustep: 1 
iter: 2  value: 11247.11 mgc: 1.360616e-08 ustep: 1 
mgc: 6.217249e-15 
outer mgc:  0.03378135 
iter: 1  value: 11247.1 mgc: 0.001831429 ustep: 1 
iter: 2  value: 11247.1 mgc: 4.46364e-08 ustep: 1 
iter: 3  mgc: 4.440892e-15 
outer mgc:  0.05084009 
iter: 1  value: 11247.11 mgc: 0.001829924 ustep: 1 
iter: 2  value: 11247.11 mgc: 4.45404e-08 ustep: 1 
iter: 3  mgc: 4.884981e-15 
outer mgc:  0.04998402 
iter: 1  value: 11247.1 mgc: 0.000536722 ustep: 1 
iter: 2  mgc: 4.849485e-09 
outer mgc:  0.01447608 
iter: 1  value: 11247.11 mgc: 0.0005362238 ustep: 1 
iter: 2  mgc: 4.83908e-09 
outer mgc:  0.01381528 
iter: 1  value: 11247.11 mgc: 0.006330771 ustep: 1 
iter: 2  value: 11247.11 mgc: 2.171072e-07 ustep: 1 
iter: 3  mgc: 4.440892e-15 
outer mgc:  0.1243545 
iter: 1  value: 11247.1 mgc: 0.006329459 ustep: 1 
iter: 2  value: 11247.1 mgc: 2.181501e-07 ustep: 1 
iter: 3  mgc: 4.884981e-15 
outer mgc:  0.1251013 
iter: 1  value: 11247.11 mgc: 0.003579737 ustep: 1 
iter: 2  value: 11247.11 mgc: 9.275433e-08 ustep: 1 
iter: 3  mgc: 4.773959e-15 
outer mgc:  0.09758665 
iter: 1  value: 11247.1 mgc: 0.003579964 ustep: 1 
iter: 2  value: 11247.1 mgc: 9.267514e-08 ustep: 1 
iter: 3  mgc: 5.634382e-15 
outer mgc:  0.09726734 
iter: 1  value: 11247.13 mgc: 0.002119978 ustep: 1 
mgc: 6.661338e-15 
outer mgc:  0.0004101572 
iter: 1  value: 11247.08 mgc: 0.002122099 ustep: 1 
mgc: 3.996803e-15 
outer mgc:  0.0004101575 
iter: 1  value: 11247.12 mgc: 0.003179173 ustep: 1 
iter: 2  value: 11247.12 mgc: 1.945571e-07 ustep: 1 
iter: 3  mgc: 5.329071e-15 
outer mgc:  0.006889276 
iter: 1  value: 11247.09 mgc: 0.003182354 ustep: 1 
iter: 2  value: 11247.09 mgc: 1.94554e-07 ustep: 1 
iter: 3  mgc: 5.551115e-15 
outer mgc:  0.006566485 
iter: 1  value: 11247.13 mgc: 0.003162536 ustep: 1 
iter: 2  value: 11247.13 mgc: 1.893514e-08 ustep: 1 
mgc: 4.662937e-15 
outer mgc:  0.001684967 
iter: 1  value: 11247.08 mgc: 0.0031657 ustep: 1 
iter: 2  value: 11247.08 mgc: 1.889902e-08 ustep: 1 
mgc: 5.107026e-15 
outer mgc:  0.001359182 
iter: 1  value: 11247.13 mgc: 0.001945661 ustep: 1 
iter: 2  value: 11247.13 mgc: 4.076778e-08 ustep: 1 
iter: 3  mgc: 4.440892e-15 
outer mgc:  0.001904085 
iter: 1  value: 11247.08 mgc: 0.001947608 ustep: 1 
iter: 2  value: 11247.08 mgc: 4.069213e-08 ustep: 1 
iter: 3  mgc: 4.884981e-15 
outer mgc:  0.001303365 
iter: 1  value: 11247.12 mgc: 0.003379363 ustep: 1 
iter: 2  value: 11247.12 mgc: 5.074591e-08 ustep: 1 
iter: 3  mgc: 4.662937e-15 
outer mgc:  0.005812993 
iter: 1  value: 11247.09 mgc: 0.003382744 ustep: 1 
iter: 2  value: 11247.09 mgc: 5.07084e-08 ustep: 1 
iter: 3  mgc: 5.717649e-15 
outer mgc:  0.005489963 
iter: 1  value: 11247.09 mgc: 0.004080845 ustep: 1 
iter: 2  value: 11247.09 mgc: 3.496147e-07 ustep: 1 
iter: 3  mgc: 4.32987e-15 
outer mgc:  0.1531658 
iter: 1  value: 11247.12 mgc: 0.00407847 ustep: 1 
iter: 2  value: 11247.12 mgc: 3.492489e-07 ustep: 1 
iter: 3  mgc: 5.495604e-15 
outer mgc:  0.1534706 
[Sun Aug 15 23:35:37 2021]
Finished job 0.
1 of 1 steps (100%) done
